Sequence		tRNA    	Bounds  	tRNA	Anti	Intron Bounds	Inf	HMM	2'Str	Hit	Isotype	Isotype	      
Name    	tRNA#	Begin   	End     	Type	Codon	Begin	End	Score	Score	Score	Origin	CM	Score	Note
--------	------	-----   	------  	----	-----	-----	----	------	-----	-----	------	-------	-------	------
pseudo0	1	3752881	3752952	Gln	CTG	0	0	75.3	51.20	24.10	Inf	Gln	106.0	high confidence set
pseudo0	2	4106589	4106669	Leu	CAG	0	0	69.5	46.80	22.70	Inf	Leu	109.7	high confidence set
pseudo0	3	5096580	5096652	Ala	CGC	0	0	68.3	44.10	24.20	Inf	Ala	99.2	high confidence set
pseudo0	20	6279972	6280043	Pro	AGG	0	0	67.4	34.70	32.70	Inf	Pro	112.3	high confidence set
pseudo0	21	6559963	6560034	Asn	GTT	0	0	79.0	56.70	22.30	Inf	Asn	79.2	high confidence set
pseudo0	22	6876046	6876118	Ala	AGC	0	0	63.4	38.20	25.20	Inf	Ala	98.3	high confidence set
pseudo0	23	7072267	7072338	Asp	GTC	0	0	69.8	46.80	23.00	Inf	Asp	95.8	high confidence set
pseudo0	25	7923911	7923983	Lys	CTT	0	0	86.8	66.60	20.20	Inf	Lys	107.7	high confidence set
pseudo0	26	9408328	9408398	Cys	GCA	0	0	67.3	35.70	31.60	Inf	Gln	74.0	IPD:-1.60,isotype mismatch
pseudo0	27	9413810	9413881	Thr	GGT	0	0	61.0	28.80	32.20	Inf	Thr	73.7	unexpected anticodon
pseudo0	28	10081045	10081118	Met	CAT	0	0	61.6	37.10	24.50	Inf	Met	72.4	high confidence set
pseudo0	29	10853787	10853860	Asn	GTT	0	0	83.9	58.50	25.40	Inf	Asn	97.4	high confidence set
pseudo0	30	11600686	11600759	Ile	GAT	0	0	77.3	44.70	32.60	Inf	Thr	85.2	IPD:-14.80,isotype mismatch
pseudo0	31	11600860	11600932	Ala	TGC	0	0	72.5	44.50	28.00	Inf	Ala	81.2	high confidence set
pseudo0	33	10706859	10706787	Phe	GAA	0	0	71.4	44.50	26.90	Inf	Thr	74.5	IPD:-2.90,isotype mismatch
pseudo0	34	10081399	10081329	Gly	GCC	0	0	70.5	40.40	30.10	Inf	His	73.7	IPD:-5.00,isotype mismatch
pseudo0	36	8113808	8113735	Thr	AGT	0	0	73.6	45.20	28.40	Inf	Thr	88.6	high confidence set
pseudo0	39	6560708	6560630	Arg	ACG	0	0	56.5	44.90	11.60	Inf	Ile	73.7	IPD:-23.30,isotype mismatch
pseudo0	40	6032195	6032124	Thr	CGT	0	0	80.5	54.30	26.20	Inf	Thr	87.3	high confidence set
pseudo0	41	2895505	2895434	His	GTG	0	0	63.0	33.70	29.30	Inf	His	91.2	high confidence set
pseudo1	1	826088	826160	Ala	TGC	0	0	70.0	45.30	24.70	Inf	Ala	100.6	high confidence set
pseudo1	2	1174926	1174997	Trp	CCA	0	0	75.8	51.20	24.60	Inf	Trp	105.6	high confidence set
pseudo1	3	3406850	3406923	Ile	AAT	0	0	81.8	58.30	23.50	Inf	Ile	106.8	high confidence set
pseudo1	4	5426916	5426989	Asn	GTT	0	0	83.9	58.50	25.40	Inf	Asn	97.4	high confidence set
pseudo1	5	5285828	5285744	Met	CAT	5285790	5285780	64.3	40.80	23.50	Inf	Met	104.0	high confidence set
pseudo1	6	5086124	5086043	Ser	AGA	0	0	75.4	38.50	36.90	Inf	Ser	107.6	high confidence set
pseudo1	7	3232643	3232571	Ala	AGC	0	0	63.4	38.20	25.20	Inf	Ala	98.3	high confidence set
pseudo1	8	2268434	2268363	His	GTG	0	0	59.3	30.00	29.30	Inf	His	83.0	high confidence set
pseudo1	9	492469	492397	Phe	GAA	0	0	78.3	58.40	19.90	Inf	Phe	113.2	high confidence set
pseudo2	1	157378	157450	Arg	CCT	0	0	74.8	55.90	18.90	Inf	Arg	84.6	high confidence set
pseudo2	2	4845444	4845525	Ser	AGA	0	0	79.5	43.70	35.80	Inf	Ser	113.0	high confidence set
pseudo2	3	6304762	6304834	Ala	TGC	0	0	70.0	45.30	24.70	Inf	Ala	100.6	high confidence set
pseudo2	5	8362091	8362019	Arg	TCT	0	0	68.5	50.60	17.90	Inf	Arg	98.8	high confidence set
pseudo2	6	2691687	2691607	Leu	AAG	0	0	74.0	52.20	21.80	Inf	Leu	110.4	high confidence set
pseudo2	7	718212	718142	Gly	GCC	0	0	66.5	44.80	21.70	Inf	Gly	94.4	high confidence set
pseudo3	1	1252032	1252105	Glu	TTC	0	0	63.6	40.40	23.20	Inf	Glu	93.9	high confidence set
pseudo3	2	1585325	1585397	Lys	CTT	0	0	86.8	66.60	20.20	Inf	Lys	107.7	high confidence set
pseudo3	3	1633365	1633436	Pro	CGG	0	0	68.5	36.10	32.40	Inf	Pro	108.5	high confidence set
pseudo3	4	2179962	2180035	Glu	TTC	0	0	64.1	37.70	26.40	Inf	Glu	91.0	high confidence set
pseudo3	5	8097019	8097092	Thr	AGT	0	0	75.0	47.40	27.60	Inf	Thr	89.8	high confidence set
pseudo3	6	8699708	8699636	Arg	TCT	0	0	61.5	50.20	11.30	Inf	Arg	90.1	high confidence set
pseudo3	7	8648367	8648287	Leu	AAG	0	0	74.0	52.20	21.80	Inf	Leu	110.4	high confidence set
pseudo3	8	8124286	8124215	Asp	GTC	0	0	69.8	46.80	23.00	Inf	Asp	95.8	high confidence set
pseudo3	14	2706510	2706437	Asn	GTT	0	0	71.9	58.10	13.80	Inf	Asn	84.5	high confidence set
pseudo3	16	1442349	1442278	Pro	TGG	0	0	68.5	35.70	32.80	Inf	Pro	111.2	high confidence set
pseudo3	17	1305153	1305081	Arg	ACG	0	0	71.7	49.10	22.60	Inf	Arg	91.4	high confidence set
pseudo4	1	785381	785453	Arg	CCT	0	0	69.0	52.10	16.90	Inf	Arg	71.2	high confidence set
pseudo4	2	5986745	5986816	Thr	TGT	0	0	84.3	58.00	26.30	Inf	Thr	93.3	high confidence set
pseudo4	3	7759807	7759888	Ser	GCT	0	0	80.5	45.20	35.30	Inf	Ser	109.5	high confidence set
pseudo4	4	8375352	8375281	Gln	TTG	0	0	75.8	55.40	20.40	Inf	Gln	105.2	high confidence set
pseudo4	5	6061865	6061784	Ser	CGA	0	0	79.9	44.20	35.70	Inf	Ser	119.1	high confidence set
pseudo4	6	5323836	5323764	Lys	CTT	0	0	86.8	66.60	20.20	Inf	Lys	107.7	high confidence set
pseudo4	7	2463157	2463077	Leu	CAG	0	0	69.5	46.80	22.70	Inf	Leu	109.7	high confidence set
pseudo4	8	503617	503546	Trp	CCA	0	0	75.8	51.20	24.60	Inf	Trp	105.6	high confidence set
pseudo5	1	670138	670210	Ala	AGC	0	0	63.4	38.20	25.20	Inf	Ala	98.3	high confidence set
pseudo5	3	6118266	6118336	Gly	GCC	0	0	66.5	44.80	21.70	Inf	Gly	94.4	high confidence set
pseudo5	4	6261735	6261807	Ala	AGC	0	0	63.4	38.20	25.20	Inf	Ala	98.3	high confidence set
pseudo5	5	5648337	5648245	Tyr	GTA	5648300	5648281	74.2	43.10	31.10	Inf	Tyr	111.8	high confidence set
pseudo5	6	5423224	5423141	Met	CAT	5423186	5423177	64.3	40.80	23.50	Inf	Met	104.0	high confidence set
pseudo6	1	353459	353530	Pro	TGG	0	0	68.5	35.70	32.80	Inf	Pro	111.2	high confidence set
pseudo6	2	379704	379784	Ser	TGA	0	0	82.2	47.10	35.10	Inf	Ser	113.7	high confidence set
pseudo6	3	4767357	4767429	Ala	CGC	0	0	68.3	44.10	24.20	Inf	Ala	99.2	high confidence set
pseudo6	4	4962667	4962739	Arg	ACG	0	0	72.9	50.30	22.60	Inf	Arg	91.8	high confidence set
pseudo6	5	5775312	5775385	Ile	AAT	0	0	81.8	58.30	23.50	Inf	Ile	106.8	high confidence set
pseudo6	6	5905326	5905398	Arg	CCG	0	0	79.3	59.50	19.80	Inf	Arg	85.3	high confidence set
pseudo6	7	6220651	6220721	Gly	CCC	0	0	65.4	28.10	37.30	Inf	Gly	85.4	high confidence set
pseudo6	8	6223462	6223391	iMet	CAT	0	0	58.3	28.10	30.20	Inf	iMet	118.7	high confidence set
pseudo6	9	5245429	5245356	Ile	AAT	0	0	81.8	58.30	23.50	Inf	Ile	106.8	high confidence set
pseudo6	10	3819978	3819907	Gly	TCC	0	0	68.5	44.10	24.40	Inf	Gly	80.6	high confidence set
pseudo6	11	1226766	1226695	Cys	GCA	0	0	82.1	59.90	22.20	Inf	Cys	106.6	high confidence set
pseudo6	12	354033	353962	Pro	AGG	0	0	67.4	34.70	32.70	Inf	Pro	112.3	high confidence set
pseudo6	13	215112	215028	Tyr	GTA	215075	215064	74.5	43.00	31.50	Inf	Tyr	111.8	high confidence set
pseudo7	1	4676867	4676785	Leu	TAA	0	0	71.9	38.80	33.10	Inf	Leu	98.7	high confidence set
pseudo7	2	3496179	3496100	Leu	TAG	0	0	69.5	48.50	21.00	Inf	Leu	111.5	high confidence set
pseudo7	3	872406	872323	Leu	CAA	0	0	80.5	54.00	26.50	Inf	Leu	128.6	high confidence set
pseudo7	4	315821	315741	Ser	TGA	0	0	82.2	47.10	35.10	Inf	Ser	113.7	high confidence set
pseudo8	2	1050680	1050761	Ser	AGA	0	0	79.5	43.70	35.80	Inf	Ser	113.0	high confidence set
pseudo8	4	2719549	2719620	Ala	AGC	0	0	54.4	31.20	23.20	Inf	Ala	83.1	trunc_start:1,high confidence set
pseudo8	5	3501801	3501881	Leu	CAG	0	0	69.5	46.80	22.70	Inf	Leu	109.7	high confidence set
pseudo8	6	3992822	3992752	Gly	GCC	0	0	66.5	44.80	21.70	Inf	Gly	94.4	high confidence set
pseudo9	1	2023174	2023245	Trp	CCA	0	0	75.8	51.20	24.60	Inf	Trp	105.6	high confidence set
pseudo9	2	2471053	2471132	Leu	TAG	0	0	69.5	48.50	21.00	Inf	Leu	111.5	high confidence set
pseudo9	3	2486906	2486977	Pro	TGG	0	0	70.6	37.90	32.70	Inf	Pro	107.5	high confidence set
pseudo9	4	2488208	2488279	Pro	CGG	0	0	68.5	36.10	32.40	Inf	Pro	108.5	high confidence set
pseudo9	5	4754617	4754690	Thr	AGT	0	0	72.0	43.50	28.50	Inf	Thr	88.7	high confidence set
pseudo9	6	4712406	4712333	Lys	TTT	0	0	72.0	54.40	17.60	Inf	Lys	77.6	high confidence set
pseudo9	7	2766100	2766029	Gln	CTG	0	0	75.3	51.20	24.10	Inf	Gln	106.0	high confidence set
pseudo9	8	1236898	1236827	Asp	GTC	0	0	69.8	46.80	23.00	Inf	Asp	95.8	high confidence set
pseudo9	9	512436	512365	Gly	TCC	0	0	73.9	46.20	27.70	Inf	Gly	85.6	high confidence set
pseudo10	1	1035975	1036047	Ala	AGC	0	0	63.4	38.20	25.20	Inf	Ala	98.3	high confidence set
pseudo10	3	2119171	2119242	Trp	CCA	0	0	75.8	51.20	24.60	Inf	Trp	105.6	high confidence set
pseudo11	4	875340	875421	Ser	GCT	0	0	79.8	44.50	35.30	Inf	Ser	109.1	high confidence set
pseudo11	5	3862403	3862476	Ile	TAT	0	0	85.9	70.60	15.30	Inf	Ile	103.9	high confidence set
pseudo11	6	4437302	4437374	Phe	GAA	0	0	78.3	58.40	19.90	Inf	Phe	113.2	high confidence set
pseudo11	7	4544805	4544733	Arg	CCG	0	0	67.8	49.10	18.70	Inf	Arg	93.5	high confidence set
pseudo11	8	4502413	4502341	Arg	CCT	0	0	73.0	58.90	14.10	Inf	Ile	76.4	IPD:-2.30,isotype mismatch
pseudo11	9	4412969	4412896	Ile	AAT	0	0	76.4	57.80	18.60	Inf	Ile	101.6	high confidence set
pseudo11	10	3951369	3951296	Val	CAC	0	0	81.5	53.50	28.00	Inf	Val	100.3	high confidence set
pseudo11	11	3641711	3641638	Ile	AAT	0	0	81.8	58.30	23.50	Inf	Ile	106.8	high confidence set
pseudo11	12	3303225	3303152	Val	TAC	0	0	77.4	43.40	34.00	Inf	Val	103.5	high confidence set
pseudo12	1	3019509	3019580	Asp	GTC	0	0	69.8	46.80	23.00	Inf	Asp	95.8	high confidence set
pseudo12	2	4568683	4568755	Glu	CTC	0	0	78.9	53.10	25.80	Inf	Glu	94.8	high confidence set
pseudo12	3	4068638	4068565	Val	AAC	0	0	71.9	47.60	24.30	Inf	Val	91.0	high confidence set
pseudo12	4	1109234	1109161	Thr	AGT	0	0	76.5	48.00	28.50	Inf	Thr	90.4	high confidence set
pseudo13	1	239263	239334	Pro	AGG	0	0	67.4	34.70	32.70	Inf	Pro	112.3	high confidence set
pseudo13	2	626148	626220	Arg	TCT	0	0	68.5	50.60	17.90	Inf	Arg	98.8	high confidence set
pseudo13	3	4211282	4211354	Lys	TTT	0	0	92.1	68.40	23.70	Inf	Lys	101.1	high confidence set
pseudo13	4	756365	756294	Thr	TGT	0	0	79.3	49.30	30.00	Inf	Thr	92.3	high confidence set
pseudo13	5	376988	376916	Phe	GAA	0	0	78.3	58.40	19.90	Inf	Phe	113.2	high confidence set
pseudo13	6	277793	277713	Ser	CGA	0	0	75.7	42.40	33.30	Inf	Ser	115.5	high confidence set
pseudo14	1	4040205	4040288	Leu	CAA	0	0	81.0	54.60	26.40	Inf	Leu	125.6	high confidence set
pseudo14	2	602638	602566	Glu	CTC	0	0	78.9	53.10	25.80	Inf	Glu	99.2	high confidence set
pseudo15	1	158582	158655	Glu	TTC	0	0	63.6	40.40	23.20	Inf	Glu	93.9	high confidence set
pseudo15	2	535022	535095	Val	CAC	0	0	81.5	53.50	28.00	Inf	Val	103.7	high confidence set
pseudo15	3	3409491	3409563	Glu	CTC	0	0	78.9	53.10	25.80	Inf	Glu	99.2	high confidence set
pseudo15	4	4094726	4094639	Tyr	GTA	4094689	4094675	74.4	42.90	31.50	Inf	Tyr	111.8	high confidence set
pseudo16	2	2369140	2369213	Ile	TAT	0	0	85.9	70.60	15.30	Inf	Ile	103.9	high confidence set
pseudo16	3	2513393	2513464	Cys	GCA	0	0	82.1	59.90	22.20	Inf	Cys	106.6	high confidence set
pseudo16	4	3078407	3078479	Phe	GAA	0	0	78.3	58.40	19.90	Inf	Phe	113.2	high confidence set
pseudo16	5	3270622	3270706	Met	CAT	3270660	3270670	64.3	40.80	23.50	Inf	Met	104.0	high confidence set
pseudo16	6	1979835	1979763	Ala	CGC	0	0	68.3	44.10	24.20	Inf	Ala	99.2	high confidence set
pseudo16	7	1073587	1073514	Asn	GTT	0	0	83.9	58.50	25.40	Inf	Asn	97.4	high confidence set
pseudo17	1	1806029	1806100	Thr	CGT	0	0	80.5	54.30	26.20	Inf	Thr	87.3	high confidence set
pseudo17	2	3374183	3374111	Phe	GAA	0	0	78.3	58.40	19.90	Inf	Phe	113.2	high confidence set
pseudo17	3	2066455	2066375	Leu	AAG	0	0	74.0	52.20	21.80	Inf	Leu	110.4	high confidence set
pseudo18	2	1831156	1831075	Ser	GCT	0	0	80.5	45.20	35.30	Inf	Ser	109.5	high confidence set
pseudo18	3	1345591	1345520	Gln	CTG	0	0	74.3	49.60	24.70	Inf	Gln	103.3	high confidence set
pseudo19	1	487384	487312	Glu	CTC	0	0	78.9	53.10	25.80	Inf	Glu	99.2	high confidence set
pseudo20	1	3107693	3107622	iMet	CAT	0	0	58.3	28.10	30.20	Inf	iMet	118.7	high confidence set
pseudo21	1	113269	113340	Pro	AGG	0	0	67.4	34.70	32.70	Inf	Pro	112.3	high confidence set
pseudo22	1	2482728	2482799	Cys	GCA	0	0	82.1	59.90	22.20	Inf	Cys	106.6	high confidence set
pseudo22	2	2423153	2423080	Arg	TCG	0	0	83.5	62.20	21.30	Inf	Arg	92.3	high confidence set
pseudo22	3	692192	692119	Asn	GTT	0	0	83.9	58.50	25.40	Inf	Asn	97.4	high confidence set
pseudo23	1	1057622	1057694	Lys	CTT	0	0	86.8	66.60	20.20	Inf	Lys	107.7	high confidence set
pseudo23	2	1266031	1265960	His	GTG	0	0	63.0	33.70	29.30	Inf	His	91.2	high confidence set
pseudo23	3	1199709	1199637	Ala	TGC	0	0	70.0	45.30	24.70	Inf	Ala	100.6	high confidence set
pseudo23	4	474600	474530	Gly	CCC	0	0	66.3	29.50	36.80	Inf	Gly	89.7	high confidence set
pseudo24	1	2340307	2340379	Arg	CCT	0	0	69.1	50.30	18.80	Inf	Arg	81.2	high confidence set
pseudo24	2	421101	421030	iMet	CAT	0	0	58.3	28.10	30.20	Inf	iMet	118.7	high confidence set
pseudo24	3	344704	344633	Asp	GTC	0	0	69.8	46.80	23.00	Inf	Asp	95.8	high confidence set
pseudo25	1	1586805	1586733	Glu	CTC	0	0	78.9	53.10	25.80	Inf	Glu	99.2	high confidence set
pseudo27	1	1749722	1749651	Thr	CGT	0	0	80.5	54.30	26.20	Inf	Thr	87.3	high confidence set
pseudo28	1	193129	193202	Val	CAC	0	0	81.8	53.80	28.00	Inf	Val	102.0	high confidence set
pseudo28	2	1486131	1486204	Val	AAC	0	0	71.9	47.60	24.30	Inf	Val	91.0	high confidence set
pseudo28	3	1759481	1759553	Glu	CTC	0	0	78.9	53.10	25.80	Inf	Glu	99.2	high confidence set
pseudo28	4	1423583	1423510	Val	AAC	0	0	71.9	47.60	24.30	Inf	Val	91.0	high confidence set
pseudo28	5	1295110	1295038	Lys	TTT	0	0	88.7	64.40	24.30	Inf	Lys	93.7	high confidence set
pseudo28	6	907186	907116	Gly	GCC	0	0	66.5	44.80	21.70	Inf	Gly	94.4	high confidence set
pseudo29	1	1324816	1324886	Gly	GCC	0	0	66.5	44.80	21.70	Inf	Gly	94.4	high confidence set
pseudo29	2	1332918	1332989	Asp	GTC	0	0	69.8	46.80	23.00	Inf	Asp	95.8	high confidence set
pseudo29	3	1478116	1478188	Lys	CTT	0	0	86.8	66.60	20.20	Inf	Lys	107.7	high confidence set
pseudo29	4	1573284	1573354	Gly	GCC	0	0	66.5	44.80	21.70	Inf	Gly	94.4	high confidence set
pseudo29	5	1706387	1706457	Gly	CCC	0	0	65.4	28.10	37.30	Inf	Gly	85.4	high confidence set
pseudo29	6	1321627	1321554	Arg	TCG	0	0	81.9	60.40	21.50	Inf	Arg	92.9	high confidence set
pseudo29	7	937856	937785	Asp	GTC	0	0	69.8	46.80	23.00	Inf	Asp	95.8	high confidence set
pseudo29	8	507517	507445	Arg	ACG	0	0	71.7	49.10	22.60	Inf	Arg	91.4	high confidence set
pseudo32	1	535911	536005	Tyr	GTA	535948	535969	59.4	26.80	32.60	Inf	Tyr	100.1	high confidence set
pseudo32	2	758211	758139	Glu	CTC	0	0	78.9	53.10	25.80	Inf	Glu	99.2	high confidence set
pseudo32	3	340968	340896	Arg	CCG	0	0	65.5	47.30	18.20	Inf	Arg	91.7	high confidence set
