Sequence    		tRNA  	Bounds	tRNA	Anti	Intron Bounds	Inf	HMM	2'Str	Hit	      
Name        	tRNA #	Begin 	End   	Type	Codon	Begin	End	Score	Score	Score	Origin	Note
--------    	------	----- 	------	----	-----	-----	----	------	-----	-----	------	------
NC_041528.1 	1	10367 	10438 	Arg	TCT	0	0	67.2	38.60	28.60	Inf	
NC_041528.1 	2	28631 	28701 	Cys	GCA	0	0	64.1	41.70	22.40	Inf	
NC_041528.1 	3	33325 	33396 	Thr	GGT	0	0	66.8	35.30	31.50	Inf	
NC_041528.1 	4	38274 	38344 	Gly	GCC	0	0	62.5	43.50	19.00	Inf	
NC_041528.1 	5	46857 	46943 	Ser	GGA	0	0	72.2	45.60	26.60	Inf	
NC_041528.1 	6	49992 	50064 	Phe	GAA	0	0	68.5	46.00	22.50	Inf	
NC_041528.1 	7	54157 	54229 	Met	CAT	0	0	56.7	34.20	22.50	Inf	
NC_041528.1 	8	65790 	65863 	Pro	TGG	0	0	65.6	40.90	24.70	Inf	
NC_041528.1 	9	66042 	66115 	Trp	CCA	0	0	71.9	42.90	29.00	Inf	
NC_041528.1 	10	75930 	76000 	Gly	GCC	0	0	62.5	43.50	19.00	Inf	
NC_041528.1 	11	85554 	85625 	Asn	GTT	0	0	72.5	46.50	26.00	Inf	
NC_041528.1 	12	107535	107606	Val	GAC	0	0	52.1	27.10	25.00	Inf	
NC_041528.1 	13	109620	109707	Ile	GAT	109656	109680	16.0	0.00	16.00	Inf	
NC_041528.1 	14	110679	110783	Ala	TGC	110716	110755	16.3	30.00	-13.70	Inf	
NC_041528.1 	15	111444	111542	Pro	CGG	111479	111503	15.6	0.00	15.60	Inf	
NC_041528.1 	16	115292	115365	Arg	ACG	0	0	59.1	42.70	16.40	Inf	
NC_041528.1 	17	121128	121207	Leu	TAG	0	0	58.1	28.80	29.30	Inf	
NC_041528.1 	18	136515	136586	Asn	GTT	0	0	72.5	46.50	26.00	Inf	
NC_041528.1 	19	152909	152979	Gly	GCC	0	0	50.0	42.90	7.10	Inf	
NC_041528.1 	20	153603	153683	Leu	CAA	0	0	65.7	34.30	31.40	Inf	
NC_041528.1 	21	160566	160639	Met	CAT	0	0	64.4	42.70	21.70	Inf	
NC_041528.1 	22	160698	160770	Lys	CTT	0	0	61.6	40.00	21.60	Inf	
NC_041528.1 	23	145014	144943	Val	GAC	0	0	52.1	27.10	25.00	Inf	
NC_041528.1 	24	142929	142842	Ile	GAT	142893	142869	16.0	0.00	16.00	Inf	
NC_041528.1 	25	141870	141766	Ala	TGC	141833	141794	16.3	30.00	-13.70	Inf	
NC_041528.1 	26	141105	141007	Pro	CGG	141070	141046	15.6	0.00	15.60	Inf	
NC_041528.1 	27	137257	137184	Arg	ACG	0	0	59.1	42.70	16.40	Inf	
NC_041528.1 	28	116034	115963	Asn	GTT	0	0	72.5	46.50	26.00	Inf	
NC_041528.1 	29	99640 	99570 	Gly	GCC	0	0	50.0	42.90	7.10	Inf	
NC_041528.1 	30	98946 	98866 	Leu	CAA	0	0	65.7	34.30	31.40	Inf	
NC_041528.1 	31	91983 	91910 	Met	CAT	0	0	64.4	42.70	21.70	Inf	
NC_041528.1 	32	91851 	91779 	Lys	CTT	0	0	61.6	40.00	21.60	Inf	
NC_041528.1 	33	48302 	48230 	Thr	TGT	0	0	67.6	45.80	21.80	Inf	
NC_041528.1 	34	38604 	38531 	Met	CAT	0	0	63.3	37.00	26.30	Inf	
NC_041528.1 	35	37421 	37329 	Ser	TGA	0	0	74.6	47.30	27.30	Inf	
NC_041528.1 	36	32625 	32553 	Glu	TTC	0	0	53.9	28.90	25.00	Inf	
NC_041528.1 	37	32537 	32454 	Tyr	GTA	0	0	63.7	42.00	21.70	Inf	
NC_041528.1 	38	32062 	31989 	Asp	GTC	0	0	67.0	49.50	17.50	Inf	
NC_041528.1 	39	8977  	8890  	Ser	GCT	0	0	74.5	51.30	23.20	Inf	
NC_041528.1 	40	7694  	7623  	Gln	TTG	0	0	53.3	32.90	20.40	Inf	
NC_041528.1 	41	332   	259   	His	GTG	0	0	60.7	42.60	18.10	Inf	
