Sequence    		tRNA  	Bounds	tRNA	Anti	Intron Bounds	Inf	HMM	2'Str	Hit	      
Name        	tRNA #	Begin 	End   	Type	Codon	Begin	End	Score	Score	Score	Origin	Note
--------    	------	----- 	------	----	-----	-----	----	------	-----	-----	------	------
NC_037358.1 	1	15155 	15227 	Thr	TGT	0	0	66.3	47.50	18.80	Inf	
NC_037358.1 	2	24665 	24738 	Met	CAT	0	0	66.9	38.60	28.30	Inf	
NC_037358.1 	3	26248 	26339 	Ser	TGA	0	0	78.9	48.20	30.70	Inf	
NC_037358.1 	4	31445 	31517 	Glu	TTC	0	0	53.1	28.00	25.10	Inf	
NC_037358.1 	5	31578 	31661 	Tyr	GTA	0	0	63.7	42.00	21.70	Inf	
NC_037358.1 	6	32174 	32247 	Asp	GTC	0	0	67.0	49.50	17.50	Inf	
NC_037358.1 	7	55069 	55155 	Ser	GCT	0	0	73.1	51.80	21.30	Inf	
NC_037358.1 	8	56645 	56716 	Gln	TTG	0	0	51.5	33.20	18.30	Inf	
NC_037358.1 	9	102324	102395	Val	GAC	0	0	55.5	28.70	26.80	Inf	
NC_037358.1 	10	105493	105597	Ala	TGC	105530	105569	15.7	30.00	-14.30	Inf	
NC_037358.1 	11	110146	110219	Arg	ACG	0	0	57.7	41.30	16.40	Inf	
NC_037358.1 	12	115503	115582	Leu	TAG	0	0	58.5	30.00	28.50	Inf	
NC_037358.1 	13	131405	131476	Asn	GTT	0	0	68.2	44.80	23.40	Inf	
NC_037358.1 	14	146393	146473	Leu	CAA	0	0	62.3	34.40	27.90	Inf	
NC_037358.1 	15	153999	154072	Met	CAT	0	0	70.4	43.60	26.80	Inf	
NC_037358.1 	16	140014	139943	Val	GAC	0	0	55.5	28.70	26.80	Inf	
NC_037358.1 	17	136845	136741	Ala	TGC	136808	136769	15.7	30.00	-14.30	Inf	
NC_037358.1 	18	132192	132119	Arg	ACG	0	0	57.7	41.30	16.40	Inf	
NC_037358.1 	19	110933	110862	Asn	GTT	0	0	68.2	44.80	23.40	Inf	
NC_037358.1 	20	95945 	95865 	Leu	CAA	0	0	62.3	34.40	27.90	Inf	
NC_037358.1 	21	88339 	88266 	Met	CAT	0	0	70.4	43.60	26.80	Inf	
NC_037358.1 	22	67276 	67203 	Pro	TGG	0	0	65.6	40.90	24.70	Inf	
NC_037358.1 	23	67009 	66936 	Trp	CCA	0	0	68.7	42.90	25.80	Inf	
NC_037358.1 	24	53274 	53203 	Arg	TCT	0	0	67.2	38.60	28.60	Inf	
NC_037358.1 	25	34368 	34298 	Cys	GCA	0	0	59.3	40.40	18.90	Inf	
NC_037358.1 	26	30633 	30562 	Thr	GGT	0	0	65.9	36.40	29.50	Inf	
NC_037358.1 	27	24930 	24860 	Gly	GCC	0	0	63.0	44.00	19.00	Inf	
NC_037358.1 	28	16410 	16323 	Ser	GGA	0	0	75.3	45.80	29.50	Inf	
NC_037358.1 	29	13225 	13153 	Phe	GAA	0	0	67.1	44.50	22.60	Inf	
NC_037358.1 	30	9442  	9370  	Met	CAT	0	0	61.3	37.40	23.90	Inf	
NC_037358.1 	31	138   	65    	His	GTG	0	0	62.8	44.70	18.10	Inf	
