Sequence   		tRNA  	Bounds	tRNA	Anti	Intron Bounds	Inf	HMM	2'Str	Hit	      
Name       	tRNA #	Begin 	End   	Type	Codon	Begin	End	Score	Score	Score	Origin	Note
--------   	------	----- 	------	----	-----	-----	----	------	-----	-----	------	------
KY635877.1 	1	11492 	11563 	Arg	TCT	0	0	65.5	36.90	28.60	Inf	
KY635877.1 	2	29739 	29809 	Cys	GCA	0	0	61.3	36.20	25.10	Inf	
KY635877.1 	3	33976 	34047 	Thr	GGT	0	0	68.2	36.70	31.50	Inf	
KY635877.1 	4	39323 	39393 	Gly	GCC	0	0	64.2	45.20	19.00	Inf	
KY635877.1 	5	48380 	48466 	Ser	GGA	0	0	73.6	47.00	26.60	Inf	
KY635877.1 	6	51749 	51821 	Phe	GAA	0	0	67.1	44.50	22.60	Inf	
KY635877.1 	7	55404 	55476 	Met	CAT	0	0	59.5	35.70	23.80	Inf	
KY635877.1 	8	110406	110477	Val	GAC	0	0	58.9	28.60	30.30	Inf	
KY635877.1 	9	112513	112600	Ile	GAT	112549	112564	16.4	0.00	16.40	Inf	
KY635877.1 	10	113608	113712	Ala	TGC	113645	113684	16.3	30.00	-13.70	Inf	
KY635877.1 	11	118331	118404	Arg	ACG	0	0	57.7	41.30	16.40	Inf	
KY635877.1 	12	125108	125187	Leu	TAG	0	0	57.3	28.70	28.60	Inf	
KY635877.1 	13	140941	141012	Asn	GTT	0	0	68.2	44.80	23.40	Inf	
KY635877.1 	14	155767	155847	Leu	CAA	0	0	62.3	34.40	27.90	Inf	
KY635877.1 	15	170000	170073	Met	CAT	0	0	70.4	43.60	26.80	Inf	
KY635877.1 	16	149521	149450	Val	GAC	0	0	58.9	28.60	30.30	Inf	
KY635877.1 	17	147414	147327	Ile	GAT	147378	147363	16.4	0.00	16.40	Inf	
KY635877.1 	18	146319	146215	Ala	TGC	146282	146243	16.3	30.00	-13.70	Inf	
KY635877.1 	19	141596	141523	Arg	ACG	0	0	57.7	41.30	16.40	Inf	
KY635877.1 	20	118986	118915	Asn	GTT	0	0	68.2	44.80	23.40	Inf	
KY635877.1 	21	104160	104080	Leu	CAA	0	0	62.3	34.40	27.90	Inf	
KY635877.1 	22	89927 	89854 	Met	CAT	0	0	70.4	43.60	26.80	Inf	
KY635877.1 	23	70188 	70115 	Pro	TGG	0	0	65.6	40.90	24.70	Inf	
KY635877.1 	24	69941 	69868 	Trp	CCA	0	0	68.7	42.90	25.80	Inf	
KY635877.1 	25	49797 	49725 	Thr	TGT	0	0	65.8	47.60	18.20	Inf	
KY635877.1 	26	39623 	39550 	Met	CAT	0	0	66.0	37.60	28.40	Inf	
KY635877.1 	27	38357 	38265 	Ser	TGA	0	0	74.8	47.70	27.10	Inf	
KY635877.1 	28	33142 	33070 	Glu	TTC	0	0	53.1	28.00	25.10	Inf	
KY635877.1 	29	33010 	32927 	Tyr	GTA	0	0	62.3	40.60	21.70	Inf	
KY635877.1 	30	32524 	32451 	Asp	GTC	0	0	67.0	49.50	17.50	Inf	
KY635877.1 	31	9769  	9682  	Ser	GCT	0	0	74.6	51.50	23.10	Inf	
KY635877.1 	32	8493  	8422  	Gln	TTG	0	0	58.9	38.10	20.80	Inf	
KY635877.1 	33	112   	39    	His	GTG	0	0	59.3	41.20	18.10	Inf	
