Sequence    		tRNA  	Bounds	tRNA	Anti	Intron Bounds	Inf	HMM	2'Str	Hit	      
Name        	tRNA #	Begin 	End   	Type	Codon	Begin	End	Score	Score	Score	Origin	Note
--------    	------	----- 	------	----	-----	-----	----	------	-----	-----	------	------
NC_000932.1 	1	9590  	9661  	Arg	TCT	0	0	63.8	40.10	23.70	Inf	
NC_000932.1 	2	27373 	27443 	Cys	GCA	0	0	64.1	41.70	22.40	Inf	
NC_000932.1 	3	31369 	31440 	Thr	GGT	0	0	65.9	36.40	29.50	Inf	
NC_000932.1 	4	36490 	36560 	Gly	GCC	0	0	65.3	44.00	21.30	Inf	
NC_000932.1 	5	44827 	44913 	Ser	GGA	0	0	73.0	45.10	27.90	Inf	
NC_000932.1 	6	48175 	48247 	Phe	GAA	0	0	71.4	47.50	23.90	Inf	
NC_000932.1 	7	52056 	52128 	Met	CAT	0	0	62.9	35.20	27.70	Inf	
NC_000932.1 	8	100709	100780	Val	GAC	0	0	58.9	28.60	30.30	Inf	
NC_000932.1 	9	102801	102888	Ile	GAT	102837	102852	16.4	0.00	16.40	Inf	
NC_000932.1 	10	103665	103769	Ala	TGC	103702	103741	16.3	25.30	-9.00	Inf	
NC_000932.1 	11	108302	108375	Arg	ACG	0	0	55.8	40.90	14.90	Inf	
NC_000932.1 	12	114270	114349	Leu	TAG	0	0	60.4	30.20	30.20	Inf	
NC_000932.1 	13	129565	129636	Asn	GTT	0	0	69.1	46.50	22.60	Inf	
NC_000932.1 	14	144293	144373	Leu	CAA	0	0	62.3	34.40	27.90	Inf	
NC_000932.1 	15	152264	152337	Met	CAT	0	0	70.4	43.60	26.80	Inf	
NC_000932.1 	16	137940	137869	Val	GAC	0	0	58.9	28.60	30.30	Inf	
NC_000932.1 	17	135848	135761	Ile	GAT	135812	135797	16.4	0.00	16.40	Inf	
NC_000932.1 	18	134984	134880	Ala	TGC	134947	134908	16.3	25.30	-9.00	Inf	
NC_000932.1 	19	130347	130274	Arg	ACG	0	0	55.8	40.90	14.90	Inf	
NC_000932.1 	20	109084	109013	Asn	GTT	0	0	69.1	46.50	22.60	Inf	
NC_000932.1 	21	94356 	94276 	Leu	CAA	0	0	62.3	34.40	27.90	Inf	
NC_000932.1 	22	86385 	86312 	Met	CAT	0	0	70.4	43.60	26.80	Inf	
NC_000932.1 	23	66563 	66490 	Pro	TGG	0	0	65.6	40.90	24.70	Inf	
NC_000932.1 	24	66302 	66229 	Trp	CCA	0	0	72.9	40.30	32.60	Inf	
NC_000932.1 	25	46285 	46213 	Thr	TGT	0	0	69.3	47.60	21.70	Inf	
NC_000932.1 	26	36777 	36704 	Met	CAT	0	0	63.2	39.30	23.90	Inf	
NC_000932.1 	27	35403 	35312 	Ser	TGA	0	0	74.2	51.50	22.70	Inf	
NC_000932.1 	28	30538 	30466 	Glu	TTC	0	0	53.9	28.90	25.00	Inf	
NC_000932.1 	29	30406 	30323 	Tyr	GTA	0	0	62.3	40.60	21.70	Inf	
NC_000932.1 	30	29874 	29801 	Asp	GTC	0	0	67.0	49.50	17.50	Inf	
NC_000932.1 	31	7872  	7785  	Ser	GCT	0	0	72.9	49.40	23.50	Inf	
NC_000932.1 	32	6687  	6616  	Gln	TTG	0	0	58.0	37.20	20.80	Inf	
NC_000932.1 	33	76    	4     	His	GTG	0	0	59.9	42.70	17.20	Inf	
