Sequence    		tRNA  	Bounds	tRNA	Anti	Intron Bounds	Inf	HMM	2'Str	Hit	      
Name        	tRNA #	Begin 	End   	Type	Codon	Begin	End	Score	Score	Score	Origin	Note
--------    	------	----- 	------	----	-----	-----	----	------	-----	-----	------	------
NC_040849.1 	1	9321  	9392  	Arg	TCT	0	0	63.8	40.10	23.70	Inf	
NC_040849.1 	2	27044 	27114 	Cys	GCA	0	0	64.1	41.70	22.40	Inf	
NC_040849.1 	3	30716 	30787 	Thr	GGT	0	0	65.9	36.40	29.50	Inf	
NC_040849.1 	4	35620 	35690 	Gly	GCC	0	0	63.0	44.00	19.00	Inf	
NC_040849.1 	5	44002 	44088 	Ser	GGA	0	0	73.0	45.10	27.90	Inf	
NC_040849.1 	6	46249 	46646 	Leu	TAA	46287	46599	46.5	19.60	26.90	Inf	
NC_040849.1 	7	46991 	47063 	Phe	GAA	0	0	71.4	47.50	23.90	Inf	
NC_040849.1 	8	50950 	51022 	Met	CAT	0	0	62.9	35.20	27.70	Inf	
NC_040849.1 	9	99781 	99852 	Val	GAC	0	0	58.9	28.60	30.30	Inf	
NC_040849.1 	10	101798	101885	Ile	GAT	101834	101849	16.4	0.00	16.40	Inf	
NC_040849.1 	11	102743	102847	Ala	TGC	102780	102819	16.3	25.30	-9.00	Inf	
NC_040849.1 	12	107394	107467	Arg	ACG	0	0	55.8	40.90	14.90	Inf	
NC_040849.1 	13	113355	113434	Leu	TAG	0	0	60.4	30.20	30.20	Inf	
NC_040849.1 	14	128621	128692	Asn	GTT	0	0	69.1	46.50	22.60	Inf	
NC_040849.1 	15	143315	143395	Leu	CAA	0	0	63.0	34.00	29.00	Inf	
NC_040849.1 	16	151258	151331	Met	CAT	0	0	70.4	43.60	26.80	Inf	
NC_040849.1 	17	136985	136914	Val	GAC	0	0	58.9	28.60	30.30	Inf	
NC_040849.1 	18	134968	134881	Ile	GAT	134932	134917	16.4	0.00	16.40	Inf	
NC_040849.1 	19	134023	133919	Ala	TGC	133986	133947	16.3	25.30	-9.00	Inf	
NC_040849.1 	20	129372	129299	Arg	ACG	0	0	55.8	40.90	14.90	Inf	
NC_040849.1 	21	108145	108074	Asn	GTT	0	0	69.1	46.50	22.60	Inf	
NC_040849.1 	22	93451 	93371 	Leu	CAA	0	0	63.0	34.00	29.00	Inf	
NC_040849.1 	23	85508 	85435 	Met	CAT	0	0	70.4	43.60	26.80	Inf	
NC_040849.1 	24	65520 	65447 	Pro	TGG	0	0	65.6	40.90	24.70	Inf	
NC_040849.1 	25	65257 	65184 	Trp	CCA	0	0	71.9	42.80	29.10	Inf	
NC_040849.1 	26	50765 	50669 	Val	TAC	50727	50711	15.0	16.50	-1.50	Inf	
NC_040849.1 	27	45435 	45363 	Thr	TGT	0	0	69.3	47.60	21.70	Inf	
NC_040849.1 	28	35902 	35829 	Met	CAT	0	0	63.2	39.30	23.90	Inf	
NC_040849.1 	29	34592 	34500 	Ser	TGA	0	0	74.3	49.20	25.10	Inf	
NC_040849.1 	30	30146 	30074 	Glu	TTC	0	0	53.9	28.90	25.00	Inf	
NC_040849.1 	31	30014 	29931 	Tyr	GTA	0	0	62.3	40.60	21.70	Inf	
NC_040849.1 	32	29580 	29507 	Asp	GTC	0	0	67.0	49.50	17.50	Inf	
NC_040849.1 	33	7725  	7638  	Ser	GCT	0	0	72.9	49.40	23.50	Inf	
NC_040849.1 	34	6590  	6519  	Gln	TTG	0	0	58.0	37.20	20.80	Inf	
NC_040849.1 	35	76    	4     	His	GTG	0	0	59.9	42.70	17.20	Inf	
