Sequence    		tRNA  	Bounds	tRNA	Anti	Intron Bounds	Inf	HMM	2'Str	Hit	      
Name        	tRNA #	Begin 	End   	Type	Codon	Begin	End	Score	Score	Score	Origin	Note
--------    	------	----- 	------	----	-----	-----	----	------	-----	-----	------	------
NC_049599.1 	1	9428  	9499  	Arg	TCT	0	0	63.8	40.10	23.70	Inf	
NC_049599.1 	2	27303 	27373 	Cys	GCA	0	0	64.1	41.70	22.40	Inf	
NC_049599.1 	3	31314 	31385 	Thr	GGT	0	0	65.9	36.40	29.50	Inf	
NC_049599.1 	4	36332 	36402 	Gly	GCC	0	0	65.3	44.00	21.30	Inf	
NC_049599.1 	5	44684 	44770 	Ser	GGA	0	0	73.0	45.10	27.90	Inf	
NC_049599.1 	6	47919 	47991 	Phe	GAA	0	0	71.4	47.50	23.90	Inf	
NC_049599.1 	7	51965 	52037 	Met	CAT	0	0	62.9	35.20	27.70	Inf	
NC_049599.1 	8	100750	100821	Val	GAC	0	0	58.9	28.60	30.30	Inf	
NC_049599.1 	9	102842	102929	Ile	GAT	102878	102893	16.4	0.00	16.40	Inf	
NC_049599.1 	10	103903	104007	Ala	TGC	103940	103979	16.3	25.30	-9.00	Inf	
NC_049599.1 	11	108558	108631	Arg	ACG	0	0	55.8	40.90	14.90	Inf	
NC_049599.1 	12	114608	114687	Leu	TAG	0	0	60.4	30.20	30.20	Inf	
NC_049599.1 	13	129928	129999	Asn	GTT	0	0	69.1	46.50	22.60	Inf	
NC_049599.1 	14	144855	144935	Leu	CAA	0	0	62.3	34.40	27.90	Inf	
NC_049599.1 	15	152817	152890	Met	CAT	0	0	70.4	43.60	26.80	Inf	
NC_049599.1 	16	138521	138450	Val	GAC	0	0	58.9	28.60	30.30	Inf	
NC_049599.1 	17	136429	136342	Ile	GAT	136393	136378	16.4	0.00	16.40	Inf	
NC_049599.1 	18	135368	135264	Ala	TGC	135331	135292	16.3	25.30	-9.00	Inf	
NC_049599.1 	19	130713	130640	Arg	ACG	0	0	55.8	40.90	14.90	Inf	
NC_049599.1 	20	109343	109272	Asn	GTT	0	0	69.1	46.50	22.60	Inf	
NC_049599.1 	21	94416 	94336 	Leu	CAA	0	0	62.3	34.40	27.90	Inf	
NC_049599.1 	22	86454 	86381 	Met	CAT	0	0	70.4	43.60	26.80	Inf	
NC_049599.1 	23	66525 	66452 	Pro	TGG	0	0	65.6	40.90	24.70	Inf	
NC_049599.1 	24	66256 	66183 	Trp	CCA	0	0	72.9	40.30	32.60	Inf	
NC_049599.1 	25	46145 	46073 	Thr	TGT	0	0	69.3	47.60	21.70	Inf	
NC_049599.1 	26	36620 	36547 	Met	CAT	0	0	63.2	39.30	23.90	Inf	
NC_049599.1 	27	35324 	35233 	Ser	TGA	0	0	74.2	51.50	22.70	Inf	
NC_049599.1 	28	30505 	30433 	Glu	TTC	0	0	53.9	28.90	25.00	Inf	
NC_049599.1 	29	30373 	30290 	Tyr	GTA	0	0	62.3	40.60	21.70	Inf	
NC_049599.1 	30	29832 	29759 	Asp	GTC	0	0	67.0	49.50	17.50	Inf	
NC_049599.1 	31	7897  	7810  	Ser	GCT	0	0	72.9	49.40	23.50	Inf	
NC_049599.1 	32	6703  	6632  	Gln	TTG	0	0	58.0	37.20	20.80	Inf	
NC_049599.1 	33	75    	3     	His	GTG	0	0	59.9	42.70	17.20	Inf	
