Sequence    		tRNA  	Bounds	tRNA	Anti	Intron Bounds	Inf	HMM	2'Str	Hit	      
Name        	tRNA #	Begin 	End   	Type	Codon	Begin	End	Score	Score	Score	Origin	Note
--------    	------	----- 	------	----	-----	-----	----	------	-----	-----	------	------
NC_008535.1 	1	10287 	10358 	Arg	TCT	0	0	67.2	38.60	28.60	Inf	
NC_008535.1 	2	28255 	28325 	Cys	GCA	0	0	62.6	40.50	22.10	Inf	
NC_008535.1 	3	32117 	32188 	Thr	GGT	0	0	64.5	35.00	29.50	Inf	
NC_008535.1 	4	36999 	37069 	Gly	GCC	0	0	62.5	43.50	19.00	Inf	
NC_008535.1 	5	45523 	45609 	Ser	GGA	0	0	73.6	47.00	26.60	Inf	
NC_008535.1 	6	48624 	48696 	Phe	GAA	0	0	65.8	43.30	22.50	Inf	
NC_008535.1 	7	53096 	53168 	Met	CAT	0	0	62.8	35.60	27.20	Inf	
NC_008535.1 	8	101046	101117	Val	GAC	0	0	58.9	28.60	30.30	Inf	
NC_008535.1 	9	103121	103208	Ile	GAT	103157	103172	16.4	0.00	16.40	Inf	
NC_008535.1 	10	104197	104301	Ala	TGC	104234	104273	18.6	30.10	-11.50	Inf	
NC_008535.1 	11	108935	109008	Arg	ACG	0	0	57.7	41.30	16.40	Inf	
NC_008535.1 	12	115165	115244	Leu	TAG	0	0	58.5	30.00	28.50	Inf	
NC_008535.1 	13	130715	130786	Asn	GTT	0	0	72.5	48.50	24.00	Inf	
NC_008535.1 	14	145303	145383	Leu	CAA	0	0	60.4	35.00	25.40	Inf	
NC_008535.1 	15	153023	153096	Met	CAT	0	0	70.4	43.60	26.80	Inf	
NC_008535.1 	16	139310	139239	Val	GAC	0	0	58.9	28.60	30.30	Inf	
NC_008535.1 	17	137235	137148	Ile	GAT	137199	137184	16.4	0.00	16.40	Inf	
NC_008535.1 	18	136159	136055	Ala	TGC	136122	136083	18.6	30.10	-11.50	Inf	
NC_008535.1 	19	131421	131348	Arg	ACG	0	0	57.7	41.30	16.40	Inf	
NC_008535.1 	20	109641	109570	Asn	GTT	0	0	72.5	48.50	24.00	Inf	
NC_008535.1 	21	95053 	94973 	Leu	CAA	0	0	60.4	35.00	25.40	Inf	
NC_008535.1 	22	87333 	87260 	Met	CAT	0	0	70.4	43.60	26.80	Inf	
NC_008535.1 	23	67800 	67727 	Pro	TGG	0	0	65.1	40.40	24.70	Inf	
NC_008535.1 	24	67567 	67494 	Trp	CCA	0	0	68.7	42.90	25.80	Inf	
NC_008535.1 	25	46928 	46856 	Thr	TGT	0	0	69.3	47.60	21.70	Inf	
NC_008535.1 	26	37333 	37260 	Met	CAT	0	0	63.2	39.30	23.90	Inf	
NC_008535.1 	27	36182 	36090 	Ser	TGA	0	0	78.4	46.70	31.70	Inf	
NC_008535.1 	28	31349 	31277 	Glu	TTC	0	0	53.9	28.90	25.00	Inf	
NC_008535.1 	29	31212 	31129 	Tyr	GTA	0	0	62.3	40.60	21.70	Inf	
NC_008535.1 	30	31009 	30936 	Asp	GTC	0	0	69.1	49.90	19.20	Inf	
NC_008535.1 	31	8860  	8773  	Ser	GCT	0	0	77.9	49.90	28.00	Inf	
NC_008535.1 	32	7632  	7561  	Gln	TTG	0	0	56.3	38.10	18.20	Inf	
NC_008535.1 	33	76    	3     	His	GTG	0	0	62.8	44.70	18.10	Inf	
