Sequence    		tRNA  	Bounds	tRNA	Anti	Intron Bounds	Inf	HMM	2'Str	Hit	      
Name        	tRNA #	Begin 	End   	Type	Codon	Begin	End	Score	Score	Score	Origin	Note
--------    	------	----- 	------	----	-----	-----	----	------	-----	-----	------	------
NC_011163.1 	1	14792 	14864 	Thr	TGT	0	0	69.3	47.60	21.70	Inf	
NC_011163.1 	2	24097 	24170 	Met	CAT	0	0	67.6	36.80	30.80	Inf	
NC_011163.1 	3	25461 	25553 	Ser	TGA	0	0	74.3	50.00	24.30	Inf	
NC_011163.1 	4	30051 	30123 	Glu	TTC	0	0	53.1	28.00	25.10	Inf	
NC_011163.1 	5	30184 	30267 	Tyr	GTA	0	0	59.3	37.60	21.70	Inf	
NC_011163.1 	6	30694 	30767 	Asp	GTC	0	0	69.2	51.70	17.50	Inf	
NC_011163.1 	7	53266 	53352 	Ser	GCT	0	0	73.1	51.80	21.30	Inf	
NC_011163.1 	8	54873 	54944 	Gln	TTG	0	0	61.2	38.40	22.80	Inf	
NC_011163.1 	9	96900 	96971 	Val	GAC	0	0	60.3	33.40	26.90	Inf	
NC_011163.1 	10	99915 	100019	Ala	TGC	99952	99991	16.3	30.00	-13.70	Inf	
NC_011163.1 	11	104550	104623	Arg	ACG	0	0	57.7	41.30	16.40	Inf	
NC_011163.1 	12	104747	104818	Asn	GTT	0	0	70.4	48.00	22.40	Inf	
NC_011163.1 	13	121366	121287	Leu	TAG	0	0	60.4	30.20	30.20	Inf	
NC_011163.1 	14	92056 	91976 	Leu	CAA	0	0	58.0	30.40	27.60	Inf	
NC_011163.1 	15	85515 	85442 	Met	CAT	0	0	71.6	44.50	27.10	Inf	
NC_011163.1 	16	64960 	64887 	Pro	TGG	0	0	69.9	40.00	29.90	Inf	
NC_011163.1 	17	64727 	64654 	Trp	CCA	0	0	71.9	42.90	29.00	Inf	
NC_011163.1 	18	51564 	51493 	Arg	TCT	0	0	65.6	39.90	25.70	Inf	
NC_011163.1 	19	33000 	32930 	Cys	GCA	0	0	60.7	41.90	18.80	Inf	
NC_011163.1 	20	29257 	29184 	Thr	GGT	0	0	59.9	30.50	29.40	Inf	
NC_011163.1 	21	24350 	24280 	Gly	GCC	0	0	71.5	45.00	26.50	Inf	
NC_011163.1 	22	15990 	15903 	Ser	GGA	0	0	75.2	47.80	27.40	Inf	
NC_011163.1 	23	13031 	12959 	Phe	GAA	0	0	66.8	42.10	24.70	Inf	
NC_011163.1 	24	9376  	9304  	Met	CAT	0	0	62.9	35.20	27.70	Inf	
NC_011163.1 	25	76    	3     	His	GTG	0	0	64.6	44.20	20.40	Inf	
