Sequence    		tRNA  	Bounds	tRNA	Anti	Intron Bounds	Inf	HMM	2'Str	Hit	      
Name        	tRNA #	Begin 	End   	Type	Codon	Begin	End	Score	Score	Score	Origin	Note
--------    	------	----- 	------	----	-----	-----	----	------	-----	-----	------	------
NC_028517.1 	1	9431  	9502  	Arg	TCT	0	0	63.8	40.10	23.70	Inf	
NC_028517.1 	2	27261 	27331 	Cys	GCA	0	0	64.1	41.70	22.40	Inf	
NC_028517.1 	3	30880 	30951 	Thr	GGT	0	0	65.9	36.40	29.50	Inf	
NC_028517.1 	4	35935 	36005 	Gly	GCC	0	0	65.3	44.00	21.30	Inf	
NC_028517.1 	5	44246 	44332 	Ser	GGA	0	0	73.0	45.10	27.90	Inf	
NC_028517.1 	6	47729 	47801 	Phe	GAA	0	0	71.4	47.50	23.90	Inf	
NC_028517.1 	7	51782 	51854 	Met	CAT	0	0	62.9	35.20	27.70	Inf	
NC_028517.1 	8	100405	100476	Val	GAC	0	0	58.9	28.60	30.30	Inf	
NC_028517.1 	9	102497	102584	Ile	GAT	102533	102548	16.4	0.00	16.40	Inf	
NC_028517.1 	10	103581	103685	Ala	TGC	103618	103657	16.3	25.30	-9.00	Inf	
NC_028517.1 	11	108222	108295	Arg	ACG	0	0	55.8	40.90	14.90	Inf	
NC_028517.1 	12	114274	114353	Leu	TAG	0	0	60.4	30.20	30.20	Inf	
NC_028517.1 	13	129521	129592	Asn	GTT	0	0	69.1	46.50	22.60	Inf	
NC_028517.1 	14	144468	144548	Leu	CAA	0	0	62.3	34.40	27.90	Inf	
NC_028517.1 	15	152422	152495	Met	CAT	0	0	70.4	43.60	26.80	Inf	
NC_028517.1 	16	138113	138042	Val	GAC	0	0	58.9	28.60	30.30	Inf	
NC_028517.1 	17	136021	135934	Ile	GAT	135985	135970	16.4	0.00	16.40	Inf	
NC_028517.1 	18	134937	134833	Ala	TGC	134900	134861	16.3	25.30	-9.00	Inf	
NC_028517.1 	19	130296	130223	Arg	ACG	0	0	55.8	40.90	14.90	Inf	
NC_028517.1 	20	108997	108926	Asn	GTT	0	0	69.1	46.50	22.60	Inf	
NC_028517.1 	21	94050 	93970 	Leu	CAA	0	0	62.3	34.40	27.90	Inf	
NC_028517.1 	22	86096 	86023 	Met	CAT	0	0	70.4	43.60	26.80	Inf	
NC_028517.1 	23	66202 	66129 	Pro	TGG	0	0	65.6	40.90	24.70	Inf	
NC_028517.1 	24	65939 	65866 	Trp	CCA	0	0	72.9	40.30	32.60	Inf	
NC_028517.1 	25	51597 	51501 	Val	TAC	51559	51543	15.0	16.50	-1.50	Inf	
NC_028517.1 	26	45704 	45632 	Thr	TGT	0	0	69.3	47.60	21.70	Inf	
NC_028517.1 	27	36222 	36149 	Met	CAT	0	0	63.2	39.30	23.90	Inf	
NC_028517.1 	28	34912 	34821 	Ser	TGA	0	0	74.2	51.50	22.70	Inf	
NC_028517.1 	29	30055 	29983 	Glu	TTC	0	0	53.9	28.90	25.00	Inf	
NC_028517.1 	30	29923 	29840 	Tyr	GTA	0	0	62.3	40.60	21.70	Inf	
NC_028517.1 	31	29405 	29332 	Asp	GTC	0	0	67.0	49.50	17.50	Inf	
NC_028517.1 	32	7827  	7740  	Ser	GCT	0	0	72.9	49.40	23.50	Inf	
NC_028517.1 	33	6635  	6564  	Gln	TTG	0	0	58.0	37.20	20.80	Inf	
NC_028517.1 	34	75    	3     	His	GTG	0	0	59.9	42.70	17.20	Inf	
