Sequence    		tRNA  	Bounds	tRNA	Anti	Intron Bounds	Inf	HMM	2'Str	Hit	      
Name        	tRNA #	Begin 	End   	Type	Codon	Begin	End	Score	Score	Score	Origin	Note
--------    	------	----- 	------	----	-----	-----	----	------	-----	-----	------	------
NC_041449.1 	1	11212 	11283 	Arg	TCT	0	0	66.5	38.00	28.50	Inf	
NC_041449.1 	2	30142 	30212 	Cys	GCA	0	0	67.4	38.20	29.20	Inf	
NC_041449.1 	3	35332 	35403 	Thr	GGT	0	0	65.9	36.40	29.50	Inf	
NC_041449.1 	4	41059 	41129 	Gly	GCC	0	0	68.1	44.00	24.10	Inf	
NC_041449.1 	5	50036 	50122 	Ser	GGA	0	0	73.6	47.00	26.60	Inf	
NC_041449.1 	6	53211 	53283 	Phe	GAA	0	0	67.1	44.50	22.60	Inf	
NC_041449.1 	7	57286 	57358 	Met	CAT	0	0	58.1	34.30	23.80	Inf	
NC_041449.1 	8	105999	106070	Val	GAC	0	0	58.9	28.60	30.30	Inf	
NC_041449.1 	9	108083	108170	Ile	GAT	108119	108134	16.4	0.00	16.40	Inf	
NC_041449.1 	10	113854	113927	Arg	ACG	0	0	57.7	41.30	16.40	Inf	
NC_041449.1 	11	120345	120424	Leu	TAG	0	0	57.3	28.70	28.60	Inf	
NC_041449.1 	12	136244	136315	Asn	GTT	0	0	68.2	44.70	23.50	Inf	
NC_041449.1 	13	150990	151070	Leu	CAA	0	0	62.3	34.40	27.90	Inf	
NC_041449.1 	14	158688	158761	Met	CAT	0	0	70.4	43.60	26.80	Inf	
NC_041449.1 	15	144863	144792	Val	GAC	0	0	58.9	28.60	30.30	Inf	
NC_041449.1 	16	142779	142692	Ile	GAT	142743	142728	16.4	0.00	16.40	Inf	
NC_041449.1 	17	137008	136935	Arg	ACG	0	0	57.7	41.30	16.40	Inf	
NC_041449.1 	18	114618	114547	Asn	GTT	0	0	68.2	44.70	23.50	Inf	
NC_041449.1 	19	99872 	99792 	Leu	CAA	0	0	62.3	34.40	27.90	Inf	
NC_041449.1 	20	92174 	92101 	Met	CAT	0	0	70.4	43.60	26.80	Inf	
NC_041449.1 	21	72305 	72232 	Pro	TGG	0	0	67.0	42.30	24.70	Inf	
NC_041449.1 	22	72054 	71981 	Trp	CCA	0	0	68.7	42.90	25.80	Inf	
NC_041449.1 	23	51322 	51250 	Thr	TGT	0	0	69.6	46.90	22.70	Inf	
NC_041449.1 	24	41372 	41299 	Met	CAT	0	0	66.9	38.60	28.30	Inf	
NC_041449.1 	25	39845 	39753 	Ser	TGA	0	0	70.8	49.30	21.50	Inf	
NC_041449.1 	26	34272 	34200 	Glu	TTC	0	0	56.2	31.30	24.90	Inf	
NC_041449.1 	27	34140 	34057 	Tyr	GTA	0	0	61.8	40.60	21.20	Inf	
NC_041449.1 	28	33564 	33491 	Asp	GTC	0	0	67.0	49.50	17.50	Inf	
NC_041449.1 	29	9295  	9208  	Ser	GCT	0	0	66.5	51.40	15.10	Inf	
NC_041449.1 	30	7912  	7841  	Gln	TTG	0	0	54.0	41.50	12.50	Inf	
NC_041449.1 	31	100   	27    	His	GTG	0	0	62.8	44.70	18.10	Inf	
