Sequence    		tRNA  	Bounds	tRNA	Anti	Intron Bounds	Inf	HMM	2'Str	Hit	      
Name        	tRNA #	Begin 	End   	Type	Codon	Begin	End	Score	Score	Score	Origin	Note
--------    	------	----- 	------	----	-----	-----	----	------	-----	-----	------	------
NC_049614.1 	1	9349  	9420  	Arg	TCT	0	0	63.8	40.10	23.70	Inf	
NC_049614.1 	2	27173 	27243 	Cys	GCA	0	0	64.1	41.70	22.40	Inf	
NC_049614.1 	3	30935 	31006 	Thr	GGT	0	0	65.9	36.40	29.50	Inf	
NC_049614.1 	4	35893 	35963 	Gly	GCC	0	0	63.0	44.00	19.00	Inf	
NC_049614.1 	5	44288 	44374 	Ser	GGA	0	0	73.0	45.10	27.90	Inf	
NC_049614.1 	6	46440 	46836 	Leu	TAA	46478	46789	46.5	19.60	26.90	Inf	
NC_049614.1 	7	47298 	47370 	Phe	GAA	0	0	71.4	47.50	23.90	Inf	
NC_049614.1 	8	51387 	51459 	Met	CAT	0	0	62.9	35.20	27.70	Inf	
NC_049614.1 	9	100111	100182	Val	GAC	0	0	58.9	28.60	30.30	Inf	
NC_049614.1 	10	102128	102215	Ile	GAT	102164	102179	16.4	0.00	16.40	Inf	
NC_049614.1 	11	103073	103177	Ala	TGC	103110	103149	16.3	25.30	-9.00	Inf	
NC_049614.1 	12	107720	107793	Arg	ACG	0	0	55.8	40.90	14.90	Inf	
NC_049614.1 	13	113598	113677	Leu	TAG	0	0	66.3	29.40	36.90	Inf	
NC_049614.1 	14	128814	128885	Asn	GTT	0	0	69.1	46.50	22.60	Inf	
NC_049614.1 	15	143424	143504	Leu	CAA	0	0	63.0	34.00	29.00	Inf	
NC_049614.1 	16	151372	151445	Met	CAT	0	0	70.4	43.60	26.80	Inf	
NC_049614.1 	17	137184	137113	Val	GAC	0	0	58.9	28.60	30.30	Inf	
NC_049614.1 	18	135167	135080	Ile	GAT	135131	135116	16.4	0.00	16.40	Inf	
NC_049614.1 	19	134222	134118	Ala	TGC	134185	134146	16.3	25.30	-9.00	Inf	
NC_049614.1 	20	129575	129502	Arg	ACG	0	0	55.8	40.90	14.90	Inf	
NC_049614.1 	21	108481	108410	Asn	GTT	0	0	69.1	46.50	22.60	Inf	
NC_049614.1 	22	93871 	93791 	Leu	CAA	0	0	63.0	34.00	29.00	Inf	
NC_049614.1 	23	85923 	85850 	Met	CAT	0	0	70.4	43.60	26.80	Inf	
NC_049614.1 	24	65939 	65866 	Pro	TGG	0	0	65.6	40.90	24.70	Inf	
NC_049614.1 	25	65676 	65603 	Trp	CCA	0	0	71.9	42.80	29.10	Inf	
NC_049614.1 	26	51203 	51106 	Val	TAC	51164	51148	17.7	19.70	-2.00	Inf	
NC_049614.1 	27	45628 	45556 	Thr	TGT	0	0	69.3	47.60	21.70	Inf	
NC_049614.1 	28	36183 	36110 	Met	CAT	0	0	63.2	39.30	23.90	Inf	
NC_049614.1 	29	34858 	34766 	Ser	TGA	0	0	74.3	49.20	25.10	Inf	
NC_049614.1 	30	30358 	30286 	Glu	TTC	0	0	53.9	28.90	25.00	Inf	
NC_049614.1 	31	30200 	30117 	Tyr	GTA	0	0	62.3	40.60	21.70	Inf	
NC_049614.1 	32	29658 	29585 	Asp	GTC	0	0	67.0	49.50	17.50	Inf	
NC_049614.1 	33	7750  	7663  	Ser	GCT	0	0	72.9	49.40	23.50	Inf	
NC_049614.1 	34	6613  	6542  	Gln	TTG	0	0	58.0	37.20	20.80	Inf	
NC_049614.1 	35	76    	4     	His	GTG	0	0	59.9	42.70	17.20	Inf	
