Sequence    		tRNA  	Bounds	tRNA	Anti	Intron Bounds	Inf	HMM	2'Str	Hit	      
Name        	tRNA #	Begin 	End   	Type	Codon	Begin	End	Score	Score	Score	Origin	Note
--------    	------	----- 	------	----	-----	-----	----	------	-----	-----	------	------
NC_010323.1 	1	10658 	10729 	Arg	TCT	0	0	67.2	38.60	28.60	Inf	
NC_010323.1 	2	29363 	29433 	Cys	GCA	0	0	66.2	39.60	26.60	Inf	
NC_010323.1 	3	33424 	33495 	Thr	GGT	0	0	65.9	36.40	29.50	Inf	
NC_010323.1 	4	38862 	38932 	Gly	GCC	0	0	63.0	44.00	19.00	Inf	
NC_010323.1 	5	47712 	47798 	Ser	GGA	0	0	70.9	45.00	25.90	Inf	
NC_010323.1 	6	51251 	51323 	Phe	GAA	0	0	73.3	44.50	28.80	Inf	
NC_010323.1 	7	55789 	55861 	Met	CAT	0	0	62.8	35.60	27.20	Inf	
NC_010323.1 	8	105320	105391	Val	GAC	0	0	60.3	30.00	30.30	Inf	
NC_010323.1 	9	107324	107411	Ile	GAT	107360	107375	16.4	0.00	16.40	Inf	
NC_010323.1 	10	108410	108514	Ala	TGC	108447	108486	16.3	25.30	-9.00	Inf	
NC_010323.1 	11	113073	113146	Arg	ACG	0	0	57.7	41.30	16.40	Inf	
NC_010323.1 	12	119528	119607	Leu	TAG	0	0	60.4	30.20	30.20	Inf	
NC_010323.1 	13	135044	135115	Asn	GTT	0	0	68.2	44.80	23.40	Inf	
NC_010323.1 	14	149830	149910	Leu	CAA	0	0	62.3	34.40	27.90	Inf	
NC_010323.1 	15	157857	157930	Met	CAT	0	0	70.4	43.60	26.80	Inf	
NC_010323.1 	16	143530	143459	Val	GAC	0	0	60.3	30.00	30.30	Inf	
NC_010323.1 	17	141526	141439	Ile	GAT	141490	141475	16.4	0.00	16.40	Inf	
NC_010323.1 	18	140440	140336	Ala	TGC	140403	140364	16.3	25.30	-9.00	Inf	
NC_010323.1 	19	135777	135704	Arg	ACG	0	0	57.7	41.30	16.40	Inf	
NC_010323.1 	20	113806	113735	Asn	GTT	0	0	68.2	44.80	23.40	Inf	
NC_010323.1 	21	99020 	98940 	Leu	CAA	0	0	62.3	34.40	27.90	Inf	
NC_010323.1 	22	90993 	90920 	Met	CAT	0	0	70.4	43.60	26.80	Inf	
NC_010323.1 	23	70843 	70770 	Pro	TGG	0	0	65.6	40.90	24.70	Inf	
NC_010323.1 	24	70574 	70501 	Trp	CCA	0	0	71.9	42.80	29.10	Inf	
NC_010323.1 	25	49169 	49097 	Thr	TGT	0	0	69.3	47.60	21.70	Inf	
NC_010323.1 	26	39147 	39074 	Met	CAT	0	0	68.4	40.00	28.40	Inf	
NC_010323.1 	27	37696 	37604 	Ser	TGA	0	0	79.5	49.20	30.30	Inf	
NC_010323.1 	28	32733 	32661 	Glu	TTC	0	0	53.9	28.90	25.00	Inf	
NC_010323.1 	29	32601 	32518 	Tyr	GTA	0	0	62.3	40.60	21.70	Inf	
NC_010323.1 	30	32058 	31985 	Asp	GTC	0	0	67.0	49.50	17.50	Inf	
NC_010323.1 	31	8704  	8617  	Ser	GCT	0	0	74.5	51.30	23.20	Inf	
NC_010323.1 	32	7415  	7344  	Gln	TTG	0	0	59.5	38.60	20.90	Inf	
NC_010323.1 	33	136   	63    	His	GTG	0	0	64.7	44.90	19.80	Inf	
