Sequence    		tRNA  	Bounds	tRNA	Anti	Intron Bounds	Inf	HMM	2'Str	Hit	      
Name        	tRNA #	Begin 	End   	Type	Codon	Begin	End	Score	Score	Score	Origin	Note
--------    	------	----- 	------	----	-----	-----	----	------	-----	-----	------	------
NC_034949.1 	1	9489  	9560  	Arg	TCT	0	0	67.8	44.00	23.80	Inf	
NC_034949.1 	2	27191 	27261 	Cys	GCA	0	0	62.0	41.00	21.00	Inf	
NC_034949.1 	3	30646 	30717 	Thr	GGT	0	0	65.9	36.40	29.50	Inf	
NC_034949.1 	4	35581 	35651 	Gly	GCC	0	0	64.2	45.20	19.00	Inf	
NC_034949.1 	5	44772 	44858 	Ser	GGA	0	0	72.2	45.60	26.60	Inf	
NC_034949.1 	6	48071 	48143 	Phe	GAA	0	0	67.1	44.50	22.60	Inf	
NC_034949.1 	7	98348 	98419 	Val	GAC	0	0	58.9	28.60	30.30	Inf	
NC_034949.1 	8	101543	101647	Ala	TGC	101580	101619	17.5	31.30	-13.80	Inf	
NC_034949.1 	9	106242	106315	Arg	ACG	0	0	57.7	41.30	16.40	Inf	
NC_034949.1 	10	113202	113281	Leu	TAG	0	0	54.9	28.00	26.90	Inf	
NC_034949.1 	11	128693	128764	Asn	GTT	0	0	69.1	46.50	22.60	Inf	
NC_034949.1 	12	143216	143296	Leu	CAA	0	0	62.3	34.40	27.90	Inf	
NC_034949.1 	13	150555	150628	Met	CAT	0	0	70.4	43.60	26.80	Inf	
NC_034949.1 	14	137334	137263	Val	GAC	0	0	58.9	28.60	30.30	Inf	
NC_034949.1 	15	134139	134035	Ala	TGC	134102	134063	17.5	31.30	-13.80	Inf	
NC_034949.1 	16	129440	129367	Arg	ACG	0	0	57.7	41.30	16.40	Inf	
NC_034949.1 	17	106989	106918	Asn	GTT	0	0	69.1	46.50	22.60	Inf	
NC_034949.1 	18	92466 	92386 	Leu	CAA	0	0	62.3	34.40	27.90	Inf	
NC_034949.1 	19	85127 	85054 	Met	CAT	0	0	70.4	43.60	26.80	Inf	
NC_034949.1 	20	65806 	65733 	Pro	TGG	0	0	65.6	40.90	24.70	Inf	
NC_034949.1 	21	65544 	65471 	Trp	CCA	0	0	68.7	42.90	25.80	Inf	
NC_034949.1 	22	55339 	55267 	Met	CAT	0	0	59.6	39.20	20.40	Inf	
NC_034949.1 	23	46289 	46217 	Thr	TGT	0	0	68.3	46.50	21.80	Inf	
NC_034949.1 	24	35950 	35877 	Met	CAT	0	0	63.2	39.30	23.90	Inf	
NC_034949.1 	25	34690 	34598 	Ser	TGA	0	0	80.8	49.40	31.40	Inf	
NC_034949.1 	26	30152 	30080 	Glu	TTC	0	0	55.0	26.50	28.50	Inf	
NC_034949.1 	27	30015 	29932 	Tyr	GTA	0	0	61.4	40.30	21.10	Inf	
NC_034949.1 	28	29481 	29408 	Asp	GTC	0	0	67.1	49.60	17.50	Inf	
NC_034949.1 	29	7837  	7750  	Ser	GCT	0	0	73.6	50.40	23.20	Inf	
NC_034949.1 	30	6497  	6426  	Gln	TTG	0	0	57.8	39.50	18.30	Inf	
NC_034949.1 	31	73    	1     	His	GTG	0	0	57.5	40.50	17.00	Inf	
