Sequence    		tRNA  	Bounds	tRNA	Anti	Intron Bounds	Inf	HMM	2'Str	Hit	      
Name        	tRNA #	Begin 	End   	Type	Codon	Begin	End	Score	Score	Score	Origin	Note
--------    	------	----- 	------	----	-----	-----	----	------	-----	-----	------	------
NC_007144.1 	1	10487 	10558 	Arg	TCT	0	0	67.2	38.60	28.60	Inf	
NC_007144.1 	2	28953 	29024 	Cys	GCA	0	0	64.2	38.90	25.30	Inf	
NC_007144.1 	3	33682 	33753 	Thr	GGT	0	0	63.6	36.40	27.20	Inf	
NC_007144.1 	4	38583 	38653 	Gly	GCC	0	0	70.5	44.00	26.50	Inf	
NC_007144.1 	5	47327 	47413 	Ser	GGA	0	0	48.1	37.20	10.90	Inf	
NC_007144.1 	6	50752 	50824 	Phe	GAA	0	0	71.4	47.50	23.90	Inf	
NC_007144.1 	7	54708 	54780 	Met	CAT	0	0	63.3	35.90	27.40	Inf	
NC_007144.1 	8	101932	102003	Val	GAC	0	0	59.6	30.00	29.60	Inf	
NC_007144.1 	9	104018	104105	Ile	GAT	104054	104069	16.4	0.00	16.40	Inf	
NC_007144.1 	10	104979	105083	Ala	TGC	105016	105055	16.3	30.00	-13.70	Inf	
NC_007144.1 	11	109653	109726	Arg	ACG	0	0	57.7	41.30	16.40	Inf	
NC_007144.1 	12	115787	115866	Leu	TAG	0	0	57.3	28.70	28.60	Inf	
NC_007144.1 	13	131490	131561	Asn	GTT	0	0	58.6	42.30	16.30	Inf	
NC_007144.1 	14	146076	146156	Leu	CAA	0	0	62.3	34.40	27.90	Inf	
NC_007144.1 	15	153172	153245	Met	CAT	0	0	70.4	43.60	26.80	Inf	
NC_007144.1 	16	139977	139906	Val	GAC	0	0	59.6	30.00	29.60	Inf	
NC_007144.1 	17	137891	137804	Ile	GAT	137855	137840	16.4	0.00	16.40	Inf	
NC_007144.1 	18	136931	136827	Ala	TGC	136894	136855	16.3	30.00	-13.70	Inf	
NC_007144.1 	19	132254	132181	Arg	ACG	0	0	57.7	41.30	16.40	Inf	
NC_007144.1 	20	110417	110346	Asn	GTT	0	0	58.6	42.30	16.30	Inf	
NC_007144.1 	21	95834 	95754 	Leu	CAA	0	0	62.3	34.40	27.90	Inf	
NC_007144.1 	22	88734 	88661 	Met	CAT	0	0	70.4	43.60	26.80	Inf	
NC_007144.1 	23	69120 	69047 	Pro	TGG	0	0	65.6	40.90	24.70	Inf	
NC_007144.1 	24	68884 	68811 	Trp	CCA	0	0	70.9	40.00	30.90	Inf	
NC_007144.1 	25	48731 	48659 	Thr	TGT	0	0	69.3	47.60	21.70	Inf	
NC_007144.1 	26	38928 	38855 	Met	CAT	0	0	61.1	37.20	23.90	Inf	
NC_007144.1 	27	37570 	37478 	Ser	TGA	0	0	75.3	49.70	25.60	Inf	
NC_007144.1 	28	32709 	32637 	Glu	TTC	0	0	53.9	28.90	25.00	Inf	
NC_007144.1 	29	32577 	32494 	Tyr	GTA	0	0	62.3	40.60	21.70	Inf	
NC_007144.1 	30	32172 	32099 	Asp	GTC	0	0	67.0	49.50	17.50	Inf	
NC_007144.1 	31	8779  	8692  	Ser	GCT	0	0	74.9	53.20	21.70	Inf	
NC_007144.1 	32	7527  	7456  	Gln	TTG	0	0	58.9	38.10	20.80	Inf	
NC_007144.1 	33	79    	6     	His	GTG	0	0	62.8	44.70	18.10	Inf	
