Sequence    		tRNA  	Bounds	tRNA	Anti	Intron Bounds	Inf	HMM	2'Str	Hit	      
Name        	tRNA #	Begin 	End   	Type	Codon	Begin	End	Score	Score	Score	Origin	Note
--------    	------	----- 	------	----	-----	-----	----	------	-----	-----	------	------
NC_008334.1 	1	10662 	10733 	Arg	TCT	0	0	67.2	38.60	28.60	Inf	
NC_008334.1 	2	29349 	29419 	Cys	GCA	0	0	64.0	38.30	25.70	Inf	
NC_008334.1 	3	34452 	34523 	Thr	GGT	0	0	65.9	36.40	29.50	Inf	
NC_008334.1 	4	39688 	39758 	Gly	GCC	0	0	63.0	44.00	19.00	Inf	
NC_008334.1 	5	48270 	48356 	Ser	GGA	0	0	71.2	46.40	24.80	Inf	
NC_008334.1 	6	51722 	51794 	Phe	GAA	0	0	67.1	44.50	22.60	Inf	
NC_008334.1 	7	55665 	55737 	Met	CAT	0	0	59.5	35.70	23.80	Inf	
NC_008334.1 	8	104744	104815	Val	GAC	0	0	58.9	28.60	30.30	Inf	
NC_008334.1 	9	106845	106932	Ile	GAT	106881	106896	16.4	0.00	16.40	Inf	
NC_008334.1 	10	107951	108055	Ala	TGC	107988	108027	16.3	30.00	-13.70	Inf	
NC_008334.1 	11	112626	112699	Arg	ACG	0	0	57.7	41.30	16.40	Inf	
NC_008334.1 	12	118912	118991	Leu	TAG	0	0	57.3	28.70	28.60	Inf	
NC_008334.1 	13	134559	134630	Asn	GTT	0	0	68.2	44.80	23.40	Inf	
NC_008334.1 	14	149391	149471	Leu	CAA	0	0	62.4	34.40	28.00	Inf	
NC_008334.1 	15	157427	157500	Met	CAT	0	0	70.4	43.60	26.80	Inf	
NC_008334.1 	16	143130	143059	Val	GAC	0	0	58.9	28.60	30.30	Inf	
NC_008334.1 	17	141029	140942	Ile	GAT	140993	140978	16.4	0.00	16.40	Inf	
NC_008334.1 	18	139923	139819	Ala	TGC	139886	139847	16.3	30.00	-13.70	Inf	
NC_008334.1 	19	135248	135175	Arg	ACG	0	0	57.7	41.30	16.40	Inf	
NC_008334.1 	20	113315	113244	Asn	GTT	0	0	68.2	44.80	23.40	Inf	
NC_008334.1 	21	98483 	98403 	Leu	CAA	0	0	62.4	34.40	28.00	Inf	
NC_008334.1 	22	90447 	90374 	Met	CAT	0	0	70.4	43.60	26.80	Inf	
NC_008334.1 	23	70760 	70687 	Pro	TGG	0	0	65.6	40.90	24.70	Inf	
NC_008334.1 	24	70507 	70434 	Trp	CCA	0	0	71.9	42.80	29.10	Inf	
NC_008334.1 	25	54219 	54150 	Ser	CGA	0	0	15.8	0.00	15.80	Inf	
NC_008334.1 	26	49650 	49578 	Thr	TGT	0	0	69.3	47.60	21.70	Inf	
NC_008334.1 	27	40023 	39950 	Met	CAT	0	0	68.4	40.00	28.40	Inf	
NC_008334.1 	28	38570 	38478 	Ser	TGA	0	0	72.0	49.90	22.10	Inf	
NC_008334.1 	29	33572 	33500 	Glu	TTC	0	0	52.4	27.50	24.90	Inf	
NC_008334.1 	30	33440 	33357 	Tyr	GTA	0	0	62.3	40.60	21.70	Inf	
NC_008334.1 	31	32896 	32823 	Asp	GTC	0	0	67.0	49.50	17.50	Inf	
NC_008334.1 	32	8818  	8731  	Ser	GCT	0	0	75.6	51.10	24.50	Inf	
NC_008334.1 	33	7544  	7473  	Gln	TTG	0	0	52.7	36.50	16.20	Inf	
NC_008334.1 	34	76    	3     	His	GTG	0	0	62.8	44.70	18.10	Inf	
