Sequence    		tRNA  	Bounds	tRNA	Anti	Intron Bounds	Inf	HMM	2'Str	Hit	      
Name        	tRNA #	Begin 	End   	Type	Codon	Begin	End	Score	Score	Score	Origin	Note
--------    	------	----- 	------	----	-----	-----	----	------	-----	-----	------	------
NC_008325.1 	1	9930  	10001 	Arg	TCT	0	0	67.2	38.60	28.60	Inf	
NC_008325.1 	2	27907 	27977 	Cys	GCA	0	0	62.9	43.20	19.70	Inf	
NC_008325.1 	3	31630 	31701 	Thr	GGT	0	0	62.5	30.60	31.90	Inf	
NC_008325.1 	4	36691 	36761 	Gly	GCC	0	0	61.4	42.50	18.90	Inf	
NC_008325.1 	5	45689 	45775 	Ser	GGA	0	0	73.6	47.00	26.60	Inf	
NC_008325.1 	6	48710 	48782 	Phe	GAA	0	0	67.1	44.50	22.60	Inf	
NC_008325.1 	7	52732 	52804 	Met	CAT	0	0	61.9	37.70	24.20	Inf	
NC_008325.1 	8	100749	100820	Val	GAC	0	0	58.9	28.60	30.30	Inf	
NC_008325.1 	9	102833	102920	Ile	GAT	102869	102884	16.4	0.00	16.40	Inf	
NC_008325.1 	10	103921	104025	Ala	TGC	103958	103997	16.3	30.00	-13.70	Inf	
NC_008325.1 	11	108547	108620	Arg	ACG	0	0	57.7	41.30	16.40	Inf	
NC_008325.1 	12	115442	115521	Leu	TAG	0	0	54.9	28.00	26.90	Inf	
NC_008325.1 	13	130883	130954	Asn	GTT	0	0	71.6	44.70	26.90	Inf	
NC_008325.1 	14	146750	146830	Leu	CAA	0	0	62.3	34.40	27.90	Inf	
NC_008325.1 	15	153753	153826	Met	CAT	0	0	70.4	43.60	26.80	Inf	
NC_008325.1 	16	139405	139334	Val	GAC	0	0	58.9	28.60	30.30	Inf	
NC_008325.1 	17	137321	137234	Ile	GAT	137285	137270	16.4	0.00	16.40	Inf	
NC_008325.1 	18	136233	136129	Ala	TGC	136196	136157	16.3	30.00	-13.70	Inf	
NC_008325.1 	19	131607	131534	Arg	ACG	0	0	57.7	41.30	16.40	Inf	
NC_008325.1 	20	109271	109200	Asn	GTT	0	0	71.6	44.70	26.90	Inf	
NC_008325.1 	21	93404 	93324 	Leu	CAA	0	0	62.3	34.40	27.90	Inf	
NC_008325.1 	22	86401 	86328 	Met	CAT	0	0	70.4	43.60	26.80	Inf	
NC_008325.1 	23	66784 	66711 	Pro	TGG	0	0	69.9	40.00	29.90	Inf	
NC_008325.1 	24	66580 	66507 	Trp	CCA	0	0	71.9	42.90	29.00	Inf	
NC_008325.1 	25	47022 	46950 	Thr	TGT	0	0	66.3	47.50	18.80	Inf	
NC_008325.1 	26	37015 	36942 	Met	CAT	0	0	66.6	40.30	26.30	Inf	
NC_008325.1 	27	35862 	35770 	Ser	TGA	0	0	76.5	49.60	26.90	Inf	
NC_008325.1 	28	31030 	30958 	Glu	TTC	0	0	50.3	25.40	24.90	Inf	
NC_008325.1 	29	30880 	30797 	Tyr	GTA	0	0	62.6	41.30	21.30	Inf	
NC_008325.1 	30	30684 	30611 	Asp	GTC	0	0	67.0	49.50	17.50	Inf	
NC_008325.1 	31	8516  	8429  	Ser	GCT	0	0	77.9	49.90	28.00	Inf	
NC_008325.1 	32	7237  	7166  	Gln	TTG	0	0	54.6	40.10	14.50	Inf	
NC_008325.1 	33	76    	3     	His	GTG	0	0	60.7	42.60	18.10	Inf	
