Sequence    		tRNA  	Bounds	tRNA	Anti	Intron Bounds	Inf	HMM	2'Str	Hit	      
Name        	tRNA #	Begin 	End   	Type	Codon	Begin	End	Score	Score	Score	Origin	Note
--------    	------	----- 	------	----	-----	-----	----	------	-----	-----	------	------
NC_049632.1 	1	9122  	9193  	Arg	TCT	0	0	62.4	38.60	23.80	Inf	
NC_049632.1 	2	26894 	26964 	Cys	GCA	0	0	64.1	41.70	22.40	Inf	
NC_049632.1 	3	30391 	30462 	Thr	GGT	0	0	65.9	36.40	29.50	Inf	
NC_049632.1 	4	35175 	35245 	Gly	GCC	0	0	63.0	44.00	19.00	Inf	
NC_049632.1 	5	43457 	43543 	Ser	GGA	0	0	72.9	45.60	27.30	Inf	
NC_049632.1 	6	46525 	46597 	Phe	GAA	0	0	67.9	45.70	22.20	Inf	
NC_049632.1 	7	49365 	49437 	Met	CAT	0	0	62.9	35.20	27.70	Inf	
NC_049632.1 	8	99548 	99619 	Val	GAC	0	0	58.9	28.60	30.30	Inf	
NC_049632.1 	9	101640	101727	Ile	GAT	101676	101691	16.4	0.00	16.40	Inf	
NC_049632.1 	10	102708	102812	Ala	TGC	102745	102784	16.3	25.30	-9.00	Inf	
NC_049632.1 	11	107383	107456	Arg	ACG	0	0	58.5	43.60	14.90	Inf	
NC_049632.1 	12	119583	119662	Leu	TAG	0	0	67.3	30.20	37.10	Inf	
NC_049632.1 	13	135817	135888	Asn	GTT	0	0	72.5	48.50	24.00	Inf	
NC_049632.1 	14	150737	150817	Leu	CAA	0	0	63.0	34.00	29.00	Inf	
NC_049632.1 	15	159223	159296	Met	CAT	0	0	70.0	43.20	26.80	Inf	
NC_049632.1 	16	144401	144330	Val	GAC	0	0	58.9	28.60	30.30	Inf	
NC_049632.1 	17	142309	142222	Ile	GAT	142273	142258	16.4	0.00	16.40	Inf	
NC_049632.1 	18	141241	141137	Ala	TGC	141204	141165	16.3	25.30	-9.00	Inf	
NC_049632.1 	19	136566	136493	Arg	ACG	0	0	58.5	43.60	14.90	Inf	
NC_049632.1 	20	108132	108061	Asn	GTT	0	0	72.5	48.50	24.00	Inf	
NC_049632.1 	21	93212 	93132 	Leu	CAA	0	0	63.0	34.00	29.00	Inf	
NC_049632.1 	22	84726 	84653 	Met	CAT	0	0	70.0	43.20	26.80	Inf	
NC_049632.1 	23	64768 	64695 	Pro	TGG	0	0	65.6	40.90	24.70	Inf	
NC_049632.1 	24	64477 	64404 	Trp	CCA	0	0	70.2	41.10	29.10	Inf	
NC_049632.1 	25	49124 	49028 	Val	TAC	49086	49070	16.8	14.90	1.90	Inf	
NC_049632.1 	26	44859 	44787 	Thr	TGT	0	0	69.3	47.60	21.70	Inf	
NC_049632.1 	27	35454 	35381 	Met	CAT	0	0	59.9	39.30	20.60	Inf	
NC_049632.1 	28	34225 	34133 	Ser	TGA	0	0	67.7	46.70	21.00	Inf	
NC_049632.1 	29	29956 	29884 	Glu	TTC	0	0	50.3	25.20	25.10	Inf	
NC_049632.1 	30	29824 	29741 	Tyr	GTA	0	0	62.3	40.60	21.70	Inf	
NC_049632.1 	31	29332 	29259 	Asp	GTC	0	0	67.1	49.50	17.60	Inf	
NC_049632.1 	32	7589  	7502  	Ser	GCT	0	0	70.1	49.20	20.90	Inf	
NC_049632.1 	33	6361  	6290  	Gln	TTG	0	0	58.0	37.20	20.80	Inf	
NC_049632.1 	34	80    	8     	His	GTG	0	0	63.3	44.60	18.70	Inf	
