Sequence    		tRNA  	Bounds	tRNA	Anti	Intron Bounds	Inf	HMM	2'Str	Hit	      
Name        	tRNA #	Begin 	End   	Type	Codon	Begin	End	Score	Score	Score	Origin	Note
--------    	------	----- 	------	----	-----	-----	----	------	-----	-----	------	------
NC_014570.1 	1	10786 	10857 	Arg	TCT	0	0	67.2	38.60	28.60	Inf	
NC_014570.1 	2	29509 	29579 	Cys	GCA	0	0	59.3	40.40	18.90	Inf	
NC_014570.1 	3	34365 	34436 	Thr	GGT	0	0	65.9	36.40	29.50	Inf	
NC_014570.1 	4	39856 	39926 	Gly	GCC	0	0	63.0	44.00	19.00	Inf	
NC_014570.1 	5	48825 	48911 	Ser	GGA	0	0	73.6	47.00	26.60	Inf	
NC_014570.1 	6	52107 	52179 	Phe	GAA	0	0	67.1	44.50	22.60	Inf	
NC_014570.1 	7	55985 	56057 	Met	CAT	0	0	59.5	35.70	23.80	Inf	
NC_014570.1 	8	105246	105317	Val	GAC	0	0	58.9	28.60	30.30	Inf	
NC_014570.1 	9	107330	107417	Ile	GAT	107366	107381	16.4	0.00	16.40	Inf	
NC_014570.1 	10	113065	113138	Arg	ACG	0	0	57.7	41.30	16.40	Inf	
NC_014570.1 	11	119352	119431	Leu	TAG	0	0	57.3	28.70	28.60	Inf	
NC_014570.1 	12	135171	135242	Asn	GTT	0	0	68.2	44.80	23.40	Inf	
NC_014570.1 	13	150081	150161	Leu	CAA	0	0	62.3	34.40	27.90	Inf	
NC_014570.1 	14	158041	158114	Met	CAT	0	0	70.4	43.60	26.80	Inf	
NC_014570.1 	15	143764	143693	Val	GAC	0	0	58.9	28.60	30.30	Inf	
NC_014570.1 	16	141680	141593	Ile	GAT	141644	141629	16.4	0.00	16.40	Inf	
NC_014570.1 	17	135945	135872	Arg	ACG	0	0	57.7	41.30	16.40	Inf	
NC_014570.1 	18	113839	113768	Asn	GTT	0	0	68.2	44.80	23.40	Inf	
NC_014570.1 	19	98929 	98849 	Leu	CAA	0	0	62.3	34.40	27.90	Inf	
NC_014570.1 	20	90969 	90896 	Met	CAT	0	0	70.4	43.60	26.80	Inf	
NC_014570.1 	21	71275 	71202 	Pro	TGG	0	0	65.6	40.90	24.70	Inf	
NC_014570.1 	22	71008 	70935 	Trp	CCA	0	0	68.7	42.90	25.80	Inf	
NC_014570.1 	23	50062 	49990 	Thr	TGT	0	0	69.3	47.60	21.70	Inf	
NC_014570.1 	24	40173 	40100 	Met	CAT	0	0	66.9	38.60	28.30	Inf	
NC_014570.1 	25	38615 	38523 	Ser	TGA	0	0	73.4	49.50	23.90	Inf	
NC_014570.1 	26	33459 	33387 	Glu	TTC	0	0	53.9	28.90	25.00	Inf	
NC_014570.1 	27	33327 	33244 	Tyr	GTA	0	0	62.3	40.60	21.70	Inf	
NC_014570.1 	28	32799 	32726 	Asp	GTC	0	0	67.1	49.60	17.50	Inf	
NC_014570.1 	29	8940  	8853  	Ser	GCT	0	0	74.4	51.20	23.20	Inf	
NC_014570.1 	30	7636  	7565  	Gln	TTG	0	0	58.9	38.10	20.80	Inf	
NC_014570.1 	31	75    	2     	His	GTG	0	0	62.8	44.70	18.10	Inf	
