Sequence    		tRNA  	Bounds	tRNA	Anti	Intron Bounds	Inf	HMM	2'Str	Hit	      
Name        	tRNA #	Begin 	End   	Type	Codon	Begin	End	Score	Score	Score	Origin	Note
--------    	------	----- 	------	----	-----	-----	----	------	-----	-----	------	------
NC_015206.1 	1	10061 	10132 	Arg	TCT	0	0	67.2	38.60	28.60	Inf	
NC_015206.1 	2	27521 	27591 	Cys	GCA	0	0	59.3	40.40	18.90	Inf	
NC_015206.1 	3	32176 	32247 	Thr	GGT	0	0	65.9	36.40	29.50	Inf	
NC_015206.1 	4	37304 	37374 	Gly	GCC	0	0	61.4	42.50	18.90	Inf	
NC_015206.1 	5	46370 	46456 	Ser	GGA	0	0	72.5	45.90	26.60	Inf	
NC_015206.1 	6	48752 	49256 	Leu	TAA	48790	49209	19.6	0.00	19.60	Inf	
NC_015206.1 	7	49680 	49752 	Phe	GAA	0	0	67.1	44.50	22.60	Inf	
NC_015206.1 	8	53590 	53662 	Met	CAT	0	0	59.5	35.70	23.80	Inf	
NC_015206.1 	9	101688	101759	Val	GAC	0	0	58.9	28.60	30.30	Inf	
NC_015206.1 	10	103778	103865	Ile	GAT	103814	103829	16.4	0.00	16.40	Inf	
NC_015206.1 	11	104871	104975	Ala	TGC	104908	104947	16.3	30.00	-13.70	Inf	
NC_015206.1 	12	109534	109607	Arg	ACG	0	0	57.7	41.30	16.40	Inf	
NC_015206.1 	13	115266	115345	Leu	TAG	0	0	57.3	28.70	28.60	Inf	
NC_015206.1 	14	131155	131226	Asn	GTT	0	0	68.2	44.80	23.40	Inf	
NC_015206.1 	15	145648	145728	Leu	CAA	0	0	63.0	34.00	29.00	Inf	
NC_015206.1 	16	153593	153666	Met	CAT	0	0	70.4	43.60	26.80	Inf	
NC_015206.1 	17	139610	139539	Val	GAC	0	0	58.9	28.60	30.30	Inf	
NC_015206.1 	18	137520	137433	Ile	GAT	137484	137469	16.4	0.00	16.40	Inf	
NC_015206.1 	19	136427	136323	Ala	TGC	136390	136351	16.3	30.00	-13.70	Inf	
NC_015206.1 	20	131764	131691	Arg	ACG	0	0	57.7	41.30	16.40	Inf	
NC_015206.1 	21	110143	110072	Asn	GTT	0	0	68.2	44.80	23.40	Inf	
NC_015206.1 	22	95650 	95570 	Leu	CAA	0	0	63.0	34.00	29.00	Inf	
NC_015206.1 	23	87705 	87632 	Met	CAT	0	0	70.4	43.60	26.80	Inf	
NC_015206.1 	24	67747 	67674 	Pro	TGG	0	0	65.6	40.90	24.70	Inf	
NC_015206.1 	25	67539 	67466 	Trp	CCA	0	0	68.7	42.90	25.80	Inf	
NC_015206.1 	26	47806 	47734 	Thr	TGT	0	0	66.0	47.70	18.30	Inf	
NC_015206.1 	27	37640 	37567 	Met	CAT	0	0	62.5	34.20	28.30	Inf	
NC_015206.1 	28	36390 	36298 	Ser	TGA	0	0	72.8	47.20	25.60	Inf	
NC_015206.1 	29	31618 	31546 	Glu	TTC	0	0	53.8	28.90	24.90	Inf	
NC_015206.1 	30	31486 	31403 	Tyr	GTA	0	0	62.3	40.60	21.70	Inf	
NC_015206.1 	31	30924 	30851 	Asp	GTC	0	0	67.0	49.50	17.50	Inf	
NC_015206.1 	32	8458  	8371  	Ser	GCT	0	0	74.4	51.20	23.20	Inf	
NC_015206.1 	33	7241  	7170  	Gln	TTG	0	0	58.9	38.10	20.80	Inf	
NC_015206.1 	34	108   	35    	His	GTG	0	0	60.7	42.60	18.10	Inf	
