Sequence    		tRNA  	Bounds	tRNA	Anti	Intron Bounds	Inf	HMM	2'Str	Hit	      
Name        	tRNA #	Begin 	End   	Type	Codon	Begin	End	Score	Score	Score	Origin	Note
--------    	------	----- 	------	----	-----	-----	----	------	-----	-----	------	------
NC_007944.1 	1	10212 	10283 	Arg	TCT	0	0	67.2	38.60	28.60	Inf	
NC_007944.1 	2	28898 	28969 	Cys	GCA	0	0	64.8	39.70	25.10	Inf	
NC_007944.1 	3	33073 	33144 	Thr	GGT	0	0	65.9	36.40	29.50	Inf	
NC_007944.1 	4	38646 	38716 	Gly	GCC	0	0	63.0	44.00	19.00	Inf	
NC_007944.1 	5	47296 	47382 	Ser	GGA	0	0	72.9	44.90	28.00	Inf	
NC_007944.1 	6	51305 	51377 	Phe	GAA	0	0	68.5	46.00	22.50	Inf	
NC_007944.1 	7	55572 	55644 	Met	CAT	0	0	59.5	35.70	23.80	Inf	
NC_007944.1 	8	105361	105432	Val	GAC	0	0	58.9	28.60	30.30	Inf	
NC_007944.1 	9	107443	107530	Ile	GAT	107479	107494	16.4	0.00	16.40	Inf	
NC_007944.1 	10	108537	108641	Ala	TGC	108574	108613	16.3	25.30	-9.00	Inf	
NC_007944.1 	11	113241	113314	Arg	ACG	0	0	57.7	41.30	16.40	Inf	
NC_007944.1 	12	135085	135156	Asn	GTT	0	0	68.7	42.80	25.90	Inf	
NC_007944.1 	13	150159	150239	Leu	CAA	0	0	62.3	34.40	27.90	Inf	
NC_007944.1 	14	158182	158255	Met	CAT	0	0	70.4	43.60	26.80	Inf	
NC_007944.1 	15	143736	143665	Val	GAC	0	0	58.9	28.60	30.30	Inf	
NC_007944.1 	16	141654	141567	Ile	GAT	141618	141603	16.4	0.00	16.40	Inf	
NC_007944.1 	17	140560	140456	Ala	TGC	140523	140484	16.3	25.30	-9.00	Inf	
NC_007944.1 	18	135856	135783	Arg	ACG	0	0	57.7	41.30	16.40	Inf	
NC_007944.1 	19	129779	129700	Leu	TAG	0	0	57.3	28.70	28.60	Inf	
NC_007944.1 	20	114012	113941	Asn	GTT	0	0	68.7	42.80	25.90	Inf	
NC_007944.1 	21	98938 	98858 	Leu	CAA	0	0	62.3	34.40	27.90	Inf	
NC_007944.1 	22	90915 	90842 	Met	CAT	0	0	70.4	43.60	26.80	Inf	
NC_007944.1 	23	70732 	70659 	Pro	TGG	0	0	65.6	40.90	24.70	Inf	
NC_007944.1 	24	70480 	70407 	Trp	CCA	0	0	71.9	42.80	29.10	Inf	
NC_007944.1 	25	48890 	48818 	Thr	TGT	0	0	69.3	47.60	21.70	Inf	
NC_007944.1 	26	38942 	38869 	Met	CAT	0	0	66.9	39.90	27.00	Inf	
NC_007944.1 	27	37371 	37279 	Ser	TGA	0	0	81.5	50.70	30.80	Inf	
NC_007944.1 	28	32227 	32155 	Glu	TTC	0	0	55.8	27.50	28.30	Inf	
NC_007944.1 	29	32095 	32012 	Tyr	GTA	0	0	62.3	40.60	21.70	Inf	
NC_007944.1 	30	31514 	31441 	Asp	GTC	0	0	67.0	49.50	17.50	Inf	
NC_007944.1 	31	8258  	8171  	Ser	GCT	0	0	70.9	51.70	19.20	Inf	
NC_007944.1 	32	7039  	6968  	Gln	TTG	0	0	59.2	38.20	21.00	Inf	
NC_007944.1 	33	76    	3     	His	GTG	0	0	62.8	44.70	18.10	Inf	
