Sequence    		tRNA  	Bounds	tRNA	Anti	Intron Bounds	Inf	HMM	2'Str	Hit	      
Name        	tRNA #	Begin 	End   	Type	Codon	Begin	End	Score	Score	Score	Origin	Note
--------    	------	----- 	------	----	-----	-----	----	------	-----	-----	------	------
NC_016668.1 	1	10131 	10202 	Arg	TCT	0	0	67.2	38.60	28.60	Inf	
NC_016668.1 	2	28804 	28875 	Cys	GCA	0	0	64.8	39.70	25.10	Inf	
NC_016668.1 	3	32906 	32977 	Thr	GGT	0	0	65.9	36.40	29.50	Inf	
NC_016668.1 	4	38487 	38557 	Gly	GCC	0	0	63.0	44.00	19.00	Inf	
NC_016668.1 	5	47122 	47208 	Ser	GGA	0	0	72.9	44.90	28.00	Inf	
NC_016668.1 	6	51129 	51201 	Phe	GAA	0	0	68.5	46.00	22.50	Inf	
NC_016668.1 	7	55386 	55458 	Met	CAT	0	0	58.1	34.30	23.80	Inf	
NC_016668.1 	8	105276	105347	Val	GAC	0	0	58.9	28.60	30.30	Inf	
NC_016668.1 	9	107358	107445	Ile	GAT	107394	107409	16.4	0.00	16.40	Inf	
NC_016668.1 	10	108451	108555	Ala	TGC	108488	108527	16.3	25.30	-9.00	Inf	
NC_016668.1 	11	113139	113212	Arg	ACG	0	0	57.7	41.30	16.40	Inf	
NC_016668.1 	12	134906	134977	Asn	GTT	0	0	68.7	42.80	25.90	Inf	
NC_016668.1 	13	149969	150049	Leu	CAA	0	0	62.3	34.40	27.90	Inf	
NC_016668.1 	14	157987	158060	Met	CAT	0	0	70.4	43.60	26.80	Inf	
NC_016668.1 	15	143540	143469	Val	GAC	0	0	58.9	28.60	30.30	Inf	
NC_016668.1 	16	141458	141371	Ile	GAT	141422	141407	16.4	0.00	16.40	Inf	
NC_016668.1 	17	140365	140261	Ala	TGC	140328	140289	16.3	25.30	-9.00	Inf	
NC_016668.1 	18	135677	135604	Arg	ACG	0	0	57.7	41.30	16.40	Inf	
NC_016668.1 	19	129677	129598	Leu	TAG	0	0	57.3	28.70	28.60	Inf	
NC_016668.1 	20	113910	113839	Asn	GTT	0	0	68.7	42.80	25.90	Inf	
NC_016668.1 	21	98847 	98767 	Leu	CAA	0	0	62.3	34.40	27.90	Inf	
NC_016668.1 	22	90829 	90756 	Met	CAT	0	0	70.4	43.60	26.80	Inf	
NC_016668.1 	23	70659 	70586 	Pro	TGG	0	0	69.9	40.00	29.90	Inf	
NC_016668.1 	24	70402 	70329 	Trp	CCA	0	0	71.9	42.80	29.10	Inf	
NC_016668.1 	25	48701 	48629 	Thr	TGT	0	0	69.3	47.60	21.70	Inf	
NC_016668.1 	26	38783 	38710 	Met	CAT	0	0	66.9	39.90	27.00	Inf	
NC_016668.1 	27	37196 	37104 	Ser	TGA	0	0	81.5	50.70	30.80	Inf	
NC_016668.1 	28	32093 	32021 	Glu	TTC	0	0	55.8	27.50	28.30	Inf	
NC_016668.1 	29	31961 	31878 	Tyr	GTA	0	0	62.3	40.60	21.70	Inf	
NC_016668.1 	30	31374 	31301 	Asp	GTC	0	0	67.0	49.50	17.50	Inf	
NC_016668.1 	31	8195  	8108  	Ser	GCT	0	0	70.9	51.70	19.20	Inf	
NC_016668.1 	32	6971  	6900  	Gln	TTG	0	0	59.2	38.20	21.00	Inf	
NC_016668.1 	33	75    	2     	His	GTG	0	0	62.8	44.70	18.10	Inf	
