Sequence    		tRNA  	Bounds	tRNA	Anti	Intron Bounds	Inf	HMM	2'Str	Hit	      
Name        	tRNA #	Begin 	End   	Type	Codon	Begin	End	Score	Score	Score	Origin	Note
--------    	------	----- 	------	----	-----	-----	----	------	-----	-----	------	------
NC_007977.1 	1	9420  	9490  	Cys	GCA	0	0	64.1	41.70	22.40	Inf	
NC_007977.1 	2	36114 	36184 	Gly	GCC	0	0	63.0	44.00	19.00	Inf	
NC_007977.1 	3	45045 	45131 	Ser	GGA	0	0	73.2	47.70	25.50	Inf	
NC_007977.1 	4	47025 	47546 	Leu	TAA	47063	47499	18.9	0.00	18.90	Inf	
NC_007977.1 	5	47897 	47969 	Phe	GAA	0	0	68.9	40.10	28.80	Inf	
NC_007977.1 	6	51619 	51691 	Met	CAT	0	0	58.1	34.30	23.80	Inf	
NC_007977.1 	7	98926 	98997 	Val	GAC	0	0	58.9	28.60	30.30	Inf	
NC_007977.1 	8	101008	101095	Ile	GAT	101044	101059	16.4	0.00	16.40	Inf	
NC_007977.1 	9	101923	102027	Ala	TGC	101960	101999	16.3	30.00	-13.70	Inf	
NC_007977.1 	10	106628	106701	Arg	ACG	0	0	57.7	41.30	16.40	Inf	
NC_007977.1 	11	127375	127446	Asn	GTT	0	0	72.5	48.50	24.00	Inf	
NC_007977.1 	12	141928	142008	Leu	CAA	0	0	62.3	34.40	27.90	Inf	
NC_007977.1 	13	148922	148995	Met	CAT	0	0	70.0	43.20	26.80	Inf	
NC_007977.1 	14	135709	135638	Val	GAC	0	0	58.9	28.60	30.30	Inf	
NC_007977.1 	15	133627	133540	Ile	GAT	133591	133576	16.4	0.00	16.40	Inf	
NC_007977.1 	16	132712	132608	Ala	TGC	132675	132636	16.3	30.00	-13.70	Inf	
NC_007977.1 	17	128007	127934	Arg	ACG	0	0	57.7	41.30	16.40	Inf	
NC_007977.1 	18	122364	122285	Leu	TAG	0	0	57.3	28.70	28.60	Inf	
NC_007977.1 	19	107260	107189	Asn	GTT	0	0	72.5	48.50	24.00	Inf	
NC_007977.1 	20	92707 	92627 	Leu	CAA	0	0	62.3	34.40	27.90	Inf	
NC_007977.1 	21	85713 	85640 	Met	CAT	0	0	70.0	43.20	26.80	Inf	
NC_007977.1 	22	66126 	66053 	Pro	TGG	0	0	65.6	40.90	24.70	Inf	
NC_007977.1 	23	65903 	65830 	Trp	CCA	0	0	73.0	40.40	32.60	Inf	
NC_007977.1 	24	46483 	46411 	Thr	TGT	0	0	62.9	47.60	15.30	Inf	
NC_007977.1 	25	36454 	36381 	Met	CAT	0	0	63.2	39.30	23.90	Inf	
NC_007977.1 	26	35257 	35175 	Ser	TGA	0	0	79.9	52.70	27.20	Inf	
NC_007977.1 	27	30119 	30048 	Arg	TCT	0	0	66.5	38.00	28.50	Inf	
NC_007977.1 	28	12163 	12092 	Glu	TTC	0	0	54.0	33.50	20.50	Inf	
NC_007977.1 	29	11922 	11839 	Tyr	GTA	0	0	66.9	41.30	25.60	Inf	
NC_007977.1 	30	11725 	11652 	Asp	GTC	0	0	59.8	42.40	17.40	Inf	
NC_007977.1 	31	8667  	8580  	Ser	GCT	0	0	77.9	49.90	28.00	Inf	
NC_007977.1 	32	7378  	7307  	Gln	TTG	0	0	58.0	37.20	20.80	Inf	
NC_007977.1 	33	74    	1     	His	GTG	0	0	62.8	44.70	18.10	Inf	
