Sequence    		tRNA  	Bounds	tRNA	Anti	Intron Bounds	Inf	HMM	2'Str	Hit	      
Name        	tRNA #	Begin 	End   	Type	Codon	Begin	End	Score	Score	Score	Origin	Note
--------    	------	----- 	------	----	-----	-----	----	------	-----	-----	------	------
NC_049655.1 	1	9412  	9483  	Arg	TCT	0	0	63.8	40.10	23.70	Inf	
NC_049655.1 	2	27223 	27293 	Cys	GCA	0	0	64.1	41.70	22.40	Inf	
NC_049655.1 	3	31035 	31106 	Thr	GGT	0	0	65.9	36.40	29.50	Inf	
NC_049655.1 	4	35949 	36019 	Gly	GCC	0	0	63.0	44.00	19.00	Inf	
NC_049655.1 	5	44295 	44381 	Ser	GGA	0	0	73.0	45.10	27.90	Inf	
NC_049655.1 	6	46554 	46959 	Leu	TAA	46592	46912	45.0	18.10	26.90	Inf	
NC_049655.1 	7	47307 	47379 	Phe	GAA	0	0	71.4	47.50	23.90	Inf	
NC_049655.1 	8	51387 	51459 	Met	CAT	0	0	62.9	35.20	27.70	Inf	
NC_049655.1 	9	99873 	99944 	Val	GAC	0	0	58.9	28.60	30.30	Inf	
NC_049655.1 	10	101890	101977	Ile	GAT	101926	101941	16.4	0.00	16.40	Inf	
NC_049655.1 	11	102971	103075	Ala	TGC	103008	103047	16.3	25.30	-9.00	Inf	
NC_049655.1 	12	107628	107701	Arg	ACG	0	0	55.8	40.90	14.90	Inf	
NC_049655.1 	13	113311	113390	Leu	TAG	0	0	64.3	30.00	34.30	Inf	
NC_049655.1 	14	128546	128617	Asn	GTT	0	0	69.1	46.50	22.60	Inf	
NC_049655.1 	15	143397	143477	Leu	CAA	0	0	63.0	34.00	29.00	Inf	
NC_049655.1 	16	151317	151390	Met	CAT	0	0	70.4	43.60	26.80	Inf	
NC_049655.1 	17	137081	137010	Val	GAC	0	0	58.9	28.60	30.30	Inf	
NC_049655.1 	18	135064	134977	Ile	GAT	135028	135013	16.4	0.00	16.40	Inf	
NC_049655.1 	19	133983	133879	Ala	TGC	133946	133907	16.3	25.30	-9.00	Inf	
NC_049655.1 	20	129326	129253	Arg	ACG	0	0	55.8	40.90	14.90	Inf	
NC_049655.1 	21	108408	108337	Asn	GTT	0	0	69.1	46.50	22.60	Inf	
NC_049655.1 	22	93557 	93477 	Leu	CAA	0	0	63.0	34.00	29.00	Inf	
NC_049655.1 	23	85637 	85564 	Met	CAT	0	0	70.4	43.60	26.80	Inf	
NC_049655.1 	24	65597 	65524 	Pro	TGG	0	0	65.6	40.90	24.70	Inf	
NC_049655.1 	25	65338 	65265 	Trp	CCA	0	0	71.9	42.80	29.10	Inf	
NC_049655.1 	26	51202 	51106 	Val	TAC	51164	51148	15.0	16.50	-1.50	Inf	
NC_049655.1 	27	45727 	45655 	Thr	TGT	0	0	69.3	47.60	21.70	Inf	
NC_049655.1 	28	36234 	36161 	Met	CAT	0	0	67.5	38.40	29.10	Inf	
NC_049655.1 	29	34904 	34812 	Ser	TGA	0	0	74.3	49.20	25.10	Inf	
NC_049655.1 	30	30369 	30297 	Glu	TTC	0	0	52.4	27.50	24.90	Inf	
NC_049655.1 	31	30237 	30154 	Tyr	GTA	0	0	62.3	40.60	21.70	Inf	
NC_049655.1 	32	29711 	29638 	Asp	GTC	0	0	67.1	49.60	17.50	Inf	
NC_049655.1 	33	7784  	7697  	Ser	GCT	0	0	76.1	52.60	23.50	Inf	
NC_049655.1 	34	6555  	6484  	Gln	TTG	0	0	58.0	37.20	20.80	Inf	
NC_049655.1 	35	70    	1     	His	GTG	0	0	39.6	28.90	10.70	Inf	
