Sequence    		tRNA  	Bounds	tRNA	Anti	Intron Bounds	Inf	HMM	2'Str	Hit	      
Name        	tRNA #	Begin 	End   	Type	Codon	Begin	End	Score	Score	Score	Origin	Note
--------    	------	----- 	------	----	-----	-----	----	------	-----	-----	------	------
NC_028415.1 	1	9653  	9724  	Arg	TCT	0	0	63.8	40.10	23.70	Inf	
NC_028415.1 	2	27537 	27607 	Cys	GCA	0	0	64.1	41.70	22.40	Inf	
NC_028415.1 	3	31573 	31644 	Thr	GGT	0	0	65.9	36.40	29.50	Inf	
NC_028415.1 	4	36648 	36718 	Gly	GCC	0	0	63.0	44.00	19.00	Inf	
NC_028415.1 	5	45028 	45114 	Ser	GGA	0	0	73.0	45.10	27.90	Inf	
NC_028415.1 	6	47972 	48044 	Phe	GAA	0	0	71.4	47.50	23.90	Inf	
NC_028415.1 	7	48431 	48503 	Phe	GAA	0	0	71.4	47.50	23.90	Inf	
NC_028415.1 	8	52347 	52419 	Met	CAT	0	0	62.9	35.20	27.70	Inf	
NC_028415.1 	9	101574	101645	Val	GAC	0	0	58.9	28.60	30.30	Inf	
NC_028415.1 	10	103681	103768	Ile	GAT	103717	103732	16.4	0.00	16.40	Inf	
NC_028415.1 	11	104761	104865	Ala	TGC	104798	104837	16.3	25.30	-9.00	Inf	
NC_028415.1 	12	109625	109698	Arg	ACG	0	0	55.8	40.90	14.90	Inf	
NC_028415.1 	13	115631	115710	Leu	TAG	0	0	66.3	29.40	36.90	Inf	
NC_028415.1 	14	130901	130972	Asn	GTT	0	0	69.1	46.50	22.60	Inf	
NC_028415.1 	15	146276	146356	Leu	CAA	0	0	63.0	34.00	29.00	Inf	
NC_028415.1 	16	154320	154393	Met	CAT	0	0	70.4	43.60	26.80	Inf	
NC_028415.1 	17	139748	139677	Val	GAC	0	0	58.9	28.60	30.30	Inf	
NC_028415.1 	18	137641	137554	Ile	GAT	137605	137590	16.4	0.00	16.40	Inf	
NC_028415.1 	19	136561	136457	Ala	TGC	136524	136485	16.3	25.30	-9.00	Inf	
NC_028415.1 	20	131697	131624	Arg	ACG	0	0	55.8	40.90	14.90	Inf	
NC_028415.1 	21	110421	110350	Asn	GTT	0	0	69.1	46.50	22.60	Inf	
NC_028415.1 	22	95046 	94966 	Leu	CAA	0	0	63.0	34.00	29.00	Inf	
NC_028415.1 	23	87002 	86929 	Met	CAT	0	0	70.4	43.60	26.80	Inf	
NC_028415.1 	24	67012 	66939 	Pro	TGG	0	0	65.6	40.90	24.70	Inf	
NC_028415.1 	25	66751 	66678 	Trp	CCA	0	0	71.9	42.80	29.10	Inf	
NC_028415.1 	26	52157 	52061 	Val	TAC	52119	52103	15.0	16.50	-1.50	Inf	
NC_028415.1 	27	46508 	46436 	Thr	TGT	0	0	69.3	47.60	21.70	Inf	
NC_028415.1 	28	36937 	36864 	Met	CAT	0	0	67.5	38.40	29.10	Inf	
NC_028415.1 	29	35628 	35536 	Ser	TGA	0	0	74.3	49.20	25.10	Inf	
NC_028415.1 	30	30751 	30679 	Glu	TTC	0	0	53.9	28.90	25.00	Inf	
NC_028415.1 	31	30619 	30536 	Tyr	GTA	0	0	62.3	40.60	21.70	Inf	
NC_028415.1 	32	30096 	30023 	Asp	GTC	0	0	67.0	49.50	17.50	Inf	
NC_028415.1 	33	7941  	7854  	Ser	GCT	0	0	72.9	49.40	23.50	Inf	
NC_028415.1 	34	6730  	6659  	Gln	TTG	0	0	58.0	37.20	20.80	Inf	
NC_028415.1 	35	76    	4     	His	GTG	0	0	59.9	42.70	17.20	Inf	
