Sequence    		tRNA  	Bounds	tRNA	Anti	Intron Bounds	Inf	HMM	2'Str	Hit	      
Name        	tRNA #	Begin 	End   	Type	Codon	Begin	End	Score	Score	Score	Origin	Note
--------    	------	----- 	------	----	-----	-----	----	------	-----	-----	------	------
NC_049659.1 	1	9460  	9531  	Arg	TCT	0	0	63.8	40.10	23.70	Inf	
NC_049659.1 	2	27232 	27302 	Cys	GCA	0	0	64.1	41.70	22.40	Inf	
NC_049659.1 	3	31319 	31390 	Thr	GGT	0	0	65.9	36.40	29.50	Inf	
NC_049659.1 	4	36338 	36408 	Gly	GCC	0	0	65.3	44.00	21.30	Inf	
NC_049659.1 	5	44668 	44754 	Ser	GGA	0	0	73.0	45.10	27.90	Inf	
NC_049659.1 	6	46949 	47354 	Leu	TAA	46987	47307	45.8	18.90	26.90	Inf	
NC_049659.1 	7	47699 	47771 	Phe	GAA	0	0	68.5	46.00	22.50	Inf	
NC_049659.1 	8	51458 	51530 	Met	CAT	0	0	62.9	35.20	27.70	Inf	
NC_049659.1 	9	100316	100387	Val	GAC	0	0	58.9	28.60	30.30	Inf	
NC_049659.1 	10	102333	102420	Ile	GAT	102369	102384	16.4	0.00	16.40	Inf	
NC_049659.1 	11	103416	103520	Ala	TGC	103453	103492	16.3	25.30	-9.00	Inf	
NC_049659.1 	12	108066	108139	Arg	ACG	0	0	55.8	40.90	14.90	Inf	
NC_049659.1 	13	114296	114375	Leu	TAG	0	0	60.4	30.20	30.20	Inf	
NC_049659.1 	14	129520	129591	Asn	GTT	0	0	69.1	46.50	22.60	Inf	
NC_049659.1 	15	144400	144480	Leu	CAA	0	0	63.0	34.00	29.00	Inf	
NC_049659.1 	16	152388	152461	Met	CAT	0	0	70.4	43.60	26.80	Inf	
NC_049659.1 	17	138056	137985	Val	GAC	0	0	58.9	28.60	30.30	Inf	
NC_049659.1 	18	136039	135952	Ile	GAT	136003	135988	16.4	0.00	16.40	Inf	
NC_049659.1 	19	134956	134852	Ala	TGC	134919	134880	16.3	25.30	-9.00	Inf	
NC_049659.1 	20	130306	130233	Arg	ACG	0	0	55.8	40.90	14.90	Inf	
NC_049659.1 	21	108852	108781	Asn	GTT	0	0	69.1	46.50	22.60	Inf	
NC_049659.1 	22	93972 	93892 	Leu	CAA	0	0	63.0	34.00	29.00	Inf	
NC_049659.1 	23	85984 	85911 	Met	CAT	0	0	70.4	43.60	26.80	Inf	
NC_049659.1 	24	66057 	65984 	Pro	TGG	0	0	65.6	40.90	24.70	Inf	
NC_049659.1 	25	65794 	65721 	Trp	CCA	0	0	71.5	42.30	29.20	Inf	
NC_049659.1 	26	46129 	46057 	Thr	TGT	0	0	69.3	47.60	21.70	Inf	
NC_049659.1 	27	36625 	36552 	Met	CAT	0	0	63.2	39.30	23.90	Inf	
NC_049659.1 	28	35329 	35237 	Ser	TGA	0	0	72.9	47.70	25.20	Inf	
NC_049659.1 	29	30489 	30417 	Glu	TTC	0	0	53.9	28.90	25.00	Inf	
NC_049659.1 	30	30357 	30274 	Tyr	GTA	0	0	62.3	40.60	21.70	Inf	
NC_049659.1 	31	29835 	29762 	Asp	GTC	0	0	67.0	49.50	17.50	Inf	
NC_049659.1 	32	7842  	7755  	Ser	GCT	0	0	72.9	49.40	23.50	Inf	
NC_049659.1 	33	6633  	6562  	Gln	TTG	0	0	58.0	37.20	20.80	Inf	
NC_049659.1 	34	76    	4     	His	GTG	0	0	59.9	42.70	17.20	Inf	
