Sequence    		tRNA  	Bounds	tRNA	Anti	Intron Bounds	Inf	HMM	2'Str	Hit	      
Name        	tRNA #	Begin 	End   	Type	Codon	Begin	End	Score	Score	Score	Origin	Note
--------    	------	----- 	------	----	-----	-----	----	------	-----	-----	------	------
NC_002694.1 	1	14857 	14929 	Thr	TGT	0	0	69.3	47.60	21.70	Inf	
NC_002694.1 	2	24093 	24166 	Met	CAT	0	0	66.1	37.70	28.40	Inf	
NC_002694.1 	3	25728 	25816 	Ser	TGA	0	0	77.1	48.90	28.20	Inf	
NC_002694.1 	4	30426 	30498 	Glu	TTC	0	0	53.1	28.00	25.10	Inf	
NC_002694.1 	5	30559 	30642 	Tyr	GTA	0	0	62.3	40.60	21.70	Inf	
NC_002694.1 	6	31105 	31178 	Asp	GTC	0	0	69.2	51.70	17.50	Inf	
NC_002694.1 	7	52945 	53031 	Ser	GCT	0	0	73.1	51.80	21.30	Inf	
NC_002694.1 	8	54540 	54611 	Gln	TTG	0	0	57.5	36.70	20.80	Inf	
NC_002694.1 	9	97955 	98026 	Val	GAC	0	0	57.0	30.10	26.90	Inf	
NC_002694.1 	10	100880	100984	Ala	TGC	100917	100956	16.3	30.00	-13.70	Inf	
NC_002694.1 	11	105489	105562	Arg	ACG	0	0	57.7	41.30	16.40	Inf	
NC_002694.1 	12	110565	110644	Leu	TAG	0	0	60.4	30.20	30.20	Inf	
NC_002694.1 	13	126238	126309	Asn	GTT	0	0	72.5	48.50	24.00	Inf	
NC_002694.1 	14	140483	140563	Leu	CAA	0	0	63.0	34.00	29.00	Inf	
NC_002694.1 	15	148125	148198	Met	CAT	0	0	70.4	43.60	26.80	Inf	
NC_002694.1 	16	134501	134430	Val	GAC	0	0	57.0	30.10	26.90	Inf	
NC_002694.1 	17	131576	131472	Ala	TGC	131539	131500	16.3	30.00	-13.70	Inf	
NC_002694.1 	18	126967	126894	Arg	ACG	0	0	57.7	41.30	16.40	Inf	
NC_002694.1 	19	106218	106147	Asn	GTT	0	0	72.5	48.50	24.00	Inf	
NC_002694.1 	20	91973 	91893 	Leu	CAA	0	0	63.0	34.00	29.00	Inf	
NC_002694.1 	21	84331 	84258 	Met	CAT	0	0	70.4	43.60	26.80	Inf	
NC_002694.1 	22	63920 	63847 	Pro	TGG	0	0	69.9	40.00	29.90	Inf	
NC_002694.1 	23	63669 	63596 	Trp	CCA	0	0	71.9	42.90	29.00	Inf	
NC_002694.1 	24	51253 	51182 	Arg	TCT	0	0	64.6	38.50	26.10	Inf	
NC_002694.1 	25	33669 	33599 	Cys	GCA	0	0	60.7	41.90	18.80	Inf	
NC_002694.1 	26	29810 	29739 	Thr	GGT	0	0	64.5	35.00	29.50	Inf	
NC_002694.1 	27	24376 	24306 	Gly	GCC	0	0	63.0	44.00	19.00	Inf	
NC_002694.1 	28	16150 	16063 	Ser	GGA	0	0	73.5	46.50	27.00	Inf	
NC_002694.1 	29	13103 	13031 	Phe	GAA	0	0	65.9	43.30	22.60	Inf	
NC_002694.1 	30	9480  	9408  	Met	CAT	0	0	61.9	34.50	27.40	Inf	
NC_002694.1 	31	121   	48    	His	GTG	0	0	62.8	44.70	18.10	Inf	
