Sequence    		tRNA  	Bounds	tRNA	Anti	Intron Bounds	Inf	HMM	2'Str	Hit	      
Name        	tRNA #	Begin 	End   	Type	Codon	Begin	End	Score	Score	Score	Origin	Note
--------    	------	----- 	------	----	-----	-----	----	------	-----	-----	------	------
NC_047178.1 	1	9289  	9360  	Arg	TCT	0	0	63.8	40.10	23.70	Inf	
NC_047178.1 	2	27025 	27095 	Cys	GCA	0	0	64.1	41.70	22.40	Inf	
NC_047178.1 	3	31044 	31115 	Thr	GGT	0	0	65.9	36.40	29.50	Inf	
NC_047178.1 	4	36052 	36122 	Gly	GCC	0	0	65.3	44.00	21.30	Inf	
NC_047178.1 	5	44384 	44470 	Ser	GGA	0	0	73.0	45.10	27.90	Inf	
NC_047178.1 	6	47591 	47668 	Phe	GAA	0	0	22.1	25.90	-3.80	Inf	
NC_047178.1 	7	47845 	47913 	Sup	TTA	0	0	16.2	18.50	-2.30	Inf	
NC_047178.1 	8	47928 	48000 	Phe	GAA	0	0	74.7	47.40	27.30	Inf	
NC_047178.1 	9	51893 	51965 	Met	CAT	0	0	62.9	35.20	27.70	Inf	
NC_047178.1 	10	100520	100591	Val	GAC	0	0	58.9	28.60	30.30	Inf	
NC_047178.1 	11	102612	102699	Ile	GAT	102648	102663	16.4	0.00	16.40	Inf	
NC_047178.1 	12	103695	103799	Ala	TGC	103732	103771	16.3	25.30	-9.00	Inf	
NC_047178.1 	13	108345	108418	Arg	ACG	0	0	55.8	40.90	14.90	Inf	
NC_047178.1 	14	114667	114746	Leu	TAG	0	0	62.8	29.00	33.80	Inf	
NC_047178.1 	15	129866	129937	Asn	GTT	0	0	69.1	46.50	22.60	Inf	
NC_047178.1 	16	144828	144908	Leu	CAA	0	0	62.3	34.40	27.90	Inf	
NC_047178.1 	17	152783	152856	Met	CAT	0	0	70.4	43.60	26.80	Inf	
NC_047178.1 	18	138485	138414	Val	GAC	0	0	58.9	28.60	30.30	Inf	
NC_047178.1 	19	136393	136306	Ile	GAT	136357	136342	16.4	0.00	16.40	Inf	
NC_047178.1 	20	135310	135206	Ala	TGC	135273	135234	16.3	25.30	-9.00	Inf	
NC_047178.1 	21	130660	130587	Arg	ACG	0	0	55.8	40.90	14.90	Inf	
NC_047178.1 	22	109139	109068	Asn	GTT	0	0	69.1	46.50	22.60	Inf	
NC_047178.1 	23	94177 	94097 	Leu	CAA	0	0	62.3	34.40	27.90	Inf	
NC_047178.1 	24	86222 	86149 	Met	CAT	0	0	70.4	43.60	26.80	Inf	
NC_047178.1 	25	66349 	66276 	Pro	TGG	0	0	65.6	40.90	24.70	Inf	
NC_047178.1 	26	66088 	66015 	Trp	CCA	0	0	72.9	40.30	32.60	Inf	
NC_047178.1 	27	45837 	45765 	Thr	TGT	0	0	69.3	47.60	21.70	Inf	
NC_047178.1 	28	36336 	36263 	Met	CAT	0	0	63.2	39.30	23.90	Inf	
NC_047178.1 	29	35001 	34917 	Ser	TGA	0	0	79.3	51.00	28.30	Inf	
NC_047178.1 	30	30228 	30156 	Glu	TTC	0	0	53.9	28.90	25.00	Inf	
NC_047178.1 	31	30096 	30013 	Tyr	GTA	0	0	62.3	40.60	21.70	Inf	
NC_047178.1 	32	29562 	29489 	Asp	GTC	0	0	69.4	49.90	19.50	Inf	
NC_047178.1 	33	7705  	7618  	Ser	GCT	0	0	72.9	49.40	23.50	Inf	
NC_047178.1 	34	6477  	6406  	Gln	TTG	0	0	58.0	37.20	20.80	Inf	
NC_047178.1 	35	77    	5     	His	GTG	0	0	59.9	42.70	17.20	Inf	
