Sequence    		tRNA  	Bounds	tRNA	Anti	Intron Bounds	Inf	HMM	2'Str	Hit	      
Name        	tRNA #	Begin 	End   	Type	Codon	Begin	End	Score	Score	Score	Origin	Note
--------    	------	----- 	------	----	-----	-----	----	------	-----	-----	------	------
NC_007578.1 	1	9388  	9458  	Cys	GCA	0	0	64.1	41.70	22.40	Inf	
NC_007578.1 	2	31159 	31228 	Thr	GGT	0	0	21.0	19.30	1.70	Inf	
NC_007578.1 	3	36036 	36106 	Gly	GCC	0	0	63.0	44.00	19.00	Inf	
NC_007578.1 	4	45004 	45090 	Ser	GGA	0	0	72.3	45.90	26.40	Inf	
NC_007578.1 	5	47867 	47939 	Phe	GAA	0	0	68.6	44.30	24.30	Inf	
NC_007578.1 	6	52117 	52189 	Met	CAT	0	0	58.1	34.30	23.80	Inf	
NC_007578.1 	7	99896 	99967 	Val	GAC	0	0	58.9	28.60	30.30	Inf	
NC_007578.1 	8	103063	103167	Ala	TGC	103100	103139	16.3	30.00	-13.70	Inf	
NC_007578.1 	9	107733	107806	Arg	ACG	0	0	57.7	41.30	16.40	Inf	
NC_007578.1 	10	113415	113494	Leu	TAG	0	0	59.1	28.90	30.20	Inf	
NC_007578.1 	11	128527	128598	Asn	GTT	0	0	74.4	47.90	26.50	Inf	
NC_007578.1 	12	143229	143309	Leu	CAA	0	0	60.4	35.80	24.60	Inf	
NC_007578.1 	13	150620	150693	Met	CAT	0	0	70.0	43.20	26.80	Inf	
NC_007578.1 	14	136973	136902	Val	GAC	0	0	58.9	28.60	30.30	Inf	
NC_007578.1 	15	133806	133702	Ala	TGC	133769	133730	16.3	30.00	-13.70	Inf	
NC_007578.1 	16	129136	129063	Arg	ACG	0	0	57.7	41.30	16.40	Inf	
NC_007578.1 	17	108342	108271	Asn	GTT	0	0	74.4	47.90	26.50	Inf	
NC_007578.1 	18	93640 	93560 	Leu	CAA	0	0	60.4	35.80	24.60	Inf	
NC_007578.1 	19	86249 	86176 	Met	CAT	0	0	70.0	43.20	26.80	Inf	
NC_007578.1 	20	66631 	66558 	Pro	TGG	0	0	65.6	40.90	24.70	Inf	
NC_007578.1 	21	66392 	66319 	Trp	CCA	0	0	68.7	42.90	25.80	Inf	
NC_007578.1 	22	46443 	46371 	Thr	TGT	0	0	62.9	47.60	15.30	Inf	
NC_007578.1 	23	36380 	36307 	Met	CAT	0	0	63.2	39.30	23.90	Inf	
NC_007578.1 	24	35202 	35120 	Ser	TGA	0	0	79.9	52.70	27.20	Inf	
NC_007578.1 	25	30006 	29935 	Arg	TCT	0	0	67.2	38.60	28.60	Inf	
NC_007578.1 	26	12087 	12016 	Glu	TTC	0	0	58.3	36.20	22.10	Inf	
NC_007578.1 	27	11912 	11829 	Tyr	GTA	0	0	66.9	41.30	25.60	Inf	
NC_007578.1 	28	11715 	11642 	Asp	GTC	0	0	59.8	42.40	17.40	Inf	
NC_007578.1 	29	8636  	8549  	Ser	GCT	0	0	78.3	49.90	28.40	Inf	
NC_007578.1 	30	7333  	7262  	Gln	TTG	0	0	59.5	38.60	20.90	Inf	
NC_007578.1 	31	87    	14    	His	GTG	0	0	62.8	44.70	18.10	Inf	
