Sequence    		tRNA  	Bounds	tRNA	Anti	Intron Bounds	Inf	HMM	2'Str	Hit	      
Name        	tRNA #	Begin 	End   	Type	Codon	Begin	End	Score	Score	Score	Origin	Note
--------    	------	----- 	------	----	-----	-----	----	------	-----	-----	------	------
NC_036356.1 	1	3391  	3462  	Arg	TCT	0	0	67.2	38.60	28.60	Inf	
NC_036356.1 	2	22158 	22229 	Cys	GCA	0	0	66.7	40.20	26.50	Inf	
NC_036356.1 	3	26045 	26116 	Thr	GGT	0	0	62.9	37.40	25.50	Inf	
NC_036356.1 	4	31001 	31071 	Gly	GCC	0	0	63.0	44.00	19.00	Inf	
NC_036356.1 	5	39409 	39495 	Ser	GGA	0	0	73.6	47.00	26.60	Inf	
NC_036356.1 	6	42200 	42272 	Phe	GAA	0	0	66.8	41.10	25.70	Inf	
NC_036356.1 	7	46675 	46747 	Met	CAT	0	0	58.5	38.20	20.30	Inf	
NC_036356.1 	8	82050 	82123 	His	GTG	0	0	64.1	44.40	19.70	Inf	
NC_036356.1 	9	94960 	95031 	Val	GAC	0	0	58.9	28.60	30.30	Inf	
NC_036356.1 	10	97116 	97203 	Ile	GAT	97152	97167	18.8	0.00	18.80	Inf	
NC_036356.1 	11	98239 	98643 	Ala	TGC	98276	98606	18.6	30.00	-11.40	Inf	
NC_036356.1 	12	102800	102873	Arg	ACG	0	0	57.7	41.30	16.40	Inf	
NC_036356.1 	13	115927	116006	Leu	TAG	0	0	57.3	27.80	29.50	Inf	
NC_036356.1 	14	131263	131334	Asn	GTT	0	0	74.0	46.40	27.60	Inf	
NC_036356.1 	15	145217	145297	Leu	CAA	0	0	62.3	34.40	27.90	Inf	
NC_036356.1 	16	152400	152327	His	GTG	0	0	64.1	44.40	19.70	Inf	
NC_036356.1 	17	139490	139419	Val	GAC	0	0	58.9	28.60	30.30	Inf	
NC_036356.1 	18	137334	137247	Ile	GAT	137298	137283	18.8	0.00	18.80	Inf	
NC_036356.1 	19	136211	135807	Ala	TGC	136174	135844	18.6	30.00	-11.40	Inf	
NC_036356.1 	20	131650	131577	Arg	ACG	0	0	57.7	41.30	16.40	Inf	
NC_036356.1 	21	103187	103116	Asn	GTT	0	0	74.0	46.40	27.60	Inf	
NC_036356.1 	22	89233 	89153 	Leu	CAA	0	0	62.3	34.40	27.90	Inf	
NC_036356.1 	23	79621 	79548 	Met	CAT	0	0	70.0	43.20	26.80	Inf	
NC_036356.1 	24	60480 	60407 	Pro	TGG	0	0	65.6	40.90	24.70	Inf	
NC_036356.1 	25	60256 	60183 	Trp	CCA	0	0	71.9	43.00	28.90	Inf	
NC_036356.1 	26	40875 	40803 	Thr	TGT	0	0	67.7	45.00	22.70	Inf	
NC_036356.1 	27	31324 	31253 	Met	CAT	0	0	61.5	26.70	34.80	Inf	
NC_036356.1 	28	29988 	29899 	Ser	TGA	0	0	80.1	53.00	27.10	Inf	
NC_036356.1 	29	25107 	25035 	Glu	TTC	0	0	53.9	28.90	25.00	Inf	
NC_036356.1 	30	24969 	24886 	Tyr	GTA	0	0	62.3	40.60	21.70	Inf	
NC_036356.1 	31	24399 	24326 	Asp	GTC	0	0	67.0	49.50	17.50	Inf	
NC_036356.1 	32	1618  	1531  	Ser	GCT	0	0	72.7	50.20	22.50	Inf	
NC_036356.1 	33	351   	280   	Gln	TTG	0	0	61.7	40.80	20.90	Inf	
