Sequence    		tRNA  	Bounds	tRNA	Anti	Intron Bounds	Inf	HMM	2'Str	Hit	      
Name        	tRNA #	Begin 	End   	Type	Codon	Begin	End	Score	Score	Score	Origin	Note
--------    	------	----- 	------	----	-----	-----	----	------	-----	-----	------	------
NC_010433.1 	1	10954 	11025 	Arg	TCT	0	0	67.2	38.60	28.60	Inf	
NC_010433.1 	2	28631 	28701 	Cys	GCA	0	0	59.3	40.40	18.90	Inf	
NC_010433.1 	3	33619 	33690 	Thr	GGT	0	0	65.9	36.40	29.50	Inf	
NC_010433.1 	4	39206 	39276 	Gly	GCC	0	0	63.0	44.00	19.00	Inf	
NC_010433.1 	5	47628 	47714 	Ser	GGA	0	0	71.1	46.90	24.20	Inf	
NC_010433.1 	6	50560 	50632 	Phe	GAA	0	0	68.5	46.00	22.50	Inf	
NC_010433.1 	7	55089 	55161 	Met	CAT	0	0	64.6	37.30	27.30	Inf	
NC_010433.1 	8	105941	106012	Val	GAC	0	0	58.9	28.60	30.30	Inf	
NC_010433.1 	9	108030	108117	Ile	GAT	108066	108081	16.4	0.00	16.40	Inf	
NC_010433.1 	10	109077	109181	Ala	TGC	109114	109153	16.3	30.00	-13.70	Inf	
NC_010433.1 	11	113744	113817	Arg	ACG	0	0	57.7	41.30	16.40	Inf	
NC_010433.1 	12	120415	120494	Leu	TAG	0	0	57.3	28.70	28.60	Inf	
NC_010433.1 	13	136202	136273	Asn	GTT	0	0	68.2	44.80	23.40	Inf	
NC_010433.1 	14	150997	151077	Leu	CAA	0	0	62.3	34.40	27.90	Inf	
NC_010433.1 	15	159140	159213	Met	CAT	0	0	70.4	43.60	26.80	Inf	
NC_010433.1 	16	144768	144697	Val	GAC	0	0	58.9	28.60	30.30	Inf	
NC_010433.1 	17	142679	142592	Ile	GAT	142643	142628	16.4	0.00	16.40	Inf	
NC_010433.1 	18	141632	141528	Ala	TGC	141595	141556	16.3	30.00	-13.70	Inf	
NC_010433.1 	19	136965	136892	Arg	ACG	0	0	57.7	41.30	16.40	Inf	
NC_010433.1 	20	114507	114436	Asn	GTT	0	0	68.2	44.80	23.40	Inf	
NC_010433.1 	21	99712 	99632 	Leu	CAA	0	0	62.3	34.40	27.90	Inf	
NC_010433.1 	22	91569 	91496 	Met	CAT	0	0	70.4	43.60	26.80	Inf	
NC_010433.1 	23	71086 	71013 	Pro	TGG	0	0	65.6	40.90	24.70	Inf	
NC_010433.1 	24	70791 	70718 	Trp	CCA	0	0	71.9	42.80	29.10	Inf	
NC_010433.1 	25	49106 	49034 	Thr	TGT	0	0	67.6	45.80	21.80	Inf	
NC_010433.1 	26	39476 	39403 	Met	CAT	0	0	67.7	39.30	28.40	Inf	
NC_010433.1 	27	38073 	37984 	Ser	TGA	0	0	80.9	53.80	27.10	Inf	
NC_010433.1 	28	32859 	32787 	Glu	TTC	0	0	53.9	28.90	25.00	Inf	
NC_010433.1 	29	32727 	32644 	Tyr	GTA	0	0	62.3	40.60	21.70	Inf	
NC_010433.1 	30	32179 	32106 	Asp	GTC	0	0	67.0	49.50	17.50	Inf	
NC_010433.1 	31	8899  	8812  	Ser	GCT	0	0	74.5	51.30	23.20	Inf	
NC_010433.1 	32	7602  	7531  	Gln	TTG	0	0	57.5	36.70	20.80	Inf	
NC_010433.1 	33	76    	3     	His	GTG	0	0	64.7	44.90	19.80	Inf	
