Sequence    		tRNA  	Bounds	tRNA	Anti	Intron Bounds	Inf	HMM	2'Str	Hit	      
Name        	tRNA #	Begin 	End   	Type	Codon	Begin	End	Score	Score	Score	Origin	Note
--------    	------	----- 	------	----	-----	-----	----	------	-----	-----	------	------
NC_049671.1 	1	9408  	9479  	Arg	TCT	0	0	63.8	40.10	23.70	Inf	
NC_049671.1 	2	27279 	27349 	Cys	GCA	0	0	64.1	41.70	22.40	Inf	
NC_049671.1 	3	31255 	31326 	Thr	GGT	0	0	65.9	36.40	29.50	Inf	
NC_049671.1 	4	36156 	36226 	Gly	GCC	0	0	65.3	44.00	21.30	Inf	
NC_049671.1 	5	44482 	44568 	Ser	GGA	0	0	71.6	43.70	27.90	Inf	
NC_049671.1 	6	47716 	47788 	Phe	GAA	0	0	71.4	47.50	23.90	Inf	
NC_049671.1 	7	51809 	51881 	Met	CAT	0	0	62.9	35.20	27.70	Inf	
NC_049671.1 	8	100473	100544	Val	GAC	0	0	58.9	28.60	30.30	Inf	
NC_049671.1 	9	102565	102652	Ile	GAT	102601	102616	16.4	0.00	16.40	Inf	
NC_049671.1 	10	103665	103769	Ala	TGC	103702	103741	16.3	25.30	-9.00	Inf	
NC_049671.1 	11	108319	108392	Arg	ACG	0	0	55.8	40.90	14.90	Inf	
NC_049671.1 	12	114332	114411	Leu	TAG	0	0	60.4	30.20	30.20	Inf	
NC_049671.1 	13	129615	129686	Asn	GTT	0	0	69.1	46.50	22.60	Inf	
NC_049671.1 	14	144595	144675	Leu	CAA	0	0	62.3	34.40	27.90	Inf	
NC_049671.1 	15	152551	152624	Met	CAT	0	0	70.4	43.60	26.80	Inf	
NC_049671.1 	16	138241	138170	Val	GAC	0	0	58.9	28.60	30.30	Inf	
NC_049671.1 	17	136149	136062	Ile	GAT	136113	136098	16.4	0.00	16.40	Inf	
NC_049671.1 	18	135049	134945	Ala	TGC	135012	134973	16.3	25.30	-9.00	Inf	
NC_049671.1 	19	130395	130322	Arg	ACG	0	0	55.8	40.90	14.90	Inf	
NC_049671.1 	20	109099	109028	Asn	GTT	0	0	69.1	46.50	22.60	Inf	
NC_049671.1 	21	94119 	94039 	Leu	CAA	0	0	62.3	34.40	27.90	Inf	
NC_049671.1 	22	86163 	86090 	Met	CAT	0	0	70.4	43.60	26.80	Inf	
NC_049671.1 	23	66230 	66157 	Pro	TGG	0	0	65.6	40.90	24.70	Inf	
NC_049671.1 	24	65985 	65912 	Trp	CCA	0	0	72.9	40.30	32.60	Inf	
NC_049671.1 	25	45892 	45820 	Thr	TGT	0	0	69.3	47.60	21.70	Inf	
NC_049671.1 	26	36437 	36364 	Met	CAT	0	0	63.2	39.30	23.90	Inf	
NC_049671.1 	27	35151 	35060 	Ser	TGA	0	0	74.2	51.50	22.70	Inf	
NC_049671.1 	28	30439 	30367 	Glu	TTC	0	0	53.9	28.90	25.00	Inf	
NC_049671.1 	29	30307 	30224 	Tyr	GTA	0	0	62.3	40.60	21.70	Inf	
NC_049671.1 	30	29783 	29710 	Asp	GTC	0	0	67.0	49.50	17.50	Inf	
NC_049671.1 	31	7801  	7714  	Ser	GCT	0	0	74.2	50.70	23.50	Inf	
NC_049671.1 	32	6602  	6531  	Gln	TTG	0	0	58.0	37.20	20.80	Inf	
NC_049671.1 	33	75    	3     	His	GTG	0	0	59.9	42.70	17.20	Inf	
