Sequence    		tRNA  	Bounds	tRNA	Anti	Intron Bounds	Inf	HMM	2'Str	Hit	      
Name        	tRNA #	Begin 	End   	Type	Codon	Begin	End	Score	Score	Score	Origin	Note
--------    	------	----- 	------	----	-----	-----	----	------	-----	-----	------	------
NC_049676.1 	1	9669  	9740  	Arg	TCT	0	0	63.8	40.10	23.70	Inf	
NC_049676.1 	2	27500 	27570 	Cys	GCA	0	0	64.1	41.70	22.40	Inf	
NC_049676.1 	3	31117 	31188 	Thr	GGT	0	0	65.9	36.40	29.50	Inf	
NC_049676.1 	4	35985 	36055 	Gly	GCC	0	0	63.0	44.00	19.00	Inf	
NC_049676.1 	5	44384 	44470 	Ser	GGA	0	0	73.0	45.10	27.90	Inf	
NC_049676.1 	6	46565 	46965 	Leu	TAA	46603	46918	45.3	18.40	26.90	Inf	
NC_049676.1 	7	47309 	47381 	Phe	GAA	0	0	71.4	47.50	23.90	Inf	
NC_049676.1 	8	51270 	51342 	Met	CAT	0	0	62.9	35.20	27.70	Inf	
NC_049676.1 	9	99783 	99854 	Val	GAC	0	0	58.9	28.60	30.30	Inf	
NC_049676.1 	10	101800	101887	Ile	GAT	101836	101851	16.4	0.00	16.40	Inf	
NC_049676.1 	11	102745	102849	Ala	TGC	102782	102821	16.3	25.30	-9.00	Inf	
NC_049676.1 	12	107492	107565	Arg	ACG	0	0	55.8	40.90	14.90	Inf	
NC_049676.1 	13	113506	113585	Leu	TAG	0	0	66.3	29.40	36.90	Inf	
NC_049676.1 	14	128726	128797	Asn	GTT	0	0	69.1	46.50	22.60	Inf	
NC_049676.1 	15	143573	143653	Leu	CAA	0	0	63.0	34.00	29.00	Inf	
NC_049676.1 	16	151518	151591	Met	CAT	0	0	70.4	43.60	26.80	Inf	
NC_049676.1 	17	137222	137151	Val	GAC	0	0	58.9	28.60	30.30	Inf	
NC_049676.1 	18	135205	135118	Ile	GAT	135169	135154	16.4	0.00	16.40	Inf	
NC_049676.1 	19	134260	134156	Ala	TGC	134223	134184	16.3	25.30	-9.00	Inf	
NC_049676.1 	20	129513	129440	Arg	ACG	0	0	55.8	40.90	14.90	Inf	
NC_049676.1 	21	108279	108208	Asn	GTT	0	0	69.1	46.50	22.60	Inf	
NC_049676.1 	22	93432 	93352 	Leu	CAA	0	0	63.0	34.00	29.00	Inf	
NC_049676.1 	23	85487 	85414 	Met	CAT	0	0	70.4	43.60	26.80	Inf	
NC_049676.1 	24	65534 	65461 	Pro	TGG	0	0	65.6	40.90	24.70	Inf	
NC_049676.1 	25	65273 	65200 	Trp	CCA	0	0	71.9	42.80	29.10	Inf	
NC_049676.1 	26	51080 	50984 	Val	TAC	51042	51026	15.0	16.50	-1.50	Inf	
NC_049676.1 	27	45811 	45739 	Thr	TGT	0	0	69.3	47.60	21.70	Inf	
NC_049676.1 	28	36276 	36203 	Met	CAT	0	0	63.2	39.30	23.90	Inf	
NC_049676.1 	29	34962 	34870 	Ser	TGA	0	0	74.3	49.20	25.10	Inf	
NC_049676.1 	30	30661 	30589 	Glu	TTC	0	0	53.9	28.90	25.00	Inf	
NC_049676.1 	31	30529 	30446 	Tyr	GTA	0	0	62.3	40.60	21.70	Inf	
NC_049676.1 	32	30002 	29929 	Asp	GTC	0	0	67.0	49.50	17.50	Inf	
NC_049676.1 	33	8082  	7995  	Ser	GCT	0	0	72.9	49.40	23.50	Inf	
NC_049676.1 	34	6970  	6899  	Gln	TTG	0	0	58.0	37.20	20.80	Inf	
NC_049676.1 	35	76    	4     	His	GTG	0	0	59.9	42.70	17.20	Inf	
