Sequence    		tRNA  	Bounds	tRNA	Anti	Intron Bounds	Inf	HMM	2'Str	Hit	      
Name        	tRNA #	Begin 	End   	Type	Codon	Begin	End	Score	Score	Score	Origin	Note
--------    	------	----- 	------	----	-----	-----	----	------	-----	-----	------	------
NC_013707.2 	1	11026 	11097 	Arg	TCT	0	0	67.2	38.60	28.60	Inf	
NC_013707.2 	2	29176 	29246 	Cys	GCA	0	0	63.8	42.70	21.10	Inf	
NC_013707.2 	3	33204 	33275 	Thr	GGT	0	0	65.9	36.40	29.50	Inf	
NC_013707.2 	4	38178 	38248 	Gly	GCC	0	0	61.4	42.50	18.90	Inf	
NC_013707.2 	5	47035 	47121 	Ser	GGA	0	0	70.3	47.20	23.10	Inf	
NC_013707.2 	6	50014 	50086 	Phe	GAA	0	0	67.1	44.50	22.60	Inf	
NC_013707.2 	7	54373 	54445 	Met	CAT	0	0	59.5	35.70	23.80	Inf	
NC_013707.2 	8	102332	102403	Val	GAC	0	0	58.9	28.60	30.30	Inf	
NC_013707.2 	9	104421	104508	Ile	GAT	104457	104472	16.4	0.00	16.40	Inf	
NC_013707.2 	10	105504	105608	Ala	TGC	105541	105580	16.3	30.00	-13.70	Inf	
NC_013707.2 	11	110178	110251	Arg	ACG	0	0	57.7	41.30	16.40	Inf	
NC_013707.2 	12	115996	116075	Leu	TAG	0	0	58.5	30.00	28.50	Inf	
NC_013707.2 	13	131543	131614	Asn	GTT	0	0	72.5	48.50	24.00	Inf	
NC_013707.2 	14	146061	146141	Leu	CAA	0	0	62.3	34.40	27.90	Inf	
NC_013707.2 	15	153770	153843	Met	CAT	0	0	70.4	43.60	26.80	Inf	
NC_013707.2 	16	140124	140053	Val	GAC	0	0	58.9	28.60	30.30	Inf	
NC_013707.2 	17	138035	137948	Ile	GAT	137999	137984	16.4	0.00	16.40	Inf	
NC_013707.2 	18	136952	136848	Ala	TGC	136915	136876	16.3	30.00	-13.70	Inf	
NC_013707.2 	19	132278	132205	Arg	ACG	0	0	57.7	41.30	16.40	Inf	
NC_013707.2 	20	110913	110842	Asn	GTT	0	0	72.5	48.50	24.00	Inf	
NC_013707.2 	21	96395 	96315 	Leu	CAA	0	0	62.3	34.40	27.90	Inf	
NC_013707.2 	22	88686 	88613 	Met	CAT	0	0	70.4	43.60	26.80	Inf	
NC_013707.2 	23	69243 	69170 	Pro	TGG	0	0	65.1	40.40	24.70	Inf	
NC_013707.2 	24	68999 	68926 	Trp	CCA	0	0	68.7	42.90	25.80	Inf	
NC_013707.2 	25	48435 	48363 	Thr	TGT	0	0	66.3	47.50	18.80	Inf	
NC_013707.2 	26	38496 	38423 	Met	CAT	0	0	63.2	39.30	23.90	Inf	
NC_013707.2 	27	37351 	37259 	Ser	TGA	0	0	71.7	41.70	30.00	Inf	
NC_013707.2 	28	32426 	32354 	Glu	TTC	0	0	56.2	31.30	24.90	Inf	
NC_013707.2 	29	32294 	32211 	Tyr	GTA	0	0	66.8	40.90	25.90	Inf	
NC_013707.2 	30	32095 	32022 	Asp	GTC	0	0	67.0	49.50	17.50	Inf	
NC_013707.2 	31	9410  	9323  	Ser	GCT	0	0	74.5	51.30	23.20	Inf	
NC_013707.2 	32	8153  	8082  	Gln	TTG	0	0	58.9	38.10	20.80	Inf	
NC_013707.2 	33	73    	1     	His	GTG	0	0	57.5	40.50	17.00	Inf	
