Sequence    		tRNA  	Bounds	tRNA	Anti	Intron Bounds	Inf	HMM	2'Str	Hit	      
Name        	tRNA #	Begin 	End   	Type	Codon	Begin	End	Score	Score	Score	Origin	Note
--------    	------	----- 	------	----	-----	-----	----	------	-----	-----	------	------
NC_014697.1 	1	9548  	9619  	Arg	TCT	0	0	67.2	38.60	28.60	Inf	
NC_014697.1 	2	28145 	28215 	Cys	GCA	0	0	59.3	40.40	18.90	Inf	
NC_014697.1 	3	32897 	32968 	Thr	GGT	0	0	65.9	36.40	29.50	Inf	
NC_014697.1 	4	37780 	37850 	Gly	GCC	0	0	63.0	44.00	19.00	Inf	
NC_014697.1 	5	46484 	46570 	Ser	GGA	0	0	73.7	46.50	27.20	Inf	
NC_014697.1 	6	49838 	49910 	Phe	GAA	0	0	67.1	44.50	22.60	Inf	
NC_014697.1 	7	53859 	53931 	Met	CAT	0	0	59.5	35.70	23.80	Inf	
NC_014697.1 	8	102298	102369	Val	GAC	0	0	58.9	28.60	30.30	Inf	
NC_014697.1 	9	104384	104471	Ile	GAT	104420	104435	16.4	0.00	16.40	Inf	
NC_014697.1 	10	105468	105572	Ala	TGC	105505	105544	16.3	30.00	-13.70	Inf	
NC_014697.1 	11	110152	110225	Arg	ACG	0	0	57.7	41.30	16.40	Inf	
NC_014697.1 	12	116912	116991	Leu	TAG	0	0	55.5	26.90	28.60	Inf	
NC_014697.1 	13	132700	132771	Asn	GTT	0	0	68.2	44.80	23.40	Inf	
NC_014697.1 	14	147457	147537	Leu	CAA	0	0	62.3	34.40	27.90	Inf	
NC_014697.1 	15	155412	155485	Met	CAT	0	0	70.4	43.60	26.80	Inf	
NC_014697.1 	16	141289	141218	Val	GAC	0	0	58.9	28.60	30.30	Inf	
NC_014697.1 	17	139203	139116	Ile	GAT	139167	139152	16.4	0.00	16.40	Inf	
NC_014697.1 	18	138119	138015	Ala	TGC	138082	138043	16.3	30.00	-13.70	Inf	
NC_014697.1 	19	133435	133362	Arg	ACG	0	0	57.7	41.30	16.40	Inf	
NC_014697.1 	20	110887	110816	Asn	GTT	0	0	68.2	44.80	23.40	Inf	
NC_014697.1 	21	96130 	96050 	Leu	CAA	0	0	62.3	34.40	27.90	Inf	
NC_014697.1 	22	88175 	88102 	Met	CAT	0	0	70.4	43.60	26.80	Inf	
NC_014697.1 	23	68398 	68325 	Pro	TGG	0	0	65.6	40.90	24.70	Inf	
NC_014697.1 	24	68178 	68105 	Trp	CCA	0	0	68.7	42.90	25.80	Inf	
NC_014697.1 	25	47926 	47854 	Thr	TGT	0	0	69.3	47.60	21.70	Inf	
NC_014697.1 	26	38082 	38009 	Met	CAT	0	0	62.5	34.20	28.30	Inf	
NC_014697.1 	27	36975 	36883 	Ser	TGA	0	0	75.3	49.70	25.60	Inf	
NC_014697.1 	28	32443 	32371 	Glu	TTC	0	0	52.4	27.50	24.90	Inf	
NC_014697.1 	29	32311 	32228 	Tyr	GTA	0	0	62.3	40.60	21.70	Inf	
NC_014697.1 	30	31788 	31715 	Asp	GTC	0	0	67.0	49.50	17.50	Inf	
NC_014697.1 	31	8223  	8136  	Ser	GCT	0	0	74.4	51.20	23.20	Inf	
NC_014697.1 	32	7086  	7015  	Gln	TTG	0	0	58.9	38.10	20.80	Inf	
NC_014697.1 	33	76    	3     	His	GTG	0	0	62.8	44.70	18.10	Inf	
