Sequence    		tRNA  	Bounds	tRNA	Anti	Intron Bounds	Inf	HMM	2'Str	Hit	      
Name        	tRNA #	Begin 	End   	Type	Codon	Begin	End	Score	Score	Score	Origin	Note
--------    	------	----- 	------	----	-----	-----	----	------	-----	-----	------	------
NC_009143.1 	1	8706  	8777  	Arg	TCT	0	0	67.2	38.60	28.60	Inf	
NC_009143.1 	2	27078 	27148 	Cys	GCA	0	0	64.1	41.80	22.30	Inf	
NC_009143.1 	3	31264 	31335 	Thr	GGT	0	0	65.9	36.40	29.50	Inf	
NC_009143.1 	4	36696 	36766 	Gly	GCC	0	0	63.0	44.00	19.00	Inf	
NC_009143.1 	5	45278 	45364 	Ser	GGA	0	0	73.6	47.00	26.60	Inf	
NC_009143.1 	6	48021 	48093 	Phe	GAA	0	0	68.8	40.10	28.70	Inf	
NC_009143.1 	7	52678 	52750 	Met	CAT	0	0	59.5	35.70	23.80	Inf	
NC_009143.1 	8	102100	102171	Val	GAC	0	0	58.9	28.60	30.30	Inf	
NC_009143.1 	9	104183	104270	Ile	GAT	104219	104234	16.4	0.00	16.40	Inf	
NC_009143.1 	10	105272	105376	Ala	TGC	105309	105348	16.3	30.00	-13.70	Inf	
NC_009143.1 	11	109903	109976	Arg	ACG	0	0	57.7	41.30	16.40	Inf	
NC_009143.1 	12	115744	115823	Leu	TAG	0	0	58.5	27.30	31.20	Inf	
NC_009143.1 	13	131424	131495	Asn	GTT	0	0	68.2	44.80	23.40	Inf	
NC_009143.1 	14	146369	146449	Leu	CAA	0	0	62.3	34.40	27.90	Inf	
NC_009143.1 	15	154443	154516	Met	CAT	0	0	70.4	43.60	26.80	Inf	
NC_009143.1 	16	140063	139992	Val	GAC	0	0	58.9	28.60	30.30	Inf	
NC_009143.1 	17	137980	137893	Ile	GAT	137944	137929	16.4	0.00	16.40	Inf	
NC_009143.1 	18	136891	136787	Ala	TGC	136854	136815	16.3	30.00	-13.70	Inf	
NC_009143.1 	19	132260	132187	Arg	ACG	0	0	57.7	41.30	16.40	Inf	
NC_009143.1 	20	110739	110668	Asn	GTT	0	0	68.2	44.80	23.40	Inf	
NC_009143.1 	21	95794 	95714 	Leu	CAA	0	0	62.3	34.40	27.90	Inf	
NC_009143.1 	22	87720 	87647 	Met	CAT	0	0	70.4	43.60	26.80	Inf	
NC_009143.1 	23	67250 	67177 	Pro	TGG	0	0	65.6	40.90	24.70	Inf	
NC_009143.1 	24	66949 	66876 	Trp	CCA	0	0	71.5	42.30	29.20	Inf	
NC_009143.1 	25	46554 	46482 	Thr	TGT	0	0	70.4	47.60	22.80	Inf	
NC_009143.1 	26	37011 	36938 	Met	CAT	0	0	66.9	38.60	28.30	Inf	
NC_009143.1 	27	35530 	35441 	Ser	TGA	0	0	80.2	53.10	27.10	Inf	
NC_009143.1 	28	31023 	30951 	Glu	TTC	0	0	53.9	28.90	25.00	Inf	
NC_009143.1 	29	30891 	30808 	Tyr	GTA	0	0	66.8	40.90	25.90	Inf	
NC_009143.1 	30	30343 	30270 	Asp	GTC	0	0	67.0	49.50	17.50	Inf	
NC_009143.1 	31	6963  	6876  	Ser	GCT	0	0	75.3	51.30	24.00	Inf	
NC_009143.1 	32	5657  	5586  	Gln	TTG	0	0	58.2	37.40	20.80	Inf	
NC_009143.1 	33	77    	4     	His	GTG	0	0	64.7	44.90	19.80	Inf	
