Sequence    		tRNA  	Bounds	tRNA	Anti	Intron Bounds	Inf	HMM	2'Str	Hit	      
Name        	tRNA #	Begin 	End   	Type	Codon	Begin	End	Score	Score	Score	Origin	Note
--------    	------	----- 	------	----	-----	-----	----	------	-----	-----	------	------
NC_009259.1 	1	17673 	17745 	Thr	TGT	0	0	77.6	50.40	27.20	Inf	
NC_009259.1 	2	27045 	27118 	Met	CAT	0	0	65.9	35.20	30.70	Inf	
NC_009259.1 	3	28512 	28604 	Ser	TGA	0	0	76.8	47.70	29.10	Inf	
NC_009259.1 	4	33149 	33221 	Glu	TTC	0	0	52.8	27.90	24.90	Inf	
NC_009259.1 	5	33290 	33373 	Tyr	GTA	0	0	62.3	40.60	21.70	Inf	
NC_009259.1 	6	33818 	33891 	Asp	GTC	0	0	68.6	48.60	20.00	Inf	
NC_009259.1 	7	55334 	55420 	Ser	GCT	0	0	70.9	48.60	22.30	Inf	
NC_009259.1 	8	56758 	56829 	Gln	TTG	0	0	57.5	36.70	20.80	Inf	
NC_009259.1 	9	96848 	96919 	Val	GAC	0	0	57.9	27.60	30.30	Inf	
NC_009259.1 	10	100032	100136	Ala	TGC	100069	100108	16.3	30.00	-13.70	Inf	
NC_009259.1 	11	104689	104762	Arg	ACG	0	0	57.7	41.30	16.40	Inf	
NC_009259.1 	12	109375	109454	Leu	TAG	0	0	60.4	30.20	30.20	Inf	
NC_009259.1 	13	124701	124772	Asn	GTT	0	0	68.2	44.80	23.40	Inf	
NC_009259.1 	14	139469	139549	Leu	CAA	0	0	62.3	34.40	27.90	Inf	
NC_009259.1 	15	147078	147151	Met	CAT	0	0	70.4	43.60	26.80	Inf	
NC_009259.1 	16	133261	133190	Val	GAC	0	0	57.9	27.60	30.30	Inf	
NC_009259.1 	17	130077	129973	Ala	TGC	130040	130001	16.3	30.00	-13.70	Inf	
NC_009259.1 	18	125420	125347	Arg	ACG	0	0	57.7	41.30	16.40	Inf	
NC_009259.1 	19	105408	105337	Asn	GTT	0	0	68.2	44.80	23.40	Inf	
NC_009259.1 	20	90640 	90560 	Leu	CAA	0	0	62.3	34.40	27.90	Inf	
NC_009259.1 	21	83031 	82958 	Met	CAT	0	0	70.4	43.60	26.80	Inf	
NC_009259.1 	22	65865 	65792 	Pro	TGG	0	0	65.6	40.90	24.70	Inf	
NC_009259.1 	23	65607 	65534 	Trp	CCA	0	0	66.8	37.40	29.40	Inf	
NC_009259.1 	24	53664 	53593 	Arg	TCT	0	0	67.5	38.90	28.60	Inf	
NC_009259.1 	25	35586 	35516 	Cys	GCA	0	0	60.7	41.90	18.80	Inf	
NC_009259.1 	26	32319 	32248 	Thr	GGT	0	0	65.9	36.40	29.50	Inf	
NC_009259.1 	27	27282 	27212 	Gly	GCC	0	0	63.0	44.00	19.00	Inf	
NC_009259.1 	28	18934 	18847 	Ser	GGA	0	0	71.6	46.50	25.10	Inf	
NC_009259.1 	29	15901 	15829 	Phe	GAA	0	0	68.5	46.00	22.50	Inf	
NC_009259.1 	30	12386 	12314 	Met	CAT	0	0	59.5	35.70	23.80	Inf	
NC_009259.1 	31	3012  	2939  	His	GTG	0	0	62.8	44.70	18.10	Inf	
