Sequence    		tRNA  	Bounds	tRNA	Anti	Intron Bounds	Inf	HMM	2'Str	Hit	      
Name        	tRNA #	Begin 	End   	Type	Codon	Begin	End	Score	Score	Score	Origin	Note
--------    	------	----- 	------	----	-----	-----	----	------	-----	-----	------	------
NC_045948.1 	1	9346  	9417  	Arg	TCT	0	0	63.8	40.10	23.70	Inf	
NC_045948.1 	2	27177 	27247 	Cys	GCA	0	0	64.1	41.70	22.40	Inf	
NC_045948.1 	3	30976 	31047 	Thr	GGT	0	0	64.5	35.00	29.50	Inf	
NC_045948.1 	4	35797 	35867 	Gly	GCC	0	0	63.0	44.00	19.00	Inf	
NC_045948.1 	5	44146 	44232 	Ser	GGA	0	0	73.0	45.10	27.90	Inf	
NC_045948.1 	6	46386 	46782 	Leu	TAA	46424	46735	46.3	19.50	26.80	Inf	
NC_045948.1 	7	47126 	47198 	Phe	GAA	0	0	71.4	47.50	23.90	Inf	
NC_045948.1 	8	51226 	51298 	Met	CAT	0	0	62.9	35.20	27.70	Inf	
NC_045948.1 	9	100005	100076	Val	GAC	0	0	58.9	28.60	30.30	Inf	
NC_045948.1 	10	102023	102110	Ile	GAT	102059	102074	16.4	0.00	16.40	Inf	
NC_045948.1 	11	102968	103072	Ala	TGC	103005	103044	16.3	25.30	-9.00	Inf	
NC_045948.1 	12	107619	107692	Arg	ACG	0	0	55.8	40.90	14.90	Inf	
NC_045948.1 	13	113614	113693	Leu	TAG	0	0	60.4	30.20	30.20	Inf	
NC_045948.1 	14	128890	128961	Asn	GTT	0	0	69.1	46.50	22.60	Inf	
NC_045948.1 	15	143602	143682	Leu	CAA	0	0	63.0	34.00	29.00	Inf	
NC_045948.1 	16	151545	151618	Met	CAT	0	0	70.4	43.60	26.80	Inf	
NC_045948.1 	17	137262	137191	Val	GAC	0	0	58.9	28.60	30.30	Inf	
NC_045948.1 	18	135244	135157	Ile	GAT	135208	135193	16.4	0.00	16.40	Inf	
NC_045948.1 	19	134299	134195	Ala	TGC	134262	134223	16.3	25.30	-9.00	Inf	
NC_045948.1 	20	129648	129575	Arg	ACG	0	0	55.8	40.90	14.90	Inf	
NC_045948.1 	21	108377	108306	Asn	GTT	0	0	69.1	46.50	22.60	Inf	
NC_045948.1 	22	93665 	93585 	Leu	CAA	0	0	63.0	34.00	29.00	Inf	
NC_045948.1 	23	85722 	85649 	Met	CAT	0	0	70.4	43.60	26.80	Inf	
NC_045948.1 	24	65818 	65745 	Pro	TGG	0	0	69.9	40.00	29.90	Inf	
NC_045948.1 	25	65555 	65482 	Trp	CCA	0	0	71.9	42.80	29.10	Inf	
NC_045948.1 	26	45568 	45496 	Thr	TGT	0	0	69.3	47.60	21.70	Inf	
NC_045948.1 	27	36090 	36017 	Met	CAT	0	0	63.2	39.30	23.90	Inf	
NC_045948.1 	28	34865 	34773 	Ser	TGA	0	0	74.3	49.20	25.10	Inf	
NC_045948.1 	29	30399 	30327 	Glu	TTC	0	0	53.9	28.90	25.00	Inf	
NC_045948.1 	30	30267 	30184 	Tyr	GTA	0	0	62.3	40.60	21.70	Inf	
NC_045948.1 	31	29676 	29603 	Asp	GTC	0	0	67.0	49.50	17.50	Inf	
NC_045948.1 	32	7721  	7634  	Ser	GCT	0	0	72.9	49.40	23.50	Inf	
NC_045948.1 	33	6593  	6522  	Gln	TTG	0	0	58.0	37.20	20.80	Inf	
NC_045948.1 	34	76    	4     	His	GTG	0	0	59.9	42.70	17.20	Inf	
