Sequence    		tRNA  	Bounds	tRNA	Anti	Intron Bounds	Inf	HMM	2'Str	Hit	      
Name        	tRNA #	Begin 	End   	Type	Codon	Begin	End	Score	Score	Score	Origin	Note
--------    	------	----- 	------	----	-----	-----	----	------	-----	-----	------	------
NC_007898.3 	1	10025 	10096 	Arg	TCT	0	0	67.2	38.60	28.60	Inf	
NC_007898.3 	2	28421 	28492 	Cys	GCA	0	0	66.3	42.10	24.20	Inf	
NC_007898.3 	3	32332 	32403 	Thr	GGT	0	0	65.9	36.40	29.50	Inf	
NC_007898.3 	4	37170 	37240 	Gly	GCC	0	0	61.4	42.50	18.90	Inf	
NC_007898.3 	5	46180 	46266 	Ser	GGA	0	0	73.6	47.00	26.60	Inf	
NC_007898.3 	6	49351 	49423 	Phe	GAA	0	0	71.4	47.50	23.90	Inf	
NC_007898.3 	7	53679 	53751 	Met	CAT	0	0	62.9	35.70	27.20	Inf	
NC_007898.3 	8	101666	101737	Val	GAC	0	0	58.9	28.60	30.30	Inf	
NC_007898.3 	9	103765	103852	Ile	GAT	103801	103816	16.4	0.00	16.40	Inf	
NC_007898.3 	10	104623	104727	Ala	TGC	104660	104699	16.3	30.00	-13.70	Inf	
NC_007898.3 	11	109313	109386	Arg	ACG	0	0	57.7	41.30	16.40	Inf	
NC_007898.3 	12	115579	115658	Leu	TAG	0	0	58.1	28.50	29.60	Inf	
NC_007898.3 	13	131298	131369	Asn	GTT	0	0	72.5	48.50	24.00	Inf	
NC_007898.3 	14	145657	145737	Leu	CAA	0	0	62.3	34.40	27.90	Inf	
NC_007898.3 	15	153274	153347	Met	CAT	0	0	70.4	43.60	26.80	Inf	
NC_007898.3 	16	139672	139601	Val	GAC	0	0	58.9	28.60	30.30	Inf	
NC_007898.3 	17	137573	137486	Ile	GAT	137537	137522	16.4	0.00	16.40	Inf	
NC_007898.3 	18	136715	136611	Ala	TGC	136678	136639	16.3	30.00	-13.70	Inf	
NC_007898.3 	19	132025	131952	Arg	ACG	0	0	57.7	41.30	16.40	Inf	
NC_007898.3 	20	110040	109969	Asn	GTT	0	0	72.5	48.50	24.00	Inf	
NC_007898.3 	21	95681 	95601 	Leu	CAA	0	0	62.3	34.40	27.90	Inf	
NC_007898.3 	22	88064 	87991 	Met	CAT	0	0	70.4	43.60	26.80	Inf	
NC_007898.3 	23	68524 	68451 	Pro	TGG	0	0	65.1	40.40	24.70	Inf	
NC_007898.3 	24	68286 	68213 	Trp	CCA	0	0	68.7	42.90	25.80	Inf	
NC_007898.3 	25	47640 	47568 	Thr	TGT	0	0	69.3	47.60	21.70	Inf	
NC_007898.3 	26	37518 	37445 	Met	CAT	0	0	63.2	39.30	23.90	Inf	
NC_007898.3 	27	36347 	36255 	Ser	TGA	0	0	78.4	46.70	31.70	Inf	
NC_007898.3 	28	31920 	31848 	Glu	TTC	0	0	56.2	31.30	24.90	Inf	
NC_007898.3 	29	31788 	31705 	Tyr	GTA	0	0	62.3	40.60	21.70	Inf	
NC_007898.3 	30	31596 	31523 	Asp	GTC	0	0	67.0	49.50	17.50	Inf	
NC_007898.3 	31	8452  	8365  	Ser	GCT	0	0	78.7	50.70	28.00	Inf	
NC_007898.3 	32	7216  	7145  	Gln	TTG	0	0	58.9	38.10	20.80	Inf	
NC_007898.3 	33	76    	3     	His	GTG	0	0	62.8	44.70	18.10	Inf	
