Sequence    		tRNA  	Bounds	tRNA	Anti	Intron Bounds	Inf	HMM	2'Str	Hit	      
Name        	tRNA #	Begin 	End   	Type	Codon	Begin	End	Score	Score	Score	Origin	Note
--------    	------	----- 	------	----	-----	-----	----	------	-----	-----	------	------
NC_028726.1 	1	9284  	9355  	Arg	TCT	0	0	63.8	40.10	23.70	Inf	
NC_028726.1 	2	27068 	27138 	Cys	GCA	0	0	64.1	41.70	22.40	Inf	
NC_028726.1 	3	31059 	31130 	Thr	GGT	0	0	65.9	36.40	29.50	Inf	
NC_028726.1 	4	35955 	36025 	Gly	GCC	0	0	63.0	44.00	19.00	Inf	
NC_028726.1 	5	44333 	44419 	Ser	GGA	0	0	73.0	45.10	27.90	Inf	
NC_028726.1 	6	46575 	46980 	Leu	TAA	46613	46933	45.4	18.50	26.90	Inf	
NC_028726.1 	7	47324 	47396 	Phe	GAA	0	0	71.4	47.50	23.90	Inf	
NC_028726.1 	8	47608 	47680 	Phe	GAA	0	0	71.4	47.50	23.90	Inf	
NC_028726.1 	9	51690 	51762 	Met	CAT	0	0	62.9	35.20	27.70	Inf	
NC_028726.1 	10	100378	100449	Val	GAC	0	0	58.9	28.60	30.30	Inf	
NC_028726.1 	11	102395	102482	Ile	GAT	102431	102446	16.4	0.00	16.40	Inf	
NC_028726.1 	12	103341	103445	Ala	TGC	103378	103417	16.3	25.30	-9.00	Inf	
NC_028726.1 	13	107990	108063	Arg	ACG	0	0	55.8	40.90	14.90	Inf	
NC_028726.1 	14	113915	113994	Leu	TAG	0	0	64.3	30.00	34.30	Inf	
NC_028726.1 	15	129074	129145	Asn	GTT	0	0	69.1	46.50	22.60	Inf	
NC_028726.1 	16	143803	143883	Leu	CAA	0	0	63.0	34.00	29.00	Inf	
NC_028726.1 	17	151764	151837	Met	CAT	0	0	70.4	43.60	26.80	Inf	
NC_028726.1 	18	137460	137389	Val	GAC	0	0	58.9	28.60	30.30	Inf	
NC_028726.1 	19	135443	135356	Ile	GAT	135407	135392	16.4	0.00	16.40	Inf	
NC_028726.1 	20	134497	134393	Ala	TGC	134460	134421	16.3	25.30	-9.00	Inf	
NC_028726.1 	21	129848	129775	Arg	ACG	0	0	55.8	40.90	14.90	Inf	
NC_028726.1 	22	108764	108693	Asn	GTT	0	0	69.1	46.50	22.60	Inf	
NC_028726.1 	23	94035 	93955 	Leu	CAA	0	0	63.0	34.00	29.00	Inf	
NC_028726.1 	24	86074 	86001 	Met	CAT	0	0	70.4	43.60	26.80	Inf	
NC_028726.1 	25	66264 	66191 	Pro	TGG	0	0	65.6	40.90	24.70	Inf	
NC_028726.1 	26	66003 	65930 	Trp	CCA	0	0	70.4	43.70	26.70	Inf	
NC_028726.1 	27	51505 	51409 	Val	TAC	51467	51451	15.0	16.50	-1.50	Inf	
NC_028726.1 	28	45765 	45693 	Thr	TGT	0	0	69.3	47.60	21.70	Inf	
NC_028726.1 	29	36247 	36174 	Met	CAT	0	0	63.2	39.30	23.90	Inf	
NC_028726.1 	30	34931 	34839 	Ser	TGA	0	0	74.3	49.20	25.10	Inf	
NC_028726.1 	31	30242 	30170 	Glu	TTC	0	0	53.9	28.90	25.00	Inf	
NC_028726.1 	32	30110 	30027 	Tyr	GTA	0	0	62.3	40.60	21.70	Inf	
NC_028726.1 	33	29585 	29512 	Asp	GTC	0	0	67.0	49.50	17.50	Inf	
NC_028726.1 	34	7663  	7576  	Ser	GCT	0	0	70.1	49.20	20.90	Inf	
NC_028726.1 	35	6574  	6503  	Gln	TTG	0	0	58.0	37.20	20.80	Inf	
NC_028726.1 	36	76    	4     	His	GTG	0	0	59.9	42.70	17.20	Inf	
