Sequence    		tRNA  	Bounds	tRNA	Anti	Intron Bounds	Inf	HMM	2'Str	Hit	      
Name        	tRNA #	Begin 	End   	Type	Codon	Begin	End	Score	Score	Score	Origin	Note
--------    	------	----- 	------	----	-----	-----	----	------	-----	-----	------	------
NC_026722.1 	1	16707 	16778 	Val	GAC	0	0	58.9	28.60	30.30	Inf	
NC_026722.1 	2	18790 	18877 	Ile	GAT	18826	18841	16.4	0.00	16.40	Inf	
NC_026722.1 	3	19875 	19979 	Ala	TGC	19912	19951	16.3	30.00	-13.70	Inf	
NC_026722.1 	4	24498 	24571 	Arg	ACG	0	0	57.7	41.30	16.40	Inf	
NC_026722.1 	5	45770 	45841 	Asn	GTT	0	0	68.2	44.80	23.40	Inf	
NC_026722.1 	6	60494 	60574 	Leu	CAA	0	0	62.3	34.40	27.90	Inf	
NC_026722.1 	7	68557 	68630 	Met	CAT	0	0	70.4	43.60	26.80	Inf	
NC_026722.1 	8	89052 	89125 	Pro	TGG	0	0	65.6	40.90	24.70	Inf	
NC_026722.1 	9	89402 	89475 	Trp	CCA	0	0	71.5	42.30	29.20	Inf	
NC_026722.1 	10	109636	109708	Thr	TGT	0	0	70.4	47.60	22.80	Inf	
NC_026722.1 	11	119102	119175	Met	CAT	0	0	66.9	38.60	28.30	Inf	
NC_026722.1 	12	120520	120609	Ser	TGA	0	0	80.9	53.80	27.10	Inf	
NC_026722.1 	13	125084	125156	Glu	TTC	0	0	53.9	28.90	25.00	Inf	
NC_026722.1 	14	125216	125299	Tyr	GTA	0	0	66.8	40.90	25.90	Inf	
NC_026722.1 	15	125782	125855	Asp	GTC	0	0	67.0	49.50	17.50	Inf	
NC_026722.1 	16	149139	149226	Ser	GCT	0	0	74.5	51.30	23.20	Inf	
NC_026722.1 	17	150474	150545	Gln	TTG	0	0	58.2	37.40	20.80	Inf	
NC_026722.1 	18	155516	155589	His	GTG	0	0	65.1	45.40	19.70	Inf	
NC_026722.1 	19	147494	147423	Arg	TCT	0	0	67.7	38.60	29.10	Inf	
NC_026722.1 	20	128981	128911	Cys	GCA	0	0	64.1	41.80	22.30	Inf	
NC_026722.1 	21	124832	124761	Thr	GGT	0	0	65.9	36.40	29.50	Inf	
NC_026722.1 	22	119447	119377	Gly	GCC	0	0	68.2	44.00	24.20	Inf	
NC_026722.1 	23	110919	110833	Ser	GGA	0	0	73.6	47.00	26.60	Inf	
NC_026722.1 	24	108119	108047	Phe	GAA	0	0	68.8	40.10	28.70	Inf	
NC_026722.1 	25	103474	103402	Met	CAT	0	0	62.9	35.20	27.70	Inf	
NC_026722.1 	26	54432 	54361 	Val	GAC	0	0	58.9	28.60	30.30	Inf	
NC_026722.1 	27	52349 	52262 	Ile	GAT	52313	52298	16.4	0.00	16.40	Inf	
NC_026722.1 	28	51264 	51160 	Ala	TGC	51227	51188	16.3	30.00	-13.70	Inf	
NC_026722.1 	29	46641 	46568 	Arg	ACG	0	0	57.7	41.30	16.40	Inf	
NC_026722.1 	30	40894 	40815 	Leu	TAG	0	0	58.5	27.30	31.20	Inf	
NC_026722.1 	31	25369 	25298 	Asn	GTT	0	0	68.2	44.80	23.40	Inf	
NC_026722.1 	32	10645 	10565 	Leu	CAA	0	0	62.3	34.40	27.90	Inf	
NC_026722.1 	33	2582  	2509  	Met	CAT	0	0	70.4	43.60	26.80	Inf	
