Sequence    		tRNA  	Bounds	tRNA	Anti	Intron Bounds	Inf	HMM	2'Str	Hit	      
Name        	tRNA #	Begin 	End   	Type	Codon	Begin	End	Score	Score	Score	Origin	Note
--------    	------	----- 	------	----	-----	-----	----	------	-----	-----	------	------
NC_034362.1 	1	9134  	9195  	Gly	TCC	0	0	17.2	0.00	17.20	Inf	
NC_034362.1 	2	9351  	9422  	Arg	TCT	0	0	63.8	40.10	23.70	Inf	
NC_034362.1 	3	27276 	27346 	Cys	GCA	0	0	64.1	41.70	22.40	Inf	
NC_034362.1 	4	31191 	31262 	Thr	GGT	0	0	65.9	36.40	29.50	Inf	
NC_034362.1 	5	36137 	36207 	Gly	GCC	0	0	63.0	44.00	19.00	Inf	
NC_034362.1 	6	44521 	44607 	Ser	GGA	0	0	73.0	45.10	27.90	Inf	
NC_034362.1 	7	46663 	46731 	Phe	GAA	0	0	17.2	21.70	-4.50	Inf	
NC_034362.1 	8	46821 	46893 	Phe	GAA	0	0	71.4	47.50	23.90	Inf	
NC_034362.1 	9	46954 	47367 	Leu	TAA	46992	47320	44.9	18.00	26.90	Inf	
NC_034362.1 	10	47730 	47802 	Phe	GAA	0	0	71.4	47.50	23.90	Inf	
NC_034362.1 	11	51791 	51863 	Met	CAT	0	0	62.9	35.20	27.70	Inf	
NC_034362.1 	12	100103	100174	Val	GAC	0	0	58.9	28.60	30.30	Inf	
NC_034362.1 	13	103065	103169	Ala	TGC	103102	103141	16.3	25.30	-9.00	Inf	
NC_034362.1 	14	107726	107799	Arg	ACG	0	0	55.8	40.90	14.90	Inf	
NC_034362.1 	15	113729	113808	Leu	TAG	0	0	60.4	30.20	30.20	Inf	
NC_034362.1 	16	128948	129019	Asn	GTT	0	0	69.1	46.50	22.60	Inf	
NC_034362.1 	17	143710	143790	Leu	CAA	0	0	63.0	34.00	29.00	Inf	
NC_034362.1 	18	151677	151750	Met	CAT	0	0	70.4	43.60	26.80	Inf	
NC_034362.1 	19	137360	137289	Val	GAC	0	0	58.9	28.60	30.30	Inf	
NC_034362.1 	20	134398	134294	Ala	TGC	134361	134322	16.3	25.30	-9.00	Inf	
NC_034362.1 	21	129736	129663	Arg	ACG	0	0	55.8	40.90	14.90	Inf	
NC_034362.1 	22	108514	108443	Asn	GTT	0	0	69.1	46.50	22.60	Inf	
NC_034362.1 	23	93753 	93673 	Leu	CAA	0	0	63.0	34.00	29.00	Inf	
NC_034362.1 	24	85786 	85713 	Met	CAT	0	0	70.4	43.60	26.80	Inf	
NC_034362.1 	25	65892 	65819 	Pro	TGG	0	0	65.6	40.90	24.70	Inf	
NC_034362.1 	26	65631 	65558 	Trp	CCA	0	0	71.9	42.80	29.10	Inf	
NC_034362.1 	27	45977 	45905 	Thr	TGT	0	0	69.3	47.60	21.70	Inf	
NC_034362.1 	28	36422 	36349 	Met	CAT	0	0	61.8	37.80	24.00	Inf	
NC_034362.1 	29	35119 	35027 	Ser	TGA	0	0	74.3	49.20	25.10	Inf	
NC_034362.1 	30	30422 	30350 	Glu	TTC	0	0	53.9	28.90	25.00	Inf	
NC_034362.1 	31	30290 	30207 	Tyr	GTA	0	0	62.3	40.60	21.70	Inf	
NC_034362.1 	32	29766 	29693 	Asp	GTC	0	0	67.0	49.50	17.50	Inf	
NC_034362.1 	33	7815  	7728  	Ser	GCT	0	0	65.0	48.90	16.10	Inf	
NC_034362.1 	34	6625  	6554  	Gln	TTG	0	0	58.0	37.20	20.80	Inf	
NC_034362.1 	35	76    	4     	His	GTG	0	0	59.9	42.70	17.20	Inf	
