Sequence    		tRNA  	Bounds	tRNA	Anti	Intron Bounds	Inf	HMM	2'Str	Hit	      
Name        	tRNA #	Begin 	End   	Type	Codon	Begin	End	Score	Score	Score	Origin	Note
--------    	------	----- 	------	----	-----	-----	----	------	-----	-----	------	------
NC_014676.2 	1	10104 	10175 	Arg	TCT	0	0	67.2	38.60	28.60	Inf	
NC_014676.2 	2	28928 	28999 	Cys	GCA	0	0	64.8	39.70	25.10	Inf	
NC_014676.2 	3	33183 	33254 	Thr	GGT	0	0	65.9	36.40	29.50	Inf	
NC_014676.2 	4	38761 	38831 	Gly	GCC	0	0	63.0	44.00	19.00	Inf	
NC_014676.2 	5	47965 	48051 	Ser	GGA	0	0	73.7	46.50	27.20	Inf	
NC_014676.2 	6	51639 	51711 	Phe	GAA	0	0	68.5	46.00	22.50	Inf	
NC_014676.2 	7	56242 	56314 	Met	CAT	0	0	59.5	35.70	23.80	Inf	
NC_014676.2 	8	105900	105971	Val	GAC	0	0	58.9	28.60	30.30	Inf	
NC_014676.2 	9	107983	108070	Ile	GAT	108019	108034	16.4	0.00	16.40	Inf	
NC_014676.2 	10	109076	109180	Ala	TGC	109113	109152	16.3	25.30	-9.00	Inf	
NC_014676.2 	11	113812	113885	Arg	ACG	0	0	57.7	41.30	16.40	Inf	
NC_014676.2 	12	119503	119582	Leu	TAG	0	0	57.3	28.70	28.60	Inf	
NC_014676.2 	13	135385	135456	Asn	GTT	0	0	68.7	42.80	25.90	Inf	
NC_014676.2 	14	150465	150545	Leu	CAA	0	0	62.3	34.40	27.90	Inf	
NC_014676.2 	15	158471	158544	Met	CAT	0	0	70.4	43.60	26.80	Inf	
NC_014676.2 	16	144053	143982	Val	GAC	0	0	58.9	28.60	30.30	Inf	
NC_014676.2 	17	141970	141883	Ile	GAT	141934	141919	16.4	0.00	16.40	Inf	
NC_014676.2 	18	140877	140773	Ala	TGC	140840	140801	16.3	25.30	-9.00	Inf	
NC_014676.2 	19	136141	136068	Arg	ACG	0	0	57.7	41.30	16.40	Inf	
NC_014676.2 	20	114568	114497	Asn	GTT	0	0	68.7	42.80	25.90	Inf	
NC_014676.2 	21	99488 	99408 	Leu	CAA	0	0	62.3	34.40	27.90	Inf	
NC_014676.2 	22	91482 	91409 	Met	CAT	0	0	70.4	43.60	26.80	Inf	
NC_014676.2 	23	71344 	71271 	Pro	TGG	0	0	65.6	40.90	24.70	Inf	
NC_014676.2 	24	71092 	71019 	Trp	CCA	0	0	71.9	42.80	29.10	Inf	
NC_014676.2 	25	49427 	49355 	Thr	TGT	0	0	69.3	47.60	21.70	Inf	
NC_014676.2 	26	39040 	38967 	Met	CAT	0	0	66.9	39.90	27.00	Inf	
NC_014676.2 	27	37472 	37380 	Ser	TGA	0	0	81.5	50.70	30.80	Inf	
NC_014676.2 	28	32361 	32289 	Glu	TTC	0	0	52.4	27.50	24.90	Inf	
NC_014676.2 	29	32229 	32146 	Tyr	GTA	0	0	62.3	40.60	21.70	Inf	
NC_014676.2 	30	31646 	31573 	Asp	GTC	0	0	67.0	49.50	17.50	Inf	
NC_014676.2 	31	8263  	8176  	Ser	GCT	0	0	70.9	53.00	17.90	Inf	
NC_014676.2 	32	7053  	6982  	Gln	TTG	0	0	59.5	38.60	20.90	Inf	
NC_014676.2 	33	76    	3     	His	GTG	0	0	62.8	44.70	18.10	Inf	
