EukHighConfidenceFilter v1.0 Summary
Completed Time: Mon Sep 19 23:47:45 2022

Inputs
------------------------------------------------------
tRNAscan-SE output file: Pvaginatum_672_v3.0_trnascan-se.output
tRNAscan-SE ss file: Pvaginatum_672_v3.0_trnascan-se.struct
Secondary filtering domain-specific model score cutoff: 50
Secondary filtering secondary structure score cutoff: 10
Secondary filtering isotype-specific model score cutoff: 70
Tertiary filtering isotype-specific model starting score cutoff: 70
Tertiary filtering maximum isotype-specific model score cutoff: 95
Remove filtered hits: Yes

Outputs
------------------------------------------------------
tRNAscan-SE output file: hi_conf_Pvaginatum/Pvaginatum_672_v3.0.out
tRNAscan-SE ss file: hi_conf_Pvaginatum/Pvaginatum_672_v3.0.ss
Summary file: hi_conf_Pvaginatum/Pvaginatum_672_v3.0.log

Summary statistics
------------------------------------------------------
Total tRNA predictions:                                730
Possible pseudogenes:                                  38
tRNAs with scores lower than secondary cutoffs:        186
tRNAs failed tertiary filter:                          0

tRNAs after filtering:                                 506

tRNAs with mismatched isotype:                         27
tRNAs with undetermined isotype:                       0
tRNAs with unexpected anticodon:                       6

High confidence set:                                   473

Isotype / Anticodon Counts After Filtering
------------------------------------------------------

Ala     : 34	  AGC: 16      GGC: 0       CGC: 8       TGC: 10    
Gly     : 37	  ACC: 0       GCC: 22      CCC: 7       TCC: 8     
Pro     : 34	  AGG: 16      GGG: 0       CGG: 6       TGG: 12    
Thr     : 28	  AGT: 11      GGT: 2       CGT: 5       TGT: 10    
Val     : 29	  AAC: 14      GAC: 0       CAC: 10      TAC: 5     
Ser     : 42	  AGA: 10      GGA: 4       CGA: 8       TGA: 5       ACT: 0       GCT: 15                              
Arg     : 45	  ACG: 14      GCG: 0       CCG: 6       TCG: 6                                 CCT: 9       TCT: 10    
Leu     : 34	  AAG: 13      GAG: 0       CAG: 8       TAG: 5                                 CAA: 5       TAA: 3     
Phe     : 16	  AAA: 0       GAA: 16                              
Asn     : 17	  ATT: 0       GTT: 17                              
Lys     : 27	                            CTT: 16      TTT: 11    
Asp     : 22	  ATC: 0       GTC: 22                              
Glu     : 29	                            CTC: 20      TTC: 9     
His     : 9	  ATG: 0       GTG: 9                               
Gln     : 24	                            CTG: 14      TTG: 10    
Ile     : 19	  AAT: 15      GAT: 0                    TAT: 4     
Met     : 22	                            CAT: 22                 
Tyr     : 15	  ATA: 0       GTA: 15                              
Supres  : 0	                            CTA: 0       TTA: 0     
Cys     : 11	  ACA: 0       GCA: 11                              
Trp     : 12	                            CCA: 12                 
SelCys  : 0	                                         TCA: 0     

