Sequence		tRNA    	Bounds  	tRNA	Anti	Intron Bounds	Inf	HMM	2'Str	Hit	Isotype	Isotype	      
Name    	tRNA#	Begin   	End     	Type	Codon	Begin	End	Score	Score	Score	Origin	CM	Score	Note
--------	------	-----   	------  	----	-----	-----	----	------	-----	-----	------	-------	-------	------
Chr01	1	173983	174054	His	GTG	0	0	63.0	33.70	29.30	Inf	His	87.1	high confidence set
Chr01	2	1217273	1217354	Ser	AGA	0	0	80.3	44.00	36.30	Inf	Ser	115.3	high confidence set
Chr01	3	1272572	1272645	Val	AAC	0	0	72.5	48.10	24.40	Inf	Val	100.2	high confidence set
Chr01	4	1373999	1374070	Gln	TTG	0	0	76.2	56.20	20.00	Inf	Gln	105.4	high confidence set
Chr01	5	2232883	2232956	Val	AAC	0	0	72.9	48.60	24.30	Inf	Val	93.8	high confidence set
Chr01	6	2306645	2306717	Glu	CTC	0	0	77.5	51.70	25.80	Inf	Glu	97.9	high confidence set
Chr01	7	3896922	3896992	Gly	GCC	0	0	66.5	44.80	21.70	Inf	Gly	94.4	high confidence set
Chr01	8	4385201	4385274	Val	AAC	0	0	72.2	47.80	24.40	Inf	Val	98.2	high confidence set
Chr01	9	4395467	4395539	Ala	AGC	0	0	63.4	38.20	25.20	Inf	Ala	98.3	high confidence set
Chr01	10	4820479	4820552	Thr	AGT	0	0	75.0	46.80	28.20	Inf	Thr	89.8	high confidence set
Chr01	11	5030641	5030714	Glu	TTC	0	0	64.1	37.70	26.40	Inf	Glu	91.0	high confidence set
Chr01	12	7366826	7366898	Arg	CCT	0	0	73.3	48.10	25.20	Inf	Thr	83.0	IPD:-7.00,isotype mismatch
Chr01	13	9874441	9874514	Thr	AGT	0	0	75.0	46.80	28.20	Inf	Thr	89.8	high confidence set
Chr01	14	9961733	9961806	Arg	CCT	0	0	68.0	49.20	18.80	Inf	Arg	77.2	high confidence set
Chr01	15	15519869	15519941	Ala	AGC	0	0	63.4	38.20	25.20	Inf	Ala	98.3	high confidence set
Chr01	16	16353182	16353255	Asn	GTT	0	0	81.1	55.90	25.20	Inf	Asn	91.8	high confidence set
Chr01	17	17246814	17246884	Gly	GCC	0	0	66.5	44.80	21.70	Inf	Gly	94.4	high confidence set
Chr01	19	18114155	18114226	Asn	GTT	0	0	76.1	53.10	23.00	Inf	Asn	83.1	high confidence set
Chr01	22	18250493	18250565	Lys	CTT	0	0	86.8	66.60	20.20	Inf	Lys	107.7	high confidence set
Chr01	23	18430094	18430167	Ile	TAT	0	0	87.1	72.60	14.50	Inf	Ile	104.3	high confidence set
Chr01	24	19284486	19284569	Leu	CAA	0	0	78.6	55.60	23.00	Inf	Leu	123.0	high confidence set
Chr01	25	22265293	22265378	Tyr	GTA	22265330	22265342	74.5	42.90	31.60	Inf	Tyr	111.8	high confidence set
Chr01	28	26225979	26226051	Arg	CCT	0	0	74.8	55.90	18.90	Inf	Arg	84.6	high confidence set
Chr01	30	34169025	34169113	Met	CAT	34169063	34169077	64.1	40.60	23.50	Inf	Met	104.0	high confidence set
Chr01	31	34800599	34800685	Ser	GCT	34800636	34800640	55.3	29.30	26.00	Inf	Ser	89.9	high confidence set
Chr01	32	36984175	36984246	His	GTG	0	0	63.0	33.70	29.30	Inf	His	87.1	high confidence set
Chr01	33	39015772	39015853	Ser	GCT	0	0	79.0	43.10	35.90	Inf	Ser	108.6	high confidence set
Chr01	34	39331936	39332007	Trp	CCA	0	0	71.8	52.40	19.40	Inf	Trp	99.5	high confidence set
Chr01	35	40155223	40155296	Ile	AAT	0	0	81.8	58.30	23.50	Inf	Ile	106.8	high confidence set
Chr01	36	41335495	41335566	Pro	TGG	0	0	68.5	35.70	32.80	Inf	Pro	111.2	high confidence set
Chr01	37	41848939	41849009	Gly	CCC	0	0	65.4	28.10	37.30	Inf	Gly	85.4	high confidence set
Chr01	38	41898612	41898693	Ser	TGA	0	0	83.0	46.20	36.80	Inf	Ser	120.2	high confidence set
Chr01	39	42792463	42792535	Glu	CTC	0	0	77.5	51.70	25.80	Inf	Glu	97.9	high confidence set
Chr01	40	44116705	44116785	Leu	AAG	0	0	74.0	52.20	21.80	Inf	Leu	110.4	high confidence set
Chr01	41	44223549	44223620	iMet	CAT	0	0	58.3	28.10	30.20	Inf	iMet	118.7	high confidence set
Chr01	43	51419935	51420005	Gly	GCC	0	0	66.5	44.80	21.70	Inf	Gly	94.4	high confidence set
Chr01	44	52681397	52681470	Asn	GTT	0	0	77.8	57.10	20.70	Inf	Asn	89.2	high confidence set
Chr01	45	53716864	53716935	Thr	TGT	0	0	84.5	58.50	26.00	Inf	Thr	95.0	high confidence set
Chr01	46	53795547	53795620	Asn	GTT	0	0	81.1	55.90	25.20	Inf	Asn	91.8	high confidence set
Chr01	47	51931446	51931376	Gly	GCC	0	0	66.5	44.80	21.70	Inf	Gly	94.4	high confidence set
Chr01	48	50990547	50990464	Leu	CAA	0	0	78.6	55.60	23.00	Inf	Leu	123.0	high confidence set
Chr01	50	49420860	49420776	Tyr	GTA	49420823	49420812	71.8	40.50	31.30	Inf	Tyr	106.7	high confidence set
Chr01	51	49350735	49350663	Arg	ACG	0	0	72.0	49.70	22.30	Inf	Arg	93.9	high confidence set
Chr01	52	48984862	48984790	Phe	GAA	0	0	78.3	58.40	19.90	Inf	Phe	113.2	high confidence set
Chr01	53	47711340	47711270	Gly	CCC	0	0	56.3	23.90	32.40	Inf	Gly	81.0	high confidence set
Chr01	54	47295259	47295186	Glu	TTC	0	0	64.1	37.70	26.40	Inf	Glu	91.0	high confidence set
Chr01	55	44978956	44978883	Arg	TCG	0	0	81.9	60.40	21.50	Inf	Arg	92.9	high confidence set
Chr01	56	44351700	44351629	His	GTG	0	0	63.0	33.70	29.30	Inf	His	87.1	high confidence set
Chr01	57	44190137	44190067	Gly	GCC	0	0	66.5	44.80	21.70	Inf	Gly	94.4	high confidence set
Chr01	58	42859266	42859194	Ala	CGC	0	0	68.3	44.10	24.20	Inf	Ala	99.2	high confidence set
Chr01	59	41425360	41425287	Asn	GTT	0	0	83.9	58.50	25.40	Inf	Asn	97.4	high confidence set
Chr01	60	40108788	40108708	Leu	CAG	0	0	69.5	46.80	22.70	Inf	Leu	109.7	high confidence set
Chr01	61	38978212	38978140	Lys	CTT	0	0	86.8	66.60	20.20	Inf	Lys	107.7	high confidence set
Chr01	62	38676458	38676387	Asp	GTC	0	0	69.8	46.80	23.00	Inf	Asp	95.8	high confidence set
Chr01	63	37125585	37125512	Asn	GTT	0	0	80.2	54.40	25.80	Inf	Asn	90.7	high confidence set
Chr01	64	35859173	35859103	Gly	GCC	0	0	66.5	44.80	21.70	Inf	Gly	94.4	high confidence set
Chr01	65	35716060	35715980	Leu	AAG	0	0	74.3	53.30	21.00	Inf	Leu	109.7	high confidence set
Chr01	66	34472802	34472729	Ala	AGC	0	0	56.6	31.50	25.10	Inf	Ala	85.3	high confidence set
Chr01	69	18143550	18143463	Ser	GCT	0	0	62.4	39.40	23.00	Inf	Ser	77.3	high confidence set
Chr01	73	18114553	18114480	Arg	ACG	0	0	56.2	44.90	11.30	Inf	Ile	73.7	IPD:-23.30,isotype mismatch
Chr01	75	15574842	15574771	Thr	TGT	0	0	79.3	49.30	30.00	Inf	Thr	92.3	high confidence set
Chr01	76	14570585	14570505	Leu	AAG	0	0	74.0	52.20	21.80	Inf	Leu	110.4	high confidence set
Chr01	77	12354826	12354755	Asp	GTC	0	0	67.8	44.80	23.00	Inf	Asp	92.9	high confidence set
Chr01	78	12216689	12216619	Arg	ACG	0	0	65.4	42.10	23.30	Inf	Arg	78.7	high confidence set
Chr01	79	10737268	10737196	Glu	CTC	0	0	77.5	51.70	25.80	Inf	Glu	97.9	high confidence set
Chr01	81	9960270	9960199	Gln	CTG	0	0	75.3	51.20	24.10	Inf	Gln	103.1	high confidence set
Chr01	82	7479202	7479130	Ala	TGC	0	0	70.0	45.30	24.70	Inf	Ala	100.6	high confidence set
Chr01	83	6896884	6896811	Val	CAC	0	0	79.3	48.30	31.00	Inf	Val	104.5	high confidence set
Chr01	84	6005652	6005580	Arg	CCT	0	0	74.8	55.90	18.90	Inf	Arg	84.6	high confidence set
Chr01	85	5688662	5688590	Arg	ACG	0	0	72.0	49.70	22.30	Inf	Arg	93.9	high confidence set
Chr01	86	4873654	4873583	Gln	CTG	0	0	75.3	51.20	24.10	Inf	Gln	106.0	high confidence set
Chr01	87	4015368	4015297	Cys	GCA	0	0	81.7	56.10	25.60	Inf	Cys	104.3	high confidence set
Chr02	3	1909250	1909323	Glu	TTC	0	0	64.1	37.70	26.40	Inf	Glu	91.0	high confidence set
Chr02	4	2648325	2648398	Thr	AGT	0	0	72.7	46.70	26.00	Inf	Thr	88.4	high confidence set
Chr02	5	2917964	2918051	Met	CAT	2918002	2918015	64.1	40.70	23.40	Inf	Met	104.0	high confidence set
Chr02	6	3977602	3977673	Cys	GCA	0	0	66.9	52.60	14.30	Inf	Cys	94.4	high confidence set
Chr02	7	3985946	3986017	Cys	GCA	0	0	81.7	56.10	25.60	Inf	Cys	104.3	high confidence set
Chr02	8	4143327	4143398	Gly	TCC	0	0	73.9	46.20	27.70	Inf	Gly	85.6	high confidence set
Chr02	9	4473194	4473264	Gly	GCC	0	0	66.5	44.80	21.70	Inf	Gly	94.4	high confidence set
Chr02	10	4478949	4479019	Gly	GCC	0	0	66.5	44.80	21.70	Inf	Gly	94.4	high confidence set
Chr02	11	4887302	4887374	Phe	GAA	0	0	78.3	58.40	19.90	Inf	Phe	113.2	high confidence set
Chr02	12	9019206	9019287	Ser	GCT	0	0	79.0	43.10	35.90	Inf	Ser	108.6	high confidence set
Chr02	13	17154011	17154098	Met	CAT	17154049	17154062	64.1	40.70	23.40	Inf	Met	104.0	high confidence set
Chr02	14	17415570	17415653	Leu	CAA	0	0	78.6	55.60	23.00	Inf	Leu	123.0	high confidence set
Chr02	15	18267485	18267557	Glu	CTC	0	0	77.5	51.70	25.80	Inf	Glu	97.9	high confidence set
Chr02	16	29777387	29777473	Tyr	GTA	29777424	29777437	74.4	42.90	31.50	Inf	Tyr	111.8	high confidence set
Chr02	17	31217882	31217954	Phe	GAA	0	0	78.3	58.40	19.90	Inf	Phe	113.2	high confidence set
Chr02	18	32959034	32959106	Lys	CTT	0	0	86.8	66.60	20.20	Inf	Lys	107.7	high confidence set
Chr02	19	33292377	33292449	Lys	CTT	0	0	86.8	66.60	20.20	Inf	Lys	107.7	high confidence set
Chr02	20	35700785	35700857	Ala	CGC	0	0	68.2	44.00	24.20	Inf	Ala	95.8	high confidence set
Chr02	21	37906284	37906357	Ile	AAT	0	0	81.8	58.30	23.50	Inf	Ile	106.8	high confidence set
Chr02	22	41480458	41480529	Thr	CGT	0	0	80.5	54.30	26.20	Inf	Thr	87.3	high confidence set
Chr02	23	41807325	41807397	Arg	TCT	0	0	68.1	50.00	18.10	Inf	Arg	96.3	high confidence set
Chr02	25	43170095	43170166	His	GTG	0	0	63.0	33.70	29.30	Inf	His	87.1	high confidence set
Chr02	26	47492315	47492396	Ser	GCT	0	0	79.0	43.10	35.90	Inf	Ser	108.6	high confidence set
Chr02	27	48009737	48009824	Met	CAT	48009775	48009788	64.1	40.70	23.40	Inf	Met	104.0	high confidence set
Chr02	28	48344267	48344338	Trp	CCA	0	0	75.8	51.20	24.60	Inf	Trp	105.6	high confidence set
Chr02	29	48462877	48462950	Ile	AAT	0	0	79.3	55.80	23.50	Inf	Ile	104.3	high confidence set
Chr02	30	48650589	48650660	His	GTG	0	0	63.0	33.70	29.30	Inf	His	87.1	high confidence set
Chr02	31	48962487	48962559	Ala	AGC	0	0	63.4	38.20	25.20	Inf	Ala	98.3	high confidence set
Chr02	32	50014108	50014179	Pro	TGG	0	0	68.5	35.70	32.80	Inf	Pro	111.2	high confidence set
Chr02	33	50562411	50562492	Ser	TGA	0	0	78.3	44.40	33.90	Inf	Ser	115.8	high confidence set
Chr02	34	51077411	51077483	Ala	CGC	0	0	68.3	44.10	24.20	Inf	Ala	99.2	high confidence set
Chr02	35	51380579	51380652	Arg	TCG	0	0	81.9	60.40	21.50	Inf	Arg	92.9	high confidence set
Chr02	36	51594858	51594928	Gly	GCC	0	0	66.5	44.80	21.70	Inf	Gly	94.4	high confidence set
Chr02	37	51818930	51819003	Arg	TCG	0	0	81.9	60.40	21.50	Inf	Arg	92.9	high confidence set
Chr02	38	51614303	51614223	Leu	AAG	0	0	74.0	52.20	21.80	Inf	Leu	110.4	high confidence set
Chr02	39	51583095	51583024	His	GTG	0	0	63.0	33.70	29.30	Inf	His	87.1	high confidence set
Chr02	41	48432804	48432724	Leu	CAG	0	0	69.5	46.80	22.70	Inf	Leu	109.7	high confidence set
Chr02	42	47086762	47086689	Asn	GTT	0	0	84.5	59.40	25.10	Inf	Asn	95.9	high confidence set
Chr02	43	45107409	45107338	Gly	TCC	0	0	73.9	46.20	27.70	Inf	Gly	85.6	high confidence set
Chr02	44	41850883	41850811	Glu	CTC	0	0	77.5	51.70	25.80	Inf	Glu	97.9	high confidence set
Chr02	45	40948496	40948425	Pro	TGG	0	0	69.6	37.70	31.90	Inf	Pro	108.3	high confidence set
Chr02	47	40187373	40187302	Lys	TTT	0	0	91.9	68.20	23.70	Inf	Lys	98.4	high confidence set
Chr02	48	39618291	39618220	Thr	TGT	0	0	84.5	58.50	26.00	Inf	Thr	95.0	high confidence set
Chr02	49	39371994	39371921	Asn	GTT	0	0	83.9	58.50	25.40	Inf	Asn	97.4	high confidence set
Chr02	50	37563824	37563739	Tyr	GTA	37563787	37563775	74.5	42.90	31.60	Inf	Tyr	111.8	high confidence set
Chr02	51	34467518	34467445	Ile	AAT	0	0	77.0	57.60	19.40	Inf	Ile	92.6	high confidence set
Chr02	52	33889239	33889169	Gly	CCC	0	0	66.3	29.50	36.80	Inf	Gly	89.7	high confidence set
Chr02	53	32833103	32833017	Tyr	GTA	32833066	32833053	67.6	42.60	25.00	Inf	Tyr	103.5	high confidence set
Chr02	54	31207318	31207246	Lys	CTT	0	0	86.8	66.60	20.20	Inf	Lys	107.7	high confidence set
Chr02	55	30910060	30909989	Asp	GTC	0	0	69.8	46.80	23.00	Inf	Asp	95.8	high confidence set
Chr02	56	23040152	23040081	Pro	CGG	0	0	68.2	35.30	32.90	Inf	Pro	113.0	high confidence set
Chr02	57	22188155	22188083	Arg	CCG	0	0	66.0	50.50	15.50	Inf	Arg	94.3	high confidence set
Chr02	58	19530972	19530891	Ser	AGA	0	0	80.3	44.00	36.30	Inf	Ser	115.3	high confidence set
Chr02	59	18252190	18252118	Glu	CTC	0	0	77.5	51.70	25.80	Inf	Glu	97.9	high confidence set
Chr02	62	8173287	8173216	Lys	TTT	0	0	91.9	68.20	23.70	Inf	Lys	98.4	high confidence set
Chr02	63	6601858	6601787	Cys	GCA	0	0	82.1	59.90	22.20	Inf	Cys	106.6	high confidence set
Chr02	65	2915074	2915001	Val	AAC	0	0	72.5	48.10	24.40	Inf	Val	100.2	high confidence set
Chr02	66	1834917	1834847	Gly	GCC	0	0	66.5	44.80	21.70	Inf	Gly	94.4	high confidence set
Chr02	68	771281	771210	Asp	GTC	0	0	67.8	44.80	23.00	Inf	Asp	92.9	high confidence set
Chr03	1	230247	230320	Ile	TAT	0	0	85.9	70.60	15.30	Inf	Ile	103.9	high confidence set
Chr03	3	5520634	5520714	Leu	CAG	0	0	69.5	46.80	22.70	Inf	Leu	109.7	high confidence set
Chr03	4	7510098	7510170	Glu	CTC	0	0	77.5	51.70	25.80	Inf	Glu	97.9	high confidence set
Chr03	5	8537408	8537481	Ile	TAT	0	0	87.1	72.60	14.50	Inf	Ile	104.3	high confidence set
Chr03	6	13583949	13584020	His	GTG	0	0	63.0	33.70	29.30	Inf	His	87.1	high confidence set
Chr03	8	32829778	32829850	Arg	ACG	0	0	72.0	49.70	22.30	Inf	Arg	93.9	high confidence set
Chr03	9	33831550	33831621	Asp	GTC	0	0	67.8	44.80	23.00	Inf	Asp	92.9	high confidence set
Chr03	10	35800246	35800318	Val	TAC	0	0	78.5	44.20	34.30	Inf	Val	108.9	high confidence set
Chr03	11	35914653	35914725	Phe	GAA	0	0	78.3	58.40	19.90	Inf	Phe	113.2	high confidence set
Chr03	12	36818476	36818548	Lys	CTT	0	0	86.8	66.60	20.20	Inf	Lys	107.7	high confidence set
Chr03	13	37238520	37238592	Arg	ACG	0	0	72.0	49.70	22.30	Inf	Arg	93.9	high confidence set
Chr03	14	38029535	38029606	Asp	GTC	0	0	67.8	44.80	23.00	Inf	Asp	92.9	high confidence set
Chr03	16	40745960	40746031	Gly	TCC	0	0	73.9	46.20	27.70	Inf	Gly	85.6	high confidence set
Chr03	17	41191155	41191227	Arg	CCG	0	0	70.6	49.90	20.70	Inf	Arg	76.2	high confidence set
Chr03	18	41272905	41272977	Lys	CTT	0	0	86.8	66.60	20.20	Inf	Lys	107.7	high confidence set
Chr03	19	41468006	41468086	Leu	CAG	0	0	69.5	46.80	22.70	Inf	Leu	109.7	high confidence set
Chr03	20	43679253	43679326	Ile	AAT	0	0	76.6	52.30	24.30	Inf	Ile	99.4	high confidence set
Chr03	21	43739163	43739236	Val	CAC	0	0	79.3	48.30	31.00	Inf	Val	104.5	high confidence set
Chr03	22	44128421	44128494	Ile	AAT	0	0	79.3	55.80	23.50	Inf	Ile	104.3	high confidence set
Chr03	24	45651700	45651771	Lys	TTT	0	0	91.9	68.20	23.70	Inf	Lys	98.4	high confidence set
Chr03	25	45797460	45797540	Leu	AAG	0	0	74.0	52.20	21.80	Inf	Leu	110.4	high confidence set
Chr03	26	47052388	47052460	Ala	TGC	0	0	70.0	45.30	24.70	Inf	Ala	100.6	high confidence set
Chr03	27	47507000	47507079	Leu	TAG	0	0	69.5	48.50	21.00	Inf	Leu	111.5	high confidence set
Chr03	28	47511689	47511618	Cys	GCA	0	0	78.8	53.70	25.10	Inf	Cys	104.9	high confidence set
Chr03	29	47097791	47097719	Arg	TCT	0	0	68.5	50.60	17.90	Inf	Arg	98.8	high confidence set
Chr03	30	46857108	46857036	Lys	CTT	0	0	86.8	66.60	20.20	Inf	Lys	107.7	high confidence set
Chr03	31	45788394	45788314	Leu	AAG	0	0	74.0	52.20	21.80	Inf	Leu	110.4	high confidence set
Chr03	32	45619249	45619177	Phe	GAA	0	0	75.8	57.10	18.70	Inf	Phe	106.9	high confidence set
Chr03	33	44974486	44974414	Ala	AGC	0	0	63.4	38.20	25.20	Inf	Ala	98.3	high confidence set
Chr03	34	43420767	43420686	Ser	AGA	0	0	80.3	44.00	36.30	Inf	Ser	115.3	high confidence set
Chr03	35	42651410	42651339	Gln	TTG	0	0	76.5	56.80	19.70	Inf	Gln	103.7	high confidence set
Chr03	36	42295645	42295566	Leu	TAG	0	0	69.5	48.50	21.00	Inf	Leu	111.5	high confidence set
Chr03	37	41627034	41626961	Val	CAC	0	0	79.3	48.30	31.00	Inf	Val	104.5	high confidence set
Chr03	38	40999293	40999221	Glu	CTC	0	0	76.5	50.70	25.80	Inf	Glu	97.2	high confidence set
Chr03	39	38781311	38781240	Asp	GTC	0	0	69.8	46.80	23.00	Inf	Asp	95.8	high confidence set
Chr03	40	37683336	37683251	Tyr	GTA	37683299	37683287	74.5	42.90	31.60	Inf	Tyr	111.8	high confidence set
Chr03	41	36797797	36797725	Phe	GAA	0	0	78.3	58.40	19.90	Inf	Phe	113.2	high confidence set
Chr03	42	36371626	36371555	Asp	GTC	0	0	67.8	44.80	23.00	Inf	Asp	92.9	high confidence set
Chr03	44	35612234	35612164	Gly	CCC	0	0	66.3	29.50	36.80	Inf	Gly	89.7	high confidence set
Chr03	46	33224085	33224004	Ser	CGA	0	0	78.9	46.60	32.30	Inf	Ser	122.0	high confidence set
Chr03	47	31784539	31784466	Ile	AAT	0	0	79.3	55.80	23.50	Inf	Ile	104.3	high confidence set
Chr03	48	31089495	31089423	Arg	CCT	0	0	74.8	55.90	18.90	Inf	Arg	87.5	high confidence set
Chr03	49	22777428	22777348	Leu	AAG	0	0	65.9	48.40	17.50	Inf	Leu	96.6	high confidence set
Chr03	51	11119947	11119875	Arg	ACG	0	0	72.0	49.70	22.30	Inf	Arg	93.9	high confidence set
Chr03	52	8301125	8301045	Leu	AAG	0	0	74.0	52.20	21.80	Inf	Leu	110.4	high confidence set
Chr03	53	8300960	8300879	Ser	AGA	0	0	80.3	44.00	36.30	Inf	Ser	115.3	high confidence set
Chr03	54	7317327	7317255	Glu	CTC	0	0	68.2	49.00	19.20	Inf	Glu	88.2	high confidence set
Chr03	55	6396312	6396239	Thr	AGT	0	0	75.0	46.80	28.20	Inf	Thr	89.8	high confidence set
Chr03	56	5713682	5713611	Asp	GTC	0	0	67.8	44.80	23.00	Inf	Asp	92.9	high confidence set
Chr03	57	4565553	4565472	Ser	TGA	0	0	78.3	44.40	33.90	Inf	Ser	115.8	high confidence set
Chr03	58	4064274	4064203	Pro	AGG	0	0	67.4	34.70	32.70	Inf	Pro	112.3	high confidence set
Chr03	59	3288817	3288747	Gly	GCC	0	0	66.5	44.80	21.70	Inf	Gly	94.4	high confidence set
Chr03	60	2041658	2041586	Glu	CTC	0	0	77.5	51.70	25.80	Inf	Glu	97.9	high confidence set
Chr03	61	469576	469504	Glu	CTC	0	0	77.5	51.70	25.80	Inf	Glu	97.9	high confidence set
Chr03	62	464300	464229	Gln	CTG	0	0	71.8	47.10	24.70	Inf	Gln	103.5	high confidence set
Chr04	2	765068	765139	iMet	CAT	0	0	58.3	28.10	30.20	Inf	iMet	118.7	high confidence set
Chr04	3	875966	876039	Val	AAC	0	0	72.5	48.10	24.40	Inf	Val	100.2	high confidence set
Chr04	4	883598	883671	Val	AAC	0	0	72.5	48.10	24.40	Inf	Val	100.2	high confidence set
Chr04	5	903507	903579	Ala	AGC	0	0	63.4	38.20	25.20	Inf	Ala	98.3	high confidence set
Chr04	6	929040	929112	Ala	AGC	0	0	63.4	38.20	25.20	Inf	Ala	98.3	high confidence set
Chr04	7	1127680	1127761	Ser	GCT	0	0	79.0	43.10	35.90	Inf	Ser	108.6	high confidence set
Chr04	8	1127840	1127912	Glu	CTC	0	0	77.5	51.70	25.80	Inf	Glu	97.9	high confidence set
Chr04	10	2258001	2258084	Tyr	GTA	0	0	56.2	30.90	25.30	Inf	Tyr	72.5	high confidence set
Chr04	12	2739080	2739151	His	GTG	0	0	63.0	33.70	29.30	Inf	His	87.1	high confidence set
Chr04	13	3897843	3897914	Asp	GTC	0	0	69.8	46.80	23.00	Inf	Asp	95.8	high confidence set
Chr04	14	6240553	6240633	Leu	AAG	0	0	74.3	53.30	21.00	Inf	Leu	109.7	high confidence set
Chr04	15	6285836	6285906	Gly	CCC	0	0	66.3	29.50	36.80	Inf	Gly	89.7	high confidence set
Chr04	16	9071179	9071250	Gln	CTG	0	0	72.9	48.70	24.20	Inf	Gln	103.4	high confidence set
Chr04	17	11476921	11476992	Lys	TTT	0	0	91.9	68.20	23.70	Inf	Lys	98.4	high confidence set
Chr04	18	29096703	29096783	Leu	AAG	0	0	72.5	50.10	22.40	Inf	Leu	107.4	high confidence set
Chr04	20	30956650	30956721	Gln	TTG	0	0	76.2	56.20	20.00	Inf	Gln	105.4	high confidence set
Chr04	21	31258584	31258656	Phe	GAA	0	0	78.3	58.40	19.90	Inf	Phe	113.2	high confidence set
Chr04	22	31794669	31794741	Ala	CGC	0	0	68.2	44.00	24.20	Inf	Ala	95.8	high confidence set
Chr04	24	33895895	33895976	Ser	AGA	0	0	80.3	44.00	36.30	Inf	Ser	115.3	high confidence set
Chr04	25	35444059	35444131	Phe	GAA	0	0	78.3	58.40	19.90	Inf	Phe	113.2	high confidence set
Chr04	26	35470637	35470709	Ala	TGC	0	0	70.0	45.30	24.70	Inf	Ala	100.6	high confidence set
Chr04	27	35762950	35763021	Pro	TGG	0	0	68.5	35.70	32.80	Inf	Pro	111.2	high confidence set
Chr04	28	37769132	37769203	iMet	CAT	0	0	58.3	28.10	30.20	Inf	iMet	118.7	high confidence set
Chr04	29	37769984	37770055	iMet	CAT	0	0	52.7	22.50	30.20	Inf	iMet	113.1	high confidence set
Chr04	30	39345612	39345683	Gln	CTG	0	0	75.3	51.20	24.10	Inf	Gln	103.1	high confidence set
Chr04	31	41078903	41078974	iMet	CAT	0	0	58.3	28.10	30.20	Inf	iMet	118.7	high confidence set
Chr04	32	41250803	41250874	Trp	CCA	0	0	75.8	51.20	24.60	Inf	Trp	105.6	high confidence set
Chr04	33	42916800	42916881	Ser	GCT	0	0	79.0	43.10	35.90	Inf	Ser	108.6	high confidence set
Chr04	34	45610991	45611062	Pro	AGG	0	0	60.2	33.20	27.00	Inf	Pro	102.7	high confidence set
Chr04	35	45740531	45740460	Thr	CGT	0	0	82.2	57.60	24.60	Inf	Thr	90.2	high confidence set
Chr04	36	45436053	45435982	Cys	GCA	0	0	78.4	49.90	28.50	Inf	Cys	102.6	high confidence set
Chr04	37	45272423	45272340	Leu	CAA	0	0	78.6	55.60	23.00	Inf	Leu	123.0	high confidence set
Chr04	38	44741131	44741045	Met	CAT	44741093	44741081	64.2	40.70	23.50	Inf	Met	104.0	high confidence set
Chr04	39	43736648	43736576	Glu	CTC	0	0	70.3	48.50	21.80	Inf	Glu	90.2	high confidence set
Chr04	40	43323324	43323252	Ala	CGC	0	0	68.2	44.00	24.20	Inf	Ala	95.8	high confidence set
Chr04	41	39983679	39983608	iMet	CAT	0	0	58.3	28.10	30.20	Inf	iMet	118.7	high confidence set
Chr04	42	39967371	39967298	Glu	TTC	0	0	64.1	37.70	26.40	Inf	Glu	91.0	high confidence set
Chr04	43	37520022	37519936	Met	CAT	37519984	37519972	64.2	40.70	23.50	Inf	Met	104.0	high confidence set
Chr04	44	37117590	37117519	Thr	CGT	0	0	80.5	54.30	26.20	Inf	Thr	87.3	high confidence set
Chr04	45	35519050	35518977	Thr	AGT	0	0	75.0	46.80	28.20	Inf	Thr	89.8	high confidence set
Chr04	46	35446678	35446607	Thr	TGT	0	0	79.3	49.30	30.00	Inf	Thr	92.3	high confidence set
Chr04	47	34877845	34877775	Gly	GCC	0	0	66.5	44.80	21.70	Inf	Gly	94.4	high confidence set
Chr04	48	32737357	32737284	Ile	AAT	0	0	79.3	55.80	23.50	Inf	Ile	104.3	high confidence set
Chr04	49	32290091	32290020	Trp	CCA	0	0	75.8	51.20	24.60	Inf	Trp	105.6	high confidence set
Chr04	50	31483549	31483468	Ser	AGA	0	0	80.3	44.00	36.30	Inf	Ser	115.3	high confidence set
Chr04	51	31347227	31347155	Ala	TGC	0	0	70.0	45.30	24.70	Inf	Ala	100.6	high confidence set
Chr04	52	30036723	30036644	Leu	TAG	0	0	69.5	48.50	21.00	Inf	Leu	111.5	high confidence set
Chr04	53	29938230	29938159	Cys	GCA	0	0	75.5	49.60	25.90	Inf	Cys	97.6	high confidence set
Chr04	55	12946116	12946035	Ser	CGA	0	0	81.0	45.50	35.50	Inf	Ser	122.3	high confidence set
Chr04	56	10418646	10418575	Gln	TTG	0	0	64.6	48.10	16.50	Inf	Gln	96.5	high confidence set
Chr04	57	10417902	10417831	Gln	CTG	0	0	71.9	45.90	26.00	Inf	Gln	105.3	high confidence set
Chr04	58	10415972	10415901	Gln	TTG	0	0	73.0	50.10	22.90	Inf	Gln	105.0	high confidence set
Chr04	59	10415211	10415140	Gln	CTG	0	0	68.5	45.60	22.90	Inf	Gln	101.1	high confidence set
Chr04	60	10412562	10412491	Gln	TTG	0	0	69.5	50.50	19.00	Inf	Gln	101.5	high confidence set
Chr04	61	10411795	10411723	Gln	CTG	0	0	58.1	41.60	16.50	Inf	Gln	82.5	high confidence set
Chr04	62	10402823	10402752	Gln	TTG	0	0	75.9	49.40	26.50	Inf	Gln	108.1	high confidence set
Chr04	63	10402060	10401989	Gln	CTG	0	0	62.8	44.60	18.20	Inf	Gln	92.7	high confidence set
Chr04	64	10401132	10401054	Gln	TTG	0	0	50.0	31.30	18.70	Inf	Gln	84.5	high confidence set
Chr04	67	6888288	6888218	Gly	GCC	0	0	66.5	44.80	21.70	Inf	Gly	94.4	high confidence set
Chr04	68	4932348	4932267	Ser	AGA	0	0	80.3	44.00	36.30	Inf	Ser	115.3	high confidence set
Chr04	69	4730598	4730526	Glu	CTC	0	0	77.5	51.70	25.80	Inf	Glu	97.9	high confidence set
Chr04	70	1615390	1615309	Ser	GCT	0	0	79.0	43.10	35.90	Inf	Ser	108.6	high confidence set
Chr04	71	1098875	1098803	Ala	AGC	0	0	63.4	38.20	25.20	Inf	Ala	98.3	high confidence set
Chr04	73	2280	2209	Arg	TCT	0	0	58.3	25.60	32.70	Inf	Gln	70.8	IPD:-24.50,isotype mismatch
Chr05	2	512135	512206	Pro	CGG	0	0	68.5	36.10	32.40	Inf	Pro	108.5	high confidence set
Chr05	3	2856115	2856188	Val	CAC	0	0	79.3	48.30	31.00	Inf	Val	104.5	high confidence set
Chr05	4	2856903	2856976	Val	CAC	0	0	70.1	45.40	24.70	Inf	Val	95.9	high confidence set
Chr05	5	5567215	5567288	Glu	TTC	0	0	64.3	38.20	26.10	Inf	Glu	90.4	high confidence set
Chr05	10	40750463	40750536	Glu	TTC	0	0	64.1	37.70	26.40	Inf	Glu	91.0	high confidence set
Chr05	11	42946239	42946310	Gln	CTG	0	0	72.9	48.70	24.20	Inf	Gln	103.4	high confidence set
Chr05	14	45262270	45262343	Val	CAC	0	0	79.3	48.30	31.00	Inf	Val	104.5	high confidence set
Chr05	16	46267880	46267952	Ala	AGC	0	0	63.4	38.20	25.20	Inf	Ala	98.3	high confidence set
Chr05	18	49024507	49024580	Asn	GTT	0	0	84.5	59.40	25.10	Inf	Asn	95.9	high confidence set
Chr05	20	57701082	57701010	Lys	CTT	0	0	86.8	66.60	20.20	Inf	Lys	107.7	high confidence set
Chr05	23	50962311	50962240	Pro	AGG	0	0	67.4	34.70	32.70	Inf	Pro	112.3	high confidence set
Chr05	25	49220574	49220503	Pro	TGG	0	0	68.5	35.70	32.80	Inf	Pro	111.2	high confidence set
Chr05	26	48774877	48774795	Leu	TAA	0	0	73.5	38.60	34.90	Inf	Leu	98.0	high confidence set
Chr05	27	47181996	47181915	Ser	GCT	0	0	79.0	43.10	35.90	Inf	Ser	108.6	high confidence set
Chr05	28	45973707	45973621	Tyr	GTA	45973670	45973657	74.4	42.90	31.50	Inf	Tyr	111.8	high confidence set
Chr05	29	43824435	43824364	Pro	TGG	0	0	68.5	35.70	32.80	Inf	Pro	111.2	high confidence set
Chr05	30	42945357	42945285	Arg	CCT	0	0	74.8	55.90	18.90	Inf	Arg	84.6	high confidence set
Chr05	31	41122132	41122060	Arg	CCT	0	0	67.2	55.80	11.40	Inf	Arg	73.5	high confidence set
Chr05	33	6015967	6015896	Pro	AGG	0	0	67.4	34.70	32.70	Inf	Pro	112.3	high confidence set
Chr05	34	4781370	4781298	Ala	AGC	0	0	63.4	38.20	25.20	Inf	Ala	98.3	high confidence set
Chr05	36	2774182	2774110	Ala	TGC	0	0	70.0	45.30	24.70	Inf	Ala	100.6	high confidence set
Chr05	39	977350	977269	Ser	TGA	0	0	78.3	44.40	33.90	Inf	Ser	115.8	high confidence set
Chr05	40	935484	935413	Pro	CGG	0	0	68.5	36.10	32.40	Inf	Pro	108.5	high confidence set
Chr06	3	23928463	23928534	Gly	TCC	0	0	74.1	46.70	27.40	Inf	Gly	84.2	high confidence set
Chr06	4	24739398	24739478	Leu	AAG	0	0	74.0	52.20	21.80	Inf	Leu	110.4	high confidence set
Chr06	5	27736110	27736181	iMet	CAT	0	0	58.3	28.10	30.20	Inf	iMet	118.7	high confidence set
Chr06	6	28291771	28291843	Lys	TTT	0	0	90.8	66.10	24.70	Inf	Lys	95.4	high confidence set
Chr06	7	29203839	29203911	Arg	ACG	0	0	72.0	49.70	22.30	Inf	Arg	93.9	high confidence set
Chr06	8	30989753	30989835	Leu	TAA	0	0	71.9	38.80	33.10	Inf	Leu	98.7	high confidence set
Chr06	9	32543445	32543517	Arg	CCG	0	0	68.0	51.50	16.50	Inf	Arg	95.2	high confidence set
Chr06	10	33017204	33017276	Phe	GAA	0	0	78.3	58.40	19.90	Inf	Phe	113.2	high confidence set
Chr06	11	33063796	33063868	Ala	TGC	0	0	70.0	45.30	24.70	Inf	Ala	100.6	high confidence set
Chr06	12	33599013	33599084	Pro	CGG	0	0	68.5	36.10	32.40	Inf	Pro	108.5	high confidence set
Chr06	13	34935529	34935600	Thr	CGT	0	0	80.5	54.30	26.20	Inf	Thr	87.3	high confidence set
Chr06	14	42538678	42538607	Gln	TTG	0	0	76.5	56.50	20.00	Inf	Gln	106.0	high confidence set
Chr06	15	41378197	41378125	Ala	CGC	0	0	68.3	44.10	24.20	Inf	Ala	99.2	high confidence set
Chr06	16	39874030	39873957	Glu	TTC	0	0	61.6	35.30	26.30	Inf	Glu	89.1	high confidence set
Chr06	17	39349989	39349918	Trp	CCA	0	0	75.8	51.20	24.60	Inf	Trp	105.6	high confidence set
Chr06	18	38158225	38158152	Val	AAC	0	0	72.9	48.60	24.30	Inf	Val	93.8	high confidence set
Chr06	19	38105448	38105363	Tyr	GTA	38105411	38105399	74.5	42.90	31.60	Inf	Tyr	111.8	high confidence set
Chr06	20	37601748	37601676	Ala	CGC	0	0	68.3	44.10	24.20	Inf	Ala	99.2	high confidence set
Chr06	21	36535873	36535787	Met	CAT	36535835	36535823	64.2	40.70	23.50	Inf	Met	104.0	high confidence set
Chr06	22	35995545	35995473	Val	TAC	0	0	71.2	38.40	32.80	Inf	Val	101.5	high confidence set
Chr06	23	34257863	34257791	Glu	CTC	0	0	77.5	51.70	25.80	Inf	Glu	97.9	high confidence set
Chr06	24	33133046	33132973	Thr	AGT	0	0	77.2	44.70	32.50	Inf	Thr	92.4	high confidence set
Chr06	25	32365533	32365463	Gly	GCC	0	0	66.5	44.80	21.70	Inf	Gly	94.4	high confidence set
Chr06	26	32355814	32355741	Ile	AAT	0	0	81.8	58.30	23.50	Inf	Ile	106.8	high confidence set
Chr06	27	31790042	31789969	Ile	AAT	0	0	81.8	58.30	23.50	Inf	Ile	106.8	high confidence set
Chr06	28	31494468	31494395	Val	CAC	0	0	79.3	48.30	31.00	Inf	Val	104.5	high confidence set
Chr06	29	29574891	29574820	Trp	CCA	0	0	75.8	51.20	24.60	Inf	Trp	105.6	high confidence set
Chr06	30	29434954	29434874	Leu	CAG	0	0	60.0	37.10	22.90	Inf	Leu	94.8	high confidence set
Chr06	31	29307873	29307802	Trp	CCA	0	0	75.8	51.20	24.60	Inf	Trp	105.6	high confidence set
Chr06	32	28299040	28298959	Ser	AGA	0	0	70.3	33.00	37.30	Inf	Ser	106.9	high confidence set
Chr06	33	27615874	27615803	Gln	TTG	0	0	76.2	56.20	20.00	Inf	Gln	105.4	high confidence set
Chr06	34	25827101	25827022	Leu	TAG	0	0	69.5	48.50	21.00	Inf	Leu	111.5	high confidence set
Chr06	35	25745501	25745430	Cys	GCA	0	0	75.3	49.90	25.40	Inf	Cys	99.5	high confidence set
Chr06	36	23403078	23403005	Val	CAC	0	0	79.3	48.30	31.00	Inf	Val	104.5	high confidence set
Chr07	2	832624	832696	Phe	GAA	0	0	78.3	58.40	19.90	Inf	Phe	113.2	high confidence set
Chr07	3	2288618	2288689	Gly	TCC	0	0	73.9	46.20	27.70	Inf	Gly	85.6	high confidence set
Chr07	4	2306666	2306737	Gly	TCC	0	0	73.9	46.20	27.70	Inf	Gly	85.6	high confidence set
Chr07	6	6351386	6351457	Trp	CCA	0	0	75.8	51.20	24.60	Inf	Trp	105.6	high confidence set
Chr07	8	8850745	8850817	Arg	CCG	0	0	66.0	50.50	15.50	Inf	Arg	94.3	high confidence set
Chr07	9	12808890	12808962	Arg	TCT	0	0	68.1	50.00	18.10	Inf	Arg	96.3	high confidence set
Chr07	15	19464211	19464282	Arg	TCT	0	0	58.3	25.60	32.70	Inf	Gln	70.8	IPD:-24.50,isotype mismatch
Chr07	16	19482286	19482356	Cys	GCA	0	0	66.7	40.20	26.50	Inf	Cys	75.0	high confidence set
Chr07	19	19493906	19493993	Ser	GCT	0	0	69.2	39.20	30.00	Inf	Ser	84.1	high confidence set
Chr07	22	22986524	22986610	Tyr	GTA	22986561	22986574	74.4	42.90	31.50	Inf	Tyr	111.8	high confidence set
Chr07	23	31410049	31410119	Gly	GCC	0	0	55.8	44.00	11.80	Inf	Gly	84.4	high confidence set
Chr07	24	32079429	32079514	Tyr	GTA	32079466	32079478	74.5	42.90	31.60	Inf	Tyr	111.8	high confidence set
Chr07	25	32717145	32717217	Lys	CTT	0	0	86.8	66.60	20.20	Inf	Lys	107.7	high confidence set
Chr07	26	36143934	36144006	Ala	CGC	0	0	68.2	44.00	24.20	Inf	Ala	95.8	high confidence set
Chr07	27	38152391	38152464	Ile	AAT	0	0	79.3	55.80	23.50	Inf	Ile	104.3	high confidence set
Chr07	28	38153696	38153769	Ile	AAT	0	0	79.3	55.80	23.50	Inf	Ile	104.3	high confidence set
Chr07	29	38156405	38156478	Ile	AAT	0	0	82.3	53.80	28.50	Inf	Ile	104.1	high confidence set
Chr07	31	38973486	38973558	Phe	GAA	0	0	78.3	58.40	19.90	Inf	Phe	113.2	high confidence set
Chr07	32	40557150	40557223	Val	AAC	0	0	72.2	47.80	24.40	Inf	Val	98.2	high confidence set
Chr07	33	40557962	40558035	Val	AAC	0	0	72.2	47.80	24.40	Inf	Val	98.2	high confidence set
Chr07	34	40659522	40659602	Leu	AAG	0	0	74.0	52.20	21.80	Inf	Leu	110.4	high confidence set
Chr07	35	40951597	40951668	Thr	TGT	0	0	84.5	58.50	26.00	Inf	Thr	95.0	high confidence set
Chr07	36	41025909	41025980	Asp	GTC	0	0	69.8	46.80	23.00	Inf	Asp	95.8	high confidence set
Chr07	37	41158657	41158730	Arg	ACG	0	0	53.7	42.40	11.30	Inf	Ile	71.6	IPD:-19.60,isotype mismatch
Chr07	38	42377059	42377132	Val	CAC	0	0	79.3	48.30	31.00	Inf	Val	104.5	high confidence set
Chr07	39	42339481	42339410	Pro	CGG	0	0	68.5	36.10	32.40	Inf	Pro	108.5	high confidence set
Chr07	40	42292101	42292029	Lys	CTT	0	0	86.8	66.60	20.20	Inf	Lys	107.7	high confidence set
Chr07	41	42152028	42151956	Arg	CCG	0	0	66.0	50.50	15.50	Inf	Arg	94.3	high confidence set
Chr07	42	41918106	41918034	Ala	AGC	0	0	63.4	38.20	25.20	Inf	Ala	98.3	high confidence set
Chr07	44	40549572	40549499	Asn	GTT	0	0	84.6	58.80	25.80	Inf	Asn	96.0	high confidence set
Chr07	45	39206200	39206128	Glu	CTC	0	0	77.5	51.70	25.80	Inf	Glu	93.6	high confidence set
Chr07	46	38552324	38552251	Thr	AGT	0	0	75.0	46.80	28.20	Inf	Thr	89.8	high confidence set
Chr07	47	36668495	36668414	Ser	GCT	0	0	79.0	43.10	35.90	Inf	Ser	108.6	high confidence set
Chr07	50	31552887	31552817	Gly	GCC	0	0	66.5	44.80	21.70	Inf	Gly	94.4	high confidence set
Chr07	51	20818248	20818177	Asp	GTC	0	0	67.8	44.80	23.00	Inf	Asp	92.9	high confidence set
Chr07	55	19486605	19486534	Thr	GGT	0	0	61.4	29.40	32.00	Inf	Thr	73.1	unexpected anticodon
Chr07	57	19485874	19485791	Tyr	GTA	0	0	56.2	30.90	25.30	Inf	Tyr	72.5	high confidence set
Chr07	63	8213785	8213712	Val	AAC	0	0	72.5	48.10	24.40	Inf	Val	100.2	high confidence set
Chr07	66	557156	557084	Arg	TCT	0	0	70.0	49.90	20.10	Inf	Arg	100.1	high confidence set
Chr07	67	430949	430864	Tyr	GTA	430912	430900	65.7	45.10	20.60	Inf	Tyr	96.3	high confidence set
Chr08	28	1404238	1404310	Ala	TGC	0	0	70.0	45.30	24.70	Inf	Ala	100.6	high confidence set
Chr08	32	3124846	3124919	Glu	TTC	0	0	64.1	37.70	26.40	Inf	Glu	91.0	high confidence set
Chr08	33	6959361	6959433	Arg	TCT	0	0	69.9	49.40	20.50	Inf	Arg	99.6	high confidence set
Chr08	34	8437853	8437924	Lys	TTT	0	0	91.1	67.20	23.90	Inf	Lys	97.8	high confidence set
Chr08	35	8440799	8440871	Ala	TGC	0	0	70.0	45.30	24.70	Inf	Ala	100.6	high confidence set
Chr08	38	18438215	18438286	Pro	AGG	0	0	58.1	31.70	26.40	Inf	Pro	98.5	high confidence set
Chr08	39	20435192	20435263	Pro	AGG	0	0	67.4	34.70	32.70	Inf	Pro	112.3	high confidence set
Chr08	40	20784822	20784892	Gly	CCC	0	0	66.3	29.50	36.80	Inf	Gly	89.7	high confidence set
Chr08	41	23451799	23451870	Pro	AGG	0	0	67.4	34.70	32.70	Inf	Pro	112.3	high confidence set
Chr08	42	24384602	24384674	Lys	CTT	0	0	86.8	66.60	20.20	Inf	Lys	107.7	high confidence set
Chr08	43	24516493	24516565	Arg	ACG	0	0	72.0	49.70	22.30	Inf	Arg	93.9	high confidence set
Chr08	44	27763656	27763742	Met	CAT	27763694	27763706	64.2	40.70	23.50	Inf	Met	104.0	high confidence set
Chr08	45	29363181	29363251	Gly	GCC	0	0	66.5	44.80	21.70	Inf	Gly	94.4	high confidence set
Chr08	46	29991234	29991305	Gln	CTG	0	0	72.9	48.70	24.20	Inf	Gln	103.4	high confidence set
Chr08	47	27757732	27757659	Val	AAC	0	0	67.8	45.80	22.00	Inf	Val	87.6	high confidence set
Chr08	48	26369922	26369849	Glu	TTC	0	0	64.3	38.20	26.10	Inf	Glu	90.4	high confidence set
Chr08	50	24620619	24620548	Pro	AGG	0	0	73.0	38.10	34.90	Inf	Ala	89.1	IPD:-0.20,isotype mismatch
Chr08	51	24619741	24619670	Pro	AGG	0	0	73.0	38.10	34.90	Inf	Ala	89.1	IPD:-0.20,isotype mismatch
Chr08	52	24618573	24618502	Pro	AGG	0	0	73.0	38.10	34.90	Inf	Ala	89.1	IPD:-0.20,isotype mismatch
Chr08	53	24618169	24618098	Pro	AGG	0	0	67.4	34.70	32.70	Inf	Pro	112.3	high confidence set
Chr08	54	24562574	24562502	Lys	CTT	0	0	86.8	66.60	20.20	Inf	Lys	107.7	high confidence set
Chr08	55	23670695	23670624	Gly	TCC	0	0	73.9	46.20	27.70	Inf	Gly	85.6	high confidence set
Chr08	56	22811785	22811712	Thr	AGT	0	0	73.1	48.30	24.80	Inf	Thr	87.2	high confidence set
Chr08	57	20195759	20195677	Leu	TAA	0	0	71.9	38.80	33.10	Inf	Leu	98.7	high confidence set
Chr08	62	4102898	4102825	Thr	AGT	0	0	75.0	46.80	28.20	Inf	Thr	89.8	high confidence set
Chr08	63	2677858	2677786	Ala	AGC	0	0	63.4	38.20	25.20	Inf	Ala	98.3	high confidence set
Chr08	64	2676337	2676265	Ala	AGC	0	0	63.4	38.20	25.20	Inf	Ala	98.3	high confidence set
Chr08	66	1333028	1332955	Val	CAC	0	0	79.3	48.30	31.00	Inf	Val	104.5	high confidence set
Chr08	67	385722	385651	Pro	CGG	0	0	68.5	36.10	32.40	Inf	Pro	108.5	high confidence set
Chr09	1	9998	10070	Ala	TGC	0	0	70.0	45.30	24.70	Inf	Ala	100.6	high confidence set
Chr09	2	435139	435210	Cys	GCA	0	0	76.1	49.80	26.30	Inf	Cys	104.3	high confidence set
Chr09	3	1870213	1870286	Arg	TCG	0	0	81.9	60.40	21.50	Inf	Arg	92.9	high confidence set
Chr09	4	7255376	7255449	Arg	TCG	0	0	81.9	60.40	21.50	Inf	Arg	92.9	high confidence set
Chr09	5	7573278	7573359	Ser	TGA	0	0	78.3	44.40	33.90	Inf	Ser	115.8	high confidence set
Chr09	6	23335348	23335420	Lys	CTT	0	0	68.9	53.70	15.20	Inf	Lys	92.5	high confidence set
Chr09	8	32517583	32517655	Arg	CCT	0	0	74.8	55.90	18.90	Inf	Arg	84.6	high confidence set
Chr09	9	34931939	34932012	Ile	TAT	0	0	82.9	65.20	17.70	Inf	Ile	101.1	high confidence set
Chr09	10	34965488	34965569	Ser	AGA	0	0	80.3	44.00	36.30	Inf	Ser	115.3	high confidence set
Chr09	11	35951427	35951506	Leu	TAG	0	0	69.5	48.50	21.00	Inf	Leu	111.5	high confidence set
Chr09	12	38274199	38274272	Ile	AAT	0	0	79.3	55.80	23.50	Inf	Ile	104.3	high confidence set
Chr09	13	39014582	39014653	Asp	GTC	0	0	67.8	44.80	23.00	Inf	Asp	92.9	high confidence set
Chr09	15	40153209	40153281	Phe	GAA	0	0	78.3	58.40	19.90	Inf	Phe	113.2	high confidence set
Chr09	16	40356036	40356107	Asp	GTC	0	0	69.8	46.80	23.00	Inf	Asp	95.8	high confidence set
Chr09	17	41841288	41841359	Asp	GTC	0	0	69.8	46.80	23.00	Inf	Asp	95.8	high confidence set
Chr09	18	42125195	42125276	Ser	CGA	0	0	78.9	46.60	32.30	Inf	Ser	122.0	high confidence set
Chr09	20	43331431	43331503	Arg	CCT	0	0	74.8	55.90	18.90	Inf	Arg	84.6	high confidence set
Chr09	21	43915340	43915413	Val	AAC	0	0	62.8	40.10	22.70	Inf	Val	86.6	high confidence set
Chr09	22	43892218	43892146	Val	TAC	0	0	71.2	38.40	32.80	Inf	Val	101.5	high confidence set
Chr09	23	43726897	43726827	Gly	GCC	0	0	66.5	44.80	21.70	Inf	Gly	94.4	high confidence set
Chr09	24	43281698	43281625	Val	AAC	0	0	73.2	49.00	24.20	Inf	Val	95.8	high confidence set
Chr09	25	42673593	42673520	Asn	GTT	0	0	84.5	59.40	25.10	Inf	Asn	95.9	high confidence set
Chr09	26	42415355	42415283	Arg	ACG	0	0	72.0	49.70	22.30	Inf	Arg	93.9	high confidence set
Chr09	27	41848454	41848382	Glu	CTC	0	0	77.5	51.70	25.80	Inf	Glu	97.9	high confidence set
Chr09	28	40635135	40635063	Val	TAC	0	0	71.2	38.40	32.80	Inf	Val	101.5	high confidence set
Chr09	30	40152681	40152609	Lys	CTT	0	0	86.8	66.60	20.20	Inf	Lys	107.7	high confidence set
Chr09	31	40037577	40037491	Met	CAT	40037539	40037527	51.7	27.40	24.30	Inf	Met	85.1	high confidence set
Chr09	32	39897132	39897060	Arg	ACG	0	0	72.0	49.70	22.30	Inf	Arg	93.9	high confidence set
Chr09	33	39566306	39566235	Asp	GTC	0	0	69.8	46.80	23.00	Inf	Asp	95.8	high confidence set
Chr09	34	39566128	39566057	Asp	GTC	0	0	68.0	45.20	22.80	Inf	Asp	91.9	high confidence set
Chr09	35	39528235	39528151	Met	CAT	39528197	39528187	64.3	40.80	23.50	Inf	Met	104.0	high confidence set
Chr09	36	39522976	39522890	Met	CAT	39522938	39522926	64.2	40.70	23.50	Inf	Met	104.0	high confidence set
Chr09	37	37380779	37380708	Gly	TCC	0	0	73.9	46.20	27.70	Inf	Gly	85.6	high confidence set
Chr09	38	37223932	37223860	Glu	CTC	0	0	77.5	51.70	25.80	Inf	Glu	97.9	high confidence set
Chr09	39	36852029	36851957	Lys	CTT	0	0	86.8	66.60	20.20	Inf	Lys	107.7	high confidence set
Chr09	41	36754539	36754459	Leu	CAG	0	0	69.5	46.80	22.70	Inf	Leu	109.7	high confidence set
Chr09	42	35211929	35211848	Ser	CGA	0	0	78.9	46.60	32.30	Inf	Ser	122.0	high confidence set
Chr09	43	33699682	33699610	Glu	CTC	0	0	77.5	51.70	25.80	Inf	Glu	97.9	high confidence set
Chr09	44	31585126	31585053	Asn	GTT	0	0	84.8	60.00	24.80	Inf	Asn	98.7	high confidence set
Chr09	46	8677023	8676952	iMet	CAT	0	0	58.3	28.10	30.20	Inf	iMet	118.7	high confidence set
Chr09	47	7460456	7460385	iMet	CAT	0	0	58.3	28.10	30.20	Inf	iMet	118.7	high confidence set
Chr09	48	6367075	6367002	Thr	AGT	0	0	78.9	51.30	27.60	Inf	Thr	92.4	high confidence set
Chr09	49	3904913	3904840	Asn	GTT	0	0	80.0	54.90	25.10	Inf	Asn	90.6	high confidence set
Chr10	1	2713002	2713072	Gly	GCC	0	0	66.5	44.80	21.70	Inf	Gly	94.4	high confidence set
Chr10	2	4284957	4285028	Pro	TGG	0	0	69.6	37.70	31.90	Inf	Pro	108.3	high confidence set
Chr10	3	7585421	7585492	Asp	GTC	0	0	67.8	44.80	23.00	Inf	Asp	92.9	high confidence set
Chr10	4	7832100	7832193	Met	CAT	7832138	7832157	63.9	40.40	23.50	Inf	Met	104.0	high confidence set
Chr10	5	11947856	11947927	iMet	CAT	0	0	58.3	28.10	30.20	Inf	iMet	118.7	high confidence set
Chr10	8	29544582	29544654	Thr	TGT	0	0	58.6	44.80	13.80	Inf	Thr	72.4	high confidence set
Chr10	10	36847885	36847965	Leu	CAG	0	0	69.5	46.80	22.70	Inf	Leu	109.7	high confidence set
Chr10	11	37055925	37056005	Leu	CAG	0	0	69.5	46.80	22.70	Inf	Leu	109.7	high confidence set
Chr10	12	38032947	38033028	Ser	AGA	0	0	80.3	44.00	36.30	Inf	Ser	115.3	high confidence set
Chr10	13	38210647	38210720	Ile	AAT	0	0	81.8	58.30	23.50	Inf	Ile	106.8	high confidence set
Chr10	14	38340466	38340538	Glu	CTC	0	0	77.5	51.70	25.80	Inf	Glu	97.9	high confidence set
Chr10	15	38347584	38347657	Pro	TGG	0	0	63.6	30.20	33.40	Inf	Trp	70.3	IPD:-10.80,isotype mismatch
Chr10	16	39923631	39923703	Arg	CCG	0	0	69.7	54.70	15.00	Inf	Arg	97.7	high confidence set
Chr10	17	40613163	40613234	Gln	CTG	0	0	72.9	48.70	24.20	Inf	Gln	103.4	high confidence set
Chr10	18	42231407	42231478	His	GTG	0	0	63.0	33.70	29.30	Inf	His	87.1	high confidence set
Chr10	19	42433954	42434026	Ala	AGC	0	0	63.4	38.20	25.20	Inf	Ala	98.3	high confidence set
Chr10	20	42826823	42826894	Thr	CGT	0	0	82.2	57.60	24.60	Inf	Thr	90.2	high confidence set
Chr10	21	43008320	43008392	Ala	AGC	0	0	63.4	38.20	25.20	Inf	Ala	98.3	high confidence set
Chr10	23	42948499	42948428	Pro	AGG	0	0	67.4	34.70	32.70	Inf	Pro	112.3	high confidence set
Chr10	24	35769613	35769530	Leu	CAA	0	0	78.6	55.60	23.00	Inf	Leu	123.0	high confidence set
Chr10	25	35548662	35548591	Pro	AGG	0	0	67.4	34.70	32.70	Inf	Pro	112.3	high confidence set
Chr10	26	34729083	34729013	Gly	GCC	0	0	66.5	44.80	21.70	Inf	Gly	94.4	high confidence set
Chr10	29	31401945	31401874	Gln	CTG	0	0	72.9	48.70	24.20	Inf	Gln	103.4	high confidence set
Chr10	34	20250031	20249950	Ser	CGA	0	0	81.0	45.50	35.50	Inf	Ser	122.3	high confidence set
Chr10	36	19461166	19461095	Lys	TTT	0	0	91.9	68.20	23.70	Inf	Lys	98.4	high confidence set
Chr10	37	7933689	7933618	Trp	CCA	0	0	75.8	51.20	24.60	Inf	Trp	105.6	high confidence set
Chr10	38	7395319	7395246	Val	AAC	0	0	72.9	48.60	24.30	Inf	Val	93.8	high confidence set
Chr10	39	5655554	5655482	Lys	TTT	0	0	90.5	65.70	24.80	Inf	Lys	96.4	high confidence set
Chr10	40	4491640	4491568	Ala	AGC	0	0	63.4	38.20	25.20	Inf	Ala	98.3	high confidence set
Chr10	41	3638539	3638467	Ala	TGC	0	0	70.0	45.30	24.70	Inf	Ala	100.6	high confidence set
Chr10	43	766691	766620	Asp	GTC	0	0	67.8	44.80	23.00	Inf	Asp	92.9	high confidence set
scaffold_11	2	3143148	3143062	Ser	GGA	0	0	59.5	29.90	29.60	Inf	Ser	74.2	unexpected anticodon
scaffold_12	2	3143148	3143062	Ser	GGA	0	0	59.5	29.90	29.60	Inf	Ser	74.2	unexpected anticodon
scaffold_66	1	330785	330856	Pro	AGG	0	0	67.4	34.70	32.70	Inf	Pro	112.3	high confidence set
scaffold_80	1	371342	371256	Tyr	GTA	371305	371292	74.4	42.90	31.50	Inf	Tyr	111.8	high confidence set
scaffold_100	1	43293	43207	Ser	GGA	0	0	52.0	29.30	22.70	Inf	Ser	71.9	unexpected anticodon
scaffold_167	2	206144	206233	Ser	CGA	0	0	54.4	30.30	24.10	Inf	Ser	73.6	high confidence set
scaffold_167	3	209299	209371	Phe	GAA	0	0	68.7	44.80	23.90	Inf	Tyr	76.6	IPD:-5.10,isotype mismatch
scaffold_167	5	207503	207431	Thr	TGT	0	0	57.9	43.20	14.70	Inf	Thr	72.0	high confidence set
scaffold_167	7	197579	197508	Arg	TCT	0	0	58.3	25.60	32.70	Inf	Gln	70.8	IPD:-24.50,isotype mismatch
scaffold_222	1	110983	110912	Asp	GTC	0	0	61.4	43.60	17.80	Inf	Asp	83.1	high confidence set
scaffold_242	2	151337	151408	Thr	GGT	0	0	61.4	29.40	32.00	Inf	Thr	73.1	unexpected anticodon
scaffold_242	4	152068	152151	Tyr	GTA	0	0	56.2	30.90	25.30	Inf	Tyr	72.5	high confidence set
scaffold_242	6	155656	155586	Cys	GCA	0	0	66.7	40.20	26.50	Inf	Cys	75.0	high confidence set
scaffold_242	9	144035	143948	Ser	GCT	0	0	69.2	39.20	30.00	Inf	Ser	84.1	high confidence set
scaffold_310	1	107237	107317	Leu	AAG	0	0	74.0	52.20	21.80	Inf	Leu	110.4	high confidence set
scaffold_310	2	126504	126434	Gly	GCC	0	0	66.5	44.80	21.70	Inf	Gly	94.4	high confidence set
scaffold_321	1	141556	141485	Pro	AGG	0	0	67.4	34.70	32.70	Inf	Pro	112.3	high confidence set
scaffold_362	2	76080	76151	Arg	TCT	0	0	58.3	25.60	32.70	Inf	Gln	70.8	IPD:-24.50,isotype mismatch
scaffold_394	1	41722	41651	Pro	AGG	0	0	67.4	34.70	32.70	Inf	Pro	112.3	high confidence set
scaffold_395	3	114994	115068	Pro	TGG	0	0	62.8	32.80	30.00	Inf	Trp	73.3	IPD:-42.40,isotype mismatch
scaffold_395	4	119348	119420	Lys	TTT	0	0	80.3	61.50	18.80	Inf	Lys	78.3	high confidence set
scaffold_514	1	66888	66818	Gly	GCC	0	0	57.0	43.00	14.00	Inf	Gly	85.6	high confidence set
scaffold_562	3	72882	72955	Asp	GTC	0	0	72.0	53.20	18.80	Inf	Ala	72.8	IPD:-22.40,isotype mismatch
scaffold_562	5	73659	73588	Asn	GTT	0	0	76.1	53.10	23.00	Inf	Asn	83.1	high confidence set
scaffold_562	8	62162	62089	Trp	CCA	0	0	72.3	42.90	29.40	Inf	Thr	75.0	IPD:-16.70,isotype mismatch
scaffold_685	1	18031	18104	Thr	AGT	0	0	75.0	46.80	28.20	Inf	Thr	89.8	high confidence set
scaffold_722	1	82913	82984	Gln	CTG	0	0	72.9	48.70	24.20	Inf	Gln	103.4	high confidence set
scaffold_780	1	6769	6857	Ser	CGA	0	0	55.6	30.70	24.90	Inf	Ser	73.4	high confidence set
scaffold_780	2	9924	9996	Phe	GAA	0	0	68.7	44.80	23.90	Inf	Tyr	76.6	IPD:-5.10,isotype mismatch
scaffold_780	4	8128	8056	Thr	TGT	0	0	57.9	43.20	14.70	Inf	Thr	72.0	high confidence set
scaffold_815	1	87065	86993	Val	TAC	0	0	78.5	44.20	34.30	Inf	Val	108.9	high confidence set
scaffold_919	3	75806	75734	Thr	TGT	0	0	58.6	44.80	13.80	Inf	Thr	72.4	high confidence set
scaffold_1051	1	13906	13833	Arg	TCG	0	0	81.9	60.40	21.50	Inf	Arg	92.9	high confidence set
scaffold_1115	1	40929	40999	Gly	CCC	0	0	66.3	29.50	36.80	Inf	Gly	89.7	high confidence set
scaffold_2291	1	15344	15417	Pro	TGG	0	0	63.6	30.20	33.40	Inf	Trp	70.3	IPD:-10.80,isotype mismatch
scaffold_2291	2	15550	15623	Trp	CCA	0	0	72.1	42.60	29.50	Inf	Thr	75.4	IPD:-18.90,isotype mismatch
scaffold_2291	3	33383	33455	Thr	TGT	0	0	65.7	46.40	19.30	Inf	Thr	80.1	high confidence set
scaffold_2291	5	43326	43397	Arg	TCT	0	0	58.3	25.60	32.70	Inf	Gln	70.8	IPD:-24.50,isotype mismatch
scaffold_2291	6	34742	34656	Ser	GGA	0	0	62.4	32.70	29.70	Inf	Ser	81.3	unexpected anticodon
scaffold_2291	7	31581	31509	Phe	GAA	0	0	68.7	44.80	23.90	Inf	Tyr	76.6	IPD:-5.10,isotype mismatch
scaffold_2303	1	5926	5997	Asn	GTT	0	0	76.1	53.10	23.00	Inf	Asn	83.1	high confidence set
scaffold_2303	4	17424	17497	Trp	CCA	0	0	72.3	42.90	29.40	Inf	Thr	75.0	IPD:-16.70,isotype mismatch
scaffold_2303	6	38116	38190	Pro	TGG	0	0	62.8	32.80	30.00	Inf	Trp	73.3	IPD:-42.40,isotype mismatch
scaffold_2303	7	42470	42542	Lys	TTT	0	0	80.3	61.50	18.80	Inf	Lys	78.3	high confidence set
scaffold_2303	10	6702	6629	Asp	GTC	0	0	72.0	53.20	18.80	Inf	Ala	72.8	IPD:-22.40,isotype mismatch
scaffold_2612	1	30667	30748	Ser	GCT	0	0	79.0	43.10	35.90	Inf	Ser	108.6	high confidence set
scaffold_2932	1	48993	49079	Ser	GCT	49030	49034	55.3	29.30	26.00	Inf	Ser	89.9	high confidence set
scaffold_3056	2	11311	11398	Ser	GCT	0	0	60.1	37.70	22.40	Inf	Ser	71.6	high confidence set
scaffold_3772	1	4696	4785	Ser	CGA	0	0	53.7	29.90	23.80	Inf	Ser	73.0	high confidence set
scaffold_3772	2	7802	7874	Phe	GAA	0	0	68.7	44.80	23.90	Inf	Tyr	76.6	IPD:-5.10,isotype mismatch
scaffold_4116	1	587	660	Arg	ACG	0	0	56.2	44.90	11.30	Inf	Ile	73.7	IPD:-23.30,isotype mismatch
scaffold_4116	3	17548	17619	Asn	GTT	0	0	76.1	53.10	23.00	Inf	Asn	83.1	high confidence set
scaffold_4116	8	17946	17873	Arg	ACG	0	0	56.2	44.90	11.30	Inf	Ile	73.7	IPD:-23.30,isotype mismatch
scaffold_4116	9	985	914	Asn	GTT	0	0	76.1	53.10	23.00	Inf	Asn	83.1	high confidence set
scaffold_5147	2	8767	8841	Pro	TGG	0	0	62.8	32.80	30.00	Inf	Trp	73.3	IPD:-42.40,isotype mismatch
scaffold_5147	3	13121	13193	Lys	TTT	0	0	80.3	61.50	18.80	Inf	Lys	78.3	high confidence set
