Sequence    		tRNA   	Bounds 	tRNA	Anti	Intron Bounds	Inf	HMM	2'Str	Hit	Isotype	Isotype	      
Name        	tRNA#	Begin  	End    	Type	Codon	Begin	End	Score	Score	Score	Origin	CM	Score	Note
--------    	------	-----  	------ 	----	-----	-----	----	------	-----	-----	------	-------	-------	------
Scaffold124	1	57144	57217	Asn	GTT	0	0	66.4	49.20	17.20	Inf	Asn	73.9	high confidence set
Scaffold124	3	739339	739268	Cys	GCA	0	0	80.8	53.70	27.10	Inf	Cys	103.2	high confidence set
Scaffold124	4	738961	738890	Cys	GCA	0	0	80.5	53.40	27.10	Inf	Cys	101.8	high confidence set
Scaffold124	5	738773	738702	Cys	GCA	0	0	69.6	52.10	17.50	Inf	Cys	93.6	high confidence set
Scaffold124	6	428030	427945	Tyr	GTA	427993	427981	68.0	43.50	24.50	Inf	Tyr	101.1	high confidence set
Scaffold124	7	182926	182853	Arg	TCG	0	0	81.9	60.40	21.50	Inf	Arg	92.9	high confidence set
Scaffold556	1	1154322	1154394	Val	TAC	0	0	74.4	44.00	30.40	Inf	Val	103.3	high confidence set
Scaffold556	2	2577615	2577686	Asp	GTC	0	0	69.8	46.80	23.00	Inf	Asp	94.5	high confidence set
Scaffold556	3	2739771	2739842	Pro	TGG	0	0	69.2	36.90	32.30	Inf	Pro	112.8	high confidence set
Scaffold556	4	2742356	2742427	Pro	TGG	0	0	69.2	36.90	32.30	Inf	Pro	112.8	high confidence set
Scaffold556	5	3144938	3145010	Ala	AGC	0	0	54.7	35.70	19.00	Inf	Ala	93.4	high confidence set
Scaffold556	6	3538696	3538767	Pro	AGG	0	0	67.4	34.70	32.70	Inf	Pro	112.3	high confidence set
Scaffold556	7	3939173	3939245	Lys	CTT	0	0	87.7	67.60	20.10	Inf	Lys	106.7	high confidence set
Scaffold556	8	4980174	4980103	Gly	TCC	0	0	74.1	46.70	27.40	Inf	Gly	84.2	high confidence set
Scaffold556	9	3151835	3151763	Ala	AGC	0	0	63.4	38.20	25.20	Inf	Ala	98.3	high confidence set
Scaffold556	10	1451323	1451250	Ile	AAT	0	0	83.0	54.40	28.60	Inf	Ile	104.3	high confidence set
Scaffold556	13	1092122	1092051	Thr	CGT	0	0	78.9	54.70	24.20	Inf	Thr	87.3	high confidence set
Scaffold556	14	1052055	1051983	Ala	TGC	0	0	70.0	45.30	24.70	Inf	Ala	100.6	high confidence set
Scaffold568	2	250666	250739	Ile	AAT	0	0	85.5	59.00	26.50	Inf	Ile	109.4	high confidence set
Scaffold568	3	811908	811979	iMet	CAT	0	0	58.3	28.10	30.20	Inf	iMet	118.7	high confidence set
Scaffold568	4	1059067	1059140	Asn	GTT	0	0	83.3	58.10	25.20	Inf	Asn	93.9	high confidence set
Scaffold568	5	1127114	1127195	Ser	GCT	0	0	76.7	42.30	34.40	Inf	Ser	102.7	high confidence set
Scaffold568	6	1198193	1198277	Met	CAT	1198231	1198241	64.2	40.80	23.40	Inf	Met	104.0	high confidence set
Scaffold568	7	1218580	1218664	Met	CAT	1218618	1218628	64.2	40.80	23.40	Inf	Met	104.0	high confidence set
Scaffold568	8	1481070	1481141	His	GTG	0	0	63.0	33.70	29.30	Inf	His	91.2	high confidence set
Scaffold568	9	2289885	2289814	Thr	TGT	0	0	83.0	58.30	24.70	Inf	Thr	92.4	high confidence set
Scaffold568	10	1579637	1579564	Val	AAC	0	0	63.5	36.20	27.30	Inf	Val	86.5	high confidence set
Scaffold568	11	1427167	1427087	Leu	AAG	0	0	71.4	51.10	20.30	Inf	Leu	108.5	high confidence set
Scaffold568	12	1357465	1357393	Arg	ACG	0	0	73.2	50.90	22.30	Inf	Arg	94.3	high confidence set
Scaffold568	13	1082505	1082433	Arg	CCT	0	0	72.3	51.10	21.20	Inf	Arg	84.8	high confidence set
Scaffold568	14	460415	460345	Gly	GCC	0	0	62.1	43.20	18.90	Inf	Gly	87.7	high confidence set
Scaffold568	15	421080	421009	Glu	TTC	0	0	69.9	45.30	24.60	Inf	Glu	99.4	high confidence set
Scaffold568	16	233280	233207	Asn	GTT	0	0	81.4	54.70	26.70	Inf	Asn	91.8	high confidence set
Scaffold597	1	1674752	1674823	Pro	AGG	0	0	52.7	19.80	32.90	Inf	Pro	96.4	high confidence set
Scaffold597	2	504380	504307	Thr	AGT	0	0	76.0	48.40	27.60	Inf	Thr	90.6	high confidence set
Scaffold697	1	39835	39905	Gly	GCC	0	0	66.5	44.80	21.70	Inf	Gly	94.4	high confidence set
Scaffold1460	1	748773	748854	Ser	AGA	0	0	77.0	42.20	34.80	Inf	Ser	112.5	high confidence set
Scaffold1601	1	26076	26004	Phe	GAA	0	0	64.6	46.30	18.30	Inf	Phe	70.8	high confidence set
Scaffold2021	1	980885	980965	Leu	AAG	0	0	63.4	43.20	20.20	Inf	Leu	100.6	high confidence set
Scaffold2021	2	1170832	1170904	Glu	CTC	0	0	76.3	50.40	25.90	Inf	Glu	91.1	high confidence set
Scaffold2128	1	371016	371096	Leu	AAG	0	0	71.4	51.10	20.30	Inf	Leu	108.5	high confidence set
Scaffold2128	2	505688	505760	Phe	GAA	0	0	78.3	58.40	19.90	Inf	Phe	113.2	high confidence set
Scaffold2128	3	696319	696400	Ser	CGA	0	0	83.5	48.90	34.60	Inf	Ser	128.4	high confidence set
Scaffold2128	4	686118	686045	Arg	TCG	0	0	82.3	61.00	21.30	Inf	Arg	91.9	high confidence set
Scaffold2128	5	519567	519483	Tyr	GTA	519530	519519	71.4	39.20	32.20	Inf	Tyr	103.3	high confidence set
Scaffold2128	7	346669	346585	Leu	TAA	0	0	59.0	27.90	31.10	Inf	Leu	74.2	high confidence set
Scaffold2128	8	329350	329278	Arg	TCT	0	0	71.3	51.70	19.60	Inf	Arg	95.1	high confidence set
Scaffold2392	2	795268	795353	Met	CAT	795306	795317	64.2	40.80	23.40	Inf	Met	104.0	high confidence set
Scaffold2392	3	652956	652885	Lys	TTT	0	0	87.9	65.00	22.90	Inf	Lys	94.0	high confidence set
Scaffold2570	1	138027	138098	Pro	TGG	0	0	68.5	35.70	32.80	Inf	Pro	111.2	high confidence set
Scaffold2570	2	255302	255372	Gly	GCC	0	0	66.5	44.80	21.70	Inf	Gly	94.4	high confidence set
Scaffold2570	3	455215	455286	Pro	CGG	0	0	68.2	35.30	32.90	Inf	Pro	113.0	high confidence set
Scaffold2570	6	420231	420158	Ile	TAT	0	0	82.3	71.30	11.00	Inf	Ile	98.5	high confidence set
Scaffold2902	1	582237	582308	Lys	TTT	0	0	92.3	68.60	23.70	Inf	Lys	93.4	high confidence set
Scaffold2902	3	855402	855473	Asp	GTC	0	0	69.8	46.80	23.00	Inf	Asp	94.5	high confidence set
Scaffold2902	4	1233117	1233190	Val	CAC	0	0	81.5	53.50	28.00	Inf	Val	103.7	high confidence set
Scaffold2902	5	1525684	1525757	Ile	AAT	0	0	84.0	55.40	28.60	Inf	Ile	105.9	high confidence set
Scaffold2902	6	1526965	1527038	Ile	AAT	0	0	86.4	57.90	28.50	Inf	Ile	108.4	high confidence set
Scaffold2902	7	1530941	1531012	Asp	GTC	0	0	69.8	46.80	23.00	Inf	Asp	94.5	high confidence set
Scaffold2902	8	1819974	1820055	Ser	AGA	0	0	77.0	42.20	34.80	Inf	Ser	112.5	high confidence set
Scaffold2983	1	764253	764182	Pro	AGG	0	0	67.4	34.70	32.70	Inf	Pro	112.3	high confidence set
Scaffold2983	2	652006	651935	Gln	CTG	0	0	74.6	50.10	24.50	Inf	Gln	102.4	high confidence set
Scaffold3148	1	107384	107456	Val	TAC	0	0	74.4	44.00	30.40	Inf	Val	103.3	high confidence set
Scaffold3148	3	849392	849464	Ala	AGC	0	0	63.4	38.20	25.20	Inf	Ala	98.3	high confidence set
Scaffold3148	5	472635	472564	Phe	GAA	0	0	60.9	41.60	19.30	Inf	Phe	91.9	high confidence set
Scaffold3279	1	109429	109356	Thr	AGT	0	0	59.2	32.90	26.30	Inf	Thr	72.3	high confidence set
Scaffold3288	1	173028	173099	Asp	GTC	0	0	69.8	46.80	23.00	Inf	Asp	94.5	high confidence set
Scaffold3288	2	513375	513455	Leu	CAG	0	0	70.7	49.80	20.90	Inf	Leu	111.3	high confidence set
Scaffold3288	3	743623	743694	Asp	GTC	0	0	69.8	46.80	23.00	Inf	Asp	94.5	high confidence set
Scaffold3288	4	1030017	1029945	Glu	CTC	0	0	76.3	50.40	25.90	Inf	Glu	91.1	high confidence set
Scaffold3288	5	505508	505428	Leu	AAG	0	0	71.4	51.10	20.30	Inf	Leu	108.5	high confidence set
Scaffold3359	2	1029670	1029757	Met	CAT	1029708	1029721	64.1	40.70	23.40	Inf	Met	104.0	high confidence set
Scaffold3640	1	54362	54433	Lys	TTT	0	0	92.3	68.60	23.70	Inf	Lys	93.4	high confidence set
Scaffold3640	2	448868	448948	Leu	AAG	0	0	71.4	51.10	20.30	Inf	Leu	108.5	high confidence set
Scaffold3640	3	517150	517221	Asp	GTC	0	0	69.8	46.80	23.00	Inf	Asp	94.5	high confidence set
Scaffold3640	4	107337	107265	Arg	CCG	0	0	83.1	61.00	22.10	Inf	Arg	85.6	high confidence set
Scaffold4824	1	77660	77732	Phe	GAA	0	0	78.3	58.40	19.90	Inf	Phe	113.2	high confidence set
Scaffold4824	2	204641	204713	Lys	CTT	0	0	87.7	67.60	20.10	Inf	Lys	106.7	high confidence set
Scaffold5022	1	48068	48140	Arg	ACG	0	0	72.9	50.30	22.60	Inf	Arg	91.8	high confidence set
Scaffold5022	2	69627	69700	Ile	AAT	0	0	86.4	57.90	28.50	Inf	Ile	108.4	high confidence set
Scaffold5022	3	490610	490690	Leu	AAG	0	0	71.4	51.10	20.30	Inf	Leu	108.5	high confidence set
Scaffold5022	5	754065	753994	Pro	CGG	0	0	68.2	35.30	32.90	Inf	Pro	113.0	high confidence set
Scaffold5022	6	411880	411809	His	GTG	0	0	63.0	33.70	29.30	Inf	His	91.2	high confidence set
Scaffold5022	7	249382	249309	Val	CAC	0	0	81.5	53.50	28.00	Inf	Val	103.7	high confidence set
Scaffold5325	1	541851	541923	Val	TAC	0	0	74.4	44.00	30.40	Inf	Val	103.3	high confidence set
Scaffold5325	2	544799	544727	Lys	CTT	0	0	88.0	67.90	20.10	Inf	Lys	105.1	high confidence set
Scaffold5325	3	297905	297834	Gln	CTG	0	0	72.9	45.60	27.30	Inf	Gln	101.1	high confidence set
Scaffold6251	1	119190	119261	His	GTG	0	0	63.0	33.70	29.30	Inf	His	86.8	high confidence set
Scaffold6251	2	194396	194468	Lys	CTT	0	0	87.7	67.60	20.10	Inf	Lys	106.7	high confidence set
Scaffold6251	3	331082	331152	Gly	GCC	0	0	66.5	44.80	21.70	Inf	Gly	94.4	high confidence set
Scaffold6251	4	517674	517602	Ala	AGC	0	0	63.4	38.20	25.20	Inf	Ala	98.3	high confidence set
Scaffold6251	5	157405	157332	Val	AAC	0	0	56.5	32.20	24.30	Inf	Val	74.7	high confidence set
Scaffold6758	1	63622	63541	Ser	TGA	0	0	80.7	46.10	34.60	Inf	Ser	119.7	high confidence set
Scaffold6864	1	95741	95812	Cys	GCA	0	0	82.1	59.90	22.20	Inf	Cys	106.6	high confidence set
Scaffold6864	2	112421	112492	Pro	AGG	0	0	67.4	34.70	32.70	Inf	Pro	112.3	high confidence set
Scaffold6864	3	553390	553461	Asp	GTC	0	0	69.8	46.80	23.00	Inf	Asp	94.5	high confidence set
Scaffold6864	4	593998	594070	Glu	CTC	0	0	77.0	51.50	25.50	Inf	Glu	91.5	high confidence set
Scaffold6864	5	936490	936561	Glu	TTC	0	0	69.9	45.30	24.60	Inf	Glu	99.4	high confidence set
Scaffold6864	6	1238745	1238672	Val	AAC	0	0	72.5	48.10	24.40	Inf	Val	100.2	high confidence set
Scaffold6864	7	844018	843947	Glu	TTC	0	0	69.9	45.30	24.60	Inf	Glu	99.4	high confidence set
Scaffold6864	8	731438	731366	Val	TAC	0	0	70.5	42.70	27.80	Inf	Val	97.2	high confidence set
Scaffold6864	9	701580	701507	Asn	GTT	0	0	83.3	58.10	25.20	Inf	Asn	93.9	high confidence set
Scaffold7128	1	1650599	1650680	Ser	AGA	0	0	77.8	43.40	34.40	Inf	Ser	110.9	high confidence set
Scaffold7128	2	2005532	2005603	Asp	GTC	0	0	69.8	46.80	23.00	Inf	Asp	94.5	high confidence set
Scaffold7128	3	2217211	2217291	Leu	CAG	0	0	70.7	49.80	20.90	Inf	Leu	111.3	high confidence set
Scaffold7128	4	2901060	2901131	Asp	GTC	0	0	69.8	46.80	23.00	Inf	Asp	94.5	high confidence set
Scaffold7128	5	2984137	2984208	Pro	TGG	0	0	69.2	36.90	32.30	Inf	Pro	112.8	high confidence set
Scaffold7128	6	3154867	3154796	Trp	CCA	0	0	75.8	51.20	24.60	Inf	Trp	105.6	high confidence set
Scaffold7128	8	2827342	2827259	Leu	CAA	0	0	81.1	56.00	25.10	Inf	Leu	127.4	high confidence set
Scaffold7128	9	1695426	1695353	Val	AAC	0	0	72.5	48.10	24.40	Inf	Val	100.2	high confidence set
Scaffold7128	10	1138478	1138406	Arg	CCG	0	0	69.5	52.30	17.20	Inf	Arg	96.0	high confidence set
Scaffold7128	11	1045934	1045862	Lys	CTT	0	0	87.7	67.60	20.10	Inf	Lys	106.7	high confidence set
Scaffold7128	12	781922	781851	Trp	CCA	0	0	58.9	34.40	24.50	Inf	Trp	85.4	high confidence set
Scaffold7200	1	749189	749269	Leu	AAG	0	0	71.4	51.10	20.30	Inf	Leu	108.5	high confidence set
Scaffold7200	2	1417530	1417613	Leu	CAA	0	0	82.0	55.00	27.00	Inf	Leu	127.3	high confidence set
Scaffold7200	3	1445227	1445156	iMet	CAT	0	0	59.0	29.50	29.50	Inf	iMet	122.5	high confidence set
Scaffold7200	4	1086256	1086185	Cys	GCA	0	0	81.4	55.30	26.10	Inf	Cys	101.8	high confidence set
Scaffold7200	5	383457	383386	Asp	GTC	0	0	69.8	46.80	23.00	Inf	Asp	94.5	high confidence set
Scaffold7305	3	486521	486592	Lys	TTT	0	0	92.3	68.60	23.70	Inf	Lys	93.4	high confidence set
Scaffold7365	1	269288	269217	Gln	CTG	0	0	71.1	46.00	25.10	Inf	Gln	100.8	high confidence set
Scaffold7867	1	203066	203139	Asn	GTT	0	0	81.4	54.70	26.70	Inf	Asn	91.8	high confidence set
Scaffold7867	2	413461	413533	Lys	CTT	0	0	88.3	68.20	20.10	Inf	Lys	101.1	high confidence set
Scaffold7867	3	967640	967723	Leu	CAA	0	0	65.9	50.10	15.80	Inf	Leu	102.4	high confidence set
Scaffold7867	4	1129925	1129997	Ala	CGC	0	0	68.3	44.10	24.20	Inf	Ala	99.2	high confidence set
Scaffold7867	5	1425531	1425612	Ser	GCT	0	0	71.2	44.70	26.50	Inf	Ser	98.0	high confidence set
Scaffold7867	6	2489133	2489205	Ala	AGC	0	0	63.4	38.20	25.20	Inf	Ala	98.3	high confidence set
Scaffold7867	7	2655581	2655652	iMet	CAT	0	0	58.3	28.10	30.20	Inf	iMet	118.7	high confidence set
Scaffold7867	8	2794448	2794520	Phe	GAA	0	0	78.3	58.40	19.90	Inf	Phe	113.2	high confidence set
Scaffold7867	10	3270434	3270505	Lys	TTT	0	0	92.3	68.60	23.70	Inf	Lys	93.4	high confidence set
Scaffold7867	11	3584039	3584120	Ser	GCT	0	0	80.5	45.20	35.30	Inf	Ser	109.5	high confidence set
Scaffold7867	12	3895121	3895192	Pro	TGG	0	0	69.2	36.90	32.30	Inf	Pro	112.8	high confidence set
Scaffold7867	13	4916300	4916372	Arg	TCT	0	0	70.7	50.70	20.00	Inf	Arg	91.3	high confidence set
Scaffold7867	14	4999467	4999539	Arg	ACG	0	0	68.3	48.80	19.50	Inf	Arg	84.0	high confidence set
Scaffold7867	15	5465778	5465850	Arg	TCT	0	0	61.0	43.10	17.90	Inf	Arg	81.0	high confidence set
Scaffold7867	16	5572917	5572987	Gly	GCC	0	0	66.5	44.80	21.70	Inf	Gly	94.4	high confidence set
Scaffold7867	17	5727155	5727236	Ser	CGA	0	0	81.3	46.10	35.20	Inf	Ser	126.9	high confidence set
Scaffold7867	18	6416048	6416120	Arg	TCT	0	0	70.3	51.60	18.70	Inf	Arg	94.3	high confidence set
Scaffold7867	19	6767151	6767223	Glu	CTC	0	0	76.3	50.40	25.90	Inf	Glu	91.1	high confidence set
Scaffold7867	20	6886602	6886675	Thr	AGT	0	0	75.0	47.40	27.60	Inf	Thr	89.8	high confidence set
Scaffold7867	21	7472827	7472899	Glu	CTC	0	0	76.9	51.10	25.80	Inf	Glu	90.4	high confidence set
Scaffold7867	22	7521436	7521507	Pro	CGG	0	0	68.2	35.30	32.90	Inf	Pro	113.0	high confidence set
Scaffold7867	23	7846443	7846514	Glu	TTC	0	0	69.9	45.30	24.60	Inf	Glu	99.4	high confidence set
Scaffold7867	24	7873535	7873608	Asn	GTT	0	0	83.7	58.60	25.10	Inf	Asn	90.4	high confidence set
Scaffold7867	26	7681730	7681657	Ile	TAT	0	0	85.9	70.60	15.30	Inf	Ile	103.9	high confidence set
Scaffold7867	29	5325511	5325438	Thr	AGT	0	0	73.6	45.20	28.40	Inf	Thr	88.6	high confidence set
Scaffold7867	30	3049355	3049283	Ala	CGC	0	0	68.3	44.10	24.20	Inf	Ala	99.2	high confidence set
Scaffold7867	31	3046816	3046745	Gln	CTG	0	0	71.1	46.00	25.10	Inf	Gln	100.8	high confidence set
Scaffold7867	32	2333483	2333410	Ile	AAT	0	0	86.4	57.90	28.50	Inf	Ile	108.4	high confidence set
Scaffold7867	34	1984002	1983919	Leu	CAA	0	0	81.1	56.00	25.10	Inf	Leu	127.4	high confidence set
Scaffold7867	35	1955112	1955031	Ser	TGA	0	0	80.7	46.10	34.60	Inf	Ser	119.7	high confidence set
Scaffold7867	36	1191336	1191266	Gly	CCC	0	0	65.4	28.10	37.30	Inf	Gly	85.4	high confidence set
Scaffold7867	37	373910	373838	Lys	CTT	0	0	81.5	61.30	20.20	Inf	Lys	98.1	high confidence set
Scaffold7903	1	296893	296820	Asn	GTT	0	0	83.3	58.10	25.20	Inf	Asn	93.9	high confidence set
Scaffold8819	1	781180	781251	Gly	TCC	0	0	74.1	46.70	27.40	Inf	Gly	84.2	high confidence set
Scaffold8819	2	1215792	1215871	Leu	TAG	0	0	69.5	48.50	21.00	Inf	Leu	111.5	high confidence set
Scaffold8819	3	1095519	1095448	Pro	TGG	0	0	69.2	36.90	32.30	Inf	Pro	112.8	high confidence set
Scaffold8819	4	772029	771958	Glu	TTC	0	0	69.9	45.30	24.60	Inf	Glu	99.4	high confidence set
Scaffold9600	1	59261	59332	Cys	GCA	0	0	81.7	59.20	22.50	Inf	Cys	104.2	high confidence set
Scaffold9638	1	1158542	1158615	Val	CAC	0	0	81.5	53.50	28.00	Inf	Val	103.7	high confidence set
Scaffold10040	1	978148	978221	Arg	TCG	0	0	81.9	60.40	21.50	Inf	Arg	92.9	high confidence set
Scaffold10040	2	1143404	1143474	Gly	GCC	0	0	55.2	38.70	16.50	Inf	Gly	75.9	high confidence set
Scaffold10040	3	1149284	1149354	Gly	GCC	0	0	60.4	41.30	19.10	Inf	Gly	81.4	high confidence set
Scaffold10040	5	2116787	2116858	Pro	AGG	0	0	68.2	35.90	32.30	Inf	Pro	113.9	high confidence set
Scaffold10040	6	2673782	2673863	Ser	AGA	0	0	77.0	42.20	34.80	Inf	Ser	112.5	high confidence set
Scaffold10058	1	281008	281079	Pro	AGG	0	0	67.4	34.70	32.70	Inf	Pro	112.3	high confidence set
Scaffold10058	2	47154	47082	Ala	AGC	0	0	63.4	38.20	25.20	Inf	Ala	98.3	high confidence set
Scaffold10199	1	863132	863204	Arg	ACG	0	0	72.5	49.90	22.60	Inf	Arg	93.8	high confidence set
Scaffold10199	2	433910	433839	Gln	TTG	0	0	73.5	53.70	19.80	Inf	Gln	104.8	high confidence set
Scaffold10273	1	2034004	2034075	Pro	AGG	0	0	67.4	34.70	32.70	Inf	Pro	112.3	high confidence set
Scaffold10273	3	2796866	2796795	iMet	CAT	0	0	58.3	28.10	30.20	Inf	iMet	118.7	high confidence set
Scaffold10273	4	2720408	2720335	Ile	AAT	0	0	83.0	54.40	28.60	Inf	Ile	104.3	high confidence set
Scaffold10273	5	2607609	2607536	Asn	GTT	0	0	83.3	58.10	25.20	Inf	Asn	93.9	high confidence set
Scaffold10273	6	1057175	1057105	Gly	GCC	0	0	66.5	44.80	21.70	Inf	Gly	94.4	high confidence set
Scaffold10273	7	353863	353782	Ser	AGA	0	0	77.0	42.20	34.80	Inf	Ser	112.5	high confidence set
Scaffold11793	1	708448	708369	Leu	TAG	0	0	69.5	48.50	21.00	Inf	Leu	111.5	high confidence set
Scaffold11793	3	528507	528425	Leu	TAA	0	0	72.9	35.60	37.30	Inf	Leu	100.3	high confidence set
Scaffold11793	4	79935	79864	Lys	TTT	0	0	92.3	68.60	23.70	Inf	Lys	93.4	high confidence set
Scaffold12302	1	1752871	1752942	Pro	TGG	0	0	68.5	35.70	32.80	Inf	Pro	111.2	high confidence set
Scaffold12302	2	1753125	1753196	Pro	TGG	0	0	68.5	35.70	32.80	Inf	Pro	111.2	high confidence set
Scaffold12302	3	1754980	1755051	Pro	TGG	0	0	68.5	35.70	32.80	Inf	Pro	111.2	high confidence set
Scaffold12302	4	1755265	1755336	Pro	TGG	0	0	68.5	35.70	32.80	Inf	Pro	111.2	high confidence set
Scaffold12302	5	1755896	1755967	Pro	AGG	0	0	67.4	34.70	32.70	Inf	Pro	112.3	high confidence set
Scaffold12302	7	1758021	1758092	Pro	TGG	0	0	68.5	35.70	32.80	Inf	Pro	111.2	high confidence set
Scaffold12302	8	1759065	1759136	Pro	TGG	0	0	68.5	35.70	32.80	Inf	Pro	111.2	high confidence set
Scaffold12659	1	1936477	1936404	Asn	GTT	0	0	83.3	58.10	25.20	Inf	Asn	93.9	high confidence set
Scaffold12659	2	1904495	1904423	Ala	TGC	0	0	66.5	41.80	24.70	Inf	Ala	96.3	high confidence set
Scaffold12659	3	1328623	1328550	Val	AAC	0	0	72.5	48.10	24.40	Inf	Val	100.2	high confidence set
Scaffold12659	4	478804	478720	Met	CAT	478766	478756	64.2	40.80	23.40	Inf	Met	104.0	high confidence set
Scaffold12938	2	2941	2860	Ser	AGA	0	0	59.1	35.60	23.50	Inf	Ser	92.9	high confidence set
Scaffold12938	3	2103	2019	Tyr	GTA	2066	2055	53.3	23.00	30.30	Inf	Tyr	92.9	high confidence set
Scaffold12938	5	639	555	Tyr	ATA	602	591	58.5	34.80	23.70	Inf	Tyr	97.1	unexpected anticodon
Scaffold13129	2	891908	891980	Ala	AGC	0	0	63.4	38.20	25.20	Inf	Ala	98.3	high confidence set
Scaffold13129	3	1064517	1064602	Tyr	GTA	1064554	1064566	74.2	42.50	31.70	Inf	Tyr	108.6	high confidence set
Scaffold13129	4	1184594	1184664	Gly	GCC	0	0	66.5	44.80	21.70	Inf	Gly	94.4	high confidence set
Scaffold13129	5	1396295	1396376	Ser	GCT	0	0	59.1	35.10	24.00	Inf	Ser	83.7	high confidence set
Scaffold13129	6	1660101	1660180	Leu	TAG	0	0	69.5	48.50	21.00	Inf	Leu	111.5	high confidence set
Scaffold13129	8	1830328	1830256	Arg	CCT	0	0	79.3	57.50	21.80	Inf	Arg	90.1	high confidence set
Scaffold13129	9	1746358	1746287	Asp	GTC	0	0	69.8	46.80	23.00	Inf	Asp	94.5	high confidence set
Scaffold13129	10	1730303	1730230	Val	CAC	0	0	81.5	53.50	28.00	Inf	Val	103.7	high confidence set
Scaffold13129	11	914395	914312	Leu	CAA	0	0	79.8	53.30	26.50	Inf	Leu	125.0	high confidence set
Scaffold13129	12	114926	114853	Val	AAC	0	0	72.5	48.10	24.40	Inf	Val	100.2	high confidence set
Scaffold13158	1	569	640	Asp	GTC	0	0	66.3	47.20	19.10	Inf	Asp	88.6	high confidence set
Scaffold13158	3	478344	478424	Leu	AAG	0	0	71.4	51.10	20.30	Inf	Leu	108.5	high confidence set
Scaffold13158	4	691883	691955	Glu	CTC	0	0	76.3	50.40	25.90	Inf	Glu	91.1	high confidence set
Scaffold13158	5	837149	837221	Ala	CGC	0	0	67.5	42.90	24.60	Inf	Ala	99.2	high confidence set
Scaffold13158	6	1088768	1088840	Ala	TGC	0	0	66.6	41.40	25.20	Inf	Ala	98.8	high confidence set
Scaffold13158	7	1282735	1282805	Gly	CCC	0	0	58.1	29.90	28.20	Inf	Gly	79.0	high confidence set
Scaffold13158	8	1400674	1400602	Ala	TGC	0	0	70.0	45.30	24.70	Inf	Ala	100.6	high confidence set
Scaffold13158	9	1400511	1400439	Ala	TGC	0	0	70.0	45.30	24.70	Inf	Ala	100.6	high confidence set
Scaffold13158	10	1108868	1108796	Phe	GAA	0	0	78.3	58.40	19.90	Inf	Phe	113.2	high confidence set
Scaffold13158	12	764	691	Val	AAC	0	0	72.5	48.10	24.40	Inf	Val	100.2	high confidence set
Scaffold13175	1	231637	231718	Ser	GCT	0	0	80.5	45.20	35.30	Inf	Ser	109.5	high confidence set
Scaffold13175	2	391736	391808	Arg	ACG	0	0	72.5	49.90	22.60	Inf	Arg	93.8	high confidence set
Scaffold13175	3	506818	506738	Leu	AAG	0	0	71.4	51.10	20.30	Inf	Leu	108.5	high confidence set
Scaffold13175	4	192931	192859	Arg	CCT	0	0	74.8	55.90	18.90	Inf	Arg	87.5	high confidence set
Scaffold13208	1	180742	180812	Gly	CCC	0	0	65.4	28.10	37.30	Inf	Gly	85.4	high confidence set
Scaffold13404	1	752850	752778	Ala	TGC	0	0	70.0	45.30	24.70	Inf	Ala	100.6	high confidence set
Scaffold13671	1	659614	659687	Ile	AAT	0	0	85.5	59.00	26.50	Inf	Ile	109.4	high confidence set
Scaffold13671	2	1073122	1073195	Val	AAC	0	0	72.5	48.10	24.40	Inf	Val	100.2	high confidence set
Scaffold13671	3	1603889	1603960	Trp	CCA	0	0	75.8	51.20	24.60	Inf	Trp	105.6	high confidence set
Scaffold13671	4	1964085	1964158	Arg	TCG	0	0	81.9	60.40	21.50	Inf	Arg	92.9	high confidence set
Scaffold13671	5	2338803	2338874	Pro	AGG	0	0	68.2	35.90	32.30	Inf	Pro	113.9	high confidence set
Scaffold13671	6	2485979	2486060	Ser	AGA	0	0	77.0	42.20	34.80	Inf	Ser	112.5	high confidence set
Scaffold13671	8	1646012	1645933	Leu	TAG	0	0	69.5	48.50	21.00	Inf	Leu	111.5	high confidence set
Scaffold13671	9	813545	813473	Arg	ACG	0	0	72.9	50.30	22.60	Inf	Arg	91.8	high confidence set
Scaffold13671	10	375536	375465	Thr	CGT	0	0	82.3	55.00	27.30	Inf	Thr	83.7	high confidence set
Scaffold13671	11	339311	339239	Ala	TGC	0	0	66.5	41.80	24.70	Inf	Ala	96.3	high confidence set
Scaffold14547	1	71986	72058	Lys	CTT	0	0	87.7	67.60	20.10	Inf	Lys	106.7	high confidence set
Scaffold15089	2	65139	65068	Asp	GTC	0	0	56.4	37.90	18.50	Inf	Asp	81.6	high confidence set
Scaffold15654	1	143119	143047	Lys	CTT	0	0	87.7	67.60	20.10	Inf	Lys	106.7	high confidence set
Scaffold15697	2	1130979	1131050	Pro	TGG	0	0	57.4	32.80	24.60	Inf	Pro	98.5	high confidence set
Scaffold15697	5	1133079	1133150	Pro	TGG	0	0	68.5	35.70	32.80	Inf	Pro	111.2	high confidence set
Scaffold15697	6	1133587	1133658	Pro	TGG	0	0	68.5	35.70	32.80	Inf	Pro	111.2	high confidence set
Scaffold15697	7	1134063	1134134	Pro	TGG	0	0	68.5	35.70	32.80	Inf	Pro	111.2	high confidence set
Scaffold15697	8	1134492	1134563	Pro	TGG	0	0	68.5	35.70	32.80	Inf	Pro	111.2	high confidence set
Scaffold15697	9	1135001	1135072	Pro	TGG	0	0	60.9	28.60	32.30	Inf	Pro	104.5	high confidence set
Scaffold15697	10	1135462	1135533	Pro	TGG	0	0	68.5	35.70	32.80	Inf	Pro	111.2	high confidence set
Scaffold15697	11	1136119	1136190	Pro	TGG	0	0	68.5	35.70	32.80	Inf	Pro	111.2	high confidence set
Scaffold15697	12	1139331	1139402	Pro	TGG	0	0	68.5	35.70	32.80	Inf	Pro	111.2	high confidence set
Scaffold15697	13	1139746	1139817	Pro	AGG	0	0	67.4	34.70	32.70	Inf	Pro	112.3	high confidence set
Scaffold15697	14	1140248	1140319	Pro	TGG	0	0	68.5	35.70	32.80	Inf	Pro	111.2	high confidence set
Scaffold15697	15	1140634	1140705	Pro	TGG	0	0	68.5	35.70	32.80	Inf	Pro	111.2	high confidence set
Scaffold15697	16	1141014	1141085	Pro	TGG	0	0	67.4	34.70	32.70	Inf	Pro	112.3	high confidence set
Scaffold15697	18	1141776	1141847	Pro	AGG	0	0	67.4	34.70	32.70	Inf	Pro	112.3	high confidence set
Scaffold15697	19	1142277	1142348	Pro	TGG	0	0	51.5	26.10	25.40	Inf	Pro	98.7	high confidence set
Scaffold15697	20	1142694	1142765	Pro	TGG	0	0	68.5	35.70	32.80	Inf	Pro	111.2	high confidence set
Scaffold15697	21	1143149	1143220	Pro	TGG	0	0	68.5	35.70	32.80	Inf	Pro	111.2	high confidence set
Scaffold15697	22	1143649	1143720	Pro	TGG	0	0	68.5	35.70	32.80	Inf	Pro	111.2	high confidence set
Scaffold15697	25	1150616	1150687	Pro	TGG	0	0	68.5	35.70	32.80	Inf	Pro	111.2	high confidence set
Scaffold15697	26	1151822	1151893	Pro	TGG	0	0	68.5	35.70	32.80	Inf	Pro	111.2	high confidence set
Scaffold15697	27	1152293	1152364	Pro	TGG	0	0	68.5	35.70	32.80	Inf	Pro	111.2	high confidence set
Scaffold15697	28	1153482	1153553	Pro	TGG	0	0	68.5	35.70	32.80	Inf	Pro	111.2	high confidence set
Scaffold15697	29	1153906	1153977	Pro	TGG	0	0	68.5	35.70	32.80	Inf	Pro	111.2	high confidence set
Scaffold15697	30	1317666	1317738	Glu	CTC	0	0	76.9	51.10	25.80	Inf	Glu	90.4	high confidence set
Scaffold15697	31	2169078	2169150	Glu	CTC	0	0	76.3	50.40	25.90	Inf	Glu	91.1	high confidence set
Scaffold15697	32	2599246	2599329	Leu	CAA	0	0	78.6	55.60	23.00	Inf	Leu	123.0	high confidence set
Scaffold15697	33	2719561	2719634	Ile	AAT	0	0	86.4	57.90	28.50	Inf	Ile	108.4	high confidence set
Scaffold15697	34	2518224	2518151	Val	AAC	0	0	72.5	48.10	24.40	Inf	Val	100.2	high confidence set
Scaffold15774	1	966965	967036	His	GTG	0	0	63.0	33.70	29.30	Inf	His	86.8	high confidence set
Scaffold15774	3	2539085	2539166	Ser	AGA	0	0	77.0	42.20	34.80	Inf	Ser	112.5	high confidence set
Scaffold15774	4	2502284	2502196	Tyr	GTA	2502247	2502232	74.1	42.40	31.70	Inf	Tyr	108.6	high confidence set
Scaffold16335	1	586726	586798	Phe	GAA	0	0	78.3	58.40	19.90	Inf	Phe	113.2	high confidence set
Scaffold16558	1	5294	5208	Ser	GGA	0	0	64.5	34.70	29.80	Inf	Ser	89.7	unexpected anticodon
Scaffold17775	1	113385	113458	Ile	AAT	0	0	85.5	59.00	26.50	Inf	Ile	109.4	high confidence set
Scaffold17775	2	54929	54856	Val	AAC	0	0	72.5	48.10	24.40	Inf	Val	100.2	high confidence set
Scaffold18351	1	858881	858952	Gln	CTG	0	0	71.1	46.00	25.10	Inf	Gln	100.8	high confidence set
Scaffold18351	2	2068972	2069045	Ile	AAT	0	0	85.5	59.00	26.50	Inf	Ile	109.4	high confidence set
Scaffold18351	4	2409341	2409268	Asn	GTT	0	0	81.4	54.70	26.70	Inf	Asn	91.8	high confidence set
Scaffold18351	6	2332019	2331948	His	GTG	0	0	63.0	33.70	29.30	Inf	His	86.8	high confidence set
Scaffold18351	7	975488	975416	Glu	CTC	0	0	68.0	44.30	23.70	Inf	Glu	88.2	high confidence set
Scaffold18351	8	720533	720445	Tyr	GTA	720496	720481	74.1	42.40	31.70	Inf	Tyr	108.6	high confidence set
Scaffold18473	2	498241	498326	Tyr	GTA	498278	498290	74.2	42.50	31.70	Inf	Tyr	108.6	high confidence set
Scaffold18473	3	1516275	1516346	Gly	TCC	0	0	74.1	46.70	27.40	Inf	Gly	84.2	high confidence set
Scaffold18473	4	1876256	1876183	Val	AAC	0	0	72.5	48.10	24.40	Inf	Val	100.2	high confidence set
Scaffold18473	5	1858049	1857976	Val	AAC	0	0	72.5	48.10	24.40	Inf	Val	100.2	high confidence set
Scaffold18473	6	1667534	1667463	Gly	TCC	0	0	74.1	46.70	27.40	Inf	Gly	84.2	high confidence set
Scaffold18473	8	601415	601344	Thr	TGT	0	0	57.9	47.00	10.90	Inf	Thr	75.6	high confidence set
Scaffold18473	9	391621	391550	Gln	TTG	0	0	73.5	53.70	19.80	Inf	Gln	104.8	high confidence set
Scaffold19424	1	1515498	1515579	Ser	GCT	0	0	80.5	45.20	35.30	Inf	Ser	109.5	high confidence set
Scaffold19424	4	4614788	4614869	Ser	GCT	0	0	80.5	45.20	35.30	Inf	Ser	109.5	high confidence set
Scaffold19424	5	4738055	4738127	His	ATG	0	0	59.8	47.90	11.90	Inf	Arg	75.8	IPD:-41.60,isotype mismatch
Scaffold19424	7	7347143	7347215	Arg	CCT	0	0	73.8	54.30	19.50	Inf	Arg	86.0	high confidence set
Scaffold19424	8	7385935	7386008	Val	CAC	0	0	81.5	53.50	28.00	Inf	Val	103.7	high confidence set
Scaffold19424	9	7464815	7464744	Pro	CGG	0	0	68.2	35.30	32.90	Inf	Pro	113.0	high confidence set
Scaffold19424	10	5825560	5825476	Tyr	GTA	5825523	5825512	74.2	42.50	31.70	Inf	Tyr	108.6	high confidence set
Scaffold19424	11	5665036	5664964	Arg	CCT	0	0	74.8	55.90	18.90	Inf	Arg	87.5	high confidence set
Scaffold19427	1	55610	55683	Ile	AAT	0	0	86.4	57.90	28.50	Inf	Ile	108.4	high confidence set
Scaffold19427	2	216773	216845	Ala	CGC	0	0	68.3	44.10	24.20	Inf	Ala	99.2	high confidence set
Scaffold19427	3	49412	49328	Met	CAT	49374	49364	56.5	32.70	23.80	Inf	Met	91.4	high confidence set
Scaffold20055	1	403768	403840	Phe	GAA	0	0	78.3	58.40	19.90	Inf	Phe	113.2	high confidence set
Scaffold20055	2	464181	464110	Gly	TCC	0	0	74.1	46.70	27.40	Inf	Gly	84.2	high confidence set
Scaffold20129	1	3285	3357	Glu	CTC	0	0	65.0	47.80	17.20	Inf	Glu	81.9	high confidence set
Scaffold20129	2	40946	41017	Thr	CGT	0	0	82.3	55.00	27.30	Inf	Thr	83.7	high confidence set
Scaffold20129	3	206851	206922	Asp	GTC	0	0	69.8	46.80	23.00	Inf	Asp	94.5	high confidence set
Scaffold20129	4	372352	372433	Ser	TGA	0	0	79.6	44.60	35.00	Inf	Ser	121.3	high confidence set
Scaffold20129	5	1979939	1980011	Arg	CCG	0	0	69.5	52.30	17.20	Inf	Arg	96.0	high confidence set
Scaffold20129	6	2029886	2029957	Lys	TTT	0	0	88.8	65.10	23.70	Inf	Lys	90.2	high confidence set
Scaffold20129	8	2622368	2622439	Trp	CCA	0	0	75.8	51.20	24.60	Inf	Trp	105.6	high confidence set
Scaffold20129	9	2738926	2738999	Arg	TCG	0	0	82.3	61.00	21.30	Inf	Arg	91.9	high confidence set
Scaffold20129	10	2550493	2550412	Ser	AGA	0	0	77.0	42.20	34.80	Inf	Ser	112.5	high confidence set
Scaffold20129	12	2156680	2156609	Lys	TTT	0	0	92.3	68.60	23.70	Inf	Lys	93.4	high confidence set
Scaffold20129	13	1077790	1077719	Gln	TTG	0	0	73.5	53.70	19.80	Inf	Gln	104.8	high confidence set
Scaffold20129	14	873484	873403	Ser	GCT	0	0	80.5	45.20	35.30	Inf	Ser	109.5	high confidence set
Scaffold20129	15	797288	797217	Gln	TTG	0	0	73.5	53.70	19.80	Inf	Gln	104.8	high confidence set
Scaffold20129	16	200868	200797	Glu	TTC	0	0	52.2	37.20	15.00	Inf	Glu	83.8	high confidence set
Scaffold20505	1	608113	608185	Lys	CTT	0	0	77.9	59.00	18.90	Inf	Lys	86.6	high confidence set
Scaffold20505	2	775131	775060	iMet	CAT	0	0	58.3	28.10	30.20	Inf	iMet	118.7	high confidence set
Scaffold20903	1	262379	262460	Ser	GCT	0	0	81.7	47.50	34.20	Inf	Ser	112.3	high confidence set
Scaffold20903	2	316756	316826	Gly	GCC	0	0	66.5	44.80	21.70	Inf	Gly	94.4	high confidence set
Scaffold20903	3	779667	779738	Thr	TGT	0	0	83.0	58.30	24.70	Inf	Thr	92.4	high confidence set
Scaffold22157	1	1277801	1277872	Trp	CCA	0	0	75.8	51.20	24.60	Inf	Trp	105.6	high confidence set
Scaffold22252	1	113734	113823	Tyr	GTA	113771	113787	74.0	42.30	31.70	Inf	Tyr	108.6	high confidence set
Scaffold22252	2	513572	513653	Ser	TGA	0	0	81.1	46.70	34.40	Inf	Ser	122.5	high confidence set
Scaffold22252	3	550398	550471	Arg	TCG	0	0	74.4	53.20	21.20	Inf	Arg	83.1	high confidence set
Scaffold22252	4	1387415	1387496	Ser	TGA	0	0	79.2	43.90	35.30	Inf	Ser	118.5	high confidence set
Scaffold22252	5	1409351	1409436	Met	CAT	1409389	1409400	64.2	40.80	23.40	Inf	Met	104.0	high confidence set
Scaffold22252	6	1574091	1574162	His	GTG	0	0	55.7	30.50	25.20	Inf	His	81.9	high confidence set
Scaffold22252	7	1420845	1420773	Val	TAC	0	0	74.4	44.00	30.40	Inf	Val	103.3	high confidence set
Scaffold22252	8	1355129	1355058	Lys	TTT	0	0	92.3	68.60	23.70	Inf	Lys	93.4	high confidence set
Scaffold22252	9	514933	514852	Ser	CGA	0	0	77.5	44.40	33.10	Inf	Ser	120.8	high confidence set
Scaffold22252	10	300338	300256	Leu	TAA	0	0	67.5	30.20	37.30	Inf	Leu	94.2	high confidence set
Scaffold22252	11	292816	292744	Arg	TCT	0	0	71.3	51.70	19.60	Inf	Arg	95.1	high confidence set
Scaffold22646	1	1516	1434	Leu	TAA	0	0	72.9	35.60	37.30	Inf	Leu	100.3	high confidence set
Scaffold23794	1	445729	445800	Asp	GTC	0	0	69.8	46.80	23.00	Inf	Asp	94.5	high confidence set
Scaffold23794	3	2386487	2386570	Tyr	GTA	2386524	2386534	74.3	42.60	31.70	Inf	Tyr	108.6	high confidence set
Scaffold23794	4	2575486	2575568	Leu	TAA	0	0	72.9	35.60	37.30	Inf	Leu	100.3	high confidence set
Scaffold23794	5	2757339	2757422	Tyr	GTA	2757376	2757386	74.3	42.60	31.70	Inf	Tyr	108.6	high confidence set
Scaffold23794	6	3438122	3438195	Thr	AGT	0	0	73.6	45.20	28.40	Inf	Thr	88.6	high confidence set
Scaffold23794	7	4409140	4409224	Met	CAT	4409178	4409188	64.2	40.80	23.40	Inf	Met	104.0	high confidence set
Scaffold23794	8	4147809	4147738	Asp	GTC	0	0	69.8	46.80	23.00	Inf	Asp	94.5	high confidence set
Scaffold23794	10	3974798	3974727	Pro	AGG	0	0	67.4	34.70	32.70	Inf	Pro	112.3	high confidence set
Scaffold23794	12	3973859	3973788	Pro	TGG	0	0	68.5	35.70	32.80	Inf	Pro	111.2	high confidence set
Scaffold23794	13	3972837	3972766	Pro	TGG	0	0	68.5	35.70	32.80	Inf	Pro	111.2	high confidence set
Scaffold23794	14	3971990	3971919	Pro	TGG	0	0	68.5	35.70	32.80	Inf	Pro	111.2	high confidence set
Scaffold23794	16	3971027	3970956	Pro	AGG	0	0	67.4	34.70	32.70	Inf	Pro	112.3	high confidence set
Scaffold23794	17	3970517	3970446	Pro	TGG	0	0	68.5	35.70	32.80	Inf	Pro	111.2	high confidence set
Scaffold23794	18	3970079	3970008	Pro	TGG	0	0	68.5	35.70	32.80	Inf	Pro	111.2	high confidence set
Scaffold23794	19	3969039	3968968	Pro	CGG	0	0	62.6	32.90	29.70	Inf	Pro	101.1	high confidence set
Scaffold23794	21	3967773	3967702	Pro	TGG	0	0	68.5	35.70	32.80	Inf	Pro	111.2	high confidence set
Scaffold23794	22	3967344	3967273	Pro	TGG	0	0	68.5	35.70	32.80	Inf	Pro	111.2	high confidence set
Scaffold23794	23	3431053	3430970	Leu	CAA	0	0	81.1	56.00	25.10	Inf	Leu	127.4	high confidence set
Scaffold23794	24	3301138	3301054	Met	CAT	3301100	3301090	64.2	40.80	23.40	Inf	Met	104.0	high confidence set
Scaffold23794	25	2821035	2820963	Asn	GTT	0	0	65.9	41.20	24.70	Inf	Asn	76.8	high confidence set
Scaffold23794	26	2820313	2820234	Leu	TAG	0	0	68.7	47.30	21.40	Inf	Leu	109.7	high confidence set
Scaffold23794	27	2575865	2575783	Leu	TAA	0	0	72.9	35.60	37.30	Inf	Leu	100.3	high confidence set
Scaffold23794	28	2541214	2541142	Arg	TCT	0	0	71.0	51.20	19.80	Inf	Arg	99.1	high confidence set
Scaffold23794	29	1508445	1508373	Glu	CTC	0	0	76.3	50.40	25.90	Inf	Glu	91.1	high confidence set
Scaffold24513	1	834841	834913	Ala	AGC	0	0	63.4	38.20	25.20	Inf	Ala	98.3	high confidence set
Scaffold24513	2	1200560	1200630	Gly	GCC	0	0	63.7	41.90	21.80	Inf	Gly	90.1	high confidence set
Scaffold24513	3	1368118	1368042	Gly	GCC	0	0	57.6	44.00	13.60	Inf	Gly	81.5	high confidence set
Scaffold25219	2	832797	832868	His	GTG	0	0	63.0	33.70	29.30	Inf	His	86.8	high confidence set
Scaffold25219	3	1197146	1197216	Gly	GCC	0	0	66.5	44.80	21.70	Inf	Gly	94.4	high confidence set
Scaffold25219	4	1263946	1264016	Gly	GCC	0	0	66.5	44.80	21.70	Inf	Gly	94.4	high confidence set
Scaffold25219	5	1267670	1267740	Gly	GCC	0	0	66.5	44.80	21.70	Inf	Gly	94.4	high confidence set
Scaffold25219	6	1950521	1950594	Asn	GTT	0	0	83.3	58.10	25.20	Inf	Asn	93.9	high confidence set
Scaffold25219	7	2288799	2288715	Met	CAT	2288761	2288751	64.2	40.80	23.40	Inf	Met	104.0	high confidence set
Scaffold25219	8	1662355	1662284	Thr	TGT	0	0	83.0	58.30	24.70	Inf	Thr	92.4	high confidence set
Scaffold25219	9	1416084	1416011	Ile	AAT	0	0	85.5	59.00	26.50	Inf	Ile	109.4	high confidence set
Scaffold25219	10	1360725	1360653	Ala	AGC	0	0	63.4	38.20	25.20	Inf	Ala	98.3	high confidence set
Scaffold25219	11	1174253	1174180	Ile	TAT	0	0	85.9	70.60	15.30	Inf	Ile	103.9	high confidence set
Scaffold25219	12	931952	931880	Ala	AGC	0	0	57.9	38.00	19.90	Inf	Ala	91.9	high confidence set
Scaffold25219	14	229927	229856	Pro	AGG	0	0	68.2	35.90	32.30	Inf	Pro	113.9	high confidence set
Scaffold25219	15	143064	142993	Glu	TTC	0	0	69.9	45.30	24.60	Inf	Glu	99.4	high confidence set
Scaffold25463	1	880519	880591	Ala	AGC	0	0	63.4	38.20	25.20	Inf	Ala	98.3	high confidence set
Scaffold25463	2	1590419	1590491	Ala	AGC	0	0	63.4	38.20	25.20	Inf	Ala	98.3	high confidence set
Scaffold25463	3	1718120	1718203	Leu	TAA	0	0	80.6	57.10	23.50	Inf	Leu	121.6	high confidence set
Scaffold25463	4	2053422	2053352	Gly	CCC	0	0	65.4	28.10	37.30	Inf	Gly	85.4	high confidence set
Scaffold25463	5	1728977	1728894	Tyr	GTA	1728940	1728930	63.5	35.80	27.70	Inf	Tyr	93.0	high confidence set
Scaffold25463	6	1546323	1546252	Thr	TGT	0	0	83.0	58.30	24.70	Inf	Thr	92.4	high confidence set
Scaffold25463	7	973177	973104	Val	AAC	0	0	72.5	48.10	24.40	Inf	Val	100.2	high confidence set
Scaffold25463	8	829661	829589	Lys	CTT	0	0	87.7	67.60	20.10	Inf	Lys	106.7	high confidence set
Scaffold25542	1	490372	490443	His	GTG	0	0	63.0	33.70	29.30	Inf	His	86.8	high confidence set
Scaffold25542	2	663074	663145	Trp	CCA	0	0	75.8	51.20	24.60	Inf	Trp	105.6	high confidence set
Scaffold25542	3	682299	682372	Val	CAC	0	0	62.8	35.20	27.60	Inf	Val	83.4	high confidence set
Scaffold25542	4	848027	848100	Ile	AAT	0	0	85.5	59.00	26.50	Inf	Ile	109.4	high confidence set
Scaffold25542	5	805571	805499	Arg	ACG	0	0	72.9	50.30	22.60	Inf	Arg	91.8	high confidence set
Scaffold25542	6	447456	447373	Tyr	GTA	447419	447409	74.3	42.50	31.80	Inf	Tyr	108.6	high confidence set
Scaffold25570	1	126548	126477	Gln	TTG	0	0	73.5	53.70	19.80	Inf	Gln	104.8	high confidence set
Scaffold25993	1	2142772	2142843	Thr	TGT	0	0	83.0	58.30	24.70	Inf	Thr	92.4	high confidence set
Scaffold25993	2	2793996	2794077	Ser	GCT	0	0	81.7	47.50	34.20	Inf	Ser	112.3	high confidence set
Scaffold25993	4	2357838	2357766	Arg	ACG	0	0	72.9	50.30	22.60	Inf	Arg	91.8	high confidence set
Scaffold25993	5	1332385	1332313	Arg	TCT	0	0	71.3	51.70	19.60	Inf	Arg	95.1	high confidence set
Scaffold25993	7	293282	293210	Ala	TGC	0	0	70.0	45.30	24.70	Inf	Ala	100.6	high confidence set
Scaffold26326	1	1459977	1459905	Arg	TCT	0	0	71.3	51.40	19.90	Inf	Arg	88.7	high confidence set
Scaffold26527	1	608798	608869	Asp	GTC	0	0	52.1	38.30	13.80	Inf	Asp	70.2	high confidence set
Scaffold26527	2	819554	819625	Cys	GCA	0	0	81.7	56.10	25.60	Inf	Cys	104.3	high confidence set
Scaffold26527	5	2336217	2336288	Trp	CCA	0	0	61.7	49.60	12.10	Inf	Trp	88.5	high confidence set
Scaffold26527	8	1750391	1750321	Gly	GCC	0	0	66.5	44.80	21.70	Inf	Gly	94.4	high confidence set
Scaffold26675	1	1522468	1522541	Thr	AGT	0	0	76.0	48.40	27.60	Inf	Thr	90.6	high confidence set
Scaffold26675	2	1677159	1677230	Asp	GTC	0	0	69.8	46.80	23.00	Inf	Asp	94.5	high confidence set
Scaffold26675	3	2208911	2208982	Asp	GTC	0	0	69.8	46.80	23.00	Inf	Asp	94.5	high confidence set
Scaffold26675	4	2222555	2222626	Gln	CTG	0	0	74.7	50.50	24.20	Inf	Gln	100.9	high confidence set
Scaffold26675	5	2239530	2239458	Phe	GAA	0	0	78.3	58.40	19.90	Inf	Phe	113.2	high confidence set
Scaffold26675	6	1991242	1991172	Gly	GCC	0	0	66.5	44.80	21.70	Inf	Gly	94.4	high confidence set
Scaffold26675	7	1343218	1343134	Tyr	GTA	1343181	1343170	74.2	42.50	31.70	Inf	Tyr	108.6	high confidence set
Scaffold26675	8	1200859	1200787	Arg	CCT	0	0	74.8	55.90	18.90	Inf	Arg	87.5	high confidence set
Scaffold26675	9	958702	958623	Leu	TAG	0	0	69.5	48.50	21.00	Inf	Leu	111.5	high confidence set
Scaffold26675	11	941637	941558	Leu	TAG	0	0	56.9	39.00	17.90	Inf	Leu	100.9	high confidence set
Scaffold26833	1	1267634	1267707	Val	AAC	0	0	72.5	48.10	24.40	Inf	Val	100.2	high confidence set
Scaffold26833	2	2958719	2958792	Val	CAC	0	0	81.5	53.50	28.00	Inf	Val	103.7	high confidence set
Scaffold26833	3	3742691	3742763	Ala	AGC	0	0	58.8	45.90	12.90	Inf	Ala	89.7	high confidence set
Scaffold26833	4	4004633	4004705	Phe	GAA	0	0	78.3	58.40	19.90	Inf	Phe	113.2	high confidence set
Scaffold26833	5	4096539	4096610	iMet	CAT	0	0	58.3	28.10	30.20	Inf	iMet	118.7	high confidence set
Scaffold26833	6	5289597	5289667	Gly	CCC	0	0	65.4	28.10	37.30	Inf	Gly	85.4	high confidence set
Scaffold26833	7	4569707	4569635	Phe	GAA	0	0	78.3	58.40	19.90	Inf	Phe	113.2	high confidence set
Scaffold26833	8	4566430	4566358	Phe	GAA	0	0	78.3	58.40	19.90	Inf	Phe	113.2	high confidence set
Scaffold26833	9	3165686	3165605	Ser	CGA	0	0	77.5	44.40	33.10	Inf	Ser	120.8	high confidence set
Scaffold26833	10	3152534	3152463	Pro	TGG	0	0	69.2	36.90	32.30	Inf	Pro	112.8	high confidence set
Scaffold26833	11	2393493	2393422	iMet	CAT	0	0	58.3	28.10	30.20	Inf	iMet	118.7	high confidence set
Scaffold26833	12	2120575	2120494	Ser	CGA	0	0	71.0	40.90	30.10	Inf	Ser	114.0	high confidence set
Scaffold26833	13	1761069	1760998	Asp	GTC	0	0	69.8	46.80	23.00	Inf	Asp	94.5	high confidence set
Scaffold26833	14	1585013	1584942	Gly	TCC	0	0	74.1	46.70	27.40	Inf	Gly	84.2	high confidence set
Scaffold26833	15	1581228	1581157	Gly	TCC	0	0	74.1	46.70	27.40	Inf	Gly	84.2	high confidence set
Scaffold26833	16	1098885	1098805	Leu	AAG	0	0	71.4	51.10	20.30	Inf	Leu	108.5	high confidence set
Scaffold26833	17	754086	754014	Ala	CGC	0	0	68.3	44.10	24.20	Inf	Ala	99.2	high confidence set
Scaffold26833	18	752011	751940	Thr	CGT	0	0	82.3	55.00	27.30	Inf	Thr	83.7	high confidence set
Scaffold26833	19	570930	570859	Lys	TTT	0	0	82.9	68.40	14.50	Inf	Lys	89.9	high confidence set
Scaffold26833	20	516517	516445	Ala	AGC	0	0	63.4	38.20	25.20	Inf	Ala	98.3	high confidence set
Scaffold26959	2	3129760	3129841	Ser	AGA	0	0	79.4	43.10	36.30	Inf	Ser	115.0	high confidence set
Scaffold26959	3	83809	83738	Pro	AGG	0	0	67.4	34.70	32.70	Inf	Pro	112.3	high confidence set
Scaffold27991	1	1532767	1532838	Gly	TCC	0	0	74.1	46.70	27.40	Inf	Gly	84.2	high confidence set
Scaffold27991	2	1965351	1965279	Val	TAC	0	0	74.4	44.00	30.40	Inf	Val	103.3	high confidence set
Scaffold27991	4	1709313	1709242	Gly	TCC	0	0	74.1	46.70	27.40	Inf	Gly	84.2	high confidence set
Scaffold27991	5	524048	523977	Cys	GCA	0	0	80.8	53.70	27.10	Inf	Cys	103.2	high confidence set
Scaffold28625	1	400935	401016	Ser	TGA	0	0	81.1	46.70	34.40	Inf	Ser	122.5	high confidence set
Scaffold28625	2	1067003	1067076	Ile	TAT	0	0	82.8	70.60	12.20	Inf	Ile	101.5	high confidence set
Scaffold28625	3	748927	748855	Phe	GAA	0	0	78.3	58.40	19.90	Inf	Phe	113.2	high confidence set
Scaffold28625	4	261622	261550	Lys	CTT	0	0	87.7	67.60	20.10	Inf	Lys	106.7	high confidence set
Scaffold29223	1	887469	887386	Leu	CAA	0	0	81.1	56.00	25.10	Inf	Leu	127.4	high confidence set
Scaffold29344	1	60357	60276	Ser	GCT	0	0	80.5	45.20	35.30	Inf	Ser	109.5	high confidence set
Scaffold29514	1	269519	269446	Thr	AGT	0	0	73.6	45.20	28.40	Inf	Thr	88.6	high confidence set
Scaffold29827	1	2552963	2553034	Phe	GAA	0	0	66.5	47.20	19.30	Inf	Phe	97.4	high confidence set
Scaffold29827	2	1154828	1154757	Glu	TTC	0	0	69.9	45.30	24.60	Inf	Glu	99.4	high confidence set
Scaffold30057	1	279	363	Tyr	ATA	316	327	60.2	33.60	26.60	Inf	Tyr	89.3	unexpected anticodon
Scaffold30057	2	967	1048	Ser	TGA	0	0	69.1	41.40	27.70	Inf	Ser	96.7	high confidence set
Scaffold30057	3	1296	1380	Tyr	GTA	1333	1344	72.2	39.00	33.20	Inf	Tyr	110.0	high confidence set
Scaffold30057	4	2264	2348	Tyr	GTA	2301	2312	61.9	34.70	27.20	Inf	Tyr	100.0	high confidence set
Scaffold30057	5	3015	3096	Ser	AGA	0	0	74.1	42.10	32.00	Inf	Ser	108.6	high confidence set
Scaffold30057	6	3343	3427	Tyr	GTA	3380	3391	68.1	37.70	30.40	Inf	Tyr	98.6	high confidence set
Scaffold30057	7	4101	4182	Ser	AGA	0	0	77.0	42.20	34.80	Inf	Ser	112.5	high confidence set
Scaffold30057	8	4429	4513	Tyr	GTA	4466	4477	52.5	27.50	25.00	Inf	Tyr	87.6	high confidence set
Scaffold30057	9	4860	4944	Tyr	GTA	4897	4908	63.1	31.40	31.70	Inf	Tyr	101.2	high confidence set
Scaffold30057	11	10289	10370	Ser	AGA	0	0	58.2	38.60	19.60	Inf	Ser	91.8	high confidence set
Scaffold30057	12	10598	10682	Sup	CTA	10635	10646	57.3	31.40	25.90	Inf	Tyr	86.8	IPD:-86.80,unexpected anticodon
Scaffold30057	14	11782	11863	Ser	AGA	0	0	68.2	33.20	35.00	Inf	Ser	102.1	high confidence set
Scaffold30275	1	349877	349950	Thr	AGT	0	0	76.0	48.40	27.60	Inf	Thr	90.6	high confidence set
Scaffold30275	2	656225	656298	Thr	AGT	0	0	73.6	45.20	28.40	Inf	Thr	88.6	high confidence set
Scaffold30275	3	659513	659593	Leu	CAG	0	0	70.7	49.80	20.90	Inf	Leu	111.3	high confidence set
Scaffold30275	5	2943851	2943778	Thr	AGT	0	0	73.6	45.20	28.40	Inf	Thr	88.6	high confidence set
Scaffold30275	6	2211260	2211189	Gly	TCC	0	0	74.1	46.70	27.40	Inf	Gly	84.2	high confidence set
Scaffold30275	7	1848989	1848910	Leu	TAG	0	0	69.5	48.50	21.00	Inf	Leu	111.5	high confidence set
Scaffold30275	8	1667997	1667926	Cys	GCA	0	0	81.7	56.10	25.60	Inf	Cys	104.3	high confidence set
Scaffold30275	9	1446859	1446788	Trp	CCA	0	0	75.8	51.20	24.60	Inf	Trp	105.6	high confidence set
Scaffold30275	10	1347255	1347184	Trp	CCA	0	0	75.8	51.20	24.60	Inf	Trp	105.6	high confidence set
Scaffold30275	12	42996	42924	Lys	CTT	0	0	87.7	67.60	20.10	Inf	Lys	106.7	high confidence set
