Sequence   		tRNA    	Bounds  	tRNA	Anti	Intron Bounds	Inf	HMM	2'Str	Hit	Isotype	Isotype	      
Name       	tRNA#	Begin   	End     	Type	Codon	Begin	End	Score	Score	Score	Origin	CM	Score	Note
--------   	------	-----   	------  	----	-----	-----	----	------	-----	-----	------	-------	-------	------
CM014270.1	1	1016189	1016259	iMet	CAT	0	0	57.5	27.80	29.70	Inf	iMet	99.6	high confidence set
CM014270.1	2	1248554	1248627	Val	AAC	0	0	72.5	48.10	24.40	Inf	Val	100.2	high confidence set
CM014270.1	3	1332009	1332081	Ala	CGC	0	0	68.3	44.10	24.20	Inf	Ala	99.2	high confidence set
CM014270.1	4	2271626	2271707	Ser	GCT	0	0	79.0	43.10	35.90	Inf	Ser	108.6	high confidence set
CM014270.1	5	2271778	2271850	Glu	CTC	0	0	78.1	52.30	25.80	Inf	Glu	97.1	high confidence set
CM014270.1	6	3050935	3051016	Ser	GCT	0	0	79.0	43.10	35.90	Inf	Ser	108.6	high confidence set
CM014270.1	7	4582268	4582339	His	GTG	0	0	63.0	33.70	29.30	Inf	His	87.1	high confidence set
CM014270.1	28	6458455	6458526	Asp	GTC	0	0	57.2	39.60	17.60	Inf	Asp	84.8	high confidence set
CM014270.1	29	11543109	11543179	Gly	GCC	0	0	66.5	44.80	21.70	Inf	Gly	94.4	high confidence set
CM014270.1	30	14914079	14914150	Gln	CTG	0	0	72.9	48.70	24.20	Inf	Gln	103.4	high confidence set
CM014270.1	33	21395928	21395999	His	GTG	0	0	63.0	33.70	29.30	Inf	His	87.1	high confidence set
CM014270.1	35	27831822	27831905	Leu	CAA	0	0	78.6	55.60	23.00	Inf	Leu	118.8	high confidence set
CM014270.1	37	46947983	46948056	Val	CAC	0	0	79.3	48.30	31.00	Inf	Val	104.5	high confidence set
CM014270.1	39	48132795	48132875	Leu	AAG	0	0	74.3	53.30	21.00	Inf	Leu	109.7	high confidence set
CM014270.1	43	50928038	50928109	Gln	TTG	0	0	76.3	56.30	20.00	Inf	Gln	99.2	high confidence set
CM014270.1	44	50944229	50944300	Gln	TTG	0	0	76.3	56.30	20.00	Inf	Gln	99.2	high confidence set
CM014270.1	45	51605389	51605461	Phe	GAA	0	0	78.3	58.40	19.90	Inf	Phe	113.2	high confidence set
CM014270.1	46	51887778	51887849	Cys	GCA	0	0	63.3	41.00	22.30	Inf	Cys	86.6	high confidence set
CM014270.1	47	51895294	51895365	Cys	GCA	0	0	71.2	48.80	22.40	Inf	Cys	93.3	high confidence set
CM014270.1	48	52617503	52617575	Ala	CGC	0	0	68.2	44.00	24.20	Inf	Ala	95.8	high confidence set
CM014270.1	49	52623614	52623686	Ala	CGC	0	0	68.2	44.00	24.20	Inf	Ala	95.8	high confidence set
CM014270.1	50	52635680	52635752	Ala	CGC	0	0	68.2	44.00	24.20	Inf	Ala	95.8	high confidence set
CM014270.1	51	53165414	53165495	Ser	AGA	0	0	80.3	44.00	36.30	Inf	Ser	115.3	high confidence set
CM014270.1	52	54771128	54771201	Ile	AAT	0	0	79.3	55.80	23.50	Inf	Ile	104.3	high confidence set
CM014270.1	53	54858110	54858183	Ile	AAT	0	0	74.9	58.50	16.40	Inf	Ile	98.9	high confidence set
CM014270.1	54	55851215	55851288	Val	CAC	0	0	79.3	48.30	31.00	Inf	Val	104.5	high confidence set
CM014270.1	55	57282053	57282134	Ser	AGA	0	0	80.3	44.00	36.30	Inf	Ser	115.3	high confidence set
CM014270.1	56	58288276	58288353	Arg	ACG	0	0	57.0	44.90	12.10	Inf	Ile	73.7	IPD:-23.30,isotype mismatch
CM014270.1	57	59275741	59275812	Thr	TGT	0	0	79.3	49.30	30.00	Inf	Thr	92.3	high confidence set
CM014270.1	58	60919752	60919823	Pro	TGG	0	0	68.5	35.70	32.80	Inf	Pro	111.2	high confidence set
CM014270.1	60	64914647	64914733	Met	CAT	64914685	64914697	64.2	40.70	23.50	Inf	Met	104.0	high confidence set
CM014270.1	61	66588759	66588830	Gln	CTG	0	0	75.3	51.20	24.10	Inf	Gln	103.1	high confidence set
CM014270.1	62	69603214	69603285	Trp	CCA	0	0	75.8	51.20	24.60	Inf	Trp	105.6	high confidence set
CM014270.1	63	70050527	70050612	Tyr	GTA	70050564	70050576	74.5	42.90	31.60	Inf	Tyr	111.8	high confidence set
CM014270.1	64	71547002	71547083	Ser	GCT	0	0	79.0	43.10	35.90	Inf	Ser	108.6	high confidence set
CM014270.1	65	74759373	74759444	Thr	CGT	0	0	80.5	54.30	26.20	Inf	Thr	87.3	high confidence set
CM014270.1	66	76570354	76570425	Thr	CGT	0	0	82.2	57.60	24.60	Inf	Thr	90.2	high confidence set
CM014270.1	67	76765080	76765009	Pro	AGG	0	0	67.4	34.70	32.70	Inf	Pro	112.3	high confidence set
CM014270.1	68	75568638	75568555	Leu	CAA	0	0	78.6	55.60	23.00	Inf	Leu	123.0	high confidence set
CM014270.1	69	74836212	74836126	Met	CAT	74836174	74836162	64.2	40.70	23.50	Inf	Met	104.0	high confidence set
CM014270.1	70	73461828	73461756	Glu	CTC	0	0	77.5	51.70	25.80	Inf	Glu	97.9	high confidence set
CM014270.1	71	72210255	72210183	Ala	TGC	0	0	70.0	45.30	24.70	Inf	Ala	100.6	high confidence set
CM014270.1	72	70850753	70850681	Ala	CGC	0	0	68.2	44.00	24.20	Inf	Ala	95.8	high confidence set
CM014270.1	75	64259558	64259487	Thr	CGT	0	0	80.5	54.30	26.20	Inf	Thr	87.3	high confidence set
CM014270.1	76	62480096	62480024	Glu	CTC	0	0	77.5	51.70	25.80	Inf	Glu	97.9	high confidence set
CM014270.1	77	62100676	62100605	Asp	GTC	0	0	67.8	44.80	23.00	Inf	Asp	92.9	high confidence set
CM014270.1	78	59279055	59278983	Phe	GAA	0	0	78.3	58.40	19.90	Inf	Phe	113.2	high confidence set
CM014270.1	79	59250127	59250055	Ala	TGC	0	0	63.5	44.40	19.10	Inf	Ala	93.0	high confidence set
CM014270.1	80	58909433	58909363	Gly	GCC	0	0	66.5	44.80	21.70	Inf	Gly	94.4	high confidence set
CM014270.1	81	58287700	58287630	Cys	GCA	0	0	66.7	40.20	26.50	Inf	Cys	75.0	high confidence set
CM014270.1	82	55476727	55476654	Asn	GTT	0	0	81.1	55.90	25.20	Inf	Asn	91.8	high confidence set
CM014270.1	83	54226012	54225932	Leu	CAG	0	0	69.5	46.80	22.70	Inf	Leu	109.7	high confidence set
CM014270.1	84	54132575	54132504	Trp	CCA	0	0	75.8	51.20	24.60	Inf	Trp	105.6	high confidence set
CM014270.1	85	52448681	52448609	Ala	CGC	0	0	68.2	44.00	24.20	Inf	Ala	95.8	high confidence set
CM014270.1	86	52063078	52062997	Ser	AGA	0	0	80.3	44.00	36.30	Inf	Ser	115.3	high confidence set
CM014270.1	87	52033838	52033767	Cys	GCA	0	0	78.0	49.10	28.90	Inf	Cys	100.1	high confidence set
CM014270.1	88	51646764	51646692	Ala	TGC	0	0	70.0	45.30	24.70	Inf	Ala	100.6	high confidence set
CM014270.1	91	41238281	41238210	His	GTG	0	0	63.0	33.70	29.30	Inf	His	87.1	high confidence set
CM014270.1	92	40512267	40512181	Ser	GGA	0	0	64.5	34.70	29.80	Inf	Ser	84.5	unexpected anticodon
CM014270.1	95	20973426	20973345	Ser	CGA	0	0	80.3	44.90	35.40	Inf	Ser	121.9	high confidence set
CM014270.1	96	18396274	18396203	Lys	TTT	0	0	91.9	68.20	23.70	Inf	Lys	98.4	high confidence set
CM014270.1	97	17057919	17057848	Gln	TTG	0	0	70.1	47.20	22.90	Inf	Gln	100.7	high confidence set
CM014270.1	98	17056858	17056787	Gln	TTG	0	0	75.9	49.40	26.50	Inf	Gln	108.1	high confidence set
CM014270.1	99	17054760	17054689	Gln	TTG	0	0	73.0	50.10	22.90	Inf	Gln	105.0	high confidence set
CM014270.1	100	17051559	17051488	Gln	TTG	0	0	73.0	50.10	22.90	Inf	Gln	105.0	high confidence set
CM014270.1	101	17043490	17043419	Gln	TTG	0	0	75.9	49.40	26.50	Inf	Gln	108.1	high confidence set
CM014270.1	102	17040952	17040881	Gln	TTG	0	0	73.0	50.10	22.90	Inf	Gln	105.0	high confidence set
CM014270.1	105	10564256	10564176	Leu	AAG	0	0	74.3	53.30	21.00	Inf	Leu	109.7	high confidence set
CM014270.1	106	10527251	10527181	Gly	CCC	0	0	66.3	29.50	36.80	Inf	Gly	89.7	high confidence set
CM014270.1	108	8583502	8583421	Ser	AGA	0	0	80.3	44.00	36.30	Inf	Ser	115.3	high confidence set
CM014270.1	109	8156833	8156761	Glu	CTC	0	0	77.5	51.70	25.80	Inf	Glu	97.9	high confidence set
CM014270.1	111	7483459	7483387	Ala	AGC	0	0	60.7	35.50	25.20	Inf	Ala	99.6	high confidence set
CM014270.1	112	7469322	7469250	Ala	AGC	0	0	63.4	38.20	25.20	Inf	Ala	98.3	high confidence set
CM014270.1	118	2236842	2236770	Ala	AGC	0	0	63.4	38.20	25.20	Inf	Ala	98.3	high confidence set
CM014271.1	1	304904	304975	His	GTG	0	0	63.0	33.70	29.30	Inf	His	87.1	high confidence set
CM014271.1	2	320917	320987	Gly	GCC	0	0	66.5	44.80	21.70	Inf	Gly	94.4	high confidence set
CM014271.1	3	619051	619123	Glu	CTC	0	0	77.5	51.70	25.80	Inf	Glu	97.9	high confidence set
CM014271.1	4	1658353	1658423	Gly	CCC	0	0	66.3	29.50	36.80	Inf	Gly	89.7	high confidence set
CM014271.1	5	2852364	2852435	Pro	TGG	0	0	68.5	35.70	32.80	Inf	Pro	111.2	high confidence set
CM014271.1	6	5520250	5520330	Leu	CAG	0	0	69.5	46.80	22.70	Inf	Leu	109.7	high confidence set
CM014271.1	8	8588341	8588413	Ala	TGC	0	0	60.5	43.60	16.90	Inf	Ala	88.3	high confidence set
CM014271.1	9	10526550	10526621	Gly	TCC	0	0	73.9	46.20	27.70	Inf	Gly	85.6	high confidence set
CM014271.1	10	15072615	15072688	Ile	TAT	0	0	87.1	72.60	14.50	Inf	Ile	104.3	high confidence set
CM014271.1	11	16064660	16064732	Arg	TCT	0	0	68.1	50.00	18.10	Inf	Arg	96.3	high confidence set
CM014271.1	12	20934107	20934186	Leu	AAG	0	0	59.9	40.70	19.20	Inf	Leu	94.3	high confidence set
CM014271.1	13	21027605	21027678	Thr	AGT	0	0	75.0	46.80	28.20	Inf	Thr	89.8	high confidence set
CM014271.1	15	24287511	24287596	Tyr	GTA	24287548	24287560	74.5	42.90	31.60	Inf	Tyr	111.8	high confidence set
CM014271.1	16	26870830	26870902	Phe	GAA	0	0	78.3	58.40	19.90	Inf	Phe	113.2	high confidence set
CM014271.1	17	30035949	30036022	Ile	AAT	0	0	79.3	55.80	23.50	Inf	Ile	104.3	high confidence set
CM014271.1	18	31294413	31294483	Gly	CCC	0	0	66.3	29.50	36.80	Inf	Gly	89.7	high confidence set
CM014271.1	19	32383430	32383502	Lys	CTT	0	0	86.8	66.60	20.20	Inf	Lys	107.7	high confidence set
CM014271.1	20	33107481	33107567	Tyr	GTA	33107518	33107531	74.4	42.90	31.50	Inf	Tyr	111.8	high confidence set
CM014271.1	22	34211646	34211717	iMet	CAT	0	0	50.2	25.20	25.00	Inf	iMet	109.1	high confidence set
CM014271.1	23	34764007	34764079	Lys	CTT	0	0	82.4	63.10	19.30	Inf	Lys	104.2	high confidence set
CM014271.1	24	36394665	36394738	Val	CAC	0	0	70.5	42.30	28.20	Inf	Val	97.0	high confidence set
CM014271.1	26	48575643	48575716	Thr	AGT	0	0	75.0	46.80	28.20	Inf	Thr	89.8	high confidence set
CM014271.1	27	57080929	57081001	Arg	CCG	0	0	63.1	51.10	12.00	Inf	Arg	92.3	high confidence set
CM014271.1	28	58547227	58547298	Pro	CGG	0	0	65.6	36.60	29.00	Inf	Pro	101.7	high confidence set
CM014271.1	33	63324758	63324829	Lys	TTT	0	0	91.9	68.20	23.70	Inf	Lys	98.4	high confidence set
CM014271.1	36	66852284	66852356	Glu	CTC	0	0	77.5	51.70	25.80	Inf	Glu	97.9	high confidence set
CM014271.1	37	68415936	68416019	Leu	CAA	0	0	80.9	57.40	23.50	Inf	Leu	123.5	high confidence set
CM014271.1	38	70332461	70332534	Val	AAC	0	0	72.5	48.10	24.40	Inf	Val	100.2	high confidence set
CM014271.1	39	72310527	72310608	Ser	CGA	0	0	78.9	46.60	32.30	Inf	Ser	122.0	high confidence set
CM014271.1	40	75104111	75104183	Glu	CTC	0	0	64.5	48.50	16.00	Inf	Glu	81.0	high confidence set
CM014271.1	41	76724776	76724847	Cys	GCA	0	0	82.1	59.90	22.20	Inf	Cys	106.6	high confidence set
CM014271.1	44	82217212	82217285	Val	AAC	0	0	72.5	48.10	24.40	Inf	Val	100.2	high confidence set
CM014271.1	45	82335346	82335425	Leu	AAG	0	0	57.5	35.50	22.00	Inf	Leu	91.9	high confidence set
CM014271.1	46	83617969	83617896	Glu	TTC	0	0	64.1	37.70	26.40	Inf	Glu	91.0	high confidence set
CM014271.1	47	82798574	82798500	Thr	AGT	0	0	59.7	35.10	24.60	Inf	Thr	75.0	high confidence set
CM014271.1	48	82797275	82797202	Thr	AGT	0	0	75.0	46.80	28.20	Inf	Thr	89.8	high confidence set
CM014271.1	49	82216526	82216440	Met	CAT	82216488	82216476	64.2	40.70	23.50	Inf	Met	104.0	high confidence set
CM014271.1	50	82213344	82213258	Met	CAT	82213306	82213294	64.2	40.70	23.50	Inf	Met	104.0	high confidence set
CM014271.1	51	80238308	80238237	Gly	TCC	0	0	73.9	46.20	27.70	Inf	Gly	85.6	high confidence set
CM014271.1	52	79868573	79868503	Gly	GCC	0	0	66.5	44.80	21.70	Inf	Gly	94.4	high confidence set
CM014271.1	53	79271366	79271287	Phe	GAA	0	0	72.8	52.90	19.90	Inf	Phe	90.8	high confidence set
CM014271.1	55	66564040	66563968	Glu	CTC	0	0	77.5	51.70	25.80	Inf	Glu	97.9	high confidence set
CM014271.1	57	62631017	62630936	Ser	GCT	0	0	79.0	43.10	35.90	Inf	Ser	108.6	high confidence set
CM014271.1	58	57231726	57231646	Leu	AAG	0	0	74.0	52.20	21.80	Inf	Leu	110.4	high confidence set
CM014271.1	62	36707608	36707535	Asn	GTT	0	0	84.5	59.40	25.10	Inf	Asn	95.9	high confidence set
CM014271.1	63	35473707	35473636	Asp	GTC	0	0	69.8	46.80	23.00	Inf	Asp	95.8	high confidence set
CM014271.1	64	34654333	34654261	Phe	GAA	0	0	78.3	58.40	19.90	Inf	Phe	113.2	high confidence set
CM014271.1	65	34615375	34615303	Phe	GAA	0	0	75.8	58.90	16.90	Inf	Phe	107.6	high confidence set
CM014271.1	66	32128750	32128678	Lys	CTT	0	0	86.8	66.60	20.20	Inf	Lys	107.7	high confidence set
CM014271.1	67	30876742	30876667	Asn	GTT	0	0	72.4	54.70	17.70	Inf	Asn	79.8	high confidence set
CM014271.1	70	27544146	27544074	Ala	CGC	0	0	68.2	44.00	24.20	Inf	Ala	95.8	high confidence set
CM014271.1	71	23874934	23874865	Ile	AAT	0	0	54.6	36.70	17.90	Inf	Ile	79.8	high confidence set
CM014271.1	72	20856988	20856909	Leu	AAG	0	0	65.5	43.50	22.00	Inf	Leu	103.3	high confidence set
CM014271.1	73	20843526	20843447	Leu	AAG	0	0	56.0	42.30	13.70	Inf	Leu	84.3	high confidence set
CM014271.1	75	20789564	20789485	Leu	AAG	0	0	57.5	35.50	22.00	Inf	Leu	91.9	high confidence set
CM014271.1	77	16577994	16577923	Thr	CGT	0	0	80.5	54.30	26.20	Inf	Thr	87.3	high confidence set
CM014271.1	78	15994201	15994120	Ser	AGA	0	0	80.3	44.00	36.30	Inf	Ser	115.3	high confidence set
CM014271.1	79	14877804	14877732	Glu	CTC	0	0	77.5	51.70	25.80	Inf	Glu	97.9	high confidence set
CM014271.1	81	13601968	13601897	His	GTG	0	0	63.0	33.70	29.30	Inf	His	87.1	high confidence set
CM014271.1	82	7467992	7467911	Ser	GCT	0	0	79.0	43.10	35.90	Inf	Ser	108.6	high confidence set
CM014271.1	83	6163790	6163719	Trp	CCA	0	0	75.8	51.20	24.60	Inf	Trp	105.6	high confidence set
CM014271.1	84	5436416	5436343	Ile	AAT	0	0	81.8	58.30	23.50	Inf	Ile	106.8	high confidence set
CM014271.1	85	5217475	5217404	His	GTG	0	0	63.0	33.70	29.30	Inf	His	87.1	high confidence set
CM014271.1	86	5205303	5205232	His	GTG	0	0	63.0	33.70	29.30	Inf	His	87.1	high confidence set
CM014271.1	87	4585160	4585080	Leu	AAG	0	0	74.0	52.20	21.80	Inf	Leu	110.4	high confidence set
CM014271.1	88	640898	640826	Ala	CGC	0	0	68.3	44.10	24.20	Inf	Ala	99.2	high confidence set
CM014271.1	89	348632	348552	Leu	AAG	0	0	74.0	52.20	21.80	Inf	Leu	110.4	high confidence set
CM014272.1	1	767417	767487	Gly	GCC	0	0	66.5	44.80	21.70	Inf	Gly	94.4	high confidence set
CM014272.1	2	773489	773559	Gly	GCC	0	0	57.2	36.20	21.00	Inf	Gly	86.0	high confidence set
CM014272.1	3	2102907	2102979	Ala	TGC	0	0	70.0	45.30	24.70	Inf	Ala	100.6	high confidence set
CM014272.1	4	4188183	4188256	Val	AAC	0	0	72.8	48.50	24.30	Inf	Val	89.7	high confidence set
CM014272.1	5	8405565	8405637	Lys	CTT	0	0	86.8	66.60	20.20	Inf	Lys	107.7	high confidence set
CM014272.1	7	10036509	10036580	Gly	TCC	0	0	73.9	46.20	27.70	Inf	Gly	85.6	high confidence set
CM014272.1	8	10243915	10243988	Val	TAC	0	0	77.8	44.10	33.70	Inf	Val	103.2	high confidence set
CM014272.1	9	11145294	11145367	Thr	AGT	0	0	76.0	48.40	27.60	Inf	Thr	90.6	high confidence set
CM014272.1	11	13324421	13324492	Pro	AGG	0	0	67.4	34.70	32.70	Inf	Pro	112.3	high confidence set
CM014272.1	13	25043306	25043377	Thr	GGT	0	0	61.7	29.30	32.40	Inf	Thr	72.0	unexpected anticodon
CM014272.1	16	51137344	51137417	Glu	TTC	0	0	64.1	37.70	26.40	Inf	Glu	91.0	high confidence set
CM014272.1	17	53794156	53794228	Arg	CCT	0	0	74.8	55.90	18.90	Inf	Arg	84.6	high confidence set
CM014272.1	18	60778171	60778243	Phe	GAA	0	0	78.3	58.40	19.90	Inf	Phe	113.2	high confidence set
CM014272.1	19	61800673	61800745	Val	TAC	0	0	71.2	38.40	32.80	Inf	Val	101.5	high confidence set
CM014272.1	20	61809031	61809103	Lys	CTT	0	0	86.8	66.60	20.20	Inf	Lys	107.7	high confidence set
CM014272.1	21	62369343	62369416	Thr	AGT	0	0	74.3	46.30	28.00	Inf	Thr	89.0	high confidence set
CM014272.1	22	63495044	63495115	Asp	GTC	0	0	67.8	44.80	23.00	Inf	Asp	92.9	high confidence set
CM014272.1	23	63978294	63978375	Ser	CGA	0	0	78.9	46.60	32.30	Inf	Ser	122.0	high confidence set
CM014272.1	24	65679685	65679757	Arg	CCT	0	0	68.0	56.20	11.80	Inf	Arg	79.1	high confidence set
CM014272.1	25	68567742	68567813	iMet	CAT	0	0	58.3	28.10	30.20	Inf	iMet	118.7	high confidence set
CM014272.1	27	69688691	69688762	iMet	CAT	0	0	50.1	21.40	28.70	Inf	iMet	111.0	high confidence set
CM014272.1	28	69689432	69689503	iMet	CAT	0	0	55.0	24.40	30.60	Inf	iMet	107.6	high confidence set
CM014272.1	29	70689300	70689372	Lys	CTT	0	0	86.8	66.60	20.20	Inf	Lys	107.7	high confidence set
CM014272.1	30	71947569	71947640	Asp	GTC	0	0	69.8	46.80	23.00	Inf	Asp	95.8	high confidence set
CM014272.1	31	71949834	71949905	Asp	GTC	0	0	67.8	44.80	23.00	Inf	Asp	92.9	high confidence set
CM014272.1	32	71963238	71963309	Asp	GTC	0	0	69.8	46.80	23.00	Inf	Asp	95.8	high confidence set
CM014272.1	33	71969436	71969507	Asp	GTC	0	0	69.8	46.80	23.00	Inf	Asp	95.8	high confidence set
CM014272.1	34	71971693	71971764	Asp	GTC	0	0	67.8	44.80	23.00	Inf	Asp	92.9	high confidence set
CM014272.1	35	72057688	72057774	Met	CAT	72057726	72057738	64.2	40.70	23.50	Inf	Met	104.0	high confidence set
CM014272.1	36	72062444	72062529	Met	CAT	72062482	72062493	55.3	31.80	23.50	Inf	Met	96.8	high confidence set
CM014272.1	38	75542024	75542096	Glu	CTC	0	0	77.5	51.70	25.80	Inf	Glu	97.9	high confidence set
CM014272.1	39	75996406	75996478	Lys	CTT	0	0	86.8	66.60	20.20	Inf	Lys	107.7	high confidence set
CM014272.1	40	76143957	76144037	Leu	CAG	0	0	69.5	46.80	22.70	Inf	Leu	109.7	high confidence set
CM014272.1	41	79540326	79540399	Arg	TCG	0	0	81.9	60.40	21.50	Inf	Arg	92.9	high confidence set
CM014272.1	42	79574077	79574150	Arg	TCG	0	0	81.9	60.40	21.50	Inf	Arg	92.9	high confidence set
CM014272.1	43	83027648	83027719	Gln	TTG	0	0	72.5	52.20	20.30	Inf	Gln	103.5	high confidence set
CM014272.1	44	83238212	83238292	Leu	CAG	0	0	69.5	46.80	22.70	Inf	Leu	109.7	high confidence set
CM014272.1	45	85532698	85532769	iMet	CAT	0	0	58.3	28.10	30.20	Inf	iMet	118.7	high confidence set
CM014272.1	46	87195159	87195232	Thr	AGT	0	0	75.0	46.80	28.20	Inf	Thr	89.8	high confidence set
CM014272.1	47	88580408	88580480	Ala	AGC	0	0	63.4	38.20	25.20	Inf	Ala	98.3	high confidence set
CM014272.1	48	88148393	88148320	Glu	TTC	0	0	64.1	37.70	26.40	Inf	Glu	91.0	high confidence set
CM014272.1	49	86245198	86245126	Arg	TCT	0	0	69.9	49.40	20.50	Inf	Arg	99.6	high confidence set
CM014272.1	50	85237607	85237536	Lys	TTT	0	0	81.5	65.50	16.00	Inf	Lys	89.0	high confidence set
CM014272.1	51	82010067	82009994	Asn	GTT	0	0	80.0	54.90	25.10	Inf	Asn	90.6	high confidence set
CM014272.1	52	78576181	78576110	Cys	GCA	0	0	78.4	49.90	28.50	Inf	Cys	102.6	high confidence set
CM014272.1	53	78575765	78575686	Leu	TAA	0	0	61.5	40.30	21.20	Inf	Leu	103.6	high confidence set
CM014272.1	55	76444497	76444426	Gln	CTG	0	0	66.2	48.60	17.60	Inf	Gln	98.1	high confidence set
CM014272.1	56	75899296	75899223	Val	AAC	0	0	72.9	48.60	24.30	Inf	Val	93.8	high confidence set
CM014272.1	57	74903541	74903470	Pro	CGG	0	0	68.5	36.10	32.40	Inf	Pro	108.5	high confidence set
CM014272.1	58	72846501	72846430	Asp	GTC	0	0	67.8	44.80	23.00	Inf	Asp	92.9	high confidence set
CM014272.1	59	71163946	71163874	Arg	ACG	0	0	72.0	49.70	22.30	Inf	Arg	93.9	high confidence set
CM014272.1	61	69939487	69939414	Arg	TCG	0	0	81.9	60.40	21.50	Inf	Arg	92.9	high confidence set
CM014272.1	62	69480410	69480329	Ser	TGA	0	0	80.7	46.10	34.60	Inf	Ser	119.7	high confidence set
CM014272.1	63	69110232	69110161	Pro	AGG	0	0	67.4	34.70	32.70	Inf	Pro	112.3	high confidence set
CM014272.1	64	68642990	68642920	Gly	GCC	0	0	66.5	44.80	21.70	Inf	Gly	94.4	high confidence set
CM014272.1	65	66536556	66536483	Val	AAC	0	0	72.9	48.60	24.30	Inf	Val	93.8	high confidence set
CM014272.1	66	66516233	66516161	Val	TAC	0	0	71.2	38.40	32.80	Inf	Val	101.5	high confidence set
CM014272.1	67	64641710	64641637	Asn	GTT	0	0	84.5	59.40	25.10	Inf	Asn	95.9	high confidence set
CM014272.1	68	64308541	64308469	Arg	ACG	0	0	72.0	49.70	22.30	Inf	Arg	93.9	high confidence set
CM014272.1	69	63501470	63501398	Glu	CTC	0	0	77.5	51.70	25.80	Inf	Glu	97.9	high confidence set
CM014272.1	70	58281070	58280999	Asn	GTT	0	0	76.1	53.10	23.00	Inf	Asn	83.1	high confidence set
CM014272.1	71	58215259	58215178	Ser	CGA	0	0	78.9	46.60	32.30	Inf	Ser	122.0	high confidence set
CM014272.1	72	55799728	55799656	Glu	CTC	0	0	77.5	51.70	25.80	Inf	Glu	97.9	high confidence set
CM014272.1	73	52481086	52481013	Asn	GTT	0	0	75.4	58.50	16.90	Inf	Asn	90.5	high confidence set
CM014272.1	76	48601397	48601325	Lys	CTT	0	0	86.8	66.60	20.20	Inf	Lys	107.7	high confidence set
CM014272.1	78	27046310	27046227	Leu	AAG	27046272	27046263	65.3	47.40	17.90	Inf	Leu	78.3	high confidence set
CM014272.1	80	23825521	23825449	Arg	ACG	0	0	72.0	49.70	22.30	Inf	Arg	93.9	high confidence set
CM014272.1	86	18501213	18501142	Pro	AGG	0	0	67.4	34.70	32.70	Inf	Pro	112.3	high confidence set
CM014272.1	88	13045788	13045706	Leu	TAA	0	0	71.9	38.80	33.10	Inf	Leu	98.7	high confidence set
CM014272.1	89	11800050	11799966	Met	CAT	11800012	11800002	64.3	40.80	23.50	Inf	Met	104.0	high confidence set
CM014272.1	90	8869615	8869543	Lys	CTT	0	0	86.8	66.60	20.20	Inf	Lys	107.7	high confidence set
CM014272.1	91	8509865	8509793	Arg	ACG	0	0	72.0	49.70	22.30	Inf	Arg	93.9	high confidence set
CM014272.1	92	4173186	4173100	Met	CAT	4173148	4173136	64.2	40.70	23.50	Inf	Met	104.0	high confidence set
CM014272.1	94	2004296	2004223	Thr	AGT	0	0	75.0	46.80	28.20	Inf	Thr	89.8	high confidence set
CM014273.1	1	11110534	11110614	Leu	CAG	0	0	68.4	45.70	22.70	Inf	Leu	107.6	high confidence set
CM014273.1	2	13470746	13470826	Leu	AAG	0	0	74.0	52.20	21.80	Inf	Leu	110.4	high confidence set
CM014273.1	3	13751896	13751979	Leu	CAA	0	0	78.6	55.60	23.00	Inf	Leu	123.0	high confidence set
CM014273.1	4	13872796	13872867	Pro	AGG	0	0	67.4	34.70	32.70	Inf	Pro	112.3	high confidence set
CM014273.1	5	14977518	14977588	Gly	GCC	0	0	66.5	44.80	21.70	Inf	Gly	94.4	high confidence set
CM014273.1	6	19672165	19672236	Gln	CTG	0	0	72.6	48.30	24.30	Inf	Gln	100.8	high confidence set
CM014273.1	7	26430132	26430203	Lys	TTT	0	0	91.9	68.20	23.70	Inf	Lys	98.4	high confidence set
CM014273.1	8	30321543	30321614	Trp	CCA	0	0	75.8	51.20	24.60	Inf	Trp	105.6	high confidence set
CM014273.1	9	45546500	45546572	Ala	AGC	0	0	63.4	38.20	25.20	Inf	Ala	98.3	high confidence set
CM014273.1	11	55373426	55373497	Trp	CCA	0	0	75.8	51.20	24.60	Inf	Trp	105.6	high confidence set
CM014273.1	13	61910729	61910801	Ala	AGC	0	0	63.4	38.20	25.20	Inf	Ala	98.3	high confidence set
CM014273.1	14	65734460	65734532	Arg	ACG	0	0	62.2	45.40	16.80	Inf	Arg	86.3	high confidence set
CM014273.1	15	66687745	66687816	Asp	GTC	0	0	69.8	46.80	23.00	Inf	Asp	95.8	high confidence set
CM014273.1	16	67160293	67160364	Asp	GTC	0	0	67.8	44.80	23.00	Inf	Asp	92.9	high confidence set
CM014273.1	18	63844795	63844725	Gly	GCC	0	0	66.5	44.80	21.70	Inf	Gly	94.4	high confidence set
CM014273.1	19	62216747	62216676	Pro	TGG	0	0	69.6	37.70	31.90	Inf	Pro	108.3	high confidence set
CM014273.1	21	55853169	55853098	Asp	GTC	0	0	67.8	44.80	23.00	Inf	Asp	92.9	high confidence set
CM014273.1	23	50236063	50235992	iMet	CAT	0	0	58.3	28.10	30.20	Inf	iMet	118.7	high confidence set
CM014273.1	24	43639018	43638948	Gln	CTG	0	0	63.8	41.10	22.70	Inf	Gln	78.6	high confidence set
CM014273.1	27	19834368	19834291	Arg	ACG	0	0	57.0	44.90	12.10	Inf	Ile	73.7	IPD:-23.30,isotype mismatch
CM014273.1	30	11305948	11305868	Leu	CAG	0	0	69.5	46.80	22.70	Inf	Leu	109.7	high confidence set
CM014273.1	31	11128889	11128809	Leu	CAG	0	0	69.5	46.80	22.70	Inf	Leu	109.7	high confidence set
CM014273.1	32	9242629	9242548	Ser	AGA	0	0	80.3	44.00	36.30	Inf	Ser	115.3	high confidence set
CM014273.1	33	8453103	8453031	Glu	CTC	0	0	77.5	51.70	25.80	Inf	Glu	97.9	high confidence set
CM014273.1	34	7243014	7242943	iMet	CAT	0	0	56.1	23.80	32.30	Inf	iMet	118.3	high confidence set
CM014273.1	35	6690515	6690444	Thr	CGT	0	0	82.2	57.60	24.60	Inf	Thr	90.2	high confidence set
CM014273.1	37	5326972	5326901	Thr	CGT	0	0	82.3	55.00	27.30	Inf	Thr	89.2	high confidence set
CM014273.1	38	5001980	5001908	Ala	AGC	0	0	63.4	38.20	25.20	Inf	Ala	98.3	high confidence set
CM014273.1	39	4100367	4100296	Pro	TGG	0	0	69.6	37.70	31.90	Inf	Pro	108.3	high confidence set
CM014273.1	41	372446	372374	Arg	CCG	0	0	68.0	51.50	16.50	Inf	Arg	95.2	high confidence set
CM014274.1	1	1049454	1049540	Met	CAT	1049492	1049504	64.2	40.70	23.50	Inf	Met	104.0	high confidence set
CM014274.1	3	1708880	1708952	Arg	TCT	0	0	68.5	50.60	17.90	Inf	Arg	98.8	high confidence set
CM014274.1	4	1756658	1756730	Phe	GAA	0	0	78.3	58.40	19.90	Inf	Phe	113.2	high confidence set
CM014274.1	5	3454354	3454434	Leu	AAG	0	0	74.0	52.20	21.80	Inf	Leu	110.4	high confidence set
CM014274.1	6	3497547	3497627	Leu	AAG	0	0	74.0	52.20	21.80	Inf	Leu	110.4	high confidence set
CM014274.1	7	3711250	3711322	Phe	GAA	0	0	78.3	58.40	19.90	Inf	Phe	113.2	high confidence set
CM014274.1	8	3716780	3716852	Phe	GAA	0	0	78.3	58.40	19.90	Inf	Phe	113.2	high confidence set
CM014274.1	20	7275239	7275312	Ile	TAT	0	0	87.1	72.60	14.50	Inf	Ile	104.3	high confidence set
CM014274.1	22	8487010	8487081	Gln	TTG	0	0	76.5	56.80	19.70	Inf	Gln	103.7	high confidence set
CM014274.1	23	9080081	9080160	Leu	TAG	0	0	69.5	48.50	21.00	Inf	Leu	111.5	high confidence set
CM014274.1	24	9109645	9109724	Leu	TAG	0	0	69.5	48.50	21.00	Inf	Leu	111.5	high confidence set
CM014274.1	27	10119820	10119893	Val	CAC	0	0	79.3	48.30	31.00	Inf	Val	104.5	high confidence set
CM014274.1	28	11269050	11269122	Glu	CTC	0	0	77.5	51.70	25.80	Inf	Glu	97.9	high confidence set
CM014274.1	29	11297763	11297835	Glu	CTC	0	0	75.0	50.80	24.20	Inf	Glu	93.3	high confidence set
CM014274.1	30	12058947	12059027	Leu	AAG	0	0	74.0	52.20	21.80	Inf	Leu	110.4	high confidence set
CM014274.1	35	15702523	15702594	Asp	GTC	0	0	69.8	46.80	23.00	Inf	Asp	95.8	high confidence set
CM014274.1	36	19397512	19397584	Phe	GAA	0	0	77.3	57.40	19.90	Inf	Phe	112.3	high confidence set
CM014274.1	37	19801763	19801834	Asp	GTC	0	0	69.8	46.80	23.00	Inf	Asp	95.8	high confidence set
CM014274.1	38	24705207	24705278	Asp	GTC	0	0	67.8	44.80	23.00	Inf	Asp	92.9	high confidence set
CM014274.1	39	24741523	24741594	Asp	GTC	0	0	67.8	44.80	23.00	Inf	Asp	92.9	high confidence set
CM014274.1	40	25345046	25345119	Asn	GTT	0	0	81.1	55.90	25.20	Inf	Asn	91.8	high confidence set
CM014274.1	41	25564918	25564999	Ser	CGA	0	0	81.2	46.70	34.50	Inf	Ser	122.5	high confidence set
CM014274.1	42	28336402	28336475	Ile	AAT	0	0	81.8	58.30	23.50	Inf	Ile	106.8	high confidence set
CM014274.1	43	39921414	39921485	Lys	TTT	0	0	77.4	61.00	16.40	Inf	Lys	85.7	high confidence set
CM014274.1	45	62838234	62838307	Asn	GTT	0	0	84.5	59.40	25.10	Inf	Asn	95.9	high confidence set
CM014274.1	46	68683020	68683092	Arg	ACG	0	0	72.0	49.70	22.30	Inf	Arg	93.9	high confidence set
CM014274.1	48	73075002	73075082	Leu	AAG	0	0	74.0	52.20	21.80	Inf	Leu	110.4	high confidence set
CM014274.1	49	73075157	73075238	Ser	AGA	0	0	80.3	44.00	36.30	Inf	Ser	115.3	high confidence set
CM014274.1	52	73798637	73798709	Glu	CTC	0	0	77.5	51.70	25.80	Inf	Glu	97.9	high confidence set
CM014274.1	53	77887353	77887424	Asp	GTC	0	0	58.3	37.50	20.80	Inf	Asp	80.0	high confidence set
CM014274.1	54	86236416	86236487	Cys	GCA	0	0	82.1	59.90	22.20	Inf	Cys	106.6	high confidence set
CM014274.1	55	86448313	86448232	Ser	TGA	0	0	72.0	40.90	31.10	Inf	Ser	109.7	high confidence set
CM014274.1	56	86411316	86411235	Ser	TGA	0	0	78.5	44.40	34.10	Inf	Ser	110.9	high confidence set
CM014274.1	57	82858168	82858096	Glu	CTC	0	0	77.5	51.70	25.80	Inf	Glu	97.9	high confidence set
CM014274.1	58	79819022	79818950	Glu	CTC	0	0	77.5	51.70	25.80	Inf	Glu	97.9	high confidence set
CM014274.1	59	79809223	79809152	Gln	CTG	0	0	71.8	47.10	24.70	Inf	Gln	103.5	high confidence set
CM014274.1	60	79806836	79806765	Gln	CTG	0	0	71.8	47.10	24.70	Inf	Gln	103.5	high confidence set
CM014274.1	61	78388381	78388301	Leu	CAG	0	0	69.5	46.80	22.70	Inf	Leu	109.7	high confidence set
CM014274.1	62	76516923	76516850	Thr	AGT	0	0	59.8	31.10	28.70	Inf	Thr	77.1	high confidence set
CM014274.1	63	72429687	72429614	Ile	TAT	0	0	87.1	72.60	14.50	Inf	Ile	104.3	high confidence set
CM014274.1	64	70174395	70174322	Thr	AGT	0	0	76.0	48.40	27.60	Inf	Thr	90.6	high confidence set
CM014274.1	66	64624342	64624271	His	GTG	0	0	63.0	33.70	29.30	Inf	His	87.1	high confidence set
CM014274.1	67	60002915	60002835	Leu	AAG	0	0	74.0	52.20	21.80	Inf	Leu	110.4	high confidence set
CM014274.1	70	28293930	28293857	Ile	AAT	0	0	75.9	57.80	18.10	Inf	Ile	96.7	high confidence set
CM014274.1	73	20944874	20944802	Val	TAC	0	0	71.9	39.50	32.40	Inf	Val	103.9	high confidence set
CM014274.1	74	20845434	20845362	Phe	GAA	0	0	78.3	58.40	19.90	Inf	Phe	113.2	high confidence set
CM014274.1	75	20833925	20833853	Lys	CTT	0	0	86.8	66.60	20.20	Inf	Lys	107.7	high confidence set
CM014274.1	76	20831619	20831547	Lys	CTT	0	0	84.3	64.20	20.10	Inf	Lys	102.9	high confidence set
CM014274.1	78	20467081	20467010	Pro	CGG	0	0	68.5	36.10	32.40	Inf	Pro	108.5	high confidence set
CM014274.1	79	19379670	19379598	Lys	CTT	0	0	87.7	67.60	20.10	Inf	Lys	106.7	high confidence set
CM014274.1	80	19034099	19034026	Thr	AGT	0	0	75.0	46.80	28.20	Inf	Thr	89.8	high confidence set
CM014274.1	81	18952998	18952926	Arg	CCT	0	0	74.8	55.90	18.90	Inf	Arg	87.5	high confidence set
CM014274.1	82	18415028	18414956	Arg	ACG	0	0	72.0	49.70	22.30	Inf	Arg	93.9	high confidence set
CM014274.1	83	17040778	17040707	Gln	CTG	0	0	73.3	49.20	24.10	Inf	Gln	103.2	high confidence set
CM014274.1	85	16909190	16909104	Met	CAT	16909152	16909140	64.2	40.70	23.50	Inf	Met	104.0	high confidence set
CM014274.1	86	13948058	13947977	Ser	CGA	0	0	78.9	46.60	32.30	Inf	Ser	122.0	high confidence set
CM014274.1	87	12701673	12701600	Ile	AAT	0	0	79.3	55.80	23.50	Inf	Ile	104.3	high confidence set
CM014274.1	88	11732062	11731991	Pro	AGG	0	0	67.4	34.70	32.70	Inf	Pro	112.3	high confidence set
CM014274.1	89	11683003	11682932	Gly	TCC	0	0	73.9	46.20	27.70	Inf	Gly	85.6	high confidence set
CM014274.1	90	10770986	10770914	Arg	CCG	0	0	70.6	49.90	20.70	Inf	Arg	76.2	high confidence set
CM014274.1	91	10687378	10687307	Undet	NNN	0	0	73.4	58.30	15.10	Inf	Lys	90.1	undetermined isotype
CM014274.1	94	6811042	6810969	Val	CAC	0	0	79.3	48.30	31.00	Inf	Val	104.5	high confidence set
CM014274.1	95	5918515	5918442	Ile	AAT	0	0	81.8	58.30	23.50	Inf	Ile	106.8	high confidence set
CM014274.1	96	3635190	3635119	Lys	TTT	0	0	91.9	68.20	23.70	Inf	Lys	98.4	high confidence set
CM014274.1	97	1771976	1771904	Ala	TGC	0	0	65.3	45.80	19.50	Inf	Ala	95.4	high confidence set
CM014274.1	98	1283959	1283878	Leu	TAA	0	0	67.5	41.50	26.00	Inf	Leu	86.5	high confidence set
CM014274.1	99	265951	265884	Undet	NNN	0	0	56.7	37.40	19.30	Inf	Lys	78.1	undetermined isotype
CM014275.1	1	1298335	1298406	Thr	TGT	0	0	84.3	58.00	26.30	Inf	Thr	93.3	high confidence set
CM014275.1	2	4459698	4459771	Val	AAC	0	0	59.4	43.80	15.60	Inf	Val	77.5	high confidence set
CM014275.1	3	4837203	4837276	Trp	CCA	0	0	67.4	37.40	30.00	Inf	Thr	72.4	IPD:-17.00,isotype mismatch
CM014275.1	6	11227368	11227440	Lys	CTT	0	0	77.4	61.80	15.60	Inf	Lys	98.8	high confidence set
CM014275.1	8	12119551	12119632	Ser	GCT	0	0	79.0	43.10	35.90	Inf	Ser	108.6	high confidence set
CM014275.1	13	14967487	14967560	Ile	AAT	0	0	82.4	58.90	23.50	Inf	Ile	107.0	high confidence set
CM014275.1	14	15644971	15645041	Gly	CCC	0	0	66.3	29.50	36.80	Inf	Gly	89.7	high confidence set
CM014275.1	16	18193796	18193866	Gly	GCC	0	0	66.5	44.80	21.70	Inf	Gly	94.4	high confidence set
CM014275.1	17	20200320	20200392	Glu	CTC	0	0	77.5	51.70	25.80	Inf	Glu	97.9	high confidence set
CM014275.1	18	21073966	21074039	Val	CAC	0	0	79.3	48.30	31.00	Inf	Val	104.5	high confidence set
CM014275.1	20	26180548	26180633	Tyr	GTA	26180585	26180597	67.9	36.40	31.50	Inf	Tyr	96.8	high confidence set
CM014275.1	22	42503976	42504050	Pro	TGG	0	0	62.8	32.80	30.00	Inf	Trp	73.3	IPD:-42.40,isotype mismatch
CM014275.1	25	60449362	60449447	Tyr	GTA	60449399	60449411	71.4	42.90	28.50	Inf	Tyr	107.1	high confidence set
CM014275.1	26	62007744	62007816	Phe	GAA	0	0	78.3	58.40	19.90	Inf	Phe	113.2	high confidence set
CM014275.1	27	68581157	68581228	Gly	TCC	0	0	69.5	42.70	26.80	Inf	Gly	80.0	high confidence set
CM014275.1	29	68557772	68557701	Gly	TCC	0	0	73.9	46.20	27.70	Inf	Gly	85.6	high confidence set
CM014275.1	30	64923277	64923205	Arg	TCT	0	0	68.1	50.00	18.10	Inf	Arg	96.3	high confidence set
CM014275.1	31	60668492	60668420	Arg	TCT	0	0	70.0	49.90	20.10	Inf	Arg	100.1	high confidence set
CM014275.1	32	58790844	58790771	Glu	TTC	0	0	59.1	32.50	26.60	Inf	Glu	83.2	high confidence set
CM014275.1	33	58043978	58043907	Trp	CCA	0	0	75.8	51.20	24.60	Inf	Trp	105.6	high confidence set
CM014275.1	35	55321228	55321157	Asp	GTC	0	0	69.8	46.80	23.00	Inf	Asp	95.8	high confidence set
CM014275.1	36	55160737	55160664	Val	AAC	0	0	72.5	48.10	24.40	Inf	Val	100.2	high confidence set
CM014275.1	37	54286333	54286261	Arg	CCG	0	0	66.0	50.50	15.50	Inf	Arg	94.3	high confidence set
CM014275.1	40	46215349	46215277	Arg	TCT	0	0	68.1	50.00	18.10	Inf	Arg	96.3	high confidence set
CM014275.1	45	23302962	23302891	Asp	GTC	0	0	67.8	44.80	23.00	Inf	Asp	92.9	high confidence set
CM014275.1	47	20964655	20964584	Pro	CGG	0	0	61.0	35.70	25.30	Inf	Pro	88.0	high confidence set
CM014275.1	48	20286769	20286697	Arg	CCG	0	0	66.0	50.50	15.50	Inf	Arg	94.3	high confidence set
CM014275.1	49	19796843	19796771	Ala	AGC	0	0	63.4	38.20	25.20	Inf	Ala	98.3	high confidence set
CM014275.1	50	19736767	19736693	Pro	TGG	0	0	50.4	29.20	21.20	Inf	Pro	70.7	high confidence set
CM014275.1	51	18112808	18112722	Tyr	GTA	18112771	18112758	74.4	42.90	31.50	Inf	Tyr	111.8	high confidence set
CM014275.1	52	17434981	17434909	Lys	CTT	0	0	87.7	67.60	20.10	Inf	Lys	106.7	high confidence set
CM014275.1	54	13048435	13048363	Ala	CGC	0	0	68.2	44.00	24.20	Inf	Ala	95.8	high confidence set
CM014275.1	56	9931499	9931426	Ile	AAT	0	0	79.3	55.80	23.50	Inf	Ile	104.3	high confidence set
CM014275.1	57	9903433	9903360	Ile	AAT	0	0	79.3	55.80	23.50	Inf	Ile	104.3	high confidence set
CM014275.1	58	8339377	8339305	Phe	GAA	0	0	78.3	58.40	19.90	Inf	Phe	113.2	high confidence set
CM014275.1	59	7373727	7373655	Glu	CTC	0	0	77.5	51.70	25.80	Inf	Glu	97.9	high confidence set
CM014276.1	1	30065285	30065356	Asp	GTC	0	0	69.8	46.80	23.00	Inf	Asp	95.8	high confidence set
CM014276.1	3	35278958	35279029	Gly	TCC	0	0	74.1	46.70	27.40	Inf	Gly	84.2	high confidence set
CM014276.1	4	36471335	36471415	Leu	AAG	0	0	74.0	52.20	21.80	Inf	Leu	110.4	high confidence set
CM014276.1	6	42882624	42882696	Ala	CGC	0	0	68.2	44.00	24.20	Inf	Ala	95.8	high confidence set
CM014276.1	7	46525254	46525327	Ile	AAT	0	0	81.8	58.30	23.50	Inf	Ile	106.8	high confidence set
CM014276.1	8	46631423	46631496	Ile	AAT	0	0	79.3	55.80	23.50	Inf	Ile	104.3	high confidence set
CM014276.1	9	47436573	47436646	Val	CAC	0	0	79.3	48.30	31.00	Inf	Val	104.5	high confidence set
CM014276.1	10	48415588	48415668	Leu	CAG	0	0	69.5	46.80	22.70	Inf	Leu	109.7	high confidence set
CM014276.1	11	51024956	51025026	Gly	GCC	0	0	66.5	44.80	21.70	Inf	Gly	94.4	high confidence set
CM014276.1	12	51075864	51075937	Ile	AAT	0	0	73.7	59.80	13.90	Inf	Ile	98.6	high confidence set
CM014276.1	13	52147173	52147245	Phe	GAA	0	0	73.9	56.80	17.10	Inf	Phe	105.8	high confidence set
CM014276.1	14	52194867	52194939	Ala	TGC	0	0	70.0	45.30	24.70	Inf	Ala	100.6	high confidence set
CM014276.1	15	52806381	52806452	Pro	CGG	0	0	68.5	36.10	32.40	Inf	Pro	108.5	high confidence set
CM014276.1	16	54086804	54086877	Val	AAC	0	0	72.5	48.10	24.40	Inf	Val	100.2	high confidence set
CM014276.1	17	55097037	55097108	Thr	CGT	0	0	80.5	54.30	26.20	Inf	Thr	87.3	high confidence set
CM014276.1	18	55980713	55980785	Val	TAC	0	0	71.2	38.40	32.80	Inf	Val	101.5	high confidence set
CM014276.1	19	57713355	57713441	Met	CAT	57713393	57713405	64.2	40.70	23.50	Inf	Met	104.0	high confidence set
CM014276.1	21	66346419	66346490	Gln	TTG	0	0	76.5	56.50	20.00	Inf	Gln	106.0	high confidence set
CM014276.1	22	64903595	64903523	Ala	CGC	0	0	68.3	44.10	24.20	Inf	Ala	99.2	high confidence set
CM014276.1	24	63369955	63369884	iMet	CAT	0	0	57.5	26.90	30.60	Inf	iMet	115.2	high confidence set
CM014276.1	25	61770403	61770330	Glu	TTC	0	0	64.1	37.70	26.40	Inf	Glu	91.0	high confidence set
CM014276.1	26	61406827	61406756	Trp	CCA	0	0	75.8	51.20	24.60	Inf	Trp	105.6	high confidence set
CM014276.1	27	59960254	59960181	Val	AAC	0	0	72.9	48.60	24.30	Inf	Val	93.8	high confidence set
CM014276.1	28	59915464	59915379	Tyr	GTA	59915427	59915415	74.5	42.90	31.60	Inf	Tyr	111.8	high confidence set
CM014276.1	29	59876633	59876561	Arg	CCG	0	0	66.0	50.50	15.50	Inf	Arg	94.3	high confidence set
CM014276.1	30	59364168	59364096	Ala	CGC	0	0	68.3	44.10	24.20	Inf	Ala	99.2	high confidence set
CM014276.1	31	58503117	58503046	Asp	GTC	0	0	69.8	46.80	23.00	Inf	Asp	95.8	high confidence set
CM014276.1	32	57218092	57218021	Thr	CGT	0	0	69.1	39.20	29.90	Inf	Thr	76.6	high confidence set
CM014276.1	33	54084004	54083931	Asn	GTT	0	0	84.6	58.80	25.80	Inf	Asn	96.0	high confidence set
CM014276.1	34	52271810	52271737	Thr	AGT	0	0	75.0	46.80	28.20	Inf	Thr	89.8	high confidence set
CM014276.1	35	52149174	52149103	Thr	TGT	0	0	79.3	49.30	30.00	Inf	Thr	92.3	high confidence set
CM014276.1	37	48274972	48274889	Leu	TAA	0	0	71.4	36.50	34.90	Inf	Leu	89.6	high confidence set
CM014276.1	38	45613504	45613433	Trp	CCA	0	0	68.9	44.30	24.60	Inf	Trp	98.0	high confidence set
CM014276.1	39	44697857	44697786	Trp	CCA	0	0	75.8	51.20	24.60	Inf	Trp	105.6	high confidence set
CM014276.1	40	42565051	42564970	Ser	AGA	0	0	70.3	33.00	37.30	Inf	Ser	106.9	high confidence set
CM014276.1	41	42154474	42154402	Phe	GAA	0	0	78.3	58.40	19.90	Inf	Phe	113.2	high confidence set
CM014276.1	42	40951889	40951818	Pro	TGG	0	0	69.6	37.70	31.90	Inf	Pro	108.3	high confidence set
CM014276.1	43	39812767	39812696	iMet	CAT	0	0	56.1	23.80	32.30	Inf	iMet	118.3	high confidence set
CM014276.1	44	38082913	38082834	Leu	TAG	0	0	69.5	48.50	21.00	Inf	Leu	111.5	high confidence set
CM014276.1	45	37826025	37825954	Cys	GCA	0	0	75.3	49.90	25.40	Inf	Cys	99.5	high confidence set
CM014276.1	52	8020871	8020799	Ala	AGC	0	0	63.4	38.20	25.20	Inf	Ala	98.3	high confidence set
CM014276.1	54	1026262	1026190	Arg	ACG	0	0	72.0	49.70	22.30	Inf	Arg	93.9	high confidence set
CM014277.1	2	846497	846568	Pro	CGG	0	0	68.5	36.10	32.40	Inf	Pro	108.5	high confidence set
CM014277.1	3	1594596	1594677	Ser	TGA	0	0	80.7	46.10	34.60	Inf	Ser	119.7	high confidence set
CM014277.1	4	2397081	2397164	Leu	CAA	0	0	78.6	55.60	23.00	Inf	Leu	118.8	high confidence set
CM014277.1	8	3222117	3222189	Ala	TGC	0	0	70.0	45.30	24.70	Inf	Ala	100.6	high confidence set
CM014277.1	11	3534487	3534560	Val	CAC	0	0	73.7	43.70	30.00	Inf	Val	95.9	high confidence set
CM014277.1	12	3537309	3537382	Val	CAC	0	0	79.3	48.30	31.00	Inf	Val	104.5	high confidence set
CM014277.1	13	3640785	3640858	Val	CAC	0	0	79.3	48.30	31.00	Inf	Val	104.5	high confidence set
CM014277.1	14	3641922	3641995	Val	CAC	0	0	79.3	48.30	31.00	Inf	Val	104.5	high confidence set
CM014277.1	15	13891394	13891467	Ile	AAT	0	0	73.8	58.00	15.80	Inf	Ile	99.1	high confidence set
CM014277.1	16	13910132	13910203	iMet	CAT	0	0	61.0	30.40	30.60	Inf	iMet	103.0	high confidence set
CM014277.1	17	13926007	13926080	Ile	AAT	0	0	81.8	58.30	23.50	Inf	Ile	106.8	high confidence set
CM014277.1	18	13927009	13927080	iMet	CAT	0	0	57.5	26.90	30.60	Inf	iMet	115.2	high confidence set
CM014277.1	19	13941350	13941421	iMet	CAT	0	0	57.5	26.90	30.60	Inf	iMet	115.2	high confidence set
CM014277.1	20	24861626	24861697	Pro	AGG	0	0	67.4	34.70	32.70	Inf	Pro	112.3	high confidence set
CM014277.1	22	29062134	29062206	Ala	TGC	0	0	70.0	45.30	24.70	Inf	Ala	100.6	high confidence set
CM014277.1	28	52908806	52908877	Pro	AGG	0	0	67.4	34.70	32.70	Inf	Pro	112.3	high confidence set
CM014277.1	29	54440758	54440829	Phe	GAA	0	0	74.3	45.40	28.90	Inf	Tyr	75.4	IPD:-20.90,isotype mismatch
CM014277.1	31	59192478	59192551	Glu	TTC	0	0	64.3	38.20	26.10	Inf	Glu	90.4	high confidence set
CM014277.1	32	61327196	61327266	Gly	GCC	0	0	66.5	44.80	21.70	Inf	Gly	94.4	high confidence set
CM014277.1	34	66285171	66285244	Val	CAC	0	0	79.3	48.30	31.00	Inf	Val	104.5	high confidence set
CM014277.1	36	71639367	71639449	Leu	TAA	0	0	71.9	38.80	33.10	Inf	Leu	98.7	high confidence set
CM014277.1	37	75272667	75272753	Tyr	GTA	75272704	75272717	74.4	42.90	31.50	Inf	Tyr	111.8	high confidence set
CM014277.1	39	77026669	77026740	Gly	TCC	0	0	73.9	46.20	27.70	Inf	Gly	85.6	high confidence set
CM014277.1	40	80669564	80669636	Lys	CTT	0	0	86.8	66.60	20.20	Inf	Lys	107.7	high confidence set
CM014277.1	41	77434780	77434709	Pro	AGG	0	0	67.8	35.40	32.40	Inf	Pro	110.5	high confidence set
CM014277.1	42	77433090	77433019	Pro	AGG	0	0	63.5	31.90	31.60	Inf	Pro	101.8	high confidence set
CM014277.1	43	75263514	75263428	Tyr	GTA	75263477	75263464	74.4	42.90	31.50	Inf	Tyr	111.8	high confidence set
CM014277.1	44	74730856	74730784	Ala	AGC	0	0	63.4	38.20	25.20	Inf	Ala	98.3	high confidence set
CM014277.1	46	73435309	73435238	Pro	AGG	0	0	71.7	39.40	32.30	Inf	Ala	82.7	IPD:-0.70,isotype mismatch
CM014277.1	47	73429393	73429322	Pro	AGG	0	0	73.0	38.10	34.90	Inf	Ala	89.1	IPD:-0.20,isotype mismatch
CM014277.1	48	73422695	73422624	Pro	AGG	0	0	73.0	38.10	34.90	Inf	Ala	89.1	IPD:-0.20,isotype mismatch
CM014277.1	49	73421373	73421302	Pro	AGG	0	0	71.7	39.40	32.30	Inf	Ala	82.7	IPD:-0.70,isotype mismatch
CM014277.1	50	73421003	73420932	Pro	TGG	0	0	63.0	29.80	33.20	Inf	Pro	98.2	high confidence set
CM014277.1	51	73420824	73420753	Pro	AGG	0	0	67.8	35.40	32.40	Inf	Pro	110.5	high confidence set
CM014277.1	52	73404856	73404785	Pro	TGG	0	0	59.8	26.60	33.20	Inf	Pro	95.3	high confidence set
CM014277.1	53	73404674	73404603	Pro	AGG	0	0	57.2	31.40	25.80	Inf	Pro	97.3	high confidence set
CM014277.1	54	73369365	73369294	Pro	CGG	0	0	58.0	25.50	32.50	Inf	Pro	95.7	high confidence set
CM014277.1	55	72991040	72990959	Ser	GCT	0	0	79.0	43.10	35.90	Inf	Ser	108.6	high confidence set
CM014277.1	56	70396375	70396302	Asn	GTT	0	0	84.5	59.40	25.10	Inf	Asn	95.9	high confidence set
CM014277.1	57	65202820	65202749	Pro	TGG	0	0	65.7	35.90	29.80	Inf	Pro	96.8	high confidence set
CM014277.1	58	65197125	65197054	Pro	TGG	0	0	61.5	31.80	29.70	Inf	Pro	98.9	high confidence set
CM014277.1	59	61172189	61172117	Arg	CCT	0	0	74.8	55.90	18.90	Inf	Arg	84.6	high confidence set
CM014277.1	64	28937925	28937853	Ala	TGC	0	0	53.5	42.40	11.10	Inf	Ala	79.5	high confidence set
CM014277.1	66	18460823	18460739	Met	CAT	18460785	18460775	64.3	40.80	23.50	Inf	Met	104.0	high confidence set
CM014277.1	69	8029116	8029045	Pro	AGG	0	0	67.4	34.70	32.70	Inf	Pro	112.3	high confidence set
CM014277.1	71	5560781	5560709	Ala	AGC	0	0	63.4	38.20	25.20	Inf	Ala	98.3	high confidence set
CM014277.1	75	3174872	3174800	Ala	TGC	0	0	70.0	45.30	24.70	Inf	Ala	100.6	high confidence set
CM014277.1	77	2896990	2896917	Thr	AGT	0	0	75.0	46.80	28.20	Inf	Thr	89.8	high confidence set
CM014277.1	78	1650172	1650091	Ser	TGA	0	0	80.7	46.10	34.60	Inf	Ser	119.7	high confidence set
CM014277.1	80	1455698	1455627	Pro	CGG	0	0	68.5	36.10	32.40	Inf	Pro	108.5	high confidence set
CM014278.1	1	1415958	1416028	Gly	GCC	0	0	66.5	44.80	21.70	Inf	Gly	94.4	high confidence set
CM014278.1	2	1998430	1998509	Leu	AAG	0	0	57.5	35.50	22.00	Inf	Leu	91.9	high confidence set
CM014278.1	3	2903189	2903262	Thr	AGT	0	0	75.0	46.80	28.20	Inf	Thr	89.8	high confidence set
CM014278.1	4	2939322	2939394	Arg	CCT	0	0	74.8	55.90	18.90	Inf	Arg	87.5	high confidence set
CM014278.1	9	29049355	29049426	Asp	GTC	0	0	69.8	46.80	23.00	Inf	Asp	95.8	high confidence set
CM014278.1	10	34218150	34218221	Trp	CCA	0	0	75.8	51.20	24.60	Inf	Trp	105.6	high confidence set
CM014278.1	11	35911667	35911739	Glu	CTC	0	0	70.5	46.80	23.70	Inf	Glu	90.5	high confidence set
CM014278.1	13	43537983	43538056	Val	AAC	0	0	72.5	48.10	24.40	Inf	Val	100.2	high confidence set
CM014278.1	14	43651978	43652049	Thr	TGT	0	0	79.3	49.30	30.00	Inf	Thr	92.3	high confidence set
CM014278.1	16	50074355	50074427	Arg	ACG	0	0	72.0	49.70	22.30	Inf	Arg	93.9	high confidence set
CM014278.1	18	52918648	52918720	Glu	CTC	0	0	77.5	51.70	25.80	Inf	Glu	97.9	high confidence set
CM014278.1	19	53216732	53216802	Gly	GCC	0	0	66.5	44.80	21.70	Inf	Gly	94.4	high confidence set
CM014278.1	20	57408026	57408098	Arg	CCT	0	0	73.3	48.10	25.20	Inf	Thr	83.0	IPD:-7.00,isotype mismatch
CM014278.1	21	58201910	58201983	Val	CAC	0	0	79.3	48.30	31.00	Inf	Val	104.5	high confidence set
CM014278.1	22	59933353	59933425	Arg	CCT	0	0	74.8	55.90	18.90	Inf	Arg	84.6	high confidence set
CM014278.1	23	60191230	60191302	Arg	ACG	0	0	72.0	49.70	22.30	Inf	Arg	93.9	high confidence set
CM014278.1	24	62461194	62461265	Cys	GCA	0	0	81.7	56.10	25.60	Inf	Cys	104.3	high confidence set
CM014278.1	25	64673887	64673974	Met	CAT	64673925	64673938	64.1	40.70	23.40	Inf	Met	104.0	high confidence set
CM014278.1	27	64960155	64960238	Leu	CAA	0	0	78.6	55.60	23.00	Inf	Leu	123.0	high confidence set
CM014278.1	28	66543904	66543976	Glu	CTC	0	0	77.5	51.70	25.80	Inf	Glu	97.9	high confidence set
CM014278.1	29	67036455	67036536	Ser	CGA	0	0	78.9	46.60	32.30	Inf	Ser	122.0	high confidence set
CM014278.1	30	69417365	69417446	Ser	GCT	0	0	80.5	45.20	35.30	Inf	Ser	109.5	high confidence set
CM014278.1	31	72943563	72943633	Gly	GCC	0	0	66.5	44.80	21.70	Inf	Gly	94.4	high confidence set
CM014278.1	32	74664535	74664608	Asn	GTT	0	0	84.5	59.40	25.10	Inf	Asn	95.9	high confidence set
CM014278.1	33	76510974	76511044	Gly	GCC	0	0	66.5	44.80	21.70	Inf	Gly	94.4	high confidence set
CM014278.1	34	77544190	77544262	Arg	TCT	0	0	68.5	50.60	17.90	Inf	Arg	98.8	high confidence set
CM014278.1	35	78730309	78730392	Tyr	GTA	0	0	56.5	33.90	22.60	Inf	Tyr	73.0	high confidence set
CM014278.1	37	78892325	78892395	Gly	CCC	0	0	66.3	29.50	36.80	Inf	Gly	89.7	high confidence set
CM014278.1	38	78930722	78930803	Ser	TGA	0	0	78.3	44.40	33.90	Inf	Ser	115.8	high confidence set
CM014278.1	39	80667537	80667609	Glu	CTC	0	0	77.5	51.70	25.80	Inf	Glu	97.9	high confidence set
CM014278.1	40	81921499	81921579	Leu	AAG	0	0	72.1	52.70	19.40	Inf	Leu	104.9	high confidence set
CM014278.1	42	87729798	87729883	Met	CAT	87729836	87729847	64.2	40.70	23.50	Inf	Met	104.0	high confidence set
CM014278.1	43	89018234	89018319	Tyr	GTA	89018271	89018283	74.5	43.00	31.50	Inf	Tyr	111.8	high confidence set
CM014278.1	44	90316732	90316804	Phe	GAA	0	0	78.3	58.40	19.90	Inf	Phe	113.2	high confidence set
CM014278.1	46	92447056	92447126	Gly	CCC	0	0	66.3	29.50	36.80	Inf	Gly	89.7	high confidence set
CM014278.1	47	94219337	94219409	Lys	CTT	0	0	86.8	66.60	20.20	Inf	Lys	107.7	high confidence set
CM014278.1	48	98321290	98321363	Asn	GTT	0	0	84.5	59.40	25.10	Inf	Asn	95.9	high confidence set
CM014278.1	50	99491759	99491687	Ala	AGC	0	0	59.0	34.10	24.90	Inf	Ala	97.3	high confidence set
CM014278.1	51	98572922	98572851	His	GTG	0	0	63.0	33.70	29.30	Inf	His	87.1	high confidence set
CM014278.1	52	94128783	94128702	Ser	GCT	0	0	79.0	43.10	35.90	Inf	Ser	108.6	high confidence set
CM014278.1	53	90829398	90829327	iMet	CAT	0	0	58.3	28.10	30.20	Inf	iMet	118.7	high confidence set
CM014278.1	54	90803548	90803477	iMet	CAT	0	0	58.3	28.10	30.20	Inf	iMet	118.7	high confidence set
CM014278.1	55	89172998	89172926	Arg	ACG	0	0	72.0	49.70	22.30	Inf	Arg	93.9	high confidence set
CM014278.1	56	88287594	88287514	Leu	CAG	0	0	69.5	46.80	22.70	Inf	Leu	109.7	high confidence set
CM014278.1	57	86912111	86912039	Arg	CCT	0	0	71.7	55.90	15.80	Inf	Arg	81.4	high confidence set
CM014278.1	58	86792918	86792845	Glu	TTC	0	0	64.3	38.20	26.10	Inf	Glu	90.4	high confidence set
CM014278.1	60	83004637	83004564	Arg	TCG	0	0	81.9	60.40	21.50	Inf	Arg	92.9	high confidence set
CM014278.1	61	82184513	82184442	His	GTG	0	0	63.0	33.70	29.30	Inf	His	87.1	high confidence set
CM014278.1	62	82013322	82013252	Gly	GCC	0	0	66.5	44.80	21.70	Inf	Gly	94.4	high confidence set
CM014278.1	64	78225450	78225377	Asn	GTT	0	0	83.9	58.50	25.40	Inf	Asn	97.4	high confidence set
CM014278.1	65	73788225	73788155	Gly	GCC	0	0	66.5	44.80	21.70	Inf	Gly	94.4	high confidence set
CM014278.1	66	72411611	72411528	Leu	CAA	0	0	78.6	55.60	23.00	Inf	Leu	123.0	high confidence set
CM014278.1	69	70070949	70070869	Leu	AAG	0	0	74.3	53.30	21.00	Inf	Leu	109.7	high confidence set
CM014278.1	70	68941293	68941221	Ala	AGC	0	0	63.4	38.20	25.20	Inf	Ala	98.3	high confidence set
CM014278.1	71	68456467	68456396	His	GTG	0	0	63.0	33.70	29.30	Inf	His	87.1	high confidence set
CM014278.1	72	67057780	67057699	Ser	AGA	0	0	80.3	44.00	36.30	Inf	Ser	115.3	high confidence set
CM014278.1	73	66849981	66849910	Gln	TTG	0	0	75.5	55.10	20.40	Inf	Gln	104.6	high confidence set
CM014278.1	74	65839224	65839151	Asn	GTT	0	0	84.5	59.40	25.10	Inf	Asn	95.9	high confidence set
CM014278.1	75	65379485	65379412	Val	AAC	0	0	73.2	49.00	24.20	Inf	Val	95.8	high confidence set
CM014278.1	76	65246664	65246592	Glu	CTC	0	0	77.5	51.70	25.80	Inf	Glu	97.9	high confidence set
CM014278.1	77	62578253	62578183	Gly	GCC	0	0	66.5	44.80	21.70	Inf	Gly	94.4	high confidence set
CM014278.1	78	61981757	61981684	Val	AAC	0	0	72.5	48.10	24.40	Inf	Val	100.2	high confidence set
CM014278.1	79	61969894	61969822	Ala	AGC	0	0	59.6	37.50	22.10	Inf	Ala	96.4	high confidence set
CM014278.1	80	61968266	61968194	Ala	AGC	0	0	63.4	38.20	25.20	Inf	Ala	98.3	high confidence set
CM014278.1	81	61011869	61011796	Glu	TTC	0	0	64.1	37.70	26.40	Inf	Glu	91.0	high confidence set
CM014278.1	86	43696947	43696875	Ala	AGC	0	0	63.4	38.20	25.20	Inf	Ala	98.3	high confidence set
CM014278.1	87	42348696	42348623	Asn	GTT	0	0	81.1	55.90	25.20	Inf	Asn	91.8	high confidence set
CM014278.1	88	41819018	41818938	Leu	AAG	0	0	74.0	52.20	21.80	Inf	Leu	110.4	high confidence set
CM014278.1	89	41735057	41734977	Leu	AAG	0	0	74.0	52.20	21.80	Inf	Leu	110.4	high confidence set
CM014278.1	90	41613210	41613140	Gly	GCC	0	0	66.5	44.80	21.70	Inf	Gly	94.4	high confidence set
CM014278.1	92	40023440	40023368	Lys	CTT	0	0	87.7	67.60	20.10	Inf	Lys	106.7	high confidence set
CM014278.1	93	39834863	39834790	Ile	TAT	0	0	81.3	66.80	14.50	Inf	Ile	97.5	high confidence set
CM014278.1	94	33510852	33510781	Trp	CCA	0	0	75.8	51.20	24.60	Inf	Trp	105.6	high confidence set
CM014278.1	95	29371062	29370977	Tyr	GTA	29371025	29371013	74.5	42.90	31.60	Inf	Tyr	111.8	high confidence set
CM014278.1	96	791172	791085	Met	CAT	791134	791121	64.1	40.70	23.40	Inf	Met	104.0	high confidence set
QPGU01000045.1	1	23438	23355	Tyr	GTA	0	0	56.5	33.90	22.60	Inf	Tyr	73.0	high confidence set
QPGU01000365.1	1	4734	4663	Asp	GTC	0	0	67.8	44.80	23.00	Inf	Asp	92.9	high confidence set
