EukHighConfidenceFilter v1.0 Summary
Completed Time: Sat Apr 29 12:50:04 2023

Inputs
------------------------------------------------------
tRNAscan-SE output file: Asemialata_v1.0_trnascan-se.output
tRNAscan-SE ss file: Asemialata_v1.0_trnascan-se.struct
Secondary filtering domain-specific model score cutoff: 50
Secondary filtering secondary structure score cutoff: 10
Secondary filtering isotype-specific model score cutoff: 70
Tertiary filtering isotype-specific model starting score cutoff: 70
Tertiary filtering maximum isotype-specific model score cutoff: 95
Remove filtered hits: Yes

Outputs
------------------------------------------------------
tRNAscan-SE output file: hi_conf_Asemialata/Asemialata_v1.0.out
tRNAscan-SE ss file: hi_conf_Asemialata/Asemialata_v1.0.ss
Summary file: hi_conf_Asemialata/Asemialata_v1.0.log

Summary statistics
------------------------------------------------------
Total tRNA predictions:                                739
Possible pseudogenes:                                  110
tRNAs with scores lower than secondary cutoffs:        112
tRNAs failed tertiary filter:                          0

tRNAs after filtering:                                 517

tRNAs with mismatched isotype:                         10
tRNAs with undetermined isotype:                       2
tRNAs with unexpected anticodon:                       2

High confidence set:                                   503

Isotype / Anticodon Counts After Filtering
------------------------------------------------------

Ala     : 39	  AGC: 16      GGC: 0       CGC: 12      TGC: 11    
Gly     : 34	  ACC: 0       GCC: 20      CCC: 6       TCC: 8     
Pro     : 36	  AGG: 17      GGG: 0       CGG: 8       TGG: 11    
Thr     : 27	  AGT: 14      GGT: 1       CGT: 8       TGT: 4     
Val     : 31	  AAC: 13      GAC: 0       CAC: 13      TAC: 5     
Ser     : 32	  AGA: 9       GGA: 1       CGA: 7       TGA: 6       ACT: 0       GCT: 9                               
Arg     : 38	  ACG: 13      GCG: 0       CCG: 6       TCG: 4                                 CCT: 8       TCT: 7     
Leu     : 48	  AAG: 23      GAG: 0       CAG: 10      TAG: 3                                 CAA: 7       TAA: 5     
Phe     : 18	  AAA: 0       GAA: 18                              
Asn     : 16	  ATT: 0       GTT: 16                              
Lys     : 23	                            CTT: 17      TTT: 6     
Asp     : 24	  ATC: 0       GTC: 24                              
Glu     : 33	                            CTC: 25      TTC: 8     
His     : 11	  ATG: 0       GTG: 11                              
Gln     : 20	                            CTG: 8       TTG: 12    
Ile     : 21	  AAT: 17      GAT: 0                    TAT: 4     
Met     : 30	                            CAT: 30                 
Tyr     : 13	  ATA: 0       GTA: 13                              
Supres  : 0	                            CTA: 0       TTA: 0     
Cys     : 9	  ACA: 0       GCA: 9                               
Trp     : 12	                            CCA: 12                 
SelCys  : 0	                                         TCA: 0     

