Sequence		tRNA    	Bounds  	tRNA	Anti	Intron Bounds	Inf	HMM	2'Str	Hit	Isotype	Isotype	      
Name    	tRNA#	Begin   	End     	Type	Codon	Begin	End	Score	Score	Score	Origin	CM	Score	Note
--------	------	-----   	------  	----	-----	-----	----	------	-----	-----	------	-------	-------	------
A01	1	146611	146682	His	GTG	0	0	63.0	33.70	29.30	Inf	His	87.1	high confidence set
A01	2	242438	242509	Trp	CCA	0	0	75.8	51.20	24.60	Inf	Trp	105.6	high confidence set
A01	3	247236	247307	Trp	CCA	0	0	75.8	51.20	24.60	Inf	Trp	105.6	high confidence set
A01	4	267288	267361	Val	CAC	0	0	81.5	53.50	28.00	Inf	Val	103.7	high confidence set
A01	7	1809902	1809974	Arg	CCT	0	0	66.6	45.40	21.20	Inf	Arg	78.6	high confidence set
A01	8	4909300	4909372	Glu	CTC	0	0	76.3	50.40	25.90	Inf	Glu	91.1	high confidence set
A01	9	5104391	5104463	Glu	CTC	0	0	60.1	35.60	24.50	Inf	Glu	74.7	high confidence set
A01	10	6743149	6743222	Asn	GTT	0	0	83.6	58.80	24.80	Inf	Asn	96.8	high confidence set
A01	11	6850189	6850261	Lys	CTT	0	0	87.7	67.60	20.10	Inf	Lys	106.7	high confidence set
A01	12	7364399	7364482	Leu	CAA	0	0	78.5	55.10	23.40	Inf	Leu	119.0	high confidence set
A01	13	7531798	7531870	Ala	CGC	0	0	68.3	44.10	24.20	Inf	Ala	99.2	high confidence set
A01	14	9051173	9051244	Gln	TTG	0	0	73.5	53.70	19.80	Inf	Gln	104.8	high confidence set
A01	15	9226999	9227070	Pro	TGG	0	0	69.2	36.90	32.30	Inf	Pro	112.8	high confidence set
A01	16	9468809	9468881	Ala	AGC	0	0	63.4	38.70	24.70	Inf	Ala	96.4	high confidence set
A01	17	9630284	9630355	iMet	CAT	0	0	58.3	28.10	30.20	Inf	iMet	118.7	high confidence set
A01	18	9833740	9833811	Phe	GAA	0	0	66.5	47.20	19.30	Inf	Phe	97.4	high confidence set
A01	19	10310932	10311002	Gly	GCC	0	0	59.4	43.90	15.50	Inf	Gly	87.3	high confidence set
A01	20	10448012	10448092	Leu	CAG	0	0	72.4	51.00	21.40	Inf	Leu	105.7	high confidence set
A01	22	12720494	12720565	Asp	GTC	0	0	69.8	46.80	23.00	Inf	Asp	94.5	high confidence set
A01	24	17649038	17649119	Ser	TGA	0	0	79.2	43.90	35.30	Inf	Ser	118.5	high confidence set
A01	25	19139025	19139096	iMet	CAT	0	0	58.3	28.10	30.20	Inf	iMet	118.7	high confidence set
A01	26	21940469	21940542	Ala	AGC	0	0	70.2	46.10	24.10	Inf	Thr	83.6	IPD:-18.50,isotype mismatch
A01	27	24326009	24326082	Ile	TAT	0	0	87.7	73.20	14.50	Inf	Ile	104.5	high confidence set
A01	28	24868041	24868112	Trp	CCA	0	0	75.8	51.20	24.60	Inf	Trp	105.6	high confidence set
A01	29	25106169	25106242	Ile	AAT	0	0	85.5	59.00	26.50	Inf	Ile	109.4	high confidence set
A01	31	25278008	25278089	Ser	AGA	0	0	77.0	42.20	34.80	Inf	Ser	112.5	high confidence set
A01	32	25278156	25278237	Ser	AGA	0	0	77.0	42.20	34.80	Inf	Ser	112.5	high confidence set
A01	33	26394263	26394335	Arg	CCG	0	0	83.1	61.00	22.10	Inf	Arg	85.6	high confidence set
A01	34	26628269	26628341	Arg	CCT	0	0	74.8	55.90	18.90	Inf	Arg	84.6	high confidence set
A01	35	26920001	26920073	Phe	GAA	0	0	78.3	58.40	19.90	Inf	Phe	113.2	high confidence set
A01	36	27276884	27276954	Gly	GCC	0	0	57.0	35.20	21.80	Inf	Gly	87.2	high confidence set
A01	37	27396417	27396506	Tyr	GTA	27396454	27396470	68.5	36.80	31.70	Inf	Tyr	103.1	high confidence set
A01	38	27575167	27575248	Ser	TGA	0	0	80.7	46.10	34.60	Inf	Ser	119.7	high confidence set
A01	39	27591422	27591495	Arg	TCG	0	0	82.3	61.00	21.30	Inf	Arg	91.9	high confidence set
A01	40	28005093	28005174	Ser	TGA	0	0	79.2	43.90	35.30	Inf	Ser	118.5	high confidence set
A01	41	28018164	28018249	Met	CAT	28018202	28018213	64.2	40.80	23.40	Inf	Met	104.0	high confidence set
A01	42	28095881	28095952	His	GTG	0	0	63.0	33.70	29.30	Inf	His	86.8	high confidence set
A01	44	28327823	28327750	Ile	TAT	0	0	85.9	70.60	15.30	Inf	Ile	103.9	high confidence set
A01	45	27985361	27985290	Lys	TTT	0	0	83.0	70.00	13.00	Inf	Lys	83.3	high confidence set
A01	46	27929071	27928999	Lys	CTT	0	0	87.7	67.60	20.10	Inf	Lys	106.7	high confidence set
A01	47	27512015	27511942	Arg	TCT	0	0	58.4	48.40	10.00	Inf	Arg	86.9	high confidence set
A01	48	27078797	27078725	Arg	CCT	0	0	74.8	55.90	18.90	Inf	Arg	84.6	high confidence set
A01	49	27028324	27028253	Pro	AGG	0	0	63.7	39.10	24.60	Inf	Pro	112.6	high confidence set
A01	50	26983207	26983136	Thr	TGT	0	0	83.0	58.30	24.70	Inf	Thr	92.4	high confidence set
A01	51	26943689	26943618	Gln	CTG	0	0	74.6	50.10	24.50	Inf	Gln	102.4	high confidence set
A01	52	26943136	26943065	Gln	CTG	0	0	74.6	50.10	24.50	Inf	Gln	105.2	high confidence set
A01	53	23967962	23967891	Lys	TTT	0	0	83.8	71.00	12.80	Inf	Lys	83.9	high confidence set
A01	55	21800948	21800864	Tyr	GTA	21800911	21800900	74.2	42.50	31.70	Inf	Tyr	108.6	high confidence set
A01	56	17940424	17940353	Trp	CCA	0	0	75.8	51.20	24.60	Inf	Trp	105.6	high confidence set
A01	58	17084998	17084928	Gly	GCC	0	0	66.5	44.80	21.70	Inf	Gly	94.4	high confidence set
A01	59	16721162	16721091	Gln	TTG	0	0	73.5	53.70	19.80	Inf	Gln	104.8	high confidence set
A01	60	16445344	16445273	Pro	AGG	0	0	68.2	35.90	32.30	Inf	Pro	113.9	high confidence set
A01	61	16277658	16277577	Ser	AGA	0	0	77.0	42.20	34.80	Inf	Ser	112.5	high confidence set
A01	63	12720694	12720621	Val	AAC	0	0	70.6	36.90	33.70	Inf	Val	98.8	high confidence set
A01	64	11495997	11495925	Lys	CTT	0	0	87.7	67.60	20.10	Inf	Lys	106.7	high confidence set
A01	65	11020455	11020382	Thr	AGT	0	0	73.6	45.20	28.40	Inf	Thr	88.6	high confidence set
A01	66	11005041	11004961	Leu	CAG	0	0	72.4	51.00	21.40	Inf	Leu	105.7	high confidence set
A01	67	10136975	10136904	Gln	CTG	0	0	71.1	46.00	25.10	Inf	Gln	100.8	high confidence set
A01	68	9274324	9274251	Ile	AAT	0	0	86.4	57.90	28.50	Inf	Ile	108.4	high confidence set
A01	69	8390967	8390884	Leu	CAA	0	0	79.5	54.50	25.00	Inf	Leu	126.8	high confidence set
A01	70	8372169	8372088	Ser	TGA	0	0	62.2	44.50	17.70	Inf	Ser	100.0	high confidence set
A01	71	8333398	8333326	Lys	CTT	0	0	87.7	67.60	20.10	Inf	Lys	106.7	high confidence set
A01	73	6814085	6814013	Lys	CTT	0	0	87.7	67.60	20.10	Inf	Lys	106.7	high confidence set
A01	74	6605830	6605745	Tyr	GTA	6605793	6605781	74.2	42.50	31.70	Inf	Tyr	108.6	high confidence set
A01	75	5698580	5698507	Thr	AGT	0	0	73.6	45.20	28.40	Inf	Thr	88.6	high confidence set
A01	76	5698390	5698317	Thr	AGT	0	0	73.6	45.20	28.40	Inf	Thr	88.6	high confidence set
A01	77	5143053	5142982	Gly	TCC	0	0	74.1	46.70	27.40	Inf	Gly	84.2	high confidence set
A01	78	4789780	4789701	Leu	TAG	0	0	69.5	48.50	21.00	Inf	Leu	111.5	high confidence set
A01	79	4642787	4642716	Cys	GCA	0	0	81.7	56.10	25.60	Inf	Cys	104.3	high confidence set
A01	80	3846749	3846678	Pro	TGG	0	0	69.2	36.90	32.30	Inf	Pro	112.8	high confidence set
A01	81	3113292	3113220	Arg	TCT	0	0	70.7	50.70	20.00	Inf	Arg	91.3	high confidence set
A01	82	2701658	2701586	Arg	TCT	0	0	70.7	50.70	20.00	Inf	Arg	91.3	high confidence set
A01	83	1985411	1985339	Arg	TCT	0	0	70.3	51.80	18.50	Inf	Arg	99.4	high confidence set
A01	84	1711618	1711546	Glu	CTC	0	0	76.3	50.40	25.90	Inf	Glu	91.1	high confidence set
A01	85	1613917	1613844	Thr	AGT	0	0	76.0	48.40	27.60	Inf	Thr	90.6	high confidence set
A01	86	1150811	1150739	Glu	CTC	0	0	59.9	38.10	21.80	Inf	Glu	76.4	high confidence set
A01	87	1130689	1130618	Pro	CGG	0	0	68.2	35.30	32.90	Inf	Pro	113.0	high confidence set
A01	88	350212	350140	Arg	ACG	0	0	66.4	43.60	22.80	Inf	Arg	82.2	high confidence set
A02	1	1170516	1170597	Ser	GCT	0	0	80.5	45.20	35.30	Inf	Ser	109.5	high confidence set
A02	2	1211230	1211302	Arg	ACG	0	0	72.5	49.90	22.60	Inf	Arg	93.8	high confidence set
A02	3	1522243	1522315	Ala	AGC	0	0	63.4	38.20	25.20	Inf	Ala	98.3	high confidence set
A02	4	1661682	1661755	Val	AAC	0	0	72.5	48.10	24.40	Inf	Val	100.2	high confidence set
A02	5	1832723	1832806	Tyr	GTA	1832760	1832770	66.3	34.60	31.70	Inf	Tyr	101.2	high confidence set
A02	6	1911675	1911757	Leu	TAA	0	0	72.9	35.60	37.30	Inf	Leu	100.3	high confidence set
A02	7	2267883	2267956	Val	CAC	0	0	81.5	53.50	28.00	Inf	Val	99.8	high confidence set
A02	9	2540406	2540489	Leu	CAA	0	0	79.5	54.50	25.00	Inf	Leu	126.8	high confidence set
A02	10	2817045	2817116	Gly	TCC	0	0	74.1	46.70	27.40	Inf	Gly	84.2	high confidence set
A02	11	2824153	2824224	Gly	TCC	0	0	74.1	46.70	27.40	Inf	Gly	84.2	high confidence set
A02	12	3380788	3380859	Lys	TTT	0	0	77.6	64.70	12.90	Inf	Lys	75.4	high confidence set
A02	13	3700119	3700192	Val	CAC	0	0	76.7	53.40	23.30	Inf	Val	99.1	high confidence set
A02	14	3840154	3840227	Ile	AAT	0	0	86.4	57.90	28.50	Inf	Ile	108.4	high confidence set
A02	15	3840305	3840378	Ile	AAT	0	0	86.4	57.90	28.50	Inf	Ile	108.4	high confidence set
A02	16	3841025	3841096	Asp	GTC	0	0	69.8	46.80	23.00	Inf	Asp	94.5	high confidence set
A02	17	3944411	3944492	Ser	AGA	0	0	77.0	42.20	34.80	Inf	Ser	112.5	high confidence set
A02	18	4405607	4405678	Trp	CCA	0	0	75.8	51.20	24.60	Inf	Trp	105.6	high confidence set
A02	19	4564645	4564716	Pro	TGG	0	0	69.2	36.90	32.30	Inf	Pro	112.8	high confidence set
A02	20	4652355	4652425	Gly	GCC	0	0	60.0	38.20	21.80	Inf	Gly	85.8	high confidence set
A02	21	5343426	5343498	Ala	TGC	0	0	70.0	45.30	24.70	Inf	Ala	100.6	high confidence set
A02	22	5984633	5984706	Val	AAC	0	0	62.6	42.40	20.20	Inf	Val	92.5	high confidence set
A02	23	6251594	6251665	Asp	GTC	0	0	63.1	42.10	21.00	Inf	Asp	89.3	high confidence set
A02	24	7022551	7022624	Val	CAC	0	0	81.8	53.80	28.00	Inf	Val	102.0	high confidence set
A02	26	7586211	7586282	Phe	GAA	0	0	57.1	45.40	11.70	Inf	Phe	89.7	high confidence set
A02	28	8216150	8216220	Gly	CCC	0	0	65.4	28.10	37.30	Inf	Gly	85.4	high confidence set
A02	29	9195161	9195249	Tyr	GTA	9195198	9195213	65.8	34.30	31.50	Inf	Tyr	100.6	high confidence set
A02	30	11195646	11195717	iMet	CAT	0	0	58.3	28.10	30.20	Inf	iMet	118.7	high confidence set
A02	31	11327305	11327378	Asn	GTT	0	0	83.3	58.10	25.20	Inf	Asn	93.9	high confidence set
A02	32	12840574	12840655	Ser	AGA	0	0	77.0	42.20	34.80	Inf	Ser	112.5	high confidence set
A02	33	13219160	13219231	Asp	GTC	0	0	69.8	46.80	23.00	Inf	Asp	94.5	high confidence set
A02	35	13857870	13857942	Glu	CTC	0	0	71.6	50.50	21.10	Inf	Glu	87.5	high confidence set
A02	36	13904184	13904255	Thr	CGT	0	0	82.3	55.00	27.30	Inf	Thr	83.7	high confidence set
A02	37	13986035	13986106	Asp	GTC	0	0	69.8	46.80	23.00	Inf	Asp	94.5	high confidence set
A02	38	14119684	14119765	Ser	TGA	0	0	79.2	43.90	35.30	Inf	Ser	118.5	high confidence set
A02	40	15377031	15377103	Arg	CCG	0	0	69.7	54.70	15.00	Inf	Arg	97.7	high confidence set
A02	41	15857296	15857367	Cys	GCA	0	0	81.7	56.10	25.60	Inf	Cys	104.3	high confidence set
A02	42	15921233	15921304	Trp	CCA	0	0	75.8	51.20	24.60	Inf	Trp	105.6	high confidence set
A02	43	15993319	15993392	Arg	TCG	0	0	82.3	61.00	21.30	Inf	Arg	91.9	high confidence set
A02	44	18883674	18883745	Cys	GCA	0	0	77.5	51.80	25.70	Inf	Cys	96.9	high confidence set
A02	45	20135176	20135247	Thr	CGT	0	0	77.2	50.90	26.30	Inf	Thr	82.9	high confidence set
A02	46	20153381	20153453	Ala	TGC	0	0	63.8	39.10	24.70	Inf	Ala	97.7	high confidence set
A02	49	20356920	20356992	Ala	AGC	0	0	63.4	38.20	25.20	Inf	Ala	98.3	high confidence set
A02	50	20559919	20559990	Trp	CCA	0	0	73.6	49.10	24.50	Inf	Trp	103.5	high confidence set
A02	51	22008194	22008267	Val	AAC	0	0	72.5	48.10	24.40	Inf	Val	100.2	high confidence set
A02	52	22141717	22141797	Leu	AAG	0	0	69.9	49.30	20.60	Inf	Leu	105.0	high confidence set
A02	53	22143723	22143803	Leu	AAG	0	0	60.8	46.50	14.30	Inf	Leu	95.9	high confidence set
A02	54	22856487	22856558	Asp	GTC	0	0	66.1	43.20	22.90	Inf	Asp	94.1	high confidence set
A02	55	23398807	23398879	Lys	CTT	0	0	87.7	67.60	20.10	Inf	Lys	106.7	high confidence set
A02	56	23695035	23695106	Lys	TTT	0	0	92.5	69.70	22.80	Inf	Lys	94.5	high confidence set
A02	57	23792850	23792935	Met	CAT	23792888	23792899	64.2	40.80	23.40	Inf	Met	104.0	high confidence set
A02	58	23919530	23919603	Asn	GTT	0	0	83.3	58.10	25.20	Inf	Asn	93.9	high confidence set
A02	59	24882333	24882405	Phe	GAA	0	0	74.1	57.20	16.90	Inf	Phe	103.2	high confidence set
A02	60	26409168	26409239	Thr	TGT	0	0	83.0	58.30	24.70	Inf	Thr	92.4	high confidence set
A02	61	26879531	26879602	Trp	CCA	0	0	75.8	51.20	24.60	Inf	Trp	105.6	high confidence set
A02	62	27128292	27128365	Val	AAC	0	0	72.5	48.10	24.40	Inf	Val	100.2	high confidence set
A02	63	27228867	27228947	Leu	AAG	0	0	71.4	51.10	20.30	Inf	Leu	108.5	high confidence set
A02	64	27252449	27252521	Arg	ACG	0	0	73.2	50.90	22.30	Inf	Arg	94.3	high confidence set
A02	65	27790551	27790624	Asn	GTT	0	0	81.4	54.70	26.70	Inf	Asn	91.8	high confidence set
A02	66	27788984	27788911	Ile	AAT	0	0	65.2	54.50	10.70	Inf	Ile	89.6	high confidence set
A02	68	27461028	27460955	Asn	GTT	0	0	86.5	61.30	25.20	Inf	Asn	91.8	high confidence set
A02	69	27435107	27435026	Ser	GCT	0	0	80.5	45.20	35.30	Inf	Ser	109.5	high confidence set
A02	70	27392071	27391987	Met	CAT	27392033	27392023	64.2	40.80	23.40	Inf	Met	104.0	high confidence set
A02	71	27379312	27379228	Met	CAT	27379274	27379264	57.0	33.60	23.40	Inf	Met	98.6	high confidence set
A02	72	27182766	27182695	His	GTG	0	0	63.0	33.70	29.30	Inf	His	87.1	high confidence set
A02	73	25914186	25914113	Ala	AGC	0	0	58.5	37.90	20.60	Inf	Ala	90.4	high confidence set
A02	74	25526941	25526870	Gln	TTG	0	0	73.5	53.70	19.80	Inf	Gln	104.8	high confidence set
A02	75	24912781	24912698	Leu	CAA	0	0	79.8	55.80	24.00	Inf	Leu	122.6	high confidence set
A02	76	24459799	24459728	Glu	TTC	0	0	60.3	37.70	22.60	Inf	Glu	90.9	high confidence set
A02	77	24026786	24026715	His	GTG	0	0	63.0	33.70	29.30	Inf	His	87.1	high confidence set
A02	78	23767773	23767702	Lys	TTT	0	0	83.0	70.00	13.00	Inf	Lys	83.3	high confidence set
A02	81	21831760	21831689	Pro	TGG	0	0	69.2	36.90	32.30	Inf	Pro	112.8	high confidence set
A02	82	21654948	21654876	Ala	AGC	0	0	63.4	38.20	25.20	Inf	Ala	98.3	high confidence set
A02	83	21502016	21501945	Pro	AGG	0	0	68.2	35.90	32.30	Inf	Pro	113.9	high confidence set
A02	85	20438033	20437961	Ala	AGC	0	0	63.4	38.20	25.20	Inf	Ala	98.3	high confidence set
A02	87	18566388	18566317	Pro	TGG	0	0	60.1	29.30	30.80	Inf	Pro	104.2	high confidence set
A02	89	16623988	16623916	Lys	CTT	0	0	87.7	67.60	20.10	Inf	Lys	106.7	high confidence set
A02	90	15860640	15860559	Ser	AGA	0	0	73.8	39.20	34.60	Inf	Ser	108.9	high confidence set
A02	92	14663882	14663811	Gln	TTG	0	0	64.7	52.40	12.30	Inf	Gln	96.5	high confidence set
A02	93	14540415	14540334	Ser	GCT	0	0	80.5	45.20	35.30	Inf	Ser	109.5	high confidence set
A02	95	13984536	13984465	Glu	TTC	0	0	70.8	46.30	24.50	Inf	Glu	99.2	high confidence set
A02	96	13809293	13809221	Glu	CTC	0	0	67.1	41.10	26.00	Inf	Glu	82.8	high confidence set
A02	97	13477542	13477462	Leu	AAG	0	0	71.4	51.10	20.30	Inf	Leu	108.5	high confidence set
A02	98	12139070	12138999	Pro	TGG	0	0	69.2	36.90	32.30	Inf	Pro	112.8	high confidence set
A02	99	8552562	8552491	Lys	TTT	0	0	74.1	63.40	10.70	Inf	Lys	74.9	high confidence set
A02	100	7853492	7853421	Phe	GAA	0	0	65.8	45.50	20.30	Inf	Phe	81.2	high confidence set
A02	101	7850141	7850069	Phe	GAA	0	0	78.3	58.40	19.90	Inf	Phe	113.2	high confidence set
A02	102	7699080	7699009	Lys	TTT	0	0	74.5	63.70	10.80	Inf	Lys	73.4	high confidence set
A02	103	7266460	7266387	Ile	AAT	0	0	85.5	59.00	26.50	Inf	Ile	109.4	high confidence set
A02	104	7142940	7142859	Ser	CGA	0	0	78.2	51.20	27.00	Inf	Ser	122.9	high confidence set
A02	105	7140454	7140383	Pro	TGG	0	0	69.2	36.90	32.30	Inf	Pro	112.8	high confidence set
A02	106	6574866	6574795	iMet	CAT	0	0	58.3	28.10	30.20	Inf	iMet	118.7	high confidence set
A02	107	6424335	6424254	Ser	CGA	0	0	83.5	48.90	34.60	Inf	Ser	128.4	high confidence set
A02	108	5305351	5305280	Val	GAC	0	0	59.6	45.00	14.60	Inf	Asp	85.1	IPD:-44.40,isotype mismatch
A02	109	5190341	5190270	Cys	GCA	0	0	81.7	56.10	25.60	Inf	Cys	104.3	high confidence set
A02	110	5184351	5184280	Cys	GCA	0	0	81.7	56.10	25.60	Inf	Cys	104.3	high confidence set
A02	112	4396524	4396453	Trp	CCA	0	0	75.8	51.20	24.60	Inf	Trp	105.6	high confidence set
A02	113	4392400	4392329	Trp	CCA	0	0	75.8	51.20	24.60	Inf	Trp	105.6	high confidence set
A02	115	3371165	3371094	Asp	GTC	0	0	69.8	46.80	23.00	Inf	Asp	94.5	high confidence set
A02	116	2850024	2849952	Phe	GAA	0	0	70.4	50.50	19.90	Inf	Phe	105.2	high confidence set
A02	117	2631777	2631705	Ala	AGC	0	0	63.4	38.20	25.20	Inf	Ala	98.3	high confidence set
A02	118	2557221	2557149	Ala	AGC	0	0	63.4	38.20	25.20	Inf	Ala	98.3	high confidence set
A02	119	2477707	2477622	Tyr	GTA	2477670	2477658	75.1	44.00	31.10	Inf	Tyr	103.8	high confidence set
A02	120	2382528	2382447	Ile	GAT	0	0	80.1	44.80	35.30	Inf	Ser	105.6	IPD:-57.70,isotype mismatch
A02	121	1836461	1836389	Phe	GAA	0	0	78.3	58.40	19.90	Inf	Phe	113.2	high confidence set
A02	122	1693995	1693922	Arg	TCG	0	0	82.3	61.00	21.30	Inf	Arg	91.9	high confidence set
A02	123	1675599	1675528	His	GTG	0	0	63.0	33.70	29.30	Inf	His	86.8	high confidence set
A02	124	1655675	1655603	Lys	CTT	0	0	87.7	67.60	20.10	Inf	Lys	106.7	high confidence set
A02	125	1348065	1347992	Val	AAC	0	0	70.6	36.90	33.70	Inf	Val	98.8	high confidence set
A02	126	1276922	1276842	Leu	AAG	0	0	71.4	51.10	20.30	Inf	Leu	108.5	high confidence set
A02	127	11510	11439	Gly	TCC	0	0	74.1	46.70	27.40	Inf	Gly	84.2	high confidence set
A03	2	461634	461707	Arg	TCG	0	0	83.5	62.30	21.20	Inf	Arg	90.9	high confidence set
A03	3	569084	569166	Leu	TAA	0	0	72.9	35.60	37.30	Inf	Leu	100.3	high confidence set
A03	4	991572	991644	Arg	CCT	0	0	74.8	55.90	18.90	Inf	Arg	84.6	high confidence set
A03	5	1010398	1010471	Val	CAC	0	0	81.5	53.50	28.00	Inf	Val	103.7	high confidence set
A03	6	1670384	1670457	Val	AAC	0	0	65.3	47.20	18.10	Inf	Val	89.6	high confidence set
A03	7	1719698	1719778	Leu	AAG	0	0	71.4	51.10	20.30	Inf	Leu	108.5	high confidence set
A03	8	1841965	1842037	Arg	CCT	0	0	74.8	55.90	18.90	Inf	Arg	84.6	high confidence set
A03	10	2585888	2585959	Lys	TTT	0	0	81.3	68.50	12.80	Inf	Lys	79.2	high confidence set
A03	11	2632068	2632148	Lys	CTT	0	0	78.3	59.40	18.90	Inf	Lys	97.3	high confidence set
A03	12	2884234	2884307	Val	CAC	0	0	81.5	53.50	28.00	Inf	Val	103.7	high confidence set
A03	13	3004129	3004202	Ile	AAT	0	0	84.0	55.40	28.60	Inf	Ile	105.9	high confidence set
A03	14	3004287	3004360	Ile	AAT	0	0	84.0	55.40	28.60	Inf	Ile	105.9	high confidence set
A03	15	3007941	3008012	Asp	GTC	0	0	69.8	46.80	23.00	Inf	Asp	94.5	high confidence set
A03	16	3139757	3139838	Ser	AGA	0	0	77.0	42.20	34.80	Inf	Ser	112.5	high confidence set
A03	17	3250794	3250865	Pro	AGG	0	0	68.2	35.90	32.30	Inf	Pro	113.9	high confidence set
A03	18	3493280	3493351	Trp	CCA	0	0	75.8	51.20	24.60	Inf	Trp	105.6	high confidence set
A03	19	3694133	3694204	Pro	TGG	0	0	69.2	36.90	32.30	Inf	Pro	112.8	high confidence set
A03	20	3747032	3747103	Asp	GTC	0	0	67.5	44.60	22.90	Inf	Asp	88.4	high confidence set
A03	21	4308548	4308619	Gln	CTG	0	0	74.7	50.50	24.20	Inf	Gln	100.9	high confidence set
A03	22	4624706	4624779	Val	AAC	0	0	72.5	48.10	24.40	Inf	Val	100.2	high confidence set
A03	23	4809264	4809335	Asp	GTC	0	0	60.9	45.30	15.60	Inf	Asp	82.1	high confidence set
A03	24	5681913	5681985	Ala	AGC	0	0	55.8	39.40	16.40	Inf	Ala	88.1	high confidence set
A03	25	5768059	5768131	Phe	GAA	0	0	78.3	58.40	19.90	Inf	Phe	113.2	high confidence set
A03	26	5778256	5778328	Phe	GAA	0	0	78.3	58.40	19.90	Inf	Phe	113.2	high confidence set
A03	27	5809053	5809124	Ile	TAT	0	0	57.1	28.20	28.90	Inf	iMet	112.2	IPD:-75.10,isotype mismatch
A03	28	6149222	6149292	Gly	CCC	0	0	65.4	28.10	37.30	Inf	Gly	85.4	high confidence set
A03	29	6806787	6806870	Tyr	GTA	6806824	6806834	74.3	42.60	31.70	Inf	Tyr	108.6	high confidence set
A03	30	7932978	7933049	Lys	TTT	0	0	83.8	71.00	12.80	Inf	Lys	83.9	high confidence set
A03	31	7964626	7964697	Pro	AGG	0	0	58.3	25.30	33.00	Inf	Pro	102.4	high confidence set
A03	33	7966286	7966359	Pro	TGG	0	0	59.9	32.80	27.10	Inf	Pro	102.8	high confidence set
A03	35	7968028	7968099	Pro	TGG	0	0	68.5	35.70	32.80	Inf	Pro	111.2	high confidence set
A03	36	8181811	8181895	Met	CAT	8181849	8181859	64.3	40.80	23.50	Inf	Met	104.0	high confidence set
A03	37	8417212	8417291	Leu	TAG	0	0	55.3	37.40	17.90	Inf	Leu	100.3	high confidence set
A03	38	8556258	8556330	Arg	TCT	0	0	71.0	51.20	19.80	Inf	Arg	99.1	high confidence set
A03	39	8921769	8921840	iMet	CAT	0	0	54.0	30.00	24.00	Inf	iMet	113.7	high confidence set
A03	40	8948304	8948376	Glu	CTC	0	0	76.3	50.40	25.90	Inf	Glu	91.1	high confidence set
A03	41	10202480	10202550	Gly	GCC	0	0	56.9	37.20	19.70	Inf	Gly	85.9	high confidence set
A03	42	10994359	10994431	Glu	CTC	0	0	76.3	50.40	25.90	Inf	Glu	91.1	high confidence set
A03	43	11136940	11137012	Glu	TTC	0	0	64.4	45.70	18.70	Inf	Ala	89.9	IPD:-92.50,isotype mismatch
A03	44	12674651	12674721	Gly	CCC	0	0	65.4	28.10	37.30	Inf	Gly	85.4	high confidence set
A03	45	12810861	12810932	Thr	TGT	0	0	83.0	58.30	24.70	Inf	Thr	92.4	high confidence set
A03	46	13874721	13874793	Phe	GAA	0	0	70.4	50.50	19.90	Inf	Phe	105.2	high confidence set
A03	47	14701909	14701980	Trp	CCA	0	0	72.6	48.00	24.60	Inf	Trp	99.0	high confidence set
A03	48	15436570	15436642	Val	TAC	0	0	74.4	44.00	30.40	Inf	Val	103.3	high confidence set
A03	50	15772848	15772922	Gln	TTG	0	0	78.0	57.50	20.50	Inf	Arg	84.7	IPD:-52.10,isotype mismatch
A03	51	15851838	15851923	Glu	CTC	0	0	59.0	42.60	16.40	Inf	Glu	74.1	high confidence set
A03	52	16190498	16190569	Asp	GTC	0	0	69.8	46.80	23.00	Inf	Asp	94.5	high confidence set
A03	53	16191170	16191243	Val	CAC	0	0	79.9	50.10	29.80	Inf	Val	100.5	high confidence set
A03	54	16667061	16667141	Leu	AAG	0	0	66.4	46.20	20.20	Inf	Leu	108.5	high confidence set
A03	55	16701499	16701570	Asp	GTC	0	0	69.8	46.80	23.00	Inf	Asp	94.5	high confidence set
A03	56	17201166	17201238	Arg	CCT	0	0	74.8	55.90	18.90	Inf	Arg	84.6	high confidence set
A03	57	18096930	18097014	Tyr	GTA	18096967	18096978	74.2	42.50	31.70	Inf	Tyr	108.6	high confidence set
A03	58	18282221	18282300	Leu	TAG	0	0	63.0	48.40	14.60	Inf	Leu	104.7	high confidence set
A03	59	20493325	20493395	Gly	GCC	0	0	57.1	35.70	21.40	Inf	Gly	85.5	high confidence set
A03	60	20558399	20558470	Gln	CTG	0	0	71.1	46.00	25.10	Inf	Gln	100.8	high confidence set
A03	61	21164996	21165068	Ala	CGC	0	0	67.5	42.90	24.60	Inf	Ala	99.2	high confidence set
A03	62	21167377	21167448	Thr	CGT	0	0	82.3	55.00	27.30	Inf	Thr	83.7	high confidence set
A03	63	21329799	21329871	Ala	AGC	0	0	63.4	38.20	25.20	Inf	Ala	98.3	high confidence set
A03	64	21531409	21531482	Val	AAC	0	0	72.5	48.10	24.40	Inf	Val	100.2	high confidence set
A03	65	21742132	21742204	Val	TAC	0	0	74.4	44.00	30.40	Inf	Val	103.3	high confidence set
A03	66	21800821	21800894	Asn	GTT	0	0	83.3	58.10	25.20	Inf	Asn	93.9	high confidence set
A03	67	21888975	21889048	Val	AAC	0	0	65.9	34.90	31.00	Inf	Val	79.9	high confidence set
A03	68	22369167	22369239	Lys	CTT	0	0	87.7	67.60	20.10	Inf	Lys	106.7	high confidence set
A03	69	22477417	22477490	Thr	AGT	0	0	76.0	48.40	27.60	Inf	Thr	90.6	high confidence set
A03	70	22581570	22581643	Thr	AGT	0	0	73.6	45.20	28.40	Inf	Thr	88.6	high confidence set
A03	71	22583129	22583209	Leu	CAG	0	0	72.4	51.00	21.40	Inf	Leu	105.7	high confidence set
A03	72	23312944	23313016	Glu	CTC	0	0	68.6	48.70	19.90	Inf	Glu	87.3	high confidence set
A03	73	23435292	23435364	Glu	CTC	0	0	76.3	50.40	25.90	Inf	Glu	87.3	high confidence set
A03	74	24642714	24642787	Asn	GTT	0	0	77.3	58.30	19.00	Inf	Asn	87.8	high confidence set
A03	75	24728574	24728646	Lys	CTT	0	0	87.7	67.60	20.10	Inf	Lys	106.7	high confidence set
A03	76	25243239	25243322	Leu	CAA	0	0	78.5	55.10	23.40	Inf	Leu	119.0	high confidence set
A03	77	25391345	25391417	Ala	CGC	0	0	68.3	44.10	24.20	Inf	Ala	99.2	high confidence set
A03	78	25638992	25639073	Ser	GCT	0	0	80.5	45.20	35.30	Inf	Ser	109.5	high confidence set
A03	79	26361225	26361297	Ala	AGC	0	0	59.6	37.50	22.10	Inf	Ala	96.4	high confidence set
A03	80	26448033	26448104	iMet	CAT	0	0	58.3	28.10	30.20	Inf	iMet	118.7	high confidence set
A03	81	26545232	26545304	Phe	GAA	0	0	63.5	49.90	13.60	Inf	Phe	100.3	high confidence set
A03	82	26858450	26858520	Gly	GCC	0	0	66.4	44.60	21.80	Inf	Gly	95.2	high confidence set
A03	83	27340059	27340130	Pro	TGG	0	0	69.2	36.90	32.30	Inf	Pro	112.8	high confidence set
A03	84	28155094	28155166	Arg	TCT	0	0	70.7	50.70	20.00	Inf	Arg	91.3	high confidence set
A03	85	28207331	28207403	Arg	ACG	0	0	66.1	44.40	21.70	Inf	Arg	84.7	high confidence set
A03	86	28579766	28579838	Arg	TCT	0	0	60.5	45.60	14.90	Inf	Arg	82.1	high confidence set
A03	87	29395861	29395933	Arg	TCT	0	0	70.9	52.60	18.30	Inf	Arg	92.3	high confidence set
A03	88	29656018	29656090	Glu	CTC	0	0	70.0	48.60	21.40	Inf	Glu	86.5	high confidence set
A03	89	29753700	29753773	Thr	AGT	0	0	62.2	38.10	24.10	Inf	Thr	75.6	high confidence set
A03	91	30242433	30242504	Pro	CGG	0	0	68.2	35.30	32.90	Inf	Pro	113.0	high confidence set
A03	92	30529874	30529945	Glu	TTC	0	0	65.0	40.50	24.50	Inf	Glu	92.9	high confidence set
A03	93	30542260	30542333	Asn	GTT	0	0	82.3	57.10	25.20	Inf	Asn	92.8	high confidence set
A03	94	31184514	31184586	Arg	ACG	0	0	72.6	49.80	22.80	Inf	Arg	89.8	high confidence set
A03	96	28501631	28501558	Thr	AGT	0	0	73.6	45.20	28.40	Inf	Thr	88.6	high confidence set
A03	97	26725614	26725543	Gln	CTG	0	0	71.1	46.00	25.10	Inf	Gln	100.8	high confidence set
A03	98	26289136	26289063	Ile	AAT	0	0	86.4	57.90	28.50	Inf	Ile	108.4	high confidence set
A03	99	26175338	26175259	Leu	TAG	0	0	69.5	48.50	21.00	Inf	Leu	111.5	high confidence set
A03	100	26063795	26063712	Leu	CAA	0	0	79.5	54.50	25.00	Inf	Leu	126.8	high confidence set
A03	101	26036893	26036812	Ser	TGA	0	0	80.7	46.10	34.60	Inf	Ser	119.7	high confidence set
A03	102	25963230	25963158	Lys	CTT	0	0	87.7	67.60	20.10	Inf	Lys	106.7	high confidence set
A03	105	25443917	25443847	Gly	CCC	0	0	65.4	28.10	37.30	Inf	Gly	85.4	high confidence set
A03	106	24706037	24705965	Lys	CTT	0	0	87.7	67.60	20.10	Inf	Lys	106.7	high confidence set
A03	107	24501627	24501542	Tyr	GTA	24501590	24501578	74.2	42.50	31.70	Inf	Tyr	108.6	high confidence set
A03	108	23869187	23869114	Thr	AGT	0	0	73.6	45.20	28.40	Inf	Thr	88.6	high confidence set
A03	109	23449536	23449465	Gly	TCC	0	0	74.1	46.70	27.40	Inf	Gly	84.2	high confidence set
A03	110	23240255	23240176	Leu	TAG	0	0	69.5	48.50	21.00	Inf	Leu	111.5	high confidence set
A03	111	23077186	23077115	Cys	GCA	0	0	81.7	56.10	25.60	Inf	Cys	104.3	high confidence set
A03	112	22968300	22968229	Trp	CCA	0	0	75.8	51.20	24.60	Inf	Trp	105.6	high confidence set
A03	113	22840549	22840469	Leu	CAG	0	0	72.4	51.00	21.40	Inf	Leu	105.7	high confidence set
A03	114	22113638	22113567	Pro	AGG	0	0	67.4	34.70	32.70	Inf	Pro	112.5	high confidence set
A03	118	18736214	18736143	Pro	AGG	0	0	67.4	34.70	32.70	Inf	Pro	112.3	high confidence set
A03	119	18053221	18053148	Thr	AGT	0	0	76.0	48.40	27.60	Inf	Thr	90.6	high confidence set
A03	120	17179437	17179364	Leu	TAG	0	0	84.1	66.60	17.50	Inf	Ile	94.5	IPD:-71.20,isotype mismatch
A03	121	16846776	16846705	Trp	CCA	0	0	75.8	51.20	24.60	Inf	Trp	105.6	high confidence set
A03	122	16317082	16317010	Arg	CCT	0	0	74.8	55.90	18.90	Inf	Arg	84.6	high confidence set
A03	123	16225679	16225608	Pro	CGG	0	0	68.2	35.30	32.90	Inf	Pro	113.0	high confidence set
A03	124	16127103	16127032	iMet	CAT	0	0	58.3	28.10	30.20	Inf	iMet	118.7	high confidence set
A03	125	16002007	16001918	Tyr	GTA	16001970	16001954	66.2	42.40	23.80	Inf	Tyr	97.4	high confidence set
A03	126	15716821	15716749	Arg	TCT	0	0	71.3	51.70	19.60	Inf	Arg	95.1	high confidence set
A03	127	15456142	15456061	Ser	TGA	0	0	75.9	43.60	32.30	Inf	Ser	116.7	high confidence set
A03	128	15184344	15184274	Gly	GCC	0	0	66.5	44.80	21.70	Inf	Gly	94.4	high confidence set
A03	129	15062762	15062691	Pro	CGG	0	0	68.2	35.30	32.90	Inf	Pro	113.0	high confidence set
A03	130	14997232	14997161	Glu	TTC	0	0	69.9	45.30	24.60	Inf	Glu	99.4	high confidence set
A03	131	14007984	14007913	Gln	CTG	0	0	71.2	46.50	24.70	Inf	Gln	101.3	high confidence set
A03	133	13796502	13796431	His	GTG	0	0	50.1	20.20	29.90	Inf	His	84.3	high confidence set
A03	134	13796358	13796287	His	GTG	0	0	55.6	19.90	35.70	Inf	His	91.3	high confidence set
A03	135	13796214	13796143	His	GTG	0	0	55.6	19.90	35.70	Inf	His	91.3	high confidence set
A03	136	13787402	13787331	His	GTG	0	0	55.6	19.90	35.70	Inf	His	91.3	high confidence set
A03	137	13787218	13787147	His	GTG	0	0	55.6	19.90	35.70	Inf	His	91.3	high confidence set
A03	139	13786890	13786819	His	GTG	0	0	55.6	19.90	35.70	Inf	His	91.3	high confidence set
A03	140	13786746	13786675	His	GTG	0	0	55.6	19.90	35.70	Inf	His	91.3	high confidence set
A03	141	13786602	13786531	His	GTG	0	0	55.6	19.90	35.70	Inf	His	91.3	high confidence set
A03	142	13451400	13451329	Pro	AGG	0	0	68.2	35.90	32.30	Inf	Pro	113.9	high confidence set
A03	143	13420949	13420878	Thr	TGT	0	0	83.0	58.30	24.70	Inf	Thr	92.4	high confidence set
A03	144	13380185	13380114	Gln	CTG	0	0	74.6	50.10	24.50	Inf	Gln	102.4	high confidence set
A03	145	12805073	12805001	Ala	AGC	0	0	58.9	36.60	22.30	Inf	Ala	92.5	high confidence set
A03	146	12791867	12791784	Leu	CAA	0	0	82.0	55.00	27.00	Inf	Leu	127.3	high confidence set
A03	147	11333162	11333091	Cys	GCA	0	0	80.8	53.70	27.10	Inf	Cys	103.2	high confidence set
A03	148	11217882	11217812	Gly	CCC	0	0	65.4	28.10	37.30	Inf	Gly	85.4	high confidence set
A03	149	10418471	10418400	Thr	TGT	0	0	83.0	58.30	24.70	Inf	Thr	92.4	high confidence set
A03	150	10139228	10139147	Ser	GCT	0	0	76.2	41.10	35.10	Inf	Ser	105.6	high confidence set
A03	151	9488392	9488321	Cys	GCA	0	0	81.7	56.10	25.60	Inf	Cys	104.3	high confidence set
A03	152	8570218	8570134	Tyr	GTA	8570181	8570170	74.2	42.50	31.70	Inf	Tyr	108.6	high confidence set
A03	153	8528148	8528066	Leu	TAA	0	0	72.9	35.60	37.30	Inf	Leu	100.3	high confidence set
A03	154	8439786	8439703	Tyr	GTA	8439749	8439739	74.3	42.60	31.70	Inf	Tyr	108.6	high confidence set
A03	155	8152443	8152370	Thr	AGT	0	0	73.6	45.20	28.40	Inf	Thr	88.6	high confidence set
A03	159	7119428	7119358	Gly	GCC	0	0	66.5	44.80	21.70	Inf	Gly	94.4	high confidence set
A03	160	5957248	5957176	Phe	GAA	0	0	78.3	58.40	19.90	Inf	Phe	113.2	high confidence set
A03	161	5954578	5954506	Phe	GAA	0	0	78.3	58.40	19.90	Inf	Phe	113.2	high confidence set
A03	162	5468632	5468559	Ile	AAT	0	0	85.5	59.00	26.50	Inf	Ile	109.4	high confidence set
A03	163	5387337	5387256	Ser	CGA	0	0	83.5	48.90	34.60	Inf	Ser	128.4	high confidence set
A03	164	5382547	5382476	Pro	TGG	0	0	69.2	36.90	32.30	Inf	Pro	112.8	high confidence set
A03	165	5067155	5067084	iMet	CAT	0	0	58.3	28.10	30.20	Inf	iMet	118.7	high confidence set
A03	166	4953897	4953816	Ser	CGA	0	0	85.7	49.00	36.70	Inf	Ser	129.0	high confidence set
A03	167	4782357	4782286	Gly	TCC	0	0	74.1	46.70	27.40	Inf	Gly	84.2	high confidence set
A03	169	4146636	4146565	Cys	GCA	0	0	81.7	56.10	25.60	Inf	Cys	104.3	high confidence set
A03	170	3484303	3484232	Trp	CCA	0	0	75.8	51.20	24.60	Inf	Trp	105.6	high confidence set
A03	171	3308990	3308919	Glu	TTC	0	0	69.9	45.30	24.60	Inf	Glu	99.4	high confidence set
A03	172	2908084	2908013	Gly	TCC	0	0	74.1	46.70	27.40	Inf	Gly	84.2	high confidence set
A03	173	1815154	1815074	Ser	GCT	0	0	58.8	35.20	23.60	Inf	Ser	84.0	high confidence set
A03	174	1770594	1770522	Arg	ACG	0	0	72.5	49.90	22.60	Inf	Arg	93.8	high confidence set
A03	175	1471257	1471185	Ala	AGC	0	0	63.4	38.20	25.20	Inf	Ala	98.3	high confidence set
A03	176	1436154	1436082	Ala	CGC	0	0	65.8	45.10	20.70	Inf	Ala	97.2	high confidence set
A03	177	1287640	1287555	Tyr	GTA	1287603	1287591	65.5	34.00	31.50	Inf	Tyr	95.1	high confidence set
A03	178	1037546	1037467	Leu	TAG	0	0	71.0	48.60	22.40	Inf	Leu	111.9	high confidence set
A03	179	561376	561296	Leu	AAG	0	0	71.4	51.10	20.30	Inf	Leu	108.5	high confidence set
A03	180	483456	483384	Phe	GAA	0	0	68.7	50.80	17.90	Inf	Phe	106.0	high confidence set
A03	181	317829	317758	His	GTG	0	0	60.5	31.20	29.30	Inf	His	81.1	high confidence set
A03	182	282213	282141	Lys	CTT	0	0	87.7	67.60	20.10	Inf	Lys	106.7	high confidence set
A04	1	329632	329704	Phe	GAA	0	0	78.3	58.40	19.90	Inf	Phe	113.2	high confidence set
A04	2	816079	816151	Lys	CTT	0	0	86.5	66.40	20.10	Inf	Lys	96.5	high confidence set
A04	3	1121132	1121205	Thr	AGT	0	0	66.9	39.10	27.80	Inf	Thr	82.0	high confidence set
A04	4	1149593	1149674	Ser	GCT	0	0	79.9	45.00	34.90	Inf	Ser	109.4	high confidence set
A04	5	1150258	1150339	Ser	GCT	0	0	68.1	33.40	34.70	Inf	Ser	94.7	high confidence set
A04	6	1207164	1207235	Asp	GTC	0	0	60.2	37.20	23.00	Inf	Asp	81.2	high confidence set
A04	9	7373487	7373559	Ala	AGC	0	0	63.4	38.20	25.20	Inf	Ala	98.3	high confidence set
A04	10	8095215	8095295	Leu	AAG	0	0	71.4	51.10	20.30	Inf	Leu	108.5	high confidence set
A04	11	8429523	8429606	Leu	CAA	0	0	80.2	53.70	26.50	Inf	Leu	122.5	high confidence set
A04	12	9243577	9243648	Pro	CGG	0	0	68.2	35.30	32.90	Inf	Pro	113.0	high confidence set
A04	13	9400218	9400289	His	GTG	0	0	63.0	33.70	29.30	Inf	His	86.8	high confidence set
A04	15	9678303	9678376	Ile	AAT	0	0	86.4	57.90	28.50	Inf	Ile	108.4	high confidence set
A04	16	9839879	9839951	Ala	CGC	0	0	68.3	44.10	24.20	Inf	Ala	99.2	high confidence set
A04	17	10920482	10920554	Arg	ACG	0	0	72.5	49.90	22.60	Inf	Arg	93.8	high confidence set
A04	18	12497517	12497596	Leu	TAG	0	0	69.5	48.50	21.00	Inf	Leu	111.5	high confidence set
A04	19	12916872	12916943	Cys	GCA	0	0	80.8	53.70	27.10	Inf	Cys	103.2	high confidence set
A04	20	12923163	12923234	His	GTG	0	0	63.0	33.70	29.30	Inf	His	86.8	high confidence set
A04	21	13464400	13464470	Gly	GCC	0	0	66.5	44.80	21.70	Inf	Gly	94.4	high confidence set
A04	23	14139328	14139408	Leu	AAG	0	0	69.9	49.30	20.60	Inf	Leu	105.0	high confidence set
A04	24	14938816	14938887	Asp	GTC	0	0	69.8	46.80	23.00	Inf	Asp	94.5	high confidence set
A04	25	15027517	15027588	Lys	TTT	0	0	81.3	66.10	15.20	Inf	Lys	82.5	high confidence set
A04	26	15047059	15047130	Pro	AGG	0	0	67.4	34.70	32.70	Inf	Pro	112.3	high confidence set
A04	27	15126530	15126610	Leu	AAG	0	0	71.4	51.10	20.30	Inf	Leu	108.5	high confidence set
A04	28	15306710	15306793	Leu	CAA	0	0	79.5	54.50	25.00	Inf	Leu	126.8	high confidence set
A04	29	15345076	15345160	Met	CAT	15345114	15345124	64.2	40.80	23.40	Inf	Met	104.0	high confidence set
A04	30	15711154	15711227	Asn	GTT	0	0	83.3	58.10	25.20	Inf	Asn	93.9	high confidence set
A04	31	15879532	15879604	Arg	TCT	0	0	71.0	51.20	19.80	Inf	Arg	99.1	high confidence set
A04	32	16332616	16332687	iMet	CAT	0	0	58.3	28.10	30.20	Inf	iMet	118.7	high confidence set
A04	33	17778418	17778488	Gly	GCC	0	0	66.5	44.80	21.70	Inf	Gly	94.4	high confidence set
A04	34	18466435	18466507	Arg	TCT	0	0	71.0	51.20	19.80	Inf	Arg	99.1	high confidence set
A04	35	18533545	18533617	Lys	CTT	0	0	87.7	67.60	20.10	Inf	Lys	106.7	high confidence set
A04	36	18737655	18737727	Glu	CTC	0	0	76.3	50.40	25.90	Inf	Glu	91.1	high confidence set
A04	37	18770423	18770495	Ala	CGC	0	0	68.3	43.60	24.70	Inf	Ala	101.1	high confidence set
A04	38	18290974	18290893	Ser	GCT	0	0	80.5	45.20	35.30	Inf	Ser	109.5	high confidence set
A04	39	18070828	18070757	Thr	TGT	0	0	83.0	58.30	24.70	Inf	Thr	92.4	high confidence set
A04	40	17709601	17709520	Ser	GCT	0	0	80.5	45.20	35.30	Inf	Ser	109.5	high confidence set
A04	41	16933342	16933271	Asp	GTC	0	0	69.8	46.80	23.00	Inf	Asp	94.5	high confidence set
A04	42	16838355	16838284	Cys	GCA	0	0	81.7	56.10	25.60	Inf	Cys	104.3	high confidence set
A04	43	15872415	15872333	Leu	TAA	0	0	65.3	28.00	37.30	Inf	Leu	94.3	high confidence set
A04	44	15746390	15746307	Tyr	GTA	15746353	15746343	64.5	32.80	31.70	Inf	Tyr	100.1	high confidence set
A04	45	15303759	15303686	Thr	AGT	0	0	73.6	45.20	28.40	Inf	Thr	88.6	high confidence set
A04	46	14752367	14752283	Met	CAT	14752329	14752319	64.2	40.80	23.40	Inf	Met	104.0	high confidence set
A04	47	13799958	13799886	Ala	AGC	0	0	63.4	38.20	25.20	Inf	Ala	98.3	high confidence set
A04	48	13573433	13573363	Gly	GCC	0	0	65.8	44.10	21.70	Inf	Gly	86.4	high confidence set
A04	49	13236026	13235954	Val	TAC	0	0	74.4	44.00	30.40	Inf	Val	103.3	high confidence set
A04	51	12197393	12197322	Gly	TCC	0	0	74.1	46.70	27.40	Inf	Gly	84.2	high confidence set
A04	52	10490392	10490321	iMet	CAT	0	0	58.3	28.10	30.20	Inf	iMet	118.7	high confidence set
A04	53	9675075	9674991	Met	CAT	9675037	9675027	66.0	44.00	22.00	Inf	Met	105.5	high confidence set
A04	54	9632719	9632647	Arg	ACG	0	0	72.9	50.30	22.60	Inf	Arg	91.8	high confidence set
A04	55	9600949	9600877	Ile	AAT	0	0	74.6	46.70	27.90	Inf	Ile	97.8	high confidence set
A04	57	9379076	9379005	Gln	CTG	0	0	62.9	40.70	22.20	Inf	Gln	82.8	high confidence set
A04	58	9314823	9314740	Tyr	GTA	9314786	9314776	67.9	43.70	24.20	Inf	Tyr	103.2	high confidence set
A04	60	7711554	7711481	Ile	AAT	0	0	86.4	57.90	28.50	Inf	Ile	108.4	high confidence set
A04	61	7155161	7155090	Pro	AGG	0	0	68.2	35.90	32.30	Inf	Pro	113.9	high confidence set
A04	64	2502271	2502200	iMet	CAT	0	0	55.4	27.90	27.50	Inf	iMet	112.9	high confidence set
A04	65	1571217	1571147	Gly	GCC	0	0	66.5	44.80	21.70	Inf	Gly	94.4	high confidence set
A04	67	1207362	1207289	Val	AAC	0	0	72.5	48.10	24.40	Inf	Val	100.2	high confidence set
A04	68	356180	356108	Ala	TGC	0	0	64.1	40.50	23.60	Inf	Ala	93.4	high confidence set
A04	69	292814	292744	Gly	CCC	0	0	65.4	28.10	37.30	Inf	Gly	85.4	high confidence set
A04	70	259206	259134	Arg	ACG	0	0	72.6	49.80	22.80	Inf	Arg	89.8	high confidence set
A04	71	113799	113727	Ala	TGC	0	0	70.0	45.30	24.70	Inf	Ala	100.6	high confidence set
A05	1	101454	101524	Gly	CCC	0	0	65.4	28.10	37.30	Inf	Gly	85.4	high confidence set
A05	2	1376071	1376141	Gly	GCC	0	0	66.5	44.80	21.70	Inf	Gly	94.4	high confidence set
A05	3	1563621	1563693	Arg	ACG	0	0	72.9	50.30	22.60	Inf	Arg	91.8	high confidence set
A05	4	2412976	2413048	Lys	CTT	0	0	87.7	67.60	20.10	Inf	Lys	106.7	high confidence set
A05	5	2943656	2943727	Asp	GTC	0	0	69.8	46.80	23.00	Inf	Asp	94.5	high confidence set
A05	6	3068698	3068769	Cys	GCA	0	0	81.7	56.10	25.60	Inf	Cys	104.3	high confidence set
A05	7	4225386	4225469	Tyr	GTA	4225423	4225433	74.3	42.60	31.70	Inf	Tyr	108.6	high confidence set
A05	8	4355935	4356017	Leu	TAA	0	0	72.9	35.60	37.30	Inf	Leu	100.3	high confidence set
A05	9	4558060	4558143	Tyr	GTA	4558097	4558107	74.3	42.60	31.70	Inf	Tyr	108.6	high confidence set
A05	10	5102274	5102347	Thr	AGT	0	0	73.6	45.20	28.40	Inf	Thr	88.6	high confidence set
A05	11	5999913	5999997	Met	CAT	5999951	5999961	55.0	37.90	17.10	Inf	Met	94.3	high confidence set
A05	12	6076917	6076989	Phe	GAA	0	0	65.3	54.90	10.40	Inf	Phe	99.9	high confidence set
A05	13	6215460	6215530	Gly	GCC	0	0	66.5	44.80	21.70	Inf	Gly	94.4	high confidence set
A05	15	7392261	7392331	Ala	GGC	0	0	53.8	41.40	12.40	Inf	Gly	78.0	IPD:-48.60,isotype mismatch
A05	16	7853068	7853140	Val	TAC	0	0	74.4	44.00	30.40	Inf	Val	103.3	high confidence set
A05	17	8102819	8102892	Arg	TCG	0	0	79.5	57.90	21.60	Inf	Arg	87.7	high confidence set
A05	18	8233091	8233162	Pro	AGG	0	0	67.4	34.70	32.70	Inf	Pro	112.3	high confidence set
A05	19	8291684	8291765	Ser	AGA	0	0	68.9	41.10	27.80	Inf	Ser	103.8	high confidence set
A05	20	10343303	10343374	Cys	GCA	0	0	80.5	53.40	27.10	Inf	Cys	101.8	high confidence set
A05	21	10343489	10343560	Cys	GCA	0	0	80.8	53.70	27.10	Inf	Cys	103.2	high confidence set
A05	22	10343677	10343748	Cys	GCA	0	0	80.5	53.20	27.30	Inf	Cys	102.6	high confidence set
A05	23	10612897	10612982	Tyr	GTA	10612934	10612946	74.2	42.50	31.70	Inf	Tyr	108.6	high confidence set
A05	25	15598781	15598865	Met	CAT	15598819	15598829	62.0	40.40	21.60	Inf	Met	95.5	high confidence set
A05	26	16352066	16352137	Pro	AGG	0	0	68.4	35.70	32.70	Inf	Pro	111.2	high confidence set
A05	27	16997308	16997380	Arg	ACG	0	0	64.5	39.60	24.90	Inf	Arg	81.7	high confidence set
A05	28	17403037	17403120	Leu	CAA	0	0	80.8	54.10	26.70	Inf	Leu	122.4	high confidence set
A05	29	18190206	18190279	Thr	AGT	0	0	73.7	48.30	25.40	Inf	Thr	89.1	high confidence set
A05	32	21486418	21486490	Arg	CCT	0	0	74.8	55.90	18.90	Inf	Arg	84.6	high confidence set
A05	33	21644024	21644095	Pro	CGG	0	0	68.2	35.30	32.90	Inf	Pro	113.0	high confidence set
A05	34	22063081	22063170	Tyr	GTA	22063118	22063134	74.0	42.30	31.70	Inf	Tyr	108.6	high confidence set
A05	35	22228816	22228888	Phe	GAA	0	0	78.3	58.40	19.90	Inf	Phe	113.2	high confidence set
A05	36	22309787	22309868	Ser	TGA	0	0	80.7	46.10	34.60	Inf	Ser	119.7	high confidence set
A05	37	22331058	22331131	Arg	TCG	0	0	82.3	61.00	21.30	Inf	Arg	91.9	high confidence set
A05	38	22426105	22426177	Glu	CTC	0	0	76.3	50.40	25.90	Inf	Glu	91.1	high confidence set
A05	39	22941073	22941154	Ser	TGA	0	0	72.9	37.80	35.10	Inf	Ser	110.2	high confidence set
A05	40	22964787	22964872	Met	CAT	22964825	22964836	64.2	40.80	23.40	Inf	Met	104.0	high confidence set
A05	41	23245034	23245105	Pro	CGG	0	0	68.2	35.30	32.90	Inf	Pro	113.0	high confidence set
A05	42	23582103	23582022	Ser	AGA	0	0	69.9	38.20	31.70	Inf	Ser	105.7	high confidence set
A05	43	22969795	22969723	Glu	TTC	0	0	68.9	38.40	30.50	Inf	Val	98.3	IPD:-58.60,isotype mismatch
A05	44	22905125	22905054	Lys	TTT	0	0	83.8	71.00	12.80	Inf	Lys	83.9	high confidence set
A05	45	22310198	22310117	Ser	CGA	0	0	77.5	44.40	33.10	Inf	Ser	120.8	high confidence set
A05	46	22177349	22177277	Arg	TCT	0	0	71.3	51.70	19.60	Inf	Arg	95.1	high confidence set
A05	47	21830245	21830174	Thr	TGT	0	0	83.0	58.30	24.70	Inf	Thr	92.4	high confidence set
A05	48	21731024	21730952	Arg	CCT	0	0	79.3	57.50	21.80	Inf	Arg	87.2	high confidence set
A05	49	21704497	21704424	Val	CAC	0	0	81.5	53.50	28.00	Inf	Val	103.7	high confidence set
A05	50	21037932	21037862	Gly	CCC	0	0	65.4	28.10	37.30	Inf	Gly	85.4	high confidence set
A05	51	21033237	21033157	Leu	AAG	0	0	71.4	51.10	20.30	Inf	Leu	108.5	high confidence set
A05	52	20999456	20999385	Asp	GTC	0	0	69.8	46.80	23.00	Inf	Asp	94.5	high confidence set
A05	54	20190634	20190563	Cys	GCA	0	0	80.9	57.20	23.70	Inf	Cys	104.1	high confidence set
A05	55	19966537	19966466	Lys	TTT	0	0	83.8	71.00	12.80	Inf	Lys	83.9	high confidence set
A05	56	19804367	19804295	Phe	GAA	0	0	78.3	58.40	19.90	Inf	Phe	113.2	high confidence set
A05	57	18108452	18108368	Tyr	GTA	18108415	18108404	67.7	36.00	31.70	Inf	Tyr	94.2	high confidence set
A05	58	17953564	17953492	Arg	CCT	0	0	74.8	55.90	18.90	Inf	Arg	84.6	high confidence set
A05	59	17592925	17592846	Leu	TAG	0	0	69.5	48.50	21.00	Inf	Leu	111.5	high confidence set
A05	60	10432126	10432053	Ile	TAT	0	0	87.1	72.60	14.50	Inf	Ile	104.3	high confidence set
A05	61	8875560	8875489	Pro	AGG	0	0	68.2	35.90	32.30	Inf	Pro	113.9	high confidence set
A05	62	8438672	8438599	Asn	GTT	0	0	84.2	59.30	24.90	Inf	Asn	101.9	high confidence set
A05	63	8105545	8105461	Met	CAT	8105507	8105497	64.2	40.80	23.40	Inf	Met	104.0	high confidence set
A05	65	7498021	7497951	Gly	GCC	0	0	66.5	44.80	21.70	Inf	Gly	94.4	high confidence set
A05	66	6521707	6521634	Asn	GTT	0	0	83.3	58.10	25.20	Inf	Asn	93.9	high confidence set
A05	67	5755943	5755870	Thr	AGT	0	0	68.9	45.60	23.30	Inf	Thr	82.6	high confidence set
A05	70	5625988	5625917	Pro	TGG	0	0	68.5	35.70	32.80	Inf	Pro	111.2	high confidence set
A05	71	5625637	5625566	Pro	TGG	0	0	68.5	35.70	32.80	Inf	Pro	111.2	high confidence set
A05	72	5625210	5625139	Pro	TGG	0	0	68.5	35.70	32.80	Inf	Pro	111.2	high confidence set
A05	73	5619079	5619006	Pro	CGG	0	0	57.8	30.30	27.50	Inf	Pro	98.2	high confidence set
A05	74	5618254	5618183	Pro	AGG	0	0	67.4	34.70	32.70	Inf	Pro	112.3	high confidence set
A05	75	5617856	5617785	Pro	TGG	0	0	68.5	35.70	32.80	Inf	Pro	111.2	high confidence set
A05	76	5617441	5617370	Pro	TGG	0	0	68.5	35.70	32.80	Inf	Pro	111.2	high confidence set
A05	77	5616463	5616392	Pro	TGG	0	0	68.5	35.70	32.80	Inf	Pro	111.2	high confidence set
A05	78	5614884	5614813	Pro	TGG	0	0	68.5	35.70	32.80	Inf	Pro	111.2	high confidence set
A05	79	5614477	5614406	Pro	TGG	0	0	68.5	35.70	32.80	Inf	Pro	111.2	high confidence set
A05	80	5613768	5613697	Pro	TGG	0	0	68.5	35.70	32.80	Inf	Pro	111.2	high confidence set
A05	81	5097394	5097311	Leu	CAA	0	0	79.5	54.50	25.00	Inf	Leu	126.8	high confidence set
A05	82	5017473	5017389	Met	CAT	5017435	5017425	64.2	40.80	23.40	Inf	Met	104.0	high confidence set
A05	83	4613413	4613340	Asn	GTT	0	0	83.3	58.10	25.20	Inf	Asn	93.9	high confidence set
A05	84	4613101	4613022	Leu	TAG	0	0	61.4	41.00	20.40	Inf	Leu	103.6	high confidence set
A05	85	4336007	4335935	Arg	TCT	0	0	71.0	51.20	19.80	Inf	Arg	99.1	high confidence set
A05	86	3712976	3712905	iMet	CAT	0	0	58.3	28.10	30.20	Inf	iMet	118.7	high confidence set
A05	87	1981029	1980948	Ser	GCT	0	0	76.2	41.10	35.10	Inf	Ser	105.6	high confidence set
A05	88	1298781	1298700	Ser	GCT	0	0	71.3	36.40	34.90	Inf	Ser	102.6	high confidence set
A05	90	343719	343647	Ala	TGC	0	0	61.3	38.20	23.10	Inf	Ala	92.3	high confidence set
A06	1	612860	612931	Cys	GCA	0	0	80.8	53.70	27.10	Inf	Cys	103.2	high confidence set
A06	2	613047	613118	Cys	GCA	0	0	80.5	53.40	27.10	Inf	Cys	101.8	high confidence set
A06	3	613235	613306	Cys	GCA	0	0	72.3	45.00	27.30	Inf	Cys	89.9	high confidence set
A06	4	621189	621260	Cys	GCA	0	0	80.8	53.70	27.10	Inf	Cys	103.2	high confidence set
A06	5	621381	621452	Cys	GCA	0	0	58.3	48.30	10.00	Inf	Cys	80.8	high confidence set
A06	6	838874	838959	Tyr	GTA	838911	838923	68.0	46.50	21.50	Inf	Tyr	99.5	high confidence set
A06	7	1866206	1866278	Arg	CCT	0	0	74.8	55.90	18.90	Inf	Arg	84.6	high confidence set
A06	8	2598767	2598838	His	GTG	0	0	63.0	33.70	29.30	Inf	His	87.1	high confidence set
A06	10	3091409	3091480	Pro	AGG	0	0	58.3	25.90	32.40	Inf	Pro	103.2	high confidence set
A06	11	3130806	3130877	Glu	TTC	0	0	70.4	45.60	24.80	Inf	Glu	99.0	high confidence set
A06	13	4026316	4026395	Leu	TAG	0	0	69.5	48.50	21.00	Inf	Leu	111.5	high confidence set
A06	14	4240769	4240842	Ile	AAT	0	0	85.5	59.00	26.50	Inf	Ile	109.4	high confidence set
A06	17	4495460	4495533	Val	AAC	0	0	72.5	48.10	24.40	Inf	Val	100.2	high confidence set
A06	18	4872560	4872631	Thr	CGT	0	0	82.3	55.00	27.30	Inf	Thr	83.7	high confidence set
A06	19	6007763	6007844	Ser	AGA	0	0	69.2	36.80	32.40	Inf	Ser	106.7	high confidence set
A06	20	6173592	6173672	Leu	CAG	0	0	62.7	41.80	20.90	Inf	Leu	103.4	high confidence set
A06	21	6760824	6760895	Asp	GTC	0	0	69.8	46.80	23.00	Inf	Asp	94.5	high confidence set
A06	22	7084223	7084294	Asp	GTC	0	0	69.8	46.80	23.00	Inf	Asp	94.5	high confidence set
A06	23	7975144	7975216	Glu	CTC	0	0	76.3	50.40	25.90	Inf	Glu	91.1	high confidence set
A06	24	8078374	8078445	Asp	GTC	0	0	69.8	46.80	23.00	Inf	Asp	94.5	high confidence set
A06	25	8089466	8089538	Lys	CTT	0	0	87.7	67.60	20.10	Inf	Lys	106.7	high confidence set
A06	26	8202963	8203034	Pro	TGG	0	0	69.2	36.90	32.30	Inf	Pro	112.8	high confidence set
A06	27	10876882	10876953	Gly	TCC	0	0	74.1	46.70	27.40	Inf	Gly	84.2	high confidence set
A06	28	12305357	12305442	Tyr	GTA	12305394	12305406	74.2	42.50	31.70	Inf	Tyr	108.6	high confidence set
A06	29	14182366	14182437	Thr	TGT	0	0	83.0	58.30	24.70	Inf	Thr	92.4	high confidence set
A06	30	14817530	14817603	Val	AAC	0	0	72.5	48.10	24.40	Inf	Val	100.2	high confidence set
A06	31	15023782	15023862	Leu	AAG	0	0	71.4	51.10	20.30	Inf	Leu	108.5	high confidence set
A06	32	15092142	15092214	Arg	ACG	0	0	73.2	50.90	22.30	Inf	Arg	94.3	high confidence set
A06	33	15492319	15492391	Arg	CCT	0	0	72.3	51.10	21.20	Inf	Arg	81.9	high confidence set
A06	34	15891995	15892067	Phe	GAA	0	0	78.3	58.40	19.90	Inf	Phe	113.2	high confidence set
A06	37	16185564	16185637	Ile	AAT	0	0	86.7	58.40	28.30	Inf	Ile	111.3	high confidence set
A06	38	16637049	16637120	Gln	TTG	0	0	73.6	47.50	26.10	Inf	Gln	108.7	high confidence set
A06	39	18252982	18253053	Glu	TTC	0	0	69.9	45.30	24.60	Inf	Glu	99.4	high confidence set
A06	40	21230986	21231057	Lys	TTT	0	0	83.8	71.00	12.80	Inf	Lys	83.9	high confidence set
A06	41	21341582	21341667	Met	CAT	21341620	21341631	64.2	40.80	23.40	Inf	Met	104.0	high confidence set
A06	42	22068491	22068563	Ala	AGC	0	0	63.4	38.20	25.20	Inf	Ala	98.3	high confidence set
A06	43	22589774	22589854	Leu	AAG	0	0	69.9	49.30	20.60	Inf	Leu	105.0	high confidence set
A06	44	23337907	23337978	Thr	CGT	0	0	73.5	53.20	20.30	Inf	Thr	79.6	high confidence set
A06	45	23377872	23377944	Ala	TGC	0	0	70.0	45.30	24.70	Inf	Ala	100.6	high confidence set
A06	46	23504157	23504229	Ala	AGC	0	0	63.4	38.20	25.20	Inf	Ala	98.3	high confidence set
A06	47	23505984	23506055	Ala	AGC	0	0	55.3	35.00	20.30	Inf	Ala	91.3	high confidence set
A06	48	25166046	25166117	Lys	TTT	0	0	83.8	71.00	12.80	Inf	Lys	83.9	high confidence set
A06	49	25317367	25317439	Val	TAC	0	0	74.4	44.00	30.40	Inf	Val	103.3	high confidence set
A06	50	26012189	26012118	His	GTG	0	0	63.0	33.70	29.30	Inf	His	87.1	high confidence set
A06	51	25911894	25911823	Trp	CCA	0	0	75.8	51.20	24.60	Inf	Trp	105.6	high confidence set
A06	52	25902222	25902149	Val	CAC	0	0	61.4	41.80	19.60	Inf	Val	84.9	high confidence set
A06	53	25220264	25220191	Thr	AGT	0	0	73.6	45.20	28.40	Inf	Thr	88.6	high confidence set
A06	54	24946175	24946104	Gly	TCC	0	0	74.1	46.70	27.40	Inf	Gly	84.2	high confidence set
A06	55	24677171	24677100	Sup	TCA	0	0	81.8	56.10	25.70	Inf	Cys	104.3	IPD:-104.30,unexpected anticodon
A06	56	24194511	24194438	Asn	GTT	0	0	82.3	57.10	25.20	Inf	Asn	92.8	high confidence set
A06	57	23576281	23576209	Ala	AGC	0	0	63.4	38.20	25.20	Inf	Ala	98.3	high confidence set
A06	58	23498461	23498389	Phe	GAA	0	0	78.3	58.40	19.90	Inf	Phe	113.2	high confidence set
A06	59	23296521	23296449	Val	TAC	0	0	74.4	44.00	30.40	Inf	Val	103.3	high confidence set
A06	60	22392288	22392217	Asp	GTC	0	0	61.1	41.50	19.60	Inf	Asp	86.5	high confidence set
A06	61	22281440	22281369	Pro	TGG	0	0	69.2	36.90	32.30	Inf	Pro	112.8	high confidence set
A06	62	22069190	22069118	Ala	AGC	0	0	63.4	38.20	25.20	Inf	Ala	98.3	high confidence set
A06	63	21880925	21880854	Pro	AGG	0	0	68.2	35.90	32.30	Inf	Pro	113.9	high confidence set
A06	64	21674730	21674465	Lys	CTT	21674693	21674501	66.1	48.70	17.40	Inf	Lys	98.6	high confidence set
A06	65	21299536	21299465	Lys	TTT	0	0	83.8	71.00	12.80	Inf	Lys	83.9	high confidence set
A06	66	20505157	20505073	Met	CAT	20505119	20505109	64.2	40.80	23.40	Inf	Met	104.0	high confidence set
A06	68	19689366	19689295	Asp	GTC	0	0	69.7	46.70	23.00	Inf	Asp	90.7	high confidence set
A06	69	18764557	18764486	His	GTG	0	0	63.0	33.70	29.30	Inf	His	87.1	high confidence set
A06	70	17724562	17724490	Phe	GAA	0	0	72.1	56.50	15.60	Inf	Phe	104.7	high confidence set
A06	71	16386115	16386042	Ile	AAT	0	0	77.2	54.30	22.90	Inf	Ile	97.0	high confidence set
A06	72	15809359	15809288	iMet	CAT	0	0	58.3	28.10	30.20	Inf	iMet	118.7	high confidence set
A06	73	15518806	15518733	Asn	GTT	0	0	83.3	58.10	25.20	Inf	Asn	93.9	high confidence set
A06	74	15418325	15418244	Ser	GCT	0	0	80.5	45.20	35.30	Inf	Ser	109.5	high confidence set
A06	75	15306020	15305936	Met	CAT	15305982	15305972	64.2	40.80	23.40	Inf	Met	104.0	high confidence set
A06	76	15269176	15269092	Met	CAT	15269138	15269128	64.5	41.30	23.20	Inf	Met	104.0	high confidence set
A06	77	14956388	14956317	His	GTG	0	0	54.9	25.60	29.30	Inf	His	80.2	high confidence set
A06	79	13641653	13641570	Tyr	GTA	0	0	55.6	30.40	25.20	Inf	Tyr	72.5	high confidence set
A06	81	12375222	12375151	Thr	TGT	0	0	84.3	58.00	26.30	Inf	Thr	93.3	high confidence set
A06	82	11283168	11283095	Val	AAC	0	0	72.5	48.10	24.40	Inf	Val	100.2	high confidence set
A06	83	10893232	10893151	Ser	AGA	0	0	77.8	43.40	34.40	Inf	Ser	110.9	high confidence set
A06	84	8805736	8805665	Gln	TTG	0	0	64.9	45.00	19.90	Inf	Gln	98.1	high confidence set
A06	85	8415361	8415290	Trp	CCA	0	0	75.8	51.20	24.60	Inf	Trp	105.6	high confidence set
A06	86	8010087	8010004	Leu	CAA	0	0	79.5	54.50	25.00	Inf	Leu	126.8	high confidence set
A06	87	6761020	6760947	Val	AAC	0	0	72.5	48.10	24.40	Inf	Val	100.2	high confidence set
A06	89	6222103	6222031	Lys	CTT	0	0	87.7	67.60	20.10	Inf	Lys	106.7	high confidence set
A06	90	5935617	5935546	Trp	CCA	0	0	75.8	51.20	24.60	Inf	Trp	105.6	high confidence set
A06	91	5372473	5372401	Phe	GAA	0	0	78.3	58.40	19.90	Inf	Phe	113.2	high confidence set
A06	92	4313617	4313545	Arg	ACG	0	0	72.6	49.80	22.80	Inf	Arg	89.8	high confidence set
A06	93	4056326	4056255	Trp	CCA	0	0	75.8	51.20	24.60	Inf	Trp	105.6	high confidence set
A06	94	3866485	3866412	Arg	TCG	0	0	77.8	59.10	18.70	Inf	Arg	91.6	high confidence set
A06	95	3622614	3622543	Pro	AGG	0	0	67.4	34.70	32.70	Inf	Pro	112.3	high confidence set
A06	96	3516087	3516006	Ser	AGA	0	0	77.0	42.20	34.80	Inf	Ser	112.5	high confidence set
A06	97	3058794	3058722	Ala	TGC	0	0	70.0	45.30	24.70	Inf	Ala	100.6	high confidence set
A06	98	1704114	1704035	Leu	TAG	0	0	69.5	48.50	21.00	Inf	Leu	111.5	high confidence set
A06	99	1044618	1044545	Asn	GTT	0	0	77.7	52.80	24.90	Inf	Asn	97.1	high confidence set
A06	101	144433	144352	Ser	TGA	0	0	78.6	43.90	34.70	Inf	Ser	112.8	high confidence set
A07	1	278502	278575	Val	CAC	0	0	81.5	53.50	28.00	Inf	Val	103.7	high confidence set
A07	2	607018	607099	Ser	GCT	0	0	80.5	45.20	35.30	Inf	Ser	109.5	high confidence set
A07	4	1510455	1510528	Asn	GTT	0	0	81.4	54.70	26.70	Inf	Asn	91.8	high confidence set
A07	5	4401674	4401759	Met	CAT	4401712	4401723	69.0	45.70	23.30	Inf	Met	104.3	high confidence set
A07	6	5480761	5480834	Val	AAC	0	0	69.5	35.90	33.60	Inf	Val	96.0	high confidence set
A07	7	6278487	6278568	Ser	AGA	0	0	76.3	41.60	34.70	Inf	Ser	112.1	high confidence set
A07	9	7496845	7496918	Asn	GTT	0	0	83.3	58.10	25.20	Inf	Asn	93.9	high confidence set
A07	10	7510461	7510533	Ala	TGC	0	0	70.0	45.30	24.70	Inf	Ala	100.6	high confidence set
A07	11	7814177	7814250	Val	AAC	0	0	69.6	36.00	33.60	Inf	Val	98.8	high confidence set
A07	12	8855508	8855579	Gln	TTG	0	0	75.6	55.70	19.90	Inf	Gln	104.7	high confidence set
A07	13	9076722	9076793	Trp	CCA	0	0	75.8	51.20	24.60	Inf	Trp	105.6	high confidence set
A07	14	9246577	9246648	Glu	TTC	0	0	69.9	45.30	24.60	Inf	Glu	99.4	high confidence set
A07	15	10035600	10035671	Glu	TTC	0	0	69.7	42.80	26.90	Inf	Glu	99.4	high confidence set
A07	16	10152229	10152302	Asn	GTT	0	0	83.6	58.80	24.80	Inf	Asn	96.8	high confidence set
A07	17	11252712	11252783	Cys	GCA	0	0	80.5	53.40	27.10	Inf	Cys	101.8	high confidence set
A07	18	11616611	11616682	Lys	TTT	0	0	83.0	70.00	13.00	Inf	Lys	83.3	high confidence set
A07	20	12561961	12562042	Ser	GCT	0	0	80.5	45.20	35.30	Inf	Ser	109.5	high confidence set
A07	21	12613172	12613242	Gly	GCC	0	0	66.5	44.80	21.70	Inf	Gly	94.4	high confidence set
A07	22	13002384	13002457	Val	AAC	0	0	72.5	48.10	24.40	Inf	Val	100.2	high confidence set
A07	23	13175377	13175457	Leu	AAG	0	0	71.4	51.10	20.30	Inf	Leu	108.5	high confidence set
A07	24	13282559	13282631	Glu	CTC	0	0	76.3	50.40	25.90	Inf	Glu	91.1	high confidence set
A07	25	13345155	13345225	Gly	GCC	0	0	66.5	44.80	21.70	Inf	Gly	94.4	high confidence set
A07	26	13361659	13361731	Ala	CGC	0	0	67.5	42.90	24.60	Inf	Ala	99.2	high confidence set
A07	27	13474300	13474372	Ala	TGC	0	0	66.6	41.40	25.20	Inf	Ala	98.8	high confidence set
A07	28	13525250	13525320	Gly	CCC	0	0	65.4	28.10	37.30	Inf	Gly	85.4	high confidence set
A07	29	13546815	13546887	Arg	ACG	0	0	72.6	49.80	22.80	Inf	Arg	89.8	high confidence set
A07	30	13823739	13823820	Ser	AGA	0	0	66.5	34.10	32.40	Inf	Ser	103.2	high confidence set
A07	31	14241613	14241697	Met	CAT	14241651	14241661	64.2	40.80	23.40	Inf	Met	104.0	high confidence set
A07	32	14430347	14430418	Gln	TTG	0	0	65.6	45.70	19.90	Inf	Gln	97.8	high confidence set
A07	33	14500361	14500432	Gln	TTG	0	0	73.5	53.70	19.80	Inf	Gln	104.8	high confidence set
A07	34	14764613	14764684	Glu	TTC	0	0	61.1	38.70	22.40	Inf	Glu	90.6	high confidence set
A07	35	14834356	14834428	Glu	CTC	0	0	72.4	49.10	23.30	Inf	Glu	79.2	high confidence set
A07	36	15259182	15259262	Leu	AAG	0	0	64.2	50.80	13.40	Inf	Leu	99.0	high confidence set
A07	37	16020092	16020163	Pro	AGG	0	0	68.2	35.90	32.30	Inf	Pro	113.9	high confidence set
A07	38	18069635	18069706	Pro	AGG	0	0	50.2	21.40	28.80	Inf	Pro	95.0	high confidence set
A07	41	18232099	18232172	Ile	AAT	0	0	83.0	54.40	28.60	Inf	Ile	104.3	high confidence set
A07	42	18292945	18293018	Asn	GTT	0	0	83.3	58.10	25.20	Inf	Asn	93.9	high confidence set
A07	43	19302824	19302894	Gly	GCC	0	0	61.0	39.20	21.80	Inf	Gly	90.0	high confidence set
A07	44	19747713	19747794	Ser	AGA	0	0	77.0	42.20	34.80	Inf	Ser	112.5	high confidence set
A07	45	20072987	20073058	Asp	GTC	0	0	69.8	46.80	23.00	Inf	Asp	94.5	high confidence set
A07	46	20079688	20079759	Asp	GTC	0	0	59.8	44.80	15.00	Inf	Asp	86.5	high confidence set
A07	47	20434110	20434181	Asp	GTC	0	0	69.8	46.80	23.00	Inf	Asp	94.5	high confidence set
A07	48	20663511	20663583	Glu	CTC	0	0	76.3	50.40	25.90	Inf	Glu	91.1	high confidence set
A07	49	20692795	20692866	Thr	CGT	0	0	82.3	55.00	27.30	Inf	Thr	83.7	high confidence set
A07	50	20810898	20810969	Asp	GTC	0	0	69.8	46.80	23.00	Inf	Asp	94.5	high confidence set
A07	51	20989184	20989265	Ser	TGA	0	0	79.2	43.90	35.30	Inf	Ser	118.5	high confidence set
A07	52	22175438	22175510	Arg	CCG	0	0	66.6	49.40	17.20	Inf	Arg	84.5	high confidence set
A07	53	22203419	22203490	Lys	TTT	0	0	83.8	71.00	12.80	Inf	Lys	83.9	high confidence set
A07	54	22485483	22485402	Ser	AGA	0	0	60.4	31.80	28.60	Inf	Ser	90.5	high confidence set
A07	56	21508591	21508521	Gly	CCC	0	0	65.4	28.10	37.30	Inf	Gly	85.4	high confidence set
A07	57	21471400	21471329	Gln	TTG	0	0	76.4	56.50	19.90	Inf	Gln	109.1	high confidence set
A07	58	21314407	21314336	Gln	TTG	0	0	64.7	52.40	12.30	Inf	Gln	96.5	high confidence set
A07	59	20801324	20801253	Glu	TTC	0	0	66.1	46.30	19.80	Inf	Glu	95.5	high confidence set
A07	60	20625280	20625208	Glu	CTC	0	0	67.1	41.10	26.00	Inf	Glu	82.8	high confidence set
A07	61	20293676	20293596	Leu	AAG	0	0	71.4	51.10	20.30	Inf	Leu	108.5	high confidence set
A07	63	18694445	18694366	Leu	TAG	0	0	69.5	48.50	21.00	Inf	Leu	111.5	high confidence set
A07	64	18691043	18690964	Leu	TAG	0	0	69.5	48.50	21.00	Inf	Leu	111.5	high confidence set
A07	65	18679327	18679256	Pro	AGG	0	0	67.4	34.70	32.70	Inf	Pro	112.3	high confidence set
A07	66	17643919	17643849	Gly	GCC	0	0	66.5	44.80	21.70	Inf	Gly	94.4	high confidence set
A07	69	16262153	16262080	Ile	AAT	0	0	83.0	54.40	28.60	Inf	Ile	104.3	high confidence set
A07	70	16244588	16244515	Asn	GTT	0	0	83.3	58.10	25.20	Inf	Asn	93.9	high confidence set
A07	71	15468781	15468700	Ser	AGA	0	0	77.0	42.20	34.80	Inf	Ser	112.5	high confidence set
A07	73	15222137	15222066	Asp	GTC	0	0	69.8	46.80	23.00	Inf	Asp	94.5	high confidence set
A07	74	14813527	14813456	Thr	CGT	0	0	82.3	55.00	27.30	Inf	Thr	83.7	high confidence set
A07	75	14762825	14762754	Asp	GTC	0	0	69.8	46.80	23.00	Inf	Asp	94.5	high confidence set
A07	76	14722825	14722744	Ser	TGA	0	0	71.6	36.60	35.00	Inf	Ser	111.7	high confidence set
A07	77	14091698	14091626	Arg	CCG	0	0	69.5	52.30	17.20	Inf	Arg	96.0	high confidence set
A07	78	14072965	14072894	Lys	TTT	0	0	83.0	70.00	13.00	Inf	Lys	83.3	high confidence set
A07	79	13701792	13701719	Arg	TCG	0	0	82.3	61.00	21.30	Inf	Arg	91.9	high confidence set
A07	80	13480008	13479936	Phe	GAA	0	0	78.3	58.40	19.90	Inf	Phe	113.2	high confidence set
A07	81	13024173	13024092	Ser	GCT	0	0	80.5	45.20	35.30	Inf	Ser	109.5	high confidence set
A07	82	13002584	13002513	Asp	GTC	0	0	61.8	38.90	22.90	Inf	Asp	87.5	high confidence set
A07	84	10130545	10130472	Ile	AAT	0	0	85.5	59.00	26.50	Inf	Ile	109.4	high confidence set
A07	85	9350075	9350003	Glu	CTC	0	0	76.3	50.40	25.90	Inf	Glu	91.1	high confidence set
A07	86	9231898	9231826	Lys	CTT	0	0	84.2	64.00	20.20	Inf	Lys	99.4	high confidence set
A07	87	9176499	9176428	Pro	TGG	0	0	69.2	36.90	32.30	Inf	Pro	112.8	high confidence set
A07	88	7374518	7374436	Leu	TAA	0	0	72.9	35.60	37.30	Inf	Leu	100.3	high confidence set
A07	89	6478968	6478897	Pro	TGG	0	0	63.4	30.70	32.70	Inf	Pro	101.8	high confidence set
A07	90	6478378	6478307	Pro	TGG	0	0	58.9	33.90	25.00	Inf	Pro	102.8	high confidence set
A07	91	6477754	6477683	Pro	TGG	0	0	68.5	35.70	32.80	Inf	Pro	111.2	high confidence set
A07	92	6476809	6476738	Pro	TGG	0	0	62.9	30.20	32.70	Inf	Pro	105.1	high confidence set
A07	93	6476203	6476132	Pro	TGG	0	0	68.5	35.70	32.80	Inf	Pro	111.2	high confidence set
A07	99	6472684	6472613	Pro	TGG	0	0	68.5	35.70	32.80	Inf	Pro	111.2	high confidence set
A07	100	6471142	6471071	Pro	TGG	0	0	68.5	35.70	32.80	Inf	Pro	111.2	high confidence set
A07	101	6470535	6470464	Pro	TGG	0	0	68.5	35.70	32.80	Inf	Pro	111.2	high confidence set
A07	102	6469940	6469869	Pro	TGG	0	0	61.2	34.20	27.00	Inf	Pro	101.6	high confidence set
A07	103	6469337	6469266	Pro	TGG	0	0	60.1	36.60	23.50	Inf	Pro	95.9	high confidence set
A07	104	5640387	5640315	Glu	CTC	0	0	77.0	51.50	25.50	Inf	Glu	91.5	high confidence set
A07	105	900130	900059	Lys	TTT	0	0	77.5	64.60	12.90	Inf	Lys	70.5	high confidence set
A08	1	942628	942699	Cys	GCA	0	0	73.3	52.50	20.80	Inf	Cys	95.4	high confidence set
A08	2	1509916	1509989	Asn	GTT	0	0	83.3	58.10	25.20	Inf	Asn	93.9	high confidence set
A08	4	1617606	1617679	Arg	TCG	0	0	81.9	60.40	21.50	Inf	Arg	92.9	high confidence set
A08	5	2464383	2464455	Arg	CCT	0	0	66.0	50.00	16.00	Inf	Thr	70.1	IPD:-2.70,isotype mismatch
A08	6	3679807	3679878	Lys	TTT	0	0	74.1	63.30	10.80	Inf	Lys	75.3	high confidence set
A08	8	6817926	6817998	Lys	CTT	0	0	87.7	67.60	20.10	Inf	Lys	106.7	high confidence set
A08	9	8909955	8910026	iMet	CAT	0	0	50.7	20.90	29.80	Inf	iMet	112.5	high confidence set
A08	10	9482023	9482106	Leu	CAA	0	0	78.9	53.70	25.20	Inf	Leu	117.6	high confidence set
A08	11	10702163	10702235	Glu	CTC	0	0	76.3	50.40	25.90	Inf	Glu	91.1	high confidence set
A08	12	10807644	10807716	Phe	GAA	0	0	68.7	48.80	19.90	Inf	Phe	97.3	high confidence set
A08	13	11276742	11276815	Val	CAC	0	0	81.5	53.50	28.00	Inf	Val	103.7	high confidence set
A08	15	14282083	14282155	Ala	CGC	0	0	63.6	44.60	19.00	Inf	Ala	94.0	high confidence set
A08	16	14284735	14284806	Gln	CTG	0	0	71.1	46.00	25.10	Inf	Gln	100.8	high confidence set
A08	17	14512239	14512312	Ile	AAT	0	0	83.0	54.40	28.60	Inf	Ile	104.3	high confidence set
A08	18	14528753	14528824	Pro	TGG	0	0	69.2	36.90	32.30	Inf	Pro	112.8	high confidence set
A08	19	14597931	14598014	Leu	CAA	0	0	76.7	54.50	22.20	Inf	Leu	123.1	high confidence set
A08	20	14663589	14663661	Lys	CTT	0	0	82.1	65.70	16.40	Inf	Lys	100.4	high confidence set
A08	21	15049085	15049168	Leu	CAA	0	0	78.5	55.10	23.40	Inf	Leu	119.0	high confidence set
A08	23	15320677	15320748	Glu	TTC	0	0	70.8	46.30	24.50	Inf	Glu	99.2	high confidence set
A08	24	15324460	15324533	Asn	GTT	0	0	83.3	58.10	25.20	Inf	Asn	93.9	high confidence set
A08	25	16034005	16034088	Tyr	GTA	16034042	16034052	67.5	44.30	23.20	Inf	Tyr	100.0	high confidence set
A08	26	17648924	17648997	Asn	GTT	0	0	83.3	58.10	25.20	Inf	Asn	93.9	high confidence set
A08	27	17651459	17651531	Ala	TGC	0	0	70.0	45.30	24.70	Inf	Ala	100.6	high confidence set
A08	28	17889181	17889254	Val	AAC	0	0	72.5	48.10	24.40	Inf	Val	100.2	high confidence set
A08	29	18167613	18167697	Met	CAT	18167651	18167661	64.2	40.80	23.40	Inf	Met	104.0	high confidence set
A08	30	18393881	18393952	Gln	TTG	0	0	76.4	56.50	19.90	Inf	Gln	109.1	high confidence set
A08	31	18529982	18530053	Trp	CCA	0	0	61.1	49.60	11.50	Inf	Trp	85.1	high confidence set
A08	32	18644131	18644202	Glu	TTC	0	0	69.9	45.30	24.60	Inf	Glu	99.4	high confidence set
A08	33	18659790	18659873	Leu	CAA	0	0	79.5	54.50	25.00	Inf	Leu	126.8	high confidence set
A08	34	19199407	19199480	Val	AAC	0	0	70.6	36.90	33.70	Inf	Val	98.8	high confidence set
A08	35	19381893	19381965	Arg	CCG	0	0	69.7	54.70	15.00	Inf	Arg	97.7	high confidence set
A08	36	19403545	19403617	Lys	CTT	0	0	87.7	67.60	20.10	Inf	Lys	106.7	high confidence set
A08	37	19459603	19459674	Trp	CCA	0	0	75.8	51.20	24.60	Inf	Trp	105.6	high confidence set
A08	38	19744087	19744160	Ile	AAT	0	0	85.5	59.00	26.50	Inf	Ile	109.4	high confidence set
A08	39	19866459	19866530	Gly	TCC	0	0	74.1	46.70	27.40	Inf	Gly	84.2	high confidence set
A08	40	19879825	19879898	Val	AAC	0	0	72.5	48.10	24.40	Inf	Val	100.2	high confidence set
A08	41	20877453	20877523	Gly	GCC	0	0	66.5	44.80	21.70	Inf	Gly	94.4	high confidence set
A08	42	20907828	20907898	Gly	GCC	0	0	66.5	44.80	21.70	Inf	Gly	94.4	high confidence set
A08	43	20910575	20910647	Arg	CCT	0	0	74.8	55.90	18.90	Inf	Arg	84.6	high confidence set
A08	44	21535962	21535891	His	GTG	0	0	53.7	29.40	24.30	Inf	His	80.4	high confidence set
A08	45	21520825	21520753	Lys	CTT	0	0	87.7	67.60	20.10	Inf	Lys	106.7	high confidence set
A08	46	21431634	21431563	Gln	CTG	0	0	72.2	48.10	24.10	Inf	Gln	101.2	high confidence set
A08	47	21293199	21293129	Gly	GCC	0	0	66.5	44.80	21.70	Inf	Gly	94.4	high confidence set
A08	48	21201386	21201302	Met	CAT	21201348	21201338	56.1	40.10	16.00	Inf	Met	93.2	high confidence set
A08	49	21003488	21003417	Thr	TGT	0	0	83.0	58.30	24.70	Inf	Thr	92.4	high confidence set
A08	50	20920171	20920099	Ala	AGC	0	0	63.4	38.20	25.20	Inf	Ala	98.3	high confidence set
A08	51	20871624	20871551	Ile	TAT	0	0	83.1	70.50	12.60	Inf	Ile	99.1	high confidence set
A08	52	20761894	20761823	His	GTG	0	0	63.0	33.70	29.30	Inf	His	86.8	high confidence set
A08	54	20510786	20510715	Pro	AGG	0	0	67.4	34.70	32.70	Inf	Pro	112.3	high confidence set
A08	55	20479790	20479719	Glu	TTC	0	0	70.4	45.60	24.80	Inf	Glu	99.0	high confidence set
A08	56	20289205	20289122	Tyr	GTA	20289168	20289158	74.3	42.60	31.70	Inf	Tyr	108.6	high confidence set
A08	57	20191527	20191448	Leu	TAG	0	0	70.9	50.70	20.20	Inf	Leu	109.5	high confidence set
A08	58	19681263	19681192	Ser	CGA	0	0	82.3	55.00	27.30	Inf	Thr	83.7	IPD:-60.70,isotype mismatch
A08	59	19677243	19677171	Ala	TGC	0	0	66.5	41.80	24.70	Inf	Ala	96.3	high confidence set
A08	60	19449960	19449879	Ser	AGA	0	0	77.0	42.20	34.80	Inf	Ser	112.5	high confidence set
A08	61	19208915	19208834	Ser	AGA	0	0	77.8	43.40	34.40	Inf	Ser	110.9	high confidence set
A08	62	19199611	19199540	Asp	GTC	0	0	69.8	46.80	23.00	Inf	Asp	94.5	high confidence set
A08	63	19055393	19055322	Asp	GTC	0	0	69.8	46.80	23.00	Inf	Asp	94.5	high confidence set
A08	64	18681787	18681715	Glu	CTC	0	0	76.3	50.40	25.90	Inf	Glu	91.1	high confidence set
A08	65	18634596	18634525	Asp	GTC	0	0	69.8	46.80	23.00	Inf	Asp	94.5	high confidence set
A08	66	18631558	18631486	Lys	CTT	0	0	87.7	67.60	20.10	Inf	Lys	106.7	high confidence set
A08	67	17549887	17549805	Leu	TAA	0	0	72.9	35.60	37.30	Inf	Leu	100.3	high confidence set
A08	68	17148076	17148005	Gln	TTG	0	0	73.5	53.70	19.80	Inf	Gln	104.8	high confidence set
A08	69	16810059	16809988	Pro	TGG	0	0	68.5	35.70	32.80	Inf	Pro	111.2	high confidence set
A08	70	16809423	16809352	Pro	TGG	0	0	68.5	35.70	32.80	Inf	Pro	111.2	high confidence set
A08	71	16808975	16808904	Pro	AGG	0	0	67.4	34.70	32.70	Inf	Pro	112.3	high confidence set
A08	72	16808543	16808472	Pro	TGG	0	0	68.5	35.70	32.80	Inf	Pro	111.2	high confidence set
A08	73	16807135	16807064	Pro	TGG	0	0	68.5	35.70	32.80	Inf	Pro	111.2	high confidence set
A08	74	16806917	16806846	Pro	TGG	0	0	68.5	35.70	32.80	Inf	Pro	111.2	high confidence set
A08	75	16806477	16806406	Pro	TGG	0	0	68.5	35.70	32.80	Inf	Pro	111.2	high confidence set
A08	76	16804838	16804767	Pro	TGG	0	0	68.5	35.70	32.80	Inf	Pro	111.2	high confidence set
A08	77	16804619	16804548	Pro	TGG	0	0	68.5	35.70	32.80	Inf	Pro	111.2	high confidence set
A08	78	16804023	16803952	Pro	TGG	0	0	66.0	33.20	32.80	Inf	Pro	106.1	high confidence set
A08	80	16801380	16801309	Pro	TGG	0	0	68.5	35.70	32.80	Inf	Pro	111.2	high confidence set
A08	81	16800961	16800890	Pro	TGG	0	0	68.5	35.70	32.80	Inf	Pro	111.2	high confidence set
A08	82	16800414	16800343	Pro	TGG	0	0	68.5	35.70	32.80	Inf	Pro	111.2	high confidence set
A08	83	16797451	16797380	Pro	TGG	0	0	68.5	35.70	32.80	Inf	Pro	111.2	high confidence set
A08	84	16797126	16797055	Pro	AGG	0	0	67.4	34.70	32.70	Inf	Pro	112.3	high confidence set
A08	86	16404420	16404350	Gly	GCC	0	0	66.5	44.80	21.70	Inf	Gly	94.4	high confidence set
A08	87	16339245	16339173	Glu	CTC	0	0	71.9	46.30	25.60	Inf	Glu	85.4	high confidence set
A08	89	15903248	15903177	Trp	CCA	0	0	67.8	43.30	24.50	Inf	Trp	93.9	high confidence set
A08	90	15889110	15889037	Val	CAC	0	0	81.5	53.50	28.00	Inf	Val	103.7	high confidence set
A08	92	15220062	15219989	Ile	TAT	0	0	87.1	72.60	14.50	Inf	Ile	104.3	high confidence set
A08	93	14792774	14792693	Ser	GCT	0	0	79.9	45.00	34.90	Inf	Ser	109.4	high confidence set
A08	95	14486192	14486120	Ala	AGC	0	0	63.4	38.20	25.20	Inf	Ala	98.3	high confidence set
A08	96	14411309	14411238	iMet	CAT	0	0	58.3	28.10	30.20	Inf	iMet	118.7	high confidence set
A08	97	14380214	14380142	Phe	GAA	0	0	78.3	58.40	19.90	Inf	Phe	113.2	high confidence set
A08	98	14179557	14179487	Gly	GCC	0	0	66.5	44.80	21.70	Inf	Gly	94.4	high confidence set
A08	99	14022283	14022202	Ser	GCT	0	0	80.5	45.20	35.30	Inf	Ser	109.5	high confidence set
A08	100	13896699	13896628	Pro	TGG	0	0	69.2	36.90	32.30	Inf	Pro	112.8	high confidence set
A08	102	13472960	13472888	Arg	TCT	0	0	70.7	50.70	20.00	Inf	Arg	91.3	high confidence set
A08	103	13176265	13176193	Arg	TCT	0	0	65.0	49.80	15.20	Inf	Arg	79.2	high confidence set
A08	104	12940610	12940526	Tyr	GTA	12940573	12940562	64.2	42.60	21.60	Inf	Tyr	84.6	high confidence set
A08	105	12596605	12596533	Arg	TCT	0	0	60.4	46.20	14.20	Inf	Arg	89.7	high confidence set
A08	106	12314969	12314897	Glu	CTC	0	0	76.3	50.40	25.90	Inf	Glu	91.1	high confidence set
A08	108	11673574	11673489	Tyr	GTA	11673537	11673525	74.2	42.50	31.70	Inf	Tyr	108.6	high confidence set
A08	109	11111676	11111603	Thr	AGT	0	0	73.6	45.20	28.40	Inf	Thr	88.6	high confidence set
A08	110	10726729	10726658	Gly	TCC	0	0	74.1	46.70	27.40	Inf	Gly	84.2	high confidence set
A08	111	10401714	10401643	Cys	GCA	0	0	81.7	56.10	25.60	Inf	Cys	104.3	high confidence set
A08	112	10130674	10130594	Leu	CAG	0	0	72.4	51.00	21.40	Inf	Leu	105.7	high confidence set
A08	116	2685601	2685517	Tyr	GTA	2685564	2685553	74.2	42.50	31.70	Inf	Tyr	108.6	high confidence set
A08	117	2452648	2452578	Gly	GCC	0	0	66.5	44.80	21.70	Inf	Gly	94.4	high confidence set
A08	118	2327656	2327577	Leu	TAG	0	0	64.9	47.00	17.90	Inf	Leu	108.8	high confidence set
A08	119	2320677	2320598	Gln	CTG	0	0	61.0	46.40	14.60	Inf	Leu	102.9	IPD:-80.90,isotype mismatch
A08	121	1038781	1038708	Ile	TAT	0	0	85.9	70.60	15.30	Inf	Ile	103.9	high confidence set
A08	122	1034591	1034518	Ile	TAT	0	0	85.9	70.60	15.30	Inf	Ile	103.9	high confidence set
A08	123	210803	210722	Ser	TGA	0	0	80.7	46.10	34.60	Inf	Ser	119.7	high confidence set
A09	1	464226	464298	Phe	GAA	0	0	78.3	58.40	19.90	Inf	Phe	113.2	high confidence set
A09	2	1248055	1248126	Pro	AGG	0	0	68.2	35.90	32.30	Inf	Pro	113.9	high confidence set
A09	3	1250170	1250241	Asp	GTC	0	0	69.8	46.80	23.00	Inf	Asp	94.5	high confidence set
A09	4	1404442	1404514	Ala	AGC	0	0	63.4	38.20	25.20	Inf	Ala	98.3	high confidence set
A09	5	2030733	2030804	Glu	TTC	0	0	69.9	45.30	24.60	Inf	Glu	99.4	high confidence set
A09	6	2140027	2140098	Pro	AGG	0	0	68.2	35.90	32.30	Inf	Pro	113.9	high confidence set
A09	7	2236828	2236900	Lys	CTT	0	0	84.1	65.80	18.30	Inf	Lys	103.0	high confidence set
A09	8	2353711	2353782	Lys	TTT	0	0	83.8	71.00	12.80	Inf	Lys	83.9	high confidence set
A09	9	3298972	3299043	Thr	TGT	0	0	75.1	56.90	18.20	Inf	Thr	84.2	high confidence set
A09	10	3507017	3507088	Lys	TTT	0	0	83.8	71.00	12.80	Inf	Lys	83.9	high confidence set
A09	11	3513267	3513340	Val	AAC	0	0	72.5	48.10	24.40	Inf	Val	100.2	high confidence set
A09	12	3636477	3636557	Leu	AAG	0	0	71.4	51.10	20.30	Inf	Leu	108.5	high confidence set
A09	13	3750727	3750799	Arg	CCT	0	0	72.3	51.10	21.20	Inf	Arg	81.9	high confidence set
A09	14	4181276	4181349	Ile	AAT	0	0	85.5	59.00	26.50	Inf	Ile	109.4	high confidence set
A09	15	4429024	4429095	Gln	CTG	0	0	53.4	43.40	10.00	Inf	Gln	83.9	high confidence set
A09	16	4766819	4766892	Ile	AAT	0	0	83.0	54.40	28.60	Inf	Ile	104.3	high confidence set
A09	17	4895534	4895607	Asn	GTT	0	0	81.4	54.70	26.70	Inf	Asn	91.8	high confidence set
A09	19	5156545	5156617	Arg	ACG	0	0	72.9	50.30	22.60	Inf	Arg	88.9	high confidence set
A09	20	5179641	5179714	Ile	AAT	0	0	83.2	54.90	28.30	Inf	Ile	107.2	high confidence set
A09	21	5422523	5422594	Lys	TTT	0	0	83.0	70.00	13.00	Inf	Lys	83.3	high confidence set
A09	22	6462006	6462089	Leu	CAA	0	0	76.7	54.50	22.20	Inf	Leu	123.1	high confidence set
A09	23	6583823	6583895	Ala	CGC	0	0	68.3	44.10	24.20	Inf	Ala	99.2	high confidence set
A09	24	8218582	8218653	Trp	CCA	0	0	75.8	51.20	24.60	Inf	Trp	105.6	high confidence set
A09	25	9066659	9066730	Pro	AGG	0	0	63.5	36.30	27.20	Inf	Pro	109.5	high confidence set
A09	26	9245302	9245383	Ser	AGA	0	0	77.0	42.20	34.80	Inf	Ser	112.5	high confidence set
A09	27	9833131	9833212	Ser	AGA	0	0	57.5	28.70	28.80	Inf	Ser	90.0	high confidence set
A09	30	9837525	9837609	Tyr	GTA	9837562	9837573	72.2	39.00	33.20	Inf	Tyr	110.0	high confidence set
A09	31	9838332	9838416	Tyr	GTA	9838369	9838380	72.2	38.90	33.30	Inf	Tyr	110.0	high confidence set
A09	33	9840077	9840161	Tyr	GTA	9840114	9840125	72.2	38.90	33.30	Inf	Tyr	110.0	high confidence set
A09	34	9840808	9840889	Ser	AGA	0	0	77.0	42.20	34.80	Inf	Ser	112.5	high confidence set
A09	36	9899619	9899692	Ile	TAT	0	0	85.9	70.60	15.30	Inf	Ile	103.9	high confidence set
A09	37	13824543	13824615	Ala	AGC	0	0	63.4	38.20	25.20	Inf	Ala	98.3	high confidence set
A09	38	14817285	14817356	Thr	CGT	0	0	75.1	57.00	18.10	Inf	Thr	83.5	high confidence set
A09	39	14845448	14845520	Ala	TGC	0	0	58.8	38.70	20.10	Inf	Ala	85.2	high confidence set
A09	40	15048085	15048157	Ala	AGC	0	0	63.4	38.20	25.20	Inf	Ala	98.3	high confidence set
A09	41	17976167	17976240	Asn	GTT	0	0	74.4	57.10	17.30	Inf	Asn	89.9	high confidence set
A09	42	17979636	17979708	Ala	TGC	0	0	66.5	41.80	24.70	Inf	Ala	96.3	high confidence set
A09	44	23376737	23376810	Asn	GTT	0	0	83.3	58.10	25.20	Inf	Asn	93.9	high confidence set
A09	46	23908368	23908441	Val	AAC	0	0	72.4	48.10	24.30	Inf	Val	94.5	high confidence set
A09	47	24856188	24856259	Gly	TCC	0	0	74.1	46.70	27.40	Inf	Gly	84.2	high confidence set
A09	48	24857302	24857375	Val	AAC	0	0	70.5	47.00	23.50	Inf	Val	100.4	high confidence set
A09	49	24865000	24865071	Gly	TCC	0	0	74.1	46.70	27.40	Inf	Gly	84.2	high confidence set
A09	50	24866114	24866187	Val	AAC	0	0	70.5	47.00	23.50	Inf	Val	100.4	high confidence set
A09	51	25372863	25372935	Val	TAC	0	0	74.4	44.00	30.40	Inf	Val	103.3	high confidence set
A09	52	25406669	25406742	Asn	GTT	0	0	83.3	58.10	25.20	Inf	Asn	93.9	high confidence set
A09	53	25592131	25592204	Val	AAC	0	0	72.5	48.10	24.40	Inf	Val	100.2	high confidence set
A09	54	26313938	26314017	Leu	TAG	0	0	71.0	48.60	22.40	Inf	Leu	111.9	high confidence set
A09	55	26802076	26802157	Ser	GCT	0	0	79.9	45.00	34.90	Inf	Ser	109.4	high confidence set
A09	57	26887503	26887574	Lys	TTT	0	0	83.8	71.00	12.80	Inf	Lys	83.9	high confidence set
A09	58	26957933	26958003	Gly	GCC	0	0	61.0	39.20	21.80	Inf	Gly	90.0	high confidence set
A09	59	27874748	27874819	iMet	CAT	0	0	58.3	28.10	30.20	Inf	iMet	118.7	high confidence set
A09	60	28799276	28799348	Val	TAC	0	0	74.4	44.00	30.40	Inf	Val	103.3	high confidence set
A09	61	28887809	28887890	Ser	GCT	0	0	80.5	45.20	35.30	Inf	Ser	109.5	high confidence set
A09	62	28926463	28926533	Gly	GCC	0	0	63.2	44.50	18.70	Inf	Gly	90.3	high confidence set
A09	63	29116145	29116218	Ile	AAT	0	0	83.0	54.40	28.60	Inf	Ile	104.3	high confidence set
A09	64	29484788	29484861	Val	AAC	0	0	72.5	48.10	24.40	Inf	Val	100.2	high confidence set
A09	65	29849735	29849815	Leu	AAG	0	0	71.4	51.10	20.30	Inf	Leu	108.5	high confidence set
A09	66	30043089	30043161	Glu	CTC	0	0	76.3	50.40	25.90	Inf	Glu	95.5	high confidence set
A09	67	30121512	30121582	Gly	GCC	0	0	58.2	42.80	15.40	Inf	Gly	87.9	high confidence set
A09	68	30144771	30144843	Ala	CGC	0	0	67.5	42.90	24.60	Inf	Ala	99.2	high confidence set
A09	69	30335865	30335937	Ala	TGC	0	0	66.6	41.40	25.20	Inf	Ala	98.8	high confidence set
A09	70	30452470	30452540	Gly	CCC	0	0	65.4	28.10	37.30	Inf	Gly	85.4	high confidence set
A09	71	30460222	30460292	Gly	CCC	0	0	65.4	28.10	37.30	Inf	Gly	85.4	high confidence set
A09	73	31987181	31987252	Gln	CTG	0	0	62.0	37.00	25.00	Inf	Gln	90.6	high confidence set
A09	74	31997915	31997995	Leu	AAG	0	0	71.4	51.10	20.30	Inf	Leu	108.5	high confidence set
A09	75	32033223	32033306	Tyr	GTA	32033260	32033270	74.3	42.60	31.70	Inf	Tyr	108.6	high confidence set
A09	76	33006841	33006914	Val	AAC	0	0	65.4	48.10	17.30	Inf	Val	98.4	high confidence set
A09	78	33397737	33397809	Arg	CCG	0	0	70.0	54.50	15.50	Inf	Arg	93.4	high confidence set
A09	79	33441717	33441789	Lys	CTT	0	0	87.7	67.60	20.10	Inf	Lys	106.7	high confidence set
A09	80	33598859	33598930	Trp	CCA	0	0	68.6	53.50	15.10	Inf	Trp	94.2	high confidence set
A09	81	34510637	34510708	Gly	TCC	0	0	74.1	46.70	27.40	Inf	Gly	84.2	high confidence set
A09	82	34531478	34531551	Val	AAC	0	0	72.5	48.10	24.40	Inf	Val	100.2	high confidence set
A09	83	34799504	34799575	Trp	CCA	0	0	66.1	43.60	22.50	Inf	Trp	97.3	high confidence set
A09	86	35157134	35157215	Ser	AGA	0	0	77.0	42.20	34.80	Inf	Ser	112.5	high confidence set
A09	87	35411681	35411753	Ala	TGC	0	0	61.2	35.30	25.90	Inf	Ala	92.5	high confidence set
A09	88	35915134	35915204	Gly	GCC	0	0	66.5	44.80	21.70	Inf	Gly	94.4	high confidence set
A09	89	35991157	35991229	Ala	AGC	0	0	58.8	33.50	25.30	Inf	Ala	92.2	high confidence set
A09	90	36185261	36185334	Asn	GTT	0	0	73.8	50.90	22.90	Inf	Asn	81.3	high confidence set
A09	91	36500226	36500297	Asp	GTC	0	0	69.8	46.80	23.00	Inf	Asp	94.5	high confidence set
A09	92	37032728	37032797	Val	TAC	0	0	59.8	34.80	25.00	Inf	Val	89.7	trunc_start:3,high confidence set
A09	93	36929385	36929314	Gln	CTG	0	0	59.4	45.00	14.40	Inf	Gln	87.3	high confidence set
A09	94	36737744	36737672	Lys	CTT	0	0	87.7	67.60	20.10	Inf	Lys	106.7	high confidence set
A09	95	36569347	36569276	Asp	GTC	0	0	69.8	46.80	23.00	Inf	Asp	94.5	high confidence set
A09	96	36566283	36566212	Gln	CTG	0	0	66.4	39.70	26.70	Inf	Gln	88.4	high confidence set
A09	97	36385733	36385662	Gly	TCC	0	0	74.1	46.70	27.40	Inf	Gly	84.2	high confidence set
A09	98	36097135	36097064	Thr	TGT	0	0	75.2	56.30	18.90	Inf	Thr	81.7	high confidence set
A09	99	35961408	35961336	Ala	AGC	0	0	63.4	38.20	25.20	Inf	Ala	98.3	high confidence set
A09	100	35869863	35869790	Ile	TAT	0	0	85.9	70.60	15.30	Inf	Ile	103.9	high confidence set
A09	101	35675853	35675782	His	GTG	0	0	63.0	33.70	29.30	Inf	His	86.8	high confidence set
A09	103	35562254	35562183	Gly	TCC	0	0	74.1	46.70	27.40	Inf	Gly	84.2	high confidence set
A09	104	35390119	35390048	Pro	AGG	0	0	67.4	34.70	32.70	Inf	Pro	112.3	high confidence set
A09	105	35359816	35359745	Glu	TTC	0	0	69.9	45.30	24.60	Inf	Glu	99.4	high confidence set
A09	106	35000153	35000080	Arg	TCG	0	0	81.9	60.40	21.50	Inf	Arg	92.9	high confidence set
A09	107	34420251	34420179	Arg	ACG	0	0	72.9	50.30	22.60	Inf	Arg	88.9	high confidence set
A09	108	34155928	34155857	Thr	CGT	0	0	82.3	55.00	27.30	Inf	Thr	83.7	high confidence set
A09	109	34089654	34089582	Ala	TGC	0	0	70.0	45.30	24.70	Inf	Ala	100.6	high confidence set
A09	111	34084622	34084550	Ala	TGC	0	0	70.0	45.30	24.70	Inf	Ala	100.6	high confidence set
A09	112	33555943	33555862	Ser	AGA	0	0	77.0	42.20	34.80	Inf	Ser	112.5	high confidence set
A09	113	33470704	33470625	Leu	CAG	0	0	71.0	50.10	20.90	Inf	Leu	115.2	high confidence set
A09	114	33017658	33017585	Val	AAC	0	0	72.5	48.10	24.40	Inf	Val	100.2	high confidence set
A09	116	32871519	32871448	Asp	GTC	0	0	59.6	45.00	14.60	Inf	Asp	85.1	high confidence set
A09	117	32126468	32126397	Pro	CGG	0	0	68.2	35.30	32.90	Inf	Pro	113.0	high confidence set
A09	118	31970607	31970536	His	GTG	0	0	63.0	33.70	29.30	Inf	His	86.8	high confidence set
A09	119	31950301	31950229	Ala	TGC	0	0	66.6	41.40	25.20	Inf	Ala	98.8	high confidence set
A09	120	31894785	31894712	Val	CAC	0	0	81.5	53.50	28.00	Inf	Val	103.7	high confidence set
A09	122	31267912	31267840	Arg	ACG	0	0	72.5	49.90	22.60	Inf	Arg	90.9	high confidence set
A09	123	30553888	30553816	Ala	TGC	0	0	64.5	39.80	24.70	Inf	Ala	94.8	high confidence set
A09	125	29813318	29813246	Lys	CTT	0	0	87.7	67.60	20.10	Inf	Lys	106.7	high confidence set
A09	126	29484983	29484912	Asp	GTC	0	0	69.8	46.80	23.00	Inf	Asp	94.5	high confidence set
A09	127	27157872	27157800	Glu	CTC	0	0	77.0	51.50	25.50	Inf	Glu	91.5	high confidence set
A09	128	26541436	26541354	Leu	TAA	0	0	72.9	35.60	37.30	Inf	Leu	100.3	high confidence set
A09	129	25592323	25592252	Asp	GTC	0	0	69.8	46.80	23.00	Inf	Asp	94.5	high confidence set
A09	130	25525255	25525183	Glu	CTC	0	0	67.7	42.30	25.40	Inf	Glu	78.7	high confidence set
A09	132	23248857	23248775	Leu	TAA	0	0	72.9	35.60	37.30	Inf	Leu	100.3	high confidence set
A09	133	22003462	22003392	Gly	GCC	0	0	66.5	44.80	21.70	Inf	Gly	94.4	high confidence set
A09	137	18177099	18177026	Val	AAC	0	0	70.6	36.90	33.70	Inf	Val	98.8	high confidence set
A09	138	18070141	18070069	Lys	CTT	0	0	87.7	67.60	20.10	Inf	Lys	106.7	high confidence set
A09	139	16854763	16854691	Phe	GAA	0	0	75.9	55.90	20.00	Inf	Phe	108.5	high confidence set
A09	141	16527630	16527551	Leu	TAG	0	0	69.5	48.50	21.00	Inf	Leu	111.5	high confidence set
A09	142	16178275	16178204	Cys	GCA	0	0	73.5	47.80	25.70	Inf	Cys	96.9	high confidence set
A09	143	15621133	15621060	Asn	GTT	0	0	83.3	58.10	25.20	Inf	Asn	93.9	high confidence set
A09	144	15100620	15100548	Ala	AGC	0	0	63.4	38.20	25.20	Inf	Ala	98.3	high confidence set
A09	145	14636937	14636865	Val	TAC	0	0	74.4	44.00	30.40	Inf	Val	103.3	high confidence set
A09	146	13314528	13314455	Thr	AGT	0	0	73.6	45.20	28.40	Inf	Thr	88.6	high confidence set
A09	148	11775534	11775463	Pro	TGG	0	0	70.4	37.60	32.80	Inf	Pro	107.0	high confidence set
A09	150	11772265	11772194	Pro	TGG	0	0	67.4	34.70	32.70	Inf	Pro	112.3	high confidence set
A09	152	11770729	11770658	Pro	TGG	0	0	68.5	35.70	32.80	Inf	Pro	111.2	high confidence set
A09	153	11770320	11770249	Pro	TGG	0	0	68.5	35.70	32.80	Inf	Pro	111.2	high confidence set
A09	155	8594811	8594741	Gly	GCC	0	0	66.5	44.80	21.70	Inf	Gly	94.4	high confidence set
A09	156	6182852	6182781	Thr	TGT	0	0	83.2	57.00	26.20	Inf	Thr	92.5	high confidence set
A09	157	6070354	6070283	Cys	GCA	0	0	81.7	59.20	22.50	Inf	Cys	104.2	high confidence set
A09	159	5132618	5132545	Ile	AAT	0	0	86.4	57.90	28.50	Inf	Ile	108.4	high confidence set
A09	160	5125786	5125713	Ile	AAT	0	0	57.7	45.60	12.10	Inf	Ile	79.7	high confidence set
A09	161	4999617	4999545	Ala	CGC	0	0	67.0	44.10	22.90	Inf	Ala	97.2	high confidence set
A09	162	4274617	4274547	Gly	GCC	0	0	66.5	44.80	21.70	Inf	Gly	94.4	high confidence set
A09	163	4252338	4252267	Glu	TTC	0	0	69.7	42.80	26.90	Inf	Glu	99.4	high confidence set
A09	165	3736632	3736551	Ser	GCT	0	0	80.5	45.20	35.30	Inf	Ser	109.5	high confidence set
A09	166	3690798	3690714	Met	CAT	3690760	3690750	64.2	40.80	23.40	Inf	Met	104.0	high confidence set
A09	167	3593922	3593851	His	GTG	0	0	63.0	33.70	29.30	Inf	His	87.1	high confidence set
A09	169	2521778	2521707	Lys	TTT	0	0	83.0	70.00	13.00	Inf	Lys	83.3	high confidence set
A09	170	2377422	2377351	Lys	TTT	0	0	83.8	71.00	12.80	Inf	Lys	83.9	high confidence set
A09	171	1719169	1719097	Phe	GAA	0	0	72.0	56.10	15.90	Inf	Phe	103.8	high confidence set
A09	172	1408566	1408494	Ala	AGC	0	0	63.4	38.20	25.20	Inf	Ala	98.3	high confidence set
A09	173	1211461	1211388	Val	AAC	0	0	72.5	48.10	24.40	Inf	Val	100.2	high confidence set
A09	174	1184028	1183948	Leu	AAG	0	0	69.9	49.30	20.60	Inf	Leu	105.0	high confidence set
A09	175	1115781	1115709	Lys	CTT	0	0	87.7	67.60	20.10	Inf	Lys	106.7	high confidence set
A09	176	733633	733562	Gln	CTG	0	0	71.6	46.60	25.00	Inf	Gln	98.9	high confidence set
A09	177	394863	394792	His	GTG	0	0	57.5	24.20	33.30	Inf	His	91.8	high confidence set
A09	179	14318	14248	Gly	GCC	0	0	58.6	36.80	21.80	Inf	Gly	87.5	high confidence set
A10	1	1141390	1141460	Gly	GCC	0	0	66.5	44.80	21.70	Inf	Gly	94.4	high confidence set
A10	2	1191838	1191908	Gly	GCC	0	0	66.5	44.80	21.70	Inf	Gly	94.4	high confidence set
A10	3	1196307	1196377	Gly	GCC	0	0	66.5	44.80	21.70	Inf	Gly	94.4	high confidence set
A10	4	1197379	1197451	Arg	CCT	0	0	69.1	50.30	18.80	Inf	Arg	78.3	high confidence set
A10	5	2889084	2889169	Tyr	GTA	2889121	2889133	74.2	42.50	31.70	Inf	Tyr	108.6	high confidence set
A10	6	4782897	4782969	Val	TAC	0	0	74.4	44.00	30.40	Inf	Val	103.3	high confidence set
A10	7	6154993	6155065	Phe	GAA	0	0	78.3	58.40	19.90	Inf	Phe	113.2	high confidence set
A10	8	6200614	6200686	Phe	GAA	0	0	78.3	58.40	19.90	Inf	Phe	113.2	high confidence set
A10	9	7358290	7358363	Ile	AAT	0	0	73.8	52.80	21.00	Inf	Ile	95.4	high confidence set
A10	10	7506115	7506196	Ser	CGA	0	0	83.5	48.90	34.60	Inf	Ser	128.4	high confidence set
A10	11	7518531	7518602	Pro	TGG	0	0	69.2	36.90	32.30	Inf	Pro	112.8	high confidence set
A10	12	8237989	8238060	iMet	CAT	0	0	52.7	22.50	30.20	Inf	iMet	113.1	high confidence set
A10	13	8409403	8409484	Ser	CGA	0	0	83.5	48.90	34.60	Inf	Ser	128.4	high confidence set
A10	14	8822992	8823063	Gly	TCC	0	0	74.1	46.70	27.40	Inf	Gly	84.2	high confidence set
A10	15	8826515	8826586	Gly	TCC	0	0	74.1	46.70	27.40	Inf	Gly	84.2	high confidence set
A10	16	10016148	10016219	Asp	GTC	0	0	69.8	46.80	23.00	Inf	Asp	94.5	high confidence set
A10	17	10233327	10233398	Cys	GCA	0	0	68.7	50.20	18.50	Inf	Cys	86.9	high confidence set
A10	18	11347443	11347514	Trp	CCA	0	0	75.8	51.20	24.60	Inf	Trp	105.6	high confidence set
A10	20	12889439	12889510	Glu	TTC	0	0	69.9	45.30	24.60	Inf	Glu	99.4	high confidence set
A10	21	14622226	14622298	Phe	GAA	0	0	61.8	43.10	18.70	Inf	Phe	91.9	high confidence set
A10	22	14936578	14936659	Ser	GCT	0	0	74.8	45.90	28.90	Inf	Ser	98.7	high confidence set
A10	23	15374693	15374765	Arg	CCT	0	0	74.8	55.90	18.90	Inf	Arg	84.6	high confidence set
A10	25	15444631	15444702	Asp	GTC	0	0	63.6	40.60	23.00	Inf	Asp	88.1	high confidence set
A10	26	15460573	15460646	Val	CAC	0	0	80.1	52.20	27.90	Inf	Val	96.5	high confidence set
A10	27	15816808	15816880	Ala	AGC	0	0	63.4	38.20	25.20	Inf	Ala	98.3	high confidence set
A10	28	15910854	15910939	Tyr	GTA	15910891	15910903	74.2	42.50	31.70	Inf	Tyr	108.6	high confidence set
A10	29	16015140	16015210	Gly	GCC	0	0	66.5	44.80	21.70	Inf	Gly	94.4	high confidence set
A10	30	16464929	16465002	Val	AAC	0	0	67.7	50.10	17.60	Inf	Val	84.2	high confidence set
A10	31	17031566	17031646	Leu	AAG	0	0	71.4	51.10	20.30	Inf	Leu	108.5	high confidence set
A10	32	17092733	17092805	Phe	GAA	0	0	78.3	58.40	19.90	Inf	Phe	113.2	high confidence set
A10	33	17238548	17238629	Ser	TGA	0	0	65.5	32.40	33.10	Inf	Ser	107.6	high confidence set
A10	34	17273987	17274060	Arg	TCG	0	0	82.3	61.00	21.30	Inf	Arg	91.9	high confidence set
A10	35	17370385	17370457	Lys	CTT	0	0	87.7	67.60	20.10	Inf	Lys	106.7	high confidence set
A10	36	17092966	17092883	Tyr	GTA	17092929	17092919	74.3	42.50	31.80	Inf	Tyr	108.6	high confidence set
A10	37	17010839	17010757	Leu	TAA	0	0	72.9	35.60	37.30	Inf	Leu	100.3	high confidence set
A10	38	16994821	16994749	Arg	TCT	0	0	71.0	51.20	19.80	Inf	Arg	99.1	high confidence set
A10	39	16200799	16200727	Ala	AGC	0	0	60.8	39.10	21.70	Inf	Ala	90.7	high confidence set
A10	40	16141686	16141614	Ala	CGC	0	0	64.8	42.00	22.80	Inf	Ala	94.6	high confidence set
A10	41	15822369	15822286	Leu	CAA	0	0	76.7	54.50	22.20	Inf	Leu	123.1	high confidence set
A10	42	15712351	15712268	Tyr	GTA	15712314	15712304	74.3	42.60	31.70	Inf	Tyr	108.6	high confidence set
A10	43	15690968	15690887	Ser	GCT	0	0	80.5	45.20	35.30	Inf	Ser	109.5	high confidence set
A10	44	15498999	15498920	Leu	TAG	0	0	66.6	47.30	19.30	Inf	Leu	106.9	high confidence set
A10	45	15113414	15113334	Leu	AAG	0	0	71.4	51.10	20.30	Inf	Leu	108.5	high confidence set
A10	47	14668778	14668707	Gly	TCC	0	0	74.1	46.70	27.40	Inf	Gly	84.2	high confidence set
A10	49	13829371	13829299	Lys	CTT	0	0	87.7	67.60	20.10	Inf	Lys	106.7	high confidence set
A10	50	13333594	13333521	Ile	AAT	0	0	86.4	57.90	28.50	Inf	Ile	108.4	high confidence set
A10	51	12615002	12614931	Gln	CTG	0	0	63.1	45.40	17.70	Inf	Gln	92.9	high confidence set
A10	53	11328785	11328714	Trp	CCA	0	0	65.3	47.80	17.50	Inf	Trp	96.9	high confidence set
A10	54	11037232	11037161	Pro	TGG	0	0	69.2	36.90	32.30	Inf	Pro	112.8	high confidence set
A10	55	10869767	10869697	Gly	GCC	0	0	66.5	44.80	21.70	Inf	Gly	94.4	high confidence set
A10	57	9072543	9072470	Val	AAC	0	0	72.5	48.10	24.40	Inf	Val	100.2	high confidence set
A10	59	7668255	7668182	Val	CAC	0	0	81.5	53.50	28.00	Inf	Val	103.7	high confidence set
A10	60	6872403	6872331	Ala	AGC	0	0	63.4	38.20	25.20	Inf	Ala	98.3	high confidence set
A10	61	6036109	6036037	Phe	GAA	0	0	78.3	58.40	19.90	Inf	Phe	113.2	high confidence set
A10	62	5656262	5656192	Gly	CCC	0	0	65.4	28.10	37.30	Inf	Gly	85.4	high confidence set
A10	63	4500599	4500527	Ala	AGC	0	0	63.4	38.20	25.20	Inf	Ala	98.3	high confidence set
A10	64	4212419	4212347	Phe	GAA	0	0	73.5	59.80	13.70	Inf	Phe	97.0	high confidence set
A10	66	4130694	4130622	Lys	CTT	0	0	87.7	67.60	20.10	Inf	Lys	106.7	high confidence set
A10	68	3809408	3809337	Gln	CTG	0	0	72.6	48.20	24.40	Inf	Gln	98.8	high confidence set
A10	69	2571318	2571248	Gly	GCC	0	0	66.5	44.80	21.70	Inf	Gly	94.4	high confidence set
A10	70	1595664	1595593	Thr	TGT	0	0	83.0	58.30	24.70	Inf	Thr	92.4	high confidence set
A10	71	1365794	1365721	Ile	AAT	0	0	85.5	59.00	26.50	Inf	Ile	109.4	high confidence set
A10	72	1312748	1312676	Ala	AGC	0	0	63.4	38.20	25.20	Inf	Ala	98.3	high confidence set
Scaffold000111	3	274266	274193	Glu	CTC	0	0	61.9	39.10	22.80	Inf	Glu	77.4	high confidence set
Scaffold000167	1	203803	203876	Thr	AGT	0	0	70.4	42.00	28.40	Inf	Thr	88.6	high confidence set
Scaffold000167	2	70671	70599	Val	TAC	0	0	74.4	44.00	30.40	Inf	Val	103.3	high confidence set
Scaffold000191	1	148441	148512	Glu	TTC	0	0	69.9	45.30	24.60	Inf	Glu	99.4	high confidence set
Scaffold000228	1	27853	27780	Thr	AGT	0	0	73.6	45.20	28.40	Inf	Thr	88.6	high confidence set
Scaffold000228	2	22738	22658	Leu	CAG	0	0	72.4	51.00	21.40	Inf	Leu	105.7	high confidence set
Scaffold000289	1	23138	23211	Ile	AAT	0	0	83.2	54.90	28.30	Inf	Ile	107.2	high confidence set
Scaffold000289	2	4876	4803	Ile	AAT	0	0	83.0	54.40	28.60	Inf	Ile	104.3	high confidence set
Scaffold000400	1	4044	4117	Thr	AGT	0	0	75.0	47.40	27.60	Inf	Thr	89.8	high confidence set
Scaffold000424	2	11525	11596	Asn	GTT	0	0	79.0	56.70	22.30	Inf	Asn	79.2	high confidence set
Scaffold000424	3	11942	11869	Arg	ACG	0	0	56.2	44.90	11.30	Inf	Ile	73.7	IPD:-23.30,isotype mismatch
Scaffold000502	1	1356	1443	Ser	GCT	0	0	69.2	39.20	30.00	Inf	Ser	84.1	high confidence set
Scaffold000625	2	2434	2363	Arg	TCT	0	0	58.3	25.60	32.70	Inf	Gln	70.8	IPD:-24.50,isotype mismatch
Scaffold000975	1	1250	1177	Trp	CCA	0	0	70.1	43.00	27.10	Inf	Thr	71.6	IPD:-17.70,isotype mismatch
Scaffold001800	1	612	693	Ser	AGA	0	0	68.5	41.80	26.70	Inf	Ser	100.4	high confidence set
