Sequence   		tRNA    	Bounds  	tRNA	Anti	Intron Bounds	Inf	HMM	2'Str	Hit	Isotype	Isotype	      
Name       	tRNA#	Begin   	End     	Type	Codon	Begin	End	Score	Score	Score	Origin	CM	Score	Note
--------   	------	-----   	------  	----	-----	-----	----	------	-----	-----	------	-------	-------	------
CM011106.1	1	297075	297146	Asn	GTT	0	0	83.4	60.80	22.60	Inf	Asn	82.2	high confidence set
CM011106.1	2	2548588	2548661	Val	AAC	0	0	72.9	48.60	24.30	Inf	Val	93.8	high confidence set
CM011106.1	3	2566488	2566561	Val	AAC	0	0	57.4	45.50	11.90	Inf	Val	77.9	high confidence set
CM011106.1	4	4354220	4354291	Gly	TCC	0	0	73.9	46.20	27.70	Inf	Gly	85.6	high confidence set
CM011106.1	5	4355067	4355138	Gly	TCC	0	0	73.9	46.20	27.70	Inf	Gly	85.6	high confidence set
CM011106.1	7	4820597	4820668	Ala	AGC	0	0	51.3	40.70	10.60	Inf	Ala	81.5	high confidence set
CM011106.1	8	4820801	4820873	Ala	AGC	0	0	63.4	38.20	25.20	Inf	Ala	98.3	high confidence set
CM011106.1	12	38138204	38138276	Ala	TGC	0	0	69.1	43.30	25.80	Inf	Ala	101.9	high confidence set
CM011106.1	13	38232758	38232829	Ala	TGC	0	0	60.1	36.30	23.80	Inf	Ala	86.7	trunc_start:1,high confidence set
CM011106.1	15	41603412	41603483	Lys	CTT	0	0	70.0	50.10	19.90	Inf	Lys	88.9	high confidence set
CM011106.1	16	42069381	42069463	Leu	TAA	0	0	69.5	31.10	38.40	Inf	Leu	93.0	high confidence set
CM011106.1	17	42182248	42182320	Arg	TCT	0	0	69.9	49.40	20.50	Inf	Arg	99.6	high confidence set
CM011106.1	18	44700178	44700249	His	GTG	0	0	63.0	33.70	29.30	Inf	His	86.8	high confidence set
CM011106.1	19	45016083	45016155	Lys	TTT	0	0	88.7	64.40	24.30	Inf	Lys	93.7	high confidence set
CM011106.1	21	46234787	46234859	Glu	CTC	0	0	74.9	49.20	25.70	Inf	Glu	94.6	high confidence set
CM011106.1	22	46243973	46244044	Glu	CTC	0	0	66.8	40.60	26.20	Inf	Glu	86.0	high confidence set
CM011106.1	23	46446949	46447019	Gly	GCC	0	0	66.5	44.80	21.70	Inf	Gly	94.4	high confidence set
CM011106.1	24	46804952	46805022	Gly	GCC	0	0	66.5	44.80	21.70	Inf	Gly	94.4	high confidence set
CM011106.1	26	48315422	48315493	Glu	TTC	0	0	72.0	47.50	24.50	Inf	Glu	101.6	high confidence set
CM011106.1	27	48989038	48989119	Ser	TGA	0	0	80.7	46.10	34.60	Inf	Ser	119.7	high confidence set
CM011106.1	28	49091886	49091958	Ala	TGC	0	0	69.1	43.30	25.80	Inf	Ala	101.9	high confidence set
CM011106.1	29	50584710	50584637	Phe	GAA	0	0	67.6	55.70	11.90	Inf	Phe	100.6	high confidence set
CM011106.1	31	49573888	49573815	Val	AAC	0	0	72.9	48.60	24.30	Inf	Val	93.8	high confidence set
CM011106.1	32	49516286	49516216	Gly	CCC	0	0	66.3	29.50	36.80	Inf	Gly	89.7	high confidence set
CM011106.1	33	49280029	49279958	Pro	TGG	0	0	69.2	36.90	32.30	Inf	Pro	112.8	high confidence set
CM011106.1	34	48177729	48177659	Gly	GCC	0	0	66.5	44.80	21.70	Inf	Gly	94.4	high confidence set
CM011106.1	35	47520277	47520205	Lys	TTT	0	0	88.7	64.40	24.30	Inf	Lys	93.7	high confidence set
CM011106.1	36	46368875	46368794	Ser	CGA	0	0	78.2	45.90	32.30	Inf	Ser	121.6	high confidence set
CM011106.1	37	46212779	46212706	Ile	TAT	0	0	85.9	70.60	15.30	Inf	Ile	103.9	high confidence set
CM011106.1	38	45411519	45411448	Asp	GTC	0	0	70.4	47.40	23.00	Inf	Asp	94.4	high confidence set
CM011106.1	39	45342262	45342189	Val	CAC	0	0	81.5	53.50	28.00	Inf	Val	103.7	high confidence set
CM011106.1	40	44490246	44490175	His	GTG	0	0	63.3	34.30	29.00	Inf	His	91.7	high confidence set
CM011106.1	41	44225350	44225278	Arg	TCT	0	0	73.3	53.00	20.30	Inf	Arg	104.5	high confidence set
CM011106.1	42	43636539	43636468	Pro	AGG	0	0	67.4	34.70	32.70	Inf	Pro	112.3	high confidence set
CM011106.1	43	42613593	42613501	Tyr	GTA	42613556	42613537	69.7	38.20	31.50	Inf	Tyr	108.3	high confidence set
CM011106.1	44	42069594	42069523	Gly	TCC	0	0	73.9	46.20	27.70	Inf	Gly	85.6	high confidence set
CM011106.1	47	36251769	36251697	Val	TAC	0	0	76.7	41.70	35.00	Inf	Val	103.0	high confidence set
CM011106.1	48	33980278	33980206	Arg	ACG	0	0	71.7	49.10	22.60	Inf	Arg	91.4	high confidence set
CM011106.1	56	10272153	10272082	Asn	GTT	0	0	83.4	60.80	22.60	Inf	Asn	82.2	high confidence set
CM011106.1	57	10240232	10240161	Asn	GTT	0	0	83.4	60.80	22.60	Inf	Asn	82.2	high confidence set
CM011106.1	59	6717835	6717764	Asp	GTC	0	0	69.8	46.80	23.00	Inf	Asp	95.8	high confidence set
CM011106.1	68	6706565	6706494	Asp	GTC	0	0	55.4	33.50	21.90	Inf	Asp	75.7	high confidence set
CM011106.1	69	4134182	4134111	Gly	TCC	0	0	73.9	46.20	27.70	Inf	Gly	85.6	high confidence set
CM011106.1	70	4133333	4133262	Gly	TCC	0	0	73.9	46.20	27.70	Inf	Gly	85.6	high confidence set
CM011106.1	71	2566366	2566293	Val	AAC	0	0	71.0	46.70	24.30	Inf	Val	93.0	high confidence set
CM011106.1	72	2328802	2328719	Leu	CAA	0	0	81.0	54.60	26.40	Inf	Leu	125.6	high confidence set
CM011106.1	77	297781	297708	Arg	ACG	0	0	56.2	44.90	11.30	Inf	Ile	73.7	IPD:-23.30,isotype mismatch
CM011107.1	1	2435602	2435673	Gly	TCC	0	0	73.9	46.20	27.70	Inf	Gly	85.6	high confidence set
CM011107.1	2	2436385	2436456	Gly	TCC	0	0	73.9	46.20	27.70	Inf	Gly	85.6	high confidence set
CM011107.1	3	3082914	3082986	Ala	AGC	0	0	63.4	38.20	25.20	Inf	Ala	98.3	high confidence set
CM011107.1	4	3083118	3083190	Ala	AGC	0	0	63.4	38.20	25.20	Inf	Ala	98.3	high confidence set
CM011107.1	6	3629615	3629688	Arg	ACG	0	0	56.2	44.90	11.30	Inf	Ile	73.7	IPD:-23.30,isotype mismatch
CM011107.1	8	4871181	4871254	Val	AAC	0	0	72.9	48.60	24.30	Inf	Val	93.8	high confidence set
CM011107.1	11	6465434	6465507	Val	AAC	0	0	72.9	48.60	24.30	Inf	Val	93.8	high confidence set
CM011107.1	12	6484728	6484801	Val	AAC	0	0	72.9	48.60	24.30	Inf	Val	93.8	high confidence set
CM011107.1	13	6505534	6505607	Val	AAC	0	0	72.9	48.60	24.30	Inf	Val	93.8	high confidence set
CM011107.1	14	6526339	6526412	Val	AAC	0	0	72.9	48.60	24.30	Inf	Val	93.8	high confidence set
CM011107.1	19	34291655	34291727	Ala	TGC	0	0	69.1	43.30	25.80	Inf	Ala	101.9	high confidence set
CM011107.1	20	38239808	38239880	Lys	CTT	0	0	86.8	66.60	20.20	Inf	Lys	107.7	high confidence set
CM011107.1	21	38779037	38779119	Leu	TAA	0	0	69.5	31.10	38.40	Inf	Leu	93.0	high confidence set
CM011107.1	22	38886801	38886873	Arg	TCT	0	0	69.9	49.40	20.50	Inf	Arg	99.6	high confidence set
CM011107.1	23	41056886	41056959	Val	AAC	0	0	69.6	42.20	27.40	Inf	Val	91.8	high confidence set
CM011107.1	24	41057082	41057155	Val	AAC	0	0	70.2	42.80	27.40	Inf	Val	92.2	high confidence set
CM011107.1	26	41233043	41233114	His	GTG	0	0	63.3	34.30	29.00	Inf	His	91.7	high confidence set
CM011107.1	27	41268458	41268529	His	GTG	0	0	63.3	34.30	29.00	Inf	His	91.7	high confidence set
CM011107.1	28	41551477	41551549	Arg	TCT	0	0	70.3	50.00	20.30	Inf	Arg	98.1	high confidence set
CM011107.1	29	41724861	41724933	Lys	TTT	0	0	88.7	64.40	24.30	Inf	Lys	93.7	high confidence set
CM011107.1	31	42946214	42946286	Glu	CTC	0	0	74.9	49.20	25.70	Inf	Glu	94.6	high confidence set
CM011107.1	32	43521486	43521556	Gly	GCC	0	0	66.5	44.80	21.70	Inf	Gly	94.4	high confidence set
CM011107.1	33	44889165	44889249	Met	CAT	44889203	44889213	64.3	40.80	23.50	Inf	Met	104.0	high confidence set
CM011107.1	34	45109085	45109158	Val	AAC	0	0	71.9	47.60	24.30	Inf	Val	91.0	high confidence set
CM011107.1	35	46261958	46262029	Glu	TTC	0	0	72.0	47.50	24.50	Inf	Glu	101.6	high confidence set
CM011107.1	36	47148827	47148908	Ser	TGA	0	0	77.6	45.00	32.60	Inf	Ser	115.8	high confidence set
CM011107.1	37	47280154	47280226	Ala	TGC	0	0	69.1	43.30	25.80	Inf	Ala	101.9	high confidence set
CM011107.1	38	48655370	48655298	Phe	GAA	0	0	78.3	58.40	19.90	Inf	Phe	113.2	high confidence set
CM011107.1	39	47742084	47742011	Val	AAC	0	0	72.9	48.60	24.30	Inf	Val	93.8	high confidence set
CM011107.1	40	47685179	47685109	Gly	CCC	0	0	66.3	29.50	36.80	Inf	Gly	89.7	high confidence set
CM011107.1	41	47391447	47391376	Pro	TGG	0	0	69.2	36.90	32.30	Inf	Pro	112.8	high confidence set
CM011107.1	42	45848198	45848128	Gly	GCC	0	0	66.5	44.80	21.70	Inf	Gly	94.4	high confidence set
CM011107.1	44	44196644	44196572	Lys	TTT	0	0	88.7	64.40	24.30	Inf	Lys	93.7	high confidence set
CM011107.1	45	43072116	43072035	Ser	CGA	0	0	78.9	46.60	32.30	Inf	Ser	122.0	high confidence set
CM011107.1	46	42917729	42917656	Ile	TAT	0	0	85.9	70.60	15.30	Inf	Ile	103.9	high confidence set
CM011107.1	47	42147006	42146935	Asp	GTC	0	0	69.8	46.80	23.00	Inf	Asp	95.8	high confidence set
CM011107.1	48	42132109	42132028	Ser	AGA	0	0	64.0	37.70	26.30	Inf	Ser	86.7	high confidence set
CM011107.1	49	42082618	42082545	Val	CAC	0	0	81.5	53.50	28.00	Inf	Val	103.7	high confidence set
CM011107.1	50	41001526	41001455	His	GTG	0	0	63.0	33.70	29.30	Inf	His	86.8	high confidence set
CM011107.1	51	41001342	41001271	His	GTG	0	0	63.0	33.70	29.30	Inf	His	86.8	high confidence set
CM011107.1	52	40381025	40380954	Pro	AGG	0	0	67.4	34.70	32.70	Inf	Pro	112.3	high confidence set
CM011107.1	53	39327735	39327644	Tyr	GTA	39327698	39327680	69.8	38.30	31.50	Inf	Tyr	108.3	high confidence set
CM011107.1	54	38779251	38779180	Gly	TCC	0	0	73.9	46.20	27.70	Inf	Gly	85.6	high confidence set
CM011107.1	56	33137460	33137388	Val	TAC	0	0	76.7	41.70	35.00	Inf	Val	103.0	high confidence set
CM011107.1	57	33012950	33012878	Val	TAC	0	0	76.7	41.70	35.00	Inf	Val	103.0	high confidence set
CM011107.1	59	30031651	30031579	Arg	ACG	0	0	71.7	49.10	22.60	Inf	Arg	91.4	high confidence set
CM011107.1	61	6239646	6239563	Leu	CAA	0	0	81.0	54.60	26.40	Inf	Leu	125.6	high confidence set
CM011107.1	62	5045074	5045001	Val	AAC	0	0	72.9	48.60	24.30	Inf	Val	93.8	high confidence set
CM011107.1	63	5040559	5040486	Val	AAC	0	0	72.9	48.60	24.30	Inf	Val	93.8	high confidence set
CM011107.1	64	5021715	5021642	Val	AAC	0	0	72.9	48.60	24.30	Inf	Val	93.8	high confidence set
CM011107.1	65	4988894	4988821	Val	AAC	0	0	71.1	46.80	24.30	Inf	Val	89.4	high confidence set
CM011107.1	66	4963301	4963228	Val	AAC	0	0	64.3	50.40	13.90	Inf	Val	86.2	high confidence set
CM011107.1	67	4874198	4874125	Val	AAC	0	0	64.3	50.40	13.90	Inf	Val	86.2	high confidence set
CM011107.1	68	4871058	4870985	Val	AAC	0	0	72.9	48.60	24.30	Inf	Val	93.8	high confidence set
CM011107.1	69	3879652	3879581	Asp	GTC	0	0	67.3	45.90	21.40	Inf	Asp	92.0	high confidence set
CM011107.1	70	3878347	3878276	Asp	GTC	0	0	69.9	44.30	25.60	Inf	Asp	93.7	high confidence set
CM011107.1	71	3877080	3877009	Asp	GTC	0	0	69.8	46.80	23.00	Inf	Asp	95.8	high confidence set
CM011107.1	72	3873976	3873905	Asp	GTC	0	0	67.4	47.80	19.60	Inf	Asp	90.7	high confidence set
CM011107.1	73	3872725	3872654	Asp	GTC	0	0	69.8	46.80	23.00	Inf	Asp	95.8	high confidence set
CM011107.1	74	3630320	3630249	Asn	GTT	0	0	83.4	60.80	22.60	Inf	Asn	82.2	high confidence set
CM011108.1	2	1640721	1640792	iMet	CAT	0	0	53.9	26.90	27.00	Inf	iMet	110.2	high confidence set
CM011108.1	3	2330193	2330264	Cys	GCA	0	0	82.1	59.90	22.20	Inf	Cys	106.6	high confidence set
CM011108.1	4	2330333	2330404	Cys	GCA	0	0	82.1	59.90	22.20	Inf	Cys	106.6	high confidence set
CM011108.1	5	2330473	2330544	Cys	GCA	0	0	82.1	59.90	22.20	Inf	Cys	106.6	high confidence set
CM011108.1	7	4896962	4897043	Ser	CGA	0	0	78.2	45.90	32.30	Inf	Ser	121.6	high confidence set
CM011108.1	8	5044345	5044428	Leu	CAA	0	0	81.0	54.60	26.40	Inf	Leu	125.6	high confidence set
CM011108.1	9	6620420	6620491	His	GTG	0	0	63.3	34.30	29.00	Inf	His	91.7	high confidence set
CM011108.1	10	7078784	7078856	Arg	CCG	0	0	69.2	51.20	18.00	Inf	Arg	93.1	high confidence set
CM011108.1	11	8242949	8243021	Arg	TCT	0	0	67.3	50.10	17.20	Inf	Arg	95.7	high confidence set
CM011108.1	12	9221845	9221916	Pro	AGG	0	0	67.4	34.70	32.70	Inf	Pro	112.3	high confidence set
CM011108.1	13	10371309	10371380	Asp	GTC	0	0	69.8	46.80	23.00	Inf	Asp	95.8	high confidence set
CM011108.1	14	10371958	10372029	Asp	GTC	0	0	69.8	46.80	23.00	Inf	Asp	95.8	high confidence set
CM011108.1	15	11255531	11255603	Val	TAC	0	0	76.7	41.70	35.00	Inf	Val	103.0	high confidence set
CM011108.1	16	12406065	12406137	Glu	CTC	0	0	74.6	48.80	25.80	Inf	Glu	95.1	high confidence set
CM011108.1	17	12439254	12439326	Glu	CTC	0	0	73.6	47.80	25.80	Inf	Glu	94.4	high confidence set
CM011108.1	18	12575904	12575977	Ile	TAT	0	0	85.9	70.60	15.30	Inf	Ile	103.9	high confidence set
CM011108.1	19	13498351	13498423	Glu	CTC	0	0	74.4	48.60	25.80	Inf	Glu	96.7	high confidence set
CM011108.1	21	13992817	13992890	Ile	AAT	0	0	81.8	58.30	23.50	Inf	Ile	106.8	high confidence set
CM011108.1	22	15783182	15783254	Ala	CGC	0	0	68.3	44.10	24.20	Inf	Ala	99.2	high confidence set
CM011108.1	23	16211341	16211413	Arg	CCT	0	0	69.1	50.30	18.80	Inf	Arg	81.2	high confidence set
CM011108.1	24	16301943	16302015	Arg	TCT	0	0	60.0	46.70	13.30	Inf	Arg	86.5	high confidence set
CM011108.1	26	17830462	17830546	Met	CAT	17830500	17830510	64.3	40.80	23.50	Inf	Met	104.0	high confidence set
CM011108.1	27	17839284	17839367	Tyr	GTA	17839321	17839331	70.1	38.50	31.60	Inf	Tyr	108.3	high confidence set
CM011108.1	28	17839528	17839611	Tyr	GTA	17839565	17839575	70.1	38.50	31.60	Inf	Tyr	108.3	high confidence set
CM011108.1	29	21579143	21579224	Ser	GCT	0	0	80.5	45.20	35.30	Inf	Ser	109.5	high confidence set
CM011108.1	34	57546628	57546701	Val	CAC	0	0	81.5	53.50	28.00	Inf	Val	103.7	high confidence set
CM011108.1	35	57575502	57575573	Pro	TGG	0	0	69.2	36.90	32.30	Inf	Pro	112.8	high confidence set
CM011108.1	36	57575667	57575738	Pro	TGG	0	0	69.2	36.90	32.30	Inf	Pro	112.8	high confidence set
CM011108.1	39	64922093	64922178	Tyr	GTA	64922130	64922142	70.0	38.50	31.50	Inf	Tyr	108.3	high confidence set
CM011108.1	41	65548130	65548202	Ala	TGC	0	0	71.4	45.00	26.40	Inf	Ala	96.4	high confidence set
CM011108.1	42	65397078	65397007	Gly	TCC	0	0	71.0	46.70	24.30	Inf	Gly	82.3	high confidence set
CM011108.1	43	64984889	64984816	Val	AAC	0	0	72.9	48.60	24.30	Inf	Val	93.8	high confidence set
CM011108.1	44	64221278	64221206	Val	CAC	0	0	69.6	42.30	27.30	Inf	Val	93.2	high confidence set
CM011108.1	45	64187862	64187792	Gly	GCC	0	0	66.5	44.80	21.70	Inf	Gly	94.4	high confidence set
CM011108.1	46	63900032	63899952	Leu	AAG	0	0	74.0	52.20	21.80	Inf	Leu	110.4	high confidence set
CM011108.1	47	63767375	63767305	Gly	GCC	0	0	66.5	44.80	21.70	Inf	Gly	94.4	high confidence set
CM011108.1	48	61491571	61491499	Ala	AGC	0	0	63.4	38.20	25.20	Inf	Ala	98.3	high confidence set
CM011108.1	49	61479555	61479484	Pro	CGG	0	0	68.5	36.10	32.40	Inf	Pro	108.5	high confidence set
CM011108.1	50	60333638	60333567	Glu	TTC	0	0	72.9	48.10	24.80	Inf	Glu	98.9	high confidence set
CM011108.1	53	36384333	36384262	Arg	TCT	0	0	58.3	25.60	32.70	Inf	Gln	70.8	IPD:-24.50,isotype mismatch
CM011108.1	54	36215279	36215208	Arg	TCT	0	0	58.3	25.60	32.70	Inf	Gln	70.8	IPD:-24.50,isotype mismatch
CM011108.1	56	25798180	25798109	Gly	TCC	0	0	73.9	46.20	27.70	Inf	Gly	85.6	high confidence set
CM011108.1	58	25797989	25797918	Gly	TCC	0	0	72.8	45.20	27.60	Inf	Gly	82.2	high confidence set
CM011108.1	60	18815035	18814963	Lys	CTT	0	0	86.8	66.60	20.20	Inf	Lys	107.7	high confidence set
CM011108.1	62	17645938	17645855	Leu	CAA	0	0	74.7	52.40	22.30	Inf	Leu	119.4	high confidence set
CM011108.1	63	17085642	17085569	Val	AAC	0	0	72.6	48.30	24.30	Inf	Val	95.5	high confidence set
CM011108.1	64	15710798	15710725	Ile	AAT	0	0	79.3	55.80	23.50	Inf	Ile	104.3	high confidence set
CM011108.1	65	15638775	15638702	Asn	GTT	0	0	80.8	55.30	25.50	Inf	Asn	92.7	high confidence set
CM011108.1	66	15308200	15308129	Gln	CTG	0	0	75.3	51.20	24.10	Inf	Gln	103.1	high confidence set
CM011108.1	67	13001575	13001505	Gly	GCC	0	0	66.5	44.80	21.70	Inf	Gly	94.4	high confidence set
CM011108.1	68	13001379	13001309	Gly	GCC	0	0	66.5	44.80	21.70	Inf	Gly	94.4	high confidence set
CM011108.1	70	9416794	9416715	Leu	TAG	0	0	69.2	49.00	20.20	Inf	Leu	109.5	high confidence set
CM011108.1	71	6342393	6342322	Cys	GCA	0	0	81.3	60.10	21.20	Inf	Cys	109.8	high confidence set
CM011108.1	72	6248405	6248334	His	GTG	0	0	63.0	33.70	29.30	Inf	His	86.8	high confidence set
CM011108.1	73	6247737	6247665	Arg	CCG	0	0	80.4	58.30	22.10	Inf	Arg	84.6	high confidence set
CM011108.1	74	6095863	6095791	Lys	CTT	0	0	86.8	66.60	20.20	Inf	Lys	107.7	high confidence set
CM011108.1	75	5975906	5975834	Lys	TTT	0	0	88.7	64.40	24.30	Inf	Lys	93.7	high confidence set
CM011108.1	76	5021386	5021314	Lys	CTT	0	0	87.7	67.60	20.10	Inf	Lys	106.7	high confidence set
CM011108.1	77	5021230	5021149	Ser	CGA	0	0	68.1	42.00	26.10	Inf	Ser	108.8	high confidence set
CM011108.1	78	4983337	4983264	Ile	AAT	0	0	81.8	58.30	23.50	Inf	Ile	106.8	high confidence set
CM011108.1	79	4208303	4208230	Ile	AAT	0	0	84.9	58.30	26.60	Inf	Ile	109.3	high confidence set
CM011109.1	1	853541	853620	Leu	TAG	0	0	70.7	51.10	19.60	Inf	Leu	107.5	high confidence set
CM011109.1	2	1587052	1587123	iMet	CAT	0	0	58.3	28.10	30.20	Inf	iMet	118.7	high confidence set
CM011109.1	3	2337095	2337166	Cys	GCA	0	0	81.6	59.40	22.20	Inf	Cys	99.4	high confidence set
CM011109.1	5	2337363	2337434	Cys	GCA	0	0	82.1	59.90	22.20	Inf	Cys	106.6	high confidence set
CM011109.1	6	4692880	4692961	Ser	CGA	0	0	78.2	45.90	32.30	Inf	Ser	121.6	high confidence set
CM011109.1	7	4840263	4840346	Leu	CAA	0	0	81.0	54.60	26.40	Inf	Leu	125.6	high confidence set
CM011109.1	8	5434234	5434306	Arg	CCT	0	0	69.1	50.30	18.80	Inf	Arg	81.2	high confidence set
CM011109.1	9	5755228	5755301	Val	CAC	0	0	82.4	54.40	28.00	Inf	Val	103.7	high confidence set
CM011109.1	10	6741989	6742060	His	GTG	0	0	63.3	34.30	29.00	Inf	His	91.7	high confidence set
CM011109.1	11	7194089	7194161	Arg	CCG	0	0	69.2	51.20	18.00	Inf	Arg	93.1	high confidence set
CM011109.1	12	8332229	8332301	Arg	TCT	0	0	67.3	50.10	17.20	Inf	Arg	95.7	high confidence set
CM011109.1	13	9220783	9220854	Pro	AGG	0	0	67.4	34.70	32.70	Inf	Pro	112.3	high confidence set
CM011109.1	15	10261589	10261660	Asp	GTC	0	0	69.8	46.80	23.00	Inf	Asp	95.8	high confidence set
CM011109.1	17	10993046	10993118	Val	TAC	0	0	76.7	41.70	35.00	Inf	Val	103.0	high confidence set
CM011109.1	18	11852854	11852927	Ile	TAT	0	0	85.9	70.60	15.30	Inf	Ile	103.9	high confidence set
CM011109.1	19	13139914	13139987	Ile	AAT	0	0	81.8	58.30	23.50	Inf	Ile	106.8	high confidence set
CM011109.1	20	14381428	14381499	Pro	CGG	0	0	68.5	36.10	32.40	Inf	Pro	108.5	high confidence set
CM011109.1	21	15344676	15344748	Ala	CGC	0	0	68.3	44.10	24.20	Inf	Ala	99.2	high confidence set
CM011109.1	22	15815749	15815821	Arg	CCT	0	0	69.1	50.30	18.80	Inf	Arg	81.2	high confidence set
CM011109.1	23	15907506	15907578	Arg	TCT	0	0	59.9	49.10	10.80	Inf	Arg	79.9	high confidence set
CM011109.1	24	15939627	15939699	Arg	TCT	0	0	59.9	49.10	10.80	Inf	Arg	79.9	high confidence set
CM011109.1	25	16648543	16648614	Gly	TCC	0	0	71.3	44.40	26.90	Inf	Gly	82.3	high confidence set
CM011109.1	27	17622910	17622993	Leu	CAA	0	0	81.0	54.60	26.40	Inf	Leu	125.6	high confidence set
CM011109.1	28	17923030	17923114	Met	CAT	17923068	17923078	64.3	40.80	23.50	Inf	Met	104.0	high confidence set
CM011109.1	29	19571319	19571391	Lys	CTT	0	0	86.8	66.60	20.20	Inf	Lys	107.7	high confidence set
CM011109.1	31	20215681	20215754	Arg	TCG	0	0	81.9	60.40	21.50	Inf	Arg	92.9	high confidence set
CM011109.1	37	63212720	63212791	Pro	TGG	0	0	69.2	36.90	32.30	Inf	Pro	112.8	high confidence set
CM011109.1	38	63212884	63212955	Pro	TGG	0	0	69.2	36.90	32.30	Inf	Pro	112.8	high confidence set
CM011109.1	39	63464941	63465014	Val	CAC	0	0	70.5	49.00	21.50	Inf	Val	90.6	high confidence set
CM011109.1	40	63510399	63510470	Pro	TGG	0	0	69.2	36.90	32.30	Inf	Pro	112.8	high confidence set
CM011109.1	41	63510563	63510634	Pro	TGG	0	0	69.2	36.90	32.30	Inf	Pro	112.8	high confidence set
CM011109.1	42	69999500	69999585	Tyr	GTA	69999537	69999549	70.0	38.50	31.50	Inf	Tyr	108.3	high confidence set
CM011109.1	43	70591680	70591752	Ala	TGC	0	0	70.0	45.30	24.70	Inf	Ala	100.6	high confidence set
CM011109.1	44	70983958	70984029	Gln	CTG	0	0	71.8	47.10	24.70	Inf	Gln	103.5	high confidence set
CM011109.1	45	71245929	71245857	Phe	GAA	0	0	78.3	58.40	19.90	Inf	Phe	113.2	high confidence set
CM011109.1	46	70439361	70439290	Gly	TCC	0	0	73.9	46.20	27.70	Inf	Gly	85.6	high confidence set
CM011109.1	47	70057313	70057240	Val	AAC	0	0	72.9	48.60	24.30	Inf	Val	93.8	high confidence set
CM011109.1	48	69714717	69714644	Val	CAC	0	0	81.5	53.50	28.00	Inf	Val	103.7	high confidence set
CM011109.1	49	69228226	69228156	Gly	GCC	0	0	66.5	44.80	21.70	Inf	Gly	94.4	high confidence set
CM011109.1	50	68945340	68945260	Leu	AAG	0	0	74.0	52.20	21.80	Inf	Leu	110.4	high confidence set
CM011109.1	51	66917416	66917345	Pro	CGG	0	0	68.6	36.10	32.50	Inf	Pro	101.0	high confidence set
CM011109.1	52	66263499	66263428	Glu	TTC	0	0	72.9	48.10	24.80	Inf	Glu	98.9	high confidence set
CM011109.1	53	64095462	64095381	Ser	TGA	0	0	80.7	46.10	34.60	Inf	Ser	119.7	high confidence set
CM011109.1	54	64095312	64095231	Ser	TGA	0	0	80.0	45.30	34.70	Inf	Ser	119.3	high confidence set
CM011109.1	57	27848012	27847941	Gly	TCC	0	0	73.9	46.20	27.70	Inf	Gly	85.6	high confidence set
CM011109.1	58	24163790	24163709	Ser	GCT	0	0	80.5	45.20	35.30	Inf	Ser	109.5	high confidence set
CM011109.1	59	21755345	21755274	Trp	CCA	0	0	75.8	51.20	24.60	Inf	Trp	105.6	high confidence set
CM011109.1	63	17059135	17059062	Val	AAC	0	0	64.3	50.40	13.90	Inf	Val	86.2	high confidence set
CM011109.1	64	16660294	16660223	Pro	TGG	0	0	68.5	35.70	32.80	Inf	Pro	111.2	high confidence set
CM011109.1	65	16659095	16659024	Pro	TGG	0	0	68.5	35.70	32.80	Inf	Pro	111.2	high confidence set
CM011109.1	66	16658577	16658506	Pro	TGG	0	0	68.5	35.70	32.80	Inf	Pro	111.2	high confidence set
CM011109.1	67	16657497	16657426	Pro	TGG	0	0	58.7	32.60	26.10	Inf	Pro	96.9	high confidence set
CM011109.1	68	16656206	16656135	Pro	TGG	0	0	67.8	35.50	32.30	Inf	Pro	110.5	high confidence set
CM011109.1	69	16612290	16612217	Asn	GTT	0	0	81.1	58.40	22.70	Inf	Asn	93.7	high confidence set
CM011109.1	70	15272292	15272219	Ile	AAT	0	0	79.3	55.80	23.50	Inf	Ile	104.3	high confidence set
CM011109.1	71	15200269	15200196	Asn	GTT	0	0	80.8	55.30	25.50	Inf	Asn	92.7	high confidence set
CM011109.1	72	14869694	14869623	Gln	CTG	0	0	75.3	51.20	24.10	Inf	Gln	103.1	high confidence set
CM011109.1	73	14178754	14178671	Leu	CAA	0	0	81.0	54.60	26.40	Inf	Leu	125.6	high confidence set
CM011109.1	74	12485062	12484992	Gly	GCC	0	0	66.5	44.80	21.70	Inf	Gly	94.4	high confidence set
CM011109.1	75	12484866	12484796	Gly	GCC	0	0	66.5	44.80	21.70	Inf	Gly	94.4	high confidence set
CM011109.1	76	12484671	12484601	Gly	GCC	0	0	57.9	44.10	13.80	Inf	Gly	82.6	high confidence set
CM011109.1	77	8825410	8825322	Tyr	GTA	8825373	8825358	69.9	38.40	31.50	Inf	Tyr	108.3	high confidence set
CM011109.1	78	6542990	6542919	Cys	GCA	0	0	81.3	60.10	21.20	Inf	Cys	109.8	high confidence set
CM011109.1	79	6447333	6447262	His	GTG	0	0	63.0	33.70	29.30	Inf	His	86.8	high confidence set
CM011109.1	80	6446663	6446591	Arg	CCG	0	0	80.4	58.30	22.10	Inf	Arg	84.6	high confidence set
CM011109.1	81	6274505	6274433	Lys	CTT	0	0	86.8	66.60	20.20	Inf	Lys	107.7	high confidence set
CM011109.1	82	6199788	6199716	Lys	CTT	0	0	86.8	66.60	20.20	Inf	Lys	107.7	high confidence set
CM011109.1	83	5635432	5635361	Pro	AGG	0	0	67.4	34.70	32.70	Inf	Pro	112.3	high confidence set
CM011109.1	84	4817304	4817232	Lys	CTT	0	0	87.7	67.60	20.10	Inf	Lys	106.7	high confidence set
CM011109.1	85	4817148	4817067	Ser	CGA	0	0	68.1	42.00	26.10	Inf	Ser	108.8	high confidence set
CM011109.1	86	4779255	4779182	Ile	AAT	0	0	81.8	58.30	23.50	Inf	Ile	106.8	high confidence set
CM011109.1	87	4003795	4003722	Ile	AAT	0	0	81.8	58.30	23.50	Inf	Ile	106.8	high confidence set
CM011110.1	1	177480	177552	Ala	TGC	0	0	70.0	45.30	24.70	Inf	Ala	100.6	high confidence set
CM011110.1	2	1565641	1565711	Gly	CCC	0	0	66.3	29.50	36.80	Inf	Gly	89.7	high confidence set
CM011110.1	4	2677427	2677500	Asn	GTT	0	0	83.9	58.50	25.40	Inf	Asn	97.4	high confidence set
CM011110.1	5	4151058	4151128	Gly	GCC	0	0	66.5	44.80	21.70	Inf	Gly	94.4	high confidence set
CM011110.1	6	4692478	4692549	Gln	TTG	0	0	74.2	54.70	19.50	Inf	Gln	105.6	high confidence set
CM011110.1	9	13289058	13289131	Val	AAC	0	0	63.6	45.70	17.90	Inf	Val	85.7	high confidence set
CM011110.1	11	15226151	15226223	Ala	TGC	0	0	52.8	30.80	22.00	Inf	Ala	81.9	high confidence set
CM011110.1	12	15313478	15313550	Ala	TGC	0	0	58.9	35.00	23.90	Inf	Ala	90.1	high confidence set
CM011110.1	25	35868339	35868268	Asp	GTC	0	0	59.5	45.10	14.40	Inf	Asp	89.2	high confidence set
CM011110.1	27	19807195	19807124	Thr	TGT	0	0	69.7	49.20	20.50	Inf	Thr	80.9	high confidence set
CM011110.1	31	6953167	6953083	Met	CAT	6953129	6953119	64.3	40.80	23.50	Inf	Met	104.0	high confidence set
CM011110.1	33	6864587	6864503	Met	CAT	6864549	6864539	64.3	40.80	23.50	Inf	Met	104.0	high confidence set
CM011110.1	34	5406891	5406810	Ser	AGA	0	0	79.6	43.50	36.10	Inf	Ser	114.9	high confidence set
CM011110.1	35	944109	944036	Thr	AGT	0	0	76.0	48.40	27.60	Inf	Thr	90.6	high confidence set
CM011111.1	1	190591	190663	Ala	TGC	0	0	66.0	44.00	22.00	Inf	Ala	95.5	high confidence set
CM011111.1	2	1581963	1582033	Gly	CCC	0	0	66.3	29.50	36.80	Inf	Gly	89.7	high confidence set
CM011111.1	4	2775528	2775601	Asn	GTT	0	0	83.9	58.50	25.40	Inf	Asn	97.4	high confidence set
CM011111.1	6	13429566	13429638	Ala	TGC	0	0	56.4	31.30	25.10	Inf	Ala	89.1	high confidence set
CM011111.1	14	17468157	17468086	iMet	CAT	0	0	58.3	28.10	30.20	Inf	iMet	118.7	high confidence set
CM011111.1	15	17466104	17466033	iMet	CAT	0	0	58.3	28.10	30.20	Inf	iMet	118.7	high confidence set
CM011111.1	16	17464052	17463981	iMet	CAT	0	0	58.3	28.10	30.20	Inf	iMet	118.7	high confidence set
CM011111.1	17	17462008	17461937	iMet	CAT	0	0	58.3	28.10	30.20	Inf	iMet	118.7	high confidence set
CM011111.1	18	15568142	15568071	Thr	TGT	0	0	68.2	52.50	15.70	Inf	Thr	79.7	high confidence set
CM011111.1	24	5579564	5579480	Met	CAT	5579526	5579516	64.9	41.40	23.50	Inf	Met	103.3	high confidence set
CM011111.1	25	4321897	4321816	Ser	AGA	0	0	79.6	43.50	36.10	Inf	Ser	114.9	high confidence set
CM011111.1	27	887126	887053	Thr	AGT	0	0	76.0	48.40	27.60	Inf	Thr	90.6	high confidence set
CM011112.1	1	978937	979010	Arg	TCG	0	0	82.3	61.00	21.30	Inf	Arg	91.9	high confidence set
CM011112.1	2	3878881	3878952	Asp	GTC	0	0	70.4	47.40	23.00	Inf	Asp	94.4	high confidence set
CM011112.1	5	7876490	7876570	Asp	GTC	0	0	53.3	38.40	14.90	Inf	Asp	79.2	high confidence set
CM011112.1	7	13988328	13988399	iMet	CAT	0	0	58.3	28.10	30.20	Inf	iMet	118.7	high confidence set
CM011112.1	8	13990658	13990729	iMet	CAT	0	0	58.3	28.10	30.20	Inf	iMet	118.7	high confidence set
CM011112.1	10	31410449	31410522	Val	AAC	0	0	71.0	46.70	24.30	Inf	Val	93.0	high confidence set
CM011112.1	12	38890957	38891030	Asn	GTT	0	0	83.9	58.50	25.40	Inf	Asn	97.4	high confidence set
CM011112.1	13	38922976	38923049	Asn	GTT	0	0	81.5	56.00	25.50	Inf	Asn	93.9	high confidence set
CM011112.1	15	39800481	39800410	Pro	AGG	0	0	62.9	30.20	32.70	Inf	Pro	106.4	high confidence set
CM011112.1	16	39512737	39512657	Leu	CAG	0	0	69.5	46.80	22.70	Inf	Leu	109.7	high confidence set
CM011112.1	18	38752602	38752529	Ile	AAT	0	0	84.9	58.30	26.60	Inf	Ile	109.3	high confidence set
CM011112.1	20	31428168	31428095	Val	AAC	0	0	72.9	48.60	24.30	Inf	Val	93.8	high confidence set
CM011112.1	26	11241134	11241055	Leu	TAG	0	0	69.5	48.50	21.00	Inf	Leu	111.5	high confidence set
CM011112.1	28	8703327	8703255	Phe	GAA	0	0	70.4	57.80	12.60	Inf	Phe	106.0	high confidence set
CM011112.1	29	8703134	8703062	Phe	GAA	0	0	78.3	58.40	19.90	Inf	Phe	113.2	high confidence set
CM011112.1	30	7789676	7789606	Gly	GCC	0	0	66.5	44.80	21.70	Inf	Gly	94.4	high confidence set
CM011112.1	31	7543276	7543205	Thr	TGT	0	0	73.2	45.00	28.20	Inf	Thr	84.8	high confidence set
CM011112.1	34	7542268	7542197	Thr	TGT	0	0	74.9	45.20	29.70	Inf	Thr	88.6	high confidence set
CM011112.1	36	6301282	6301212	Gln	TTG	0	0	59.8	43.10	16.70	Inf	Gln	89.7	high confidence set
CM011112.1	37	3658136	3658063	Asn	GTT	0	0	84.5	59.40	25.10	Inf	Asn	95.9	high confidence set
CM011112.1	38	3445562	3445482	Leu	CAG	0	0	69.5	46.80	22.70	Inf	Leu	109.7	high confidence set
CM011112.1	39	2796417	2796336	Ser	AGA	0	0	78.7	42.50	36.20	Inf	Ser	114.6	high confidence set
CM011113.1	1	2824315	2824388	Asn	GTT	0	0	80.8	55.30	25.50	Inf	Asn	92.7	high confidence set
CM011113.1	2	6227933	6228004	Asp	GTC	0	0	70.4	47.40	23.00	Inf	Asp	94.4	high confidence set
CM011113.1	6	14916662	14916733	iMet	CAT	0	0	54.9	27.80	27.10	Inf	iMet	113.7	high confidence set
CM011113.1	7	14927538	14927609	iMet	CAT	0	0	58.3	28.10	30.20	Inf	iMet	118.7	high confidence set
CM011113.1	8	14936148	14936219	iMet	CAT	0	0	54.9	27.80	27.10	Inf	iMet	113.7	high confidence set
CM011113.1	12	39022834	39022907	Asn	GTT	0	0	72.7	55.10	17.60	Inf	Ile	72.7	IPD:-1.60,isotype mismatch
CM011113.1	13	39074856	39074929	Asn	GTT	0	0	76.3	50.80	25.50	Inf	Asn	91.5	high confidence set
CM011113.1	14	39127442	39127515	Asn	GTT	0	0	77.7	52.30	25.40	Inf	Asn	87.3	high confidence set
CM011113.1	15	40703730	40703658	Ala	AGC	0	0	63.4	38.20	25.20	Inf	Ala	98.3	high confidence set
CM011113.1	16	40702768	40702696	Ala	AGC	0	0	63.4	38.20	25.20	Inf	Ala	98.3	high confidence set
CM011113.1	17	40701932	40701860	Ala	AGC	0	0	56.6	32.50	24.10	Inf	Ala	91.6	high confidence set
CM011113.1	18	40701099	40701027	Ala	AGC	0	0	63.4	38.20	25.20	Inf	Ala	98.3	high confidence set
CM011113.1	19	40007564	40007493	Pro	AGG	0	0	67.4	34.70	32.70	Inf	Pro	112.3	high confidence set
CM011113.1	20	39814067	39813987	Leu	CAG	0	0	69.5	46.80	22.70	Inf	Leu	109.7	high confidence set
CM011113.1	23	38820820	38820747	Ile	AAT	0	0	84.9	58.30	26.60	Inf	Ile	109.3	high confidence set
CM011113.1	31	12566535	12566456	Leu	TAG	0	0	69.5	48.50	21.00	Inf	Leu	111.5	high confidence set
CM011113.1	33	10595156	10595084	Phe	GAA	0	0	78.3	58.40	19.90	Inf	Phe	113.2	high confidence set
CM011113.1	34	10594963	10594891	Phe	GAA	0	0	78.3	58.40	19.90	Inf	Phe	113.2	high confidence set
CM011113.1	35	9763252	9763182	Gly	GCC	0	0	66.5	44.80	21.70	Inf	Gly	94.4	high confidence set
CM011113.1	36	9437800	9437729	Thr	TGT	0	0	79.3	49.30	30.00	Inf	Thr	92.3	high confidence set
CM011113.1	37	9437466	9437395	Thr	TGT	0	0	70.6	46.30	24.30	Inf	Thr	81.9	high confidence set
CM011113.1	38	9437140	9437069	Thr	TGT	0	0	65.2	41.90	23.30	Inf	Thr	75.6	high confidence set
CM011113.1	40	9436476	9436405	Thr	TGT	0	0	80.9	48.30	32.60	Inf	Thr	92.9	high confidence set
CM011113.1	41	9436151	9436080	Thr	TGT	0	0	71.1	48.90	22.20	Inf	Thr	81.8	high confidence set
CM011113.1	42	9435812	9435741	Thr	TGT	0	0	79.3	49.30	30.00	Inf	Thr	92.3	high confidence set
CM011113.1	44	8941754	8941683	Gln	TTG	0	0	73.5	53.70	19.80	Inf	Gln	104.8	high confidence set
CM011113.1	45	5980083	5980010	Asn	GTT	0	0	84.5	59.40	25.10	Inf	Asn	95.9	high confidence set
CM011113.1	46	5961379	5961306	Asn	GTT	0	0	84.5	59.40	25.10	Inf	Asn	95.9	high confidence set
CM011113.1	47	5790545	5790465	Leu	CAG	0	0	69.5	46.80	22.70	Inf	Leu	109.7	high confidence set
CM011113.1	48	4827969	4827888	Ser	AGA	0	0	78.7	42.50	36.20	Inf	Ser	114.6	high confidence set
CM011113.1	49	3190213	3190140	Arg	TCG	0	0	82.3	61.00	21.30	Inf	Arg	91.9	high confidence set
CM011113.1	50	3178307	3178234	Arg	TCG	0	0	82.3	61.00	21.30	Inf	Arg	91.9	high confidence set
CM011113.1	51	2645804	2645732	Lys	CTT	0	0	86.8	66.60	20.20	Inf	Lys	107.7	high confidence set
CM011113.1	52	1170434	1170363	Thr	CGT	0	0	65.1	46.70	18.40	Inf	Thr	72.8	high confidence set
CM011113.1	53	891124	891052	Lys	CTT	0	0	86.8	66.60	20.20	Inf	Lys	107.7	high confidence set
CM011115.1	7	11258644	11258730	Ser	GGA	0	0	54.9	28.30	26.60	Inf	Ser	76.7	unexpected anticodon
CM011115.1	14	31521676	31521757	Ser	TGA	0	0	78.3	44.40	33.90	Inf	Ser	115.8	high confidence set
CM011115.1	16	34428701	34428772	Glu	TTC	0	0	72.0	47.50	24.50	Inf	Glu	101.6	high confidence set
CM011115.1	17	36969719	36969790	iMet	CAT	0	0	58.3	28.10	30.20	Inf	iMet	118.7	high confidence set
CM011115.1	18	38443932	38444004	Phe	GAA	0	0	75.9	55.90	20.00	Inf	Phe	108.5	high confidence set
CM011115.1	19	37567538	37567466	Phe	GAA	0	0	78.3	58.40	19.90	Inf	Phe	113.2	high confidence set
CM011115.1	20	37277515	37277443	Phe	GAA	0	0	78.3	58.40	19.90	Inf	Phe	113.2	high confidence set
CM011115.1	21	37041200	37041129	iMet	CAT	0	0	58.3	28.10	30.20	Inf	iMet	118.7	high confidence set
CM011115.1	22	36717280	36717199	Ser	AGA	0	0	78.7	42.50	36.20	Inf	Ser	114.6	high confidence set
CM011115.1	23	36645246	36645174	Phe	GAA	0	0	78.3	58.40	19.90	Inf	Phe	113.2	high confidence set
CM011115.1	24	36537183	36537112	Gln	CTG	0	0	75.3	51.20	24.10	Inf	Gln	103.1	high confidence set
CM011115.1	25	35733480	35733407	Ile	TAT	0	0	82.4	63.80	18.60	Inf	Ile	100.5	high confidence set
CM011115.1	29	32712926	32712854	Val	TAC	0	0	75.3	42.20	33.10	Inf	Val	99.8	high confidence set
CM011115.1	31	31014594	31014522	Ala	AGC	0	0	63.4	38.20	25.20	Inf	Ala	98.3	high confidence set
CM011114.1	3	1520164	1520235	iMet	CAT	0	0	58.3	28.10	30.20	Inf	iMet	118.7	high confidence set
CM011114.1	6	1545591	1545662	iMet	CAT	0	0	52.2	21.60	30.60	Inf	iMet	111.0	high confidence set
CM011114.1	7	1546590	1546661	iMet	CAT	0	0	58.3	28.10	30.20	Inf	iMet	118.7	high confidence set
CM011114.1	9	1547585	1547656	iMet	CAT	0	0	54.9	27.80	27.10	Inf	iMet	113.7	high confidence set
CM011114.1	11	1590388	1590459	iMet	CAT	0	0	58.3	28.10	30.20	Inf	iMet	118.7	high confidence set
CM011114.1	16	6339083	6339154	Gly	TCC	0	0	71.0	46.70	24.30	Inf	Gly	82.3	high confidence set
CM011114.1	22	36757457	36757538	Ser	TGA	0	0	78.3	44.40	33.90	Inf	Ser	115.8	high confidence set
CM011114.1	23	39677106	39677177	Glu	TTC	0	0	72.0	47.50	24.50	Inf	Glu	101.6	high confidence set
CM011114.1	24	39689716	39689787	Glu	TTC	0	0	72.0	47.50	24.50	Inf	Glu	101.6	high confidence set
CM011114.1	25	40524135	40524207	Arg	ACG	0	0	71.7	49.10	22.60	Inf	Arg	91.4	high confidence set
CM011114.1	27	43106245	43106316	iMet	CAT	0	0	58.3	28.10	30.20	Inf	iMet	118.7	high confidence set
CM011114.1	28	43355823	43355895	Ala	AGC	0	0	63.4	38.20	25.20	Inf	Ala	98.3	high confidence set
CM011114.1	30	44710608	44710680	Phe	GAA	0	0	75.9	55.90	20.00	Inf	Phe	108.5	high confidence set
CM011114.1	31	44078563	44078493	Gly	GCC	0	0	66.5	44.80	21.70	Inf	Gly	94.4	high confidence set
CM011114.1	32	44077630	44077560	Gly	GCC	0	0	66.5	44.80	21.70	Inf	Gly	94.4	high confidence set
CM011114.1	33	43852715	43852643	Phe	GAA	0	0	78.3	58.40	19.90	Inf	Phe	113.2	high confidence set
CM011114.1	34	43608665	43608595	Gly	GCC	0	0	66.5	44.80	21.70	Inf	Gly	94.4	high confidence set
CM011114.1	35	43607734	43607664	Gly	GCC	0	0	66.5	44.80	21.70	Inf	Gly	94.4	high confidence set
CM011114.1	36	43166981	43166910	iMet	CAT	0	0	58.3	28.10	30.20	Inf	iMet	118.7	high confidence set
CM011114.1	37	42917339	42917268	Gln	CTG	0	0	75.3	51.20	24.10	Inf	Gln	103.1	high confidence set
CM011114.1	38	42126010	42125937	Ile	TAT	0	0	82.4	63.80	18.60	Inf	Ile	100.5	high confidence set
CM011114.1	39	41102201	41102129	Glu	CTC	0	0	74.9	49.20	25.70	Inf	Glu	94.6	high confidence set
CM011114.1	40	38149000	38148928	Val	TAC	0	0	75.3	42.20	33.10	Inf	Val	99.8	high confidence set
CM011114.1	47	10286926	10286853	Thr	AGT	0	0	75.3	47.40	27.90	Inf	Thr	89.8	high confidence set
CM011116.1	1	656364	656443	Leu	TAG	0	0	69.5	48.50	21.00	Inf	Leu	111.5	high confidence set
CM011116.1	4	2064205	2064285	Leu	AAG	0	0	74.0	52.20	21.80	Inf	Leu	110.4	high confidence set
CM011116.1	5	3621511	3621582	Trp	CCA	0	0	75.8	51.20	24.60	Inf	Trp	105.6	high confidence set
CM011116.1	6	4837263	4837335	Arg	CCT	0	0	71.6	51.30	20.30	Inf	Arg	83.8	high confidence set
CM011116.1	7	6890655	6890726	Pro	TGG	0	0	69.2	36.90	32.30	Inf	Pro	112.8	high confidence set
CM011116.1	9	13275356	13275427	Cys	GCA	0	0	71.3	53.70	17.60	Inf	Cys	97.8	high confidence set
CM011116.1	10	13275719	13275790	Cys	GCA	0	0	69.3	46.40	22.90	Inf	Cys	94.4	high confidence set
CM011116.1	16	17936228	17936299	Asp	GTC	0	0	67.8	44.80	23.00	Inf	Asp	92.9	high confidence set
CM011116.1	20	38205838	38205911	Thr	AGT	0	0	76.0	48.40	27.60	Inf	Thr	90.6	high confidence set
CM011116.1	21	38209114	38209187	Thr	AGT	0	0	76.0	48.40	27.60	Inf	Thr	90.6	high confidence set
CM011116.1	24	40024400	40024471	Gly	TCC	0	0	66.4	39.10	27.30	Inf	Gly	77.0	high confidence set
CM011116.1	26	43148671	43148599	Thr	TGT	0	0	64.6	48.60	16.00	Inf	Thr	71.8	high confidence set
CM011116.1	35	17226148	17226075	Ile	AAT	0	0	79.8	56.30	23.50	Inf	Ile	101.1	high confidence set
CM011116.1	36	15740439	15740368	Thr	TGT	0	0	80.9	48.30	32.60	Inf	Thr	92.9	high confidence set
CM011116.1	38	11985155	11985083	Ala	TGC	0	0	63.7	38.60	25.10	Inf	Ala	96.5	high confidence set
CM011116.1	39	11984849	11984777	Ala	TGC	0	0	59.8	37.90	21.90	Inf	Ala	94.6	high confidence set
CM011116.1	40	11984548	11984476	Ala	TGC	0	0	59.8	37.90	21.90	Inf	Ala	94.6	high confidence set
CM011116.1	41	11873338	11873257	Ser	GCT	0	0	80.5	45.20	35.30	Inf	Ser	109.5	high confidence set
CM011116.1	42	11283314	11283241	Thr	AGT	0	0	72.6	48.80	23.80	Inf	Thr	85.3	high confidence set
CM011116.1	43	11205284	11205211	Thr	AGT	0	0	72.6	48.80	23.80	Inf	Thr	85.3	high confidence set
CM011116.1	44	7888215	7888134	Ser	GCT	0	0	80.5	45.20	35.30	Inf	Ser	109.5	high confidence set
CM011116.1	45	5837322	5837241	Ser	GCT	0	0	80.5	45.20	35.30	Inf	Ser	109.5	high confidence set
CM011116.1	46	5804117	5804037	Leu	AAG	0	0	74.0	52.20	21.80	Inf	Leu	110.4	high confidence set
CM011116.1	47	5803935	5803855	Leu	AAG	0	0	74.0	52.20	21.80	Inf	Leu	110.4	high confidence set
CM011116.1	48	5803765	5803685	Leu	AAG	0	0	67.3	53.20	14.10	Inf	Leu	100.4	high confidence set
CM011116.1	49	4926653	4926572	Ser	AGA	0	0	77.1	42.80	34.30	Inf	Ser	110.5	high confidence set
CM011116.1	50	4921631	4921550	Ser	AGA	0	0	77.1	42.80	34.30	Inf	Ser	110.5	high confidence set
CM011116.1	51	3738593	3738521	Arg	CCT	0	0	69.1	50.30	18.80	Inf	Arg	81.2	high confidence set
CM011116.1	52	2750016	2749937	Leu	TAG	0	0	69.5	48.50	21.00	Inf	Leu	111.5	high confidence set
CM011116.1	53	1601529	1601459	Gly	GCC	0	0	66.5	44.80	21.70	Inf	Gly	94.4	high confidence set
CM011116.1	54	878665	878593	Ala	AGC	0	0	63.4	38.20	25.20	Inf	Ala	98.3	high confidence set
CM011116.1	55	664466	664396	Gly	GCC	0	0	66.5	44.80	21.70	Inf	Gly	94.4	high confidence set
CM011117.1	1	83988	84060	Lys	TTT	0	0	88.7	64.40	24.30	Inf	Lys	93.7	high confidence set
CM011117.1	2	107045	107118	Arg	TCG	0	0	81.9	60.40	21.50	Inf	Arg	92.9	high confidence set
CM011117.1	3	1051379	1051458	Leu	TAG	0	0	69.5	48.50	21.00	Inf	Leu	111.5	high confidence set
CM011117.1	6	2631206	2631294	Tyr	GTA	2631243	2631258	74.3	42.90	31.40	Inf	Tyr	111.8	high confidence set
CM011117.1	7	2660359	2660431	Lys	TTT	0	0	88.7	64.40	24.30	Inf	Lys	93.7	high confidence set
CM011117.1	9	3033957	3034028	Pro	AGG	0	0	67.4	34.70	32.70	Inf	Pro	112.3	high confidence set
CM011117.1	10	3034226	3034297	Pro	AGG	0	0	67.4	34.70	32.70	Inf	Pro	112.3	high confidence set
CM011117.1	11	4190983	4191055	Ala	AGC	0	0	63.4	38.20	25.20	Inf	Ala	98.3	high confidence set
CM011117.1	12	4192782	4192854	Ala	AGC	0	0	63.4	38.20	25.20	Inf	Ala	98.3	high confidence set
CM011117.1	13	4395229	4395309	Leu	AAG	0	0	74.0	52.20	21.80	Inf	Leu	110.4	high confidence set
CM011117.1	14	6155910	6155982	Arg	CCT	0	0	69.1	50.30	18.80	Inf	Arg	81.2	high confidence set
CM011117.1	15	8172599	8172670	Pro	TGG	0	0	69.2	36.90	32.30	Inf	Pro	112.8	high confidence set
CM011117.1	22	40683569	40683640	Thr	TGT	0	0	75.3	43.20	32.10	Inf	Thr	86.5	high confidence set
CM011117.1	23	49992229	49992302	Thr	AGT	0	0	76.0	48.40	27.60	Inf	Thr	90.6	high confidence set
CM011117.1	24	49995545	49995618	Thr	AGT	0	0	76.0	48.40	27.60	Inf	Thr	90.6	high confidence set
CM011117.1	25	51398089	51398160	Gly	TCC	0	0	66.4	39.10	27.30	Inf	Gly	77.0	high confidence set
CM011117.1	31	16341365	16341292	Ile	AAT	0	0	81.8	58.30	23.50	Inf	Ile	106.8	high confidence set
CM011117.1	32	15671755	15671684	Cys	GCA	0	0	66.3	51.60	14.70	Inf	Cys	91.4	high confidence set
CM011117.1	33	15671392	15671321	Cys	GCA	0	0	69.3	46.40	22.90	Inf	Cys	94.4	high confidence set
CM011117.1	35	14737840	14737769	Thr	TGT	0	0	79.3	49.30	30.00	Inf	Thr	92.3	high confidence set
CM011117.1	36	12446450	12446369	Ser	GCT	0	0	80.5	45.20	35.30	Inf	Ser	109.5	high confidence set
CM011117.1	37	11750504	11750431	Thr	AGT	0	0	76.0	48.40	27.60	Inf	Thr	90.6	high confidence set
CM011117.1	41	6235518	6235437	Ser	AGA	0	0	77.1	42.80	34.30	Inf	Ser	110.5	high confidence set
CM011117.1	42	6230406	6230325	Ser	AGA	0	0	77.1	42.80	34.30	Inf	Ser	110.5	high confidence set
CM011117.1	43	5078814	5078735	Leu	TAG	0	0	69.2	49.00	20.20	Inf	Leu	109.5	high confidence set
CM011117.1	45	4228313	4228231	Leu	TAA	0	0	68.4	29.10	39.30	Inf	Leu	90.1	high confidence set
CM011117.1	46	4073605	4073533	Arg	TCT	0	0	68.1	50.00	18.10	Inf	Arg	96.3	high confidence set
CM011117.1	47	2642337	2642264	Arg	TCG	0	0	81.9	60.40	21.50	Inf	Arg	92.9	high confidence set
CM011117.1	48	2428920	2428849	His	GTG	0	0	63.0	33.70	29.30	Inf	His	86.8	high confidence set
CM011117.1	50	1934701	1934631	Gly	GCC	0	0	66.5	44.80	21.70	Inf	Gly	94.4	high confidence set
CM011117.1	51	1278343	1278271	Ala	AGC	0	0	63.4	38.20	25.20	Inf	Ala	98.3	high confidence set
CM011117.1	52	1061762	1061692	Gly	GCC	0	0	66.5	44.80	21.70	Inf	Gly	94.4	high confidence set
CM011117.1	53	118182	118094	Tyr	GTA	118145	118130	74.3	42.80	31.50	Inf	Tyr	111.8	high confidence set
CM011117.1	54	60546	60473	Arg	TCG	0	0	81.9	60.40	21.50	Inf	Arg	92.9	high confidence set
CM011118.1	1	240008	240079	Pro	TGG	0	0	68.5	35.70	32.80	Inf	Pro	111.2	high confidence set
CM011118.1	2	1180730	1180810	Leu	CAG	0	0	69.5	46.80	22.70	Inf	Leu	109.7	high confidence set
CM011118.1	3	2324993	2325065	Ala	TGC	0	0	70.0	45.30	24.70	Inf	Ala	100.6	high confidence set
CM011118.1	4	4391913	4391986	Arg	TCG	0	0	82.3	61.00	21.30	Inf	Arg	91.9	high confidence set
CM011118.1	5	5524570	5524651	Ser	AGA	0	0	77.1	42.80	34.30	Inf	Ser	110.5	high confidence set
CM011118.1	6	6088221	6088292	Gln	CTG	0	0	75.3	51.20	24.10	Inf	Gln	103.1	high confidence set
CM011118.1	7	6222049	6222120	Asp	GTC	0	0	69.8	46.80	23.00	Inf	Asp	95.8	high confidence set
CM011118.1	9	6857018	6857089	His	GTG	0	0	63.0	33.70	29.30	Inf	His	86.8	high confidence set
CM011118.1	10	8008894	8008977	Leu	CAA	0	0	81.0	54.60	26.40	Inf	Leu	125.6	high confidence set
CM011118.1	11	8011403	8011486	Leu	CAA	0	0	81.0	54.60	26.40	Inf	Leu	125.6	high confidence set
CM011118.1	13	10191686	10191758	Arg	TCT	0	0	68.1	50.00	18.10	Inf	Arg	96.3	high confidence set
CM011118.1	15	10516242	10516323	Ser	GCT	0	0	80.5	45.20	35.30	Inf	Ser	109.5	high confidence set
CM011118.1	16	11186016	11186100	Met	CAT	11186054	11186064	64.3	40.80	23.50	Inf	Met	104.0	high confidence set
CM011118.1	17	11186519	11186608	Tyr	GTA	11186556	11186572	74.3	42.80	31.50	Inf	Tyr	111.8	high confidence set
CM011118.1	18	11201997	11202069	Glu	CTC	0	0	63.7	46.30	17.40	Inf	Glu	85.6	high confidence set
CM011118.1	19	11396875	11396946	Glu	TTC	0	0	72.0	47.50	24.50	Inf	Glu	101.6	high confidence set
CM011118.1	20	11481456	11481528	Arg	ACG	0	0	71.7	49.10	22.60	Inf	Arg	91.4	high confidence set
CM011118.1	29	13480970	13480899	Gln	CTG	0	0	65.4	44.20	21.20	Inf	Gln	90.1	high confidence set
CM011118.1	30	13479162	13479091	Gln	TTG	0	0	60.2	47.40	12.80	Inf	Gln	85.6	high confidence set
CM011118.1	31	13478625	13478554	Gln	CTG	0	0	70.3	43.90	26.40	Inf	Gln	96.8	high confidence set
CM011118.1	34	12307369	12307298	Trp	CCA	0	0	75.8	51.20	24.60	Inf	Trp	105.6	high confidence set
CM011118.1	35	12227148	12227075	Val	CAC	0	0	81.5	53.50	28.00	Inf	Val	103.7	high confidence set
CM011118.1	36	10304857	10304785	Ala	CGC	0	0	68.3	44.10	24.20	Inf	Ala	99.2	high confidence set
CM011118.1	37	8961064	8960983	Ser	AGA	0	0	78.7	42.50	36.20	Inf	Ser	114.6	high confidence set
CM011118.1	38	8820605	8820534	Cys	GCA	0	0	82.1	59.90	22.20	Inf	Cys	106.6	high confidence set
CM011118.1	39	8623795	8623723	Lys	TTT	0	0	89.6	66.00	23.60	Inf	Lys	96.4	high confidence set
CM011118.1	41	7757455	7757384	Glu	TTC	0	0	72.0	47.50	24.50	Inf	Glu	101.6	high confidence set
CM011118.1	42	7663512	7663439	Ile	AAT	0	0	81.8	58.30	23.50	Inf	Ile	106.8	high confidence set
CM011118.1	43	7662245	7662172	Ile	AAT	0	0	81.8	58.30	23.50	Inf	Ile	106.8	high confidence set
CM011118.1	44	7661788	7661715	Ile	AAT	0	0	79.3	55.80	23.50	Inf	Ile	104.3	high confidence set
CM011118.1	45	7661354	7661281	Ile	AAT	0	0	81.8	58.30	23.50	Inf	Ile	106.8	high confidence set
CM011118.1	46	7660895	7660822	Ile	AAT	0	0	81.8	58.30	23.50	Inf	Ile	106.8	high confidence set
CM011118.1	47	7660438	7660365	Ile	AAT	0	0	81.8	58.30	23.50	Inf	Ile	106.8	high confidence set
CM011118.1	48	7659974	7659901	Ile	AAT	0	0	72.7	51.00	21.70	Inf	Ile	99.8	high confidence set
CM011118.1	49	7659512	7659439	Ile	AAT	0	0	81.8	58.30	23.50	Inf	Ile	106.8	high confidence set
CM011118.1	50	7659054	7658981	Ile	AAT	0	0	81.8	58.30	23.50	Inf	Ile	106.8	high confidence set
CM011118.1	51	7658590	7658517	Ile	AAT	0	0	72.7	51.00	21.70	Inf	Ile	99.8	high confidence set
CM011118.1	52	7175578	7175506	Glu	CTC	0	0	74.9	49.20	25.70	Inf	Glu	94.6	high confidence set
CM011118.1	53	7137667	7137595	Lys	CTT	0	0	85.5	65.40	20.10	Inf	Lys	103.4	high confidence set
CM011118.1	55	6569585	6569514	Gln	CTG	0	0	75.3	51.20	24.10	Inf	Gln	103.1	high confidence set
CM011118.1	56	6481449	6481378	Glu	TTC	0	0	72.0	47.50	24.50	Inf	Glu	101.6	high confidence set
CM011118.1	57	6013582	6013510	Val	TAC	0	0	77.8	43.10	34.70	Inf	Val	106.5	high confidence set
CM011118.1	58	5524800	5524727	Asn	GTT	0	0	84.5	59.40	25.10	Inf	Asn	95.9	high confidence set
CM011118.1	59	4540963	4540890	Thr	AGT	0	0	76.0	48.40	27.60	Inf	Thr	90.6	high confidence set
CM011118.1	60	3174346	3174275	Asp	GTC	0	0	67.1	44.10	23.00	Inf	Asp	95.9	high confidence set
CM011118.1	61	2567604	2567533	Asp	GTC	0	0	69.8	46.80	23.00	Inf	Asp	95.8	high confidence set
CM011118.1	62	2567448	2567377	Asp	GTC	0	0	69.8	46.80	23.00	Inf	Asp	95.8	high confidence set
CM011118.1	63	2432944	2432873	Thr	CGT	0	0	80.5	54.30	26.20	Inf	Thr	87.3	high confidence set
CM011118.1	64	2358099	2358026	Asn	GTT	0	0	84.5	59.40	25.10	Inf	Asn	95.9	high confidence set
CM011118.1	65	1535047	1534976	Gln	TTG	0	0	74.2	54.70	19.50	Inf	Gln	105.6	high confidence set
CM011118.1	66	1413711	1413639	Ala	TGC	0	0	62.8	38.70	24.10	Inf	Ala	93.1	high confidence set
CM011118.1	67	1413551	1413480	Ala	TGC	0	0	51.4	35.20	16.20	Inf	Ala	80.9	high confidence set
CM011119.1	1	167185	167257	Ala	TGC	0	0	70.0	45.30	24.70	Inf	Ala	100.6	high confidence set
CM011119.1	2	1315856	1315927	Trp	CCA	0	0	75.8	51.20	24.60	Inf	Trp	105.6	high confidence set
CM011119.1	3	2498627	2498700	Arg	TCG	0	0	82.3	61.00	21.30	Inf	Arg	91.9	high confidence set
CM011119.1	4	3259062	3259143	Ser	AGA	0	0	77.1	42.80	34.30	Inf	Ser	110.5	high confidence set
CM011119.1	5	3334965	3335046	Ser	AGA	0	0	77.1	42.80	34.30	Inf	Ser	110.5	high confidence set
CM011119.1	6	3827550	3827621	Gln	CTG	0	0	75.3	51.20	24.10	Inf	Gln	103.1	high confidence set
CM011119.1	7	3932208	3932279	Gln	CTG	0	0	75.3	51.20	24.10	Inf	Gln	103.1	high confidence set
CM011119.1	8	5206804	5206887	Leu	CAA	0	0	71.6	45.20	26.40	Inf	Leu	108.4	high confidence set
CM011119.1	9	5208577	5208660	Leu	CAA	0	0	81.0	54.60	26.40	Inf	Leu	125.6	high confidence set
CM011119.1	10	7317307	7317379	Arg	TCT	0	0	68.1	50.00	18.10	Inf	Arg	96.3	high confidence set
CM011119.1	11	7706534	7706615	Ser	GCT	0	0	80.5	45.20	35.30	Inf	Ser	109.5	high confidence set
CM011119.1	12	8408771	8408855	Met	CAT	8408809	8408819	64.3	40.80	23.50	Inf	Met	104.0	high confidence set
CM011119.1	13	8409274	8409363	Tyr	GTA	8409311	8409327	74.3	42.80	31.50	Inf	Tyr	111.8	high confidence set
CM011119.1	14	8424441	8424513	Glu	CTC	0	0	63.7	46.30	17.40	Inf	Glu	85.6	high confidence set
CM011119.1	15	8635638	8635709	Glu	TTC	0	0	65.6	47.00	18.60	Inf	Glu	91.4	high confidence set
CM011119.1	16	8699781	8699853	Arg	ACG	0	0	71.7	49.10	22.60	Inf	Arg	91.4	high confidence set
CM011119.1	23	31583047	31582976	Asp	GTC	0	0	57.9	41.20	16.70	Inf	Asp	79.5	high confidence set
CM011119.1	25	10976965	10976894	Gln	CTG	0	0	72.0	45.00	27.00	Inf	Gln	102.7	high confidence set
CM011119.1	26	10975161	10975091	Gln	TTG	0	0	51.9	31.70	20.20	Inf	Gln	77.2	high confidence set
CM011119.1	27	10974624	10974553	Gln	CTG	0	0	64.0	43.90	20.10	Inf	Gln	88.2	high confidence set
CM011119.1	28	10974282	10974211	Gln	TTG	0	0	56.6	43.10	13.50	Inf	Gln	75.7	high confidence set
CM011119.1	29	9940168	9940098	Gly	GCC	0	0	66.5	44.80	21.70	Inf	Gly	94.4	high confidence set
CM011119.1	30	9448313	9448242	Trp	CCA	0	0	75.8	51.20	24.60	Inf	Trp	105.6	high confidence set
CM011119.1	31	9389999	9389926	Val	CAC	0	0	81.5	53.50	28.00	Inf	Val	103.7	high confidence set
CM011119.1	32	7462275	7462203	Ala	CGC	0	0	68.3	44.10	24.20	Inf	Ala	99.2	high confidence set
CM011119.1	34	6159129	6159048	Ser	AGA	0	0	78.7	42.50	36.20	Inf	Ser	114.6	high confidence set
CM011119.1	35	6010636	6010565	Cys	GCA	0	0	82.1	59.90	22.20	Inf	Cys	106.6	high confidence set
CM011119.1	36	5836137	5836065	Lys	TTT	0	0	84.2	60.50	23.70	Inf	Lys	88.0	high confidence set
CM011119.1	38	4961256	4961185	Glu	TTC	0	0	72.0	47.50	24.50	Inf	Glu	101.6	high confidence set
CM011119.1	39	4867632	4867559	Ile	AAT	0	0	81.8	58.30	23.50	Inf	Ile	106.8	high confidence set
CM011119.1	40	4866365	4866292	Ile	AAT	0	0	81.8	58.30	23.50	Inf	Ile	106.8	high confidence set
CM011119.1	41	4865908	4865835	Ile	AAT	0	0	79.3	55.80	23.50	Inf	Ile	104.3	high confidence set
CM011119.1	42	4865474	4865401	Ile	AAT	0	0	81.8	58.30	23.50	Inf	Ile	106.8	high confidence set
CM011119.1	43	4865015	4864942	Ile	AAT	0	0	81.8	58.30	23.50	Inf	Ile	106.8	high confidence set
CM011119.1	44	4864558	4864485	Ile	AAT	0	0	81.8	58.30	23.50	Inf	Ile	106.8	high confidence set
CM011119.1	45	4864094	4864021	Ile	AAT	0	0	72.7	51.00	21.70	Inf	Ile	99.8	high confidence set
CM011119.1	46	4863632	4863559	Ile	AAT	0	0	81.8	58.30	23.50	Inf	Ile	106.8	high confidence set
CM011119.1	47	4863174	4863101	Ile	AAT	0	0	81.8	58.30	23.50	Inf	Ile	106.8	high confidence set
CM011119.1	48	4862710	4862637	Ile	AAT	0	0	72.7	51.00	21.70	Inf	Ile	99.8	high confidence set
CM011119.1	49	4379963	4379891	Glu	CTC	0	0	74.9	49.20	25.70	Inf	Glu	94.6	high confidence set
CM011119.1	50	4343653	4343581	Lys	CTT	0	0	86.8	66.60	20.20	Inf	Lys	107.7	high confidence set
CM011119.1	51	4294612	4294541	Pro	CGG	0	0	54.5	29.50	25.00	Inf	Pro	93.3	high confidence set
CM011119.1	52	3742642	3742570	Val	TAC	0	0	71.2	38.40	32.80	Inf	Val	101.5	high confidence set
CM011119.1	53	3335195	3335122	Asn	GTT	0	0	84.5	59.40	25.10	Inf	Asn	95.9	high confidence set
CM011119.1	54	3259435	3259362	Asn	GTT	0	0	81.0	55.80	25.20	Inf	Asn	89.0	high confidence set
CM011119.1	55	3259285	3259212	Asn	GTT	0	0	84.5	59.40	25.10	Inf	Asn	95.9	high confidence set
CM011119.1	56	2647375	2647302	Thr	AGT	0	0	76.0	48.40	27.60	Inf	Thr	90.6	high confidence set
CM011119.1	57	1089542	1089469	Ile	AAT	0	0	81.8	58.30	23.50	Inf	Ile	106.8	high confidence set
CM011119.1	58	888705	888634	Asp	GTC	0	0	67.1	44.10	23.00	Inf	Asp	97.2	high confidence set
CM011119.1	59	394415	394344	Asp	GTC	0	0	69.8	46.80	23.00	Inf	Asp	95.8	high confidence set
CM011119.1	60	394259	394188	Asp	GTC	0	0	65.3	45.20	20.10	Inf	Asp	88.0	high confidence set
CM011119.1	61	270032	269961	Thr	CGT	0	0	80.5	54.30	26.20	Inf	Thr	87.3	high confidence set
CM011119.1	62	190102	190029	Asn	GTT	0	0	84.5	59.40	25.10	Inf	Asn	95.9	high confidence set
CM011121.1	1	467959	468031	Arg	CCT	0	0	69.1	50.30	18.80	Inf	Arg	81.2	high confidence set
CM011121.1	2	634256	634337	Ser	GCT	0	0	80.5	45.20	35.30	Inf	Ser	109.5	high confidence set
CM011121.1	3	928344	928415	Asp	GTC	0	0	68.0	45.20	22.80	Inf	Asp	91.9	high confidence set
CM011121.1	4	928514	928585	Asp	GTC	0	0	68.0	45.30	22.70	Inf	Asp	90.5	high confidence set
CM011121.1	7	2552793	2552864	Cys	GCA	0	0	80.5	56.40	24.10	Inf	Cys	101.7	high confidence set
CM011121.1	8	3718105	3718176	Trp	CCA	0	0	75.8	51.20	24.60	Inf	Trp	105.6	high confidence set
CM011121.1	14	37193591	37193674	Leu	CAA	0	0	81.0	54.60	26.40	Inf	Leu	125.6	high confidence set
CM011121.1	15	38292380	38292452	Phe	GAA	0	0	78.3	58.40	19.90	Inf	Phe	113.2	high confidence set
CM011121.1	16	42605117	42605190	Val	AAC	0	0	72.9	48.60	24.30	Inf	Val	93.8	high confidence set
CM011121.1	17	43614936	43615008	Ala	AGC	0	0	63.4	38.20	25.20	Inf	Ala	98.3	high confidence set
CM011121.1	19	44326806	44326878	Ala	CGC	0	0	68.3	44.10	24.20	Inf	Ala	99.2	high confidence set
CM011121.1	20	44839003	44838921	Leu	TAA	0	0	68.4	29.10	39.30	Inf	Leu	90.1	high confidence set
CM011121.1	21	44675640	44675567	Val	AAC	0	0	71.9	47.60	24.30	Inf	Val	91.0	high confidence set
CM011121.1	22	44560757	44560687	Gly	CCC	0	0	66.3	29.50	36.80	Inf	Gly	89.7	high confidence set
CM011121.1	24	43937689	43937618	iMet	CAT	0	0	58.3	28.10	30.20	Inf	iMet	118.7	high confidence set
CM011121.1	25	43142723	43142650	Val	CAC	0	0	74.6	51.20	23.40	Inf	Val	97.6	high confidence set
CM011121.1	26	43137354	43137283	Asp	GTC	0	0	69.8	46.80	23.00	Inf	Asp	95.8	high confidence set
CM011121.1	27	42397756	42397685	Gly	TCC	0	0	71.0	46.70	24.30	Inf	Gly	82.3	high confidence set
CM011121.1	28	42357763	42357683	Leu	AAG	0	0	74.0	52.20	21.80	Inf	Leu	110.4	high confidence set
CM011121.1	29	41908828	41908756	Lys	CTT	0	0	86.8	66.60	20.20	Inf	Lys	107.7	high confidence set
CM011121.1	30	41477800	41477730	Gly	GCC	0	0	66.5	44.80	21.70	Inf	Gly	94.4	high confidence set
CM011121.1	32	37589936	37589864	Phe	GAA	0	0	78.3	58.40	19.90	Inf	Phe	113.2	high confidence set
CM011121.1	33	20480191	20480120	Thr	TGT	0	0	79.3	49.30	30.00	Inf	Thr	92.3	high confidence set
CM011121.1	37	4219160	4219087	Ile	AAT	0	0	81.8	58.30	23.50	Inf	Ile	106.8	high confidence set
CM011121.1	38	4219009	4218936	Ile	AAT	0	0	81.8	58.30	23.50	Inf	Ile	106.8	high confidence set
CM011121.1	39	2996752	2996668	Met	CAT	2996714	2996704	64.3	40.80	23.50	Inf	Met	104.0	high confidence set
CM011121.1	40	2870651	2870567	Met	CAT	2870613	2870603	64.3	40.80	23.50	Inf	Met	104.0	high confidence set
CM011121.1	41	321851	321779	Arg	CCG	0	0	67.8	49.10	18.70	Inf	Arg	93.5	high confidence set
CM011120.1	1	773933	774005	Arg	CCT	0	0	69.1	50.30	18.80	Inf	Arg	81.2	high confidence set
CM011120.1	2	949674	949755	Ser	GCT	0	0	80.5	45.20	35.30	Inf	Ser	109.5	high confidence set
CM011120.1	3	1228288	1228359	Asp	GTC	0	0	68.0	45.20	22.80	Inf	Asp	91.9	high confidence set
CM011120.1	4	1228458	1228529	Asp	GTC	0	0	68.0	45.30	22.70	Inf	Asp	90.5	high confidence set
CM011120.1	5	1230266	1230337	Asp	GTC	0	0	68.0	45.30	22.70	Inf	Asp	90.5	high confidence set
CM011120.1	6	2138515	2138586	Cys	GCA	0	0	80.5	56.40	24.10	Inf	Cys	101.7	high confidence set
CM011120.1	7	3095928	3095999	Trp	CCA	0	0	75.8	51.20	24.60	Inf	Trp	105.6	high confidence set
CM011120.1	8	3096105	3096176	Trp	CCA	0	0	75.8	51.20	24.60	Inf	Trp	105.6	high confidence set
CM011120.1	12	31816539	31816622	Leu	CAA	0	0	81.0	54.60	26.40	Inf	Leu	125.6	high confidence set
CM011120.1	13	32920313	32920385	Phe	GAA	0	0	78.3	58.40	19.90	Inf	Phe	113.2	high confidence set
CM011120.1	14	34839670	34839741	Trp	CCA	0	0	75.8	51.20	24.60	Inf	Trp	105.6	high confidence set
CM011120.1	16	37077254	37077327	Val	AAC	0	0	72.9	48.60	24.30	Inf	Val	93.8	high confidence set
CM011120.1	17	37864849	37864920	Ala	AGC	0	0	51.3	40.70	10.60	Inf	Ala	81.5	high confidence set
CM011120.1	19	38663170	38663242	Ala	CGC	0	0	68.3	44.10	24.20	Inf	Ala	99.2	high confidence set
CM011120.1	20	38898158	38898088	Gly	CCC	0	0	66.3	29.50	36.80	Inf	Gly	89.7	high confidence set
CM011120.1	21	38855598	38855526	Val	AAC	0	0	57.5	39.60	17.90	Inf	Val	74.2	high confidence set
CM011120.1	22	38109864	38109793	iMet	CAT	0	0	62.9	32.70	30.20	Inf	iMet	116.9	high confidence set
CM011120.1	23	36868319	36868248	Gly	TCC	0	0	71.0	46.70	24.30	Inf	Gly	82.3	high confidence set
CM011120.1	24	36809775	36809695	Leu	AAG	0	0	74.0	52.20	21.80	Inf	Leu	110.4	high confidence set
CM011120.1	25	36641841	36641761	Leu	AAG	0	0	74.0	52.20	21.80	Inf	Leu	110.4	high confidence set
CM011120.1	26	36091521	36091451	Gly	GCC	0	0	66.5	44.80	21.70	Inf	Gly	94.4	high confidence set
CM011120.1	27	32286186	32286114	Phe	GAA	0	0	78.3	58.40	19.90	Inf	Phe	113.2	high confidence set
CM011120.1	34	3458526	3458453	Ile	AAT	0	0	81.8	58.30	23.50	Inf	Ile	106.8	high confidence set
CM011120.1	35	2495285	2495201	Met	CAT	2495247	2495237	64.3	40.80	23.50	Inf	Met	104.0	high confidence set
CM011120.1	37	619414	619342	Arg	CCG	0	0	67.8	49.10	18.70	Inf	Arg	93.5	high confidence set
CM011122.1	1	982378	982458	Leu	CAG	0	0	69.5	46.80	22.70	Inf	Leu	109.7	high confidence set
CM011122.1	2	1700469	1700541	Phe	GAA	0	0	78.3	58.40	19.90	Inf	Phe	113.2	high confidence set
CM011122.1	3	6694918	6694990	Lys	TTT	0	0	89.6	66.00	23.60	Inf	Lys	96.4	high confidence set
CM011122.1	4	33742007	33742078	Asn	GTT	0	0	83.4	60.80	22.60	Inf	Asn	82.2	high confidence set
CM011122.1	6	33742712	33742639	Arg	ACG	0	0	56.2	44.90	11.30	Inf	Ile	73.7	IPD:-23.30,isotype mismatch
CM011122.1	7	32961044	32960972	Arg	TCT	0	0	70.0	49.50	20.50	Inf	Arg	96.3	high confidence set
CM011122.1	13	5054604	5054532	Glu	CTC	0	0	74.4	48.60	25.80	Inf	Glu	96.7	high confidence set
CM011123.1	1	277464	277544	Leu	CAG	0	0	69.5	46.80	22.70	Inf	Leu	109.7	high confidence set
CM011123.1	2	1002986	1003058	Phe	GAA	0	0	78.3	58.40	19.90	Inf	Phe	113.2	high confidence set
CM011123.1	3	5630324	5630396	Lys	TTT	0	0	89.6	66.00	23.60	Inf	Lys	96.4	high confidence set
CM011123.1	8	33084609	33084537	Arg	TCT	0	0	70.0	49.50	20.50	Inf	Arg	96.3	high confidence set
CM011123.1	11	4121593	4121521	Glu	CTC	0	0	74.4	48.60	25.80	Inf	Glu	96.7	high confidence set
CM011103.1	2	977291	977362	Glu	TTC	0	0	72.0	47.50	24.50	Inf	Glu	101.6	high confidence set
CM011103.1	3	1143025	1143108	Leu	CAA	0	0	81.0	54.60	26.40	Inf	Leu	125.6	high confidence set
CM011103.1	4	2174138	2174209	iMet	CAT	0	0	58.3	28.10	30.20	Inf	iMet	118.7	high confidence set
CM011103.1	5	2174309	2174381	Ala	TGC	0	0	70.0	45.30	24.70	Inf	Ala	100.6	high confidence set
CM011103.1	6	2239115	2239187	Lys	TTT	0	0	89.6	66.00	23.60	Inf	Lys	96.4	high confidence set
CM011103.1	7	2248575	2248646	Glu	TTC	0	0	64.9	40.20	24.70	Inf	Glu	91.5	high confidence set
CM011103.1	8	3290594	3290666	Arg	CCT	0	0	69.1	55.90	13.20	Inf	Thr	80.6	IPD:-3.70,isotype mismatch
CM011103.1	9	5833480	5833564	Met	CAT	5833518	5833528	64.3	40.80	23.50	Inf	Met	104.0	high confidence set
CM011103.1	10	5861857	5861949	Tyr	GTA	5861894	5861913	74.2	42.70	31.50	Inf	Tyr	111.8	high confidence set
CM011103.1	15	36767277	36767363	Ser	GGA	0	0	64.5	34.70	29.80	Inf	Ser	84.5	unexpected anticodon
CM011103.1	17	37991141	37991212	Pro	AGG	0	0	67.4	34.70	32.70	Inf	Pro	112.3	high confidence set
CM011103.1	18	38033369	38033442	Thr	AGT	0	0	75.0	46.80	28.20	Inf	Thr	89.8	high confidence set
CM011103.1	23	39030079	39030006	Asn	GTT	0	0	83.9	58.50	25.40	Inf	Asn	97.4	high confidence set
CM011103.1	26	35304698	35304626	Phe	GAA	0	0	78.3	58.40	19.90	Inf	Phe	113.2	high confidence set
CM011103.1	27	35303226	35303154	Phe	GAA	0	0	78.3	58.40	19.90	Inf	Phe	113.2	high confidence set
CM011103.1	28	35303006	35302934	Phe	GAA	0	0	78.3	58.40	19.90	Inf	Phe	113.2	high confidence set
CM011103.1	29	34383715	34383631	Met	CAT	34383677	34383667	64.3	40.80	23.50	Inf	Met	104.0	high confidence set
CM011103.1	33	6079693	6079621	Lys	CTT	0	0	86.8	66.60	20.20	Inf	Lys	107.7	high confidence set
CM011103.1	34	4891289	4891218	Trp	CCA	0	0	75.8	51.20	24.60	Inf	Trp	105.6	high confidence set
CM011103.1	35	4028079	4028006	Thr	AGT	0	0	73.4	43.50	29.90	Inf	Thr	89.7	high confidence set
CM011103.1	36	4011669	4011598	Pro	TGG	0	0	69.2	36.80	32.40	Inf	Pro	109.4	high confidence set
CM011103.1	37	4011502	4011431	Pro	TGG	0	0	69.2	36.80	32.40	Inf	Pro	109.4	high confidence set
CM011103.1	38	2468693	2468622	Asp	GTC	0	0	69.8	46.80	23.00	Inf	Asp	95.8	high confidence set
CM011103.1	41	1595584	1595512	Glu	CTC	0	0	74.6	48.80	25.80	Inf	Glu	95.1	high confidence set
CM011103.1	42	1301881	1301800	Ser	TGA	0	0	73.8	43.70	30.10	Inf	Ser	110.3	high confidence set
CM011103.1	43	550953	550881	Glu	CTC	0	0	74.4	48.60	25.80	Inf	Glu	96.7	high confidence set
CM011102.1	1	200439	200522	Leu	CAA	0	0	81.0	54.60	26.40	Inf	Leu	125.6	high confidence set
CM011102.1	2	1236165	1236236	iMet	CAT	0	0	53.6	29.20	24.40	Inf	iMet	111.8	high confidence set
CM011102.1	3	1236337	1236409	Ala	TGC	0	0	70.0	45.30	24.70	Inf	Ala	100.6	high confidence set
CM011102.1	4	1313703	1313775	Lys	TTT	0	0	89.6	66.00	23.60	Inf	Lys	96.4	high confidence set
CM011102.1	5	1323734	1323805	Glu	TTC	0	0	72.9	48.10	24.80	Inf	Glu	98.9	high confidence set
CM011102.1	6	2296294	2296366	Arg	CCT	0	0	74.8	55.90	18.90	Inf	Arg	87.5	high confidence set
CM011102.1	7	4900389	4900473	Met	CAT	4900427	4900437	64.3	40.80	23.50	Inf	Met	104.0	high confidence set
CM011102.1	8	4922878	4922963	Tyr	GTA	4922915	4922927	74.5	42.90	31.60	Inf	Tyr	111.8	high confidence set
CM011102.1	10	43089276	43089347	Pro	AGG	0	0	62.9	30.20	32.70	Inf	Pro	106.4	high confidence set
CM011102.1	11	43129202	43129275	Thr	AGT	0	0	75.0	46.80	28.20	Inf	Thr	89.8	high confidence set
CM011102.1	13	44832112	44832032	Ser	GCT	0	0	75.0	43.90	31.10	Inf	Ser	103.9	high confidence set
CM011102.1	14	44193713	44193640	Asn	GTT	0	0	83.9	58.50	25.40	Inf	Asn	97.4	high confidence set
CM011102.1	18	40252330	40252258	Phe	GAA	0	0	78.3	58.40	19.90	Inf	Phe	113.2	high confidence set
CM011102.1	19	40250951	40250879	Phe	GAA	0	0	78.3	58.40	19.90	Inf	Phe	113.2	high confidence set
CM011102.1	20	40250700	40250628	Phe	GAA	0	0	78.3	58.40	19.90	Inf	Phe	113.2	high confidence set
CM011102.1	21	38642312	38642222	Met	CAT	38642274	38642258	64.0	40.60	23.40	Inf	Met	104.0	high confidence set
CM011102.1	22	38642161	38642077	Met	CAT	38642123	38642113	64.3	40.80	23.50	Inf	Met	104.0	high confidence set
CM011102.1	23	30179322	30179235	Ser	GCT	0	0	67.3	36.70	30.60	Inf	Ser	80.5	high confidence set
CM011102.1	27	5167444	5167372	Lys	CTT	0	0	87.7	67.60	20.10	Inf	Lys	106.7	high confidence set
CM011102.1	28	3938009	3937938	Trp	CCA	0	0	75.8	51.20	24.60	Inf	Trp	105.6	high confidence set
CM011102.1	29	3181369	3181296	Thr	AGT	0	0	73.4	43.50	29.90	Inf	Thr	89.7	high confidence set
CM011102.1	30	3163693	3163622	Pro	TGG	0	0	69.2	36.80	32.40	Inf	Pro	109.4	high confidence set
CM011102.1	31	1539712	1539641	Asp	GTC	0	0	69.8	46.80	23.00	Inf	Asp	95.8	high confidence set
CM011102.1	33	1148488	1148417	Ala	AGC	0	0	51.3	40.70	10.60	Inf	Ala	81.5	high confidence set
CM011102.1	34	634599	634528	Undet	NNN	0	0	66.9	45.70	21.20	Inf	Glu	83.9	undetermined isotype
CM011102.1	35	342844	342763	Ser	TGA	0	0	80.7	46.10	34.60	Inf	Ser	119.7	high confidence set
CM011104.1	3	28144030	28144115	Tyr	GTA	28144067	28144079	74.5	43.00	31.50	Inf	Tyr	111.8	high confidence set
CM011104.1	4	28605161	28605242	Ser	AGA	0	0	79.5	43.70	35.80	Inf	Ser	113.0	high confidence set
CM011104.1	5	30775766	30775839	Ile	AAT	0	0	66.5	47.50	19.00	Inf	Ile	93.0	high confidence set
CM011104.1	6	30775908	30775981	Ile	AAT	0	0	81.8	58.30	23.50	Inf	Ile	106.8	high confidence set
CM011104.1	7	30945208	30945281	Ile	AAT	0	0	66.5	47.50	19.00	Inf	Ile	93.0	high confidence set
CM011104.1	8	30945350	30945423	Ile	AAT	0	0	81.8	58.30	23.50	Inf	Ile	106.8	high confidence set
CM011104.1	9	31379159	31379230	His	GTG	0	0	63.3	34.30	29.00	Inf	His	91.7	high confidence set
CM011104.1	10	31855980	31856051	Asp	GTC	0	0	67.1	44.10	23.00	Inf	Asp	97.2	high confidence set
CM011104.1	11	31981989	31982060	Thr	CGT	0	0	82.2	57.60	24.60	Inf	Thr	90.2	high confidence set
CM011104.1	13	34230240	34230311	Gly	TCC	0	0	73.9	46.20	27.70	Inf	Gly	85.6	high confidence set
CM011104.1	15	34674785	34674856	Thr	TGT	0	0	84.5	58.50	26.00	Inf	Thr	95.0	high confidence set
CM011104.1	16	34823514	34823585	Thr	TGT	0	0	84.5	58.50	26.00	Inf	Thr	95.0	high confidence set
CM011104.1	17	35141894	35141976	Leu	TAA	0	0	68.4	29.10	39.30	Inf	Leu	90.1	high confidence set
CM011104.1	18	35289873	35289955	Leu	TAA	0	0	68.4	29.10	39.30	Inf	Leu	90.1	high confidence set
CM011104.1	19	35878141	35878212	Gln	TTG	0	0	73.5	53.70	19.80	Inf	Gln	104.8	high confidence set
CM011104.1	20	36012819	36012747	Lys	TTT	0	0	88.7	64.40	24.30	Inf	Lys	93.7	high confidence set
CM011104.1	21	35455116	35455036	Leu	AAG	0	0	72.6	49.90	22.70	Inf	Leu	108.7	high confidence set
CM011104.1	22	35266780	35266708	Lys	CTT	0	0	86.8	66.60	20.20	Inf	Lys	107.7	high confidence set
CM011104.1	23	35118893	35118821	Lys	CTT	0	0	86.8	66.60	20.20	Inf	Lys	107.7	high confidence set
CM011104.1	24	33175263	33175191	Ala	AGC	0	0	63.4	38.20	25.20	Inf	Ala	98.3	high confidence set
CM011104.1	26	32049066	32048993	Asn	GTT	0	0	84.5	59.40	25.10	Inf	Asn	95.9	high confidence set
CM011104.1	27	32000775	32000704	Cys	GCA	0	0	80.9	57.20	23.70	Inf	Cys	104.1	high confidence set
CM011104.1	28	32000682	32000610	Arg	ACG	0	0	71.7	49.10	22.60	Inf	Arg	91.4	high confidence set
CM011104.1	29	31710095	31710023	Val	TAC	0	0	77.8	43.10	34.70	Inf	Val	106.5	high confidence set
CM011104.1	33	19124682	19124610	Ala	AGC	0	0	63.4	38.20	25.20	Inf	Ala	98.3	high confidence set
CM011104.1	34	19032341	19032271	Ala	AGC	0	0	50.2	33.90	16.30	Inf	Ala	80.0	high confidence set
CM011105.1	3	3364642	3364714	Lys	TTT	0	0	89.6	66.00	23.60	Inf	Lys	96.4	high confidence set
CM011105.1	11	36037387	36037472	Tyr	GTA	36037424	36037436	70.0	38.50	31.50	Inf	Tyr	108.3	high confidence set
CM011105.1	12	36603181	36603262	Ser	AGA	0	0	70.1	34.30	35.80	Inf	Ser	104.3	high confidence set
CM011105.1	13	36654122	36654203	Ser	AGA	0	0	70.1	34.30	35.80	Inf	Ser	104.3	high confidence set
CM011105.1	14	38865744	38865815	Thr	CGT	0	0	75.4	51.90	23.50	Inf	Thr	83.3	high confidence set
CM011105.1	15	40145700	40145771	Gly	TCC	0	0	73.9	46.20	27.70	Inf	Gly	85.6	high confidence set
CM011105.1	16	40814168	40814240	Arg	ACG	0	0	71.7	49.10	22.60	Inf	Arg	91.4	high confidence set
CM011105.1	17	40926733	40926804	Thr	TGT	0	0	84.5	58.50	26.00	Inf	Thr	95.0	high confidence set
CM011105.1	18	41203868	41203941	Val	AAC	0	0	72.9	48.60	24.30	Inf	Val	93.8	high confidence set
CM011105.1	19	41382599	41382681	Leu	TAA	0	0	68.4	29.10	39.30	Inf	Leu	90.1	high confidence set
CM011105.1	20	41976267	41976338	Gln	TTG	0	0	73.5	53.70	19.80	Inf	Gln	104.8	high confidence set
CM011105.1	21	42273471	42273399	Lys	TTT	0	0	88.7	64.40	24.30	Inf	Lys	93.7	high confidence set
CM011105.1	22	41559209	41559129	Leu	AAG	0	0	65.8	49.60	16.20	Inf	Leu	98.4	high confidence set
CM011105.1	23	41359506	41359434	Lys	CTT	0	0	86.8	66.60	20.20	Inf	Lys	107.7	high confidence set
CM011105.1	25	39696802	39696730	Ala	AGC	0	0	56.8	35.10	21.70	Inf	Ala	94.1	high confidence set
CM011105.1	26	38915682	38915609	Asn	GTT	0	0	84.5	59.40	25.10	Inf	Asn	95.9	high confidence set
CM011105.1	27	38882911	38882840	Cys	GCA	0	0	80.9	57.20	23.70	Inf	Cys	104.1	high confidence set
CM011105.1	28	38882820	38882748	Arg	ACG	0	0	71.7	49.10	22.60	Inf	Arg	91.4	high confidence set
CM011105.1	31	25773600	25773528	Ala	AGC	0	0	63.4	38.20	25.20	Inf	Ala	98.3	high confidence set
RHJU01000131.1	1	6944	7015	Arg	TCT	0	0	58.3	25.60	32.70	Inf	Gln	70.8	IPD:-24.50,isotype mismatch
RHJU01000131.1	2	5517	5430	Ser	GCT	0	0	67.3	36.70	30.60	Inf	Ser	80.5	high confidence set
RHJU01001751.1	1	3149	3220	iMet	CAT	0	0	58.3	28.10	30.20	Inf	iMet	118.7	high confidence set
RHJU01001751.1	2	5202	5273	iMet	CAT	0	0	58.3	28.10	30.20	Inf	iMet	118.7	high confidence set
RHJU01001751.1	3	7258	7329	iMet	CAT	0	0	58.3	28.10	30.20	Inf	iMet	118.7	high confidence set
RHJU01001751.1	4	9283	9354	iMet	CAT	0	0	58.3	28.10	30.20	Inf	iMet	118.7	high confidence set
RHJU01001751.1	5	11456	11527	iMet	CAT	0	0	50.3	27.40	22.90	Inf	iMet	108.6	high confidence set
RHJU01001751.1	6	13509	13580	iMet	CAT	0	0	58.3	28.10	30.20	Inf	iMet	118.7	high confidence set
RHJU01001751.1	7	17754	17825	iMet	CAT	0	0	58.3	28.10	30.20	Inf	iMet	118.7	high confidence set
RHJU01001751.1	8	19798	19869	iMet	CAT	0	0	58.3	28.10	30.20	Inf	iMet	118.7	high confidence set
RHJU01001751.1	9	21928	21999	iMet	CAT	0	0	58.3	28.10	30.20	Inf	iMet	118.7	high confidence set
RHJU01001751.1	10	23981	24052	iMet	CAT	0	0	58.3	28.10	30.20	Inf	iMet	118.7	high confidence set
RHJU01001751.1	11	26025	26096	iMet	CAT	0	0	58.3	28.10	30.20	Inf	iMet	118.7	high confidence set
RHJU01001778.1	1	32845	32917	Lys	CTT	0	0	87.7	67.60	20.10	Inf	Lys	106.7	high confidence set
RHJU01000278.1	1	6315	6386	Asn	GTT	0	0	83.4	60.80	22.60	Inf	Asn	82.2	high confidence set
RHJU01000278.1	2	7020	6947	Arg	ACG	0	0	56.2	44.90	11.30	Inf	Ile	73.7	IPD:-23.30,isotype mismatch
RHJU01002805.1	1	75027	74955	Lys	TTT	0	0	88.7	64.40	24.30	Inf	Lys	93.7	high confidence set
RHJU01002821.1	1	522632	522551	Leu	TAA	0	0	58.1	25.30	32.80	Inf	Leu	80.4	high confidence set
RHJU01000025.1	4	3762498	3762427	iMet	CAT	0	0	54.9	27.80	27.10	Inf	iMet	113.7	high confidence set
RHJU01000025.1	7	3760500	3760429	iMet	CAT	0	0	54.9	27.80	27.10	Inf	iMet	113.7	high confidence set
RHJU01000025.1	9	3759503	3759432	iMet	CAT	0	0	51.1	24.90	26.20	Inf	iMet	112.8	high confidence set
RHJU01000025.1	12	3757005	3756934	iMet	CAT	0	0	53.3	26.60	26.70	Inf	iMet	89.7	high confidence set
RHJU01000025.1	13	3756509	3756438	iMet	CAT	0	0	54.9	27.80	27.10	Inf	iMet	113.7	high confidence set
RHJU01000025.1	14	3756010	3755939	iMet	CAT	0	0	54.9	27.80	27.10	Inf	iMet	113.7	high confidence set
RHJU01000025.1	25	244023	243952	Asn	GTT	0	0	77.7	57.90	19.80	Inf	Asn	72.9	high confidence set
RHJU01000024.1	1	1125584	1125655	Asp	GTC	0	0	69.8	46.80	23.00	Inf	Asp	95.8	high confidence set
RHJU01000024.1	2	1472751	1472821	Undet	NNN	0	0	53.6	29.80	23.80	Inf	Pro	96.9	undetermined isotype
RHJU01000024.1	3	1004672	1004601	Thr	TGT	0	0	79.3	49.30	30.00	Inf	Thr	92.3	high confidence set
RHJU01000024.1	5	531651	531571	Leu	AAG	0	0	72.6	49.90	22.70	Inf	Leu	108.7	high confidence set
RHJU01000024.1	6	483114	483043	Ala	TGC	0	0	51.1	35.00	16.10	Inf	Ala	75.5	high confidence set
RHJU01000431.1	1	2112	2195	Leu	CAA	0	0	81.0	54.60	26.40	Inf	Leu	125.6	high confidence set
RHJU01000112.1	2	5792	5720	Thr	TGT	0	0	69.1	50.20	18.90	Inf	Thr	82.6	high confidence set
