EukHighConfidenceFilter v1.0 Summary
Completed Time: Mon Sep 19 23:57:09 2022

Inputs
------------------------------------------------------
tRNAscan-SE output file: Carabica_v1.0_trnascan-se.output
tRNAscan-SE ss file: Carabica_v1.0_trnascan-se.struct
Secondary filtering domain-specific model score cutoff: 50
Secondary filtering secondary structure score cutoff: 10
Secondary filtering isotype-specific model score cutoff: 70
Tertiary filtering isotype-specific model starting score cutoff: 70
Tertiary filtering maximum isotype-specific model score cutoff: 95
Remove filtered hits: Yes

Outputs
------------------------------------------------------
tRNAscan-SE output file: hi_conf_Carabica/Carabica_v1.0.out
tRNAscan-SE ss file: hi_conf_Carabica/Carabica_v1.0.ss
Summary file: hi_conf_Carabica/Carabica_v1.0.log

Summary statistics
------------------------------------------------------
Total tRNA predictions:                                1121
Possible pseudogenes:                                  126
tRNAs with scores lower than secondary cutoffs:        269
tRNAs failed tertiary filter:                          0

tRNAs after filtering:                                 726

tRNAs with mismatched isotype:                         9
tRNAs with undetermined isotype:                       2
tRNAs with unexpected anticodon:                       2

High confidence set:                                   713

Isotype / Anticodon Counts After Filtering
------------------------------------------------------

Ala     : 51	  AGC: 23      GGC: 0       CGC: 6       TGC: 22    
Gly     : 54	  ACC: 0       GCC: 27      CCC: 6       TCC: 21    
Pro     : 34	  AGG: 11      GGG: 0       CGG: 4       TGG: 19    
Thr     : 41	  AGT: 16      GGT: 0       CGT: 5       TGT: 20    
Val     : 52	  AAC: 32      GAC: 0       CAC: 10      TAC: 10    
Ser     : 47	  AGA: 18      GGA: 2       CGA: 6       TGA: 8       ACT: 0       GCT: 13                              
Arg     : 54	  ACG: 12      GCG: 0       CCG: 6       TCG: 9                                 CCT: 10      TCT: 17    
Leu     : 52	  AAG: 13      GAG: 0       CAG: 7       TAG: 8                                 CAA: 16      TAA: 8     
Phe     : 25	  AAA: 0       GAA: 25                              
Asn     : 31	  ATT: 0       GTT: 31                              
Lys     : 37	                            CTT: 20      TTT: 17    
Asp     : 35	  ATC: 0       GTC: 35                              
Glu     : 30	                            CTC: 15      TTC: 15    
His     : 13	  ATG: 0       GTG: 13                              
Gln     : 22	                            CTG: 13      TTG: 9     
Ile     : 46	  AAT: 40      GAT: 0                    TAT: 6     
Met     : 57	                            CAT: 57                 
Tyr     : 15	  ATA: 0       GTA: 15                              
Supres  : 0	                            CTA: 0       TTA: 0     
Cys     : 17	  ACA: 0       GCA: 17                              
Trp     : 11	                            CCA: 11                 
SelCys  : 0	                                         TCA: 0     

