Sequence		tRNA    	Bounds  	tRNA	Anti	Intron Bounds	Inf	HMM	2'Str	Hit	Isotype	Isotype	      
Name    	tRNA#	Begin   	End     	Type	Codon	Begin	End	Score	Score	Score	Origin	CM	Score	Note
--------	------	-----   	------  	----	-----	-----	----	------	-----	-----	------	-------	-------	------
chr1	1	1382692	1382771	Leu	TAG	0	0	69.2	49.00	20.20	Inf	Leu	109.5	high confidence set
chr1	2	5011334	5011407	Arg	TCG	0	0	82.3	61.00	21.30	Inf	Arg	91.9	high confidence set
chr1	8	9276326	9276399	Val	AAC	0	0	72.9	48.60	24.30	Inf	Val	93.8	high confidence set
chr1	9	12183210	12183282	Phe	GAA	0	0	78.3	58.40	19.90	Inf	Phe	113.2	high confidence set
chr1	29	19793914	19793985	Asp	GTC	0	0	69.8	46.80	23.00	Inf	Asp	95.8	high confidence set
chr1	30	24762013	24762083	Gly	GCC	0	0	66.5	44.80	21.70	Inf	Gly	94.4	high confidence set
chr1	31	24987288	24987360	Ala	AGC	0	0	59.3	36.90	22.40	Inf	Ala	93.3	high confidence set
chr1	37	34074818	34074890	Lys	CTT	0	0	87.4	67.30	20.10	Inf	Lys	102.1	high confidence set
chr1	38	33357369	33357298	Trp	CCA	0	0	75.8	51.20	24.60	Inf	Trp	105.6	high confidence set
chr1	39	33058574	33058493	Ser	TGA	0	0	80.7	46.10	34.60	Inf	Ser	119.7	high confidence set
chr1	43	29729977	29729895	Leu	TAA	0	0	74.9	36.40	38.50	Inf	Leu	99.1	high confidence set
chr1	44	29727953	29727871	Leu	TAA	0	0	74.9	36.40	38.50	Inf	Leu	99.1	high confidence set
chr1	45	24563233	24563161	Arg	CCG	0	0	69.2	51.20	18.00	Inf	Arg	93.1	high confidence set
chr1	46	24039109	24039036	Val	CAC	0	0	82.4	54.40	28.00	Inf	Val	100.3	high confidence set
chr1	65	2146583	2146511	Lys	CTT	0	0	86.8	66.60	20.20	Inf	Lys	107.7	high confidence set
chr1	66	1406505	1406434	Pro	TGG	0	0	68.5	35.70	32.80	Inf	Pro	111.2	high confidence set
chr10	2	3416954	3417026	Ala	TGC	0	0	70.0	45.30	24.70	Inf	Ala	100.6	high confidence set
chr10	3	3945203	3945274	Pro	TGG	0	0	68.5	35.70	32.80	Inf	Pro	111.2	high confidence set
chr10	4	6335976	6336047	Asp	GTC	0	0	69.8	46.80	23.00	Inf	Asp	94.5	high confidence set
chr10	6	7758628	7758712	Met	CAT	7758666	7758676	64.2	40.80	23.40	Inf	Met	104.0	high confidence set
chr10	7	14593046	14593117	Asp	GTC	0	0	70.4	47.40	23.00	Inf	Asp	94.4	high confidence set
chr10	9	28779108	28779179	Thr	CGT	0	0	75.8	50.20	25.60	Inf	Thr	81.9	high confidence set
chr10	10	29677031	29677114	Leu	TAA	0	0	73.3	34.80	38.50	Inf	Leu	98.6	high confidence set
chr10	12	45224972	45225043	Gln	CTG	0	0	68.4	44.30	24.10	Inf	Gln	100.4	high confidence set
chr10	13	45007935	45007864	iMet	CAT	0	0	58.3	28.10	30.20	Inf	iMet	118.7	high confidence set
chr10	14	44426955	44426883	Phe	GAA	0	0	78.3	58.40	19.90	Inf	Phe	113.2	high confidence set
chr10	15	44048284	44048205	Leu	TAG	0	0	69.5	48.50	21.00	Inf	Leu	111.5	high confidence set
chr10	16	43423776	43423704	Phe	GAA	0	0	78.3	58.40	19.90	Inf	Phe	113.2	high confidence set
chr10	17	43276699	43276626	Thr	AGT	0	0	76.0	48.40	27.60	Inf	Thr	90.6	high confidence set
chr10	18	40402770	40402698	Glu	CTC	0	0	78.9	53.10	25.80	Inf	Glu	99.2	high confidence set
chr10	19	40230165	40230093	Arg	ACG	0	0	72.0	49.70	22.30	Inf	Arg	93.9	high confidence set
chr10	20	39615804	39615733	Pro	TGG	0	0	68.5	35.70	32.80	Inf	Pro	111.2	high confidence set
chr10	22	27703215	27703144	Thr	GGT	0	0	58.2	29.20	29.00	Inf	Thr	73.0	unexpected anticodon
chr10	23	25282910	25282839	Pro	AGG	0	0	67.4	34.70	32.70	Inf	Pro	112.3	high confidence set
chr10	24	24833304	24833231	Ile	AAT	0	0	84.6	57.80	26.80	Inf	Ile	106.3	high confidence set
chr10	25	13217801	13217729	Glu	CTC	0	0	75.1	51.80	23.30	Inf	Glu	87.2	high confidence set
chr10	26	13207925	13207853	Glu	CTC	0	0	75.1	51.80	23.30	Inf	Glu	87.2	high confidence set
chr10	27	12951371	12951290	Ser	TGA	0	0	78.3	44.40	33.90	Inf	Ser	115.8	high confidence set
chr10	29	9636381	9636309	Ala	CGC	0	0	68.3	44.10	24.20	Inf	Ala	99.2	high confidence set
chr10	30	9633603	9633531	Ala	CGC	0	0	68.3	44.10	24.20	Inf	Ala	99.2	high confidence set
chr10	32	3945563	3945492	Pro	AGG	0	0	67.4	34.70	32.70	Inf	Pro	112.3	high confidence set
chr11	2	5283042	5283121	Leu	TAG	0	0	69.2	49.00	20.20	Inf	Leu	109.5	high confidence set
chr11	4	9033568	9033638	Gly	GCC	0	0	66.5	44.80	21.70	Inf	Gly	94.4	high confidence set
chr11	5	10079181	10079253	Arg	ACG	0	0	72.0	49.70	22.30	Inf	Arg	93.9	high confidence set
chr11	6	17489430	17489514	Met	CAT	17489468	17489478	64.2	40.80	23.40	Inf	Met	104.0	high confidence set
chr11	7	23336519	23336592	Asn	GTT	0	0	81.5	56.00	25.50	Inf	Asn	93.9	high confidence set
chr11	8	23344601	23344674	Asn	GTT	0	0	81.5	56.00	25.50	Inf	Asn	93.9	high confidence set
chr11	9	28290250	28290321	iMet	CAT	0	0	58.3	28.10	30.20	Inf	iMet	118.7	high confidence set
chr11	10	32897146	32897218	Ala	AGC	0	0	63.4	38.20	25.20	Inf	Ala	98.3	high confidence set
chr11	11	34066195	34066267	Arg	TCT	0	0	68.1	50.00	18.10	Inf	Arg	96.3	high confidence set
chr11	23	34528473	34528545	Thr	TGT	0	0	60.8	46.70	14.10	Inf	Thr	75.9	high confidence set
chr11	28	34442137	34442066	Arg	TCT	0	0	58.3	25.60	32.70	Inf	Gln	70.8	IPD:-24.50,isotype mismatch
chr11	30	34412407	34412336	Thr	GGT	0	0	58.2	29.20	29.00	Inf	Thr	73.0	unexpected anticodon
chr11	35	33962889	33962817	Ala	AGC	0	0	63.4	38.20	25.20	Inf	Ala	98.3	high confidence set
chr11	36	32923697	32923615	Leu	TAA	0	0	68.4	29.10	39.30	Inf	Leu	90.1	high confidence set
chr11	37	32817187	32817115	Arg	TCT	0	0	68.1	50.00	18.10	Inf	Arg	96.3	high confidence set
chr11	38	32189554	32189483	Pro	AGG	0	0	58.1	25.40	32.70	Inf	Pro	103.7	high confidence set
chr11	44	11031319	11031248	Trp	CCA	0	0	75.8	51.20	24.60	Inf	Trp	105.6	high confidence set
chr11	45	10092621	10092550	Thr	CGT	0	0	82.2	57.60	24.60	Inf	Thr	90.2	high confidence set
chr11	46	10091487	10091416	Thr	CGT	0	0	82.2	57.60	24.60	Inf	Thr	90.2	high confidence set
chr11	49	5474131	5474051	Leu	AAG	0	0	74.0	52.20	21.80	Inf	Leu	110.4	high confidence set
chr12	1	1956039	1956112	Asn	GTT	0	0	83.9	58.50	25.40	Inf	Asn	97.4	high confidence set
chr12	2	4573187	4573266	Leu	TAG	0	0	69.5	48.50	21.00	Inf	Leu	111.5	high confidence set
chr12	3	7662660	7662731	Pro	AGG	0	0	67.4	34.70	32.70	Inf	Pro	112.3	high confidence set
chr12	4	12635052	12635141	Tyr	GTA	12635089	12635105	66.7	41.90	24.80	Inf	Tyr	102.9	high confidence set
chr12	6	18338057	18338138	Ser	CGA	0	0	78.9	46.60	32.30	Inf	Ser	122.0	high confidence set
chr12	8	19281773	19281845	Arg	CCG	0	0	69.2	51.20	18.00	Inf	Arg	93.1	high confidence set
chr12	9	25270994	25271066	Val	TAC	0	0	77.8	43.10	34.70	Inf	Val	106.5	high confidence set
chr12	10	27989712	27989784	Lys	CTT	0	0	87.7	67.60	20.10	Inf	Lys	106.7	high confidence set
chr12	11	29352416	29352487	Gly	TCC	0	0	73.9	46.20	27.70	Inf	Gly	85.6	high confidence set
chr12	13	28091574	28091503	Trp	CCA	0	0	75.8	51.20	24.60	Inf	Trp	105.6	high confidence set
chr12	14	28086544	28086471	Val	AAC	0	0	72.9	48.60	24.30	Inf	Val	93.8	high confidence set
chr12	15	27115324	27115243	Ser	TGA	0	0	80.0	45.30	34.70	Inf	Ser	119.3	high confidence set
chr12	16	24910850	24910779	Thr	CGT	0	0	82.2	57.60	24.60	Inf	Thr	90.2	high confidence set
chr12	20	18304240	18304170	Gly	GCC	0	0	66.5	44.80	21.70	Inf	Gly	94.4	high confidence set
chr12	21	15228955	15228884	Gly	TCC	0	0	74.1	46.70	27.40	Inf	Gly	84.2	high confidence set
chr12	22	13780682	13780611	His	GTG	0	0	63.0	33.70	29.30	Inf	His	86.8	high confidence set
chr12	23	12977601	12977529	Phe	GAA	0	0	78.3	58.40	19.90	Inf	Phe	113.2	high confidence set
chr12	24	10798905	10798832	Val	AAC	0	0	72.9	48.60	24.30	Inf	Val	93.8	high confidence set
chr12	25	6968256	6968183	Trp	CCA	0	0	70.1	43.00	27.10	Inf	Thr	71.6	IPD:-17.70,isotype mismatch
chr12	27	1489663	1489590	Asn	GTT	0	0	83.9	58.50	25.40	Inf	Asn	97.4	high confidence set
chr13	1	1082395	1082467	Phe	GAA	0	0	78.3	58.40	19.90	Inf	Phe	113.2	high confidence set
chr13	2	1239744	1239817	Asn	GTT	0	0	84.5	59.40	25.10	Inf	Asn	95.9	high confidence set
chr13	4	1684147	1684220	Ile	AAT	0	0	81.8	58.30	23.50	Inf	Ile	106.8	high confidence set
chr13	5	3578970	3579042	Lys	TTT	0	0	89.6	66.00	23.60	Inf	Lys	96.4	high confidence set
chr13	6	4863348	4863421	Arg	TCG	0	0	82.3	61.00	21.30	Inf	Arg	91.9	high confidence set
chr13	7	6882160	6882231	Thr	GGT	0	0	58.2	29.20	29.00	Inf	Thr	73.0	unexpected anticodon
chr13	8	8946035	8946106	Asp	GTC	0	0	66.1	43.10	23.00	Inf	Asp	95.4	high confidence set
chr13	9	11606479	11606551	Ala	AGC	0	0	63.4	38.20	25.20	Inf	Ala	98.3	high confidence set
chr13	12	12948016	12947943	Val	AAC	0	0	72.9	48.60	24.30	Inf	Val	93.8	high confidence set
chr13	13	12809843	12809773	Gly	CCC	0	0	66.0	29.20	36.80	Inf	Gly	87.4	high confidence set
chr13	14	10967770	10967699	Asp	GTC	0	0	66.9	46.70	20.20	Inf	Asp	95.4	high confidence set
chr13	15	2270666	2270596	Gly	GCC	0	0	66.5	44.80	21.70	Inf	Gly	94.4	high confidence set
chr13	16	2178364	2178291	Ile	TAT	0	0	85.9	70.60	15.30	Inf	Ile	103.9	high confidence set
chr14	1	415568	415638	Gly	GCC	0	0	66.5	44.80	21.70	Inf	Gly	94.4	high confidence set
chr14	2	533855	533926	Trp	CCA	0	0	75.8	51.20	24.60	Inf	Trp	105.6	high confidence set
chr14	3	638612	638693	Ser	AGA	0	0	76.3	41.60	34.70	Inf	Ser	112.1	high confidence set
chr14	4	4034184	4034255	Asp	GTC	0	0	69.8	46.80	23.00	Inf	Asp	95.8	high confidence set
chr14	5	4361946	4362030	Met	CAT	4361984	4361994	64.2	40.80	23.40	Inf	Met	104.0	high confidence set
chr14	9	8985747	8985828	Ser	GCT	0	0	80.5	45.20	35.30	Inf	Ser	109.5	high confidence set
chr14	12	15015295	15015367	Lys	CTT	0	0	86.8	66.60	20.20	Inf	Lys	107.7	high confidence set
chr14	13	15441752	15441681	Thr	TGT	0	0	72.0	49.00	23.00	Inf	Thr	83.2	high confidence set
chr14	15	11274284	11274198	Met	CAT	11274246	11274234	56.2	32.80	23.40	Inf	Met	96.0	high confidence set
chr14	16	10146648	10146576	Arg	TCT	0	0	67.7	45.70	22.00	Inf	Arg	91.9	high confidence set
chr14	18	8935389	8935317	Ala	CGC	0	0	62.0	42.30	19.70	Inf	Ala	94.6	high confidence set
chr14	19	6179235	6179163	Ala	TGC	0	0	70.0	45.30	24.70	Inf	Ala	100.6	high confidence set
chr15	1	9977414	9977485	Pro	CGG	0	0	51.7	34.50	17.20	Inf	Pro	89.8	high confidence set
chr15	5	16954121	16954194	Val	CAC	0	0	82.4	54.40	28.00	Inf	Val	103.7	high confidence set
chr15	6	16958081	16958154	Val	CAC	0	0	81.8	53.80	28.00	Inf	Val	103.4	high confidence set
chr15	7	17145486	17145557	Cys	GCA	0	0	81.7	56.10	25.60	Inf	Cys	104.3	high confidence set
chr15	10	24190360	24190431	Glu	TTC	0	0	70.5	45.30	25.20	Inf	Glu	97.5	high confidence set
chr15	11	24331355	24331438	Leu	CAA	0	0	81.1	56.00	25.10	Inf	Leu	127.4	high confidence set
chr15	13	24553918	24554001	Tyr	GTA	24553955	24553965	74.5	43.00	31.50	Inf	Tyr	111.8	high confidence set
chr15	14	25966263	25966334	Gly	TCC	0	0	73.9	46.20	27.70	Inf	Gly	85.6	high confidence set
chr15	15	26780469	26780542	Val	AAC	0	0	65.8	48.70	17.10	Inf	Val	91.9	high confidence set
chr15	16	28944112	28944184	Ala	CGC	0	0	68.3	44.10	24.20	Inf	Ala	99.2	high confidence set
chr15	17	29203845	29203917	Arg	CCT	0	0	69.1	50.30	18.80	Inf	Arg	81.2	high confidence set
chr15	20	28897497	28897424	Asn	GTT	0	0	84.5	59.40	25.10	Inf	Asn	95.9	high confidence set
chr15	21	25971166	25971095	Pro	CGG	0	0	68.4	35.70	32.70	Inf	Pro	111.1	high confidence set
chr15	22	24109851	24109780	Gln	CTG	0	0	75.3	51.20	24.10	Inf	Gln	103.1	high confidence set
chr15	23	18719796	18719725	Trp	CCA	0	0	73.5	51.10	22.40	Inf	Trp	103.7	high confidence set
chr15	24	11545005	11544934	Pro	TGG	0	0	61.7	29.00	32.70	Inf	Pro	104.9	high confidence set
chr15	25	9905312	9905240	Glu	CTC	0	0	78.9	53.10	25.80	Inf	Glu	99.2	high confidence set
chr15	26	5653164	5653091	Val	AAC	0	0	67.2	43.10	24.10	Inf	Val	88.5	high confidence set
chr16	1	3217110	3217201	Tyr	GTA	3217147	3217165	74.2	42.70	31.50	Inf	Tyr	111.8	high confidence set
chr16	2	4375636	4375709	Arg	TCG	0	0	77.4	58.80	18.60	Inf	Arg	85.1	high confidence set
chr16	4	6670383	6670455	Ala	TGC	0	0	70.0	45.30	24.70	Inf	Ala	100.6	high confidence set
chr16	6	8434597	8434669	Arg	CCG	0	0	80.4	58.30	22.10	Inf	Arg	84.6	high confidence set
chr16	7	8444267	8444339	Arg	CCG	0	0	80.4	58.30	22.10	Inf	Arg	84.6	high confidence set
chr16	8	12375737	12375810	Ile	TAT	0	0	85.9	70.60	15.30	Inf	Ile	103.9	high confidence set
chr16	11	19244648	19244577	Pro	TGG	0	0	68.5	35.70	32.80	Inf	Pro	111.2	high confidence set
chr16	12	17846692	17846620	Phe	GAA	0	0	78.3	58.40	19.90	Inf	Phe	113.2	high confidence set
chr16	14	13370298	13370228	Gly	GCC	0	0	58.2	46.00	12.20	Inf	Gly	85.6	high confidence set
chr16	15	12452607	12452534	Ile	AAT	0	0	79.3	55.80	23.50	Inf	Ile	104.3	high confidence set
chr16	16	11885534	11885462	Glu	CTC	0	0	77.5	53.30	24.20	Inf	Glu	95.2	high confidence set
chr16	17	11515349	11515277	Glu	CTC	0	0	69.5	45.90	23.60	Inf	Glu	90.7	high confidence set
chr16	18	10623150	10623079	Glu	TTC	0	0	68.0	43.00	25.00	Inf	Glu	94.5	high confidence set
chr16	19	8305246	8305174	Arg	TCT	0	0	60.4	43.10	17.30	Inf	Arg	94.6	high confidence set
chr16	20	8295094	8295022	Arg	TCT	0	0	68.5	50.60	17.90	Inf	Arg	98.8	high confidence set
chr16	21	4309767	4309683	Met	CAT	4309729	4309719	64.2	40.80	23.40	Inf	Met	104.0	high confidence set
chr16	22	2823743	2823660	Leu	CAA	0	0	81.0	54.60	26.40	Inf	Leu	125.6	high confidence set
chr17	4	6135620	6135701	Ser	CGA	0	0	78.2	45.90	32.30	Inf	Ser	121.6	high confidence set
chr17	16	6842123	6842196	Trp	CCA	0	0	69.7	38.70	31.00	Inf	Thr	71.6	IPD:-16.80,isotype mismatch
chr17	33	10909085	10909157	Arg	CCT	0	0	69.1	50.30	18.80	Inf	Arg	81.2	high confidence set
chr17	40	17616671	17616599	Thr	TGT	0	0	58.1	43.20	14.90	Inf	Thr	71.4	high confidence set
chr17	44	9467961	9467890	Asp	GTC	0	0	60.8	47.00	13.80	Inf	Asp	81.7	high confidence set
chr17	68	4238249	4238168	Ser	GCT	0	0	80.5	45.20	35.30	Inf	Ser	109.5	high confidence set
chr18	1	5138698	5138769	Asp	GTC	0	0	63.6	44.90	18.70	Inf	Asp	92.8	high confidence set
chr18	2	7931381	7931462	Ser	AGA	0	0	78.1	41.50	36.60	Inf	Ser	111.8	high confidence set
chr18	3	17287023	17287096	Val	CAC	0	0	82.4	54.40	28.00	Inf	Val	103.7	high confidence set
chr18	4	19952899	19952970	Gln	CTG	0	0	74.3	49.60	24.70	Inf	Gln	103.3	high confidence set
chr18	6	24942488	24942559	Pro	TGG	0	0	68.5	35.70	32.80	Inf	Pro	111.2	high confidence set
chr18	7	27509687	27509758	Pro	AGG	0	0	67.4	34.70	32.70	Inf	Pro	112.3	high confidence set
chr18	9	26429021	26428948	Ile	AAT	0	0	81.8	58.30	23.50	Inf	Ile	106.8	high confidence set
chr18	12	7931602	7931529	Asn	GTT	0	0	80.5	59.00	21.50	Inf	Asn	86.4	high confidence set
chr18	14	3427957	3427886	Gln	TTG	0	0	74.2	54.70	19.50	Inf	Gln	105.6	high confidence set
chr18	15	3333707	3333635	Ala	TGC	0	0	53.9	37.70	16.20	Inf	Ala	86.1	high confidence set
chr18	16	3316741	3316669	Ala	TGC	0	0	53.9	37.70	16.20	Inf	Ala	86.1	high confidence set
chr19	1	70327	70414	Ser	GCT	0	0	57.5	38.50	19.00	Inf	Ser	78.9	high confidence set
chr19	3	1212526	1212598	Ala	AGC	0	0	63.4	38.20	25.20	Inf	Ala	98.3	high confidence set
chr19	4	2460599	2460670	Asp	GTC	0	0	69.8	46.80	23.00	Inf	Asp	95.8	high confidence set
chr19	5	3859437	3859516	Leu	TAG	0	0	69.5	48.50	21.00	Inf	Leu	111.5	high confidence set
chr19	20	6719940	6720012	Ala	TGC	0	0	70.0	45.30	24.70	Inf	Ala	100.6	high confidence set
chr19	21	13138270	13138197	Ile	TAT	0	0	85.9	70.60	15.30	Inf	Ile	103.9	high confidence set
chr19	22	10665392	10665322	Gly	GCC	0	0	66.5	44.80	21.70	Inf	Gly	94.4	high confidence set
chr19	24	8797857	8797785	Lys	TTT	0	0	89.6	66.00	23.60	Inf	Lys	96.4	high confidence set
chr19	37	3900805	3900734	Trp	CCA	0	0	70.1	50.30	19.80	Inf	Trp	98.2	high confidence set
chr2	1	5240264	5240344	Leu	CAG	0	0	64.9	45.20	19.70	Inf	Leu	107.0	high confidence set
chr2	2	12244747	12244818	Pro	TGG	0	0	69.2	36.90	32.30	Inf	Pro	112.8	high confidence set
chr2	3	15814894	15814965	Cys	GCA	0	0	82.1	59.90	22.20	Inf	Cys	106.6	high confidence set
chr2	5	26163697	26163627	Gly	GCC	0	0	66.5	44.80	21.70	Inf	Gly	94.4	high confidence set
chr2	6	24564262	24564189	Asn	GTT	0	0	81.7	56.30	25.40	Inf	Asn	94.2	high confidence set
chr2	7	24554890	24554817	Asn	GTT	0	0	81.7	56.30	25.40	Inf	Asn	94.2	high confidence set
chr2	8	23211331	23211259	Arg	CCT	0	0	69.1	50.30	18.80	Inf	Arg	81.2	high confidence set
chr2	10	22448619	22448538	Ser	GCT	0	0	80.5	45.20	35.30	Inf	Ser	109.5	high confidence set
chr2	11	21173656	21173571	Tyr	GTA	21173619	21173607	74.5	43.00	31.50	Inf	Tyr	111.8	high confidence set
chr2	12	282527	282455	Glu	CTC	0	0	78.9	53.10	25.80	Inf	Glu	99.2	high confidence set
chr2	13	87429	87357	Arg	ACG	0	0	72.0	49.70	22.30	Inf	Arg	93.9	high confidence set
chr2	14	77665	77593	Arg	ACG	0	0	72.0	49.70	22.30	Inf	Arg	93.9	high confidence set
chr20	1	517563	517634	Thr	CGT	0	0	82.2	57.60	24.60	Inf	Thr	90.2	high confidence set
chr20	2	528252	528323	Thr	CGT	0	0	82.2	57.60	24.60	Inf	Thr	90.2	high confidence set
chr20	3	1868048	1868119	Asp	GTC	0	0	62.7	44.60	18.10	Inf	Asp	88.6	high confidence set
chr20	4	1985457	1985530	Val	CAC	0	0	82.4	54.40	28.00	Inf	Val	103.7	high confidence set
chr20	5	2223165	2223237	Lys	TTT	0	0	89.6	66.00	23.60	Inf	Lys	96.4	high confidence set
chr20	6	2412565	2412636	Pro	AGG	0	0	67.4	34.70	32.70	Inf	Pro	112.3	high confidence set
chr20	8	4249398	4249470	Arg	TCT	0	0	68.1	50.00	18.10	Inf	Arg	96.3	high confidence set
chr20	9	5003189	5003272	Leu	CAA	0	0	65.5	50.70	14.80	Inf	Leu	104.2	high confidence set
chr20	10	9387331	9387403	Glu	CTC	0	0	78.9	53.10	25.80	Inf	Glu	99.2	high confidence set
chr20	11	16077423	16077494	Pro	AGG	0	0	67.4	34.70	32.70	Inf	Pro	112.3	high confidence set
chr20	12	17558878	17558949	His	GTG	0	0	63.0	33.70	29.30	Inf	His	86.8	high confidence set
chr20	13	17793773	17793845	Lys	TTT	0	0	80.3	61.50	18.80	Inf	Lys	78.3	high confidence set
chr20	15	18883879	18883807	Ala	AGC	0	0	63.4	38.20	25.20	Inf	Ala	98.3	high confidence set
chr20	16	16454603	16454530	Val	AAC	0	0	70.4	47.80	22.60	Inf	Val	87.0	high confidence set
chr20	17	16077800	16077729	Pro	TGG	0	0	68.5	35.70	32.80	Inf	Pro	111.2	high confidence set
chr20	18	11382985	11382913	Phe	GAA	0	0	78.3	58.40	19.90	Inf	Phe	113.2	high confidence set
chr20	21	4091389	4091317	Ala	AGC	0	0	63.4	38.20	25.20	Inf	Ala	98.3	high confidence set
chr20	22	3907728	3907648	Leu	AAG	0	0	74.0	52.20	21.80	Inf	Leu	110.4	high confidence set
chr20	23	3886256	3886176	Leu	AAG	0	0	74.0	52.20	21.80	Inf	Leu	110.4	high confidence set
chr20	24	2586947	2586876	His	GTG	0	0	63.0	33.70	29.30	Inf	His	87.1	high confidence set
chr21	4	12741602	12741673	His	GTG	0	0	57.2	34.00	23.20	Inf	His	77.7	high confidence set
chr21	5	17549407	17549488	Ser	AGA	0	0	76.3	41.60	34.70	Inf	Ser	112.1	high confidence set
chr21	6	16164524	16164445	Leu	TAG	0	0	69.5	48.50	21.00	Inf	Leu	111.5	high confidence set
chr21	7	13648658	13648588	Gly	GCC	0	0	66.5	44.80	21.70	Inf	Gly	94.4	high confidence set
chr21	8	13647326	13647256	Gly	GCC	0	0	66.5	44.80	21.70	Inf	Gly	94.4	high confidence set
chr21	9	10370783	10370711	Glu	CTC	0	0	80.0	54.10	25.90	Inf	Glu	99.8	high confidence set
chr21	11	7808890	7808817	Ile	TAT	0	0	85.9	70.60	15.30	Inf	Ile	103.9	high confidence set
chr21	13	4219170	4219090	Leu	AAG	0	0	74.0	52.20	21.80	Inf	Leu	110.4	high confidence set
chr22	2	7788410	7788483	Thr	AGT	0	0	76.0	48.40	27.60	Inf	Thr	90.6	high confidence set
chr22	3	13783542	13783625	Leu	CAA	0	0	81.0	54.60	26.40	Inf	Leu	125.6	high confidence set
chr22	4	14329412	14329332	Leu	AAG	0	0	65.3	44.00	21.30	Inf	Leu	101.4	high confidence set
chr22	5	13859761	13859690	iMet	CAT	0	0	58.3	28.10	30.20	Inf	iMet	118.7	high confidence set
chr22	6	8753998	8753925	Val	AAC	0	0	72.2	47.80	24.40	Inf	Val	98.2	high confidence set
chr22	7	7721340	7721269	Gln	TTG	0	0	73.5	53.70	19.80	Inf	Gln	104.8	high confidence set
chr22	8	704071	703999	Lys	TTT	0	0	88.7	64.40	24.30	Inf	Lys	93.7	high confidence set
chr23	1	57855	57927	Arg	ACG	0	0	71.7	49.10	22.60	Inf	Arg	91.4	high confidence set
chr23	2	1041895	1041966	Glu	TTC	0	0	63.5	45.40	18.10	Inf	Glu	85.0	high confidence set
chr23	6	9781039	9780958	Ser	AGA	0	0	76.3	41.60	34.70	Inf	Ser	112.1	high confidence set
chr23	7	4071131	4071059	Val	TAC	0	0	78.2	43.80	34.40	Inf	Val	106.2	high confidence set
chr3	1	725	796	Cys	GCA	0	0	81.7	56.10	25.60	Inf	Cys	104.3	high confidence set
chr3	2	1891239	1891312	Ile	AAT	0	0	81.8	58.30	23.50	Inf	Ile	106.8	high confidence set
chr3	5	7427423	7427495	Arg	ACG	0	0	72.0	49.70	22.30	Inf	Arg	93.9	high confidence set
chr3	6	9801880	9801963	Tyr	GTA	9801917	9801927	70.1	38.60	31.50	Inf	Tyr	108.3	high confidence set
chr3	7	9805829	9805912	Tyr	GTA	9805866	9805876	70.1	38.60	31.50	Inf	Tyr	108.3	high confidence set
chr3	8	12731014	12731095	Ser	GCT	0	0	79.0	43.10	35.90	Inf	Ser	108.6	high confidence set
chr3	10	14056670	14056751	Ser	GCT	0	0	80.5	45.20	35.30	Inf	Ser	109.5	high confidence set
chr3	12	18115346	18115418	Glu	CTC	0	0	78.9	53.10	25.80	Inf	Glu	99.2	high confidence set
chr3	13	18125099	18125171	Glu	CTC	0	0	78.9	53.10	25.80	Inf	Glu	99.2	high confidence set
chr3	14	18517292	18517364	Ala	CGC	0	0	68.3	44.10	24.20	Inf	Ala	99.2	high confidence set
chr3	15	19045252	19045323	Pro	TGG	0	0	68.5	35.70	32.80	Inf	Pro	111.2	high confidence set
chr3	16	19046487	19046558	Pro	TGG	0	0	67.4	34.70	32.70	Inf	Pro	112.3	high confidence set
chr3	17	19047732	19047803	Pro	TGG	0	0	68.5	35.70	32.80	Inf	Pro	111.2	high confidence set
chr3	20	19050912	19050984	Pro	TGG	0	0	65.0	34.80	30.20	Inf	Pro	102.5	high confidence set
chr3	21	19884999	19885071	Arg	CCT	0	0	69.1	50.30	18.80	Inf	Arg	81.2	high confidence set
chr3	22	19895570	19895642	Arg	CCT	0	0	69.1	50.30	18.80	Inf	Arg	81.2	high confidence set
chr3	23	23020067	23020140	Val	AAC	0	0	54.9	39.80	15.10	Inf	Val	75.8	high confidence set
chr3	24	21434179	21434094	Tyr	GTA	21434142	21434130	70.0	38.50	31.50	Inf	Tyr	108.3	high confidence set
chr3	25	21030427	21030356	Glu	TTC	0	0	70.5	45.30	25.20	Inf	Glu	97.5	high confidence set
chr3	26	18679952	18679879	Ile	AAT	0	0	81.8	58.30	23.50	Inf	Ile	106.8	high confidence set
chr3	27	18490958	18490885	Ile	AAT	0	0	81.8	58.30	23.50	Inf	Ile	106.8	high confidence set
chr3	28	16877511	16877439	Phe	GAA	0	0	76.1	54.40	21.70	Inf	Phe	115.3	high confidence set
chr3	29	8596175	8596094	Ser	GCT	0	0	80.5	45.20	35.30	Inf	Ser	109.5	high confidence set
chr3	30	4063921	4063849	Lys	CTT	0	0	86.8	66.60	20.20	Inf	Lys	107.7	high confidence set
chr3	31	3439230	3439158	Phe	GAA	0	0	78.3	58.40	19.90	Inf	Phe	113.2	high confidence set
chr3	33	535299	535228	Pro	CGG	0	0	68.2	35.30	32.90	Inf	Pro	113.0	high confidence set
chr3	35	114207	114136	Glu	TTC	0	0	70.5	45.30	25.20	Inf	Glu	97.5	high confidence set
chr4	2	8826551	8826623	Lys	TTT	0	0	88.7	64.40	24.30	Inf	Lys	93.7	high confidence set
chr4	3	9198239	9198312	Val	AAC	0	0	71.9	47.60	24.30	Inf	Val	91.0	high confidence set
chr4	5	18465900	18465971	Asp	GTC	0	0	69.8	46.80	23.00	Inf	Asp	94.5	high confidence set
chr4	6	18496766	18496837	Glu	TTC	0	0	70.5	45.30	25.20	Inf	Glu	97.5	high confidence set
chr4	7	14877646	14877574	Lys	TTT	0	0	89.6	66.00	23.60	Inf	Lys	96.4	high confidence set
chr4	10	4639560	4639487	Thr	AGT	0	0	76.0	48.40	27.60	Inf	Thr	90.6	high confidence set
chr5	1	9482183	9482255	Glu	CTC	0	0	76.4	50.60	25.80	Inf	Glu	95.8	high confidence set
chr5	2	9762392	9762464	Glu	CTC	0	0	78.9	53.10	25.80	Inf	Glu	99.2	high confidence set
chr5	4	16468048	16468120	Glu	CTC	0	0	78.9	53.10	25.80	Inf	Glu	99.2	high confidence set
chr5	5	13656950	13656877	Ile	TAT	0	0	85.9	70.60	15.30	Inf	Ile	103.9	high confidence set
chr5	6	13641198	13641117	Ser	GCT	0	0	73.5	44.70	28.80	Inf	Ser	96.0	high confidence set
chr5	7	12113827	12113756	Gln	CTG	0	0	75.3	51.20	24.10	Inf	Gln	106.0	high confidence set
chr5	9	341835	341763	Ala	TGC	0	0	64.5	39.80	24.70	Inf	Ala	94.8	high confidence set
chr6	3	9216008	9216093	Met	CAT	9216046	9216057	64.2	40.70	23.50	Inf	Met	104.0	high confidence set
chr6	4	12445666	12445739	Thr	AGT	0	0	76.0	48.40	27.60	Inf	Thr	90.6	high confidence set
chr6	5	12791308	12791388	Leu	CAG	0	0	69.5	46.80	22.70	Inf	Leu	109.7	high confidence set
chr6	11	21363974	21364055	Ser	TGA	0	0	82.9	48.20	34.70	Inf	Ser	121.4	high confidence set
chr6	12	24383695	24383768	Ile	AAT	0	0	84.9	58.30	26.60	Inf	Ile	109.3	high confidence set
chr6	13	24422344	24422415	Asp	GTC	0	0	70.4	47.40	23.00	Inf	Asp	94.4	high confidence set
chr6	14	27965756	27965837	Ser	AGA	0	0	79.6	43.50	36.10	Inf	Ser	114.9	high confidence set
chr6	20	13201883	13201810	Thr	AGT	0	0	74.7	46.20	28.50	Inf	Thr	89.4	high confidence set
chr6	21	7731168	7731096	Phe	GAA	0	0	78.3	58.40	19.90	Inf	Phe	113.2	high confidence set
chr7	1	1035820	1035893	Asn	GTT	0	0	84.5	59.40	25.10	Inf	Asn	95.9	high confidence set
chr7	4	10252257	10252328	Gln	TTG	0	0	73.5	53.70	19.80	Inf	Gln	104.8	high confidence set
chr7	6	16268249	16268322	Val	CAC	0	0	82.4	54.40	28.00	Inf	Val	103.7	high confidence set
chr7	7	19804064	19804135	iMet	CAT	0	0	58.3	28.10	30.20	Inf	iMet	118.7	high confidence set
chr7	8	24621086	24621157	Cys	GCA	0	0	82.1	59.90	22.20	Inf	Cys	106.6	high confidence set
chr7	9	25636691	25636771	Leu	CAG	0	0	69.5	46.80	22.70	Inf	Leu	109.7	high confidence set
chr7	10	23778898	23778826	Phe	GAA	0	0	78.3	58.40	19.90	Inf	Phe	113.2	high confidence set
chr7	11	19982587	19982515	Phe	GAA	0	0	76.1	54.40	21.70	Inf	Phe	115.3	high confidence set
chr7	14	13304558	13304473	Met	CAT	13304520	13304509	64.2	40.80	23.40	Inf	Met	104.0	high confidence set
chr7	15	13301751	13301666	Met	CAT	13301713	13301702	64.2	40.80	23.40	Inf	Met	104.0	high confidence set
chr7	20	9495576	9495505	Thr	TGT	0	0	79.4	48.40	31.00	Inf	Thr	92.4	high confidence set
chr7	21	9303294	9303222	Lys	CTT	0	0	86.8	66.60	20.20	Inf	Lys	107.7	high confidence set
chr8	2	12250381	12250462	Ser	TGA	0	0	80.7	46.10	34.60	Inf	Ser	119.7	high confidence set
chr8	3	13376634	13376706	Lys	CTT	0	0	86.8	66.60	20.20	Inf	Lys	107.7	high confidence set
chr8	4	15181749	15181821	Val	TAC	0	0	76.2	42.90	33.30	Inf	Val	102.4	high confidence set
chr8	7	7812819	7812748	Gly	TCC	0	0	73.9	46.20	27.70	Inf	Gly	85.6	high confidence set
chr8	8	7802993	7802922	Gly	TCC	0	0	73.9	46.20	27.70	Inf	Gly	85.6	high confidence set
chr8	9	5207107	5207035	Glu	CTC	0	0	78.9	53.10	25.80	Inf	Glu	99.2	high confidence set
chr8	11	4599301	4599230	iMet	CAT	0	0	58.3	28.10	30.20	Inf	iMet	118.7	high confidence set
chr8	12	4556759	4556676	Leu	CAA	0	0	81.0	54.60	26.40	Inf	Leu	125.6	high confidence set
chr8	15	1939911	1939840	Asp	GTC	0	0	70.4	47.40	23.00	Inf	Asp	94.4	high confidence set
chr9	2	13752397	13752478	Ser	GCT	0	0	80.5	45.20	35.30	Inf	Ser	109.5	high confidence set
chr9	3	14433134	14433206	Arg	CCT	0	0	69.1	50.30	18.80	Inf	Arg	81.2	high confidence set
chr9	4	14563773	14563700	Asn	GTT	0	0	83.9	58.50	25.40	Inf	Asn	97.4	high confidence set
chr9	6	11599052	11598981	Pro	AGG	0	0	67.4	34.70	32.70	Inf	Pro	112.3	high confidence set
chr9	8	218209	218139	Gly	GCC	0	0	55.3	43.00	12.30	Inf	Gly	84.8	high confidence set
scaffold1016	1	223686	223757	Gln	TTG	0	0	73.5	53.70	19.80	Inf	Gln	104.8	high confidence set
scaffold1019	1	188960	189033	Asn	GTT	0	0	84.5	59.40	25.10	Inf	Asn	95.9	high confidence set
scaffold1019	2	437639	437566	Ile	AAT	0	0	81.8	58.30	23.50	Inf	Ile	106.8	high confidence set
scaffold1023	2	218092	218019	Ile	AAT	0	0	75.8	53.80	22.00	Inf	Ile	101.1	high confidence set
scaffold1038	1	250692	250765	Val	CAC	0	0	82.4	54.40	28.00	Inf	Val	103.7	high confidence set
scaffold1040	1	212076	212148	Ala	TGC	0	0	70.0	45.30	24.70	Inf	Ala	100.6	high confidence set
scaffold1057	1	61871	61951	Leu	AAG	0	0	74.0	52.20	21.80	Inf	Leu	110.4	high confidence set
scaffold1066	1	54945	55016	His	GTG	0	0	55.7	26.40	29.30	Inf	His	83.1	high confidence set
scaffold1082	1	346746	346674	Phe	GAA	0	0	78.3	58.40	19.90	Inf	Phe	113.2	high confidence set
scaffold1134	1	36432	36503	Trp	CCA	0	0	75.8	51.20	24.60	Inf	Trp	105.6	high confidence set
scaffold1167	1	179466	179393	Asn	GTT	0	0	84.5	59.40	25.10	Inf	Asn	95.9	high confidence set
scaffold1181	1	28091	28010	Ser	TGA	0	0	77.6	45.00	32.60	Inf	Ser	115.8	high confidence set
scaffold1185	1	118678	118758	Leu	AAG	0	0	74.0	52.20	21.80	Inf	Leu	110.4	high confidence set
scaffold1199	1	243617	243546	Asp	GTC	0	0	69.8	46.80	23.00	Inf	Asp	94.5	high confidence set
scaffold126	2	438554	438481	Ile	AAT	0	0	81.8	58.30	23.50	Inf	Ile	106.8	high confidence set
scaffold1276	1	10986	10897	Tyr	GTA	10949	10933	69.8	38.30	31.50	Inf	Tyr	108.3	high confidence set
scaffold1314	2	97359	97288	Pro	CGG	0	0	68.2	35.30	32.90	Inf	Pro	113.0	high confidence set
scaffold1329	1	129070	129142	Arg	CCT	0	0	69.1	50.30	18.80	Inf	Arg	81.2	high confidence set
scaffold138	1	174805	174875	Gly	CCC	0	0	66.0	29.20	36.80	Inf	Gly	87.4	high confidence set
scaffold1395	1	149471	149552	Ser	AGA	0	0	76.3	41.60	34.70	Inf	Ser	112.1	high confidence set
scaffold1402	1	87569	87486	Leu	TAA	0	0	66.2	28.30	37.90	Inf	Leu	96.3	high confidence set
scaffold1422	1	20956	21027	Pro	CGG	0	0	68.4	35.70	32.70	Inf	Pro	111.1	high confidence set
scaffold1422	2	21770	21699	Gly	TCC	0	0	73.9	46.20	27.70	Inf	Gly	85.6	high confidence set
scaffold1433	1	65416	65488	Lys	CTT	0	0	78.5	58.60	19.90	Inf	Lys	96.9	high confidence set
scaffold1433	2	182166	182094	Lys	TTT	0	0	89.6	66.00	23.60	Inf	Lys	96.4	high confidence set
scaffold1511	1	315346	315418	Phe	GAA	0	0	76.1	54.40	21.70	Inf	Phe	115.3	high confidence set
scaffold1515	1	274865	274936	Thr	TGT	0	0	79.1	48.90	30.20	Inf	Thr	92.7	high confidence set
scaffold15420	1	2103	2176	Ile	GAT	0	0	75.3	47.80	27.50	Inf	Thr	86.1	IPD:-13.20,isotype mismatch
scaffold15420	2	2194	2266	Ala	TGC	0	0	64.9	41.20	23.70	Inf	Ala	70.7	high confidence set
scaffold1545	1	136703	136774	Glu	TTC	0	0	70.5	45.30	25.20	Inf	Glu	97.5	high confidence set
scaffold1561	1	386347	386420	Val	AAC	0	0	72.9	48.60	24.30	Inf	Val	93.8	high confidence set
scaffold1575	1	136985	137070	Tyr	GTA	137022	137034	74.5	43.00	31.50	Inf	Tyr	111.8	high confidence set
scaffold1575	2	139094	139179	Tyr	GTA	139131	139143	74.5	43.00	31.50	Inf	Tyr	111.8	high confidence set
scaffold1591	1	40810	40739	Pro	TGG	0	0	63.8	36.20	27.60	Inf	Pro	106.7	high confidence set
scaffold15925	1	1611	1540	Gln	TTG	0	0	69.4	54.10	15.30	Inf	Gln	94.0	high confidence set
scaffold1603	1	52018	51947	Trp	CCA	0	0	75.8	51.20	24.60	Inf	Trp	105.6	high confidence set
scaffold1618	1	97219	97300	Ser	AGA	0	0	76.3	41.60	34.70	Inf	Ser	112.1	high confidence set
scaffold1658	3	45555	45485	Gly	GCC	0	0	66.5	44.80	21.70	Inf	Gly	94.4	high confidence set
scaffold1708	1	122307	122388	Ser	AGA	0	0	76.3	41.60	34.70	Inf	Ser	112.1	high confidence set
scaffold1708	2	44106	44035	Gln	CTG	0	0	75.3	51.20	24.10	Inf	Gln	106.0	high confidence set
scaffold173	1	174940	174862	Arg	ACG	0	0	56.5	44.90	11.60	Inf	Ile	73.7	IPD:-23.30,isotype mismatch
scaffold1775	1	40004	40074	Gly	GCC	0	0	66.5	44.80	21.70	Inf	Gly	94.4	high confidence set
scaffold1775	2	51979	52050	Pro	AGG	0	0	67.4	34.70	32.70	Inf	Pro	112.3	high confidence set
scaffold1806	1	108426	108498	Lys	CTT	0	0	86.8	66.60	20.20	Inf	Lys	107.7	high confidence set
scaffold1820	1	19717	19644	Val	AAC	0	0	72.9	48.60	24.30	Inf	Val	93.8	high confidence set
scaffold1849	1	50258	50329	Asp	GTC	0	0	69.8	46.80	23.00	Inf	Asp	95.8	high confidence set
scaffold1856	1	142476	142555	Leu	TAG	0	0	69.5	48.50	21.00	Inf	Leu	111.5	high confidence set
scaffold1867	1	44871	44942	iMet	CAT	0	0	58.3	28.10	30.20	Inf	iMet	118.7	high confidence set
scaffold1904	1	97579	97498	Ser	TGA	0	0	74.3	46.40	27.90	Inf	Ser	111.4	high confidence set
scaffold19299	1	1503	1586	Tyr	GTA	1540	1550	70.1	38.60	31.50	Inf	Tyr	108.3	high confidence set
scaffold1930	1	145951	146031	Leu	CAG	0	0	69.5	46.80	22.70	Inf	Leu	109.7	high confidence set
scaffold1932	1	28420	28349	iMet	CAT	0	0	58.3	28.10	30.20	Inf	iMet	118.7	high confidence set
scaffold1937	1	117424	117496	Arg	ACG	0	0	72.0	49.70	22.30	Inf	Arg	93.9	high confidence set
scaffold1971	1	50930	51002	Lys	TTT	0	0	89.6	66.00	23.60	Inf	Lys	96.4	high confidence set
scaffold1972	1	70570	70653	Leu	CAA	0	0	81.0	54.60	26.40	Inf	Leu	125.6	high confidence set
scaffold2005	1	213278	213197	Ser	GCT	0	0	80.5	45.20	35.30	Inf	Ser	109.5	high confidence set
scaffold2007	1	35285	35356	Pro	TGG	0	0	68.5	35.70	32.80	Inf	Pro	111.2	high confidence set
scaffold2007	2	45741	45812	Pro	TGG	0	0	68.5	35.70	32.80	Inf	Pro	111.2	high confidence set
scaffold2011	1	8538	8609	His	GTG	0	0	63.0	33.70	29.30	Inf	His	86.8	high confidence set
scaffold20223	1	1370	1441	Trp	CCA	0	0	75.8	51.20	24.60	Inf	Trp	105.6	high confidence set
scaffold2027	1	123826	123898	Lys	TTT	0	0	77.6	53.40	24.20	Inf	Lys	86.3	high confidence set
scaffold2052	1	25537	25608	Cys	GCA	0	0	82.1	59.90	22.20	Inf	Cys	106.6	high confidence set
scaffold2075	1	15790	15873	Tyr	GTA	15827	15837	70.1	38.60	31.50	Inf	Tyr	108.3	high confidence set
scaffold2091	1	5295	5224	Gly	TCC	0	0	64.9	44.10	20.80	Inf	Gly	74.7	high confidence set
scaffold2091	2	4721	4650	Gly	TCC	0	0	68.3	40.70	27.60	Inf	Gly	81.3	high confidence set
scaffold2101	1	138984	139064	Leu	AAG	0	0	74.0	52.20	21.80	Inf	Leu	110.4	high confidence set
scaffold2176	1	32109	32038	Gln	TTG	0	0	73.5	53.70	19.80	Inf	Gln	104.8	high confidence set
scaffold2179	1	47973	48044	Asp	GTC	0	0	69.8	46.80	23.00	Inf	Asp	94.5	high confidence set
scaffold2235	1	32553	32481	Ala	TGC	0	0	70.0	45.30	24.70	Inf	Ala	100.6	high confidence set
scaffold224	1	72854	72926	Arg	TCT	0	0	68.1	50.00	18.10	Inf	Arg	96.3	high confidence set
scaffold224	2	82141	82213	Arg	TCT	0	0	68.1	50.00	18.10	Inf	Arg	96.3	high confidence set
scaffold224	3	161841	161768	Arg	TCG	0	0	82.3	61.00	21.30	Inf	Arg	91.9	high confidence set
scaffold2242	1	24551	24622	Glu	TTC	0	0	70.5	45.30	25.20	Inf	Glu	97.5	high confidence set
scaffold2255	1	37363	37434	Glu	TTC	0	0	70.5	45.30	25.20	Inf	Glu	97.5	high confidence set
scaffold22830	1	120	48	Arg	ACG	0	0	73.2	50.90	22.30	Inf	Arg	94.3	high confidence set
scaffold2303	1	99685	99612	Ile	AAT	0	0	81.8	58.30	23.50	Inf	Ile	106.8	high confidence set
scaffold2316	1	91449	91522	Thr	AGT	0	0	76.0	48.40	27.60	Inf	Thr	90.6	high confidence set
scaffold2316	2	82049	81977	Arg	CCG	0	0	65.5	47.30	18.20	Inf	Arg	91.7	high confidence set
scaffold2334	1	43777	43850	Arg	TCG	0	0	82.3	61.00	21.30	Inf	Arg	91.9	high confidence set
scaffold23424	1	1049	1121	Arg	TCT	0	0	68.5	50.60	17.90	Inf	Arg	98.8	high confidence set
scaffold23688	1	919	990	Asp	GTC	0	0	54.0	39.00	15.00	Inf	Asp	80.6	high confidence set
scaffold2399	2	74016	73945	Asp	GTC	0	0	69.8	46.80	23.00	Inf	Asp	95.8	high confidence set
scaffold2456	1	120889	120816	Asn	GTT	0	0	84.5	59.40	25.10	Inf	Asn	95.9	high confidence set
scaffold2530	1	27411	27339	Phe	GAA	0	0	78.3	58.40	19.90	Inf	Phe	113.2	high confidence set
scaffold2538	1	185057	185129	Ala	AGC	0	0	63.4	38.20	25.20	Inf	Ala	98.3	high confidence set
scaffold2538	2	97490	97418	Arg	TCT	0	0	65.7	47.50	18.20	Inf	Arg	91.1	high confidence set
scaffold2538	3	87787	87715	Arg	TCT	0	0	65.7	47.50	18.20	Inf	Arg	91.1	high confidence set
scaffold256	1	357343	357415	Val	TAC	0	0	72.9	39.80	33.10	Inf	Val	96.3	high confidence set
scaffold256	2	468643	468723	Leu	CAG	0	0	69.5	46.80	22.70	Inf	Leu	109.7	high confidence set
scaffold256	3	38689	38618	Asp	GTC	0	0	69.8	46.80	23.00	Inf	Asp	94.5	high confidence set
scaffold2599	1	95013	94940	Val	AAC	0	0	72.9	48.60	24.30	Inf	Val	93.8	high confidence set
scaffold2632	1	93175	93262	Ser	GCT	0	0	54.3	36.20	18.10	Inf	Ser	71.7	high confidence set
scaffold2653	1	203	274	Thr	TGT	0	0	70.2	46.40	23.80	Inf	Thr	82.0	high confidence set
scaffold2675	1	40773	40846	Arg	TCG	0	0	81.9	60.40	21.50	Inf	Arg	92.9	high confidence set
scaffold274	1	392608	392689	Ser	GCT	0	0	80.5	45.20	35.30	Inf	Ser	109.5	high confidence set
scaffold2830	1	110941	110870	Gln	CTG	0	0	75.3	51.20	24.10	Inf	Gln	106.0	high confidence set
scaffold2841	1	10139	10218	Leu	TAG	0	0	69.5	48.50	21.00	Inf	Leu	111.5	high confidence set
scaffold2850	1	56414	56485	Cys	GCA	0	0	81.7	56.10	25.60	Inf	Cys	104.3	high confidence set
scaffold2883	1	69767	69839	Ala	TGC	0	0	70.0	45.30	24.70	Inf	Ala	100.6	high confidence set
scaffold2899	1	67194	67121	Asn	GTT	0	0	84.5	59.40	25.10	Inf	Asn	95.9	high confidence set
scaffold2899	2	56153	56080	Asn	GTT	0	0	84.5	59.40	25.10	Inf	Asn	95.9	high confidence set
scaffold2900	1	136465	136394	Gly	TCC	0	0	69.9	47.50	22.40	Inf	Gly	78.5	high confidence set
scaffold29523	1	137	66	Gly	TCC	0	0	73.9	46.20	27.70	Inf	Gly	85.6	high confidence set
scaffold2964	1	6552	6479	Thr	AGT	0	0	76.0	48.40	27.60	Inf	Thr	90.6	high confidence set
scaffold2984	1	58000	58072	Ala	CGC	0	0	68.3	44.10	24.20	Inf	Ala	99.2	high confidence set
scaffold3046	1	21943	21872	Gln	CTG	0	0	74.3	49.60	24.70	Inf	Gln	103.3	high confidence set
scaffold307	1	804528	804599	Thr	TGT	0	0	79.3	49.30	30.00	Inf	Thr	92.3	high confidence set
scaffold309	2	365806	365735	His	GTG	0	0	63.0	33.70	29.30	Inf	His	86.8	high confidence set
scaffold309	3	183018	182946	Lys	CTT	0	0	87.7	67.60	20.10	Inf	Lys	106.7	high confidence set
scaffold3155	1	1903	1832	Glu	TTC	0	0	70.5	45.30	25.20	Inf	Glu	97.5	high confidence set
scaffold3208	1	29916	29988	Ala	AGC	0	0	63.4	38.20	25.20	Inf	Ala	98.3	high confidence set
scaffold330867	1	41384	41313	Asn	GTT	0	0	79.0	56.70	22.30	Inf	Asn	79.2	high confidence set
scaffold3427	1	47839	47911	Ala	AGC	0	0	63.4	38.20	25.20	Inf	Ala	98.3	high confidence set
scaffold343	1	259670	259742	Ala	AGC	0	0	51.8	26.80	25.00	Inf	Ala	88.7	high confidence set
scaffold3448	1	23702	23631	Glu	TTC	0	0	63.2	40.60	22.60	Inf	Glu	91.0	high confidence set
scaffold34499	1	193	266	Ile	AAT	0	0	85.5	59.00	26.50	Inf	Ile	109.4	high confidence set
scaffold363	1	456801	456729	Arg	ACG	0	0	72.0	49.70	22.30	Inf	Arg	93.9	high confidence set
scaffold3665	1	34865	34936	Thr	TGT	0	0	79.3	49.30	30.00	Inf	Thr	92.3	high confidence set
scaffold4028	1	997	913	Met	CAT	959	949	64.3	40.80	23.50	Inf	Met	104.0	high confidence set
scaffold40913	1	318	390	Ala	TGC	0	0	70.0	45.30	24.70	Inf	Ala	100.6	high confidence set
scaffold4174	1	5614	5541	Val	AAC	0	0	72.9	48.60	24.30	Inf	Val	93.8	high confidence set
scaffold4338	1	620	539	Ser	TGA	0	0	80.7	46.10	34.60	Inf	Ser	119.7	high confidence set
scaffold505	1	72616	72687	His	GTG	0	0	63.0	33.70	29.30	Inf	His	89.9	high confidence set
scaffold505	2	73706	73777	His	GTG	0	0	63.0	33.70	29.30	Inf	His	89.9	high confidence set
scaffold505	3	407256	407327	Pro	AGG	0	0	67.4	34.70	32.70	Inf	Pro	112.3	high confidence set
scaffold505	4	407615	407544	Pro	TGG	0	0	68.5	35.70	32.80	Inf	Pro	111.2	high confidence set
scaffold537	1	523245	523316	His	GTG	0	0	63.0	33.70	29.30	Inf	His	86.8	high confidence set
scaffold537	2	532866	532937	His	GTG	0	0	63.0	33.70	29.30	Inf	His	86.8	high confidence set
scaffold537	3	846423	846495	Lys	TTT	0	0	89.6	66.00	23.60	Inf	Lys	96.4	high confidence set
scaffold537	4	853957	854029	Lys	TTT	0	0	89.6	66.00	23.60	Inf	Lys	96.4	high confidence set
scaffold555	1	380951	381022	Glu	TTC	0	0	70.5	45.30	25.20	Inf	Glu	97.5	high confidence set
scaffold568	1	305722	305794	Glu	CTC	0	0	78.9	53.10	25.80	Inf	Glu	99.2	high confidence set
scaffold586	1	253910	253989	Leu	TAG	0	0	70.9	50.70	20.20	Inf	Leu	109.5	high confidence set
scaffold586	2	333492	333421	His	GTG	0	0	63.0	33.70	29.30	Inf	His	86.8	high confidence set
scaffold617	2	49455	49375	Leu	AAG	0	0	72.6	49.90	22.70	Inf	Leu	108.7	high confidence set
scaffold6275	1	365	437	Glu	CTC	0	0	78.9	53.10	25.80	Inf	Glu	99.2	high confidence set
scaffold629	1	232309	232380	Asp	GTC	0	0	63.2	44.20	19.00	Inf	Asp	89.6	high confidence set
scaffold6362	1	992	1065	Thr	AGT	0	0	74.7	46.20	28.50	Inf	Thr	89.4	high confidence set
scaffold65	1	284295	284224	Pro	TGG	0	0	68.5	35.70	32.80	Inf	Pro	111.2	high confidence set
scaffold652	1	223094	223164	Gly	GCC	0	0	64.1	44.50	19.60	Inf	Gly	92.7	high confidence set
scaffold657	1	165833	165903	Gly	CCC	0	0	66.0	29.20	36.80	Inf	Gly	87.4	high confidence set
scaffold670	1	95651	95568	Leu	CAA	0	0	79.3	54.60	24.70	Inf	Leu	120.7	high confidence set
scaffold675	1	307701	307630	Pro	TGG	0	0	68.5	35.70	32.80	Inf	Pro	111.2	high confidence set
scaffold683	1	85534	85604	Gly	CCC	0	0	66.0	29.20	36.80	Inf	Gly	87.4	high confidence set
scaffold683	2	302546	302616	Gly	GCC	0	0	66.5	44.80	21.70	Inf	Gly	94.4	high confidence set
scaffold69	2	1157602	1157683	Ser	AGA	0	0	79.6	43.50	36.10	Inf	Ser	114.9	high confidence set
scaffold723	2	410543	410472	Trp	CCA	0	0	75.8	51.20	24.60	Inf	Trp	105.6	high confidence set
scaffold7276	1	2720	2647	Val	CAC	0	0	74.2	54.20	20.00	Inf	Val	91.4	high confidence set
scaffold770	1	237266	237337	Gln	TTG	0	0	73.5	53.70	19.80	Inf	Gln	104.8	high confidence set
scaffold786	1	148046	148117	Cys	GCA	0	0	81.7	56.10	25.60	Inf	Cys	104.3	high confidence set
scaffold806	1	86985	87056	iMet	CAT	0	0	54.8	30.30	24.50	Inf	iMet	105.1	high confidence set
scaffold83	2	607335	607408	Val	AAC	0	0	72.9	48.60	24.30	Inf	Val	93.8	high confidence set
scaffold83	5	898050	898133	Tyr	GTA	898087	898097	70.1	38.60	31.50	Inf	Tyr	108.3	high confidence set
scaffold83	6	918949	918876	Arg	TCG	0	0	81.9	60.40	21.50	Inf	Arg	92.9	high confidence set
scaffold830	1	18488	18569	Ser	AGA	0	0	78.7	42.50	36.20	Inf	Ser	114.6	high confidence set
scaffold858	1	3305	3375	Gly	GCC	0	0	64.0	42.20	21.80	Inf	Gly	91.7	high confidence set
scaffold871	1	119748	119818	Gly	GCC	0	0	66.5	44.80	21.70	Inf	Gly	94.4	high confidence set
scaffold878	1	191430	191501	Thr	TGT	0	0	84.5	58.50	26.00	Inf	Thr	95.0	high confidence set
scaffold894	1	190361	190278	Leu	CAA	0	0	78.5	55.10	23.40	Inf	Leu	119.0	high confidence set
scaffold901	1	39068	38997	Gly	TCC	0	0	73.9	46.20	27.70	Inf	Gly	85.6	high confidence set
scaffold905	1	138115	138187	Arg	TCT	0	0	68.1	50.00	18.10	Inf	Arg	96.3	high confidence set
scaffold915	1	143771	143700	Trp	CCA	0	0	75.8	51.20	24.60	Inf	Trp	105.6	high confidence set
scaffold927	1	45360	45443	Leu	CAA	0	0	81.0	54.60	26.40	Inf	Leu	125.6	high confidence set
scaffold927	2	46754	46837	Leu	CAA	0	0	81.0	54.60	26.40	Inf	Leu	125.6	high confidence set
scaffold927	3	52193	52122	Gly	TCC	0	0	73.9	46.20	27.70	Inf	Gly	85.6	high confidence set
scaffold9291	1	1404	1474	Gly	GCC	0	0	62.9	44.80	18.10	Inf	Gly	83.6	high confidence set
scaffold936	1	4311	4240	Gln	CTG	0	0	74.3	49.60	24.70	Inf	Gln	103.3	high confidence set
scaffold939	3	59499	59429	Gly	GCC	0	0	66.5	44.80	21.70	Inf	Gly	94.4	high confidence set
scaffold942	1	44228	44313	Met	CAT	44266	44277	64.2	40.70	23.50	Inf	Met	104.0	high confidence set
scaffold963	1	98480	98551	Asp	GTC	0	0	69.8	46.80	23.00	Inf	Asp	95.8	high confidence set
scaffold963	2	117719	117790	Asp	GTC	0	0	69.8	46.80	23.00	Inf	Asp	95.8	high confidence set
scaffold998	1	15648	15575	Ile	AAT	0	0	81.8	58.30	23.50	Inf	Ile	106.8	high confidence set
