Sequence      		tRNA   	Bounds 	tRNA	Anti	Intron Bounds	Inf	HMM	2'Str	Hit	Isotype	Isotype	      
Name          	tRNA#	Begin  	End    	Type	Codon	Begin	End	Score	Score	Score	Origin	CM	Score	Note
--------      	------	-----  	------ 	----	-----	-----	----	------	-----	-----	------	-------	-------	------
supercontig_1	1	2466650	2466722	Val	TAC	0	0	76.7	41.70	35.00	Inf	Val	103.0	high confidence set
supercontig_1	2	3143151	3143224	Ile	AAT	0	0	81.8	58.30	23.50	Inf	Ile	106.8	high confidence set
supercontig_1	3	4769508	4769579	Cys	GCA	0	0	82.1	59.90	22.20	Inf	Cys	106.6	high confidence set
supercontig_1	4	4839611	4839684	Asn	GTT	0	0	81.1	58.40	22.70	Inf	Asn	93.7	high confidence set
supercontig_1	5	4870919	4870991	Arg	CCG	0	0	80.4	58.30	22.10	Inf	Arg	84.6	high confidence set
supercontig_1	6	4994514	4994586	Lys	CTT	0	0	86.8	66.60	20.20	Inf	Lys	107.7	high confidence set
supercontig_1	7	5133688	5133760	Lys	TTT	0	0	88.7	64.40	24.30	Inf	Lys	93.7	high confidence set
supercontig_1	8	5133860	5133932	Lys	TTT	0	0	89.7	65.30	24.40	Inf	Lys	92.7	high confidence set
supercontig_1	9	4463862	4463791	His	GTG	0	0	63.0	33.70	29.30	Inf	His	87.1	high confidence set
supercontig_1	10	4415542	4415471	Pro	AGG	0	0	67.4	34.70	32.70	Inf	Pro	112.3	high confidence set
supercontig_1	11	2034244	2034173	Thr	CGT	0	0	80.5	54.30	26.20	Inf	Thr	87.3	high confidence set
supercontig_1	12	1952084	1952011	Asn	GTT	0	0	84.5	59.40	25.10	Inf	Asn	95.9	high confidence set
supercontig_1	13	1793099	1793027	Ala	TGC	0	0	70.0	45.30	24.70	Inf	Ala	100.6	high confidence set
supercontig_2	2	4507831	4507904	Ile	TAT	0	0	83.8	66.20	17.60	Inf	Ile	102.7	high confidence set
supercontig_2	3	4119814	4119744	Gly	GCC	0	0	66.5	44.80	21.70	Inf	Gly	94.4	high confidence set
supercontig_2	4	4119668	4119598	Gly	GCC	0	0	63.5	44.70	18.80	Inf	Gly	92.5	high confidence set
supercontig_2	5	1517186	1517114	Phe	GAA	0	0	78.3	58.40	19.90	Inf	Phe	113.2	high confidence set
supercontig_3	1	726790	726861	Gln	CTG	0	0	74.3	49.60	24.70	Inf	Gln	103.3	high confidence set
supercontig_3	3	3066028	3066100	Arg	CCT	0	0	69.1	50.30	18.80	Inf	Arg	81.2	high confidence set
supercontig_3	4	1015651	1015572	Leu	TAG	0	0	69.5	48.50	21.00	Inf	Leu	111.5	high confidence set
supercontig_3	5	871199	871129	Gly	CCC	0	0	66.3	29.50	36.80	Inf	Gly	89.7	high confidence set
supercontig_4	1	2716029	2715958	Gln	TTG	0	0	73.5	53.70	19.80	Inf	Gln	104.8	high confidence set
supercontig_5	1	4191	4262	Pro	CGG	0	0	68.5	36.10	32.40	Inf	Pro	108.5	high confidence set
supercontig_5	2	210362	210433	Asp	GTC	0	0	69.8	46.80	23.00	Inf	Asp	95.8	high confidence set
supercontig_5	3	666220	666302	Leu	TAA	0	0	69.7	31.30	38.40	Inf	Leu	92.9	high confidence set
supercontig_5	4	667984	668066	Leu	TAA	0	0	69.7	31.30	38.40	Inf	Leu	92.9	high confidence set
supercontig_5	5	3272979	3273052	Val	AAC	0	0	72.9	48.60	24.30	Inf	Val	93.8	high confidence set
supercontig_5	6	2673747	2673677	Gly	GCC	0	0	66.5	44.80	21.70	Inf	Gly	94.4	high confidence set
supercontig_5	7	2497278	2497206	Ala	AGC	0	0	63.4	38.70	24.70	Inf	Ala	96.4	high confidence set
supercontig_5	8	603736	603654	Leu	AAG	0	0	68.2	48.10	20.10	Inf	Leu	94.7	high confidence set
supercontig_5	9	603523	603443	Leu	AAG	0	0	71.4	54.00	17.40	Inf	Leu	100.9	high confidence set
supercontig_5	10	603312	603232	Leu	AAG	0	0	71.4	54.00	17.40	Inf	Leu	100.9	high confidence set
supercontig_5	12	602887	602807	Leu	AAG	0	0	74.0	52.20	21.80	Inf	Leu	110.4	high confidence set
supercontig_6	1	4553	4628	Thr	AGT	0	0	63.7	37.90	25.80	Inf	Thr	81.2	high confidence set
supercontig_6	2	141331	141404	Val	AAC	0	0	72.9	48.60	24.30	Inf	Val	93.8	high confidence set
supercontig_6	4	845600	845673	Ile	TAT	0	0	85.9	70.60	15.30	Inf	Ile	103.9	high confidence set
supercontig_6	5	1025175	1025248	Asn	GTT	0	0	83.9	58.50	25.40	Inf	Asn	97.4	high confidence set
supercontig_6	6	1425576	1425647	His	GTG	0	0	63.0	33.70	29.30	Inf	His	86.8	high confidence set
supercontig_6	7	3011412	3011483	Glu	TTC	0	0	72.0	47.50	24.50	Inf	Glu	101.6	high confidence set
supercontig_6	8	3032644	3032573	Trp	CCA	0	0	75.8	51.20	24.60	Inf	Trp	105.6	high confidence set
supercontig_6	9	3031762	3031691	Trp	CCA	0	0	75.8	51.20	24.60	Inf	Trp	105.6	high confidence set
supercontig_6	10	2779899	2779828	Trp	CCA	0	0	75.8	51.20	24.60	Inf	Trp	105.6	high confidence set
supercontig_6	11	1706954	1706882	Glu	CTC	0	0	79.2	53.50	25.70	Inf	Glu	94.2	high confidence set
supercontig_6	13	1704742	1704670	Glu	CTC	0	0	54.4	41.20	13.20	Inf	Glu	71.9	high confidence set
supercontig_6	14	1587595	1587524	Gln	TTG	0	0	73.5	53.70	19.80	Inf	Gln	104.8	high confidence set
supercontig_6	15	903390	903319	Asp	GTC	0	0	67.8	44.80	23.00	Inf	Asp	92.9	high confidence set
supercontig_6	16	763543	763472	Glu	TTC	0	0	72.0	47.50	24.50	Inf	Glu	101.6	high confidence set
supercontig_7	3	2505132	2505213	Ser	CGA	0	0	70.0	45.00	25.00	Inf	Ser	109.8	high confidence set
supercontig_7	4	279454	279381	Ile	TAT	0	0	82.6	64.10	18.50	Inf	Ile	102.3	high confidence set
supercontig_8	2	549303	549374	Cys	GCA	0	0	78.8	53.50	25.30	Inf	Cys	102.7	high confidence set
supercontig_8	5	550194	550265	Cys	GCA	0	0	69.8	46.40	23.40	Inf	Cys	91.5	high confidence set
supercontig_8	7	550731	550802	Cys	GCA	0	0	59.4	40.40	19.00	Inf	Cys	88.0	high confidence set
supercontig_8	10	551524	551595	Cys	GCA	0	0	77.7	54.30	23.40	Inf	Cys	98.2	high confidence set
supercontig_8	11	551989	552060	Cys	GCA	0	0	78.7	53.30	25.40	Inf	Cys	102.6	high confidence set
supercontig_8	12	552792	552863	Cys	GCA	0	0	78.8	53.50	25.30	Inf	Cys	102.7	high confidence set
supercontig_8	13	553597	553668	Cys	GCA	0	0	73.4	51.90	21.50	Inf	Cys	95.9	high confidence set
supercontig_8	14	554397	554468	Cys	GCA	0	0	66.9	50.90	16.00	Inf	Cys	96.6	high confidence set
supercontig_8	15	555176	555247	Cys	GCA	0	0	63.8	48.20	15.60	Inf	Cys	88.0	high confidence set
supercontig_8	23	557526	557597	Tyr	GTA	0	0	58.1	35.30	22.80	Inf	Cys	90.7	IPD:-37.30,isotype mismatch
supercontig_8	27	1071878	1071959	Ser	TGA	0	0	80.7	46.10	34.60	Inf	Ser	119.7	high confidence set
supercontig_8	28	1194694	1194777	Met	CAT	1194732	1194741	64.3	40.80	23.50	Inf	Met	104.0	high confidence set
supercontig_8	31	933926	933854	Lys	TTT	0	0	89.7	65.30	24.40	Inf	Lys	92.7	high confidence set
supercontig_8	32	933352	933280	Lys	TTT	0	0	89.7	65.30	24.40	Inf	Lys	92.7	high confidence set
supercontig_9	1	370922	370993	His	GTG	0	0	63.0	33.70	29.30	Inf	His	87.1	high confidence set
supercontig_9	3	888020	888092	Ala	TGC	0	0	62.0	46.80	15.20	Inf	Ala	93.2	high confidence set
supercontig_9	4	1080708	1080781	Ile	AAT	0	0	66.0	55.20	10.80	Inf	Ile	85.1	high confidence set
supercontig_9	5	1930458	1930529	Thr	TGT	0	0	84.5	58.50	26.00	Inf	Thr	95.0	high confidence set
supercontig_9	6	565005	564932	Thr	AGT	0	0	76.0	48.40	27.60	Inf	Thr	90.6	high confidence set
supercontig_10	1	2144356	2144275	Ser	AGA	0	0	76.3	41.60	34.70	Inf	Ser	112.1	high confidence set
supercontig_11	3	618994	618911	Leu	CAA	0	0	74.9	54.20	20.70	Inf	Leu	112.6	high confidence set
supercontig_12	1	86802	86883	Ser	AGA	0	0	76.3	41.60	34.70	Inf	Ser	112.1	high confidence set
supercontig_12	2	234500	234572	Val	TAC	0	0	78.2	43.80	34.40	Inf	Val	106.2	high confidence set
supercontig_12	3	568985	569056	Trp	CCA	0	0	75.8	51.20	24.60	Inf	Trp	105.6	high confidence set
supercontig_12	6	2593985	2594057	Phe	GAA	0	0	78.3	58.40	19.90	Inf	Phe	113.2	high confidence set
supercontig_12	7	2632144	2632216	Phe	GAA	0	0	78.3	58.40	19.90	Inf	Phe	113.2	high confidence set
supercontig_12	8	796666	796596	Ile	AAT	0	0	51.1	37.60	13.50	Inf	Ile	77.6	high confidence set
supercontig_13	1	241088	241159	Asp	GTC	0	0	69.8	46.80	23.00	Inf	Asp	95.8	high confidence set
supercontig_13	2	1753140	1753221	Ser	AGA	0	0	76.3	41.60	34.70	Inf	Ser	112.1	high confidence set
supercontig_13	3	2704161	2704079	Leu	TAA	0	0	68.4	29.10	39.30	Inf	Leu	90.1	high confidence set
supercontig_13	4	1756580	1756510	Gly	CCC	0	0	66.3	29.50	36.80	Inf	Gly	89.7	high confidence set
supercontig_13	5	944672	944591	Ser	TGA	0	0	78.3	44.40	33.90	Inf	Ser	115.8	high confidence set
supercontig_14	3	2309334	2309263	Asp	GTC	0	0	60.8	47.00	13.80	Inf	Asp	81.7	high confidence set
supercontig_14	4	473216	473144	Ala	AGC	0	0	63.4	38.70	24.70	Inf	Ala	96.4	high confidence set
supercontig_14	5	26882	26802	Leu	CAG	0	0	69.5	46.80	22.70	Inf	Leu	109.7	high confidence set
supercontig_16	1	1550546	1550617	Pro	AGG	0	0	67.4	34.70	32.70	Inf	Pro	112.3	high confidence set
supercontig_16	2	1286856	1286786	Gly	CCC	0	0	60.1	29.80	30.30	Inf	Gly	82.9	high confidence set
supercontig_17	1	91602	91683	Ser	TGA	0	0	80.7	46.10	34.60	Inf	Ser	119.7	high confidence set
supercontig_17	3	2944384	2944464	Leu	CAG	0	0	69.5	46.80	22.70	Inf	Leu	109.7	high confidence set
supercontig_17	5	362986	362915	Cys	GCA	0	0	78.8	53.50	25.30	Inf	Cys	104.3	high confidence set
supercontig_18	1	775754	775838	Met	CAT	775792	775802	64.2	40.80	23.40	Inf	Met	104.0	high confidence set
supercontig_18	2	831428	831499	Pro	TGG	0	0	68.5	35.70	32.80	Inf	Pro	111.2	high confidence set
supercontig_18	3	1616078	1616151	Asn	GTT	0	0	84.5	59.40	25.10	Inf	Asn	95.9	high confidence set
supercontig_18	4	2631625	2631552	Val	CAC	0	0	82.4	54.40	28.00	Inf	Val	103.7	high confidence set
supercontig_18	5	932064	931992	Lys	CTT	0	0	84.3	64.20	20.10	Inf	Lys	102.9	high confidence set
supercontig_19	1	41949	42021	Arg	ACG	0	0	68.6	49.00	19.60	Inf	Arg	88.3	high confidence set
supercontig_19	2	888992	889073	Ser	CGA	0	0	78.9	46.60	32.30	Inf	Ser	122.0	high confidence set
supercontig_19	3	1084466	1084554	Tyr	GTA	1084503	1084518	74.3	42.80	31.50	Inf	Tyr	111.8	high confidence set
supercontig_19	4	1907117	1907188	iMet	CAT	0	0	58.3	28.10	30.20	Inf	iMet	118.7	high confidence set
supercontig_19	5	1931892	1931963	Asp	GTC	0	0	64.9	45.20	19.70	Inf	Asp	93.5	high confidence set
supercontig_20	1	686099	686172	Val	AAC	0	0	72.9	48.60	24.30	Inf	Val	93.8	high confidence set
supercontig_20	2	686247	686320	Val	AAC	0	0	73.5	49.30	24.20	Inf	Val	94.1	high confidence set
supercontig_20	3	1980868	1980941	Val	AAC	0	0	57.8	43.70	14.10	Inf	Val	72.6	high confidence set
supercontig_20	4	2489365	2489438	Ile	AAT	0	0	81.8	58.30	23.50	Inf	Ile	106.8	high confidence set
supercontig_21	1	1237655	1237727	Ala	TGC	0	0	68.3	44.20	24.10	Inf	Ala	99.2	high confidence set
supercontig_21	2	1211547	1211475	Lys	CTT	0	0	86.8	66.60	20.20	Inf	Lys	107.7	high confidence set
supercontig_23	1	1590747	1590827	Leu	AAG	0	0	74.0	52.20	21.80	Inf	Leu	110.4	high confidence set
supercontig_26	1	1879836	1879907	Glu	TTC	0	0	72.0	47.50	24.50	Inf	Glu	101.6	high confidence set
supercontig_26	2	1847231	1847160	Asp	GTC	0	0	68.0	45.30	22.70	Inf	Asp	90.5	high confidence set
supercontig_26	3	1166604	1166533	Asp	GTC	0	0	68.0	45.30	22.70	Inf	Asp	90.5	high confidence set
supercontig_26	4	1166440	1166369	Asp	GTC	0	0	69.8	46.80	23.00	Inf	Asp	95.8	high confidence set
supercontig_26	5	1166093	1166022	Asp	GTC	0	0	67.8	44.80	23.00	Inf	Asp	92.9	high confidence set
supercontig_26	6	559677	559606	Gln	TTG	0	0	71.6	54.10	17.50	Inf	Gln	102.3	high confidence set
supercontig_27	1	316127	316197	Gly	GCC	0	0	66.5	44.80	21.70	Inf	Gly	94.4	high confidence set
supercontig_27	2	316383	316455	Phe	GAA	0	0	70.4	50.50	19.90	Inf	Phe	105.2	high confidence set
supercontig_27	3	1676179	1676252	Thr	AGT	0	0	67.3	39.60	27.70	Inf	Thr	85.8	high confidence set
supercontig_27	4	2152195	2152266	Thr	CGT	0	0	80.2	51.20	29.00	Inf	Thr	85.8	high confidence set
supercontig_27	5	2183498	2183571	Ile	AAT	0	0	81.8	58.30	23.50	Inf	Ile	106.8	high confidence set
supercontig_27	6	2385846	2385919	Thr	AGT	0	0	74.7	46.20	28.50	Inf	Thr	89.4	high confidence set
supercontig_27	7	2412209	2412289	Leu	CAG	0	0	69.5	46.80	22.70	Inf	Leu	109.7	high confidence set
supercontig_27	8	1296620	1296549	Asp	GTC	0	0	67.8	44.80	23.00	Inf	Asp	92.9	high confidence set
supercontig_27	9	569682	569610	Val	TAC	0	0	78.2	43.80	34.40	Inf	Val	106.2	high confidence set
supercontig_29	1	78376	78447	Gly	TCC	0	0	73.9	46.20	27.70	Inf	Gly	85.6	high confidence set
supercontig_29	2	757114	757186	Lys	CTT	0	0	86.8	66.60	20.20	Inf	Lys	107.7	high confidence set
supercontig_29	3	1271503	1271573	Gly	GCC	0	0	66.5	44.80	21.70	Inf	Gly	94.4	high confidence set
supercontig_29	4	1065600	1065527	Asn	GTT	0	0	83.9	58.50	25.40	Inf	Asn	97.4	high confidence set
supercontig_30	1	1101406	1101493	Ser	GCT	0	0	61.7	39.10	22.60	Inf	Ser	79.8	high confidence set
supercontig_30	3	2162728	2162811	Tyr	GTA	0	0	55.6	30.40	25.20	Inf	Tyr	72.5	high confidence set
supercontig_30	4	2161905	2161834	Thr	GGT	0	0	58.2	29.20	29.00	Inf	Thr	73.0	unexpected anticodon
supercontig_30	6	1660436	1660353	Leu	CAA	0	0	81.0	54.60	26.40	Inf	Leu	125.6	high confidence set
supercontig_32	1	1261790	1261719	Pro	TGG	0	0	69.2	36.90	32.30	Inf	Pro	112.8	high confidence set
supercontig_33	1	1286589	1286517	Lys	TTT	0	0	88.7	64.40	24.30	Inf	Lys	93.7	high confidence set
supercontig_33	2	679974	679903	Thr	TGT	0	0	79.3	49.30	30.00	Inf	Thr	92.3	high confidence set
supercontig_34	1	1897551	1897479	Ala	TGC	0	0	69.1	43.70	25.40	Inf	Ala	100.1	high confidence set
supercontig_34	2	1278949	1278877	Phe	GAA	0	0	69.9	56.40	13.50	Inf	Phe	102.3	high confidence set
supercontig_34	3	98806	98734	Arg	CCG	0	0	65.5	47.30	18.20	Inf	Arg	91.7	high confidence set
supercontig_36	1	982261	982333	Lys	CTT	0	0	84.3	64.20	20.10	Inf	Lys	102.9	high confidence set
supercontig_36	2	1114955	1114872	Met	CAT	1114917	1114908	64.3	40.80	23.50	Inf	Met	104.0	high confidence set
supercontig_36	3	526526	526455	Glu	TTC	0	0	73.2	48.70	24.50	Inf	Glu	99.0	high confidence set
supercontig_36	4	526393	526322	Glu	TTC	0	0	72.0	47.50	24.50	Inf	Glu	101.6	high confidence set
supercontig_37	1	275591	275675	Met	CAT	275629	275639	64.3	40.80	23.50	Inf	Met	104.0	high confidence set
supercontig_37	2	157803	157722	Ser	GCT	0	0	80.5	45.20	35.30	Inf	Ser	109.5	high confidence set
supercontig_43	1	690792	690872	Leu	AAG	0	0	72.6	49.90	22.70	Inf	Leu	108.7	high confidence set
supercontig_46	1	1198240	1198313	Thr	AGT	0	0	70.0	45.60	24.40	Inf	Thr	84.0	high confidence set
supercontig_46	2	1556815	1556744	Trp	CCA	0	0	75.8	51.20	24.60	Inf	Trp	105.6	high confidence set
supercontig_46	3	1556667	1556596	Trp	CCA	0	0	75.8	51.20	24.60	Inf	Trp	105.6	high confidence set
supercontig_47	1	632907	632988	Ser	GCT	0	0	80.5	45.20	35.30	Inf	Ser	109.5	high confidence set
supercontig_47	3	621017	620945	Arg	TCT	0	0	67.3	50.10	17.20	Inf	Arg	95.7	high confidence set
supercontig_48	1	1163809	1163736	Ile	TAT	0	0	82.4	63.80	18.60	Inf	Ile	100.5	high confidence set
supercontig_48	2	851941	851870	Pro	CGG	0	0	63.9	38.20	25.70	Inf	Pro	104.4	high confidence set
supercontig_48	3	494598	494528	Gly	CCC	0	0	66.3	29.50	36.80	Inf	Gly	89.7	high confidence set
supercontig_50	1	534411	534341	Gly	GCC	0	0	58.8	40.40	18.40	Inf	Gly	83.6	high confidence set
supercontig_53	1	233092	233163	Pro	AGG	0	0	67.4	34.70	32.70	Inf	Pro	112.3	high confidence set
supercontig_55	1	333141	333212	Gln	CTG	0	0	75.3	51.20	24.10	Inf	Gln	106.0	high confidence set
supercontig_55	2	886510	886438	Arg	TCT	0	0	68.4	50.50	17.90	Inf	Arg	92.3	high confidence set
supercontig_55	3	576419	576348	Glu	TTC	0	0	72.0	47.50	24.50	Inf	Glu	101.6	high confidence set
supercontig_55	4	526290	526217	Ile	AAT	0	0	81.8	58.30	23.50	Inf	Ile	106.8	high confidence set
supercontig_55	5	269604	269523	Ser	GCT	0	0	80.5	45.20	35.30	Inf	Ser	109.5	high confidence set
supercontig_55	7	100100	100028	Ala	CGC	0	0	58.3	40.80	17.50	Inf	Ala	89.9	high confidence set
supercontig_55	8	78202	78130	Arg	CCT	0	0	65.9	50.60	15.30	Inf	Arg	77.1	high confidence set
supercontig_56	1	941160	941241	Ser	AGA	0	0	77.1	42.80	34.30	Inf	Ser	110.5	high confidence set
supercontig_56	2	1056403	1056484	Ser	TGA	0	0	80.7	46.10	34.60	Inf	Ser	119.7	high confidence set
supercontig_56	3	681005	680932	Val	CAC	0	0	82.4	54.40	28.00	Inf	Val	103.7	high confidence set
supercontig_59	1	182784	182865	Ser	AGA	0	0	79.5	43.70	35.80	Inf	Ser	113.0	high confidence set
supercontig_59	2	1120751	1120672	Leu	TAG	0	0	69.5	48.50	21.00	Inf	Leu	111.5	high confidence set
supercontig_59	3	325210	325138	Lys	CTT	0	0	83.4	63.20	20.20	Inf	Lys	95.2	high confidence set
supercontig_60	1	1255522	1255451	Thr	TGT	0	0	84.5	58.50	26.00	Inf	Thr	95.0	high confidence set
supercontig_61	1	1129944	1129871	Val	CAC	0	0	81.5	53.50	28.00	Inf	Val	100.2	high confidence set
supercontig_62	1	358578	358651	Ile	AAT	0	0	81.8	58.30	23.50	Inf	Ile	106.8	high confidence set
supercontig_62	2	605407	605480	Ile	AAT	0	0	81.8	58.30	23.50	Inf	Ile	106.8	high confidence set
supercontig_62	3	868405	868479	Thr	AGT	0	0	72.4	44.80	27.60	Inf	Thr	88.2	high confidence set
supercontig_62	4	575237	575151	Tyr	GTA	575200	575187	74.4	42.90	31.50	Inf	Tyr	111.8	high confidence set
supercontig_62	5	345863	345790	Ile	AAT	0	0	81.8	58.30	23.50	Inf	Ile	106.8	high confidence set
supercontig_62	6	115674	115602	Arg	CCT	0	0	69.1	50.30	18.80	Inf	Arg	81.2	high confidence set
supercontig_62	7	5730	5658	Arg	TCT	0	0	68.5	50.60	17.90	Inf	Arg	98.8	high confidence set
supercontig_64	1	18991	19063	Glu	CTC	0	0	78.9	53.10	25.80	Inf	Glu	99.2	high confidence set
supercontig_64	2	642845	642930	Met	CAT	642883	642894	64.2	40.70	23.50	Inf	Met	104.0	high confidence set
supercontig_64	3	1156831	1156748	Leu	CAA	0	0	80.3	52.20	28.10	Inf	Leu	124.8	high confidence set
supercontig_64	4	642185	642114	Gln	TTG	0	0	74.2	54.70	19.50	Inf	Gln	105.6	high confidence set
supercontig_67	1	1173838	1173766	Phe	GAA	0	0	78.3	58.40	19.90	Inf	Phe	113.2	high confidence set
supercontig_70	1	399086	399158	Lys	TTT	0	0	89.7	65.30	24.40	Inf	Lys	92.7	high confidence set
supercontig_70	2	786533	786605	Glu	CTC	0	0	71.9	51.90	20.00	Inf	Glu	82.0	high confidence set
supercontig_75	1	435165	435084	Ser	AGA	0	0	77.1	42.80	34.30	Inf	Ser	110.5	high confidence set
supercontig_75	2	303196	303115	Ser	GCT	0	0	80.5	45.20	35.30	Inf	Ser	109.5	high confidence set
supercontig_76	1	867031	866960	Pro	TGG	0	0	68.5	35.70	32.80	Inf	Pro	111.2	high confidence set
supercontig_78	1	498742	498823	Ser	AGA	0	0	77.1	42.80	34.30	Inf	Ser	110.5	high confidence set
supercontig_79	1	509082	509010	Ala	CGC	0	0	68.3	44.10	24.20	Inf	Ala	99.2	high confidence set
supercontig_80	1	1027406	1027478	Arg	ACG	0	0	71.7	49.10	22.60	Inf	Arg	91.4	high confidence set
supercontig_80	3	887644	887572	Phe	GAA	0	0	78.3	58.40	19.90	Inf	Phe	113.2	high confidence set
supercontig_80	4	808570	808499	Gln	CTG	0	0	75.3	51.20	24.10	Inf	Gln	103.1	high confidence set
supercontig_81	1	201597	201668	Asp	GTC	0	0	69.8	46.80	23.00	Inf	Asp	95.8	high confidence set
supercontig_81	2	665281	665210	Gly	TCC	0	0	73.9	46.20	27.70	Inf	Gly	85.6	high confidence set
supercontig_84	1	475880	475961	Ser	GCT	0	0	80.5	45.20	35.30	Inf	Ser	109.5	high confidence set
supercontig_84	2	476040	476121	Ser	GCT	0	0	78.3	45.30	33.00	Inf	Ser	105.1	high confidence set
supercontig_84	3	373930	373858	Lys	CTT	0	0	84.5	64.30	20.20	Inf	Lys	99.9	high confidence set
supercontig_85	1	763772	763683	Tyr	GTA	763735	763719	74.3	42.80	31.50	Inf	Tyr	111.8	high confidence set
supercontig_85	3	32189	32116	Asn	GTT	0	0	84.3	60.30	24.00	Inf	Asn	97.5	high confidence set
supercontig_87	1	455100	455027	Val	AAC	0	0	72.9	48.60	24.30	Inf	Val	93.8	high confidence set
supercontig_94	1	915164	915093	Thr	CGT	0	0	82.2	57.60	24.60	Inf	Thr	90.2	high confidence set
supercontig_95	1	575086	575159	Arg	TCG	0	0	82.3	61.00	21.30	Inf	Arg	91.9	high confidence set
supercontig_96	1	367276	367348	Ala	CGC	0	0	68.3	44.10	24.20	Inf	Ala	99.2	high confidence set
supercontig_96	2	478959	479030	Gln	CTG	0	0	77.0	50.60	26.40	Inf	Gln	99.3	high confidence set
supercontig_97	1	526449	526377	Ala	AGC	0	0	63.4	38.20	25.20	Inf	Ala	98.3	high confidence set
supercontig_99	1	954351	954422	Gln	TTG	0	0	73.5	53.70	19.80	Inf	Gln	104.8	high confidence set
supercontig_103	1	739787	739870	Met	CAT	739825	739834	64.3	40.80	23.50	Inf	Met	104.0	high confidence set
supercontig_103	2	662641	662554	Tyr	GTA	662604	662590	74.4	43.00	31.40	Inf	Tyr	111.8	high confidence set
supercontig_104	1	686057	686130	Asn	GTT	0	0	80.0	54.90	25.10	Inf	Asn	93.1	high confidence set
supercontig_104	2	686334	686407	Asn	GTT	0	0	84.5	59.40	25.10	Inf	Asn	95.9	high confidence set
supercontig_104	3	691593	691672	Leu	TAG	0	0	69.5	48.50	21.00	Inf	Leu	111.5	high confidence set
supercontig_106	2	551659	551730	Pro	AGG	0	0	67.4	34.70	32.70	Inf	Pro	112.3	high confidence set
supercontig_106	3	552444	552515	Pro	TGG	0	0	68.5	35.70	32.80	Inf	Pro	111.2	high confidence set
supercontig_106	4	554090	554161	Pro	AGG	0	0	67.4	34.70	32.70	Inf	Pro	112.3	high confidence set
supercontig_106	5	556122	556193	Pro	TGG	0	0	64.0	31.20	32.80	Inf	Pro	105.3	high confidence set
supercontig_106	6	557793	557864	Pro	TGG	0	0	59.5	35.20	24.30	Inf	Pro	103.4	high confidence set
supercontig_106	7	559143	559214	Pro	TGG	0	0	68.5	35.70	32.80	Inf	Pro	111.2	high confidence set
supercontig_107	1	122515	122588	Val	AAC	0	0	72.9	48.60	24.30	Inf	Val	93.8	high confidence set
supercontig_107	3	464540	464457	Leu	CAA	0	0	77.8	51.60	26.20	Inf	Leu	121.9	high confidence set
supercontig_107	4	301710	301639	Cys	GCA	0	0	82.1	59.90	22.20	Inf	Cys	106.6	high confidence set
supercontig_108	1	946405	946325	Leu	AAG	0	0	74.0	52.20	21.80	Inf	Leu	110.4	high confidence set
supercontig_108	2	652373	652301	Ala	TGC	0	0	69.1	43.70	25.40	Inf	Ala	100.1	high confidence set
supercontig_110	1	124576	124504	Ala	TGC	0	0	70.0	45.30	24.70	Inf	Ala	100.6	high confidence set
supercontig_112	1	609591	609662	Gly	TCC	0	0	71.0	46.70	24.30	Inf	Gly	82.3	high confidence set
supercontig_116	1	145304	145233	Gly	TCC	0	0	73.9	46.20	27.70	Inf	Gly	85.6	high confidence set
supercontig_117	1	851024	850954	Gly	GCC	0	0	66.5	44.80	21.70	Inf	Gly	94.4	high confidence set
supercontig_117	2	846694	846624	Gly	GCC	0	0	66.5	44.80	21.70	Inf	Gly	94.4	high confidence set
supercontig_119	1	657374	657446	Ala	AGC	0	0	63.4	38.20	25.20	Inf	Ala	98.3	high confidence set
supercontig_119	2	489578	489507	Gly	TCC	0	0	73.9	46.20	27.70	Inf	Gly	85.6	high confidence set
supercontig_122	1	238384	238467	Leu	CAA	0	0	81.0	54.60	26.40	Inf	Leu	125.6	high confidence set
supercontig_126	1	553077	553005	Lys	TTT	0	0	80.3	61.50	18.80	Inf	Lys	78.3	high confidence set
supercontig_128	1	335350	335423	Arg	TCG	0	0	82.3	61.00	21.30	Inf	Arg	91.9	high confidence set
supercontig_128	2	335513	335586	Arg	TCG	0	0	82.3	61.00	21.30	Inf	Arg	91.9	high confidence set
supercontig_128	3	14441	14369	Ala	AGC	0	0	55.4	40.10	15.30	Inf	Ala	90.9	high confidence set
supercontig_128	4	14301	14229	Ala	AGC	0	0	63.4	38.70	24.70	Inf	Ala	96.4	high confidence set
supercontig_129	1	88790	88863	Asn	GTT	0	0	84.5	59.40	25.10	Inf	Asn	95.9	high confidence set
supercontig_129	2	673824	673896	Glu	CTC	0	0	78.9	53.10	25.80	Inf	Glu	99.2	high confidence set
supercontig_130	1	948050	947978	Glu	CTC	0	0	78.9	53.10	25.80	Inf	Glu	99.2	high confidence set
supercontig_130	2	947054	946982	Glu	CTC	0	0	78.9	53.10	25.80	Inf	Glu	99.2	high confidence set
supercontig_131	1	523441	523368	Ile	TAT	0	0	85.9	70.60	15.30	Inf	Ile	103.9	high confidence set
supercontig_135	1	499760	499832	Lys	TTT	0	0	89.7	65.30	24.40	Inf	Lys	92.7	high confidence set
supercontig_142	1	402439	402510	Pro	TGG	0	0	68.5	35.70	32.80	Inf	Pro	111.2	high confidence set
supercontig_145	1	446441	446513	Glu	CTC	0	0	79.2	53.50	25.70	Inf	Glu	94.2	high confidence set
supercontig_148	2	115406	115334	Arg	ACG	0	0	71.7	49.10	22.60	Inf	Arg	91.4	high confidence set
supercontig_149	1	32984	33057	Asn	ATT	0	0	72.4	51.30	21.10	Inf	Asn	80.7	unexpected anticodon
supercontig_150	1	352106	352177	Pro	CGG	0	0	68.5	36.10	32.40	Inf	Pro	108.5	high confidence set
supercontig_157	1	129974	130045	iMet	CAT	0	0	58.3	28.10	30.20	Inf	iMet	118.7	high confidence set
supercontig_162	1	271125	271197	Arg	CCG	0	0	69.2	51.20	18.00	Inf	Arg	93.1	high confidence set
supercontig_163	1	401545	401624	Leu	TAG	0	0	69.5	48.50	21.00	Inf	Leu	111.5	high confidence set
supercontig_165	1	299180	299265	Met	CAT	299218	299229	64.2	40.80	23.40	Inf	Met	104.0	high confidence set
supercontig_166	1	450737	450654	Tyr	GTA	450700	450690	74.5	43.00	31.50	Inf	Tyr	111.8	high confidence set
supercontig_166	2	188065	187993	Arg	ACG	0	0	71.7	49.10	22.60	Inf	Arg	91.4	high confidence set
supercontig_170	1	209554	209627	Val	CAC	0	0	77.8	52.90	24.90	Inf	Val	100.4	high confidence set
supercontig_170	3	330772	330856	Met	CAT	330810	330820	64.3	40.80	23.50	Inf	Met	104.0	high confidence set
supercontig_171	1	157821	157741	Leu	AAG	0	0	72.6	49.90	22.70	Inf	Leu	108.7	high confidence set
supercontig_184	1	107407	107478	Gly	TCC	0	0	71.0	46.70	24.30	Inf	Gly	82.3	high confidence set
supercontig_190	1	92989	93062	Val	AAC	0	0	72.9	48.60	24.30	Inf	Val	93.8	high confidence set
supercontig_190	2	95840	95912	Ala	AGC	0	0	63.4	38.70	24.70	Inf	Ala	96.4	high confidence set
supercontig_190	3	96028	96100	Ala	AGC	0	0	63.4	38.20	25.20	Inf	Ala	98.3	high confidence set
supercontig_190	4	96216	96288	Ala	AGC	0	0	63.4	38.70	24.70	Inf	Ala	96.4	high confidence set
supercontig_190	5	95238	95158	Leu	CAG	0	0	69.5	46.80	22.70	Inf	Leu	109.7	high confidence set
supercontig_190	6	58724	58653	His	GTG	0	0	63.0	33.70	29.30	Inf	His	91.2	high confidence set
supercontig_195	1	178705	178634	Gln	CTG	0	0	75.3	51.20	24.10	Inf	Gln	106.0	high confidence set
supercontig_198	1	153108	153037	Trp	CCA	0	0	75.8	51.20	24.60	Inf	Trp	105.6	high confidence set
supercontig_200	1	232481	232410	iMet	CAT	0	0	58.3	28.10	30.20	Inf	iMet	118.7	high confidence set
supercontig_205	2	134672	134589	Leu	CAA	0	0	77.8	51.60	26.20	Inf	Leu	121.9	high confidence set
supercontig_214	1	223231	223302	Thr	TGT	0	0	84.4	57.10	27.30	Inf	Thr	93.4	high confidence set
supercontig_216	1	221481	221409	Lys	TTT	0	0	80.7	58.40	22.30	Inf	Lys	82.0	high confidence set
supercontig_216	2	221125	221053	Lys	TTT	0	0	84.6	61.30	23.30	Inf	Lys	85.9	high confidence set
supercontig_222	1	5784	5856	Arg	CCT	0	0	69.1	50.30	18.80	Inf	Arg	81.2	high confidence set
supercontig_252	1	136790	136719	His	GTG	0	0	63.3	34.30	29.00	Inf	His	91.7	high confidence set
supercontig_263	1	17720	17792	Lys	TTT	0	0	80.3	61.50	18.80	Inf	Lys	78.3	high confidence set
supercontig_263	2	68247	68161	Ser	GGA	0	0	64.5	34.70	29.80	Inf	Ser	89.7	unexpected anticodon
supercontig_263	4	44321	44248	Phe	GAA	0	0	61.5	43.60	17.90	Inf	Tyr	71.1	IPD:-23.60,isotype mismatch
supercontig_263	5	44029	43955	Pro	TGG	0	0	62.8	32.80	30.00	Inf	Trp	73.3	IPD:-42.40,isotype mismatch
supercontig_285	1	32809	32882	Asn	GTT	0	0	84.5	59.40	25.10	Inf	Asn	95.9	high confidence set
supercontig_337	1	104993	104920	Asn	GTT	0	0	84.5	59.40	25.10	Inf	Asn	95.9	high confidence set
supercontig_340	1	10435	10506	Asp	GTC	0	0	69.8	46.80	23.00	Inf	Asp	95.8	high confidence set
supercontig_435	1	30639	30568	Pro	AGG	0	0	67.4	34.70	32.70	Inf	Pro	112.3	high confidence set
supercontig_451	1	11862	11933	His	GTG	0	0	63.0	33.70	29.30	Inf	His	86.8	high confidence set
supercontig_466	1	28805	28725	Leu	AAG	0	0	74.2	50.10	24.10	Inf	Leu	105.0	high confidence set
supercontig_504	1	32859	32930	Pro	AGG	0	0	67.4	34.70	32.70	Inf	Pro	112.3	high confidence set
supercontig_557	1	6220	6148	Ala	AGC	0	0	63.4	38.70	24.70	Inf	Ala	96.4	high confidence set
supercontig_634	1	5528	5599	Gln	CTG	0	0	74.3	49.60	24.70	Inf	Gln	103.3	high confidence set
supercontig_634	2	28412	28341	Cys	GCA	0	0	82.1	59.90	22.20	Inf	Cys	106.6	high confidence set
supercontig_634	3	28266	28195	Cys	GCA	0	0	82.1	59.90	22.20	Inf	Cys	106.6	high confidence set
supercontig_665	1	3637	3709	Val	TAC	0	0	78.2	43.80	34.40	Inf	Val	106.2	high confidence set
supercontig_669	1	15035	14962	Met	CAT	0	0	68.3	40.80	27.50	Inf	Met	76.4	high confidence set
supercontig_720	1	14962	14880	Leu	TAA	0	0	68.4	29.10	39.30	Inf	Leu	90.1	high confidence set
supercontig_776	1	18557	18630	Val	CAC	0	0	82.4	54.40	28.00	Inf	Val	103.7	high confidence set
supercontig_802	1	8991	8906	Tyr	GTA	8954	8942	74.5	42.90	31.60	Inf	Tyr	111.8	high confidence set
supercontig_862	1	3290	3219	Pro	AGG	0	0	67.4	34.70	32.70	Inf	Pro	112.3	high confidence set
supercontig_961	1	21993	21921	Arg	TCT	0	0	68.1	50.00	18.10	Inf	Arg	96.3	high confidence set
supercontig_1095	1	13903	13974	Asp	GTC	0	0	69.8	46.80	23.00	Inf	Asp	95.8	high confidence set
supercontig_1109	1	4419	4491	Lys	CTT	0	0	86.8	66.60	20.20	Inf	Lys	107.7	high confidence set
supercontig_1119	1	3192	3264	Arg	TCT	0	0	68.8	51.30	17.50	Inf	Arg	97.8	high confidence set
supercontig_1380	1	7033	6963	Gly	GCC	0	0	66.5	44.80	21.70	Inf	Gly	94.4	high confidence set
supercontig_1561	3	6618	6546	Phe	GAA	0	0	76.1	54.40	21.70	Inf	Phe	115.3	high confidence set
supercontig_1561	4	5034	4961	Phe	GAA	0	0	50.0	40.00	10.00	Inf	Phe	77.6	high confidence set
supercontig_1561	5	4660	4587	Phe	GAA	0	0	50.8	39.20	11.60	Inf	Phe	75.4	high confidence set
supercontig_1561	6	1886	1814	Phe	GAA	0	0	54.5	31.70	22.80	Inf	Phe	91.0	high confidence set
supercontig_1866	1	7919	7990	Gly	TCC	0	0	73.9	46.20	27.70	Inf	Gly	85.6	high confidence set
supercontig_1921	1	11432	11361	Thr	TGT	0	0	79.3	49.30	30.00	Inf	Thr	92.3	high confidence set
supercontig_2658	1	5493	5574	Ser	AGA	0	0	76.3	41.60	34.70	Inf	Ser	112.1	high confidence set
supercontig_2701	1	6684	6614	Gly	GCC	0	0	66.5	44.80	21.70	Inf	Gly	94.4	high confidence set
contig_25723	1	17504	17431	Val	AAC	0	0	72.9	48.60	24.30	Inf	Val	93.8	high confidence set
contig_25723	2	17161	17088	Val	AAC	0	0	72.9	48.60	24.30	Inf	Val	93.8	high confidence set
contig_26638	1	24084	24013	Asp	GTC	0	0	69.8	46.80	23.00	Inf	Asp	94.5	high confidence set
contig_26789	1	4861	4942	Ser	GCT	0	0	77.5	46.00	31.50	Inf	Ser	107.3	high confidence set
contig_27575	1	17000	16907	Tyr	GTA	16963	16943	74.2	42.70	31.50	Inf	Tyr	111.8	high confidence set
contig_27575	2	16823	16731	Tyr	GTA	16786	16767	68.9	37.40	31.50	Inf	Tyr	105.3	high confidence set
contig_29544	1	4524	4452	Phe	GAA	0	0	78.3	58.40	19.90	Inf	Phe	108.0	high confidence set
contig_30198	1	736	663	Arg	TCG	0	0	82.3	61.00	21.30	Inf	Arg	91.9	high confidence set
contig_32743	1	4316	4388	Phe	GAA	0	0	71.4	44.50	26.90	Inf	Thr	74.5	IPD:-2.90,isotype mismatch
contig_33769	1	1023	945	Arg	ACG	0	0	56.5	44.90	11.60	Inf	Ile	73.7	IPD:-23.30,isotype mismatch
contig_34851	1	2037	1966	Asp	GTC	0	0	69.8	46.80	23.00	Inf	Asp	95.8	high confidence set
contig_35309	1	1792	1720	Ala	AGC	0	0	63.4	38.70	24.70	Inf	Ala	96.4	high confidence set
contig_36670	1	1752	1838	Ser	GGA	0	0	61.8	32.30	29.50	Inf	Ser	85.9	unexpected anticodon
contig_44131	1	78	150	Glu	CTC	0	0	78.9	53.10	25.80	Inf	Glu	99.2	high confidence set
