Sequence       		tRNA  	Bounds	tRNA	Anti	Intron Bounds	Inf	HMM	2'Str	Hit	Isotype	Isotype	      
Name           	tRNA#	Begin 	End   	Type	Codon	Begin	End	Score	Score	Score	Origin	CM	Score	Note
--------       	------	----- 	------	----	-----	-----	----	------	-----	-----	------	-------	-------	------
Iber_scaffold5	1	406138	406219	Ser	GCT	0	0	80.5	45.20	35.30	Inf	Ser	109.5	high confidence set
Iber_scaffold15	1	370937	370864	Ile	AAT	0	0	85.5	59.00	26.50	Inf	Ile	109.4	high confidence set
Iber_scaffold17	3	588437	588364	Asn	GTT	0	0	69.1	53.90	15.20	Inf	Ile	78.3	IPD:-2.20,isotype mismatch
Iber_scaffold19	1	74653	74726	Asn	GTT	0	0	83.3	58.10	25.20	Inf	Asn	93.9	high confidence set
Iber_scaffold26	1	248370	248441	His	GTG	0	0	63.0	33.70	29.30	Inf	His	86.8	high confidence set
Iber_scaffold26	2	10833	10762	Gln	CTG	0	0	71.2	46.50	24.70	Inf	Gln	101.3	high confidence set
Iber_scaffold26	3	6028	5948	Leu	AAG	0	0	71.4	51.10	20.30	Inf	Leu	108.5	high confidence set
Iber_scaffold29	1	142834	142753	Ser	AGA	0	0	76.3	41.60	34.70	Inf	Ser	112.1	high confidence set
Iber_scaffold34	1	293151	293224	Arg	TCG	0	0	82.3	61.00	21.30	Inf	Arg	91.9	high confidence set
Iber_scaffold34	2	334875	334946	His	GTG	0	0	63.0	33.70	29.30	Inf	His	87.1	high confidence set
Iber_scaffold34	3	283940	283859	Ser	CGA	0	0	83.5	48.90	34.60	Inf	Ser	128.4	high confidence set
Iber_scaffold35	1	135724	135811	Met	CAT	135762	135775	64.1	40.70	23.40	Inf	Met	104.0	high confidence set
Iber_scaffold36	1	337701	337774	Ile	TAT	0	0	82.3	71.30	11.00	Inf	Ile	98.5	high confidence set
Iber_scaffold37	1	191784	191866	Leu	TAA	0	0	63.7	28.90	34.80	Inf	Leu	87.9	high confidence set
Iber_scaffold37	2	242050	242122	Arg	TCT	0	0	71.3	51.70	19.60	Inf	Arg	95.1	high confidence set
Iber_scaffold48	1	361793	361874	Ser	AGA	0	0	51.2	37.80	13.40	Inf	Ser	82.1	high confidence set
Iber_scaffold48	2	362511	362595	Tyr	GTA	362548	362559	68.9	38.70	30.20	Inf	Tyr	106.5	high confidence set
Iber_scaffold48	3	363374	363455	Ser	AGA	0	0	69.0	41.60	27.40	Inf	Ser	105.2	high confidence set
Iber_scaffold48	4	364088	364174	Asn	GTT	364126	364137	54.4	27.80	26.60	Inf	Tyr	87.3	IPD:-59.30,isotype mismatch
Iber_scaffold48	5	364803	364884	Ser	AGA	0	0	52.9	36.90	16.00	Inf	Ser	87.0	high confidence set
Iber_scaffold49	1	26633	26552	Ser	TGA	0	0	79.2	43.90	35.30	Inf	Ser	118.5	high confidence set
Iber_scaffold53	1	296923	296994	Gly	TCC	0	0	74.1	46.70	27.40	Inf	Gly	84.2	high confidence set
Iber_scaffold64	1	21212	21283	Pro	TGG	0	0	69.2	36.90	32.30	Inf	Pro	112.8	high confidence set
Iber_scaffold64	2	191007	190934	Val	CAC	0	0	81.5	53.50	28.00	Inf	Val	103.7	high confidence set
Iber_scaffold67	1	284166	284095	His	GTG	0	0	63.0	33.70	29.30	Inf	His	86.8	high confidence set
Iber_scaffold78	1	251038	251109	Pro	AGG	0	0	67.4	34.70	32.70	Inf	Pro	112.3	high confidence set
Iber_scaffold79	1	293880	293953	Val	AAC	0	0	72.5	48.10	24.40	Inf	Val	100.2	high confidence set
Iber_scaffold80	1	193919	193990	Thr	TGT	0	0	83.0	58.30	24.70	Inf	Thr	92.4	high confidence set
Iber_scaffold86	1	255181	255262	Ser	CGA	0	0	83.5	48.90	34.60	Inf	Ser	128.4	high confidence set
Iber_scaffold86	2	118292	118220	Arg	TCT	0	0	71.0	51.20	19.80	Inf	Arg	99.1	high confidence set
Iber_scaffold88	2	192526	192454	Ala	AGC	0	0	54.1	32.40	21.70	Inf	Ala	90.9	high confidence set
Iber_scaffold91	1	52963	52891	Glu	CTC	0	0	76.3	50.40	25.90	Inf	Glu	91.1	high confidence set
Iber_scaffold96	1	227124	227195	Pro	AGG	0	0	67.4	34.70	32.70	Inf	Pro	112.3	high confidence set
Iber_scaffold96	2	8074	8002	Ala	AGC	0	0	63.4	38.20	25.20	Inf	Ala	98.3	high confidence set
Iber_scaffold101	1	260664	260592	Phe	GAA	0	0	78.3	58.40	19.90	Inf	Phe	113.2	high confidence set
Iber_scaffold105	1	39598	39670	Glu	CTC	0	0	77.0	51.50	25.50	Inf	Glu	91.5	high confidence set
Iber_scaffold105	3	72921	72848	Asn	GTT	0	0	63.4	40.30	23.10	Inf	Asn	70.7	high confidence set
Iber_scaffold111	1	139415	139486	Lys	TTT	0	0	83.0	70.00	13.00	Inf	Lys	83.3	high confidence set
Iber_scaffold111	2	139550	139621	Lys	TTT	0	0	80.4	68.70	11.70	Inf	Lys	78.4	high confidence set
Iber_scaffold111	3	217628	217700	Arg	ACG	0	0	72.5	49.90	22.60	Inf	Arg	93.8	high confidence set
Iber_scaffold126	1	56001	56090	Tyr	GTA	56038	56054	74.0	42.40	31.60	Inf	Tyr	108.6	high confidence set
Iber_scaffold126	2	114637	114726	Tyr	GTA	114674	114690	74.0	42.40	31.60	Inf	Tyr	108.6	high confidence set
Iber_scaffold130	1	239383	239454	Asp	GTC	0	0	69.8	46.80	23.00	Inf	Asp	94.5	high confidence set
Iber_scaffold130	2	250751	250822	Gln	CTG	0	0	74.7	50.50	24.20	Inf	Gln	103.8	high confidence set
Iber_scaffold131	1	113268	113197	Thr	TGT	0	0	83.0	58.30	24.70	Inf	Thr	92.4	high confidence set
Iber_scaffold138	5	208184	208257	Val	AAC	0	0	72.5	48.10	24.40	Inf	Val	100.2	high confidence set
Iber_scaffold138	6	88489	88419	Cys	GCA	0	0	64.9	46.30	18.60	Inf	Cys	73.4	high confidence set
Iber_scaffold141	2	5207	5135	Lys	CTT	0	0	84.1	65.80	18.30	Inf	Lys	103.0	high confidence set
Iber_scaffold141	3	4454	4380	Lys	CTT	0	0	80.9	60.80	20.10	Inf	Lys	99.7	high confidence set
Iber_scaffold141	4	3385	3313	Lys	CTT	0	0	87.7	67.60	20.10	Inf	Lys	106.7	high confidence set
Iber_scaffold144	1	4390	4320	Gly	GCC	0	0	66.5	44.80	21.70	Inf	Gly	94.4	high confidence set
Iber_scaffold149	1	197581	197652	Trp	CCA	0	0	75.8	51.20	24.60	Inf	Trp	105.6	high confidence set
Iber_scaffold165	1	22130	22058	Arg	CCG	0	0	83.3	63.40	19.90	Inf	Arg	87.3	high confidence set
Iber_scaffold170	1	257106	257179	Asn	GTT	0	0	69.1	53.90	15.20	Inf	Ile	78.3	IPD:-2.20,isotype mismatch
Iber_scaffold170	2	256174	256101	Asn	GTT	0	0	68.4	46.90	21.50	Inf	Asn	72.8	high confidence set
Iber_scaffold182	1	60077	60006	Asp	GTC	0	0	69.8	46.80	23.00	Inf	Asp	94.5	high confidence set
Iber_scaffold186	1	225441	225514	Asn	GTT	0	0	83.3	58.10	25.20	Inf	Asn	93.9	high confidence set
Iber_scaffold194	1	207282	207354	Ala	TGC	0	0	70.0	45.30	24.70	Inf	Ala	100.6	high confidence set
Iber_scaffold198	1	85158	85087	Glu	TTC	0	0	69.9	45.30	24.60	Inf	Glu	99.4	high confidence set
Iber_scaffold200	1	278250	278321	Pro	TGG	0	0	69.2	36.90	32.30	Inf	Pro	112.8	high confidence set
Iber_scaffold200	2	447063	447134	Glu	TTC	0	0	70.8	46.30	24.50	Inf	Glu	99.2	high confidence set
Iber_scaffold201	1	90166	90093	Val	AAC	0	0	72.5	48.10	24.40	Inf	Val	100.2	high confidence set
Iber_scaffold202	1	212622	212537	Tyr	GTA	212585	212573	74.2	42.50	31.70	Inf	Tyr	108.6	high confidence set
Iber_scaffold206	1	212672	212743	His	GTG	0	0	63.0	33.70	29.30	Inf	His	86.8	high confidence set
Iber_scaffold214	2	475	403	Ala	AGC	0	0	63.4	38.70	24.70	Inf	Ala	96.4	high confidence set
Iber_scaffold222	1	21872	21944	Arg	CCT	0	0	74.8	55.90	18.90	Inf	Arg	84.6	high confidence set
Iber_scaffold225	1	11168	11087	Leu	CAA	0	0	75.8	54.30	21.50	Inf	Leu	111.3	high confidence set
Iber_scaffold228	1	113509	113582	Ile	AAT	0	0	73.7	51.50	22.20	Inf	Ile	98.1	high confidence set
Iber_scaffold228	2	117172	117243	Asp	GTC	0	0	69.8	46.80	23.00	Inf	Asp	94.5	high confidence set
Iber_scaffold232	1	63085	63158	Ile	AAT	0	0	85.5	59.00	26.50	Inf	Ile	109.4	high confidence set
Iber_scaffold235	1	121043	121116	Asn	GTT	0	0	83.3	58.10	25.20	Inf	Asn	93.9	high confidence set
Iber_scaffold236	1	197125	197198	Val	AAC	0	0	72.5	48.10	24.40	Inf	Val	100.2	high confidence set
Iber_scaffold236	2	118056	117984	Lys	CTT	0	0	88.3	68.20	20.10	Inf	Lys	101.1	high confidence set
Iber_scaffold241	1	75949	75877	Lys	CTT	0	0	87.7	67.60	20.10	Inf	Lys	106.7	high confidence set
Iber_scaffold243	1	229484	229566	Leu	TAA	0	0	67.5	30.20	37.30	Inf	Leu	94.2	high confidence set
Iber_scaffold247	1	47075	47146	Asp	GTC	0	0	69.8	46.80	23.00	Inf	Asp	94.5	high confidence set
Iber_scaffold253	1	113425	113352	Thr	AGT	0	0	70.2	46.10	24.10	Inf	Thr	83.6	high confidence set
Iber_scaffold256	1	45479	45408	Pro	AGG	0	0	67.4	34.70	32.70	Inf	Pro	112.3	high confidence set
Iber_scaffold259	1	185230	185300	Gly	CCC	0	0	65.4	28.10	37.30	Inf	Gly	85.4	high confidence set
Iber_scaffold261	1	147251	147180	Asp	GTC	0	0	69.8	46.80	23.00	Inf	Asp	94.5	high confidence set
Iber_scaffold262	1	221885	221956	Lys	TTT	0	0	83.8	71.00	12.80	Inf	Lys	83.9	high confidence set
Iber_scaffold264	1	196318	196402	Met	CAT	196356	196366	64.2	40.80	23.40	Inf	Met	104.0	high confidence set
Iber_scaffold264	2	198199	198126	Arg	TCG	0	0	81.9	60.40	21.50	Inf	Arg	92.9	high confidence set
Iber_scaffold267	1	90542	90613	Lys	TTT	0	0	83.8	71.00	12.80	Inf	Lys	83.9	high confidence set
Iber_scaffold267	2	90728	90801	Ile	AAT	0	0	85.5	59.00	26.50	Inf	Ile	109.4	high confidence set
Iber_scaffold267	3	92868	92939	Lys	TTT	0	0	83.8	71.00	12.80	Inf	Lys	83.9	high confidence set
Iber_scaffold269	1	6989	7070	Ser	AGA	0	0	77.0	42.20	34.80	Inf	Ser	112.5	high confidence set
Iber_scaffold270	1	175198	175271	Arg	TCG	0	0	81.9	60.40	21.50	Inf	Arg	92.9	high confidence set
Iber_scaffold278	1	124705	124794	Tyr	GTA	124742	124758	74.0	42.40	31.60	Inf	Tyr	108.6	high confidence set
Iber_scaffold284	1	35486	35558	Ala	TGC	0	0	70.0	45.30	24.70	Inf	Ala	100.6	high confidence set
Iber_scaffold284	2	274916	274989	Asn	GTT	0	0	79.4	52.80	26.60	Inf	Asn	85.9	high confidence set
Iber_scaffold284	3	107576	107491	Tyr	GTA	107539	107527	74.2	42.50	31.70	Inf	Tyr	108.6	high confidence set
Iber_scaffold290	1	194038	194110	Arg	CCT	0	0	74.8	55.90	18.90	Inf	Arg	84.6	high confidence set
Iber_scaffold293	1	42156	42236	Leu	AAG	0	0	71.4	51.10	20.30	Inf	Leu	108.5	high confidence set
Iber_scaffold297	1	149702	149774	Lys	CTT	0	0	87.7	67.60	20.10	Inf	Lys	106.7	high confidence set
Iber_scaffold297	2	149993	150065	Lys	CTT	0	0	87.7	67.60	20.10	Inf	Lys	106.7	high confidence set
Iber_scaffold299	1	126514	126585	Cys	GCA	0	0	81.7	56.10	25.60	Inf	Cys	104.3	high confidence set
Iber_scaffold299	2	82314	82243	Asp	GTC	0	0	67.3	46.00	21.30	Inf	Asp	90.7	high confidence set
Iber_scaffold300	2	108483	108412	Gly	TCC	0	0	74.1	46.70	27.40	Inf	Gly	84.2	high confidence set
Iber_scaffold302	1	173393	173465	Ala	AGC	0	0	63.4	38.70	24.70	Inf	Ala	96.4	high confidence set
Iber_scaffold302	2	86970	86898	Ala	AGC	0	0	63.4	38.20	25.20	Inf	Ala	98.3	high confidence set
Iber_scaffold303	1	69997	70069	Arg	CCT	0	0	74.8	55.90	18.90	Inf	Arg	84.6	high confidence set
Iber_scaffold303	2	99610	99537	Asn	GTT	0	0	85.8	59.00	26.80	Inf	Ile	89.8	IPD:-0.70,isotype mismatch
Iber_scaffold307	1	104205	104277	Arg	CCT	0	0	74.8	55.90	18.90	Inf	Arg	84.6	high confidence set
Iber_scaffold310	1	145650	145577	Arg	TCG	0	0	83.5	62.20	21.30	Inf	Arg	92.3	high confidence set
Iber_scaffold318	1	54916	54995	Leu	TAG	0	0	69.5	48.50	21.00	Inf	Leu	111.5	high confidence set
Iber_scaffold322	1	10603	10674	Thr	TGT	0	0	83.0	58.30	24.70	Inf	Thr	92.4	high confidence set
Iber_scaffold327	1	73127	73213	Tyr	GTA	73164	73177	74.2	42.40	31.80	Inf	Tyr	108.6	high confidence set
Iber_scaffold342	1	189311	189238	Thr	AGT	0	0	73.6	45.20	28.40	Inf	Thr	88.6	high confidence set
Iber_scaffold346	1	187762	187675	Ile	AAT	0	0	74.8	51.10	23.70	Inf	Ile	101.3	high confidence set
Iber_scaffold352	2	149435	149507	Lys	TTT	0	0	80.3	61.50	18.80	Inf	Lys	78.3	high confidence set
Iber_scaffold352	3	157484	157570	Ser	GGA	0	0	66.5	36.70	29.80	Inf	Ser	92.5	unexpected anticodon
Iber_scaffold352	5	210250	210323	Trp	CCA	0	0	72.3	42.90	29.40	Inf	Thr	75.0	IPD:-16.70,isotype mismatch
Iber_scaffold352	10	305315	305386	Asn	GTT	0	0	77.9	55.60	22.30	Inf	Asn	78.1	high confidence set
Iber_scaffold352	20	16273	16202	Cys	GCA	0	0	80.5	53.40	27.10	Inf	Cys	101.8	high confidence set
Iber_scaffold352	21	16062	15991	Cys	GCA	0	0	80.5	53.40	27.10	Inf	Cys	101.8	high confidence set
Iber_scaffold359	1	96736	96666	Gly	GCC	0	0	66.5	44.80	21.70	Inf	Gly	94.4	high confidence set
Iber_scaffold370	1	23420	23504	Met	CAT	23458	23468	64.2	40.80	23.40	Inf	Met	104.0	high confidence set
Iber_scaffold374	1	90995	91067	Lys	CTT	0	0	87.7	67.60	20.10	Inf	Lys	106.7	high confidence set
Iber_scaffold378	1	90540	90611	Glu	TTC	0	0	69.9	45.30	24.60	Inf	Glu	99.4	high confidence set
Iber_scaffold382	1	52853	52925	Lys	CTT	0	0	87.7	67.60	20.10	Inf	Lys	106.7	high confidence set
Iber_scaffold385	1	148311	148240	Pro	CGG	0	0	68.2	35.30	32.90	Inf	Pro	113.0	high confidence set
Iber_scaffold386	1	28598	28527	Pro	TGG	0	0	69.2	36.90	32.30	Inf	Pro	112.8	high confidence set
Iber_scaffold390	1	68199	68271	Glu	CTC	0	0	76.3	50.40	25.90	Inf	Glu	95.5	high confidence set
Iber_scaffold402	1	5104	5033	Asp	GTC	0	0	69.8	46.80	23.00	Inf	Asp	94.5	high confidence set
Iber_scaffold410	1	156381	156462	Ser	TGA	0	0	73.8	46.30	27.50	Inf	Ser	112.9	high confidence set
Iber_scaffold418	1	4796	4877	Ser	TGA	0	0	79.2	43.90	35.30	Inf	Ser	118.5	high confidence set
Iber_scaffold427	1	62685	62755	Gly	CCC	0	0	65.4	28.10	37.30	Inf	Gly	85.4	high confidence set
Iber_scaffold427	2	195351	195280	Pro	CGG	0	0	68.2	35.30	32.90	Inf	Pro	113.0	high confidence set
Iber_scaffold429	1	124911	124982	Asp	GTC	0	0	69.8	46.80	23.00	Inf	Asp	94.5	high confidence set
Iber_scaffold429	2	159954	160026	Lys	CTT	0	0	87.7	67.60	20.10	Inf	Lys	106.7	high confidence set
Iber_scaffold438	2	157710	157637	Met	CAT	0	0	66.3	37.00	29.30	Inf	Met	72.6	high confidence set
Iber_scaffold451	1	117081	117152	Trp	CCA	0	0	75.8	51.20	24.60	Inf	Trp	105.6	high confidence set
Iber_scaffold455	1	117140	117211	His	GTG	0	0	63.0	33.70	29.30	Inf	His	86.8	high confidence set
Iber_scaffold467	1	35698	35769	iMet	CAT	0	0	56.4	24.80	31.60	Inf	iMet	116.1	high confidence set
Iber_scaffold469	1	130971	131042	Gly	TCC	0	0	74.1	46.70	27.40	Inf	Gly	84.2	high confidence set
Iber_scaffold469	2	134265	134336	Gly	TCC	0	0	74.1	46.70	27.40	Inf	Gly	84.2	high confidence set
Iber_scaffold471	1	63082	63154	Lys	CTT	0	0	87.7	67.60	20.10	Inf	Lys	106.7	high confidence set
Iber_scaffold471	2	146895	146968	Ile	AAT	0	0	83.0	54.40	28.60	Inf	Ile	104.3	high confidence set
Iber_scaffold476	1	74820	74891	Gln	TTG	0	0	71.2	45.20	26.00	Inf	Gln	103.5	high confidence set
Iber_scaffold477	1	92614	92685	Thr	TGT	0	0	83.0	58.30	24.70	Inf	Thr	92.4	high confidence set
Iber_scaffold479	1	98138	98067	Pro	TGG	0	0	69.2	36.90	32.30	Inf	Pro	112.8	high confidence set
Iber_scaffold483	1	124745	124816	iMet	CAT	0	0	58.3	28.10	30.20	Inf	iMet	118.7	high confidence set
Iber_scaffold483	2	116163	116091	Phe	GAA	0	0	78.3	58.40	19.90	Inf	Phe	113.2	high confidence set
Iber_scaffold483	3	114520	114448	Phe	GAA	0	0	75.8	55.90	19.90	Inf	Phe	107.6	high confidence set
Iber_scaffold485	1	266396	266467	Trp	CCA	0	0	70.2	45.70	24.50	Inf	Trp	97.8	high confidence set
Iber_scaffold486	1	13776	13857	Ser	AGA	0	0	77.0	42.20	34.80	Inf	Ser	112.5	high confidence set
Iber_scaffold489	1	125388	125461	Asn	GTT	0	0	83.3	58.10	25.20	Inf	Asn	93.9	high confidence set
Iber_scaffold489	2	11548	11475	Val	CAC	0	0	81.5	53.50	28.00	Inf	Val	103.7	high confidence set
Iber_scaffold490	1	96967	96894	Asn	GTT	0	0	81.4	54.70	26.70	Inf	Asn	91.8	high confidence set
Iber_scaffold492	1	62442	62371	Lys	TTT	0	0	83.8	71.00	12.80	Inf	Lys	83.9	high confidence set
Iber_scaffold493	1	15207	15135	Arg	CCT	0	0	74.8	55.90	18.90	Inf	Arg	84.6	high confidence set
Iber_scaffold507	1	85172	85243	Gln	CTG	0	0	71.1	46.00	25.10	Inf	Gln	100.8	high confidence set
Iber_scaffold517	1	174205	174277	Phe	GAA	0	0	78.3	58.40	19.90	Inf	Phe	113.2	high confidence set
Iber_scaffold530	1	5073	5146	Ile	AAT	0	0	85.5	59.00	26.50	Inf	Ile	109.4	high confidence set
Iber_scaffold541	1	167734	167819	Tyr	GTA	167771	167783	74.2	42.50	31.70	Inf	Tyr	108.6	high confidence set
Iber_scaffold544	1	126108	126179	Pro	AGG	0	0	67.4	34.70	32.70	Inf	Pro	112.3	high confidence set
Iber_scaffold548	1	164020	163948	Val	TAC	0	0	74.4	44.00	30.40	Inf	Val	103.3	high confidence set
Iber_scaffold565	1	160962	161035	Arg	ACG	0	0	57.0	44.90	12.10	Inf	Ile	71.4	IPD:-19.50,isotype mismatch
Iber_scaffold565	3	161742	161671	Asn	ATT	0	0	76.4	55.30	21.10	Inf	Asn	72.5	unexpected anticodon
Iber_scaffold572	1	139958	140038	Leu	AAG	0	0	71.4	51.10	20.30	Inf	Leu	108.5	high confidence set
Iber_scaffold578	1	62257	62330	Thr	AGT	0	0	73.6	45.20	28.40	Inf	Thr	88.6	high confidence set
Iber_scaffold578	2	58296	58213	Leu	CAA	0	0	79.5	54.50	25.00	Inf	Leu	126.8	high confidence set
Iber_scaffold579	1	159956	160029	Val	AAC	0	0	72.5	48.10	24.40	Inf	Val	100.2	high confidence set
Iber_scaffold600	1	133247	133175	Arg	ACG	0	0	73.2	50.90	22.30	Inf	Arg	94.3	high confidence set
Iber_scaffold614	1	49532	49604	Lys	CTT	0	0	87.7	67.60	20.10	Inf	Lys	106.7	high confidence set
Iber_scaffold622	1	137092	137163	Gly	TCC	0	0	74.1	46.70	27.40	Inf	Gly	84.2	high confidence set
Iber_scaffold634	1	82802	82719	Leu	CAA	0	0	79.5	54.50	25.00	Inf	Leu	126.8	high confidence set
Iber_scaffold636	1	44864	44935	iMet	CAT	0	0	58.3	28.10	30.20	Inf	iMet	118.7	high confidence set
Iber_scaffold643	1	24988	25061	Thr	AGT	0	0	70.2	46.10	24.10	Inf	Thr	83.6	high confidence set
Iber_scaffold643	2	153920	153849	Gln	TTG	0	0	73.5	53.70	19.80	Inf	Gln	104.8	high confidence set
Iber_scaffold648	1	137803	137875	Arg	ACG	0	0	72.5	49.90	22.60	Inf	Arg	93.8	high confidence set
Iber_scaffold649	1	37101	37173	Glu	CTC	0	0	76.3	50.40	25.90	Inf	Glu	91.1	high confidence set
Iber_scaffold649	2	177747	177662	Met	CAT	177709	177698	64.2	40.80	23.40	Inf	Met	104.0	high confidence set
Iber_scaffold651	1	74125	74196	Asp	GTC	0	0	69.8	46.80	23.00	Inf	Asp	94.5	high confidence set
Iber_scaffold651	2	104458	104530	Lys	CTT	0	0	87.7	67.60	20.10	Inf	Lys	106.7	high confidence set
Iber_scaffold651	3	41390	41319	Glu	TTC	0	0	70.8	46.30	24.50	Inf	Glu	99.2	high confidence set
Iber_scaffold662	1	165104	165176	Ala	TGC	0	0	70.0	45.30	24.70	Inf	Ala	100.6	high confidence set
Iber_scaffold668	1	172709	172780	Trp	CCA	0	0	75.8	51.20	24.60	Inf	Trp	105.6	high confidence set
Iber_scaffold679	1	170395	170323	Glu	CTC	0	0	74.4	50.90	23.50	Inf	Glu	89.9	high confidence set
Iber_scaffold684	1	141271	141342	Trp	CCA	0	0	75.8	51.20	24.60	Inf	Trp	105.6	high confidence set
Iber_scaffold685	1	92489	92418	Cys	GCA	0	0	72.6	49.00	23.60	Inf	Cys	96.7	high confidence set
Iber_scaffold686	1	166777	166849	Ala	AGC	0	0	63.4	38.20	25.20	Inf	Ala	98.3	high confidence set
Iber_scaffold686	2	108463	108392	Thr	TGT	0	0	83.3	58.60	24.70	Inf	Thr	93.8	high confidence set
Iber_scaffold708	1	73454	73381	Asn	GTT	0	0	83.3	58.10	25.20	Inf	Asn	93.9	high confidence set
Iber_scaffold709	1	2284	2355	Asp	GTC	0	0	69.8	46.80	23.00	Inf	Asp	94.5	high confidence set
Iber_scaffold709	2	10186	10259	Val	CAC	0	0	82.4	54.40	28.00	Inf	Val	103.7	high confidence set
Iber_scaffold709	3	57865	57786	Leu	TAG	0	0	69.5	48.50	21.00	Inf	Leu	111.5	high confidence set
Iber_scaffold710	1	133461	133533	Phe	GAA	0	0	78.3	58.40	19.90	Inf	Phe	113.2	high confidence set
Iber_scaffold710	2	137395	137312	Tyr	GTA	137358	137348	64.3	39.30	25.00	Inf	Tyr	100.0	high confidence set
Iber_scaffold711	1	119274	119202	Phe	GAA	0	0	78.3	58.40	19.90	Inf	Phe	113.2	high confidence set
Iber_scaffold711	2	93954	93883	His	GTG	0	0	63.0	33.70	29.30	Inf	His	86.8	high confidence set
Iber_scaffold722	1	89295	89215	Leu	AAG	0	0	71.4	51.10	20.30	Inf	Leu	108.5	high confidence set
Iber_scaffold733	1	93149	93077	Phe	GAA	0	0	78.3	58.40	19.90	Inf	Phe	113.2	high confidence set
Iber_scaffold737	1	120526	120445	Ser	GCT	0	0	80.5	45.20	35.30	Inf	Ser	109.5	high confidence set
Iber_scaffold753	1	117564	117494	Gly	GCC	0	0	66.5	44.80	21.70	Inf	Gly	94.4	high confidence set
Iber_scaffold754	1	11191	11274	Leu	CAA	0	0	76.7	54.50	22.20	Inf	Leu	123.1	high confidence set
Iber_scaffold759	1	164239	164160	Leu	TAG	0	0	66.1	48.80	17.30	Inf	Leu	104.5	high confidence set
Iber_scaffold760	1	145016	145096	Cys	GCA	0	0	65.9	48.70	17.20	Inf	Cys	85.8	high confidence set
Iber_scaffold774	1	119327	119400	Ile	AAT	0	0	85.5	59.00	26.50	Inf	Ile	109.4	high confidence set
Iber_scaffold781	1	82798	82871	Asn	GTT	0	0	81.4	54.70	26.70	Inf	Asn	91.8	high confidence set
Iber_scaffold788	1	144330	144401	Gly	TCC	0	0	74.1	46.70	27.40	Inf	Gly	84.2	high confidence set
Iber_scaffold794	1	92106	92177	Cys	GCA	0	0	80.5	53.40	27.10	Inf	Cys	101.8	high confidence set
Iber_scaffold800	1	39303	39232	Cys	GCA	0	0	81.7	56.10	25.60	Inf	Cys	104.3	high confidence set
Iber_scaffold801	1	43743	43672	Pro	CGG	0	0	67.0	32.90	34.10	Inf	Pro	109.9	high confidence set
Iber_scaffold803	1	72141	72058	Leu	CAA	0	0	82.0	55.00	27.00	Inf	Leu	127.3	high confidence set
Iber_scaffold816	1	50898	50817	Ser	GCT	0	0	80.5	45.20	35.30	Inf	Ser	109.5	high confidence set
Iber_scaffold826	1	115525	115454	iMet	CAT	0	0	58.3	28.10	30.20	Inf	iMet	118.7	high confidence set
Iber_scaffold826	2	113294	113223	iMet	CAT	0	0	58.3	28.10	30.20	Inf	iMet	118.7	high confidence set
Iber_scaffold829	1	23590	23661	Lys	TTT	0	0	93.3	70.60	22.70	Inf	Lys	99.2	high confidence set
Iber_scaffold830	1	114110	114037	Val	AAC	0	0	72.5	48.10	24.40	Inf	Val	100.2	high confidence set
Iber_scaffold847	1	139421	139493	Phe	GAA	0	0	78.3	58.40	19.90	Inf	Phe	113.2	high confidence set
Iber_scaffold847	2	153749	153821	Phe	GAA	0	0	68.9	57.30	11.60	Inf	Phe	99.0	high confidence set
Iber_scaffold850	1	34768	34849	Ser	GCT	0	0	80.5	45.20	35.30	Inf	Ser	109.5	high confidence set
Iber_scaffold853	1	42521	42594	Val	AAC	0	0	72.5	48.10	24.40	Inf	Val	100.2	high confidence set
Iber_scaffold868	1	66006	65933	Ile	AAT	0	0	85.5	59.00	26.50	Inf	Ile	109.4	high confidence set
Iber_scaffold869	1	6308	6238	Gly	GCC	0	0	66.5	44.80	21.70	Inf	Gly	94.4	high confidence set
Iber_scaffold872	1	121993	122063	Gly	GCC	0	0	66.5	44.80	21.70	Inf	Gly	94.4	high confidence set
Iber_scaffold878	1	63705	63786	Ser	GCT	0	0	80.5	45.20	35.30	Inf	Ser	109.5	high confidence set
Iber_scaffold882	1	17313	17386	Val	AAC	0	0	72.5	48.10	24.40	Inf	Val	100.2	high confidence set
Iber_scaffold882	2	17500	17429	Asp	GTC	0	0	69.8	46.80	23.00	Inf	Asp	94.5	high confidence set
Iber_scaffold887	1	131673	131602	Gly	TCC	0	0	74.1	46.70	27.40	Inf	Gly	84.2	high confidence set
Iber_scaffold887	2	50954	50881	Val	AAC	0	0	72.5	48.10	24.40	Inf	Val	100.2	high confidence set
Iber_scaffold901	1	96565	96492	Ile	TAT	0	0	86.5	71.20	15.30	Inf	Ile	104.1	high confidence set
Iber_scaffold906	1	99697	99768	Trp	CCA	0	0	75.8	51.20	24.60	Inf	Trp	105.6	high confidence set
Iber_scaffold908	1	110159	110088	Gly	TCC	0	0	74.1	46.70	27.40	Inf	Gly	84.2	high confidence set
Iber_scaffold908	2	49351	49278	Val	AAC	0	0	72.5	48.10	24.40	Inf	Val	100.2	high confidence set
Iber_scaffold911	1	117335	117406	Glu	TTC	0	0	71.2	46.50	24.70	Inf	Glu	101.9	high confidence set
Iber_scaffold911	2	103085	103014	Gly	TCC	0	0	74.1	46.70	27.40	Inf	Gly	84.2	high confidence set
Iber_scaffold933	1	16060	16131	Lys	TTT	0	0	83.8	71.00	12.80	Inf	Lys	83.9	high confidence set
Iber_scaffold951	1	78759	78832	Val	AAC	0	0	72.5	48.10	24.40	Inf	Val	100.2	high confidence set
Iber_scaffold959	1	143013	143085	Arg	ACG	0	0	72.9	50.30	22.60	Inf	Arg	88.9	high confidence set
Iber_scaffold959	2	94421	94348	Ile	AAT	0	0	85.5	59.00	26.50	Inf	Ile	109.4	high confidence set
Iber_scaffold959	3	17321	17249	Phe	GAA	0	0	78.3	58.40	19.90	Inf	Phe	113.2	high confidence set
Iber_scaffold964	1	11281	11210	Pro	CGG	0	0	68.2	35.30	32.90	Inf	Pro	113.0	high confidence set
Iber_scaffold965	1	44245	44316	Trp	CCA	0	0	75.8	51.20	24.60	Inf	Trp	105.6	high confidence set
Iber_scaffold965	2	45571	45642	Trp	CCA	0	0	75.8	51.20	24.60	Inf	Trp	105.6	high confidence set
Iber_scaffold967	1	3275	3347	Arg	TCT	0	0	71.3	51.70	19.60	Inf	Arg	95.1	high confidence set
Iber_scaffold968	1	115404	115475	Pro	TGG	0	0	69.2	36.90	32.30	Inf	Pro	112.8	high confidence set
Iber_scaffold969	1	56088	56160	Ala	CGC	0	0	68.3	44.10	24.20	Inf	Ala	99.2	high confidence set
Iber_scaffold969	2	101659	101589	Gly	CCC	0	0	65.4	28.10	37.30	Inf	Gly	85.4	high confidence set
Iber_scaffold979	1	151911	151983	Ala	TGC	0	0	66.6	41.40	25.20	Inf	Ala	98.8	high confidence set
Iber_scaffold979	2	155830	155758	Phe	GAA	0	0	78.3	58.40	19.90	Inf	Phe	113.2	high confidence set
Iber_scaffold983	1	122157	122236	Leu	TAG	0	0	69.5	48.50	21.00	Inf	Leu	111.5	high confidence set
Iber_scaffold983	2	138944	138871	Val	CAC	0	0	81.5	53.50	28.00	Inf	Val	103.7	high confidence set
Iber_scaffold988	1	69348	69419	His	GTG	0	0	63.0	33.70	29.30	Inf	His	86.8	high confidence set
Iber_scaffold988	2	141318	141390	Lys	CTT	0	0	87.7	67.60	20.10	Inf	Lys	106.7	high confidence set
Iber_scaffold999	1	115517	115589	Ala	AGC	0	0	63.4	38.70	24.70	Inf	Ala	96.4	high confidence set
Iber_scaffold1009	1	119392	119319	Thr	AGT	0	0	76.0	48.40	27.60	Inf	Thr	90.6	high confidence set
Iber_scaffold1017	1	56726	56799	Arg	TCG	0	0	81.9	60.40	21.50	Inf	Arg	92.9	high confidence set
Iber_scaffold1017	2	59254	59170	Met	CAT	59216	59206	64.2	40.80	23.40	Inf	Met	104.0	high confidence set
Iber_scaffold1018	1	1360	1431	Trp	CCA	0	0	75.8	51.20	24.60	Inf	Trp	105.6	high confidence set
Iber_scaffold1027	1	63277	63207	Gly	GCC	0	0	66.5	44.80	21.70	Inf	Gly	94.4	high confidence set
Iber_scaffold1033	1	103890	103820	Gly	CCC	0	0	65.4	28.10	37.30	Inf	Gly	85.4	high confidence set
Iber_scaffold1051	1	67864	67945	Ser	AGA	0	0	76.3	41.60	34.70	Inf	Ser	112.1	high confidence set
Iber_scaffold1065	1	100206	100135	Lys	TTT	0	0	83.8	71.00	12.80	Inf	Lys	83.9	high confidence set
Iber_scaffold1076	1	27374	27303	Pro	AGG	0	0	67.4	34.70	32.70	Inf	Pro	112.3	high confidence set
Iber_scaffold1084	1	19656	19584	Arg	TCT	0	0	71.3	51.70	19.60	Inf	Arg	95.1	high confidence set
Iber_scaffold1094	1	97453	97525	Ala	TGC	0	0	70.0	45.30	24.70	Inf	Ala	100.6	high confidence set
Iber_scaffold1099	1	42253	42182	Pro	AGG	0	0	67.4	34.70	32.70	Inf	Pro	112.3	high confidence set
Iber_scaffold1106	1	42661	42580	Ser	GCT	0	0	80.5	45.20	35.30	Inf	Ser	109.5	high confidence set
Iber_scaffold1108	1	51293	51365	Ala	AGC	0	0	63.4	38.20	25.20	Inf	Ala	98.3	high confidence set
Iber_scaffold1113	1	83253	83182	Asp	GTC	0	0	69.8	46.80	23.00	Inf	Asp	94.5	high confidence set
Iber_scaffold1115	1	130136	130208	Arg	TCT	0	0	70.3	51.80	18.50	Inf	Arg	99.4	high confidence set
Iber_scaffold1119	1	48871	48800	iMet	CAT	0	0	59.0	29.50	29.50	Inf	iMet	122.5	high confidence set
Iber_scaffold1131	1	52805	52877	Ala	AGC	0	0	63.4	38.20	25.20	Inf	Ala	98.3	high confidence set
Iber_scaffold1135	1	89749	89820	Asp	GTC	0	0	69.8	46.80	23.00	Inf	Asp	94.5	high confidence set
Iber_scaffold1141	1	115106	115034	Glu	CTC	0	0	76.3	50.40	25.90	Inf	Glu	91.1	high confidence set
Iber_scaffold1142	1	122498	122428	Gly	GCC	0	0	66.5	44.80	21.70	Inf	Gly	94.4	high confidence set
Iber_scaffold1151	1	9179	9108	Asp	GTC	0	0	69.8	46.80	23.00	Inf	Asp	94.5	high confidence set
Iber_scaffold1168	1	80369	80439	Gly	GCC	0	0	66.5	44.80	21.70	Inf	Gly	94.4	high confidence set
Iber_scaffold1168	2	81317	81387	Gly	GCC	0	0	66.5	44.80	21.70	Inf	Gly	94.4	high confidence set
Iber_scaffold1171	1	39097	39170	Val	AAC	0	0	72.5	48.10	24.40	Inf	Val	100.2	high confidence set
Iber_scaffold1214	1	47129	47210	Ser	CGA	0	0	77.5	44.40	33.10	Inf	Ser	120.8	high confidence set
Iber_scaffold1223	1	109885	109814	Cys	GCA	0	0	80.9	57.20	23.70	Inf	Cys	104.1	high confidence set
Iber_scaffold1223	2	109680	109609	Cys	GCA	0	0	74.0	54.30	19.70	Inf	Cys	101.3	high confidence set
Iber_scaffold1223	3	109474	109403	Cys	GCA	0	0	80.9	57.20	23.70	Inf	Cys	104.1	high confidence set
Iber_scaffold1239	1	6764	6835	Pro	AGG	0	0	68.2	35.90	32.30	Inf	Pro	113.9	high confidence set
Iber_scaffold1239	2	87656	87737	Ser	AGA	0	0	77.0	42.20	34.80	Inf	Ser	112.5	high confidence set
Iber_scaffold1246	1	33354	33435	Ser	GCT	0	0	80.5	45.20	35.30	Inf	Ser	109.5	high confidence set
Iber_scaffold1248	1	66624	66695	Pro	AGG	0	0	67.4	34.70	32.70	Inf	Pro	112.3	high confidence set
Iber_scaffold1248	2	67066	67137	Pro	TGG	0	0	68.5	35.70	32.80	Inf	Pro	111.2	high confidence set
Iber_scaffold1248	3	67553	67624	Pro	AGG	0	0	67.4	34.70	32.70	Inf	Pro	112.3	high confidence set
Iber_scaffold1248	4	67787	67858	Pro	TGG	0	0	68.5	35.70	32.80	Inf	Pro	111.2	high confidence set
Iber_scaffold1248	5	68272	68343	Pro	AGG	0	0	67.4	34.70	32.70	Inf	Pro	112.3	high confidence set
Iber_scaffold1248	6	68537	68608	Pro	CGG	0	0	65.9	33.20	32.70	Inf	Pro	106.1	high confidence set
Iber_scaffold1248	7	69245	69316	Pro	TGG	0	0	68.5	35.70	32.80	Inf	Pro	111.2	high confidence set
Iber_scaffold1248	8	69839	69910	Pro	TGG	0	0	68.5	35.70	32.80	Inf	Pro	111.2	high confidence set
Iber_scaffold1248	9	70426	70497	Pro	AGG	0	0	67.4	34.70	32.70	Inf	Pro	112.3	high confidence set
Iber_scaffold1248	11	71381	71452	Pro	TGG	0	0	68.5	35.70	32.80	Inf	Pro	111.2	high confidence set
Iber_scaffold1248	12	71983	72054	Pro	TGG	0	0	68.5	35.70	32.80	Inf	Pro	111.2	high confidence set
Iber_scaffold1269	1	82631	82560	Asp	GTC	0	0	69.8	46.80	23.00	Inf	Asp	94.5	high confidence set
Iber_scaffold1273	1	27236	27307	Cys	GCA	0	0	80.5	53.40	27.10	Inf	Cys	101.8	high confidence set
Iber_scaffold1282	1	76169	76086	Tyr	GTA	76132	76122	74.3	42.50	31.80	Inf	Tyr	108.6	high confidence set
Iber_scaffold1289	1	27981	28052	Asp	GTC	0	0	69.8	46.80	23.00	Inf	Asp	94.5	high confidence set
Iber_scaffold1289	2	29172	29243	Gln	CTG	0	0	74.5	50.10	24.40	Inf	Gln	101.1	high confidence set
Iber_scaffold1299	2	107507	107435	Arg	TCT	0	0	70.3	51.80	18.50	Inf	Arg	99.4	high confidence set
Iber_scaffold1299	3	106628	106556	Arg	TCT	0	0	70.3	51.80	18.50	Inf	Arg	99.4	high confidence set
Iber_scaffold1312	1	97230	97301	Asp	GTC	0	0	69.8	46.80	23.00	Inf	Asp	94.5	high confidence set
Iber_scaffold1316	1	2684	2611	Val	AAC	0	0	72.5	48.10	24.40	Inf	Val	100.2	high confidence set
Iber_scaffold1324	1	13184	13111	Ile	TAT	0	0	85.9	70.60	15.30	Inf	Ile	103.9	high confidence set
Iber_scaffold1349	1	1425	1336	Tyr	GTA	1388	1372	74.0	42.40	31.60	Inf	Tyr	108.6	high confidence set
Iber_scaffold1350	1	51208	51291	Leu	CAA	0	0	79.5	54.50	25.00	Inf	Leu	126.8	high confidence set
Iber_scaffold1369	1	5488	5559	Pro	TGG	0	0	69.2	36.90	32.30	Inf	Pro	112.8	high confidence set
Iber_scaffold1380	1	72611	72540	iMet	CAT	0	0	58.3	28.10	30.20	Inf	iMet	118.7	high confidence set
Iber_scaffold1388	1	32991	32921	Gly	GCC	0	0	57.8	39.10	18.70	Inf	Gly	89.0	high confidence set
Iber_scaffold1389	1	57142	57214	Ala	TGC	0	0	60.1	41.90	18.20	Inf	Ala	91.3	high confidence set
Iber_scaffold1393	1	41473	41546	Val	CAC	0	0	74.9	48.80	26.10	Inf	Val	98.7	high confidence set
Iber_scaffold1399	1	28445	28518	Ile	AAT	0	0	85.5	59.00	26.50	Inf	Ile	109.4	high confidence set
Iber_scaffold1406	1	9281	9353	Glu	CTC	0	0	76.3	50.40	25.90	Inf	Glu	91.1	high confidence set
Iber_scaffold1406	2	71513	71584	Thr	CGT	0	0	82.3	55.00	27.30	Inf	Thr	83.7	high confidence set
Iber_scaffold1433	1	55178	55271	Tyr	GTA	55215	55235	73.9	42.20	31.70	Inf	Tyr	108.6	high confidence set
Iber_scaffold1441	1	51071	50987	Met	CAT	51033	51023	64.2	40.80	23.40	Inf	Met	104.0	high confidence set
Iber_scaffold1451	1	59084	59014	Gly	CCC	0	0	65.4	28.10	37.30	Inf	Gly	85.4	high confidence set
Iber_scaffold1468	1	82543	82614	iMet	CAT	0	0	58.3	28.10	30.20	Inf	iMet	118.7	high confidence set
Iber_scaffold1475	1	82791	82710	Ser	AGA	0	0	77.0	42.20	34.80	Inf	Ser	112.5	high confidence set
Iber_scaffold1478	1	29287	29358	Asp	GTC	0	0	69.8	46.80	23.00	Inf	Asp	94.5	high confidence set
Iber_scaffold1480	1	21347	21274	Ile	AAT	0	0	85.5	59.00	26.50	Inf	Ile	109.4	high confidence set
Iber_scaffold1481	1	104782	104853	Glu	TTC	0	0	70.8	46.30	24.50	Inf	Glu	99.2	high confidence set
Iber_scaffold1485	1	82411	82340	Cys	GCA	0	0	82.1	59.90	22.20	Inf	Cys	106.6	high confidence set
Iber_scaffold1489	1	21235	21156	Leu	TAG	0	0	69.5	48.50	21.00	Inf	Leu	111.5	high confidence set
Iber_scaffold1495	1	48044	47973	Gly	TCC	0	0	74.1	46.70	27.40	Inf	Gly	84.2	high confidence set
Iber_scaffold1499	1	43353	43423	Gly	GCC	0	0	66.5	44.80	21.70	Inf	Gly	94.4	high confidence set
Iber_scaffold1505	1	56658	56586	Arg	ACG	0	0	72.5	49.90	22.60	Inf	Arg	93.8	high confidence set
Iber_scaffold1506	1	116365	116435	Gly	GCC	0	0	66.5	44.80	21.70	Inf	Gly	94.4	high confidence set
Iber_scaffold1510	1	77697	77768	Asp	GTC	0	0	69.8	46.80	23.00	Inf	Asp	94.5	high confidence set
Iber_scaffold1518	1	54481	54563	Leu	TAA	0	0	72.8	36.70	36.10	Inf	Leu	101.5	high confidence set
Iber_scaffold1518	3	88841	88913	Arg	TCT	0	0	71.0	51.20	19.80	Inf	Arg	99.1	high confidence set
Iber_scaffold1518	4	35055	34975	Leu	AAG	0	0	71.4	51.10	20.30	Inf	Leu	108.5	high confidence set
Iber_scaffold1526	1	3421	3349	Glu	CTC	0	0	76.3	50.40	25.90	Inf	Glu	91.1	high confidence set
Iber_scaffold1540	1	35195	35267	Arg	ACG	0	0	72.9	50.30	22.60	Inf	Arg	88.9	high confidence set
Iber_scaffold1552	1	49006	48933	Ile	AAT	0	0	81.9	53.40	28.50	Inf	Ile	103.2	high confidence set
Iber_scaffold1556	1	44432	44503	Pro	TGG	0	0	68.5	35.70	32.80	Inf	Pro	111.2	high confidence set
Iber_scaffold1556	2	44864	44935	Pro	TGG	0	0	68.5	35.70	32.80	Inf	Pro	111.2	high confidence set
Iber_scaffold1556	3	45899	45970	Pro	AGG	0	0	67.4	34.70	32.70	Inf	Pro	112.3	high confidence set
Iber_scaffold1556	4	46481	46552	Pro	TGG	0	0	68.5	35.70	32.80	Inf	Pro	111.2	high confidence set
Iber_scaffold1556	5	47125	47196	Pro	TGG	0	0	68.5	35.70	32.80	Inf	Pro	111.2	high confidence set
Iber_scaffold1556	6	47672	47743	Pro	TGG	0	0	68.5	35.70	32.80	Inf	Pro	111.2	high confidence set
Iber_scaffold1556	7	51179	51250	Pro	TGG	0	0	60.5	27.80	32.70	Inf	Pro	103.0	high confidence set
Iber_scaffold1556	8	52545	52616	Pro	TGG	0	0	68.5	35.70	32.80	Inf	Pro	111.2	high confidence set
Iber_scaffold1556	10	53719	53790	Pro	TGG	0	0	68.5	35.70	32.80	Inf	Pro	111.2	high confidence set
Iber_scaffold1561	1	119878	119808	Gly	GCC	0	0	66.5	44.80	21.70	Inf	Gly	94.4	high confidence set
Iber_scaffold1573	1	35515	35599	Met	CAT	35553	35563	64.2	40.80	23.40	Inf	Met	104.0	high confidence set
Iber_scaffold1591	1	348	419	Asp	GTC	0	0	69.8	46.80	23.00	Inf	Asp	94.5	high confidence set
Iber_scaffold1591	2	89045	89116	Gln	CTG	0	0	71.6	46.60	25.00	Inf	Gln	98.9	high confidence set
Iber_scaffold1592	1	20573	20502	Cys	GCA	0	0	81.7	56.10	25.60	Inf	Cys	104.3	high confidence set
Iber_scaffold1597	1	103926	103855	His	GTG	0	0	63.0	33.70	29.30	Inf	His	86.8	high confidence set
Iber_scaffold1598	1	97308	97237	Thr	TGT	0	0	83.0	58.30	24.70	Inf	Thr	92.4	high confidence set
Iber_scaffold1608	1	77338	77266	Ala	CGC	0	0	68.3	44.10	24.20	Inf	Ala	99.2	high confidence set
Iber_scaffold1612	1	97289	97369	Leu	AAG	0	0	71.4	51.10	20.30	Inf	Leu	108.5	high confidence set
Iber_scaffold1624	1	72258	72328	Gly	GCC	0	0	66.5	44.80	21.70	Inf	Gly	94.4	high confidence set
Iber_scaffold1638	1	38702	38631	Thr	TGT	0	0	83.0	58.30	24.70	Inf	Thr	92.4	high confidence set
Iber_scaffold1645	1	77092	77021	Gln	CTG	0	0	74.7	50.50	24.20	Inf	Gln	103.8	high confidence set
Iber_scaffold1672	1	30390	30470	Leu	CAG	0	0	68.4	45.70	22.70	Inf	Leu	107.6	high confidence set
Iber_scaffold1672	2	23187	23107	Leu	AAG	0	0	71.4	51.10	20.30	Inf	Leu	108.5	high confidence set
Iber_scaffold1676	1	43941	43869	Ala	CGC	0	0	67.5	42.90	24.60	Inf	Ala	99.2	high confidence set
Iber_scaffold1685	1	89407	89335	Ala	AGC	0	0	63.4	38.20	25.20	Inf	Ala	98.3	high confidence set
Iber_scaffold1716	1	60358	60287	Thr	CGT	0	0	82.3	55.00	27.30	Inf	Thr	83.7	high confidence set
Iber_scaffold1724	2	32140	32221	Ser	GCT	0	0	80.5	45.20	35.30	Inf	Ser	109.5	high confidence set
Iber_scaffold1729	1	48283	48212	Thr	CGT	0	0	82.3	55.00	27.30	Inf	Thr	83.7	high confidence set
Iber_scaffold1734	1	79421	79349	Arg	ACG	0	0	72.6	49.80	22.80	Inf	Arg	89.8	high confidence set
Iber_scaffold1741	1	21473	21557	Met	CAT	21511	21521	64.2	40.80	23.40	Inf	Met	104.0	high confidence set
Iber_scaffold1747	1	46155	46226	Asp	GTC	0	0	69.8	46.80	23.00	Inf	Asp	94.5	high confidence set
Iber_scaffold1748	1	38905	38976	Thr	TGT	0	0	83.0	58.30	24.70	Inf	Thr	92.4	high confidence set
Iber_scaffold1748	2	4938	4866	Ala	AGC	0	0	61.0	37.30	23.70	Inf	Ala	92.9	high confidence set
Iber_scaffold1750	1	89371	89443	Glu	CTC	0	0	76.3	50.40	25.90	Inf	Glu	91.1	high confidence set
Iber_scaffold1753	1	56985	57057	Arg	CCG	0	0	67.0	47.10	19.90	Inf	Arg	89.0	high confidence set
Iber_scaffold1754	1	87086	87005	Ser	TGA	0	0	80.7	46.10	34.60	Inf	Ser	119.7	high confidence set
Iber_scaffold1756	1	25094	25165	Gln	CTG	0	0	74.6	50.10	24.50	Inf	Gln	102.4	high confidence set
Iber_scaffold1756	2	95837	95765	Phe	GAA	0	0	78.3	58.40	19.90	Inf	Phe	113.2	high confidence set
Iber_scaffold1759	1	25513	25441	Ala	AGC	0	0	63.4	38.20	25.20	Inf	Ala	98.3	high confidence set
Iber_scaffold1761	1	28114	28043	Gln	TTG	0	0	73.5	53.70	19.80	Inf	Gln	104.8	high confidence set
Iber_scaffold1769	1	72762	72692	Gly	GCC	0	0	66.5	44.80	21.70	Inf	Gly	94.4	high confidence set
Iber_scaffold1793	1	28569	28640	Lys	TTT	0	0	83.0	70.00	13.00	Inf	Lys	83.3	high confidence set
Iber_scaffold1797	1	70736	70821	Tyr	GTA	70773	70785	74.2	42.50	31.70	Inf	Tyr	108.6	high confidence set
Iber_scaffold1812	1	84794	84723	Lys	TTT	0	0	83.8	71.00	12.80	Inf	Lys	83.9	high confidence set
Iber_scaffold1827	2	89777	89850	Trp	CCA	0	0	67.4	37.40	30.00	Inf	Thr	72.4	IPD:-17.00,isotype mismatch
Iber_scaffold1843	1	84222	84293	Gln	TTG	0	0	73.5	53.70	19.80	Inf	Gln	104.8	high confidence set
Iber_scaffold1862	3	39187	39260	Trp	CCA	0	0	72.3	42.90	29.40	Inf	Thr	75.0	IPD:-16.70,isotype mismatch
Iber_scaffold1862	4	58798	58870	Thr	TGT	0	0	69.1	50.20	18.90	Inf	Thr	82.6	high confidence set
Iber_scaffold1862	5	68291	68364	Met	CAT	0	0	66.3	37.00	29.30	Inf	Met	72.6	high confidence set
Iber_scaffold1862	10	98316	98403	Ser	GCT	0	0	60.7	40.70	20.00	Inf	Ser	77.7	high confidence set
Iber_scaffold1862	14	77302	77232	Cys	GCA	0	0	64.9	46.30	18.60	Inf	Cys	73.4	high confidence set
Iber_scaffold1862	15	73490	73419	Thr	GGT	0	0	58.2	29.20	29.00	Inf	Thr	73.0	unexpected anticodon
Iber_scaffold1862	17	60230	60144	Ser	GGA	0	0	64.6	34.80	29.80	Inf	Ser	83.2	unexpected anticodon
Iber_scaffold1862	19	57218	57146	Phe	GAA	0	0	72.0	48.00	24.00	Inf	Thr	76.1	IPD:-0.90,isotype mismatch
Iber_scaffold1866	1	31079	31007	Glu	CTC	0	0	76.3	50.40	25.90	Inf	Glu	91.1	high confidence set
Iber_scaffold1921	1	48087	48167	Leu	AAG	0	0	71.4	51.10	20.30	Inf	Leu	108.5	high confidence set
Iber_scaffold1923	1	29516	29444	Ala	CGC	0	0	68.3	44.10	24.20	Inf	Ala	99.2	high confidence set
Iber_scaffold1931	1	63616	63688	Arg	ACG	0	0	72.9	50.30	22.60	Inf	Arg	88.9	high confidence set
Iber_scaffold1944	1	86124	86195	Gly	TCC	0	0	74.1	46.70	27.40	Inf	Gly	84.2	high confidence set
Iber_scaffold1952	1	78671	78744	Asn	GTT	0	0	71.8	52.60	19.20	Inf	Asn	76.9	high confidence set
Iber_scaffold1952	2	77645	77572	Asn	GTT	0	0	69.1	53.90	15.20	Inf	Ile	78.3	IPD:-2.20,isotype mismatch
Iber_scaffold1957	1	89966	89896	Gly	GCC	0	0	66.5	44.80	21.70	Inf	Gly	94.4	high confidence set
Iber_scaffold1959	1	19987	20060	Asn	GTT	0	0	81.4	54.70	26.70	Inf	Asn	91.8	high confidence set
Iber_scaffold1965	1	37722	37803	Ser	CGA	0	0	77.5	44.40	33.10	Inf	Ser	120.8	high confidence set
Iber_scaffold1970	1	82791	82862	Gly	GCC	0	0	59.6	41.40	18.20	Inf	Gly	78.9	high confidence set
Iber_scaffold1970	2	89796	89866	Gly	GCC	0	0	66.5	44.80	21.70	Inf	Gly	94.4	high confidence set
Iber_scaffold2003	1	71546	71617	Glu	TTC	0	0	70.8	46.30	24.50	Inf	Glu	99.2	high confidence set
Iber_scaffold2003	2	84613	84686	Asn	GTT	0	0	83.3	58.10	25.20	Inf	Asn	93.9	high confidence set
Iber_scaffold2007	1	86588	86661	Thr	AGT	0	0	75.0	47.40	27.60	Inf	Thr	89.8	high confidence set
Iber_scaffold2016	1	97676	97605	Gln	TTG	0	0	73.5	53.70	19.80	Inf	Gln	104.8	high confidence set
Iber_scaffold2023	1	100729	100649	Leu	CAG	0	0	68.4	45.70	22.70	Inf	Leu	107.6	high confidence set
Iber_scaffold2024	1	3784	3865	Ser	TGA	0	0	80.7	46.10	34.60	Inf	Ser	119.7	high confidence set
Iber_scaffold2034	1	77094	77021	Asn	GTT	0	0	83.3	56.50	26.80	Inf	Ile	87.2	IPD:-1.60,isotype mismatch
Iber_scaffold2034	2	75115	75042	Asn	GTT	0	0	85.8	59.00	26.80	Inf	Ile	89.8	IPD:-0.70,isotype mismatch
Iber_scaffold2050	1	4069	3999	Gly	GCC	0	0	54.6	41.50	13.10	Inf	Gly	82.5	high confidence set
Iber_scaffold2050	2	3414	3344	Gly	GCC	0	0	54.6	41.50	13.10	Inf	Gly	82.5	high confidence set
Iber_scaffold2057	1	98091	98173	Leu	TAA	0	0	69.6	33.20	36.40	Inf	Leu	98.2	high confidence set
Iber_scaffold2067	1	100929	100857	Ala	TGC	0	0	70.0	45.30	24.70	Inf	Ala	100.6	high confidence set
Iber_scaffold2082	1	56327	56255	Phe	GAA	0	0	78.3	58.40	19.90	Inf	Phe	113.2	high confidence set
Iber_scaffold2083	1	15450	15378	Val	TAC	0	0	74.4	44.00	30.40	Inf	Val	103.3	high confidence set
Iber_scaffold2095	1	62376	62303	Thr	AGT	0	0	73.6	45.20	28.40	Inf	Thr	88.6	high confidence set
Iber_scaffold2140	1	87580	87651	Gly	TCC	0	0	74.1	46.70	27.40	Inf	Gly	84.2	high confidence set
Iber_scaffold2145	1	90342	90412	Gly	GCC	0	0	66.5	44.80	21.70	Inf	Gly	94.4	high confidence set
Iber_scaffold2145	2	48731	48658	Ile	TAT	0	0	85.9	70.60	15.30	Inf	Ile	103.9	high confidence set
Iber_scaffold2176	1	43280	43369	Tyr	GTA	43317	43333	74.0	42.30	31.70	Inf	Tyr	108.6	high confidence set
Iber_scaffold2187	1	53294	53365	Glu	TTC	0	0	70.4	45.60	24.80	Inf	Glu	99.0	high confidence set
Iber_scaffold2224	1	34153	34232	Leu	TAG	0	0	69.5	48.50	21.00	Inf	Leu	111.5	high confidence set
Iber_scaffold2225	1	37530	37601	Trp	CCA	0	0	75.8	51.20	24.60	Inf	Trp	105.6	high confidence set
Iber_scaffold2225	2	40208	40279	Trp	CCA	0	0	50.1	38.80	11.30	Inf	Trp	74.8	high confidence set
Iber_scaffold2234	1	43933	44005	Glu	CTC	0	0	76.3	50.40	25.90	Inf	Glu	95.5	high confidence set
Iber_scaffold2243	1	1202	1130	Ala	AGC	0	0	63.4	38.20	25.20	Inf	Ala	98.3	high confidence set
Iber_scaffold2249	1	68964	68891	Asn	GTT	0	0	83.3	58.10	25.20	Inf	Asn	93.9	high confidence set
Iber_scaffold2260	1	72463	72546	Leu	CAA	0	0	79.5	54.50	25.00	Inf	Leu	126.8	high confidence set
Iber_scaffold2268	1	3690	3618	Val	TAC	0	0	74.4	44.00	30.40	Inf	Val	103.3	high confidence set
Iber_scaffold2275	1	38685	38756	Asn	GTT	0	0	79.0	56.70	22.30	Inf	Asn	79.2	high confidence set
Iber_scaffold2282	1	35790	35718	Arg	TCT	0	0	70.7	50.70	20.00	Inf	Arg	91.3	high confidence set
Iber_scaffold2289	1	2647	2728	Ser	AGA	0	0	76.3	41.60	34.70	Inf	Ser	112.1	high confidence set
Iber_scaffold2317	1	36698	36770	Phe	GAA	0	0	78.3	58.40	19.90	Inf	Phe	113.2	high confidence set
Iber_scaffold2374	1	75985	75914	Pro	TGG	0	0	69.2	36.90	32.30	Inf	Pro	112.8	high confidence set
Iber_scaffold2384	1	69705	69786	Ser	TGA	0	0	80.7	46.10	34.60	Inf	Ser	119.7	high confidence set
Iber_scaffold2396	1	67997	67924	Ile	AAT	0	0	85.5	59.00	26.50	Inf	Ile	109.4	high confidence set
Iber_scaffold2396	2	56879	56806	Ile	AAT	0	0	85.5	59.00	26.50	Inf	Ile	109.4	high confidence set
Iber_scaffold2423	1	81929	81858	Trp	CCA	0	0	75.8	51.20	24.60	Inf	Trp	105.6	high confidence set
Iber_scaffold2429	1	33147	33218	Lys	TTT	0	0	83.0	70.00	13.00	Inf	Lys	83.3	high confidence set
Iber_scaffold2429	2	73202	73130	Val	TAC	0	0	74.4	44.00	30.40	Inf	Val	103.3	high confidence set
Iber_scaffold2450	1	69896	69966	Gly	CCC	0	0	65.4	28.10	37.30	Inf	Gly	85.4	high confidence set
Iber_scaffold2475	1	12438	12523	Tyr	GTA	12475	12487	74.2	42.50	31.70	Inf	Tyr	108.6	high confidence set
Iber_scaffold2481	1	84175	84102	Val	AAC	0	0	72.5	48.10	24.40	Inf	Val	100.2	high confidence set
Iber_scaffold2482	1	3455	3383	Ala	AGC	0	0	63.4	38.20	25.20	Inf	Ala	98.3	high confidence set
Iber_scaffold2485	1	33610	33537	Thr	AGT	0	0	70.2	46.10	24.10	Inf	Thr	83.6	high confidence set
Iber_scaffold2518	1	28425	28354	Trp	CCA	0	0	75.8	51.20	24.60	Inf	Trp	105.6	high confidence set
Iber_scaffold2524	1	69681	69761	Leu	CAG	0	0	70.7	49.80	20.90	Inf	Leu	111.3	high confidence set
Iber_scaffold2528	1	7459	7548	Tyr	GTA	7496	7512	74.0	42.40	31.60	Inf	Tyr	108.6	high confidence set
Iber_scaffold2548	1	43496	43424	Glu	CTC	0	0	76.3	50.40	25.90	Inf	Glu	91.1	high confidence set
Iber_scaffold2559	1	51092	51163	Gln	TTG	0	0	73.5	53.70	19.80	Inf	Gln	104.8	high confidence set
Iber_scaffold2572	1	42475	42556	Ser	GCT	0	0	80.5	45.20	35.30	Inf	Ser	109.5	high confidence set
Iber_scaffold2574	1	51171	51099	Phe	GAA	0	0	78.3	58.40	19.90	Inf	Phe	113.2	high confidence set
Iber_scaffold2578	1	59078	59008	Gly	GCC	0	0	65.5	43.70	21.80	Inf	Gly	91.0	high confidence set
Iber_scaffold2604	1	47412	47484	Ala	AGC	0	0	63.4	38.20	25.20	Inf	Ala	98.3	high confidence set
Iber_scaffold2607	1	15040	14968	Arg	CCG	0	0	69.5	52.30	17.20	Inf	Arg	96.0	high confidence set
Iber_scaffold2613	1	53729	53799	Gly	GCC	0	0	66.5	44.80	21.70	Inf	Gly	94.4	high confidence set
Iber_scaffold2613	3	61391	61461	Gly	GCC	0	0	60.2	44.30	15.90	Inf	Gly	86.5	high confidence set
Iber_scaffold2640	2	48118	48047	Pro	TGG	0	0	68.5	35.70	32.80	Inf	Pro	111.2	high confidence set
Iber_scaffold2640	3	47687	47616	Pro	TGG	0	0	68.5	35.70	32.80	Inf	Pro	111.2	high confidence set
Iber_scaffold2640	4	46607	46536	Pro	AGG	0	0	67.4	34.70	32.70	Inf	Pro	112.3	high confidence set
Iber_scaffold2640	5	46031	45960	Pro	TGG	0	0	68.5	35.70	32.80	Inf	Pro	111.2	high confidence set
Iber_scaffold2640	6	45381	45310	Pro	TGG	0	0	68.5	35.70	32.80	Inf	Pro	111.2	high confidence set
Iber_scaffold2640	7	44919	44848	Pro	TGG	0	0	68.5	35.70	32.80	Inf	Pro	111.2	high confidence set
Iber_scaffold2640	8	41355	41284	Pro	TGG	0	0	68.5	35.70	32.80	Inf	Pro	111.2	high confidence set
Iber_scaffold2640	9	40012	39941	Pro	TGG	0	0	68.5	35.70	32.80	Inf	Pro	111.2	high confidence set
Iber_scaffold2640	10	39625	39554	Pro	TGG	0	0	68.5	35.70	32.80	Inf	Pro	111.2	high confidence set
Iber_scaffold2640	11	38874	38803	Pro	TGG	0	0	68.5	35.70	32.80	Inf	Pro	111.2	high confidence set
Iber_scaffold2651	1	55751	55679	Ala	TGC	0	0	70.0	45.30	24.70	Inf	Ala	100.6	high confidence set
Iber_scaffold2667	1	82564	82493	Glu	TTC	0	0	69.9	45.30	24.60	Inf	Glu	99.4	high confidence set
Iber_scaffold2667	2	53253	53180	Asn	GTT	0	0	83.3	58.10	25.20	Inf	Asn	93.9	high confidence set
Iber_scaffold2668	1	3851	3780	Pro	AGG	0	0	67.4	34.70	32.70	Inf	Pro	112.3	high confidence set
Iber_scaffold2673	1	64737	64818	Ser	AGA	0	0	77.0	42.20	34.80	Inf	Ser	112.5	high confidence set
Iber_scaffold2689	1	54307	54237	Gly	GCC	0	0	66.5	44.80	21.70	Inf	Gly	94.4	high confidence set
Iber_scaffold2714	1	34287	34360	Asn	GTT	0	0	81.4	54.70	26.70	Inf	Asn	91.8	high confidence set
Iber_scaffold2758	1	1531	1459	Phe	GAA	0	0	78.3	58.40	19.90	Inf	Phe	113.2	high confidence set
Iber_scaffold2776	1	60717	60636	Ser	GCT	0	0	80.5	45.20	35.30	Inf	Ser	109.5	high confidence set
Iber_scaffold2778	1	39383	39456	Ile	AAT	0	0	85.5	59.00	26.50	Inf	Ile	109.4	high confidence set
Iber_scaffold2780	1	63665	63592	Thr	AGT	0	0	62.1	39.50	22.60	Inf	Thr	75.5	high confidence set
Iber_scaffold2797	1	56466	56537	Glu	TTC	0	0	70.4	45.60	24.80	Inf	Glu	99.0	high confidence set
Iber_scaffold2804	1	72971	72898	Asn	GTT	0	0	71.5	49.90	21.60	Inf	Asn	79.3	high confidence set
Iber_scaffold2807	1	40533	40605	Ala	CGC	0	0	67.5	42.90	24.60	Inf	Ala	99.2	high confidence set
Iber_scaffold2833	1	13367	13440	Ile	TAT	0	0	85.9	70.60	15.30	Inf	Ile	103.9	high confidence set
Iber_scaffold2843	1	13345	13417	Lys	CTT	0	0	87.7	67.60	20.10	Inf	Lys	106.7	high confidence set
Iber_scaffold2894	3	74607	74534	Asn	GTT	0	0	67.4	51.60	15.80	Inf	Asn	70.3	high confidence set
Iber_scaffold2897	1	9720	9791	Lys	TTT	0	0	83.0	70.00	13.00	Inf	Lys	83.3	high confidence set
Iber_scaffold2903	1	59915	59843	Ala	CGC	0	0	67.5	42.90	24.60	Inf	Ala	99.2	high confidence set
Iber_scaffold2903	2	59564	59492	Ala	CGC	0	0	67.5	42.90	24.60	Inf	Ala	99.2	high confidence set
Iber_scaffold2930	1	50253	50333	Leu	AAG	0	0	71.4	51.10	20.30	Inf	Leu	108.5	high confidence set
Iber_scaffold2944	1	52735	52807	Val	TAC	0	0	74.4	44.00	30.40	Inf	Val	103.3	high confidence set
Iber_scaffold2952	1	50909	50980	Pro	TGG	0	0	69.2	36.90	32.30	Inf	Pro	112.8	high confidence set
Iber_scaffold2958	1	13892	13963	Asp	GTC	0	0	69.8	46.80	23.00	Inf	Asp	94.5	high confidence set
Iber_scaffold2958	2	14087	14014	Val	AAC	0	0	72.5	48.10	24.40	Inf	Val	100.2	high confidence set
Iber_scaffold2960	1	35949	36022	Thr	AGT	0	0	70.2	46.10	24.10	Inf	Thr	83.6	high confidence set
Iber_scaffold2979	1	56014	56086	Arg	TCT	0	0	71.0	51.20	19.80	Inf	Arg	99.1	high confidence set
Iber_scaffold2979	2	17127	17045	Leu	TAA	0	0	66.5	35.90	30.60	Inf	Leu	92.3	high confidence set
Iber_scaffold3005	1	34300	34372	Phe	GAA	0	0	78.3	58.40	19.90	Inf	Phe	113.2	high confidence set
Iber_scaffold3019	1	44658	44729	iMet	CAT	0	0	58.3	28.10	30.20	Inf	iMet	118.7	high confidence set
Iber_scaffold3026	1	5727	5800	Asn	GTT	0	0	83.3	58.10	25.20	Inf	Asn	93.9	high confidence set
Iber_scaffold3039	1	14822	14752	Gly	GCC	0	0	66.5	44.80	21.70	Inf	Gly	94.4	high confidence set
Iber_scaffold3043	1	42898	42969	Pro	TGG	0	0	68.5	35.70	32.80	Inf	Pro	111.2	high confidence set
Iber_scaffold3043	2	43640	43711	Pro	TGG	0	0	68.5	35.70	32.80	Inf	Pro	111.2	high confidence set
Iber_scaffold3058	1	75223	75150	Ile	AAT	0	0	85.5	59.00	26.50	Inf	Ile	109.4	high confidence set
Iber_scaffold3063	1	72040	71968	Arg	CCT	0	0	74.8	55.90	18.90	Inf	Arg	84.6	high confidence set
Iber_scaffold3085	1	54246	54165	Ser	AGA	0	0	77.0	42.20	34.80	Inf	Ser	112.5	high confidence set
Iber_scaffold3087	1	63840	63756	Met	CAT	63802	63792	64.2	40.80	23.40	Inf	Met	104.0	high confidence set
Iber_scaffold3087	2	36385	36301	Met	CAT	36347	36337	64.2	40.80	23.40	Inf	Met	104.0	high confidence set
Iber_scaffold3089	1	39253	39181	Glu	CTC	0	0	76.3	50.40	25.90	Inf	Glu	91.1	high confidence set
Iber_scaffold3105	1	60220	60148	Ala	AGC	0	0	63.4	38.20	25.20	Inf	Ala	98.3	high confidence set
Iber_scaffold3112	1	28725	28808	Leu	CAA	0	0	78.5	55.10	23.40	Inf	Leu	119.0	high confidence set
Iber_scaffold3116	1	17685	17768	Leu	CAA	0	0	78.5	55.10	23.40	Inf	Leu	119.0	high confidence set
Iber_scaffold3128	1	35247	35326	Leu	TAG	0	0	69.5	48.50	21.00	Inf	Leu	111.5	high confidence set
Iber_scaffold3135	1	64369	64440	Pro	AGG	0	0	67.4	34.70	32.70	Inf	Pro	112.3	high confidence set
Iber_scaffold3191	1	1794	1865	Pro	TGG	0	0	68.5	35.70	32.80	Inf	Pro	111.2	high confidence set
Iber_scaffold3191	2	2275	2346	Pro	TGG	0	0	68.5	35.70	32.80	Inf	Pro	111.2	high confidence set
Iber_scaffold3191	3	2864	2935	Pro	TGG	0	0	68.5	35.70	32.80	Inf	Pro	111.2	high confidence set
Iber_scaffold3191	4	3177	3248	Pro	TGG	0	0	68.5	35.70	32.80	Inf	Pro	111.2	high confidence set
Iber_scaffold3191	5	3907	3978	Pro	TGG	0	0	68.5	35.70	32.80	Inf	Pro	111.2	high confidence set
Iber_scaffold3191	6	4207	4278	Pro	TGG	0	0	68.5	35.70	32.80	Inf	Pro	111.2	high confidence set
Iber_scaffold3248	1	55020	55100	Leu	AAG	0	0	71.4	51.10	20.30	Inf	Leu	108.5	high confidence set
Iber_scaffold3255	1	46686	46767	Ser	AGA	0	0	77.0	42.20	34.80	Inf	Ser	112.5	high confidence set
Iber_scaffold3256	1	34831	34760	Pro	AGG	0	0	67.4	34.70	32.70	Inf	Pro	112.3	high confidence set
Iber_scaffold3287	1	29415	29344	Pro	TGG	0	0	69.2	36.90	32.30	Inf	Pro	112.8	high confidence set
Iber_scaffold3302	1	47388	47317	Pro	TGG	0	0	69.2	36.90	32.30	Inf	Pro	112.8	high confidence set
Iber_scaffold3333	1	38784	38713	Cys	GCA	0	0	62.8	44.80	18.00	Inf	Cys	83.5	high confidence set
Iber_scaffold3335	1	41879	41963	Met	CAT	41917	41927	64.2	40.80	23.40	Inf	Met	104.0	high confidence set
Iber_scaffold3338	1	20102	20029	Thr	AGT	0	0	73.6	45.20	28.40	Inf	Thr	88.6	high confidence set
Iber_scaffold3339	1	59579	59651	Phe	GAA	0	0	78.3	58.40	19.90	Inf	Phe	113.2	high confidence set
Iber_scaffold3345	1	2415	2496	Ser	TGA	0	0	79.2	43.90	35.30	Inf	Ser	118.5	high confidence set
Iber_scaffold3354	1	26260	26332	Arg	TCT	0	0	70.7	50.70	20.00	Inf	Arg	91.3	high confidence set
Iber_scaffold3372	1	41759	41843	Tyr	GTA	41796	41807	74.2	42.50	31.70	Inf	Tyr	108.6	high confidence set
Iber_scaffold3381	1	63234	63317	Tyr	GTA	63271	63281	74.3	42.60	31.70	Inf	Tyr	108.6	high confidence set
Iber_scaffold3390	1	26480	26551	Pro	TGG	0	0	69.2	36.90	32.30	Inf	Pro	112.8	high confidence set
Iber_scaffold3412	1	31049	31121	Ala	CGC	0	0	62.7	38.60	24.10	Inf	Ala	93.5	high confidence set
Iber_scaffold3412	2	43398	43469	Gln	CTG	0	0	71.1	46.00	25.10	Inf	Gln	100.8	high confidence set
Iber_scaffold3416	1	31445	31373	Phe	GAA	0	0	78.3	58.40	19.90	Inf	Phe	113.2	high confidence set
Iber_scaffold3430	1	62994	63075	Ser	TGA	0	0	79.2	43.90	35.30	Inf	Ser	118.5	high confidence set
Iber_scaffold3449	1	38063	38148	Tyr	GTA	38100	38112	74.2	42.50	31.70	Inf	Tyr	108.6	high confidence set
Iber_scaffold3496	1	24609	24536	Thr	AGT	0	0	73.6	45.20	28.40	Inf	Thr	88.6	high confidence set
Iber_scaffold3498	1	6407	6335	Ala	AGC	0	0	63.4	38.20	25.20	Inf	Ala	98.3	high confidence set
Iber_scaffold3504	1	58533	58604	iMet	CAT	0	0	58.3	28.10	30.20	Inf	iMet	118.7	high confidence set
Iber_scaffold3570	1	45927	45854	Val	AAC	0	0	72.5	48.10	24.40	Inf	Val	100.2	high confidence set
Iber_scaffold3601	1	48565	48494	Glu	TTC	0	0	70.4	45.60	24.80	Inf	Glu	99.0	high confidence set
Iber_scaffold3641	1	37708	37781	Arg	TCG	0	0	82.3	61.00	21.30	Inf	Arg	91.9	high confidence set
Iber_scaffold3652	1	13385	13314	Lys	TTT	0	0	83.8	71.00	12.80	Inf	Lys	83.9	high confidence set
Iber_scaffold3652	2	13235	13164	Lys	TTT	0	0	76.1	63.20	12.90	Inf	Lys	78.3	high confidence set
Iber_scaffold3670	1	23050	23122	Phe	GAA	0	0	78.3	58.40	19.90	Inf	Phe	113.2	high confidence set
Iber_scaffold3672	1	35596	35524	Arg	CCT	0	0	66.6	45.40	21.20	Inf	Arg	78.6	high confidence set
Iber_scaffold3717	1	55731	55658	Thr	AGT	0	0	73.6	45.20	28.40	Inf	Thr	88.6	high confidence set
Iber_scaffold3720	1	7160	7232	Val	TAC	0	0	75.8	39.20	36.60	Inf	Val	103.8	high confidence set
Iber_scaffold3720	2	8392	8464	Val	TAC	0	0	74.4	44.00	30.40	Inf	Val	103.3	high confidence set
Iber_scaffold3767	1	23350	23435	Tyr	GTA	23387	23399	74.2	42.50	31.70	Inf	Tyr	108.6	high confidence set
Iber_scaffold3780	1	47601	47530	His	GTG	0	0	63.0	33.70	29.30	Inf	His	86.8	high confidence set
Iber_scaffold3788	1	39421	39350	Pro	TGG	0	0	68.5	35.70	32.80	Inf	Pro	111.2	high confidence set
Iber_scaffold3788	2	38074	38003	Pro	TGG	0	0	68.5	35.70	32.80	Inf	Pro	111.2	high confidence set
Iber_scaffold3788	3	37400	37329	Pro	TGG	0	0	68.5	35.70	32.80	Inf	Pro	111.2	high confidence set
Iber_scaffold3788	4	36649	36578	Pro	TGG	0	0	68.5	35.70	32.80	Inf	Pro	111.2	high confidence set
Iber_scaffold3788	5	36256	36185	Pro	TGG	0	0	68.5	35.70	32.80	Inf	Pro	111.2	high confidence set
Iber_scaffold3788	6	35831	35760	Pro	TGG	0	0	68.5	35.70	32.80	Inf	Pro	111.2	high confidence set
Iber_scaffold3788	7	35081	35010	Pro	TGG	0	0	68.5	35.70	32.80	Inf	Pro	111.2	high confidence set
Iber_scaffold3788	8	34683	34612	Pro	TGG	0	0	68.5	35.70	32.80	Inf	Pro	111.2	high confidence set
Iber_scaffold3788	9	28020	27949	Pro	AGG	0	0	67.4	34.70	32.70	Inf	Pro	112.3	high confidence set
Iber_scaffold3788	10	27853	27782	Pro	AGG	0	0	67.4	34.70	32.70	Inf	Pro	112.3	high confidence set
Iber_scaffold3788	11	27684	27613	Pro	TGG	0	0	68.5	35.70	32.80	Inf	Pro	111.2	high confidence set
Iber_scaffold3788	12	25606	25535	Pro	TGG	0	0	68.5	35.70	32.80	Inf	Pro	111.2	high confidence set
Iber_scaffold3788	13	24898	24827	Pro	TGG	0	0	68.5	35.70	32.80	Inf	Pro	111.2	high confidence set
Iber_scaffold3788	14	24491	24420	Pro	TGG	0	0	68.5	35.70	32.80	Inf	Pro	111.2	high confidence set
Iber_scaffold3788	15	24037	23966	Pro	TGG	0	0	68.5	35.70	32.80	Inf	Pro	111.2	high confidence set
Iber_scaffold3788	16	23721	23650	Pro	TGG	0	0	66.1	30.50	35.60	Inf	Pro	104.4	high confidence set
Iber_scaffold3788	17	23315	23244	Pro	TGG	0	0	68.5	35.70	32.80	Inf	Pro	111.2	high confidence set
Iber_scaffold3788	18	22602	22531	Pro	TGG	0	0	68.5	35.70	32.80	Inf	Pro	111.2	high confidence set
Iber_scaffold3788	19	22209	22138	Pro	TGG	0	0	68.5	35.70	32.80	Inf	Pro	111.2	high confidence set
Iber_scaffold3825	1	30141	30222	Ser	AGA	0	0	77.8	43.40	34.40	Inf	Ser	110.9	high confidence set
Iber_scaffold3834	1	27922	27995	Ile	TAT	0	0	85.9	70.60	15.30	Inf	Ile	103.9	high confidence set
Iber_scaffold3834	2	25069	24999	Gly	GCC	0	0	66.5	44.80	21.70	Inf	Gly	94.4	high confidence set
Iber_scaffold3877	1	20817	20746	Gln	TTG	0	0	73.5	53.70	19.80	Inf	Gln	104.8	high confidence set
Iber_scaffold3877	2	17862	17791	Gln	TTG	0	0	73.5	53.70	19.80	Inf	Gln	104.8	high confidence set
Iber_scaffold3899	1	46524	46604	Leu	AAG	0	0	71.4	51.10	20.30	Inf	Leu	108.5	high confidence set
Iber_scaffold3901	1	61363	61291	Ala	AGC	0	0	63.4	38.70	24.70	Inf	Ala	96.4	high confidence set
Iber_scaffold3927	1	32662	32733	Glu	TTC	0	0	69.9	45.30	24.60	Inf	Glu	99.4	high confidence set
Iber_scaffold3927	2	24423	24352	Asp	GTC	0	0	69.8	46.80	23.00	Inf	Asp	94.5	high confidence set
Iber_scaffold3947	1	49850	49779	Trp	CCA	0	0	75.8	51.20	24.60	Inf	Trp	105.6	high confidence set
Iber_scaffold3953	1	25826	25754	Phe	GAA	0	0	78.3	58.40	19.90	Inf	Phe	113.2	high confidence set
Iber_scaffold4035	1	34242	34313	Pro	AGG	0	0	67.4	34.70	32.70	Inf	Pro	112.3	high confidence set
Iber_scaffold4043	1	6218	6289	Thr	TGT	0	0	83.0	58.30	24.70	Inf	Thr	92.4	high confidence set
Iber_scaffold4069	1	2731	2802	Thr	CGT	0	0	82.3	55.00	27.30	Inf	Thr	83.7	high confidence set
Iber_scaffold4118	1	26931	27015	Tyr	GTA	26968	26979	64.6	34.90	29.70	Inf	Tyr	100.2	high confidence set
Iber_scaffold4120	1	54917	54847	Gly	GCC	0	0	66.5	44.80	21.70	Inf	Gly	94.4	high confidence set
Iber_scaffold4121	1	6648	6721	Ile	AAT	0	0	86.4	57.90	28.50	Inf	Ile	108.4	high confidence set
Iber_scaffold4121	2	27391	27462	Asp	GTC	0	0	69.7	46.70	23.00	Inf	Asp	90.7	high confidence set
Iber_scaffold4152	1	11200	11128	Lys	CTT	0	0	87.7	67.60	20.10	Inf	Lys	106.7	high confidence set
Iber_scaffold4163	1	56518	56435	Leu	CAA	0	0	79.5	54.50	25.00	Inf	Leu	126.8	high confidence set
Iber_scaffold4165	1	34708	34780	Ala	AGC	0	0	63.4	38.20	25.20	Inf	Ala	98.3	high confidence set
Iber_scaffold4166	1	20858	20787	Pro	AGG	0	0	67.4	34.70	32.70	Inf	Pro	112.3	high confidence set
Iber_scaffold4189	1	4688	4616	Arg	ACG	0	0	72.9	50.30	22.60	Inf	Arg	88.9	high confidence set
Iber_scaffold4198	1	8590	8517	Asn	GTT	0	0	83.3	58.10	25.20	Inf	Asn	93.9	high confidence set
Iber_scaffold4198	2	8050	7971	Leu	TAG	0	0	69.5	48.50	21.00	Inf	Leu	111.5	high confidence set
Iber_scaffold4214	1	4925	4996	Cys	GCA	0	0	80.5	53.40	27.10	Inf	Cys	101.8	high confidence set
Iber_scaffold4215	1	45318	45246	Ala	TGC	0	0	70.0	45.30	24.70	Inf	Ala	100.6	high confidence set
Iber_scaffold4255	1	51345	51261	Met	CAT	51307	51297	64.9	41.40	23.50	Inf	Met	103.3	high confidence set
Iber_scaffold4257	1	41629	41558	Trp	CCA	0	0	75.8	51.20	24.60	Inf	Trp	105.6	high confidence set
Iber_scaffold4281	1	18610	18539	Thr	TGT	0	0	83.0	58.30	24.70	Inf	Thr	92.4	high confidence set
Iber_scaffold4289	1	31130	31059	iMet	CAT	0	0	58.3	28.10	30.20	Inf	iMet	118.7	high confidence set
Iber_scaffold4297	1	15911	15839	Lys	CTT	0	0	85.5	65.40	20.10	Inf	Lys	98.3	high confidence set
Iber_scaffold4297	2	15174	15102	Lys	CTT	0	0	68.0	51.50	16.50	Inf	Lys	90.2	high confidence set
Iber_scaffold4297	3	14470	14398	Lys	CTT	0	0	87.7	67.60	20.10	Inf	Lys	106.7	high confidence set
Iber_scaffold4297	4	13508	13436	Lys	CTT	0	0	87.7	67.60	20.10	Inf	Lys	106.7	high confidence set
Iber_scaffold4332	1	14859	14942	Leu	CAA	0	0	79.5	54.50	25.00	Inf	Leu	126.8	high confidence set
Iber_scaffold4336	1	36918	36848	Gly	GCC	0	0	62.1	43.20	18.90	Inf	Gly	87.7	high confidence set
Iber_scaffold4356	1	24249	24177	Glu	CTC	0	0	76.3	50.40	25.90	Inf	Glu	91.1	high confidence set
Iber_scaffold4423	1	30006	30076	Gly	GCC	0	0	66.5	44.80	21.70	Inf	Gly	94.4	high confidence set
Iber_scaffold4462	3	14765	14849	Asn	GTT	14802	14813	61.3	34.50	26.80	Inf	Tyr	93.4	IPD:-61.40,isotype mismatch
Iber_scaffold4462	4	34582	34663	Ser	AGA	0	0	77.0	42.20	34.80	Inf	Ser	112.5	high confidence set
Iber_scaffold4462	5	35296	35380	Tyr	GTA	35333	35344	63.0	35.40	27.60	Inf	Tyr	94.1	high confidence set
Iber_scaffold4462	7	36685	36769	Tyr	GTA	36722	36733	72.2	39.00	33.20	Inf	Tyr	110.0	high confidence set
Iber_scaffold4462	9	38069	38153	Tyr	GTA	38106	38117	72.2	39.00	33.20	Inf	Tyr	110.0	high confidence set
Iber_scaffold4462	10	38804	38885	Ser	AGA	0	0	62.6	34.80	27.80	Inf	Ser	101.0	high confidence set
Iber_scaffold4462	11	39453	39537	Tyr	GTA	39490	39501	72.2	39.00	33.20	Inf	Tyr	110.0	high confidence set
Iber_scaffold4462	12	40196	40277	Ser	AGA	0	0	66.9	38.90	28.00	Inf	Ser	106.2	high confidence set
Iber_scaffold4462	13	40914	40998	Tyr	GTA	40951	40962	72.2	39.00	33.20	Inf	Tyr	110.0	high confidence set
Iber_scaffold4462	14	41673	41754	Ser	AGA	0	0	67.8	34.90	32.90	Inf	Ser	96.0	high confidence set
Iber_scaffold4462	17	44512	44596	Tyr	GTA	44549	44560	72.2	39.00	33.20	Inf	Tyr	110.0	high confidence set
Iber_scaffold4462	18	45273	45354	Ser	AGA	0	0	66.9	38.90	28.00	Inf	Ser	106.2	high confidence set
Iber_scaffold4462	19	45988	46072	Tyr	GTA	46025	46036	62.6	33.80	28.80	Inf	Tyr	101.0	high confidence set
Iber_scaffold4462	20	46745	46826	Ser	AGA	0	0	64.1	33.80	30.30	Inf	Ser	100.9	high confidence set
Iber_scaffold4462	21	47459	47543	Tyr	GTA	47496	47507	66.7	37.10	29.60	Inf	Tyr	105.0	high confidence set
Iber_scaffold4462	23	48893	48977	Tyr	GTA	48930	48941	72.2	39.00	33.20	Inf	Tyr	110.0	high confidence set
Iber_scaffold4462	24	49618	49699	Ser	AGA	0	0	77.0	42.20	34.80	Inf	Ser	112.5	high confidence set
Iber_scaffold4511	1	14977	14905	Ala	CGC	0	0	68.3	44.10	24.20	Inf	Ala	99.2	high confidence set
Iber_scaffold4539	1	8266	8338	Phe	GAA	0	0	78.3	58.40	19.90	Inf	Phe	113.2	high confidence set
Iber_scaffold4544	1	48572	48644	Arg	CCT	0	0	69.3	50.40	18.90	Inf	Arg	77.6	high confidence set
Iber_scaffold4546	1	37477	37548	Pro	TGG	0	0	69.2	36.90	32.30	Inf	Pro	112.8	high confidence set
Iber_scaffold4570	1	43762	43834	Lys	CTT	0	0	87.7	67.60	20.10	Inf	Lys	106.7	high confidence set
Iber_scaffold4586	1	6840	6767	Val	AAC	0	0	72.5	48.10	24.40	Inf	Val	100.2	high confidence set
Iber_scaffold4594	1	40701	40630	Lys	TTT	0	0	83.8	71.00	12.80	Inf	Lys	83.9	high confidence set
Iber_scaffold4607	1	48202	48283	Ser	AGA	0	0	77.8	43.40	34.40	Inf	Ser	110.9	high confidence set
Iber_scaffold4633	1	12145	12226	Ser	AGA	0	0	77.0	42.20	34.80	Inf	Ser	112.5	high confidence set
Iber_scaffold4655	1	9370	9300	Gly	GCC	0	0	66.5	44.80	21.70	Inf	Gly	94.4	high confidence set
Iber_scaffold4675	1	4980	4908	Lys	CTT	0	0	87.7	67.60	20.10	Inf	Lys	106.7	high confidence set
Iber_scaffold4685	1	3967	3895	Lys	CTT	0	0	87.7	67.60	20.10	Inf	Lys	106.7	high confidence set
Iber_scaffold4685	2	3015	2943	Lys	CTT	0	0	87.7	67.60	20.10	Inf	Lys	106.7	high confidence set
Iber_scaffold4685	3	2227	2155	Lys	CTT	0	0	87.7	67.60	20.10	Inf	Lys	106.7	high confidence set
Iber_scaffold4690	1	15532	15449	Leu	CAA	0	0	79.5	54.50	25.00	Inf	Leu	126.8	high confidence set
Iber_scaffold4697	1	2177	2261	Met	CAT	2215	2225	64.2	40.80	23.40	Inf	Met	104.0	high confidence set
Iber_scaffold4742	1	5483	5554	Lys	TTT	0	0	83.0	70.00	13.00	Inf	Lys	83.3	high confidence set
Iber_scaffold4758	1	12741	12823	Leu	TAA	0	0	72.9	35.60	37.30	Inf	Leu	100.3	high confidence set
Iber_scaffold4758	2	12897	12969	Arg	TCT	0	0	71.0	51.20	19.80	Inf	Arg	99.1	high confidence set
Iber_scaffold4778	1	50283	50356	Thr	AGT	0	0	69.9	45.40	24.50	Inf	Thr	83.2	high confidence set
Iber_scaffold4788	1	49082	49011	Cys	GCA	0	0	81.7	59.20	22.50	Inf	Cys	104.2	high confidence set
Iber_scaffold4789	1	14900	14973	Ile	AAT	0	0	85.5	59.00	26.50	Inf	Ile	109.4	high confidence set
Iber_scaffold4807	1	47944	48017	Arg	TCG	0	0	81.9	60.40	21.50	Inf	Arg	92.9	high confidence set
Iber_scaffold4817	1	11287	11358	Thr	CGT	0	0	82.3	55.00	27.30	Inf	Thr	83.7	high confidence set
Iber_scaffold4818	1	23785	23856	Glu	TTC	0	0	70.8	46.30	24.50	Inf	Glu	99.2	high confidence set
Iber_scaffold4818	2	34978	35051	Asn	GTT	0	0	83.3	58.10	25.20	Inf	Asn	93.9	high confidence set
Iber_scaffold4873	1	47825	47755	Gly	GCC	0	0	66.5	44.80	21.70	Inf	Gly	94.4	high confidence set
Iber_scaffold4903	1	48015	47944	Asp	GTC	0	0	69.8	46.80	23.00	Inf	Asp	94.5	high confidence set
Iber_scaffold4905	1	5530	5602	Arg	ACG	0	0	72.9	50.30	22.60	Inf	Arg	88.9	high confidence set
Iber_scaffold4915	1	924	852	Ala	TGC	0	0	70.0	45.30	24.70	Inf	Ala	100.6	high confidence set
Iber_scaffold4923	1	32188	32259	Gly	TCC	0	0	74.1	46.70	27.40	Inf	Gly	84.2	high confidence set
Iber_scaffold4987	1	12773	12701	Arg	TCT	0	0	71.0	51.20	19.80	Inf	Arg	99.1	high confidence set
Iber_scaffold4990	1	30875	30947	Ala	TGC	0	0	70.0	45.30	24.70	Inf	Ala	100.6	high confidence set
Iber_scaffold5010	1	13941	14013	Arg	CCT	0	0	72.3	51.10	21.20	Inf	Arg	81.9	high confidence set
Iber_scaffold5029	1	27401	27473	Arg	TCT	0	0	70.7	50.70	20.00	Inf	Arg	91.3	high confidence set
Iber_scaffold5070	1	15032	15117	Tyr	GTA	15069	15081	74.2	42.50	31.70	Inf	Tyr	108.6	high confidence set
Iber_scaffold5105	1	28502	28573	Asp	GTC	0	0	69.8	46.80	23.00	Inf	Asp	94.5	high confidence set
Iber_scaffold5119	1	11226	11297	Lys	TTT	0	0	83.8	71.00	12.80	Inf	Lys	83.9	high confidence set
Iber_scaffold5126	1	16292	16221	Asn	GTT	0	0	79.0	56.70	22.30	Inf	Asn	79.2	high confidence set
Iber_scaffold5142	1	26992	26921	Cys	GCA	0	0	73.3	58.20	15.10	Inf	Cys	97.0	high confidence set
Iber_scaffold5149	1	39355	39427	Val	TAC	0	0	74.4	44.00	30.40	Inf	Val	103.3	high confidence set
Iber_scaffold5166	1	26522	26602	Leu	CAG	0	0	70.7	49.80	20.90	Inf	Leu	111.3	high confidence set
Iber_scaffold5185	1	31089	31169	Leu	AAG	0	0	71.4	51.10	20.30	Inf	Leu	108.5	high confidence set
Iber_scaffold5185	2	7773	7691	Leu	TAA	0	0	72.9	35.60	37.30	Inf	Leu	100.3	high confidence set
Iber_scaffold5185	3	7617	7545	Arg	TCT	0	0	71.0	51.20	19.80	Inf	Arg	99.1	high confidence set
Iber_scaffold5188	1	13427	13497	Gly	GCC	0	0	63.5	44.70	18.80	Inf	Gly	92.5	high confidence set
Iber_scaffold5212	1	11100	11171	Trp	CCA	0	0	75.8	51.20	24.60	Inf	Trp	105.6	high confidence set
Iber_scaffold5248	1	20586	20514	Arg	CCT	0	0	74.8	55.90	18.90	Inf	Arg	84.6	high confidence set
Iber_scaffold5249	1	33633	33705	Glu	CTC	0	0	76.3	50.40	25.90	Inf	Glu	91.1	high confidence set
Iber_scaffold5260	1	15924	15995	iMet	CAT	0	0	50.9	17.80	33.10	Inf	iMet	110.5	high confidence set
Iber_scaffold5260	2	24545	24616	iMet	CAT	0	0	55.0	21.60	33.40	Inf	iMet	113.8	high confidence set
Iber_scaffold5315	1	33610	33682	Val	TAC	0	0	74.4	44.00	30.40	Inf	Val	103.3	high confidence set
Iber_scaffold5315	2	36519	36447	Lys	CTT	0	0	87.7	67.60	20.10	Inf	Lys	106.7	high confidence set
Iber_scaffold5332	1	10307	10378	Pro	AGG	0	0	68.2	35.90	32.30	Inf	Pro	113.9	high confidence set
Iber_scaffold5362	1	37591	37662	Thr	TGT	0	0	83.0	58.30	24.70	Inf	Thr	92.4	high confidence set
Iber_scaffold5370	1	29232	29303	Trp	CCA	0	0	75.8	51.20	24.60	Inf	Trp	105.6	high confidence set
Iber_scaffold5375	1	3990	3919	Thr	CGT	0	0	82.3	55.00	27.30	Inf	Thr	83.7	high confidence set
Iber_scaffold5404	1	1326	1255	Thr	CGT	0	0	79.3	55.50	23.80	Inf	Thr	88.0	high confidence set
Iber_scaffold5424	1	43227	43299	Ala	CGC	0	0	67.5	42.90	24.60	Inf	Ala	99.2	high confidence set
Iber_scaffold5491	1	23315	23243	Ala	TGC	0	0	70.0	45.30	24.70	Inf	Ala	100.6	high confidence set
Iber_scaffold5494	1	33870	33799	Asp	GTC	0	0	69.8	46.80	23.00	Inf	Asp	94.5	high confidence set
Iber_scaffold5494	2	25744	25671	Val	CAC	0	0	80.2	53.50	26.70	Inf	Val	101.5	high confidence set
Iber_scaffold5539	1	27439	27512	Ile	TAT	0	0	85.9	70.60	15.30	Inf	Ile	103.9	high confidence set
Iber_scaffold5539	2	27751	27824	Ile	TAT	0	0	85.9	70.60	15.30	Inf	Ile	103.9	high confidence set
Iber_scaffold5539	3	28078	28151	Ile	TAT	0	0	83.6	70.50	13.10	Inf	Ile	97.7	high confidence set
Iber_scaffold5545	1	34289	34372	Tyr	GTA	34326	34336	64.8	42.60	22.20	Inf	Tyr	103.6	high confidence set
Iber_scaffold5558	1	24876	24805	Trp	CCA	0	0	75.8	51.20	24.60	Inf	Trp	105.6	high confidence set
Iber_scaffold5577	1	21045	21116	Thr	CGT	0	0	82.3	55.00	27.30	Inf	Thr	83.7	high confidence set
Iber_scaffold5592	1	2793	2873	Leu	AAG	0	0	71.4	51.10	20.30	Inf	Leu	108.5	high confidence set
Iber_scaffold5601	1	20784	20713	Pro	TGG	0	0	69.2	36.90	32.30	Inf	Pro	112.8	high confidence set
Iber_scaffold5602	1	4431	4359	Lys	CTT	0	0	87.7	67.60	20.10	Inf	Lys	106.7	high confidence set
Iber_scaffold5613	1	20863	20780	Leu	CAA	0	0	79.5	54.50	25.00	Inf	Leu	126.8	high confidence set
Iber_scaffold5657	1	25901	25985	Tyr	GTA	25938	25949	74.2	42.50	31.70	Inf	Tyr	108.6	high confidence set
Iber_scaffold5665	1	8916	8844	Phe	GAA	0	0	78.3	58.40	19.90	Inf	Phe	113.2	high confidence set
Iber_scaffold5673	1	36709	36629	Leu	AAG	0	0	71.4	51.10	20.30	Inf	Leu	104.4	high confidence set
Iber_scaffold5678	2	29083	29154	Pro	AGG	0	0	67.4	34.70	32.70	Inf	Pro	112.3	high confidence set
Iber_scaffold5741	1	10167	10238	Pro	TGG	0	0	69.2	36.90	32.30	Inf	Pro	112.8	high confidence set
Iber_scaffold5823	1	23219	23149	Gly	GCC	0	0	66.5	44.80	21.70	Inf	Gly	94.4	high confidence set
Iber_scaffold5894	1	18977	18907	Gly	CCC	0	0	65.4	28.10	37.30	Inf	Gly	85.4	high confidence set
Iber_scaffold5915	1	2871	2952	Ser	GCT	0	0	80.5	45.20	35.30	Inf	Ser	109.5	high confidence set
Iber_scaffold6030	1	24412	24340	Val	TAC	0	0	74.4	44.00	30.40	Inf	Val	103.3	high confidence set
Iber_scaffold6057	1	13470	13541	Asp	GTC	0	0	69.8	46.80	23.00	Inf	Asp	94.5	high confidence set
Iber_scaffold6057	2	3331	3260	Glu	TTC	0	0	69.9	45.30	24.60	Inf	Glu	99.4	high confidence set
Iber_scaffold6081	1	16082	16012	Gly	GCC	0	0	66.5	44.80	21.70	Inf	Gly	94.4	high confidence set
Iber_scaffold6084	1	12413	12485	Val	TAC	0	0	74.4	44.00	30.40	Inf	Val	103.3	high confidence set
Iber_scaffold6084	2	15307	15235	Lys	CTT	0	0	87.7	67.60	20.10	Inf	Lys	106.7	high confidence set
Iber_scaffold6119	1	9308	9379	His	GTG	0	0	63.0	33.70	29.30	Inf	His	86.8	high confidence set
Iber_scaffold6120	1	8239	8160	Leu	TAG	0	0	69.5	48.50	21.00	Inf	Leu	111.5	high confidence set
Iber_scaffold6146	1	6488	6407	Ser	TGA	0	0	79.2	43.90	35.30	Inf	Ser	118.5	high confidence set
Iber_scaffold6151	1	4743	4671	Lys	CTT	0	0	87.7	67.60	20.10	Inf	Lys	106.7	high confidence set
Iber_scaffold6206	1	9313	9386	Asn	GTT	0	0	83.3	58.10	25.20	Inf	Asn	93.9	high confidence set
Iber_scaffold6207	1	34106	34176	Gly	GCC	0	0	66.5	44.80	21.70	Inf	Gly	94.4	high confidence set
Iber_scaffold6235	1	7332	7404	Arg	CCT	0	0	73.6	54.70	18.90	Inf	Arg	83.5	high confidence set
Iber_scaffold6278	1	14531	14460	Asp	GTC	0	0	69.8	46.80	23.00	Inf	Asp	94.5	high confidence set
Iber_scaffold6288	1	1390	1317	Val	AAC	0	0	72.5	48.10	24.40	Inf	Val	100.2	high confidence set
Iber_scaffold6381	1	11968	12040	Lys	CTT	0	0	87.7	67.60	20.10	Inf	Lys	106.7	high confidence set
Iber_scaffold6451	1	17394	17465	Asp	GTC	0	0	69.8	46.80	23.00	Inf	Asp	94.5	high confidence set
Iber_scaffold6508	1	12642	12571	Gly	TCC	0	0	74.1	46.70	27.40	Inf	Gly	84.2	high confidence set
Iber_scaffold6525	1	28685	28613	Glu	CTC	0	0	71.6	50.50	21.10	Inf	Glu	87.5	high confidence set
Iber_scaffold6555	1	12430	12502	Arg	ACG	0	0	73.2	50.90	22.30	Inf	Arg	91.4	high confidence set
Iber_scaffold6611	1	2040	1969	His	GTG	0	0	63.0	33.70	29.30	Inf	His	86.8	high confidence set
Iber_scaffold6621	1	2675	2605	Gly	CCC	0	0	65.4	28.10	37.30	Inf	Gly	85.4	high confidence set
Iber_scaffold6625	1	18845	18918	Val	AAC	0	0	72.5	48.10	24.40	Inf	Val	100.2	high confidence set
Iber_scaffold6654	1	26719	26648	Asp	GTC	0	0	69.8	46.80	23.00	Inf	Asp	94.5	high confidence set
Iber_scaffold6667	1	31720	31648	Arg	CCG	0	0	69.5	52.30	17.20	Inf	Arg	96.0	high confidence set
Iber_scaffold6682	1	20028	19955	Asn	GTT	0	0	80.8	55.70	25.10	Inf	Asn	94.3	high confidence set
Iber_scaffold6682	3	18969	18896	Asn	GTT	0	0	85.8	59.00	26.80	Inf	Ile	89.8	IPD:-0.70,isotype mismatch
Iber_scaffold6689	1	3104	3177	Ile	AAT	0	0	83.0	54.40	28.60	Inf	Ile	104.3	high confidence set
Iber_scaffold6727	1	23266	23195	iMet	CAT	0	0	58.3	28.10	30.20	Inf	iMet	118.7	high confidence set
Iber_scaffold6790	1	4868	4940	Ala	TGC	0	0	70.0	45.30	24.70	Inf	Ala	100.6	high confidence set
Iber_scaffold6894	1	20250	20321	Asp	GTC	0	0	69.8	46.80	23.00	Inf	Asp	94.5	high confidence set
Iber_scaffold7029	1	6748	6677	Thr	TGT	0	0	83.0	58.30	24.70	Inf	Thr	92.4	high confidence set
Iber_scaffold7038	1	37588	37661	Arg	ACG	0	0	59.9	44.10	15.80	Inf	Ile	72.7	IPD:-17.80,isotype mismatch
Iber_scaffold7038	3	38381	38310	Asn	GTT	0	0	79.0	56.70	22.30	Inf	Asn	79.2	high confidence set
Iber_scaffold7119	1	26020	25938	Leu	TAA	0	0	67.5	30.20	37.30	Inf	Leu	94.2	high confidence set
Iber_scaffold7148	1	27970	28042	Ala	AGC	0	0	63.4	38.20	25.20	Inf	Ala	98.3	high confidence set
Iber_scaffold7150	1	20298	20226	Val	TAC	0	0	74.4	44.00	30.40	Inf	Val	103.3	high confidence set
Iber_scaffold7170	1	7147	7228	Ser	AGA	0	0	77.0	42.20	34.80	Inf	Ser	112.5	high confidence set
Iber_scaffold7198	1	2680	2751	Lys	TTT	0	0	83.8	71.00	12.80	Inf	Lys	83.9	high confidence set
Iber_scaffold7198	2	2827	2900	Ile	AAT	0	0	79.3	58.50	20.80	Inf	Ile	100.0	high confidence set
Iber_scaffold7198	3	4636	4707	Lys	TTT	0	0	83.8	71.00	12.80	Inf	Lys	83.9	high confidence set
Iber_scaffold7237	1	18173	18266	Tyr	GTA	18210	18230	73.9	42.20	31.70	Inf	Tyr	108.6	high confidence set
Iber_scaffold7242	1	18290	18217	Val	CAC	0	0	75.7	47.90	27.80	Inf	Val	98.5	high confidence set
Iber_scaffold7265	1	17544	17616	Phe	GAA	0	0	78.3	58.40	19.90	Inf	Phe	113.2	high confidence set
Iber_scaffold7269	1	533	461	Arg	ACG	0	0	72.5	49.90	22.60	Inf	Arg	93.8	high confidence set
Iber_scaffold7282	1	25297	25369	Ala	TGC	0	0	70.0	45.30	24.70	Inf	Ala	100.6	high confidence set
Iber_scaffold7307	1	23901	23822	Leu	TAG	0	0	69.5	48.50	21.00	Inf	Leu	111.5	high confidence set
Iber_scaffold7314	1	10448	10519	Asp	GTC	0	0	69.8	46.80	23.00	Inf	Asp	94.5	high confidence set
Iber_scaffold7331	1	3975	3904	Thr	TGT	0	0	83.0	58.30	24.70	Inf	Thr	92.4	high confidence set
Iber_scaffold7368	1	11179	11108	Cys	GCA	0	0	81.7	59.20	22.50	Inf	Cys	104.2	high confidence set
Iber_scaffold7378	1	14072	14145	Thr	AGT	0	0	70.2	46.10	24.10	Inf	Thr	83.6	high confidence set
Iber_scaffold7427	1	8139	8068	Lys	TTT	0	0	83.8	71.00	12.80	Inf	Lys	83.9	high confidence set
Iber_scaffold7458	1	21360	21431	iMet	CAT	0	0	58.3	28.10	30.20	Inf	iMet	118.7	high confidence set
Iber_scaffold7458	2	23590	23661	iMet	CAT	0	0	58.3	28.10	30.20	Inf	iMet	118.7	high confidence set
Iber_scaffold7471	1	3227	3156	Thr	TGT	0	0	83.0	58.30	24.70	Inf	Thr	92.4	high confidence set
Iber_scaffold7523	1	25062	24989	Val	CAC	0	0	76.9	52.00	24.90	Inf	Val	100.4	high confidence set
Iber_scaffold7554	1	24036	23963	Ile	AAT	0	0	85.5	59.00	26.50	Inf	Ile	109.4	high confidence set
Iber_scaffold7615	1	6803	6874	Glu	TTC	0	0	69.9	45.30	24.60	Inf	Glu	99.4	high confidence set
Iber_scaffold7646	1	9058	9139	Ser	AGA	0	0	77.0	42.20	34.80	Inf	Ser	112.5	high confidence set
Iber_scaffold7688	1	3414	3486	Glu	CTC	0	0	76.3	50.40	25.90	Inf	Glu	91.1	high confidence set
Iber_scaffold7762	1	9732	9649	Tyr	GTA	9695	9685	74.3	42.50	31.80	Inf	Tyr	108.6	high confidence set
Iber_scaffold7768	1	2294	2223	His	GTG	0	0	63.0	33.70	29.30	Inf	His	86.8	high confidence set
Iber_scaffold7828	1	11518	11589	Glu	TTC	0	0	69.9	45.30	24.60	Inf	Glu	99.4	high confidence set
Iber_scaffold7828	2	1026	955	Gly	TCC	0	0	70.8	46.40	24.40	Inf	Gly	80.1	high confidence set
Iber_scaffold7893	1	2413	2340	Ile	AAT	0	0	83.0	54.40	28.60	Inf	Ile	104.3	high confidence set
Iber_scaffold7897	1	14637	14566	Lys	TTT	0	0	93.3	70.60	22.70	Inf	Lys	99.2	high confidence set
Iber_scaffold8011	1	1230	1159	Gln	TTG	0	0	73.5	53.70	19.80	Inf	Gln	104.8	high confidence set
Iber_scaffold8066	1	10409	10338	Lys	TTT	0	0	83.0	70.00	13.00	Inf	Lys	83.3	high confidence set
Iber_scaffold8094	1	3441	3370	Gly	TCC	0	0	74.1	46.70	27.40	Inf	Gly	84.2	high confidence set
Iber_scaffold8154	1	8248	8177	Cys	GCA	0	0	80.5	53.40	27.10	Inf	Cys	101.8	high confidence set
Iber_scaffold8154	2	5471	5400	Cys	GCA	0	0	80.8	53.70	27.10	Inf	Cys	103.2	high confidence set
Iber_scaffold8154	3	5290	5219	Cys	GCA	0	0	74.7	47.30	27.40	Inf	Cys	93.5	high confidence set
Iber_scaffold8181	1	9741	9812	Lys	TTT	0	0	83.0	70.00	13.00	Inf	Lys	83.3	high confidence set
Iber_scaffold8195	1	6552	6471	Ser	AGA	0	0	66.8	38.20	28.60	Inf	Ser	104.5	high confidence set
Iber_scaffold8195	4	4448	4364	Tyr	GTA	4411	4400	69.3	36.10	33.20	Inf	Tyr	103.9	high confidence set
Iber_scaffold8195	6	3064	2980	Tyr	GTA	3027	3016	72.2	39.00	33.20	Inf	Tyr	110.0	high confidence set
Iber_scaffold8195	7	2329	2248	Ser	AGA	0	0	62.6	34.80	27.80	Inf	Ser	101.0	high confidence set
Iber_scaffold8195	8	1680	1596	Tyr	GTA	1643	1632	62.9	33.20	29.70	Inf	Tyr	94.3	high confidence set
Iber_scaffold8195	9	280	196	Tyr	GTA	243	232	72.2	39.00	33.20	Inf	Tyr	110.0	high confidence set
Iber_scaffold8223	1	6182	6111	Gln	CTG	0	0	73.7	48.90	24.80	Inf	Gln	103.9	high confidence set
Iber_scaffold8290	1	2246	2175	Pro	AGG	0	0	67.4	34.70	32.70	Inf	Pro	112.3	high confidence set
Iber_scaffold8299	1	1210	1291	Ser	TGA	0	0	80.7	46.10	34.60	Inf	Ser	119.7	high confidence set
Iber_scaffold8325	1	11854	11925	Asp	GTC	0	0	69.8	46.80	23.00	Inf	Asp	94.5	high confidence set
Iber_scaffold8351	1	20044	20117	Ile	AAT	0	0	85.5	59.00	26.50	Inf	Ile	109.4	high confidence set
Iber_scaffold8388	1	9013	8941	Arg	CCG	0	0	69.5	52.30	17.20	Inf	Arg	96.0	high confidence set
Iber_scaffold8413	1	13568	13496	Phe	GAA	0	0	78.3	58.40	19.90	Inf	Phe	113.2	high confidence set
Iber_scaffold8413	2	9953	9881	Phe	GAA	0	0	78.3	58.40	19.90	Inf	Phe	113.2	high confidence set
Iber_scaffold8443	1	17260	17333	Ile	TAT	0	0	85.9	70.60	15.30	Inf	Ile	103.9	high confidence set
Iber_scaffold8618	1	1050	1121	Glu	TTC	0	0	70.8	46.30	24.50	Inf	Glu	99.2	high confidence set
Iber_scaffold8624	1	9542	9623	Ser	GCT	0	0	80.5	45.20	35.30	Inf	Ser	109.5	high confidence set
Iber_scaffold8643	1	15744	15673	Glu	TTC	0	0	69.9	45.30	24.60	Inf	Glu	99.4	high confidence set
Iber_scaffold8697	1	16670	16599	Cys	GCA	0	0	81.7	56.10	25.60	Inf	Cys	104.3	high confidence set
Iber_scaffold8734	1	2334	2263	iMet	CAT	0	0	58.3	28.10	30.20	Inf	iMet	118.7	high confidence set
Iber_scaffold8770	1	13896	13826	Gly	GCC	0	0	60.2	44.30	15.90	Inf	Gly	86.5	high confidence set
Iber_scaffold8831	1	15455	15383	Arg	ACG	0	0	72.6	49.80	22.80	Inf	Arg	89.8	high confidence set
Iber_scaffold8852	1	12463	12534	Thr	CGT	0	0	79.3	55.50	23.80	Inf	Thr	88.0	high confidence set
Iber_scaffold8952	1	15106	15034	Ala	TGC	0	0	70.0	45.30	24.70	Inf	Ala	100.6	high confidence set
Iber_scaffold8970	1	6368	6439	Asp	GTC	0	0	69.8	46.80	23.00	Inf	Asp	94.5	high confidence set
Iber_scaffold9014	1	5573	5645	Ala	TGC	0	0	70.0	45.30	24.70	Inf	Ala	100.6	high confidence set
Iber_scaffold9017	1	1524	1453	Asp	GTC	0	0	69.8	46.80	23.00	Inf	Asp	94.5	high confidence set
Iber_scaffold9189	1	9149	9065	Met	CAT	9111	9101	64.2	40.80	23.40	Inf	Met	104.0	high confidence set
Iber_scaffold9314	1	6598	6668	Gly	GCC	0	0	66.5	44.80	21.70	Inf	Gly	94.4	high confidence set
Iber_scaffold9341	1	8126	8197	Trp	CCA	0	0	57.8	39.70	18.10	Inf	Trp	79.5	high confidence set
Iber_scaffold9378	2	14700	14771	Asn	GTT	0	0	78.5	56.50	22.00	Inf	Asn	74.3	high confidence set
Iber_scaffold9402	2	13206	13133	Ile	GAT	0	0	77.3	40.10	37.20	Inf	Thr	89.4	IPD:-12.30,isotype mismatch
Iber_scaffold9402	3	13076	13004	Ala	TGC	0	0	73.5	49.20	24.30	Inf	Ala	71.2	high confidence set
Iber_scaffold9607	1	4930	4846	Tyr	GTA	4893	4882	66.7	33.40	33.30	Inf	Tyr	104.5	high confidence set
Iber_scaffold9642	1	2545	2615	Gly	GCC	0	0	66.5	44.80	21.70	Inf	Gly	94.4	high confidence set
Iber_scaffold9733	1	2970	3049	Leu	TAG	0	0	69.5	48.50	21.00	Inf	Leu	111.5	high confidence set
Iber_scaffold9831	1	6936	7006	Gly	GCC	0	0	66.5	44.80	21.70	Inf	Gly	94.4	high confidence set
Iber_scaffold9840	1	5053	5124	Trp	CCA	0	0	75.8	51.20	24.60	Inf	Trp	105.6	high confidence set
Iber_scaffold9859	1	12220	12301	Ser	TGA	0	0	80.7	46.10	34.60	Inf	Ser	119.7	high confidence set
Iber_scaffold10044	1	4777	4693	Met	CAT	4739	4729	57.9	37.60	20.30	Inf	Met	97.6	high confidence set
Iber_scaffold10081	1	10705	10623	Leu	TAA	0	0	67.5	30.20	37.30	Inf	Leu	94.2	high confidence set
Iber_scaffold10202	3	3509	3582	Met	CAT	0	0	66.4	48.40	18.00	Inf	Thr	73.8	IPD:-16.40,isotype mismatch
Iber_scaffold10202	4	3734	3807	Met	CAT	0	0	66.4	48.40	18.00	Inf	Thr	73.8	IPD:-16.40,isotype mismatch
Iber_scaffold10202	5	7491	7579	Ser	GCT	0	0	61.5	43.70	17.80	Inf	Ser	73.8	high confidence set
Iber_scaffold10259	1	1271	1198	Val	AAC	0	0	72.5	48.10	24.40	Inf	Val	100.2	high confidence set
Iber_scaffold10262	1	2418	2497	Leu	TAG	0	0	69.5	48.50	21.00	Inf	Leu	111.5	high confidence set
Iber_scaffold10272	1	2752	2824	Ala	AGC	0	0	63.4	38.20	25.20	Inf	Ala	98.3	high confidence set
Iber_scaffold10437	1	8814	8741	Arg	ACG	0	0	71.3	50.80	20.50	Inf	Ile	74.8	IPD:-6.50,isotype mismatch
Iber_scaffold10437	3	4946	4875	Cys	GCA	0	0	63.6	32.50	31.10	Inf	Cys	73.5	high confidence set
Iber_scaffold10579	1	9552	9481	Asp	GTC	0	0	67.0	47.30	19.70	Inf	Asp	95.1	high confidence set
Iber_scaffold10663	2	3238	3166	Ala	TGC	0	0	70.0	45.30	24.70	Inf	Ala	100.6	high confidence set
Iber_scaffold10742	1	7622	7709	Ser	GCT	0	0	60.7	40.70	20.00	Inf	Ser	77.7	high confidence set
Iber_scaffold10834	1	4523	4606	Leu	CAA	0	0	76.7	54.50	22.20	Inf	Leu	123.1	high confidence set
Iber_scaffold10859	1	1790	1873	Leu	CAA	0	0	76.7	54.50	22.20	Inf	Leu	123.1	high confidence set
Iber_scaffold10919	1	2456	2529	Thr	AGT	0	0	76.0	48.40	27.60	Inf	Thr	90.6	high confidence set
Iber_scaffold11169	1	1139	1066	Ile	AAT	0	0	83.0	54.40	28.60	Inf	Ile	104.3	high confidence set
Iber_scaffold11326	1	3146	3065	Ser	TGA	0	0	80.7	46.10	34.60	Inf	Ser	119.7	high confidence set
Iber_scaffold11363	1	1154	1083	Trp	CCA	0	0	75.8	51.20	24.60	Inf	Trp	105.6	high confidence set
Iber_scaffold11409	1	293	221	Phe	GAA	0	0	78.3	58.40	19.90	Inf	Phe	113.2	high confidence set
Iber_scaffold11505	1	1122	1051	Gly	TCC	0	0	74.1	46.70	27.40	Inf	Gly	84.2	high confidence set
Iber_scaffold11580	1	3697	3769	Glu	CTC	0	0	76.3	50.40	25.90	Inf	Glu	91.1	high confidence set
Iber_scaffold11735	1	5307	5380	Arg	TCG	0	0	81.9	60.40	21.50	Inf	Arg	92.9	high confidence set
Iber_scaffold11981	1	3518	3447	Asp	GTC	0	0	69.8	46.80	23.00	Inf	Asp	94.5	high confidence set
Iber_scaffold12021	1	4646	4719	Asn	GTT	0	0	81.4	54.70	26.70	Inf	Asn	91.8	high confidence set
Iber_scaffold12031	1	372	300	Glu	CTC	0	0	76.3	50.40	25.90	Inf	Glu	91.1	high confidence set
Iber_scaffold12111	1	7989	8061	Phe	GAA	0	0	78.3	58.40	19.90	Inf	Phe	113.2	high confidence set
Iber_scaffold12162	1	482	410	Lys	CTT	0	0	87.7	67.60	20.10	Inf	Lys	106.7	high confidence set
Iber_scaffold12207	1	1598	1527	His	GTG	0	0	63.0	33.70	29.30	Inf	His	86.8	high confidence set
Iber_scaffold12212	1	1808	1892	Met	CAT	1846	1856	64.2	40.80	23.40	Inf	Met	104.0	high confidence set
Iber_scaffold12519	1	519	448	Asp	GTC	0	0	69.8	46.80	23.00	Inf	Asp	94.5	high confidence set
Iber_scaffold12571	1	3580	3652	Arg	CCG	0	0	67.0	47.10	19.90	Inf	Arg	89.0	high confidence set
Iber_scaffold13547	1	2219	2147	Ala	AGC	0	0	64.7	39.50	25.20	Inf	Ala	95.9	high confidence set
Iber_scaffold14178	1	1385	1456	Thr	TGT	0	0	83.0	58.30	24.70	Inf	Thr	92.4	high confidence set
