EukHighConfidenceFilter v1.0 Summary
Completed Time: Tue Sep 20 00:09:52 2022

Inputs
------------------------------------------------------
tRNAscan-SE output file: Iamara_485_v1_trnascan-se.output
tRNAscan-SE ss file: Iamara_485_v1_trnascan-se.struct
Secondary filtering domain-specific model score cutoff: 50
Secondary filtering secondary structure score cutoff: 10
Secondary filtering isotype-specific model score cutoff: 70
Tertiary filtering isotype-specific model starting score cutoff: 70
Tertiary filtering maximum isotype-specific model score cutoff: 95
Remove filtered hits: Yes

Outputs
------------------------------------------------------
tRNAscan-SE output file: hi_conf_Iamara/Iamara_485_v1.out
tRNAscan-SE ss file: hi_conf_Iamara/Iamara_485_v1.ss
Summary file: hi_conf_Iamara/Iamara_485_v1.log

Summary statistics
------------------------------------------------------
Total tRNA predictions:                                1115
Possible pseudogenes:                                  46
tRNAs with scores lower than secondary cutoffs:        191
tRNAs failed tertiary filter:                          28

tRNAs after filtering:                                 850

tRNAs with mismatched isotype:                         19
tRNAs with undetermined isotype:                       0
tRNAs with unexpected anticodon:                       4

High confidence set:                                   827

Tertiary filter - anticodon counts
------------------------------------------------------

Isotype  Anticodon  BeforeFiltering  AfterFiltering  FinalScoreCutoff
Asp      GTC        58               39              90              
Pro      AGG        23               23              95              
Pro      CGG        5                5               95              
Pro      TGG        65               62              95              
Tyr      GTA        45               40              91              

Isotype / Anticodon Counts After Filtering
------------------------------------------------------

Ala     : 50	  AGC: 22      GGC: 0       CGC: 10      TGC: 18    
Gly     : 65	  ACC: 0       GCC: 40      CCC: 8       TCC: 17    
Pro     : 90	  AGG: 23      GGG: 0       CGG: 5       TGG: 62    
Thr     : 42	  AGT: 16      GGT: 1       CGT: 9       TGT: 16    
Val     : 40	  AAC: 20      GAC: 0       CAC: 8       TAC: 12    
Ser     : 60	  AGA: 27      GGA: 2       CGA: 4       TGA: 12      ACT: 0       GCT: 15                              
Arg     : 56	  ACG: 16      GCG: 0       CCG: 6       TCG: 8                                 CCT: 11      TCT: 15    
Leu     : 54	  AAG: 14      GAG: 0       CAG: 4       TAG: 12                                CAA: 15      TAA: 9     
Phe     : 29	  AAA: 0       GAA: 29                              
Asn     : 39	  ATT: 1       GTT: 38                              
Lys     : 56	                            CTT: 31      TTT: 25    
Asp     : 39	  ATC: 0       GTC: 39                              
Glu     : 37	                            CTC: 19      TTC: 18    
His     : 13	  ATG: 0       GTG: 13                              
Gln     : 18	                            CTG: 9       TTG: 9     
Ile     : 36	  AAT: 25      GAT: 1                    TAT: 10    
Met     : 37	                            CAT: 37                 
Tyr     : 40	  ATA: 0       GTA: 40                              
Supres  : 0	                            CTA: 0       TTA: 0     
Cys     : 25	  ACA: 0       GCA: 25                              
Trp     : 24	                            CCA: 24                 
SelCys  : 0	                                         TCA: 0     

