Sequence     		tRNA    	Bounds  	tRNA	Anti	Intron Bounds	Inf	HMM	2'Str	Hit	Isotype	Isotype	      
Name         	tRNA#	Begin   	End     	Type	Codon	Begin	End	Score	Score	Score	Origin	CM	Score	Note
--------     	------	-----   	------  	----	-----	-----	----	------	-----	-----	------	-------	-------	------
Chromosome02	1	1426198	1426269	Gly	TCC	0	0	73.9	46.20	27.70	Inf	Gly	85.6	high confidence set
Chromosome02	2	1935934	1936005	Asp	GTC	0	0	70.4	47.40	23.00	Inf	Asp	94.4	high confidence set
Chromosome02	4	2528791	2528864	Val	AAC	0	0	72.9	48.60	24.30	Inf	Val	93.8	high confidence set
Chromosome02	5	3015849	3015919	Gly	GCC	0	0	66.5	44.80	21.70	Inf	Gly	94.4	high confidence set
Chromosome02	6	3753268	3753348	Leu	CAG	0	0	69.5	46.80	22.70	Inf	Leu	109.7	high confidence set
Chromosome02	7	4780579	4780659	Leu	CAG	0	0	69.5	46.80	22.70	Inf	Leu	109.7	high confidence set
Chromosome02	8	5726730	5726803	Asn	GTT	0	0	84.5	59.40	25.10	Inf	Asn	95.9	high confidence set
Chromosome02	9	5727528	5727601	Asn	GTT	0	0	84.5	59.40	25.10	Inf	Asn	95.9	high confidence set
Chromosome02	10	7844825	7844895	Gly	GCC	0	0	66.5	44.80	21.70	Inf	Gly	94.4	high confidence set
Chromosome02	11	7976354	7976425	His	GTG	0	0	63.0	33.70	29.30	Inf	His	86.8	high confidence set
Chromosome02	12	8263428	8263501	Ile	AAT	0	0	81.8	58.30	23.50	Inf	Ile	106.8	high confidence set
Chromosome02	13	9340704	9340775	Gly	TCC	0	0	73.9	46.20	27.70	Inf	Gly	85.6	high confidence set
Chromosome02	14	9658351	9658424	Val	CAC	0	0	82.4	54.40	28.00	Inf	Val	103.7	high confidence set
Chromosome02	15	10302081	10302153	Ala	TGC	0	0	69.1	43.30	25.80	Inf	Ala	101.9	high confidence set
Chromosome02	16	10849681	10849752	Glu	TTC	0	0	72.0	47.50	24.50	Inf	Glu	101.6	high confidence set
Chromosome02	17	10948086	10948158	Ala	CGC	0	0	68.3	44.10	24.20	Inf	Ala	99.2	high confidence set
Chromosome02	19	12246098	12246170	Arg	ACG	0	0	72.0	49.70	22.30	Inf	Arg	93.9	high confidence set
Chromosome02	20	12324228	12324300	Arg	TCT	0	0	70.0	49.50	20.50	Inf	Arg	96.3	high confidence set
Chromosome02	21	12824507	12824578	Gln	TTG	0	0	74.2	54.70	19.50	Inf	Gln	105.6	high confidence set
Chromosome02	22	15109355	15109425	Gly	GCC	0	0	66.5	44.80	21.70	Inf	Gly	94.4	high confidence set
Chromosome02	24	23349134	23349206	Ala	AGC	0	0	63.4	38.20	25.20	Inf	Ala	98.3	high confidence set
Chromosome02	25	23376731	23376803	Ala	AGC	0	0	61.0	37.30	23.70	Inf	Ala	92.9	high confidence set
Chromosome02	26	37515934	37515853	Ser	AGA	0	0	76.3	41.60	34.70	Inf	Ser	112.1	high confidence set
Chromosome02	28	16238087	16238015	Arg	CCT	0	0	69.1	50.30	18.80	Inf	Arg	81.2	high confidence set
Chromosome02	29	16234180	16234108	Arg	CCT	0	0	69.1	50.30	18.80	Inf	Arg	81.2	high confidence set
Chromosome02	30	13657312	13657241	Gln	TTG	0	0	73.5	53.70	19.80	Inf	Gln	104.8	high confidence set
Chromosome02	31	12824357	12824273	Met	CAT	12824319	12824309	64.3	40.80	23.50	Inf	Met	104.0	high confidence set
Chromosome02	32	12321710	12321639	Trp	CCA	0	0	75.8	51.20	24.60	Inf	Trp	105.6	high confidence set
Chromosome02	33	11922057	11921985	Lys	CTT	0	0	86.8	66.60	20.20	Inf	Lys	107.7	high confidence set
Chromosome02	34	11036218	11036147	Gln	CTG	0	0	74.3	49.60	24.70	Inf	Gln	103.3	high confidence set
Chromosome02	35	11035492	11035420	Lys	CTT	0	0	87.7	67.60	20.10	Inf	Lys	106.7	high confidence set
Chromosome02	36	10855847	10855775	Arg	ACG	0	0	71.7	49.10	22.60	Inf	Arg	91.4	high confidence set
Chromosome02	37	10501622	10501549	Ile	AAT	0	0	84.9	58.30	26.60	Inf	Ile	109.3	high confidence set
Chromosome02	38	10426529	10426456	Ile	AAT	0	0	81.8	58.30	23.50	Inf	Ile	106.8	high confidence set
Chromosome02	39	10056068	10055996	Lys	TTT	0	0	89.7	65.30	24.40	Inf	Lys	92.7	high confidence set
Chromosome02	40	9973696	9973625	Gly	TCC	0	0	73.9	46.20	27.70	Inf	Gly	85.6	high confidence set
Chromosome02	41	9599938	9599857	Ser	AGA	0	0	77.1	42.80	34.30	Inf	Ser	110.5	high confidence set
Chromosome02	43	8977594	8977522	Lys	TTT	0	0	89.7	65.30	24.40	Inf	Lys	92.7	high confidence set
Chromosome02	44	8457637	8457566	Glu	TTC	0	0	72.0	47.50	24.50	Inf	Glu	101.6	high confidence set
Chromosome02	45	6557716	6557643	Ile	AAT	0	0	81.8	58.30	23.50	Inf	Ile	106.8	high confidence set
Chromosome02	46	5727764	5727683	Ser	AGA	0	0	77.1	42.80	34.30	Inf	Ser	110.5	high confidence set
Chromosome02	47	5726966	5726885	Ser	AGA	0	0	77.1	42.80	34.30	Inf	Ser	110.5	high confidence set
Chromosome02	48	3740160	3740089	Trp	CCA	0	0	75.8	51.20	24.60	Inf	Trp	105.6	high confidence set
Chromosome02	49	2195100	2195027	Val	AAC	0	0	72.9	48.60	24.30	Inf	Val	93.8	high confidence set
Chromosome02	50	2102525	2102442	Leu	CAA	0	0	81.0	54.60	26.40	Inf	Leu	125.6	high confidence set
Chromosome01	1	3957006	3957086	Leu	CAG	0	0	69.5	46.80	22.70	Inf	Leu	109.7	high confidence set
Chromosome01	2	5800044	5800116	Ala	TGC	0	0	59.8	38.00	21.80	Inf	Ala	92.7	high confidence set
Chromosome01	3	9851055	9851126	Gly	TCC	0	0	73.9	46.20	27.70	Inf	Gly	85.6	high confidence set
Chromosome01	4	12534879	12534949	Gly	CCC	0	0	66.3	29.50	36.80	Inf	Gly	89.7	high confidence set
Chromosome01	6	15266725	15266798	Trp	CCA	0	0	72.2	39.00	33.20	Inf	Thr	74.9	IPD:-14.30,isotype mismatch
Chromosome01	7	25674273	25674344	Asp	GTC	0	0	70.8	48.20	22.60	Inf	Asp	91.9	high confidence set
Chromosome01	8	25715986	25716057	Asp	GTC	0	0	70.4	47.40	23.00	Inf	Asp	94.4	high confidence set
Chromosome01	9	26319611	26319682	Cys	GCA	0	0	82.1	59.90	22.20	Inf	Cys	106.6	high confidence set
Chromosome01	10	26325272	26325343	Cys	GCA	0	0	82.1	59.90	22.20	Inf	Cys	106.6	high confidence set
Chromosome01	11	27187946	27188019	Val	AAC	0	0	72.9	48.60	24.30	Inf	Val	93.8	high confidence set
Chromosome01	12	27381905	27381977	Lys	CTT	0	0	86.8	66.60	20.20	Inf	Lys	107.7	high confidence set
Chromosome01	13	30165282	30165354	Ala	TGC	0	0	72.7	48.00	24.70	Inf	Ala	99.4	high confidence set
Chromosome01	14	30221447	30221519	Ala	TGC	0	0	69.9	46.80	23.10	Inf	Ala	98.3	high confidence set
Chromosome01	15	30537922	30538002	Leu	CAG	0	0	69.5	46.80	22.70	Inf	Leu	109.7	high confidence set
Chromosome01	16	31352896	31352969	Asn	GTT	0	0	83.6	58.40	25.20	Inf	Asn	94.4	high confidence set
Chromosome01	18	33116938	33117011	Ile	TAT	0	0	85.9	70.60	15.30	Inf	Ile	103.9	high confidence set
Chromosome01	19	33153936	33154007	His	GTG	0	0	63.2	34.00	29.20	Inf	His	86.3	high confidence set
Chromosome01	20	33323306	33323376	Gly	GCC	0	0	66.5	44.80	21.70	Inf	Gly	94.4	high confidence set
Chromosome01	21	33386304	33386376	Glu	CTC	0	0	80.8	55.10	25.70	Inf	Glu	102.7	high confidence set
Chromosome01	22	33461200	33461271	His	GTG	0	0	63.0	33.70	29.30	Inf	His	86.8	high confidence set
Chromosome01	23	33468434	33468505	His	GTG	0	0	63.0	33.70	29.30	Inf	His	86.8	high confidence set
Chromosome01	24	33476957	33477028	His	GTG	0	0	63.0	33.70	29.30	Inf	His	86.8	high confidence set
Chromosome01	25	33740349	33740422	Ile	AAT	0	0	81.8	58.30	23.50	Inf	Ile	106.8	high confidence set
Chromosome01	26	35095940	35096013	Val	CAC	0	0	66.5	54.30	12.20	Inf	Val	81.7	high confidence set
Chromosome01	27	35731403	35731475	Ala	TGC	0	0	65.6	39.80	25.80	Inf	Ala	97.7	high confidence set
Chromosome01	28	35940533	35940604	Glu	TTC	0	0	72.0	47.50	24.50	Inf	Glu	101.6	high confidence set
Chromosome01	29	37086911	37086984	Val	AAC	0	0	72.9	48.60	24.30	Inf	Val	93.8	high confidence set
Chromosome01	30	37091481	37091554	Val	AAC	0	0	72.9	48.60	24.30	Inf	Val	93.8	high confidence set
Chromosome01	31	38352330	38352401	Pro	TGG	0	0	67.4	34.70	32.70	Inf	Pro	112.3	high confidence set
Chromosome01	32	39963969	39964041	Lys	CTT	0	0	86.8	66.60	20.20	Inf	Lys	107.7	high confidence set
Chromosome01	33	40125801	40125872	Cys	GCA	0	0	82.1	59.90	22.20	Inf	Cys	106.6	high confidence set
Chromosome01	34	40452859	40452932	Val	AAC	0	0	72.9	48.60	24.30	Inf	Val	93.8	high confidence set
Chromosome01	36	40454225	40454298	Val	AAC	0	0	72.9	48.60	24.30	Inf	Val	93.8	high confidence set
Chromosome01	37	41484397	41484470	Val	CAC	0	0	82.4	54.40	28.00	Inf	Val	103.7	high confidence set
Chromosome01	38	41667466	41667536	Gly	GCC	0	0	66.5	44.80	21.70	Inf	Gly	94.4	high confidence set
Chromosome01	39	41782559	41782640	Ser	TGA	0	0	80.7	46.10	34.60	Inf	Ser	119.7	high confidence set
Chromosome01	40	41798370	41798450	Leu	AAG	0	0	74.0	52.20	21.80	Inf	Leu	110.4	high confidence set
Chromosome01	41	42181552	42181624	Glu	CTC	0	0	79.9	54.20	25.70	Inf	Glu	102.7	high confidence set
Chromosome01	42	42659051	42659122	Trp	CCA	0	0	75.8	51.20	24.60	Inf	Trp	105.6	high confidence set
Chromosome01	43	42292563	42292492	His	GTG	0	0	63.0	33.70	29.30	Inf	His	86.8	high confidence set
Chromosome01	44	41758815	41758743	Glu	CTC	0	0	51.6	35.50	16.10	Inf	Glu	72.5	high confidence set
Chromosome01	45	41554617	41554544	Val	CAC	0	0	82.4	54.40	28.00	Inf	Val	103.7	high confidence set
Chromosome01	46	41275490	41275405	Tyr	GTA	41275453	41275441	70.0	38.50	31.50	Inf	Tyr	108.3	high confidence set
Chromosome01	47	41032136	41032064	Ala	AGC	0	0	63.4	38.20	25.20	Inf	Ala	98.3	high confidence set
Chromosome01	48	38544372	38544302	Gly	CCC	0	0	66.3	29.50	36.80	Inf	Gly	89.7	high confidence set
Chromosome01	49	38474851	38474779	Arg	ACG	0	0	71.7	49.10	22.60	Inf	Arg	91.4	high confidence set
Chromosome01	50	38355148	38355057	Tyr	GTA	38355111	38355093	74.2	42.70	31.50	Inf	Tyr	111.8	high confidence set
Chromosome01	51	38352704	38352633	Pro	AGG	0	0	67.4	34.70	32.70	Inf	Pro	112.3	high confidence set
Chromosome01	52	37307509	37307439	Gly	GCC	0	0	66.5	44.80	21.70	Inf	Gly	94.4	high confidence set
Chromosome01	53	36750538	36750468	Gly	GCC	0	0	66.5	44.80	21.70	Inf	Gly	94.4	high confidence set
Chromosome01	54	36657487	36657415	Ala	AGC	0	0	63.4	38.20	25.20	Inf	Ala	98.3	high confidence set
Chromosome01	55	36623247	36623175	Ala	AGC	0	0	63.4	38.70	24.70	Inf	Ala	96.4	high confidence set
Chromosome01	56	35958086	35958014	Arg	ACG	0	0	67.1	47.60	19.50	Inf	Arg	83.6	high confidence set
Chromosome01	57	35467299	35467227	Lys	TTT	0	0	89.7	65.30	24.40	Inf	Lys	92.7	high confidence set
Chromosome01	58	35409835	35409764	Gly	TCC	0	0	71.0	46.70	24.30	Inf	Gly	82.3	high confidence set
Chromosome01	59	35084399	35084327	Val	TAC	0	0	77.8	43.10	34.70	Inf	Val	106.5	high confidence set
Chromosome01	60	35058701	35058620	Ser	AGA	0	0	77.1	42.80	34.30	Inf	Ser	110.5	high confidence set
Chromosome01	61	33882082	33882011	Glu	TTC	0	0	72.0	47.50	24.50	Inf	Glu	101.6	high confidence set
Chromosome01	62	33323513	33323442	Pro	CGG	0	0	68.5	36.10	32.40	Inf	Pro	108.5	high confidence set
Chromosome01	64	32774654	32774583	Glu	TTC	0	0	72.0	47.50	24.50	Inf	Glu	101.6	high confidence set
Chromosome01	65	30272729	30272656	Ile	AAT	0	0	81.8	58.30	23.50	Inf	Ile	106.8	high confidence set
Chromosome01	66	30262232	30262161	Asp	GTC	0	0	67.0	47.30	19.70	Inf	Asp	96.4	high confidence set
Chromosome01	67	29601307	29601236	Thr	CGT	0	0	80.5	54.30	26.20	Inf	Thr	87.3	high confidence set
Chromosome01	68	26239462	26239379	Leu	CAA	0	0	77.7	54.90	22.80	Inf	Leu	123.7	high confidence set
Chromosome01	69	25812302	25812231	Cys	GCA	0	0	82.1	59.90	22.20	Inf	Cys	106.6	high confidence set
Chromosome01	70	25799092	25799021	Cys	GCA	0	0	82.1	59.90	22.20	Inf	Cys	106.6	high confidence set
Chromosome01	71	25441897	25441826	Thr	TGT	0	0	84.4	57.10	27.30	Inf	Thr	93.4	high confidence set
Chromosome01	73	9961833	9961750	Leu	CAA	0	0	81.0	54.60	26.40	Inf	Leu	125.6	high confidence set
Chromosome01	74	7035100	7035030	Gly	CCC	0	0	66.3	29.50	36.80	Inf	Gly	89.7	high confidence set
Chromosome01	75	6146568	6146497	Asn	GTT	0	0	76.1	53.10	23.00	Inf	Asn	83.1	high confidence set
Chromosome01	76	5232077	5232005	Val	TAC	0	0	75.6	41.50	34.10	Inf	Val	96.8	high confidence set
Chromosome01	77	5225864	5225792	Val	TAC	0	0	75.7	40.60	35.10	Inf	Val	100.2	high confidence set
Chromosome01	78	5224249	5224177	Val	TAC	0	0	72.6	40.60	32.00	Inf	Val	95.7	high confidence set
Chromosome01	79	5209415	5209343	Val	TAC	0	0	67.9	41.20	26.70	Inf	Val	94.7	high confidence set
Chromosome01	80	5209232	5209160	Val	TAC	0	0	71.5	39.40	32.10	Inf	Val	98.2	high confidence set
Chromosome01	81	5209063	5208991	Val	TAC	0	0	66.1	37.80	28.30	Inf	Val	90.0	high confidence set
Chromosome01	82	5208881	5208809	Val	TAC	0	0	67.9	41.20	26.70	Inf	Val	94.7	high confidence set
Chromosome01	83	5208731	5208659	Val	TAC	0	0	69.4	41.20	28.20	Inf	Val	99.1	high confidence set
Chromosome01	84	5006452	5006379	Ile	AAT	0	0	81.8	58.30	23.50	Inf	Ile	106.8	high confidence set
Chromosome03	1	431206	431279	Asn	GTT	0	0	85.1	60.00	25.10	Inf	Asn	91.9	high confidence set
Chromosome03	2	1289494	1289566	Arg	CCG	0	0	67.8	49.10	18.70	Inf	Arg	93.5	high confidence set
Chromosome03	3	1354029	1354101	Arg	CCT	0	0	72.6	51.90	20.70	Inf	Arg	83.4	high confidence set
Chromosome03	4	2902809	2902882	Val	CAC	0	0	82.4	54.40	28.00	Inf	Val	103.7	high confidence set
Chromosome03	5	3789435	3789507	Ala	TGC	0	0	65.5	40.20	25.30	Inf	Ala	97.8	high confidence set
Chromosome03	6	5033937	5034009	Glu	CTC	0	0	65.6	45.10	20.50	Inf	Glu	80.9	high confidence set
Chromosome03	7	12846519	12846602	Leu	CAA	0	0	77.7	54.90	22.80	Inf	Leu	123.7	high confidence set
Chromosome03	8	12860433	12860516	Leu	CAA	0	0	79.5	54.50	25.00	Inf	Leu	126.8	high confidence set
Chromosome03	9	18867991	18868062	Gly	TCC	0	0	73.9	46.20	27.70	Inf	Gly	85.6	high confidence set
Chromosome03	10	18875263	18875334	Gly	TCC	0	0	73.9	46.20	27.70	Inf	Gly	85.6	high confidence set
Chromosome03	11	18901529	18901600	Gly	TCC	0	0	73.9	46.20	27.70	Inf	Gly	85.6	high confidence set
Chromosome03	12	18903751	18903822	Gly	TCC	0	0	73.9	46.20	27.70	Inf	Gly	85.6	high confidence set
Chromosome03	13	21736390	21736469	Leu	TAG	0	0	69.5	48.50	21.00	Inf	Leu	111.5	high confidence set
Chromosome03	14	21738380	21738459	Gln	CTG	0	0	61.2	46.50	14.70	Inf	Leu	102.2	IPD:-80.70,isotype mismatch
Chromosome03	15	21749618	21749697	Leu	TAG	0	0	69.5	48.50	21.00	Inf	Leu	111.5	high confidence set
Chromosome03	16	26035276	26035359	Leu	CAA	0	0	77.9	54.30	23.60	Inf	Leu	125.0	high confidence set
Chromosome03	17	26075600	26075672	Phe	GAA	0	0	78.3	58.40	19.90	Inf	Phe	113.2	high confidence set
Chromosome03	18	28044192	28044263	Thr	TGT	0	0	84.3	58.00	26.30	Inf	Thr	93.3	high confidence set
Chromosome03	19	28870173	28870244	iMet	CAT	0	0	58.3	28.10	30.20	Inf	iMet	118.7	high confidence set
Chromosome03	20	30005775	30005847	Arg	TCT	0	0	70.3	50.00	20.30	Inf	Arg	98.1	high confidence set
Chromosome03	21	31683319	31683392	Thr	AGT	0	0	70.2	46.10	24.10	Inf	Thr	83.6	high confidence set
Chromosome03	22	31203366	31203296	Gly	CCC	0	0	56.5	19.10	37.40	Inf	Gly	77.3	high confidence set
Chromosome03	23	30562555	30562483	Glu	CTC	0	0	80.8	55.10	25.70	Inf	Glu	102.7	high confidence set
Chromosome03	24	29735766	29735695	Glu	TTC	0	0	72.0	47.50	24.50	Inf	Glu	101.6	high confidence set
Chromosome03	25	28493480	28493408	Lys	CTT	0	0	86.8	66.60	20.20	Inf	Lys	107.7	high confidence set
Chromosome03	26	28493337	28493265	Lys	CTT	0	0	86.8	66.60	20.20	Inf	Lys	107.7	high confidence set
Chromosome03	27	28082933	28082862	Asp	GTC	0	0	69.8	46.80	23.00	Inf	Asp	95.8	high confidence set
Chromosome03	28	27498151	27498070	Ser	GCT	0	0	80.5	45.20	35.30	Inf	Ser	109.5	high confidence set
Chromosome03	29	26312598	26312526	Ala	AGC	0	0	63.4	38.20	25.20	Inf	Ala	98.3	high confidence set
Chromosome03	30	25802552	25802480	Phe	GAA	0	0	78.3	58.40	19.90	Inf	Phe	113.2	high confidence set
Chromosome03	31	25801306	25801234	Phe	GAA	0	0	76.1	54.40	21.70	Inf	Phe	115.3	high confidence set
Chromosome03	32	25498235	25498164	iMet	CAT	0	0	57.5	26.90	30.60	Inf	iMet	115.2	high confidence set
Chromosome03	33	25173171	25173101	Gly	GCC	0	0	66.5	44.80	21.70	Inf	Gly	94.4	high confidence set
Chromosome03	34	24318789	24318708	Ser	AGA	0	0	76.3	41.60	34.70	Inf	Ser	112.1	high confidence set
Chromosome03	35	24250113	24250041	Glu	CTC	0	0	80.8	55.10	25.70	Inf	Glu	102.7	high confidence set
Chromosome03	36	24070879	24070808	Gln	CTG	0	0	75.3	51.20	24.10	Inf	Gln	106.0	high confidence set
Chromosome03	37	22724000	22723927	Ile	TAT	0	0	85.9	70.60	15.30	Inf	Ile	103.9	high confidence set
Chromosome03	38	21736239	21736160	Leu	TAG	0	0	69.5	48.50	21.00	Inf	Leu	111.5	high confidence set
Chromosome03	39	19783048	19782976	Ala	AGC	0	0	56.9	34.80	22.10	Inf	Ala	97.8	high confidence set
Chromosome03	40	19738131	19738059	Ala	AGC	0	0	59.0	34.10	24.90	Inf	Ala	97.3	high confidence set
Chromosome03	43	4887786	4887715	Asp	GTC	0	0	70.4	47.40	23.00	Inf	Asp	94.4	high confidence set
Chromosome03	44	3604587	3604506	Ser	GCT	0	0	80.5	45.20	35.30	Inf	Ser	109.5	high confidence set
Chromosome03	45	1371062	1370991	Gly	TCC	0	0	73.9	46.20	27.70	Inf	Gly	85.6	high confidence set
Chromosome03	46	1247858	1247786	Arg	CCG	0	0	67.8	49.10	18.70	Inf	Arg	93.5	high confidence set
Chromosome05	1	846263	846335	Phe	GAA	0	0	78.3	58.40	19.90	Inf	Phe	113.2	high confidence set
Chromosome05	2	1228337	1228409	Lys	CTT	0	0	87.7	67.60	20.10	Inf	Lys	106.7	high confidence set
Chromosome05	3	1561378	1561449	Cys	GCA	0	0	82.1	59.90	22.20	Inf	Cys	106.6	high confidence set
Chromosome05	4	1898418	1898488	Gly	CCC	0	0	65.4	28.10	37.30	Inf	Gly	85.4	high confidence set
Chromosome05	5	2971791	2971864	Val	CAC	0	0	82.4	54.40	28.00	Inf	Val	103.7	high confidence set
Chromosome05	6	2971976	2972049	Val	CAC	0	0	82.4	54.40	28.00	Inf	Val	103.7	high confidence set
Chromosome05	7	2972168	2972241	Val	CAC	0	0	82.4	54.40	28.00	Inf	Val	103.7	high confidence set
Chromosome05	8	3274153	3274234	Ser	TGA	0	0	80.7	46.10	34.60	Inf	Ser	119.7	high confidence set
Chromosome05	9	3300521	3300601	Leu	AAG	0	0	74.0	52.20	21.80	Inf	Leu	110.4	high confidence set
Chromosome05	10	3777561	3777633	Lys	CTT	0	0	86.8	66.60	20.20	Inf	Lys	107.7	high confidence set
Chromosome05	11	3937444	3937516	Glu	CTC	0	0	79.9	54.20	25.70	Inf	Glu	102.7	high confidence set
Chromosome05	12	5545176	5545248	Arg	ACG	0	0	71.7	49.10	22.60	Inf	Arg	91.4	high confidence set
Chromosome05	13	5672661	5672732	Pro	TGG	0	0	68.5	35.70	32.80	Inf	Pro	111.2	high confidence set
Chromosome05	14	5672852	5672923	Pro	TGG	0	0	68.5	35.70	32.80	Inf	Pro	111.2	high confidence set
Chromosome05	15	5673039	5673110	Pro	TGG	0	0	68.5	35.70	32.80	Inf	Pro	111.2	high confidence set
Chromosome05	16	5777946	5778018	Ala	TGC	0	0	69.1	43.30	25.80	Inf	Ala	101.9	high confidence set
Chromosome05	17	5778982	5779054	Ala	TGC	0	0	63.4	37.70	25.70	Inf	Ala	96.9	high confidence set
Chromosome05	18	7857672	7857745	Asn	GTT	0	0	84.5	59.40	25.10	Inf	Asn	95.9	high confidence set
Chromosome05	19	8705685	8705755	Gly	GCC	0	0	66.5	44.80	21.70	Inf	Gly	94.4	high confidence set
Chromosome05	20	9340281	9340353	Ala	AGC	0	0	61.0	39.20	21.80	Inf	Ala	96.2	high confidence set
Chromosome05	21	9623964	9624036	Lys	TTT	0	0	89.7	65.30	24.40	Inf	Lys	92.7	high confidence set
Chromosome05	22	11675664	11675736	Val	TAC	0	0	76.7	41.70	35.00	Inf	Val	103.0	high confidence set
Chromosome05	23	13012302	13012373	Asp	GTC	0	0	57.3	36.60	20.70	Inf	Asp	82.9	high confidence set
Chromosome05	24	15395177	15395257	Leu	CAG	0	0	69.5	46.80	22.70	Inf	Leu	109.7	high confidence set
Chromosome05	25	22797768	22797839	Trp	CCA	0	0	75.8	51.20	24.60	Inf	Trp	105.6	high confidence set
Chromosome05	26	23610158	23610237	Leu	TAG	0	0	69.5	48.50	21.00	Inf	Leu	111.5	high confidence set
Chromosome05	27	24483249	24483320	iMet	CAT	0	0	58.3	28.10	30.20	Inf	iMet	118.7	high confidence set
Chromosome05	28	24815676	24815759	Leu	CAA	0	0	81.0	54.60	26.40	Inf	Leu	125.6	high confidence set
Chromosome05	29	24819772	24819855	Leu	CAA	0	0	81.0	54.60	26.40	Inf	Leu	125.6	high confidence set
Chromosome05	30	24823002	24823085	Leu	CAA	0	0	81.0	54.60	26.40	Inf	Leu	125.6	high confidence set
Chromosome05	31	24823186	24823269	Leu	CAA	0	0	81.0	54.60	26.40	Inf	Leu	125.6	high confidence set
Chromosome05	32	26258327	26258399	Glu	CTC	0	0	80.6	54.70	25.90	Inf	Glu	103.3	high confidence set
Chromosome05	33	26616209	26616292	Leu	CAA	0	0	79.5	54.50	25.00	Inf	Leu	126.8	high confidence set
Chromosome05	34	26622266	26622349	Leu	CAA	0	0	76.7	54.50	22.20	Inf	Leu	123.1	high confidence set
Chromosome05	35	27613229	27613302	Thr	AGT	0	0	75.3	47.40	27.90	Inf	Thr	89.8	high confidence set
Chromosome05	36	28868232	28868318	Tyr	GTA	28868269	28868282	74.4	43.00	31.40	Inf	Tyr	111.8	high confidence set
Chromosome05	37	30848679	30848751	Ala	AGC	0	0	63.4	38.20	25.20	Inf	Ala	98.3	high confidence set
Chromosome05	38	32465838	32465910	Ala	TGC	0	0	61.2	35.70	25.50	Inf	Ala	96.7	high confidence set
Chromosome05	39	32195449	32195378	Glu	TTC	0	0	72.0	47.50	24.50	Inf	Glu	101.6	high confidence set
Chromosome05	40	31345732	31345661	Glu	TTC	0	0	72.0	47.50	24.50	Inf	Glu	101.6	high confidence set
Chromosome05	41	30043018	30042947	Pro	TGG	0	0	68.5	35.70	32.80	Inf	Pro	111.2	high confidence set
Chromosome05	42	28836187	28836115	Arg	CCT	0	0	69.1	50.30	18.80	Inf	Arg	81.2	high confidence set
Chromosome05	43	28482760	28482688	Phe	GAA	0	0	78.3	58.40	19.90	Inf	Phe	113.2	high confidence set
Chromosome05	44	28478942	28478870	Phe	GAA	0	0	78.3	58.40	19.90	Inf	Phe	113.2	high confidence set
Chromosome05	45	28436315	28436242	Thr	AGT	0	0	75.0	46.80	28.20	Inf	Thr	89.8	high confidence set
Chromosome05	46	27561636	27561565	Asp	GTC	0	0	69.8	46.80	23.00	Inf	Asp	94.5	high confidence set
Chromosome05	48	26265145	26265073	Glu	CTC	0	0	80.8	55.10	25.70	Inf	Glu	102.7	high confidence set
Chromosome05	49	11317190	11317117	Ile	AAT	0	0	82.4	58.90	23.50	Inf	Ile	107.0	high confidence set
Chromosome05	50	11044045	11043974	Thr	CGT	0	0	74.7	48.20	26.50	Inf	Thr	84.1	high confidence set
Chromosome05	51	10956459	10956386	Asn	GTT	0	0	84.5	59.40	25.10	Inf	Asn	95.9	high confidence set
Chromosome05	52	10951861	10951788	Asn	GTT	0	0	84.5	59.40	25.10	Inf	Asn	95.9	high confidence set
Chromosome05	53	10917725	10917652	Asn	GTT	0	0	84.5	59.40	25.10	Inf	Asn	95.9	high confidence set
Chromosome05	55	10895507	10895434	Asn	GTT	0	0	84.5	59.40	25.10	Inf	Asn	95.9	high confidence set
Chromosome05	56	10895051	10894978	Asn	GTT	0	0	84.5	59.40	25.10	Inf	Asn	95.9	high confidence set
Chromosome05	57	10771852	10771780	Ala	TGC	0	0	69.1	43.70	25.40	Inf	Ala	100.1	high confidence set
Chromosome05	58	9312706	9312634	Ala	AGC	0	0	63.4	38.20	25.20	Inf	Ala	98.3	high confidence set
Chromosome05	59	9308401	9308329	Ala	AGC	0	0	63.4	38.20	25.20	Inf	Ala	98.3	high confidence set
Chromosome05	60	8277881	8277808	Val	AAC	0	0	63.9	47.80	16.10	Inf	Val	83.0	high confidence set
Chromosome05	61	8277685	8277612	Val	AAC	0	0	72.9	48.60	24.30	Inf	Val	93.8	high confidence set
Chromosome05	62	5880344	5880263	Ser	TGA	0	0	80.7	46.10	34.60	Inf	Ser	119.7	high confidence set
Chromosome05	63	5061545	5061464	Ser	GCT	0	0	80.5	45.20	35.30	Inf	Ser	109.5	high confidence set
Chromosome05	64	4763407	4763336	Trp	CCA	0	0	75.8	51.20	24.60	Inf	Trp	105.6	high confidence set
Chromosome05	65	3659978	3659906	Glu	CTC	0	0	80.8	55.10	25.70	Inf	Glu	102.7	high confidence set
Chromosome05	66	2771126	2771039	Tyr	GTA	2771089	2771075	74.4	42.90	31.50	Inf	Tyr	111.8	high confidence set
Chromosome05	67	2449913	2449841	Ala	AGC	0	0	63.4	38.20	25.20	Inf	Ala	98.3	high confidence set
Chromosome05	68	2039585	2039513	Ala	CGC	0	0	68.3	44.10	24.20	Inf	Ala	99.2	high confidence set
Chromosome05	69	306800	306729	His	GTG	0	0	63.3	34.30	29.00	Inf	His	87.4	high confidence set
Chromosome06	1	1372716	1372789	Asn	GTT	0	0	84.5	59.40	25.10	Inf	Asn	95.9	high confidence set
Chromosome06	2	1581437	1581508	Trp	CCA	0	0	75.8	51.20	24.60	Inf	Trp	105.6	high confidence set
Chromosome06	3	3442098	3442169	Lys	TTT	0	0	84.6	59.50	25.10	Inf	Thr	82.0	IPD:-0.10,isotype mismatch
Chromosome06	4	5180083	5180154	Lys	TTT	0	0	81.7	56.60	25.10	Inf	Lys	81.9	high confidence set
Chromosome06	5	5586522	5586595	Asn	GTT	0	0	84.5	59.40	25.10	Inf	Asn	95.9	high confidence set
Chromosome06	6	8768323	8768395	Phe	GAA	0	0	78.3	58.40	19.90	Inf	Phe	108.0	high confidence set
Chromosome06	7	8769510	8769582	Phe	GAA	0	0	78.3	58.40	19.90	Inf	Phe	113.2	high confidence set
Chromosome06	8	14125596	14125667	Glu	TTC	0	0	72.0	47.50	24.50	Inf	Glu	101.6	high confidence set
Chromosome06	9	14133046	14133117	Glu	TTC	0	0	72.0	47.50	24.50	Inf	Glu	101.6	high confidence set
Chromosome06	10	14380673	14380746	Arg	TCG	0	0	82.3	61.00	21.30	Inf	Arg	91.9	high confidence set
Chromosome06	11	19553804	19553876	Arg	TCT	0	0	69.6	49.30	20.30	Inf	Arg	101.1	high confidence set
Chromosome06	12	20854720	20854800	Leu	AAG	0	0	74.0	52.20	21.80	Inf	Leu	110.4	high confidence set
Chromosome06	13	20871314	20871387	Ile	AAT	0	0	81.8	58.30	23.50	Inf	Ile	106.8	high confidence set
Chromosome06	14	21336864	21336935	His	GTG	0	0	63.3	34.30	29.00	Inf	His	91.7	high confidence set
Chromosome06	15	21877380	21877451	Thr	CGT	0	0	82.2	57.60	24.60	Inf	Thr	90.2	high confidence set
Chromosome06	16	21877539	21877610	Thr	CGT	0	0	74.3	52.40	21.90	Inf	Thr	85.3	high confidence set
Chromosome06	17	23688347	23688426	Leu	TAG	0	0	69.5	48.50	21.00	Inf	Leu	111.5	high confidence set
Chromosome06	18	24362470	24362541	Thr	TGT	0	0	84.5	58.50	26.00	Inf	Thr	95.0	high confidence set
Chromosome06	19	24743492	24743564	Ala	TGC	0	0	69.1	43.30	25.80	Inf	Ala	101.9	high confidence set
Chromosome06	20	25379279	25379350	Gln	TTG	0	0	73.5	53.70	19.80	Inf	Gln	104.8	high confidence set
Chromosome06	21	25751547	25751628	Ser	AGA	0	0	76.3	41.60	34.70	Inf	Ser	112.1	high confidence set
Chromosome06	22	27343429	27343500	Asp	GTC	0	0	70.4	47.40	23.00	Inf	Asp	94.4	high confidence set
Chromosome06	23	29131780	29131861	Ser	GCT	0	0	80.5	45.20	35.30	Inf	Ser	109.5	high confidence set
Chromosome06	24	29912225	29912297	Arg	CCG	0	0	65.5	47.30	18.20	Inf	Arg	91.7	high confidence set
Chromosome06	26	28239958	28239887	iMet	CAT	0	0	57.5	27.40	30.10	Inf	iMet	120.7	high confidence set
Chromosome06	27	27397422	27397351	Cys	GCA	0	0	82.1	59.90	22.20	Inf	Cys	106.6	high confidence set
Chromosome06	28	25755322	25755252	Gly	CCC	0	0	66.3	29.50	36.80	Inf	Gly	89.7	high confidence set
Chromosome06	30	23819674	23819603	Pro	TGG	0	0	61.8	31.00	30.80	Inf	Pro	103.3	high confidence set
Chromosome06	31	23071149	23071077	Ala	AGC	0	0	63.4	38.20	25.20	Inf	Ala	98.3	high confidence set
Chromosome06	32	22831575	22831495	Leu	CAG	0	0	69.5	46.80	22.70	Inf	Leu	109.7	high confidence set
Chromosome06	33	22815881	22815801	Leu	CAG	0	0	69.5	46.80	22.70	Inf	Leu	109.7	high confidence set
Chromosome06	34	19561384	19561312	Glu	CTC	0	0	80.6	54.70	25.90	Inf	Glu	103.3	high confidence set
Chromosome06	35	14073696	14073625	Glu	TTC	0	0	72.0	47.50	24.50	Inf	Glu	101.6	high confidence set
Chromosome06	36	14010750	14010679	Glu	TTC	0	0	72.0	47.50	24.50	Inf	Glu	101.6	high confidence set
Chromosome06	37	13984348	13984277	Glu	TTC	0	0	72.0	47.50	24.50	Inf	Glu	101.6	high confidence set
Chromosome06	38	3330796	3330725	Lys	TTT	0	0	89.9	64.90	25.00	Inf	Lys	88.8	high confidence set
Chromosome06	39	3328794	3328723	Lys	TTT	0	0	89.9	64.90	25.00	Inf	Lys	88.8	high confidence set
Chromosome06	40	2735747	2735675	Ala	TGC	0	0	69.1	43.30	25.80	Inf	Ala	101.9	high confidence set
Chromosome06	41	2257422	2257351	Asp	GTC	0	0	70.6	47.70	22.90	Inf	Asp	93.4	high confidence set
Chromosome06	42	2256154	2256083	Asp	GTC	0	0	70.6	47.70	22.90	Inf	Asp	93.4	high confidence set
Chromosome06	43	2255362	2255291	Asp	GTC	0	0	68.0	45.30	22.70	Inf	Asp	90.5	high confidence set
Chromosome06	44	2251390	2251319	Asp	GTC	0	0	69.8	46.80	23.00	Inf	Asp	95.8	high confidence set
Chromosome06	45	2246042	2245971	Asp	GTC	0	0	69.8	46.80	23.00	Inf	Asp	95.8	high confidence set
Chromosome06	46	2242656	2242585	Asp	GTC	0	0	69.8	46.80	23.00	Inf	Asp	95.8	high confidence set
Chromosome06	47	2223962	2223891	Asp	GTC	0	0	70.4	47.40	23.00	Inf	Asp	94.4	high confidence set
Chromosome06	48	2161262	2161179	Leu	CAA	0	0	81.0	54.60	26.40	Inf	Leu	125.6	high confidence set
Chromosome06	49	1579717	1579646	Trp	CCA	0	0	75.8	51.20	24.60	Inf	Trp	105.6	high confidence set
Chromosome06	50	1578056	1577985	Trp	CCA	0	0	75.8	51.20	24.60	Inf	Trp	105.6	high confidence set
Chromosome06	51	1400055	1399982	Asn	GTT	0	0	84.5	59.40	25.10	Inf	Asn	95.9	high confidence set
Chromosome06	52	1398419	1398346	Asn	GTT	0	0	74.6	56.10	18.50	Inf	Asn	88.9	high confidence set
Chromosome07	1	1613400	1613471	iMet	CAT	0	0	57.5	27.40	30.10	Inf	iMet	120.7	high confidence set
Chromosome07	2	1613831	1613902	iMet	CAT	0	0	57.5	27.40	30.10	Inf	iMet	120.7	high confidence set
Chromosome07	3	2254254	2254327	Arg	TCG	0	0	81.9	60.40	21.50	Inf	Arg	92.9	high confidence set
Chromosome07	5	5726440	5726513	Val	AAC	0	0	72.9	48.60	24.30	Inf	Val	93.8	high confidence set
Chromosome07	6	5732240	5732313	Val	AAC	0	0	72.9	48.60	24.30	Inf	Val	93.8	high confidence set
Chromosome07	7	5736897	5736970	Val	AAC	0	0	59.1	45.00	14.10	Inf	Val	75.4	high confidence set
Chromosome07	8	19356802	19356874	Arg	TCT	0	0	69.6	49.30	20.30	Inf	Arg	101.1	high confidence set
Chromosome07	9	26302567	26302638	Thr	TGT	0	0	78.0	47.70	30.30	Inf	Thr	89.7	high confidence set
Chromosome07	10	28513843	28513916	Arg	TCG	0	0	83.5	62.30	21.20	Inf	Arg	90.9	high confidence set
Chromosome07	11	29372706	29372779	Ile	AAT	0	0	81.8	58.30	23.50	Inf	Ile	106.8	high confidence set
Chromosome07	12	29373225	29373298	Ile	AAT	0	0	81.8	58.30	23.50	Inf	Ile	106.8	high confidence set
Chromosome07	13	30896057	30896128	Pro	AGG	0	0	67.4	34.70	32.70	Inf	Pro	112.3	high confidence set
Chromosome07	14	31928472	31928543	His	GTG	0	0	63.0	33.70	29.30	Inf	His	87.1	high confidence set
Chromosome07	15	32154572	32154644	Lys	CTT	0	0	86.8	66.60	20.20	Inf	Lys	107.7	high confidence set
Chromosome07	16	32251964	32252036	Lys	TTT	0	0	89.6	66.00	23.60	Inf	Lys	96.4	high confidence set
Chromosome07	17	32252168	32252240	Lys	TTT	0	0	90.5	66.90	23.60	Inf	Lys	95.4	high confidence set
Chromosome07	18	32252372	32252444	Lys	TTT	0	0	90.5	66.90	23.60	Inf	Lys	95.4	high confidence set
Chromosome07	19	32252575	32252647	Lys	TTT	0	0	90.5	66.90	23.60	Inf	Lys	95.4	high confidence set
Chromosome07	20	32252728	32252800	Lys	TTT	0	0	82.9	66.20	16.70	Inf	Lys	88.2	high confidence set
Chromosome07	22	32647846	32647917	Pro	AGG	0	0	67.4	34.70	32.70	Inf	Pro	112.3	high confidence set
Chromosome07	24	33557700	33557628	Lys	CTT	0	0	85.7	65.60	20.10	Inf	Lys	106.7	high confidence set
Chromosome07	25	32634390	32634318	Ala	TGC	0	0	69.1	43.30	25.80	Inf	Ala	101.9	high confidence set
Chromosome07	26	32633541	32633469	Ala	TGC	0	0	69.1	43.70	25.40	Inf	Ala	100.1	high confidence set
Chromosome07	27	32633379	32633307	Ala	TGC	0	0	69.1	43.30	25.80	Inf	Ala	101.9	high confidence set
Chromosome07	28	32566677	32566604	Val	CAC	0	0	82.4	54.40	28.00	Inf	Val	103.7	high confidence set
Chromosome07	30	32543025	32542952	Val	CAC	0	0	82.4	54.40	28.00	Inf	Val	103.7	high confidence set
Chromosome07	31	31984047	31983974	Asn	GTT	0	0	80.8	55.30	25.50	Inf	Asn	92.7	high confidence set
Chromosome07	32	31975902	31975829	Asn	GTT	0	0	81.7	56.30	25.40	Inf	Asn	94.2	high confidence set
Chromosome07	33	31849318	31849245	Thr	AGT	0	0	75.0	46.80	28.20	Inf	Thr	89.8	high confidence set
Chromosome07	34	31849123	31849050	Thr	AGT	0	0	75.0	46.80	28.20	Inf	Thr	89.8	high confidence set
Chromosome07	35	30880674	30880603	Pro	AGG	0	0	67.4	34.70	32.70	Inf	Pro	112.3	high confidence set
Chromosome07	36	29631476	29631393	Tyr	GTA	29631439	29631429	74.5	43.00	31.50	Inf	Tyr	111.8	high confidence set
Chromosome07	37	29564010	29563927	Tyr	GTA	29563973	29563963	74.5	43.20	31.30	Inf	Tyr	111.8	high confidence set
Chromosome07	38	29476420	29476348	Lys	TTT	0	0	80.3	65.10	15.20	Inf	Lys	85.2	high confidence set
Chromosome07	41	23067156	23067072	Met	CAT	23067118	23067108	64.3	40.80	23.50	Inf	Met	104.0	high confidence set
Chromosome07	42	7375487	7375415	Ala	AGC	0	0	63.4	38.20	25.20	Inf	Ala	98.3	high confidence set
Chromosome07	43	7373219	7373147	Glu	CTC	0	0	80.8	55.10	25.70	Inf	Glu	102.7	high confidence set
Chromosome07	44	6940980	6940908	Ala	AGC	0	0	63.4	38.20	25.20	Inf	Ala	98.3	high confidence set
Chromosome07	45	6940221	6940149	Glu	CTC	0	0	80.8	55.10	25.70	Inf	Glu	102.7	high confidence set
Chromosome07	46	6938508	6938436	Ala	AGC	0	0	63.4	38.20	25.20	Inf	Ala	98.3	high confidence set
Chromosome07	47	6936103	6936031	Ala	AGC	0	0	63.4	38.20	25.20	Inf	Ala	98.3	high confidence set
Chromosome07	48	6934408	6934336	Glu	CTC	0	0	80.8	55.10	25.70	Inf	Glu	102.7	high confidence set
Chromosome07	49	6931897	6931825	Ala	AGC	0	0	63.4	38.20	25.20	Inf	Ala	98.3	high confidence set
Chromosome07	50	6930448	6930376	Glu	CTC	0	0	80.8	55.10	25.70	Inf	Glu	102.7	high confidence set
Chromosome07	51	6839770	6839699	Pro	TGG	0	0	68.5	35.70	32.80	Inf	Pro	111.2	high confidence set
Chromosome07	52	6839155	6839084	Pro	TGG	0	0	68.5	35.70	32.80	Inf	Pro	111.2	high confidence set
Chromosome07	53	6838432	6838361	Pro	AGG	0	0	62.9	30.20	32.70	Inf	Pro	106.4	high confidence set
Chromosome07	54	6837693	6837622	Pro	AGG	0	0	67.4	34.70	32.70	Inf	Pro	112.3	high confidence set
Chromosome07	55	6830570	6830499	Pro	AGG	0	0	67.4	34.70	32.70	Inf	Pro	112.3	high confidence set
Chromosome07	56	6829835	6829764	Pro	AGG	0	0	67.4	34.70	32.70	Inf	Pro	112.3	high confidence set
Chromosome07	58	4982830	4982748	Leu	TAA	0	0	71.3	32.10	39.20	Inf	Leu	89.8	high confidence set
Chromosome07	59	3598671	3598586	Met	CAT	3598633	3598622	64.2	40.70	23.50	Inf	Met	104.0	high confidence set
Chromosome07	60	3286659	3286586	Val	AAC	0	0	72.9	48.60	24.30	Inf	Val	93.8	high confidence set
Chromosome07	61	3283986	3283913	Val	AAC	0	0	71.9	47.60	24.30	Inf	Val	91.0	high confidence set
Chromosome07	62	1813310	1813229	Ser	AGA	0	0	75.9	41.00	34.90	Inf	Ser	111.1	high confidence set
Chromosome07	63	1397184	1397113	Gly	TCC	0	0	73.9	46.20	27.70	Inf	Gly	85.6	high confidence set
Chromosome07	64	815840	815767	Ile	AAT	0	0	82.4	58.90	23.50	Inf	Ile	107.0	high confidence set
Chromosome07	65	787427	787346	Ser	GCT	0	0	79.0	43.10	35.90	Inf	Ser	108.6	high confidence set
Chromosome07	66	785722	785641	Ser	GCT	0	0	79.0	43.10	35.90	Inf	Ser	108.6	high confidence set
Chromosome07	67	784023	783942	Ser	GCT	0	0	79.0	43.10	35.90	Inf	Ser	108.6	high confidence set
Chromosome07	68	735007	734935	Ala	TGC	0	0	70.0	45.30	24.70	Inf	Ala	100.6	high confidence set
Chromosome08	1	3624654	3624725	Cys	GCA	0	0	79.8	59.80	20.00	Inf	Cys	106.8	high confidence set
Chromosome08	2	4422070	4422142	Ala	TGC	0	0	65.5	40.20	25.30	Inf	Ala	97.8	high confidence set
Chromosome08	3	7682161	7682232	Lys	TTT	0	0	84.6	59.50	25.10	Inf	Thr	82.0	IPD:-0.10,isotype mismatch
Chromosome08	5	19842954	19843025	His	GTG	0	0	63.0	33.70	29.30	Inf	His	86.8	high confidence set
Chromosome08	6	28208002	28208072	Gly	GCC	0	0	66.5	44.80	21.70	Inf	Gly	94.4	high confidence set
Chromosome08	8	29224218	29224290	Glu	CTC	0	0	79.6	53.70	25.90	Inf	Glu	98.4	high confidence set
Chromosome08	9	32220370	32220443	Ile	AAT	0	0	81.8	58.30	23.50	Inf	Ile	106.8	high confidence set
Chromosome08	10	32227976	32228049	Ile	AAT	0	0	82.4	58.90	23.50	Inf	Ile	107.0	high confidence set
Chromosome08	11	32233279	32233352	Ile	AAT	0	0	79.3	55.80	23.50	Inf	Ile	104.3	high confidence set
Chromosome08	12	32482947	32483027	Leu	AAG	0	0	74.0	52.20	21.80	Inf	Leu	110.4	high confidence set
Chromosome08	13	34776305	34776376	Asp	GTC	0	0	67.5	47.80	19.70	Inf	Asp	95.0	high confidence set
Chromosome08	14	34776457	34776530	Ile	TAT	0	0	85.9	70.60	15.30	Inf	Ile	103.9	high confidence set
Chromosome08	15	35150125	35150196	Pro	CGG	0	0	69.6	37.70	31.90	Inf	Pro	108.3	high confidence set
Chromosome08	16	35655397	35655468	Cys	GCA	0	0	82.1	59.90	22.20	Inf	Cys	106.6	high confidence set
Chromosome08	17	35690095	35690166	Glu	TTC	0	0	72.0	47.50	24.50	Inf	Glu	101.6	high confidence set
Chromosome08	18	39845144	39845217	Thr	AGT	0	0	75.3	47.40	27.90	Inf	Thr	89.8	high confidence set
Chromosome08	19	41441239	41441145	Tyr	GTA	41441202	41441181	64.0	41.20	22.80	Inf	Tyr	92.4	high confidence set
Chromosome08	20	40272143	40272050	Tyr	GTA	40272106	40272086	74.2	42.70	31.50	Inf	Tyr	111.8	high confidence set
Chromosome08	21	37667067	37666995	Ala	TGC	0	0	65.6	39.80	25.80	Inf	Ala	97.7	high confidence set
Chromosome08	22	36606948	36606865	Tyr	GTA	36606911	36606901	74.5	43.00	31.50	Inf	Tyr	111.8	high confidence set
Chromosome08	23	36553221	36553150	Pro	TGG	0	0	68.5	35.70	32.80	Inf	Pro	111.2	high confidence set
Chromosome08	24	36408707	36408635	Ala	CGC	0	0	68.2	44.00	24.20	Inf	Ala	95.8	high confidence set
Chromosome08	25	35687096	35687025	Cys	GCA	0	0	82.1	59.90	22.20	Inf	Cys	106.6	high confidence set
Chromosome08	26	29357095	29357023	Glu	CTC	0	0	78.9	53.10	25.80	Inf	Glu	94.8	high confidence set
Chromosome08	27	28396805	28396734	Asp	GTC	0	0	69.8	46.80	23.00	Inf	Asp	95.8	high confidence set
Chromosome08	30	6082550	6082477	Ile	TAT	0	0	78.3	68.20	10.10	Inf	Ile	92.1	high confidence set
Chromosome08	32	6080874	6080801	Ile	TAT	0	0	83.4	67.80	15.60	Inf	Ile	97.9	high confidence set
Chromosome08	33	6079949	6079876	Ile	TAT	0	0	77.0	66.50	10.50	Inf	Ile	96.8	high confidence set
Chromosome08	35	3951935	3951864	Gly	TCC	0	0	73.9	46.20	27.70	Inf	Gly	85.6	high confidence set
Chromosome08	36	3951029	3950958	Gly	TCC	0	0	73.9	46.20	27.70	Inf	Gly	85.6	high confidence set
Chromosome08	37	3770858	3770786	Arg	CCT	0	0	69.1	50.30	18.80	Inf	Arg	81.2	high confidence set
Chromosome08	38	2165546	2165473	Ile	AAT	0	0	83.4	59.90	23.50	Inf	Ile	108.6	high confidence set
Chromosome08	39	2017117	2017035	Leu	TAA	0	0	71.0	33.00	38.00	Inf	Leu	93.8	high confidence set
Chromosome08	40	1363351	1363263	Tyr	GTA	1363314	1363299	74.3	42.80	31.50	Inf	Tyr	111.8	high confidence set
Chromosome09	1	7353391	7353462	Gly	TCC	0	0	73.9	46.20	27.70	Inf	Gly	85.6	high confidence set
Chromosome09	2	7353653	7353724	Gly	TCC	0	0	71.4	43.70	27.70	Inf	Gly	82.5	high confidence set
Chromosome09	3	7499584	7499656	Arg	CCT	0	0	69.1	50.30	18.80	Inf	Arg	81.2	high confidence set
Chromosome09	4	10001994	10002066	Arg	TCT	0	0	69.9	49.40	20.50	Inf	Arg	99.6	high confidence set
Chromosome09	5	10320087	10320158	Cys	GCA	0	0	82.1	59.90	22.20	Inf	Cys	106.6	high confidence set
Chromosome09	6	10719736	10719824	Tyr	GTA	10719773	10719788	74.3	43.10	31.20	Inf	Tyr	111.8	high confidence set
Chromosome09	7	21817800	21817873	Sup	CTA	0	0	72.3	42.90	29.40	Inf	Thr	75.0	IPD:-75.00,unexpected anticodon
Chromosome09	8	26623332	26623403	His	GTG	0	0	63.0	33.70	29.30	Inf	His	86.8	high confidence set
Chromosome09	9	29645963	29646033	Gly	GCC	0	0	66.5	44.80	21.70	Inf	Gly	94.4	high confidence set
Chromosome09	10	29964704	29964776	Glu	CTC	0	0	80.6	54.70	25.90	Inf	Glu	103.3	high confidence set
Chromosome09	11	31588957	31589048	Tyr	GTA	31588994	31589012	74.2	42.70	31.50	Inf	Tyr	111.8	high confidence set
Chromosome09	12	31590233	31590324	Tyr	GTA	31590270	31590288	74.2	42.70	31.50	Inf	Tyr	111.8	high confidence set
Chromosome09	13	34487888	34487960	Ala	TGC	0	0	69.1	43.30	25.80	Inf	Ala	101.9	high confidence set
Chromosome09	14	34622746	34622818	Arg	CCG	0	0	65.7	49.40	16.30	Inf	Arg	91.4	high confidence set
Chromosome09	15	35051449	35051519	Gly	GCC	0	0	66.5	44.80	21.70	Inf	Gly	94.4	high confidence set
Chromosome09	16	35613314	35613385	Pro	TGG	0	0	68.5	35.70	32.80	Inf	Pro	111.2	high confidence set
Chromosome09	17	35720079	35720151	Ala	CGC	0	0	68.2	44.00	24.20	Inf	Ala	95.8	high confidence set
Chromosome09	18	36196805	36196876	Cys	GCA	0	0	82.1	59.90	22.20	Inf	Cys	106.6	high confidence set
Chromosome09	19	36198867	36198938	Cys	GCA	0	0	78.8	53.50	25.30	Inf	Cys	104.3	high confidence set
Chromosome09	20	36200399	36200470	Cys	GCA	0	0	82.1	59.90	22.20	Inf	Cys	106.6	high confidence set
Chromosome09	21	36201876	36201947	Cys	GCA	0	0	82.1	59.90	22.20	Inf	Cys	106.6	high confidence set
Chromosome09	22	36922681	36922610	Asp	GTC	0	0	70.4	47.40	23.00	Inf	Asp	94.4	high confidence set
Chromosome09	23	36693731	36693660	Pro	CGG	0	0	69.6	37.70	31.90	Inf	Pro	108.3	high confidence set
Chromosome09	24	36156780	36156710	Gly	CCC	0	0	66.3	29.50	36.80	Inf	Gly	89.7	high confidence set
Chromosome09	25	35694324	35694243	Ser	TGA	0	0	80.7	46.10	34.60	Inf	Ser	119.7	high confidence set
Chromosome09	26	32658871	32658798	Thr	AGT	0	0	76.0	48.40	27.60	Inf	Thr	90.6	high confidence set
Chromosome09	27	32463623	32463540	Tyr	GTA	32463586	32463576	74.5	43.00	31.50	Inf	Tyr	111.8	high confidence set
Chromosome09	28	30945600	30945529	Asp	GTC	0	0	69.8	46.80	23.00	Inf	Asp	94.5	high confidence set
Chromosome09	29	30923303	30923232	iMet	CAT	0	0	58.3	28.10	30.20	Inf	iMet	118.7	high confidence set
Chromosome09	30	29370357	29370284	Val	CAC	0	0	82.4	54.40	28.00	Inf	Val	103.7	high confidence set
Chromosome09	31	28303840	28303769	Lys	TTT	0	0	86.0	61.70	24.30	Inf	Lys	88.0	high confidence set
Chromosome09	42	28296838	28296767	Lys	TTT	0	0	86.0	61.70	24.30	Inf	Lys	88.0	high confidence set
Chromosome09	47	28293485	28293414	Lys	TTT	0	0	81.8	57.60	24.20	Inf	Thr	80.2	IPD:-4.40,isotype mismatch
Chromosome09	49	28292849	28292778	Lys	TTT	0	0	67.3	48.40	18.90	Inf	Lys	70.1	high confidence set
Chromosome09	52	28290580	28290509	Lys	CTT	0	0	86.0	61.60	24.40	Inf	Lys	87.9	high confidence set
Chromosome09	56	6827821	6827749	Ala	TGC	0	0	65.6	39.80	25.80	Inf	Ala	97.7	high confidence set
Chromosome09	57	6823645	6823573	Ala	TGC	0	0	65.5	40.70	24.80	Inf	Ala	96.0	high confidence set
Chromosome09	59	4399862	4399790	Lys	CTT	0	0	87.7	67.60	20.10	Inf	Lys	106.7	high confidence set
Chromosome10	1	1026669	1026750	Ser	CGA	0	0	78.9	46.60	32.30	Inf	Ser	122.0	high confidence set
Chromosome10	2	1704334	1704407	Val	CAC	0	0	82.4	54.40	28.00	Inf	Val	103.7	high confidence set
Chromosome10	3	2084171	2084242	Asp	GTC	0	0	69.8	46.80	23.00	Inf	Asp	95.8	high confidence set
Chromosome10	4	2107215	2107287	Ala	TGC	0	0	69.1	43.30	25.80	Inf	Ala	101.9	high confidence set
Chromosome10	5	3225337	3225410	Asn	GTT	0	0	77.9	55.20	22.70	Inf	Asn	89.1	high confidence set
Chromosome10	6	3232330	3232403	Asn	GTT	0	0	80.5	54.70	25.80	Inf	Asn	89.9	high confidence set
Chromosome10	7	3359199	3359272	Thr	AGT	0	0	75.0	46.80	28.20	Inf	Thr	89.8	high confidence set
Chromosome10	8	4562031	4562102	Pro	AGG	0	0	67.4	34.70	32.70	Inf	Pro	112.3	high confidence set
Chromosome10	9	5712956	5713028	Lys	TTT	0	0	89.7	65.30	24.40	Inf	Lys	92.7	high confidence set
Chromosome10	10	5719251	5719323	Lys	TTT	0	0	89.7	65.30	24.40	Inf	Lys	92.7	high confidence set
Chromosome10	11	5723081	5723153	Lys	TTT	0	0	89.7	65.30	24.40	Inf	Lys	92.7	high confidence set
Chromosome10	12	19845183	19845254	Asp	GTC	0	0	69.8	46.80	23.00	Inf	Asp	94.5	high confidence set
Chromosome10	13	20444321	20444392	Pro	TGG	0	0	57.6	26.20	31.40	Inf	Pro	101.0	high confidence set
Chromosome10	14	20445682	20445753	Pro	TGG	0	0	68.9	36.50	32.40	Inf	Pro	109.4	high confidence set
Chromosome10	15	20777598	20777669	Pro	AGG	0	0	67.4	34.70	32.70	Inf	Pro	112.3	high confidence set
Chromosome10	18	20779557	20779628	Pro	TGG	0	0	65.1	35.40	29.70	Inf	Pro	106.1	high confidence set
Chromosome10	19	20780003	20780074	Pro	AGG	0	0	60.8	29.90	30.90	Inf	Pro	104.5	high confidence set
Chromosome10	21	20781282	20781353	Pro	TGG	0	0	61.8	31.00	30.80	Inf	Pro	103.3	high confidence set
Chromosome10	22	20782880	20782951	Pro	CGG	0	0	60.2	22.80	37.40	Inf	Pro	97.3	high confidence set
Chromosome10	23	20785500	20785571	Pro	TGG	0	0	50.8	20.80	30.00	Inf	Pro	87.7	high confidence set
Chromosome10	24	20786866	20786937	Pro	TGG	0	0	68.9	36.50	32.40	Inf	Pro	109.4	high confidence set
Chromosome10	25	25485339	25485423	Met	CAT	25485377	25485387	64.3	40.80	23.50	Inf	Met	104.0	high confidence set
Chromosome10	26	25499793	25499877	Met	CAT	25499831	25499841	64.3	40.80	23.50	Inf	Met	104.0	high confidence set
Chromosome10	27	29585252	29585333	Ser	AGA	0	0	75.9	41.00	34.90	Inf	Ser	111.1	high confidence set
Chromosome10	28	31126518	31126591	Ile	AAT	0	0	81.8	58.30	23.50	Inf	Ile	106.8	high confidence set
Chromosome10	29	31146651	31146732	Ser	GCT	0	0	79.0	43.10	35.90	Inf	Ser	108.6	high confidence set
Chromosome10	30	31232574	31232646	Ala	TGC	0	0	67.2	42.10	25.10	Inf	Ala	100.7	high confidence set
Chromosome10	31	31245006	31245078	Ala	TGC	0	0	61.3	42.90	18.40	Inf	Ala	95.7	high confidence set
Chromosome10	32	29780051	29779980	iMet	CAT	0	0	57.5	27.40	30.10	Inf	iMet	120.7	high confidence set
Chromosome10	33	28902330	28902257	Arg	TCG	0	0	81.9	60.40	21.50	Inf	Arg	92.9	high confidence set
Chromosome10	34	28902171	28902098	Arg	TCG	0	0	81.9	60.40	21.50	Inf	Arg	92.9	high confidence set
Chromosome10	35	28902013	28901940	Arg	TCG	0	0	81.9	60.40	21.50	Inf	Arg	92.9	high confidence set
Chromosome10	36	28901832	28901759	Arg	TCG	0	0	81.9	60.40	21.50	Inf	Arg	92.9	high confidence set
Chromosome10	38	27401924	27401850	Phe	GAA	0	0	71.6	51.60	20.00	Inf	Phe	97.1	high confidence set
Chromosome10	39	27227149	27227077	Phe	GAA	0	0	78.3	58.40	19.90	Inf	Phe	113.2	high confidence set
Chromosome10	40	24938704	24938633	Sup	TTA	0	0	71.4	36.10	35.30	Inf	Thr	71.7	IPD:-71.70,unexpected anticodon
Chromosome10	41	24937531	24937460	Sup	TTA	0	0	73.7	41.60	32.10	Inf	Thr	85.6	IPD:-85.60,unexpected anticodon
Chromosome10	42	24936764	24936693	Sup	TTA	0	0	71.1	38.30	32.80	Inf	Thr	72.6	IPD:-72.60,unexpected anticodon
Chromosome10	43	24928808	24928737	Sup	TTA	0	0	71.4	36.10	35.30	Inf	Thr	71.7	IPD:-71.70,unexpected anticodon
Chromosome10	44	24927912	24927841	Sup	TTA	0	0	73.7	41.60	32.10	Inf	Thr	85.6	IPD:-85.60,unexpected anticodon
Chromosome10	45	24927136	24927065	Sup	TTA	0	0	71.1	38.30	32.80	Inf	Thr	72.6	IPD:-72.60,unexpected anticodon
Chromosome10	46	24918451	24918380	Sup	TTA	0	0	66.5	31.20	35.30	Inf	Thr	73.0	IPD:-73.00,unexpected anticodon
Chromosome10	47	23506410	23506337	Val	AAC	0	0	71.9	47.60	24.30	Inf	Val	91.0	high confidence set
Chromosome10	48	22155242	22155171	iMet	CAT	0	0	57.5	27.40	30.10	Inf	iMet	120.7	high confidence set
Chromosome10	49	22153806	22153735	iMet	CAT	0	0	56.7	26.20	30.50	Inf	iMet	117.2	high confidence set
Chromosome10	50	21256727	21256656	Pro	AGG	0	0	67.4	34.70	32.70	Inf	Pro	112.3	high confidence set
Chromosome10	52	21255448	21255377	Pro	TGG	0	0	61.8	31.00	30.80	Inf	Pro	103.3	high confidence set
Chromosome10	56	6136677	6136597	Leu	AAG	0	0	74.0	52.20	21.80	Inf	Leu	110.4	high confidence set
Chromosome10	57	6133632	6133552	Leu	AAG	0	0	74.0	52.20	21.80	Inf	Leu	110.4	high confidence set
Chromosome10	58	5977808	5977735	Ile	AAT	0	0	81.8	58.30	23.50	Inf	Ile	106.8	high confidence set
Chromosome10	59	5974046	5973973	Ile	AAT	0	0	79.3	55.80	23.50	Inf	Ile	104.3	high confidence set
Chromosome10	60	5971454	5971381	Ile	AAT	0	0	81.8	58.30	23.50	Inf	Ile	106.8	high confidence set
Chromosome10	62	4483466	4483395	Pro	AGG	0	0	67.4	34.70	32.70	Inf	Pro	112.3	high confidence set
Chromosome10	63	3348292	3348221	Cys	GCA	0	0	79.0	59.90	19.10	Inf	Cys	103.5	high confidence set
Chromosome10	64	3347022	3346951	Cys	GCA	0	0	82.1	59.90	22.20	Inf	Cys	106.6	high confidence set
Chromosome10	65	3271133	3271062	His	GTG	0	0	63.0	33.70	29.30	Inf	His	86.8	high confidence set
Chromosome10	66	3269876	3269804	Arg	CCG	0	0	80.4	58.30	22.10	Inf	Arg	84.6	high confidence set
Chromosome10	67	3231926	3231854	Phe	GAA	0	0	78.3	58.40	19.90	Inf	Phe	113.2	high confidence set
Chromosome10	68	3224864	3224792	Phe	GAA	0	0	78.3	58.40	19.90	Inf	Phe	113.2	high confidence set
Chromosome10	69	3109658	3109586	Lys	CTT	0	0	86.8	66.60	20.20	Inf	Lys	107.7	high confidence set
Chromosome10	70	2958971	2958897	Glu	TTC	0	0	52.4	33.40	19.00	Inf	Glu	77.7	high confidence set
Chromosome10	71	2082438	2082367	Pro	AGG	0	0	62.9	30.20	32.70	Inf	Pro	106.4	high confidence set
Chromosome11	1	501226	501298	Arg	ACG	0	0	71.7	49.10	22.60	Inf	Arg	91.4	high confidence set
Chromosome11	2	501711	501783	Arg	ACG	0	0	71.7	49.10	22.60	Inf	Arg	91.4	high confidence set
Chromosome11	3	3548308	3548389	Ser	CGA	0	0	76.5	44.60	31.90	Inf	Ser	118.0	high confidence set
Chromosome11	4	5849956	5850037	Ser	AGA	0	0	76.3	41.60	34.70	Inf	Ser	112.1	high confidence set
Chromosome11	5	5858776	5858857	Ser	AGA	0	0	76.3	41.60	34.70	Inf	Ser	112.1	high confidence set
Chromosome11	6	5863007	5863088	Ser	AGA	0	0	72.9	40.50	32.40	Inf	Ser	104.7	high confidence set
Chromosome11	7	5875418	5875499	Ser	AGA	0	0	73.0	35.20	37.80	Inf	Ser	108.2	high confidence set
Chromosome11	8	8517878	8517949	Pro	TGG	0	0	69.2	36.90	32.30	Inf	Pro	112.8	high confidence set
Chromosome11	9	12894208	12894300	Tyr	GTA	12894245	12894264	74.2	42.70	31.50	Inf	Tyr	111.8	high confidence set
Chromosome11	10	14767594	14767666	Glu	CTC	0	0	80.8	55.10	25.70	Inf	Glu	102.7	high confidence set
Chromosome11	11	25112022	25112093	Thr	TGT	0	0	79.4	48.40	31.00	Inf	Thr	92.4	high confidence set
Chromosome11	12	25112283	25112354	Thr	TGT	0	0	73.0	44.40	28.60	Inf	Thr	85.2	high confidence set
Chromosome11	13	28107025	28107096	Thr	TGT	0	0	83.0	56.90	26.10	Inf	Thr	92.2	high confidence set
Chromosome11	14	28119018	28119089	Thr	TGT	0	0	83.2	57.00	26.20	Inf	Thr	92.5	high confidence set
Chromosome11	15	28121625	28121696	Thr	TGT	0	0	82.2	55.40	26.80	Inf	Thr	91.7	high confidence set
Chromosome11	16	29744951	29745024	Val	AAC	0	0	72.9	48.60	24.30	Inf	Val	93.8	high confidence set
Chromosome11	17	29745097	29745170	Val	AAC	0	0	72.9	48.60	24.30	Inf	Val	93.8	high confidence set
Chromosome11	18	29745240	29745313	Val	AAC	0	0	72.9	48.60	24.30	Inf	Val	93.8	high confidence set
Chromosome11	19	32285946	32286017	Gly	TCC	0	0	73.9	46.20	27.70	Inf	Gly	85.6	high confidence set
Chromosome11	20	32350307	32350387	Leu	AAG	0	0	74.0	52.20	21.80	Inf	Leu	110.4	high confidence set
Chromosome11	21	32352395	32352475	Leu	AAG	0	0	74.0	52.20	21.80	Inf	Leu	110.4	high confidence set
Chromosome11	22	32910524	32910453	Gln	CTG	0	0	74.3	49.60	24.70	Inf	Gln	103.3	high confidence set
Chromosome11	23	32288451	32288369	Leu	TAA	0	0	73.8	37.80	36.00	Inf	Leu	93.8	high confidence set
Chromosome11	25	28638036	28637965	Asp	GTC	0	0	69.8	46.80	23.00	Inf	Asp	94.5	high confidence set
Chromosome11	26	27240309	27240238	Thr	TGT	0	0	79.4	55.80	23.60	Inf	Thr	91.0	high confidence set
Chromosome11	27	19645309	19645238	Gly	TCC	0	0	73.9	46.20	27.70	Inf	Gly	85.6	high confidence set
Chromosome11	28	19623508	19623437	Gly	TCC	0	0	75.5	48.50	27.00	Inf	Gly	84.2	high confidence set
Chromosome11	29	19386247	19386176	Gln	CTG	0	0	74.3	49.60	24.70	Inf	Gln	103.3	high confidence set
Chromosome11	30	17289409	17289337	Glu	CTC	0	0	73.7	52.30	21.40	Inf	Glu	98.1	high confidence set
Chromosome11	31	11618913	11618842	Asp	GTC	0	0	67.1	44.10	23.00	Inf	Asp	97.2	high confidence set
Chromosome11	32	7069861	7069789	Lys	CTT	0	0	87.7	67.60	20.10	Inf	Lys	106.7	high confidence set
Chromosome11	33	7069663	7069591	Lys	CTT	0	0	84.1	65.80	18.30	Inf	Lys	103.0	high confidence set
Chromosome11	34	6613610	6613537	Asn	GTT	0	0	81.7	56.30	25.40	Inf	Asn	94.2	high confidence set
Chromosome11	35	3447386	3447314	Arg	TCT	0	0	67.1	49.00	18.10	Inf	Arg	92.4	high confidence set
Chromosome11	36	3444767	3444695	Arg	TCT	0	0	70.0	49.50	20.50	Inf	Arg	96.3	high confidence set
Chromosome11	37	3153081	3153008	Ile	AAT	0	0	81.8	58.30	23.50	Inf	Ile	106.8	high confidence set
Chromosome04	1	2823506	2823578	Lys	CTT	0	0	86.8	66.60	20.20	Inf	Lys	107.7	high confidence set
Chromosome04	2	3595978	3596051	Arg	TCG	0	0	82.3	61.00	21.30	Inf	Arg	91.9	high confidence set
Chromosome04	3	27017420	27017493	Val	CAC	0	0	82.4	54.40	28.00	Inf	Val	103.7	high confidence set
Chromosome04	4	27571696	27571767	Gln	CTG	0	0	74.3	49.60	24.70	Inf	Gln	103.3	high confidence set
Chromosome04	5	28629532	28629603	Pro	CGG	0	0	65.2	35.80	29.40	Inf	Pro	103.5	high confidence set
Chromosome04	6	29276081	29276152	Gln	TTG	0	0	74.2	54.70	19.50	Inf	Gln	105.6	high confidence set
Chromosome04	7	29519163	29519234	Asp	GTC	0	0	70.4	47.40	23.00	Inf	Asp	94.4	high confidence set
Chromosome04	8	29529080	29529151	Asp	GTC	0	0	69.8	46.80	23.00	Inf	Asp	95.8	high confidence set
Chromosome04	9	29726726	29726798	Lys	CTT	0	0	87.7	67.60	20.10	Inf	Lys	106.7	high confidence set
Chromosome04	11	31615184	31615256	Lys	CTT	0	0	87.7	67.60	20.10	Inf	Lys	106.7	high confidence set
Chromosome04	12	31826644	31826717	Asn	GTT	0	0	81.7	56.30	25.40	Inf	Asn	94.2	high confidence set
Chromosome04	13	32320917	32320998	Ser	AGA	0	0	76.3	41.60	34.70	Inf	Ser	112.1	high confidence set
Chromosome04	14	33221626	33221699	Thr	AGT	0	0	74.7	46.20	28.50	Inf	Thr	89.4	high confidence set
Chromosome04	15	33313936	33314008	Arg	TCT	0	0	70.0	49.50	20.50	Inf	Arg	96.3	high confidence set
Chromosome04	17	35829179	35829251	Arg	ACG	0	0	71.7	49.10	22.60	Inf	Arg	91.4	high confidence set
Chromosome04	18	34357296	34357215	Ser	GCT	0	0	80.5	45.20	35.30	Inf	Ser	109.5	high confidence set
Chromosome04	19	33616521	33616440	Ser	TGA	0	0	80.7	46.10	34.60	Inf	Ser	119.7	high confidence set
Chromosome04	20	33273388	33273307	Ser	CGA	0	0	78.9	46.60	32.30	Inf	Ser	122.0	high confidence set
Chromosome04	21	31885309	31885237	Phe	GAA	0	0	78.3	58.40	19.90	Inf	Phe	113.2	high confidence set
Chromosome04	22	31584218	31584146	Lys	CTT	0	0	87.7	67.60	20.10	Inf	Lys	106.7	high confidence set
Chromosome04	23	31301705	31301634	Pro	TGG	0	0	69.2	36.90	32.30	Inf	Pro	112.8	high confidence set
Chromosome04	25	6654994	6654923	Thr	TGT	0	0	84.3	58.00	26.30	Inf	Thr	93.3	high confidence set
Chromosome04	26	4115643	4115570	Val	AAC	0	0	72.9	48.60	24.30	Inf	Val	93.8	high confidence set
Chromosome04	27	3595485	3595412	Arg	TCG	0	0	82.3	61.00	21.30	Inf	Arg	91.9	high confidence set
Chromosome04	28	3590280	3590207	Arg	TCG	0	0	82.3	61.00	21.30	Inf	Arg	91.9	high confidence set
Chromosome04	29	2790489	2790418	Pro	AGG	0	0	67.4	34.70	32.70	Inf	Pro	112.3	high confidence set
Chromosome04	30	1601582	1601511	Cys	GCA	0	0	80.9	57.20	23.70	Inf	Cys	104.1	high confidence set
Chromosome04	31	1385430	1385349	Ser	GCT	0	0	80.5	45.20	35.30	Inf	Ser	109.5	high confidence set
Chromosome04	32	1061700	1061620	Leu	AAG	0	0	74.0	52.20	21.80	Inf	Leu	110.4	high confidence set
Chromosome14	1	10470	10542	Glu	CTC	0	0	73.7	52.30	21.40	Inf	Glu	98.1	high confidence set
Chromosome14	2	330056	330128	Lys	TTT	0	0	89.9	65.80	24.10	Inf	Lys	90.9	high confidence set
Chromosome14	3	2349927	2349998	Cys	GCA	0	0	82.1	59.90	22.20	Inf	Cys	106.6	high confidence set
Chromosome14	4	3728041	3728113	Lys	TTT	0	0	88.7	64.40	24.30	Inf	Lys	93.7	high confidence set
Chromosome14	5	3804379	3804449	Gly	CCC	0	0	66.0	29.20	36.80	Inf	Gly	87.4	high confidence set
Chromosome14	6	6248428	6248500	Ala	AGC	0	0	63.4	38.20	25.20	Inf	Ala	98.3	high confidence set
Chromosome14	7	6334296	6334368	Ala	TGC	0	0	69.1	43.30	25.80	Inf	Ala	101.9	high confidence set
Chromosome14	8	10492739	10492820	Ser	AGA	0	0	79.6	43.50	36.10	Inf	Ser	114.9	high confidence set
Chromosome14	9	10552505	10552590	Tyr	GTA	10552542	10552554	74.5	43.00	31.50	Inf	Tyr	111.8	high confidence set
Chromosome14	10	11098801	11098874	Ile	TAT	0	0	85.9	70.60	15.30	Inf	Ile	103.9	high confidence set
Chromosome14	11	11100660	11100733	Ile	TAT	0	0	85.9	70.60	15.30	Inf	Ile	103.9	high confidence set
Chromosome14	12	11384283	11384354	Glu	TTC	0	0	72.0	47.50	24.50	Inf	Glu	101.6	high confidence set
Chromosome14	13	11385546	11385617	Glu	TTC	0	0	72.0	47.50	24.50	Inf	Glu	101.6	high confidence set
Chromosome14	14	12672884	12672957	Thr	AGT	0	0	70.6	44.70	25.90	Inf	Thr	81.3	high confidence set
Chromosome14	15	12672975	12673048	Thr	AGT	0	0	74.7	46.20	28.50	Inf	Thr	89.4	high confidence set
Chromosome14	16	15561776	15561857	Ser	AGA	0	0	70.7	36.10	34.60	Inf	Ser	106.8	high confidence set
Chromosome14	17	24506328	24506399	Asp	GTC	0	0	67.1	44.10	23.00	Inf	Asp	95.9	high confidence set
Chromosome14	18	25179167	25179240	Asn	GTT	0	0	81.3	56.10	25.20	Inf	Asn	93.5	high confidence set
Chromosome14	19	26632538	26632609	Trp	CCA	0	0	75.8	51.20	24.60	Inf	Trp	105.6	high confidence set
Chromosome14	20	26635588	26635659	Trp	CCA	0	0	75.8	51.20	24.60	Inf	Trp	105.6	high confidence set
Chromosome14	21	26637374	26637445	Trp	CCA	0	0	75.8	51.20	24.60	Inf	Trp	105.6	high confidence set
Chromosome14	22	26640424	26640495	Trp	CCA	0	0	75.8	51.20	24.60	Inf	Trp	105.6	high confidence set
Chromosome14	23	26642211	26642282	Trp	CCA	0	0	75.8	51.20	24.60	Inf	Trp	105.6	high confidence set
Chromosome14	24	26645102	26645173	Trp	CCA	0	0	75.8	51.20	24.60	Inf	Trp	105.6	high confidence set
Chromosome14	25	27255708	27255635	Asn	GTT	0	0	84.5	59.40	25.10	Inf	Asn	95.9	high confidence set
Chromosome14	26	27247858	27247785	Asn	GTT	0	0	82.0	56.90	25.10	Inf	Asn	92.5	high confidence set
Chromosome14	27	26015714	26015631	Leu	CAA	0	0	77.7	54.90	22.80	Inf	Leu	123.7	high confidence set
Chromosome14	30	11351843	11351770	Arg	TCG	0	0	82.3	61.00	21.30	Inf	Arg	91.9	high confidence set
Chromosome14	31	10640736	10640665	His	GTG	0	0	63.2	34.00	29.20	Inf	His	86.3	high confidence set
Chromosome14	32	9694138	9694067	Trp	CCA	0	0	75.8	51.20	24.60	Inf	Trp	105.6	high confidence set
Chromosome14	33	8702878	8702807	Thr	TGT	0	0	84.3	58.00	26.30	Inf	Thr	93.3	high confidence set
Chromosome14	34	8069453	8069380	Ile	AAT	0	0	81.8	58.30	23.50	Inf	Ile	106.8	high confidence set
Chromosome14	35	7853070	7852999	His	GTG	0	0	63.3	34.30	29.00	Inf	His	91.7	high confidence set
Chromosome14	36	7161196	7161125	Thr	CGT	0	0	82.2	57.60	24.60	Inf	Thr	90.2	high confidence set
Chromosome14	37	6638294	6638222	Ala	AGC	0	0	63.4	38.20	25.20	Inf	Ala	98.3	high confidence set
Chromosome14	38	6450814	6450734	Leu	AAG	0	0	70.1	50.40	19.70	Inf	Leu	102.1	high confidence set
Chromosome14	39	5534533	5534454	Leu	TAG	0	0	69.5	48.50	21.00	Inf	Leu	111.5	high confidence set
Chromosome14	40	4849671	4849600	Thr	TGT	0	0	84.5	58.50	26.00	Inf	Thr	95.0	high confidence set
Chromosome14	41	4370759	4370679	Leu	AAG	0	0	72.6	49.90	22.70	Inf	Leu	108.7	high confidence set
Chromosome14	42	4341434	4341353	Ser	TGA	0	0	80.7	46.10	34.60	Inf	Ser	119.7	high confidence set
Chromosome14	43	4159931	4159860	Gln	TTG	0	0	73.5	53.70	19.80	Inf	Gln	104.8	high confidence set
Chromosome14	44	2566085	2566012	Val	AAC	0	0	72.9	48.60	24.30	Inf	Val	93.8	high confidence set
Chromosome14	45	1461620	1461539	Ser	GCT	0	0	80.5	45.20	35.30	Inf	Ser	109.5	high confidence set
Chromosome14	46	624285	624213	Arg	CCG	0	0	65.5	47.30	18.20	Inf	Arg	91.7	high confidence set
Chromosome15	1	1855169	1855241	Glu	CTC	0	0	79.9	54.20	25.70	Inf	Glu	102.7	high confidence set
Chromosome15	2	2609530	2609601	Glu	TTC	0	0	72.0	47.50	24.50	Inf	Glu	101.6	high confidence set
Chromosome15	3	3630492	3630564	Lys	CTT	0	0	87.7	67.60	20.10	Inf	Lys	106.7	high confidence set
Chromosome15	4	3777145	3777216	Thr	TGT	0	0	84.5	58.50	26.00	Inf	Thr	95.0	high confidence set
Chromosome15	5	4162147	4162228	Ser	GCT	0	0	80.5	45.20	35.30	Inf	Ser	109.5	high confidence set
Chromosome15	6	4893618	4893690	Ala	AGC	0	0	67.3	42.00	25.30	Inf	Ala	102.4	high confidence set
Chromosome15	7	5348155	5348227	Phe	GAA	0	0	78.3	58.40	19.90	Inf	Phe	113.2	high confidence set
Chromosome15	8	5539341	5539412	iMet	CAT	0	0	58.3	28.10	30.20	Inf	iMet	118.7	high confidence set
Chromosome15	9	5542410	5542481	iMet	CAT	0	0	58.3	28.10	30.20	Inf	iMet	118.7	high confidence set
Chromosome15	11	6253920	6254001	Ser	AGA	0	0	76.3	41.60	34.70	Inf	Ser	112.1	high confidence set
Chromosome15	12	6353360	6353432	Glu	CTC	0	0	79.9	54.20	25.70	Inf	Glu	102.7	high confidence set
Chromosome15	13	7096618	7096691	Ile	TAT	0	0	85.9	70.60	15.30	Inf	Ile	103.9	high confidence set
Chromosome15	14	10279129	10279210	Ser	AGA	0	0	67.1	37.20	29.90	Inf	Ser	99.7	high confidence set
Chromosome15	15	11140394	11140465	iMet	CAT	0	0	58.3	28.10	30.20	Inf	iMet	118.7	high confidence set
Chromosome15	16	12054913	12054986	Ile	AAT	0	0	81.8	58.30	23.50	Inf	Ile	106.8	high confidence set
Chromosome15	17	12421161	12421232	Pro	TGG	0	0	68.5	35.70	32.80	Inf	Pro	111.2	high confidence set
Chromosome15	18	12790417	12790488	Pro	AGG	0	0	67.4	34.70	32.70	Inf	Pro	112.3	high confidence set
Chromosome15	19	14199131	14199204	Val	AAC	0	0	67.4	43.10	24.30	Inf	Val	88.1	high confidence set
Chromosome15	20	25913683	25913753	Gly	GCC	0	0	66.5	44.80	21.70	Inf	Gly	94.4	high confidence set
Chromosome15	21	25921982	25922052	Gly	GCC	0	0	66.5	44.80	21.70	Inf	Gly	94.4	high confidence set
Chromosome15	22	26002886	26002956	Gly	GCC	0	0	66.5	44.80	21.70	Inf	Gly	94.4	high confidence set
Chromosome15	23	26005228	26005298	Gly	GCC	0	0	66.5	44.80	21.70	Inf	Gly	94.4	high confidence set
Chromosome15	24	32232254	32232174	Leu	AAG	0	0	74.0	52.20	21.80	Inf	Leu	110.4	high confidence set
Chromosome15	26	25681339	25681269	Gly	GCC	0	0	66.5	44.80	21.70	Inf	Gly	94.4	high confidence set
Chromosome15	27	24336634	24336561	Asn	GTT	0	0	80.1	57.70	22.40	Inf	Asn	89.7	high confidence set
Chromosome15	28	15959767	15959696	Gln	TTG	0	0	74.2	54.70	19.50	Inf	Gln	105.6	high confidence set
Chromosome15	29	15877102	15877031	Gln	TTG	0	0	74.2	54.70	19.50	Inf	Gln	105.6	high confidence set
Chromosome15	30	15795132	15795061	Gln	TTG	0	0	64.5	50.00	14.50	Inf	Gln	89.4	high confidence set
Chromosome15	31	15772173	15772102	Gln	TTG	0	0	74.2	54.70	19.50	Inf	Gln	105.6	high confidence set
Chromosome15	32	15770152	15770081	Gln	TTG	0	0	74.2	54.70	19.50	Inf	Gln	105.6	high confidence set
Chromosome15	33	14659188	14659117	Cys	GCA	0	0	82.1	59.90	22.20	Inf	Cys	106.6	high confidence set
Chromosome15	34	14656558	14656487	Cys	GCA	0	0	82.1	59.90	22.20	Inf	Cys	106.6	high confidence set
Chromosome15	35	13623369	13623298	Gln	CTG	0	0	75.3	51.20	24.10	Inf	Gln	103.1	high confidence set
Chromosome15	36	10820936	10820863	Asn	GTT	0	0	80.8	55.30	25.50	Inf	Asn	92.7	high confidence set
Chromosome15	37	10703436	10703352	Met	CAT	10703398	10703388	64.3	40.80	23.50	Inf	Met	104.0	high confidence set
Chromosome15	38	10579324	10579251	Val	AAC	0	0	72.9	48.60	24.30	Inf	Val	93.8	high confidence set
Chromosome15	39	8330374	8330302	Ala	AGC	0	0	63.4	38.20	25.20	Inf	Ala	98.3	high confidence set
Chromosome15	40	7914139	7914066	Arg	TCG	0	0	82.3	61.00	21.30	Inf	Arg	91.9	high confidence set
Chromosome15	41	5821301	5821229	Ala	AGC	0	0	63.4	38.70	24.70	Inf	Ala	96.4	high confidence set
Chromosome15	42	5683149	5683079	Gly	CCC	0	0	66.3	29.50	36.80	Inf	Gly	89.7	high confidence set
Chromosome15	43	5076508	5076425	Leu	CAA	0	0	81.0	54.60	26.40	Inf	Leu	125.6	high confidence set
Chromosome15	44	5066120	5066048	Phe	GAA	0	0	78.3	58.40	19.90	Inf	Phe	113.2	high confidence set
Chromosome15	45	4964243	4964172	Asp	GTC	0	0	69.8	46.80	23.00	Inf	Asp	95.8	high confidence set
Chromosome15	47	3393081	3393010	iMet	CAT	0	0	58.3	28.10	30.20	Inf	iMet	118.7	high confidence set
Chromosome15	48	1543313	1543242	Pro	AGG	0	0	67.4	34.70	32.70	Inf	Pro	112.3	high confidence set
Chromosome15	49	755566	755493	Thr	AGT	0	0	76.0	48.40	27.60	Inf	Thr	90.6	high confidence set
Chromosome16	1	634529	634601	Phe	GAA	0	0	78.3	58.40	19.90	Inf	Phe	113.2	high confidence set
Chromosome16	2	1034060	1034131	Trp	CCA	0	0	68.6	53.50	15.10	Inf	Trp	94.2	high confidence set
Chromosome16	3	2551630	2551701	Gln	CTG	0	0	72.9	48.70	24.20	Inf	Gln	103.4	high confidence set
Chromosome16	4	2752538	2752610	Val	TAC	0	0	77.8	43.10	34.70	Inf	Val	106.5	high confidence set
Chromosome16	5	2806201	2806273	Val	TAC	0	0	75.3	42.20	33.10	Inf	Val	99.8	high confidence set
Chromosome16	6	2944038	2944120	Leu	TAA	0	0	66.8	32.00	34.80	Inf	Leu	92.7	high confidence set
Chromosome16	7	3141183	3141255	Phe	GAA	0	0	78.3	58.40	19.90	Inf	Phe	113.2	high confidence set
Chromosome16	8	4214198	4214270	Glu	CTC	0	0	80.6	54.70	25.90	Inf	Glu	103.3	high confidence set
Chromosome16	9	4349509	4349582	Ile	TAT	0	0	85.9	70.60	15.30	Inf	Ile	103.9	high confidence set
Chromosome16	11	5834373	5834445	Glu	CTC	0	0	79.9	54.20	25.70	Inf	Glu	102.7	high confidence set
Chromosome16	12	5913862	5913943	Ser	GCT	0	0	80.9	46.50	34.40	Inf	Ser	108.0	high confidence set
Chromosome16	13	5931621	5931702	Ser	GCT	0	0	80.9	46.50	34.40	Inf	Ser	108.0	high confidence set
Chromosome16	14	5936301	5936382	Ser	GCT	0	0	80.9	46.50	34.40	Inf	Ser	108.0	high confidence set
Chromosome16	15	5939581	5939662	Ser	GCT	0	0	80.9	46.50	34.40	Inf	Ser	108.0	high confidence set
Chromosome16	16	5965947	5966028	Ser	GCT	0	0	80.9	46.50	34.40	Inf	Ser	108.0	high confidence set
Chromosome16	17	5978399	5978480	Ser	GCT	0	0	80.9	46.50	34.40	Inf	Ser	108.0	high confidence set
Chromosome16	18	5980009	5980090	Ser	GCT	0	0	80.9	46.50	34.40	Inf	Ser	108.0	high confidence set
Chromosome16	19	5982366	5982447	Ser	GCT	0	0	80.9	46.50	34.40	Inf	Ser	108.0	high confidence set
Chromosome16	20	5987946	5988027	Ser	GCT	0	0	80.9	46.50	34.40	Inf	Ser	108.0	high confidence set
Chromosome16	21	6571378	6571451	Ile	AAT	0	0	80.5	57.10	23.40	Inf	Ile	100.3	high confidence set
Chromosome16	22	6585812	6585885	Ile	AAT	0	0	77.2	56.60	20.60	Inf	Ile	103.3	high confidence set
Chromosome16	23	13633518	13633589	Lys	TTT	0	0	89.9	64.90	25.00	Inf	Lys	88.8	high confidence set
Chromosome16	24	29399669	29399750	Ser	AGA	0	0	75.9	41.00	34.90	Inf	Ser	111.1	high confidence set
Chromosome16	25	32114594	32114674	Leu	AAG	0	0	74.0	52.20	21.80	Inf	Leu	110.4	high confidence set
Chromosome16	26	32181444	32181515	Gly	TCC	0	0	71.8	45.40	26.40	Inf	Gly	82.6	high confidence set
Chromosome16	27	32368626	32368697	Gly	TCC	0	0	73.9	46.20	27.70	Inf	Gly	85.6	high confidence set
Chromosome16	28	33949605	33949534	Asp	GTC	0	0	61.5	44.40	17.10	Inf	Asp	85.1	high confidence set
Chromosome16	29	33536584	33536511	Asn	GTT	0	0	84.5	59.40	25.10	Inf	Asn	95.9	high confidence set
Chromosome16	30	29851893	29851821	Ala	TGC	0	0	58.0	33.10	24.90	Inf	Ala	89.9	high confidence set
Chromosome16	31	29850433	29850361	Ala	TGC	0	0	64.9	42.20	22.70	Inf	Ala	95.4	high confidence set
Chromosome16	32	29841262	29841190	Ala	TGC	0	0	64.6	38.70	25.90	Inf	Ala	97.4	high confidence set
Chromosome16	33	29332289	29332218	Asp	GTC	0	0	70.4	47.40	23.00	Inf	Asp	94.4	high confidence set
Chromosome16	34	29100711	29100640	Asp	GTC	0	0	65.4	45.10	20.30	Inf	Asp	89.2	high confidence set
Chromosome16	35	27613482	27613411	iMet	CAT	0	0	58.3	28.10	30.20	Inf	iMet	118.7	high confidence set
Chromosome16	36	27286612	27286531	Ser	CGA	0	0	78.9	46.60	32.30	Inf	Ser	122.0	high confidence set
Chromosome16	39	14496446	14496374	Ala	TGC	0	0	69.1	43.30	25.80	Inf	Ala	101.9	high confidence set
Chromosome16	40	13944777	13944706	Lys	TTT	0	0	89.9	64.90	25.00	Inf	Lys	88.8	high confidence set
Chromosome16	41	13938383	13938312	Lys	TTT	0	0	89.9	64.90	25.00	Inf	Lys	88.8	high confidence set
Chromosome16	42	13819476	13819405	Lys	TTT	0	0	89.9	64.90	25.00	Inf	Lys	88.8	high confidence set
Chromosome16	43	13780246	13780175	Lys	TTT	0	0	89.9	64.90	25.00	Inf	Lys	88.8	high confidence set
Chromosome16	45	5803012	5802932	Leu	AAG	0	0	74.0	52.20	21.80	Inf	Leu	110.4	high confidence set
Chromosome16	46	4862641	4862571	Gly	GCC	0	0	66.5	44.80	21.70	Inf	Gly	94.4	high confidence set
Chromosome16	47	4860955	4860885	Gly	GCC	0	0	66.5	44.80	21.70	Inf	Gly	94.4	high confidence set
Chromosome16	48	2338628	2338557	Gly	TCC	0	0	73.3	45.70	27.60	Inf	Gly	86.3	high confidence set
Chromosome16	49	2081573	2081493	Leu	AAG	0	0	74.0	52.20	21.80	Inf	Leu	110.4	high confidence set
Chromosome16	50	1162497	1162418	Leu	TAG	0	0	69.5	48.50	21.00	Inf	Leu	111.5	high confidence set
Chromosome12	1	1573858	1573930	Phe	GAA	0	0	78.3	58.40	19.90	Inf	Phe	113.2	high confidence set
Chromosome12	2	9255027	9255097	Gly	GCC	0	0	66.5	44.80	21.70	Inf	Gly	94.4	high confidence set
Chromosome12	3	9272706	9272776	Gly	GCC	0	0	58.9	44.70	14.20	Inf	Gly	89.5	high confidence set
Chromosome12	4	9561226	9561308	Leu	TAA	0	0	59.9	25.60	34.30	Inf	Leu	80.4	high confidence set
Chromosome12	5	9664891	9664973	Leu	TAA	0	0	63.8	27.70	36.10	Inf	Leu	86.1	high confidence set
Chromosome12	7	9665992	9666074	Leu	TAA	0	0	68.4	29.10	39.30	Inf	Leu	90.1	high confidence set
Chromosome12	8	9666571	9666653	Ser	TGA	0	0	54.3	25.60	28.70	Inf	Leu	71.4	IPD:-12.40,isotype mismatch
Chromosome12	10	13069957	13070039	Leu	TAA	0	0	71.0	33.00	38.00	Inf	Leu	93.8	high confidence set
Chromosome12	11	13365525	13365596	Gln	CTG	0	0	75.3	51.20	24.10	Inf	Gln	103.1	high confidence set
Chromosome12	13	14626774	14626844	Gly	GCC	0	0	66.5	44.80	21.70	Inf	Gly	94.4	high confidence set
Chromosome12	15	19775797	19775868	Asp	GTC	0	0	70.4	47.40	23.00	Inf	Asp	94.4	high confidence set
Chromosome12	16	21908637	21908710	Ile	AAT	0	0	81.8	58.30	23.50	Inf	Ile	106.8	high confidence set
Chromosome12	17	21914719	21914792	Ile	AAT	0	0	81.8	58.30	23.50	Inf	Ile	106.8	high confidence set
Chromosome12	18	24432510	24432581	Asp	GTC	0	0	69.8	46.80	23.00	Inf	Asp	95.8	high confidence set
Chromosome12	19	29150101	29150182	Ser	GCT	0	0	79.0	43.10	35.90	Inf	Ser	108.6	high confidence set
Chromosome12	20	31319951	31320022	iMet	CAT	0	0	58.3	28.10	30.20	Inf	iMet	118.7	high confidence set
Chromosome12	21	33360816	33360897	Ser	GCT	0	0	80.5	45.20	35.30	Inf	Ser	109.5	high confidence set
Chromosome12	22	34016052	34016136	Met	CAT	34016090	34016100	64.3	40.80	23.50	Inf	Met	104.0	high confidence set
Chromosome12	23	35416220	35416149	His	GTG	0	0	63.0	33.70	29.30	Inf	His	86.8	high confidence set
Chromosome12	24	34290733	34290649	Met	CAT	34290695	34290685	64.3	40.80	23.50	Inf	Met	104.0	high confidence set
Chromosome12	25	34288984	34288900	Met	CAT	34288946	34288936	64.3	40.80	23.50	Inf	Met	104.0	high confidence set
Chromosome12	26	33170829	33170757	Ala	CGC	0	0	68.3	44.10	24.20	Inf	Ala	99.2	high confidence set
Chromosome12	27	33143113	33143041	Arg	CCT	0	0	72.3	51.10	21.20	Inf	Arg	81.9	high confidence set
Chromosome12	28	31754684	31754611	Thr	AGT	0	0	74.7	46.20	28.50	Inf	Thr	89.4	high confidence set
Chromosome12	30	15741532	15741449	Leu	TAA	0	0	63.2	26.70	36.50	Inf	Leu	80.2	high confidence set
Chromosome12	31	15707557	15707475	Leu	TAA	0	0	68.4	29.10	39.30	Inf	Leu	90.1	high confidence set
Chromosome12	32	10080394	10080323	Asn	GTT	0	0	67.0	44.40	22.60	Inf	Asn	74.6	high confidence set
Chromosome12	35	6163762	6163682	Leu	CAG	0	0	69.5	46.80	22.70	Inf	Leu	109.7	high confidence set
Chromosome12	36	5485566	5485494	Glu	CTC	0	0	79.9	54.20	25.70	Inf	Glu	102.7	high confidence set
Chromosome12	37	3886898	3886814	Met	CAT	3886860	3886850	64.3	40.80	23.50	Inf	Met	104.0	high confidence set
Chromosome12	38	3886568	3886484	Met	CAT	3886530	3886520	64.3	40.80	23.50	Inf	Met	104.0	high confidence set
Chromosome12	39	3886229	3886145	Met	CAT	3886191	3886181	64.3	40.80	23.50	Inf	Met	104.0	high confidence set
Chromosome12	40	3503924	3503851	Val	AAC	0	0	72.9	48.60	24.30	Inf	Val	93.8	high confidence set
Chromosome12	41	1329533	1329451	Leu	TAA	0	0	68.4	29.10	39.30	Inf	Leu	90.1	high confidence set
Chromosome12	42	996974	996893	Ser	TGA	0	0	77.6	45.00	32.60	Inf	Ser	115.8	high confidence set
Chromosome12	43	708110	708039	Gln	TTG	0	0	73.5	53.70	19.80	Inf	Gln	104.8	high confidence set
Chromosome17	1	12929957	12930028	Gln	TTG	0	0	74.2	54.70	19.50	Inf	Gln	105.6	high confidence set
Chromosome17	2	15208986	15209056	Gly	GCC	0	0	66.5	44.80	21.70	Inf	Gly	94.4	high confidence set
Chromosome17	3	21024633	21024704	Trp	CCA	0	0	75.8	51.20	24.60	Inf	Trp	105.6	high confidence set
Chromosome17	5	23090546	23090617	Asp	GTC	0	0	67.1	44.10	23.00	Inf	Asp	97.2	high confidence set
Chromosome17	6	23325471	23325542	Gln	CTG	0	0	72.9	48.70	24.20	Inf	Gln	103.4	high confidence set
Chromosome17	7	23771303	23771375	Val	TAC	0	0	77.8	43.10	34.70	Inf	Val	106.5	high confidence set
Chromosome17	8	24074792	24074864	Val	TAC	0	0	77.8	43.10	34.70	Inf	Val	106.5	high confidence set
Chromosome17	9	24207693	24207775	Leu	TAA	0	0	65.9	31.50	34.40	Inf	Leu	91.2	high confidence set
Chromosome17	10	24282172	24282244	Phe	GAA	0	0	78.3	58.40	19.90	Inf	Phe	113.2	high confidence set
Chromosome17	11	24948606	24948679	Ile	TAT	0	0	83.5	68.10	15.40	Inf	Ile	98.4	high confidence set
Chromosome17	12	24948755	24948828	Ile	TAT	0	0	84.9	69.00	15.90	Inf	Ile	98.9	high confidence set
Chromosome17	14	24949026	24949099	Ile	TAT	0	0	85.9	70.60	15.30	Inf	Ile	103.9	high confidence set
Chromosome17	15	25095197	25095270	Thr	AGT	0	0	75.0	46.80	28.20	Inf	Thr	89.8	high confidence set
Chromosome17	16	25696526	25696598	Glu	CTC	0	0	71.9	52.80	19.10	Inf	Glu	93.5	high confidence set
Chromosome17	17	25817853	25817926	Ile	AAT	0	0	77.6	54.10	23.50	Inf	Ile	99.7	high confidence set
Chromosome17	18	26040031	26040103	Lys	CTT	0	0	79.3	64.00	15.30	Inf	Thr	78.8	IPD:-29.50,isotype mismatch
Chromosome17	19	26041225	26041296	Lys	TTT	0	0	75.6	58.00	17.60	Inf	Thr	79.8	IPD:-31.90,isotype mismatch
Chromosome17	21	31793020	31793091	Asp	GTC	0	0	69.8	46.80	23.00	Inf	Asp	95.8	high confidence set
Chromosome17	22	32858814	32858885	Gly	TCC	0	0	73.9	46.20	27.70	Inf	Gly	85.6	high confidence set
Chromosome17	23	32881473	32881546	Asn	GTT	0	0	75.1	53.60	21.50	Inf	Asn	87.4	high confidence set
Chromosome17	24	32350814	32350741	Asn	GTT	0	0	84.5	59.40	25.10	Inf	Asn	95.9	high confidence set
Chromosome17	25	31501653	31501582	Gly	TCC	0	0	73.9	46.20	27.70	Inf	Gly	85.6	high confidence set
Chromosome17	26	30771473	30771402	Glu	TTC	0	0	73.2	48.70	24.50	Inf	Glu	99.0	high confidence set
Chromosome17	27	30408990	30408911	Leu	TAG	0	0	69.5	48.50	21.00	Inf	Leu	111.5	high confidence set
Chromosome17	28	29050052	29049979	Asn	GTT	0	0	81.7	56.30	25.40	Inf	Asn	94.2	high confidence set
Chromosome17	29	28611607	28611534	Val	AAC	0	0	72.9	48.60	24.30	Inf	Val	93.8	high confidence set
Chromosome17	30	25714764	25714683	Ser	GCT	0	0	80.9	46.50	34.40	Inf	Ser	108.0	high confidence set
Chromosome17	31	25605744	25605664	Leu	AAG	0	0	74.0	52.20	21.80	Inf	Leu	110.4	high confidence set
Chromosome17	32	21590542	21590463	Leu	TAG	0	0	69.5	48.50	21.00	Inf	Leu	111.5	high confidence set
Chromosome17	33	21180931	21180859	Ala	TGC	0	0	58.9	39.40	19.50	Inf	Ala	90.3	high confidence set
Chromosome17	34	20417195	20417124	His	GTG	0	0	63.2	34.00	29.20	Inf	His	90.5	high confidence set
Chromosome17	35	11784141	11784069	Ala	AGC	0	0	63.4	38.20	25.20	Inf	Ala	98.3	high confidence set
Chromosome17	36	11747855	11747783	Ala	AGC	0	0	56.9	37.30	19.60	Inf	Ala	90.7	high confidence set
Chromosome17	37	11712262	11712190	Ala	AGC	0	0	63.4	38.20	25.20	Inf	Ala	98.3	high confidence set
Chromosome17	38	5812487	5812403	Met	CAT	5812449	5812439	64.3	40.80	23.50	Inf	Met	104.0	high confidence set
Chromosome13	1	1956573	1956645	Phe	GAA	0	0	71.2	60.60	10.60	Inf	Phe	102.9	high confidence set
Chromosome13	2	1960155	1960227	Phe	GAA	0	0	78.3	58.40	19.90	Inf	Phe	113.2	high confidence set
Chromosome13	3	5292266	5292337	Trp	CCA	0	0	75.8	51.20	24.60	Inf	Trp	105.6	high confidence set
Chromosome13	4	5295462	5295533	Trp	CCA	0	0	75.8	51.20	24.60	Inf	Trp	105.6	high confidence set
Chromosome13	5	5298351	5298422	Trp	CCA	0	0	75.8	51.20	24.60	Inf	Trp	105.6	high confidence set
Chromosome13	6	5558242	5558314	Lys	TTT	0	0	89.7	65.30	24.40	Inf	Lys	92.7	high confidence set
Chromosome13	7	7923252	7923333	Ser	TGA	0	0	80.7	46.10	34.60	Inf	Ser	119.7	high confidence set
Chromosome13	8	7929172	7929253	Ser	TGA	0	0	80.0	45.30	34.70	Inf	Ser	119.3	high confidence set
Chromosome13	9	8913792	8913873	Ser	TGA	0	0	80.7	46.10	34.60	Inf	Ser	119.7	high confidence set
Chromosome13	10	8916602	8916689	Ser	TGA	0	0	62.0	38.50	23.50	Inf	Ser	96.2	trunc_end:5,high confidence set
Chromosome13	11	8920402	8920483	Ser	TGA	0	0	80.7	46.10	34.60	Inf	Ser	119.7	high confidence set
Chromosome13	12	9825921	9826002	Ser	TGA	0	0	80.7	46.10	34.60	Inf	Ser	119.7	high confidence set
Chromosome13	13	9855547	9855628	Ser	TGA	0	0	80.7	46.10	34.60	Inf	Ser	119.7	high confidence set
Chromosome13	14	9875648	9875729	Ser	TGA	0	0	80.0	45.30	34.70	Inf	Ser	119.3	high confidence set
Chromosome13	15	9901886	9901967	Ser	TGA	0	0	80.0	45.30	34.70	Inf	Ser	119.3	high confidence set
Chromosome13	17	25394084	25394168	Met	CAT	25394122	25394132	63.2	39.80	23.40	Inf	Met	100.7	high confidence set
Chromosome13	18	25394252	25394336	Met	CAT	25394290	25394300	55.4	41.50	13.90	Inf	Met	90.8	high confidence set
Chromosome13	19	29469631	29469703	Ala	CGC	0	0	67.9	43.80	24.10	Inf	Ala	99.4	high confidence set
Chromosome13	20	29553161	29553233	Arg	CCT	0	0	72.3	51.10	21.20	Inf	Arg	81.9	high confidence set
Chromosome13	21	31587927	31588000	Thr	AGT	0	0	74.7	46.20	28.50	Inf	Thr	89.4	high confidence set
Chromosome13	22	31826632	31826704	Phe	GAA	0	0	78.3	58.40	19.90	Inf	Phe	113.2	high confidence set
Chromosome13	23	34435520	34435591	Asp	GTC	0	0	69.8	46.80	23.00	Inf	Asp	95.8	high confidence set
Chromosome13	24	34436628	34436699	Asp	GTC	0	0	70.4	47.40	23.00	Inf	Asp	94.4	high confidence set
Chromosome13	25	35891907	35891977	Gly	GCC	0	0	66.5	44.80	21.70	Inf	Gly	94.4	high confidence set
Chromosome13	26	36349279	36349207	Val	TAC	0	0	78.2	43.80	34.40	Inf	Val	106.2	high confidence set
Chromosome13	27	33696555	33696484	Trp	CCA	0	0	75.8	51.20	24.60	Inf	Trp	105.6	high confidence set
Chromosome13	29	16913889	16913818	His	GTG	0	0	59.0	33.30	25.70	Inf	His	80.1	high confidence set
Chromosome13	30	16883959	16883888	His	GTG	0	0	63.0	33.70	29.30	Inf	His	87.1	high confidence set
Chromosome13	31	5299226	5299142	Met	CAT	5299188	5299178	64.3	40.80	23.50	Inf	Met	104.0	high confidence set
Chromosome13	32	5296635	5296551	Met	CAT	5296597	5296587	64.3	40.80	23.50	Inf	Met	104.0	high confidence set
Chromosome13	33	5295285	5295213	Arg	TCT	0	0	68.1	50.00	18.10	Inf	Arg	96.3	high confidence set
Chromosome13	34	5294879	5294807	Arg	TCT	0	0	70.0	49.50	20.50	Inf	Arg	96.3	high confidence set
Chromosome13	35	5293096	5293012	Met	CAT	5293058	5293048	64.3	40.80	23.50	Inf	Met	104.0	high confidence set
Chromosome13	36	5291464	5291392	Arg	TCT	0	0	70.0	49.50	20.50	Inf	Arg	96.3	high confidence set
Chromosome13	37	5284525	5284441	Met	CAT	5284487	5284477	64.3	40.80	23.50	Inf	Met	104.0	high confidence set
Chromosome13	38	5284218	5284134	Met	CAT	5284180	5284170	64.3	40.80	23.50	Inf	Met	104.0	high confidence set
Chromosome13	39	1912951	1912878	Val	AAC	0	0	72.9	48.60	24.30	Inf	Val	93.8	high confidence set
Chromosome13	40	1726554	1726472	Leu	TAA	0	0	68.4	29.10	39.30	Inf	Leu	90.1	high confidence set
Chromosome13	41	1131588	1131517	Gln	TTG	0	0	73.5	53.70	19.80	Inf	Gln	104.8	high confidence set
Chromosome18	1	923556	923635	Leu	TAG	0	0	69.5	48.50	21.00	Inf	Leu	111.5	high confidence set
Chromosome18	3	3267329	3267414	Tyr	GTA	3267366	3267378	74.5	43.00	31.50	Inf	Tyr	111.8	high confidence set
Chromosome18	4	4720202	4720274	Ala	AGC	0	0	63.4	38.20	25.20	Inf	Ala	98.3	high confidence set
Chromosome18	5	5960683	5960767	Met	CAT	5960721	5960731	64.2	40.80	23.40	Inf	Met	104.0	high confidence set
Chromosome18	6	5974490	5974583	Tyr	GTA	5974527	5974547	74.2	42.70	31.50	Inf	Tyr	111.8	high confidence set
Chromosome18	7	6383481	6383553	Arg	ACG	0	0	72.0	49.70	22.30	Inf	Arg	93.9	high confidence set
Chromosome18	8	6457374	6457446	Arg	TCT	0	0	70.0	49.50	20.50	Inf	Arg	96.3	high confidence set
Chromosome18	9	7076053	7076124	Gln	TTG	0	0	74.2	54.70	19.50	Inf	Gln	105.6	high confidence set
Chromosome18	10	15595733	15595804	Gln	CTG	0	0	74.3	49.60	24.70	Inf	Gln	103.3	high confidence set
Chromosome18	11	16297597	16297667	Gly	GCC	0	0	66.5	44.80	21.70	Inf	Gly	94.4	high confidence set
Chromosome18	13	21564438	21564510	Arg	CCT	0	0	69.1	50.30	18.80	Inf	Arg	81.2	high confidence set
Chromosome18	15	27803868	27803795	Ile	AAT	0	0	81.8	58.30	23.50	Inf	Ile	106.8	high confidence set
Chromosome18	16	24523705	24523635	Gly	GCC	0	0	66.5	44.80	21.70	Inf	Gly	94.4	high confidence set
Chromosome18	17	16613654	16613584	Gly	GCC	0	0	66.5	44.80	21.70	Inf	Gly	94.4	high confidence set
Chromosome18	19	10060297	10060225	Arg	CCT	0	0	59.8	44.60	15.20	Inf	Arg	72.5	high confidence set
Chromosome18	20	10013983	10013911	Arg	CCT	0	0	69.1	50.30	18.80	Inf	Arg	81.2	high confidence set
Chromosome18	21	9979915	9979843	Arg	CCT	0	0	69.1	50.30	18.80	Inf	Arg	81.2	high confidence set
Chromosome18	22	9854108	9854037	Glu	TTC	0	0	72.0	47.50	24.50	Inf	Glu	101.6	high confidence set
Chromosome18	23	9825066	9824996	Gly	GCC	0	0	66.5	44.80	21.70	Inf	Gly	94.4	high confidence set
Chromosome18	24	9822721	9822651	Gly	GCC	0	0	66.5	44.80	21.70	Inf	Gly	94.4	high confidence set
Chromosome18	25	6454392	6454321	Trp	CCA	0	0	75.8	51.20	24.60	Inf	Trp	105.6	high confidence set
Chromosome18	26	6155018	6154946	Lys	CTT	0	0	86.8	66.60	20.20	Inf	Lys	107.7	high confidence set
Chromosome18	27	4100030	4099959	Pro	TGG	0	0	68.5	35.70	32.80	Inf	Pro	111.2	high confidence set
Chromosome18	28	4099797	4099726	Pro	TGG	0	0	60.5	36.10	24.40	Inf	Pro	102.7	high confidence set
Chromosome18	29	3258852	3258780	Arg	CCT	0	0	69.1	50.30	18.80	Inf	Arg	81.2	high confidence set
Chromosome18	30	2991264	2991192	Phe	GAA	0	0	78.3	58.40	19.90	Inf	Phe	113.2	high confidence set
Chromosome18	31	2991110	2991038	Phe	GAA	0	0	75.0	58.10	16.90	Inf	Phe	108.7	high confidence set
Chromosome18	32	2990958	2990886	Phe	GAA	0	0	78.3	58.40	19.90	Inf	Phe	113.2	high confidence set
Chromosome18	34	2514428	2514357	Asp	GTC	0	0	70.4	47.40	23.00	Inf	Asp	94.4	high confidence set
Chromosome18	35	2514209	2514138	Asp	GTC	0	0	70.4	47.40	23.00	Inf	Asp	94.4	high confidence set
Chromosome18	37	2258733	2258661	Ala	AGC	0	0	63.4	38.20	25.20	Inf	Ala	98.3	high confidence set
Chromosome18	38	2090191	2090108	Leu	CAA	0	0	81.0	54.60	26.40	Inf	Leu	125.6	high confidence set
Scaffold25	1	9023	8950	Asn	GTT	0	0	84.5	59.40	25.10	Inf	Asn	95.9	high confidence set
