Sequence                		tRNA    	Bounds  	tRNA	Anti	Intron Bounds	Inf	HMM	2'Str	Hit	Isotype	Isotype	      
Name                    	tRNA#	Begin   	End     	Type	Codon	Begin	End	Score	Score	Score	Origin	CM	Score	Note
--------                	------	-----   	------  	----	-----	-----	----	------	-----	-----	------	-------	-------	------
AmTr_v1.0_scaffold00001	1	1561848	1561919	Thr	TGT	0	0	78.3	47.60	30.70	Inf	Thr	91.5	high confidence set
AmTr_v1.0_scaffold00001	2	2036067	2036138	Asp	GTC	0	0	67.0	47.30	19.70	Inf	Asp	96.4	high confidence set
AmTr_v1.0_scaffold00001	3	3111172	3111243	Lys	TTT	0	0	92.3	68.60	23.70	Inf	Lys	97.5	high confidence set
AmTr_v1.0_scaffold00001	4	6385515	6385596	Ser	GCT	0	0	80.5	45.20	35.30	Inf	Ser	109.5	high confidence set
AmTr_v1.0_scaffold00001	9	11349657	11349585	Glu	CTC	0	0	78.9	53.10	25.80	Inf	Glu	94.8	high confidence set
AmTr_v1.0_scaffold00001	13	6557316	6557244	Glu	CTC	0	0	78.9	53.10	25.80	Inf	Glu	99.2	high confidence set
AmTr_v1.0_scaffold00001	14	3981775	3981704	Pro	CGG	0	0	68.5	36.10	32.40	Inf	Pro	108.5	high confidence set
AmTr_v1.0_scaffold00001	15	2342276	2342205	Asp	GTC	0	0	69.8	46.80	23.00	Inf	Asp	95.8	high confidence set
AmTr_v1.0_scaffold00002	1	2078451	2078523	Phe	GAA	0	0	73.9	54.30	19.60	Inf	Phe	107.4	high confidence set
AmTr_v1.0_scaffold00002	5	9290295	9290379	Tyr	GTA	9290332	9290343	74.5	43.00	31.50	Inf	Tyr	111.8	high confidence set
AmTr_v1.0_scaffold00002	7	10297223	10297152	Lys	TTT	0	0	89.4	65.80	23.60	Inf	Lys	97.7	high confidence set
AmTr_v1.0_scaffold00002	9	4642651	4642566	Met	CAT	4642613	4642602	63.2	39.70	23.50	Inf	Met	100.7	high confidence set
AmTr_v1.0_scaffold00003	5	9279458	9279387	Asp	GTC	0	0	69.8	46.80	23.00	Inf	Asp	95.8	high confidence set
AmTr_v1.0_scaffold00003	6	8633676	8633606	Gly	GCC	0	0	50.2	34.00	16.20	Inf	Gly	75.8	high confidence set
AmTr_v1.0_scaffold00003	9	1317739	1317667	Ala	TGC	0	0	63.7	38.60	25.10	Inf	Ala	96.5	high confidence set
AmTr_v1.0_scaffold00004	1	998947	999017	Gly	GCC	0	0	66.5	44.80	21.70	Inf	Gly	94.4	high confidence set
AmTr_v1.0_scaffold00004	2	2047903	2047975	Arg	CCT	0	0	68.4	51.40	17.00	Inf	Arg	78.8	high confidence set
AmTr_v1.0_scaffold00004	3	2050776	2050848	Arg	CCT	0	0	69.1	50.30	18.80	Inf	Arg	81.2	high confidence set
AmTr_v1.0_scaffold00004	4	2281848	2281920	Glu	CTC	0	0	78.9	53.10	25.80	Inf	Glu	99.2	high confidence set
AmTr_v1.0_scaffold00005	3	6751015	6750943	Lys	CTT	0	0	87.7	67.60	20.10	Inf	Lys	106.7	high confidence set
AmTr_v1.0_scaffold00006	2	5999555	5999628	Val	TAC	0	0	78.4	44.70	33.70	Inf	Val	103.6	high confidence set
AmTr_v1.0_scaffold00006	3	6583021	6583094	Ile	AAT	0	0	81.8	58.30	23.50	Inf	Ile	106.8	high confidence set
AmTr_v1.0_scaffold00006	4	7625802	7625731	iMet	CAT	0	0	54.2	20.40	33.80	Inf	iMet	110.3	high confidence set
AmTr_v1.0_scaffold00007	1	517441	517514	Ile	TAT	0	0	81.1	62.80	18.30	Inf	Ile	98.7	high confidence set
AmTr_v1.0_scaffold00007	3	3449428	3449498	Gly	GCC	0	0	66.5	44.80	21.70	Inf	Gly	94.4	high confidence set
AmTr_v1.0_scaffold00007	6	7850977	7851049	Ala	CGC	0	0	68.2	44.00	24.20	Inf	Ala	95.8	high confidence set
AmTr_v1.0_scaffold00007	8	3005857	3005772	Met	CAT	3005819	3005808	64.2	40.70	23.50	Inf	Met	104.0	high confidence set
AmTr_v1.0_scaffold00007	10	2052078	2052008	Gly	GCC	0	0	66.5	44.80	21.70	Inf	Gly	94.4	high confidence set
AmTr_v1.0_scaffold00009	2	5320559	5320640	Ser	CGA	0	0	75.3	42.00	33.30	Inf	Ser	114.4	high confidence set
AmTr_v1.0_scaffold00009	3	6211772	6211843	Asp	GTC	0	0	69.8	46.80	23.00	Inf	Asp	95.8	high confidence set
AmTr_v1.0_scaffold00009	4	7552487	7552558	Pro	TGG	0	0	70.0	38.50	31.50	Inf	Pro	106.5	high confidence set
AmTr_v1.0_scaffold00009	5	6512594	6512522	Cys	GCA	0	0	63.4	41.70	21.70	Inf	Cys	75.4	high confidence set
AmTr_v1.0_scaffold00009	6	6390067	6389984	Leu	TAA	0	0	69.4	35.40	34.00	Inf	Leu	89.7	high confidence set
AmTr_v1.0_scaffold00010	3	4550580	4550661	Ser	GCT	0	0	80.5	45.20	35.30	Inf	Ser	109.5	high confidence set
AmTr_v1.0_scaffold00010	4	7018935	7019015	Leu	AAG	0	0	74.0	52.20	21.80	Inf	Leu	110.4	high confidence set
AmTr_v1.0_scaffold00010	5	7572377	7572457	Leu	CAG	0	0	69.5	46.80	22.70	Inf	Leu	109.7	high confidence set
AmTr_v1.0_scaffold00010	6	8929176	8929247	Pro	AGG	0	0	67.4	34.70	32.70	Inf	Pro	112.3	high confidence set
AmTr_v1.0_scaffold00010	7	7344967	7344894	Glu	TTC	0	0	64.1	37.70	26.40	Inf	Glu	91.0	high confidence set
AmTr_v1.0_scaffold00010	9	5168913	5168842	Trp	CCA	0	0	75.8	51.20	24.60	Inf	Trp	105.6	high confidence set
AmTr_v1.0_scaffold00011	3	5048848	5048762	Ser	GGA	0	0	66.9	37.90	29.00	Inf	Ser	79.5	unexpected anticodon
AmTr_v1.0_scaffold00012	1	615450	615530	Leu	AAG	0	0	74.3	53.30	21.00	Inf	Leu	109.7	high confidence set
AmTr_v1.0_scaffold00012	2	1820115	1820186	His	GTG	0	0	63.0	33.70	29.30	Inf	His	87.1	high confidence set
AmTr_v1.0_scaffold00012	3	1867949	1868021	Arg	CCG	0	0	80.4	58.30	22.10	Inf	Arg	84.6	high confidence set
AmTr_v1.0_scaffold00012	6	8306943	8306870	Val	CAC	0	0	82.4	54.40	28.00	Inf	Val	103.7	high confidence set
AmTr_v1.0_scaffold00012	9	4635742	4635669	Lys	CTT	0	0	63.0	52.40	10.60	Inf	Lys	73.1	high confidence set
AmTr_v1.0_scaffold00013	5	3220830	3220902	Lys	TTT	0	0	88.7	64.40	24.30	Inf	Lys	93.7	high confidence set
AmTr_v1.0_scaffold00013	6	7002495	7002423	Lys	TTT	0	0	88.7	64.40	24.30	Inf	Lys	93.7	high confidence set
AmTr_v1.0_scaffold00013	8	2852855	2852784	Asp	GTC	0	0	69.8	46.80	23.00	Inf	Asp	95.8	high confidence set
AmTr_v1.0_scaffold00014	1	863178	863250	Arg	ACG	0	0	72.1	49.80	22.30	Inf	Arg	89.5	high confidence set
AmTr_v1.0_scaffold00016	3	5520924	5521005	Ser	AGA	0	0	79.4	43.10	36.30	Inf	Ser	115.0	high confidence set
AmTr_v1.0_scaffold00016	4	7225533	7225613	Leu	CAG	0	0	69.5	46.80	22.70	Inf	Leu	109.7	high confidence set
AmTr_v1.0_scaffold00016	5	7226983	7227055	Lys	CTT	0	0	88.3	68.20	20.10	Inf	Lys	101.1	high confidence set
AmTr_v1.0_scaffold00017	1	113773	113844	Pro	AGG	0	0	67.4	34.70	32.70	Inf	Pro	112.3	high confidence set
AmTr_v1.0_scaffold00017	2	892760	892831	Asp	GTC	0	0	69.8	46.80	23.00	Inf	Asp	95.8	high confidence set
AmTr_v1.0_scaffold00017	3	2434790	2434861	Gln	TTG	0	0	73.5	53.70	19.80	Inf	Gln	104.8	high confidence set
AmTr_v1.0_scaffold00018	1	247362	247434	Ala	AGC	0	0	52.6	34.40	18.20	Inf	Ala	84.1	high confidence set
AmTr_v1.0_scaffold00019	1	6862441	6862522	Ser	TGA	0	0	80.7	46.10	34.60	Inf	Ser	119.7	high confidence set
AmTr_v1.0_scaffold00019	2	4664300	4664227	Thr	AGT	0	0	77.5	49.10	28.40	Inf	Thr	91.2	high confidence set
AmTr_v1.0_scaffold00019	3	3713443	3713371	Ala	TGC	0	0	63.7	38.60	25.10	Inf	Ala	96.5	high confidence set
AmTr_v1.0_scaffold00021	2	4371284	4371357	Asn	GTT	0	0	80.0	54.90	25.10	Inf	Asn	93.1	high confidence set
AmTr_v1.0_scaffold00021	3	4684890	4684961	Cys	GCA	0	0	82.1	59.90	22.20	Inf	Cys	106.6	high confidence set
AmTr_v1.0_scaffold00021	4	6276785	6276712	Asn	GTT	0	0	80.0	54.90	25.10	Inf	Asn	93.1	high confidence set
AmTr_v1.0_scaffold00021	5	4972226	4972155	Gln	CTG	0	0	74.3	49.60	24.70	Inf	Gln	103.3	high confidence set
AmTr_v1.0_scaffold00021	6	1773656	1773573	Leu	CAA	0	0	81.0	54.60	26.40	Inf	Leu	125.6	high confidence set
AmTr_v1.0_scaffold00022	1	4376695	4376765	Gly	CCC	0	0	66.3	29.50	36.80	Inf	Gly	89.7	high confidence set
AmTr_v1.0_scaffold00022	2	6063014	6063085	Cys	GCA	0	0	82.1	59.90	22.20	Inf	Cys	106.6	high confidence set
AmTr_v1.0_scaffold00022	3	4044533	4044460	Ile	AAT	0	0	81.8	58.30	23.50	Inf	Ile	106.8	high confidence set
AmTr_v1.0_scaffold00022	5	906070	905998	Arg	TCG	0	0	73.9	54.70	19.20	Inf	Arg	86.5	high confidence set
AmTr_v1.0_scaffold00023	1	5228771	5228852	Ser	AGA	0	0	76.3	41.60	34.70	Inf	Ser	112.1	high confidence set
AmTr_v1.0_scaffold00023	2	4620429	4620358	Lys	TTT	0	0	86.9	63.20	23.70	Inf	Lys	90.6	high confidence set
AmTr_v1.0_scaffold00024	1	963615	963686	Trp	CCA	0	0	75.8	51.20	24.60	Inf	Trp	105.6	high confidence set
AmTr_v1.0_scaffold00024	3	2770251	2770332	Ser	GCT	0	0	80.5	45.20	35.30	Inf	Ser	109.5	high confidence set
AmTr_v1.0_scaffold00024	4	5065306	5065378	Ala	AGC	0	0	59.6	39.10	20.50	Inf	Ala	90.8	high confidence set
AmTr_v1.0_scaffold00024	5	4334934	4334845	Tyr	GTA	4334897	4334881	74.3	42.80	31.50	Inf	Tyr	111.8	high confidence set
AmTr_v1.0_scaffold00025	2	5925423	5925351	Lys	CTT	0	0	87.7	67.60	20.10	Inf	Lys	106.7	high confidence set
AmTr_v1.0_scaffold00025	3	5917714	5917642	Lys	CTT	0	0	87.7	67.60	20.10	Inf	Lys	106.7	high confidence set
AmTr_v1.0_scaffold00025	4	4751014	4750942	Ala	AGC	0	0	63.4	38.20	25.20	Inf	Ala	98.3	high confidence set
AmTr_v1.0_scaffold00025	5	791587	791515	Val	TAC	0	0	79.6	46.30	33.30	Inf	Val	107.8	high confidence set
AmTr_v1.0_scaffold00029	2	549184	549255	Asp	GTC	0	0	67.0	47.30	19.70	Inf	Asp	95.1	high confidence set
AmTr_v1.0_scaffold00029	4	2087740	2087810	Gly	GCC	0	0	66.5	44.80	21.70	Inf	Gly	94.4	high confidence set
AmTr_v1.0_scaffold00029	7	5499047	5498963	Tyr	GTA	5499010	5498999	75.2	44.10	31.10	Inf	Tyr	105.0	high confidence set
AmTr_v1.0_scaffold00029	9	2603826	2603754	Ala	TGC	0	0	54.1	37.30	16.80	Inf	Ala	87.8	high confidence set
AmTr_v1.0_scaffold00029	10	2072782	2072709	Ile	TAT	0	0	82.4	63.80	18.60	Inf	Ile	100.5	high confidence set
AmTr_v1.0_scaffold00029	11	614045	613974	Asp	GTC	0	0	67.0	47.30	19.70	Inf	Asp	96.4	high confidence set
AmTr_v1.0_scaffold00029	12	317318	317246	Phe	GAA	0	0	78.3	58.40	19.90	Inf	Phe	113.2	high confidence set
AmTr_v1.0_scaffold00030	1	478266	478337	Gln	TTG	0	0	73.5	53.70	19.80	Inf	Gln	104.8	high confidence set
AmTr_v1.0_scaffold00030	2	1310738	1310810	Phe	GAA	0	0	78.3	58.40	19.90	Inf	Phe	113.2	high confidence set
AmTr_v1.0_scaffold00030	3	5186060	5186130	Gly	GCC	0	0	66.5	44.80	21.70	Inf	Gly	94.4	high confidence set
AmTr_v1.0_scaffold00031	1	1814584	1814655	Cys	GCA	0	0	82.1	59.90	22.20	Inf	Cys	106.6	high confidence set
AmTr_v1.0_scaffold00031	2	2305088	2305016	Arg	TCT	0	0	64.0	46.60	17.40	Inf	Arg	87.8	high confidence set
AmTr_v1.0_scaffold00032	1	289824	289896	Arg	CCG	0	0	69.2	51.50	17.70	Inf	Arg	95.2	high confidence set
AmTr_v1.0_scaffold00032	2	399332	399403	Asn	GTT	0	0	74.2	51.20	23.00	Inf	Asn	74.6	high confidence set
AmTr_v1.0_scaffold00032	3	565775	565846	Asp	GTC	0	0	67.0	47.30	19.70	Inf	Asp	96.4	high confidence set
AmTr_v1.0_scaffold00032	4	1101587	1101659	Lys	TTT	0	0	90.5	66.90	23.60	Inf	Lys	95.4	high confidence set
AmTr_v1.0_scaffold00032	5	2172800	2172872	Phe	GAA	0	0	78.3	58.40	19.90	Inf	Phe	113.2	high confidence set
AmTr_v1.0_scaffold00032	6	2181058	2181130	Phe	GAA	0	0	78.3	58.40	19.90	Inf	Phe	113.2	high confidence set
AmTr_v1.0_scaffold00032	7	2394546	2394633	Met	CAT	2394584	2394597	64.1	40.70	23.40	Inf	Met	104.0	high confidence set
AmTr_v1.0_scaffold00032	8	5778911	5778984	Val	AAC	0	0	73.2	49.00	24.20	Inf	Val	95.8	high confidence set
AmTr_v1.0_scaffold00032	12	2915255	2915183	Phe	GAA	0	0	78.3	58.40	19.90	Inf	Phe	113.2	high confidence set
AmTr_v1.0_scaffold00032	13	2185277	2185206	Trp	CCA	0	0	75.8	51.20	24.60	Inf	Trp	105.6	high confidence set
AmTr_v1.0_scaffold00032	14	2177071	2177000	Trp	CCA	0	0	75.8	51.20	24.60	Inf	Trp	105.6	high confidence set
AmTr_v1.0_scaffold00032	15	2012259	2012178	Ser	AGA	0	0	76.3	41.60	34.70	Inf	Ser	112.1	high confidence set
AmTr_v1.0_scaffold00032	16	1426399	1426316	Leu	CAA	0	0	80.5	54.00	26.50	Inf	Leu	128.6	high confidence set
AmTr_v1.0_scaffold00033	1	491257	491329	Arg	CCT	0	0	69.1	50.30	18.80	Inf	Arg	81.2	high confidence set
AmTr_v1.0_scaffold00034	4	5599721	5599648	Ile	TAT	0	0	82.4	63.80	18.60	Inf	Ile	100.5	high confidence set
AmTr_v1.0_scaffold00035	1	136255	136175	Leu	AAG	0	0	75.0	53.20	21.80	Inf	Leu	112.5	high confidence set
AmTr_v1.0_scaffold00036	2	2032704	2032775	Gly	TCC	0	0	73.9	46.20	27.70	Inf	Gly	85.6	high confidence set
AmTr_v1.0_scaffold00038	2	3064158	3064239	Ser	AGA	0	0	77.2	41.00	36.20	Inf	Ser	113.3	high confidence set
AmTr_v1.0_scaffold00039	1	617819	617890	Pro	AGG	0	0	67.4	34.70	32.70	Inf	Pro	112.3	high confidence set
AmTr_v1.0_scaffold00039	2	3749084	3749167	Leu	CAA	0	0	81.0	54.60	26.40	Inf	Leu	125.6	high confidence set
AmTr_v1.0_scaffold00039	3	5144373	5144444	Thr	CGT	0	0	80.2	53.70	26.50	Inf	Thr	86.8	high confidence set
AmTr_v1.0_scaffold00040	1	4390932	4391014	Leu	TAA	0	0	73.8	34.40	39.40	Inf	Leu	96.2	high confidence set
AmTr_v1.0_scaffold00040	2	4582671	4582591	Leu	AAG	0	0	74.0	52.20	21.80	Inf	Leu	110.4	high confidence set
AmTr_v1.0_scaffold00040	3	1408296	1408217	Leu	TAG	0	0	71.0	48.60	22.40	Inf	Leu	111.9	high confidence set
AmTr_v1.0_scaffold00040	4	351206	351127	Leu	TAG	0	0	69.5	48.50	21.00	Inf	Leu	111.5	high confidence set
AmTr_v1.0_scaffold00041	1	1939677	1939750	Asn	GTT	0	0	72.8	51.70	21.10	Inf	Asn	85.0	high confidence set
AmTr_v1.0_scaffold00041	2	2017644	2017731	Met	CAT	2017682	2017695	64.1	40.70	23.40	Inf	Met	104.0	high confidence set
AmTr_v1.0_scaffold00041	3	2017742	2017813	Gln	CTG	0	0	74.3	49.60	24.70	Inf	Gln	102.0	high confidence set
AmTr_v1.0_scaffold00044	1	1663908	1663992	Ser	TGA	0	0	64.0	40.30	23.70	Inf	Ser	89.6	high confidence set
AmTr_v1.0_scaffold00044	4	714155	714084	Gly	TCC	0	0	71.0	46.70	24.30	Inf	Gly	82.3	high confidence set
AmTr_v1.0_scaffold00045	1	280616	280687	Gly	TCC	0	0	71.0	46.70	24.30	Inf	Gly	82.3	high confidence set
AmTr_v1.0_scaffold00045	2	1771056	1771126	Gly	CCC	0	0	66.3	29.50	36.80	Inf	Gly	89.7	high confidence set
AmTr_v1.0_scaffold00045	3	2258390	2258462	Phe	GAA	0	0	72.0	60.80	11.20	Inf	Phe	101.1	high confidence set
AmTr_v1.0_scaffold00045	6	4984199	4984283	Tyr	GTA	4984236	4984247	74.5	43.00	31.50	Inf	Tyr	111.8	high confidence set
AmTr_v1.0_scaffold00045	7	4311061	4310988	Ile	AAT	0	0	81.8	58.30	23.50	Inf	Ile	106.8	high confidence set
AmTr_v1.0_scaffold00046	2	3137177	3137248	His	GTG	0	0	63.3	34.30	29.00	Inf	His	87.4	high confidence set
AmTr_v1.0_scaffold00047	3	3249224	3249296	Ala	AGC	0	0	63.4	38.20	25.20	Inf	Ala	98.3	high confidence set
AmTr_v1.0_scaffold00047	4	3969934	3970005	Asp	GTC	0	0	52.1	34.50	17.60	Inf	Asp	72.6	high confidence set
AmTr_v1.0_scaffold00048	1	55034	55107	Asn	GTT	0	0	84.5	59.40	25.10	Inf	Asn	95.9	high confidence set
AmTr_v1.0_scaffold00048	2	3881698	3881614	Cys	GCA	3881661	3881650	59.4	35.50	23.90	Inf	Tyr	96.2	IPD:-31.60,isotype mismatch
AmTr_v1.0_scaffold00048	3	2794902	2794821	Ser	GCT	0	0	78.5	42.90	35.60	Inf	Ser	108.6	high confidence set
AmTr_v1.0_scaffold00049	1	2164748	2164821	Val	TAC	0	0	77.4	43.40	34.00	Inf	Val	103.5	high confidence set
AmTr_v1.0_scaffold00049	2	4338805	4338886	Ser	GCT	0	0	79.0	43.10	35.90	Inf	Ser	108.6	high confidence set
AmTr_v1.0_scaffold00049	3	152666	152595	Thr	TGT	0	0	84.5	58.50	26.00	Inf	Thr	95.0	high confidence set
AmTr_v1.0_scaffold00055	1	2071744	2071824	Leu	CAG	0	0	69.5	46.80	22.70	Inf	Leu	109.7	high confidence set
AmTr_v1.0_scaffold00055	2	2195999	2195928	His	GTG	0	0	55.9	31.40	24.50	Inf	His	79.0	high confidence set
AmTr_v1.0_scaffold00056	1	3839201	3839274	Thr	AGT	0	0	76.5	48.00	28.50	Inf	Thr	90.4	high confidence set
AmTr_v1.0_scaffold00056	3	1628897	1628824	Ile	AAT	0	0	82.4	58.90	23.50	Inf	Ile	107.0	high confidence set
AmTr_v1.0_scaffold00056	4	403609	403538	iMet	CAT	0	0	58.3	28.10	30.20	Inf	iMet	118.7	high confidence set
AmTr_v1.0_scaffold00057	1	1028585	1028666	Ser	AGA	0	0	76.3	41.60	34.70	Inf	Ser	112.1	high confidence set
AmTr_v1.0_scaffold00057	4	3311782	3311853	Gln	CTG	0	0	75.3	51.20	24.10	Inf	Gln	106.0	high confidence set
AmTr_v1.0_scaffold00057	5	4189003	4189073	Gly	CCC	0	0	65.4	28.10	37.30	Inf	Gly	85.4	high confidence set
AmTr_v1.0_scaffold00057	6	1899649	1899578	Pro	TGG	0	0	68.5	35.70	32.80	Inf	Pro	111.2	high confidence set
AmTr_v1.0_scaffold00057	9	134390	134319	His	GTG	0	0	63.3	34.30	29.00	Inf	His	87.4	high confidence set
AmTr_v1.0_scaffold00058	1	72448	72521	Asn	GTT	0	0	81.1	55.90	25.20	Inf	Asn	94.2	high confidence set
AmTr_v1.0_scaffold00058	2	3745756	3745828	Glu	CTC	0	0	80.6	54.70	25.90	Inf	Glu	103.3	high confidence set
AmTr_v1.0_scaffold00059	1	645371	645444	Glu	TTC	0	0	62.2	38.20	24.00	Inf	Glu	89.8	high confidence set
AmTr_v1.0_scaffold00059	5	79119	79048	Gln	CTG	0	0	75.3	51.20	24.10	Inf	Gln	103.1	high confidence set
AmTr_v1.0_scaffold00060	1	56317	56403	Arg	CCT	56355	56367	55.6	36.20	19.40	Inf	Met	82.9	IPD:-40.80,isotype mismatch
AmTr_v1.0_scaffold00060	2	2855184	2855256	Arg	ACG	0	0	71.7	49.10	22.60	Inf	Arg	91.4	high confidence set
AmTr_v1.0_scaffold00060	3	3081077	3081005	Lys	CTT	0	0	88.3	68.20	20.10	Inf	Lys	101.1	high confidence set
AmTr_v1.0_scaffold00061	1	804287	804359	Lys	CTT	0	0	88.3	68.20	20.10	Inf	Lys	101.1	high confidence set
AmTr_v1.0_scaffold00061	3	3006410	3006339	Asn	GTT	0	0	69.1	49.10	20.00	Inf	Asn	76.8	high confidence set
AmTr_v1.0_scaffold00061	4	2818591	2818506	Met	CAT	2818553	2818542	64.2	40.80	23.40	Inf	Met	104.0	high confidence set
AmTr_v1.0_scaffold00062	4	2269130	2269203	Glu	TTC	0	0	65.8	40.30	25.50	Inf	Glu	94.6	high confidence set
AmTr_v1.0_scaffold00062	5	3162714	3162643	iMet	CAT	0	0	55.0	21.60	33.40	Inf	iMet	113.8	high confidence set
AmTr_v1.0_scaffold00065	2	2106894	2106967	Thr	AGT	0	0	76.5	48.00	28.50	Inf	Thr	90.4	high confidence set
AmTr_v1.0_scaffold00065	3	2221087	2221016	Gln	TTG	0	0	73.5	53.70	19.80	Inf	Gln	104.8	high confidence set
AmTr_v1.0_scaffold00067	2	3688682	3688610	Glu	CTC	0	0	78.9	53.10	25.80	Inf	Glu	99.2	high confidence set
AmTr_v1.0_scaffold00067	3	240890	240818	Arg	CCG	0	0	73.3	51.40	21.90	Inf	Arg	96.2	high confidence set
AmTr_v1.0_scaffold00068	2	3631741	3631812	His	GTG	0	0	63.0	33.70	29.30	Inf	His	91.2	high confidence set
AmTr_v1.0_scaffold00068	3	3747917	3747845	Arg	ACG	0	0	71.7	49.10	22.60	Inf	Arg	91.4	high confidence set
AmTr_v1.0_scaffold00068	4	3745483	3745411	Arg	ACG	0	0	71.7	49.10	22.60	Inf	Arg	91.4	high confidence set
AmTr_v1.0_scaffold00068	6	704675	704604	Pro	TGG	0	0	67.4	34.70	32.70	Inf	Pro	112.3	high confidence set
AmTr_v1.0_scaffold00068	7	704457	704386	Pro	AGG	0	0	67.4	34.70	32.70	Inf	Pro	112.3	high confidence set
AmTr_v1.0_scaffold00068	9	680890	680807	Tyr	GTA	0	0	59.9	34.40	25.50	Inf	Tyr	71.2	high confidence set
AmTr_v1.0_scaffold00068	10	44796	44725	Cys	GCA	0	0	82.1	59.90	22.20	Inf	Cys	106.6	high confidence set
AmTr_v1.0_scaffold00069	1	2650636	2650709	Asn	GTT	0	0	80.0	54.90	25.10	Inf	Asn	93.1	high confidence set
AmTr_v1.0_scaffold00069	3	1187088	1187016	Arg	TCT	0	0	66.9	47.70	19.20	Inf	Arg	92.1	high confidence set
AmTr_v1.0_scaffold00069	4	1182881	1182809	Arg	TCT	0	0	66.9	47.70	19.20	Inf	Arg	92.1	high confidence set
AmTr_v1.0_scaffold00069	5	1178502	1178430	Arg	TCT	0	0	66.9	47.70	19.20	Inf	Arg	92.1	high confidence set
AmTr_v1.0_scaffold00069	6	1175502	1175429	Val	AAC	0	0	70.4	47.80	22.60	Inf	Val	87.0	high confidence set
AmTr_v1.0_scaffold00070	2	3559459	3559531	Arg	TCT	0	0	68.8	51.20	17.60	Inf	Arg	94.8	high confidence set
AmTr_v1.0_scaffold00070	3	3581538	3581467	Pro	TGG	0	0	67.4	34.70	32.70	Inf	Pro	112.3	high confidence set
AmTr_v1.0_scaffold00070	4	3581168	3581097	Pro	AGG	0	0	67.4	34.70	32.70	Inf	Pro	112.3	high confidence set
AmTr_v1.0_scaffold00071	2	482190	482270	Leu	AAG	0	0	74.0	52.20	21.80	Inf	Leu	110.4	high confidence set
AmTr_v1.0_scaffold00071	3	1871395	1871468	Arg	TCG	0	0	82.3	61.00	21.30	Inf	Arg	89.0	high confidence set
AmTr_v1.0_scaffold00071	5	2206079	2206150	Pro	CGG	0	0	63.2	26.30	36.90	Inf	Pro	106.2	high confidence set
AmTr_v1.0_scaffold00071	7	2268072	2267991	Ser	CGA	0	0	75.1	44.20	30.90	Inf	Ser	116.0	high confidence set
AmTr_v1.0_scaffold00071	8	2215321	2215250	Pro	AGG	0	0	67.4	34.70	32.70	Inf	Pro	112.3	high confidence set
AmTr_v1.0_scaffold00071	9	2124724	2124643	Ser	TGA	0	0	68.3	38.70	29.60	Inf	Ser	104.9	high confidence set
AmTr_v1.0_scaffold00071	10	1931809	1931738	Pro	TGG	0	0	63.2	26.30	36.90	Inf	Pro	106.2	high confidence set
AmTr_v1.0_scaffold00071	11	1743129	1743048	Ser	GCT	0	0	79.0	43.10	35.90	Inf	Ser	108.6	high confidence set
AmTr_v1.0_scaffold00071	12	1607596	1607524	Ala	TGC	0	0	63.7	38.60	25.10	Inf	Ala	96.5	high confidence set
AmTr_v1.0_scaffold00072	4	2883883	2883956	Ile	AAT	0	0	81.8	58.30	23.50	Inf	Ile	106.8	high confidence set
AmTr_v1.0_scaffold00074	1	3121705	3121633	Ala	TGC	0	0	59.8	37.90	21.90	Inf	Ala	94.6	high confidence set
AmTr_v1.0_scaffold00074	2	1864496	1864425	Trp	CCA	0	0	75.8	51.20	24.60	Inf	Trp	105.6	high confidence set
AmTr_v1.0_scaffold00077	1	1826453	1826526	Ile	AAT	0	0	81.8	58.30	23.50	Inf	Ile	106.8	high confidence set
AmTr_v1.0_scaffold00077	2	2169659	2169730	iMet	CAT	0	0	52.4	19.10	33.30	Inf	iMet	108.5	high confidence set
AmTr_v1.0_scaffold00077	3	2648089	2648160	Pro	TGG	0	0	69.6	37.70	31.90	Inf	Pro	108.3	high confidence set
AmTr_v1.0_scaffold00077	4	2690270	2690340	Gly	GCC	0	0	66.5	44.80	21.70	Inf	Gly	94.4	high confidence set
AmTr_v1.0_scaffold00077	5	2829090	2829173	Leu	CAA	0	0	81.0	54.60	26.40	Inf	Leu	125.6	high confidence set
AmTr_v1.0_scaffold00077	6	3154082	3154154	Ala	AGC	0	0	63.0	39.40	23.60	Inf	Ala	96.2	high confidence set
AmTr_v1.0_scaffold00077	7	2526809	2526738	iMet	CAT	0	0	58.3	28.10	30.20	Inf	iMet	118.7	high confidence set
AmTr_v1.0_scaffold00078	1	613549	613620	Pro	AGG	0	0	68.2	35.90	32.30	Inf	Pro	113.9	high confidence set
AmTr_v1.0_scaffold00078	2	666270	666342	Arg	CCT	0	0	69.1	50.30	18.80	Inf	Arg	81.2	high confidence set
AmTr_v1.0_scaffold00078	3	2530021	2529948	Val	AAC	0	0	72.9	48.60	24.30	Inf	Val	93.8	high confidence set
AmTr_v1.0_scaffold00083	1	1133153	1133080	Thr	AGT	0	0	75.3	46.80	28.50	Inf	Thr	86.2	high confidence set
AmTr_v1.0_scaffold00086	1	1891067	1891146	Leu	TAG	0	0	69.5	48.50	21.00	Inf	Leu	111.5	high confidence set
AmTr_v1.0_scaffold00088	1	2692782	2692855	Thr	AGT	0	0	76.2	47.70	28.50	Inf	Thr	89.1	high confidence set
AmTr_v1.0_scaffold00095	4	1387687	1387758	Trp	CCA	0	0	75.8	51.20	24.60	Inf	Trp	105.6	high confidence set
AmTr_v1.0_scaffold00095	5	1390807	1390735	Phe	GAA	0	0	78.3	58.40	19.90	Inf	Phe	113.2	high confidence set
AmTr_v1.0_scaffold00095	6	779565	779494	Gly	GCC	0	0	67.7	44.10	23.60	Inf	Thr	71.0	IPD:-33.60,isotype mismatch
AmTr_v1.0_scaffold00099	1	225518	225590	Glu	CTC	0	0	78.9	53.10	25.80	Inf	Glu	99.2	high confidence set
AmTr_v1.0_scaffold00101	1	1023911	1023984	Glu	TTC	0	0	65.8	40.30	25.50	Inf	Glu	94.6	high confidence set
AmTr_v1.0_scaffold00101	2	2381505	2381578	Ile	TAT	0	0	81.1	62.80	18.30	Inf	Ile	98.7	high confidence set
AmTr_v1.0_scaffold00103	1	2222284	2222199	Tyr	GTA	2222247	2222235	74.5	43.00	31.50	Inf	Tyr	111.8	high confidence set
AmTr_v1.0_scaffold00104	2	1637140	1637068	Ala	AGC	0	0	59.2	38.70	20.50	Inf	Ala	94.3	high confidence set
AmTr_v1.0_scaffold00106	2	1001709	1001781	Ala	AGC	0	0	63.0	39.40	23.60	Inf	Ala	96.2	high confidence set
AmTr_v1.0_scaffold00106	4	1656217	1656288	Thr	CGT	0	0	80.2	53.70	26.50	Inf	Thr	86.8	high confidence set
AmTr_v1.0_scaffold00109	1	517150	517222	Ala	TGC	0	0	63.7	38.60	25.10	Inf	Ala	96.5	high confidence set
AmTr_v1.0_scaffold00111	1	2113881	2113810	Gln	TTG	0	0	74.8	50.10	24.70	Inf	Gln	97.6	high confidence set
AmTr_v1.0_scaffold00111	3	656271	656198	Val	AAC	0	0	72.2	47.80	24.40	Inf	Val	98.2	high confidence set
AmTr_v1.0_scaffold00114	1	1408479	1408409	Gly	GCC	0	0	62.1	40.30	21.80	Inf	Gly	89.2	high confidence set
AmTr_v1.0_scaffold00117	1	1700546	1700473	Val	CAC	0	0	81.2	53.20	28.00	Inf	Val	99.8	high confidence set
AmTr_v1.0_scaffold00126	3	1614370	1614441	Gly	TCC	0	0	71.0	46.70	24.30	Inf	Gly	82.3	high confidence set
AmTr_v1.0_scaffold00130	2	1277294	1277210	Met	CAT	1277256	1277246	64.2	40.80	23.40	Inf	Met	104.0	high confidence set
AmTr_v1.0_scaffold00131	2	1251675	1251602	Val	AAC	0	0	70.4	47.80	22.60	Inf	Val	87.0	high confidence set
AmTr_v1.0_scaffold00137	1	128740	128811	Gln	TTG	0	0	68.9	48.00	20.90	Inf	Gln	97.9	high confidence set
AmTr_v1.0_scaffold00137	2	416372	416453	Ser	TGA	0	0	78.3	44.40	33.90	Inf	Ser	115.8	high confidence set
AmTr_v1.0_scaffold00138	1	545586	545657	Glu	TTC	0	0	51.0	35.80	15.20	Inf	Glu	82.7	high confidence set
AmTr_v1.0_scaffold00140	1	1026266	1026337	Thr	TGT	0	0	78.3	47.60	30.70	Inf	Thr	91.5	high confidence set
AmTr_v1.0_scaffold00142	1	233626	233699	Arg	TCG	0	0	82.3	61.00	21.30	Inf	Arg	91.9	high confidence set
AmTr_v1.0_scaffold00153	1	1061202	1061132	Gly	GCC	0	0	50.4	35.50	14.90	Inf	Gly	80.0	high confidence set
AmTr_v1.0_scaffold00153	2	862053	861981	Glu	CTC	0	0	80.0	54.10	25.90	Inf	Glu	99.8	high confidence set
AmTr_v1.0_scaffold00169	1	209516	209589	Glu	TTC	0	0	64.3	38.20	26.10	Inf	Glu	90.4	high confidence set
AmTr_v1.0_scaffold00169	2	154447	154374	Ile	AAT	0	0	81.8	58.30	23.50	Inf	Ile	106.8	high confidence set
AmTr_v1.0_scaffold00176	1	3004	2923	Ser	AGA	0	0	76.3	41.60	34.70	Inf	Ser	112.1	high confidence set
AmTr_v1.0_scaffold00181	2	587739	587655	Tyr	GTA	587702	587691	57.6	34.80	22.80	Inf	Tyr	80.3	high confidence set
AmTr_v1.0_scaffold00186	1	111390	111317	Val	AAC	0	0	71.9	47.60	24.30	Inf	Val	91.0	high confidence set
AmTr_v1.0_scaffold00269	1	22672	22600	Ala	CGC	0	0	67.0	44.10	22.90	Inf	Ala	97.2	high confidence set
AmTr_v1.0_scaffold00269	2	22493	22421	Ala	CGC	0	0	61.2	44.20	17.00	Inf	Ala	90.7	high confidence set
AmTr_v1.0_scaffold00334	1	6214	6287	Pro	TGG	0	0	63.5	30.10	33.40	Inf	Trp	70.3	IPD:-10.80,isotype mismatch
AmTr_v1.0_scaffold00334	3	25931	26003	Thr	TGT	0	0	67.6	46.50	21.10	Inf	Thr	80.7	high confidence set
AmTr_v1.0_scaffold00334	4	27251	27165	Ser	GGA	0	0	64.5	34.70	29.80	Inf	Ser	84.5	unexpected anticodon
AmTr_v1.0_scaffold00390	1	10579	10650	Arg	TCT	0	0	53.7	20.90	32.80	Inf	Gln	71.0	IPD:-30.20,isotype mismatch
AmTr_v1.0_scaffold00390	2	8583	8496	Ser	GCT	0	0	56.1	39.60	16.50	Inf	Ser	79.1	high confidence set
AmTr_v1.0_scaffold00606	2	15521	15448	Trp	CCA	0	0	70.1	43.00	27.10	Inf	Thr	71.6	IPD:-17.70,isotype mismatch
AmTr_v1.0_scaffold00626	2	2678	2761	Tyr	GTA	0	0	55.6	30.40	25.20	Inf	Tyr	72.5	high confidence set
AmTr_v1.0_scaffold00626	4	5829	5759	Cys	GCA	0	0	64.9	46.30	18.60	Inf	Cys	73.4	high confidence set
AmTr_v1.0_scaffold00626	5	1917	1846	Thr	GGT	0	0	58.2	29.20	29.00	Inf	Thr	73.0	unexpected anticodon
AmTr_v1.0_scaffold01196	1	2550	2623	Met	CAT	0	0	65.8	38.30	27.50	Inf	Met	74.0	high confidence set
AmTr_v1.0_scaffold01196	3	2847	2777	Gly	GCC	0	0	65.7	38.50	27.20	Inf	His	72.5	IPD:-12.80,isotype mismatch
AmTr_v1.0_scaffold01454	1	15	101	Ser	GGA	0	0	64.5	34.70	29.80	Inf	Ser	84.5	unexpected anticodon
AmTr_v1.0_scaffold02616	1	3865	3793	Ala	TGC	0	0	57.4	33.10	24.30	Inf	Ala	73.4	high confidence set
AmTr_v1.0_scaffold03259	1	1590	1677	Ser	GCT	0	0	57.0	37.50	19.50	Inf	Ser	73.3	high confidence set
AmTr_v1.0_scaffold03506	1	707	785	Arg	ACG	0	0	56.5	44.90	11.60	Inf	Ile	73.7	IPD:-23.30,isotype mismatch
AmTr_v1.0_scaffold03506	2	1463	1392	Asn	GTT	0	0	83.4	60.80	22.60	Inf	Asn	82.2	high confidence set
AmTr_v1.0_scaffold03573	1	140	224	Ser	TGA	0	0	65.5	40.70	24.80	Inf	Ser	101.6	high confidence set
AmTr_v1.0_scaffold03732	1	381	309	Ala	AGC	0	0	63.4	38.20	25.20	Inf	Ala	98.3	high confidence set
AmTr_v1.0_scaffold03808	1	1597	1670	Val	CAC	0	0	82.4	54.40	28.00	Inf	Val	103.7	high confidence set
AmTr_v1.0_scaffold04537	1	1088	1016	Ala	TGC	0	0	60.5	36.20	24.30	Inf	Ala	80.9	high confidence set
AmTr_v1.0_scaffold04679	1	283	355	Thr	TGT	0	0	69.8	50.90	18.90	Inf	Thr	84.5	high confidence set
AmTr_v1.0_scaffold04679	2	1769	1683	Ser	GGA	0	0	64.5	34.70	29.80	Inf	Ser	84.5	unexpected anticodon
AmTr_v1.0_scaffold04699	2	794	866	Lys	TTT	0	0	80.7	57.40	23.30	Inf	Lys	76.5	high confidence set
AmTr_v1.0_scaffold05144	2	1827	1900	Phe	GAA	0	0	64.4	43.80	20.60	Inf	Tyr	74.2	IPD:-24.90,isotype mismatch
