Sequence       		tRNA   	Bounds 	tRNA	Anti	Intron Bounds	Inf	HMM	2'Str	Hit	Isotype	Isotype	      
Name           	tRNA#	Begin  	End    	Type	Codon	Begin	End	Score	Score	Score	Origin	CM	Score	Note
--------       	------	-----  	------ 	----	-----	-----	----	------	-----	-----	------	-------	-------	------
Thla_scaffold1	1	824435	824507	Ala	AGC	0	0	63.4	38.20	25.20	Inf	Ala	98.3	high confidence set
Thla_scaffold1	2	968048	968119	iMet	CAT	0	0	58.3	28.10	30.20	Inf	iMet	118.7	high confidence set
Thla_scaffold1	3	1115054	1115126	Phe	GAA	0	0	78.3	58.40	19.90	Inf	Phe	113.2	high confidence set
Thla_scaffold1	4	1438015	1438085	Gly	GCC	0	0	66.5	44.80	21.70	Inf	Gly	94.4	high confidence set
Thla_scaffold1	5	1449415	1449486	Lys	TTT	0	0	92.5	69.70	22.80	Inf	Lys	94.5	high confidence set
Thla_scaffold1	6	1698766	1698847	Ser	GCT	0	0	80.5	45.20	35.30	Inf	Ser	109.5	high confidence set
Thla_scaffold1	7	1939387	1939458	Pro	TGG	0	0	69.2	36.90	32.30	Inf	Pro	112.8	high confidence set
Thla_scaffold1	8	1292892	1292821	Gln	CTG	0	0	71.1	46.00	25.10	Inf	Gln	100.8	high confidence set
Thla_scaffold1	9	690035	689962	Ile	AAT	0	0	83.0	54.40	28.60	Inf	Ile	104.3	high confidence set
Thla_scaffold1	10	645620	645549	Pro	TGG	0	0	62.7	37.20	25.50	Inf	Pro	103.5	high confidence set
Thla_scaffold1	12	382368	382285	Leu	CAA	0	0	76.7	51.40	25.30	Inf	Leu	114.7	high confidence set
Thla_scaffold1	13	359342	359261	Ser	TGA	0	0	80.7	46.10	34.60	Inf	Ser	119.7	high confidence set
Thla_scaffold1	14	304431	304359	Lys	CTT	0	0	87.7	67.60	20.10	Inf	Lys	106.7	high confidence set
Thla_scaffold2	1	492140	492213	Ile	AAT	0	0	85.5	59.00	26.50	Inf	Ile	109.4	high confidence set
Thla_scaffold2	2	498751	498822	Asp	GTC	0	0	69.8	46.80	23.00	Inf	Asp	94.5	high confidence set
Thla_scaffold2	3	600387	600468	Ser	AGA	0	0	77.0	42.20	34.80	Inf	Ser	112.5	high confidence set
Thla_scaffold2	4	1033801	1033872	Trp	CCA	0	0	75.8	51.20	24.60	Inf	Trp	105.6	high confidence set
Thla_scaffold2	5	1043174	1043245	Trp	CCA	0	0	75.8	51.20	24.60	Inf	Trp	105.6	high confidence set
Thla_scaffold2	6	1261941	1262013	Arg	CCG	0	0	66.7	50.30	16.40	Inf	Arg	89.5	high confidence set
Thla_scaffold2	7	1856377	1856450	Ile	TAT	0	0	85.9	70.60	15.30	Inf	Ile	103.9	high confidence set
Thla_scaffold2	8	2368968	2368887	Ser	AGA	0	0	76.0	39.60	36.40	Inf	Ser	109.8	high confidence set
Thla_scaffold2	9	1814311	1814240	Pro	CGG	0	0	69.2	36.90	32.30	Inf	Pro	112.8	high confidence set
Thla_scaffold2	10	1681337	1681266	Glu	TTC	0	0	70.8	46.30	24.50	Inf	Glu	99.2	high confidence set
Thla_scaffold2	11	105093	105022	Pro	AGG	0	0	67.4	34.70	32.70	Inf	Pro	112.3	high confidence set
Thla_scaffold3	1	516904	516975	Thr	TGT	0	0	83.2	57.00	26.20	Inf	Thr	92.5	high confidence set
Thla_scaffold3	2	685006	685077	Cys	GCA	0	0	81.7	59.20	22.50	Inf	Cys	104.2	high confidence set
Thla_scaffold3	3	1027309	1027380	Lys	TTT	0	0	83.8	71.00	12.80	Inf	Lys	83.9	high confidence set
Thla_scaffold3	4	1304303	1304376	Val	CAC	0	0	81.5	53.50	28.00	Inf	Val	103.7	high confidence set
Thla_scaffold3	5	1319223	1319307	Met	CAT	1319261	1319271	64.2	40.80	23.40	Inf	Met	104.0	high confidence set
Thla_scaffold3	6	1467221	1467293	Arg	ACG	0	0	63.8	42.90	20.90	Inf	Arg	78.9	high confidence set
Thla_scaffold3	7	1476056	1476129	Ile	AAT	0	0	83.0	54.40	28.60	Inf	Ile	104.3	high confidence set
Thla_scaffold3	8	1481012	1481085	Ile	AAT	0	0	83.0	54.40	28.60	Inf	Ile	104.3	high confidence set
Thla_scaffold3	9	1609555	1609627	Ala	CGC	0	0	68.3	44.10	24.20	Inf	Ala	99.2	high confidence set
Thla_scaffold3	10	1393365	1393292	Ile	AAT	0	0	85.5	59.00	26.50	Inf	Ile	109.4	high confidence set
Thla_scaffold3	11	1315336	1315263	Ile	AAT	0	0	83.0	54.40	28.60	Inf	Ile	104.3	high confidence set
Thla_scaffold3	12	363459	363376	Leu	CAA	0	0	66.3	49.30	17.00	Inf	Leu	107.2	high confidence set
Thla_scaffold3	13	165051	164979	Ala	CGC	0	0	68.3	44.10	24.20	Inf	Ala	99.2	high confidence set
Thla_scaffold4	2	246905	246978	Ile	AAT	0	0	85.5	59.00	26.50	Inf	Ile	109.4	high confidence set
Thla_scaffold4	3	640938	641009	iMet	CAT	0	0	58.3	28.10	30.20	Inf	iMet	118.7	high confidence set
Thla_scaffold4	4	728506	728578	Val	TAC	0	0	74.4	44.00	30.40	Inf	Val	103.3	high confidence set
Thla_scaffold4	5	861506	861579	Asn	GTT	0	0	83.3	58.10	25.20	Inf	Asn	93.9	high confidence set
Thla_scaffold4	6	930785	930866	Ser	GCT	0	0	80.5	45.20	35.30	Inf	Ser	109.5	high confidence set
Thla_scaffold4	7	994075	994159	Met	CAT	994113	994123	65.8	42.90	22.90	Inf	Met	100.6	high confidence set
Thla_scaffold4	8	1013432	1013516	Met	CAT	1013470	1013480	55.5	33.50	22.00	Inf	Met	92.6	high confidence set
Thla_scaffold4	9	1235362	1235433	His	GTG	0	0	63.0	33.70	29.30	Inf	His	87.1	high confidence set
Thla_scaffold4	10	2157949	2158022	Val	AAC	0	0	72.5	48.10	24.40	Inf	Val	100.2	high confidence set
Thla_scaffold4	11	3001289	3001360	Gln	TTG	0	0	73.5	53.70	19.80	Inf	Gln	104.8	high confidence set
Thla_scaffold4	12	2669569	2669497	Ala	CGC	0	0	67.5	42.90	24.60	Inf	Ala	99.2	high confidence set
Thla_scaffold4	13	2486663	2486591	Ala	AGC	0	0	63.4	38.20	25.20	Inf	Ala	98.3	high confidence set
Thla_scaffold4	14	1818404	1818333	Thr	TGT	0	0	73.6	52.60	21.00	Inf	Thr	84.5	high confidence set
Thla_scaffold4	15	1329926	1329853	Val	AAC	0	0	72.5	48.10	24.40	Inf	Val	100.2	high confidence set
Thla_scaffold4	16	1183300	1183220	Leu	AAG	0	0	71.4	51.10	20.30	Inf	Leu	108.5	high confidence set
Thla_scaffold4	17	1119748	1119676	Arg	ACG	0	0	69.8	49.50	20.30	Inf	Arg	92.3	high confidence set
Thla_scaffold4	19	886753	886681	Arg	CCT	0	0	72.3	51.10	21.20	Inf	Arg	81.9	high confidence set
Thla_scaffold4	20	381687	381617	Gly	GCC	0	0	66.5	44.80	21.70	Inf	Gly	94.4	high confidence set
Thla_scaffold4	21	346626	346555	Glu	TTC	0	0	69.9	45.30	24.60	Inf	Glu	99.4	high confidence set
Thla_scaffold4	22	233730	233657	Asn	GTT	0	0	83.6	58.80	24.80	Inf	Asn	96.8	high confidence set
Thla_scaffold4	23	171376	171305	Pro	CGG	0	0	68.2	35.30	32.90	Inf	Pro	113.0	high confidence set
Thla_scaffold5	1	537451	537522	Trp	CCA	0	0	75.8	51.20	24.60	Inf	Trp	105.6	high confidence set
Thla_scaffold5	2	554082	554155	Val	CAC	0	0	81.5	53.50	28.00	Inf	Val	103.7	high confidence set
Thla_scaffold5	4	1414986	1415059	Ile	TAT	0	0	85.9	70.60	15.30	Inf	Ile	103.9	high confidence set
Thla_scaffold5	5	2300706	2300778	Arg	CCT	0	0	66.6	45.40	21.20	Inf	Arg	78.6	high confidence set
Thla_scaffold5	6	2901414	2901487	Asn	GTT	0	0	82.3	57.10	25.20	Inf	Asn	92.8	high confidence set
Thla_scaffold5	7	3041751	3041823	Phe	GAA	0	0	72.0	48.00	24.00	Inf	Thr	76.1	IPD:-0.90,isotype mismatch
Thla_scaffold5	8	3324348	3324421	Thr	AGT	0	0	73.6	45.20	28.40	Inf	Thr	88.6	high confidence set
Thla_scaffold5	9	3422271	3422355	Met	CAT	3422309	3422319	64.2	40.80	23.40	Inf	Met	104.0	high confidence set
Thla_scaffold5	10	3650335	3650263	Arg	TCT	0	0	70.7	50.70	20.00	Inf	Arg	91.3	high confidence set
Thla_scaffold5	11	3588012	3587940	Arg	ACG	0	0	72.6	49.80	22.80	Inf	Arg	89.8	high confidence set
Thla_scaffold5	12	3208356	3208284	Arg	TCT	0	0	70.7	50.70	20.00	Inf	Arg	91.3	high confidence set
Thla_scaffold5	13	3208120	3208048	Arg	TCT	0	0	70.7	50.70	20.00	Inf	Arg	91.3	high confidence set
Thla_scaffold5	14	3112362	3112280	Leu	TAA	0	0	74.6	38.00	36.60	Inf	Leu	103.8	high confidence set
Thla_scaffold5	15	2979868	2979787	Ser	CGA	0	0	77.5	44.40	33.10	Inf	Ser	120.8	high confidence set
Thla_scaffold5	16	2466040	2465968	Arg	TCT	0	0	70.3	51.80	18.50	Inf	Arg	99.4	high confidence set
Thla_scaffold5	17	2181317	2181245	Glu	CTC	0	0	68.4	42.60	25.80	Inf	Glu	87.9	high confidence set
Thla_scaffold5	18	2179364	2179292	Glu	CTC	0	0	75.5	49.60	25.90	Inf	Glu	88.8	high confidence set
Thla_scaffold5	19	2080320	2080247	Thr	AGT	0	0	70.2	46.10	24.10	Inf	Thr	83.6	high confidence set
Thla_scaffold5	20	1578962	1578890	Glu	CTC	0	0	76.3	50.40	25.90	Inf	Glu	95.5	high confidence set
Thla_scaffold5	21	1558334	1558263	Pro	CGG	0	0	68.2	35.30	32.90	Inf	Pro	113.0	high confidence set
Thla_scaffold5	22	1270163	1270092	Glu	TTC	0	0	69.3	44.10	25.20	Inf	Glu	95.0	high confidence set
Thla_scaffold5	23	1245071	1244998	Asn	GTT	0	0	83.7	58.60	25.10	Inf	Asn	90.4	high confidence set
Thla_scaffold5	24	637099	637027	Arg	ACG	0	0	63.0	44.60	18.40	Inf	Arg	82.0	high confidence set
Thla_scaffold5	25	388188	388105	Tyr	GTA	388151	388141	74.3	42.60	31.70	Inf	Tyr	108.6	high confidence set
Thla_scaffold6	1	92953	93024	Asp	GTC	0	0	69.8	46.80	23.00	Inf	Asp	94.5	high confidence set
Thla_scaffold6	2	109145	109216	Gln	CTG	0	0	72.2	48.10	24.10	Inf	Gln	101.2	high confidence set
Thla_scaffold6	3	360479	360549	Gly	GCC	0	0	66.5	44.80	21.70	Inf	Gly	94.4	high confidence set
Thla_scaffold6	4	521029	521113	Met	CAT	521067	521077	64.2	40.80	23.40	Inf	Met	104.0	high confidence set
Thla_scaffold6	5	1030270	1030341	Thr	TGT	0	0	83.0	58.30	24.70	Inf	Thr	92.4	high confidence set
Thla_scaffold6	6	1169569	1169642	Ile	AAT	0	0	70.2	57.50	12.70	Inf	Ile	89.6	high confidence set
Thla_scaffold6	7	1218920	1218992	Ala	AGC	0	0	63.4	38.20	25.20	Inf	Ala	98.3	high confidence set
Thla_scaffold6	8	1361800	1361873	Ile	TAT	0	0	84.2	67.60	16.60	Inf	Ile	94.5	high confidence set
Thla_scaffold6	9	1819336	1819407	Gly	TCC	0	0	74.1	46.70	27.40	Inf	Gly	84.2	high confidence set
Thla_scaffold6	10	1981831	1981903	Arg	CCG	0	0	67.0	47.10	19.90	Inf	Arg	89.0	high confidence set
Thla_scaffold6	11	2099156	2099227	Pro	AGG	0	0	67.4	34.70	32.70	Inf	Pro	112.3	high confidence set
Thla_scaffold6	12	2161280	2161351	Glu	TTC	0	0	65.1	45.40	19.70	Inf	Glu	93.8	high confidence set
Thla_scaffold6	13	2973252	2973336	Met	CAT	2973290	2973300	64.2	40.80	23.40	Inf	Met	104.0	high confidence set
Thla_scaffold6	14	3753687	3753759	Arg	ACG	0	0	72.9	50.30	22.60	Inf	Arg	88.9	high confidence set
Thla_scaffold6	15	3606330	3606259	Gly	TCC	0	0	74.1	46.70	27.40	Inf	Gly	84.2	high confidence set
Thla_scaffold6	16	3580492	3580419	Val	AAC	0	0	72.5	48.10	24.40	Inf	Val	100.2	high confidence set
Thla_scaffold6	17	3530253	3530181	Ala	TGC	0	0	70.0	45.30	24.70	Inf	Ala	100.6	high confidence set
Thla_scaffold6	18	3210022	3209951	Trp	CCA	0	0	75.8	51.20	24.60	Inf	Trp	105.6	high confidence set
Thla_scaffold6	19	3119377	3119298	Leu	TAG	0	0	69.5	48.50	21.00	Inf	Leu	111.5	high confidence set
Thla_scaffold6	20	2975518	2975445	Arg	TCG	0	0	81.9	60.40	21.50	Inf	Arg	92.9	high confidence set
Thla_scaffold6	21	2684039	2683968	Pro	AGG	0	0	67.4	34.70	32.70	Inf	Pro	112.3	high confidence set
Thla_scaffold6	22	2580702	2580621	Ser	AGA	0	0	70.1	38.80	31.30	Inf	Ser	104.4	high confidence set
Thla_scaffold6	23	2072207	2072135	Ala	TGC	0	0	69.1	43.70	25.40	Inf	Ala	100.1	high confidence set
Thla_scaffold6	24	1629964	1629893	His	GTG	0	0	63.0	33.70	29.30	Inf	His	86.8	high confidence set
Thla_scaffold6	25	1343109	1343039	Gly	GCC	0	0	66.5	44.80	21.70	Inf	Gly	94.4	high confidence set
Thla_scaffold6	26	1297337	1297267	Gly	GCC	0	0	66.5	44.80	21.70	Inf	Gly	94.4	high confidence set
Thla_scaffold6	27	1293341	1293271	Gly	GCC	0	0	60.7	47.00	13.70	Inf	Gly	87.3	high confidence set
Thla_scaffold6	28	1290518	1290446	Arg	CCT	0	0	74.8	55.90	18.90	Inf	Arg	84.6	high confidence set
Thla_scaffold6	29	794095	794022	Asn	GTT	0	0	83.3	58.10	25.20	Inf	Asn	93.9	high confidence set
Thla_scaffold6	30	124933	124861	Phe	GAA	0	0	78.3	58.40	19.90	Inf	Phe	113.2	high confidence set
Thla_scaffold7	3	670961	671032	Cys	GCA	0	0	81.7	56.10	25.60	Inf	Cys	104.3	high confidence set
Thla_scaffold7	4	1740649	1740719	Trp	CCA	0	0	63.6	39.80	23.80	Inf	Trp	92.6	high confidence set
Thla_scaffold7	5	1744301	1744372	Trp	CCA	0	0	75.8	51.20	24.60	Inf	Trp	105.6	high confidence set
Thla_scaffold7	6	2013115	2013045	Gly	GCC	0	0	66.5	44.80	21.70	Inf	Gly	94.4	high confidence set
Thla_scaffold7	7	1728829	1728758	Trp	CCA	0	0	75.8	51.20	24.60	Inf	Trp	105.6	high confidence set
Thla_scaffold7	8	1445788	1445717	Pro	TGG	0	0	69.2	36.90	32.30	Inf	Pro	112.8	high confidence set
Thla_scaffold7	9	1309520	1309450	Gly	GCC	0	0	66.5	44.80	21.70	Inf	Gly	94.4	high confidence set
Thla_scaffold7	10	300355	300284	Gln	CTG	0	0	74.7	50.50	24.20	Inf	Gln	103.8	high confidence set
Thla_scaffold8	1	276971	277052	Ser	AGA	0	0	77.0	42.20	34.80	Inf	Ser	112.5	high confidence set
Thla_scaffold8	2	1039096	1039180	Met	CAT	1039134	1039144	64.2	40.80	23.40	Inf	Met	104.0	high confidence set
Thla_scaffold8	4	1534380	1534461	Ser	GCT	0	0	76.9	43.40	33.50	Inf	Ser	106.9	high confidence set
Thla_scaffold8	5	1574863	1574934	Gln	TTG	0	0	73.5	53.70	19.80	Inf	Gln	104.8	high confidence set
Thla_scaffold8	6	2086843	2086930	Met	CAT	2086881	2086894	64.1	40.70	23.40	Inf	Met	104.0	high confidence set
Thla_scaffold8	7	3344721	3344794	Ile	AAT	0	0	85.5	59.00	26.50	Inf	Ile	109.4	high confidence set
Thla_scaffold8	8	3516419	3516500	Ser	CGA	0	0	82.7	48.30	34.40	Inf	Ser	128.1	high confidence set
Thla_scaffold8	9	3529277	3529348	Pro	TGG	0	0	69.2	36.90	32.30	Inf	Pro	112.8	high confidence set
Thla_scaffold8	10	3936028	3935957	Gln	CTG	0	0	58.8	41.00	17.80	Inf	Gln	88.2	high confidence set
Thla_scaffold8	11	3766235	3766162	Ile	AAT	0	0	83.0	54.40	28.60	Inf	Ile	104.3	high confidence set
Thla_scaffold8	12	3714188	3714115	Val	CAC	0	0	81.5	53.50	28.00	Inf	Val	103.7	high confidence set
Thla_scaffold8	13	2860522	2860450	Ala	AGC	0	0	63.4	38.20	25.20	Inf	Ala	98.3	high confidence set
Thla_scaffold8	14	2587488	2587416	Phe	GAA	0	0	78.3	58.40	19.90	Inf	Phe	113.2	high confidence set
Thla_scaffold8	15	2567463	2567391	Phe	GAA	0	0	78.3	58.40	19.90	Inf	Phe	113.2	high confidence set
Thla_scaffold8	16	2511352	2511281	iMet	CAT	0	0	53.0	24.60	28.40	Inf	iMet	111.0	high confidence set
Thla_scaffold8	17	1906820	1906739	Ser	TGA	0	0	79.2	43.90	35.30	Inf	Ser	118.5	high confidence set
Thla_scaffold8	18	1382738	1382667	Gln	TTG	0	0	73.5	53.70	19.80	Inf	Gln	104.8	high confidence set
Thla_scaffold8	19	714345	714273	Arg	CCG	0	0	69.5	52.30	17.20	Inf	Arg	96.0	high confidence set
Thla_scaffold8	20	679953	679882	Lys	TTT	0	0	83.8	71.00	12.80	Inf	Lys	83.9	high confidence set
Thla_scaffold8	21	189089	189018	Trp	CCA	0	0	75.8	51.20	24.60	Inf	Trp	105.6	high confidence set
Thla_scaffold8	22	108379	108306	Arg	TCG	0	0	82.3	61.00	21.30	Inf	Arg	91.9	high confidence set
Thla_scaffold9	1	1149059	1149130	Thr	CGT	0	0	82.3	55.00	27.30	Inf	Thr	83.7	high confidence set
Thla_scaffold9	2	1177970	1178042	Ala	TGC	0	0	70.0	45.30	24.70	Inf	Ala	100.6	high confidence set
Thla_scaffold9	3	1186035	1186107	Ala	TGC	0	0	70.0	45.30	24.70	Inf	Ala	100.6	high confidence set
Thla_scaffold9	4	1861465	1861546	Ser	AGA	0	0	77.0	42.20	34.80	Inf	Ser	112.5	high confidence set
Thla_scaffold9	5	1966241	1966321	Leu	CAG	0	0	70.7	49.80	20.90	Inf	Leu	111.3	high confidence set
Thla_scaffold9	6	2533795	2533876	Ser	AGA	0	0	77.8	43.40	34.40	Inf	Ser	110.9	high confidence set
Thla_scaffold9	7	2562210	2562281	Asp	GTC	0	0	69.8	46.80	23.00	Inf	Asp	96.4	high confidence set
Thla_scaffold9	8	2798404	2798475	Asp	GTC	0	0	69.8	46.80	23.00	Inf	Asp	94.5	high confidence set
Thla_scaffold9	9	2798561	2798632	Asp	GTC	0	0	69.8	46.80	23.00	Inf	Asp	95.8	high confidence set
Thla_scaffold9	10	2942935	2943015	Leu	CAG	0	0	68.4	45.70	22.70	Inf	Leu	107.6	high confidence set
Thla_scaffold9	11	3133092	3133164	Ala	TGC	0	0	70.0	45.30	24.70	Inf	Ala	100.6	high confidence set
Thla_scaffold9	12	3421441	3421371	Gly	CCC	0	0	65.4	28.10	37.30	Inf	Gly	85.4	high confidence set
Thla_scaffold9	13	3127121	3127049	Phe	GAA	0	0	78.3	58.40	19.90	Inf	Phe	113.2	high confidence set
Thla_scaffold9	14	2562407	2562334	Val	AAC	0	0	72.5	48.10	24.40	Inf	Val	100.2	high confidence set
Thla_scaffold9	15	2107798	2107726	Arg	CCG	0	0	69.5	52.30	17.20	Inf	Arg	96.0	high confidence set
Thla_scaffold9	16	2018275	2018203	Lys	CTT	0	0	87.7	67.60	20.10	Inf	Lys	106.7	high confidence set
Thla_scaffold9	17	1808723	1808652	Trp	CCA	0	0	75.8	51.20	24.60	Inf	Trp	105.6	high confidence set
Thla_scaffold9	18	948236	948163	Ile	AAT	0	0	85.5	59.00	26.50	Inf	Ile	109.4	high confidence set
Thla_scaffold10	6	89795	89874	Leu	TAG	0	0	69.5	48.50	21.00	Inf	Leu	111.5	high confidence set
Thla_scaffold10	7	238477	238548	Cys	GCA	0	0	81.7	56.10	25.60	Inf	Cys	104.3	high confidence set
Thla_scaffold10	8	902468	902541	Asn	GTT	0	0	83.3	58.10	25.20	Inf	Asn	93.9	high confidence set
Thla_scaffold10	9	1541983	1542062	Leu	TAG	0	0	69.5	48.50	21.00	Inf	Leu	111.5	high confidence set
Thla_scaffold10	10	1584052	1584124	Ala	AGC	0	0	61.0	39.20	21.80	Inf	Ala	96.2	high confidence set
Thla_scaffold10	11	2090965	2091037	Val	TAC	0	0	69.6	42.80	26.80	Inf	Val	99.4	high confidence set
Thla_scaffold10	12	3012021	3011948	Val	AAC	0	0	69.0	44.60	24.40	Inf	Val	99.2	high confidence set
Thla_scaffold10	13	2925650	2925570	Leu	AAG	0	0	71.4	51.10	20.30	Inf	Leu	108.5	high confidence set
Thla_scaffold10	14	2299113	2299040	Ile	AAT	0	0	83.0	54.40	28.60	Inf	Ile	104.3	high confidence set
Thla_scaffold10	15	2043780	2043709	Thr	CGT	0	0	82.3	55.00	27.30	Inf	Thr	83.7	high confidence set
Thla_scaffold10	16	2033166	2033095	Thr	CGT	0	0	78.9	54.70	24.20	Inf	Thr	87.3	high confidence set
Thla_scaffold10	17	1968850	1968778	Ala	TGC	0	0	70.0	45.30	24.70	Inf	Ala	100.6	high confidence set
Thla_scaffold10	18	1650418	1650346	Ala	AGC	0	0	63.4	38.20	25.20	Inf	Ala	98.3	high confidence set
Thla_scaffold10	19	1650278	1650206	Ala	AGC	0	0	63.4	38.20	25.20	Inf	Ala	98.3	high confidence set
Thla_scaffold11	3	446422	446495	Ile	AAT	0	0	85.5	59.00	26.50	Inf	Ile	109.4	high confidence set
Thla_scaffold11	4	862799	862871	Ala	AGC	0	0	63.4	38.20	25.20	Inf	Ala	98.3	high confidence set
Thla_scaffold11	5	1178139	1178209	Gly	GCC	0	0	51.3	32.20	19.10	Inf	Gly	80.0	high confidence set
Thla_scaffold11	6	1949058	1949130	Val	TAC	0	0	74.4	44.00	30.40	Inf	Val	103.3	high confidence set
Thla_scaffold11	7	2438971	2439042	Gly	TCC	0	0	74.1	46.70	27.40	Inf	Gly	84.2	high confidence set
Thla_scaffold11	8	2439132	2439203	Gly	TCC	0	0	74.1	46.70	27.40	Inf	Gly	84.2	high confidence set
Thla_scaffold11	9	2833788	2833717	Cys	GCA	0	0	80.8	53.70	27.10	Inf	Cys	103.2	high confidence set
Thla_scaffold11	10	2812341	2812270	His	GTG	0	0	55.1	25.80	29.30	Inf	His	77.7	high confidence set
Thla_scaffold11	11	1403964	1403894	Gly	GCC	0	0	66.5	44.80	21.70	Inf	Gly	94.4	high confidence set
Thla_scaffold11	12	1401682	1401612	Gly	GCC	0	0	53.8	37.90	15.90	Inf	Gly	79.9	high confidence set
Thla_scaffold11	13	132364	132293	Glu	TTC	0	0	70.8	46.30	24.50	Inf	Glu	99.2	high confidence set
Thla_scaffold12	1	2176598	2176510	Tyr	GTA	2176561	2176546	70.7	42.10	28.60	Inf	Tyr	105.2	high confidence set
Thla_scaffold13	2	1266665	1266736	Asp	GTC	0	0	69.8	46.80	23.00	Inf	Asp	94.5	high confidence set
Thla_scaffold13	3	1409166	1409237	Pro	TGG	0	0	68.5	35.70	32.80	Inf	Pro	111.2	high confidence set
Thla_scaffold13	4	1411545	1411616	Pro	TGG	0	0	68.5	35.70	32.80	Inf	Pro	111.2	high confidence set
Thla_scaffold13	5	1412499	1412570	Pro	AGG	0	0	67.4	34.70	32.70	Inf	Pro	112.3	high confidence set
Thla_scaffold13	6	1412916	1412987	Pro	TGG	0	0	68.5	35.70	32.80	Inf	Pro	111.2	high confidence set
Thla_scaffold13	7	1413760	1413831	Pro	AGG	0	0	67.4	34.70	32.70	Inf	Pro	112.3	high confidence set
Thla_scaffold13	8	1414052	1414123	Pro	TGG	0	0	68.5	35.70	32.80	Inf	Pro	111.2	high confidence set
Thla_scaffold13	9	1925729	1925812	Leu	CAA	0	0	79.5	54.50	25.00	Inf	Leu	126.8	high confidence set
Thla_scaffold13	10	2008026	2008110	Met	CAT	2008064	2008074	64.2	40.80	23.40	Inf	Met	104.0	high confidence set
Thla_scaffold13	11	2460842	2460915	Asn	GTT	0	0	83.3	58.10	25.20	Inf	Asn	93.9	high confidence set
Thla_scaffold13	12	2461668	2461747	Leu	TAG	0	0	69.5	48.50	21.00	Inf	Leu	111.5	high confidence set
Thla_scaffold13	13	2659325	2659408	Leu	TAA	0	0	73.0	38.90	34.10	Inf	Leu	94.5	high confidence set
Thla_scaffold13	14	2693943	2694015	Arg	TCT	0	0	71.0	51.20	19.80	Inf	Arg	99.1	high confidence set
Thla_scaffold13	15	3452694	3452766	Glu	CTC	0	0	76.3	50.40	25.90	Inf	Glu	91.1	high confidence set
Thla_scaffold13	16	4082696	4082768	Ala	TGC	0	0	70.0	45.30	24.70	Inf	Ala	100.6	high confidence set
Thla_scaffold13	17	5583260	5583332	Phe	GAA	0	0	78.3	58.40	19.90	Inf	Phe	113.2	high confidence set
Thla_scaffold13	18	5674727	5674798	Gly	TCC	0	0	74.1	46.70	27.40	Inf	Gly	84.2	high confidence set
Thla_scaffold13	19	5633624	5633553	Gly	TCC	0	0	74.1	46.70	27.40	Inf	Gly	84.2	high confidence set
Thla_scaffold13	20	5073318	5073247	Lys	TTT	0	0	92.5	69.70	22.80	Inf	Lys	94.5	high confidence set
Thla_scaffold13	21	5073180	5073109	Lys	TTT	0	0	83.0	70.00	13.00	Inf	Lys	83.3	high confidence set
Thla_scaffold13	22	4799845	4799774	Lys	TTT	0	0	81.3	66.10	15.20	Inf	Lys	82.5	high confidence set
Thla_scaffold13	23	4739180	4739108	Lys	CTT	0	0	87.7	67.60	20.10	Inf	Lys	106.7	high confidence set
Thla_scaffold13	24	4588129	4588058	Asp	GTC	0	0	69.8	46.80	23.00	Inf	Asp	94.5	high confidence set
Thla_scaffold13	25	4350865	4350794	Asp	GTC	0	0	69.8	46.80	23.00	Inf	Asp	94.5	high confidence set
Thla_scaffold13	26	4209132	4209061	Cys	GCA	0	0	81.7	56.10	25.60	Inf	Cys	104.3	high confidence set
Thla_scaffold13	27	2860358	2860275	Tyr	GTA	2860321	2860311	74.3	42.60	31.70	Inf	Tyr	108.6	high confidence set
Thla_scaffold13	28	2659760	2659678	Leu	TAA	0	0	72.1	34.40	37.70	Inf	Leu	98.4	high confidence set
Thla_scaffold13	29	2503867	2503784	Tyr	GTA	2503830	2503820	74.3	42.60	31.70	Inf	Tyr	108.6	high confidence set
Thla_scaffold13	30	1917323	1917250	Thr	AGT	0	0	73.6	45.20	28.40	Inf	Thr	88.6	high confidence set
Thla_scaffold13	31	1027268	1027184	Met	CAT	1027230	1027220	65.1	42.30	22.80	Inf	Met	101.3	high confidence set
Thla_scaffold14	1	430909	430980	Cys	GCA	0	0	72.4	54.60	17.80	Inf	Cys	93.8	high confidence set
Thla_scaffold14	2	431100	431171	Cys	GCA	0	0	77.5	53.40	24.10	Inf	Cys	99.9	high confidence set
Thla_scaffold14	3	431272	431343	Cys	GCA	0	0	80.2	52.90	27.30	Inf	Cys	101.1	high confidence set
Thla_scaffold14	7	899826	899911	Tyr	GTA	899863	899875	74.2	42.50	31.70	Inf	Tyr	108.6	high confidence set
Thla_scaffold14	8	1069532	1069605	Arg	TCG	0	0	81.9	60.40	21.50	Inf	Arg	92.9	high confidence set
Thla_scaffold14	9	1718064	1718134	Gly	GCC	0	0	66.5	44.80	21.70	Inf	Gly	94.4	high confidence set
Thla_scaffold14	10	2348202	2348286	Tyr	GTA	2348239	2348250	74.2	42.50	31.70	Inf	Tyr	108.6	high confidence set
Thla_scaffold14	11	2485407	2485479	Arg	CCT	0	0	74.8	55.90	18.90	Inf	Arg	87.5	high confidence set
Thla_scaffold14	12	2710564	2710643	Leu	TAG	0	0	64.9	47.00	17.90	Inf	Leu	108.8	high confidence set
Thla_scaffold14	13	4113377	4113458	Ser	GCT	0	0	75.9	43.70	32.20	Inf	Ser	105.5	high confidence set
Thla_scaffold14	14	4116245	4116326	Ser	GCT	0	0	80.5	45.20	35.30	Inf	Ser	109.5	high confidence set
Thla_scaffold14	15	4462871	4462942	Thr	TGT	0	0	83.0	58.30	24.70	Inf	Thr	92.4	high confidence set
Thla_scaffold14	16	4961254	4961335	Ser	GCT	0	0	80.5	45.20	35.30	Inf	Ser	109.5	high confidence set
Thla_scaffold14	17	4846581	4846511	Gly	GCC	0	0	66.5	44.80	21.70	Inf	Gly	94.4	high confidence set
Thla_scaffold14	18	4823800	4823730	Gly	GCC	0	0	66.5	44.80	21.70	Inf	Gly	94.4	high confidence set
Thla_scaffold14	19	4597932	4597860	Arg	ACG	0	0	72.9	50.30	22.60	Inf	Arg	88.9	high confidence set
Thla_scaffold14	20	4282500	4282427	Val	AAC	0	0	72.5	48.10	24.40	Inf	Val	100.2	high confidence set
Thla_scaffold14	21	3805159	3805087	Arg	TCT	0	0	71.0	51.20	19.80	Inf	Arg	99.1	high confidence set
Thla_scaffold14	22	3353453	3353381	Glu	CTC	0	0	76.3	50.40	25.90	Inf	Glu	91.1	high confidence set
Thla_scaffold14	23	3230065	3229993	Ala	CGC	0	0	68.3	44.10	24.20	Inf	Ala	99.2	high confidence set
Thla_scaffold14	24	2283796	2283723	Thr	AGT	0	0	76.0	48.40	27.60	Inf	Thr	90.6	high confidence set
Thla_scaffold14	25	1161272	1161199	Asn	GTT	0	0	87.3	62.30	25.00	Inf	Asn	103.6	high confidence set
Thla_scaffold14	26	1161109	1161036	Asn	GTT	0	0	84.2	59.30	24.90	Inf	Asn	101.9	high confidence set
Thla_scaffold14	27	722891	722818	Ile	TAT	0	0	85.9	70.60	15.30	Inf	Ile	103.9	high confidence set
Thla_scaffold15	1	1679695	1679622	Val	AAC	0	0	72.5	48.10	24.40	Inf	Val	100.2	high confidence set
Thla_scaffold15	2	911963	911879	Met	CAT	911925	911915	64.2	40.80	23.40	Inf	Met	104.0	high confidence set
Thla_scaffold15	3	681546	681475	Gln	TTG	0	0	73.5	53.70	19.80	Inf	Gln	104.8	high confidence set
Thla_scaffold15	4	507124	507053	Gln	TTG	0	0	73.5	53.70	19.80	Inf	Gln	104.8	high confidence set
Thla_scaffold15	5	125487	125405	Pro	TGG	0	0	69.4	40.20	29.20	Inf	Ser	89.7	IPD:-89.70,isotype mismatch
Thla_scaffold16	1	185372	185454	Leu	TAA	0	0	72.9	35.60	37.30	Inf	Leu	100.3	high confidence set
Thla_scaffold16	2	199801	199873	Arg	TCT	0	0	71.0	51.20	19.80	Inf	Arg	99.1	high confidence set
Thla_scaffold16	4	1590632	1590705	Ile	TAT	0	0	85.9	70.60	15.30	Inf	Ile	103.9	high confidence set
Thla_scaffold16	5	2741412	2741484	Arg	CCG	0	0	83.1	61.00	22.10	Inf	Arg	85.6	high confidence set
Thla_scaffold16	6	2962355	2962427	Arg	CCT	0	0	74.8	55.90	18.90	Inf	Arg	84.6	high confidence set
Thla_scaffold16	7	2788441	2788370	Lys	TTT	0	0	83.8	71.00	12.80	Inf	Lys	83.9	high confidence set
Thla_scaffold16	8	2474472	2474392	Leu	AAG	0	0	71.4	51.10	20.30	Inf	Leu	108.5	high confidence set
Thla_scaffold16	9	2415020	2414949	Asp	GTC	0	0	69.8	46.80	23.00	Inf	Asp	94.5	high confidence set
Thla_scaffold16	10	1354387	1354315	Phe	GAA	0	0	78.3	58.40	19.90	Inf	Phe	113.2	high confidence set
Thla_scaffold16	11	954835	954763	Lys	CTT	0	0	87.7	67.60	20.10	Inf	Lys	106.7	high confidence set
Thla_scaffold16	12	166911	166831	Leu	AAG	0	0	71.4	51.10	20.30	Inf	Leu	108.5	high confidence set
Thla_scaffold17	1	917190	917261	Pro	AGG	0	0	67.4	34.70	32.70	Inf	Pro	112.3	high confidence set
Thla_scaffold17	2	928272	928343	Pro	AGG	0	0	67.4	34.70	32.70	Inf	Pro	112.3	high confidence set
Thla_scaffold17	3	1547545	1547626	Ser	GCT	0	0	80.5	45.20	35.30	Inf	Ser	109.5	high confidence set
Thla_scaffold17	4	1629923	1629995	Arg	ACG	0	0	72.5	49.90	22.60	Inf	Arg	93.8	high confidence set
Thla_scaffold17	5	2227923	2227995	Ala	AGC	0	0	63.4	38.20	25.20	Inf	Ala	98.3	high confidence set
Thla_scaffold17	6	2276732	2276804	Ala	CGC	0	0	68.3	44.10	24.20	Inf	Ala	99.2	high confidence set
Thla_scaffold17	7	1833410	1833337	Val	AAC	0	0	72.5	48.10	24.40	Inf	Val	100.2	high confidence set
Thla_scaffold17	8	1730191	1730111	Leu	AAG	0	0	71.4	51.10	20.30	Inf	Leu	108.5	high confidence set
Thla_scaffold17	9	1508355	1508283	Arg	CCT	0	0	74.8	55.90	18.90	Inf	Arg	84.6	high confidence set
Thla_scaffold18	1	51849	51921	Lys	CTT	0	0	87.7	67.60	20.10	Inf	Lys	106.7	high confidence set
Thla_scaffold18	3	652874	652945	Gln	CTG	0	0	71.6	46.60	25.00	Inf	Gln	98.9	high confidence set
Thla_scaffold18	4	1455827	1455898	Asp	GTC	0	0	69.8	46.80	23.00	Inf	Asp	94.5	high confidence set
Thla_scaffold18	6	1393184	1393113	Gly	TCC	0	0	74.1	46.70	27.40	Inf	Gly	84.2	high confidence set
Thla_scaffold18	7	1389352	1389281	Gly	TCC	0	0	74.1	46.70	27.40	Inf	Gly	84.2	high confidence set
Thla_scaffold19	1	62480	62552	Lys	CTT	0	0	87.7	67.60	20.10	Inf	Lys	106.7	high confidence set
Thla_scaffold19	2	292042	292127	Tyr	GTA	292079	292091	74.2	42.50	31.70	Inf	Tyr	108.6	high confidence set
Thla_scaffold19	3	391838	391911	Asn	GTT	0	0	78.7	53.90	24.80	Inf	Ile	88.4	IPD:-1.40,isotype mismatch
Thla_scaffold19	4	395011	395084	Asn	GTT	0	0	78.7	53.90	24.80	Inf	Ile	88.4	IPD:-1.40,isotype mismatch
Thla_scaffold19	5	1349174	1349247	Thr	AGT	0	0	73.6	45.20	28.40	Inf	Thr	88.6	high confidence set
Thla_scaffold19	6	1349328	1349401	Thr	AGT	0	0	73.6	45.20	28.40	Inf	Thr	88.6	high confidence set
Thla_scaffold19	7	2033718	2033789	Gly	TCC	0	0	74.1	46.70	27.40	Inf	Gly	84.2	high confidence set
Thla_scaffold19	8	2701270	2701341	Cys	GCA	0	0	81.7	56.10	25.60	Inf	Cys	104.3	high confidence set
Thla_scaffold19	9	2849429	2849500	Trp	CCA	0	0	75.8	51.20	24.60	Inf	Trp	105.6	high confidence set
Thla_scaffold19	10	3203871	3203951	Leu	CAG	0	0	72.4	51.00	21.40	Inf	Leu	105.7	high confidence set
Thla_scaffold19	11	4136064	4136148	Tyr	GTA	4136101	4136112	74.2	42.50	31.70	Inf	Tyr	108.6	high confidence set
Thla_scaffold19	13	4033158	4033085	Thr	AGT	0	0	70.2	46.10	24.10	Inf	Thr	83.6	high confidence set
Thla_scaffold19	14	3890352	3890280	Val	TAC	0	0	74.4	44.00	30.40	Inf	Val	103.3	high confidence set
Thla_scaffold19	15	3751220	3751147	Thr	AGT	0	0	78.9	54.60	24.30	Inf	Thr	91.4	high confidence set
Thla_scaffold19	16	3746930	3746850	Leu	CAG	0	0	72.4	51.00	21.40	Inf	Leu	105.7	high confidence set
Thla_scaffold19	17	2249872	2249800	Glu	CTC	0	0	76.3	50.40	25.90	Inf	Glu	95.5	high confidence set
Thla_scaffold19	18	2076460	2076388	Glu	CTC	0	0	69.2	49.30	19.90	Inf	Glu	90.9	high confidence set
Thla_scaffold19	19	140610	140537	Asn	GTT	0	0	83.6	58.80	24.80	Inf	Asn	96.8	high confidence set
Thla_scaffold19	20	40078	40006	Lys	CTT	0	0	87.7	67.60	20.10	Inf	Lys	106.7	high confidence set
Thla_scaffold19	21	39911	39839	Lys	CTT	0	0	87.7	67.60	20.10	Inf	Lys	106.7	high confidence set
Thla_scaffold20	1	438300	438371	Gln	CTG	0	0	71.1	46.00	25.10	Inf	Gln	100.8	high confidence set
Thla_scaffold20	4	1124032	1123951	Ser	GCT	0	0	80.5	45.20	35.30	Inf	Ser	109.5	high confidence set
Thla_scaffold20	6	71599	71526	Asn	GTT	0	0	81.4	54.70	26.70	Inf	Asn	91.8	high confidence set
Thla_scaffold21	1	186559	186631	Ala	TGC	0	0	70.0	45.30	24.70	Inf	Ala	100.6	high confidence set
Thla_scaffold21	2	187231	187303	Ala	TGC	0	0	70.0	45.30	24.70	Inf	Ala	100.6	high confidence set
Thla_scaffold21	3	401844	401916	Phe	GAA	0	0	78.3	58.40	19.90	Inf	Phe	113.2	high confidence set
Thla_scaffold21	4	933677	933749	Lys	CTT	0	0	87.7	67.60	20.10	Inf	Lys	106.7	high confidence set
Thla_scaffold21	5	1249072	1249153	Ser	GCT	0	0	76.2	41.10	35.10	Inf	Ser	105.6	high confidence set
Thla_scaffold21	6	1299329	1299400	Asp	GTC	0	0	69.8	46.80	23.00	Inf	Asp	94.5	high confidence set
Thla_scaffold21	9	4139325	4139398	Val	AAC	0	0	72.5	48.10	24.40	Inf	Val	100.2	high confidence set
Thla_scaffold21	10	4320502	4320573	Cys	GCA	0	0	82.1	59.90	22.20	Inf	Cys	106.6	high confidence set
Thla_scaffold21	11	4335127	4335198	Pro	AGG	0	0	67.4	34.70	32.70	Inf	Pro	112.3	high confidence set
Thla_scaffold21	12	4651834	4651906	Val	TAC	0	0	74.4	44.00	30.40	Inf	Val	103.3	high confidence set
Thla_scaffold21	13	4680609	4680682	Asn	GTT	0	0	83.3	58.10	25.20	Inf	Asn	93.9	high confidence set
Thla_scaffold21	14	4810327	4810399	Glu	CTC	0	0	74.7	51.40	23.30	Inf	Glu	94.2	high confidence set
Thla_scaffold21	15	4846117	4846190	Val	AAC	0	0	72.5	48.10	24.40	Inf	Val	100.2	high confidence set
Thla_scaffold21	19	5481002	5480929	Val	AAC	0	0	72.5	48.10	24.40	Inf	Val	100.2	high confidence set
Thla_scaffold21	20	5131964	5131893	Asp	GTC	0	0	69.8	46.80	23.00	Inf	Asp	94.5	high confidence set
Thla_scaffold21	22	5015884	5015813	Glu	TTC	0	0	69.9	45.30	24.60	Inf	Glu	99.4	high confidence set
Thla_scaffold21	23	4846312	4846241	Asp	GTC	0	0	69.8	46.80	23.00	Inf	Asp	94.5	high confidence set
Thla_scaffold21	24	4807937	4807865	Glu	CTC	0	0	77.0	51.50	25.50	Inf	Glu	91.5	high confidence set
Thla_scaffold21	25	4807765	4807693	Glu	CTC	0	0	77.0	51.50	25.50	Inf	Glu	91.5	high confidence set
Thla_scaffold21	26	4761633	4761562	Thr	CGT	0	0	82.3	55.00	27.30	Inf	Thr	83.7	high confidence set
Thla_scaffold21	27	4211327	4211248	Leu	TAG	0	0	69.5	48.50	21.00	Inf	Leu	111.5	high confidence set
Thla_scaffold21	28	4021022	4020940	Leu	TAA	0	0	67.5	30.20	37.30	Inf	Leu	94.2	high confidence set
Thla_scaffold21	29	3703021	3702950	Lys	TTT	0	0	81.3	66.10	15.20	Inf	Lys	86.6	high confidence set
Thla_scaffold21	30	3702430	3702359	Lys	TTT	0	0	81.3	66.10	15.20	Inf	Lys	82.5	high confidence set
Thla_scaffold21	31	3635803	3635733	Gly	GCC	0	0	66.5	44.80	21.70	Inf	Gly	94.4	high confidence set
Thla_scaffold21	36	2803060	2802989	iMet	CAT	0	0	58.3	28.10	30.20	Inf	iMet	118.7	high confidence set
Thla_scaffold21	37	2396904	2396831	Val	AAC	0	0	72.5	48.10	24.40	Inf	Val	100.2	high confidence set
Thla_scaffold21	38	1940918	1940837	Ser	GCT	0	0	68.3	40.80	27.50	Inf	Ser	96.6	high confidence set
Thla_scaffold21	39	1882967	1882897	Gly	GCC	0	0	66.5	44.80	21.70	Inf	Gly	94.4	high confidence set
Thla_scaffold21	40	1477169	1477098	Thr	TGT	0	0	83.0	58.30	24.70	Inf	Thr	92.4	high confidence set
Thla_scaffold21	41	1299531	1299458	Val	AAC	0	0	72.5	48.10	24.40	Inf	Val	100.2	high confidence set
Thla_scaffold21	42	870766	870686	Leu	AAG	0	0	71.4	51.10	20.30	Inf	Leu	108.5	high confidence set
Thla_scaffold21	43	725034	724962	Glu	CTC	0	0	76.3	50.40	25.90	Inf	Glu	95.5	high confidence set
Thla_scaffold21	44	616382	616310	Ala	CGC	0	0	67.5	42.90	24.60	Inf	Ala	99.2	high confidence set
Thla_scaffold21	45	592968	592897	Gln	CTG	0	0	73.7	48.90	24.80	Inf	Gln	103.9	high confidence set
Thla_scaffold21	46	421631	421559	Ala	TGC	0	0	66.6	41.40	25.20	Inf	Ala	98.8	high confidence set
Thla_scaffold21	47	293935	293865	Gly	CCC	0	0	65.4	28.10	37.30	Inf	Gly	85.4	high confidence set
Thla_scaffold21	48	284935	284865	Gly	CCC	0	0	65.4	28.10	37.30	Inf	Gly	85.4	high confidence set
Thla_scaffold21	49	213319	213247	Arg	ACG	0	0	72.6	49.80	22.80	Inf	Arg	89.8	high confidence set
Thla_scaffold23	1	1159603	1159674	Pro	AGG	0	0	68.2	35.90	32.30	Inf	Pro	113.9	high confidence set
Thla_scaffold23	2	1206984	1207055	Thr	TGT	0	0	83.0	58.30	24.70	Inf	Thr	92.4	high confidence set
Thla_scaffold23	3	1245242	1245313	Gln	CTG	0	0	74.0	49.50	24.50	Inf	Gln	100.1	high confidence set
Thla_scaffold23	4	2817980	2818053	Asn	GTT	0	0	78.7	53.90	24.80	Inf	Ile	88.4	IPD:-1.40,isotype mismatch
Thla_scaffold23	5	2818122	2818195	Asn	GTT	0	0	78.7	53.90	24.80	Inf	Ile	88.4	IPD:-1.40,isotype mismatch
Thla_scaffold23	6	3417373	3417300	Val	AAC	0	0	72.5	48.10	24.40	Inf	Val	100.2	high confidence set
Thla_scaffold23	8	3125391	3125319	Lys	CTT	0	0	87.7	67.60	20.10	Inf	Lys	106.7	high confidence set
Thla_scaffold23	9	1266079	1266007	Phe	GAA	0	0	78.3	58.40	19.90	Inf	Phe	113.2	high confidence set
Thla_scaffold23	10	1265020	1264949	Phe	GAA	0	0	56.3	43.20	13.10	Inf	Phe	89.7	high confidence set
Thla_scaffold23	11	517638	517567	His	GTG	0	0	63.0	33.70	29.30	Inf	His	91.2	high confidence set
Thla_scaffold23	12	405376	405304	Phe	GAA	0	0	78.3	58.40	19.90	Inf	Phe	113.2	high confidence set
Thla_scaffold23	13	229645	229573	Phe	GAA	0	0	78.3	58.40	19.90	Inf	Phe	113.2	high confidence set
Thla_scaffold24	2	906087	906159	Phe	GAA	0	0	78.3	58.40	19.90	Inf	Phe	113.2	high confidence set
Thla_scaffold24	3	948571	948643	Phe	GAA	0	0	78.3	58.40	19.90	Inf	Phe	113.2	high confidence set
Thla_scaffold24	4	1183826	1183897	Gln	CTG	0	0	71.6	46.60	25.00	Inf	Gln	98.9	high confidence set
Thla_scaffold24	5	1191157	1191237	Leu	AAG	0	0	71.4	51.10	20.30	Inf	Leu	108.5	high confidence set
Thla_scaffold24	6	1250901	1250984	Tyr	GTA	1250938	1250948	74.3	42.60	31.70	Inf	Tyr	108.6	high confidence set
Thla_scaffold24	7	1416873	1416802	His	GTG	0	0	63.0	33.70	29.30	Inf	His	87.1	high confidence set
Thla_scaffold24	8	1370988	1370917	Pro	CGG	0	0	68.2	35.30	32.90	Inf	Pro	113.0	high confidence set
Thla_scaffold24	9	1155813	1155742	His	GTG	0	0	63.0	33.70	29.30	Inf	His	87.1	high confidence set
Thla_scaffold24	10	1032273	1032192	Ser	AGA	0	0	77.0	42.20	34.80	Inf	Ser	112.5	high confidence set
Thla_scaffold24	11	898910	898837	Val	CAC	0	0	81.5	53.50	28.00	Inf	Val	103.7	high confidence set
Thla_scaffold25	2	1326535	1326606	Thr	TGT	0	0	83.0	58.30	24.70	Inf	Thr	92.4	high confidence set
Thla_scaffold25	3	1302015	1301943	Ala	AGC	0	0	63.4	38.20	25.20	Inf	Ala	98.3	high confidence set
Thla_scaffold25	5	423065	422982	Leu	CAA	0	0	80.2	53.70	26.50	Inf	Leu	122.5	high confidence set
Thla_scaffold26	1	105652	105737	Tyr	GTA	105689	105701	74.2	42.50	31.70	Inf	Tyr	108.6	high confidence set
Thla_scaffold26	2	198623	198693	Gly	GCC	0	0	66.5	44.80	21.70	Inf	Gly	94.4	high confidence set
Thla_scaffold26	3	364356	364437	Ser	GCT	0	0	80.5	45.20	35.30	Inf	Ser	109.5	high confidence set
Thla_scaffold26	4	575953	576032	Leu	TAG	0	0	69.5	48.50	21.00	Inf	Leu	111.5	high confidence set
Thla_scaffold26	5	579833	579904	Pro	CGG	0	0	68.2	35.30	32.90	Inf	Pro	113.0	high confidence set
Thla_scaffold26	6	1218722	1218793	Cys	GCA	0	0	81.7	59.20	22.50	Inf	Cys	104.2	high confidence set
Thla_scaffold26	8	705357	705285	Arg	CCT	0	0	74.8	55.90	18.90	Inf	Arg	84.6	high confidence set
Thla_scaffold26	10	642187	642116	Asp	GTC	0	0	69.8	46.80	23.00	Inf	Asp	94.5	high confidence set
Thla_scaffold26	11	625584	625511	Val	CAC	0	0	81.5	53.50	28.00	Inf	Val	103.7	high confidence set
Thla_scaffold27	2	988232	988305	Trp	CCA	0	0	72.3	42.90	29.40	Inf	Thr	75.0	IPD:-16.70,isotype mismatch
Thla_scaffold28	1	593220	593149	iMet	CAT	0	0	58.3	28.10	30.20	Inf	iMet	118.7	high confidence set
Thla_scaffold29	1	195774	195846	Glu	CTC	0	0	67.0	48.50	18.50	Inf	Glu	85.3	high confidence set
Thla_scaffold29	2	1008438	1008367	iMet	CAT	0	0	58.3	28.10	30.20	Inf	iMet	118.7	high confidence set
Thla_scaffold29	3	809788	809707	Ser	CGA	0	0	81.0	46.40	34.60	Inf	Ser	125.2	high confidence set
Thla_scaffold30	1	1017117	1017190	Ile	AAT	0	0	85.5	59.00	26.50	Inf	Ile	109.4	high confidence set
Thla_scaffold31	1	1343347	1343418	Glu	TTC	0	0	69.3	44.10	25.20	Inf	Glu	95.0	high confidence set
Thla_scaffold31	2	1494693	1494765	Glu	CTC	0	0	76.3	50.40	25.90	Inf	Glu	95.5	high confidence set
Thla_scaffold31	3	1892611	1892691	Leu	AAG	0	0	71.4	51.10	20.30	Inf	Leu	108.5	high confidence set
Thla_scaffold31	4	2936963	2937043	Leu	AAG	0	0	71.4	51.10	20.30	Inf	Leu	108.5	high confidence set
Thla_scaffold31	5	3570274	3570345	Trp	CCA	0	0	75.8	51.20	24.60	Inf	Trp	105.6	high confidence set
Thla_scaffold31	7	3945913	3945984	Pro	AGG	0	0	67.4	34.70	32.70	Inf	Pro	112.3	high confidence set
Thla_scaffold31	8	3143982	3143912	Gly	GCC	0	0	66.5	44.80	21.70	Inf	Gly	94.4	high confidence set
Thla_scaffold31	9	2640750	2640669	Ser	AGA	0	0	77.0	42.20	34.80	Inf	Ser	112.5	high confidence set
Thla_scaffold31	10	2212512	2212441	Asp	GTC	0	0	69.8	46.80	23.00	Inf	Asp	94.5	high confidence set
Thla_scaffold31	11	1883698	1883617	Leu	CAG	0	0	57.6	38.00	19.60	Inf	Leu	93.7	high confidence set
Thla_scaffold31	12	1704648	1704577	Asp	GTC	0	0	69.8	46.80	23.00	Inf	Asp	94.5	high confidence set
Thla_scaffold31	13	1460816	1460744	Glu	CTC	0	0	63.2	47.40	15.80	Inf	Glu	70.2	high confidence set
Thla_scaffold31	14	1424051	1423980	Thr	CGT	0	0	82.0	54.50	27.50	Inf	Thr	81.9	high confidence set
Thla_scaffold31	15	1336978	1336907	Asp	GTC	0	0	69.8	46.80	23.00	Inf	Asp	94.5	high confidence set
Thla_scaffold31	16	1271154	1271083	Pro	TGG	0	0	68.5	35.70	32.80	Inf	Pro	111.2	high confidence set
Thla_scaffold32	1	31341	31413	Lys	CTT	0	0	87.7	67.60	20.10	Inf	Lys	106.7	high confidence set
Thla_scaffold32	2	304293	304366	Thr	AGT	0	0	76.0	48.40	27.60	Inf	Thr	90.6	high confidence set
Thla_scaffold32	3	727137	727208	Asp	GTC	0	0	69.8	46.80	23.00	Inf	Asp	94.5	high confidence set
Thla_scaffold33	1	294423	294504	Ser	AGA	0	0	52.3	34.70	17.60	Inf	Ser	84.8	high confidence set
Thla_scaffold33	2	737332	737261	Glu	TTC	0	0	69.9	45.30	24.60	Inf	Glu	99.4	high confidence set
Thla_scaffold33	4	563958	563887	Gly	TCC	0	0	70.6	47.30	23.30	Inf	Gly	79.2	high confidence set
Thla_scaffold33	5	455757	455686	Gly	TCC	0	0	69.9	42.50	27.40	Inf	Gly	83.4	high confidence set
Thla_scaffold34	1	165397	165468	Pro	TGG	0	0	69.2	36.90	32.30	Inf	Pro	112.8	high confidence set
Thla_scaffold34	2	447936	448007	Gly	TCC	0	0	74.1	46.70	27.40	Inf	Gly	84.2	high confidence set
Thla_scaffold34	3	455620	455691	Glu	TTC	0	0	69.9	45.30	24.60	Inf	Glu	99.4	high confidence set
Thla_scaffold35	2	1618659	1618587	Arg	ACG	0	0	72.5	49.90	22.60	Inf	Arg	93.8	high confidence set
Thla_scaffold36	1	403502	403583	Ser	CGA	0	0	72.6	41.50	31.10	Inf	Ser	112.8	high confidence set
Thla_scaffold36	3	1819998	1820079	Ser	AGA	0	0	74.4	39.00	35.40	Inf	Ser	106.4	high confidence set
Thla_scaffold36	4	1559053	1558972	Ser	AGA	0	0	77.8	43.40	34.40	Inf	Ser	110.9	high confidence set
Thla_scaffold36	5	549918	549847	Thr	TGT	0	0	84.3	58.00	26.30	Inf	Thr	93.3	high confidence set
Thla_scaffold36	6	523930	523842	Tyr	GTA	523893	523878	52.1	27.30	24.80	Inf	Tyr	80.9	high confidence set
Thla_scaffold37	2	1649879	1649808	Cys	GCA	0	0	61.5	45.20	16.30	Inf	Cys	81.8	high confidence set
Thla_scaffold37	3	1639771	1639700	Cys	GCA	0	0	70.2	59.30	10.90	Inf	Cys	91.0	high confidence set
Thla_scaffold37	4	1634459	1634388	Cys	GCA	0	0	77.4	55.00	22.40	Inf	Cys	100.5	high confidence set
Thla_scaffold37	5	1629178	1629107	Cys	GCA	0	0	65.2	48.30	16.90	Inf	Cys	88.9	high confidence set
Thla_scaffold37	8	1616427	1616356	Cys	GCA	0	0	63.3	47.70	15.60	Inf	Cys	83.3	high confidence set
Thla_scaffold37	10	866799	866716	Tyr	GTA	866762	866752	74.3	42.60	31.70	Inf	Tyr	108.6	high confidence set
Thla_scaffold38	2	884915	884844	Gly	TCC	0	0	74.1	46.70	27.40	Inf	Gly	84.2	high confidence set
Thla_scaffold38	3	882175	882104	Gly	TCC	0	0	61.1	41.00	20.10	Inf	Gly	73.6	high confidence set
Thla_scaffold39	1	497321	497410	Tyr	GTA	497358	497374	69.6	37.90	31.70	Inf	Tyr	105.2	high confidence set
Thla_scaffold39	2	690122	690194	Phe	GAA	0	0	78.3	58.40	19.90	Inf	Phe	113.2	high confidence set
Thla_scaffold39	3	804627	804708	Ser	TGA	0	0	80.7	46.10	34.60	Inf	Ser	119.7	high confidence set
Thla_scaffold39	4	832761	832834	Arg	TCG	0	0	82.3	61.00	21.30	Inf	Arg	91.9	high confidence set
Thla_scaffold39	5	946354	946426	Glu	CTC	0	0	76.3	50.40	25.90	Inf	Glu	91.1	high confidence set
Thla_scaffold39	6	1156960	1156888	Glu	CTC	0	0	77.0	51.50	25.50	Inf	Glu	91.5	high confidence set
Thla_scaffold39	7	640577	640495	Leu	TAA	0	0	67.5	30.20	37.30	Inf	Leu	94.2	high confidence set
Thla_scaffold39	8	635589	635517	Arg	TCT	0	0	71.3	51.70	19.60	Inf	Arg	95.1	high confidence set
Thla_scaffold39	9	635443	635371	Arg	TCT	0	0	71.0	51.20	19.80	Inf	Arg	99.1	high confidence set
Thla_scaffold39	10	185422	185350	Arg	CCT	0	0	74.8	55.90	18.90	Inf	Arg	87.5	high confidence set
Thla_scaffold39	12	155028	154955	Val	CAC	0	0	81.5	53.50	28.00	Inf	Val	103.7	high confidence set
Thla_scaffold39	13	105505	105434	Pro	CGG	0	0	68.2	35.30	32.90	Inf	Pro	113.0	high confidence set
Thla_scaffold41	2	1580331	1580258	Trp	CCA	0	0	72.3	42.90	29.40	Inf	Thr	75.0	IPD:-16.70,isotype mismatch
Thla_scaffold42	1	435199	435271	Ala	AGC	0	0	63.4	38.20	25.20	Inf	Ala	98.3	high confidence set
Thla_scaffold42	2	738120	738049	Asp	GTC	0	0	69.8	46.80	23.00	Inf	Asp	94.5	high confidence set
Thla_scaffold42	3	643433	643362	Pro	TGG	0	0	68.5	35.70	32.80	Inf	Pro	111.2	high confidence set
Thla_scaffold42	4	641273	641202	Pro	TGG	0	0	69.2	36.90	32.30	Inf	Pro	112.8	high confidence set
Thla_scaffold42	5	440306	440234	Ala	AGC	0	0	63.4	38.20	25.20	Inf	Ala	98.3	high confidence set
Thla_scaffold42	6	228990	228919	Pro	AGG	0	0	68.2	35.90	32.30	Inf	Pro	113.9	high confidence set
Thla_scaffold42	7	52140	52068	Lys	CTT	0	0	87.7	67.60	20.10	Inf	Lys	106.7	high confidence set
Thla_scaffold43	2	713772	713843	Asp	GTC	0	0	67.9	47.30	20.60	Inf	Asp	93.0	high confidence set
Thla_scaffold44	2	1216234	1216304	Cys	GCA	0	0	64.9	46.30	18.60	Inf	Cys	73.4	high confidence set
Thla_scaffold44	4	1224317	1224388	Thr	GGT	0	0	58.2	29.20	29.00	Inf	Thr	73.0	unexpected anticodon
Thla_scaffold44	5	1239578	1239664	Ser	GGA	0	0	64.6	34.80	29.80	Inf	Ser	83.2	unexpected anticodon
Thla_scaffold44	8	1243131	1243203	Phe	GAA	0	0	72.0	48.00	24.00	Inf	Thr	76.1	IPD:-0.90,isotype mismatch
Thla_scaffold44	9	1244378	1244450	Tyr	GTA	0	0	70.3	51.10	19.20	Inf	Tyr	77.8	high confidence set
Thla_scaffold44	10	1245289	1245361	Phe	GAA	0	0	72.0	48.00	24.00	Inf	Thr	76.1	IPD:-0.90,isotype mismatch
Thla_scaffold44	13	1241032	1240960	Thr	TGT	0	0	69.1	50.20	18.90	Inf	Thr	82.6	high confidence set
Thla_scaffold44	17	1223416	1223333	Tyr	GTA	0	0	55.6	30.40	25.20	Inf	Tyr	72.5	high confidence set
Thla_scaffold45	1	210921	210991	Gly	CCC	0	0	65.4	28.10	37.30	Inf	Gly	85.4	high confidence set
Thla_scaffold45	2	307377	307305	Ala	CGC	0	0	68.3	44.10	24.20	Inf	Ala	99.2	high confidence set
Thla_scaffold47	1	1782881	1782808	Val	CAC	0	0	55.8	38.40	17.40	Inf	Val	72.7	high confidence set
Thla_scaffold48	1	935161	935090	Pro	AGG	0	0	68.2	35.90	32.30	Inf	Pro	113.9	high confidence set
Thla_scaffold48	2	457785	457712	Ile	AAT	0	0	83.0	54.40	28.60	Inf	Ile	104.3	high confidence set
Thla_scaffold48	3	450437	450356	Ser	GCT	0	0	76.2	41.10	35.10	Inf	Ser	105.6	high confidence set
Thla_scaffold48	4	310717	310645	Arg	ACG	0	0	71.4	49.50	21.90	Inf	Arg	91.0	high confidence set
Thla_scaffold48	5	9544	9461	Leu	CAA	0	0	80.2	53.70	26.50	Inf	Leu	122.5	high confidence set
Thla_scaffold49	1	1611411	1611338	Val	CAC	0	0	71.0	53.30	17.70	Inf	Val	89.3	high confidence set
Thla_scaffold51	2	646036	645963	Thr	AGT	0	0	76.0	48.40	27.60	Inf	Thr	90.6	high confidence set
Thla_scaffold53	3	1011647	1011574	Trp	CCA	0	0	72.3	42.90	29.40	Inf	Thr	75.0	IPD:-16.70,isotype mismatch
Thla_scaffold54	1	870052	870124	Phe	GAA	0	0	72.8	56.60	16.20	Inf	Phe	108.8	high confidence set
Thla_scaffold54	2	904706	904623	Leu	CAA	0	0	77.9	54.50	23.40	Inf	Leu	122.0	high confidence set
Thla_scaffold54	3	424193	424122	Glu	TTC	0	0	68.9	44.50	24.40	Inf	Glu	97.7	high confidence set
Thla_scaffold56	1	2193221	2193302	Ser	TGA	0	0	79.2	43.90	35.30	Inf	Ser	118.5	high confidence set
Thla_scaffold56	2	2420695	2420624	Trp	CCA	0	0	75.8	51.20	24.60	Inf	Trp	105.6	high confidence set
Thla_scaffold56	4	1381664	1381591	Arg	TCG	0	0	81.9	60.40	21.50	Inf	Arg	92.9	high confidence set
Thla_scaffold60	1	669356	669428	Glu	CTC	0	0	76.3	50.40	25.90	Inf	Glu	95.5	high confidence set
Thla_scaffold62	1	286886	286957	Trp	CCA	0	0	72.7	51.20	21.50	Inf	Trp	104.3	high confidence set
Thla_scaffold62	2	531788	531859	Glu	TTC	0	0	69.9	45.30	24.60	Inf	Glu	99.4	high confidence set
Thla_scaffold62	3	572395	572478	Leu	CAA	0	0	82.3	54.50	27.80	Inf	Leu	124.9	high confidence set
Thla_scaffold62	4	604622	604550	Glu	CTC	0	0	76.3	50.40	25.90	Inf	Glu	91.1	high confidence set
Thla_scaffold62	5	522749	522678	Asp	GTC	0	0	69.8	46.80	23.00	Inf	Asp	94.5	high confidence set
Thla_scaffold62	6	508736	508664	Lys	CTT	0	0	87.7	67.60	20.10	Inf	Lys	106.7	high confidence set
Thla_scaffold62	7	453650	453579	Pro	TGG	0	0	69.2	36.90	32.30	Inf	Pro	112.8	high confidence set
Thla_scaffold62	8	453468	453407	Pro	TGG	0	0	50.1	16.70	33.40	Inf	Pro	78.6	high confidence set
Thla_scaffold63	1	1422530	1422450	Leu	AAG	0	0	71.4	51.10	20.30	Inf	Leu	108.5	high confidence set
Thla_scaffold63	2	1405946	1405866	Leu	AAG	0	0	71.4	51.10	20.30	Inf	Leu	108.5	high confidence set
Thla_scaffold66	1	984966	984895	Asp	GTC	0	0	69.8	46.80	23.00	Inf	Asp	94.5	high confidence set
Thla_scaffold69	2	2477962	2478035	Thr	AGT	0	0	73.6	45.20	28.40	Inf	Thr	88.6	high confidence set
Thla_scaffold69	4	2588232	2588161	Lys	TTT	0	0	83.8	71.00	12.80	Inf	Lys	83.9	high confidence set
Thla_scaffold69	5	1701995	1701923	Val	TAC	0	0	74.4	44.00	30.40	Inf	Val	103.3	high confidence set
Thla_scaffold69	6	1044321	1044250	Pro	AGG	0	0	57.6	32.40	25.20	Inf	Pro	99.6	high confidence set
Thla_scaffold73	1	338842	338771	Asp	GTC	0	0	60.8	46.30	14.50	Inf	Asp	85.4	high confidence set
Thla_scaffold77	1	758670	758599	Lys	TTT	0	0	83.0	70.00	13.00	Inf	Lys	83.3	high confidence set
Thla_scaffold77	2	717254	717181	Ile	AAT	0	0	64.1	41.80	22.30	Inf	Ile	94.2	high confidence set
Thla_scaffold83	1	738342	738414	Ala	AGC	0	0	63.4	38.20	25.20	Inf	Ala	98.3	high confidence set
Thla_scaffold83	2	738518	738590	Ala	AGC	0	0	63.4	38.20	25.20	Inf	Ala	98.3	high confidence set
Thla_scaffold83	3	245166	245095	Pro	AGG	0	0	67.4	34.70	32.70	Inf	Pro	112.3	high confidence set
Thla_scaffold89	1	238272	238344	Ala	AGC	0	0	63.4	38.20	25.20	Inf	Ala	98.3	high confidence set
Thla_scaffold89	2	535096	535169	Val	AAC	0	0	67.2	49.40	17.80	Inf	Val	94.6	high confidence set
Thla_scaffold89	3	620309	620390	Ser	CGA	0	0	78.9	46.60	32.30	Inf	Ser	122.0	high confidence set
Thla_scaffold89	4	871398	871491	Tyr	GTA	871435	871455	73.9	42.20	31.70	Inf	Tyr	108.6	high confidence set
Thla_scaffold89	5	875796	875724	Phe	GAA	0	0	78.3	58.40	19.90	Inf	Phe	113.2	high confidence set
Thla_scaffold89	6	657350	657269	Ser	TGA	0	0	81.1	46.70	34.40	Inf	Ser	122.5	high confidence set
Thla_scaffold89	7	602713	602640	Arg	TCG	0	0	82.3	61.00	21.30	Inf	Arg	91.9	high confidence set
Thla_scaffold89	8	566487	566416	His	GTG	0	0	63.0	33.70	29.30	Inf	His	86.8	high confidence set
Thla_scaffold89	9	510132	510060	Lys	CTT	0	0	88.3	68.20	20.10	Inf	Lys	101.1	high confidence set
Thla_scaffold89	10	385679	385609	Gly	GCC	0	0	66.5	44.80	21.70	Inf	Gly	94.4	high confidence set
Thla_scaffold94	1	283456	283527	Asp	GTC	0	0	65.2	45.30	19.90	Inf	Asp	89.6	high confidence set
Thla_scaffold97	1	2390242	2390327	Tyr	GTA	2390279	2390291	74.2	42.50	31.70	Inf	Tyr	108.6	high confidence set
Thla_scaffold97	2	2804785	2804855	Gly	GCC	0	0	59.3	41.60	17.70	Inf	Gly	88.3	high confidence set
Thla_scaffold97	4	2828850	2828780	Gly	GCC	0	0	66.5	44.80	21.70	Inf	Gly	94.4	high confidence set
Thla_scaffold97	5	2257038	2256967	Gln	TTG	0	0	73.5	53.70	19.80	Inf	Gln	104.8	high confidence set
Thla_scaffold97	7	930194	930123	Asp	GTC	0	0	61.1	41.50	19.60	Inf	Asp	86.5	high confidence set
Thla_scaffold100	1	364121	364211	Tyr	GTA	364158	364175	73.2	40.00	33.20	Inf	Tyr	109.5	high confidence set
Thla_scaffold100	9	611385	611475	Tyr	GTA	611422	611439	63.2	31.80	31.40	Inf	Tyr	93.6	high confidence set
Thla_scaffold100	10	631775	631865	Tyr	GTA	631812	631829	59.3	27.30	32.00	Inf	Tyr	92.8	high confidence set
Thla_scaffold102	14	508433	508514	Ser	AGA	0	0	52.2	33.60	18.60	Inf	Ser	83.9	high confidence set
Thla_scaffold102	20	519081	519165	Tyr	GTA	519118	519129	53.1	32.00	21.10	Inf	Tyr	83.0	high confidence set
Thla_scaffold102	21	519794	519875	Ser	AGA	0	0	58.7	38.10	20.60	Inf	Ser	91.2	high confidence set
Thla_scaffold102	27	624227	624298	Asp	GTC	0	0	69.7	46.70	23.00	Inf	Asp	90.7	high confidence set
Thla_scaffold102	29	889321	889240	Tyr	ATA	0	0	55.0	25.50	29.50	Inf	Ser	83.8	IPD:-66.50,isotype mismatch
Thla_scaffold102	33	713300	713216	Tyr	GTA	713263	713252	69.0	35.70	33.30	Inf	Tyr	108.1	high confidence set
Thla_scaffold102	37	669323	669239	Tyr	GTA	669286	669275	52.8	34.70	18.10	Inf	Tyr	83.5	high confidence set
Thla_scaffold102	44	616789	616705	Tyr	GTA	616752	616741	62.0	39.70	22.30	Inf	Tyr	94.0	high confidence set
Thla_scaffold111	2	451154	451226	Lys	TTT	0	0	80.3	61.50	18.80	Inf	Lys	78.3	high confidence set
Thla_scaffold111	3	459232	459318	Ser	GGA	0	0	61.6	35.50	26.10	Inf	Ser	87.5	unexpected anticodon
Thla_scaffold111	6	513111	513038	Trp	CCA	0	0	72.3	42.90	29.40	Inf	Thr	75.0	IPD:-16.70,isotype mismatch
Thla_scaffold111	10	472727	472656	Asn	GTT	0	0	77.9	55.60	22.30	Inf	Asn	78.1	high confidence set
Thla_scaffold111	11	471809	471727	Tyr	GTA	0	0	63.5	45.20	18.30	Inf	Leu	71.2	IPD:-4.50,isotype mismatch
Thla_scaffold111	12	305640	305569	Asp	GTC	0	0	69.8	46.80	23.00	Inf	Asp	94.5	high confidence set
Thla_scaffold111	14	263662	263591	Asp	GTC	0	0	69.8	46.80	23.00	Inf	Asp	94.5	high confidence set
Thla_scaffold118	1	456610	456681	Lys	TTT	0	0	90.1	67.30	22.80	Inf	Lys	94.7	high confidence set
Thla_scaffold118	2	203462	203379	Leu	CAA	0	0	77.0	55.00	22.00	Inf	Leu	116.0	high confidence set
Thla_scaffold118	3	64778	64697	Ser	TGA	0	0	81.1	46.70	34.40	Inf	Ser	122.5	high confidence set
Thla_scaffold126	1	418874	418804	Gly	GCC	0	0	66.5	44.80	21.70	Inf	Gly	94.4	high confidence set
Thla_scaffold128	1	247792	247873	Ser	TGA	0	0	79.2	43.90	35.30	Inf	Ser	118.5	high confidence set
Thla_scaffold128	2	268488	268573	Met	CAT	268526	268537	64.2	40.80	23.40	Inf	Met	104.0	high confidence set
Thla_scaffold128	3	419506	419577	His	GTG	0	0	63.0	33.70	29.30	Inf	His	86.8	high confidence set
Thla_scaffold128	4	626128	626199	Pro	TGG	0	0	68.5	35.70	32.80	Inf	Pro	111.2	high confidence set
Thla_scaffold128	5	280572	280500	Val	TAC	0	0	74.4	44.00	30.40	Inf	Val	103.3	high confidence set
Thla_scaffold130	3	296694	296611	Tyr	GTA	0	0	55.6	30.40	25.20	Inf	Tyr	72.5	high confidence set
Thla_scaffold132	1	367286	367359	Val	AAC	0	0	72.5	48.10	24.40	Inf	Val	100.2	high confidence set
Thla_scaffold132	3	485587	485658	Asp	GTC	0	0	69.8	46.80	23.00	Inf	Asp	94.5	high confidence set
Thla_scaffold132	5	238261	238178	Leu	CAA	0	0	80.4	54.50	25.90	Inf	Leu	124.6	high confidence set
Thla_scaffold142	1	504514	504441	Asn	GTT	0	0	76.4	51.20	25.20	Inf	Asn	82.9	high confidence set
Thla_scaffold143	1	47576	47646	Gly	GCC	0	0	66.5	44.80	21.70	Inf	Gly	94.4	high confidence set
Thla_scaffold143	2	56574	56644	Gly	GCC	0	0	66.5	44.80	21.70	Inf	Gly	94.4	high confidence set
Thla_scaffold143	3	590937	590867	Gly	GCC	0	0	59.9	47.40	12.50	Inf	Gly	87.5	high confidence set
Thla_scaffold143	4	587607	587537	Gly	GCC	0	0	52.5	33.60	18.90	Inf	Gly	78.8	high confidence set
Thla_scaffold146	1	33693	33766	Ile	AAT	0	0	83.0	54.40	28.60	Inf	Ile	104.3	high confidence set
Thla_scaffold146	2	33837	33910	Ile	AAT	0	0	83.0	54.40	28.60	Inf	Ile	104.3	high confidence set
Thla_scaffold146	3	37984	38055	Asp	GTC	0	0	69.8	46.80	23.00	Inf	Asp	94.5	high confidence set
Thla_scaffold146	5	268624	268551	Val	CAC	0	0	81.7	53.80	27.90	Inf	Val	106.4	high confidence set
Thla_scaffold154	1	472672	472742	Gly	CCC	0	0	65.4	28.10	37.30	Inf	Gly	85.4	high confidence set
Thla_scaffold155	2	588453	588380	Cys	ACA	0	0	57.0	44.90	12.10	Inf	Ile	71.4	IPD:-26.90,isotype mismatch
Thla_scaffold158	1	209733	209804	Lys	TTT	0	0	83.8	71.00	12.80	Inf	Lys	83.9	high confidence set
Thla_scaffold158	2	328499	328584	Met	CAT	328537	328548	64.2	40.80	23.40	Inf	Met	104.0	high confidence set
Thla_scaffold158	3	560008	560079	His	GTG	0	0	63.0	33.70	29.30	Inf	His	86.8	high confidence set
Thla_scaffold158	4	285474	285403	Lys	TTT	0	0	83.8	71.00	12.80	Inf	Lys	83.9	high confidence set
Thla_scaffold161	1	695153	695082	Asp	GTC	0	0	61.3	43.70	17.60	Inf	Asp	87.9	high confidence set
Thla_scaffold166	1	442680	442607	Val	AAC	0	0	62.9	45.70	17.20	Inf	Val	88.2	high confidence set
Thla_scaffold172	1	158648	158730	Leu	TAA	0	0	74.6	38.00	36.60	Inf	Leu	103.8	high confidence set
Thla_scaffold178	1	602634	602714	Leu	AAG	0	0	71.4	51.10	20.30	Inf	Leu	108.5	high confidence set
Thla_scaffold182	1	309489	309560	Asp	GTC	0	0	69.8	46.80	23.00	Inf	Asp	94.5	high confidence set
Thla_scaffold191	1	240143	240072	Asp	GTC	0	0	69.8	46.80	23.00	Inf	Asp	94.5	high confidence set
Thla_scaffold200	1	106861	106932	Gln	CTG	0	0	71.2	46.50	24.70	Inf	Gln	101.3	high confidence set
Thla_scaffold200	2	157044	157116	Ala	AGC	0	0	63.4	38.20	25.20	Inf	Ala	98.3	high confidence set
Thla_scaffold200	3	311917	311989	Phe	GAA	0	0	78.3	58.40	19.90	Inf	Phe	113.2	high confidence set
Thla_scaffold200	4	342897	342968	His	GTG	0	0	63.0	33.70	29.30	Inf	His	86.8	high confidence set
Thla_scaffold200	5	393511	393583	Lys	CTT	0	0	87.7	67.60	20.10	Inf	Lys	106.7	high confidence set
Thla_scaffold201	1	304316	304387	iMet	CAT	0	0	59.0	29.50	29.50	Inf	iMet	122.5	high confidence set
Thla_scaffold201	2	304580	304651	iMet	CAT	0	0	59.0	29.50	29.50	Inf	iMet	122.5	high confidence set
Thla_scaffold223	7	393190	393103	Ser	GCT	0	0	56.3	37.20	19.10	Inf	Ser	73.7	high confidence set
Thla_scaffold225	1	90034	90105	Gln	TTG	0	0	73.5	53.70	19.80	Inf	Gln	104.8	high confidence set
Thla_scaffold233	1	149360	149433	Ile	AAT	0	0	85.5	59.00	26.50	Inf	Ile	109.4	high confidence set
Thla_scaffold233	4	429581	429510	His	GTG	0	0	63.0	33.70	29.30	Inf	His	86.8	high confidence set
Thla_scaffold233	5	363630	363559	Lys	TTT	0	0	83.8	71.00	12.80	Inf	Lys	83.9	high confidence set
Thla_scaffold249	1	77708	77779	Lys	TTT	0	0	83.8	71.00	12.80	Inf	Lys	83.9	high confidence set
Thla_scaffold253	1	1866	1939	Trp	CCA	0	0	68.8	40.10	28.70	Inf	Thr	70.3	IPD:-15.40,isotype mismatch
Thla_scaffold258	1	156860	156788	Lys	CTT	0	0	87.7	67.60	20.10	Inf	Lys	106.7	high confidence set
Thla_scaffold258	2	154318	154246	Lys	CTT	0	0	75.0	63.30	11.70	Inf	Lys	92.1	high confidence set
Thla_scaffold266	1	89033	89104	Pro	TGG	0	0	68.5	35.70	32.80	Inf	Pro	111.2	high confidence set
Thla_scaffold266	2	89391	89462	Pro	TGG	0	0	68.5	35.70	32.80	Inf	Pro	111.2	high confidence set
Thla_scaffold266	3	90104	90175	Pro	TGG	0	0	68.5	35.70	32.80	Inf	Pro	111.2	high confidence set
Thla_scaffold266	4	90563	90634	Pro	TGG	0	0	68.5	35.70	32.80	Inf	Pro	111.2	high confidence set
Thla_scaffold266	5	91500	91571	Pro	TGG	0	0	68.5	35.70	32.80	Inf	Pro	111.2	high confidence set
Thla_scaffold266	6	91897	91968	Pro	TGG	0	0	68.5	35.70	32.80	Inf	Pro	111.2	high confidence set
Thla_scaffold266	7	92323	92394	Pro	TGG	0	0	68.5	35.70	32.80	Inf	Pro	111.2	high confidence set
Thla_scaffold266	10	100563	100634	Pro	TGG	0	0	68.5	35.70	32.80	Inf	Pro	111.2	high confidence set
Thla_scaffold266	11	100960	101031	Pro	TGG	0	0	68.5	35.70	32.80	Inf	Pro	111.2	high confidence set
Thla_scaffold266	12	101357	101428	Pro	TGG	0	0	68.5	35.70	32.80	Inf	Pro	111.2	high confidence set
Thla_scaffold266	13	101754	101825	Pro	TGG	0	0	68.5	35.70	32.80	Inf	Pro	111.2	high confidence set
Thla_scaffold266	14	102197	102268	Pro	TGG	0	0	68.5	35.70	32.80	Inf	Pro	111.2	high confidence set
Thla_scaffold266	15	102694	102765	Pro	TGG	0	0	68.5	35.70	32.80	Inf	Pro	111.2	high confidence set
Thla_scaffold272	1	146106	146035	Asp	GTC	0	0	69.8	46.80	23.00	Inf	Asp	94.5	high confidence set
Thla_scaffold273	1	238586	238514	Arg	CCT	0	0	74.8	55.90	18.90	Inf	Arg	84.6	high confidence set
Thla_scaffold298	1	250416	250335	Ser	AGA	0	0	76.3	41.60	34.70	Inf	Ser	112.1	high confidence set
Thla_scaffold302	1	103566	103637	Asp	GTC	0	0	69.8	46.80	23.00	Inf	Asp	94.5	high confidence set
Thla_scaffold309	2	175848	175934	Ser	GGA	0	0	64.6	34.80	29.80	Inf	Ser	83.2	unexpected anticodon
Thla_scaffold328	2	223427	223356	iMet	CAT	0	0	58.3	28.10	30.20	Inf	iMet	118.7	high confidence set
Thla_scaffold336	1	254742	254813	Asp	GTC	0	0	75.4	48.70	26.70	Inf	Asp	98.2	high confidence set
Thla_scaffold346	1	16422	16494	Phe	GAA	0	0	78.3	58.40	19.90	Inf	Phe	113.2	high confidence set
Thla_scaffold346	2	43172	43243	iMet	CAT	0	0	58.3	28.10	30.20	Inf	iMet	118.7	high confidence set
Thla_scaffold346	4	108827	108901	Ile	AAT	0	0	57.2	44.10	13.10	Inf	Ile	72.2	high confidence set
Thla_scaffold346	8	210686	210759	Asn	GTT	0	0	83.3	58.10	25.20	Inf	Asn	93.9	high confidence set
Thla_scaffold353	1	146657	146729	Lys	CTT	0	0	87.7	67.60	20.10	Inf	Lys	106.7	high confidence set
Thla_scaffold353	2	149830	149758	Val	TAC	0	0	71.6	41.10	30.50	Inf	Val	96.5	high confidence set
Thla_scaffold356	1	329638	329567	Asp	GTC	0	0	63.7	42.60	21.10	Inf	Asp	87.7	high confidence set
Thla_scaffold393	1	84635	84720	Tyr	GTA	84672	84684	74.2	42.50	31.70	Inf	Tyr	108.6	high confidence set
Thla_scaffold399	1	70090	70161	Asp	GTC	0	0	69.8	46.80	23.00	Inf	Asp	94.5	high confidence set
Thla_scaffold400	1	14912	14984	Ala	AGC	0	0	53.7	35.50	18.20	Inf	Ala	89.3	high confidence set
Thla_scaffold404	1	493	578	Met	CAT	531	542	64.2	40.70	23.50	Inf	Met	104.0	high confidence set
Thla_scaffold407	1	182321	182392	Pro	AGG	0	0	67.4	34.70	32.70	Inf	Pro	112.3	high confidence set
Thla_scaffold411	1	57969	58040	Asp	GTC	0	0	69.8	46.80	23.00	Inf	Asp	94.5	high confidence set
Thla_scaffold455	1	58733	58662	Asp	GTC	0	0	70.4	47.40	23.00	Inf	Asp	93.1	high confidence set
Thla_scaffold468	1	107260	107189	Gln	TTG	0	0	68.7	45.30	23.40	Inf	Gln	100.0	high confidence set
Thla_scaffold471	10	71516	71445	Pro	TGG	0	0	67.1	34.40	32.70	Inf	Pro	109.2	high confidence set
Thla_scaffold471	12	70303	70232	Pro	TGG	0	0	53.6	23.80	29.80	Inf	Pro	96.4	high confidence set
Thla_scaffold513	1	140529	140600	Tyr	GTA	0	0	52.9	42.80	10.10	Inf	Asp	78.0	IPD:-70.50,trunc_start:3,isotype mismatch
Thla_scaffold514	3	46529	46603	Pro	TGG	0	0	62.8	32.80	30.00	Inf	Trp	73.3	IPD:-42.40,isotype mismatch
Thla_scaffold514	5	107735	107653	Tyr	GTA	0	0	63.5	45.20	18.30	Inf	Leu	71.2	IPD:-4.50,isotype mismatch
Thla_scaffold551	1	34321	34393	Ala	AGC	0	0	60.7	35.50	25.20	Inf	Ala	99.6	high confidence set
Thla_scaffold551	2	48738	48655	Leu	CAA	0	0	70.4	43.90	26.50	Inf	Leu	106.6	high confidence set
Thla_scaffold605	1	39192	39265	Arg	ACG	0	0	57.0	44.90	12.10	Inf	Ile	71.4	IPD:-19.50,isotype mismatch
Thla_scaffold605	2	39875	39948	Arg	ACG	0	0	57.0	44.90	12.10	Inf	Ile	71.4	IPD:-19.50,isotype mismatch
Thla_scaffold605	4	72652	72724	Thr	TGT	0	0	69.1	50.20	18.90	Inf	Thr	82.6	high confidence set
Thla_scaffold605	5	71730	71658	Tyr	GTA	0	0	69.8	51.20	18.60	Inf	Phe	81.5	IPD:-5.40,isotype mismatch
Thla_scaffold605	6	70819	70747	Phe	GAA	0	0	72.0	48.00	24.00	Inf	Thr	76.1	IPD:-0.90,isotype mismatch
Thla_scaffold605	8	40663	40592	Asn	GTT	0	0	75.9	56.60	19.30	Inf	Asn	74.1	high confidence set
Thla_scaffold651	1	143335	143248	Ser	GCT	0	0	56.3	37.20	19.10	Inf	Ser	73.7	high confidence set
Thla_scaffold737	1	21598	21685	Ser	GCT	0	0	56.3	37.20	19.10	Inf	Ser	73.7	high confidence set
Thla_scaffold774	1	3148	3235	Ser	GCT	0	0	56.3	37.20	19.10	Inf	Ser	73.7	high confidence set
