EukHighConfidenceFilter v1.0 Summary
Completed Time: Tue Sep 20 00:26:33 2022

Inputs
------------------------------------------------------
tRNAscan-SE output file: Tarvense_479_v1_trnascan-se.output
tRNAscan-SE ss file: Tarvense_479_v1_trnascan-se.struct
Secondary filtering domain-specific model score cutoff: 50
Secondary filtering secondary structure score cutoff: 10
Secondary filtering isotype-specific model score cutoff: 70
Tertiary filtering isotype-specific model starting score cutoff: 70
Tertiary filtering maximum isotype-specific model score cutoff: 95
Remove filtered hits: Yes

Outputs
------------------------------------------------------
tRNAscan-SE output file: hi_conf_Tarvense/Tarvense_479_v1.out
tRNAscan-SE ss file: hi_conf_Tarvense/Tarvense_479_v1.ss
Summary file: hi_conf_Tarvense/Tarvense_479_v1.log

Summary statistics
------------------------------------------------------
Total tRNA predictions:                                934
Possible pseudogenes:                                  67
tRNAs with scores lower than secondary cutoffs:        228
tRNAs failed tertiary filter:                          26

tRNAs after filtering:                                 613

tRNAs with mismatched isotype:                         23
tRNAs with undetermined isotype:                       0
tRNAs with unexpected anticodon:                       4

High confidence set:                                   586

Tertiary filter - anticodon counts
------------------------------------------------------

Isotype  Anticodon  BeforeFiltering  AfterFiltering  FinalScoreCutoff
Asp      GTC        66               40              85              

Isotype / Anticodon Counts After Filtering
------------------------------------------------------

Ala     : 35	  AGC: 18      GGC: 0       CGC: 7       TGC: 10    
Gly     : 45	  ACC: 0       GCC: 26      CCC: 5       TCC: 14    
Pro     : 53	  AGG: 15      GGG: 0       CGG: 6       TGG: 32    
Thr     : 27	  AGT: 11      GGT: 1       CGT: 5       TGT: 10    
Val     : 34	  AAC: 17      GAC: 0       CAC: 9       TAC: 8     
Ser     : 45	  AGA: 14      GGA: 3       CGA: 5       TGA: 7       ACT: 0       GCT: 16                              
Arg     : 41	  ACG: 12      GCG: 0       CCG: 5       TCG: 6                                 CCT: 9       TCT: 9     
Leu     : 41	  AAG: 12      GAG: 0       CAG: 5       TAG: 7                                 CAA: 10      TAA: 7     
Phe     : 23	  AAA: 0       GAA: 23                              
Asn     : 20	  ATT: 0       GTT: 20                              
Lys     : 35	                            CTT: 18      TTT: 17    
Asp     : 40	  ATC: 0       GTC: 40                              
Glu     : 29	                            CTC: 18      TTC: 11    
His     : 11	  ATG: 0       GTG: 11                              
Gln     : 18	                            CTG: 10      TTG: 8     
Ile     : 25	  AAT: 20      GAT: 0                    TAT: 5     
Met     : 24	                            CAT: 24                 
Tyr     : 31	  ATA: 1       GTA: 30                              
Supres  : 0	                            CTA: 0       TTA: 0     
Cys     : 18	  ACA: 1       GCA: 17                              
Trp     : 18	                            CCA: 18                 
SelCys  : 0	                                         TCA: 0     

