Sequence    		tRNA    	Bounds  	tRNA	Anti	Intron Bounds	Inf	HMM	2'Str	Hit	Isotype	Isotype	      
Name        	tRNA#	Begin   	End     	Type	Codon	Begin	End	Score	Score	Score	Origin	CM	Score	Note
--------    	------	-----   	------  	----	-----	-----	----	------	-----	-----	------	-------	-------	------
DCARv2_Chr1	2	16908014	16908085	Asn	GTT	0	0	60.8	47.40	13.40	Inf	Asn	70.0	high confidence set
DCARv2_Chr1	5	19404025	19404096	Gly	TCC	0	0	73.9	46.20	27.70	Inf	Gly	85.6	high confidence set
DCARv2_Chr1	6	20090892	20090963	Pro	CGG	0	0	68.4	35.70	32.70	Inf	Pro	111.1	high confidence set
DCARv2_Chr1	7	20091050	20091121	Pro	TGG	0	0	68.5	35.70	32.80	Inf	Pro	111.2	high confidence set
DCARv2_Chr1	10	24786100	24786173	Val	AAC	0	0	75.4	49.00	26.40	Inf	Val	99.3	high confidence set
DCARv2_Chr1	12	27175564	27175643	Leu	CAG	0	0	67.1	47.70	19.40	Inf	Leu	107.1	high confidence set
DCARv2_Chr1	13	27513239	27513310	Gly	TCC	0	0	73.9	46.20	27.70	Inf	Gly	85.6	high confidence set
DCARv2_Chr1	15	28865221	28865292	iMet	CAT	0	0	56.1	23.80	32.30	Inf	iMet	118.3	high confidence set
DCARv2_Chr1	16	30776101	30776173	Ala	AGC	0	0	63.4	38.20	25.20	Inf	Ala	98.3	high confidence set
DCARv2_Chr1	17	31471257	31471328	His	GTG	0	0	63.0	33.70	29.30	Inf	His	86.8	high confidence set
DCARv2_Chr1	18	32025316	32025387	Glu	TTC	0	0	70.5	45.30	25.20	Inf	Glu	97.5	high confidence set
DCARv2_Chr1	19	32871087	32871158	Pro	AGG	0	0	67.4	34.70	32.70	Inf	Pro	112.3	high confidence set
DCARv2_Chr1	20	33097692	33097772	Leu	AAG	0	0	72.4	52.20	20.20	Inf	Leu	110.6	high confidence set
DCARv2_Chr1	21	34095063	34095135	Phe	GAA	0	0	73.7	49.70	24.00	Inf	Phe	106.2	high confidence set
DCARv2_Chr1	22	38375167	38375238	His	GTG	0	0	63.0	33.70	29.30	Inf	His	86.8	high confidence set
DCARv2_Chr1	24	42864351	42864429	Arg	ACG	0	0	56.5	44.90	11.60	Inf	Ile	73.7	IPD:-23.30,isotype mismatch
DCARv2_Chr1	25	42865437	42865515	Arg	ACG	0	0	56.5	44.90	11.60	Inf	Ile	73.7	IPD:-23.30,isotype mismatch
DCARv2_Chr1	26	43381108	43381187	Leu	TAG	0	0	69.5	48.50	21.00	Inf	Leu	111.5	high confidence set
DCARv2_Chr1	28	47378555	47378636	Ser	GCT	0	0	79.0	43.10	35.90	Inf	Ser	108.6	high confidence set
DCARv2_Chr1	29	47512009	47512080	Asp	GTC	0	0	67.0	47.30	19.70	Inf	Asp	95.1	high confidence set
DCARv2_Chr1	30	49193560	49193640	Ser	TGA	0	0	76.4	44.60	31.80	Inf	Ser	113.8	high confidence set
DCARv2_Chr1	32	48423983	48423903	Ser	CGA	0	0	73.5	41.60	31.90	Inf	Ser	113.8	high confidence set
DCARv2_Chr1	33	46332870	46332797	Ile	AAT	0	0	79.3	55.80	23.50	Inf	Ile	104.3	high confidence set
DCARv2_Chr1	35	45664002	45663931	Trp	CCA	0	0	75.8	51.20	24.60	Inf	Trp	105.6	high confidence set
DCARv2_Chr1	36	44912152	44912081	Gln	CTG	0	0	74.7	50.50	24.20	Inf	Gln	100.9	high confidence set
DCARv2_Chr1	37	44086960	44086888	Glu	CTC	0	0	78.9	53.10	25.80	Inf	Glu	94.8	high confidence set
DCARv2_Chr1	38	42495311	42495239	Ala	AGC	0	0	63.4	38.20	25.20	Inf	Ala	98.3	high confidence set
DCARv2_Chr1	39	42494783	42494711	Ala	AGC	0	0	63.4	38.20	25.20	Inf	Ala	98.3	high confidence set
DCARv2_Chr1	40	42124818	42124745	Ile	AAT	0	0	79.3	55.80	23.50	Inf	Ile	104.3	high confidence set
DCARv2_Chr1	41	41455747	41455666	Ser	GCT	0	0	79.0	43.10	35.90	Inf	Ser	108.6	high confidence set
DCARv2_Chr1	42	34011204	34011132	Glu	CTC	0	0	79.2	53.50	25.70	Inf	Glu	94.2	high confidence set
DCARv2_Chr1	43	33060698	33060628	Gly	CCC	0	0	65.4	28.10	37.30	Inf	Gly	85.4	high confidence set
DCARv2_Chr1	45	29069036	29068963	Asn	GTT	0	0	83.3	58.10	25.20	Inf	Asn	93.9	high confidence set
DCARv2_Chr1	46	26651467	26651396	iMet	CAT	0	0	58.3	28.10	30.20	Inf	iMet	118.7	high confidence set
DCARv2_Chr1	48	24844965	24844892	Ile	AAT	0	0	79.3	55.80	23.50	Inf	Ile	104.3	high confidence set
DCARv2_Chr1	51	15128013	15127941	Ala	TGC	0	0	63.7	38.60	25.10	Inf	Ala	96.5	high confidence set
DCARv2_Chr1	52	14151646	14151566	Leu	AAG	0	0	74.0	52.20	21.80	Inf	Leu	110.4	high confidence set
DCARv2_Chr1	54	10602171	10602100	Trp	CCA	0	0	75.1	50.10	25.00	Inf	Trp	105.0	high confidence set
DCARv2_Chr1	56	3218847	3218776	Asp	GTC	0	0	67.0	47.30	19.70	Inf	Asp	95.1	high confidence set
DCARv2_Chr1	57	2023453	2023381	Phe	GAA	0	0	73.9	50.10	23.80	Inf	Phe	108.5	high confidence set
DCARv2_Chr1	58	1250517	1250444	Thr	AGT	0	0	76.0	48.40	27.60	Inf	Thr	90.6	high confidence set
DCARv2_Chr1	59	1249428	1249355	Thr	AGT	0	0	76.0	48.40	27.60	Inf	Thr	90.6	high confidence set
DCARv2_Chr1	60	1024347	1024276	Gly	TCC	0	0	73.9	46.20	27.70	Inf	Gly	85.6	high confidence set
DCARv2_Chr1	61	520991	520918	Ile	TAT	0	0	85.9	70.60	15.30	Inf	Ile	103.9	high confidence set
DCARv2_Chr2	1	1255548	1255621	Thr	AGT	0	0	73.6	45.20	28.40	Inf	Thr	88.6	high confidence set
DCARv2_Chr2	2	12206062	12206148	Tyr	GTA	12206099	12206112	74.4	42.90	31.50	Inf	Tyr	111.8	high confidence set
DCARv2_Chr2	3	12324880	12324951	Gln	CTG	0	0	71.1	46.00	25.10	Inf	Gln	100.8	high confidence set
DCARv2_Chr2	4	12625701	12625772	Gln	CTG	0	0	71.2	46.00	25.20	Inf	Gln	97.7	high confidence set
DCARv2_Chr2	5	12949208	12949281	Thr	AGT	0	0	73.6	45.20	28.40	Inf	Thr	88.6	high confidence set
DCARv2_Chr2	7	15269046	15269126	Ser	AGA	0	0	73.8	40.50	33.30	Inf	Ser	107.8	high confidence set
DCARv2_Chr2	8	18847313	18847384	Pro	AGG	0	0	67.4	34.70	32.70	Inf	Pro	112.3	high confidence set
DCARv2_Chr2	9	19233421	19233494	Ile	TAT	0	0	85.9	70.60	15.30	Inf	Ile	103.9	high confidence set
DCARv2_Chr2	10	19578979	19579052	Asn	GTT	0	0	83.3	58.10	25.20	Inf	Asn	93.9	high confidence set
DCARv2_Chr2	11	20939431	20939502	Glu	TTC	0	0	70.5	45.30	25.20	Inf	Glu	97.5	high confidence set
DCARv2_Chr2	13	21327224	21327295	Pro	AGG	0	0	67.4	34.70	32.70	Inf	Pro	112.3	high confidence set
DCARv2_Chr2	15	23483073	23483155	Leu	TAA	0	0	68.4	29.10	39.30	Inf	Leu	90.1	high confidence set
DCARv2_Chr2	16	25697850	25697922	Arg	TCT	0	0	68.4	50.50	17.90	Inf	Arg	92.3	high confidence set
DCARv2_Chr2	17	28176977	28177050	Val	CAC	0	0	82.6	54.80	27.80	Inf	Val	106.4	high confidence set
DCARv2_Chr2	18	30759886	30759958	Lys	CTT	0	0	87.7	67.60	20.10	Inf	Lys	106.7	high confidence set
DCARv2_Chr2	20	31693636	31693718	Leu	TAA	0	0	76.1	38.50	37.60	Inf	Leu	99.9	high confidence set
DCARv2_Chr2	21	31697917	31697987	Gly	GCC	0	0	66.5	44.80	21.70	Inf	Gly	94.4	high confidence set
DCARv2_Chr2	22	32146794	32146865	Pro	AGG	0	0	67.4	34.70	32.70	Inf	Pro	112.3	high confidence set
DCARv2_Chr2	23	33625289	33625362	Ile	TAT	0	0	85.9	70.60	15.30	Inf	Ile	103.9	high confidence set
DCARv2_Chr2	24	34028890	34028963	Asn	GTT	0	0	83.3	58.10	25.20	Inf	Asn	93.9	high confidence set
DCARv2_Chr2	25	34477544	34477615	Thr	TGT	0	0	80.5	56.00	24.50	Inf	Thr	91.9	high confidence set
DCARv2_Chr2	27	34740288	34740368	Leu	AAG	0	0	72.4	52.20	20.20	Inf	Leu	110.6	high confidence set
DCARv2_Chr2	28	34776602	34776682	Ser	TGA	0	0	76.4	44.60	31.80	Inf	Ser	113.8	high confidence set
DCARv2_Chr2	29	34920866	34920937	Gln	TTG	0	0	73.5	53.70	19.80	Inf	Gln	104.8	high confidence set
DCARv2_Chr2	30	35269965	35270052	Tyr	GTA	35270002	35270016	74.1	42.40	31.70	Inf	Tyr	110.0	high confidence set
DCARv2_Chr2	32	35321603	35321677	Ile	TAT	0	0	82.1	66.80	15.30	Inf	Ile	97.4	high confidence set
DCARv2_Chr2	33	35846905	35846978	Val	AAC	0	0	75.4	49.00	26.40	Inf	Val	99.3	high confidence set
DCARv2_Chr2	35	37905699	37905786	Tyr	GTA	37905736	37905750	74.4	42.90	31.50	Inf	Tyr	111.8	high confidence set
DCARv2_Chr2	36	38521854	38521924	Gly	GCC	0	0	66.5	44.80	21.70	Inf	Gly	94.4	high confidence set
DCARv2_Chr2	39	40815159	40815243	Met	CAT	40815197	40815207	64.3	40.80	23.50	Inf	Met	104.0	high confidence set
DCARv2_Chr2	40	40902697	40902781	Met	CAT	40902735	40902745	64.3	40.80	23.50	Inf	Met	104.0	high confidence set
DCARv2_Chr2	41	40914347	40914431	Met	CAT	40914385	40914395	50.4	35.40	15.00	Inf	Met	88.7	high confidence set
DCARv2_Chr2	42	40915536	40915620	Met	CAT	40915574	40915584	50.4	35.40	15.00	Inf	Met	88.7	high confidence set
DCARv2_Chr2	43	41838678	41838751	Val	CAC	0	0	81.4	54.80	26.60	Inf	Val	104.2	high confidence set
DCARv2_Chr2	47	43679436	43679364	Ala	AGC	0	0	63.4	38.20	25.20	Inf	Ala	98.3	high confidence set
DCARv2_Chr2	48	43461948	43461875	Val	CAC	0	0	83.5	58.30	25.20	Inf	Val	107.1	high confidence set
DCARv2_Chr2	49	43459119	43459046	Val	CAC	0	0	83.5	58.30	25.20	Inf	Val	107.1	high confidence set
DCARv2_Chr2	50	43458495	43458424	Cys	GCA	0	0	81.7	56.10	25.60	Inf	Cys	104.3	high confidence set
DCARv2_Chr2	51	43457065	43456994	Cys	GCA	0	0	81.7	56.10	25.60	Inf	Cys	104.3	high confidence set
DCARv2_Chr2	52	43455574	43455503	Cys	GCA	0	0	81.7	56.10	25.60	Inf	Cys	104.3	high confidence set
DCARv2_Chr2	55	42021790	42021718	Lys	CTT	0	0	87.7	67.60	20.10	Inf	Lys	106.7	high confidence set
DCARv2_Chr2	56	39845692	39845621	Trp	CCA	0	0	75.8	51.20	24.60	Inf	Trp	105.6	high confidence set
DCARv2_Chr2	57	38639835	38639763	Glu	CTC	0	0	78.9	53.10	25.80	Inf	Glu	94.8	high confidence set
DCARv2_Chr2	58	38390577	38390504	Val	AAC	0	0	75.4	49.00	26.40	Inf	Val	99.3	high confidence set
DCARv2_Chr2	59	37757156	37757084	Arg	CCT	0	0	66.6	45.40	21.20	Inf	Arg	78.6	high confidence set
DCARv2_Chr2	60	37552463	37552391	Ala	AGC	0	0	63.4	38.20	25.20	Inf	Ala	98.3	high confidence set
DCARv2_Chr2	61	36716437	36716364	Val	AAC	0	0	75.4	49.00	26.40	Inf	Val	99.3	high confidence set
DCARv2_Chr2	62	36488957	36488884	Val	AAC	0	0	75.4	49.00	26.40	Inf	Val	99.3	high confidence set
DCARv2_Chr2	63	36050254	36050182	Lys	TTT	0	0	82.1	69.20	12.90	Inf	Lys	85.9	high confidence set
DCARv2_Chr2	64	36034680	36034599	Ser	GCT	0	0	77.6	40.90	36.70	Inf	Ser	107.5	high confidence set
DCARv2_Chr2	65	35610775	35610703	Phe	GAA	0	0	76.1	54.40	21.70	Inf	Phe	115.3	high confidence set
DCARv2_Chr2	66	35606786	35606714	Phe	GAA	0	0	76.1	54.40	21.70	Inf	Phe	115.3	high confidence set
DCARv2_Chr2	67	35384780	35384709	His	GTG	0	0	63.0	33.70	29.30	Inf	His	86.8	high confidence set
DCARv2_Chr2	68	35322114	35322031	Leu	CAA	0	0	77.8	51.60	26.20	Inf	Leu	121.9	high confidence set
DCARv2_Chr2	69	34981320	34981249	Asp	GTC	0	0	67.0	47.30	19.70	Inf	Asp	95.1	high confidence set
DCARv2_Chr2	70	33391157	33391087	Gly	GCC	0	0	66.5	44.80	21.70	Inf	Gly	94.4	high confidence set
DCARv2_Chr2	73	32500777	32500696	Ser	GCT	0	0	79.0	43.10	35.90	Inf	Ser	108.6	high confidence set
DCARv2_Chr2	74	32073172	32073093	Leu	TAG	0	0	69.5	48.50	21.00	Inf	Leu	111.5	high confidence set
DCARv2_Chr2	75	31874770	31874697	Arg	TCG	0	0	81.9	60.40	21.50	Inf	Arg	92.9	high confidence set
DCARv2_Chr2	76	31805915	31805844	Gly	TCC	0	0	73.9	46.20	27.70	Inf	Gly	85.6	high confidence set
DCARv2_Chr2	77	31389696	31389625	Gly	TCC	0	0	73.9	46.20	27.70	Inf	Gly	85.6	high confidence set
DCARv2_Chr2	78	31201380	31201308	Phe	GAA	0	0	76.1	54.40	21.70	Inf	Phe	115.3	high confidence set
DCARv2_Chr2	79	30996995	30996923	Arg	ACG	0	0	73.2	50.90	22.30	Inf	Arg	94.3	high confidence set
DCARv2_Chr2	80	30516601	30516528	Val	AAC	0	0	75.4	49.00	26.40	Inf	Val	99.3	high confidence set
DCARv2_Chr2	81	30299117	30299046	Gly	TCC	0	0	73.9	46.20	27.70	Inf	Gly	85.6	high confidence set
DCARv2_Chr2	82	30247718	30247646	Ala	AGC	0	0	63.4	38.20	25.20	Inf	Ala	98.3	high confidence set
DCARv2_Chr2	83	30016643	30016570	Val	CAC	0	0	81.5	53.50	28.00	Inf	Val	103.7	high confidence set
DCARv2_Chr2	84	30010808	30010737	Cys	GCA	0	0	81.7	56.10	25.60	Inf	Cys	104.3	high confidence set
DCARv2_Chr2	86	23599539	23599456	Leu	CAA	0	0	76.7	54.50	22.20	Inf	Leu	123.1	high confidence set
DCARv2_Chr2	87	22639060	22638988	Arg	CCG	0	0	68.0	51.50	16.50	Inf	Arg	95.2	high confidence set
DCARv2_Chr2	88	20586125	20586054	His	GTG	0	0	63.0	33.70	29.30	Inf	His	86.8	high confidence set
DCARv2_Chr2	89	20124891	20124819	Arg	CCT	0	0	66.6	45.40	21.20	Inf	Arg	78.6	high confidence set
DCARv2_Chr2	91	17630073	17630001	Phe	GAA	0	0	63.7	45.80	17.90	Inf	Phe	98.4	high confidence set
DCARv2_Chr2	92	15635390	15635306	Met	CAT	15635352	15635342	64.3	40.80	23.50	Inf	Met	104.0	high confidence set
DCARv2_Chr2	95	12303095	12303024	Gly	TCC	0	0	73.9	46.20	27.70	Inf	Gly	85.6	high confidence set
DCARv2_Chr2	96	12236548	12236475	Val	AAC	0	0	75.4	49.00	26.40	Inf	Val	99.3	high confidence set
DCARv2_Chr2	97	11476764	11476693	His	GTG	0	0	63.0	33.70	29.30	Inf	His	86.8	high confidence set
DCARv2_Chr2	98	5552181	5552110	Asn	GTT	0	0	79.0	53.20	25.80	Inf	Asn	86.7	high confidence set
DCARv2_Chr3	1	239033	239113	Ser	AGA	0	0	72.9	39.60	33.30	Inf	Ser	107.5	high confidence set
DCARv2_Chr3	2	1896145	1896217	Val	TAC	0	0	78.2	48.50	29.70	Inf	Val	97.1	high confidence set
DCARv2_Chr3	3	3621526	3621598	Lys	TTT	0	0	82.1	69.20	12.90	Inf	Lys	85.9	high confidence set
DCARv2_Chr3	6	10434800	10434871	Asp	GTC	0	0	70.6	47.80	22.80	Inf	Asp	92.0	high confidence set
DCARv2_Chr3	7	11233934	11234006	Arg	ACG	0	0	72.5	49.90	22.60	Inf	Arg	90.9	high confidence set
DCARv2_Chr3	8	14035009	14035079	Gly	CCC	0	0	64.7	27.40	37.30	Inf	Gly	77.5	high confidence set
DCARv2_Chr3	12	25768137	25768216	Leu	TAG	0	0	69.5	48.50	21.00	Inf	Leu	111.5	high confidence set
DCARv2_Chr3	15	29992744	29992825	Ser	GCT	0	0	77.0	41.10	35.90	Inf	Ser	107.0	high confidence set
DCARv2_Chr3	16	30020742	30020814	Lys	CTT	0	0	87.7	67.60	20.10	Inf	Lys	106.7	high confidence set
DCARv2_Chr3	17	31508373	31508444	Asp	GTC	0	0	70.6	47.80	22.80	Inf	Asp	92.0	high confidence set
DCARv2_Chr3	18	31660048	31660121	Asn	GTT	0	0	83.3	58.10	25.20	Inf	Asn	93.9	high confidence set
DCARv2_Chr3	19	31921913	31921984	Gln	TTG	0	0	73.5	53.70	19.80	Inf	Gln	104.8	high confidence set
DCARv2_Chr3	20	34177130	34177201	Thr	TGT	0	0	84.0	57.70	26.30	Inf	Thr	93.7	high confidence set
DCARv2_Chr3	21	34178987	34179058	Thr	TGT	0	0	84.0	57.70	26.30	Inf	Thr	93.7	high confidence set
DCARv2_Chr3	22	34679361	34679433	Ala	TGC	0	0	63.7	38.60	25.10	Inf	Ala	96.5	high confidence set
DCARv2_Chr3	24	44211118	44211189	Pro	AGG	0	0	67.4	34.70	32.70	Inf	Pro	112.3	high confidence set
DCARv2_Chr3	25	45151946	45152017	Asp	GTC	0	0	67.0	47.30	19.70	Inf	Asp	95.1	high confidence set
DCARv2_Chr3	26	45335854	45335926	Arg	ACG	0	0	73.2	50.90	22.30	Inf	Arg	91.4	high confidence set
DCARv2_Chr3	29	47614684	47614612	Phe	GAA	0	0	76.1	54.40	21.70	Inf	Phe	115.3	high confidence set
DCARv2_Chr3	30	47513514	47513442	Val	TAC	0	0	78.2	48.50	29.70	Inf	Val	97.1	high confidence set
DCARv2_Chr3	31	46875068	46874996	Ala	TGC	0	0	69.1	43.30	25.80	Inf	Ala	101.9	high confidence set
DCARv2_Chr3	33	45375729	45375640	Tyr	GTA	45375692	45375676	74.3	42.80	31.50	Inf	Tyr	111.8	high confidence set
DCARv2_Chr3	34	45312252	45312168	Met	CAT	45312214	45312204	64.3	40.80	23.50	Inf	Met	104.0	high confidence set
DCARv2_Chr3	37	43223702	43223631	Pro	AGG	0	0	67.4	34.70	32.70	Inf	Pro	112.3	high confidence set
DCARv2_Chr3	42	42696385	42696305	Leu	AAG	0	0	75.7	55.40	20.30	Inf	Leu	112.7	high confidence set
DCARv2_Chr3	44	40921776	40921705	Gln	CTG	0	0	71.1	46.00	25.10	Inf	Gln	100.8	high confidence set
DCARv2_Chr3	45	40321415	40321343	Lys	TTT	0	0	80.3	61.50	18.80	Inf	Lys	78.3	high confidence set
DCARv2_Chr3	46	40037715	40037644	Asp	GTC	0	0	67.0	47.30	19.70	Inf	Asp	95.1	high confidence set
DCARv2_Chr3	47	37987951	37987878	Ile	AAT	0	0	79.3	55.80	23.50	Inf	Ile	104.3	high confidence set
DCARv2_Chr3	49	32235623	32235551	Val	TAC	0	0	77.8	47.90	29.90	Inf	Val	96.7	high confidence set
DCARv2_Chr3	50	31673689	31673617	Ala	TGC	0	0	69.1	43.30	25.80	Inf	Ala	101.9	high confidence set
DCARv2_Chr3	51	30476253	30476182	Trp	CCA	0	0	75.8	51.20	24.60	Inf	Trp	105.6	high confidence set
DCARv2_Chr3	53	28416494	28416422	Glu	CTC	0	0	79.2	53.50	25.70	Inf	Glu	94.2	high confidence set
DCARv2_Chr3	54	27809815	27809743	Lys	TTT	0	0	80.5	67.60	12.90	Inf	Lys	88.5	high confidence set
DCARv2_Chr3	55	25872837	25872767	Gly	CCC	0	0	65.4	28.10	37.30	Inf	Gly	85.4	high confidence set
DCARv2_Chr3	56	16212090	16212010	Ser	TGA	0	0	76.4	44.60	31.80	Inf	Ser	105.6	high confidence set
DCARv2_Chr3	57	12614235	12614155	Ser	TGA	0	0	76.4	44.60	31.80	Inf	Ser	113.8	high confidence set
DCARv2_Chr3	60	3126340	3126261	Leu	TAG	0	0	69.5	48.50	21.00	Inf	Leu	111.5	high confidence set
DCARv2_Chr4	1	3620736	3620809	Val	CAC	0	0	79.3	48.30	31.00	Inf	Val	104.5	high confidence set
DCARv2_Chr4	2	13628573	13628644	Pro	AGG	0	0	67.4	34.70	32.70	Inf	Pro	112.3	high confidence set
DCARv2_Chr4	3	14901203	14901274	His	GTG	0	0	63.0	33.70	29.30	Inf	His	91.2	high confidence set
DCARv2_Chr4	4	16221767	16221839	Arg	TCT	0	0	68.4	50.50	17.90	Inf	Arg	92.3	high confidence set
DCARv2_Chr4	5	16512888	16512958	Gly	GCC	0	0	66.5	44.80	21.70	Inf	Gly	94.4	high confidence set
DCARv2_Chr4	6	17253006	17253078	Glu	CTC	0	0	78.9	53.10	25.80	Inf	Glu	94.8	high confidence set
DCARv2_Chr4	7	18115312	18115385	Thr	AGT	0	0	76.0	48.40	27.60	Inf	Thr	90.6	high confidence set
DCARv2_Chr4	8	18892016	18892088	Ala	CGC	0	0	68.3	44.10	24.20	Inf	Ala	99.2	high confidence set
DCARv2_Chr4	9	19047421	19047493	Phe	GAA	0	0	76.1	54.40	21.70	Inf	Phe	115.3	high confidence set
DCARv2_Chr4	11	21363210	21363281	Cys	GCA	0	0	81.7	56.10	25.60	Inf	Cys	104.3	high confidence set
DCARv2_Chr4	12	24150120	24150192	Ala	CGC	0	0	68.3	44.10	24.20	Inf	Ala	99.2	high confidence set
DCARv2_Chr4	13	24510364	24510444	Ser	AGA	0	0	72.9	39.60	33.30	Inf	Ser	107.5	high confidence set
DCARv2_Chr4	14	24813125	24813197	Arg	CCT	0	0	66.6	45.40	21.20	Inf	Arg	78.6	high confidence set
DCARv2_Chr4	15	26493634	26493706	Glu	CTC	0	0	78.9	53.10	25.80	Inf	Glu	94.8	high confidence set
DCARv2_Chr4	16	26633721	26633792	Glu	TTC	0	0	70.5	45.30	25.20	Inf	Glu	97.5	high confidence set
DCARv2_Chr4	17	26913048	26913120	Glu	CTC	0	0	78.9	53.10	25.80	Inf	Glu	94.8	high confidence set
DCARv2_Chr4	18	28176509	28176582	Ile	AAT	0	0	82.1	55.40	26.70	Inf	Ile	103.8	high confidence set
DCARv2_Chr4	19	28929970	28930043	Asn	GTT	0	0	83.3	58.10	25.20	Inf	Asn	93.9	high confidence set
DCARv2_Chr4	20	29187852	29187923	Pro	TGG	0	0	68.5	35.70	32.80	Inf	Pro	111.2	high confidence set
DCARv2_Chr4	23	32675996	32676068	Lys	CTT	0	0	87.7	67.60	20.10	Inf	Lys	106.7	high confidence set
DCARv2_Chr4	24	33263121	33263192	Gln	TTG	0	0	69.5	49.80	19.70	Inf	Gln	98.4	high confidence set
DCARv2_Chr4	25	34215511	34215594	Leu	CAA	0	0	76.7	54.50	22.20	Inf	Leu	123.1	high confidence set
DCARv2_Chr4	27	35225504	35225575	Gly	TCC	0	0	73.9	46.20	27.70	Inf	Gly	85.6	high confidence set
DCARv2_Chr4	28	33773227	33773156	Asp	GTC	0	0	70.6	47.80	22.80	Inf	Asp	92.0	high confidence set
DCARv2_Chr4	29	32770506	32770425	Ser	GCT	0	0	79.0	43.10	35.90	Inf	Ser	108.6	high confidence set
DCARv2_Chr4	31	27895873	27895800	Thr	AGT	0	0	76.0	48.40	27.60	Inf	Thr	90.6	high confidence set
DCARv2_Chr4	32	26668544	26668473	iMet	CAT	0	0	58.3	28.10	30.20	Inf	iMet	118.7	high confidence set
DCARv2_Chr4	34	23854101	23854029	Glu	CTC	0	0	78.9	53.10	25.80	Inf	Glu	94.8	high confidence set
DCARv2_Chr4	35	18998790	18998719	Pro	CGG	0	0	65.1	35.40	29.70	Inf	Pro	106.1	high confidence set
DCARv2_Chr4	36	18185540	18185468	Lys	TTT	0	0	80.5	67.60	12.90	Inf	Lys	88.5	high confidence set
DCARv2_Chr4	37	18073582	18073511	Trp	CCA	0	0	75.1	50.10	25.00	Inf	Trp	105.0	high confidence set
DCARv2_Chr4	38	17148455	17148383	Phe	GAA	0	0	70.5	48.80	21.70	Inf	Phe	109.8	high confidence set
DCARv2_Chr4	40	16354594	16354521	Asn	GTT	0	0	83.3	58.10	25.20	Inf	Asn	93.9	high confidence set
DCARv2_Chr4	41	15880053	15879982	Thr	TGT	0	0	84.0	57.70	26.30	Inf	Thr	93.7	high confidence set
DCARv2_Chr4	42	11541188	11541116	Arg	TCT	0	0	68.8	51.20	17.60	Inf	Arg	94.8	high confidence set
DCARv2_Chr4	44	7383126	7383054	Lys	TTT	0	0	82.1	69.20	12.90	Inf	Lys	85.9	high confidence set
DCARv2_Chr5	1	1952823	1952895	Ala	CGC	0	0	68.3	44.10	24.20	Inf	Ala	99.2	high confidence set
DCARv2_Chr5	2	3908351	3908422	Gln	CTG	0	0	71.1	46.00	25.10	Inf	Gln	100.8	high confidence set
DCARv2_Chr5	3	4483073	4483145	Ala	AGC	0	0	63.4	38.20	25.20	Inf	Ala	98.3	high confidence set
DCARv2_Chr5	4	4780476	4780549	Ile	AAT	0	0	69.2	54.80	14.40	Inf	Ile	95.8	high confidence set
DCARv2_Chr5	6	7641272	7641343	Asp	GTC	0	0	67.0	47.30	19.70	Inf	Asp	95.1	high confidence set
DCARv2_Chr5	7	9375841	9375914	Asn	GTT	0	0	83.3	58.10	25.20	Inf	Asn	93.9	high confidence set
DCARv2_Chr5	9	15433801	15433873	Glu	CTC	0	0	79.2	53.50	25.70	Inf	Glu	94.2	high confidence set
DCARv2_Chr5	10	20156382	20156454	Glu	CTC	0	0	74.5	49.00	25.50	Inf	Glu	89.1	high confidence set
DCARv2_Chr5	11	21874679	21874751	Arg	TCT	0	0	68.4	50.50	17.90	Inf	Arg	92.3	high confidence set
DCARv2_Chr5	12	22019543	22019623	Leu	AAG	0	0	72.4	52.20	20.20	Inf	Leu	110.6	high confidence set
DCARv2_Chr5	13	22564557	22564627	Gly	GCC	0	0	66.5	44.80	21.70	Inf	Gly	94.4	high confidence set
DCARv2_Chr5	15	26246539	26246611	Phe	GAA	0	0	73.7	49.70	24.00	Inf	Phe	106.2	high confidence set
DCARv2_Chr5	16	26249053	26249125	Phe	GAA	0	0	73.7	49.70	24.00	Inf	Phe	106.2	high confidence set
DCARv2_Chr5	17	26384827	26384897	Gly	GCC	0	0	66.5	44.80	21.70	Inf	Gly	94.4	high confidence set
DCARv2_Chr5	18	27667671	27667741	Gly	GCC	0	0	66.5	44.80	21.70	Inf	Gly	94.4	high confidence set
DCARv2_Chr5	20	28905981	28906052	Pro	TGG	0	0	68.5	35.70	32.80	Inf	Pro	111.2	high confidence set
DCARv2_Chr5	21	32086215	32086301	Ser	CGA	0	0	64.0	35.90	28.10	Inf	Ser	87.2	high confidence set
DCARv2_Chr5	23	34172845	34172916	Cys	GCA	0	0	82.1	59.90	22.20	Inf	Cys	106.6	high confidence set
DCARv2_Chr5	24	34258807	34258878	Asn	GTT	0	0	76.1	53.90	22.20	Inf	Asn	79.9	high confidence set
DCARv2_Chr5	25	35397387	35397458	His	GTG	0	0	63.0	33.70	29.30	Inf	His	86.8	high confidence set
DCARv2_Chr5	26	36491953	36492024	Asn	GTT	0	0	79.0	53.20	25.80	Inf	Asn	86.7	high confidence set
DCARv2_Chr5	27	36551463	36551535	Lys	TTT	0	0	82.1	69.20	12.90	Inf	Lys	85.9	high confidence set
DCARv2_Chr5	28	37303659	37303731	Arg	CCG	0	0	78.7	57.50	21.20	Inf	Arg	75.4	high confidence set
DCARv2_Chr5	29	39878932	39879004	Ala	AGC	0	0	55.6	30.30	25.30	Inf	Ala	90.9	high confidence set
DCARv2_Chr5	30	39879101	39879173	Ala	AGC	0	0	63.4	38.20	25.20	Inf	Ala	98.3	high confidence set
DCARv2_Chr5	31	41636212	41636132	Ser	AGA	0	0	73.8	40.50	33.30	Inf	Ser	107.8	high confidence set
DCARv2_Chr5	32	41464270	41464187	Leu	CAA	0	0	78.6	55.60	23.00	Inf	Leu	123.0	high confidence set
DCARv2_Chr5	33	41385548	41385477	Gln	TTG	0	0	74.2	54.70	19.50	Inf	Gln	105.6	high confidence set
DCARv2_Chr5	34	40607543	40607471	Glu	CTC	0	0	78.9	53.10	25.80	Inf	Glu	94.8	high confidence set
DCARv2_Chr5	35	39877348	39877260	Tyr	GTA	39877311	39877296	74.3	42.80	31.50	Inf	Tyr	111.8	high confidence set
DCARv2_Chr5	36	39870147	39870076	iMet	CAT	0	0	56.1	23.80	32.30	Inf	iMet	118.3	high confidence set
DCARv2_Chr5	37	39870009	39869937	Ala	TGC	0	0	70.0	45.30	24.70	Inf	Ala	100.6	high confidence set
DCARv2_Chr5	41	37245029	37244956	Ile	AAT	0	0	79.3	55.80	23.50	Inf	Ile	104.3	high confidence set
DCARv2_Chr5	42	37013565	37013494	Asp	GTC	0	0	70.6	47.80	22.80	Inf	Asp	92.0	high confidence set
DCARv2_Chr5	43	36534609	36534538	Pro	AGG	0	0	67.4	34.70	32.70	Inf	Pro	112.3	high confidence set
DCARv2_Chr5	44	34592304	34592223	Ser	GCT	0	0	79.0	43.10	35.90	Inf	Ser	108.6	high confidence set
DCARv2_Chr5	45	33062689	33062602	Tyr	GTA	33062652	33062638	74.4	42.90	31.50	Inf	Tyr	111.8	high confidence set
DCARv2_Chr5	46	32809716	32809644	Arg	TCT	0	0	68.8	51.20	17.60	Inf	Arg	94.8	high confidence set
DCARv2_Chr5	47	31781459	31781387	Arg	CCT	0	0	74.8	55.90	18.90	Inf	Arg	87.5	high confidence set
DCARv2_Chr5	48	30744390	30744318	Lys	CTT	0	0	84.1	65.80	18.30	Inf	Lys	103.0	high confidence set
DCARv2_Chr5	49	30706106	30706033	Ile	TAT	0	0	81.1	62.80	18.30	Inf	Ile	98.7	high confidence set
DCARv2_Chr5	50	30240297	30240227	Gly	GCC	0	0	66.5	44.80	21.70	Inf	Gly	94.4	high confidence set
DCARv2_Chr5	52	30230850	30230780	Gly	GCC	0	0	66.5	44.80	21.70	Inf	Gly	94.4	high confidence set
DCARv2_Chr5	53	30228548	30228478	Gly	GCC	0	0	66.5	44.80	21.70	Inf	Gly	94.4	high confidence set
DCARv2_Chr5	54	30217806	30217736	Gly	GCC	0	0	66.5	44.80	21.70	Inf	Gly	94.4	high confidence set
DCARv2_Chr5	55	30202825	30202755	Gly	GCC	0	0	58.2	42.80	15.40	Inf	Gly	87.9	high confidence set
DCARv2_Chr5	56	30190550	30190480	Gly	GCC	0	0	65.5	43.70	21.80	Inf	Gly	91.0	high confidence set
DCARv2_Chr5	57	30042699	30042628	Glu	TTC	0	0	70.5	45.30	25.20	Inf	Glu	97.5	high confidence set
DCARv2_Chr5	58	30003037	30002965	Phe	GAA	0	0	76.1	54.40	21.70	Inf	Phe	115.3	high confidence set
DCARv2_Chr5	59	29726278	29726206	Val	TAC	0	0	78.2	48.50	29.70	Inf	Val	101.0	high confidence set
DCARv2_Chr5	60	28962989	28962917	Ala	TGC	0	0	69.1	43.30	25.80	Inf	Ala	101.9	high confidence set
DCARv2_Chr5	61	28397195	28397123	Val	TAC	0	0	78.2	48.50	29.70	Inf	Val	97.1	high confidence set
DCARv2_Chr5	63	20896281	20896209	Lys	TTT	0	0	83.3	70.50	12.80	Inf	Lys	85.2	high confidence set
DCARv2_Chr5	64	20894523	20894451	Lys	TTT	0	0	82.1	69.20	12.90	Inf	Lys	85.9	high confidence set
DCARv2_Chr5	65	20893368	20893296	Lys	TTT	0	0	82.1	69.20	12.90	Inf	Lys	85.9	high confidence set
DCARv2_Chr5	67	20148564	20148492	Lys	CTT	0	0	87.7	67.60	20.10	Inf	Lys	106.7	high confidence set
DCARv2_Chr5	68	20148333	20148261	Lys	CTT	0	0	87.7	67.60	20.10	Inf	Lys	106.7	high confidence set
DCARv2_Chr5	72	13858177	13858106	Glu	TTC	0	0	64.3	43.40	20.90	Inf	Glu	92.9	high confidence set
DCARv2_Chr5	73	12833117	12833044	Arg	ACG	0	0	58.2	46.40	11.80	Inf	Ile	71.3	IPD:-21.10,isotype mismatch
DCARv2_Chr5	75	11187696	11187624	Lys	TTT	0	0	82.1	69.20	12.90	Inf	Lys	85.9	high confidence set
DCARv2_Chr5	76	8173486	8173413	Thr	AGT	0	0	74.7	46.80	27.90	Inf	Thr	89.4	high confidence set
DCARv2_Chr5	77	7212818	7212747	Glu	TTC	0	0	72.0	47.50	24.50	Inf	Glu	101.6	high confidence set
DCARv2_Chr5	78	7014741	7014669	Lys	CTT	0	0	87.7	67.60	20.10	Inf	Lys	106.7	high confidence set
DCARv2_Chr5	79	4537302	4537212	Tyr	GTA	4537265	4537248	74.3	42.80	31.50	Inf	Tyr	111.8	high confidence set
DCARv2_Chr5	80	3522667	3522596	Trp	CCA	0	0	75.1	50.10	25.00	Inf	Trp	105.0	high confidence set
DCARv2_Chr5	81	3299708	3299622	Met	CAT	3299670	3299658	64.2	40.70	23.50	Inf	Met	104.0	high confidence set
DCARv2_Chr5	82	2758461	2758381	Ser	TGA	0	0	76.4	44.60	31.80	Inf	Ser	113.8	high confidence set
DCARv2_Chr5	83	2606195	2606115	Ser	AGA	0	0	72.9	39.60	33.30	Inf	Ser	107.5	high confidence set
DCARv2_Chr5	84	1230279	1230206	Thr	AGT	0	0	73.6	45.20	28.40	Inf	Thr	88.6	high confidence set
DCARv2_Chr6	1	774315	774386	Asp	GTC	0	0	67.0	47.30	19.70	Inf	Asp	95.1	high confidence set
DCARv2_Chr6	4	4040702	4040774	Arg	CCG	0	0	68.0	51.50	16.50	Inf	Arg	95.2	high confidence set
DCARv2_Chr6	5	11701170	11701242	Phe	GAA	0	0	67.0	46.80	20.20	Inf	Phe	107.0	high confidence set
DCARv2_Chr6	6	17395261	17395333	Arg	CCT	0	0	66.6	45.40	21.20	Inf	Arg	78.6	high confidence set
DCARv2_Chr6	7	18297127	18297200	Val	AAC	0	0	75.4	49.00	26.40	Inf	Val	99.3	high confidence set
DCARv2_Chr6	8	19019085	19019168	Met	CAT	19019123	19019132	64.3	40.80	23.50	Inf	Met	104.0	high confidence set
DCARv2_Chr6	9	19101081	19101151	Gly	GCC	0	0	66.5	44.80	21.70	Inf	Gly	94.4	high confidence set
DCARv2_Chr6	10	21765170	21765241	Gln	CTG	0	0	71.1	46.00	25.10	Inf	Gln	100.8	high confidence set
DCARv2_Chr6	11	22325131	22325204	Ile	AAT	0	0	79.3	55.80	23.50	Inf	Ile	104.3	high confidence set
DCARv2_Chr6	12	22607611	22607682	Asp	GTC	0	0	67.0	47.30	19.70	Inf	Asp	95.1	high confidence set
DCARv2_Chr6	13	22607755	22607826	Asp	GTC	0	0	67.0	47.30	19.70	Inf	Asp	95.1	high confidence set
DCARv2_Chr6	15	25561849	25561932	Leu	CAA	0	0	78.6	55.60	23.00	Inf	Leu	123.0	high confidence set
DCARv2_Chr6	16	26891107	26891178	iMet	CAT	0	0	50.3	18.00	32.30	Inf	iMet	111.0	high confidence set
DCARv2_Chr6	17	26891242	26891314	Ala	TGC	0	0	70.0	45.30	24.70	Inf	Ala	100.6	high confidence set
DCARv2_Chr6	19	28095201	28095269	Asp	GTC	0	0	56.7	37.80	18.90	Inf	Asp	73.6	trunc_start:3,high confidence set
DCARv2_Chr6	21	29343271	29343342	Cys	GCA	0	0	82.1	59.90	22.20	Inf	Cys	106.6	high confidence set
DCARv2_Chr6	23	29757996	29758066	Gly	GCC	0	0	66.5	44.80	21.70	Inf	Gly	94.4	high confidence set
DCARv2_Chr6	24	30722308	30722379	Thr	TGT	0	0	84.0	57.70	26.30	Inf	Thr	93.7	high confidence set
DCARv2_Chr6	25	30769794	30769865	Cys	GCA	0	0	81.7	56.10	25.60	Inf	Cys	104.3	high confidence set
DCARv2_Chr6	26	32063545	32063624	Leu	TAG	0	0	69.5	48.50	21.00	Inf	Leu	111.5	high confidence set
DCARv2_Chr6	27	32236891	32236961	Gly	CCC	0	0	65.4	28.10	37.30	Inf	Gly	85.4	high confidence set
DCARv2_Chr6	28	32618979	32619050	iMet	CAT	0	0	58.3	28.10	30.20	Inf	iMet	118.7	high confidence set
DCARv2_Chr6	29	33149445	33149516	Glu	TTC	0	0	70.5	45.30	25.20	Inf	Glu	97.5	high confidence set
DCARv2_Chr6	31	34259240	34259319	Leu	CAG	0	0	64.7	44.50	20.20	Inf	Leu	102.0	high confidence set
DCARv2_Chr6	32	34268879	34268962	Leu	CAA	0	0	78.6	55.60	23.00	Inf	Leu	123.0	high confidence set
DCARv2_Chr6	33	34609762	34609833	Pro	TGG	0	0	65.2	36.10	29.10	Inf	Pro	101.0	high confidence set
DCARv2_Chr6	34	35723301	35723373	Arg	CCG	0	0	64.3	47.30	17.00	Inf	Arg	91.7	high confidence set
DCARv2_Chr6	45	32487381	32487310	iMet	CAT	0	0	56.1	23.80	32.30	Inf	iMet	118.3	high confidence set
DCARv2_Chr6	46	28393380	28393298	Leu	TAA	0	0	58.5	24.20	34.30	Inf	Leu	73.4	high confidence set
DCARv2_Chr6	47	27355975	27355905	Gly	GCC	0	0	66.5	44.80	21.70	Inf	Gly	94.4	high confidence set
DCARv2_Chr6	48	26343602	26343530	Ala	TGC	0	0	70.0	45.30	24.70	Inf	Ala	100.6	high confidence set
DCARv2_Chr6	49	26063019	26062949	Gly	GCC	0	0	66.5	44.80	21.70	Inf	Gly	94.4	high confidence set
DCARv2_Chr6	50	25264321	25264250	Gln	TTG	0	0	77.5	51.10	26.40	Inf	Gln	103.6	high confidence set
DCARv2_Chr6	51	25263666	25263595	Gln	TTG	0	0	77.5	51.10	26.40	Inf	Gln	103.6	high confidence set
DCARv2_Chr6	52	25261566	25261495	Gln	TTG	0	0	71.3	49.20	22.10	Inf	Gln	98.7	high confidence set
DCARv2_Chr6	53	25261017	25260946	Gln	TTG	0	0	77.5	51.10	26.40	Inf	Gln	103.6	high confidence set
DCARv2_Chr6	54	25258246	25258175	Gln	TTG	0	0	77.5	51.10	26.40	Inf	Gln	103.6	high confidence set
DCARv2_Chr6	55	25256487	25256416	Gln	TTG	0	0	77.5	51.10	26.40	Inf	Gln	103.6	high confidence set
DCARv2_Chr6	56	24887530	24887459	Asp	GTC	0	0	70.6	47.80	22.80	Inf	Asp	92.0	high confidence set
DCARv2_Chr6	57	24703951	24703881	Gly	GCC	0	0	66.5	44.80	21.70	Inf	Gly	94.4	high confidence set
DCARv2_Chr6	58	23766282	23766209	Arg	TCG	0	0	82.3	61.00	21.30	Inf	Arg	91.9	high confidence set
DCARv2_Chr6	59	22908589	22908518	Glu	TTC	0	0	70.5	45.30	25.20	Inf	Glu	97.5	high confidence set
DCARv2_Chr6	60	22188898	22188807	Tyr	GTA	22188861	22188843	74.2	42.70	31.50	Inf	Tyr	111.8	high confidence set
DCARv2_Chr6	61	22186485	22186394	Tyr	GTA	22186448	22186430	74.2	42.70	31.50	Inf	Tyr	111.8	high confidence set
DCARv2_Chr6	62	21639894	21639823	Trp	CCA	0	0	75.1	50.10	25.00	Inf	Trp	105.0	high confidence set
DCARv2_Chr6	63	21600698	21600614	Met	CAT	21600660	21600650	64.3	40.80	23.50	Inf	Met	104.0	high confidence set
DCARv2_Chr6	64	21386394	21386321	Asn	GTT	0	0	83.3	58.10	25.20	Inf	Asn	93.9	high confidence set
DCARv2_Chr6	65	21377877	21377797	Ser	TGA	0	0	76.4	44.60	31.80	Inf	Ser	113.8	high confidence set
DCARv2_Chr6	67	18736284	18736214	Gly	GCC	0	0	66.5	44.80	21.70	Inf	Gly	94.4	high confidence set
DCARv2_Chr6	68	18043978	18043907	Pro	CGG	0	0	65.1	35.40	29.70	Inf	Pro	106.1	high confidence set
DCARv2_Chr6	69	16867949	16867877	Arg	CCT	0	0	66.6	45.40	21.20	Inf	Arg	78.6	high confidence set
DCARv2_Chr6	70	16762382	16762309	Asn	GTT	0	0	84.5	59.40	25.10	Inf	Asn	95.9	high confidence set
DCARv2_Chr6	71	13643646	13643573	Pro	TGG	0	0	63.6	30.20	33.40	Inf	Trp	70.3	IPD:-10.80,isotype mismatch
DCARv2_Chr6	73	11345145	11345073	Ala	AGC	0	0	63.4	38.20	25.20	Inf	Ala	98.3	high confidence set
DCARv2_Chr6	74	7923468	7923387	Ser	GCT	0	0	79.0	43.10	35.90	Inf	Ser	108.6	high confidence set
DCARv2_Chr6	76	2980628	2980557	Gln	CTG	0	0	74.6	50.10	24.50	Inf	Gln	105.2	high confidence set
DCARv2_Chr6	77	2211268	2211195	Thr	AGT	0	0	73.6	45.20	28.40	Inf	Thr	88.6	high confidence set
DCARv2_Chr6	78	1310636	1310563	Ile	AAT	0	0	79.3	55.80	23.50	Inf	Ile	104.3	high confidence set
DCARv2_Chr6	79	327296	327225	Gly	TCC	0	0	73.9	46.20	27.70	Inf	Gly	85.6	high confidence set
DCARv2_Chr7	10	7307658	7307744	Ser	GGA	0	0	64.5	34.70	29.80	Inf	Ser	85.1	unexpected anticodon
DCARv2_Chr7	12	8551349	8551421	Lys	CTT	0	0	87.7	67.60	20.10	Inf	Lys	106.7	high confidence set
DCARv2_Chr7	13	8553204	8553276	Lys	CTT	0	0	87.7	67.60	20.10	Inf	Lys	106.7	high confidence set
DCARv2_Chr7	14	8730733	8730804	Trp	CCA	0	0	75.1	50.10	25.00	Inf	Trp	105.0	high confidence set
DCARv2_Chr7	15	9519276	9519348	Arg	ACG	0	0	72.5	49.90	22.60	Inf	Arg	93.8	high confidence set
DCARv2_Chr7	17	11872602	11872682	Ser	AGA	0	0	73.8	40.50	33.30	Inf	Ser	107.8	high confidence set
DCARv2_Chr7	18	12340092	12340164	Ala	AGC	0	0	63.4	38.20	25.20	Inf	Ala	98.3	high confidence set
DCARv2_Chr7	19	12931471	12931542	Trp	CCA	0	0	75.1	50.10	25.00	Inf	Trp	105.0	high confidence set
DCARv2_Chr7	20	14749195	14749267	Ala	AGC	0	0	63.4	38.20	25.20	Inf	Ala	98.3	high confidence set
DCARv2_Chr7	21	15033055	15033139	Met	CAT	15033093	15033103	64.3	40.80	23.50	Inf	Met	104.0	high confidence set
DCARv2_Chr7	22	17695592	17695665	Val	AAC	0	0	75.4	49.00	26.40	Inf	Val	99.3	high confidence set
DCARv2_Chr7	23	18137956	18138036	Leu	AAG	0	0	71.4	51.10	20.30	Inf	Leu	108.5	high confidence set
DCARv2_Chr7	24	22704831	22704902	Asp	GTC	0	0	67.0	47.30	19.70	Inf	Asp	95.1	high confidence set
DCARv2_Chr7	27	25244111	25244182	Gln	CTG	0	0	71.2	46.00	25.20	Inf	Gln	97.7	high confidence set
DCARv2_Chr7	28	25339578	25339651	Thr	AGT	0	0	73.6	45.20	28.40	Inf	Thr	88.6	high confidence set
DCARv2_Chr7	29	28008654	28008727	Arg	TCG	0	0	82.3	61.00	21.30	Inf	Arg	91.9	high confidence set
DCARv2_Chr7	30	28009421	28009494	Arg	TCG	0	0	82.3	61.00	21.30	Inf	Arg	91.9	high confidence set
DCARv2_Chr7	32	29023797	29023868	Trp	CCA	0	0	69.7	48.60	21.10	Inf	Trp	97.4	high confidence set
DCARv2_Chr7	33	29379798	29379870	Glu	CTC	0	0	78.9	53.10	25.80	Inf	Glu	94.8	high confidence set
DCARv2_Chr7	34	29819814	29819885	Asp	GTC	0	0	67.0	47.30	19.70	Inf	Asp	95.1	high confidence set
DCARv2_Chr7	35	30119227	30119299	Arg	TCT	0	0	68.1	50.00	18.10	Inf	Arg	96.3	high confidence set
DCARv2_Chr7	36	30655907	30655979	Ala	CGC	0	0	68.3	44.10	24.20	Inf	Ala	99.2	high confidence set
DCARv2_Chr7	37	32140747	32140818	His	GTG	0	0	63.0	33.70	29.30	Inf	His	91.2	high confidence set
DCARv2_Chr7	38	33426792	33426871	Leu	TAG	0	0	69.5	48.50	21.00	Inf	Leu	111.5	high confidence set
DCARv2_Chr7	39	33843462	33843533	Trp	CCA	0	0	75.1	50.10	25.00	Inf	Trp	105.0	high confidence set
DCARv2_Chr7	40	34366846	34366926	Leu	AAG	0	0	75.7	55.40	20.30	Inf	Leu	112.7	high confidence set
DCARv2_Chr7	41	34447588	34447668	Ser	TGA	0	0	76.4	44.60	31.80	Inf	Ser	113.8	high confidence set
DCARv2_Chr7	42	35265891	35265974	Leu	CAA	0	0	77.8	51.60	26.20	Inf	Leu	121.9	high confidence set
DCARv2_Chr7	43	36110835	36110754	Ser	GCT	0	0	79.0	43.10	35.90	Inf	Ser	108.6	high confidence set
DCARv2_Chr7	44	35385001	35384930	His	GTG	0	0	63.0	33.70	29.30	Inf	His	86.8	high confidence set
DCARv2_Chr7	46	34925178	34925098	Leu	AAG	0	0	75.7	55.40	20.30	Inf	Leu	112.7	high confidence set
DCARv2_Chr7	48	33530748	33530677	Pro	TGG	0	0	68.5	35.70	32.80	Inf	Pro	111.2	high confidence set
DCARv2_Chr7	49	33391035	33390963	Glu	CTC	0	0	78.9	53.10	25.80	Inf	Glu	94.8	high confidence set
DCARv2_Chr7	50	32480412	32480341	Gly	TCC	0	0	73.9	46.20	27.70	Inf	Gly	85.6	high confidence set
DCARv2_Chr7	51	32468989	32468918	Gly	TCC	0	0	73.9	46.20	27.70	Inf	Gly	85.6	high confidence set
DCARv2_Chr7	52	32251828	32251756	Glu	CTC	0	0	78.9	53.10	25.80	Inf	Glu	94.8	high confidence set
DCARv2_Chr7	53	32235377	32235305	Lys	CTT	0	0	87.7	67.60	20.10	Inf	Lys	106.7	high confidence set
DCARv2_Chr7	54	31881385	31881314	Gly	TCC	0	0	73.9	46.20	27.70	Inf	Gly	85.6	high confidence set
DCARv2_Chr7	57	26861825	26861754	Gln	TTG	0	0	73.5	53.70	19.80	Inf	Gln	104.8	high confidence set
DCARv2_Chr7	58	26860280	26860209	Gln	TTG	0	0	73.5	53.70	19.80	Inf	Gln	104.8	high confidence set
DCARv2_Chr7	59	17796650	17796577	Val	AAC	0	0	75.4	49.00	26.40	Inf	Val	99.3	high confidence set
DCARv2_Chr7	60	15087038	15086968	Gly	GCC	0	0	66.5	44.80	21.70	Inf	Gly	94.4	high confidence set
DCARv2_Chr7	61	13802913	13802841	Arg	ACG	0	0	73.2	50.90	22.30	Inf	Arg	94.3	high confidence set
DCARv2_Chr7	63	7304776	7304704	Thr	TGT	0	0	68.0	49.90	18.10	Inf	Thr	81.9	high confidence set
DCARv2_Chr7	64	3718469	3718398	iMet	CAT	0	0	58.3	28.10	30.20	Inf	iMet	118.7	high confidence set
DCARv2_Chr7	65	2664599	2664527	Ala	TGC	0	0	69.1	43.30	25.80	Inf	Ala	101.9	high confidence set
DCARv2_Chr8	1	625103	625183	Ser	CGA	0	0	72.7	43.60	29.10	Inf	Ser	114.4	high confidence set
DCARv2_Chr8	2	861103	861183	Ser	AGA	0	0	62.5	37.40	25.10	Inf	Ser	97.5	high confidence set
DCARv2_Chr8	6	15299425	15299496	Gln	TTG	0	0	73.5	53.70	19.80	Inf	Gln	104.8	high confidence set
DCARv2_Chr8	7	20911880	20911951	His	GTG	0	0	63.0	33.70	29.30	Inf	His	91.2	high confidence set
DCARv2_Chr8	8	21201127	21201198	Lys	TTT	0	0	83.0	70.00	13.00	Inf	Lys	83.3	high confidence set
DCARv2_Chr8	9	21215693	21215764	Lys	TTT	0	0	83.0	70.00	13.00	Inf	Lys	83.3	high confidence set
DCARv2_Chr8	10	21378749	21378821	Lys	CTT	0	0	87.7	67.60	20.10	Inf	Lys	106.7	high confidence set
DCARv2_Chr8	12	22772955	22773028	Asn	GTT	0	0	83.3	58.10	25.20	Inf	Asn	93.9	high confidence set
DCARv2_Chr8	14	24613850	24613921	Glu	TTC	0	0	70.5	45.30	25.20	Inf	Glu	97.5	high confidence set
DCARv2_Chr8	15	28536214	28536286	Ala	TGC	0	0	69.1	43.30	25.80	Inf	Ala	101.9	high confidence set
DCARv2_Chr8	21	29763734	29763805	Thr	CGT	0	0	82.2	57.60	24.60	Inf	Thr	90.2	high confidence set
DCARv2_Chr8	22	30300023	30300095	Ala	AGC	0	0	63.4	38.20	25.20	Inf	Ala	98.3	high confidence set
DCARv2_Chr8	23	30944637	30944708	Gly	TCC	0	0	73.9	46.20	27.70	Inf	Gly	85.6	high confidence set
DCARv2_Chr8	24	31204145	31204217	Arg	ACG	0	0	73.2	50.90	22.30	Inf	Arg	94.3	high confidence set
DCARv2_Chr8	25	31374802	31374730	Lys	CTT	0	0	87.7	67.60	20.10	Inf	Lys	106.7	high confidence set
DCARv2_Chr8	26	29234477	29234406	iMet	CAT	0	0	58.3	28.10	30.20	Inf	iMet	118.7	high confidence set
DCARv2_Chr8	27	29233621	29233550	iMet	CAT	0	0	58.3	28.10	30.20	Inf	iMet	118.7	high confidence set
DCARv2_Chr8	28	27946121	27946050	Thr	TGT	0	0	84.0	57.70	26.30	Inf	Thr	93.7	high confidence set
DCARv2_Chr8	29	26828851	26828780	His	GTG	0	0	63.0	33.70	29.30	Inf	His	86.8	high confidence set
DCARv2_Chr8	30	24784697	24784613	Met	CAT	24784659	24784649	64.3	40.80	23.50	Inf	Met	104.0	high confidence set
DCARv2_Chr8	31	23947779	23947699	Ser	AGA	0	0	73.8	40.50	33.30	Inf	Ser	107.8	high confidence set
DCARv2_Chr8	33	21232971	21232898	Ile	AAT	0	0	79.3	55.80	23.50	Inf	Ile	104.3	high confidence set
DCARv2_Chr8	34	21114729	21114646	Leu	CAA	0	0	76.7	54.50	22.20	Inf	Leu	123.1	high confidence set
DCARv2_Chr8	37	17530404	17530324	Ser	AGA	0	0	73.8	40.50	33.30	Inf	Ser	107.8	high confidence set
DCARv2_Chr8	38	17527093	17527013	Ser	AGA	0	0	73.8	40.50	33.30	Inf	Ser	107.8	high confidence set
DCARv2_Chr8	41	15882726	15882654	Lys	TTT	0	0	80.3	61.50	18.80	Inf	Lys	78.3	high confidence set
DCARv2_Chr8	43	7282403	7282332	Thr	CGT	0	0	79.3	52.40	26.90	Inf	Thr	86.8	high confidence set
DCARv2_Chr8	46	2462036	2461955	Ser	GCT	0	0	79.0	43.10	35.90	Inf	Ser	108.6	high confidence set
DCARv2_Chr8	47	1874692	1874621	Asp	GTC	0	0	67.0	47.30	19.70	Inf	Asp	95.1	high confidence set
DCARv2_Chr9	1	1199036	1199108	Arg	CCT	0	0	59.6	38.40	21.20	Inf	Arg	72.9	high confidence set
DCARv2_Chr9	2	2686764	2686835	Pro	TGG	0	0	68.5	35.70	32.80	Inf	Pro	111.2	high confidence set
DCARv2_Chr9	3	2688226	2688297	Pro	TGG	0	0	58.4	32.90	25.50	Inf	Pro	105.0	high confidence set
DCARv2_Chr9	4	2689884	2689955	Pro	TGG	0	0	68.9	36.50	32.40	Inf	Pro	109.4	high confidence set
DCARv2_Chr9	5	2692381	2692452	Pro	TGG	0	0	65.5	36.20	29.30	Inf	Pro	104.3	high confidence set
DCARv2_Chr9	6	3021067	3021158	Tyr	GTA	3021104	3021122	74.2	42.70	31.50	Inf	Tyr	111.8	high confidence set
DCARv2_Chr9	8	5484109	5484182	Thr	AGT	0	0	73.6	45.20	28.40	Inf	Thr	88.6	high confidence set
DCARv2_Chr9	9	5493588	5493661	Thr	AGT	0	0	73.6	45.20	28.40	Inf	Thr	88.6	high confidence set
DCARv2_Chr9	10	7058350	7058421	His	GTG	0	0	63.0	33.70	29.30	Inf	His	86.8	high confidence set
DCARv2_Chr9	11	13653799	13653872	Asn	GTT	0	0	83.3	58.10	25.20	Inf	Asn	93.9	high confidence set
DCARv2_Chr9	13	19857317	19857388	Pro	AGG	0	0	67.4	34.70	32.70	Inf	Pro	112.3	high confidence set
DCARv2_Chr9	15	24037740	24037811	Asp	GTC	0	0	56.9	39.60	17.30	Inf	Asp	82.9	high confidence set
DCARv2_Chr9	16	24100115	24100186	Asp	GTC	0	0	69.8	46.80	23.00	Inf	Asp	94.5	high confidence set
DCARv2_Chr9	17	24347879	24347950	Asp	GTC	0	0	67.0	47.30	19.70	Inf	Asp	95.1	high confidence set
DCARv2_Chr9	18	28491729	28491808	Leu	CAG	0	0	64.7	44.50	20.20	Inf	Leu	102.0	high confidence set
DCARv2_Chr9	19	30359682	30359755	Val	CAC	0	0	82.6	54.80	27.80	Inf	Val	106.4	high confidence set
DCARv2_Chr9	21	31971676	31971749	Arg	TCG	0	0	82.3	61.00	21.30	Inf	Arg	91.9	high confidence set
DCARv2_Chr9	22	32526309	32526391	Leu	TAA	0	0	76.1	38.50	37.60	Inf	Leu	99.9	high confidence set
DCARv2_Chr9	23	33185318	33185390	Arg	ACG	0	0	73.2	50.90	22.30	Inf	Arg	94.3	high confidence set
DCARv2_Chr9	24	33406841	33406923	Leu	TAA	0	0	68.4	29.10	39.30	Inf	Leu	90.1	high confidence set
DCARv2_Chr9	25	33326962	33326883	Leu	TAG	0	0	69.5	48.50	21.00	Inf	Leu	111.5	high confidence set
DCARv2_Chr9	26	32467432	32467362	Gly	GCC	0	0	66.5	44.80	21.70	Inf	Gly	94.4	high confidence set
DCARv2_Chr9	27	32421299	32421226	Asn	GTT	0	0	84.5	59.40	25.10	Inf	Asn	95.9	high confidence set
DCARv2_Chr9	28	31921696	31921625	Thr	TGT	0	0	84.0	57.70	26.30	Inf	Thr	93.7	high confidence set
DCARv2_Chr9	31	28912309	28912236	Val	AAC	0	0	75.4	49.00	26.40	Inf	Val	99.3	high confidence set
DCARv2_Chr9	32	28908597	28908524	Val	AAC	0	0	75.4	49.00	26.40	Inf	Val	99.3	high confidence set
DCARv2_Chr9	33	28411638	28411567	iMet	CAT	0	0	58.3	28.10	30.20	Inf	iMet	118.7	high confidence set
DCARv2_Chr9	35	22452490	22452411	Leu	TAG	0	0	69.5	48.50	21.00	Inf	Leu	111.5	high confidence set
DCARv2_Chr9	36	19903475	19903404	Thr	CGT	0	0	80.4	53.60	26.80	Inf	Thr	88.1	high confidence set
DCARv2_Chr9	41	2818683	2818600	Leu	CAA	0	0	76.7	54.50	22.20	Inf	Leu	123.1	high confidence set
DCARv2_B7	1	195557	195640	Tyr	GTA	0	0	54.5	31.40	23.10	Inf	Tyr	71.1	high confidence set
DCARv2_B20	4	491249	491322	Trp	CCA	0	0	63.5	43.50	20.00	Inf	Thr	71.5	IPD:-17.10,isotype mismatch
DCARv2_S401.1	1	24392	24464	Ala	AGC	0	0	63.4	38.20	25.20	Inf	Ala	98.3	high confidence set
DCARv2_S472	1	120305	120221	Met	CAT	120267	120257	61.4	41.20	20.20	Inf	Met	100.5	high confidence set
