EukHighConfidenceFilter v1.0 Summary
Completed Time: Mon Sep 19 23:54:13 2022

Inputs
------------------------------------------------------
tRNAscan-SE output file: Zmarina_668_v2.0_trnascan-se.output
tRNAscan-SE ss file: Zmarina_668_v2.0_trnascan-se.struct
Secondary filtering domain-specific model score cutoff: 50
Secondary filtering secondary structure score cutoff: 10
Secondary filtering isotype-specific model score cutoff: 70
Tertiary filtering isotype-specific model starting score cutoff: 70
Tertiary filtering maximum isotype-specific model score cutoff: 95
Remove filtered hits: Yes

Outputs
------------------------------------------------------
tRNAscan-SE output file: hi_conf_Zmarina/Zmarina_668_v2.0.out
tRNAscan-SE ss file: hi_conf_Zmarina/Zmarina_668_v2.0.ss
Summary file: hi_conf_Zmarina/Zmarina_668_v2.0.log

Summary statistics
------------------------------------------------------
Total tRNA predictions:                                534
Possible pseudogenes:                                  44
tRNAs with scores lower than secondary cutoffs:        140
tRNAs failed tertiary filter:                          0

tRNAs after filtering:                                 350

tRNAs with mismatched isotype:                         26
tRNAs with undetermined isotype:                       0
tRNAs with unexpected anticodon:                       7

High confidence set:                                   317

Isotype / Anticodon Counts After Filtering
------------------------------------------------------

Ala     : 14	  AGC: 6       GGC: 0       CGC: 3       TGC: 5     
Gly     : 33	  ACC: 0       GCC: 16      CCC: 3       TCC: 14    
Pro     : 20	  AGG: 6       GGG: 0       CGG: 4       TGG: 10    
Thr     : 16	  AGT: 5       GGT: 4       CGT: 2       TGT: 5     
Val     : 17	  AAC: 7       GAC: 1       CAC: 6       TAC: 3     
Ser     : 24	  AGA: 6       GGA: 1       CGA: 2       TGA: 5       ACT: 0       GCT: 10                              
Arg     : 33	  ACG: 10      GCG: 0       CCG: 3       TCG: 4                                 CCT: 6       TCT: 10    
Leu     : 21	  AAG: 7       GAG: 0       CAG: 3       TAG: 4                                 CAA: 4       TAA: 3     
Phe     : 8	  AAA: 0       GAA: 8                               
Asn     : 35	  ATT: 2       GTT: 33                              
Lys     : 17	                            CTT: 9       TTT: 8     
Asp     : 16	  ATC: 0       GTC: 16                              
Glu     : 14	                            CTC: 8       TTC: 6     
His     : 7	  ATG: 0       GTG: 7                               
Gln     : 9	                            CTG: 5       TTG: 4     
Ile     : 13	  AAT: 9       GAT: 0                    TAT: 4     
Met     : 22	                            CAT: 22                 
Tyr     : 14	  ATA: 0       GTA: 14                              
Supres  : 0	                            CTA: 0       TTA: 0     
Cys     : 8	  ACA: 0       GCA: 8                               
Trp     : 9	                            CCA: 9                  
SelCys  : 0	                                         TCA: 0     

