Sequence		tRNA    	Bounds  	tRNA	Anti	Intron Bounds	Inf	HMM	2'Str	Hit	Isotype	Isotype	      
Name    	tRNA#	Begin   	End     	Type	Codon	Begin	End	Score	Score	Score	Origin	CM	Score	Note
--------	------	-----   	------  	----	-----	-----	----	------	-----	-----	------	-------	-------	------
LG01	1	949718	949798	Leu	CAG	0	0	69.5	46.80	22.70	Inf	Leu	109.7	high confidence set
LG01	2	1061080	1061151	Trp	CCA	0	0	75.8	51.20	24.60	Inf	Trp	105.6	high confidence set
LG01	3	1102838	1102909	Trp	CCA	0	0	75.8	51.20	24.60	Inf	Trp	105.6	high confidence set
LG01	4	1143996	1144084	Tyr	GTA	1144033	1144048	69.9	38.40	31.50	Inf	Tyr	108.3	high confidence set
LG01	5	1253129	1253201	Lys	CTT	0	0	78.8	62.20	16.60	Inf	Lys	92.1	high confidence set
LG01	7	1706588	1706660	Ala	TGC	0	0	65.5	40.20	25.30	Inf	Ala	97.8	high confidence set
LG01	8	1888830	1888911	Ser	GCT	0	0	80.5	45.20	35.30	Inf	Ser	109.5	high confidence set
LG01	9	2144232	2144303	Asp	GTC	0	0	69.8	46.80	23.00	Inf	Asp	95.8	high confidence set
LG01	10	2247862	2247935	Asn	GTT	0	0	84.5	59.40	25.10	Inf	Asn	95.9	high confidence set
LG01	12	11853013	11853084	Thr	TGT	0	0	84.5	58.50	26.00	Inf	Thr	95.0	high confidence set
LG01	13	12288541	12288614	Ile	TAT	0	0	85.9	70.60	15.30	Inf	Ile	103.9	high confidence set
LG01	14	12571192	12571264	Phe	GAA	0	0	78.3	58.40	19.90	Inf	Phe	113.2	high confidence set
LG01	15	13483549	13483620	Gln	TTG	0	0	76.5	56.50	20.00	Inf	Gln	106.0	high confidence set
LG01	16	13484525	13484596	Gln	TTG	0	0	76.5	56.50	20.00	Inf	Gln	106.0	high confidence set
LG01	17	17636036	17636107	Arg	TCT	0	0	58.3	25.60	32.70	Inf	Gln	70.8	IPD:-24.50,isotype mismatch
LG01	18	21550459	21550531	Lys	CTT	0	0	82.7	62.60	20.10	Inf	Lys	100.8	high confidence set
LG01	19	22764225	22764298	Lys	TTT	0	0	87.4	64.60	22.80	Inf	Met	85.7	IPD:-0.50,isotype mismatch
LG01	20	24711987	24712067	Leu	AAG	0	0	71.4	54.60	16.80	Inf	Leu	109.7	high confidence set
LG01	21	24704172	24704092	Leu	AAG	0	0	74.0	52.20	21.80	Inf	Leu	110.4	high confidence set
LG01	22	23886776	23886704	Ala	AGC	0	0	63.4	38.20	25.20	Inf	Ala	98.3	high confidence set
LG01	23	22275086	22275002	Tyr	GTA	22275049	22275038	70.0	38.50	31.50	Inf	Tyr	108.3	high confidence set
LG01	24	20362180	20362107	Ile	TAT	0	0	85.9	70.60	15.30	Inf	Ile	103.9	high confidence set
LG01	25	20313437	20313356	Ser	AGA	0	0	79.6	43.50	36.10	Inf	Ser	114.9	high confidence set
LG01	26	20129026	20128945	Ser	CGA	0	0	72.7	49.10	23.60	Inf	Ser	111.5	high confidence set
LG01	27	20091748	20091677	Thr	TGT	0	0	79.3	49.30	30.00	Inf	Thr	92.3	high confidence set
LG01	28	17633761	17633674	Ser	GCT	0	0	60.0	38.30	21.70	Inf	Ser	80.6	high confidence set
LG01	31	11118722	11118651	His	GTG	0	0	63.3	34.30	29.00	Inf	His	87.4	high confidence set
LG01	32	11070656	11070585	His	GTG	0	0	63.3	34.30	29.00	Inf	His	87.4	high confidence set
LG01	33	10767699	10767627	Arg	CCT	0	0	66.6	45.40	21.20	Inf	Arg	78.6	high confidence set
LG01	34	1332947	1332860	Tyr	GTA	1332910	1332896	74.4	42.90	31.50	Inf	Tyr	111.8	high confidence set
LG01	35	877085	877012	Ile	AAT	0	0	84.9	58.30	26.60	Inf	Ile	109.3	high confidence set
LG02	1	1086657	1086728	Lys	TTT	0	0	79.9	55.10	24.80	Inf	Lys	80.3	high confidence set
LG02	2	10938019	10938100	Ser	GCT	0	0	80.5	45.20	35.30	Inf	Ser	109.5	high confidence set
LG02	3	11595836	11595917	Ser	GCT	0	0	80.5	45.20	35.30	Inf	Ser	109.5	high confidence set
LG02	4	13238767	13238851	Tyr	GTA	13238804	13238815	70.0	38.60	31.40	Inf	Tyr	108.3	high confidence set
LG02	5	13415382	13415454	Arg	ACG	0	0	71.7	49.10	22.60	Inf	Arg	91.4	high confidence set
LG02	6	14092805	14092877	Lys	CTT	0	0	85.0	62.70	22.30	Inf	Lys	103.8	high confidence set
LG02	7	16988893	16988965	Phe	GAA	0	0	78.3	58.40	19.90	Inf	Phe	113.2	high confidence set
LG02	8	17165618	17165547	Trp	CCA	0	0	75.8	51.20	24.60	Inf	Trp	105.6	high confidence set
LG02	9	14172060	14171980	Leu	CAG	0	0	69.5	46.80	22.70	Inf	Leu	109.7	high confidence set
LG02	10	14088734	14088661	Glu	TTC	0	0	64.1	37.70	26.40	Inf	Glu	91.0	high confidence set
LG02	11	13619053	13618968	Tyr	GTA	13619016	13619004	74.5	43.00	31.50	Inf	Tyr	111.8	high confidence set
LG02	14	4678495	4678424	Asp	GTC	0	0	69.8	46.80	23.00	Inf	Asp	95.8	high confidence set
LG02	15	1385765	1385693	Glu	CTC	0	0	78.9	53.10	25.80	Inf	Glu	99.2	high confidence set
LG02	16	71668	71596	Glu	CTC	0	0	80.0	54.10	25.90	Inf	Glu	99.8	high confidence set
LG03	1	601688	601759	Thr	TGT	0	0	79.3	49.30	30.00	Inf	Thr	92.3	high confidence set
LG03	2	9906195	9906275	Leu	AAG	0	0	74.0	52.20	21.80	Inf	Leu	110.4	high confidence set
LG03	3	10736842	10736915	Ile	TAT	0	0	85.9	70.60	15.30	Inf	Ile	103.9	high confidence set
LG03	4	11417058	11417129	Pro	CGG	0	0	68.5	36.10	32.40	Inf	Pro	108.5	high confidence set
LG03	7	11587081	11587154	Met	CAT	0	0	61.6	37.10	24.50	Inf	Met	72.4	high confidence set
LG03	8	15752953	15753025	Ala	AGC	0	0	63.4	38.20	25.20	Inf	Ala	98.3	high confidence set
LG03	9	15949092	15949006	Met	CAT	15949054	15949042	64.2	40.70	23.50	Inf	Met	104.0	high confidence set
LG03	10	13710719	13710648	Thr	CGT	0	0	80.5	54.30	26.20	Inf	Thr	87.3	high confidence set
LG03	12	2567494	2567424	Gly	GCC	0	0	66.5	44.80	21.70	Inf	Gly	94.4	high confidence set
LG03	13	1322228	1322155	Ile	AAT	0	0	77.5	54.00	23.50	Inf	Ile	98.3	high confidence set
LG03	14	603697	603625	Phe	GAA	0	0	78.3	58.40	19.90	Inf	Phe	113.2	high confidence set
LG04	1	1518777	1518847	Gly	CCC	0	0	66.3	29.50	36.80	Inf	Gly	89.7	high confidence set
LG04	2	1879302	1879373	Pro	TGG	0	0	68.5	35.70	32.80	Inf	Pro	111.2	high confidence set
LG04	3	2513106	2513177	Asp	GTC	0	0	68.0	45.20	22.80	Inf	Asp	92.4	high confidence set
LG04	4	2947543	2947616	Thr	AGT	0	0	74.0	45.80	28.20	Inf	Thr	89.0	high confidence set
LG04	5	2987565	2987637	Arg	CCT	0	0	69.1	50.30	18.80	Inf	Arg	81.2	high confidence set
LG04	6	3080200	3080271	Asp	GTC	0	0	67.3	44.40	22.90	Inf	Asp	96.7	high confidence set
LG04	7	3427393	3427464	Cys	GCA	0	0	81.7	56.10	25.60	Inf	Cys	104.3	high confidence set
LG04	8	3827537	3827609	Phe	GAA	0	0	69.7	58.00	11.70	Inf	Phe	105.5	high confidence set
LG04	9	13783275	13783346	Pro	AGG	0	0	67.4	34.70	32.70	Inf	Pro	112.3	high confidence set
LG04	12	15010381	15010308	Trp	CCA	0	0	72.0	42.50	29.50	Inf	Thr	75.4	IPD:-18.90,isotype mismatch
LG04	13	14622481	14622408	Arg	TCG	0	0	81.9	60.40	21.50	Inf	Arg	92.9	high confidence set
LG04	14	14485306	14485234	Glu	CTC	0	0	79.2	53.50	25.70	Inf	Glu	98.6	high confidence set
LG04	16	13962077	13962006	His	GTG	0	0	63.0	33.70	29.30	Inf	His	86.8	high confidence set
LG04	17	13503679	13503598	Ser	TGA	0	0	78.3	44.40	33.90	Inf	Ser	115.8	high confidence set
LG04	18	12442851	12442779	Glu	CTC	0	0	74.9	49.40	25.50	Inf	Glu	91.7	high confidence set
LG04	19	11846553	11846480	Glu	TTC	0	0	65.8	40.30	25.50	Inf	Glu	94.6	high confidence set
LG04	20	11428569	11428497	Ala	AGC	0	0	63.4	38.20	25.20	Inf	Ala	98.3	high confidence set
LG04	22	3106965	3106893	Arg	CCG	0	0	65.5	47.30	18.20	Inf	Arg	91.7	high confidence set
LG04	23	2985561	2985490	Gln	CTG	0	0	75.3	51.20	24.10	Inf	Gln	103.1	high confidence set
LG04	24	1880490	1880419	Pro	AGG	0	0	67.4	34.70	32.70	Inf	Pro	112.3	high confidence set
LG04	25	1690134	1690061	Asn	GTT	0	0	83.9	58.50	25.40	Inf	Asn	97.4	high confidence set
LG05	1	145401	145472	Pro	AGG	0	0	67.4	34.70	32.70	Inf	Pro	112.3	high confidence set
LG05	2	693781	693851	Gly	GCC	0	0	66.5	44.80	21.70	Inf	Gly	94.4	high confidence set
LG05	3	2088260	2088332	Glu	CTC	0	0	78.9	53.10	25.80	Inf	Glu	99.2	high confidence set
LG05	4	4742503	4742576	Val	AAC	0	0	72.9	48.60	24.30	Inf	Val	93.8	high confidence set
LG05	5	4840169	4840249	Leu	AAG	0	0	74.0	52.20	21.80	Inf	Leu	110.4	high confidence set
LG05	6	7184965	7185036	Gln	TTG	0	0	76.2	56.20	20.00	Inf	Gln	105.4	high confidence set
LG05	7	6605544	6605472	Arg	TCT	0	0	68.5	50.60	17.90	Inf	Arg	98.8	high confidence set
LG05	8	6343782	6343710	Phe	GAA	0	0	78.3	58.40	19.90	Inf	Phe	113.2	high confidence set
LG05	9	5964938	5964865	Thr	AGT	0	0	78.9	54.60	24.30	Inf	Thr	91.4	high confidence set
LG05	10	4828580	4828508	Lys	TTT	0	0	88.7	64.40	24.30	Inf	Lys	93.7	high confidence set
LG05	11	4052631	4052558	Val	CAC	0	0	82.4	54.40	28.00	Inf	Val	100.3	high confidence set
LG05	12	4023404	4023331	Ile	AAT	0	0	80.9	56.60	24.30	Inf	Ile	107.9	high confidence set
LG05	13	3139657	3139576	Ser	CGA	0	0	78.2	45.90	32.30	Inf	Ser	121.6	high confidence set
LG05	14	2763740	2763667	Val	AAC	0	0	72.9	48.60	24.30	Inf	Val	93.8	high confidence set
LG05	15	789363	789292	Pro	TGG	0	0	65.1	35.40	29.70	Inf	Pro	106.1	high confidence set
LG06	1	7921397	7921469	Ala	CGC	0	0	68.2	44.00	24.20	Inf	Ala	95.8	high confidence set
LG06	2	11743208	11743280	Arg	ACG	0	0	71.7	49.10	22.60	Inf	Arg	91.4	high confidence set
LG06	3	12365046	12365119	Ile	AAT	0	0	81.8	58.30	23.50	Inf	Ile	106.8	high confidence set
LG06	4	14403067	14403138	Gln	CTG	0	0	75.3	51.20	24.10	Inf	Gln	103.1	high confidence set
LG06	6	12036702	12036631	Trp	CCA	0	0	66.7	50.40	16.30	Inf	Trp	97.1	high confidence set
LG06	7	9798814	9798733	Ser	GCT	0	0	80.5	45.20	35.30	Inf	Ser	109.5	high confidence set
LG06	8	312366	312294	Glu	CTC	0	0	73.4	54.50	18.90	Inf	Glu	92.6	high confidence set
LG07	2	333024	333096	Arg	ACG	0	0	71.7	49.10	22.60	Inf	Arg	91.4	high confidence set
LG07	3	763439	763510	iMet	CAT	0	0	58.3	28.10	30.20	Inf	iMet	118.7	high confidence set
LG07	4	1278581	1278654	Thr	AGT	0	0	75.0	46.80	28.20	Inf	Thr	89.8	high confidence set
LG07	5	1332676	1332748	Arg	CCT	0	0	69.1	50.30	18.80	Inf	Arg	81.2	high confidence set
LG07	6	2508554	2508625	Cys	GCA	0	0	81.7	56.10	25.60	Inf	Cys	104.3	high confidence set
LG07	7	2705894	2705964	Gly	GCC	0	0	66.5	44.80	21.70	Inf	Gly	94.4	high confidence set
LG07	8	10809913	10809984	Pro	CGG	0	0	68.5	36.10	32.40	Inf	Pro	108.5	high confidence set
LG07	9	11898921	11898992	Thr	CGT	0	0	80.5	54.30	26.20	Inf	Thr	87.3	high confidence set
LG07	10	14321686	14321766	Ser	AGA	0	0	79.9	43.80	36.10	Inf	Ser	111.8	high confidence set
LG07	11	14596679	14596750	Asp	GTC	0	0	67.1	44.10	23.00	Inf	Asp	97.2	high confidence set
LG07	12	14321947	14321876	iMet	CAT	0	0	58.3	28.10	30.20	Inf	iMet	118.7	high confidence set
LG07	13	12696056	12695976	Leu	AAG	0	0	74.0	52.20	21.80	Inf	Leu	110.4	high confidence set
LG07	14	12461402	12461331	iMet	CAT	0	0	58.3	28.10	30.20	Inf	iMet	118.7	high confidence set
LG07	15	12203373	12203300	Val	AAC	0	0	72.9	48.60	24.30	Inf	Val	93.8	high confidence set
LG07	16	11577998	11577926	Ala	AGC	0	0	63.4	38.20	25.20	Inf	Ala	98.3	high confidence set
LG07	17	11479143	11479072	Pro	TGG	0	0	69.0	36.90	32.10	Inf	Pro	106.7	high confidence set
LG07	18	1613083	1613011	Arg	CCG	0	0	65.5	47.30	18.20	Inf	Arg	91.7	high confidence set
LG07	19	1451480	1451407	Glu	TTC	0	0	64.1	37.70	26.40	Inf	Glu	91.0	high confidence set
LG07	20	1326688	1326617	Gln	CTG	0	0	75.3	51.20	24.10	Inf	Gln	103.1	high confidence set
LG07	21	1103578	1103506	Ala	TGC	0	0	68.8	42.60	26.20	Inf	Ala	100.0	high confidence set
LG07	22	1083148	1083075	Val	CAC	0	0	82.4	54.40	28.00	Inf	Val	100.3	high confidence set
LG08	1	1211160	1211231	Thr	TGT	0	0	79.3	49.30	30.00	Inf	Thr	92.3	high confidence set
LG08	2	1668776	1668849	Asn	GTT	0	0	84.3	60.30	24.00	Inf	Asn	97.5	high confidence set
LG08	3	2133439	2133509	Gly	GCC	0	0	66.5	44.80	21.70	Inf	Gly	94.4	high confidence set
LG08	4	13056826	13056910	Met	CAT	13056864	13056874	64.3	40.80	23.50	Inf	Met	104.0	high confidence set
LG08	6	13575350	13575420	Gly	GCC	0	0	66.5	44.80	21.70	Inf	Gly	94.4	high confidence set
LG08	8	11960122	11960052	Gly	GCC	0	0	66.5	44.80	21.70	Inf	Gly	94.4	high confidence set
LG08	9	10275580	10275493	Ser	GCT	0	0	60.0	38.30	21.70	Inf	Ser	80.6	high confidence set
LG08	10	1718183	1718110	Ile	AAT	0	0	79.3	55.80	23.50	Inf	Ile	104.3	high confidence set
LG09	1	188879	188951	Arg	ACG	0	0	71.7	49.10	22.60	Inf	Arg	91.4	high confidence set
LG09	2	235621	235693	Lys	CTT	0	0	82.7	62.60	20.10	Inf	Lys	100.8	high confidence set
LG09	3	1167529	1167602	Thr	AGT	0	0	75.0	46.80	28.20	Inf	Thr	89.8	high confidence set
LG09	4	1569854	1569941	Met	CAT	1569892	1569905	64.1	40.70	23.40	Inf	Met	104.0	high confidence set
LG09	5	2128195	2128266	Cys	GCA	0	0	81.7	56.10	25.60	Inf	Cys	104.3	high confidence set
LG09	6	2645953	2646025	Phe	GAA	0	0	78.3	58.40	19.90	Inf	Phe	113.2	high confidence set
LG09	8	12199633	12199704	Pro	CGG	0	0	64.6	32.10	32.50	Inf	Pro	101.0	high confidence set
LG09	9	13334683	13334764	Ser	AGA	0	0	78.1	41.50	36.60	Inf	Ser	111.8	high confidence set
LG09	10	12184909	12184836	Ile	AAT	0	0	81.8	58.30	23.50	Inf	Ile	106.8	high confidence set
LG09	11	12183565	12183492	Ile	AAT	0	0	81.8	58.30	23.50	Inf	Ile	106.8	high confidence set
LG09	12	7142506	7142435	Arg	TCT	0	0	58.3	25.60	32.70	Inf	Gln	70.8	IPD:-24.50,isotype mismatch
LG09	13	1569207	1569134	Val	AAC	0	0	73.2	49.00	24.20	Inf	Val	95.8	high confidence set
LG09	14	1249085	1249014	Gln	CTG	0	0	65.4	49.80	15.60	Inf	Gln	94.1	high confidence set
LG09	15	941283	941210	Val	CAC	0	0	82.4	54.40	28.00	Inf	Val	103.7	high confidence set
LG09	16	883180	883107	Glu	TTC	0	0	62.1	35.80	26.30	Inf	Glu	88.5	high confidence set
LG10	1	728600	728670	Gly	GCC	0	0	66.5	44.80	21.70	Inf	Gly	94.4	high confidence set
LG10	2	2116237	2116309	Glu	CTC	0	0	79.2	53.50	25.70	Inf	Glu	94.2	high confidence set
LG10	3	10276963	10277035	Arg	TCT	0	0	61.4	51.00	10.40	Inf	Arg	88.3	high confidence set
LG10	5	1971650	1971578	Glu	CTC	0	0	78.9	53.10	25.80	Inf	Glu	99.2	high confidence set
LG11	1	557219	557290	Gln	CTG	0	0	61.4	43.60	17.80	Inf	Gln	83.7	high confidence set
LG11	3	6019820	6019891	Gln	TTG	0	0	76.5	56.50	20.00	Inf	Gln	106.0	high confidence set
LG11	5	8432176	8432248	Glu	CTC	0	0	80.0	54.10	25.90	Inf	Glu	99.8	high confidence set
LG11	6	11996712	11996640	Val	TAC	0	0	71.2	38.40	32.80	Inf	Val	101.5	high confidence set
LG11	7	11810223	11810151	Phe	GAA	0	0	78.3	58.40	19.90	Inf	Phe	113.2	high confidence set
LG11	8	11804261	11804189	Lys	CTT	0	0	87.7	67.60	20.10	Inf	Lys	106.7	high confidence set
LG11	9	9926950	9926871	Leu	TAG	0	0	69.5	48.50	21.00	Inf	Leu	111.5	high confidence set
LG11	10	9192536	9192464	Arg	ACG	0	0	72.0	49.70	22.30	Inf	Arg	93.9	high confidence set
LG12	1	276933	277004	Pro	CGG	0	0	68.5	36.10	32.40	Inf	Pro	108.5	high confidence set
LG12	2	725890	725963	Asn	GTT	0	0	83.9	58.50	25.40	Inf	Asn	94.9	high confidence set
LG12	3	1088439	1088509	Gly	GCC	0	0	66.5	44.80	21.70	Inf	Gly	94.4	high confidence set
LG12	4	2217414	2217486	Glu	CTC	0	0	76.0	50.20	25.80	Inf	Glu	98.1	high confidence set
LG12	5	3263822	3263895	Glu	TTC	0	0	64.1	37.70	26.40	Inf	Glu	91.0	high confidence set
LG12	6	4000684	4000755	Trp	CCA	0	0	75.8	51.20	24.60	Inf	Trp	105.6	high confidence set
LG12	7	4008404	4008475	Trp	CCA	0	0	75.8	51.20	24.60	Inf	Trp	105.6	high confidence set
LG12	8	4029513	4029586	Val	CAC	0	0	82.4	54.40	28.00	Inf	Val	100.3	high confidence set
LG12	9	4093463	4093535	Ala	AGC	0	0	63.4	38.20	25.20	Inf	Ala	98.3	high confidence set
LG12	10	4270311	4270382	Pro	AGG	0	0	67.4	34.70	32.70	Inf	Pro	112.3	high confidence set
LG12	11	4578027	4578100	Asn	GTT	0	0	78.9	57.50	21.40	Inf	Asn	90.7	high confidence set
LG12	12	11257376	11257457	Ser	AGA	0	0	73.6	41.00	32.60	Inf	Ser	109.0	high confidence set
LG12	13	11991302	11991374	Lys	TTT	0	0	88.7	64.40	24.30	Inf	Lys	93.7	high confidence set
LG12	14	12499313	12499240	Glu	TTC	0	0	64.1	37.70	26.40	Inf	Glu	91.0	high confidence set
LG12	15	12078056	12077984	Arg	CCG	0	0	65.5	47.30	18.20	Inf	Arg	91.7	high confidence set
LG12	16	11697167	11697094	Met	CAT	0	0	61.6	37.10	24.50	Inf	Met	72.4	high confidence set
LG12	17	4462029	4461958	Asp	GTC	0	0	69.8	46.80	23.00	Inf	Asp	95.8	high confidence set
LG12	18	3327059	3326989	Gly	CCC	0	0	66.3	29.50	36.80	Inf	Gly	89.7	high confidence set
LG12	20	2678641	2678560	Ser	CGA	0	0	78.2	45.90	32.30	Inf	Ser	121.6	high confidence set
LG12	21	2625564	2625493	Gln	CTG	0	0	74.7	50.50	24.20	Inf	Gln	100.9	high confidence set
LG12	22	1545027	1544956	iMet	CAT	0	0	58.3	28.10	30.20	Inf	iMet	118.7	high confidence set
LG12	23	1223858	1223785	Val	AAC	0	0	73.2	49.00	24.20	Inf	Val	95.8	high confidence set
LG12	24	1101691	1101620	Gly	TCC	0	0	73.9	46.20	27.70	Inf	Gly	85.6	high confidence set
LG12	25	1081121	1081050	Gly	TCC	0	0	73.9	46.20	27.70	Inf	Gly	85.6	high confidence set
LG12	26	1041841	1041771	Gly	GCC	0	0	66.5	44.80	21.70	Inf	Gly	94.4	high confidence set
LG12	27	968538	968458	Leu	AAG	0	0	74.0	52.20	21.80	Inf	Leu	110.4	high confidence set
LG12	28	921448	921368	Leu	AAG	0	0	74.0	52.20	21.80	Inf	Leu	110.4	high confidence set
LG12	29	880710	880637	Ile	AAT	0	0	81.8	58.30	23.50	Inf	Ile	106.8	high confidence set
LG12	30	863249	863166	Leu	CAA	0	0	81.0	54.60	26.40	Inf	Leu	125.6	high confidence set
LG12	31	414930	414860	Gly	CCC	0	0	66.3	29.50	36.80	Inf	Gly	89.7	high confidence set
LG13	1	260894	260965	iMet	CAT	0	0	58.3	28.10	30.20	Inf	iMet	118.7	high confidence set
LG13	2	1469755	1469826	His	GTG	0	0	63.0	33.70	29.30	Inf	His	91.2	high confidence set
LG13	3	1819858	1819939	Ser	TGA	0	0	80.7	46.10	34.60	Inf	Ser	119.7	high confidence set
LG13	4	2159174	2159247	Ile	AAT	0	0	81.8	58.30	23.50	Inf	Ile	106.8	high confidence set
LG13	5	2355166	2355249	Leu	CAA	0	0	70.6	52.80	17.80	Inf	Leu	110.2	high confidence set
LG13	6	9312212	9312283	Pro	AGG	0	0	67.4	34.70	32.70	Inf	Pro	112.3	high confidence set
LG13	7	11335365	11335438	Asn	GTT	0	0	82.7	58.50	24.20	Inf	Asn	96.0	high confidence set
LG13	8	11561134	11561205	Cys	GCA	0	0	79.9	59.80	20.10	Inf	Cys	108.3	high confidence set
LG13	9	11564661	11564732	His	GTG	0	0	63.0	33.70	29.30	Inf	His	91.2	high confidence set
LG13	10	11655012	11655083	Gln	TTG	0	0	71.6	54.10	17.50	Inf	Gln	102.3	high confidence set
LG13	11	10752455	10752382	Thr	AGT	0	0	76.0	48.40	27.60	Inf	Thr	90.6	high confidence set
LG13	12	1527011	1526940	Gly	TCC	0	0	73.9	46.20	27.70	Inf	Gly	85.6	high confidence set
LG13	13	618439	618368	Asp	GTC	0	0	69.8	46.80	23.00	Inf	Asp	95.8	high confidence set
LG14	1	768245	768330	Tyr	GTA	768282	768294	70.0	38.50	31.50	Inf	Tyr	108.3	high confidence set
LG14	3	851849	851921	Arg	CCG	0	0	65.5	47.30	18.20	Inf	Arg	91.7	high confidence set
LG14	4	1255027	1255099	Ala	CGC	0	0	68.3	44.10	24.20	Inf	Ala	99.2	high confidence set
LG14	5	1712282	1712354	Arg	TCT	0	0	70.4	50.20	20.20	Inf	Arg	95.3	high confidence set
LG14	6	2918658	2918731	Thr	AGT	0	0	75.0	46.80	28.20	Inf	Thr	89.8	high confidence set
LG14	7	3141063	3141133	Gly	CCC	0	0	66.3	29.50	36.80	Inf	Gly	89.7	high confidence set
LG14	8	4441582	4441654	Ala	AGC	0	0	63.4	38.20	25.20	Inf	Ala	98.3	high confidence set
LG14	9	6802995	6803075	Leu	CAG	0	0	69.5	46.80	22.70	Inf	Leu	109.7	high confidence set
LG14	13	5476643	5476570	Arg	TCG	0	0	81.9	60.40	21.50	Inf	Arg	92.9	high confidence set
LG14	14	5362442	5362370	Glu	CTC	0	0	77.7	52.00	25.70	Inf	Glu	93.0	high confidence set
LG14	15	3733346	3733274	Ala	AGC	0	0	59.1	34.60	24.50	Inf	Ala	91.7	high confidence set
LG14	16	2860763	2860690	Val	TAC	0	0	78.0	44.10	33.90	Inf	Val	100.5	high confidence set
LG15	1	205072	205155	Leu	CAA	0	0	81.0	54.60	26.40	Inf	Leu	125.6	high confidence set
LG15	2	1277374	1277445	Trp	CCA	0	0	75.8	51.20	24.60	Inf	Trp	105.6	high confidence set
LG15	3	1284071	1284142	Trp	CCA	0	0	71.7	49.90	21.80	Inf	Trp	102.6	high confidence set
LG15	4	2226552	2226624	Ala	TGC	0	0	65.5	40.20	25.30	Inf	Ala	97.8	high confidence set
LG15	5	2815139	2815212	Ile	AAT	0	0	77.0	58.50	18.50	Inf	Ile	101.8	high confidence set
LG15	6	2847299	2847370	Asp	GTC	0	0	68.0	45.20	22.80	Inf	Asp	92.4	high confidence set
LG15	7	3866614	3866685	iMet	CAT	0	0	58.3	28.10	30.20	Inf	iMet	118.7	high confidence set
LG15	8	3868594	3868665	iMet	CAT	0	0	58.3	28.10	30.20	Inf	iMet	118.7	high confidence set
LG15	10	10233277	10233347	Gly	CCC	0	0	66.3	29.50	36.80	Inf	Gly	89.7	high confidence set
LG15	13	10935447	10935376	His	GTG	0	0	63.3	34.30	29.00	Inf	His	87.4	high confidence set
LG15	14	10839889	10839817	Arg	CCT	0	0	66.6	45.40	21.20	Inf	Arg	78.6	high confidence set
LG15	15	10754003	10753930	Glu	TTC	0	0	64.1	37.70	26.40	Inf	Glu	91.0	high confidence set
LG15	16	10712477	10712396	Ser	GCT	0	0	80.5	45.20	35.30	Inf	Ser	109.5	high confidence set
LG15	17	1592441	1592354	Met	CAT	1592403	1592390	64.1	40.70	23.40	Inf	Met	104.0	high confidence set
LG16	2	4637276	4637347	Gln	CTG	0	0	67.6	50.20	17.40	Inf	Gln	95.9	high confidence set
LG16	3	6990217	6990298	Ser	CGA	0	0	78.2	45.90	32.30	Inf	Ser	121.6	high confidence set
LG16	4	8776197	8776267	Gly	GCC	0	0	66.5	44.80	21.70	Inf	Gly	94.4	high confidence set
LG16	6	9870802	9870874	Phe	GAA	0	0	78.3	58.40	19.90	Inf	Phe	113.2	high confidence set
LG16	7	10128052	10127980	Val	TAC	0	0	76.3	40.90	35.40	Inf	Val	108.4	high confidence set
LG16	8	9853758	9853686	Lys	CTT	0	0	82.7	62.60	20.10	Inf	Lys	100.8	high confidence set
LG16	9	7791112	7791040	Arg	ACG	0	0	71.7	49.10	22.60	Inf	Arg	91.4	high confidence set
LG16	10	317168	317096	Arg	CCT	0	0	69.1	50.30	18.80	Inf	Arg	81.2	high confidence set
LG17	1	1595489	1595561	Arg	TCT	0	0	68.5	50.60	17.90	Inf	Arg	98.8	high confidence set
LG17	2	5807558	5807630	Lys	TTT	0	0	89.7	65.30	24.40	Inf	Lys	92.7	high confidence set
LG17	3	8924435	8924505	Cys	GCA	0	0	63.0	37.80	25.20	Inf	Cys	72.7	high confidence set
LG17	4	8925157	8925243	Ser	GGA	0	0	64.5	34.70	29.80	Inf	Ser	84.5	unexpected anticodon
LG17	5	9930734	9930663	Pro	AGG	0	0	67.4	34.70	32.70	Inf	Pro	112.3	high confidence set
LG17	6	9929029	9928958	Pro	AGG	0	0	67.4	34.70	32.70	Inf	Pro	112.3	high confidence set
LG17	7	8926520	8926448	Thr	TGT	0	0	66.2	47.40	18.80	Inf	Thr	80.6	high confidence set
LG17	8	3195580	3195508	Lys	CTT	0	0	87.7	67.60	20.10	Inf	Lys	106.7	high confidence set
LG17	9	2393713	2393632	Ser	AGA	0	0	78.7	42.50	36.20	Inf	Ser	114.6	high confidence set
LG17	10	2097822	2097750	Ala	TGC	0	0	65.5	40.20	25.30	Inf	Ala	97.8	high confidence set
LG17	11	1024764	1024691	Asn	GTT	0	0	81.1	58.40	22.70	Inf	Asn	93.7	high confidence set
LG17	12	845921	845850	Pro	AGG	0	0	67.4	34.70	32.70	Inf	Pro	112.3	high confidence set
LG17	13	488371	488292	Leu	TAG	0	0	69.5	48.50	21.00	Inf	Leu	111.5	high confidence set
LG17	14	415726	415655	Cys	GCA	0	0	82.1	59.90	22.20	Inf	Cys	106.6	high confidence set
LG18	1	373085	373156	His	GTG	0	0	63.0	33.70	29.30	Inf	His	91.2	high confidence set
LG18	2	808677	808749	Ala	AGC	0	0	63.4	38.20	25.20	Inf	Ala	98.3	high confidence set
LG18	3	809003	809075	Ala	AGC	0	0	63.4	38.20	25.20	Inf	Ala	98.3	high confidence set
LG18	4	6604647	6604718	Pro	TGG	0	0	68.5	35.70	32.80	Inf	Pro	111.2	high confidence set
LG18	5	6937453	6937526	Asn	GTT	0	0	83.9	58.50	25.40	Inf	Asn	97.4	high confidence set
LG18	6	8363531	8363603	Ala	CGC	0	0	68.3	44.10	24.20	Inf	Ala	99.2	high confidence set
LG18	7	10154847	10154920	Arg	TCG	0	0	81.9	60.40	21.50	Inf	Arg	92.9	high confidence set
LG18	8	10155810	10155738	Glu	CTC	0	0	80.2	54.50	25.70	Inf	Glu	99.3	high confidence set
LG18	10	9542275	9542204	His	GTG	0	0	63.3	34.30	29.00	Inf	His	91.7	high confidence set
LG18	11	9447498	9447428	Gly	GCC	0	0	66.5	44.80	21.70	Inf	Gly	94.4	high confidence set
LG18	12	9030603	9030530	Ile	AAT	0	0	82.4	58.90	23.50	Inf	Ile	107.0	high confidence set
LG18	13	8207381	8207310	Gly	TCC	0	0	73.9	46.20	27.70	Inf	Gly	85.6	high confidence set
LG18	14	7159484	7159414	Gly	CCC	0	0	66.3	29.50	36.80	Inf	Gly	89.7	high confidence set
LG19	1	8362045	8362126	Ser	AGA	0	0	79.6	43.50	36.10	Inf	Ser	114.9	high confidence set
LG19	2	8678282	8678354	Glu	CTC	0	0	80.2	54.50	25.70	Inf	Glu	99.3	high confidence set
LG19	3	9795420	9795492	Lys	TTT	0	0	88.7	64.40	24.30	Inf	Lys	93.7	high confidence set
LG19	4	10010160	10010231	Asp	GTC	0	0	67.4	44.70	22.70	Inf	Asp	94.4	high confidence set
LG19	5	10617081	10617164	Leu	CAA	0	0	78.5	55.10	23.40	Inf	Leu	119.0	high confidence set
LG19	6	10168215	10168142	Val	AAC	0	0	73.2	49.00	24.20	Inf	Val	95.8	high confidence set
LG19	7	10142980	10142895	Tyr	GTA	10142943	10142931	74.5	42.90	31.60	Inf	Tyr	111.8	high confidence set
LG19	8	9492564	9492492	Ala	CGC	0	0	68.3	44.10	24.20	Inf	Ala	99.2	high confidence set
LG19	9	359996	359925	Gln	CTG	0	0	75.3	51.20	24.10	Inf	Gln	103.1	high confidence set
LG20	1	260265	260336	Pro	AGG	0	0	67.4	34.70	32.70	Inf	Pro	112.3	high confidence set
LG20	2	2723657	2723736	Leu	TAG	0	0	69.5	48.50	21.00	Inf	Leu	111.5	high confidence set
LG20	3	3018818	3018889	Pro	CGG	0	0	68.5	36.10	32.40	Inf	Pro	108.5	high confidence set
LG20	4	3934084	3934166	Leu	TAA	0	0	73.8	34.40	39.40	Inf	Leu	96.2	high confidence set
LG20	5	6523706	6523787	Ser	GCT	0	0	80.5	45.20	35.30	Inf	Ser	109.5	high confidence set
LG20	6	9673454	9673526	Lys	CTT	0	0	87.7	67.60	20.10	Inf	Lys	106.7	high confidence set
LG20	7	9724278	9724198	Leu	TAG	0	0	69.5	46.80	22.70	Inf	Leu	109.7	high confidence set
LG20	8	9613301	9613230	Trp	CCA	0	0	75.8	51.20	24.60	Inf	Trp	105.6	high confidence set
LG20	9	8719685	8719613	Ala	CGC	0	0	68.2	44.00	24.20	Inf	Ala	95.8	high confidence set
LG20	10	4304104	4304032	Phe	GAA	0	0	71.4	44.50	26.90	Inf	Thr	74.5	IPD:-2.90,isotype mismatch
LG20	14	1712262	1712190	Arg	TCT	0	0	68.5	50.60	17.90	Inf	Arg	98.8	high confidence set
LG20	15	1516572	1516500	Ala	TGC	0	0	65.5	40.20	25.30	Inf	Ala	97.8	high confidence set
LG20	16	171123	171043	Leu	AAG	0	0	74.0	52.20	21.80	Inf	Leu	110.4	high confidence set
LG20	17	170451	170371	Ser	AGA	0	0	76.5	41.10	35.40	Inf	Ser	109.1	high confidence set
LG21	1	1241392	1241464	Ala	AGC	0	0	63.4	38.20	25.20	Inf	Ala	98.3	high confidence set
LG21	2	4307141	4307213	Glu	CTC	0	0	80.0	54.10	25.90	Inf	Glu	99.8	high confidence set
LG21	4	5395605	5395678	Trp	CCA	0	0	72.0	42.50	29.50	Inf	Thr	75.4	IPD:-18.90,isotype mismatch
LG21	5	5416878	5416950	Thr	TGT	0	0	66.2	47.40	18.80	Inf	Thr	80.6	high confidence set
LG21	6	5426577	5426650	Met	CAT	0	0	61.6	37.10	24.50	Inf	Met	72.4	high confidence set
LG21	9	5431945	5432028	Tyr	GTA	0	0	55.6	30.40	25.20	Inf	Tyr	72.5	high confidence set
LG21	11	8970362	8970435	Ile	TAT	0	0	82.4	63.80	18.60	Inf	Ile	100.5	high confidence set
LG21	12	9284962	9285034	Ala	TGC	0	0	65.5	40.20	25.30	Inf	Ala	97.8	high confidence set
LG21	13	10156007	10156080	Ile	AAT	0	0	81.8	58.30	23.50	Inf	Ile	106.8	high confidence set
LG21	14	10314296	10314375	Leu	TAG	0	0	69.5	48.50	21.00	Inf	Leu	111.5	high confidence set
LG21	15	10345467	10345538	Cys	GCA	0	0	78.1	55.90	22.20	Inf	Cys	100.0	high confidence set
LG21	16	10559880	10559962	Leu	TAA	0	0	68.4	29.10	39.30	Inf	Leu	90.1	high confidence set
LG21	17	10218008	10217935	Ile	AAT	0	0	72.7	49.20	23.50	Inf	Ile	99.2	high confidence set
LG21	18	9448548	9448476	Phe	GAA	0	0	78.3	58.40	19.90	Inf	Phe	113.2	high confidence set
LG21	20	8067633	8067551	Leu	TAA	0	0	73.7	35.00	38.70	Inf	Leu	97.4	high confidence set
LG21	21	5436755	5436685	Cys	GCA	0	0	63.0	37.80	25.20	Inf	Cys	72.7	high confidence set
LG21	22	5431494	5431423	Thr	GGT	0	0	58.6	26.30	32.30	Inf	Thr	70.4	unexpected anticodon
LG21	24	5418243	5418157	Ser	GGA	0	0	64.5	34.70	29.80	Inf	Ser	84.5	unexpected anticodon
LG21	25	5415126	5415054	Phe	GAA	0	0	71.4	44.50	26.90	Inf	Thr	74.5	IPD:-2.90,isotype mismatch
LG21	28	871541	871470	Gly	TCC	0	0	73.9	46.20	27.70	Inf	Gly	85.6	high confidence set
LG21	29	869605	869534	Gly	TCC	0	0	73.9	46.20	27.70	Inf	Gly	85.6	high confidence set
LG21	30	248157	248077	Leu	AAG	0	0	74.0	52.20	21.80	Inf	Leu	110.4	high confidence set
LG22	1	799334	799405	Asp	GTC	0	0	68.0	45.20	22.80	Inf	Asp	91.9	high confidence set
LG22	5	8385280	8385351	Thr	CGT	0	0	80.5	54.30	26.20	Inf	Thr	87.3	high confidence set
LG22	6	8786053	8786125	Ala	AGC	0	0	63.4	38.20	25.20	Inf	Ala	98.3	high confidence set
LG22	7	9078197	9078268	Pro	TGG	0	0	69.6	37.70	31.90	Inf	Pro	105.7	high confidence set
LG22	8	9397887	9397970	Leu	CAA	0	0	77.9	54.30	23.60	Inf	Leu	125.0	high confidence set
LG22	9	10114067	10114154	Met	CAT	10114105	10114118	64.1	40.70	23.40	Inf	Met	104.0	high confidence set
LG22	10	9642990	9642905	Tyr	GTA	9642953	9642941	74.5	42.90	31.60	Inf	Tyr	111.8	high confidence set
LG22	11	8755197	8755124	Val	AAC	0	0	73.2	49.00	24.20	Inf	Val	95.8	high confidence set
LG22	12	8755055	8754982	Val	AAC	0	0	73.2	49.00	24.20	Inf	Val	95.8	high confidence set
LG22	13	7840529	7840457	Ala	AGC	0	0	63.4	38.20	25.20	Inf	Ala	98.3	high confidence set
LG22	14	5507614	5507541	Trp	CCA	0	0	72.0	42.50	29.50	Inf	Thr	75.4	IPD:-18.90,isotype mismatch
LG22	15	5497773	5497702	Asn	GTT	0	0	71.4	53.60	17.80	Inf	Asn	78.4	high confidence set
LG22	20	818437	818351	Met	CAT	818399	818387	64.2	40.70	23.50	Inf	Met	104.0	high confidence set
LG23	1	445524	445597	Val	CAC	0	0	81.5	53.50	28.00	Inf	Val	100.3	high confidence set
LG23	2	780922	780995	Val	AAC	0	0	72.9	48.60	24.30	Inf	Val	93.8	high confidence set
LG23	3	1662088	1662168	Leu	AAG	0	0	60.7	50.70	10.00	Inf	Leu	90.9	high confidence set
LG23	4	1677591	1677672	Ser	TGA	0	0	80.7	46.10	34.60	Inf	Ser	119.7	high confidence set
LG23	5	1988320	1988403	Leu	CAA	0	0	81.0	54.60	26.40	Inf	Leu	125.6	high confidence set
LG23	6	4384088	4384161	Thr	AGT	0	0	74.0	45.80	28.20	Inf	Thr	89.0	high confidence set
LG23	7	3306316	3306243	Asn	GTT	0	0	83.9	58.50	25.40	Inf	Asn	97.4	high confidence set
LG23	8	2677472	2677401	Asp	GTC	0	0	68.0	45.20	22.80	Inf	Asp	91.9	high confidence set
LG23	9	2675547	2675476	Asp	GTC	0	0	68.0	45.30	22.70	Inf	Asp	90.5	high confidence set
LG23	10	1416740	1416669	Gly	TCC	0	0	71.6	44.20	27.40	Inf	Gly	81.1	high confidence set
LG23	11	769954	769882	Arg	CCG	0	0	80.4	58.30	22.10	Inf	Arg	84.6	high confidence set
LG24	1	247986	248067	Ser	GCT	0	0	80.5	45.20	35.30	Inf	Ser	109.5	high confidence set
LG24	2	3951363	3951435	Thr	TGT	0	0	63.7	44.80	18.90	Inf	Thr	76.4	high confidence set
LG24	3	6104582	6104654	Lys	CTT	0	0	87.7	67.60	20.10	Inf	Lys	106.7	high confidence set
LG25	2	1223722	1223793	Thr	CGT	0	0	80.5	54.30	26.20	Inf	Thr	87.3	high confidence set
LG25	3	2517406	2517479	Val	CAC	0	0	82.4	54.40	28.00	Inf	Val	100.3	high confidence set
LG25	4	3354910	3354995	Met	CAT	3354948	3354959	68.7	45.20	23.50	Inf	Met	104.3	high confidence set
LG25	5	2542715	2542644	iMet	CAT	0	0	56.4	24.80	31.60	Inf	iMet	116.1	high confidence set
LG25	6	1526517	1526445	Ala	CGC	0	0	68.3	44.10	24.20	Inf	Ala	99.2	high confidence set
scaffold_196	3	223936	224008	Lys	TTT	0	0	80.3	61.50	18.80	Inf	Lys	78.3	high confidence set
scaffold_196	10	261567	261484	Tyr	GTA	0	0	55.6	30.40	25.20	Inf	Tyr	72.5	high confidence set
scaffold_250	4	222111	222182	Asn	GTT	0	0	76.1	53.10	23.00	Inf	Asn	83.1	high confidence set
scaffold_250	9	246351	246277	Pro	TGG	0	0	64.8	33.90	30.90	Inf	Trp	70.6	IPD:-33.10,isotype mismatch
scaffold_250	10	222880	222807	Asp	GTC	0	0	72.0	53.20	18.80	Inf	Ala	72.8	IPD:-22.40,isotype mismatch
scaffold_250	12	134676	134590	Ser	GGA	0	0	64.5	34.70	29.80	Inf	Ser	84.5	unexpected anticodon
scaffold_250	13	98261	98188	Trp	CCA	0	0	70.1	43.00	27.10	Inf	Thr	71.6	IPD:-17.70,isotype mismatch
scaffold_357	1	100770	100842	Phe	GAA	0	0	71.4	44.50	26.90	Inf	Thr	74.5	IPD:-2.90,isotype mismatch
scaffold_502	1	20760	20831	Pro	AGG	0	0	67.4	34.70	32.70	Inf	Pro	112.3	high confidence set
scaffold_554	1	2709	2638	Thr	CGT	0	0	80.5	54.30	26.20	Inf	Thr	87.3	high confidence set
scaffold_601	2	84585	84656	Asn	GTT	0	0	76.1	53.10	23.00	Inf	Asn	83.1	high confidence set
scaffold_601	4	85354	85281	Asp	GTC	0	0	72.0	53.20	18.80	Inf	Ala	72.8	IPD:-22.40,isotype mismatch
scaffold_743	1	19434	19362	Lys	TTT	0	0	89.8	65.70	24.10	Inf	Lys	95.3	high confidence set
scaffold_864	1	5009	5087	Arg	ACG	0	0	56.5	44.90	11.60	Inf	Ile	73.7	IPD:-23.30,isotype mismatch
scaffold_864	2	27181	27252	Asn	GTT	0	0	71.4	53.60	17.80	Inf	Asn	78.4	high confidence set
scaffold_864	5	61197	61110	Ser	GCT	0	0	60.0	38.30	21.70	Inf	Ser	80.6	high confidence set
scaffold_864	9	27920	27842	Arg	ACG	0	0	56.5	44.90	11.60	Inf	Ile	73.7	IPD:-23.30,isotype mismatch
scaffold_864	11	5748	5677	Asn	GTT	0	0	71.4	53.60	17.80	Inf	Asn	78.4	high confidence set
scaffold_932	1	22526	22446	Leu	AAG	0	0	74.0	52.20	21.80	Inf	Leu	110.4	high confidence set
scaffold_945	1	27617	27536	Ser	GCT	0	0	80.5	45.20	35.30	Inf	Ser	109.5	high confidence set
scaffold_1147	1	4870	4799	Thr	GGT	0	0	58.6	26.30	32.30	Inf	Thr	70.4	unexpected anticodon
scaffold_1171	1	24957	24875	Leu	TAA	0	0	74.5	35.20	39.30	Inf	Leu	97.7	high confidence set
scaffold_1199	2	37173	37251	Arg	ACG	0	0	56.5	44.90	11.60	Inf	Ile	73.7	IPD:-23.30,isotype mismatch
scaffold_1199	3	37933	37862	Asn	GTT	0	0	76.1	53.10	23.00	Inf	Asn	83.1	high confidence set
scaffold_1281	1	17008	16937	Pro	AGG	0	0	67.4	34.70	32.70	Inf	Pro	112.3	high confidence set
scaffold_1306	1	16914	16986	Thr	TGT	0	0	63.7	44.80	18.90	Inf	Thr	76.4	high confidence set
scaffold_1339	1	7800	7871	Pro	CGG	0	0	68.5	36.10	32.40	Inf	Pro	108.5	high confidence set
scaffold_1354	1	23850	23921	Gln	TTG	0	0	76.5	56.50	20.00	Inf	Gln	106.0	high confidence set
scaffold_1385	1	26624	26552	Lys	TTT	0	0	88.7	64.40	24.30	Inf	Lys	93.7	high confidence set
scaffold_1719	1	22899	22827	Arg	CCT	0	0	69.1	50.30	18.80	Inf	Arg	81.2	high confidence set
scaffold_1891	1	5770	5843	Ile	GAT	0	0	78.8	49.80	29.00	Inf	Thr	83.5	IPD:-4.90,isotype mismatch
scaffold_1891	2	5883	5955	Ala	TGC	0	0	69.4	49.80	19.60	Inf	Ala	75.8	high confidence set
scaffold_1969	1	17423	17509	Ser	GGA	0	0	64.5	34.70	29.80	Inf	Ser	84.5	unexpected anticodon
scaffold_1981	3	8611	8685	Pro	TGG	0	0	64.8	33.90	30.90	Inf	Trp	70.6	IPD:-33.10,isotype mismatch
scaffold_2027	3	7705	7779	Pro	TGG	0	0	64.8	33.90	30.90	Inf	Trp	70.6	IPD:-33.10,isotype mismatch
scaffold_2260	1	9921	9849	Ala	CGC	0	0	68.3	44.10	24.20	Inf	Ala	99.2	high confidence set
scaffold_2261	1	10547	10475	Lys	TTT	0	0	80.3	61.50	18.80	Inf	Lys	78.3	high confidence set
scaffold_2276	1	10488	10574	Ser	GGA	0	0	64.5	34.70	29.80	Inf	Ser	84.5	unexpected anticodon
scaffold_2288	1	3847	3775	Lys	TTT	0	0	80.3	61.50	18.80	Inf	Lys	78.3	high confidence set
scaffold_2337	1	4124	4197	Trp	CCA	0	0	70.1	43.00	27.10	Inf	Thr	71.6	IPD:-17.70,isotype mismatch
scaffold_2337	2	11682	11610	Phe	GAA	0	0	71.4	44.50	26.90	Inf	Thr	74.5	IPD:-2.90,isotype mismatch
scaffold_2380	2	11517	11600	Tyr	GTA	0	0	55.6	30.40	25.20	Inf	Tyr	72.5	high confidence set
scaffold_2487	1	5960	6033	Trp	CCA	0	0	70.1	43.00	27.10	Inf	Thr	71.6	IPD:-17.70,isotype mismatch
scaffold_2496	1	7416	7489	Trp	CCA	0	0	70.1	43.00	27.10	Inf	Thr	71.6	IPD:-17.70,isotype mismatch
