Sequence		tRNA    	Bounds  	tRNA	Anti	Intron Bounds	Inf	HMM	2'Str	Hit	Isotype	Isotype	      
Name    	tRNA#	Begin   	End     	Type	Codon	Begin	End	Score	Score	Score	Origin	CM	Score	Note
--------	------	-----   	------  	----	-----	-----	----	------	-----	-----	------	-------	-------	------
Chr1	1	182074	182154	Leu	AAG	0	0	71.5	51.30	20.20	Inf	Leu	100.2	high confidence set
Chr1	2	182263	182344	Ser	AGA	0	0	79.6	43.50	36.10	Inf	Ser	114.9	high confidence set
Chr1	3	416058	416130	Glu	CTC	0	0	77.5	51.70	25.80	Inf	Glu	97.9	high confidence set
Chr1	4	1775494	1775567	Thr	AGT	0	0	75.0	46.80	28.20	Inf	Thr	89.8	high confidence set
Chr1	5	2279100	2279171	Asp	GTC	0	0	69.8	46.80	23.00	Inf	Asp	95.8	high confidence set
Chr1	6	3421334	3421415	Ser	TGA	0	0	80.7	46.10	34.60	Inf	Ser	119.7	high confidence set
Chr1	7	3734988	3735059	Pro	AGG	0	0	67.4	34.70	32.70	Inf	Pro	112.3	high confidence set
Chr1	9	5769842	5769914	Glu	CTC	0	0	77.5	51.70	25.80	Inf	Glu	97.9	high confidence set
Chr1	10	7434983	7435055	Glu	CTC	0	0	77.5	51.70	25.80	Inf	Glu	97.9	high confidence set
Chr1	11	7457418	7457489	Gln	CTG	0	0	71.8	47.10	24.70	Inf	Gln	103.5	high confidence set
Chr1	12	7764276	7764347	Thr	GGT	0	0	61.4	29.40	32.00	Inf	Thr	73.1	unexpected anticodon
Chr1	13	12111058	12111129	His	GTG	0	0	63.0	33.70	29.30	Inf	His	87.1	high confidence set
Chr1	14	13331384	13331457	Asn	GTT	0	0	84.5	59.40	25.10	Inf	Asn	95.9	high confidence set
Chr1	15	13336407	13336480	Asn	GTT	0	0	84.5	59.40	25.10	Inf	Asn	95.9	high confidence set
Chr1	16	14454630	14454702	Ala	CGC	0	0	68.2	44.00	24.20	Inf	Ala	95.8	high confidence set
Chr1	17	15855254	15855327	Asn	GTT	0	0	84.5	59.40	25.10	Inf	Asn	95.9	high confidence set
Chr1	18	18689348	18689419	Asn	GTT	0	0	76.1	53.10	23.00	Inf	Asn	83.1	high confidence set
Chr1	19	24373570	24373640	Gly	GCC	0	0	66.5	44.80	21.70	Inf	Gly	94.4	high confidence set
Chr1	20	27239957	27240029	Arg	ACG	0	0	72.0	49.70	22.30	Inf	Arg	93.9	high confidence set
Chr1	21	28130392	28130464	Glu	CTC	0	0	71.9	46.10	25.80	Inf	Glu	92.1	high confidence set
Chr1	22	30107880	30107952	Val	TAC	0	0	71.2	38.40	32.80	Inf	Val	101.5	high confidence set
Chr1	23	30210432	30210504	Phe	GAA	0	0	78.3	58.40	19.90	Inf	Phe	113.2	high confidence set
Chr1	24	30223246	30223318	Lys	CTT	0	0	86.8	66.60	20.20	Inf	Lys	107.7	high confidence set
Chr1	25	31132894	31132963	Lys	CTT	0	0	67.7	54.90	12.80	Inf	Lys	90.2	high confidence set
Chr1	26	31523663	31523735	Arg	ACG	0	0	72.0	49.70	22.30	Inf	Arg	93.9	high confidence set
Chr1	27	32339271	32339344	Thr	AGT	0	0	75.0	46.80	28.20	Inf	Thr	89.8	high confidence set
Chr1	28	32339838	32339909	Gln	CTG	0	0	70.8	46.70	24.10	Inf	Gln	103.5	high confidence set
Chr1	29	32457116	32457200	Met	CAT	32457154	32457164	64.2	40.80	23.40	Inf	Met	104.0	high confidence set
Chr1	30	32457933	32458017	Met	CAT	32457971	32457981	64.3	40.80	23.50	Inf	Met	104.0	high confidence set
Chr1	32	33517624	33517696	Phe	GAA	0	0	68.7	44.80	23.90	Inf	Tyr	76.6	IPD:-5.10,isotype mismatch
Chr1	35	33563582	33563654	Thr	TGT	0	0	65.7	46.40	19.30	Inf	Thr	80.1	high confidence set
Chr1	37	33589082	33589159	Arg	ACG	0	0	57.0	44.90	12.10	Inf	Ile	73.7	IPD:-23.30,isotype mismatch
Chr1	38	34942529	34942602	Ile	AAT	0	0	79.3	55.80	23.50	Inf	Ile	104.3	high confidence set
Chr1	39	35485010	35485081	Gly	TCC	0	0	73.9	46.20	27.70	Inf	Gly	85.6	high confidence set
Chr1	40	36016463	36016535	Arg	CCG	0	0	69.2	46.20	23.00	Inf	Arg	75.5	high confidence set
Chr1	41	36115211	36115283	Lys	CTT	0	0	86.8	66.60	20.20	Inf	Lys	107.7	high confidence set
Chr1	43	38735461	38735534	Val	CAC	0	0	79.3	48.30	31.00	Inf	Val	104.5	high confidence set
Chr1	44	39247233	39247306	Ile	AAT	0	0	79.3	55.80	23.50	Inf	Ile	104.3	high confidence set
Chr1	45	40648568	40648639	Lys	TTT	0	0	91.9	68.20	23.70	Inf	Lys	98.4	high confidence set
Chr1	46	40798839	40798919	Leu	AAG	0	0	74.0	52.20	21.80	Inf	Leu	110.4	high confidence set
Chr1	47	42300401	42300473	Ala	TGC	0	0	70.0	45.30	24.70	Inf	Ala	100.6	high confidence set
Chr1	48	42625384	42625463	Leu	TAG	0	0	69.5	48.50	21.00	Inf	Leu	111.5	high confidence set
Chr1	49	42734196	42734278	Leu	TAA	0	0	71.0	38.50	32.50	Inf	Leu	97.2	high confidence set
Chr1	50	43020724	43020797	Val	AAC	0	0	72.2	47.80	24.40	Inf	Val	98.2	high confidence set
Chr1	51	43143507	43143580	Arg	TCG	0	0	81.9	60.40	21.50	Inf	Arg	92.9	high confidence set
Chr1	52	43199603	43199675	Lys	CTT	0	0	86.8	66.60	20.20	Inf	Lys	107.7	high confidence set
Chr1	53	43025714	43025641	Ile	AAT	0	0	79.3	55.80	23.50	Inf	Ile	104.3	high confidence set
Chr1	55	42634572	42634501	Cys	GCA	0	0	78.4	49.90	28.50	Inf	Cys	102.6	high confidence set
Chr1	56	42357222	42357150	Arg	TCT	0	0	68.5	50.60	17.90	Inf	Arg	98.8	high confidence set
Chr1	57	42318238	42318166	Phe	GAA	0	0	78.3	58.40	19.90	Inf	Phe	113.2	high confidence set
Chr1	59	40793842	40793762	Leu	AAG	0	0	74.0	52.20	21.80	Inf	Leu	110.4	high confidence set
Chr1	60	40624915	40624843	Phe	GAA	0	0	78.3	58.40	19.90	Inf	Phe	113.2	high confidence set
Chr1	61	40086126	40086054	Ala	AGC	0	0	63.4	38.20	25.20	Inf	Ala	98.3	high confidence set
Chr1	62	38495656	38495583	Ile	TAT	0	0	85.0	69.70	15.30	Inf	Ile	102.3	high confidence set
Chr1	63	38430465	38430384	Ser	AGA	0	0	80.3	44.00	36.30	Inf	Ser	115.3	high confidence set
Chr1	64	38133381	38133308	Val	AAC	0	0	72.2	47.80	24.40	Inf	Val	98.2	high confidence set
Chr1	65	37693662	37693591	Gln	TTG	0	0	76.5	56.50	20.00	Inf	Gln	106.0	high confidence set
Chr1	66	37314856	37314777	Leu	TAG	0	0	69.5	48.50	21.00	Inf	Leu	111.5	high confidence set
Chr1	68	36427957	36427884	Val	CAC	0	0	72.9	38.90	34.00	Inf	Val	90.7	high confidence set
Chr1	69	35801584	35801512	Glu	CTC	0	0	77.5	51.70	25.80	Inf	Glu	97.9	high confidence set
Chr1	70	35798524	35798452	Glu	CTC	0	0	67.1	45.60	21.50	Inf	Glu	89.2	high confidence set
Chr1	71	35264278	35264198	Leu	AAG	0	0	74.0	52.20	21.80	Inf	Leu	110.4	high confidence set
Chr1	72	33589483	33589412	Asn	GTT	0	0	76.1	53.10	23.00	Inf	Asn	83.1	high confidence set
Chr1	75	33561948	33561876	Phe	GAA	0	0	68.7	44.80	23.90	Inf	Tyr	76.6	IPD:-5.10,isotype mismatch
Chr1	78	33505817	33505734	Tyr	GTA	0	0	56.6	30.20	26.40	Inf	Tyr	72.5	high confidence set
Chr1	80	33153224	33153153	Asp	GTC	0	0	69.8	46.80	23.00	Inf	Asp	95.8	high confidence set
Chr1	81	31983142	31983057	Tyr	GTA	31983105	31983093	74.5	42.90	31.60	Inf	Tyr	111.8	high confidence set
Chr1	82	31107787	31107715	Phe	GAA	0	0	66.9	56.10	10.80	Inf	Phe	100.8	high confidence set
Chr1	83	30735272	30735201	Asp	GTC	0	0	69.8	46.80	23.00	Inf	Asp	95.8	high confidence set
Chr1	84	29903897	29903827	Gly	CCC	0	0	57.0	26.10	30.90	Inf	Gly	79.0	high confidence set
Chr1	85	29877618	29877548	Gly	CCC	0	0	66.3	29.50	36.80	Inf	Gly	89.7	high confidence set
Chr1	86	28144601	28144530	Asp	GTC	0	0	69.8	46.80	23.00	Inf	Asp	95.8	high confidence set
Chr1	87	27749297	27749216	Ser	CGA	0	0	78.9	46.60	32.30	Inf	Ser	122.0	high confidence set
Chr1	88	26041126	26041053	Ile	AAT	0	0	79.3	55.80	23.50	Inf	Ile	104.3	high confidence set
Chr1	89	25329903	25329831	Arg	CCT	0	0	74.8	55.90	18.90	Inf	Arg	84.6	high confidence set
Chr1	92	18997543	18997470	Trp	CCA	0	0	70.8	41.30	29.50	Inf	Thr	73.8	IPD:-19.60,isotype mismatch
Chr1	93	14797428	14797348	Leu	AAG	0	0	74.0	52.20	21.80	Inf	Leu	110.4	high confidence set
Chr1	94	7813944	7813871	Ile	TAT	0	0	85.9	70.60	15.30	Inf	Ile	103.9	high confidence set
Chr1	97	3516760	3516689	Cys	GCA	0	0	81.7	56.10	25.60	Inf	Cys	104.3	high confidence set
Chr1	98	2391103	2391023	Leu	CAG	0	0	69.5	46.80	22.70	Inf	Leu	109.7	high confidence set
Chr1	99	1865307	1865235	Phe	GAA	0	0	78.3	58.40	19.90	Inf	Phe	113.2	high confidence set
Chr2	1	780010	780081	iMet	CAT	0	0	58.3	28.10	30.20	Inf	iMet	118.7	high confidence set
Chr2	2	816461	816538	Cys	ACA	0	0	55.9	43.90	12.00	Inf	Ile	72.6	IPD:-32.60,isotype mismatch
Chr2	3	895879	895951	Ala	CGC	0	0	68.3	44.10	24.20	Inf	Ala	99.2	high confidence set
Chr2	5	1079703	1079784	Ser	GCT	0	0	79.0	43.10	35.90	Inf	Ser	108.6	high confidence set
Chr2	6	3623227	3623300	Asp	GTC	0	0	58.1	46.20	11.90	Inf	Asp	85.7	high confidence set
Chr2	7	5569897	5569977	Leu	AAG	0	0	64.8	43.40	21.40	Inf	Leu	101.9	high confidence set
Chr2	8	5610556	5610626	Gly	CCC	0	0	65.4	28.10	37.30	Inf	Gly	85.4	high confidence set
Chr2	9	7622399	7622470	Gln	CTG	0	0	72.9	48.70	24.20	Inf	Gln	103.4	high confidence set
Chr2	10	9400413	9400484	Lys	TTT	0	0	91.9	68.20	23.70	Inf	Lys	98.4	high confidence set
Chr2	12	14278430	14278500	Cys	GCA	0	0	64.2	37.80	26.40	Inf	Cys	77.6	high confidence set
Chr2	15	14288621	14288708	Ser	GCT	0	0	69.2	39.20	30.00	Inf	Ser	84.1	high confidence set
Chr2	16	20770286	20770357	Gln	TTG	0	0	76.2	56.20	20.00	Inf	Gln	105.4	high confidence set
Chr2	17	21001727	21001799	Phe	GAA	0	0	78.3	58.40	19.90	Inf	Phe	113.2	high confidence set
Chr2	18	21447550	21447622	Ala	CGC	0	0	68.2	44.00	24.20	Inf	Ala	95.8	high confidence set
Chr2	19	22564187	22564260	Ile	AAT	0	0	79.3	55.80	23.50	Inf	Ile	104.3	high confidence set
Chr2	20	25506322	25506394	Phe	GAA	0	0	78.3	58.40	19.90	Inf	Phe	113.2	high confidence set
Chr2	21	25538502	25538574	Ala	TGC	0	0	70.0	45.30	24.70	Inf	Ala	100.6	high confidence set
Chr2	22	25800748	25800819	Pro	TGG	0	0	67.4	34.70	32.70	Inf	Pro	112.3	high confidence set
Chr2	23	27242850	27242921	Thr	CGT	0	0	80.5	54.30	26.20	Inf	Thr	87.3	high confidence set
Chr2	24	29074170	29074257	Ser	GCT	0	0	69.2	39.20	30.00	Inf	Ser	84.1	high confidence set
Chr2	25	29669578	29669649	Gln	CTG	0	0	75.3	51.20	24.10	Inf	Gln	103.1	high confidence set
Chr2	26	31316225	31316296	iMet	CAT	0	0	58.3	28.10	30.20	Inf	iMet	118.7	high confidence set
Chr2	27	31529343	31529414	Trp	CCA	0	0	75.8	51.20	24.60	Inf	Trp	105.6	high confidence set
Chr2	28	31853021	31853106	Tyr	GTA	31853058	31853070	74.5	42.90	31.60	Inf	Tyr	111.8	high confidence set
Chr2	29	32694396	32694483	Ser	GCT	0	0	69.2	39.20	30.00	Inf	Ser	84.1	high confidence set
Chr2	30	35413376	35413305	Cys	GCA	0	0	78.4	49.90	28.50	Inf	Cys	102.6	high confidence set
Chr2	31	35271437	35271354	Leu	CAA	0	0	78.6	55.60	23.00	Inf	Leu	123.0	high confidence set
Chr2	32	34836623	34836538	Met	CAT	34836585	34836574	64.2	40.70	23.50	Inf	Met	104.0	high confidence set
Chr2	33	33623019	33622947	Glu	CTC	0	0	77.5	51.70	25.80	Inf	Glu	97.9	high confidence set
Chr2	34	32252543	32252471	Ala	CGC	0	0	68.2	44.00	24.20	Inf	Ala	95.8	high confidence set
Chr2	35	30291008	30290937	iMet	CAT	0	0	57.2	27.00	30.20	Inf	iMet	115.0	high confidence set
Chr2	36	28238053	28237982	iMet	CAT	0	0	58.3	28.10	30.20	Inf	iMet	118.7	high confidence set
Chr2	37	26676899	26676827	Glu	CTC	0	0	77.9	52.50	25.40	Inf	Glu	99.8	high confidence set
Chr2	38	25583135	25583062	Thr	AGT	0	0	72.9	51.50	21.40	Inf	Thr	87.4	high confidence set
Chr2	39	25510545	25510474	Thr	TGT	0	0	79.3	49.30	30.00	Inf	Thr	92.3	high confidence set
Chr2	40	24717726	24717656	Gly	GCC	0	0	56.5	42.00	14.50	Inf	Gly	86.8	high confidence set
Chr2	41	23716278	23716197	Ser	AGA	0	0	80.3	44.00	36.30	Inf	Ser	115.3	high confidence set
Chr2	42	22263995	22263924	Trp	CCA	0	0	75.8	51.20	24.60	Inf	Trp	105.6	high confidence set
Chr2	43	22162763	22162683	Leu	CAG	0	0	69.5	46.80	22.70	Inf	Leu	109.7	high confidence set
Chr2	44	22076772	22076701	Trp	CCA	0	0	75.8	51.20	24.60	Inf	Trp	105.6	high confidence set
Chr2	45	21164947	21164866	Ser	AGA	0	0	80.3	44.00	36.30	Inf	Ser	115.3	high confidence set
Chr2	46	21043071	21042999	Ala	TGC	0	0	70.0	45.30	24.70	Inf	Ala	100.6	high confidence set
Chr2	47	19714950	19714871	Leu	TAG	0	0	68.5	49.30	19.20	Inf	Leu	102.9	high confidence set
Chr2	48	19640145	19640074	Cys	GCA	0	0	78.8	53.70	25.10	Inf	Cys	104.9	high confidence set
Chr2	49	18956298	18956218	Leu	AAG	0	0	74.0	52.20	21.80	Inf	Leu	110.4	high confidence set
Chr2	50	15663451	15663381	Gly	GCC	0	0	66.5	44.80	21.70	Inf	Gly	94.4	high confidence set
Chr2	51	15510314	15510243	His	GTG	0	0	63.3	34.30	29.00	Inf	His	87.6	high confidence set
Chr2	53	14281476	14281405	Thr	GGT	0	0	61.4	29.40	32.00	Inf	Thr	73.1	unexpected anticodon
Chr2	58	10270912	10270831	Ser	CGA	0	0	80.3	44.90	35.40	Inf	Ser	121.9	high confidence set
Chr2	59	9613958	9613887	iMet	CAT	0	0	58.3	28.10	30.20	Inf	iMet	118.7	high confidence set
Chr2	60	9598080	9598009	iMet	CAT	0	0	58.3	28.10	30.20	Inf	iMet	118.7	high confidence set
Chr2	61	8534227	8534156	Gln	TTG	0	0	72.6	52.30	20.30	Inf	Gln	105.5	high confidence set
Chr2	62	8532363	8532292	Gln	TTG	0	0	68.8	48.60	20.20	Inf	Gln	100.0	high confidence set
Chr2	63	8530208	8530137	Gln	TTG	0	0	72.0	50.00	22.00	Inf	Gln	104.2	high confidence set
Chr2	64	8528679	8528608	Gln	TTG	0	0	72.0	50.00	22.00	Inf	Gln	104.2	high confidence set
Chr2	65	8527253	8527182	Gln	TTG	0	0	71.6	51.30	20.30	Inf	Gln	105.0	high confidence set
Chr2	66	8526170	8526099	Gln	TTG	0	0	58.4	45.20	13.20	Inf	Gln	93.3	high confidence set
Chr2	67	8524217	8524146	Gln	TTG	0	0	71.6	51.30	20.30	Inf	Gln	105.0	high confidence set
Chr2	68	8519985	8519914	Gln	TTG	0	0	72.0	50.00	22.00	Inf	Gln	104.2	high confidence set
Chr2	69	6155849	6155779	Gly	GCC	0	0	66.5	44.80	21.70	Inf	Gly	94.4	high confidence set
Chr2	70	5215286	5215214	Glu	CTC	0	0	77.5	51.70	25.80	Inf	Glu	97.9	high confidence set
Chr2	71	4554976	4554895	Ser	AGA	0	0	79.6	43.50	36.10	Inf	Ser	114.9	high confidence set
Chr2	72	4371951	4371879	Glu	CTC	0	0	77.5	51.70	25.80	Inf	Glu	97.9	high confidence set
Chr2	73	1480637	1480556	Ser	GCT	0	0	79.0	43.10	35.90	Inf	Ser	108.6	high confidence set
Chr3	1	2139386	2139456	Gly	GCC	0	0	66.5	44.80	21.70	Inf	Gly	94.4	high confidence set
Chr3	2	3124580	3124663	Leu	CAA	0	0	78.6	55.60	23.00	Inf	Leu	123.0	high confidence set
Chr3	3	4701634	4701718	Tyr	GTA	4701671	4701682	74.5	43.00	31.50	Inf	Tyr	111.8	high confidence set
Chr3	4	4767390	4767462	Arg	ACG	0	0	71.7	49.10	22.60	Inf	Arg	91.4	high confidence set
Chr3	5	6541643	6541712	Gly	CCC	0	0	53.0	23.20	29.80	Inf	Gly	79.7	high confidence set
Chr3	6	9603734	9603807	Arg	TCG	0	0	81.9	60.40	21.50	Inf	Arg	92.9	high confidence set
Chr3	7	10210337	10210408	His	GTG	0	0	63.0	33.70	29.30	Inf	His	87.1	high confidence set
Chr3	8	10391336	10391406	Gly	GCC	0	0	66.5	44.80	21.70	Inf	Gly	94.4	high confidence set
Chr3	9	11481697	11481769	Ala	CGC	0	0	68.3	44.10	24.20	Inf	Ala	99.2	high confidence set
Chr3	10	12565083	12565153	Gly	CCC	0	0	66.3	29.50	36.80	Inf	Gly	89.7	high confidence set
Chr3	11	12630468	12630549	Ser	TGA	0	0	70.8	37.30	33.50	Inf	Ser	107.6	high confidence set
Chr3	12	12822203	12822275	Ala	AGC	0	0	57.7	32.60	25.10	Inf	Ala	93.3	high confidence set
Chr3	13	13003076	13003147	iMet	CAT	0	0	58.3	28.10	30.20	Inf	iMet	118.7	high confidence set
Chr3	14	13023793	13023866	Asn	GTT	0	0	78.6	53.20	25.40	Inf	Asn	91.1	high confidence set
Chr3	17	14033689	14033760	Asn	GTT	0	0	76.1	53.10	23.00	Inf	Asn	83.1	high confidence set
Chr3	18	14942419	14942499	Leu	CAG	0	0	69.5	46.80	22.70	Inf	Leu	109.7	high confidence set
Chr3	19	15201514	15201585	Trp	CCA	0	0	75.8	51.20	24.60	Inf	Trp	105.6	high confidence set
Chr3	20	16878980	16879052	Lys	CTT	0	0	86.8	66.60	20.20	Inf	Lys	107.7	high confidence set
Chr3	21	17204627	17204698	Asp	GTC	0	0	69.8	46.80	23.00	Inf	Asp	95.8	high confidence set
Chr3	22	22380315	22380386	Asp	GTC	0	0	69.8	46.80	23.00	Inf	Asp	95.8	high confidence set
Chr3	23	22608657	22608729	Arg	ACG	0	0	71.7	49.10	22.60	Inf	Arg	91.4	high confidence set
Chr3	24	23552633	23552718	Tyr	GTA	23552670	23552682	74.5	43.00	31.50	Inf	Tyr	111.8	high confidence set
Chr3	25	25619141	25619211	Gly	GCC	0	0	66.5	44.80	21.70	Inf	Gly	94.4	high confidence set
Chr3	27	26459090	26459161	Gln	CTG	0	0	72.9	48.70	24.20	Inf	Gln	103.4	high confidence set
Chr3	28	29935099	29935172	Val	CAC	0	0	79.3	48.30	31.00	Inf	Val	104.5	high confidence set
Chr3	29	31206760	31206832	Arg	ACG	0	0	72.0	49.70	22.30	Inf	Arg	93.9	high confidence set
Chr3	30	31816533	31816610	Arg	ACG	0	0	57.0	44.90	12.10	Inf	Ile	73.7	IPD:-23.30,isotype mismatch
Chr3	32	32043576	32043647	Gln	CTG	0	0	67.2	50.20	17.00	Inf	Gln	97.9	high confidence set
Chr3	33	32789415	32789486	Cys	GCA	0	0	81.7	56.10	25.60	Inf	Cys	104.3	high confidence set
Chr3	34	32969221	32969291	Gly	GCC	0	0	66.5	44.80	21.70	Inf	Gly	94.4	high confidence set
Chr3	35	33916353	33916443	Met	CAT	33916391	33916407	64.0	40.60	23.40	Inf	Met	104.0	high confidence set
Chr3	36	34176839	34176922	Leu	CAA	0	0	78.6	55.60	23.00	Inf	Leu	123.0	high confidence set
Chr3	37	35059273	35059345	Glu	CTC	0	0	77.8	52.00	25.80	Inf	Glu	99.3	high confidence set
Chr3	40	35428586	35428505	Ser	AGA	0	0	80.3	44.00	36.30	Inf	Ser	115.3	high confidence set
Chr3	41	35360647	35360566	Ser	CGA	0	0	78.9	46.60	32.30	Inf	Ser	122.0	high confidence set
Chr3	42	35334865	35334792	Val	AAC	0	0	73.2	49.00	24.20	Inf	Val	95.8	high confidence set
Chr3	43	35218839	35218768	Gln	TTG	0	0	76.2	56.20	20.00	Inf	Gln	105.4	high confidence set
Chr3	45	34382483	34382411	Glu	CTC	0	0	69.3	44.00	25.30	Inf	Glu	90.2	high confidence set
Chr3	46	32440438	32440365	Val	AAC	0	0	72.2	47.80	24.40	Inf	Val	98.2	high confidence set
Chr3	47	32439503	32439430	Val	AAC	0	0	57.6	41.10	16.50	Inf	Val	86.5	high confidence set
Chr3	48	32438539	32438466	Val	AAC	0	0	69.9	47.70	22.20	Inf	Val	95.4	high confidence set
Chr3	49	32410509	32410437	Ala	AGC	0	0	63.4	38.20	25.20	Inf	Ala	98.3	high confidence set
Chr3	50	32092112	32092039	Thr	AGT	0	0	75.0	46.80	28.20	Inf	Thr	89.8	high confidence set
Chr3	51	31850558	31850485	Glu	TTC	0	0	64.3	38.20	26.10	Inf	Glu	90.4	high confidence set
Chr3	52	31816934	31816863	Asn	GTT	0	0	76.1	53.10	23.00	Inf	Asn	83.1	high confidence set
Chr3	53	29426133	29426061	Arg	CCT	0	0	72.1	46.80	25.30	Inf	Thr	78.8	IPD:-1.80,isotype mismatch
Chr3	55	26526361	26526287	Thr	GGT	0	0	59.2	34.40	24.80	Inf	Thr	75.9	unexpected anticodon
Chr3	56	26456857	26456785	Arg	CCT	0	0	74.8	55.90	18.90	Inf	Arg	84.6	high confidence set
Chr3	58	22822081	22822010	Pro	CGG	0	0	66.4	31.80	34.60	Inf	Pro	103.2	high confidence set
Chr3	59	15588005	15587919	Met	CAT	15587967	15587955	64.2	40.70	23.50	Inf	Met	104.0	high confidence set
Chr3	60	15207658	15207586	Trp	CCA	0	0	56.3	33.80	22.50	Inf	Trp	86.9	high confidence set
Chr3	61	14871976	14871903	Ile	AAT	0	0	79.3	55.80	23.50	Inf	Ile	104.3	high confidence set
Chr3	62	14337010	14336938	Ala	AGC	0	0	63.4	38.20	25.20	Inf	Ala	98.3	high confidence set
Chr3	63	14034090	14034013	Arg	ACG	0	0	57.0	44.90	12.10	Inf	Ile	73.7	IPD:-23.30,isotype mismatch
Chr3	64	13185071	13185000	Pro	TGG	0	0	68.5	35.70	32.80	Inf	Pro	111.2	high confidence set
Chr3	65	11549716	11549644	Glu	CTC	0	0	77.5	51.70	25.80	Inf	Glu	97.9	high confidence set
Chr3	66	11235510	11235439	Gly	TCC	0	0	73.9	46.20	27.70	Inf	Gly	85.6	high confidence set
Chr3	67	10752304	10752232	Ala	AGC	0	0	63.4	38.20	25.20	Inf	Ala	98.3	high confidence set
Chr3	68	10467018	10466938	Leu	AAG	0	0	74.0	52.20	21.80	Inf	Leu	110.4	high confidence set
Chr3	69	10366068	10365997	iMet	CAT	0	0	58.3	28.10	30.20	Inf	iMet	118.7	high confidence set
Chr3	70	6885323	6885250	Thr	AGT	0	0	75.0	46.80	28.20	Inf	Thr	89.8	high confidence set
Chr3	71	6782589	6782517	Arg	CCT	0	0	74.8	55.90	18.90	Inf	Arg	87.5	high confidence set
Chr3	72	6684066	6683993	Glu	TTC	0	0	64.1	37.70	26.40	Inf	Glu	91.0	high confidence set
Chr3	73	6285583	6285512	Thr	TGT	0	0	79.3	49.30	30.00	Inf	Thr	92.3	high confidence set
Chr3	74	5490789	5490718	iMet	CAT	0	0	58.3	28.10	30.20	Inf	iMet	118.7	high confidence set
Chr3	75	4766493	4766422	Asp	GTC	0	0	69.8	46.80	23.00	Inf	Asp	95.8	high confidence set
Chr3	76	2607691	2607621	Gly	GCC	0	0	66.5	44.80	21.70	Inf	Gly	94.4	high confidence set
Chr3	77	1567533	1567460	Asn	GTT	0	0	80.2	54.40	25.80	Inf	Asn	90.7	high confidence set
Chr3	78	1444325	1444254	His	GTG	0	0	63.0	33.70	29.30	Inf	His	87.1	high confidence set
Chr3	79	624716	624645	Thr	TGT	0	0	84.5	58.50	26.00	Inf	Thr	95.0	high confidence set
Chr3	80	527438	527365	Asn	GTT	0	0	84.5	59.40	25.10	Inf	Asn	95.9	high confidence set
Chr4	2	8213892	8213963	Asp	GTC	0	0	69.8	46.80	23.00	Inf	Asp	95.8	high confidence set
Chr4	4	9101774	9101851	Arg	ACG	0	0	57.0	44.90	12.10	Inf	Ile	73.7	IPD:-23.30,isotype mismatch
Chr4	5	9113318	9113404	Ser	GGA	0	0	62.4	32.70	29.70	Inf	Ser	81.3	unexpected anticodon
Chr4	6	9133814	9133900	Ser	GGA	0	0	62.4	32.70	29.70	Inf	Ser	81.3	unexpected anticodon
Chr4	12	9182516	9182587	Thr	GGT	0	0	61.4	29.40	32.00	Inf	Thr	73.1	unexpected anticodon
Chr4	17	9210048	9210125	Arg	ACG	0	0	57.0	44.90	12.10	Inf	Ile	73.7	IPD:-23.30,isotype mismatch
Chr4	19	11739049	11739122	Val	AAC	0	0	73.2	49.00	24.20	Inf	Val	95.8	high confidence set
Chr4	20	18498769	18498841	Ala	AGC	0	0	63.4	38.20	25.20	Inf	Ala	98.3	high confidence set
Chr4	21	19247300	19247371	Gly	TCC	0	0	74.1	46.70	27.40	Inf	Gly	84.2	high confidence set
Chr4	22	19711719	19711799	Leu	AAG	0	0	74.0	52.20	21.80	Inf	Leu	110.4	high confidence set
Chr4	24	21747808	21747880	Phe	GAA	0	0	78.3	58.40	19.90	Inf	Phe	113.2	high confidence set
Chr4	25	22077953	22078025	Lys	TTT	0	0	88.7	64.40	24.30	Inf	Lys	93.7	high confidence set
Chr4	26	22209942	22210014	Ala	CGC	0	0	68.2	44.00	24.20	Inf	Ala	95.8	high confidence set
Chr4	27	22794897	22794969	Arg	ACG	0	0	71.7	49.10	22.60	Inf	Arg	91.4	high confidence set
Chr4	28	23465867	23465940	Ile	AAT	0	0	79.3	55.80	23.50	Inf	Ile	104.3	high confidence set
Chr4	29	23640193	23640264	Asn	GTT	0	0	71.4	54.20	17.20	Inf	Asn	76.2	high confidence set
Chr4	32	25832795	25832867	Arg	CCG	0	0	68.0	51.50	16.50	Inf	Arg	95.2	high confidence set
Chr4	33	26312424	26312496	Phe	GAA	0	0	75.9	55.90	20.00	Inf	Phe	109.4	high confidence set
Chr4	34	26356435	26356507	Ala	TGC	0	0	70.0	45.30	24.70	Inf	Ala	100.6	high confidence set
Chr4	36	27014812	27014883	Pro	CGG	0	0	68.5	36.10	32.40	Inf	Pro	108.5	high confidence set
Chr4	37	27856525	27856596	Cys	GCA	0	0	82.1	59.90	22.20	Inf	Cys	106.6	high confidence set
Chr4	38	28303297	28303368	Thr	CGT	0	0	80.5	54.30	26.20	Inf	Thr	87.3	high confidence set
Chr4	39	29960309	29960395	Met	CAT	29960347	29960359	64.2	40.70	23.50	Inf	Met	104.0	high confidence set
Chr4	40	31442704	31442777	Val	AAC	0	0	72.9	48.60	24.30	Inf	Val	93.8	high confidence set
Chr4	41	35471593	35471673	Leu	AAG	0	0	67.1	52.30	14.80	Inf	Leu	99.3	high confidence set
Chr4	42	35336192	35336121	Gln	TTG	0	0	76.5	56.50	20.00	Inf	Gln	106.0	high confidence set
Chr4	43	35086763	35086678	Tyr	GTA	35086726	35086714	74.5	42.90	31.60	Inf	Tyr	111.8	high confidence set
Chr4	44	34235885	34235813	Ala	CGC	0	0	58.3	40.80	17.50	Inf	Ala	89.9	high confidence set
Chr4	46	32747087	32747014	Glu	TTC	0	0	64.1	37.70	26.40	Inf	Glu	91.0	high confidence set
Chr4	47	32413651	32413580	Trp	CCA	0	0	75.8	51.20	24.60	Inf	Trp	105.6	high confidence set
Chr4	48	31409937	31409853	Tyr	GTA	31409900	31409889	74.5	43.00	31.50	Inf	Tyr	111.8	high confidence set
Chr4	49	31398455	31398383	Arg	CCG	0	0	66.0	50.50	15.50	Inf	Arg	94.3	high confidence set
Chr4	50	30984437	30984365	Ala	CGC	0	0	68.3	44.10	24.20	Inf	Ala	99.2	high confidence set
Chr4	51	28703557	28703485	Val	TAC	0	0	71.2	38.40	32.80	Inf	Val	101.5	high confidence set
Chr4	52	27671809	27671737	Glu	CTC	0	0	71.9	49.90	22.00	Inf	Glu	92.3	high confidence set
Chr4	54	25573150	25573080	Gly	GCC	0	0	66.5	44.80	21.70	Inf	Gly	94.4	high confidence set
Chr4	55	25554327	25554254	Ile	AAT	0	0	79.3	55.80	23.50	Inf	Ile	104.3	high confidence set
Chr4	56	25059726	25059653	Ile	AAT	0	0	79.3	55.80	23.50	Inf	Ile	104.3	high confidence set
Chr4	57	24840913	24840840	Val	CAC	0	0	79.3	48.30	31.00	Inf	Val	104.5	high confidence set
Chr4	58	24471282	24471200	Leu	TAA	0	0	71.9	38.80	33.10	Inf	Leu	98.7	high confidence set
Chr4	60	23001811	23001740	Trp	CCA	0	0	75.8	51.20	24.60	Inf	Trp	105.6	high confidence set
Chr4	61	22864470	22864399	Trp	CCA	0	0	69.2	49.70	19.50	Inf	Trp	98.9	high confidence set
Chr4	62	22086387	22086306	Ser	AGA	0	0	64.3	35.30	29.00	Inf	Ser	104.5	high confidence set
Chr4	63	20437019	20436940	Leu	TAG	0	0	71.1	47.90	23.20	Inf	Leu	112.2	high confidence set
Chr4	64	20390455	20390384	Cys	GCA	0	0	78.8	53.70	25.10	Inf	Cys	104.9	high confidence set
Chr4	65	12325910	12325839	His	GTG	0	0	63.0	33.70	29.30	Inf	His	87.1	high confidence set
Chr4	66	11052175	11052104	Thr	GGT	0	0	61.4	29.40	32.00	Inf	Thr	73.1	unexpected anticodon
Chr4	68	9185610	9185540	Cys	GCA	0	0	64.2	37.80	26.40	Inf	Cys	77.6	high confidence set
Chr4	71	9175439	9175352	Ser	GCT	0	0	69.2	39.20	30.00	Inf	Ser	84.1	high confidence set
Chr4	77	9135164	9135092	Thr	TGT	0	0	65.7	46.40	19.30	Inf	Thr	80.1	high confidence set
Chr4	78	9125329	9125258	Arg	TCT	0	0	58.3	25.60	32.70	Inf	Gln	70.8	IPD:-24.50,isotype mismatch
Chr4	79	9114667	9114595	Thr	TGT	0	0	65.7	46.40	19.30	Inf	Thr	80.1	high confidence set
Chr4	80	9102175	9102104	Asn	GTT	0	0	76.1	53.10	23.00	Inf	Asn	83.1	high confidence set
Chr5	1	419842	419913	Cys	GCA	0	0	78.4	49.90	28.50	Inf	Cys	102.6	high confidence set
Chr5	2	420865	420944	Leu	TAG	0	0	69.5	48.50	21.00	Inf	Leu	111.5	high confidence set
Chr5	3	921863	921936	Arg	TCG	0	0	76.2	54.70	21.50	Inf	Arg	86.7	high confidence set
Chr5	4	3652014	3652087	Arg	TCG	0	0	81.9	60.40	21.50	Inf	Arg	92.9	high confidence set
Chr5	5	3871972	3872053	Ser	TGA	0	0	80.7	46.10	34.60	Inf	Ser	119.7	high confidence set
Chr5	6	4262325	4262396	Pro	AGG	0	0	67.4	34.70	32.70	Inf	Pro	112.3	high confidence set
Chr5	7	8572418	8572489	Gln	CTG	0	0	71.8	47.10	24.70	Inf	Gln	103.5	high confidence set
Chr5	10	20593189	20593262	Ile	TAT	0	0	85.9	70.60	15.30	Inf	Ile	103.9	high confidence set
Chr5	11	20633001	20633082	Ser	AGA	0	0	80.3	44.00	36.30	Inf	Ser	115.3	high confidence set
Chr5	12	21690850	21690929	Leu	TAG	0	0	69.5	48.50	21.00	Inf	Leu	111.5	high confidence set
Chr5	13	22622878	22622951	Val	AAC	0	0	72.9	48.60	24.30	Inf	Val	93.8	high confidence set
Chr5	14	24206203	24206273	Gly	GCC	0	0	66.5	44.80	21.70	Inf	Gly	94.4	high confidence set
Chr5	15	24723802	24723873	Asp	GTC	0	0	69.8	46.80	23.00	Inf	Asp	95.8	high confidence set
Chr5	16	24727451	24727522	Asp	GTC	0	0	63.7	42.50	21.20	Inf	Asp	89.1	high confidence set
Chr5	17	24728845	24728916	Asp	GTC	0	0	69.8	46.80	23.00	Inf	Asp	95.8	high confidence set
Chr5	18	25319045	25319116	Asp	GTC	0	0	69.8	46.80	23.00	Inf	Asp	95.8	high confidence set
Chr5	19	25321058	25321129	Asp	GTC	0	0	69.8	46.80	23.00	Inf	Asp	95.8	high confidence set
Chr5	20	25346587	25346675	Met	CAT	25346625	25346639	64.1	40.60	23.50	Inf	Met	104.0	high confidence set
Chr5	21	25635335	25635407	Ala	AGC	0	0	63.4	38.20	25.20	Inf	Ala	98.3	high confidence set
Chr5	22	25917505	25917577	Phe	GAA	0	0	78.3	58.40	19.90	Inf	Phe	113.2	high confidence set
Chr5	23	26183556	26183627	Asp	GTC	0	0	56.6	45.70	10.90	Inf	Asp	83.8	high confidence set
Chr5	24	26634548	26634635	Met	CAT	26634586	26634599	64.1	40.70	23.40	Inf	Met	104.0	high confidence set
Chr5	25	27583894	27583965	Asp	GTC	0	0	69.8	46.80	23.00	Inf	Asp	95.8	high confidence set
Chr5	26	27865497	27865578	Ser	CGA	0	0	78.9	46.60	32.30	Inf	Ser	122.0	high confidence set
Chr5	27	28928283	28928355	Arg	CCT	0	0	74.8	55.90	18.90	Inf	Arg	84.6	high confidence set
Chr5	28	29345776	29345849	Val	AAC	0	0	73.2	49.00	24.20	Inf	Val	95.8	high confidence set
Chr5	29	29543769	29543699	Gly	GCC	0	0	66.5	44.80	21.70	Inf	Gly	94.4	high confidence set
Chr5	30	29341154	29341082	Val	TAC	0	0	71.2	38.40	32.80	Inf	Val	101.5	high confidence set
Chr5	31	28128340	28128268	Arg	ACG	0	0	53.7	35.10	18.60	Inf	Arg	77.2	high confidence set
Chr5	32	27605915	27605843	Glu	CTC	0	0	77.5	51.70	25.80	Inf	Glu	97.9	high confidence set
Chr5	33	26435964	26435892	Val	TAC	0	0	71.2	38.40	32.80	Inf	Val	101.5	high confidence set
Chr5	34	26413257	26413185	Lys	CTT	0	0	86.8	66.60	20.20	Inf	Lys	107.7	high confidence set
Chr5	35	25915841	25915769	Lys	CTT	0	0	86.8	66.60	20.20	Inf	Lys	107.7	high confidence set
Chr5	36	25587210	25587138	Arg	ACG	0	0	72.0	49.70	22.30	Inf	Arg	93.9	high confidence set
Chr5	37	23599877	23599804	Ile	AAT	0	0	79.3	55.80	23.50	Inf	Ile	104.3	high confidence set
Chr5	38	23142927	23142856	Gly	TCC	0	0	74.6	47.30	27.30	Inf	Gly	85.3	high confidence set
Chr5	39	22856813	22856741	Glu	CTC	0	0	71.9	51.60	20.30	Inf	Glu	92.3	high confidence set
Chr5	40	22621181	22621109	Arg	CCG	0	0	72.1	52.20	19.90	Inf	Arg	77.9	high confidence set
Chr5	41	22578193	22578121	Lys	TTT	0	0	79.5	65.00	14.50	Inf	Lys	100.3	high confidence set
Chr5	42	22487070	22486990	Leu	CAG	0	0	69.5	46.80	22.70	Inf	Leu	109.7	high confidence set
Chr5	43	20926413	20926332	Ser	CGA	0	0	78.9	46.60	32.30	Inf	Ser	122.0	high confidence set
Chr5	44	20753146	20753074	Arg	ACG	0	0	72.0	49.70	22.30	Inf	Arg	93.9	high confidence set
Chr5	46	19474520	19474448	Glu	CTC	0	0	77.5	51.70	25.80	Inf	Glu	97.9	high confidence set
Chr5	47	17879842	17879769	Asn	GTT	0	0	81.3	58.20	23.10	Inf	Asn	92.5	high confidence set
Chr5	48	17875841	17875768	Asn	GTT	0	0	84.8	60.00	24.80	Inf	Asn	98.7	high confidence set
Chr5	49	17697191	17697119	Glu	CTC	0	0	77.5	51.70	25.80	Inf	Glu	97.9	high confidence set
Chr5	50	16348370	16348298	Lys	CTT	0	0	86.8	66.60	20.20	Inf	Lys	107.7	high confidence set
Chr5	51	14197929	14197845	Tyr	GTA	14197892	14197881	74.5	43.00	31.50	Inf	Tyr	111.8	high confidence set
Chr5	55	4884002	4883932	Gly	GCC	0	0	66.5	44.80	21.70	Inf	Gly	94.4	high confidence set
Chr5	57	3300347	3300274	Asn	GTT	0	0	84.5	59.40	25.10	Inf	Asn	95.9	high confidence set
Chr5	58	3257481	3257408	Thr	AGT	0	0	76.0	48.40	27.60	Inf	Thr	90.6	high confidence set
Chr5	59	2575877	2575804	Asn	GTT	0	0	84.8	60.00	24.80	Inf	Asn	98.7	high confidence set
Chr5	60	935412	935340	Glu	CTC	0	0	77.5	51.70	25.80	Inf	Glu	97.9	high confidence set
Chr6	2	702340	702411	Asp	GTC	0	0	69.8	46.80	23.00	Inf	Asp	95.8	high confidence set
Chr6	4	2365636	2365706	Gly	GCC	0	0	66.5	44.80	21.70	Inf	Gly	94.4	high confidence set
Chr6	5	3145019	3145090	Pro	TGG	0	0	69.6	37.70	31.90	Inf	Pro	108.3	high confidence set
Chr6	6	5949225	5949298	Val	AAC	0	0	72.9	48.60	24.30	Inf	Val	93.8	high confidence set
Chr6	7	9343720	9343791	iMet	CAT	0	0	58.3	28.10	30.20	Inf	iMet	118.7	high confidence set
Chr6	9	23578657	23578730	Trp	CCA	0	0	72.0	42.50	29.50	Inf	Thr	75.4	IPD:-18.90,isotype mismatch
Chr6	10	25065720	25065800	Leu	CAG	0	0	69.5	46.80	22.70	Inf	Leu	109.7	high confidence set
Chr6	11	25176887	25176967	Leu	CAG	0	0	69.5	46.80	22.70	Inf	Leu	109.7	high confidence set
Chr6	12	26503975	26504056	Ser	AGA	0	0	79.6	43.50	36.10	Inf	Ser	114.9	high confidence set
Chr6	13	26710609	26710681	Glu	CTC	0	0	72.9	51.70	21.20	Inf	Glu	94.3	high confidence set
Chr6	15	29673838	29673909	His	GTG	0	0	63.0	33.70	29.30	Inf	His	87.1	high confidence set
Chr6	16	30521384	30521456	Ala	AGC	0	0	63.4	38.20	25.20	Inf	Ala	98.3	high confidence set
Chr6	17	30999240	30999311	Thr	CGT	0	0	82.2	57.60	24.60	Inf	Thr	90.2	high confidence set
Chr6	18	31093424	31093496	Ala	AGC	0	0	52.0	33.90	18.10	Inf	Ala	87.8	high confidence set
Chr6	19	31203892	31203821	Pro	TGG	0	0	69.2	36.90	32.30	Inf	Pro	112.8	high confidence set
Chr6	20	24198118	24198038	Leu	AAG	0	0	74.0	52.20	21.80	Inf	Leu	110.4	high confidence set
Chr6	21	23955097	23955014	Leu	CAA	0	0	78.6	55.60	23.00	Inf	Leu	123.0	high confidence set
Chr6	22	23862180	23862109	Pro	AGG	0	0	67.4	34.70	32.70	Inf	Pro	112.3	high confidence set
Chr6	24	23184356	23184286	Gly	GCC	0	0	66.5	44.80	21.70	Inf	Gly	94.4	high confidence set
Chr6	25	20907942	20907871	Gln	CTG	0	0	72.6	48.30	24.30	Inf	Gln	100.8	high confidence set
Chr6	26	17987461	17987390	Lys	TTT	0	0	91.9	68.20	23.70	Inf	Lys	98.4	high confidence set
Chr6	27	13327412	13327331	Ser	CGA	0	0	76.7	43.60	33.10	Inf	Ser	119.0	high confidence set
Chr6	28	12674841	12674770	Gln	CTG	0	0	75.3	51.20	24.10	Inf	Gln	103.1	high confidence set
Chr6	31	6450494	6450423	Trp	CCA	0	0	69.6	49.40	20.20	Inf	Trp	101.7	high confidence set
Chr6	32	5429150	5429069	Ser	GCT	0	0	79.0	43.10	35.90	Inf	Ser	108.6	high confidence set
Chr6	33	4610949	4610877	Lys	TTT	0	0	90.5	65.70	24.80	Inf	Lys	96.4	high confidence set
Chr6	34	3351248	3351176	Ala	AGC	0	0	63.4	38.20	25.20	Inf	Ala	98.3	high confidence set
Chr6	35	2035214	2035142	Ala	AGC	0	0	63.4	38.20	25.20	Inf	Ala	98.3	high confidence set
Chr6	36	818774	818703	Asp	GTC	0	0	69.8	46.80	23.00	Inf	Asp	95.8	high confidence set
Chr6	37	167312	167231	Ser	GCT	0	0	79.0	43.10	35.90	Inf	Ser	108.6	high confidence set
Chr6	38	148986	148915	Thr	CGT	0	0	80.5	54.30	26.20	Inf	Thr	87.3	high confidence set
Chr7	1	502656	502727	Asp	GTC	0	0	67.3	44.30	23.00	Inf	Asp	90.9	high confidence set
Chr7	2	1220492	1220565	Glu	TTC	0	0	54.8	34.80	20.00	Inf	Glu	82.2	high confidence set
Chr7	3	1806842	1806915	Thr	AGT	0	0	75.0	46.80	28.20	Inf	Thr	89.8	high confidence set
Chr7	4	2211376	2211465	Met	CAT	2211414	2211429	64.1	40.60	23.50	Inf	Met	104.0	high confidence set
Chr7	5	3268168	3268239	Cys	GCA	0	0	79.3	53.60	25.70	Inf	Cys	100.9	high confidence set
Chr7	7	3370200	3370271	Gly	TCC	0	0	73.9	46.20	27.70	Inf	Gly	85.6	high confidence set
Chr7	8	3660036	3660106	Gly	GCC	0	0	66.5	44.80	21.70	Inf	Gly	94.4	high confidence set
Chr7	9	3665825	3665895	Gly	GCC	0	0	58.8	37.00	21.80	Inf	Gly	88.4	high confidence set
Chr7	10	3989346	3989418	Phe	GAA	0	0	78.3	58.40	19.90	Inf	Phe	113.2	high confidence set
Chr7	11	6980235	6980318	Leu	CAA	0	0	78.6	55.60	23.00	Inf	Leu	123.0	high confidence set
Chr7	12	8281760	8281838	Glu	CTC	0	0	61.8	35.60	26.20	Inf	Glu	82.2	high confidence set
Chr7	13	13318323	13318404	Ser	GCT	0	0	79.0	43.10	35.90	Inf	Ser	108.6	high confidence set
Chr7	18	19290118	19290189	His	GTG	0	0	63.0	33.70	29.30	Inf	His	87.1	high confidence set
Chr7	19	25223188	25223269	Ser	GCT	0	0	79.0	43.10	35.90	Inf	Ser	108.6	high confidence set
Chr7	20	25225395	25225476	Ser	GCT	0	0	79.0	43.10	35.90	Inf	Ser	108.6	high confidence set
Chr7	22	26210822	26210895	Ile	AAT	0	0	79.3	55.80	23.50	Inf	Ile	104.3	high confidence set
Chr7	23	26333239	26333310	His	GTG	0	0	63.0	33.70	29.30	Inf	His	87.1	high confidence set
Chr7	24	26681254	26681326	Ala	AGC	0	0	63.4	38.20	25.20	Inf	Ala	98.3	high confidence set
Chr7	25	27988321	27988392	Pro	TGG	0	0	68.5	35.70	32.80	Inf	Pro	111.2	high confidence set
Chr7	26	28701219	28701300	Ser	TGA	0	0	78.3	44.40	33.90	Inf	Ser	115.8	high confidence set
Chr7	27	29493425	29493354	His	GTG	0	0	63.0	33.70	29.30	Inf	His	87.1	high confidence set
Chr7	28	29475697	29475627	Gly	GCC	0	0	56.6	39.10	17.50	Inf	Gly	85.7	high confidence set
Chr7	29	29213071	29212999	Ala	CGC	0	0	68.3	44.10	24.20	Inf	Ala	99.2	high confidence set
Chr7	30	28358473	28358403	Gly	CCC	0	0	66.3	29.50	36.80	Inf	Gly	89.7	high confidence set
Chr7	31	26138847	26138767	Leu	CAG	0	0	69.5	46.80	22.70	Inf	Leu	109.7	high confidence set
Chr7	32	26025034	26024963	Trp	CCA	0	0	75.8	51.20	24.60	Inf	Trp	105.6	high confidence set
Chr7	33	25224438	25224357	Ser	GCT	0	0	78.3	42.40	35.90	Inf	Ser	108.3	high confidence set
Chr7	34	24777074	24777003	Asp	GTC	0	0	69.8	46.80	23.00	Inf	Asp	95.8	high confidence set
Chr7	35	24599830	24599757	Asn	GTT	0	0	80.2	54.40	25.80	Inf	Asn	93.2	high confidence set
Chr7	36	22368449	22368378	Gly	TCC	0	0	73.9	46.20	27.70	Inf	Gly	85.6	high confidence set
Chr7	37	15866699	15866628	Pro	CGG	0	0	62.8	30.40	32.40	Inf	Pro	101.2	high confidence set
Chr7	41	9405740	9405659	Ser	AGA	0	0	80.3	44.00	36.30	Inf	Ser	115.3	high confidence set
Chr7	43	8202766	8202694	Glu	CTC	0	0	77.5	51.70	25.80	Inf	Glu	97.9	high confidence set
Chr8	2	1042313	1042384	Gly	TCC	0	0	73.9	46.20	27.70	Inf	Gly	85.6	high confidence set
Chr8	3	1043599	1043670	Gly	TCC	0	0	73.9	46.20	27.70	Inf	Gly	85.6	high confidence set
Chr8	4	4021481	4021554	Glu	TTC	0	0	64.1	37.70	26.40	Inf	Glu	91.0	high confidence set
Chr8	5	4062129	4062202	Glu	TTC	0	0	64.1	37.70	26.40	Inf	Glu	91.0	high confidence set
Chr8	6	4400957	4401028	Trp	CCA	0	0	75.8	51.20	24.60	Inf	Trp	105.6	high confidence set
Chr8	7	4419200	4419271	Trp	CCA	0	0	75.8	51.20	24.60	Inf	Trp	105.6	high confidence set
Chr8	8	4565971	4566051	Leu	AAG	0	0	74.0	52.20	21.80	Inf	Leu	110.4	high confidence set
Chr8	9	5849455	5849528	Val	AAC	0	0	72.9	48.60	24.30	Inf	Val	93.8	high confidence set
Chr8	10	5867785	5867857	Arg	CCG	0	0	66.0	50.50	15.50	Inf	Arg	94.3	high confidence set
Chr8	11	8879089	8879161	Arg	TCT	0	0	68.1	50.00	18.10	Inf	Arg	96.3	high confidence set
Chr8	12	9244396	9244467	Asn	GTT	0	0	76.1	53.10	23.00	Inf	Asn	83.1	high confidence set
Chr8	15	9279094	9279167	Pro	TGG	0	0	63.6	30.20	33.40	Inf	Trp	70.3	IPD:-10.80,isotype mismatch
Chr8	16	9279294	9279367	Trp	CCA	0	0	72.0	42.50	29.50	Inf	Thr	75.4	IPD:-18.90,isotype mismatch
Chr8	17	15202824	15202896	Arg	TCT	0	0	68.1	50.00	18.10	Inf	Arg	96.3	high confidence set
Chr8	18	18299468	18299539	Asp	GTC	0	0	60.3	46.80	13.50	Inf	Asp	84.6	high confidence set
Chr8	19	18370512	18370584	Ala	AGC	0	0	63.4	38.20	25.20	Inf	Ala	98.3	high confidence set
Chr8	20	18374846	18374918	Ala	AGC	0	0	63.4	38.20	25.20	Inf	Ala	98.3	high confidence set
Chr8	21	19460629	19460714	Tyr	GTA	19460666	19460678	74.5	42.90	31.60	Inf	Tyr	111.8	high confidence set
Chr8	22	19475022	19475107	Tyr	GTA	19475059	19475071	73.4	41.90	31.50	Inf	Tyr	111.2	high confidence set
Chr8	23	19635666	19635738	Lys	CTT	0	0	86.8	66.60	20.20	Inf	Lys	107.7	high confidence set
Chr8	24	19646542	19646614	Lys	CTT	0	0	86.8	66.60	20.20	Inf	Lys	107.7	high confidence set
Chr8	25	19878031	19878103	Lys	CTT	0	0	86.8	66.60	20.20	Inf	Lys	107.7	high confidence set
Chr8	26	22194244	22194316	Ala	CGC	0	0	68.2	44.00	24.20	Inf	Ala	95.8	high confidence set
Chr8	28	24468293	24468366	Ile	AAT	0	0	73.7	50.30	23.40	Inf	Ile	98.9	high confidence set
Chr8	29	25325664	25325736	Phe	GAA	0	0	67.8	54.30	13.50	Inf	Phe	104.3	high confidence set
Chr8	30	25952489	25952561	Glu	CTC	0	0	77.5	51.70	25.80	Inf	Glu	97.9	high confidence set
Chr8	31	26822260	26822333	Val	AAC	0	0	72.5	48.10	24.40	Inf	Val	100.2	high confidence set
Chr8	32	26824583	26824656	Val	AAC	0	0	72.5	48.10	24.40	Inf	Val	100.2	high confidence set
Chr8	33	26913632	26913712	Leu	AAG	0	0	74.0	52.20	21.80	Inf	Leu	110.4	high confidence set
Chr8	34	27071871	27071942	Thr	TGT	0	0	81.4	58.50	22.90	Inf	Thr	92.5	high confidence set
Chr8	35	27831294	27831366	Glu	CTC	0	0	77.5	51.70	25.80	Inf	Glu	97.9	high confidence set
Chr8	36	28003891	28003964	Val	CAC	0	0	79.3	48.30	31.00	Inf	Val	101.1	high confidence set
Chr8	37	28319445	28319365	Leu	AAG	0	0	71.5	51.30	20.20	Inf	Leu	104.4	high confidence set
Chr8	38	27955838	27955767	Pro	CGG	0	0	68.5	36.10	32.40	Inf	Pro	108.5	high confidence set
Chr8	39	27870452	27870380	Arg	CCG	0	0	66.0	50.50	15.50	Inf	Arg	94.3	high confidence set
Chr8	40	22794755	22794674	Ser	GCT	0	0	79.0	43.10	35.90	Inf	Ser	108.6	high confidence set
Chr8	41	21041145	21041072	Ile	AAT	0	0	79.3	55.80	23.50	Inf	Ile	104.3	high confidence set
Chr8	42	20558256	20558186	Gly	CCC	0	0	61.5	30.90	30.60	Inf	Gly	81.0	high confidence set
Chr8	43	19237275	19237205	Gly	GCC	0	0	66.5	44.80	21.70	Inf	Gly	94.4	high confidence set
Chr8	44	17196370	17196285	Tyr	GTA	17196333	17196321	74.5	43.00	31.50	Inf	Tyr	111.8	high confidence set
Chr8	47	9244797	9244720	Arg	ACG	0	0	57.0	44.90	12.10	Inf	Ile	73.7	IPD:-23.30,isotype mismatch
Chr8	49	3075727	3075655	Arg	TCT	0	0	68.1	50.00	18.10	Inf	Arg	96.3	high confidence set
Chr8	50	204339	204268	Gln	TTG	0	0	76.5	56.50	20.00	Inf	Gln	106.0	high confidence set
Chr9	1	1168276	1168348	Glu	CTC	0	0	77.5	51.70	25.80	Inf	Glu	97.9	high confidence set
Chr9	2	1180632	1180703	Glu	CTC	0	0	66.4	40.70	25.70	Inf	Glu	75.9	high confidence set
Chr9	3	4691983	4692054	Arg	TCT	0	0	58.3	25.60	32.70	Inf	Gln	70.8	IPD:-24.50,isotype mismatch
Chr9	6	9248947	9249033	Tyr	GTA	9248984	9248997	74.4	42.90	31.50	Inf	Tyr	111.8	high confidence set
Chr9	7	10344853	10344924	Asp	GTC	0	0	69.8	46.80	23.00	Inf	Asp	95.8	high confidence set
Chr9	8	10350424	10350495	Asp	GTC	0	0	69.8	46.80	23.00	Inf	Asp	95.8	high confidence set
Chr9	9	10913107	10913179	Phe	GAA	0	0	78.3	58.40	19.90	Inf	Phe	113.2	high confidence set
Chr9	10	12749476	12749548	Lys	CTT	0	0	86.8	66.60	20.20	Inf	Lys	107.7	high confidence set
Chr9	11	13099604	13099677	Val	AAC	0	0	72.5	48.10	24.40	Inf	Val	100.2	high confidence set
Chr9	12	14690393	14690473	Leu	CAG	0	0	69.5	46.80	22.70	Inf	Leu	109.7	high confidence set
Chr9	13	16169651	16169723	Ala	CGC	0	0	68.2	44.00	24.20	Inf	Ala	95.8	high confidence set
Chr9	14	18421019	18421092	Ile	AAT	0	0	79.3	55.80	23.50	Inf	Ile	104.3	high confidence set
Chr9	15	18952759	18952831	Phe	GAA	0	0	78.3	58.40	19.90	Inf	Phe	113.2	high confidence set
Chr9	16	19799107	19799180	Val	AAC	0	0	72.2	47.80	24.40	Inf	Val	98.2	high confidence set
Chr9	17	19866404	19866484	Leu	AAG	0	0	74.0	52.20	21.80	Inf	Leu	110.4	high confidence set
Chr9	18	21859718	21859789	Thr	CGT	0	0	80.5	54.30	26.20	Inf	Thr	87.3	high confidence set
Chr9	19	22204527	22204599	Arg	TCT	0	0	68.1	50.00	18.10	Inf	Arg	96.3	high confidence set
Chr9	20	22692377	22692306	Pro	CGG	0	0	68.5	36.10	32.40	Inf	Pro	108.5	high confidence set
Chr9	21	22416801	22416729	Arg	CCG	0	0	66.0	50.50	15.50	Inf	Arg	94.3	high confidence set
Chr9	22	21338683	21338611	Ala	AGC	0	0	63.4	38.20	25.20	Inf	Ala	98.3	high confidence set
Chr9	23	21239500	21239429	Pro	TGG	0	0	69.2	36.90	32.30	Inf	Pro	112.8	high confidence set
Chr9	24	20549694	20549623	Lys	TTT	0	0	91.9	68.20	23.70	Inf	Lys	98.4	high confidence set
Chr9	25	20052506	20052435	Thr	TGT	0	0	84.5	58.50	26.00	Inf	Thr	95.0	high confidence set
Chr9	26	19795082	19795009	Asn	GTT	0	0	80.1	57.70	22.40	Inf	Asn	89.7	high confidence set
Chr9	27	14620035	14619962	Ile	AAT	0	0	71.6	48.10	23.50	Inf	Ile	96.1	high confidence set
Chr9	29	13818560	13818490	Gly	CCC	0	0	66.3	29.50	36.80	Inf	Gly	89.7	high confidence set
Chr9	31	12145724	12145638	Tyr	GTA	12145687	12145674	74.4	42.90	31.50	Inf	Tyr	111.8	high confidence set
Chr9	33	10872409	10872337	Lys	CTT	0	0	86.8	66.60	20.20	Inf	Lys	107.7	high confidence set
Chr9	35	9574646	9574573	Val	CAC	0	0	79.3	48.30	31.00	Inf	Val	104.5	high confidence set
Chr9	36	9572419	9572346	Val	CAC	0	0	79.3	48.30	31.00	Inf	Val	104.5	high confidence set
Chr9	37	9514132	9514052	Leu	AAG	0	0	74.0	52.20	21.80	Inf	Leu	110.4	high confidence set
Chr9	39	297602	297530	Arg	ACG	0	0	72.0	49.70	22.30	Inf	Arg	93.9	high confidence set
Chr10	1	341913	341986	Thr	AGT	0	0	75.0	46.80	28.20	Inf	Thr	89.8	high confidence set
Chr10	2	347853	347925	Arg	CCT	0	0	74.8	55.90	18.90	Inf	Arg	87.5	high confidence set
Chr10	6	10822179	10822250	Thr	GGT	0	0	61.4	29.40	32.00	Inf	Thr	73.1	unexpected anticodon
Chr10	8	10822902	10822985	Tyr	GTA	0	0	56.6	30.20	26.40	Inf	Tyr	72.5	high confidence set
Chr10	10	10851577	10851663	Ser	GGA	0	0	62.4	32.70	29.70	Inf	Ser	81.3	unexpected anticodon
Chr10	11	10854523	10854595	Phe	GAA	0	0	68.7	44.80	23.90	Inf	Tyr	76.6	IPD:-5.10,isotype mismatch
Chr10	15	10905971	10906048	Arg	ACG	0	0	57.0	44.90	12.10	Inf	Ile	73.7	IPD:-23.30,isotype mismatch
Chr10	16	11754756	11754828	Arg	ACG	0	0	71.7	49.10	22.60	Inf	Arg	91.4	high confidence set
Chr10	17	17773067	17773140	Ile	AAT	0	0	79.3	55.80	23.50	Inf	Ile	104.3	high confidence set
Chr10	20	20460988	20461065	Arg	ACG	0	0	57.0	44.90	12.10	Inf	Ile	73.7	IPD:-23.30,isotype mismatch
Chr10	21	20467997	20468069	Thr	TGT	0	0	65.7	46.40	19.30	Inf	Thr	80.1	high confidence set
Chr10	22	20477836	20477907	Arg	TCT	0	0	58.3	25.60	32.70	Inf	Gln	70.8	IPD:-24.50,isotype mismatch
Chr10	23	20651076	20651149	Asn	GTT	0	0	80.2	54.40	25.80	Inf	Asn	93.2	high confidence set
Chr10	24	20741052	20741123	His	GTG	0	0	63.0	33.70	29.30	Inf	His	87.1	high confidence set
Chr10	25	21251467	21251539	Ala	AGC	0	0	63.4	38.20	25.20	Inf	Ala	98.3	high confidence set
Chr10	27	22448203	22448290	Ser	GCT	0	0	69.2	39.20	30.00	Inf	Ser	84.1	high confidence set
Chr10	28	22688122	22688194	Ala	TGC	0	0	70.0	45.30	24.70	Inf	Ala	100.6	high confidence set
Chr10	29	22861054	22861124	Gly	GCC	0	0	66.5	44.80	21.70	Inf	Gly	94.4	high confidence set
Chr10	30	22774075	22773989	Met	CAT	22774037	22774025	64.2	40.70	23.50	Inf	Met	104.0	high confidence set
Chr10	33	21129087	21129015	Lys	CTT	0	0	86.8	66.60	20.20	Inf	Lys	107.7	high confidence set
Chr10	34	21128854	21128782	Lys	CTT	0	0	83.3	63.10	20.20	Inf	Lys	104.5	high confidence set
Chr10	35	20469346	20469260	Ser	GGA	0	0	62.4	32.70	29.70	Inf	Ser	81.3	unexpected anticodon
Chr10	36	20466357	20466285	Phe	GAA	0	0	68.7	44.80	23.90	Inf	Tyr	76.6	IPD:-5.10,isotype mismatch
Chr10	37	20461389	20461318	Asn	GTT	0	0	76.1	53.10	23.00	Inf	Asn	83.1	high confidence set
Chr10	38	18522693	18522621	Ala	AGC	0	0	63.4	38.20	25.20	Inf	Ala	98.3	high confidence set
Chr10	39	18474922	18474851	Thr	TGT	0	0	79.3	49.30	30.00	Inf	Thr	92.3	high confidence set
Chr10	40	17852792	17852719	Asn	GTT	0	0	84.5	59.40	25.10	Inf	Asn	95.9	high confidence set
Chr10	41	16764234	16764162	Lys	CTT	0	0	86.8	66.60	20.20	Inf	Lys	107.7	high confidence set
Chr10	43	16074431	16074358	Ile	TAT	0	0	85.9	70.60	15.30	Inf	Ile	103.9	high confidence set
Chr10	44	15435064	15434981	Leu	CAA	0	0	78.6	55.60	23.00	Inf	Leu	123.0	high confidence set
Chr10	45	13606726	13606655	Trp	CCA	0	0	75.8	51.20	24.60	Inf	Trp	105.6	high confidence set
Chr10	46	11988024	11987939	Tyr	GTA	11987987	11987975	74.5	43.00	31.50	Inf	Tyr	111.8	high confidence set
Chr10	47	11794834	11794763	Asp	GTC	0	0	69.8	46.80	23.00	Inf	Asp	95.8	high confidence set
Chr10	49	10906372	10906301	Asn	GTT	0	0	76.1	53.10	23.00	Inf	Asn	83.1	high confidence set
Chr10	52	10871410	10871337	Pro	TGG	0	0	63.6	30.20	33.40	Inf	Trp	70.3	IPD:-10.80,isotype mismatch
Chr10	53	10871210	10871137	Trp	CCA	0	0	72.0	42.50	29.50	Inf	Thr	75.4	IPD:-18.90,isotype mismatch
Chr10	54	10852889	10852817	Thr	TGT	0	0	65.7	46.40	19.30	Inf	Thr	80.1	high confidence set
Chr10	56	10825279	10825209	Cys	GCA	0	0	64.2	37.80	26.40	Inf	Cys	77.6	high confidence set
Chr10	59	10815109	10815022	Ser	GCT	0	0	69.2	39.20	30.00	Inf	Ser	84.1	high confidence set
Chr10	63	10647656	10647585	iMet	CAT	0	0	58.3	28.10	30.20	Inf	iMet	118.7	high confidence set
Chr11	1	256564	256637	Ile	AAT	0	0	79.3	55.80	23.50	Inf	Ile	104.3	high confidence set
Chr11	3	585867	585948	Ser	TGA	0	0	80.7	46.10	34.60	Inf	Ser	119.7	high confidence set
Chr11	4	879307	879390	Leu	CAA	0	0	78.6	55.60	23.00	Inf	Leu	123.0	high confidence set
Chr11	5	1438279	1438352	Val	CAC	0	0	79.3	48.30	31.00	Inf	Val	104.5	high confidence set
Chr11	6	2532925	2532996	Glu	TTC	0	0	72.0	47.50	24.50	Inf	Glu	101.6	high confidence set
Chr11	8	4094354	4094426	Arg	TCT	0	0	69.9	49.40	20.50	Inf	Arg	99.6	high confidence set
Chr11	9	5885575	5885646	Lys	TTT	0	0	91.1	67.20	23.90	Inf	Lys	97.8	high confidence set
Chr11	11	19053100	19053171	Pro	AGG	0	0	58.3	25.90	32.40	Inf	Pro	103.2	high confidence set
Chr11	12	20720048	20720121	Glu	TTC	0	0	64.1	37.70	26.40	Inf	Glu	86.7	high confidence set
Chr11	13	23238287	23238360	Val	CAC	0	0	79.3	48.30	31.00	Inf	Val	104.5	high confidence set
Chr11	14	23606216	23606288	Ala	AGC	0	0	63.4	38.20	25.20	Inf	Ala	98.3	high confidence set
Chr11	15	24115216	24115287	Pro	AGG	0	0	72.5	42.00	30.50	Inf	Pro	87.4	high confidence set
Chr11	16	24116088	24116159	Pro	AGG	0	0	72.5	42.00	30.50	Inf	Pro	87.4	high confidence set
Chr11	17	24116488	24116559	Pro	AGG	0	0	67.4	34.70	32.70	Inf	Pro	112.3	high confidence set
Chr11	18	24197296	24197377	Ser	GCT	0	0	79.0	43.10	35.90	Inf	Ser	108.6	high confidence set
Chr11	19	25618628	25618701	Asn	GTT	0	0	76.3	59.10	17.20	Inf	Asn	88.0	high confidence set
Chr11	20	27366287	27366358	Pro	AGG	0	0	67.4	34.70	32.70	Inf	Pro	112.3	high confidence set
Chr11	21	28824519	28824591	Lys	CTT	0	0	86.8	66.60	20.20	Inf	Lys	107.7	high confidence set
Chr11	22	27491972	27491901	Gly	TCC	0	0	62.6	45.50	17.10	Inf	Gly	77.7	high confidence set
Chr11	23	25386522	25386440	Leu	TAA	0	0	75.1	38.10	37.00	Inf	Leu	96.3	high confidence set
Chr11	25	22662588	22662517	Pro	TGG	0	0	68.5	35.70	32.80	Inf	Pro	111.2	high confidence set
Chr11	26	22638134	22638062	Arg	CCT	0	0	74.8	55.90	18.90	Inf	Arg	84.6	high confidence set
Chr11	29	6067616	6067544	Ala	TGC	0	0	70.0	45.30	24.70	Inf	Ala	100.6	high confidence set
Chr11	30	2870857	2870786	Pro	AGG	0	0	67.4	34.70	32.70	Inf	Pro	112.3	high confidence set
Chr11	31	2350757	2350685	Ala	AGC	0	0	63.0	39.40	23.60	Inf	Ala	96.2	high confidence set
Chr11	32	1377651	1377579	Ala	TGC	0	0	70.0	45.30	24.70	Inf	Ala	100.6	high confidence set
Chr11	33	549931	549860	Pro	CGG	0	0	68.5	36.10	32.40	Inf	Pro	108.5	high confidence set
Chr12	1	312217	312288	Pro	CGG	0	0	65.2	35.80	29.40	Inf	Pro	103.5	high confidence set
Chr12	2	626417	626498	Ser	TGA	0	0	80.7	46.10	34.60	Inf	Ser	119.7	high confidence set
Chr12	3	916407	916490	Leu	CAA	0	0	78.6	55.60	23.00	Inf	Leu	123.0	high confidence set
Chr12	4	1350214	1350287	Val	CAC	0	0	79.3	48.30	31.00	Inf	Val	104.5	high confidence set
Chr12	5	2735598	2735671	Glu	TTC	0	0	64.1	37.70	26.40	Inf	Glu	91.0	high confidence set
Chr12	6	3872415	3872487	Arg	TCT	0	0	69.9	49.40	20.50	Inf	Arg	99.6	high confidence set
Chr12	8	4694801	4694872	Lys	TTT	0	0	91.1	67.20	23.90	Inf	Lys	97.8	high confidence set
Chr12	9	4697581	4697653	Ala	TGC	0	0	70.0	45.30	24.70	Inf	Ala	100.6	high confidence set
Chr12	12	5632756	5632827	Asn	GTT	0	0	76.1	53.10	23.00	Inf	Asn	83.1	high confidence set
Chr12	13	10073558	10073631	Ile	TAT	0	0	79.1	64.90	14.20	Inf	Ile	95.1	high confidence set
Chr12	14	11284565	11284637	Phe	GAA	0	0	68.7	44.80	23.90	Inf	Tyr	76.6	IPD:-5.10,isotype mismatch
Chr12	19	17605773	17605844	Pro	AGG	0	0	67.4	34.70	32.70	Inf	Pro	112.3	high confidence set
Chr12	21	18905734	18905805	Pro	AGG	0	0	61.1	34.30	26.80	Inf	Pro	97.9	high confidence set
Chr12	25	20524249	20524321	Lys	TTT	0	0	80.3	61.50	18.80	Inf	Lys	78.3	high confidence set
Chr12	26	20528410	20528481	Asn	GTT	0	0	76.1	53.10	23.00	Inf	Asn	83.1	high confidence set
Chr12	31	21229531	21229602	Pro	AGG	0	0	67.4	34.70	32.70	Inf	Pro	112.3	high confidence set
Chr12	32	21639412	21639482	Gly	CCC	0	0	66.3	29.50	36.80	Inf	Gly	89.7	high confidence set
Chr12	33	22972512	22972583	Pro	AGG	0	0	67.4	34.70	32.70	Inf	Pro	112.3	high confidence set
Chr12	34	23499656	23499728	Lys	CTT	0	0	85.7	65.60	20.10	Inf	Lys	106.7	high confidence set
Chr12	35	23736963	23737035	Arg	ACG	0	0	70.0	45.90	24.10	Inf	Arg	88.9	high confidence set
Chr12	36	25809835	25809921	Met	CAT	25809873	25809885	64.2	40.70	23.50	Inf	Met	104.0	high confidence set
Chr12	37	26671800	26671870	Gly	GCC	0	0	54.9	36.90	18.00	Inf	Gly	84.2	high confidence set
Chr12	38	27018566	27018639	Glu	TTC	0	0	64.3	38.20	26.10	Inf	Glu	90.4	high confidence set
Chr12	39	27058381	27058452	Gln	CTG	0	0	68.0	43.60	24.40	Inf	Gln	92.5	high confidence set
Chr12	40	27230155	27230227	Ala	TGC	0	0	70.0	45.30	24.70	Inf	Ala	100.6	high confidence set
Chr12	41	27132010	27131937	Thr	AGT	0	0	75.0	46.80	28.20	Inf	Thr	89.8	high confidence set
Chr12	42	27051639	27051567	Arg	CCT	0	0	74.8	55.90	18.90	Inf	Arg	84.6	high confidence set
Chr12	43	25803744	25803671	Val	AAC	0	0	72.9	48.60	24.30	Inf	Val	93.8	high confidence set
Chr12	44	25043429	25043356	Glu	TTC	0	0	64.3	38.20	26.10	Inf	Glu	90.4	high confidence set
Chr12	45	23823718	23823646	Lys	CTT	0	0	86.8	66.60	20.20	Inf	Lys	107.7	high confidence set
Chr12	46	23095217	23095146	Gly	TCC	0	0	71.0	46.70	24.30	Inf	Gly	82.3	high confidence set
Chr12	47	22615005	22614932	Thr	AGT	0	0	76.0	48.40	27.60	Inf	Thr	90.6	high confidence set
Chr12	48	22494845	22494773	Thr	TGT	0	0	65.7	46.40	19.30	Inf	Thr	80.1	high confidence set
Chr12	50	22493837	22493765	Thr	TGT	0	0	65.7	46.40	19.30	Inf	Thr	80.1	high confidence set
Chr12	51	20832815	20832733	Leu	TAA	0	0	71.9	38.80	33.10	Inf	Leu	98.7	high confidence set
Chr12	55	20529255	20529182	Asp	GTC	0	0	72.0	53.20	18.80	Inf	Ala	72.8	IPD:-22.40,isotype mismatch
Chr12	57	19457502	19457413	Met	CAT	19457464	19457449	64.1	40.60	23.50	Inf	Met	104.0	high confidence set
Chr12	61	11282932	11282860	Thr	TGT	0	0	58.5	45.40	13.10	Inf	Thr	71.8	high confidence set
Chr12	63	5641562	5641489	Pro	TGG	0	0	63.6	30.20	33.40	Inf	Trp	70.3	IPD:-10.80,isotype mismatch
Chr12	66	5616251	5616180	Asn	GTT	0	0	74.3	49.30	25.00	Inf	Asn	80.3	high confidence set
Chr12	67	3401474	3401401	Thr	AGT	0	0	75.0	46.80	28.20	Inf	Thr	89.8	high confidence set
Chr12	68	3359868	3359796	Arg	CCT	0	0	74.8	55.90	18.90	Inf	Arg	84.6	high confidence set
Chr12	69	3077240	3077169	Pro	AGG	0	0	67.4	34.70	32.70	Inf	Pro	112.3	high confidence set
Chr12	70	2432677	2432605	Ala	AGC	0	0	63.4	38.20	25.20	Inf	Ala	98.3	high confidence set
Chr12	71	1287523	1287451	Ala	TGC	0	0	70.0	45.30	24.70	Inf	Ala	100.6	high confidence set
Chr12	72	596335	596264	Pro	CGG	0	0	59.1	35.50	23.60	Inf	Pro	98.8	high confidence set
