Sequence		tRNA    	Bounds  	tRNA	Anti	Intron Bounds	Inf	HMM	2'Str	Hit	Isotype	Isotype	      
Name    	tRNA#	Begin   	End     	Type	Codon	Begin	End	Score	Score	Score	Origin	CM	Score	Note
--------	------	-----   	------  	----	-----	-----	----	------	-----	-----	------	-------	-------	------
Bd1	1	1244086	1244159	Val	CAC	0	0	79.3	48.30	31.00	Inf	Val	104.5	high confidence set
Bd1	2	1433061	1433142	Ser	AGA	0	0	80.3	44.00	36.30	Inf	Ser	115.3	high confidence set
Bd1	3	1503830	1503911	Ser	CGA	0	0	78.9	46.60	32.30	Inf	Ser	122.0	high confidence set
Bd1	4	1528010	1528083	Val	AAC	0	0	72.5	48.10	24.40	Inf	Val	100.2	high confidence set
Bd1	5	1653845	1653916	Gln	TTG	0	0	76.2	56.20	20.00	Inf	Gln	105.4	high confidence set
Bd1	6	2584926	2584998	Glu	CTC	0	0	75.1	49.70	25.40	Inf	Glu	92.7	high confidence set
Bd1	7	2591846	2591918	Glu	CTC	0	0	75.1	49.70	25.40	Inf	Glu	92.7	high confidence set
Bd1	9	3074767	3074854	Met	CAT	3074805	3074818	64.1	40.70	23.40	Inf	Met	104.0	high confidence set
Bd1	10	3913407	3913480	Pro	TGG	0	0	63.6	30.20	33.40	Inf	Trp	70.3	IPD:-10.80,isotype mismatch
Bd1	11	3913621	3913694	Trp	CCA	0	0	72.0	42.50	29.50	Inf	Thr	75.4	IPD:-18.90,isotype mismatch
Bd1	12	4212377	4212448	Cys	GCA	0	0	74.5	52.90	21.60	Inf	Cys	100.0	high confidence set
Bd1	13	4565791	4565864	Val	AAC	0	0	72.5	48.10	24.40	Inf	Val	100.2	high confidence set
Bd1	14	4571186	4571258	Arg	ACG	0	0	72.0	49.70	22.30	Inf	Arg	93.9	high confidence set
Bd1	15	4582299	4582371	Ala	AGC	0	0	63.4	38.20	25.20	Inf	Ala	98.3	high confidence set
Bd1	16	4989326	4989399	Thr	AGT	0	0	73.6	45.20	28.40	Inf	Thr	88.6	high confidence set
Bd1	17	5178769	5178842	Glu	TTC	0	0	64.3	38.20	26.10	Inf	Glu	90.4	high confidence set
Bd1	18	7413274	7413346	Arg	CCT	0	0	69.3	43.90	25.40	Inf	Thr	76.6	IPD:-8.70,isotype mismatch
Bd1	19	9628176	9628249	Thr	AGT	0	0	73.6	45.20	28.40	Inf	Thr	88.6	high confidence set
Bd1	20	9681368	9681440	Arg	CCT	0	0	74.4	55.20	19.20	Inf	Arg	82.9	high confidence set
Bd1	21	10734286	10734359	Val	CAC	0	0	79.3	48.30	31.00	Inf	Val	104.5	high confidence set
Bd1	22	13338040	13338113	Arg	TCG	0	0	81.9	60.40	21.50	Inf	Arg	92.9	high confidence set
Bd1	23	13803888	13803960	Ala	CGC	0	0	68.3	44.10	24.20	Inf	Ala	99.2	high confidence set
Bd1	24	14429724	14429805	Ser	TGA	0	0	78.2	44.40	33.80	Inf	Ser	107.5	high confidence set
Bd1	25	14683100	14683170	Gly	CCC	0	0	65.4	28.10	37.30	Inf	Gly	85.4	high confidence set
Bd1	26	16419443	16419523	Leu	CAG	0	0	70.7	49.80	20.90	Inf	Leu	111.3	high confidence set
Bd1	27	17176169	17176256	Met	CAT	17176207	17176220	64.1	40.70	23.40	Inf	Met	104.0	high confidence set
Bd1	28	17700221	17700292	Asp	GTC	0	0	69.8	46.80	23.00	Inf	Asp	94.5	high confidence set
Bd1	29	17893425	17893498	Asn	GTT	0	0	81.1	55.90	25.20	Inf	Asn	91.8	high confidence set
Bd1	30	20086024	20086095	Gly	TCC	0	0	71.0	46.70	24.30	Inf	Gly	82.3	high confidence set
Bd1	31	20724615	20724695	Leu	CAG	0	0	70.7	49.80	20.90	Inf	Leu	111.3	high confidence set
Bd1	33	23982815	23982886	Pro	CGG	0	0	68.5	36.10	32.40	Inf	Pro	108.5	high confidence set
Bd1	34	24049345	24049416	Thr	TGT	0	0	79.3	49.30	30.00	Inf	Thr	92.3	high confidence set
Bd1	35	26331561	26331642	Ser	AGA	0	0	80.3	44.00	36.30	Inf	Ser	115.3	high confidence set
Bd1	37	26653935	26654007	Glu	CTC	0	0	75.1	49.70	25.40	Inf	Glu	92.7	high confidence set
Bd1	38	30845628	30845699	Gln	CTG	0	0	74.7	50.50	24.20	Inf	Gln	103.8	high confidence set
Bd1	39	32142072	32142152	Leu	AAG	0	0	71.4	51.10	20.30	Inf	Leu	108.5	high confidence set
Bd1	40	32150047	32150127	Leu	AAG	0	0	71.4	51.10	20.30	Inf	Leu	108.5	high confidence set
Bd1	41	32352795	32352878	Leu	CAA	0	0	81.6	58.10	23.50	Inf	Leu	123.8	high confidence set
Bd1	42	32422889	32422960	Pro	AGG	0	0	67.4	34.70	32.70	Inf	Pro	112.3	high confidence set
Bd1	43	33090485	33090555	Gly	GCC	0	0	66.5	44.80	21.70	Inf	Gly	94.4	high confidence set
Bd1	44	34488175	34488246	Gln	CTG	0	0	74.7	50.50	24.20	Inf	Gln	103.8	high confidence set
Bd1	47	35898932	35899015	Tyr	GTA	0	0	54.3	31.00	23.30	Inf	Tyr	72.5	high confidence set
Bd1	49	35928162	35928248	Ser	GGA	0	0	62.4	32.70	29.70	Inf	Ser	81.3	unexpected anticodon
Bd1	50	35931322	35931394	Phe	GAA	0	0	68.7	44.80	23.90	Inf	Tyr	76.6	IPD:-5.10,isotype mismatch
Bd1	54	35982305	35982382	Arg	ACG	0	0	57.0	44.90	12.10	Inf	Ile	73.7	IPD:-23.30,isotype mismatch
Bd1	55	43144077	43144147	Gly	GCC	0	0	66.5	44.80	21.70	Inf	Gly	94.4	high confidence set
Bd1	56	44993103	44993184	Ser	GCT	0	0	79.0	43.10	35.90	Inf	Ser	108.6	high confidence set
Bd1	57	45606951	45607023	Lys	TTT	0	0	91.4	66.60	24.80	Inf	Lys	95.4	high confidence set
Bd1	58	47063784	47063856	Ala	AGC	0	0	63.4	38.20	25.20	Inf	Ala	98.3	high confidence set
Bd1	59	47075777	47075849	Ala	AGC	0	0	63.4	38.70	24.70	Inf	Ala	96.4	high confidence set
Bd1	60	47083134	47083206	Ala	AGC	0	0	63.4	38.70	24.70	Inf	Ala	96.4	high confidence set
Bd1	61	49081435	49081506	Asp	GTC	0	0	69.8	46.80	23.00	Inf	Asp	94.5	high confidence set
Bd1	62	49840472	49840542	Gly	GCC	0	0	66.5	44.80	21.70	Inf	Gly	94.4	high confidence set
Bd1	63	50375134	50375205	Asp	GTC	0	0	69.8	46.80	23.00	Inf	Asp	94.5	high confidence set
Bd1	64	51599131	51599212	Ser	AGA	0	0	80.3	44.00	36.30	Inf	Ser	115.3	high confidence set
Bd1	65	51643664	51643737	Val	AAC	0	0	72.5	48.10	24.40	Inf	Val	100.2	high confidence set
Bd1	66	53109473	53109544	iMet	CAT	0	0	58.3	28.10	30.20	Inf	iMet	118.7	high confidence set
Bd1	67	53364796	53364867	Cys	GCA	0	0	81.7	56.10	25.60	Inf	Cys	104.3	high confidence set
Bd1	71	55722118	55722189	Gly	TCC	0	0	74.1	46.70	27.40	Inf	Gly	84.2	high confidence set
Bd1	72	56897698	56897771	Thr	AGT	0	0	74.0	45.80	28.20	Inf	Thr	89.0	high confidence set
Bd1	73	57286437	57286526	Met	CAT	57286475	57286490	64.1	40.60	23.50	Inf	Met	104.0	high confidence set
Bd1	74	57322481	57322552	Thr	CGT	0	0	78.4	50.50	27.90	Inf	Thr	89.5	high confidence set
Bd1	75	58585499	58585570	Asp	GTC	0	0	69.8	46.80	23.00	Inf	Asp	94.5	high confidence set
Bd1	76	59593360	59593441	Ser	GCT	0	0	79.0	43.10	35.90	Inf	Ser	108.6	high confidence set
Bd1	77	60372330	60372416	Met	CAT	60372368	60372380	64.2	40.70	23.50	Inf	Met	104.0	high confidence set
Bd1	78	60600655	60600726	Trp	CCA	0	0	75.8	51.20	24.60	Inf	Trp	105.6	high confidence set
Bd1	79	61188304	61188376	Ala	AGC	0	0	63.4	38.20	25.20	Inf	Ala	98.3	high confidence set
Bd1	80	61621866	61621938	Phe	GAA	0	0	64.8	48.10	16.70	Inf	Tyr	78.9	IPD:-9.50,isotype mismatch
Bd1	81	61844045	61844116	Pro	TGG	0	0	68.5	35.70	32.80	Inf	Pro	111.2	high confidence set
Bd1	82	62435865	62435935	Gly	CCC	0	0	65.4	28.10	37.30	Inf	Gly	85.4	high confidence set
Bd1	83	62503828	62503909	Ser	TGA	0	0	78.3	44.40	33.90	Inf	Ser	115.8	high confidence set
Bd1	85	64077337	64077409	Ala	AGC	0	0	63.4	38.70	24.70	Inf	Ala	96.4	high confidence set
Bd1	86	64404392	64404472	Leu	AAG	0	0	74.1	52.30	21.80	Inf	Leu	109.0	high confidence set
Bd1	87	64506121	64506192	iMet	CAT	0	0	58.3	28.10	30.20	Inf	iMet	118.7	high confidence set
Bd1	88	69237245	69237316	iMet	CAT	0	0	58.3	28.10	30.20	Inf	iMet	118.7	high confidence set
Bd1	89	69928081	69928152	Asp	GTC	0	0	69.8	46.80	23.00	Inf	Asp	94.5	high confidence set
Bd1	90	72426534	72426604	Gly	GCC	0	0	66.5	44.80	21.70	Inf	Gly	94.4	high confidence set
Bd1	91	73392231	73392304	Asn	GTT	0	0	80.0	54.90	25.10	Inf	Asn	90.6	high confidence set
Bd1	92	73547132	73547203	His	GTG	0	0	63.0	33.70	29.30	Inf	His	87.1	high confidence set
Bd1	93	74324453	74324526	Asn	GTT	0	0	80.0	54.90	25.10	Inf	Asn	90.6	high confidence set
Bd1	96	74297234	74297163	Thr	TGT	0	0	84.3	58.00	26.30	Inf	Thr	93.3	high confidence set
Bd1	102	72837420	72837350	Gly	GCC	0	0	66.5	44.80	21.70	Inf	Gly	94.4	high confidence set
Bd1	103	72832678	72832608	Gly	GCC	0	0	66.5	44.80	21.70	Inf	Gly	94.4	high confidence set
Bd1	104	71999155	71999072	Leu	CAA	0	0	80.6	57.10	23.50	Inf	Leu	121.6	high confidence set
Bd1	105	69991239	69991154	Tyr	GTA	69991202	69991190	74.5	42.90	31.60	Inf	Tyr	111.8	high confidence set
Bd1	106	69922208	69922136	Arg	ACG	0	0	72.0	49.70	22.30	Inf	Arg	93.9	high confidence set
Bd1	108	69564719	69564647	Phe	GAA	0	0	78.3	58.40	19.90	Inf	Phe	113.2	high confidence set
Bd1	109	69302681	69302610	iMet	CAT	0	0	58.3	28.10	30.20	Inf	iMet	118.7	high confidence set
Bd1	110	68053790	68053720	Gly	CCC	0	0	65.4	28.10	37.30	Inf	Gly	85.4	high confidence set
Bd1	111	67833315	67833242	Thr	AGT	0	0	73.6	45.20	28.40	Inf	Thr	88.6	high confidence set
Bd1	112	67753373	67753301	Arg	CCT	0	0	69.1	50.30	18.80	Inf	Arg	81.2	high confidence set
Bd1	113	67672012	67671939	Glu	TTC	0	0	65.0	39.30	25.70	Inf	Glu	86.4	high confidence set
Bd1	116	65301918	65301845	Arg	TCG	0	0	81.9	60.40	21.50	Inf	Arg	92.9	high confidence set
Bd1	117	64672361	64672290	His	GTG	0	0	63.0	33.70	29.30	Inf	His	87.1	high confidence set
Bd1	118	64459951	64459881	Gly	GCC	0	0	66.5	44.80	21.70	Inf	Gly	94.4	high confidence set
Bd1	119	63483042	63482970	Ala	CGC	0	0	68.3	44.10	24.20	Inf	Ala	99.2	high confidence set
Bd1	120	62203686	62203614	Ala	AGC	0	0	63.4	38.70	24.70	Inf	Ala	96.4	high confidence set
Bd1	121	61993752	61993681	iMet	CAT	0	0	58.3	28.10	30.20	Inf	iMet	118.7	high confidence set
Bd1	122	61974273	61974200	Asn	GTT	0	0	84.5	59.40	25.10	Inf	Asn	95.9	high confidence set
Bd1	123	60720763	60720683	Leu	CAG	0	0	70.7	49.80	20.90	Inf	Leu	111.3	high confidence set
Bd1	124	57285652	57285579	Val	AAC	0	0	71.5	47.10	24.40	Inf	Val	97.5	high confidence set
Bd1	125	56462036	56461963	Glu	TTC	0	0	62.9	35.40	27.50	Inf	Glu	84.0	high confidence set
Bd1	126	55877530	55877459	Cys	GCA	0	0	81.7	56.10	25.60	Inf	Cys	104.3	high confidence set
Bd1	127	55876401	55876330	Cys	GCA	0	0	81.7	56.10	25.60	Inf	Cys	104.3	high confidence set
Bd1	129	55114368	55114298	Gly	GCC	0	0	66.5	44.80	21.70	Inf	Gly	94.4	high confidence set
Bd1	133	54920341	54920258	Tyr	GTA	0	0	54.3	31.00	23.30	Inf	Tyr	72.5	high confidence set
Bd1	134	54469213	54469141	Phe	GAA	0	0	78.3	58.40	19.90	Inf	Phe	113.2	high confidence set
Bd1	135	52562436	52562349	Met	CAT	52562398	52562385	64.1	40.70	23.40	Inf	Met	104.0	high confidence set
Bd1	137	47547291	47547220	Asp	GTC	0	0	69.8	46.80	23.00	Inf	Asp	94.5	high confidence set
Bd1	138	47308313	47308242	Pro	TGG	0	0	69.6	37.70	31.90	Inf	Pro	108.3	high confidence set
Bd1	139	43744984	43744913	Trp	CCA	0	0	75.8	51.20	24.60	Inf	Trp	105.6	high confidence set
Bd1	140	41617100	41617029	iMet	CAT	0	0	58.3	28.10	30.20	Inf	iMet	118.7	high confidence set
Bd1	141	35982713	35982642	Asn	GTT	0	0	69.8	50.80	19.00	Inf	Asn	76.0	high confidence set
Bd1	144	35947056	35946983	Pro	TGG	0	0	63.6	30.20	33.40	Inf	Trp	70.3	IPD:-10.80,isotype mismatch
Bd1	145	35946842	35946769	Trp	CCA	0	0	72.0	42.50	29.50	Inf	Thr	75.4	IPD:-18.90,isotype mismatch
Bd1	146	35929510	35929438	Thr	TGT	0	0	65.7	46.40	19.30	Inf	Thr	80.1	high confidence set
Bd1	148	35919659	35919588	Arg	TCT	0	0	58.3	25.60	32.70	Inf	Gln	70.8	IPD:-24.50,isotype mismatch
Bd1	149	35902240	35902170	Cys	GCA	0	0	66.7	40.20	26.50	Inf	Cys	79.1	high confidence set
Bd1	150	31472747	31472667	Leu	CAG	0	0	70.7	49.80	20.90	Inf	Leu	111.3	high confidence set
Bd1	151	30105052	30104981	His	GTG	0	0	63.0	33.70	29.30	Inf	His	87.1	high confidence set
Bd1	152	29670263	29670191	Glu	CTC	0	0	75.1	49.70	25.40	Inf	Glu	92.7	high confidence set
Bd1	153	28160277	28160205	Arg	CCG	0	0	67.6	50.70	16.90	Inf	Arg	93.5	high confidence set
Bd1	155	25299680	25299609	Thr	CGT	0	0	78.4	50.50	27.90	Inf	Thr	89.5	high confidence set
Bd1	156	24841497	24841426	Pro	TGG	0	0	69.6	37.70	31.90	Inf	Pro	108.3	high confidence set
Bd1	157	21674828	21674757	His	GTG	0	0	63.0	33.70	29.30	Inf	His	87.1	high confidence set
Bd1	159	19649808	19649728	Leu	AAG	0	0	71.4	51.10	20.30	Inf	Leu	108.5	high confidence set
Bd1	160	17435769	17435688	Ser	GCT	0	0	79.0	43.10	35.90	Inf	Ser	108.6	high confidence set
Bd1	161	17434618	17434537	Ser	GCT	0	0	79.0	43.10	35.90	Inf	Ser	108.6	high confidence set
Bd1	162	16506828	16506757	Trp	CCA	0	0	75.8	51.20	24.60	Inf	Trp	105.6	high confidence set
Bd1	163	16379821	16379748	Ile	AAT	0	0	77.0	51.80	25.20	Inf	Ile	102.1	high confidence set
Bd1	164	16238757	16238686	His	GTG	0	0	63.0	33.70	29.30	Inf	His	87.1	high confidence set
Bd1	165	15942885	15942813	Ala	AGC	0	0	63.4	38.70	24.70	Inf	Ala	96.4	high confidence set
Bd1	166	14950582	14950511	Pro	TGG	0	0	68.5	35.70	32.80	Inf	Pro	111.2	high confidence set
Bd1	167	14510891	14510821	Gly	CCC	0	0	65.4	28.10	37.30	Inf	Gly	85.4	high confidence set
Bd1	169	12062489	12062418	Asp	GTC	0	0	69.8	46.80	23.00	Inf	Asp	94.5	high confidence set
Bd1	170	10041195	10041125	Gly	GCC	0	0	66.5	44.80	21.70	Inf	Gly	94.4	high confidence set
Bd1	172	9835446	9835373	Trp	CCA	0	0	72.0	42.50	29.50	Inf	Thr	75.4	IPD:-18.90,isotype mismatch
Bd1	173	6004285	6004213	Arg	CCT	0	0	74.8	55.90	18.90	Inf	Arg	84.6	high confidence set
Bd1	174	5790835	5790763	Arg	ACG	0	0	72.0	49.70	22.30	Inf	Arg	93.9	high confidence set
Bd1	175	5036624	5036553	Gln	CTG	0	0	74.7	50.50	24.20	Inf	Gln	103.8	high confidence set
Bd1	176	4070716	4070646	Gly	GCC	0	0	66.5	44.80	21.70	Inf	Gly	94.4	high confidence set
Bd1	178	2917068	2916996	Glu	CTC	0	0	75.1	49.70	25.40	Inf	Glu	92.7	high confidence set
Bd1	179	2799243	2799160	Leu	CAA	0	0	81.6	58.10	23.50	Inf	Leu	123.8	high confidence set
Bd1	180	2612123	2612052	Pro	AGG	0	0	67.4	34.70	32.70	Inf	Pro	112.3	high confidence set
Bd1	181	1305995	1305924	Cys	GCA	0	0	81.7	56.10	25.60	Inf	Cys	104.3	high confidence set
Bd2	1	401667	401739	Glu	CTC	0	0	75.1	49.70	25.40	Inf	Glu	92.7	high confidence set
Bd2	2	1983615	1983686	Asp	GTC	0	0	69.8	46.80	23.00	Inf	Asp	94.5	high confidence set
Bd2	3	2888122	2888203	Ser	TGA	0	0	78.3	44.40	33.90	Inf	Ser	115.8	high confidence set
Bd2	4	3162651	3162722	Pro	AGG	0	0	67.4	34.70	32.70	Inf	Pro	112.3	high confidence set
Bd2	5	3622362	3622449	Met	CAT	3622400	3622413	64.1	40.70	23.40	Inf	Met	104.0	high confidence set
Bd2	6	4955499	4955571	Glu	CTC	0	0	75.1	49.70	25.40	Inf	Glu	92.7	high confidence set
Bd2	7	6134642	6134713	Lys	TTT	0	0	91.1	67.20	23.90	Inf	Lys	93.8	high confidence set
Bd2	8	6429617	6429689	Glu	CTC	0	0	75.1	49.70	25.40	Inf	Glu	92.7	high confidence set
Bd2	9	6441752	6441823	Gln	CTG	0	0	71.2	46.50	24.70	Inf	Gln	101.3	high confidence set
Bd2	10	6442425	6442496	Gln	CTG	0	0	73.7	48.90	24.80	Inf	Gln	103.9	high confidence set
Bd2	11	10389738	10389809	His	GTG	0	0	63.0	33.70	29.30	Inf	His	87.1	high confidence set
Bd2	12	11213532	11213612	Leu	AAG	0	0	74.0	52.20	21.80	Inf	Leu	110.4	high confidence set
Bd2	14	11511871	11511943	Thr	TGT	0	0	65.7	46.40	19.30	Inf	Thr	80.1	high confidence set
Bd2	15	13619943	13620015	Arg	CCT	0	0	69.1	50.30	18.80	Inf	Arg	81.2	high confidence set
Bd2	16	14454844	14454916	Arg	ACG	0	0	72.0	49.70	22.30	Inf	Arg	93.9	high confidence set
Bd2	17	15325226	15325298	Glu	CTC	0	0	75.1	49.70	25.40	Inf	Glu	92.7	high confidence set
Bd2	19	16657560	16657632	Val	TAC	0	0	71.2	38.40	32.80	Inf	Val	101.5	high confidence set
Bd2	20	16671566	16671638	Lys	CTT	0	0	87.7	67.60	20.10	Inf	Lys	106.7	high confidence set
Bd2	21	17124596	17124668	Lys	CTT	0	0	87.7	67.60	20.10	Inf	Lys	106.7	high confidence set
Bd2	22	17200318	17200391	Asn	GTT	0	0	80.0	54.90	25.10	Inf	Asn	90.6	high confidence set
Bd2	23	17427244	17427316	Arg	ACG	0	0	72.0	49.70	22.30	Inf	Arg	93.9	high confidence set
Bd2	24	17681979	17682050	Asp	GTC	0	0	69.8	46.80	23.00	Inf	Asp	94.5	high confidence set
Bd2	25	17708824	17708895	Asp	GTC	0	0	69.8	46.80	23.00	Inf	Asp	94.5	high confidence set
Bd2	26	17761452	17761541	Met	CAT	17761490	17761505	64.1	40.60	23.50	Inf	Met	104.0	high confidence set
Bd2	27	18175903	18175989	Ser	GGA	0	0	55.8	27.20	28.60	Inf	Ser	70.5	unexpected anticodon
Bd2	29	19706865	19706938	Ile	AAT	0	0	77.0	51.80	25.20	Inf	Ile	102.1	high confidence set
Bd2	30	20079133	20079204	Gly	TCC	0	0	71.0	46.70	24.30	Inf	Gly	82.3	high confidence set
Bd2	31	20327383	20327455	Glu	CTC	0	0	75.1	49.70	25.40	Inf	Glu	92.7	high confidence set
Bd2	33	20961448	20961528	Leu	CAG	0	0	70.7	49.80	20.90	Inf	Leu	111.3	high confidence set
Bd2	34	22529310	22529391	Ser	CGA	0	0	78.9	46.60	32.30	Inf	Ser	122.0	high confidence set
Bd2	36	24228178	24228250	Glu	CTC	0	0	75.1	49.70	25.40	Inf	Glu	92.7	high confidence set
Bd2	37	25509228	25509300	Arg	CCT	0	0	69.1	50.30	18.80	Inf	Arg	81.2	high confidence set
Bd2	38	26260940	26261013	Asn	GTT	0	0	81.1	55.90	25.20	Inf	Asn	91.8	high confidence set
Bd2	40	31347107	31347178	Gln	CTG	0	0	73.7	48.90	24.80	Inf	Gln	103.9	high confidence set
Bd2	41	31743710	31743781	Gln	CTG	0	0	74.7	50.50	24.20	Inf	Gln	103.8	high confidence set
Bd2	42	32785192	32785272	Leu	AAG	0	0	70.1	52.60	17.50	Inf	Leu	105.3	high confidence set
Bd2	43	34571256	34571329	Arg	TCG	0	0	81.9	60.40	21.50	Inf	Arg	92.9	high confidence set
Bd2	44	34943344	34943417	Thr	AGT	0	0	75.0	47.40	27.60	Inf	Thr	89.8	high confidence set
Bd2	45	36471959	36472032	Asn	GTT	0	0	80.0	54.90	25.10	Inf	Asn	90.6	high confidence set
Bd2	46	37579441	37579514	Arg	TCG	0	0	81.9	60.40	21.50	Inf	Arg	92.9	high confidence set
Bd2	47	37886456	37886528	Glu	CTC	0	0	75.1	49.70	25.40	Inf	Glu	92.7	high confidence set
Bd2	48	46145350	46145422	Arg	ACG	0	0	72.0	49.70	22.30	Inf	Arg	93.9	high confidence set
Bd2	49	46902215	46902287	Glu	CTC	0	0	75.1	49.70	25.40	Inf	Glu	92.7	high confidence set
Bd2	50	48568340	48568412	Val	TAC	0	0	71.2	38.40	32.80	Inf	Val	101.5	high confidence set
Bd2	52	48672642	48672714	Lys	CTT	0	0	87.7	67.60	20.10	Inf	Lys	106.7	high confidence set
Bd2	53	49432273	49432345	Lys	CTT	0	0	87.7	67.60	20.10	Inf	Lys	106.7	high confidence set
Bd2	54	49745416	49745488	Arg	ACG	0	0	72.0	49.70	22.30	Inf	Arg	93.9	high confidence set
Bd2	55	50461238	50461311	Thr	AGT	0	0	74.0	45.80	28.20	Inf	Thr	89.0	high confidence set
Bd2	56	50461386	50461457	Gln	CTG	0	0	74.7	50.50	24.20	Inf	Gln	103.8	high confidence set
Bd2	57	50504372	50504443	Asp	GTC	0	0	69.8	46.80	23.00	Inf	Asp	94.5	high confidence set
Bd2	58	50563100	50563185	Met	CAT	50563138	50563149	66.8	40.20	26.60	Inf	Met	102.8	high confidence set
Bd2	59	52342586	52342659	Ile	AAT	0	0	79.3	55.80	23.50	Inf	Ile	104.3	high confidence set
Bd2	60	52721381	52721452	Gly	TCC	0	0	71.0	46.70	24.30	Inf	Gly	82.3	high confidence set
Bd2	61	53200665	53200737	Arg	CCG	0	0	68.3	51.70	16.60	Inf	Arg	71.9	high confidence set
Bd2	62	53275810	53275882	Lys	CTT	0	0	87.7	67.60	20.10	Inf	Lys	106.7	high confidence set
Bd2	63	54836543	54836624	Ser	CGA	0	0	78.9	46.60	32.30	Inf	Ser	122.0	high confidence set
Bd2	64	55069038	55069111	Ile	AAT	0	0	77.0	51.80	25.20	Inf	Ile	102.1	high confidence set
Bd2	65	55352575	55352648	Ile	AAT	0	0	77.7	56.90	20.80	Inf	Ile	98.6	high confidence set
Bd2	66	55382271	55382344	Val	CAC	0	0	79.3	48.30	31.00	Inf	Val	104.5	high confidence set
Bd2	67	55705103	55705176	Ile	AAT	0	0	82.4	55.90	26.50	Inf	Ile	106.7	high confidence set
Bd2	68	56928651	56928722	Lys	TTT	0	0	91.9	68.20	23.70	Inf	Lys	98.4	high confidence set
Bd2	69	57043854	57043934	Leu	AAG	0	0	71.4	51.10	20.30	Inf	Leu	108.5	high confidence set
Bd2	70	58554757	58554836	Leu	TAG	0	0	69.5	48.50	21.00	Inf	Leu	111.5	high confidence set
Bd2	71	58608076	58608158	Leu	TAA	0	0	76.1	38.50	37.60	Inf	Leu	99.9	high confidence set
Bd2	72	58808082	58808155	Val	AAC	0	0	71.5	47.10	24.40	Inf	Val	97.5	high confidence set
Bd2	73	58989800	58989873	Arg	TCG	0	0	81.9	60.40	21.50	Inf	Arg	92.9	high confidence set
Bd2	74	59048255	59048327	Lys	CTT	0	0	88.9	68.80	20.10	Inf	Lys	105.9	high confidence set
Bd2	75	58808279	58808206	Ile	AAT	0	0	82.4	55.90	26.50	Inf	Ile	106.7	high confidence set
Bd2	76	58807045	58806959	Met	CAT	58807007	58806995	64.2	40.70	23.50	Inf	Met	104.0	high confidence set
Bd2	77	58559080	58559009	Cys	GCA	0	0	81.7	56.10	25.60	Inf	Cys	104.3	high confidence set
Bd2	78	58337587	58337515	Arg	TCT	0	0	68.5	50.60	17.90	Inf	Arg	98.8	high confidence set
Bd2	79	57038480	57038400	Leu	AAG	0	0	71.4	51.10	20.30	Inf	Leu	108.5	high confidence set
Bd2	80	56433343	56433271	Ala	AGC	0	0	63.4	38.20	25.20	Inf	Ala	98.3	high confidence set
Bd2	81	55209509	55209436	Ile	TAT	0	0	81.2	65.60	15.60	Inf	Ile	99.4	high confidence set
Bd2	82	55157887	55157806	Ser	AGA	0	0	80.3	44.00	36.30	Inf	Ser	115.3	high confidence set
Bd2	83	54815140	54815067	Val	AAC	0	0	72.5	48.10	24.40	Inf	Val	100.2	high confidence set
Bd2	84	54418934	54418863	Gln	TTG	0	0	76.3	56.30	20.00	Inf	Gln	99.2	high confidence set
Bd2	85	54043072	54042993	Leu	TAG	0	0	69.5	48.50	21.00	Inf	Leu	111.5	high confidence set
Bd2	86	54030631	54030560	Pro	CGG	0	0	59.6	34.50	25.10	Inf	Pro	93.5	high confidence set
Bd2	87	52975157	52975085	Glu	CTC	0	0	75.1	49.70	25.40	Inf	Glu	92.7	high confidence set
Bd2	89	51184839	51184768	Asp	GTC	0	0	69.8	46.80	23.00	Inf	Asp	94.5	high confidence set
Bd2	90	50514373	50514301	Arg	CCG	0	0	69.2	51.50	17.70	Inf	Arg	94.3	high confidence set
Bd2	91	50141362	50141277	Tyr	GTA	50141325	50141313	72.2	38.90	33.30	Inf	Tyr	110.0	high confidence set
Bd2	92	49411976	49411904	Phe	GAA	0	0	78.3	58.40	19.90	Inf	Phe	113.2	high confidence set
Bd2	93	49052717	49052646	Asp	GTC	0	0	69.8	46.80	23.00	Inf	Asp	94.5	high confidence set
Bd2	94	48340982	48340912	Gly	CCC	0	0	65.4	28.10	37.30	Inf	Gly	85.4	high confidence set
Bd2	95	46619584	46619503	Ser	CGA	0	0	78.9	46.60	32.30	Inf	Ser	122.0	high confidence set
Bd2	96	45253453	45253380	Ile	AAT	0	0	79.3	55.80	23.50	Inf	Ile	104.3	high confidence set
Bd2	97	41855434	41855363	Gly	TCC	0	0	71.0	46.70	24.30	Inf	Gly	82.3	high confidence set
Bd2	98	41761984	41761907	Arg	ACG	0	0	57.0	44.90	12.10	Inf	Ile	73.7	IPD:-23.30,isotype mismatch
Bd2	99	39587489	39587417	Ala	TGC	0	0	70.0	45.30	24.70	Inf	Ala	100.6	high confidence set
Bd2	100	39282818	39282739	Leu	TAG	0	0	69.5	48.50	21.00	Inf	Leu	111.5	high confidence set
Bd2	101	34756451	34756378	Asn	GTT	0	0	81.1	55.90	25.20	Inf	Asn	91.8	high confidence set
Bd2	102	34658443	34658372	His	GTG	0	0	63.0	33.70	29.30	Inf	His	87.1	high confidence set
Bd2	103	34326732	34326651	Ser	TGA	0	0	78.2	44.40	33.80	Inf	Ser	107.5	high confidence set
Bd2	104	34086225	34086154	Pro	AGG	0	0	67.4	34.70	32.70	Inf	Pro	112.3	high confidence set
Bd2	106	27494851	27494779	Lys	CTT	0	0	87.7	67.60	20.10	Inf	Lys	106.7	high confidence set
Bd2	108	22873729	22873656	Ile	TAT	0	0	87.1	72.60	14.50	Inf	Ile	104.3	high confidence set
Bd2	109	22818035	22817954	Ser	AGA	0	0	80.3	44.00	36.30	Inf	Ser	115.3	high confidence set
Bd2	110	21695849	21695770	Leu	TAG	0	0	60.8	47.90	12.90	Inf	Leu	102.1	high confidence set
Bd2	111	20774913	20774840	Val	AAC	0	0	72.5	48.10	24.40	Inf	Val	100.2	high confidence set
Bd2	112	18124573	18124502	Asp	GTC	0	0	69.8	46.80	23.00	Inf	Asp	94.5	high confidence set
Bd2	113	17123808	17123736	Phe	GAA	0	0	78.3	58.40	19.90	Inf	Phe	113.2	high confidence set
Bd2	117	15336135	15336064	Asp	GTC	0	0	69.8	46.80	23.00	Inf	Asp	94.5	high confidence set
Bd2	118	15335100	15335029	Asp	GTC	0	0	69.8	46.80	23.00	Inf	Asp	94.5	high confidence set
Bd2	119	14755630	14755549	Ser	CGA	0	0	78.9	46.60	32.30	Inf	Ser	122.0	high confidence set
Bd2	120	13142420	13142348	Val	TAC	0	0	71.2	38.40	32.80	Inf	Val	101.5	high confidence set
Bd2	122	11513219	11513133	Ser	GGA	0	0	62.4	32.70	29.70	Inf	Ser	81.3	unexpected anticodon
Bd2	123	11510059	11509987	Phe	GAA	0	0	68.7	44.80	23.90	Inf	Tyr	76.6	IPD:-5.10,isotype mismatch
Bd2	126	6804153	6804080	Ile	TAT	0	0	87.1	72.60	14.50	Inf	Ile	104.3	high confidence set
Bd2	127	5136048	5135976	Arg	ACG	0	0	72.0	49.70	22.30	Inf	Arg	93.9	high confidence set
Bd2	128	3863491	3863421	Gly	GCC	0	0	66.5	44.80	21.70	Inf	Gly	94.4	high confidence set
Bd2	129	3221384	3221313	Asp	GTC	0	0	69.8	46.80	23.00	Inf	Asp	94.5	high confidence set
Bd2	130	2957657	2957586	Cys	GCA	0	0	81.7	56.10	25.60	Inf	Cys	104.3	high confidence set
Bd2	131	2585221	2585140	Ser	AGA	0	0	80.3	44.00	36.30	Inf	Ser	115.3	high confidence set
Bd2	132	2150233	2150153	Leu	CAG	0	0	70.7	49.80	20.90	Inf	Leu	111.3	high confidence set
Bd2	133	1551783	1551711	Phe	GAA	0	0	78.3	58.40	19.90	Inf	Phe	113.2	high confidence set
Bd2	134	31903	31830	Ile	AAT	0	0	78.5	51.90	26.60	Inf	Ile	90.4	high confidence set
Bd2	135	24518	24445	Ile	AAT	0	0	78.5	51.90	26.60	Inf	Ile	90.4	high confidence set
Bd3	1	967825	967898	Val	AAC	0	0	72.5	48.10	24.40	Inf	Val	100.2	high confidence set
Bd3	2	1173536	1173617	Ser	GCT	0	0	79.0	43.10	35.90	Inf	Ser	108.6	high confidence set
Bd3	5	5459969	5460049	Leu	AAG	0	0	71.4	51.10	20.30	Inf	Leu	108.5	high confidence set
Bd3	6	5496612	5496682	Gly	CCC	0	0	65.4	28.10	37.30	Inf	Gly	85.4	high confidence set
Bd3	7	6972142	6972215	Val	AAC	0	0	72.5	48.10	24.40	Inf	Val	100.2	high confidence set
Bd3	8	7121564	7121635	Gln	CTG	0	0	74.7	50.50	24.20	Inf	Gln	103.8	high confidence set
Bd3	11	11765810	11765882	Arg	TCT	0	0	70.0	49.90	20.10	Inf	Arg	100.1	high confidence set
Bd3	12	12396318	12396389	Gly	TCC	0	0	74.1	46.70	27.40	Inf	Gly	84.2	high confidence set
Bd3	13	14076119	14076191	Lys	CTT	0	0	87.7	67.60	20.10	Inf	Lys	106.7	high confidence set
Bd3	14	14078390	14078462	Lys	CTT	0	0	87.7	67.60	20.10	Inf	Lys	106.7	high confidence set
Bd3	15	15143542	15143614	Arg	TCT	0	0	68.1	50.00	18.10	Inf	Arg	96.3	high confidence set
Bd3	22	27999096	27999167	Asn	GTT	0	0	76.1	53.10	23.00	Inf	Asn	83.1	high confidence set
Bd3	26	29912352	29912425	Ile	AAT	0	0	70.0	52.90	17.10	Inf	Ile	95.3	high confidence set
Bd3	27	33297324	33297394	Cys	GCA	0	0	66.7	40.20	26.50	Inf	Cys	79.1	high confidence set
Bd3	29	35100639	35100709	Gly	GCC	0	0	58.9	46.00	12.90	Inf	Gly	86.1	high confidence set
Bd3	30	35218748	35218828	Leu	AAG	0	0	70.0	52.50	17.50	Inf	Leu	106.7	high confidence set
Bd3	31	35220697	35220777	Leu	AAG	0	0	70.1	52.60	17.50	Inf	Leu	105.3	high confidence set
Bd3	32	36173129	36173201	Ala	TGC	0	0	70.0	45.30	24.70	Inf	Ala	100.6	high confidence set
Bd3	33	36390298	36390368	Gly	GCC	0	0	66.5	44.80	21.70	Inf	Gly	94.4	high confidence set
Bd3	34	37293674	37293746	Ala	AGC	0	0	63.4	38.20	25.20	Inf	Ala	98.3	high confidence set
Bd3	35	37310698	37310768	Gly	GCC	0	0	66.5	44.80	21.70	Inf	Gly	94.4	high confidence set
Bd3	36	37572937	37573022	Tyr	GTA	37572974	37572986	72.2	38.90	33.30	Inf	Tyr	110.0	high confidence set
Bd3	37	37656347	37656419	Lys	CTT	0	0	87.7	67.60	20.10	Inf	Lys	106.7	high confidence set
Bd3	38	37855126	37855198	Lys	CTT	0	0	87.7	67.60	20.10	Inf	Lys	106.7	high confidence set
Bd3	39	39764074	39764146	Ala	CGC	0	0	68.2	44.00	24.20	Inf	Ala	95.8	high confidence set
Bd3	40	41322771	41322844	Ile	AAT	0	0	77.0	51.80	25.20	Inf	Ile	102.1	high confidence set
Bd3	41	42041595	42041667	Phe	GAA	0	0	78.3	58.40	19.90	Inf	Phe	113.2	high confidence set
Bd3	42	43194561	43194634	Val	AAC	0	0	72.5	48.10	24.40	Inf	Val	100.2	high confidence set
Bd3	43	43371096	43371167	Thr	TGT	0	0	84.5	58.50	26.00	Inf	Thr	95.0	high confidence set
Bd3	44	43740555	43740627	Ala	AGC	0	0	63.4	38.70	24.70	Inf	Ala	96.4	high confidence set
Bd3	45	43758574	43758645	Pro	TGG	0	0	69.6	37.70	31.90	Inf	Pro	108.3	high confidence set
Bd3	46	44071118	44071191	Val	CAC	0	0	79.3	48.30	31.00	Inf	Val	104.5	high confidence set
Bd3	47	46013089	46013169	Leu	AAG	0	0	71.5	51.30	20.20	Inf	Leu	107.1	high confidence set
Bd3	48	46717760	46717839	Leu	TAG	0	0	69.5	48.50	21.00	Inf	Leu	111.5	high confidence set
Bd3	49	47529553	47529625	Phe	GAA	0	0	78.3	58.40	19.90	Inf	Phe	113.2	high confidence set
Bd3	50	47681826	47681898	Lys	TTT	0	0	91.5	67.20	24.30	Inf	Lys	101.0	high confidence set
Bd3	51	47884594	47884666	Ala	CGC	0	0	68.2	44.00	24.20	Inf	Ala	95.8	high confidence set
Bd3	53	47953812	47953893	Ser	AGA	0	0	79.6	43.50	36.10	Inf	Ser	114.9	high confidence set
Bd3	54	48665812	48665885	Ile	AAT	0	0	79.3	55.80	23.50	Inf	Ile	104.3	high confidence set
Bd3	55	49489703	49489784	Ser	AGA	0	0	80.3	44.00	36.30	Inf	Ser	115.3	high confidence set
Bd3	56	50718618	50718690	Phe	GAA	0	0	78.3	58.40	19.90	Inf	Phe	113.2	high confidence set
Bd3	57	50743691	50743763	Ala	TGC	0	0	70.0	45.30	24.70	Inf	Ala	100.6	high confidence set
Bd3	58	50979803	50979874	Pro	TGG	0	0	68.5	35.70	32.80	Inf	Pro	111.2	high confidence set
Bd3	59	53776497	53776568	Gln	CTG	0	0	74.7	50.50	24.20	Inf	Gln	103.8	high confidence set
Bd3	60	55997521	55997592	iMet	CAT	0	0	58.3	28.10	30.20	Inf	iMet	118.7	high confidence set
Bd3	62	59173656	59173727	Pro	AGG	0	0	67.4	34.70	32.70	Inf	Pro	112.3	high confidence set
Bd3	64	59395624	59395553	Thr	CGT	0	0	78.4	50.50	27.90	Inf	Thr	89.5	high confidence set
Bd3	65	58874348	58874276	Ala	CGC	0	0	68.2	44.00	24.20	Inf	Ala	95.8	high confidence set
Bd3	66	58310608	58310537	iMet	CAT	0	0	58.3	28.10	30.20	Inf	iMet	118.7	high confidence set
Bd3	67	58125702	58125631	Trp	CCA	0	0	75.8	51.20	24.60	Inf	Trp	105.6	high confidence set
Bd3	68	57841235	57841150	Tyr	GTA	57841198	57841186	74.5	43.00	31.50	Inf	Tyr	111.8	high confidence set
Bd3	70	55764255	55764185	Cys	GCA	0	0	61.1	44.90	16.20	Inf	Cys	87.9	high confidence set
Bd3	71	55673685	55673602	Leu	CAA	0	0	81.6	58.10	23.50	Inf	Leu	123.8	high confidence set
Bd3	72	55156744	55156658	Met	CAT	55156706	55156694	64.2	40.70	23.50	Inf	Met	104.0	high confidence set
Bd3	73	52797344	52797273	iMet	CAT	0	0	58.3	28.10	30.20	Inf	iMet	118.7	high confidence set
Bd3	74	52010968	52010897	Thr	CGT	0	0	80.0	53.40	26.60	Inf	Thr	87.6	high confidence set
Bd3	75	51657903	51657831	Glu	CTC	0	0	75.1	49.70	25.40	Inf	Glu	92.7	high confidence set
Bd3	76	50798093	50798020	Thr	AGT	0	0	73.6	45.20	28.40	Inf	Thr	88.6	high confidence set
Bd3	77	50722548	50722477	Thr	TGT	0	0	79.3	49.30	30.00	Inf	Thr	92.3	high confidence set
Bd3	78	48398343	48398272	Trp	CCA	0	0	75.8	51.20	24.60	Inf	Trp	105.6	high confidence set
Bd3	79	48336038	48335958	Leu	CAG	0	0	70.7	49.80	20.90	Inf	Leu	111.3	high confidence set
Bd3	80	48272042	48271971	Trp	CCA	0	0	75.8	51.20	24.60	Inf	Trp	105.6	high confidence set
Bd3	81	47551818	47551746	Ala	TGC	0	0	70.0	45.30	24.70	Inf	Ala	100.6	high confidence set
Bd3	82	47236092	47236021	Gln	TTG	0	0	75.5	55.10	20.40	Inf	Gln	104.6	high confidence set
Bd3	83	46638471	46638400	Cys	GCA	0	0	78.4	49.90	28.50	Inf	Cys	102.6	high confidence set
Bd3	84	43921930	43921858	Arg	CCG	0	0	64.6	50.00	14.60	Inf	Arg	86.5	high confidence set
Bd3	85	42261159	42261087	Glu	CTC	0	0	75.1	49.70	25.40	Inf	Glu	92.7	high confidence set
Bd3	86	40082491	40082410	Ser	GCT	0	0	79.0	43.10	35.90	Inf	Ser	108.6	high confidence set
Bd3	87	38297761	38297691	Gly	CCC	0	0	65.4	28.10	37.30	Inf	Gly	85.4	high confidence set
Bd3	88	37520162	37520090	Phe	GAA	0	0	78.3	58.40	19.90	Inf	Phe	113.2	high confidence set
Bd3	89	37292535	37292449	Tyr	GTA	37292498	37292485	72.2	38.90	33.30	Inf	Tyr	110.0	high confidence set
Bd3	90	36928502	36928431	Asp	GTC	0	0	69.8	46.80	23.00	Inf	Asp	94.5	high confidence set
Bd3	91	36783324	36783240	Tyr	GTA	36783287	36783276	74.5	43.00	31.50	Inf	Tyr	111.8	high confidence set
Bd3	92	36260188	36260102	Met	CAT	36260150	36260138	64.2	40.70	23.50	Inf	Met	104.0	high confidence set
Bd3	93	31236188	31236116	Ala	AGC	0	0	63.4	38.20	25.20	Inf	Ala	98.3	high confidence set
Bd3	94	31192446	31192375	Thr	TGT	0	0	79.3	49.30	30.00	Inf	Thr	92.3	high confidence set
Bd3	95	29955835	29955762	Asn	GTT	0	0	80.0	54.90	25.10	Inf	Asn	90.6	high confidence set
Bd3	96	29411717	29411647	Gly	GCC	0	0	66.5	44.80	21.70	Inf	Gly	94.4	high confidence set
Bd3	97	28647589	28647517	Lys	CTT	0	0	87.7	67.60	20.10	Inf	Lys	106.7	high confidence set
Bd3	109	25849443	25849371	Lys	TTT	0	0	57.3	39.90	17.40	Inf	Thr	70.2	IPD:-27.50,isotype mismatch
Bd3	110	22972024	22971952	Arg	CCT	0	0	74.8	55.90	18.90	Inf	Arg	84.6	high confidence set
Bd3	111	20584882	20584810	Arg	CCT	0	0	74.4	55.10	19.30	Inf	Arg	85.8	high confidence set
Bd3	113	18289658	18289573	Met	CAT	18289620	18289609	64.2	40.70	23.50	Inf	Met	104.0	high confidence set
Bd3	114	17566146	17566074	Arg	TCT	0	0	68.1	50.00	18.10	Inf	Arg	96.3	high confidence set
Bd3	115	17543288	17543207	Ser	GCT	0	0	79.0	43.10	35.90	Inf	Ser	108.6	high confidence set
Bd3	117	15448912	15448828	Tyr	GTA	15448875	15448864	74.5	43.00	31.50	Inf	Tyr	111.8	high confidence set
Bd3	118	14169817	14169744	Glu	TTC	0	0	62.9	35.40	27.50	Inf	Glu	84.0	high confidence set
Bd3	119	14165519	14165446	Glu	TTC	0	0	62.9	35.40	27.50	Inf	Glu	84.0	high confidence set
Bd3	120	14162829	14162756	Glu	TTC	0	0	62.9	35.40	27.50	Inf	Glu	84.0	high confidence set
Bd3	121	13917162	13917091	Trp	CCA	0	0	75.8	51.20	24.60	Inf	Trp	105.6	high confidence set
Bd3	122	11723323	11723252	Gln	TTG	0	0	75.8	55.40	20.40	Inf	Gln	105.2	high confidence set
Bd3	123	11535021	11534949	Ala	CGC	0	0	68.3	44.10	24.20	Inf	Ala	99.2	high confidence set
Bd3	124	7611024	7610953	Gln	TTG	0	0	66.5	46.20	20.30	Inf	Gln	99.1	high confidence set
Bd3	125	7513681	7513598	Tyr	GTA	0	0	54.3	31.00	23.30	Inf	Tyr	72.5	high confidence set
Bd3	126	7344168	7344095	Val	AAC	0	0	72.5	48.10	24.40	Inf	Val	100.2	high confidence set
Bd3	127	6198731	6198661	Gly	GCC	0	0	66.5	44.80	21.70	Inf	Gly	94.4	high confidence set
Bd3	129	4370333	4370252	Ser	AGA	0	0	80.3	44.00	36.30	Inf	Ser	115.3	high confidence set
Bd3	130	4197323	4197251	Glu	CTC	0	0	75.1	49.70	25.40	Inf	Glu	92.7	high confidence set
Bd3	131	3441030	3440958	Lys	TTT	0	0	90.5	66.90	23.60	Inf	Lys	95.4	high confidence set
Bd3	132	2250208	2250137	His	GTG	0	0	63.0	33.70	29.30	Inf	His	87.1	high confidence set
Bd3	133	1707235	1707154	Ser	GCT	0	0	79.0	43.10	35.90	Inf	Ser	108.6	high confidence set
Bd3	134	1150877	1150805	Ala	AGC	0	0	63.4	38.70	24.70	Inf	Ala	96.4	high confidence set
Bd3	135	979002	978930	Ala	CGC	0	0	68.3	44.10	24.20	Inf	Ala	99.2	high confidence set
Bd4	1	441280	441353	Thr	AGT	0	0	73.6	45.20	28.40	Inf	Thr	88.6	high confidence set
Bd4	2	510506	510578	Arg	CCT	0	0	74.8	55.90	18.90	Inf	Arg	84.6	high confidence set
Bd4	3	2076879	2076952	Glu	TTC	0	0	64.3	38.20	26.10	Inf	Glu	90.4	high confidence set
Bd4	4	3028694	3028766	Lys	CTT	0	0	87.7	67.60	20.10	Inf	Lys	106.7	high confidence set
Bd4	5	3522141	3522213	Lys	CTT	0	0	87.7	67.60	20.10	Inf	Lys	106.7	high confidence set
Bd4	6	3861760	3861833	Val	TAC	0	0	77.8	44.10	33.70	Inf	Val	103.2	high confidence set
Bd4	7	4101580	4101653	Thr	AGT	0	0	75.0	47.40	27.60	Inf	Thr	89.8	high confidence set
Bd4	8	5071784	5071866	Leu	TAA	0	0	71.0	38.50	32.50	Inf	Leu	97.2	high confidence set
Bd4	9	7049510	7049587	Arg	ACG	0	0	57.0	44.90	12.10	Inf	Ile	73.7	IPD:-23.30,isotype mismatch
Bd4	10	11861341	11861423	Leu	TAA	0	0	71.0	38.50	32.50	Inf	Leu	97.2	high confidence set
Bd4	12	14300724	14300795	Pro	AGG	0	0	72.5	42.00	30.50	Inf	Pro	87.4	high confidence set
Bd4	13	14301098	14301169	Pro	AGG	0	0	67.4	34.70	32.70	Inf	Pro	112.3	high confidence set
Bd4	14	14482936	14483023	Tyr	GTA	14482973	14482987	72.1	38.80	33.30	Inf	Tyr	110.0	high confidence set
Bd4	15	14556781	14556854	Val	CAC	0	0	79.3	48.30	31.00	Inf	Val	104.5	high confidence set
Bd4	16	14569940	14570013	Val	CAC	0	0	78.1	48.30	29.80	Inf	Val	102.2	high confidence set
Bd4	19	15202861	15202933	Ala	AGC	0	0	63.4	38.70	24.70	Inf	Ala	96.4	high confidence set
Bd4	20	15209066	15209137	Pro	TGG	0	0	68.5	35.70	32.80	Inf	Pro	111.2	high confidence set
Bd4	27	29050970	29051043	Val	AAC	0	0	72.5	48.10	24.40	Inf	Val	100.2	high confidence set
Bd4	28	30839116	30839187	Pro	CGG	0	0	68.5	36.10	32.40	Inf	Pro	108.5	high confidence set
Bd4	29	31168081	31168164	Leu	CAA	0	0	81.6	58.10	23.50	Inf	Leu	123.8	high confidence set
Bd4	30	31427057	31427130	Val	CAC	0	0	79.3	48.30	31.00	Inf	Val	104.5	high confidence set
Bd4	31	33206451	33206537	Tyr	GTA	33206488	33206501	72.2	38.90	33.30	Inf	Tyr	110.0	high confidence set
Bd4	32	33601129	33601200	Asp	GTC	0	0	69.8	46.80	23.00	Inf	Asp	94.5	high confidence set
Bd4	33	33755413	33755485	Phe	GAA	0	0	78.3	58.40	19.90	Inf	Phe	113.2	high confidence set
Bd4	34	34197070	34197141	His	GTG	0	0	63.0	33.70	29.30	Inf	His	87.1	high confidence set
Bd4	35	34418463	34418535	Lys	CTT	0	0	87.7	67.60	20.10	Inf	Lys	106.7	high confidence set
Bd4	36	34720183	34720255	Lys	CTT	0	0	87.7	67.60	20.10	Inf	Lys	106.7	high confidence set
Bd4	37	35758453	35758533	Leu	CAG	0	0	70.7	49.80	20.90	Inf	Leu	111.3	high confidence set
Bd4	38	36775448	36775520	Ala	CGC	0	0	68.2	44.00	24.20	Inf	Ala	95.8	high confidence set
Bd4	39	38886590	38886663	Ile	AAT	0	0	79.3	55.80	23.50	Inf	Ile	104.3	high confidence set
Bd4	40	39408899	39408971	Phe	GAA	0	0	78.3	58.40	19.90	Inf	Phe	113.2	high confidence set
Bd4	42	42750725	42750797	Arg	TCT	0	0	68.1	50.00	18.10	Inf	Arg	96.3	high confidence set
Bd4	43	43237542	43237614	Arg	CCG	0	0	69.2	51.50	17.70	Inf	Arg	94.3	high confidence set
Bd4	44	44945863	44945934	Lys	TTT	0	0	91.1	67.20	23.90	Inf	Lys	93.8	high confidence set
Bd4	45	45662315	45662388	Thr	AGT	0	0	73.6	45.20	28.40	Inf	Thr	88.6	high confidence set
Bd4	46	46220425	46220498	Glu	TTC	0	0	63.2	35.80	27.40	Inf	Glu	83.5	high confidence set
Bd4	47	46498658	46498730	Ala	AGC	0	0	63.4	38.70	24.70	Inf	Ala	96.4	high confidence set
Bd4	48	47394932	47395004	Ala	TGC	0	0	70.0	45.30	24.70	Inf	Ala	100.6	high confidence set
Bd4	49	47958205	47958276	Pro	CGG	0	0	65.2	35.80	29.40	Inf	Pro	103.5	high confidence set
Bd4	50	48124716	48124643	Ile	AAT	0	0	79.3	55.80	23.50	Inf	Ile	104.3	high confidence set
Bd4	51	48094848	48094777	Pro	CGG	0	0	68.5	36.10	32.40	Inf	Pro	108.5	high confidence set
Bd4	52	47823695	47823614	Ser	TGA	0	0	78.2	44.40	33.80	Inf	Ser	107.5	high confidence set
Bd4	53	47687351	47687268	Leu	CAA	0	0	80.6	57.10	23.50	Inf	Leu	121.6	high confidence set
Bd4	54	47277307	47277234	Val	CAC	0	0	79.3	48.30	31.00	Inf	Val	104.5	high confidence set
Bd4	55	45342137	45342065	Arg	TCT	0	0	70.3	50.10	20.20	Inf	Arg	98.6	high confidence set
Bd4	56	44943835	44943763	Ala	TGC	0	0	69.6	44.70	24.90	Inf	Ala	98.6	high confidence set
Bd4	58	44522689	44522619	Gly	GCC	0	0	66.5	44.80	21.70	Inf	Gly	94.4	high confidence set
Bd4	59	43362983	43362912	Pro	CGG	0	0	68.5	36.10	32.40	Inf	Pro	108.5	high confidence set
Bd4	60	43128378	43128306	Arg	CCG	0	0	69.2	51.50	17.70	Inf	Arg	94.3	high confidence set
Bd4	61	42847634	42847562	Glu	CTC	0	0	68.1	44.90	23.20	Inf	Glu	85.3	high confidence set
Bd4	62	42701647	42701566	Ser	AGA	0	0	80.3	44.00	36.30	Inf	Ser	115.3	high confidence set
Bd4	63	42360363	42360292	Thr	CGT	0	0	77.2	51.50	25.70	Inf	Thr	84.4	high confidence set
Bd4	64	41782035	41781963	Ala	AGC	0	0	63.4	38.20	25.20	Inf	Ala	98.3	high confidence set
Bd4	65	41661530	41661459	Pro	TGG	0	0	69.6	37.70	31.90	Inf	Pro	108.3	high confidence set
Bd4	66	41010697	41010626	Lys	TTT	0	0	91.9	68.20	23.70	Inf	Lys	94.4	high confidence set
Bd4	67	40542643	40542572	Thr	TGT	0	0	81.4	58.50	22.90	Inf	Thr	92.5	high confidence set
Bd4	68	40265184	40265111	Asn	GTT	0	0	81.1	55.90	25.20	Inf	Asn	91.8	high confidence set
Bd4	70	35649966	35649893	Ile	AAT	0	0	77.0	51.80	25.20	Inf	Ile	102.1	high confidence set
Bd4	71	35173903	35173833	Gly	CCC	0	0	65.4	28.10	37.30	Inf	Gly	85.4	high confidence set
Bd4	72	34260297	34260211	Tyr	GTA	34260260	34260247	74.4	42.90	31.50	Inf	Tyr	111.8	high confidence set
Bd4	73	33745737	33745665	Lys	CTT	0	0	87.7	67.60	20.10	Inf	Lys	106.7	high confidence set
Bd4	74	33341635	33341562	Val	CAC	0	0	78.1	48.30	29.80	Inf	Val	102.2	high confidence set
Bd4	75	31753450	31753377	Ile	AAT	0	0	79.3	55.80	23.50	Inf	Ile	104.3	high confidence set
Bd4	76	31745189	31745118	Pro	CGG	0	0	68.5	36.10	32.40	Inf	Pro	108.5	high confidence set
Bd4	77	31403649	31403577	Ala	TGC	0	0	69.6	44.70	24.90	Inf	Ala	98.6	high confidence set
Bd4	78	30163889	30163818	Pro	AGG	0	0	67.4	34.70	32.70	Inf	Pro	112.3	high confidence set
Bd4	80	29764162	29764091	His	GTG	0	0	63.0	33.70	29.30	Inf	His	87.1	high confidence set
Bd4	81	28636751	28636679	Arg	TCT	0	0	68.8	51.30	17.50	Inf	Arg	97.8	high confidence set
Bd4	82	26783666	26783595	Lys	TTT	0	0	91.1	67.20	23.90	Inf	Lys	93.8	high confidence set
Bd4	87	17114285	17114212	Glu	TTC	0	0	64.3	38.20	26.10	Inf	Glu	90.4	high confidence set
Bd4	89	15258218	15258146	Ala	AGC	0	0	53.5	35.30	18.20	Inf	Ala	87.1	high confidence set
Bd4	90	14481934	14481862	Ala	AGC	0	0	63.4	38.20	25.20	Inf	Ala	98.3	high confidence set
Bd4	91	13979950	13979879	Pro	AGG	0	0	72.5	42.00	30.50	Inf	Pro	87.4	high confidence set
Bd4	92	13979553	13979482	Pro	AGG	0	0	67.4	34.70	32.70	Inf	Pro	112.3	high confidence set
Bd4	94	13957863	13957790	Ile	GAT	0	0	63.3	47.50	15.80	Inf	Thr	72.0	IPD:-11.30,isotype mismatch
Bd4	95	13621295	13621214	Ser	GCT	0	0	79.0	43.10	35.90	Inf	Ser	108.6	high confidence set
Bd4	97	8602082	8602010	Lys	CTT	0	0	87.7	67.60	20.10	Inf	Lys	106.7	high confidence set
Bd4	98	7437044	7436973	Trp	CCA	0	0	75.8	51.20	24.60	Inf	Trp	105.6	high confidence set
Bd4	101	5869693	5869622	Pro	AGG	0	0	67.4	34.70	32.70	Inf	Pro	112.3	high confidence set
Bd4	102	4906862	4906791	Pro	AGG	0	0	67.4	34.70	32.70	Inf	Pro	112.3	high confidence set
Bd4	103	4675663	4675593	Gly	CCC	0	0	65.4	28.10	37.30	Inf	Gly	85.4	high confidence set
Bd4	104	3891449	3891379	Gly	GCC	0	0	66.5	44.80	21.70	Inf	Gly	94.4	high confidence set
Bd4	105	3878045	3877974	Pro	AGG	0	0	67.4	34.70	32.70	Inf	Pro	112.3	high confidence set
Bd4	106	3773360	3773289	Gly	TCC	0	0	74.1	46.70	27.40	Inf	Gly	84.2	high confidence set
Bd4	107	3065790	3065718	Arg	ACG	0	0	72.0	49.70	22.30	Inf	Arg	93.9	high confidence set
Bd4	109	1340225	1340136	Met	CAT	1340187	1340172	64.1	40.60	23.50	Inf	Met	104.0	high confidence set
Bd4	110	752578	752508	Gly	GCC	0	0	66.5	44.80	21.70	Inf	Gly	94.4	high confidence set
Bd4	111	500313	500242	Gln	CTG	0	0	74.7	50.50	24.20	Inf	Gln	103.8	high confidence set
Bd5	1	376830	376902	Arg	ACG	0	0	72.0	49.70	22.30	Inf	Arg	93.9	high confidence set
Bd5	4	6699455	6699542	Ser	GCT	0	0	69.2	39.20	30.00	Inf	Ser	84.1	high confidence set
Bd5	6	9334343	9334426	Tyr	GTA	0	0	54.3	31.00	23.30	Inf	Tyr	72.5	high confidence set
Bd5	8	9887717	9887789	Ala	AGC	0	0	63.4	38.20	25.20	Inf	Ala	98.3	high confidence set
Bd5	10	11018418	11018489	Gly	TCC	0	0	74.1	46.70	27.40	Inf	Gly	84.2	high confidence set
Bd5	11	11239627	11239707	Leu	AAG	0	0	68.7	50.70	18.00	Inf	Leu	101.8	high confidence set
Bd5	12	12195242	12195315	Asn	GTT	0	0	84.5	59.40	25.10	Inf	Asn	95.9	high confidence set
Bd5	13	14062558	14062630	Phe	GAA	0	0	72.8	52.80	20.00	Inf	Phe	107.7	high confidence set
Bd5	17	15726730	15726802	Arg	ACG	0	0	72.0	49.70	22.30	Inf	Arg	93.9	high confidence set
Bd5	18	16687931	16688004	Ile	AAT	0	0	79.3	55.80	23.50	Inf	Ile	104.3	high confidence set
Bd5	19	18409133	18409206	Thr	AGT	0	0	73.6	45.20	28.40	Inf	Thr	88.6	high confidence set
Bd5	20	19812915	19812987	Phe	GAA	0	0	78.3	58.40	19.90	Inf	Phe	113.2	high confidence set
Bd5	21	19859329	19859401	Ala	TGC	0	0	70.0	45.30	24.70	Inf	Ala	100.6	high confidence set
Bd5	22	20450581	20450652	Pro	CGG	0	0	68.5	36.10	32.40	Inf	Pro	108.5	high confidence set
Bd5	23	21288953	21289024	Cys	GCA	0	0	82.1	59.90	22.20	Inf	Cys	106.6	high confidence set
Bd5	24	21628078	21628149	Thr	CGT	0	0	80.5	54.30	26.20	Inf	Thr	87.3	high confidence set
Bd5	25	23071773	23071859	Met	CAT	23071811	23071823	64.2	40.70	23.50	Inf	Met	104.0	high confidence set
Bd5	27	25808106	25808178	Phe	GAA	0	0	68.7	44.80	23.90	Inf	Tyr	76.6	IPD:-5.10,isotype mismatch
Bd5	28	25819524	25819597	Pro	TGG	0	0	63.6	30.20	33.40	Inf	Trp	70.3	IPD:-10.80,isotype mismatch
Bd5	29	25819738	25819811	Trp	CCA	0	0	66.5	40.70	25.80	Inf	Thr	71.1	IPD:-24.10,isotype mismatch
Bd5	30	28350353	28350282	Gln	TTG	0	0	75.8	55.40	20.40	Inf	Gln	105.2	high confidence set
Bd5	31	27946867	27946781	Tyr	GTA	27946830	27946817	74.4	42.90	31.50	Inf	Tyr	111.8	high confidence set
Bd5	32	27088825	27088753	Ala	CGC	0	0	68.3	44.10	24.20	Inf	Ala	99.2	high confidence set
Bd5	33	25806277	25806205	Thr	TGT	0	0	62.8	47.10	15.70	Inf	Thr	77.8	high confidence set
Bd5	35	25796410	25796339	Arg	TCT	0	0	58.3	25.60	32.70	Inf	Gln	70.8	IPD:-24.50,isotype mismatch
Bd5	36	25708650	25708577	Glu	TTC	0	0	64.3	38.20	26.10	Inf	Glu	90.4	high confidence set
Bd5	37	25483014	25482943	Trp	CCA	0	0	75.8	51.20	24.60	Inf	Trp	105.6	high confidence set
Bd5	38	24632648	24632575	Val	AAC	0	0	72.5	48.10	24.40	Inf	Val	100.2	high confidence set
Bd5	39	24592613	24592528	Tyr	GTA	24592576	24592564	74.5	42.90	31.60	Inf	Tyr	111.8	high confidence set
Bd5	40	24151073	24151001	Ala	CGC	0	0	68.3	44.10	24.20	Inf	Ala	99.2	high confidence set
Bd5	41	23029638	23029565	Ile	GAT	0	0	70.5	54.40	16.10	Inf	Thr	75.2	IPD:-2.10,isotype mismatch
Bd5	42	22366576	22366503	Trp	CCA	0	0	63.9	34.90	29.00	Inf	Thr	71.4	IPD:-13.80,isotype mismatch
Bd5	43	22038766	22038694	Val	TAC	0	0	71.5	38.40	33.10	Inf	Val	99.9	high confidence set
Bd5	44	18950301	18950231	Gly	GCC	0	0	62.1	40.30	21.80	Inf	Gly	89.2	high confidence set
Bd5	45	18934243	18934170	Ile	AAT	0	0	79.3	55.80	23.50	Inf	Ile	104.3	high confidence set
Bd5	46	18387396	18387323	Ile	AAT	0	0	77.0	51.80	25.20	Inf	Ile	102.1	high confidence set
Bd5	47	18158207	18158134	Val	CAC	0	0	79.3	48.30	31.00	Inf	Val	104.5	high confidence set
Bd5	48	17699860	17699778	Leu	TAA	0	0	71.0	38.50	32.50	Inf	Leu	97.2	high confidence set
Bd5	49	16027734	16027663	Trp	CCA	0	0	75.8	51.20	24.60	Inf	Trp	105.6	high confidence set
Bd5	50	15826016	15825945	Trp	CCA	0	0	75.8	51.20	24.60	Inf	Trp	105.6	high confidence set
Bd5	51	15028890	15028818	Lys	TTT	0	0	91.5	67.20	24.30	Inf	Lys	101.0	high confidence set
Bd5	52	14794205	14794133	Ala	CGC	0	0	68.2	44.00	24.20	Inf	Ala	95.8	high confidence set
Bd5	54	14216353	14216281	Ala	TGC	0	0	70.0	45.30	24.70	Inf	Ala	100.6	high confidence set
Bd5	55	10765166	10765093	Val	CAC	0	0	62.2	46.50	15.70	Inf	Val	86.6	high confidence set
Bd5	60	468829	468749	Leu	AAG	0	0	71.4	51.10	20.30	Inf	Leu	108.5	high confidence set
