EukHighConfidenceFilter v1.0 Summary
Completed Time: Mon Sep 19 23:42:51 2022

Inputs
------------------------------------------------------
tRNAscan-SE output file: Bdistachyon_556_v3.0_trnascan-se.output
tRNAscan-SE ss file: Bdistachyon_556_v3.0_trnascan-se.struct
Secondary filtering domain-specific model score cutoff: 50
Secondary filtering secondary structure score cutoff: 10
Secondary filtering isotype-specific model score cutoff: 70
Tertiary filtering isotype-specific model starting score cutoff: 70
Tertiary filtering maximum isotype-specific model score cutoff: 95
Remove filtered hits: Yes

Outputs
------------------------------------------------------
tRNAscan-SE output file: hi_conf_Bdistachyon/Bdistachyon_556_v3.0.out
tRNAscan-SE ss file: hi_conf_Bdistachyon/Bdistachyon_556_v3.0.ss
Summary file: hi_conf_Bdistachyon/Bdistachyon_556_v3.0.log

Summary statistics
------------------------------------------------------
Total tRNA predictions:                                625
Possible pseudogenes:                                  14
tRNAs with scores lower than secondary cutoffs:        111
tRNAs failed tertiary filter:                          0

tRNAs after filtering:                                 500

tRNAs with mismatched isotype:                         21
tRNAs with undetermined isotype:                       0
tRNAs with unexpected anticodon:                       3

High confidence set:                                   476

Isotype / Anticodon Counts After Filtering
------------------------------------------------------

Ala     : 39	  AGC: 19      GGC: 0       CGC: 11      TGC: 9     
Gly     : 37	  ACC: 0       GCC: 20      CCC: 9       TCC: 8     
Pro     : 32	  AGG: 13      GGG: 0       CGG: 8       TGG: 11    
Thr     : 26	  AGT: 11      GGT: 0       CGT: 6       TGT: 9     
Val     : 29	  AAC: 13      GAC: 0       CAC: 11      TAC: 5     
Ser     : 33	  AGA: 10      GGA: 3       CGA: 5       TGA: 5       ACT: 0       GCT: 10                              
Arg     : 43	  ACG: 14      GCG: 0       CCG: 6       TCG: 5                                 CCT: 9       TCT: 9     
Leu     : 37	  AAG: 14      GAG: 0       CAG: 8       TAG: 5                                 CAA: 6       TAA: 4     
Phe     : 17	  AAA: 0       GAA: 17                              
Asn     : 13	  ATT: 0       GTT: 13                              
Lys     : 28	                            CTT: 18      TTT: 10    
Asp     : 19	  ATC: 0       GTC: 19                              
Glu     : 28	                            CTC: 18      TTC: 10    
His     : 10	  ATG: 0       GTG: 10                              
Gln     : 17	                            CTG: 11      TTG: 6     
Ile     : 25	  AAT: 20      GAT: 2                    TAT: 3     
Met     : 23	                            CAT: 23                 
Tyr     : 16	  ATA: 0       GTA: 16                              
Supres  : 0	                            CTA: 0       TTA: 0     
Cys     : 12	  ACA: 0       GCA: 12                              
Trp     : 16	                            CCA: 16                 
SelCys  : 0	                                         TCA: 0     

