Sequence    		tRNA     	Bounds   	tRNA	Anti	Intron Bounds	Inf	HMM	2'Str	Hit	Isotype	Isotype	      
Name        	tRNA#	Begin    	End      	Type	Codon	Begin	End	Score	Score	Score	Origin	CM	Score	Note
--------    	------	-----    	------   	----	-----	-----	----	------	-----	-----	------	-------	-------	------
HanXRQChr01	2	737724	737803	Leu	TAG	0	0	69.3	49.20	20.10	Inf	Leu	104.1	high confidence set
HanXRQChr01	3	1274288	1274359	His	GTG	0	0	63.0	33.70	29.30	Inf	His	86.8	high confidence set
HanXRQChr01	6	22182554	22182625	Trp	CCA	0	0	75.8	51.20	24.60	Inf	Trp	105.6	high confidence set
HanXRQChr01	10	74920791	74920870	Leu	TAG	0	0	60.9	40.00	20.90	Inf	Leu	102.9	high confidence set
HanXRQChr01	11	75654660	75654730	Cys	GCA	0	0	64.9	46.30	18.60	Inf	Cys	73.4	high confidence set
HanXRQChr01	27	76454036	76454108	Val	TAC	0	0	73.9	47.50	26.40	Inf	Val	107.2	high confidence set
HanXRQChr01	40	89312893	89312967	Phe	GAA	0	0	61.0	48.90	12.10	Inf	Phe	96.8	high confidence set
HanXRQChr01	43	100354562	100354644	Leu	TAA	0	0	70.2	35.70	34.50	Inf	Leu	94.2	high confidence set
HanXRQChr01	49	117295469	117295542	Trp	CCA	0	0	71.6	38.20	33.40	Inf	Thr	75.4	IPD:-18.00,isotype mismatch
HanXRQChr01	51	125328423	125328504	Ser	AGA	0	0	71.6	43.30	28.30	Inf	Ser	105.1	high confidence set
HanXRQChr01	52	126919667	126919754	Tyr	GTA	126919704	126919718	74.4	43.10	31.30	Inf	Tyr	111.8	high confidence set
HanXRQChr01	53	126925103	126925190	Tyr	GTA	126925140	126925154	74.4	43.10	31.30	Inf	Tyr	111.8	high confidence set
HanXRQChr01	55	128768303	128768384	Ser	AGA	0	0	79.6	43.50	36.10	Inf	Ser	114.9	high confidence set
HanXRQChr01	58	145422795	145422867	Arg	TCT	0	0	68.1	50.00	18.10	Inf	Arg	96.3	high confidence set
HanXRQChr01	62	151357091	151357018	Thr	AGT	0	0	76.0	48.40	27.60	Inf	Thr	90.6	high confidence set
HanXRQChr01	63	143288314	143288242	Lys	TTT	0	0	87.3	67.40	19.90	Inf	Lys	95.5	high confidence set
HanXRQChr01	64	139268211	139268140	Glu	TTC	0	0	70.5	45.30	25.20	Inf	Glu	97.5	high confidence set
HanXRQChr01	65	139162873	139162801	Arg	CCT	0	0	74.8	55.90	18.90	Inf	Arg	87.5	high confidence set
HanXRQChr01	67	137433919	137433848	iMet	CAT	0	0	58.3	28.10	30.20	Inf	iMet	118.7	high confidence set
HanXRQChr01	68	137433753	137433682	Pro	CGG	0	0	68.4	35.70	32.70	Inf	Pro	111.1	high confidence set
HanXRQChr01	69	137432490	137432419	Pro	TGG	0	0	68.5	35.70	32.80	Inf	Pro	111.2	high confidence set
HanXRQChr01	70	137426623	137426552	Pro	AGG	0	0	67.4	34.70	32.70	Inf	Pro	112.3	high confidence set
HanXRQChr01	83	114697728	114697656	Phe	GAA	0	0	76.1	54.40	21.70	Inf	Phe	115.3	high confidence set
HanXRQChr01	86	88439194	88439115	Leu	TAG	0	0	70.9	50.70	20.20	Inf	Leu	109.5	high confidence set
HanXRQChr01	87	88437133	88437061	Arg	ACG	0	0	72.5	49.90	22.60	Inf	Arg	93.8	high confidence set
HanXRQChr01	90	79090112	79090040	Val	TAC	0	0	73.9	47.50	26.40	Inf	Val	107.2	high confidence set
HanXRQChr01	91	79082856	79082784	Val	TAC	0	0	73.9	47.50	26.40	Inf	Val	107.2	high confidence set
HanXRQChr01	92	79072678	79072606	Val	TAC	0	0	73.9	47.50	26.40	Inf	Val	107.2	high confidence set
HanXRQChr01	94	76643032	76642960	Val	TAC	0	0	73.9	47.50	26.40	Inf	Val	107.2	high confidence set
HanXRQChr01	95	76642880	76642808	Val	TAC	0	0	73.9	47.50	26.40	Inf	Val	107.2	high confidence set
HanXRQChr01	98	76620983	76620911	Val	TAC	0	0	73.9	47.50	26.40	Inf	Val	107.2	high confidence set
HanXRQChr01	99	76620830	76620758	Val	TAC	0	0	73.9	47.50	26.40	Inf	Val	107.2	high confidence set
HanXRQChr01	102	76126887	76126815	Val	TAC	0	0	73.9	47.50	26.40	Inf	Val	107.2	high confidence set
HanXRQChr01	103	76008642	76008570	Val	TAC	0	0	73.9	47.50	26.40	Inf	Val	107.2	high confidence set
HanXRQChr01	104	76008489	76008417	Val	TAC	0	0	61.5	46.20	15.30	Inf	Val	89.2	high confidence set
HanXRQChr01	105	76000870	76000798	Val	TAC	0	0	73.9	47.50	26.40	Inf	Val	107.2	high confidence set
HanXRQChr01	106	75991025	75990953	Val	TAC	0	0	73.3	45.20	28.10	Inf	Val	106.9	high confidence set
HanXRQChr01	107	75988289	75988217	Val	TAC	0	0	65.7	46.90	18.80	Inf	Val	101.2	high confidence set
HanXRQChr01	108	75965064	75964992	Val	TAC	0	0	66.4	40.10	26.30	Inf	Val	95.1	high confidence set
HanXRQChr01	109	75955368	75955296	Val	TAC	0	0	64.3	42.90	21.40	Inf	Val	98.4	high confidence set
HanXRQChr01	110	75941068	75940996	Val	TAC	0	0	73.9	47.50	26.40	Inf	Val	107.2	high confidence set
HanXRQChr01	111	75937891	75937819	Val	TAC	0	0	60.3	42.40	17.90	Inf	Val	88.7	high confidence set
HanXRQChr01	112	75935963	75935891	Val	TAC	0	0	73.9	47.50	26.40	Inf	Val	107.2	high confidence set
HanXRQChr01	113	75925914	75925842	Val	TAC	0	0	73.9	47.50	26.40	Inf	Val	107.2	high confidence set
HanXRQChr01	115	74549763	74549691	Glu	CTC	0	0	71.6	52.10	19.50	Inf	Glu	90.7	high confidence set
HanXRQChr01	116	74431204	74431132	Arg	CCT	0	0	69.1	50.30	18.80	Inf	Arg	81.2	high confidence set
HanXRQChr01	119	72292862	72292790	Ala	AGC	0	0	63.4	38.20	25.20	Inf	Ala	98.3	high confidence set
HanXRQChr01	120	72232792	72232721	Asp	GTC	0	0	67.0	47.30	19.70	Inf	Asp	95.1	high confidence set
HanXRQChr01	121	72207747	72207676	Asp	GTC	0	0	67.0	47.30	19.70	Inf	Asp	95.1	high confidence set
HanXRQChr01	123	70308312	70308239	Val	CAC	0	0	81.5	53.50	28.00	Inf	Val	103.7	high confidence set
HanXRQChr01	125	65022994	65022922	Ala	TGC	0	0	63.7	38.60	25.10	Inf	Ala	96.5	high confidence set
HanXRQChr01	126	57338336	57338265	Asp	GTC	0	0	67.0	47.30	19.70	Inf	Asp	95.1	high confidence set
HanXRQChr01	129	55905713	55905640	Trp	CCA	0	0	71.6	38.20	33.40	Inf	Thr	75.4	IPD:-18.00,isotype mismatch
HanXRQChr01	133	8377176	8377105	Gln	TTG	0	0	73.5	53.70	19.80	Inf	Gln	104.8	high confidence set
HanXRQChr02	1	6745767	6745839	Lys	CTT	0	0	87.7	67.60	20.10	Inf	Lys	106.7	high confidence set
HanXRQChr02	2	7023694	7023775	Ser	CGA	0	0	78.9	46.60	32.30	Inf	Ser	122.0	high confidence set
HanXRQChr02	3	8935625	8935708	Leu	CAA	0	0	80.4	55.30	25.10	Inf	Leu	128.3	high confidence set
HanXRQChr02	4	9133308	9133378	Cys	GCA	0	0	64.9	46.30	18.60	Inf	Cys	73.4	high confidence set
HanXRQChr02	7	16843751	16843832	Ser	AGA	0	0	79.4	43.10	36.30	Inf	Ser	115.0	high confidence set
HanXRQChr02	10	21921050	21921124	Phe	GAA	0	0	61.0	48.90	12.10	Inf	Phe	96.8	high confidence set
HanXRQChr02	12	34743769	34743841	Lys	CTT	0	0	87.7	67.60	20.10	Inf	Lys	106.7	high confidence set
HanXRQChr02	17	69731132	69731218	Ser	GGA	0	0	60.2	34.00	26.20	Inf	Ser	73.6	unexpected anticodon
HanXRQChr02	20	69749491	69749577	Ser	GGA	0	0	60.2	34.00	26.20	Inf	Ser	73.6	unexpected anticodon
HanXRQChr02	27	96937122	96937196	Phe	GAA	0	0	61.0	48.90	12.10	Inf	Phe	96.8	high confidence set
HanXRQChr02	33	104367701	104367773	Thr	TGT	0	0	66.8	49.90	16.90	Inf	Thr	80.9	high confidence set
HanXRQChr02	37	137636412	137636492	Leu	AAG	0	0	74.0	52.20	21.80	Inf	Leu	110.4	high confidence set
HanXRQChr02	39	143751133	143751213	Leu	AAG	0	0	74.0	52.20	21.80	Inf	Leu	110.4	high confidence set
HanXRQChr02	40	152660746	152660818	Arg	TCT	0	0	68.1	50.00	18.10	Inf	Arg	96.3	high confidence set
HanXRQChr02	41	153847518	153847591	Ile	TAT	0	0	85.9	70.60	15.30	Inf	Ile	103.9	high confidence set
HanXRQChr02	42	154234631	154234703	Val	TAC	0	0	69.6	46.90	22.70	Inf	Val	98.9	high confidence set
HanXRQChr02	43	154237808	154237880	Val	TAC	0	0	60.3	42.40	17.90	Inf	Val	88.7	high confidence set
HanXRQChr02	44	154239730	154239802	Val	TAC	0	0	71.2	45.10	26.10	Inf	Val	104.0	high confidence set
HanXRQChr02	46	163550554	163550636	Leu	TAA	0	0	69.5	31.10	38.40	Inf	Leu	93.0	high confidence set
HanXRQChr02	51	171928397	171928468	iMet	CAT	0	0	58.3	28.10	30.20	Inf	iMet	118.7	high confidence set
HanXRQChr02	70	169380177	169380091	Ser	GGA	0	0	59.2	33.00	26.20	Inf	Ser	71.6	unexpected anticodon
HanXRQChr02	81	137634864	137634792	Ala	AGC	0	0	63.4	38.20	25.20	Inf	Ala	98.3	high confidence set
HanXRQChr02	83	134733064	134732993	His	GTG	0	0	63.0	33.70	29.30	Inf	His	86.8	high confidence set
HanXRQChr02	84	134645451	134645379	Lys	CTT	0	0	87.7	67.60	20.10	Inf	Lys	106.7	high confidence set
HanXRQChr02	85	134645266	134645194	Lys	CTT	0	0	87.7	67.60	20.10	Inf	Lys	106.7	high confidence set
HanXRQChr02	86	134276372	134276299	Thr	AGT	0	0	76.0	48.40	27.60	Inf	Thr	90.6	high confidence set
HanXRQChr02	90	104369139	104369053	Ser	GGA	0	0	60.2	34.00	26.20	Inf	Ser	73.6	unexpected anticodon
HanXRQChr02	95	100945422	100945351	His	GTG	0	0	63.0	33.70	29.30	Inf	His	86.8	high confidence set
HanXRQChr02	99	69778154	69778072	Ser	TGA	0	0	69.9	37.10	32.80	Inf	Ser	74.2	high confidence set
HanXRQChr02	103	69750926	69750854	Thr	TGT	0	0	66.8	49.90	16.90	Inf	Thr	80.9	high confidence set
HanXRQChr02	104	69732569	69732497	Thr	TGT	0	0	63.7	46.80	16.90	Inf	Thr	77.9	high confidence set
HanXRQChr02	112	32788881	32788789	Tyr	GTA	32788844	32788825	69.5	42.60	26.90	Inf	Tyr	105.1	high confidence set
HanXRQChr02	113	22444517	22444433	Met	CAT	22444479	22444469	64.3	40.80	23.50	Inf	Met	104.0	high confidence set
HanXRQChr02	119	7088344	7088271	Asn	GTT	0	0	84.5	59.40	25.10	Inf	Asn	95.9	high confidence set
HanXRQChr02	120	7079057	7078976	Ser	CGA	0	0	78.9	46.60	32.30	Inf	Ser	122.0	high confidence set
HanXRQChr02	121	7038059	7037987	Ala	TGC	0	0	70.0	45.30	24.70	Inf	Ala	100.6	high confidence set
HanXRQChr02	122	7035969	7035897	Ala	TGC	0	0	70.0	45.30	24.70	Inf	Ala	100.6	high confidence set
HanXRQChr03	1	2610975	2611055	Leu	AAG	0	0	74.0	52.20	21.80	Inf	Leu	110.4	high confidence set
HanXRQChr03	2	4342341	4342412	Glu	TTC	0	0	56.7	40.70	16.00	Inf	Glu	82.0	high confidence set
HanXRQChr03	3	4347942	4348013	Glu	TTC	0	0	70.5	45.30	25.20	Inf	Glu	97.5	high confidence set
HanXRQChr03	5	9586281	9586361	Leu	AAG	0	0	74.0	52.20	21.80	Inf	Leu	110.4	high confidence set
HanXRQChr03	6	14156442	14156523	Ser	AGA	0	0	78.7	42.50	36.20	Inf	Ser	114.6	high confidence set
HanXRQChr03	7	14159044	14159125	Ser	AGA	0	0	78.7	42.50	36.20	Inf	Ser	114.6	high confidence set
HanXRQChr03	8	14164317	14164398	Ser	AGA	0	0	72.4	39.00	33.40	Inf	Ser	108.2	high confidence set
HanXRQChr03	9	19074299	19074370	iMet	CAT	0	0	58.3	28.10	30.20	Inf	iMet	118.7	high confidence set
HanXRQChr03	13	21783501	21783575	Phe	GAA	0	0	61.0	48.90	12.10	Inf	Phe	96.8	high confidence set
HanXRQChr03	15	29416252	29416335	Leu	CAA	0	0	79.5	54.50	25.00	Inf	Leu	126.8	high confidence set
HanXRQChr03	16	32892360	32892432	Ala	AGC	0	0	63.4	38.20	25.20	Inf	Ala	98.3	high confidence set
HanXRQChr03	19	51170009	51170080	Trp	CCA	0	0	75.1	50.10	25.00	Inf	Trp	105.0	high confidence set
HanXRQChr03	20	51176273	51176344	Trp	CCA	0	0	75.1	50.10	25.00	Inf	Trp	105.0	high confidence set
HanXRQChr03	21	53794842	53794925	Leu	CAA	0	0	79.5	54.50	25.00	Inf	Leu	126.8	high confidence set
HanXRQChr03	26	66440052	66440125	Asn	GTT	0	0	82.3	57.10	25.20	Inf	Asn	92.8	high confidence set
HanXRQChr03	27	69803086	69803157	Thr	TGT	0	0	79.1	48.90	30.20	Inf	Thr	92.7	high confidence set
HanXRQChr03	29	83114811	83114882	Trp	CCA	0	0	75.1	50.10	25.00	Inf	Trp	105.0	high confidence set
HanXRQChr03	34	94021847	94021931	Met	CAT	94021885	94021895	64.3	40.80	23.50	Inf	Met	104.0	high confidence set
HanXRQChr03	35	98593202	98593274	Glu	CTC	0	0	79.2	53.50	25.70	Inf	Glu	94.2	high confidence set
HanXRQChr03	36	108413887	108413959	Arg	TCT	0	0	68.8	51.20	17.60	Inf	Arg	94.8	high confidence set
HanXRQChr03	38	108431026	108431098	Arg	TCT	0	0	68.8	51.20	17.60	Inf	Arg	94.8	high confidence set
HanXRQChr03	40	110796360	110796432	Ala	AGC	0	0	63.4	38.20	25.20	Inf	Ala	98.3	high confidence set
HanXRQChr03	41	110866297	110866369	Ala	AGC	0	0	63.4	38.20	25.20	Inf	Ala	98.3	high confidence set
HanXRQChr03	42	111135101	111135173	Phe	GAA	0	0	76.1	54.40	21.70	Inf	Phe	115.3	high confidence set
HanXRQChr03	43	111594041	111594112	Pro	TGG	0	0	69.2	36.90	32.30	Inf	Pro	112.8	high confidence set
HanXRQChr03	44	116093810	116093881	iMet	CAT	0	0	58.3	28.10	30.20	Inf	iMet	118.7	high confidence set
HanXRQChr03	50	137282051	137282123	Ala	CGC	0	0	67.5	42.90	24.60	Inf	Ala	99.2	high confidence set
HanXRQChr03	52	146320829	146320902	Val	AAC	0	0	72.5	48.10	24.40	Inf	Val	100.2	high confidence set
HanXRQChr03	53	146320986	146321059	Val	AAC	0	0	72.5	48.10	24.40	Inf	Val	100.2	high confidence set
HanXRQChr03	62	167589051	167589131	Leu	AAG	0	0	74.0	52.20	21.80	Inf	Leu	110.4	high confidence set
HanXRQChr03	63	167829405	167829332	Val	AAC	0	0	72.5	48.10	24.40	Inf	Val	100.2	high confidence set
HanXRQChr03	64	167588009	167587929	Leu	AAG	0	0	74.0	52.20	21.80	Inf	Leu	110.4	high confidence set
HanXRQChr03	65	165366659	165366587	Ala	AGC	0	0	63.4	38.20	25.20	Inf	Ala	98.3	high confidence set
HanXRQChr03	66	164590433	164590361	Lys	TTT	0	0	87.3	67.40	19.90	Inf	Lys	95.5	high confidence set
HanXRQChr03	68	146837715	146837644	Cys	GCA	0	0	82.1	59.90	22.20	Inf	Cys	106.6	high confidence set
HanXRQChr03	69	146586557	146586484	Val	AAC	0	0	72.5	48.10	24.40	Inf	Val	100.2	high confidence set
HanXRQChr03	70	146585734	146585661	Val	AAC	0	0	72.5	48.10	24.40	Inf	Val	100.2	high confidence set
HanXRQChr03	71	146489582	146489509	Val	AAC	0	0	72.5	48.10	24.40	Inf	Val	100.2	high confidence set
HanXRQChr03	72	146445590	146445517	Val	AAC	0	0	72.5	48.10	24.40	Inf	Val	100.2	high confidence set
HanXRQChr03	73	146372837	146372764	Val	AAC	0	0	65.6	48.30	17.30	Inf	Val	92.9	high confidence set
HanXRQChr03	74	146370713	146370640	Val	AAC	0	0	72.5	48.10	24.40	Inf	Val	100.2	high confidence set
HanXRQChr03	75	146364330	146364257	Val	AAC	0	0	72.5	48.10	24.40	Inf	Val	100.2	high confidence set
HanXRQChr03	76	146362590	146362517	Val	AAC	0	0	72.5	48.10	24.40	Inf	Val	100.2	high confidence set
HanXRQChr03	77	146356711	146356638	Val	AAC	0	0	72.5	48.10	24.40	Inf	Val	100.2	high confidence set
HanXRQChr03	79	142688398	142688327	iMet	CAT	0	0	58.3	28.10	30.20	Inf	iMet	118.7	high confidence set
HanXRQChr03	80	142474252	142474181	iMet	CAT	0	0	58.3	28.10	30.20	Inf	iMet	118.7	high confidence set
HanXRQChr03	81	137281825	137281753	Ala	CGC	0	0	67.5	42.90	24.60	Inf	Ala	99.2	high confidence set
HanXRQChr03	83	130175061	130174989	Ala	TGC	0	0	70.0	45.30	24.70	Inf	Ala	100.6	high confidence set
HanXRQChr03	85	98488891	98488819	Glu	CTC	0	0	79.2	53.50	25.70	Inf	Glu	94.2	high confidence set
HanXRQChr03	87	96714839	96714768	Thr	TGT	0	0	79.1	48.90	30.20	Inf	Thr	92.7	high confidence set
HanXRQChr03	88	96690588	96690517	Thr	TGT	0	0	79.1	48.90	30.20	Inf	Thr	92.7	high confidence set
HanXRQChr03	90	93114971	93114884	Tyr	GTA	93114934	93114920	74.4	42.90	31.50	Inf	Tyr	111.8	high confidence set
HanXRQChr03	91	90123191	90123120	Pro	CGG	0	0	68.4	35.70	32.70	Inf	Pro	111.1	high confidence set
HanXRQChr03	100	82560902	82560835	Glu	CTC	0	0	56.5	38.50	18.00	Inf	Asp	71.4	IPD:-25.00,isotype mismatch
HanXRQChr03	104	52664602	52664529	Lys	CTT	0	0	66.2	51.20	15.00	Inf	Lys	76.3	high confidence set
HanXRQChr03	110	10276531	10276450	Ser	GCT	0	0	79.0	43.10	35.90	Inf	Ser	108.6	high confidence set
HanXRQChr03	111	5920577	5920506	Glu	TTC	0	0	70.5	45.30	25.20	Inf	Glu	97.5	high confidence set
HanXRQChr03	112	2521368	2521295	Val	CAC	0	0	81.5	53.50	28.00	Inf	Val	103.7	high confidence set
HanXRQChr04	1	868090	868162	Ala	TGC	0	0	63.7	38.60	25.10	Inf	Ala	96.5	high confidence set
HanXRQChr04	3	3711518	3711591	Trp	CCA	0	0	71.6	38.20	33.40	Inf	Thr	75.4	IPD:-18.00,isotype mismatch
HanXRQChr04	5	6433645	6433717	Lys	CTT	0	0	87.7	67.60	20.10	Inf	Lys	106.7	high confidence set
HanXRQChr04	6	7075255	7075328	Arg	TCG	0	0	82.3	61.00	21.30	Inf	Arg	91.9	high confidence set
HanXRQChr04	7	7077096	7077179	Leu	CAA	0	0	67.2	45.00	22.20	Inf	Leu	111.4	high confidence set
HanXRQChr04	9	12948434	12948507	Val	CAC	0	0	73.3	53.20	20.10	Inf	Val	91.4	high confidence set
HanXRQChr04	20	24185896	24185968	Ala	CGC	0	0	68.3	44.10	24.20	Inf	Ala	99.2	high confidence set
HanXRQChr04	21	25997111	25997190	Leu	TAG	0	0	55.7	36.00	19.70	Inf	Leu	89.0	high confidence set
HanXRQChr04	22	28388260	28388345	Met	CAT	28388298	28388309	64.2	40.70	23.50	Inf	Met	104.0	high confidence set
HanXRQChr04	23	28388421	28388492	Thr	TGT	0	0	79.1	48.90	30.20	Inf	Thr	92.7	high confidence set
HanXRQChr04	24	28391255	28391340	Met	CAT	28391293	28391304	64.2	40.70	23.50	Inf	Met	104.0	high confidence set
HanXRQChr04	25	31990529	31990608	Leu	TAG	0	0	69.5	48.50	21.00	Inf	Leu	111.5	high confidence set
HanXRQChr04	26	32228176	32228255	Leu	TAG	0	0	69.5	48.50	21.00	Inf	Leu	111.5	high confidence set
HanXRQChr04	27	32233569	32233648	Leu	TAG	0	0	69.5	48.50	21.00	Inf	Leu	111.5	high confidence set
HanXRQChr04	29	37504312	37504393	Ser	GCT	0	0	79.0	43.10	35.90	Inf	Ser	108.6	high confidence set
HanXRQChr04	30	38499288	38499369	Ser	GCT	0	0	70.4	34.40	36.00	Inf	Ser	100.1	high confidence set
HanXRQChr04	31	38595018	38595099	Ser	GCT	0	0	54.7	32.60	22.10	Inf	Ser	85.4	high confidence set
HanXRQChr04	32	38595462	38595543	Ser	GCT	0	0	79.0	43.10	35.90	Inf	Ser	108.6	high confidence set
HanXRQChr04	36	43733106	43733179	Ile	AAT	0	0	78.4	58.00	20.40	Inf	Ile	102.5	high confidence set
HanXRQChr04	37	45721805	45721876	Glu	TTC	0	0	70.5	45.30	25.20	Inf	Glu	97.5	high confidence set
HanXRQChr04	38	45723231	45723304	Ile	AAT	0	0	84.6	57.80	26.80	Inf	Ile	106.3	high confidence set
HanXRQChr04	39	79467501	79467586	Tyr	GTA	79467538	79467550	74.5	42.90	31.60	Inf	Tyr	111.8	high confidence set
HanXRQChr04	42	116193006	116193079	Asn	GTT	0	0	84.5	59.40	25.10	Inf	Asn	95.9	high confidence set
HanXRQChr04	43	116216566	116216639	Asn	GTT	0	0	84.5	59.40	25.10	Inf	Asn	95.9	high confidence set
HanXRQChr04	46	123060344	123060415	Glu	TTC	0	0	62.9	42.90	20.00	Inf	Glu	89.1	high confidence set
HanXRQChr04	48	133690878	133690950	Glu	CTC	0	0	78.9	53.10	25.80	Inf	Glu	99.2	high confidence set
HanXRQChr04	49	135338296	135338369	Ile	AAT	0	0	81.8	58.30	23.50	Inf	Ile	106.8	high confidence set
HanXRQChr04	52	141864634	141864715	Ser	GCT	0	0	66.0	40.00	26.00	Inf	Ser	93.9	high confidence set
HanXRQChr04	53	144555418	144555491	Val	AAC	0	0	72.5	48.10	24.40	Inf	Val	100.2	high confidence set
HanXRQChr04	54	144555754	144555827	Val	AAC	0	0	72.5	48.10	24.40	Inf	Val	100.2	high confidence set
HanXRQChr04	59	159624163	159624235	Lys	CTT	0	0	85.0	65.10	19.90	Inf	Lys	100.7	high confidence set
HanXRQChr04	60	159801766	159801837	Cys	GCA	0	0	81.7	56.10	25.60	Inf	Cys	104.3	high confidence set
HanXRQChr04	64	161475807	161475886	Leu	TAG	0	0	69.5	48.50	21.00	Inf	Leu	111.5	high confidence set
HanXRQChr04	65	161475991	161476070	Leu	TAG	0	0	69.5	48.50	21.00	Inf	Leu	111.5	high confidence set
HanXRQChr04	66	161960057	161960145	Leu	TAG	0	0	57.7	42.70	15.00	Inf	Leu	100.1	high confidence set
HanXRQChr04	67	161961103	161961182	Leu	TAG	0	0	61.9	41.40	20.50	Inf	Leu	105.9	high confidence set
HanXRQChr04	68	161963004	161963083	Leu	TAG	0	0	69.5	48.50	21.00	Inf	Leu	111.5	high confidence set
HanXRQChr04	69	161972148	161972227	Leu	TAG	0	0	69.5	48.50	21.00	Inf	Leu	111.5	high confidence set
HanXRQChr04	74	169183897	169183968	Trp	CCA	0	0	75.1	50.10	25.00	Inf	Trp	105.0	high confidence set
HanXRQChr04	75	169186002	169186073	Trp	CCA	0	0	75.1	50.10	25.00	Inf	Trp	105.0	high confidence set
HanXRQChr04	76	169197229	169197300	Trp	CCA	0	0	75.1	50.10	25.00	Inf	Trp	105.0	high confidence set
HanXRQChr04	77	169200798	169200869	Trp	CCA	0	0	75.1	50.10	25.00	Inf	Trp	105.0	high confidence set
HanXRQChr04	78	175127919	175127998	Leu	TAG	0	0	69.5	48.50	21.00	Inf	Leu	111.5	high confidence set
HanXRQChr04	84	178568227	178568300	Ile	AAT	0	0	81.8	58.30	23.50	Inf	Ile	106.8	high confidence set
HanXRQChr04	85	178618443	178618516	Asn	GTT	0	0	84.5	59.40	25.10	Inf	Asn	95.9	high confidence set
HanXRQChr04	86	178823322	178823394	Glu	CTC	0	0	79.2	53.50	25.70	Inf	Glu	94.2	high confidence set
HanXRQChr04	87	178802087	178802016	Pro	CGG	0	0	68.4	35.70	32.70	Inf	Pro	111.1	high confidence set
HanXRQChr04	88	178801012	178800941	Pro	TGG	0	0	68.5	35.70	32.80	Inf	Pro	111.2	high confidence set
HanXRQChr04	89	178800866	178800795	Pro	AGG	0	0	67.4	34.70	32.70	Inf	Pro	112.3	high confidence set
HanXRQChr04	91	178507625	178507554	Pro	AGG	0	0	67.4	34.70	32.70	Inf	Pro	112.3	high confidence set
HanXRQChr04	92	178498629	178498558	Pro	AGG	0	0	67.4	34.70	32.70	Inf	Pro	112.3	high confidence set
HanXRQChr04	95	168275464	168275393	Gln	TTG	0	0	73.5	53.70	19.80	Inf	Gln	104.8	high confidence set
HanXRQChr04	97	162302954	162302875	Leu	TAG	0	0	69.5	48.50	21.00	Inf	Leu	111.5	high confidence set
HanXRQChr04	98	162302410	162302331	Leu	TAG	0	0	69.5	48.50	21.00	Inf	Leu	111.5	high confidence set
HanXRQChr04	99	162299507	162299428	Leu	TAG	0	0	69.5	48.50	21.00	Inf	Leu	111.5	high confidence set
HanXRQChr04	107	155830275	155830204	Gln	CTG	0	0	70.5	45.40	25.10	Inf	Gln	100.6	high confidence set
HanXRQChr04	108	155826622	155826551	Gln	CTG	0	0	73.6	48.50	25.10	Inf	Gln	105.3	high confidence set
HanXRQChr04	110	140392752	140392678	Pro	TGG	0	0	62.8	32.80	30.00	Inf	Trp	73.3	IPD:-42.40,isotype mismatch
HanXRQChr04	111	140386728	140386657	Glu	TTC	0	0	66.0	43.80	22.20	Inf	Glu	89.2	high confidence set
HanXRQChr04	112	138440327	138440254	Ile	TAT	0	0	85.9	70.60	15.30	Inf	Ile	103.9	high confidence set
HanXRQChr04	116	117874938	117874866	Val	TAC	0	0	63.5	38.80	24.70	Inf	Val	93.0	high confidence set
HanXRQChr04	117	111913748	111913677	Gln	CTG	0	0	74.6	50.10	24.50	Inf	Gln	105.2	high confidence set
HanXRQChr04	118	110183541	110183459	Ser	TGA	0	0	69.9	37.10	32.80	Inf	Ser	74.2	high confidence set
HanXRQChr04	119	81273187	81273108	Leu	TAG	0	0	58.2	38.50	19.70	Inf	Leu	94.4	high confidence set
HanXRQChr04	121	73367022	73366942	Leu	CAG	0	0	69.5	46.80	22.70	Inf	Leu	109.7	high confidence set
HanXRQChr04	122	68882036	68881963	Val	AAC	0	0	72.5	48.10	24.40	Inf	Val	100.2	high confidence set
HanXRQChr04	125	55282972	55282901	Glu	TTC	0	0	70.5	45.30	25.20	Inf	Glu	97.5	high confidence set
HanXRQChr04	126	55281568	55281495	Ile	AAT	0	0	81.8	58.30	23.50	Inf	Ile	106.8	high confidence set
HanXRQChr04	127	44220025	44219951	Phe	GAA	0	0	61.0	48.90	12.10	Inf	Phe	96.8	high confidence set
HanXRQChr04	128	38817236	38817155	Ser	TGA	0	0	80.3	47.30	33.00	Inf	Ser	114.0	high confidence set
HanXRQChr04	129	38810484	38810413	His	GTG	0	0	63.0	33.70	29.30	Inf	His	86.8	high confidence set
HanXRQChr04	131	26215628	26215557	Gln	CTG	0	0	71.2	46.50	24.70	Inf	Gln	101.3	high confidence set
HanXRQChr04	133	21196838	21196756	Ser	TGA	0	0	69.9	37.10	32.80	Inf	Ser	74.2	high confidence set
HanXRQChr04	136	13639186	13639113	Val	CAC	0	0	73.3	53.20	20.10	Inf	Val	91.4	high confidence set
HanXRQChr04	137	7607365	7607292	Asn	GTT	0	0	84.5	59.40	25.10	Inf	Asn	95.9	high confidence set
HanXRQChr04	138	7574605	7574524	Ser	CGA	0	0	78.9	46.60	32.30	Inf	Ser	122.0	high confidence set
HanXRQChr04	139	7449361	7449289	Ala	TGC	0	0	70.0	45.30	24.70	Inf	Ala	100.6	high confidence set
HanXRQChr04	140	7268242	7268170	Ala	TGC	0	0	70.0	45.30	24.70	Inf	Ala	100.6	high confidence set
HanXRQChr04	141	7075152	7075079	Arg	TCG	0	0	82.3	61.00	21.30	Inf	Arg	91.9	high confidence set
HanXRQChr04	144	2262238	2262167	Cys	GCA	0	0	73.8	48.20	25.60	Inf	Cys	97.6	high confidence set
HanXRQChr05	2	2607678	2607749	Trp	CCA	0	0	75.1	50.10	25.00	Inf	Trp	105.0	high confidence set
HanXRQChr05	6	25862529	25862600	His	GTG	0	0	63.0	33.70	29.30	Inf	His	86.8	high confidence set
HanXRQChr05	7	25862680	25862751	His	GTG	0	0	63.0	33.70	29.30	Inf	His	86.8	high confidence set
HanXRQChr05	11	42229726	42229807	Ser	GCT	0	0	79.0	43.10	35.90	Inf	Ser	108.6	high confidence set
HanXRQChr05	12	42232255	42232336	Ser	GCT	0	0	79.0	43.10	35.90	Inf	Ser	108.6	high confidence set
HanXRQChr05	18	116848333	116848416	Leu	CAA	0	0	76.7	54.50	22.20	Inf	Leu	123.1	high confidence set
HanXRQChr05	25	160637331	160637403	Arg	TCT	0	0	68.1	50.00	18.10	Inf	Arg	96.3	high confidence set
HanXRQChr05	29	171239719	171239791	Phe	GAA	0	0	76.1	54.40	21.70	Inf	Phe	115.3	high confidence set
HanXRQChr05	38	194631350	194631421	Gln	CTG	0	0	74.6	50.10	24.50	Inf	Gln	105.2	high confidence set
HanXRQChr05	39	200452854	200452934	Leu	CAG	0	0	69.5	46.80	22.70	Inf	Leu	109.7	high confidence set
HanXRQChr05	40	205327783	205327854	iMet	CAT	0	0	58.3	28.10	30.20	Inf	iMet	118.7	high confidence set
HanXRQChr05	42	206002708	206002780	Phe	GAA	0	0	76.1	54.40	21.70	Inf	Phe	115.3	high confidence set
HanXRQChr05	43	206007008	206007080	Phe	GAA	0	0	76.1	54.40	21.70	Inf	Phe	115.3	high confidence set
HanXRQChr05	44	208531280	208531351	Trp	CCA	0	0	74.2	47.90	26.30	Inf	Trp	101.5	high confidence set
HanXRQChr05	45	208840775	208840847	Arg	CCG	0	0	68.0	51.50	16.50	Inf	Arg	95.2	high confidence set
HanXRQChr05	46	208846626	208846699	Thr	AGT	0	0	76.0	48.40	27.60	Inf	Thr	90.6	high confidence set
HanXRQChr05	47	211260485	211260570	Tyr	GTA	211260522	211260534	74.5	43.00	31.50	Inf	Tyr	111.8	high confidence set
HanXRQChr05	49	215554159	215554231	Val	TAC	0	0	76.9	50.50	26.40	Inf	Val	104.3	high confidence set
HanXRQChr05	51	217619304	217619385	Ser	GCT	0	0	80.5	45.20	35.30	Inf	Ser	109.5	high confidence set
HanXRQChr05	54	211199389	211199317	Lys	TTT	0	0	87.3	67.40	19.90	Inf	Lys	95.5	high confidence set
HanXRQChr05	57	208220893	208220821	Arg	CCT	0	0	69.1	50.30	18.80	Inf	Arg	81.2	high confidence set
HanXRQChr05	58	205535812	205535740	Ala	AGC	0	0	63.4	38.20	25.20	Inf	Ala	98.3	high confidence set
HanXRQChr05	63	192371763	192371679	Met	CAT	192371725	192371715	64.3	40.80	23.50	Inf	Met	104.0	high confidence set
HanXRQChr05	64	186895339	186895266	Thr	AGT	0	0	74.7	46.20	28.50	Inf	Thr	89.4	high confidence set
HanXRQChr05	65	186647626	186647553	Trp	CCA	0	0	66.0	38.10	27.90	Inf	Thr	70.6	IPD:-17.80,isotype mismatch
HanXRQChr05	66	179618959	179618887	Phe	GAA	0	0	76.1	54.40	21.70	Inf	Phe	115.3	high confidence set
HanXRQChr05	67	178698811	178698738	Thr	AGT	0	0	74.7	46.20	28.50	Inf	Thr	89.4	high confidence set
HanXRQChr05	68	178698714	178698639	Thr	AGT	0	0	59.1	40.00	19.10	Inf	Thr	70.4	trunc_start:2,high confidence set
HanXRQChr05	69	178698617	178698542	Thr	AGT	0	0	59.1	40.00	19.10	Inf	Thr	70.4	trunc_start:2,high confidence set
HanXRQChr05	73	172252896	172252825	Glu	TTC	0	0	70.5	45.30	25.20	Inf	Glu	97.5	high confidence set
HanXRQChr05	81	142451759	142451687	Ala	AGC	0	0	63.4	38.20	25.20	Inf	Ala	98.3	high confidence set
HanXRQChr05	82	140427802	140427729	Arg	TCG	0	0	82.3	61.00	21.30	Inf	Arg	91.9	high confidence set
HanXRQChr05	86	136120212	136120140	Lys	CTT	0	0	87.7	67.60	20.10	Inf	Lys	106.7	high confidence set
HanXRQChr05	95	75655211	75655138	Asn	GTT	0	0	76.0	59.00	17.00	Inf	Asn	84.6	high confidence set
HanXRQChr05	96	49198266	49198194	Arg	TCT	0	0	68.8	51.20	17.60	Inf	Arg	94.8	high confidence set
HanXRQChr05	100	27616761	27616688	Val	AAC	0	0	72.5	48.10	24.40	Inf	Val	100.2	high confidence set
HanXRQChr05	101	18757568	18757497	His	GTG	0	0	63.0	33.70	29.30	Inf	His	86.8	high confidence set
HanXRQChr05	102	18757417	18757346	His	GTG	0	0	63.0	33.70	29.30	Inf	His	86.8	high confidence set
HanXRQChr05	107	9911745	9911673	Phe	GAA	0	0	67.0	46.80	20.20	Inf	Phe	107.0	high confidence set
HanXRQChr05	108	9909462	9909390	Phe	GAA	0	0	64.2	45.60	18.60	Inf	Phe	100.6	high confidence set
HanXRQChr06	1	374153	374226	Val	AAC	0	0	72.5	48.10	24.40	Inf	Val	100.2	high confidence set
HanXRQChr06	6	4215989	4216061	Ala	AGC	0	0	63.4	38.20	25.20	Inf	Ala	98.3	high confidence set
HanXRQChr06	8	5258275	5258358	Leu	CAA	0	0	76.7	55.10	21.60	Inf	Leu	124.7	high confidence set
HanXRQChr06	12	9957111	9957183	Ala	AGC	0	0	63.4	38.20	25.20	Inf	Ala	98.3	high confidence set
HanXRQChr06	18	16148568	16148639	Cys	GCA	0	0	81.7	56.10	25.60	Inf	Cys	104.3	high confidence set
HanXRQChr06	19	16995826	16995897	Cys	GCA	0	0	81.7	56.10	25.60	Inf	Cys	104.3	high confidence set
HanXRQChr06	21	18459365	18459438	Val	AAC	0	0	72.5	48.10	24.40	Inf	Val	100.2	high confidence set
HanXRQChr06	23	20604176	20604248	Ala	AGC	0	0	63.4	38.20	25.20	Inf	Ala	98.3	high confidence set
HanXRQChr06	27	32899562	32899634	Lys	CTT	0	0	87.7	67.60	20.10	Inf	Lys	106.7	high confidence set
HanXRQChr06	29	36359723	36359796	Ile	TAT	0	0	85.9	70.60	15.30	Inf	Ile	103.9	high confidence set
HanXRQChr06	30	36359891	36359964	Ile	TAT	0	0	85.9	70.60	15.30	Inf	Ile	103.9	high confidence set
HanXRQChr06	31	40611468	40611560	Tyr	GTA	40611505	40611524	74.2	42.70	31.50	Inf	Tyr	111.8	high confidence set
HanXRQChr06	32	43918494	43918565	Pro	TGG	0	0	68.5	35.70	32.80	Inf	Pro	111.2	high confidence set
HanXRQChr06	33	50216989	50217069	Leu	AAG	0	0	74.0	52.20	21.80	Inf	Leu	110.4	high confidence set
HanXRQChr06	36	79343426	79343498	Arg	CCT	0	0	74.8	55.90	18.90	Inf	Arg	87.5	high confidence set
HanXRQChr06	39	84096880	84096962	Leu	TAA	0	0	72.7	34.20	38.50	Inf	Leu	95.9	high confidence set
HanXRQChr06	41	92056816	92056897	Ser	TGA	0	0	80.7	46.10	34.60	Inf	Ser	119.7	high confidence set
HanXRQChr06	42	92083833	92083905	Lys	TTT	0	0	87.3	67.40	19.90	Inf	Lys	95.5	high confidence set
HanXRQChr06	43	92122895	92122967	Arg	CCG	0	0	67.8	49.10	18.70	Inf	Arg	93.5	high confidence set
HanXRQChr06	48	78156701	78156618	Leu	CAA	0	0	76.7	55.10	21.60	Inf	Leu	124.7	high confidence set
HanXRQChr06	51	66991125	66991053	Lys	TTT	0	0	80.3	61.50	18.80	Inf	Lys	78.3	high confidence set
HanXRQChr06	52	65768014	65767942	Arg	ACG	0	0	70.6	50.30	20.30	Inf	Arg	93.8	high confidence set
HanXRQChr06	53	65661744	65661672	Arg	ACG	0	0	72.5	49.90	22.60	Inf	Arg	93.8	high confidence set
HanXRQChr06	56	40689143	40689062	Ser	TGA	0	0	80.3	47.30	33.00	Inf	Ser	114.0	high confidence set
HanXRQChr06	57	40682407	40682336	His	GTG	0	0	63.0	33.70	29.30	Inf	His	86.8	high confidence set
HanXRQChr06	59	36750214	36750143	His	GTG	0	0	63.0	33.70	29.30	Inf	His	86.8	high confidence set
HanXRQChr06	60	30294404	30294332	Arg	ACG	0	0	72.5	49.90	22.60	Inf	Arg	93.8	high confidence set
HanXRQChr06	62	25228138	25228065	Ile	AAT	0	0	81.8	58.30	23.50	Inf	Ile	106.8	high confidence set
HanXRQChr06	63	24489784	24489704	Leu	CAG	0	0	69.5	46.80	22.70	Inf	Leu	109.7	high confidence set
HanXRQChr06	65	22133944	22133872	Ala	AGC	0	0	63.4	38.20	25.20	Inf	Ala	98.3	high confidence set
HanXRQChr06	67	18488834	18488763	Gln	CTG	0	0	73.0	47.90	25.10	Inf	Gln	103.1	high confidence set
HanXRQChr06	68	11869920	11869848	Lys	CTT	0	0	87.7	67.60	20.10	Inf	Lys	106.7	high confidence set
HanXRQChr06	69	5856751	5856679	Ala	CGC	0	0	67.5	42.90	24.60	Inf	Ala	99.2	high confidence set
HanXRQChr07	1	455024	455116	Tyr	GTA	455061	455080	74.2	42.70	31.50	Inf	Tyr	111.8	high confidence set
HanXRQChr07	5	14042630	14042712	Ser	TGA	0	0	69.9	37.10	32.80	Inf	Ser	74.2	high confidence set
HanXRQChr07	12	28323907	28323978	His	GTG	0	0	63.0	33.70	29.30	Inf	His	86.8	high confidence set
HanXRQChr07	20	74133996	74134068	Glu	CTC	0	0	78.9	53.10	25.80	Inf	Glu	99.2	high confidence set
HanXRQChr07	22	77946374	77946445	Thr	TGT	0	0	73.5	47.10	26.40	Inf	Thr	88.4	high confidence set
HanXRQChr07	23	79725007	79725078	Gln	TTG	0	0	73.5	53.70	19.80	Inf	Gln	104.8	high confidence set
HanXRQChr07	24	80272255	80272326	Thr	CGT	0	0	80.5	54.30	26.20	Inf	Thr	87.3	high confidence set
HanXRQChr07	26	84766392	84766464	Thr	TGT	0	0	66.8	49.90	16.90	Inf	Thr	80.9	high confidence set
HanXRQChr07	28	84777607	84777689	Ser	TGA	0	0	69.9	37.10	32.80	Inf	Ser	74.2	high confidence set
HanXRQChr07	29	85117446	85117517	Cys	GCA	0	0	82.1	59.90	22.20	Inf	Cys	106.6	high confidence set
HanXRQChr07	30	85357396	85357468	Lys	TTT	0	0	87.3	67.40	19.90	Inf	Lys	95.5	high confidence set
HanXRQChr07	33	89011235	89011307	Arg	CCT	0	0	66.6	45.40	21.20	Inf	Arg	78.6	high confidence set
HanXRQChr07	34	89097812	89097897	Met	CAT	89097850	89097861	64.2	40.70	23.50	Inf	Met	104.0	high confidence set
HanXRQChr07	38	99474091	99474163	Lys	TTT	0	0	68.9	57.70	11.20	Inf	Lys	71.4	high confidence set
HanXRQChr07	40	102343763	102343834	Cys	GCA	0	0	82.1	59.90	22.20	Inf	Cys	106.6	high confidence set
HanXRQChr07	41	102370665	102370736	Cys	GCA	0	0	82.1	59.90	22.20	Inf	Cys	106.6	high confidence set
HanXRQChr07	42	100928864	100928793	Gln	CTG	0	0	73.7	48.90	24.80	Inf	Gln	103.9	high confidence set
HanXRQChr07	43	97135107	97135034	Ile	AAT	0	0	81.8	58.30	23.50	Inf	Ile	106.8	high confidence set
HanXRQChr07	44	97131587	97131514	Ile	AAT	0	0	80.3	58.00	22.30	Inf	Ile	103.0	high confidence set
HanXRQChr07	48	85423165	85423093	Arg	CCG	0	0	67.8	49.10	18.70	Inf	Arg	93.5	high confidence set
HanXRQChr07	51	84767830	84767744	Ser	GGA	0	0	60.2	34.00	26.20	Inf	Ser	73.6	unexpected anticodon
HanXRQChr07	55	80330367	80330295	Ala	TGC	0	0	70.0	45.30	24.70	Inf	Ala	100.6	high confidence set
HanXRQChr07	56	78963016	78962943	Asn	GTT	0	0	84.5	59.40	25.10	Inf	Asn	95.9	high confidence set
HanXRQChr07	58	77682381	77682309	Glu	CTC	0	0	78.9	53.10	25.80	Inf	Glu	99.2	high confidence set
HanXRQChr07	59	77548036	77547964	Glu	CTC	0	0	69.7	50.20	19.50	Inf	Glu	90.3	high confidence set
HanXRQChr07	60	74134239	74134155	Met	CAT	74134201	74134191	64.2	40.80	23.40	Inf	Met	104.0	high confidence set
HanXRQChr07	61	74120923	74120843	Leu	AAG	0	0	75.7	55.40	20.30	Inf	Leu	112.7	high confidence set
HanXRQChr07	63	65680105	65680014	Tyr	GTA	65680068	65680050	74.2	42.80	31.40	Inf	Tyr	111.8	high confidence set
HanXRQChr07	64	63772797	63772725	Lys	TTT	0	0	87.3	67.40	19.90	Inf	Lys	95.5	high confidence set
HanXRQChr07	69	53483545	53483472	Asn	GTT	0	0	84.5	59.40	25.10	Inf	Asn	95.9	high confidence set
HanXRQChr07	73	45456158	45456087	Glu	TTC	0	0	62.5	43.80	18.70	Inf	Glu	84.4	high confidence set
HanXRQChr07	81	8273573	8273501	Arg	CCT	0	0	74.8	55.90	18.90	Inf	Arg	87.5	high confidence set
HanXRQChr08	1	108493	108564	Trp	CCA	0	0	75.8	51.20	24.60	Inf	Trp	105.6	high confidence set
HanXRQChr08	3	430235	430317	Leu	TAA	0	0	68.4	29.10	39.30	Inf	Leu	90.1	high confidence set
HanXRQChr08	4	2120395	2120467	Arg	ACG	0	0	72.5	49.90	22.60	Inf	Arg	93.8	high confidence set
HanXRQChr08	5	2156849	2156921	Arg	ACG	0	0	72.5	49.90	22.60	Inf	Arg	93.8	high confidence set
HanXRQChr08	10	8608933	8609019	Ser	GGA	0	0	60.2	34.00	26.20	Inf	Ser	73.6	unexpected anticodon
HanXRQChr08	26	10370113	10370184	Asp	GTC	0	0	67.0	47.30	19.70	Inf	Asp	95.1	high confidence set
HanXRQChr08	28	10375001	10375072	Asp	GTC	0	0	67.0	47.30	19.70	Inf	Asp	95.1	high confidence set
HanXRQChr08	29	11382532	11382603	Thr	CGT	0	0	82.2	57.60	24.60	Inf	Thr	90.2	high confidence set
HanXRQChr08	33	25758626	25758699	Arg	TCG	0	0	81.9	60.40	21.50	Inf	Arg	92.9	high confidence set
HanXRQChr08	35	35541272	35541356	Met	CAT	35541310	35541320	64.2	40.80	23.40	Inf	Met	104.0	high confidence set
HanXRQChr08	36	37487107	37487179	Lys	TTT	0	0	87.3	67.40	19.90	Inf	Lys	95.5	high confidence set
HanXRQChr08	38	39006547	39006619	Lys	TTT	0	0	85.1	65.10	20.00	Inf	Lys	92.1	high confidence set
HanXRQChr08	39	41407077	41407148	Pro	AGG	0	0	67.4	34.70	32.70	Inf	Pro	112.3	high confidence set
HanXRQChr08	40	45655399	45655470	iMet	CAT	0	0	58.3	28.10	30.20	Inf	iMet	118.7	high confidence set
HanXRQChr08	41	46217025	46217097	Lys	TTT	0	0	79.9	65.70	14.20	Inf	Lys	86.6	high confidence set
HanXRQChr08	42	52014442	52014514	Lys	CTT	0	0	87.7	67.60	20.10	Inf	Lys	106.7	high confidence set
HanXRQChr08	43	61412369	61412440	Glu	TTC	0	0	70.5	45.30	25.20	Inf	Glu	97.5	high confidence set
HanXRQChr08	47	107246955	107247027	Val	TAC	0	0	71.4	48.70	22.70	Inf	Val	99.4	high confidence set
HanXRQChr08	49	125236737	125236809	Ala	AGC	0	0	63.4	38.20	25.20	Inf	Ala	98.3	high confidence set
HanXRQChr08	50	125384742	125384813	iMet	CAT	0	0	58.3	28.10	30.20	Inf	iMet	118.7	high confidence set
HanXRQChr08	51	125442361	125442432	iMet	CAT	0	0	58.3	28.10	30.20	Inf	iMet	118.7	high confidence set
HanXRQChr08	52	125442904	125442975	iMet	CAT	0	0	58.3	28.10	30.20	Inf	iMet	118.7	high confidence set
HanXRQChr08	53	125459382	125459453	iMet	CAT	0	0	58.3	28.10	30.20	Inf	iMet	118.7	high confidence set
HanXRQChr08	54	127457601	127457673	Phe	GAA	0	0	76.1	54.40	21.70	Inf	Phe	115.3	high confidence set
HanXRQChr08	55	127519170	127519242	Phe	GAA	0	0	76.1	54.40	21.70	Inf	Phe	115.3	high confidence set
HanXRQChr08	56	129713862	129713933	Gln	CTG	0	0	74.6	50.10	24.50	Inf	Gln	105.2	high confidence set
HanXRQChr08	59	152737527	152737454	Val	CAC	0	0	81.5	53.50	28.00	Inf	Val	103.7	high confidence set
HanXRQChr08	60	149815841	149815761	Leu	AAG	0	0	75.7	55.40	20.30	Inf	Leu	112.7	high confidence set
HanXRQChr08	61	146940103	146940022	Ser	GCT	0	0	63.0	28.80	34.20	Inf	Ser	76.9	high confidence set
HanXRQChr08	62	146732257	146732186	Gln	TTG	0	0	73.5	53.70	19.80	Inf	Gln	104.8	high confidence set
HanXRQChr08	63	135941464	135941380	Met	CAT	135941426	135941416	64.3	40.80	23.50	Inf	Met	104.0	high confidence set
HanXRQChr08	67	122820648	122820576	Phe	GAA	0	0	70.3	53.90	16.40	Inf	Phe	107.3	high confidence set
HanXRQChr08	68	122819256	122819184	Phe	GAA	0	0	72.1	52.90	19.20	Inf	Phe	103.6	high confidence set
HanXRQChr08	69	122819075	122819003	Phe	GAA	0	0	76.1	54.40	21.70	Inf	Phe	115.3	high confidence set
HanXRQChr08	70	122816174	122816102	Phe	GAA	0	0	76.1	54.40	21.70	Inf	Phe	115.3	high confidence set
HanXRQChr08	73	113574042	113573971	Pro	TGG	0	0	61.2	34.60	26.60	Inf	Pro	99.7	high confidence set
HanXRQChr08	75	105112774	105112702	Phe	GAA	0	0	76.1	54.40	21.70	Inf	Phe	115.3	high confidence set
HanXRQChr08	76	103351779	103351707	Arg	CCT	0	0	74.8	55.90	18.90	Inf	Arg	87.5	high confidence set
HanXRQChr08	77	97371220	97371147	Ile	TAT	0	0	85.9	70.60	15.30	Inf	Ile	103.9	high confidence set
HanXRQChr08	82	89185750	89185669	Ser	GCT	0	0	63.0	28.80	34.20	Inf	Ser	76.9	high confidence set
HanXRQChr08	84	53902479	53902407	Arg	CCT	0	0	69.1	50.30	18.80	Inf	Arg	81.2	high confidence set
HanXRQChr08	86	43870287	43870216	His	GTG	0	0	63.0	33.70	29.30	Inf	His	86.8	high confidence set
HanXRQChr08	87	43746976	43746905	Pro	AGG	0	0	67.4	34.70	32.70	Inf	Pro	112.3	high confidence set
HanXRQChr08	88	39278999	39278928	Pro	AGG	0	0	60.8	35.00	25.80	Inf	Pro	103.0	high confidence set
HanXRQChr08	89	39006446	39006374	Lys	TTT	0	0	87.3	67.40	19.90	Inf	Lys	95.5	high confidence set
HanXRQChr08	92	25779715	25779630	Met	CAT	25779677	25779666	64.2	40.80	23.40	Inf	Met	104.0	high confidence set
HanXRQChr08	93	18491901	18491818	Leu	CAA	0	0	76.7	54.50	22.20	Inf	Leu	123.1	high confidence set
HanXRQChr08	102	8610371	8610299	Thr	TGT	0	0	66.8	49.90	16.90	Inf	Thr	80.9	high confidence set
HanXRQChr08	104	8599151	8599069	Ser	TGA	0	0	69.9	37.10	32.80	Inf	Ser	74.2	high confidence set
HanXRQChr08	106	7901672	7901599	Val	AAC	0	0	72.5	48.10	24.40	Inf	Val	100.2	high confidence set
HanXRQChr08	107	2085657	2085586	His	GTG	0	0	63.0	33.70	29.30	Inf	His	86.8	high confidence set
HanXRQChr09	1	4799721	4799794	Val	CAC	0	0	81.5	53.50	28.00	Inf	Val	103.7	high confidence set
HanXRQChr09	2	13608367	13608448	Ser	GCT	0	0	79.0	43.10	35.90	Inf	Ser	108.6	high confidence set
HanXRQChr09	5	32347163	32347233	Cys	GCA	0	0	66.9	48.20	18.70	Inf	Cys	70.2	high confidence set
HanXRQChr09	7	34943915	34943988	Asn	GTT	0	0	84.5	59.40	25.10	Inf	Asn	95.9	high confidence set
HanXRQChr09	10	65152705	65152778	Val	CAC	0	0	72.6	53.30	19.30	Inf	Val	90.8	high confidence set
HanXRQChr09	11	72267157	72267236	Leu	TAG	0	0	58.2	38.50	19.70	Inf	Leu	94.4	high confidence set
HanXRQChr09	13	84664453	84664524	Trp	CCA	0	0	75.8	51.20	24.60	Inf	Trp	105.6	high confidence set
HanXRQChr09	14	87178589	87178661	Lys	CTT	0	0	87.7	67.60	20.10	Inf	Lys	106.7	high confidence set
HanXRQChr09	16	107178724	107178809	Met	CAT	107178762	107178773	64.2	40.70	23.50	Inf	Met	104.0	high confidence set
HanXRQChr09	18	117792902	117792974	Lys	CTT	0	0	87.7	67.60	20.10	Inf	Lys	106.7	high confidence set
HanXRQChr09	19	117797866	117797938	Lys	CTT	0	0	87.7	67.60	20.10	Inf	Lys	106.7	high confidence set
HanXRQChr09	20	117799010	117799082	Lys	CTT	0	0	87.7	67.60	20.10	Inf	Lys	106.7	high confidence set
HanXRQChr09	21	117804152	117804224	Lys	CTT	0	0	87.7	67.60	20.10	Inf	Lys	106.7	high confidence set
HanXRQChr09	22	117805067	117805139	Lys	CTT	0	0	87.7	67.60	20.10	Inf	Lys	106.7	high confidence set
HanXRQChr09	23	129500712	129500783	Gln	CTG	0	0	74.6	50.10	24.50	Inf	Gln	105.2	high confidence set
HanXRQChr09	24	131262278	131262349	Thr	TGT	0	0	79.1	48.90	30.20	Inf	Thr	92.7	high confidence set
HanXRQChr09	26	133767638	133767718	Leu	AAG	0	0	75.7	55.40	20.30	Inf	Leu	112.7	high confidence set
HanXRQChr09	35	155603331	155603402	His	GTG	0	0	63.0	33.70	29.30	Inf	His	86.8	high confidence set
HanXRQChr09	36	159845413	159845496	Leu	CAA	0	0	76.7	54.50	22.20	Inf	Leu	123.1	high confidence set
HanXRQChr09	37	159878584	159878667	Leu	CAA	0	0	76.7	54.50	22.20	Inf	Leu	123.1	high confidence set
HanXRQChr09	38	159887590	159887673	Leu	CAA	0	0	76.7	54.50	22.20	Inf	Leu	123.1	high confidence set
HanXRQChr09	42	175465561	175465632	Pro	TGG	0	0	67.4	34.70	32.70	Inf	Pro	112.3	high confidence set
HanXRQChr09	49	194435770	194435842	Ala	CGC	0	0	68.3	44.10	24.20	Inf	Ala	99.2	high confidence set
HanXRQChr09	50	195321147	195321218	Pro	TGG	0	0	68.5	35.70	32.80	Inf	Pro	111.2	high confidence set
HanXRQChr09	51	199672328	199672409	Ser	TGA	0	0	80.7	46.10	34.60	Inf	Ser	119.7	high confidence set
HanXRQChr09	52	199674922	199675003	Ser	CGA	0	0	78.9	46.60	32.30	Inf	Ser	122.0	high confidence set
HanXRQChr09	53	199675948	199676029	Ser	TGA	0	0	80.7	46.10	34.60	Inf	Ser	119.7	high confidence set
HanXRQChr09	56	201246991	201247072	Ser	AGA	0	0	76.3	41.60	34.70	Inf	Ser	112.1	high confidence set
HanXRQChr09	57	205657327	205657399	Lys	CTT	0	0	87.7	67.60	20.10	Inf	Lys	106.7	high confidence set
HanXRQChr09	58	205923585	205923658	Asn	GTT	0	0	84.5	59.40	25.10	Inf	Asn	95.9	high confidence set
HanXRQChr09	61	206288493	206288421	Ala	AGC	0	0	63.4	38.20	25.20	Inf	Ala	98.3	high confidence set
HanXRQChr09	62	205953359	205953286	Asn	GTT	0	0	84.5	59.40	25.10	Inf	Asn	95.9	high confidence set
HanXRQChr09	63	204490898	204490825	Arg	TCG	0	0	82.3	61.00	21.30	Inf	Arg	91.9	high confidence set
HanXRQChr09	64	204490729	204490656	Arg	TCG	0	0	82.3	61.00	21.30	Inf	Arg	91.9	high confidence set
HanXRQChr09	68	201067174	201067101	Val	AAC	0	0	72.5	48.10	24.40	Inf	Val	100.2	high confidence set
HanXRQChr09	70	199155427	199155355	Arg	TCT	0	0	67.6	50.80	16.80	Inf	Arg	94.7	high confidence set
HanXRQChr09	73	190142606	190142526	Leu	CAG	0	0	69.5	46.80	22.70	Inf	Leu	109.7	high confidence set
HanXRQChr09	75	184119073	184119001	Lys	TTT	0	0	87.3	67.40	19.90	Inf	Lys	95.5	high confidence set
HanXRQChr09	76	178125789	178125709	Leu	AAG	0	0	74.0	52.20	21.80	Inf	Leu	110.4	high confidence set
HanXRQChr09	77	173152624	173152552	Ala	AGC	0	0	63.4	38.20	25.20	Inf	Ala	98.3	high confidence set
HanXRQChr09	78	173134067	173133995	Ala	TGC	0	0	63.7	38.60	25.10	Inf	Ala	96.5	high confidence set
HanXRQChr09	81	166658703	166658632	Gln	TTG	0	0	73.5	53.70	19.80	Inf	Gln	104.8	high confidence set
HanXRQChr09	84	157723079	157722998	Ser	GCT	0	0	80.5	45.20	35.30	Inf	Ser	109.5	high confidence set
HanXRQChr09	92	147894780	147894708	Phe	GAA	0	0	76.1	54.40	21.70	Inf	Phe	115.3	high confidence set
HanXRQChr09	101	136263654	136263581	Ile	AAT	0	0	81.8	58.30	23.50	Inf	Ile	106.8	high confidence set
HanXRQChr09	104	130818916	130818843	Thr	AGT	0	0	76.0	48.40	27.60	Inf	Thr	90.6	high confidence set
HanXRQChr09	112	107591549	107591476	Trp	CCA	0	0	71.6	38.20	33.40	Inf	Thr	75.4	IPD:-18.00,isotype mismatch
HanXRQChr09	113	106856446	106856375	Pro	TGG	0	0	68.5	35.70	32.80	Inf	Pro	111.2	high confidence set
HanXRQChr09	115	92837597	92837525	Arg	CCG	0	0	67.8	49.10	18.70	Inf	Arg	93.5	high confidence set
HanXRQChr09	117	62681927	62681856	Pro	AGG	0	0	67.4	34.70	32.70	Inf	Pro	112.3	high confidence set
HanXRQChr09	118	32893118	32893045	Asn	GTT	0	0	84.5	59.40	25.10	Inf	Asn	95.9	high confidence set
HanXRQChr09	119	30586324	30586243	Ser	AGA	0	0	78.7	42.50	36.20	Inf	Ser	114.6	high confidence set
HanXRQChr09	120	23547656	23547584	Arg	CCG	0	0	64.3	47.30	17.00	Inf	Arg	91.7	high confidence set
HanXRQChr09	123	13610380	13610299	Ser	GCT	0	0	71.1	35.20	35.90	Inf	Ser	102.4	high confidence set
HanXRQChr09	124	13610199	13610118	Ser	GCT	0	0	78.3	42.40	35.90	Inf	Ser	108.3	high confidence set
HanXRQChr09	125	7329672	7329601	Glu	TTC	0	0	70.5	45.30	25.20	Inf	Glu	97.5	high confidence set
HanXRQChr10	8	28646744	28646815	Pro	TGG	0	0	68.5	35.70	32.80	Inf	Pro	111.2	high confidence set
HanXRQChr10	11	31678139	31678210	His	GTG	0	0	63.0	33.70	29.30	Inf	His	86.8	high confidence set
HanXRQChr10	13	35998286	35998359	Val	AAC	0	0	72.5	48.10	24.40	Inf	Val	100.2	high confidence set
HanXRQChr10	17	67350848	67350934	Ser	GGA	0	0	60.2	34.00	26.20	Inf	Ser	73.6	unexpected anticodon
HanXRQChr10	22	82470083	82470154	iMet	CAT	0	0	58.3	28.10	30.20	Inf	iMet	118.7	high confidence set
HanXRQChr10	23	88186565	88186636	His	GTG	0	0	63.0	33.70	29.30	Inf	His	86.8	high confidence set
HanXRQChr10	30	102742500	102742572	Ala	AGC	0	0	63.4	38.20	25.20	Inf	Ala	98.3	high confidence set
HanXRQChr10	32	106766019	106766091	Lys	TTT	0	0	87.3	67.40	19.90	Inf	Lys	95.5	high confidence set
HanXRQChr10	33	106788454	106788526	Lys	TTT	0	0	87.3	67.40	19.90	Inf	Lys	95.5	high confidence set
HanXRQChr10	39	166663337	166663409	Arg	TCT	0	0	68.5	50.60	17.90	Inf	Arg	98.8	high confidence set
HanXRQChr10	43	190403292	190403363	Pro	TGG	0	0	68.5	35.70	32.80	Inf	Pro	111.2	high confidence set
HanXRQChr10	44	190403988	190404059	Pro	TGG	0	0	68.5	35.70	32.80	Inf	Pro	111.2	high confidence set
HanXRQChr10	45	190405318	190405389	Pro	TGG	0	0	68.5	35.70	32.80	Inf	Pro	111.2	high confidence set
HanXRQChr10	46	190406262	190406333	Pro	TGG	0	0	68.5	35.70	32.80	Inf	Pro	111.2	high confidence set
HanXRQChr10	47	190407700	190407771	Pro	TGG	0	0	68.5	35.70	32.80	Inf	Pro	111.2	high confidence set
HanXRQChr10	48	190408830	190408901	Pro	AGG	0	0	67.4	34.70	32.70	Inf	Pro	112.3	high confidence set
HanXRQChr10	49	192724640	192724712	Glu	CTC	0	0	78.9	53.10	25.80	Inf	Glu	99.2	high confidence set
HanXRQChr10	50	195224332	195224404	Phe	GAA	0	0	76.1	54.40	21.70	Inf	Phe	115.3	high confidence set
HanXRQChr10	51	199888935	199889006	Glu	TTC	0	0	70.5	45.30	25.20	Inf	Glu	97.5	high confidence set
HanXRQChr10	52	206649837	206649907	Cys	GCA	0	0	64.9	46.30	18.60	Inf	Cys	73.4	high confidence set
HanXRQChr10	54	212161430	212161511	Ser	GCT	0	0	79.0	43.10	35.90	Inf	Ser	108.6	high confidence set
HanXRQChr10	55	212645420	212645505	Tyr	GTA	212645457	212645469	74.5	42.90	31.60	Inf	Tyr	111.8	high confidence set
HanXRQChr10	56	212647984	212648070	Tyr	GTA	212648021	212648034	68.9	41.10	27.80	Inf	Tyr	106.8	high confidence set
HanXRQChr10	57	212662831	212662917	Tyr	GTA	212662868	212662881	67.1	36.30	30.80	Inf	Tyr	104.6	high confidence set
HanXRQChr10	58	212666164	212666255	Tyr	GTA	212666201	212666219	74.2	42.80	31.40	Inf	Tyr	111.8	high confidence set
HanXRQChr10	59	212670965	212671056	Tyr	GTA	212671002	212671020	74.2	42.70	31.50	Inf	Tyr	111.8	high confidence set
HanXRQChr10	64	222723946	222724027	Ser	GCT	0	0	79.0	43.10	35.90	Inf	Ser	108.6	high confidence set
HanXRQChr10	67	225218577	225218650	Asn	GTT	0	0	84.5	59.40	25.10	Inf	Asn	95.9	high confidence set
HanXRQChr10	68	225711011	225711083	Phe	GAA	0	0	76.1	54.40	21.70	Inf	Phe	115.3	high confidence set
HanXRQChr10	69	232117825	232117906	Ser	AGA	0	0	79.4	43.10	36.30	Inf	Ser	115.0	high confidence set
HanXRQChr10	70	232126254	232126335	Ser	AGA	0	0	78.7	42.50	36.20	Inf	Ser	114.6	high confidence set
HanXRQChr10	71	235672606	235672679	Thr	AGT	0	0	67.2	39.10	28.10	Inf	Thr	82.0	high confidence set
HanXRQChr10	75	240950068	240950141	Trp	CCA	0	0	71.6	38.20	33.40	Inf	Thr	75.4	IPD:-18.00,isotype mismatch
HanXRQChr10	76	244328964	244329035	Pro	TGG	0	0	69.2	36.90	32.30	Inf	Pro	112.8	high confidence set
HanXRQChr10	77	244293206	244293135	Glu	TTC	0	0	66.1	40.80	25.30	Inf	Glu	96.8	high confidence set
HanXRQChr10	82	231707143	231707070	Asn	GTT	0	0	84.5	59.40	25.10	Inf	Asn	95.9	high confidence set
HanXRQChr10	83	206648541	206648454	Ser	GCT	0	0	67.3	36.70	30.60	Inf	Ser	75.9	high confidence set
HanXRQChr10	90	188061910	188061837	Ile	TAT	0	0	85.9	70.60	15.30	Inf	Ile	103.9	high confidence set
HanXRQChr10	96	146192089	146192018	Trp	CCA	0	0	75.1	50.10	25.00	Inf	Trp	105.0	high confidence set
HanXRQChr10	99	131578223	131578152	iMet	CAT	0	0	51.0	26.40	24.60	Inf	iMet	112.7	high confidence set
HanXRQChr10	100	127512713	127512639	Phe	GAA	0	0	61.0	48.90	12.10	Inf	Phe	96.8	high confidence set
HanXRQChr10	102	110968571	110968484	Tyr	GTA	110968534	110968520	68.9	44.30	24.60	Inf	Tyr	100.6	high confidence set
HanXRQChr10	103	92480801	92480730	Pro	TGG	0	0	68.5	35.70	32.80	Inf	Pro	111.2	high confidence set
HanXRQChr10	104	92480403	92480332	Pro	CGG	0	0	68.4	35.70	32.70	Inf	Pro	111.1	high confidence set
HanXRQChr10	105	92479334	92479263	Pro	AGG	0	0	67.4	34.70	32.70	Inf	Pro	112.3	high confidence set
HanXRQChr10	106	92475048	92474977	Pro	TGG	0	0	68.5	35.70	32.80	Inf	Pro	111.2	high confidence set
HanXRQChr10	107	92474170	92474099	Pro	AGG	0	0	67.4	34.70	32.70	Inf	Pro	112.3	high confidence set
HanXRQChr10	108	92473107	92473036	Pro	TGG	0	0	68.5	35.70	32.80	Inf	Pro	111.2	high confidence set
HanXRQChr10	109	92472384	92472313	Pro	TGG	0	0	68.5	35.70	32.80	Inf	Pro	111.2	high confidence set
HanXRQChr10	110	92471644	92471573	Pro	CGG	0	0	68.4	35.70	32.70	Inf	Pro	111.1	high confidence set
HanXRQChr10	111	92470818	92470747	Pro	AGG	0	0	67.4	34.70	32.70	Inf	Pro	112.3	high confidence set
HanXRQChr10	112	92399339	92399268	Pro	TGG	0	0	68.5	35.70	32.80	Inf	Pro	111.2	high confidence set
HanXRQChr10	113	92397601	92397530	Pro	CGG	0	0	68.4	35.70	32.70	Inf	Pro	111.1	high confidence set
HanXRQChr10	114	92397048	92396977	Pro	AGG	0	0	67.4	34.70	32.70	Inf	Pro	112.3	high confidence set
HanXRQChr10	115	78726389	78726316	Ile	AAT	0	0	72.6	51.00	21.60	Inf	Ile	98.0	high confidence set
HanXRQChr10	116	73349294	73349223	Pro	CGG	0	0	68.4	35.70	32.70	Inf	Pro	111.1	high confidence set
HanXRQChr10	117	73347129	73347058	Pro	TGG	0	0	68.5	35.70	32.80	Inf	Pro	111.2	high confidence set
HanXRQChr10	118	73346437	73346366	Pro	TGG	0	0	68.5	35.70	32.80	Inf	Pro	111.2	high confidence set
HanXRQChr10	119	73344762	73344691	Pro	TGG	0	0	68.5	35.70	32.80	Inf	Pro	111.2	high confidence set
HanXRQChr10	120	73343422	73343351	Pro	TGG	0	0	60.1	33.80	26.30	Inf	Pro	103.6	high confidence set
HanXRQChr10	121	73341729	73341658	Pro	AGG	0	0	67.4	34.70	32.70	Inf	Pro	112.3	high confidence set
HanXRQChr10	125	67371690	67371617	Trp	CCA	0	0	71.6	38.20	33.40	Inf	Thr	75.4	IPD:-18.00,isotype mismatch
HanXRQChr10	126	67352286	67352214	Thr	TGT	0	0	66.8	49.90	16.90	Inf	Thr	80.9	high confidence set
HanXRQChr10	129	52027834	52027750	Met	CAT	52027796	52027786	64.3	40.80	23.50	Inf	Met	104.0	high confidence set
HanXRQChr10	130	51827910	51827830	Leu	AAG	0	0	74.0	52.20	21.80	Inf	Leu	110.4	high confidence set
HanXRQChr10	131	51395742	51395661	Ser	CGA	0	0	71.6	44.30	27.30	Inf	Ser	111.8	high confidence set
HanXRQChr10	133	44477465	44477392	Ile	AAT	0	0	81.8	58.30	23.50	Inf	Ile	106.8	high confidence set
HanXRQChr10	135	39274939	39274867	Phe	GAA	0	0	76.1	54.40	21.70	Inf	Phe	115.3	high confidence set
HanXRQChr10	140	35041452	35041379	Trp	CCA	0	0	71.6	38.20	33.40	Inf	Thr	75.4	IPD:-18.00,isotype mismatch
HanXRQChr10	143	31347933	31347860	Trp	CCA	0	0	71.6	38.20	33.40	Inf	Thr	75.4	IPD:-18.00,isotype mismatch
HanXRQChr10	144	31328541	31328469	Thr	TGT	0	0	66.8	49.90	16.90	Inf	Thr	80.9	high confidence set
HanXRQChr10	148	27028851	27028779	Phe	GAA	0	0	76.1	54.40	21.70	Inf	Phe	115.3	high confidence set
HanXRQChr10	153	14546618	14546545	Asn	GTT	0	0	84.5	59.40	25.10	Inf	Asn	95.9	high confidence set
HanXRQChr10	155	11967334	11967254	Leu	CAG	0	0	69.5	46.80	22.70	Inf	Leu	109.7	high confidence set
HanXRQChr10	159	1934908	1934827	Ser	GCT	0	0	80.5	45.20	35.30	Inf	Ser	109.5	high confidence set
HanXRQChr11	1	3104916	3104988	Ala	AGC	0	0	63.4	38.20	25.20	Inf	Ala	98.3	high confidence set
HanXRQChr11	10	22662252	22662323	His	GTG	0	0	63.0	33.70	29.30	Inf	His	86.8	high confidence set
HanXRQChr11	11	23194918	23194990	Lys	CTT	0	0	87.7	67.60	20.10	Inf	Lys	106.7	high confidence set
HanXRQChr11	13	25870869	25870939	Cys	GCA	0	0	64.9	46.30	18.60	Inf	Cys	73.4	high confidence set
HanXRQChr11	16	25906484	25906570	Ser	GGA	0	0	60.2	34.00	26.20	Inf	Ser	73.6	unexpected anticodon
HanXRQChr11	21	31822783	31822862	Leu	TAG	0	0	69.5	48.50	21.00	Inf	Leu	111.5	high confidence set
HanXRQChr11	23	39376427	39376498	Trp	CCA	0	0	75.1	50.10	25.00	Inf	Trp	105.0	high confidence set
HanXRQChr11	24	49273994	49274066	Arg	TCT	0	0	68.5	50.60	17.90	Inf	Arg	98.8	high confidence set
HanXRQChr11	25	51594195	51594267	Glu	CTC	0	0	71.8	46.00	25.80	Inf	Glu	88.2	high confidence set
HanXRQChr11	27	61274207	61274279	Phe	GAA	0	0	76.1	54.40	21.70	Inf	Phe	115.3	high confidence set
HanXRQChr11	30	67899125	67899204	Leu	TAG	0	0	69.5	48.50	21.00	Inf	Leu	111.5	high confidence set
HanXRQChr11	32	75279971	75280044	Thr	AGT	0	0	76.0	48.40	27.60	Inf	Thr	90.6	high confidence set
HanXRQChr11	33	77196876	77196948	Ala	AGC	0	0	63.4	38.20	25.20	Inf	Ala	98.3	high confidence set
HanXRQChr11	36	79024025	79024097	Phe	GAA	0	0	76.1	54.40	21.70	Inf	Phe	115.3	high confidence set
HanXRQChr11	37	79026952	79027024	Phe	GAA	0	0	76.1	54.40	21.70	Inf	Phe	115.3	high confidence set
HanXRQChr11	38	79148707	79148779	Phe	GAA	0	0	76.1	54.40	21.70	Inf	Phe	115.3	high confidence set
HanXRQChr11	43	82927892	82927973	Ser	TGA	0	0	80.7	46.10	34.60	Inf	Ser	119.7	high confidence set
HanXRQChr11	46	91040931	91041020	Tyr	GTA	91040968	91040984	74.3	42.80	31.50	Inf	Tyr	111.8	high confidence set
HanXRQChr11	55	112203900	112203973	Val	CAC	0	0	81.5	53.50	28.00	Inf	Val	103.7	high confidence set
HanXRQChr11	57	116219120	116219200	Leu	AAG	0	0	67.0	55.10	11.90	Inf	Leu	103.3	high confidence set
HanXRQChr11	65	129094035	129094108	Val	CAC	0	0	81.5	53.50	28.00	Inf	Val	103.7	high confidence set
HanXRQChr11	66	129105834	129105907	Val	CAC	0	0	82.4	54.40	28.00	Inf	Val	103.7	high confidence set
HanXRQChr11	70	140139430	140139512	Leu	TAA	0	0	73.8	36.30	37.50	Inf	Leu	98.9	high confidence set
HanXRQChr11	71	140163066	140163148	Leu	TAA	0	0	74.9	36.40	38.50	Inf	Leu	99.1	high confidence set
HanXRQChr11	72	142446715	142446797	Leu	TAA	0	0	74.9	36.40	38.50	Inf	Leu	99.1	high confidence set
HanXRQChr11	74	147332606	147332678	Arg	CCT	0	0	74.8	55.90	18.90	Inf	Arg	87.5	high confidence set
HanXRQChr11	75	147380719	147380791	Arg	CCT	0	0	74.8	55.90	18.90	Inf	Arg	87.5	high confidence set
HanXRQChr11	76	147382455	147382527	Arg	CCT	0	0	69.1	50.30	18.80	Inf	Arg	81.2	high confidence set
HanXRQChr11	77	150284529	150284613	Met	CAT	150284567	150284577	54.9	40.60	14.30	Inf	Met	97.3	high confidence set
HanXRQChr11	78	150442437	150442524	Met	CAT	150442475	150442488	64.1	40.70	23.40	Inf	Met	104.0	high confidence set
HanXRQChr11	79	150447187	150447271	Met	CAT	150447225	150447235	64.2	40.80	23.40	Inf	Met	104.0	high confidence set
HanXRQChr11	81	150499381	150499453	Glu	CTC	0	0	70.0	44.20	25.80	Inf	Glu	86.3	high confidence set
HanXRQChr11	82	150500747	150500819	Glu	CTC	0	0	78.9	53.10	25.80	Inf	Glu	99.2	high confidence set
HanXRQChr11	83	150502019	150502091	Glu	CTC	0	0	72.7	51.20	21.50	Inf	Glu	94.6	high confidence set
HanXRQChr11	84	150506250	150506322	Glu	CTC	0	0	78.9	53.10	25.80	Inf	Glu	99.2	high confidence set
HanXRQChr11	85	150521903	150521975	Glu	CTC	0	0	72.7	51.20	21.50	Inf	Glu	94.6	high confidence set
HanXRQChr11	86	150524055	150524127	Glu	CTC	0	0	78.9	53.10	25.80	Inf	Glu	99.2	high confidence set
HanXRQChr11	87	155595363	155595435	Lys	TTT	0	0	87.3	67.40	19.90	Inf	Lys	95.5	high confidence set
HanXRQChr11	88	157485109	157485181	Glu	CTC	0	0	79.2	53.50	25.70	Inf	Glu	94.2	high confidence set
HanXRQChr11	89	157632521	157632594	Val	CAC	0	0	81.5	53.50	28.00	Inf	Val	103.7	high confidence set
HanXRQChr11	91	167918701	167918628	Val	CAC	0	0	81.5	53.50	28.00	Inf	Val	103.7	high confidence set
HanXRQChr11	95	158573918	158573846	Arg	TCT	0	0	68.1	50.00	18.10	Inf	Arg	96.3	high confidence set
HanXRQChr11	96	157937384	157937311	Val	CAC	0	0	81.5	53.50	28.00	Inf	Val	103.7	high confidence set
HanXRQChr11	98	155626421	155626349	Lys	TTT	0	0	87.3	67.40	19.90	Inf	Lys	95.5	high confidence set
HanXRQChr11	99	150944923	150944852	Glu	TTC	0	0	50.7	35.30	15.40	Inf	Glu	78.2	high confidence set
HanXRQChr11	100	150506470	150506383	Met	CAT	150506432	150506419	61.4	38.20	23.20	Inf	Met	99.2	high confidence set
HanXRQChr11	101	150501430	150501346	Met	CAT	150501392	150501382	64.2	40.80	23.40	Inf	Met	104.0	high confidence set
HanXRQChr11	103	150455082	150455010	Glu	CTC	0	0	78.9	53.10	25.80	Inf	Glu	99.2	high confidence set
HanXRQChr11	104	150452276	150452204	Glu	CTC	0	0	62.2	50.30	11.90	Inf	Glu	82.0	high confidence set
HanXRQChr11	105	150451150	150451078	Glu	CTC	0	0	78.9	53.10	25.80	Inf	Glu	99.2	high confidence set
HanXRQChr11	106	150447395	150447323	Glu	CTC	0	0	78.9	53.10	25.80	Inf	Glu	99.2	high confidence set
HanXRQChr11	107	150442646	150442574	Glu	CTC	0	0	79.5	53.70	25.80	Inf	Glu	102.6	high confidence set
HanXRQChr11	108	150284729	150284657	Glu	CTC	0	0	78.9	53.10	25.80	Inf	Glu	99.2	high confidence set
HanXRQChr11	109	150281538	150281466	Glu	CTC	0	0	78.9	53.10	25.80	Inf	Glu	99.2	high confidence set
HanXRQChr11	110	147931419	147931348	Glu	TTC	0	0	70.5	45.30	25.20	Inf	Glu	97.5	high confidence set
HanXRQChr11	111	147929716	147929645	Glu	TTC	0	0	70.5	45.30	25.20	Inf	Glu	97.5	high confidence set
HanXRQChr11	113	146430134	146430063	Glu	TTC	0	0	51.0	34.30	16.70	Inf	Glu	80.8	high confidence set
HanXRQChr11	115	140719890	140719818	Phe	GAA	0	0	76.1	54.40	21.70	Inf	Phe	115.3	high confidence set
HanXRQChr11	116	140716739	140716667	Phe	GAA	0	0	75.0	55.20	19.80	Inf	Phe	109.6	high confidence set
HanXRQChr11	121	122351882	122351801	Ser	AGA	0	0	75.7	42.20	33.50	Inf	Ser	110.6	high confidence set
HanXRQChr11	122	112203800	112203727	Val	CAC	0	0	81.5	53.50	28.00	Inf	Val	103.7	high confidence set
HanXRQChr11	123	111265589	111265518	Glu	TTC	0	0	73.0	47.80	25.20	Inf	Glu	99.4	high confidence set
HanXRQChr11	124	111250188	111250117	Glu	TTC	0	0	59.3	42.60	16.70	Inf	Glu	88.2	high confidence set
HanXRQChr11	125	111128556	111128485	Glu	TTC	0	0	70.5	45.30	25.20	Inf	Glu	97.5	high confidence set
HanXRQChr11	130	102880373	102880302	Glu	TTC	0	0	70.5	45.30	25.20	Inf	Glu	97.5	high confidence set
HanXRQChr11	134	96597884	96597813	iMet	CAT	0	0	58.3	28.10	30.20	Inf	iMet	118.7	high confidence set
HanXRQChr11	136	78987160	78987088	Phe	GAA	0	0	63.6	48.40	15.20	Inf	Phe	101.6	high confidence set
HanXRQChr11	137	78727421	78727350	iMet	CAT	0	0	58.3	28.10	30.20	Inf	iMet	118.7	high confidence set
HanXRQChr11	139	74724685	74724614	His	GTG	0	0	63.0	33.70	29.30	Inf	His	86.8	high confidence set
HanXRQChr11	143	56972804	56972732	Ala	AGC	0	0	63.4	38.20	25.20	Inf	Ala	98.3	high confidence set
HanXRQChr11	146	36004664	36004593	Thr	TGT	0	0	76.0	48.90	27.10	Inf	Thr	90.2	high confidence set
HanXRQChr11	150	30186004	30185924	Leu	AAG	0	0	61.4	48.40	13.00	Inf	Leu	96.0	high confidence set
HanXRQChr11	155	25927342	25927269	Trp	CCA	0	0	71.6	38.20	33.40	Inf	Thr	75.4	IPD:-18.00,isotype mismatch
HanXRQChr11	156	25907922	25907850	Thr	TGT	0	0	66.8	49.90	16.90	Inf	Thr	80.9	high confidence set
HanXRQChr11	158	25896695	25896613	Ser	TGA	0	0	69.9	37.10	32.80	Inf	Ser	74.2	high confidence set
HanXRQChr11	161	25873371	25873288	Tyr	GTA	0	0	59.0	32.70	26.30	Inf	Tyr	73.4	high confidence set
HanXRQChr11	163	25870118	25870031	Ser	GCT	0	0	67.3	36.70	30.60	Inf	Ser	75.9	high confidence set
HanXRQChr11	167	24732042	24731970	Lys	CTT	0	0	87.7	67.60	20.10	Inf	Lys	106.7	high confidence set
HanXRQChr11	172	17063179	17063098	Ser	AGA	0	0	68.6	35.50	33.10	Inf	Ser	100.6	high confidence set
HanXRQChr12	1	1652798	1652878	Leu	AAG	0	0	74.0	52.20	21.80	Inf	Leu	110.4	high confidence set
HanXRQChr12	2	2716515	2716586	Pro	TGG	0	0	69.2	36.90	32.30	Inf	Pro	112.8	high confidence set
HanXRQChr12	3	3577678	3577750	Ala	AGC	0	0	63.4	38.20	25.20	Inf	Ala	98.3	high confidence set
HanXRQChr12	4	4752744	4752826	Ser	TGA	0	0	69.9	37.10	32.80	Inf	Ser	74.2	high confidence set
HanXRQChr12	8	15375937	15376009	Ala	AGC	0	0	63.4	38.20	25.20	Inf	Ala	98.3	high confidence set
HanXRQChr12	13	25018017	25018090	Val	AAC	0	0	72.5	48.10	24.40	Inf	Val	100.2	high confidence set
HanXRQChr12	14	32701066	32701137	Thr	TGT	0	0	79.1	48.90	30.20	Inf	Thr	92.7	high confidence set
HanXRQChr12	16	36523637	36523710	Arg	TCG	0	0	82.3	61.00	21.30	Inf	Arg	91.9	high confidence set
HanXRQChr12	17	44385109	44385181	Lys	CTT	0	0	87.7	67.60	20.10	Inf	Lys	106.7	high confidence set
HanXRQChr12	20	56885115	56885187	Ala	CGC	0	0	67.5	42.90	24.60	Inf	Ala	99.2	high confidence set
HanXRQChr12	21	57198545	57198617	Lys	TTT	0	0	87.3	67.40	19.90	Inf	Lys	95.5	high confidence set
HanXRQChr12	24	63119396	63119468	Arg	CCG	0	0	76.6	57.80	18.80	Inf	Arg	84.1	high confidence set
HanXRQChr12	25	63265598	63265669	Pro	AGG	0	0	67.4	34.70	32.70	Inf	Pro	112.3	high confidence set
HanXRQChr12	29	72725291	72725362	Trp	CCA	0	0	75.8	51.20	24.60	Inf	Trp	105.6	high confidence set
HanXRQChr12	32	88604429	88604500	Thr	CGT	0	0	82.3	55.00	27.30	Inf	Thr	89.2	high confidence set
HanXRQChr12	33	89052507	89052580	Asn	GTT	0	0	84.5	59.40	25.10	Inf	Asn	95.9	high confidence set
HanXRQChr12	40	119528598	119528669	Pro	AGG	0	0	67.4	34.70	32.70	Inf	Pro	112.3	high confidence set
HanXRQChr12	42	151023177	151023249	Lys	TTT	0	0	80.3	61.50	18.80	Inf	Lys	78.3	high confidence set
HanXRQChr12	43	163027059	163027141	Leu	TAA	0	0	68.4	29.10	39.30	Inf	Leu	90.1	high confidence set
HanXRQChr12	44	164275653	164275582	Thr	TGT	0	0	79.1	48.90	30.20	Inf	Thr	92.7	high confidence set
HanXRQChr12	46	151571869	151571798	Gln	TTG	0	0	73.5	53.70	19.80	Inf	Gln	104.8	high confidence set
HanXRQChr12	51	118887474	118887389	Met	CAT	118887436	118887425	64.2	40.70	23.50	Inf	Met	104.0	high confidence set
HanXRQChr12	53	99409944	99409873	Cys	GCA	0	0	82.1	59.90	22.20	Inf	Cys	106.6	high confidence set
HanXRQChr12	59	89052734	89052663	Pro	AGG	0	0	67.4	34.70	32.70	Inf	Pro	112.3	high confidence set
HanXRQChr12	64	78506770	78506697	Ile	TAT	0	0	85.9	70.60	15.30	Inf	Ile	103.9	high confidence set
HanXRQChr12	67	73212773	73212691	Leu	TAA	0	0	68.4	29.10	39.30	Inf	Leu	90.1	high confidence set
HanXRQChr12	68	71297869	71297797	Arg	ACG	0	0	72.5	49.90	22.60	Inf	Arg	93.8	high confidence set
HanXRQChr12	71	67065032	67064961	Gln	TTG	0	0	73.5	53.70	19.80	Inf	Gln	104.8	high confidence set
HanXRQChr12	72	66144909	66144838	Pro	AGG	0	0	67.4	34.70	32.70	Inf	Pro	112.3	high confidence set
HanXRQChr12	74	63518578	63518507	Cys	GCA	0	0	82.1	59.90	22.20	Inf	Cys	106.6	high confidence set
HanXRQChr12	78	61756401	61756329	Lys	TTT	0	0	87.3	67.40	19.90	Inf	Lys	95.5	high confidence set
HanXRQChr12	80	57494242	57494170	Lys	TTT	0	0	87.3	67.40	19.90	Inf	Lys	95.5	high confidence set
HanXRQChr12	81	57345545	57345474	Pro	AGG	0	0	67.4	34.70	32.70	Inf	Pro	112.3	high confidence set
HanXRQChr12	83	36618635	36618550	Met	CAT	36618597	36618586	64.2	40.80	23.40	Inf	Met	104.0	high confidence set
HanXRQChr12	85	33994618	33994537	Ser	AGA	0	0	78.7	42.50	36.20	Inf	Ser	114.6	high confidence set
HanXRQChr12	87	33642452	33642371	Ser	AGA	0	0	78.7	42.50	36.20	Inf	Ser	114.6	high confidence set
HanXRQChr12	88	33551354	33551273	Ser	AGA	0	0	78.7	42.50	36.20	Inf	Ser	114.6	high confidence set
HanXRQChr12	89	31931874	31931793	Ser	CGA	0	0	78.9	46.60	32.30	Inf	Ser	122.0	high confidence set
HanXRQChr12	92	27646239	27646168	Thr	CGT	0	0	73.9	46.10	27.80	Inf	Thr	87.5	high confidence set
HanXRQChr12	93	27535881	27535808	Asn	GTT	0	0	84.5	59.40	25.10	Inf	Asn	95.9	high confidence set
HanXRQChr12	94	26081320	26081248	Ala	TGC	0	0	70.0	45.30	24.70	Inf	Ala	100.6	high confidence set
HanXRQChr12	101	19149503	19149430	Asn	GTT	0	0	84.5	59.40	25.10	Inf	Asn	95.9	high confidence set
HanXRQChr12	102	18831928	18831847	Ser	GCT	0	0	79.0	43.10	35.90	Inf	Ser	108.6	high confidence set
HanXRQChr12	103	18829093	18829012	Ser	GCT	0	0	79.0	43.10	35.90	Inf	Ser	108.6	high confidence set
HanXRQChr12	104	18827809	18827728	Ser	GCT	0	0	79.0	43.10	35.90	Inf	Ser	108.6	high confidence set
HanXRQChr12	106	15101130	15101057	Thr	AGT	0	0	71.2	42.70	28.50	Inf	Thr	84.5	high confidence set
HanXRQChr12	107	15100592	15100519	Thr	AGT	0	0	72.2	43.70	28.50	Inf	Thr	85.3	high confidence set
HanXRQChr12	108	15098502	15098429	Thr	AGT	0	0	74.7	46.20	28.50	Inf	Thr	89.4	high confidence set
HanXRQChr12	109	14611132	14611052	Leu	AAG	0	0	74.0	52.20	21.80	Inf	Leu	110.4	high confidence set
HanXRQChr12	111	7425592	7425519	Asn	GTT	0	0	84.5	59.40	25.10	Inf	Asn	95.9	high confidence set
HanXRQChr12	112	5804048	5803967	Ser	AGA	0	0	78.7	42.50	36.20	Inf	Ser	114.6	high confidence set
HanXRQChr12	113	4509282	4509209	Thr	AGT	0	0	74.7	46.20	28.50	Inf	Thr	89.4	high confidence set
HanXRQChr12	114	2670674	2670603	Glu	TTC	0	0	70.5	45.30	25.20	Inf	Glu	97.5	high confidence set
HanXRQChr13	5	42482487	42482558	iMet	CAT	0	0	58.3	28.10	30.20	Inf	iMet	118.7	high confidence set
HanXRQChr13	8	61382821	61382894	Ile	AAT	0	0	81.8	58.30	23.50	Inf	Ile	106.8	high confidence set
HanXRQChr13	14	118907221	118907293	Ala	AGC	0	0	63.4	38.20	25.20	Inf	Ala	98.3	high confidence set
HanXRQChr13	19	148303309	148303382	Val	AAC	0	0	72.5	48.10	24.40	Inf	Val	100.2	high confidence set
HanXRQChr13	22	149910592	149910678	Ser	GGA	0	0	60.2	34.00	26.20	Inf	Ser	73.6	unexpected anticodon
HanXRQChr13	23	149919123	149919209	Ser	GGA	0	0	60.2	34.00	26.20	Inf	Ser	73.6	unexpected anticodon
HanXRQChr13	24	149927652	149927738	Ser	GGA	0	0	60.2	34.00	26.20	Inf	Ser	73.6	unexpected anticodon
HanXRQChr13	25	149936173	149936259	Ser	GGA	0	0	60.2	34.00	26.20	Inf	Ser	73.6	unexpected anticodon
HanXRQChr13	27	151779167	151779240	Ile	AAT	0	0	81.8	58.30	23.50	Inf	Ile	106.8	high confidence set
HanXRQChr13	28	151788800	151788873	Ile	AAT	0	0	81.8	58.30	23.50	Inf	Ile	106.8	high confidence set
HanXRQChr13	29	153227715	153227787	Phe	GAA	0	0	78.3	58.40	19.90	Inf	Phe	113.2	high confidence set
HanXRQChr13	30	154061782	154061855	Ile	AAT	0	0	81.8	58.30	23.50	Inf	Ile	106.8	high confidence set
HanXRQChr13	31	154065426	154065499	Ile	AAT	0	0	81.8	58.30	23.50	Inf	Ile	106.8	high confidence set
HanXRQChr13	32	154845827	154845899	Lys	CTT	0	0	87.7	67.60	20.10	Inf	Lys	106.7	high confidence set
HanXRQChr13	33	156610790	156610862	Ala	CGC	0	0	68.3	44.10	24.20	Inf	Ala	99.2	high confidence set
HanXRQChr13	35	160047872	160047943	Cys	GCA	0	0	82.1	59.90	22.20	Inf	Cys	106.6	high confidence set
HanXRQChr13	42	177232116	177232199	Leu	CAA	0	0	67.3	53.50	13.80	Inf	Leu	104.7	high confidence set
HanXRQChr13	44	180364115	180364198	Tyr	GTA	0	0	59.0	32.70	26.30	Inf	Tyr	73.4	high confidence set
HanXRQChr13	46	183616035	183616120	Tyr	GTA	183616072	183616084	60.5	36.80	23.70	Inf	Tyr	99.2	high confidence set
HanXRQChr13	49	194059551	194059478	Val	AAC	0	0	72.5	48.10	24.40	Inf	Val	100.2	high confidence set
HanXRQChr13	50	194052588	194052515	Val	AAC	0	0	72.5	48.10	24.40	Inf	Val	100.2	high confidence set
HanXRQChr13	51	194050265	194050192	Val	AAC	0	0	72.5	48.10	24.40	Inf	Val	100.2	high confidence set
HanXRQChr13	54	188564940	188564869	iMet	CAT	0	0	58.3	28.10	30.20	Inf	iMet	118.7	high confidence set
HanXRQChr13	58	176804959	176804874	Tyr	GTA	176804922	176804910	74.5	42.90	31.60	Inf	Tyr	111.8	high confidence set
HanXRQChr13	59	165228918	165228846	Glu	CTC	0	0	78.9	53.10	25.80	Inf	Glu	99.2	high confidence set
HanXRQChr13	64	156903836	156903763	Val	AAC	0	0	72.5	48.10	24.40	Inf	Val	100.2	high confidence set
HanXRQChr13	67	149877268	149877181	Ser	GCT	0	0	67.3	36.70	30.60	Inf	Ser	75.9	high confidence set
HanXRQChr13	73	140190017	140189945	Ala	TGC	0	0	70.0	45.30	24.70	Inf	Ala	100.6	high confidence set
HanXRQChr13	74	140155570	140155498	Ala	TGC	0	0	70.0	45.30	24.70	Inf	Ala	100.6	high confidence set
HanXRQChr13	76	134258377	134258306	Glu	TTC	0	0	70.5	45.30	25.20	Inf	Glu	97.5	high confidence set
HanXRQChr13	78	127537631	127537551	Leu	AAG	0	0	74.0	52.20	21.80	Inf	Leu	110.4	high confidence set
HanXRQChr13	80	119298692	119298621	iMet	CAT	0	0	58.3	28.10	30.20	Inf	iMet	118.7	high confidence set
HanXRQChr13	82	108285058	108284987	iMet	CAT	0	0	58.3	28.10	30.20	Inf	iMet	118.7	high confidence set
HanXRQChr13	83	105919165	105919084	Ser	TGA	0	0	80.7	46.10	34.60	Inf	Ser	119.7	high confidence set
HanXRQChr13	88	87883862	87883789	Val	AAC	0	0	72.5	48.10	24.40	Inf	Val	100.2	high confidence set
HanXRQChr13	89	87881331	87881258	Val	AAC	0	0	72.5	48.10	24.40	Inf	Val	100.2	high confidence set
HanXRQChr13	90	86768733	86768661	Arg	TCT	0	0	68.1	50.00	18.10	Inf	Arg	96.3	high confidence set
HanXRQChr13	91	85167796	85167724	Lys	TTT	0	0	87.3	67.40	19.90	Inf	Lys	95.5	high confidence set
HanXRQChr13	92	82541695	82541623	Lys	CTT	0	0	86.5	66.30	20.20	Inf	Lys	107.4	high confidence set
HanXRQChr13	93	72501975	72501893	Leu	TAA	0	0	74.9	36.40	38.50	Inf	Leu	99.1	high confidence set
HanXRQChr13	94	50792308	50792237	Glu	TTC	0	0	70.5	45.30	25.20	Inf	Glu	97.5	high confidence set
HanXRQChr13	98	29172891	29172819	Ala	TGC	0	0	63.7	38.60	25.10	Inf	Ala	96.5	high confidence set
HanXRQChr13	101	27247111	27247030	Ser	GCT	0	0	80.5	45.20	35.30	Inf	Ser	109.5	high confidence set
HanXRQChr13	102	18476008	18475921	Tyr	GTA	18475971	18475957	56.6	37.00	19.60	Inf	Tyr	94.7	high confidence set
HanXRQChr13	105	16849611	16849527	Met	CAT	16849573	16849563	64.3	40.80	23.50	Inf	Met	104.0	high confidence set
HanXRQChr13	106	11014778	11014696	Leu	TAA	0	0	68.4	29.10	39.30	Inf	Leu	90.1	high confidence set
HanXRQChr13	107	11001999	11001917	Leu	TAA	0	0	68.4	29.10	39.30	Inf	Leu	90.1	high confidence set
HanXRQChr13	110	2067094	2067022	Lys	CTT	0	0	87.7	67.60	20.10	Inf	Lys	106.7	high confidence set
HanXRQChr13	111	2064322	2064250	Lys	CTT	0	0	87.7	67.60	20.10	Inf	Lys	106.7	high confidence set
HanXRQChr14	4	37470782	37470854	Glu	CTC	0	0	78.9	53.10	25.80	Inf	Glu	94.8	high confidence set
HanXRQChr14	5	37474155	37474227	Glu	CTC	0	0	71.7	49.90	21.80	Inf	Glu	91.4	high confidence set
HanXRQChr14	10	78928703	78928774	Gln	CTG	0	0	74.6	50.10	24.50	Inf	Gln	105.2	high confidence set
HanXRQChr14	12	90543294	90543366	Ala	CGC	0	0	68.3	44.10	24.20	Inf	Ala	99.2	high confidence set
HanXRQChr14	15	102490553	102490624	His	GTG	0	0	63.0	33.70	29.30	Inf	His	86.8	high confidence set
HanXRQChr14	18	106874653	106874726	Ile	AAT	0	0	81.8	58.30	23.50	Inf	Ile	106.8	high confidence set
HanXRQChr14	19	106874797	106874870	Ile	AAT	0	0	81.8	58.30	23.50	Inf	Ile	106.8	high confidence set
HanXRQChr14	20	106874942	106875015	Ile	AAT	0	0	81.8	58.30	23.50	Inf	Ile	106.8	high confidence set
HanXRQChr14	25	133554587	133554658	Gln	CTG	0	0	74.6	50.10	24.50	Inf	Gln	105.2	high confidence set
HanXRQChr14	26	133555032	133555103	His	GTG	0	0	63.0	33.70	29.30	Inf	His	86.8	high confidence set
HanXRQChr14	28	142189224	142189304	Leu	AAG	0	0	75.7	55.40	20.30	Inf	Leu	112.7	high confidence set
HanXRQChr14	31	148070525	148070597	Phe	GAA	0	0	76.1	54.40	21.70	Inf	Phe	115.3	high confidence set
HanXRQChr14	32	150235006	150235077	Glu	TTC	0	0	70.5	45.30	25.20	Inf	Glu	97.5	high confidence set
HanXRQChr14	34	150994460	150994532	Lys	TTT	0	0	87.3	67.40	19.90	Inf	Lys	95.5	high confidence set
HanXRQChr14	35	150994634	150994706	Lys	TTT	0	0	87.3	67.40	19.90	Inf	Lys	95.5	high confidence set
HanXRQChr14	36	151806436	151806527	Tyr	GTA	151806473	151806491	74.2	42.80	31.40	Inf	Tyr	111.8	high confidence set
HanXRQChr14	37	152069383	152069455	Lys	TTT	0	0	87.3	67.40	19.90	Inf	Lys	95.5	high confidence set
HanXRQChr14	38	152069557	152069629	Lys	TTT	0	0	87.3	67.40	19.90	Inf	Lys	95.5	high confidence set
HanXRQChr14	39	154830065	154830156	Tyr	GTA	154830102	154830120	74.2	42.70	31.50	Inf	Tyr	111.8	high confidence set
HanXRQChr14	40	158351866	158351949	Leu	CAA	0	0	77.8	51.60	26.20	Inf	Leu	121.9	high confidence set
HanXRQChr14	42	159609166	159609253	Tyr	GTA	159609203	159609217	74.4	42.90	31.50	Inf	Tyr	111.8	high confidence set
HanXRQChr14	45	160043134	160043206	Lys	TTT	0	0	87.3	67.40	19.90	Inf	Lys	95.5	high confidence set
HanXRQChr14	46	160046134	160046206	Lys	TTT	0	0	87.3	67.40	19.90	Inf	Lys	95.5	high confidence set
HanXRQChr14	47	160171863	160171934	iMet	CAT	0	0	58.3	28.10	30.20	Inf	iMet	118.7	high confidence set
HanXRQChr14	48	163372419	163372491	Lys	CTT	0	0	87.7	67.60	20.10	Inf	Lys	106.7	high confidence set
HanXRQChr14	50	164098548	164098619	Cys	GCA	0	0	82.1	59.90	22.20	Inf	Cys	106.6	high confidence set
HanXRQChr14	51	167100588	167100660	Lys	CTT	0	0	87.7	67.60	20.10	Inf	Lys	106.7	high confidence set
HanXRQChr14	54	173371096	173371167	Cys	GCA	0	0	82.1	59.90	22.20	Inf	Cys	106.6	high confidence set
HanXRQChr14	59	171105889	171105808	Ser	CGA	0	0	78.9	46.60	32.30	Inf	Ser	122.0	high confidence set
HanXRQChr14	60	171104340	171104259	Ser	TGA	0	0	76.3	42.50	33.80	Inf	Ser	114.3	high confidence set
HanXRQChr14	61	171082972	171082900	Lys	TTT	0	0	87.3	67.40	19.90	Inf	Lys	95.5	high confidence set
HanXRQChr14	62	170425267	170425194	Ile	AAT	0	0	81.8	58.30	23.50	Inf	Ile	106.8	high confidence set
HanXRQChr14	63	169279492	169279419	Ile	AAT	0	0	81.8	58.30	23.50	Inf	Ile	106.8	high confidence set
HanXRQChr14	64	169266650	169266577	Ile	AAT	0	0	81.8	58.30	23.50	Inf	Ile	106.8	high confidence set
HanXRQChr14	65	168162183	168162111	Arg	CCT	0	0	69.1	50.30	18.80	Inf	Arg	81.2	high confidence set
HanXRQChr14	66	168138571	168138484	Met	CAT	168138533	168138520	64.1	40.70	23.40	Inf	Met	104.0	high confidence set
HanXRQChr14	67	168117186	168117099	Met	CAT	168117148	168117135	64.1	40.70	23.40	Inf	Met	104.0	high confidence set
HanXRQChr14	70	160369647	160369574	Ile	AAT	0	0	81.8	58.30	23.50	Inf	Ile	106.8	high confidence set
HanXRQChr14	71	158755666	158755594	Ala	AGC	0	0	63.4	38.20	25.20	Inf	Ala	98.3	high confidence set
HanXRQChr14	72	154489338	154489267	Pro	AGG	0	0	67.4	34.70	32.70	Inf	Pro	112.3	high confidence set
HanXRQChr14	74	148070300	148070228	Phe	GAA	0	0	76.1	54.40	21.70	Inf	Phe	115.3	high confidence set
HanXRQChr14	76	141576597	141576526	Gln	CTG	0	0	74.6	50.10	24.50	Inf	Gln	105.2	high confidence set
HanXRQChr14	77	141539340	141539268	Glu	CTC	0	0	78.9	53.10	25.80	Inf	Glu	99.2	high confidence set
HanXRQChr14	78	141372201	141372130	Pro	TGG	0	0	68.5	35.70	32.80	Inf	Pro	111.2	high confidence set
HanXRQChr14	79	140295384	140295312	Ala	TGC	0	0	70.0	45.30	24.70	Inf	Ala	100.6	high confidence set
HanXRQChr14	80	139571226	139571155	Gln	TTG	0	0	73.5	53.70	19.80	Inf	Gln	104.8	high confidence set
HanXRQChr14	82	139447401	139447330	Thr	CGT	0	0	80.6	51.80	28.80	Inf	Thr	86.2	high confidence set
HanXRQChr14	83	139447226	139447155	Thr	CGT	0	0	78.4	54.50	23.90	Inf	Thr	83.9	high confidence set
HanXRQChr14	84	139388173	139388100	Asn	GTT	0	0	84.5	59.40	25.10	Inf	Asn	95.9	high confidence set
HanXRQChr14	85	137125143	137125071	Arg	TCT	0	0	68.1	50.00	18.10	Inf	Arg	96.3	high confidence set
HanXRQChr14	86	135407150	135407079	Gln	TTG	0	0	73.5	53.70	19.80	Inf	Gln	104.8	high confidence set
HanXRQChr14	88	123128778	123128705	Thr	AGT	0	0	76.0	48.40	27.60	Inf	Thr	90.6	high confidence set
HanXRQChr14	89	115751709	115751638	His	GTG	0	0	63.0	33.70	29.30	Inf	His	86.8	high confidence set
HanXRQChr14	93	113084271	113084199	Glu	CTC	0	0	78.9	53.10	25.80	Inf	Glu	99.2	high confidence set
HanXRQChr14	94	113045569	113045497	Glu	CTC	0	0	78.9	53.10	25.80	Inf	Glu	99.2	high confidence set
HanXRQChr14	96	106492681	106492609	Glu	CTC	0	0	78.9	53.10	25.80	Inf	Glu	99.2	high confidence set
HanXRQChr14	97	106468444	106468372	Lys	CTT	0	0	87.7	67.60	20.10	Inf	Lys	106.7	high confidence set
HanXRQChr14	98	100894612	100894539	Asn	GTT	0	0	84.5	59.40	25.10	Inf	Asn	95.9	high confidence set
HanXRQChr14	100	89655312	89655229	Leu	CAA	0	0	76.7	54.50	22.20	Inf	Leu	123.1	high confidence set
HanXRQChr14	101	89653886	89653803	Leu	CAA	0	0	76.7	54.50	22.20	Inf	Leu	123.1	high confidence set
HanXRQChr14	108	33009200	33009119	Ser	TGA	0	0	80.7	46.10	34.60	Inf	Ser	119.7	high confidence set
HanXRQChr14	110	32049778	32049705	Trp	CCA	0	0	71.6	38.20	33.40	Inf	Thr	75.4	IPD:-18.00,isotype mismatch
HanXRQChr14	111	26616361	26616280	Ser	TGA	0	0	80.7	46.10	34.60	Inf	Ser	119.7	high confidence set
HanXRQChr15	8	14149116	14149196	Leu	AAG	0	0	74.0	52.20	21.80	Inf	Leu	110.4	high confidence set
HanXRQChr15	9	14168184	14168257	Val	AAC	0	0	72.5	48.10	24.40	Inf	Val	100.2	high confidence set
HanXRQChr15	10	14486862	14486942	Leu	CAG	0	0	69.5	46.80	22.70	Inf	Leu	109.7	high confidence set
HanXRQChr15	11	14487317	14487389	Arg	ACG	0	0	73.2	50.90	22.30	Inf	Arg	94.3	high confidence set
HanXRQChr15	13	18294707	18294779	Lys	TTT	0	0	77.8	67.60	10.20	Inf	Lys	92.0	high confidence set
HanXRQChr15	15	25929716	25929787	Trp	CCA	0	0	75.1	50.10	25.00	Inf	Trp	105.0	high confidence set
HanXRQChr15	16	25952723	25952794	Trp	CCA	0	0	75.1	50.10	25.00	Inf	Trp	105.0	high confidence set
HanXRQChr15	17	26043785	26043856	Trp	CCA	0	0	75.1	50.10	25.00	Inf	Trp	105.0	high confidence set
HanXRQChr15	20	32436760	32436831	His	GTG	0	0	63.0	33.70	29.30	Inf	His	86.8	high confidence set
HanXRQChr15	21	33392827	33392899	Ala	TGC	0	0	70.0	45.30	24.70	Inf	Ala	100.6	high confidence set
HanXRQChr15	22	33425707	33425779	Ala	TGC	0	0	70.0	45.30	24.70	Inf	Ala	100.6	high confidence set
HanXRQChr15	23	40232959	40233030	Pro	TGG	0	0	68.5	35.70	32.80	Inf	Pro	111.2	high confidence set
HanXRQChr15	30	51647453	51647534	Ser	TGA	0	0	78.6	45.10	33.50	Inf	Ser	118.6	high confidence set
HanXRQChr15	31	51653973	51654054	Ser	TGA	0	0	81.1	46.70	34.40	Inf	Ser	122.5	high confidence set
HanXRQChr15	32	55119441	55119513	Glu	CTC	0	0	78.9	53.10	25.80	Inf	Glu	99.2	high confidence set
HanXRQChr15	35	59273716	59273788	Ala	AGC	0	0	63.4	38.20	25.20	Inf	Ala	98.3	high confidence set
HanXRQChr15	36	59327132	59327204	Ala	AGC	0	0	63.4	38.20	25.20	Inf	Ala	98.3	high confidence set
HanXRQChr15	37	59331058	59331130	Ala	AGC	0	0	63.4	38.20	25.20	Inf	Ala	98.3	high confidence set
HanXRQChr15	39	63415109	63415195	Ser	GGA	0	0	62.2	35.90	26.30	Inf	Ser	76.4	unexpected anticodon
HanXRQChr15	40	63689993	63690065	Glu	CTC	0	0	78.9	53.10	25.80	Inf	Glu	99.2	high confidence set
HanXRQChr15	41	65079834	65079907	Ile	AAT	0	0	81.8	58.30	23.50	Inf	Ile	106.8	high confidence set
HanXRQChr15	42	65093809	65093882	Ile	AAT	0	0	81.8	58.30	23.50	Inf	Ile	106.8	high confidence set
HanXRQChr15	43	65151459	65151532	Ile	AAT	0	0	81.8	58.30	23.50	Inf	Ile	106.8	high confidence set
HanXRQChr15	45	81120107	81120180	Ile	AAT	0	0	81.8	58.30	23.50	Inf	Ile	106.8	high confidence set
HanXRQChr15	52	117095067	117095140	Thr	AGT	0	0	74.7	46.20	28.50	Inf	Thr	89.4	high confidence set
HanXRQChr15	53	117096663	117096736	Thr	AGT	0	0	74.7	46.20	28.50	Inf	Thr	89.4	high confidence set
HanXRQChr15	54	117100348	117100421	Thr	AGT	0	0	72.2	43.70	28.50	Inf	Thr	85.3	high confidence set
HanXRQChr15	55	117100737	117100810	Thr	AGT	0	0	74.7	46.20	28.50	Inf	Thr	89.4	high confidence set
HanXRQChr15	56	117104012	117104085	Thr	AGT	0	0	77.5	49.10	28.40	Inf	Thr	91.2	high confidence set
HanXRQChr15	57	117104260	117104333	Thr	AGT	0	0	74.7	46.20	28.50	Inf	Thr	89.4	high confidence set
HanXRQChr15	58	117105345	117105418	Thr	AGT	0	0	71.2	42.70	28.50	Inf	Thr	84.5	high confidence set
HanXRQChr15	59	117105614	117105687	Thr	AGT	0	0	74.7	46.20	28.50	Inf	Thr	89.4	high confidence set
HanXRQChr15	60	117113492	117113565	Thr	AGT	0	0	72.2	43.70	28.50	Inf	Thr	85.3	high confidence set
HanXRQChr15	61	117113759	117113832	Thr	AGT	0	0	74.7	46.20	28.50	Inf	Thr	89.4	high confidence set
HanXRQChr15	62	117115433	117115506	Thr	AGT	0	0	69.3	40.90	28.40	Inf	Thr	83.5	high confidence set
HanXRQChr15	63	117115707	117115780	Thr	AGT	0	0	74.7	46.20	28.50	Inf	Thr	89.4	high confidence set
HanXRQChr15	64	120167559	120167632	Asn	GTT	0	0	84.5	59.40	25.10	Inf	Asn	95.9	high confidence set
HanXRQChr15	66	120761938	120762021	Tyr	GTA	0	0	59.0	32.70	26.30	Inf	Tyr	73.4	high confidence set
HanXRQChr15	73	167104344	167104415	Asp	GTC	0	0	67.0	47.30	19.70	Inf	Asp	95.1	high confidence set
HanXRQChr15	74	167359737	167359822	Met	CAT	167359775	167359786	64.2	40.70	23.50	Inf	Met	104.0	high confidence set
HanXRQChr15	76	168431855	168431928	Val	CAC	0	0	81.5	53.50	28.00	Inf	Val	103.7	high confidence set
HanXRQChr15	77	169360702	169360773	Pro	AGG	0	0	67.4	34.70	32.70	Inf	Pro	112.3	high confidence set
HanXRQChr15	78	169654513	169654442	Cys	GCA	0	0	82.1	59.90	22.20	Inf	Cys	106.6	high confidence set
HanXRQChr15	79	167169933	167169860	Val	CAC	0	0	81.5	53.50	28.00	Inf	Val	103.7	high confidence set
HanXRQChr15	80	165987162	165987090	Lys	CTT	0	0	87.7	67.60	20.10	Inf	Lys	106.7	high confidence set
HanXRQChr15	81	165982606	165982534	Lys	CTT	0	0	87.7	67.60	20.10	Inf	Lys	106.7	high confidence set
HanXRQChr15	82	165981403	165981331	Lys	CTT	0	0	87.7	67.60	20.10	Inf	Lys	106.7	high confidence set
HanXRQChr15	83	165976478	165976406	Lys	CTT	0	0	87.7	67.60	20.10	Inf	Lys	106.7	high confidence set
HanXRQChr15	84	149315306	149315235	iMet	CAT	0	0	58.3	28.10	30.20	Inf	iMet	118.7	high confidence set
HanXRQChr15	85	148765223	148765150	Ile	TAT	0	0	82.4	67.10	15.30	Inf	Ile	100.2	high confidence set
HanXRQChr15	86	146841983	146841911	Lys	CTT	0	0	84.1	65.80	18.30	Inf	Lys	103.0	high confidence set
HanXRQChr15	87	146840771	146840700	Lys	CTT	0	0	70.2	58.60	11.60	Inf	Lys	89.1	high confidence set
HanXRQChr15	88	146839068	146838996	Lys	CTT	0	0	87.7	67.60	20.10	Inf	Lys	106.7	high confidence set
HanXRQChr15	89	145922421	145922348	Ile	AAT	0	0	82.4	58.90	23.50	Inf	Ile	107.0	high confidence set
HanXRQChr15	90	122340384	122340313	Cys	GCA	0	0	81.7	56.10	25.60	Inf	Cys	104.3	high confidence set
HanXRQChr15	92	115146358	115146286	Arg	ACG	0	0	72.5	49.90	22.60	Inf	Arg	93.8	high confidence set
HanXRQChr15	93	105757660	105757580	Leu	AAG	0	0	61.4	48.40	13.00	Inf	Leu	96.0	high confidence set
HanXRQChr15	97	71692704	71692633	Gln	TTG	0	0	73.5	53.70	19.80	Inf	Gln	104.8	high confidence set
HanXRQChr15	100	52510144	52510072	Ala	AGC	0	0	63.4	38.20	25.20	Inf	Ala	98.3	high confidence set
HanXRQChr15	106	41956914	41956841	Asn	GTT	0	0	84.5	59.40	25.10	Inf	Asn	95.9	high confidence set
HanXRQChr15	108	41095651	41095580	Gln	CTG	0	0	74.7	50.50	24.20	Inf	Gln	103.8	high confidence set
HanXRQChr15	109	40936204	40936133	Thr	TGT	0	0	68.4	48.00	20.40	Inf	Thr	84.3	high confidence set
HanXRQChr15	111	39547022	39546942	Leu	AAG	0	0	74.0	52.20	21.80	Inf	Leu	106.2	high confidence set
HanXRQChr15	115	34193483	34193410	Val	AAC	0	0	72.5	48.10	24.40	Inf	Val	100.2	high confidence set
HanXRQChr15	118	27285608	27285523	Met	CAT	27285570	27285559	64.2	40.70	23.50	Inf	Met	104.0	high confidence set
HanXRQChr15	122	14487053	14486981	Arg	ACG	0	0	73.2	50.90	22.30	Inf	Arg	94.3	high confidence set
HanXRQChr15	123	13535133	13535060	Asn	GTT	0	0	84.5	59.40	25.10	Inf	Asn	95.9	high confidence set
HanXRQChr15	124	10329555	10329483	Lys	CTT	0	0	87.7	67.60	20.10	Inf	Lys	106.7	high confidence set
HanXRQChr16	1	725770	725842	Arg	TCT	0	0	68.5	50.60	17.90	Inf	Arg	98.8	high confidence set
HanXRQChr16	2	4134138	4134211	Val	AAC	0	0	63.4	39.40	24.00	Inf	Val	91.6	high confidence set
HanXRQChr16	6	19325060	19325133	Thr	AGT	0	0	74.7	46.20	28.50	Inf	Thr	89.4	high confidence set
HanXRQChr16	7	19728024	19728104	Leu	CAG	0	0	69.5	46.80	22.70	Inf	Leu	109.7	high confidence set
HanXRQChr16	8	21260925	21260998	Ile	AAT	0	0	81.8	58.30	23.50	Inf	Ile	106.8	high confidence set
HanXRQChr16	11	26318885	26318955	Pro	TGG	0	0	60.2	30.70	29.50	Inf	Pro	92.9	high confidence set
HanXRQChr16	15	31204454	31204527	Ile	AAT	0	0	81.8	58.30	23.50	Inf	Ile	106.8	high confidence set
HanXRQChr16	18	37112050	37112121	Glu	TTC	0	0	70.5	45.30	25.20	Inf	Glu	97.5	high confidence set
HanXRQChr16	19	37268639	37268710	Glu	TTC	0	0	63.5	46.30	17.20	Inf	Glu	89.2	high confidence set
HanXRQChr16	20	39309717	39309789	Ala	CGC	0	0	67.5	42.90	24.60	Inf	Ala	99.2	high confidence set
HanXRQChr16	21	41870456	41870529	Asn	GTT	0	0	84.5	59.40	25.10	Inf	Asn	95.9	high confidence set
HanXRQChr16	23	64253201	64253273	Glu	CTC	0	0	78.9	53.10	25.80	Inf	Glu	99.2	high confidence set
HanXRQChr16	25	94220959	94221031	Arg	ACG	0	0	72.5	49.90	22.60	Inf	Arg	93.8	high confidence set
HanXRQChr16	27	102057156	102057228	Arg	TCT	0	0	68.1	50.00	18.10	Inf	Arg	96.3	high confidence set
HanXRQChr16	30	134636563	134636636	Ile	AAT	0	0	81.8	58.30	23.50	Inf	Ile	106.8	high confidence set
HanXRQChr16	34	150895553	150895636	Leu	CAA	0	0	76.7	54.50	22.20	Inf	Leu	123.1	high confidence set
HanXRQChr16	35	154491363	154491434	iMet	CAT	0	0	60.7	30.50	30.20	Inf	iMet	117.2	high confidence set
HanXRQChr16	38	168225416	168225488	Arg	ACG	0	0	72.5	49.90	22.60	Inf	Arg	93.8	high confidence set
HanXRQChr16	39	168228837	168228909	Arg	ACG	0	0	72.5	49.90	22.60	Inf	Arg	93.8	high confidence set
HanXRQChr16	41	170321956	170322028	Arg	TCT	0	0	68.8	51.20	17.60	Inf	Arg	94.8	high confidence set
HanXRQChr16	44	177804435	177804508	Asn	GTT	0	0	84.5	59.40	25.10	Inf	Asn	95.9	high confidence set
HanXRQChr16	45	178854644	178854716	Lys	CTT	0	0	74.8	56.40	18.40	Inf	Lys	91.8	high confidence set
HanXRQChr16	46	179096248	179096320	Glu	CTC	0	0	78.9	53.10	25.80	Inf	Glu	99.2	high confidence set
HanXRQChr16	49	182077633	182077553	Leu	AAG	0	0	66.7	50.70	16.00	Inf	Leu	101.5	high confidence set
HanXRQChr16	50	180303207	180303124	Leu	CAA	0	0	76.7	54.50	22.20	Inf	Leu	123.1	high confidence set
HanXRQChr16	54	174350275	174350194	Ser	AGA	0	0	79.4	43.10	36.30	Inf	Ser	115.0	high confidence set
HanXRQChr16	55	174316918	174316837	Ser	AGA	0	0	79.4	43.10	36.30	Inf	Ser	115.0	high confidence set
HanXRQChr16	60	171057210	171057137	Trp	CCA	0	0	71.6	38.20	33.40	Inf	Thr	75.4	IPD:-18.00,isotype mismatch
HanXRQChr16	61	168236219	168236147	Arg	ACG	0	0	72.5	49.90	22.60	Inf	Arg	93.8	high confidence set
HanXRQChr16	64	154668418	154668346	Phe	GAA	0	0	76.1	54.40	21.70	Inf	Phe	115.3	high confidence set
HanXRQChr16	66	149415640	149415557	Leu	CAA	0	0	76.7	54.50	22.20	Inf	Leu	123.1	high confidence set
HanXRQChr16	67	149396278	149396195	Leu	CAA	0	0	76.7	54.50	22.20	Inf	Leu	123.1	high confidence set
HanXRQChr16	70	121045685	121045614	Gln	TTG	0	0	73.5	53.70	19.80	Inf	Gln	104.8	high confidence set
HanXRQChr16	80	99211184	99211101	Leu	CAA	0	0	76.7	54.50	22.20	Inf	Leu	123.1	high confidence set
HanXRQChr16	84	78057609	78057537	Ala	TGC	0	0	70.0	45.30	24.70	Inf	Ala	100.6	high confidence set
HanXRQChr16	85	77560016	77559945	Gln	TTG	0	0	73.5	53.70	19.80	Inf	Gln	104.8	high confidence set
HanXRQChr16	88	62329258	62329187	Pro	CGG	0	0	68.4	35.70	32.70	Inf	Pro	111.1	high confidence set
HanXRQChr16	89	62327694	62327623	Pro	TGG	0	0	68.5	35.70	32.80	Inf	Pro	111.2	high confidence set
HanXRQChr16	90	62327553	62327482	Pro	AGG	0	0	67.4	34.70	32.70	Inf	Pro	112.3	high confidence set
HanXRQChr16	91	59930348	59930268	Leu	AAG	0	0	74.0	52.20	21.80	Inf	Leu	110.4	high confidence set
HanXRQChr16	95	51771509	51771437	Lys	TTT	0	0	87.3	67.40	19.90	Inf	Lys	95.5	high confidence set
HanXRQChr16	96	42473900	42473819	Ser	GCT	0	0	79.0	43.10	35.90	Inf	Ser	108.6	high confidence set
HanXRQChr16	98	34762105	34762034	Glu	TTC	0	0	70.5	45.30	25.20	Inf	Glu	97.5	high confidence set
HanXRQChr16	103	24962031	24961944	Ser	GCT	0	0	67.3	36.70	30.60	Inf	Ser	75.9	high confidence set
HanXRQChr16	106	21496137	21496065	Ala	AGC	0	0	63.4	38.20	25.20	Inf	Ala	98.3	high confidence set
HanXRQChr16	107	11720590	11720517	Arg	TCG	0	0	82.3	61.00	21.30	Inf	Arg	91.9	high confidence set
HanXRQChr16	108	11102462	11102390	Lys	TTT	0	0	87.3	67.40	19.90	Inf	Lys	95.5	high confidence set
HanXRQChr16	109	11079675	11079603	Arg	CCG	0	0	67.8	49.10	18.70	Inf	Arg	93.5	high confidence set
HanXRQChr16	110	8339509	8339428	Ser	TGA	0	0	80.7	46.10	34.60	Inf	Ser	119.7	high confidence set
HanXRQChr16	116	1467407	1467326	Ser	TGA	0	0	80.7	46.10	34.60	Inf	Ser	119.7	high confidence set
HanXRQChr16	117	1465708	1465627	Ser	TGA	0	0	80.7	46.10	34.60	Inf	Ser	119.7	high confidence set
HanXRQChr16	118	1464790	1464709	Ser	CGA	0	0	78.9	46.60	32.30	Inf	Ser	122.0	high confidence set
HanXRQChr16	119	1463318	1463237	Ser	TGA	0	0	80.7	46.10	34.60	Inf	Ser	119.7	high confidence set
HanXRQChr16	120	466808	466736	Arg	TCT	0	0	68.5	50.60	17.90	Inf	Arg	98.8	high confidence set
HanXRQChr17	1	2049081	2049153	Ala	AGC	0	0	63.4	38.20	25.20	Inf	Ala	98.3	high confidence set
HanXRQChr17	2	2076657	2076740	Leu	CAA	0	0	66.8	52.80	14.00	Inf	Leu	107.8	high confidence set
HanXRQChr17	3	2077839	2077922	Leu	CAA	0	0	76.7	55.10	21.60	Inf	Leu	124.7	high confidence set
HanXRQChr17	4	4024880	4024952	Ala	CGC	0	0	67.5	42.90	24.60	Inf	Ala	99.2	high confidence set
HanXRQChr17	5	9731650	9731722	Phe	GAA	0	0	76.1	54.40	21.70	Inf	Phe	115.3	high confidence set
HanXRQChr17	12	22941218	22941290	Lys	CTT	0	0	81.6	63.30	18.30	Inf	Lys	100.4	high confidence set
HanXRQChr17	15	33185878	33185950	Ala	AGC	0	0	63.4	38.20	25.20	Inf	Ala	98.3	high confidence set
HanXRQChr17	18	36276871	36276943	Glu	CTC	0	0	78.9	53.10	25.80	Inf	Glu	99.2	high confidence set
HanXRQChr17	19	40120466	40120539	Ile	TAT	0	0	85.9	70.60	15.30	Inf	Ile	103.9	high confidence set
HanXRQChr17	21	48261748	48261819	Gln	TTG	0	0	73.5	53.70	19.80	Inf	Gln	104.8	high confidence set
HanXRQChr17	25	61474574	61474645	Thr	TGT	0	0	79.1	48.90	30.20	Inf	Thr	92.7	high confidence set
HanXRQChr17	26	70308479	70308552	Arg	TCG	0	0	81.9	60.40	21.50	Inf	Arg	92.9	high confidence set
HanXRQChr17	27	70311601	70311674	Arg	TCG	0	0	81.9	60.40	21.50	Inf	Arg	92.9	high confidence set
HanXRQChr17	29	79250651	79250724	Asn	GTT	0	0	84.5	59.40	25.10	Inf	Asn	95.9	high confidence set
HanXRQChr17	34	113184362	113184449	Tyr	GTA	113184399	113184413	74.4	42.90	31.50	Inf	Tyr	111.8	high confidence set
HanXRQChr17	36	116031277	116031348	Glu	TTC	0	0	70.5	45.30	25.20	Inf	Glu	97.5	high confidence set
HanXRQChr17	39	153963046	153963118	Lys	CTT	0	0	87.7	67.60	20.10	Inf	Lys	106.7	high confidence set
HanXRQChr17	40	159747841	159747928	Tyr	GTA	159747878	159747892	74.4	43.10	31.30	Inf	Tyr	111.8	high confidence set
HanXRQChr17	41	195746586	195746675	Tyr	GTA	195746623	195746639	74.3	42.80	31.50	Inf	Tyr	111.8	high confidence set
HanXRQChr17	43	204292334	204292405	Trp	CCA	0	0	75.8	51.20	24.60	Inf	Trp	105.6	high confidence set
HanXRQChr17	45	208140824	208140895	Trp	CCA	0	0	75.8	51.20	24.60	Inf	Trp	105.6	high confidence set
HanXRQChr17	51	212597437	212597366	Gln	TTG	0	0	73.5	53.70	19.80	Inf	Gln	104.8	high confidence set
HanXRQChr17	52	212563125	212563053	Ala	AGC	0	0	63.4	38.20	25.20	Inf	Ala	98.3	high confidence set
HanXRQChr17	53	212561439	212561367	Ala	AGC	0	0	63.4	38.20	25.20	Inf	Ala	98.3	high confidence set
HanXRQChr17	61	196998824	196998743	Ser	AGA	0	0	78.7	42.50	36.20	Inf	Ser	114.6	high confidence set
HanXRQChr17	67	171816421	171816349	Phe	GAA	0	0	76.1	54.40	21.70	Inf	Phe	115.3	high confidence set
HanXRQChr17	68	171814987	171814915	Phe	GAA	0	0	76.1	54.40	21.70	Inf	Phe	115.3	high confidence set
HanXRQChr17	70	165669341	165669254	Tyr	GTA	165669304	165669290	74.4	43.00	31.40	Inf	Tyr	111.8	high confidence set
HanXRQChr17	71	159711822	159711751	Cys	GCA	0	0	81.7	56.10	25.60	Inf	Cys	104.3	high confidence set
HanXRQChr17	72	159711679	159711608	Cys	GCA	0	0	81.7	56.10	25.60	Inf	Cys	104.3	high confidence set
HanXRQChr17	73	159711514	159711443	Cys	GCA	0	0	81.7	56.10	25.60	Inf	Cys	104.3	high confidence set
HanXRQChr17	74	149610469	149610398	Gln	TTG	0	0	73.5	53.70	19.80	Inf	Gln	104.8	high confidence set
HanXRQChr17	76	143691519	143691446	Arg	TCG	0	0	81.9	60.40	21.50	Inf	Arg	92.9	high confidence set
HanXRQChr17	82	114021495	114021422	Ile	AAT	0	0	79.3	55.80	23.50	Inf	Ile	104.3	high confidence set
HanXRQChr17	85	84317607	84317536	Gln	CTG	0	0	74.6	50.10	24.50	Inf	Gln	105.2	high confidence set
HanXRQChr17	86	79356438	79356367	Thr	CGT	0	0	82.3	55.00	27.30	Inf	Thr	83.7	high confidence set
HanXRQChr17	87	79252328	79252257	Pro	AGG	0	0	67.4	34.70	32.70	Inf	Pro	112.3	high confidence set
HanXRQChr17	89	64701346	64701266	Leu	AAG	0	0	75.7	55.40	20.30	Inf	Leu	112.7	high confidence set
HanXRQChr17	91	55722952	55722881	Gln	CTG	0	0	74.7	50.50	24.20	Inf	Gln	103.8	high confidence set
HanXRQChr17	92	54726806	54726735	Pro	TGG	0	0	68.5	35.70	32.80	Inf	Pro	111.2	high confidence set
HanXRQChr17	93	52930876	52930804	Arg	ACG	0	0	72.5	49.90	22.60	Inf	Arg	93.8	high confidence set
HanXRQChr17	95	46896676	46896605	Asp	GTC	0	0	67.0	47.30	19.70	Inf	Asp	95.1	high confidence set
HanXRQChr17	96	44442223	44442151	Ala	TGC	0	0	70.0	45.30	24.70	Inf	Ala	100.6	high confidence set
HanXRQChr17	99	22571188	22571117	Thr	TGT	0	0	79.1	48.90	30.20	Inf	Thr	92.7	high confidence set
HanXRQChr17	100	22231210	22231138	Arg	ACG	0	0	62.7	43.40	19.30	Inf	Arg	82.6	high confidence set
HanXRQChr17	101	22231067	22230995	Arg	ACG	0	0	65.4	49.10	16.30	Inf	Arg	83.5	high confidence set
HanXRQChr17	102	22230921	22230849	Arg	ACG	0	0	72.5	49.90	22.60	Inf	Arg	93.8	high confidence set
HanXRQChr17	105	7498360	7498287	Ile	AAT	0	0	81.8	58.30	23.50	Inf	Ile	106.8	high confidence set
HanXRQChr17	106	7302998	7302927	Cys	GCA	0	0	80.9	57.20	23.70	Inf	Cys	104.1	high confidence set
HanXRQChr17	107	6052940	6052869	iMet	CAT	0	0	58.3	28.10	30.20	Inf	iMet	118.7	high confidence set
HanXRQChr17	108	1873219	1873138	Ser	AGA	0	0	78.7	42.50	36.20	Inf	Ser	114.6	high confidence set
HanXRQChr00c0029	1	13814	13885	His	GTG	0	0	63.0	33.70	29.30	Inf	His	86.8	high confidence set
HanXRQChr00c0095	1	9860	9789	Glu	TTC	0	0	70.5	45.30	25.20	Inf	Glu	97.5	high confidence set
HanXRQChr00c0192	3	14933	15007	Pro	TGG	0	0	62.8	32.80	30.00	Inf	Trp	73.3	IPD:-42.40,isotype mismatch
HanXRQChr00c0234	4	4527	4453	Pro	TGG	0	0	62.8	32.80	30.00	Inf	Trp	73.3	IPD:-42.40,isotype mismatch
HanXRQChr00c0268	1	25253	25335	Ser	TGA	0	0	69.9	37.10	32.80	Inf	Ser	74.2	high confidence set
HanXRQChr00c0272	3	13612	13694	Ser	TGA	0	0	69.9	37.10	32.80	Inf	Ser	74.2	high confidence set
HanXRQChr00c0313	2	4256	4338	Ser	TGA	0	0	69.9	37.10	32.80	Inf	Ser	74.2	high confidence set
HanXRQChr00c0339	5	785	713	Thr	TGT	0	0	66.8	49.90	16.90	Inf	Thr	80.9	high confidence set
HanXRQChr00c0345	2	9001	9087	Ser	GGA	0	0	60.2	34.00	26.20	Inf	Ser	73.6	unexpected anticodon
HanXRQChr00c0345	5	10434	10362	Thr	TGT	0	0	66.8	49.90	16.90	Inf	Thr	80.9	high confidence set
HanXRQChr00c0368	2	6042	6125	Tyr	GTA	0	0	59.0	32.70	26.30	Inf	Tyr	73.4	high confidence set
HanXRQChr00c0368	4	9291	9378	Ser	GCT	0	0	67.3	36.70	30.60	Inf	Ser	75.9	high confidence set
HanXRQChr00c0439	7	6609	6527	Ser	TGA	0	0	69.9	37.10	32.80	Inf	Ser	74.2	high confidence set
HanXRQChr00c0492	1	5971	6053	Ser	TGA	0	0	69.9	37.10	32.80	Inf	Ser	74.2	high confidence set
HanXRQChr00c0994	2	9175	9258	Tyr	GTA	0	0	59.0	32.70	26.30	Inf	Tyr	73.4	high confidence set
