Sequence		tRNA    	Bounds  	tRNA	Anti	Intron Bounds	Inf	HMM	2'Str	Hit	Isotype	Isotype	      
Name    	tRNA#	Begin   	End     	Type	Codon	Begin	End	Score	Score	Score	Origin	CM	Score	Note
--------	------	-----   	------  	----	-----	-----	----	------	-----	-----	------	-------	-------	------
Chr01	1	508195	508267	Ala	AGC	0	0	63.4	38.20	25.20	Inf	Ala	98.3	high confidence set
Chr01	2	1404747	1404819	Arg	ACG	0	0	71.7	49.10	22.60	Inf	Arg	91.4	high confidence set
Chr01	3	1577711	1577784	Asn	GTT	0	0	80.0	54.90	25.10	Inf	Asn	93.1	high confidence set
Chr01	4	4062438	4062511	Thr	AGT	0	0	76.0	48.40	27.60	Inf	Thr	90.6	high confidence set
Chr01	5	5370950	5371021	iMet	CAT	0	0	58.3	28.10	30.20	Inf	iMet	118.7	high confidence set
Chr01	6	5471510	5471581	Gly	TCC	0	0	71.0	46.70	24.30	Inf	Gly	82.3	high confidence set
Chr01	7	5733844	5733916	Phe	GAA	0	0	78.3	58.40	19.90	Inf	Phe	113.2	high confidence set
Chr01	8	5809946	5810017	Thr	TGT	0	0	79.3	49.30	30.00	Inf	Thr	92.3	high confidence set
Chr01	9	6410820	6410903	Leu	CAA	0	0	77.7	54.90	22.80	Inf	Leu	123.7	high confidence set
Chr01	10	6769986	6770058	Lys	CTT	0	0	87.7	67.60	20.10	Inf	Lys	106.7	high confidence set
Chr01	12	7996978	7997049	Pro	TGG	0	0	68.5	35.70	32.80	Inf	Pro	111.2	high confidence set
Chr01	13	8750321	8750409	Met	CAT	8750359	8750373	64.1	40.60	23.50	Inf	Met	104.0	high confidence set
Chr01	14	13461991	13462064	Asn	GTT	0	0	82.7	57.30	25.40	Inf	Asn	95.4	high confidence set
Chr01	15	14432465	14432538	Arg	TCG	0	0	81.9	60.40	21.50	Inf	Arg	92.9	high confidence set
Chr01	17	15302623	15302552	Trp	CCA	0	0	75.1	50.10	25.00	Inf	Trp	105.0	high confidence set
Chr01	18	15083694	15083621	Val	AAC	0	0	73.2	49.00	24.20	Inf	Val	95.8	high confidence set
Chr01	19	13411096	13411024	Arg	TCT	0	0	70.4	50.20	20.20	Inf	Arg	95.3	high confidence set
Chr01	20	12904409	12904328	Ser	AGA	0	0	79.4	43.10	36.30	Inf	Ser	115.0	high confidence set
Chr01	21	11226479	11226396	Leu	CAA	0	0	77.7	54.90	22.80	Inf	Leu	123.7	high confidence set
Chr01	23	7773352	7773281	Gln	CTG	0	0	73.7	48.90	24.80	Inf	Gln	101.0	high confidence set
Chr01	24	6068928	6068845	Leu	CAA	0	0	77.7	54.90	22.80	Inf	Leu	123.7	high confidence set
Chr01	25	5300457	5300375	Leu	TAA	0	0	68.4	29.10	39.30	Inf	Leu	90.1	high confidence set
Chr01	26	5106907	5106835	Ala	CGC	0	0	65.5	44.30	21.20	Inf	Ala	93.8	high confidence set
Chr01	27	5028700	5028629	Gln	CTG	0	0	74.3	49.60	24.70	Inf	Gln	103.3	high confidence set
Chr01	28	2937575	2937504	Thr	TGT	0	0	84.3	58.00	26.30	Inf	Thr	93.3	high confidence set
Chr01	30	380842	380771	Gly	TCC	0	0	71.0	46.70	24.30	Inf	Gly	82.3	high confidence set
Chr02	1	287286	287357	Trp	CCA	0	0	75.8	51.20	24.60	Inf	Trp	105.6	high confidence set
Chr02	2	306487	306558	Asp	GTC	0	0	69.8	46.80	23.00	Inf	Asp	94.5	high confidence set
Chr02	3	309026	309097	Asp	GTC	0	0	69.8	46.80	23.00	Inf	Asp	94.5	high confidence set
Chr02	4	505323	505402	Leu	TAG	0	0	69.5	48.50	21.00	Inf	Leu	111.5	high confidence set
Chr02	5	1638600	1638683	Leu	CAA	0	0	77.7	54.90	22.80	Inf	Leu	123.7	high confidence set
Chr02	7	4377414	4377485	Gln	TTG	0	0	73.5	53.70	19.80	Inf	Gln	104.8	high confidence set
Chr02	8	5504242	5504313	Trp	CCA	0	0	75.8	51.20	24.60	Inf	Trp	105.6	high confidence set
Chr02	9	5826119	5826191	Lys	CTT	0	0	87.7	67.60	20.10	Inf	Lys	106.7	high confidence set
Chr02	10	7503139	7503212	Thr	AGT	0	0	74.7	46.20	28.50	Inf	Thr	89.4	high confidence set
Chr02	11	8087522	8087594	Arg	CCT	0	0	68.1	48.70	19.40	Inf	Arg	79.8	high confidence set
Chr02	12	10542635	10542722	Tyr	GTA	10542672	10542686	69.9	38.40	31.50	Inf	Tyr	108.3	high confidence set
Chr02	14	14370138	14370210	Phe	GAA	0	0	78.3	58.40	19.90	Inf	Phe	113.2	high confidence set
Chr02	15	14484130	14484202	Phe	GAA	0	0	78.3	58.40	19.90	Inf	Phe	113.2	high confidence set
Chr02	16	16357643	16357715	Lys	TTT	0	0	89.7	65.30	24.40	Inf	Lys	92.7	high confidence set
Chr02	17	16788822	16788739	Met	CAT	16788784	16788775	68.8	45.30	23.50	Inf	Met	104.3	high confidence set
Chr02	18	14475726	14475654	Ala	TGC	0	0	70.0	45.30	24.70	Inf	Ala	100.6	high confidence set
Chr02	20	12784113	12784030	Leu	CAA	0	0	81.0	54.60	26.40	Inf	Leu	125.6	high confidence set
Chr02	21	12260897	12260826	Gln	CTG	0	0	74.3	49.60	24.70	Inf	Gln	103.3	high confidence set
Chr02	22	12257516	12257445	Gln	CTG	0	0	74.3	49.60	24.70	Inf	Gln	103.3	high confidence set
Chr02	23	10327770	10327697	Val	CAC	0	0	82.4	54.40	28.00	Inf	Val	103.7	high confidence set
Chr02	24	10113583	10113513	Gly	GCC	0	0	66.5	44.80	21.70	Inf	Gly	94.4	high confidence set
Chr02	25	9941460	9941380	Leu	AAG	0	0	74.0	52.20	21.80	Inf	Leu	110.4	high confidence set
Chr02	26	9555748	9555676	Lys	CTT	0	0	87.7	67.60	20.10	Inf	Lys	106.7	high confidence set
Chr02	27	8852545	8852474	Trp	CCA	0	0	75.8	51.20	24.60	Inf	Trp	105.6	high confidence set
Chr02	29	5980699	5980615	Met	CAT	5980661	5980651	64.3	40.80	23.50	Inf	Met	104.0	high confidence set
Chr02	30	5962518	5962425	Tyr	GTA	5962481	5962461	74.2	42.60	31.60	Inf	Tyr	111.8	high confidence set
Chr02	31	5498741	5498669	Arg	TCT	0	0	68.1	50.00	18.10	Inf	Arg	96.3	high confidence set
Chr02	32	5012037	5011966	Gln	TTG	0	0	73.5	53.70	19.80	Inf	Gln	104.8	high confidence set
Chr02	34	2220588	2220518	Gly	GCC	0	0	66.5	44.80	21.70	Inf	Gly	94.4	high confidence set
Chr02	35	1638803	1638732	Glu	TTC	0	0	72.0	47.50	24.50	Inf	Glu	101.6	high confidence set
Chr02	36	1590374	1590303	Glu	TTC	0	0	72.0	47.50	24.50	Inf	Glu	101.6	high confidence set
Chr02	37	1416704	1416632	Glu	CTC	0	0	79.2	53.50	25.70	Inf	Glu	94.2	high confidence set
Chr03	2	2726075	2726147	Arg	TCT	0	0	70.4	50.20	20.20	Inf	Arg	95.3	high confidence set
Chr03	3	6578589	6578660	Asp	GTC	0	0	69.8	46.80	23.00	Inf	Asp	94.5	high confidence set
Chr03	4	8804046	8804118	Ala	AGC	0	0	63.4	38.20	25.20	Inf	Ala	98.3	high confidence set
Chr03	5	9036848	9036931	Leu	CAA	0	0	77.7	54.90	22.80	Inf	Leu	123.7	high confidence set
Chr03	6	9443351	9443423	Ala	CGC	0	0	65.5	44.30	21.20	Inf	Ala	93.8	high confidence set
Chr03	7	9475168	9475239	Gln	CTG	0	0	73.7	48.90	24.80	Inf	Gln	101.0	high confidence set
Chr03	8	10170307	10170380	Thr	AGT	0	0	76.0	48.40	27.60	Inf	Thr	90.6	high confidence set
Chr03	9	11500836	11500907	Thr	TGT	0	0	84.3	58.00	26.30	Inf	Thr	93.3	high confidence set
Chr03	10	11853419	11853490	iMet	CAT	0	0	57.5	27.40	30.10	Inf	iMet	120.7	high confidence set
Chr03	11	12106713	12106784	His	GTG	0	0	63.0	33.70	29.30	Inf	His	87.1	high confidence set
Chr03	12	13810211	13810139	Ala	AGC	0	0	63.4	38.20	25.20	Inf	Ala	98.3	high confidence set
Chr03	13	13487980	13487909	Glu	TTC	0	0	72.0	47.50	24.50	Inf	Glu	101.6	high confidence set
Chr03	14	13105785	13105713	Arg	ACG	0	0	71.7	49.10	22.60	Inf	Arg	91.4	high confidence set
Chr03	15	11710462	11710378	Met	CAT	11710424	11710414	64.3	40.80	23.50	Inf	Met	104.0	high confidence set
Chr03	16	11271377	11271296	Ser	TGA	0	0	79.3	43.70	35.60	Inf	Ser	117.1	high confidence set
Chr03	17	10891912	10891841	Gln	TTG	0	0	73.5	53.70	19.80	Inf	Gln	104.8	high confidence set
Chr03	18	9059976	9059905	Gly	TCC	0	0	71.0	46.70	24.30	Inf	Gly	82.3	high confidence set
Chr03	19	8794947	8794875	Phe	GAA	0	0	78.3	58.40	19.90	Inf	Phe	113.2	high confidence set
Chr03	20	8598024	8597953	Asp	GTC	0	0	69.8	46.80	23.00	Inf	Asp	94.5	high confidence set
Chr03	21	8553951	8553880	Cys	GCA	0	0	82.1	59.90	22.20	Inf	Cys	106.6	high confidence set
Chr03	22	8155522	8155439	Leu	CAA	0	0	81.0	54.60	26.40	Inf	Leu	125.6	high confidence set
Chr03	23	6606596	6606524	Ala	AGC	0	0	63.4	38.20	25.20	Inf	Ala	98.3	high confidence set
Chr03	24	6201392	6201308	Met	CAT	6201354	6201344	64.3	40.80	23.50	Inf	Met	104.0	high confidence set
Chr03	25	4759929	4759846	Leu	CAA	0	0	77.7	54.90	22.80	Inf	Leu	123.7	high confidence set
Chr03	27	4163689	4163608	Ser	GCT	0	0	79.0	43.10	35.90	Inf	Ser	108.6	high confidence set
Chr03	28	3252824	3252743	Ser	AGA	0	0	74.5	40.20	34.30	Inf	Ser	108.6	high confidence set
Chr03	29	3240331	3240259	Arg	CCT	0	0	69.1	50.30	18.80	Inf	Arg	81.2	high confidence set
Chr03	30	2675866	2675785	Ser	CGA	0	0	78.9	46.60	32.30	Inf	Ser	122.0	high confidence set
Chr03	33	676709	676636	Arg	TCG	0	0	81.9	60.40	21.50	Inf	Arg	92.9	high confidence set
Chr04	1	1564384	1564455	Asp	GTC	0	0	69.8	46.80	23.00	Inf	Asp	94.5	high confidence set
Chr04	2	1565181	1565252	Asp	GTC	0	0	69.8	46.80	23.00	Inf	Asp	94.5	high confidence set
Chr04	3	1574890	1574961	Asp	GTC	0	0	69.8	46.80	23.00	Inf	Asp	94.5	high confidence set
Chr04	4	1794896	1794967	Gln	CTG	0	0	74.7	50.50	24.20	Inf	Gln	100.9	high confidence set
Chr04	5	2027944	2028016	Val	TAC	0	0	78.2	43.80	34.40	Inf	Val	106.2	high confidence set
Chr04	6	2164579	2164649	Gly	GCC	0	0	66.5	44.80	21.70	Inf	Gly	94.4	high confidence set
Chr04	7	2417479	2417550	Asp	GTC	0	0	69.8	46.80	23.00	Inf	Asp	94.5	high confidence set
Chr04	8	2671423	2671495	Glu	CTC	0	0	76.0	50.20	25.80	Inf	Glu	98.1	high confidence set
Chr04	10	3357302	3357373	Lys	TTT	0	0	76.0	55.50	20.50	Inf	Met	84.5	IPD:-35.20,isotype mismatch
Chr04	11	4923999	4924072	Asn	GTT	0	0	80.0	54.90	25.10	Inf	Asn	93.1	high confidence set
Chr04	14	10189719	10189792	Val	CAC	0	0	82.4	54.40	28.00	Inf	Val	103.7	high confidence set
Chr04	15	10651352	10651425	Ile	AAT	0	0	82.4	58.90	23.50	Inf	Ile	107.0	high confidence set
Chr04	16	10706052	10706125	Asn	GTT	0	0	83.9	58.50	25.40	Inf	Asn	97.4	high confidence set
Chr04	17	10814445	10814518	Val	AAC	0	0	73.2	49.00	24.20	Inf	Val	95.8	high confidence set
Chr04	18	11357810	11357893	Tyr	GTA	11357847	11357857	74.5	43.00	31.50	Inf	Tyr	111.8	high confidence set
Chr04	19	11736975	11737047	Glu	CTC	0	0	78.9	53.10	25.80	Inf	Glu	94.8	high confidence set
Chr04	20	13345848	13345921	Asn	GTT	0	0	83.3	58.10	25.20	Inf	Asn	93.9	high confidence set
Chr04	21	13401250	13401332	Leu	TAA	0	0	73.8	37.80	36.00	Inf	Leu	93.8	high confidence set
Chr04	22	14940006	14940078	Val	TAC	0	0	78.2	43.80	34.40	Inf	Val	106.2	high confidence set
Chr04	23	15044070	15044141	Cys	GCA	0	0	80.9	57.20	23.70	Inf	Cys	104.1	high confidence set
Chr04	24	13996183	13996112	Gln	CTG	0	0	75.3	51.20	24.10	Inf	Gln	103.1	high confidence set
Chr04	26	13481135	13481054	Ser	GCT	0	0	80.5	45.20	35.30	Inf	Ser	109.5	high confidence set
Chr04	27	13401472	13401401	Gly	TCC	0	0	71.0	46.70	24.30	Inf	Gly	82.3	high confidence set
Chr04	28	13365022	13364942	Leu	AAG	0	0	74.0	52.20	21.80	Inf	Leu	110.4	high confidence set
Chr04	30	10493287	10493208	Leu	TAG	0	0	61.5	40.60	20.90	Inf	Leu	103.6	high confidence set
Chr04	31	10189917	10189846	Trp	CCA	0	0	75.8	51.20	24.60	Inf	Trp	105.6	high confidence set
Chr04	32	9177335	9177263	Arg	ACG	0	0	72.0	49.70	22.30	Inf	Arg	93.9	high confidence set
Chr04	34	7628561	7628489	Arg	CCT	0	0	69.1	50.30	18.80	Inf	Arg	81.2	high confidence set
Chr04	35	7505210	7505138	Arg	TCT	0	0	68.5	50.60	17.90	Inf	Arg	95.9	high confidence set
Chr04	37	5301943	5301863	Leu	CAG	0	0	69.5	46.80	22.70	Inf	Leu	109.7	high confidence set
Chr04	38	4925700	4925619	Ser	AGA	0	0	77.1	42.80	34.30	Inf	Ser	110.5	high confidence set
Chr05	1	1188926	1188998	Ala	AGC	0	0	63.4	38.20	25.20	Inf	Ala	98.3	high confidence set
Chr05	2	1467351	1467422	Glu	TTC	0	0	72.0	47.50	24.50	Inf	Glu	101.6	high confidence set
Chr05	3	2321522	2321603	Ser	TGA	0	0	80.7	46.10	34.60	Inf	Ser	119.7	high confidence set
Chr05	4	2435708	2435779	Pro	AGG	0	0	67.4	34.70	32.70	Inf	Pro	112.3	high confidence set
Chr05	6	4175781	4175865	Met	CAT	4175819	4175829	64.3	40.80	23.50	Inf	Met	104.0	high confidence set
Chr05	7	4321303	4321375	Arg	ACG	0	0	69.0	46.60	22.40	Inf	Arg	87.7	high confidence set
Chr05	8	4705227	4705298	Trp	CCA	0	0	75.8	51.20	24.60	Inf	Trp	105.6	high confidence set
Chr05	9	5159116	5159188	Lys	CTT	0	0	87.7	67.60	20.10	Inf	Lys	106.7	high confidence set
Chr05	10	5213956	5214027	Thr	TGT	0	0	79.3	49.30	30.00	Inf	Thr	92.3	high confidence set
Chr05	11	6936001	6936073	Phe	GAA	0	0	78.3	58.40	19.90	Inf	Phe	113.2	high confidence set
Chr05	14	12851316	12851387	Gln	TTG	0	0	73.5	53.70	19.80	Inf	Gln	104.8	high confidence set
Chr05	15	16573308	16573379	Glu	TTC	0	0	72.0	47.50	24.50	Inf	Glu	101.6	high confidence set
Chr05	16	16763013	16763085	Glu	CTC	0	0	79.2	53.50	25.70	Inf	Glu	94.2	high confidence set
Chr05	17	17902096	17902025	Trp	CCA	0	0	75.8	51.20	24.60	Inf	Trp	105.6	high confidence set
Chr05	18	17886272	17886201	Asp	GTC	0	0	69.8	46.80	23.00	Inf	Asp	94.5	high confidence set
Chr05	19	17666406	17666327	Leu	TAG	0	0	69.5	48.50	21.00	Inf	Leu	111.5	high confidence set
Chr05	20	16560144	16560061	Leu	CAA	0	0	81.0	54.60	26.40	Inf	Leu	125.6	high confidence set
Chr05	21	13529665	13529594	Gln	TTG	0	0	73.5	53.70	19.80	Inf	Gln	104.8	high confidence set
Chr05	22	12173027	12172956	Trp	CCA	0	0	75.8	51.20	24.60	Inf	Trp	105.6	high confidence set
Chr05	24	11712291	11712219	Lys	CTT	0	0	78.3	62.70	15.60	Inf	Lys	97.8	high confidence set
Chr05	25	7908417	7908344	Ile	AAT	0	0	82.4	58.90	23.50	Inf	Ile	107.0	high confidence set
Chr05	26	7666938	7666867	Asp	GTC	0	0	69.8	46.80	23.00	Inf	Asp	94.5	high confidence set
Chr05	27	7428237	7428166	Glu	TTC	0	0	71.2	46.50	24.70	Inf	Glu	101.9	high confidence set
Chr05	28	7085292	7085221	His	GTG	0	0	63.0	33.70	29.30	Inf	His	87.1	high confidence set
Chr05	29	6932472	6932402	Gly	GCC	0	0	66.5	44.80	21.70	Inf	Gly	94.4	high confidence set
Chr05	30	6875398	6875326	Glu	CTC	0	0	78.9	53.10	25.80	Inf	Glu	94.8	high confidence set
Chr05	31	6525612	6525539	Ile	AAT	0	0	82.4	58.90	23.50	Inf	Ile	107.0	high confidence set
Chr05	32	5529906	5529834	Arg	CCG	0	0	65.5	47.30	18.20	Inf	Arg	91.7	high confidence set
Chr05	33	4901480	4901400	Leu	AAG	0	0	74.0	52.20	21.80	Inf	Leu	110.4	high confidence set
Chr05	34	4856209	4856129	Leu	AAG	0	0	74.0	52.20	21.80	Inf	Leu	110.4	high confidence set
Chr05	35	4666187	4666114	Val	CAC	0	0	83.4	56.00	27.40	Inf	Val	102.5	high confidence set
Chr05	36	4511920	4511848	Ala	AGC	0	0	63.4	38.20	25.20	Inf	Ala	98.3	high confidence set
Chr05	37	4368245	4368161	Met	CAT	4368207	4368197	64.3	40.80	23.50	Inf	Met	104.0	high confidence set
Chr05	39	2933237	2933167	Gly	GCC	0	0	66.5	44.80	21.70	Inf	Gly	94.4	high confidence set
Chr05	40	2437563	2437492	Pro	TGG	0	0	68.5	35.70	32.80	Inf	Pro	111.2	high confidence set
Chr05	41	1464834	1464763	Cys	GCA	0	0	82.1	59.90	22.20	Inf	Cys	106.6	high confidence set
Chr05	42	1258920	1258847	Thr	AGT	0	0	76.0	48.40	27.60	Inf	Thr	90.6	high confidence set
Chr05	43	229380	229308	Phe	GAA	0	0	78.3	58.40	19.90	Inf	Phe	113.2	high confidence set
Chr06	2	3267809	3267880	Cys	GCA	0	0	80.9	57.20	23.70	Inf	Cys	104.1	high confidence set
Chr06	3	3593037	3593110	Arg	TCG	0	0	82.3	61.00	21.30	Inf	Arg	91.9	high confidence set
Chr06	4	4954367	4954439	Arg	TCT	0	0	68.5	50.60	17.90	Inf	Arg	95.9	high confidence set
Chr06	5	5025183	5025255	Lys	CTT	0	0	87.7	67.60	20.10	Inf	Lys	106.7	high confidence set
Chr06	6	5455051	5455121	Gly	GCC	0	0	66.5	44.80	21.70	Inf	Gly	94.4	high confidence set
Chr06	7	5457471	5457552	Ser	AGA	0	0	77.1	42.80	34.30	Inf	Ser	110.5	high confidence set
Chr06	8	6664006	6664089	Tyr	GTA	6664043	6664053	70.1	38.60	31.50	Inf	Tyr	108.3	high confidence set
Chr06	9	7033548	7033630	Leu	TAA	0	0	76.4	38.30	38.10	Inf	Leu	99.9	high confidence set
Chr06	12	9175723	9175804	Ser	GCT	0	0	78.3	42.40	35.90	Inf	Ser	108.3	high confidence set
Chr06	16	14663761	14663832	Gly	TCC	0	0	71.0	46.70	24.30	Inf	Gly	82.3	high confidence set
Chr06	17	15710726	15710797	Pro	CGG	0	0	68.5	36.10	32.40	Inf	Pro	108.5	high confidence set
Chr06	18	16451993	16452064	Asp	GTC	0	0	69.8	46.80	23.00	Inf	Asp	94.5	high confidence set
Chr06	19	16716542	16716625	Leu	CAA	0	0	76.7	54.50	22.20	Inf	Leu	123.1	high confidence set
Chr06	20	17336555	17336627	Arg	CCT	0	0	69.1	50.30	18.80	Inf	Arg	81.2	high confidence set
Chr06	21	17858467	17858539	Phe	GAA	0	0	78.3	58.40	19.90	Inf	Phe	113.2	high confidence set
Chr06	22	18419850	18419921	Gly	TCC	0	0	71.0	46.70	24.30	Inf	Gly	82.3	high confidence set
Chr06	23	18551961	18552033	Arg	CCG	0	0	67.8	49.10	18.70	Inf	Arg	93.5	high confidence set
Chr06	24	18951633	18951706	Thr	AGT	0	0	70.2	46.10	24.10	Inf	Thr	83.6	high confidence set
Chr06	26	18438526	18438454	Arg	CCT	0	0	72.6	51.90	20.70	Inf	Arg	83.4	high confidence set
Chr06	27	17619595	17619514	Ser	CGA	0	0	76.5	44.60	31.90	Inf	Ser	118.0	high confidence set
Chr06	28	15873281	15873208	Arg	TCG	0	0	82.3	61.00	21.30	Inf	Arg	91.9	high confidence set
Chr06	31	14892396	14892325	Cys	GCA	0	0	79.9	59.80	20.10	Inf	Cys	108.3	high confidence set
Chr06	33	14291288	14291216	Ala	TGC	0	0	70.0	45.30	24.70	Inf	Ala	100.6	high confidence set
Chr06	34	13886540	13886467	Thr	AGT	0	0	74.7	46.20	28.50	Inf	Thr	89.4	high confidence set
Chr06	35	12063114	12063042	Arg	TCT	0	0	68.5	50.60	17.90	Inf	Arg	95.9	high confidence set
Chr06	39	7597319	7597230	Tyr	GTA	7597282	7597266	68.8	37.20	31.60	Inf	Tyr	106.3	high confidence set
Chr06	41	5472672	5472601	Asp	GTC	0	0	69.8	46.80	23.00	Inf	Asp	94.5	high confidence set
Chr06	42	5394626	5394553	Val	CAC	0	0	82.6	54.80	27.80	Inf	Val	106.4	high confidence set
Chr06	43	4713059	4712986	Ile	TAT	0	0	85.9	70.60	15.30	Inf	Ile	103.9	high confidence set
Chr06	44	3880804	3880732	Ala	TGC	0	0	69.1	43.30	25.80	Inf	Ala	101.9	high confidence set
Chr06	45	2566615	2566543	Ala	AGC	0	0	63.4	38.20	25.20	Inf	Ala	98.3	high confidence set
Chr06	47	759103	759023	Leu	CAG	0	0	69.5	46.80	22.70	Inf	Leu	109.7	high confidence set
Chr07	1	1003414	1003486	Phe	GAA	0	0	78.3	58.40	19.90	Inf	Phe	113.2	high confidence set
Chr07	2	1401054	1401137	Leu	CAA	0	0	76.7	54.50	22.20	Inf	Leu	123.1	high confidence set
Chr07	3	2750711	2750782	Trp	CCA	0	0	75.8	51.20	24.60	Inf	Trp	105.6	high confidence set
Chr07	6	8190082	8190162	Leu	AAG	0	0	71.4	51.10	20.30	Inf	Leu	108.5	high confidence set
Chr07	7	8309575	8309655	Leu	AAG	0	0	74.0	52.20	21.80	Inf	Leu	110.4	high confidence set
Chr07	8	8658214	8658287	Val	CAC	0	0	83.4	56.00	27.40	Inf	Val	102.5	high confidence set
Chr07	9	9022143	9022215	Ala	AGC	0	0	63.4	38.20	25.20	Inf	Ala	98.3	high confidence set
Chr07	10	9278925	9279009	Met	CAT	9278963	9278973	64.3	40.80	23.50	Inf	Met	104.0	high confidence set
Chr07	11	11173265	11173337	Ala	AGC	0	0	63.4	38.20	25.20	Inf	Ala	98.3	high confidence set
Chr07	12	11619280	11619351	Thr	TGT	0	0	84.5	58.50	26.00	Inf	Thr	95.0	high confidence set
Chr07	16	7481980	7481908	Lys	CTT	0	0	87.7	67.60	20.10	Inf	Lys	106.7	high confidence set
Chr07	17	6694331	6694258	Val	AAC	0	0	73.2	49.00	24.20	Inf	Val	95.8	high confidence set
Chr07	18	2788188	2788117	Glu	TTC	0	0	72.0	47.50	24.50	Inf	Glu	101.6	high confidence set
Chr07	19	2021135	2021064	Asp	GTC	0	0	69.8	46.80	23.00	Inf	Asp	94.5	high confidence set
Chr07	21	1202241	1202170	His	GTG	0	0	63.0	33.70	29.30	Inf	His	87.1	high confidence set
Chr07	22	907091	907019	Glu	CTC	0	0	76.0	50.20	25.80	Inf	Glu	98.1	high confidence set
Chr08	1	948273	948346	Arg	TCG	0	0	82.3	61.00	21.30	Inf	Arg	91.9	high confidence set
Chr08	2	1000472	1000554	Leu	TAA	0	0	69.8	30.70	39.10	Inf	Leu	91.0	high confidence set
Chr08	3	1323722	1323795	Ile	AAT	0	0	82.4	58.90	23.50	Inf	Ile	107.0	high confidence set
Chr08	4	2446420	2446491	His	GTG	0	0	63.0	33.70	29.30	Inf	His	87.1	high confidence set
Chr08	5	2595502	2595574	Arg	CCG	0	0	82.8	60.70	22.10	Inf	Arg	84.1	high confidence set
Chr08	6	2597975	2598046	His	GTG	0	0	63.0	33.70	29.30	Inf	His	87.1	high confidence set
Chr08	7	2736509	2736581	Lys	CTT	0	0	87.7	67.60	20.10	Inf	Lys	106.7	high confidence set
Chr08	8	2790174	2790246	Lys	TTT	0	0	89.7	65.30	24.40	Inf	Lys	92.7	high confidence set
Chr08	9	3116255	3116326	Pro	AGG	0	0	67.4	34.70	32.70	Inf	Pro	112.3	high confidence set
Chr08	10	4538991	4539063	Lys	TTT	0	0	89.7	65.30	24.40	Inf	Lys	92.7	high confidence set
Chr08	11	7064927	7065008	Ser	AGA	0	0	77.8	43.40	34.40	Inf	Ser	110.9	high confidence set
Chr08	12	9692337	9692409	Glu	CTC	0	0	78.9	53.10	25.80	Inf	Glu	94.8	high confidence set
Chr08	13	10207887	10207959	Lys	CTT	0	0	87.7	67.60	20.10	Inf	Lys	106.7	high confidence set
Chr08	14	12956647	12956575	Glu	CTC	0	0	78.9	53.10	25.80	Inf	Glu	99.2	high confidence set
Chr08	15	11653588	11653517	Pro	AGG	0	0	67.4	34.70	32.70	Inf	Pro	112.3	high confidence set
Chr08	17	10690673	10690601	Arg	ACG	0	0	71.7	49.10	22.60	Inf	Arg	91.4	high confidence set
Chr08	18	10690507	10690436	Lys	TTT	0	0	86.0	61.70	24.30	Inf	Lys	88.0	high confidence set
Chr08	19	10317606	10317533	Val	AAC	0	0	73.2	49.00	24.20	Inf	Val	95.8	high confidence set
Chr08	20	10033252	10033171	Ser	GCT	0	0	80.5	45.20	35.30	Inf	Ser	109.5	high confidence set
Chr08	21	9962529	9962448	Ser	AGA	0	0	77.8	43.40	34.40	Inf	Ser	110.9	high confidence set
Chr08	22	9740535	9740464	iMet	CAT	0	0	58.3	28.10	30.20	Inf	iMet	118.7	high confidence set
Chr08	24	8648498	8648426	Arg	TCT	0	0	70.3	50.00	20.30	Inf	Arg	98.1	high confidence set
Chr08	25	8228032	8227949	Tyr	GTA	8227995	8227985	70.1	38.50	31.60	Inf	Tyr	108.3	high confidence set
Chr08	26	8103304	8103231	Val	AAC	0	0	73.2	49.00	24.20	Inf	Val	95.8	high confidence set
Chr08	27	7218813	7218740	Val	AAC	0	0	72.9	48.60	24.30	Inf	Val	93.8	high confidence set
Chr08	28	6886718	6886645	Asn	GTT	0	0	84.5	59.40	25.10	Inf	Asn	95.9	high confidence set
Chr08	29	6124331	6124258	Ile	AAT	0	0	82.4	58.90	23.50	Inf	Ile	107.0	high confidence set
Chr08	31	5045388	5045317	Asp	GTC	0	0	69.8	46.80	23.00	Inf	Asp	94.5	high confidence set
Chr08	32	4996465	4996394	Thr	CGT	0	0	80.2	53.70	26.50	Inf	Thr	86.8	high confidence set
Chr08	33	4951982	4951909	Asn	GTT	0	0	84.5	59.40	25.10	Inf	Asn	95.9	high confidence set
Chr08	34	3853000	3852928	Val	TAC	0	0	78.2	43.80	34.40	Inf	Val	106.2	high confidence set
Chr08	35	3756446	3756374	Lys	CTT	0	0	87.7	67.60	20.10	Inf	Lys	106.7	high confidence set
Chr08	36	3057628	3057555	Val	CAC	0	0	81.5	53.50	28.00	Inf	Val	103.7	high confidence set
Chr08	37	2619554	2619483	Pro	AGG	0	0	67.4	34.70	32.70	Inf	Pro	112.3	high confidence set
Chr08	38	2361995	2361924	Pro	AGG	0	0	67.4	34.70	32.70	Inf	Pro	112.3	high confidence set
Chr08	39	1909628	1909557	His	GTG	0	0	63.0	33.70	29.30	Inf	His	86.8	high confidence set
Chr08	40	1450385	1450302	Tyr	GTA	1450348	1450338	70.1	38.60	31.50	Inf	Tyr	108.3	high confidence set
Chr08	41	1363283	1363211	Lys	TTT	0	0	89.7	65.30	24.40	Inf	Lys	92.7	high confidence set
Chr08	42	1363072	1363000	Lys	TTT	0	0	89.7	65.30	24.40	Inf	Lys	92.7	high confidence set
Chr08	43	805131	805058	Val	AAC	0	0	72.9	48.60	24.30	Inf	Val	93.8	high confidence set
Chr08	44	191004	190932	Phe	GAA	0	0	78.3	58.40	19.90	Inf	Phe	113.2	high confidence set
Chr09	3	2392767	2392838	Cys	GCA	0	0	81.7	56.10	25.60	Inf	Cys	104.3	high confidence set
Chr09	4	2705161	2705233	Lys	TTT	0	0	89.7	65.30	24.40	Inf	Lys	92.7	high confidence set
Chr09	5	4110243	4110324	Ser	GCT	0	0	80.5	45.20	35.30	Inf	Ser	109.5	high confidence set
Chr09	6	4303832	4303903	Gly	TCC	0	0	71.0	46.70	24.30	Inf	Gly	82.3	high confidence set
Chr09	7	4563508	4563589	Ser	GCT	0	0	79.0	43.10	35.90	Inf	Ser	108.6	high confidence set
Chr09	8	4908543	4908615	Ala	TGC	0	0	70.0	45.30	24.70	Inf	Ala	100.6	high confidence set
Chr09	9	5592010	5592080	Gly	GCC	0	0	66.5	44.80	21.70	Inf	Gly	94.4	high confidence set
Chr09	10	5818137	5818209	Glu	CTC	0	0	78.9	53.10	25.80	Inf	Glu	94.8	high confidence set
Chr09	11	6156636	6156707	Pro	TGG	0	0	68.5	35.70	32.80	Inf	Pro	111.2	high confidence set
Chr09	12	6156932	6157003	Pro	AGG	0	0	67.4	34.70	32.70	Inf	Pro	112.3	high confidence set
Chr09	13	6158078	6158149	Pro	TGG	0	0	68.9	36.50	32.40	Inf	Pro	109.4	high confidence set
Chr09	14	6159014	6159085	Pro	TGG	0	0	68.5	35.70	32.80	Inf	Pro	111.2	high confidence set
Chr09	15	6159685	6159756	Pro	TGG	0	0	68.5	35.70	32.80	Inf	Pro	111.2	high confidence set
Chr09	16	6228424	6228497	Asn	GTT	0	0	82.7	57.30	25.40	Inf	Asn	95.4	high confidence set
Chr09	17	7280610	7280683	Ile	AAT	0	0	79.9	56.50	23.40	Inf	Ile	104.5	high confidence set
Chr09	18	7331114	7331187	Asn	GTT	0	0	79.1	53.40	25.70	Inf	Asn	91.7	high confidence set
Chr09	19	7426848	7426921	Val	AAC	0	0	73.2	49.00	24.20	Inf	Val	95.8	high confidence set
Chr09	20	7709537	7709620	Tyr	GTA	7709574	7709584	70.1	38.60	31.50	Inf	Tyr	108.3	high confidence set
Chr09	21	9155514	9155587	Asn	GTT	0	0	84.5	59.40	25.10	Inf	Asn	95.9	high confidence set
Chr09	22	9227983	9228065	Leu	TAA	0	0	79.2	43.20	36.00	Inf	Leu	99.9	high confidence set
Chr09	23	9294623	9294542	Ser	GCT	0	0	80.5	45.20	35.30	Inf	Ser	109.5	high confidence set
Chr09	24	9228189	9228118	Gly	TCC	0	0	71.0	46.70	24.30	Inf	Gly	82.3	high confidence set
Chr09	25	8313121	8313050	Gln	TTG	0	0	73.5	53.70	19.80	Inf	Gln	104.8	high confidence set
Chr09	26	7538880	7538809	Glu	TTC	0	0	72.0	47.50	24.50	Inf	Glu	101.6	high confidence set
Chr09	27	7231671	7231592	Leu	TAG	0	0	69.5	48.50	21.00	Inf	Leu	111.5	high confidence set
Chr09	28	7146047	7145976	Trp	CCA	0	0	75.1	50.10	25.00	Inf	Trp	105.0	high confidence set
Chr09	29	6904859	6904787	Arg	CCT	0	0	69.1	50.30	18.80	Inf	Arg	81.2	high confidence set
Chr09	30	6834213	6834141	Arg	TCT	0	0	69.1	51.30	17.80	Inf	Arg	93.2	high confidence set
Chr09	31	5436641	5436556	Met	CAT	5436603	5436592	64.2	40.70	23.50	Inf	Met	104.0	high confidence set
Chr09	32	5348256	5348183	Ile	TAT	0	0	85.9	70.60	15.30	Inf	Ile	103.9	high confidence set
Chr09	33	5222302	5222230	Arg	ACG	0	0	69.0	46.60	22.40	Inf	Arg	87.7	high confidence set
Chr09	35	4535499	4535426	Ile	AAT	0	0	82.4	58.90	23.50	Inf	Ile	107.0	high confidence set
Chr09	37	3115608	3115535	Val	CAC	0	0	81.5	53.50	28.00	Inf	Val	103.7	high confidence set
Chr09	38	2396904	2396831	Val	AAC	0	0	72.9	48.60	24.30	Inf	Val	93.8	high confidence set
Chr10	1	2157	2230	Thr	AGT	0	0	76.0	48.40	27.60	Inf	Thr	90.6	high confidence set
Chr10	2	1008290	1008360	Gly	CCC	0	0	66.0	29.20	36.80	Inf	Gly	87.4	high confidence set
Chr10	3	3699392	3699464	Lys	CTT	0	0	87.7	67.60	20.10	Inf	Lys	106.7	high confidence set
Chr10	6	6887268	6887351	Tyr	GTA	6887305	6887315	70.1	38.60	31.50	Inf	Tyr	108.3	high confidence set
Chr10	7	7695163	7695236	Asn	GTT	0	0	84.5	59.40	25.10	Inf	Asn	95.9	high confidence set
Chr10	8	9034857	9034930	Ile	AAT	0	0	82.4	58.90	23.50	Inf	Ile	107.0	high confidence set
Chr10	10	10699292	10699363	Thr	CGT	0	0	80.2	53.70	26.50	Inf	Thr	86.8	high confidence set
Chr10	12	12124172	12124244	Val	TAC	0	0	78.2	43.80	34.40	Inf	Val	106.2	high confidence set
Chr10	13	12217965	12218037	Lys	CTT	0	0	87.7	67.60	20.10	Inf	Lys	106.7	high confidence set
Chr10	14	12943792	12943863	Asp	GTC	0	0	69.8	46.80	23.00	Inf	Asp	94.5	high confidence set
Chr10	15	13812772	13812843	His	GTG	0	0	63.0	33.70	29.30	Inf	His	86.8	high confidence set
Chr10	16	13869704	13869775	Pro	AGG	0	0	67.4	34.70	32.70	Inf	Pro	112.3	high confidence set
Chr10	17	14357638	14357709	His	GTG	0	0	63.0	33.70	29.30	Inf	His	86.8	high confidence set
Chr10	18	14819228	14819311	Tyr	GTA	14819265	14819275	70.1	38.60	31.50	Inf	Tyr	108.3	high confidence set
Chr10	19	14833395	14833467	Lys	CTT	0	0	87.7	67.60	20.10	Inf	Lys	106.7	high confidence set
Chr10	20	14856598	14856670	Lys	CTT	0	0	78.5	66.00	12.50	Inf	Lys	96.5	high confidence set
Chr10	21	14871595	14871669	Lys	CTT	0	0	68.9	56.10	12.80	Inf	Lys	84.7	high confidence set
Chr10	22	14880921	14880993	Lys	CTT	0	0	87.7	67.60	20.10	Inf	Lys	106.7	high confidence set
Chr10	23	14921635	14921707	Lys	TTT	0	0	89.7	65.30	24.40	Inf	Lys	92.7	high confidence set
Chr10	24	16028812	16028740	Phe	GAA	0	0	78.3	58.40	19.90	Inf	Phe	113.2	high confidence set
Chr10	25	15244751	15244678	Arg	TCG	0	0	82.3	61.00	21.30	Inf	Arg	91.9	high confidence set
Chr10	26	14963176	14963103	Ile	AAT	0	0	82.4	58.90	23.50	Inf	Ile	107.0	high confidence set
Chr10	27	14451288	14451207	Ser	AGA	0	0	75.9	41.00	34.90	Inf	Ser	111.1	high confidence set
Chr10	28	14305320	14305249	Pro	AGG	0	0	67.4	34.70	32.70	Inf	Pro	112.3	high confidence set
Chr10	29	14290770	14290699	Pro	AGG	0	0	67.4	34.70	32.70	Inf	Pro	112.3	high confidence set
Chr10	31	13581178	13581107	His	GTG	0	0	63.0	33.70	29.30	Inf	His	87.1	high confidence set
Chr10	32	12942442	12942371	Pro	AGG	0	0	67.4	34.70	32.70	Inf	Pro	112.3	high confidence set
Chr10	33	11253871	11253799	Lys	TTT	0	0	89.7	65.30	24.40	Inf	Lys	92.7	high confidence set
Chr10	35	7457312	7457231	Ser	AGA	0	0	77.1	42.80	34.30	Inf	Ser	110.5	high confidence set
Chr10	36	6679317	6679244	Val	AAC	0	0	73.2	49.00	24.20	Inf	Val	95.8	high confidence set
Chr10	38	4076154	4076081	Val	AAC	0	0	72.9	48.60	24.30	Inf	Val	93.8	high confidence set
Chr10	39	4057193	4057120	Val	AAC	0	0	69.7	45.40	24.30	Inf	Val	94.8	high confidence set
Chr10	40	3283387	3283306	Ser	AGA	0	0	77.8	43.40	34.40	Inf	Ser	110.9	high confidence set
Chr10	41	1560417	1560347	Gly	GCC	0	0	66.5	44.80	21.70	Inf	Gly	94.4	high confidence set
Chr10	42	1557381	1557311	Gly	GCC	0	0	66.5	44.80	21.70	Inf	Gly	94.4	high confidence set
Chr10	43	1554951	1554881	Gly	GCC	0	0	66.5	44.80	21.70	Inf	Gly	94.4	high confidence set
Chr10	44	1462129	1462057	Arg	ACG	0	0	67.1	47.60	19.50	Inf	Arg	83.6	high confidence set
Chr11	1	203435	203506	His	GTG	0	0	63.0	33.70	29.30	Inf	His	87.1	high confidence set
Chr11	3	2386428	2386499	Asp	GTC	0	0	69.8	46.80	23.00	Inf	Asp	94.5	high confidence set
Chr11	4	2940432	2940504	Val	TAC	0	0	78.2	43.80	34.40	Inf	Val	106.2	high confidence set
Chr11	5	2990726	2990808	Leu	TAA	0	0	69.9	32.20	37.70	Inf	Leu	93.5	high confidence set
Chr11	6	3078709	3078779	Gly	GCC	0	0	66.5	44.80	21.70	Inf	Gly	94.4	high confidence set
Chr11	7	3367392	3367463	Asp	GTC	0	0	69.8	46.80	23.00	Inf	Asp	95.8	high confidence set
Chr11	8	3369447	3369518	Asp	GTC	0	0	69.8	46.80	23.00	Inf	Asp	94.5	high confidence set
Chr11	9	3610866	3610938	Glu	CTC	0	0	78.9	53.10	25.80	Inf	Glu	94.8	high confidence set
Chr11	10	3693520	3693593	Ile	TAT	0	0	85.9	70.60	15.30	Inf	Ile	103.9	high confidence set
Chr11	11	4152600	4152672	Glu	CTC	0	0	78.9	53.10	25.80	Inf	Glu	94.8	high confidence set
Chr11	12	4198683	4198755	Glu	CTC	0	0	76.0	50.20	25.80	Inf	Glu	98.1	high confidence set
Chr11	13	4297376	4297449	Ile	AAT	0	0	82.4	58.90	23.50	Inf	Ile	107.0	high confidence set
Chr11	15	9712163	9712235	Phe	GAA	0	0	78.3	58.40	19.90	Inf	Phe	113.2	high confidence set
Chr11	16	11627542	11627614	Ala	AGC	0	0	63.4	38.20	25.20	Inf	Ala	98.3	high confidence set
Chr11	17	11848495	11848565	Gly	CCC	0	0	66.0	29.20	36.80	Inf	Gly	87.4	high confidence set
Chr11	19	13632410	13632339	Asp	GTC	0	0	69.8	46.80	23.00	Inf	Asp	95.8	high confidence set
Chr11	20	12373711	12373639	Lys	TTT	0	0	89.7	65.30	24.40	Inf	Lys	92.7	high confidence set
Chr11	21	11968339	11968268	iMet	CAT	0	0	57.5	27.40	30.10	Inf	iMet	120.7	high confidence set
Chr11	22	10940041	10939960	Ser	AGA	0	0	76.3	41.60	34.70	Inf	Ser	112.1	high confidence set
Chr11	23	10868832	10868760	Glu	CTC	0	0	78.9	53.10	25.80	Inf	Glu	94.8	high confidence set
Chr11	24	10787681	10787609	Phe	GAA	0	0	78.3	58.40	19.90	Inf	Phe	113.2	high confidence set
Chr11	26	7731632	7731559	Ile	TAT	0	0	85.9	70.60	15.30	Inf	Ile	103.9	high confidence set
Chr11	27	5512331	5512259	Arg	ACG	0	0	72.0	49.70	22.30	Inf	Arg	93.9	high confidence set
Chr11	29	3846953	3846883	Gly	GCC	0	0	56.8	45.10	11.70	Inf	Gly	86.3	high confidence set
Chr12	1	284543	284627	Met	CAT	284581	284591	64.2	40.80	23.40	Inf	Met	104.0	high confidence set
Chr12	2	878357	878427	Gly	CCC	0	0	66.0	29.20	36.80	Inf	Gly	87.4	high confidence set
Chr12	3	1012866	1012936	Gly	GCC	0	0	66.5	44.80	21.70	Inf	Gly	94.4	high confidence set
Chr12	5	1686605	1686676	iMet	CAT	0	0	57.5	27.40	30.10	Inf	iMet	120.7	high confidence set
Chr12	6	2489932	2490005	Asn	GTT	0	0	83.3	58.10	25.20	Inf	Asn	93.9	high confidence set
Chr12	10	7123784	7123855	Gly	TCC	0	0	71.0	46.70	24.30	Inf	Gly	82.3	high confidence set
Chr12	11	7686623	7686694	Thr	TGT	0	0	84.5	58.50	26.00	Inf	Thr	95.0	high confidence set
Chr12	12	8278768	8278849	Ser	TGA	0	0	80.7	46.10	34.60	Inf	Ser	119.7	high confidence set
Chr12	13	8324588	8324658	Gly	GCC	0	0	58.2	42.80	15.40	Inf	Gly	87.9	high confidence set
Chr12	14	8325989	8326059	Gly	GCC	0	0	66.5	44.80	21.70	Inf	Gly	94.4	high confidence set
Chr12	15	8562622	8562693	Gln	TTG	0	0	73.5	53.70	19.80	Inf	Gln	104.8	high confidence set
Chr12	16	8933309	8933390	Ser	AGA	0	0	76.3	41.60	34.70	Inf	Ser	112.1	high confidence set
Chr12	17	10800973	10801044	Asp	GTC	0	0	69.8	46.80	23.00	Inf	Asp	94.5	high confidence set
Chr12	18	10950342	10950259	Leu	CAA	0	0	75.5	54.60	20.90	Inf	Leu	119.9	high confidence set
Chr12	19	10734606	10734533	Val	AAC	0	0	73.2	49.00	24.20	Inf	Val	95.8	high confidence set
Chr12	20	9472271	9472199	Lys	TTT	0	0	89.7	65.30	24.40	Inf	Lys	92.7	high confidence set
Chr12	21	9373014	9372943	Asp	GTC	0	0	69.8	46.80	23.00	Inf	Asp	94.5	high confidence set
Chr12	22	8943598	8943528	Gly	CCC	0	0	66.0	29.20	36.80	Inf	Gly	87.4	high confidence set
Chr12	23	7970480	7970409	Lys	TTT	0	0	74.3	53.30	21.00	Inf	Thr	83.2	IPD:-33.20,isotype mismatch
Chr12	24	7803834	7803762	Arg	CCT	0	0	66.9	46.30	20.60	Inf	Thr	78.0	IPD:-0.80,isotype mismatch
Chr12	27	4374026	4373955	Thr	CGT	0	0	82.2	57.60	24.60	Inf	Thr	90.2	high confidence set
Chr12	28	3377857	3377777	Leu	CAG	0	0	69.5	46.80	22.70	Inf	Leu	109.7	high confidence set
Chr12	31	1104848	1104776	Ala	CGC	0	0	68.3	44.10	24.20	Inf	Ala	99.2	high confidence set
Chr12	32	831921	831848	Ile	AAT	0	0	76.8	53.40	23.40	Inf	Ile	101.6	high confidence set
Chr13	1	549010	549082	Ala	AGC	0	0	63.4	38.20	25.20	Inf	Ala	98.3	high confidence set
Chr13	2	555489	555560	Pro	CGG	0	0	68.5	36.10	32.40	Inf	Pro	108.5	high confidence set
Chr13	3	1121008	1121079	Glu	TTC	0	0	72.0	47.50	24.50	Inf	Glu	101.6	high confidence set
Chr13	4	1946744	1946816	Ala	TGC	0	0	69.1	43.30	25.80	Inf	Ala	101.9	high confidence set
Chr13	5	1967580	1967651	Pro	AGG	0	0	67.4	34.70	32.70	Inf	Pro	112.3	high confidence set
Chr13	7	2514758	2514830	Glu	CTC	0	0	78.9	53.10	25.80	Inf	Glu	94.8	high confidence set
Chr13	8	3208072	3208144	Ala	TGC	0	0	69.1	43.30	25.80	Inf	Ala	101.9	high confidence set
Chr13	14	11533208	11533279	Glu	TTC	0	0	72.0	47.50	24.50	Inf	Glu	101.6	high confidence set
Chr13	15	12784981	12785053	Phe	GAA	0	0	78.3	58.40	19.90	Inf	Phe	113.2	high confidence set
Chr13	16	13990855	13990774	Ser	TGA	0	0	81.1	46.70	34.40	Inf	Ser	122.5	high confidence set
Chr13	17	13578117	13578046	Gln	CTG	0	0	75.3	51.20	24.10	Inf	Gln	103.1	high confidence set
Chr13	18	13542433	13542341	Tyr	GTA	13542396	13542377	69.7	38.20	31.50	Inf	Tyr	108.3	high confidence set
Chr13	19	13439583	13439511	Val	TAC	0	0	78.2	43.80	34.40	Inf	Val	106.2	high confidence set
Chr13	23	2627309	2627239	Gly	GCC	0	0	66.5	44.80	21.70	Inf	Gly	94.4	high confidence set
Chr13	24	1118538	1118467	Cys	GCA	0	0	82.1	59.90	22.20	Inf	Cys	106.6	high confidence set
Chr13	25	596736	596663	Thr	AGT	0	0	76.0	48.40	27.60	Inf	Thr	90.6	high confidence set
Chr13	26	233391	233319	Phe	GAA	0	0	78.3	58.40	19.90	Inf	Phe	113.2	high confidence set
Chr14	1	539296	539367	Pro	TGG	0	0	68.5	35.70	32.80	Inf	Pro	111.2	high confidence set
Chr14	2	679841	679914	Thr	AGT	0	0	76.0	48.40	27.60	Inf	Thr	90.6	high confidence set
Chr14	5	5623903	5623975	Ala	CGC	0	0	68.3	44.10	24.20	Inf	Ala	99.2	high confidence set
Chr14	6	6719879	6719951	Ala	TGC	0	0	70.0	45.30	24.70	Inf	Ala	100.6	high confidence set
Chr14	7	7011444	7011515	His	GTG	0	0	63.3	34.30	29.00	Inf	His	87.4	high confidence set
Chr14	9	7625642	7625712	Gly	CCC	0	0	66.0	29.20	36.80	Inf	Gly	87.4	high confidence set
Chr14	10	7858215	7858286	Pro	TGG	0	0	68.5	35.70	32.80	Inf	Pro	111.2	high confidence set
Chr14	11	9983722	9983795	Ile	AAT	0	0	82.4	58.90	23.50	Inf	Ile	107.0	high confidence set
Chr14	12	7858606	7858535	Pro	AGG	0	0	67.4	34.70	32.70	Inf	Pro	112.3	high confidence set
Chr14	13	6791138	6791066	Phe	GAA	0	0	78.3	58.40	19.90	Inf	Phe	113.2	high confidence set
Chr14	14	6105058	6104987	Cys	GCA	0	0	82.1	59.90	22.20	Inf	Cys	106.6	high confidence set
Chr14	15	5814699	5814626	Val	AAC	0	0	73.2	49.00	24.20	Inf	Val	95.8	high confidence set
Chr14	16	5746532	5746462	Gly	CCC	0	0	66.0	29.20	36.80	Inf	Gly	87.4	high confidence set
Chr14	17	4616815	4616742	Val	CAC	0	0	81.5	53.50	28.00	Inf	Val	103.7	high confidence set
Chr14	18	4166354	4166274	Leu	AAG	0	0	74.0	52.20	21.80	Inf	Leu	110.4	high confidence set
Chr14	19	4164186	4164106	Leu	AAG	0	0	74.0	52.20	21.80	Inf	Leu	110.4	high confidence set
Chr14	20	3691955	3691883	Lys	CTT	0	0	78.8	58.60	20.20	Inf	Lys	97.4	high confidence set
Chr14	21	3581306	3581234	Glu	CTC	0	0	78.9	53.10	25.80	Inf	Glu	94.8	high confidence set
Chr14	22	2853845	2853774	Trp	CCA	0	0	75.8	51.20	24.60	Inf	Trp	105.6	high confidence set
Chr14	23	1410151	1410067	Tyr	GTA	1410114	1410103	74.5	43.00	31.50	Inf	Tyr	111.8	high confidence set
Chr14	24	219763	219690	Thr	AGT	0	0	73.6	45.20	28.40	Inf	Thr	88.6	high confidence set
Chr15W	1	177454	177539	Met	CAT	177492	177503	64.2	40.70	23.50	Inf	Met	104.0	high confidence set
Chr15W	2	300081	300160	Leu	TAG	0	0	69.5	48.50	21.00	Inf	Leu	111.5	high confidence set
Chr15W	3	485382	485452	Gly	CCC	0	0	66.0	29.20	36.80	Inf	Gly	87.4	high confidence set
Chr15W	4	1433449	1433520	iMet	CAT	0	0	57.5	27.40	30.10	Inf	iMet	120.7	high confidence set
Chr15W	5	2429239	2429312	Asn	GTT	0	0	83.3	58.10	25.20	Inf	Asn	93.9	high confidence set
Chr15W	8	11106874	11106953	Leu	TAG	0	0	69.5	48.50	21.00	Inf	Leu	111.5	high confidence set
Chr15W	10	12744606	12744687	Ser	TGA	0	0	80.7	46.10	34.60	Inf	Ser	119.7	high confidence set
Chr15W	11	12760351	12760421	Gly	GCC	0	0	66.5	44.80	21.70	Inf	Gly	94.4	high confidence set
Chr15W	12	12772731	12772801	Gly	GCC	0	0	66.5	44.80	21.70	Inf	Gly	94.4	high confidence set
Chr15W	13	12982690	12982761	Gln	TTG	0	0	73.5	53.70	19.80	Inf	Gln	104.8	high confidence set
Chr15W	14	15389177	15389248	Asp	GTC	0	0	69.8	46.80	23.00	Inf	Asp	94.5	high confidence set
Chr15W	15	14211208	14211136	Lys	TTT	0	0	89.7	65.30	24.40	Inf	Lys	92.7	high confidence set
Chr15W	16	11312669	11312598	Pro	TGG	0	0	68.5	35.70	32.80	Inf	Pro	111.2	high confidence set
Chr15W	20	7899568	7899487	Ser	AGA	0	0	77.8	43.40	34.40	Inf	Ser	110.9	high confidence set
Chr15W	22	6891097	6891025	Glu	CTC	0	0	68.6	45.40	23.20	Inf	Glu	91.7	high confidence set
Chr15W	24	4272850	4272770	Leu	AAG	0	0	74.0	52.20	21.80	Inf	Leu	110.4	high confidence set
Chr15W	26	4118966	4118886	Leu	CAG	0	0	69.5	46.80	22.70	Inf	Leu	109.7	high confidence set
Chr15W	27	763534	763462	Ala	CGC	0	0	68.3	44.10	24.20	Inf	Ala	99.2	high confidence set
Chr15W	28	674877	674806	Gln	CTG	0	0	73.7	48.90	24.80	Inf	Gln	101.0	high confidence set
Chr15W	29	434973	434900	Ile	AAT	0	0	82.4	58.90	23.50	Inf	Ile	107.0	high confidence set
Chr15Z	1	177454	177539	Met	CAT	177492	177503	64.2	40.70	23.50	Inf	Met	104.0	high confidence set
Chr15Z	2	300081	300160	Leu	TAG	0	0	69.5	48.50	21.00	Inf	Leu	111.5	high confidence set
Chr15Z	3	485382	485452	Gly	CCC	0	0	66.0	29.20	36.80	Inf	Gly	87.4	high confidence set
Chr15Z	4	1433449	1433520	iMet	CAT	0	0	57.5	27.40	30.10	Inf	iMet	120.7	high confidence set
Chr15Z	5	2419051	2419124	Asn	GTT	0	0	83.3	58.10	25.20	Inf	Asn	93.9	high confidence set
Chr15Z	7	4953180	4953260	Leu	AAG	0	0	74.0	52.20	21.80	Inf	Leu	110.4	high confidence set
Chr15Z	8	5087236	5087316	Leu	CAG	0	0	69.5	46.80	22.70	Inf	Leu	109.7	high confidence set
Chr15Z	10	8753273	8753352	Leu	TAG	0	0	69.5	48.50	21.00	Inf	Leu	111.5	high confidence set
Chr15Z	12	10391005	10391086	Ser	TGA	0	0	80.7	46.10	34.60	Inf	Ser	119.7	high confidence set
Chr15Z	13	10406750	10406820	Gly	GCC	0	0	66.5	44.80	21.70	Inf	Gly	94.4	high confidence set
Chr15Z	14	10419130	10419200	Gly	GCC	0	0	66.5	44.80	21.70	Inf	Gly	94.4	high confidence set
Chr15Z	15	10629089	10629160	Gln	TTG	0	0	73.5	53.70	19.80	Inf	Gln	104.8	high confidence set
Chr15Z	16	13035576	13035647	Asp	GTC	0	0	69.8	46.80	23.00	Inf	Asp	94.5	high confidence set
Chr15Z	17	11857607	11857535	Lys	TTT	0	0	89.7	65.30	24.40	Inf	Lys	92.7	high confidence set
Chr15Z	18	8959068	8958997	Pro	TGG	0	0	68.5	35.70	32.80	Inf	Pro	111.2	high confidence set
Chr15Z	22	763534	763462	Ala	CGC	0	0	68.3	44.10	24.20	Inf	Ala	99.2	high confidence set
Chr15Z	23	674877	674806	Gln	CTG	0	0	73.7	48.90	24.80	Inf	Gln	101.0	high confidence set
Chr15Z	24	434973	434900	Ile	AAT	0	0	82.4	58.90	23.50	Inf	Ile	107.0	high confidence set
Chr16	1	336352	336423	Thr	CGT	0	0	80.2	53.70	26.50	Inf	Thr	86.8	high confidence set
Chr16	6	4047289	4047361	Ala	TGC	0	0	70.0	45.30	24.70	Inf	Ala	100.6	high confidence set
Chr16	7	4922762	4922834	Ala	AGC	0	0	63.4	38.20	25.20	Inf	Ala	98.3	high confidence set
Chr16	8	5663429	5663510	Ser	GCT	0	0	80.5	45.20	35.30	Inf	Ser	109.5	high confidence set
Chr16	9	7317807	7317878	Pro	CGG	0	0	68.5	36.10	32.40	Inf	Pro	108.5	high confidence set
Chr16	12	10941768	10941840	Glu	CTC	0	0	78.9	53.10	25.80	Inf	Glu	94.8	high confidence set
Chr16	13	12098378	12098450	Ala	AGC	0	0	63.4	38.20	25.20	Inf	Ala	98.3	high confidence set
Chr16	14	12115249	12115321	Ala	AGC	0	0	63.4	38.20	25.20	Inf	Ala	98.3	high confidence set
Chr16	15	12468128	12468201	Ile	AAT	0	0	82.4	58.90	23.50	Inf	Ile	107.0	high confidence set
Chr16	16	12603434	12603504	Gly	GCC	0	0	66.5	44.80	21.70	Inf	Gly	94.4	high confidence set
Chr16	17	12633043	12633123	Leu	AAG	0	0	74.0	52.20	21.80	Inf	Leu	110.4	high confidence set
Chr16	18	13202449	13202532	Tyr	GTA	13202486	13202496	70.1	38.60	31.50	Inf	Tyr	108.3	high confidence set
Chr16	20	14771045	14771126	Ser	GCT	0	0	80.5	45.20	35.30	Inf	Ser	109.5	high confidence set
Chr16	21	15480852	15480923	Gly	TCC	0	0	71.0	46.70	24.30	Inf	Gly	82.3	high confidence set
Chr16	22	16529220	16529301	Ser	GCT	0	0	80.5	45.20	35.30	Inf	Ser	109.5	high confidence set
Chr16	23	16845439	16845510	Gly	TCC	0	0	71.0	46.70	24.30	Inf	Gly	82.3	high confidence set
Chr16	24	17085936	17086017	Ser	GCT	0	0	79.0	43.10	35.90	Inf	Ser	108.6	high confidence set
Chr16	25	17398571	17398643	Ala	TGC	0	0	70.0	45.30	24.70	Inf	Ala	100.6	high confidence set
Chr16	26	17801812	17801883	Glu	TTC	0	0	72.0	47.50	24.50	Inf	Glu	101.6	high confidence set
Chr16	27	18166475	18166545	Gly	GCC	0	0	66.5	44.80	21.70	Inf	Gly	94.4	high confidence set
Chr16	28	18355684	18355756	Glu	CTC	0	0	78.9	53.10	25.80	Inf	Glu	94.8	high confidence set
Chr16	29	18821804	18821875	Pro	TGG	0	0	68.5	35.70	32.80	Inf	Pro	111.2	high confidence set
Chr16	31	18823037	18823108	Pro	AGG	0	0	67.4	34.70	32.70	Inf	Pro	112.3	high confidence set
Chr16	32	18823862	18823933	Pro	TGG	0	0	68.5	35.70	32.80	Inf	Pro	111.2	high confidence set
Chr16	33	18824550	18824621	Pro	TGG	0	0	68.5	35.70	32.80	Inf	Pro	111.2	high confidence set
Chr16	35	18825792	18825863	Pro	AGG	0	0	67.4	34.70	32.70	Inf	Pro	112.3	high confidence set
Chr16	36	18826398	18826469	Pro	TGG	0	0	68.5	35.70	32.80	Inf	Pro	111.2	high confidence set
Chr16	37	18827720	18827791	Pro	TGG	0	0	68.5	35.70	32.80	Inf	Pro	111.2	high confidence set
Chr16	38	20046191	20046278	Met	CAT	20046229	20046242	56.1	30.20	25.90	Inf	Met	87.3	high confidence set
Chr16	39	20437073	20437146	Val	AAC	0	0	72.5	48.10	24.40	Inf	Val	100.2	high confidence set
Chr16	41	24847336	24847409	Ile	TAT	0	0	85.9	70.60	15.30	Inf	Ile	103.9	high confidence set
Chr16	42	27628993	27629064	Gln	TTG	0	0	73.5	53.70	19.80	Inf	Gln	104.8	high confidence set
Chr16	43	28946820	28946892	Ala	AGC	0	0	63.4	38.20	25.20	Inf	Ala	98.3	high confidence set
Chr16	44	29403121	29403192	iMet	CAT	0	0	57.5	27.40	30.10	Inf	iMet	120.7	high confidence set
Chr16	45	29407921	29407992	iMet	CAT	0	0	57.5	27.40	30.10	Inf	iMet	120.7	high confidence set
Chr16	47	31030443	31030515	Lys	TTT	0	0	89.7	65.30	24.40	Inf	Lys	92.7	high confidence set
Chr16	48	32100224	32100153	Asp	GTC	0	0	69.8	46.80	23.00	Inf	Asp	95.8	high confidence set
Chr16	52	29397392	29397321	iMet	CAT	0	0	57.5	27.40	30.10	Inf	iMet	120.7	high confidence set
Chr16	53	29392889	29392818	iMet	CAT	0	0	57.5	27.40	30.10	Inf	iMet	120.7	high confidence set
Chr16	54	27713632	27713560	Glu	CTC	0	0	78.9	53.10	25.80	Inf	Glu	94.8	high confidence set
Chr16	57	23114317	23114245	Ala	AGC	0	0	63.4	38.20	25.20	Inf	Ala	98.3	high confidence set
Chr16	58	22648067	22647996	Pro	TGG	0	0	67.4	34.70	32.70	Inf	Pro	112.3	high confidence set
Chr16	60	21223682	21223601	Ser	TGA	0	0	80.7	46.10	34.60	Inf	Ser	119.7	high confidence set
Chr16	61	20643040	20642969	Pro	TGG	0	0	68.5	35.70	32.80	Inf	Pro	111.2	high confidence set
Chr16	62	19546603	19546532	His	GTG	0	0	63.0	33.70	29.30	Inf	His	87.1	high confidence set
Chr16	63	19546524	19546437	Tyr	GTA	19546487	19546473	69.9	38.40	31.50	Inf	Tyr	108.3	high confidence set
Chr16	65	18100448	18100367	Ser	CGA	0	0	78.9	46.60	32.30	Inf	Ser	122.0	high confidence set
Chr16	66	17958271	17958198	Ile	TAT	0	0	85.9	70.60	15.30	Inf	Ile	103.9	high confidence set
Chr16	67	17131694	17131622	Ala	TGC	0	0	70.0	45.30	24.70	Inf	Ala	100.6	high confidence set
Chr16	68	16851320	16851247	Arg	TCG	0	0	82.3	61.00	21.30	Inf	Arg	91.9	high confidence set
Chr16	69	15745381	15745308	Val	CAC	0	0	81.5	53.50	28.00	Inf	Val	103.7	high confidence set
Chr16	70	15431603	15431531	Lys	TTT	0	0	89.7	65.30	24.40	Inf	Lys	92.7	high confidence set
Chr16	71	15172056	15171983	Val	AAC	0	0	73.2	49.00	24.20	Inf	Val	95.8	high confidence set
Chr16	74	6183659	6183588	Cys	GCA	0	0	82.1	59.90	22.20	Inf	Cys	106.6	high confidence set
Chr16	75	6180646	6180575	Cys	GCA	0	0	82.1	59.90	22.20	Inf	Cys	106.6	high confidence set
Chr16	76	5690627	5690556	Gly	TCC	0	0	71.0	46.70	24.30	Inf	Gly	82.3	high confidence set
Chr16	77	4287419	4287348	Cys	GCA	0	0	80.9	57.20	23.70	Inf	Cys	104.1	high confidence set
Chr16	79	2377652	2377581	Thr	TGT	0	0	84.5	58.50	26.00	Inf	Thr	95.0	high confidence set
Chr16	80	350158	350085	Ile	AAT	0	0	82.4	58.90	23.50	Inf	Ile	107.0	high confidence set
Chr16	81	294101	294029	Phe	GAA	0	0	78.3	58.40	19.90	Inf	Phe	113.2	high confidence set
Chr17	1	1634435	1634506	Thr	TGT	0	0	84.5	58.50	26.00	Inf	Thr	95.0	high confidence set
Chr17	2	3711469	3711549	Leu	AAG	0	0	74.0	52.20	21.80	Inf	Leu	110.4	high confidence set
Chr17	3	3775638	3775722	Met	CAT	3775676	3775686	64.3	40.80	23.50	Inf	Met	104.0	high confidence set
Chr17	4	3788490	3788574	Met	CAT	3788528	3788538	64.3	40.80	23.50	Inf	Met	104.0	high confidence set
Chr17	5	3813803	3813887	Met	CAT	3813841	3813851	64.3	40.80	23.50	Inf	Met	104.0	high confidence set
Chr17	6	4159081	4159162	Ser	GCT	0	0	80.5	45.20	35.30	Inf	Ser	109.5	high confidence set
Chr17	7	4408016	4408089	Val	AAC	0	0	73.2	49.00	24.20	Inf	Val	95.8	high confidence set
Chr17	10	6958283	6958363	Leu	CAG	0	0	69.5	46.80	22.70	Inf	Leu	109.7	high confidence set
Chr17	11	10546706	10546787	Ser	AGA	0	0	77.8	43.40	34.40	Inf	Ser	110.9	high confidence set
Chr17	13	10547733	10547660	Asn	GTT	0	0	83.3	58.10	25.20	Inf	Asn	93.9	high confidence set
Chr17	14	10153924	10153852	Arg	TCT	0	0	70.3	50.00	20.30	Inf	Arg	98.1	high confidence set
Chr17	15	8609287	8609214	Ile	AAT	0	0	82.4	58.90	23.50	Inf	Ile	107.0	high confidence set
Chr17	16	6456089	6456017	Ala	AGC	0	0	63.4	38.20	25.20	Inf	Ala	98.3	high confidence set
Chr17	17	4988067	4987996	Asp	GTC	0	0	69.8	46.80	23.00	Inf	Asp	94.5	high confidence set
Chr17	18	4791255	4791184	Pro	TGG	0	0	68.5	35.70	32.80	Inf	Pro	111.2	high confidence set
Chr17	20	179994	179921	Ile	AAT	0	0	82.4	58.90	23.50	Inf	Ile	107.0	high confidence set
Chr18	1	75714	75786	Arg	ACG	0	0	71.7	49.10	22.60	Inf	Arg	91.4	high confidence set
Chr18	2	208930	209003	Asn	GTT	0	0	83.3	58.10	25.20	Inf	Asn	93.9	high confidence set
Chr18	3	232114	232187	Asn	GTT	0	0	83.3	58.10	25.20	Inf	Asn	93.9	high confidence set
Chr18	4	901585	901666	Ser	TGA	0	0	81.1	46.70	34.40	Inf	Ser	122.5	high confidence set
Chr18	5	903170	903251	Ser	TGA	0	0	81.1	46.70	34.40	Inf	Ser	122.5	high confidence set
Chr18	6	1893513	1893585	Arg	CCT	0	0	72.6	51.90	20.70	Inf	Arg	83.4	high confidence set
Chr18	7	2683523	2683604	Ser	CGA	0	0	76.5	44.60	31.90	Inf	Ser	118.0	high confidence set
Chr18	9	7667086	7667157	Glu	TTC	0	0	72.0	47.50	24.50	Inf	Glu	101.6	high confidence set
Chr18	12	11880766	11880693	Ile	TAT	0	0	85.9	70.60	15.30	Inf	Ile	103.9	high confidence set
Chr18	13	11105245	11105172	Asn	GTT	0	0	84.5	59.40	25.10	Inf	Asn	95.9	high confidence set
Chr18	15	10355389	10355317	Ala	TGC	0	0	69.1	43.30	25.80	Inf	Ala	101.9	high confidence set
Chr18	16	10003947	10003876	Glu	TTC	0	0	72.0	47.50	24.50	Inf	Glu	101.6	high confidence set
Chr18	17	9085428	9085355	Thr	AGT	0	0	74.7	46.20	28.50	Inf	Thr	89.4	high confidence set
Chr18	18	7007451	7007379	Lys	CTT	0	0	87.7	67.60	20.10	Inf	Lys	106.7	high confidence set
Chr18	19	6547474	6547394	Leu	AAG	0	0	74.0	52.20	21.80	Inf	Leu	110.4	high confidence set
Chr18	22	2537212	2537140	Phe	GAA	0	0	78.3	58.40	19.90	Inf	Phe	113.2	high confidence set
Chr18	23	2114553	2114482	Gly	TCC	0	0	71.0	46.70	24.30	Inf	Gly	82.3	high confidence set
Chr18	24	1914580	1914509	Gly	TCC	0	0	71.0	46.70	24.30	Inf	Gly	82.3	high confidence set
Chr19	7	11059519	11059598	Leu	TAG	0	0	69.5	48.50	21.00	Inf	Leu	111.5	high confidence set
Chr19	9	13969306	13969376	Gly	GCC	0	0	66.5	44.80	21.70	Inf	Gly	94.4	high confidence set
Chr19	10	13028011	13027940	Gln	CTG	0	0	74.7	50.50	24.20	Inf	Gln	100.9	high confidence set
Chr19	11	12954761	12954669	Tyr	GTA	12954724	12954705	69.7	38.20	31.50	Inf	Tyr	108.3	high confidence set
Chr19	12	12891993	12891921	Val	TAC	0	0	78.2	43.80	34.40	Inf	Val	106.2	high confidence set
Chr19	16	3590660	3590588	Ala	TGC	0	0	69.1	43.30	25.80	Inf	Ala	101.9	high confidence set
Chr19	17	3276555	3276484	Lys	CTT	0	0	74.4	48.50	25.90	Inf	Thr	81.3	IPD:-35.20,isotype mismatch
Chr19	18	1736961	1736890	Gly	TCC	0	0	71.0	46.70	24.30	Inf	Gly	82.3	high confidence set
scaffold_22	4	221382	221310	Arg	TCT	0	0	66.9	47.70	19.20	Inf	Arg	89.2	high confidence set
scaffold_174	1	104580	104508	Arg	CCG	0	0	65.5	47.30	18.20	Inf	Arg	91.7	high confidence set
scaffold_277	1	91161	91241	Leu	CAG	0	0	69.5	46.80	22.70	Inf	Leu	109.7	high confidence set
scaffold_640	1	22374	22445	Glu	TTC	0	0	71.2	46.50	24.70	Inf	Glu	101.9	high confidence set
