Sequence		tRNA    	Bounds  	tRNA	Anti	Intron Bounds	Inf	HMM	2'Str	Hit	Isotype	Isotype	      
Name    	tRNA#	Begin   	End     	Type	Codon	Begin	End	Score	Score	Score	Origin	CM	Score	Note
--------	------	-----   	------  	----	-----	-----	----	------	-----	-----	------	-------	-------	------
Chr01	1	1046921	1046992	Thr	TGT	0	0	84.5	58.50	26.00	Inf	Thr	95.0	high confidence set
Chr01	2	1692790	1692861	Thr	TGT	0	0	84.5	58.50	26.00	Inf	Thr	95.0	high confidence set
Chr01	3	5573412	5573485	Ile	AAT	0	0	79.3	55.80	23.50	Inf	Ile	104.3	high confidence set
Chr01	4	6879622	6879693	His	GTG	0	0	63.0	33.70	29.30	Inf	His	86.8	high confidence set
Chr01	9	22687915	22687986	His	GTG	0	0	63.0	33.70	29.30	Inf	His	86.8	high confidence set
Chr01	10	25752209	25752293	Tyr	GTA	25752246	25752257	74.5	43.00	31.50	Inf	Tyr	111.8	high confidence set
Chr01	11	30780618	30780698	Leu	CAG	0	0	68.4	45.70	22.70	Inf	Leu	107.6	high confidence set
Chr01	12	30890843	30890916	Ile	AAT	0	0	79.3	55.80	23.50	Inf	Ile	104.3	high confidence set
Chr01	13	32878453	32878524	Gln	CTG	0	0	75.3	51.20	24.10	Inf	Gln	103.1	high confidence set
Chr01	14	33147534	33147606	Glu	CTC	0	0	78.9	53.10	25.80	Inf	Glu	99.2	high confidence set
Chr01	15	35594305	35594377	Arg	ACG	0	0	72.0	49.70	22.30	Inf	Arg	93.9	high confidence set
Chr01	16	41702291	41702364	Asn	GTT	0	0	84.5	59.40	25.10	Inf	Asn	95.9	high confidence set
Chr01	17	41705720	41705799	Leu	TAG	0	0	69.5	48.50	21.00	Inf	Leu	111.5	high confidence set
Chr01	18	41997200	41997271	iMet	CAT	0	0	58.3	28.10	30.20	Inf	iMet	118.7	high confidence set
Chr01	19	43229742	43229669	Val	AAC	0	0	73.2	49.00	24.20	Inf	Val	95.8	high confidence set
Chr01	20	42731119	42731036	Leu	CAA	0	0	76.7	54.50	22.20	Inf	Leu	123.1	high confidence set
Chr01	23	40700235	40700164	Cys	GCA	0	0	82.1	59.90	22.20	Inf	Cys	106.6	high confidence set
Chr01	25	32189254	32189182	Ala	AGC	0	0	63.4	38.20	25.20	Inf	Ala	98.3	high confidence set
Chr01	26	31456132	31456059	Asn	GTT	0	0	78.2	57.10	21.10	Inf	Asn	88.8	high confidence set
Chr01	27	30368547	30368475	Phe	GAA	0	0	78.3	58.40	19.90	Inf	Phe	113.2	high confidence set
Chr01	28	30333455	30333383	Phe	GAA	0	0	78.3	58.40	19.90	Inf	Phe	113.2	high confidence set
Chr01	29	27611421	27611339	Leu	TAA	0	0	69.7	31.30	38.40	Inf	Leu	92.9	high confidence set
Chr01	32	25209047	25208976	Cys	GCA	0	0	82.1	59.90	22.20	Inf	Cys	106.6	high confidence set
Chr01	33	23699346	23699273	Arg	TCG	0	0	82.3	61.00	21.30	Inf	Arg	91.9	high confidence set
Chr02	1	3580418	3580497	Leu	TAG	0	0	69.5	48.50	21.00	Inf	Leu	111.5	high confidence set
Chr02	2	4021753	4021825	Ala	AGC	0	0	63.4	38.20	25.20	Inf	Ala	98.3	high confidence set
Chr02	3	5171705	5171785	Leu	CAG	0	0	68.4	45.70	22.70	Inf	Leu	107.6	high confidence set
Chr02	4	5428566	5428639	Ile	AAT	0	0	81.8	58.30	23.50	Inf	Ile	106.8	high confidence set
Chr02	5	9266320	9266391	Pro	TGG	0	0	68.2	35.90	32.30	Inf	Pro	113.9	high confidence set
Chr02	6	21208974	21209044	Gly	GCC	0	0	66.5	44.80	21.70	Inf	Gly	94.4	high confidence set
Chr02	7	22895463	22895534	Gln	CTG	0	0	74.3	49.60	24.70	Inf	Gln	103.3	high confidence set
Chr02	8	35911826	35911897	Glu	TTC	0	0	72.0	47.50	24.50	Inf	Glu	101.6	high confidence set
Chr02	10	38430462	38430534	Ala	TGC	0	0	63.7	38.60	25.10	Inf	Ala	96.5	high confidence set
Chr02	11	40440668	40440740	Arg	CCG	0	0	69.2	51.20	18.00	Inf	Arg	93.1	high confidence set
Chr02	12	41510809	41510882	Ile	TAT	0	0	85.9	70.60	15.30	Inf	Ile	103.9	high confidence set
Chr02	14	41891183	41891254	Gly	TCC	0	0	71.0	46.70	24.30	Inf	Gly	82.3	high confidence set
Chr02	15	41891514	41891585	Gly	TCC	0	0	71.0	46.70	24.30	Inf	Gly	82.3	high confidence set
Chr02	16	41958960	41959031	Asp	GTC	0	0	69.8	46.80	23.00	Inf	Asp	95.8	high confidence set
Chr02	17	42008942	42009015	Val	CAC	0	0	81.5	53.50	28.00	Inf	Val	103.7	high confidence set
Chr02	18	42736750	42736823	Val	AAC	0	0	73.2	49.00	24.20	Inf	Val	95.8	high confidence set
Chr02	19	42788261	42788334	Val	AAC	0	0	73.2	49.00	24.20	Inf	Val	95.8	high confidence set
Chr02	20	44896001	44896072	Pro	AGG	0	0	67.4	34.70	32.70	Inf	Pro	112.3	high confidence set
Chr02	22	51184441	51184512	His	GTG	0	0	63.3	34.30	29.00	Inf	His	91.7	high confidence set
Chr02	23	52639136	52639207	iMet	CAT	0	0	58.3	28.10	30.20	Inf	iMet	118.7	high confidence set
Chr02	24	54077992	54078064	Arg	ACG	0	0	71.7	49.10	22.60	Inf	Arg	91.4	high confidence set
Chr02	25	54644579	54644652	Val	AAC	0	0	73.2	49.00	24.20	Inf	Val	95.8	high confidence set
Chr02	26	54976311	54976391	Leu	AAG	0	0	72.6	49.90	22.70	Inf	Leu	108.7	high confidence set
Chr02	27	55272666	55272737	Gln	TTG	0	0	73.5	53.70	19.80	Inf	Gln	104.8	high confidence set
Chr02	28	56032771	56032843	Ala	AGC	0	0	63.4	38.20	25.20	Inf	Ala	98.3	high confidence set
Chr02	30	56879742	56879814	Arg	ACG	0	0	72.9	50.30	22.60	Inf	Arg	91.8	high confidence set
Chr02	31	58160904	58160986	Leu	TAA	0	0	70.7	33.10	37.60	Inf	Leu	93.7	high confidence set
Chr02	32	59139399	59139469	Gly	GCC	0	0	66.5	44.80	21.70	Inf	Gly	94.4	high confidence set
Chr02	33	58477475	58477403	Val	TAC	0	0	78.2	43.80	34.40	Inf	Val	106.2	high confidence set
Chr02	34	58218489	58218408	Ser	GCT	0	0	80.5	45.20	35.30	Inf	Ser	109.5	high confidence set
Chr02	35	57661380	57661308	Lys	CTT	0	0	87.7	67.60	20.10	Inf	Lys	106.7	high confidence set
Chr02	36	57123885	57123813	Ala	TGC	0	0	69.1	43.30	25.80	Inf	Ala	101.9	high confidence set
Chr02	37	56656214	56656133	Ser	GCT	0	0	80.5	45.20	35.30	Inf	Ser	109.5	high confidence set
Chr02	38	56568895	56568812	Leu	CAA	0	0	81.0	54.60	26.40	Inf	Leu	125.6	high confidence set
Chr02	39	55519921	55519849	Lys	TTT	0	0	89.7	65.30	24.40	Inf	Lys	92.7	high confidence set
Chr02	40	52437663	52437590	Thr	AGT	0	0	76.0	48.40	27.60	Inf	Thr	90.6	high confidence set
Chr02	41	46054651	46054579	Ala	AGC	0	0	63.4	38.20	25.20	Inf	Ala	98.3	high confidence set
Chr02	42	45584524	45584451	Val	AAC	0	0	73.2	49.00	24.20	Inf	Val	95.8	high confidence set
Chr02	43	44861935	44861863	Lys	CTT	0	0	87.7	67.60	20.10	Inf	Lys	106.7	high confidence set
Chr02	44	42708099	42708028	His	GTG	0	0	63.0	33.70	29.30	Inf	His	86.8	high confidence set
Chr02	45	42503169	42503097	Lys	TTT	0	0	89.7	65.30	24.40	Inf	Lys	92.7	high confidence set
Chr02	46	42464987	42464916	Gly	TCC	0	0	71.0	46.70	24.30	Inf	Gly	82.3	high confidence set
Chr02	47	41965949	41965868	Ser	AGA	0	0	77.1	42.80	34.30	Inf	Ser	110.5	high confidence set
Chr02	49	37235172	37235100	Ala	CGC	0	0	68.2	44.00	24.20	Inf	Ala	95.8	high confidence set
Chr02	50	29237267	29237194	Ile	AAT	0	0	81.8	58.30	23.50	Inf	Ile	106.8	high confidence set
Chr02	51	22859438	22859366	Ala	AGC	0	0	63.4	38.20	25.20	Inf	Ala	98.3	high confidence set
Chr02	52	17965371	17965300	Asn	GTT	0	0	79.0	56.70	22.30	Inf	Asn	79.2	high confidence set
Chr02	55	6572265	6572194	Asp	GTC	0	0	69.8	46.80	23.00	Inf	Asp	94.5	high confidence set
Chr02	56	6174644	6174573	Thr	CGT	0	0	82.2	57.60	24.60	Inf	Thr	90.2	high confidence set
Chr02	57	5423598	5423526	Ala	AGC	0	0	63.4	38.20	25.20	Inf	Ala	98.3	high confidence set
Chr02	58	4572591	4572511	Leu	AAG	0	0	72.6	49.90	22.70	Inf	Leu	108.7	high confidence set
Chr02	60	481228	481148	Leu	AAG	0	0	72.6	49.90	22.70	Inf	Leu	108.7	high confidence set
Chr03	1	11295970	11296051	Ser	CGA	0	0	78.9	46.60	32.30	Inf	Ser	122.0	high confidence set
Chr03	2	13041341	13041413	Ala	TGC	0	0	63.7	38.60	25.10	Inf	Ala	96.5	high confidence set
Chr03	3	13363125	13363206	Ser	GCT	0	0	80.5	45.20	35.30	Inf	Ser	109.5	high confidence set
Chr03	4	17059264	17059344	Leu	AAG	0	0	74.0	52.20	21.80	Inf	Leu	110.4	high confidence set
Chr03	5	18492332	18492413	Ser	AGA	0	0	77.1	42.80	34.30	Inf	Ser	110.5	high confidence set
Chr03	9	29845094	29845166	Arg	CCG	0	0	67.8	49.10	18.70	Inf	Arg	93.5	high confidence set
Chr03	11	58299712	58299795	Leu	CAA	0	0	81.0	54.60	26.40	Inf	Leu	125.6	high confidence set
Chr03	12	58515530	58515611	Ser	CGA	0	0	78.9	46.60	32.30	Inf	Ser	122.0	high confidence set
Chr03	15	65704902	65704974	Ala	TGC	0	0	63.7	38.60	25.10	Inf	Ala	96.5	high confidence set
Chr03	17	66262782	66262863	Ser	GCT	0	0	52.7	36.90	15.80	Inf	Ser	77.3	high confidence set
Chr03	18	77021413	77021493	Leu	AAG	0	0	74.0	52.20	21.80	Inf	Leu	110.4	high confidence set
Chr03	19	79093961	79094042	Ser	AGA	0	0	77.8	43.40	34.40	Inf	Ser	110.9	high confidence set
Chr03	21	75379102	75379031	Pro	TGG	0	0	69.2	36.90	32.30	Inf	Pro	112.8	high confidence set
Chr03	22	74221521	74221449	Pro	TGG	0	0	56.4	34.70	21.70	Inf	Pro	99.7	high confidence set
Chr03	24	67538032	67537951	Ser	GCT	0	0	80.5	45.20	35.30	Inf	Ser	109.5	high confidence set
Chr03	26	65895115	65895034	Ser	GCT	0	0	80.5	45.20	35.30	Inf	Ser	109.5	high confidence set
Chr03	27	63725509	63725438	Asp	GTC	0	0	63.7	42.60	21.10	Inf	Asp	87.7	high confidence set
Chr03	28	58406890	58406818	Phe	GAA	0	0	78.3	58.40	19.90	Inf	Phe	113.2	high confidence set
Chr03	29	56974617	56974546	Gly	TCC	0	0	71.0	46.70	24.30	Inf	Gly	82.3	high confidence set
Chr03	31	26224081	26223998	Leu	CAA	0	0	80.5	54.00	26.50	Inf	Leu	128.6	high confidence set
Chr03	32	24144051	24143971	Leu	AAG	0	0	74.0	52.20	21.80	Inf	Leu	110.4	high confidence set
Chr03	33	18632080	18632008	Arg	CCT	0	0	69.1	50.30	18.80	Inf	Arg	81.2	high confidence set
Chr03	34	14770399	14770328	Pro	TGG	0	0	69.2	36.90	32.30	Inf	Pro	112.8	high confidence set
Chr03	35	14481107	14481035	Glu	CTC	0	0	79.2	53.50	25.70	Inf	Glu	98.6	high confidence set
Chr03	36	13917228	13917156	Lys	CTT	0	0	87.7	67.60	20.10	Inf	Lys	106.7	high confidence set
Chr04	1	4004408	4004480	Arg	TCT	0	0	70.6	50.50	20.10	Inf	Arg	100.1	high confidence set
Chr04	2	4174276	4174347	Gln	CTG	0	0	75.3	51.20	24.10	Inf	Gln	103.1	high confidence set
Chr04	3	4180426	4180497	Gln	CTG	0	0	74.7	50.50	24.20	Inf	Gln	100.9	high confidence set
Chr04	4	16704940	16705019	Leu	TAG	0	0	69.5	48.50	21.00	Inf	Leu	111.5	high confidence set
Chr04	6	30977820	30977892	Ala	CGC	0	0	68.3	44.10	24.20	Inf	Ala	99.2	high confidence set
Chr04	7	31821363	31821434	Thr	TGT	0	0	84.3	58.00	26.30	Inf	Thr	93.3	high confidence set
Chr04	8	31974441	31974514	Val	CAC	0	0	81.5	53.50	28.00	Inf	Val	103.7	high confidence set
Chr04	9	32748464	32748535	Gly	TCC	0	0	73.9	46.20	27.70	Inf	Gly	85.6	high confidence set
Chr04	10	33403035	33403107	Lys	CTT	0	0	86.8	66.60	20.20	Inf	Lys	107.7	high confidence set
Chr04	11	34782051	34782122	Gln	TTG	0	0	73.5	53.70	19.80	Inf	Gln	104.8	high confidence set
Chr04	12	35565016	35565100	Met	CAT	35565054	35565064	64.3	40.80	23.50	Inf	Met	104.0	high confidence set
Chr04	14	36342380	36342467	Tyr	GTA	36342417	36342431	70.7	39.50	31.20	Inf	Tyr	101.5	high confidence set
Chr04	15	36507784	36507856	Ala	AGC	0	0	63.4	38.20	25.20	Inf	Ala	98.3	high confidence set
Chr04	16	37067494	37067565	Gln	CTG	0	0	71.2	46.50	24.70	Inf	Gln	101.3	high confidence set
Chr04	19	35957895	35957825	Gly	GCC	0	0	66.5	44.80	21.70	Inf	Gly	94.4	high confidence set
Chr04	20	34781688	34781617	Trp	CCA	0	0	75.8	51.20	24.60	Inf	Trp	105.6	high confidence set
Chr04	22	31992905	31992834	Cys	GCA	0	0	82.1	59.90	22.20	Inf	Cys	106.6	high confidence set
Chr04	23	30380306	30380222	Met	CAT	30380268	30380258	64.3	40.80	23.50	Inf	Met	104.0	high confidence set
Chr04	25	20282766	20282694	Phe	GAA	0	0	78.3	58.40	19.90	Inf	Phe	113.2	high confidence set
Chr04	26	18576858	18576778	Leu	AAG	0	0	74.0	52.20	21.80	Inf	Leu	110.4	high confidence set
Chr04	27	17211966	17211894	Phe	GAA	0	0	78.3	58.40	19.90	Inf	Phe	113.2	high confidence set
Chr04	28	11817540	11817468	Val	TAC	0	0	78.2	43.80	34.40	Inf	Val	106.2	high confidence set
Chr04	29	11756674	11756602	Val	TAC	0	0	71.5	39.00	32.50	Inf	Val	101.2	high confidence set
Chr05	1	1696976	1697049	Val	CAC	0	0	81.5	53.50	28.00	Inf	Val	103.7	high confidence set
Chr05	2	1706131	1706202	Cys	GCA	0	0	82.1	59.90	22.20	Inf	Cys	106.6	high confidence set
Chr05	3	2092881	2092951	Gly	GCC	0	0	66.5	44.80	21.70	Inf	Gly	94.4	high confidence set
Chr05	4	2094457	2094527	Gly	GCC	0	0	66.5	44.80	21.70	Inf	Gly	94.4	high confidence set
Chr05	5	3305688	3305759	Trp	CCA	0	0	75.8	51.20	24.60	Inf	Trp	105.6	high confidence set
Chr05	6	3308928	3308999	Trp	CCA	0	0	75.8	51.20	24.60	Inf	Trp	105.6	high confidence set
Chr05	7	3312454	3312525	Trp	CCA	0	0	75.8	51.20	24.60	Inf	Trp	105.6	high confidence set
Chr05	11	7479582	7479655	Met	CAT	0	0	58.3	32.60	25.70	Inf	Thr	72.3	IPD:-52.90,isotype mismatch
Chr05	12	8154042	8154114	Ala	AGC	0	0	63.4	38.20	25.20	Inf	Ala	98.3	high confidence set
Chr05	13	8898526	8898597	iMet	CAT	0	0	58.3	28.10	30.20	Inf	iMet	118.7	high confidence set
Chr05	14	9176203	9176275	Ala	CGC	0	0	68.3	44.10	24.20	Inf	Ala	99.2	high confidence set
Chr05	15	14864276	14864349	Ile	GAT	0	0	59.4	42.10	17.30	Inf	Ile	76.4	high confidence set
Chr05	16	15448717	15448789	Glu	CTC	0	0	78.9	53.10	25.80	Inf	Glu	99.2	high confidence set
Chr05	21	66647838	66647917	Leu	TAG	0	0	69.5	48.50	21.00	Inf	Leu	111.5	high confidence set
Chr05	22	70016760	70016839	Leu	TAG	0	0	69.5	48.50	21.00	Inf	Leu	111.5	high confidence set
Chr05	25	73109644	73109571	Ile	AAT	0	0	79.3	55.80	23.50	Inf	Ile	104.3	high confidence set
Chr05	26	72495357	72495277	Leu	CAG	0	0	69.5	46.80	22.70	Inf	Leu	109.7	high confidence set
Chr05	28	70585249	70585178	Trp	CCA	0	0	75.8	51.20	24.60	Inf	Trp	105.6	high confidence set
Chr05	29	60969636	60969552	Met	CAT	60969598	60969588	56.3	32.90	23.40	Inf	Met	96.0	high confidence set
Chr05	31	51057036	51056964	Glu	CTC	0	0	64.3	48.40	15.90	Inf	Glu	79.9	high confidence set
Chr05	33	50696930	50696857	Ile	TAT	0	0	85.9	70.60	15.30	Inf	Ile	103.9	high confidence set
Chr05	34	9766056	9765986	Gly	CCC	0	0	66.0	29.20	36.80	Inf	Gly	87.4	high confidence set
Chr05	35	8772861	8772790	iMet	CAT	0	0	58.3	28.10	30.20	Inf	iMet	118.7	high confidence set
Chr05	39	5711816	5711745	Asp	GTC	0	0	69.8	46.80	23.00	Inf	Asp	95.8	high confidence set
Chr05	40	4356460	4356390	Gly	GCC	0	0	66.5	44.80	21.70	Inf	Gly	94.4	high confidence set
Chr05	42	4322713	4322643	Gly	GCC	0	0	66.5	44.80	21.70	Inf	Gly	94.4	high confidence set
Chr05	43	4317032	4316962	Gly	GCC	0	0	66.5	44.80	21.70	Inf	Gly	94.4	high confidence set
Chr05	44	3303459	3303388	Gln	TTG	0	0	76.8	57.10	19.70	Inf	Gln	105.3	high confidence set
Chr05	45	1720441	1720369	Glu	CTC	0	0	78.9	53.10	25.80	Inf	Glu	99.2	high confidence set
Chr05	46	1714832	1714760	Glu	CTC	0	0	78.9	53.10	25.80	Inf	Glu	99.2	high confidence set
Chr06	1	4727503	4727584	Ser	GCT	0	0	80.5	45.20	35.30	Inf	Ser	109.5	high confidence set
Chr06	2	5395562	5395646	Met	CAT	5395600	5395610	64.3	40.80	23.50	Inf	Met	104.0	high confidence set
Chr06	3	8063128	8063211	Leu	CAA	0	0	80.5	54.00	26.50	Inf	Leu	128.6	high confidence set
Chr06	4	10696635	10696707	Phe	GAA	0	0	78.3	58.40	19.90	Inf	Phe	113.2	high confidence set
Chr06	5	10701869	10701941	Phe	GAA	0	0	78.3	58.40	19.90	Inf	Phe	113.2	high confidence set
Chr06	6	13854021	13854092	iMet	CAT	0	0	58.3	28.10	30.20	Inf	iMet	118.7	high confidence set
Chr06	7	14762830	14762911	Ser	AGA	0	0	76.3	41.60	34.70	Inf	Ser	112.1	high confidence set
Chr06	8	16216332	16216405	Ile	TAT	0	0	81.7	63.20	18.50	Inf	Ile	100.7	high confidence set
Chr06	9	16601297	16601369	Glu	CTC	0	0	71.5	51.40	20.10	Inf	Glu	90.9	high confidence set
Chr06	10	16602794	16602866	Glu	CTC	0	0	78.9	53.10	25.80	Inf	Glu	99.2	high confidence set
Chr06	11	19869134	19869206	Arg	CCG	0	0	65.5	47.30	18.20	Inf	Arg	91.7	high confidence set
Chr06	12	20753488	20753559	Asp	GTC	0	0	67.1	44.10	23.00	Inf	Asp	97.2	high confidence set
Chr06	13	20754067	20754138	Asp	GTC	0	0	69.8	46.80	23.00	Inf	Asp	95.8	high confidence set
Chr06	14	21516601	21516674	Glu	CTC	0	0	74.4	49.40	25.00	Inf	Glu	91.2	high confidence set
Chr06	16	26297310	26297381	Trp	CCA	0	0	75.8	51.20	24.60	Inf	Trp	105.6	high confidence set
Chr06	17	31153559	31153631	Arg	CCT	0	0	69.1	50.30	18.80	Inf	Arg	81.2	high confidence set
Chr06	18	35278692	35278772	Leu	AAG	0	0	74.0	52.20	21.80	Inf	Leu	110.4	high confidence set
Chr06	19	35417328	35417413	Met	CAT	35417366	35417377	64.2	40.80	23.40	Inf	Met	104.0	high confidence set
Chr06	20	35417797	35417884	Tyr	GTA	35417834	35417848	74.4	42.90	31.50	Inf	Tyr	111.8	high confidence set
Chr06	21	40508130	40508211	Ser	AGA	0	0	77.1	42.80	34.30	Inf	Ser	110.5	high confidence set
Chr06	23	42238748	42238821	Arg	TCG	0	0	82.3	61.00	21.30	Inf	Arg	91.9	high confidence set
Chr06	25	45694989	45695061	Ala	AGC	0	0	63.4	38.20	25.20	Inf	Ala	98.3	high confidence set
Chr06	26	45870882	45870952	Gly	CCC	0	0	66.0	29.20	36.80	Inf	Gly	87.4	high confidence set
Chr06	27	46764897	46764968	Asp	GTC	0	0	69.8	46.80	23.00	Inf	Asp	95.8	high confidence set
Chr06	28	46765399	46765470	Asp	GTC	0	0	69.8	46.80	23.00	Inf	Asp	95.8	high confidence set
Chr06	29	47988631	47988702	Glu	TTC	0	0	70.5	45.30	25.20	Inf	Glu	97.5	high confidence set
Chr06	30	48569865	48569936	Gln	TTG	0	0	74.2	54.70	19.50	Inf	Gln	105.6	high confidence set
Chr06	31	56574556	56574637	Ser	GCT	0	0	80.5	45.20	35.30	Inf	Ser	109.5	high confidence set
Chr06	33	56349203	56349131	Arg	TCT	0	0	70.0	49.50	20.50	Inf	Arg	96.3	high confidence set
Chr06	34	50593274	50593203	Cys	GCA	0	0	82.1	59.90	22.20	Inf	Cys	106.6	high confidence set
Chr06	35	48569274	48569190	Met	CAT	48569236	48569226	64.3	40.80	23.50	Inf	Met	104.0	high confidence set
Chr06	36	48004061	48003990	Trp	CCA	0	0	75.8	51.20	24.60	Inf	Trp	105.6	high confidence set
Chr06	38	46772177	46772106	Trp	CCA	0	0	75.8	51.20	24.60	Inf	Trp	105.6	high confidence set
Chr06	39	46407776	46407705	Asp	GTC	0	0	69.8	46.80	23.00	Inf	Asp	94.5	high confidence set
Chr06	40	45961162	45961091	iMet	CAT	0	0	58.3	28.10	30.20	Inf	iMet	118.7	high confidence set
Chr06	41	44992984	44992903	Ser	AGA	0	0	76.3	41.60	34.70	Inf	Ser	112.1	high confidence set
Chr06	42	44855756	44855685	Gln	CTG	0	0	75.3	51.20	24.10	Inf	Gln	103.1	high confidence set
Chr06	43	42473305	42473224	Ser	CGA	0	0	78.9	46.60	32.30	Inf	Ser	122.0	high confidence set
Chr06	44	40508380	40508307	Asn	GTT	0	0	84.5	59.40	25.10	Inf	Asn	95.9	high confidence set
Chr06	45	39068945	39068856	Tyr	GTA	39068908	39068892	69.8	38.30	31.50	Inf	Tyr	108.3	high confidence set
Chr06	46	39067857	39067767	Tyr	GTA	39067820	39067803	74.3	42.80	31.50	Inf	Tyr	111.8	high confidence set
Chr06	47	37742325	37742254	Asp	GTC	0	0	67.1	44.10	23.00	Inf	Asp	97.2	high confidence set
Chr06	48	32576738	32576666	Ala	CGC	0	0	68.3	44.10	24.20	Inf	Ala	99.2	high confidence set
Chr06	49	30966760	30966688	Phe	GAA	0	0	78.3	58.40	19.90	Inf	Phe	113.2	high confidence set
Chr06	51	22089607	22089536	Glu	TTC	0	0	72.0	47.50	24.50	Inf	Glu	101.6	high confidence set
Chr06	52	22065749	22065666	Leu	CAA	0	0	81.0	54.60	26.40	Inf	Leu	125.6	high confidence set
Chr06	53	21503274	21503202	Glu	CTC	0	0	79.2	53.50	25.70	Inf	Glu	98.6	high confidence set
Chr06	54	5645901	5645829	Lys	CTT	0	0	87.7	67.60	20.10	Inf	Lys	106.7	high confidence set
Chr06	55	3578016	3577944	Ala	CGC	0	0	68.3	44.10	24.20	Inf	Ala	99.2	high confidence set
Chr06	56	2243584	2243512	Arg	CCT	0	0	69.1	50.30	18.80	Inf	Arg	81.2	high confidence set
Chr07	1	29275464	29275537	Ile	AAT	0	0	79.3	55.80	23.50	Inf	Ile	104.3	high confidence set
Chr07	2	30053060	30053131	Glu	TTC	0	0	70.5	45.30	25.20	Inf	Glu	97.5	high confidence set
Chr07	4	37495822	37495894	Lys	TTT	0	0	89.7	65.30	24.40	Inf	Lys	92.7	high confidence set
Chr07	5	45238432	45238503	Asp	GTC	0	0	67.1	44.10	23.00	Inf	Asp	97.2	high confidence set
Chr07	6	45349317	45349388	Thr	CGT	0	0	82.2	57.60	24.60	Inf	Thr	90.2	high confidence set
Chr07	7	45914614	45914686	Ala	AGC	0	0	63.4	38.20	25.20	Inf	Ala	98.3	high confidence set
Chr07	8	45914810	45914882	Ala	AGC	0	0	63.4	38.20	25.20	Inf	Ala	98.3	high confidence set
Chr07	9	47031862	47031935	Ile	AAT	0	0	79.3	55.80	23.50	Inf	Ile	104.3	high confidence set
Chr07	10	48369085	48369157	Val	TAC	0	0	71.5	39.00	32.50	Inf	Val	101.2	high confidence set
Chr07	11	49074171	49074242	Thr	TGT	0	0	73.7	46.80	26.90	Inf	Thr	86.5	high confidence set
Chr07	12	50297504	50297575	His	GTG	0	0	63.0	33.70	29.30	Inf	His	86.8	high confidence set
Chr07	13	50299009	50299081	Arg	CCG	0	0	82.8	60.80	22.00	Inf	Arg	84.0	high confidence set
Chr07	14	50541129	50541201	Lys	CTT	0	0	87.7	67.60	20.10	Inf	Lys	106.7	high confidence set
Chr07	15	50559600	50559672	Lys	TTT	0	0	89.7	65.30	24.40	Inf	Lys	92.7	high confidence set
Chr07	16	51258793	51258864	Pro	AGG	0	0	67.4	34.70	32.70	Inf	Pro	112.3	high confidence set
Chr07	17	52493507	52493580	Ile	AAT	0	0	81.8	58.30	23.50	Inf	Ile	106.8	high confidence set
Chr07	18	54440979	54441060	Ser	GCT	0	0	80.5	45.20	35.30	Inf	Ser	109.5	high confidence set
Chr07	19	53054377	53054304	Asn	GTT	0	0	84.5	59.40	25.10	Inf	Asn	95.9	high confidence set
Chr07	20	49060373	49060302	Pro	AGG	0	0	67.4	34.70	32.70	Inf	Pro	112.3	high confidence set
Chr07	21	48369649	48369559	Tyr	GTA	48369612	48369595	69.8	38.30	31.50	Inf	Tyr	108.3	high confidence set
Chr07	23	46339150	46339078	Ala	AGC	0	0	63.4	38.20	25.20	Inf	Ala	98.3	high confidence set
Chr07	24	46298207	46298135	Ala	AGC	0	0	53.1	31.00	22.10	Inf	Ala	90.6	high confidence set
Chr07	25	46265462	46265390	Ala	AGC	0	0	63.4	38.20	25.20	Inf	Ala	98.3	high confidence set
Chr07	27	37715532	37715460	Lys	CTT	0	0	87.7	67.60	20.10	Inf	Lys	106.7	high confidence set
Chr07	28	33850764	33850694	Gly	GCC	0	0	66.5	44.80	21.70	Inf	Gly	94.4	high confidence set
Chr07	29	33215516	33215444	Glu	CTC	0	0	78.9	53.10	25.80	Inf	Glu	99.2	high confidence set
Chr07	30	32898897	32898826	Pro	CGG	0	0	68.5	36.10	32.40	Inf	Pro	108.5	high confidence set
Chr07	31	32607531	32607459	Glu	CTC	0	0	78.9	53.10	25.80	Inf	Glu	99.2	high confidence set
Chr07	32	31203813	31203742	Gln	CTG	0	0	75.3	51.20	24.10	Inf	Gln	103.1	high confidence set
Chr07	35	23031647	23031575	Arg	TCT	0	0	64.3	46.90	17.40	Inf	Arg	91.3	high confidence set
Chr07	36	20534757	20534686	Asn	GTT	0	0	68.1	46.80	21.30	Inf	Asn	78.9	high confidence set
Chr07	37	6668405	6668332	Arg	TCG	0	0	81.9	60.40	21.50	Inf	Arg	92.9	high confidence set
Chr08	1	4495932	4496016	Met	CAT	4495970	4495980	64.3	40.80	23.50	Inf	Met	104.0	high confidence set
Chr08	2	10402978	10403059	Ser	TGA	0	0	80.7	46.10	34.60	Inf	Ser	119.7	high confidence set
Chr08	4	13434201	13434271	Gly	CCC	0	0	66.0	29.20	36.80	Inf	Gly	87.4	high confidence set
Chr08	5	13443459	13443529	Gly	CCC	0	0	66.0	29.20	36.80	Inf	Gly	87.4	high confidence set
Chr08	8	13768828	13768900	Arg	ACG	0	0	72.0	49.70	22.30	Inf	Arg	93.9	high confidence set
Chr08	9	14341722	14341795	Ile	AAT	0	0	81.8	58.30	23.50	Inf	Ile	106.8	high confidence set
Chr08	10	21661377	21661449	Arg	TCT	0	0	69.9	49.40	20.50	Inf	Arg	99.6	high confidence set
Chr08	11	22134661	22134733	Arg	TCT	0	0	69.9	49.40	20.50	Inf	Arg	99.6	high confidence set
Chr08	15	28317269	28317341	Ala	CGC	0	0	67.5	42.90	24.60	Inf	Ala	99.2	high confidence set
Chr08	16	29351475	29351546	iMet	CAT	0	0	58.3	28.10	30.20	Inf	iMet	118.7	high confidence set
Chr08	17	39414442	39414529	Tyr	GTA	39414479	39414493	69.9	38.40	31.50	Inf	Tyr	108.3	high confidence set
Chr08	18	46459199	46459272	Asn	GTT	0	0	83.6	57.90	25.70	Inf	Asn	94.5	high confidence set
Chr08	19	54725246	54725317	Thr	AGT	0	0	75.7	48.10	27.60	Inf	Thr	89.8	high confidence set
Chr08	22	63404607	63404680	Ile	AAT	0	0	72.7	49.20	23.50	Inf	Ile	99.2	high confidence set
Chr08	23	63419392	63419465	Asn	GTT	0	0	84.5	59.40	25.10	Inf	Asn	95.9	high confidence set
Chr08	24	63419601	63419674	Asn	GTT	0	0	80.0	54.90	25.10	Inf	Asn	93.1	high confidence set
Chr08	25	64090633	64090704	Gln	TTG	0	0	77.1	57.60	19.50	Inf	Gln	109.8	high confidence set
Chr08	26	68806346	68806417	Cys	GCA	0	0	82.1	59.90	22.20	Inf	Cys	106.6	high confidence set
Chr08	27	65587024	65586951	Val	AAC	0	0	73.2	49.00	24.20	Inf	Val	95.8	high confidence set
Chr08	28	65186116	65186036	Leu	AAG	0	0	72.6	49.90	22.70	Inf	Leu	108.7	high confidence set
Chr08	29	64090989	64090918	Glu	TTC	0	0	72.0	47.50	24.50	Inf	Glu	101.6	high confidence set
Chr08	30	60976599	60976529	Gly	CCC	0	0	66.0	29.20	36.80	Inf	Gly	87.4	high confidence set
Chr08	31	60751329	60751258	Asp	GTC	0	0	69.8	46.80	23.00	Inf	Asp	95.8	high confidence set
Chr08	32	60595302	60595232	Gly	CCC	0	0	66.0	29.20	36.80	Inf	Gly	87.4	high confidence set
Chr08	33	60055751	60055679	Ala	TGC	0	0	63.7	38.60	25.10	Inf	Ala	96.5	high confidence set
Chr08	35	55885384	55885314	Gly	GCC	0	0	66.5	44.80	21.70	Inf	Gly	94.4	high confidence set
Chr08	36	55705925	55705854	Gly	TCC	0	0	71.0	46.70	24.30	Inf	Gly	82.3	high confidence set
Chr08	40	40597637	40597565	Lys	CTT	0	0	87.7	67.60	20.10	Inf	Lys	106.7	high confidence set
Chr08	41	40597486	40597414	Lys	CTT	0	0	87.7	67.60	20.10	Inf	Lys	106.7	high confidence set
Chr08	46	32940004	32939932	Arg	ACG	0	0	72.9	50.30	22.60	Inf	Arg	91.8	high confidence set
Chr08	47	31830005	31829933	Ala	TGC	0	0	69.1	43.30	25.80	Inf	Ala	101.9	high confidence set
Chr08	48	31271739	31271667	Glu	CTC	0	0	78.9	53.10	25.80	Inf	Glu	99.2	high confidence set
Chr08	49	31270131	31270059	Glu	CTC	0	0	78.9	53.10	25.80	Inf	Glu	99.2	high confidence set
Chr08	51	18996868	18996797	Asp	GTC	0	0	69.8	46.80	23.00	Inf	Asp	95.8	high confidence set
Chr08	54	9760676	9760604	Lys	TTT	0	0	89.7	65.30	24.40	Inf	Lys	92.7	high confidence set
Chr08	55	8867125	8867053	Phe	GAA	0	0	78.3	58.40	19.90	Inf	Phe	113.2	high confidence set
Chr08	56	1690313	1690242	Thr	TGT	0	0	84.5	58.50	26.00	Inf	Thr	95.0	high confidence set
Chr09	3	6165397	6165477	Leu	AAG	0	0	74.0	52.20	21.80	Inf	Leu	110.4	high confidence set
Chr09	8	21527977	21528048	Pro	TGG	0	0	68.5	35.70	32.80	Inf	Pro	111.2	high confidence set
Chr09	9	21528856	21528927	Pro	AGG	0	0	67.4	34.70	32.70	Inf	Pro	112.3	high confidence set
Chr09	10	21529519	21529590	Pro	CGG	0	0	68.4	35.70	32.70	Inf	Pro	111.1	high confidence set
Chr09	11	21530297	21530368	Pro	TGG	0	0	68.5	35.70	32.80	Inf	Pro	111.2	high confidence set
Chr09	12	21531282	21531353	Pro	AGG	0	0	67.4	34.70	32.70	Inf	Pro	112.3	high confidence set
Chr09	13	21531997	21532068	Pro	CGG	0	0	68.4	35.70	32.70	Inf	Pro	111.1	high confidence set
Chr09	15	21534004	21534075	Pro	TGG	0	0	68.5	35.70	32.80	Inf	Pro	111.2	high confidence set
Chr09	16	21582505	21582578	Asn	GTT	0	0	83.9	58.50	25.40	Inf	Asn	97.4	high confidence set
Chr09	17	22745446	22745519	Val	CAC	0	0	81.5	53.50	28.00	Inf	Val	103.7	high confidence set
Chr09	18	23194884	23194957	Asn	GTT	0	0	83.9	58.50	25.40	Inf	Asn	97.4	high confidence set
Chr09	19	23853628	23853700	Glu	CTC	0	0	78.9	53.10	25.80	Inf	Glu	99.2	high confidence set
Chr09	20	27813546	27813617	Pro	TGG	0	0	68.5	35.70	32.80	Inf	Pro	111.2	high confidence set
Chr09	22	28505651	28505729	Cys	ACA	0	0	58.0	44.90	13.10	Inf	Ile	73.6	IPD:-34.30,isotype mismatch
Chr09	23	33533559	33533630	Glu	TTC	0	0	72.0	47.50	24.50	Inf	Glu	101.6	high confidence set
Chr09	24	33629524	33629597	Ile	AAT	0	0	81.8	58.30	23.50	Inf	Ile	106.8	high confidence set
Chr09	25	37668081	37668171	Tyr	GTA	37668118	37668135	74.3	42.80	31.50	Inf	Tyr	111.8	high confidence set
Chr09	26	38047140	38047069	Pro	TGG	0	0	68.5	35.70	32.80	Inf	Pro	111.2	high confidence set
Chr09	27	36100853	36100780	Val	AAC	0	0	73.2	49.00	24.20	Inf	Val	95.8	high confidence set
Chr09	29	34747022	34746949	Asn	GTT	0	0	83.9	58.50	25.40	Inf	Asn	97.4	high confidence set
Chr09	30	34382312	34382241	His	GTG	0	0	63.0	33.70	29.30	Inf	His	91.2	high confidence set
Chr09	31	34080211	34080141	Gly	GCC	0	0	66.5	44.80	21.70	Inf	Gly	94.4	high confidence set
Chr09	32	29896159	29896086	Asn	GTT	0	0	84.5	59.40	25.10	Inf	Asn	95.9	high confidence set
Chr09	35	28536099	28536028	Asn	GTT	0	0	75.1	52.10	23.00	Inf	Asn	81.9	high confidence set
Chr09	36	28535012	28534930	Tyr	GTA	0	0	63.3	45.30	18.00	Inf	Leu	70.0	IPD:-5.00,isotype mismatch
Chr09	37	28506430	28506359	Asn	GTT	0	0	76.1	53.10	23.00	Inf	Asn	83.1	high confidence set
Chr09	38	27106174	27106103	Pro	AGG	0	0	67.4	34.70	32.70	Inf	Pro	112.3	high confidence set
Chr09	39	26306707	26306627	Leu	AAG	0	0	72.6	49.90	22.70	Inf	Leu	108.7	high confidence set
Chr09	40	26296787	26296706	Ser	TGA	0	0	80.7	46.10	34.60	Inf	Ser	119.7	high confidence set
Chr09	41	24145481	24145411	Gly	GCC	0	0	66.5	44.80	21.70	Inf	Gly	94.4	high confidence set
Chr09	42	24144383	24144313	Gly	GCC	0	0	66.5	44.80	21.70	Inf	Gly	94.4	high confidence set
Chr09	43	23760458	23760387	Pro	CGG	0	0	68.5	36.10	32.40	Inf	Pro	108.5	high confidence set
Chr09	44	23398115	23398044	Glu	TTC	0	0	72.0	47.50	24.50	Inf	Glu	101.6	high confidence set
Chr09	45	22602913	22602841	Arg	CCT	0	0	69.1	50.30	18.80	Inf	Arg	81.2	high confidence set
Chr09	46	22548782	22548710	Arg	TCT	0	0	70.6	50.50	20.10	Inf	Arg	100.1	high confidence set
Chr09	47	20596875	20596804	Trp	CCA	0	0	75.8	51.20	24.60	Inf	Trp	105.6	high confidence set
Chr09	48	18766732	18766660	Arg	TCT	0	0	69.9	49.40	20.50	Inf	Arg	99.6	high confidence set
Chr09	51	5606572	5606500	Arg	CCT	0	0	69.1	50.30	18.80	Inf	Arg	81.2	high confidence set
Chr09	53	897752	897667	Met	CAT	897714	897703	64.2	40.70	23.50	Inf	Met	104.0	high confidence set
Chr10	1	1881504	1881576	Lys	CTT	0	0	87.7	67.60	20.10	Inf	Lys	106.7	high confidence set
Chr10	2	2543134	2543206	Arg	CCT	0	0	69.1	50.30	18.80	Inf	Arg	81.2	high confidence set
Chr10	3	3671200	3671292	Tyr	GTA	3671237	3671256	74.2	42.70	31.50	Inf	Tyr	111.8	high confidence set
Chr10	4	3758950	3759042	Tyr	GTA	3758987	3759006	74.2	42.70	31.50	Inf	Tyr	111.8	high confidence set
Chr10	5	4229302	4229373	Gly	TCC	0	0	74.1	46.70	27.40	Inf	Gly	84.2	high confidence set
Chr10	6	7213658	7213730	Ala	TGC	0	0	69.1	43.30	25.80	Inf	Ala	101.9	high confidence set
Chr10	7	8093537	8093618	Ser	GCT	0	0	80.5	45.20	35.30	Inf	Ser	109.5	high confidence set
Chr10	8	8297077	8297160	Leu	CAA	0	0	81.0	54.60	26.40	Inf	Leu	125.6	high confidence set
Chr10	9	11506446	11506518	Val	TAC	0	0	71.5	39.00	32.50	Inf	Val	101.2	high confidence set
Chr10	11	25245343	25245414	Asp	GTC	0	0	69.8	46.80	23.00	Inf	Asp	95.8	high confidence set
Chr10	12	25276430	25276503	Val	CAC	0	0	81.5	53.50	28.00	Inf	Val	103.7	high confidence set
Chr10	13	25837091	25837164	Val	AAC	0	0	73.2	49.00	24.20	Inf	Val	95.8	high confidence set
Chr10	14	25837249	25837322	Val	AAC	0	0	72.9	48.60	24.30	Inf	Val	93.8	high confidence set
Chr10	15	25838284	25838356	Cys	GCA	0	0	70.9	48.80	22.10	Inf	Cys	83.5	high confidence set
Chr10	16	26718506	26718578	Lys	TTT	0	0	80.3	61.50	18.80	Inf	Lys	78.3	high confidence set
Chr10	17	27758411	27758482	Pro	AGG	0	0	67.4	34.70	32.70	Inf	Pro	112.3	high confidence set
Chr10	18	28707174	28707255	Ser	TGA	0	0	80.7	46.10	34.60	Inf	Ser	119.7	high confidence set
Chr10	19	28914145	28914216	His	GTG	0	0	63.0	33.70	29.30	Inf	His	91.2	high confidence set
Chr10	20	29019291	29019361	Gly	GCC	0	0	66.5	44.80	21.70	Inf	Gly	94.4	high confidence set
Chr10	22	35191903	35191984	Ser	CGA	0	0	78.9	46.60	32.30	Inf	Ser	122.0	high confidence set
Chr10	23	35768037	35767956	Ser	AGA	0	0	76.3	41.60	34.70	Inf	Ser	112.1	high confidence set
Chr10	24	35001347	35001274	Ile	AAT	0	0	81.8	58.30	23.50	Inf	Ile	106.8	high confidence set
Chr10	26	30130754	30130683	Glu	TTC	0	0	72.0	47.50	24.50	Inf	Glu	101.6	high confidence set
Chr10	27	29997063	29996990	Ile	AAT	0	0	79.3	55.80	23.50	Inf	Ile	104.3	high confidence set
Chr10	28	29119630	29119558	Glu	CTC	0	0	78.9	53.10	25.80	Inf	Glu	99.2	high confidence set
Chr10	29	29019763	29019692	Pro	CGG	0	0	68.5	36.10	32.40	Inf	Pro	108.5	high confidence set
Chr10	30	27731623	27731550	Val	CAC	0	0	81.5	53.50	28.00	Inf	Val	103.7	high confidence set
Chr10	31	27622568	27622497	Asp	GTC	0	0	69.8	46.80	23.00	Inf	Asp	94.5	high confidence set
Chr10	32	26053189	26053116	Arg	TCG	0	0	82.3	61.00	21.30	Inf	Arg	91.9	high confidence set
Chr10	34	25734919	25734848	Gly	TCC	0	0	73.9	46.20	27.70	Inf	Gly	85.6	high confidence set
Chr10	35	25250924	25250843	Ser	AGA	0	0	78.1	41.50	36.60	Inf	Ser	111.8	high confidence set
Chr10	36	25247375	25247294	Ser	AGA	0	0	77.1	42.80	34.30	Inf	Ser	110.5	high confidence set
Chr10	37	24319839	24319766	Val	CAC	0	0	81.5	53.50	28.00	Inf	Val	103.7	high confidence set
Chr10	38	24316818	24316745	Ile	TAT	0	0	85.9	70.60	15.30	Inf	Ile	103.9	high confidence set
Chr10	39	23935066	23934996	Gly	GCC	0	0	66.5	44.80	21.70	Inf	Gly	94.4	high confidence set
Chr10	40	16227861	16227788	Asn	GTT	0	0	84.5	59.40	25.10	Inf	Asn	95.9	high confidence set
Chr10	41	15684585	15684505	Leu	CAG	0	0	69.5	46.80	22.70	Inf	Leu	109.7	high confidence set
Chr10	42	12184509	12184438	Pro	AGG	0	0	67.4	34.70	32.70	Inf	Pro	112.3	high confidence set
Chr10	44	9538959	9538888	Thr	TGT	0	0	79.3	49.30	30.00	Inf	Thr	92.3	high confidence set
Chr10	45	4229670	4229588	Leu	TAA	0	0	70.7	33.10	37.60	Inf	Leu	93.7	high confidence set
Chr10	46	607984	607913	His	GTG	0	0	63.0	33.70	29.30	Inf	His	86.8	high confidence set
Chr10	47	209760	209688	Lys	CTT	0	0	87.7	67.60	20.10	Inf	Lys	106.7	high confidence set
Chr10	48	97721	97649	Lys	TTT	0	0	89.7	65.30	24.40	Inf	Lys	92.7	high confidence set
Chr11	2	1913862	1913935	Val	AAC	0	0	70.8	46.50	24.30	Inf	Val	92.3	high confidence set
Chr11	3	3307525	3307596	Asp	GTC	0	0	59.3	40.80	18.50	Inf	Asp	89.2	high confidence set
Chr11	4	4199974	4200059	Met	CAT	4200012	4200023	64.2	40.70	23.50	Inf	Met	104.0	high confidence set
Chr11	5	5513690	5513775	Met	CAT	5513728	5513739	64.2	40.70	23.50	Inf	Met	104.0	high confidence set
Chr11	6	11180142	11180223	Ser	TGA	0	0	80.7	46.10	34.60	Inf	Ser	119.7	high confidence set
Chr11	7	11600642	11600713	Asp	GTC	0	0	67.1	44.10	23.00	Inf	Asp	97.2	high confidence set
Chr11	8	15672164	15672236	Arg	ACG	0	0	72.0	49.70	22.30	Inf	Arg	93.9	high confidence set
Chr11	9	25136031	25136103	Arg	CCT	0	0	69.1	50.30	18.80	Inf	Arg	81.2	high confidence set
Chr11	10	28283267	28283349	Leu	TAA	0	0	69.7	31.30	38.40	Inf	Leu	92.9	high confidence set
Chr11	11	29510218	29510299	Ser	TGA	0	0	80.7	46.10	34.60	Inf	Ser	119.7	high confidence set
Chr11	12	32759897	32759977	Leu	CAG	0	0	69.5	46.80	22.70	Inf	Leu	109.7	high confidence set
Chr11	13	32870956	32871029	Ile	AAT	0	0	81.8	58.30	23.50	Inf	Ile	106.8	high confidence set
Chr11	14	35159028	35159099	Thr	TGT	0	0	79.3	49.30	30.00	Inf	Thr	92.3	high confidence set
Chr11	15	35719997	35720068	Pro	TGG	0	0	68.5	35.70	32.80	Inf	Pro	111.2	high confidence set
Chr11	16	40190069	40190140	Pro	AGG	0	0	67.4	34.70	32.70	Inf	Pro	112.3	high confidence set
Chr11	18	42671176	42671247	Pro	TGG	0	0	68.5	35.70	32.80	Inf	Pro	111.2	high confidence set
Chr11	19	44306428	44306355	Val	AAC	0	0	73.2	49.00	24.20	Inf	Val	95.8	high confidence set
Chr11	20	42672403	42672332	Pro	AGG	0	0	67.4	34.70	32.70	Inf	Pro	112.3	high confidence set
Chr11	21	42024653	42024581	Phe	GAA	0	0	78.3	58.40	19.90	Inf	Phe	113.2	high confidence set
Chr11	22	41454028	41453958	Gly	GCC	0	0	66.5	44.80	21.70	Inf	Gly	94.4	high confidence set
Chr11	23	40542682	40542609	Val	AAC	0	0	63.2	43.40	19.80	Inf	Val	85.1	high confidence set
Chr11	24	39466648	39466577	His	GTG	0	0	63.0	33.70	29.30	Inf	His	86.8	high confidence set
Chr11	25	39258152	39258080	Lys	TTT	0	0	89.7	65.30	24.40	Inf	Lys	92.7	high confidence set
Chr11	26	33249962	33249891	Thr	CGT	0	0	81.9	56.90	25.00	Inf	Thr	89.8	high confidence set
Chr11	27	32756817	32756737	Leu	AAG	0	0	72.6	49.90	22.70	Inf	Leu	108.7	high confidence set
Chr11	28	31255655	31255582	Ile	AAT	0	0	66.0	48.40	17.60	Inf	Ile	90.1	high confidence set
Chr11	29	31003224	31003152	Phe	GAA	0	0	78.3	58.40	19.90	Inf	Phe	113.2	high confidence set
Chr11	30	28552587	28552515	Lys	TTT	0	0	81.3	63.40	17.90	Inf	Lys	84.0	high confidence set
Chr11	32	25325150	25325079	Cys	GCA	0	0	82.1	59.90	22.20	Inf	Cys	106.6	high confidence set
Chr11	33	25324017	25323946	Cys	GCA	0	0	82.1	59.90	22.20	Inf	Cys	105.1	high confidence set
Chr11	34	25322321	25322250	Cys	GCA	0	0	83.3	61.10	22.20	Inf	Cys	103.9	high confidence set
Chr11	35	25320400	25320329	Cys	GCA	0	0	72.1	55.50	16.60	Inf	Cys	94.4	high confidence set
Chr11	36	23961309	23961237	Ala	TGC	0	0	63.7	38.60	25.10	Inf	Ala	96.5	high confidence set
Chr11	37	10972092	10972020	Ala	AGC	0	0	63.4	38.20	25.20	Inf	Ala	98.3	high confidence set
Chr11	38	6642584	6642512	Phe	GAA	0	0	77.4	57.50	19.90	Inf	Phe	107.7	high confidence set
Chr11	39	2789890	2789819	iMet	CAT	0	0	58.3	28.10	30.20	Inf	iMet	118.7	high confidence set
scaffold_126	1	76262	76192	Gly	CCC	0	0	66.0	29.20	36.80	Inf	Gly	87.4	high confidence set
scaffold_237	1	15028	14947	Ser	AGA	0	0	71.9	38.10	33.80	Inf	Ser	106.7	high confidence set
scaffold_273	1	31058	31131	Phe	GAA	0	0	61.5	43.60	17.90	Inf	Tyr	71.1	IPD:-23.60,isotype mismatch
scaffold_273	2	31256	31330	Pro	TGG	0	0	62.8	32.80	30.00	Inf	Trp	73.3	IPD:-42.40,isotype mismatch
scaffold_410	1	19867	19795	Lys	CTT	0	0	86.8	66.60	20.20	Inf	Lys	107.7	high confidence set
scaffold_458	1	13485	13557	Arg	CCG	0	0	67.8	49.10	18.70	Inf	Arg	93.5	high confidence set
scaffold_814	1	2207	2280	Ile	AAT	0	0	81.8	58.30	23.50	Inf	Ile	106.8	high confidence set
scaffold_1219	1	4350	4423	Val	AAC	0	0	73.2	49.00	24.20	Inf	Val	95.8	high confidence set
scaffold_1477	1	6583	6512	Trp	CCA	0	0	75.8	51.20	24.60	Inf	Trp	105.6	high confidence set
scaffold_1594	1	3193	3115	Arg	ACG	0	0	56.9	43.90	13.00	Inf	Ile	72.6	IPD:-26.00,isotype mismatch
scaffold_1690	1	5640	5711	Cys	GCA	0	0	82.1	59.90	22.20	Inf	Cys	106.6	high confidence set
scaffold_1690	2	7601	7672	Cys	GCA	0	0	82.1	59.90	22.20	Inf	Cys	105.1	high confidence set
scaffold_1904	1	3910	3994	Met	CAT	3948	3958	64.3	40.80	23.50	Inf	Met	104.0	high confidence set
scaffold_1935	1	1880	1961	Ser	GCT	0	0	80.5	45.20	35.30	Inf	Ser	109.5	high confidence set
scaffold_2046	1	3012	3083	Pro	TGG	0	0	69.2	36.90	32.30	Inf	Pro	112.8	high confidence set
scaffold_2371	1	6255	6184	Asp	GTC	0	0	69.8	46.80	23.00	Inf	Asp	94.5	high confidence set
scaffold_2616	1	2952	3024	Lys	CTT	0	0	87.7	67.60	20.10	Inf	Lys	106.7	high confidence set
scaffold_2852	1	4520	4440	Leu	AAG	0	0	72.6	49.90	22.70	Inf	Leu	108.7	high confidence set
scaffold_3147	1	447	519	Lys	TTT	0	0	89.7	65.30	24.40	Inf	Lys	92.7	high confidence set
scaffold_3792	1	3022	2950	Phe	GAA	0	0	78.3	58.40	19.90	Inf	Phe	113.2	high confidence set
scaffold_4440	1	2836	2763	Ile	TAT	0	0	85.9	70.60	15.30	Inf	Ile	103.9	high confidence set
scaffold_4577	1	1694	1765	Gln	CTG	0	0	74.3	49.60	24.70	Inf	Gln	103.3	high confidence set
scaffold_4736	1	25	96	Pro	AGG	0	0	67.4	34.70	32.70	Inf	Pro	112.3	high confidence set
