Sequence   		tRNA    	Bounds  	tRNA	Anti	Intron Bounds	Inf	HMM	2'Str	Hit	Isotype	Isotype	      
Name       	tRNA#	Begin   	End     	Type	Codon	Begin	End	Score	Score	Score	Origin	CM	Score	Note
--------   	------	-----   	------  	----	-----	-----	----	------	-----	-----	------	-------	-------	------
scaffold_1	2	399208	399279	Asp	GTC	0	0	69.8	46.80	23.00	Inf	Asp	96.4	high confidence set
scaffold_1	3	1711618	1711689	Asp	GTC	0	0	68.2	45.60	22.60	Inf	Asp	90.4	high confidence set
scaffold_1	4	1823345	1823416	Val	CAC	0	0	58.4	33.80	24.60	Inf	Val	71.5	high confidence set
scaffold_1	5	2344626	2344697	His	GTG	0	0	63.3	34.30	29.00	Inf	His	87.4	high confidence set
scaffold_1	6	2362521	2362592	His	GTG	0	0	63.3	34.30	29.00	Inf	His	87.4	high confidence set
scaffold_1	7	2819999	2820072	Ile	AAT	0	0	81.8	58.30	23.50	Inf	Ile	106.8	high confidence set
scaffold_1	8	2821325	2821398	Ile	AAT	0	0	81.8	58.30	23.50	Inf	Ile	106.8	high confidence set
scaffold_1	10	2891698	2891769	iMet	CAT	0	0	58.3	28.10	30.20	Inf	iMet	118.7	high confidence set
scaffold_1	11	2912205	2912276	Pro	AGG	0	0	67.4	34.70	32.70	Inf	Pro	112.3	high confidence set
scaffold_1	12	3204721	3204792	iMet	CAT	0	0	58.3	28.10	30.20	Inf	iMet	118.7	high confidence set
scaffold_1	13	3415613	3415698	Tyr	GTA	3415650	3415662	74.5	43.00	31.50	Inf	Tyr	111.8	high confidence set
scaffold_1	14	5228633	5228704	Lys	TTT	0	0	89.8	66.10	23.70	Inf	Lys	92.7	high confidence set
scaffold_1	15	6660422	6660494	Glu	CTC	0	0	79.9	54.20	25.70	Inf	Glu	102.7	high confidence set
scaffold_1	16	7442717	7442790	Asn	GTT	0	0	80.3	55.20	25.10	Inf	Asn	91.9	high confidence set
scaffold_1	17	17598753	17598825	Arg	CCT	0	0	72.6	51.90	20.70	Inf	Arg	83.4	high confidence set
scaffold_1	18	18006536	18006609	Asn	GTT	0	0	84.5	59.40	25.10	Inf	Asn	95.9	high confidence set
scaffold_1	19	21727130	21727203	Asn	GTT	0	0	74.0	55.10	18.90	Inf	Asn	88.9	high confidence set
scaffold_1	20	23174359	23174438	Leu	TAG	0	0	69.5	48.50	21.00	Inf	Leu	111.5	high confidence set
scaffold_1	22	26449030	26449101	Ala	AGC	0	0	51.3	40.70	10.60	Inf	Ala	81.5	high confidence set
scaffold_1	23	26968232	26968304	Ala	AGC	0	0	63.4	38.20	25.20	Inf	Ala	98.3	high confidence set
scaffold_1	24	27330850	27330922	Lys	TTT	0	0	62.9	41.50	21.40	Inf	Thr	72.5	IPD:-45.10,isotype mismatch
scaffold_1	25	27331591	27331663	Lys	CTT	0	0	61.7	41.60	20.10	Inf	Thr	72.4	IPD:-47.30,isotype mismatch
scaffold_1	27	27990118	27990189	Cys	GCA	0	0	82.1	59.90	22.20	Inf	Cys	106.6	high confidence set
scaffold_1	29	28664196	28664125	Trp	CCA	0	0	75.8	51.20	24.60	Inf	Trp	105.6	high confidence set
scaffold_1	30	27571729	27571656	Val	AAC	0	0	72.9	48.60	24.30	Inf	Val	93.8	high confidence set
scaffold_1	31	27569823	27569744	Leu	TAG	0	0	69.5	48.50	21.00	Inf	Leu	111.5	high confidence set
scaffold_1	32	27165315	27165243	Phe	GAA	0	0	78.3	58.40	19.90	Inf	Phe	113.2	high confidence set
scaffold_1	33	26639984	26639904	Leu	AAG	0	0	74.0	52.20	21.80	Inf	Leu	110.4	high confidence set
scaffold_1	34	25792083	25792002	Ser	AGA	0	0	78.7	42.50	36.20	Inf	Ser	114.6	high confidence set
scaffold_1	35	25592106	25592034	Phe	GAA	0	0	63.7	45.90	17.80	Inf	Phe	98.2	high confidence set
scaffold_1	36	23690177	23690105	Ala	CGC	0	0	68.3	44.10	24.20	Inf	Ala	99.2	high confidence set
scaffold_1	37	21708629	21708557	Arg	CCT	0	0	69.1	50.30	18.80	Inf	Arg	81.2	high confidence set
scaffold_1	38	10934380	10934310	Gly	GCC	0	0	66.5	44.80	21.70	Inf	Gly	94.4	high confidence set
scaffold_1	39	10380087	10380016	Trp	CCA	0	0	72.9	51.10	21.80	Inf	Trp	101.6	high confidence set
scaffold_1	40	10009919	10009846	Val	TAC	0	0	71.2	47.20	24.00	Inf	Val	86.3	high confidence set
scaffold_1	41	10001071	10000998	Val	CAC	0	0	82.4	54.40	28.00	Inf	Val	103.7	high confidence set
scaffold_1	42	9193548	9193465	Met	CAT	9193510	9193501	64.3	40.80	23.50	Inf	Met	104.0	high confidence set
scaffold_1	43	8568639	8568567	Arg	ACG	0	0	71.7	49.10	22.60	Inf	Arg	91.4	high confidence set
scaffold_1	44	7615838	7615767	Glu	TTC	0	0	73.2	48.70	24.50	Inf	Glu	99.0	high confidence set
scaffold_1	45	6659019	6658948	Glu	TTC	0	0	73.2	48.70	24.50	Inf	Glu	99.0	high confidence set
scaffold_1	46	5554796	5554724	Arg	TCT	0	0	68.4	50.50	17.90	Inf	Arg	92.3	high confidence set
scaffold_1	47	4208731	4208649	Leu	TAA	0	0	69.7	31.30	38.40	Inf	Leu	92.9	high confidence set
scaffold_1	48	4042181	4042109	Arg	TCT	0	0	69.9	49.40	20.50	Inf	Arg	99.6	high confidence set
scaffold_1	49	2506842	2506769	Arg	TCG	0	0	82.3	61.00	21.30	Inf	Arg	91.9	high confidence set
scaffold_1	50	2334830	2334757	Val	AAC	0	0	72.9	48.60	24.30	Inf	Val	93.8	high confidence set
scaffold_1	51	2211797	2211725	Lys	CTT	0	0	86.8	66.60	20.20	Inf	Lys	107.7	high confidence set
scaffold_1	52	2153214	2153143	Lys	TTT	0	0	88.9	64.60	24.30	Inf	Lys	90.0	high confidence set
scaffold_1	53	1732174	1732104	Gly	GCC	0	0	66.5	44.80	21.70	Inf	Gly	94.4	high confidence set
scaffold_1	54	290672	290591	Ser	CGA	0	0	76.5	44.60	31.90	Inf	Ser	118.0	high confidence set
scaffold_2	1	279045	279130	Tyr	GTA	279082	279094	74.5	42.90	31.60	Inf	Tyr	111.8	high confidence set
scaffold_2	2	1532657	1532728	Asp	GTC	0	0	68.5	45.90	22.60	Inf	Asp	91.3	high confidence set
scaffold_2	3	1534164	1534237	Thr	AGT	0	0	66.6	39.00	27.60	Inf	Thr	81.6	high confidence set
scaffold_2	4	1536190	1536261	Asp	GTC	0	0	68.2	45.60	22.60	Inf	Asp	90.4	high confidence set
scaffold_2	5	1615778	1615849	Asp	GTC	0	0	68.2	45.60	22.60	Inf	Asp	90.4	high confidence set
scaffold_2	6	1617250	1617323	Thr	AGT	0	0	76.0	48.40	27.60	Inf	Thr	90.6	high confidence set
scaffold_2	7	1619158	1619229	Asp	GTC	0	0	61.1	38.50	22.60	Inf	Asp	83.4	high confidence set
scaffold_2	8	9463868	9463941	Val	AAC	0	0	71.9	47.60	24.30	Inf	Val	91.0	high confidence set
scaffold_2	9	10408917	10408989	Ala	AGC	0	0	52.1	35.60	16.50	Inf	Ala	85.5	high confidence set
scaffold_2	10	11028397	11028470	Ile	AAT	0	0	81.8	58.30	23.50	Inf	Ile	106.8	high confidence set
scaffold_2	11	12803369	12803451	Leu	TAA	0	0	68.4	29.10	39.30	Inf	Leu	90.1	high confidence set
scaffold_2	12	16122391	16122461	Gly	CCC	0	0	66.3	29.50	36.80	Inf	Gly	89.7	high confidence set
scaffold_2	13	16883530	16883611	Ser	TGA	0	0	80.7	46.10	34.60	Inf	Ser	119.7	high confidence set
scaffold_2	14	18065814	18065886	Phe	GAA	0	0	78.3	58.40	19.90	Inf	Phe	113.2	high confidence set
scaffold_2	15	18588649	18588721	Ala	TGC	0	0	70.0	45.30	24.70	Inf	Ala	100.6	high confidence set
scaffold_2	16	18632065	18632136	Cys	GCA	0	0	82.1	59.90	22.20	Inf	Cys	106.6	high confidence set
scaffold_2	17	18858883	18858956	Val	AAC	0	0	72.9	48.60	24.30	Inf	Val	93.8	high confidence set
scaffold_2	19	19839462	19839535	Val	CAC	0	0	82.4	54.40	28.00	Inf	Val	103.7	high confidence set
scaffold_2	20	20145350	20145430	Leu	AAG	0	0	74.0	52.20	21.80	Inf	Leu	110.4	high confidence set
scaffold_2	22	20860763	20860691	Glu	CTC	0	0	72.6	53.10	19.50	Inf	Glu	94.2	high confidence set
scaffold_2	24	20344866	20344793	Val	AAC	0	0	72.9	48.60	24.30	Inf	Val	93.8	high confidence set
scaffold_2	25	20118507	20118435	Lys	CTT	0	0	86.8	66.60	20.20	Inf	Lys	107.7	high confidence set
scaffold_2	26	19685084	19684998	Tyr	GTA	19685047	19685034	74.4	42.90	31.50	Inf	Tyr	111.8	high confidence set
scaffold_2	27	19683085	19682999	Tyr	GTA	19683048	19683035	74.4	42.90	31.50	Inf	Tyr	111.8	high confidence set
scaffold_2	28	19453516	19453433	Leu	CAA	0	0	80.5	54.00	26.50	Inf	Leu	128.6	high confidence set
scaffold_2	29	19001584	19001513	Gln	CTG	0	0	74.3	49.60	24.70	Inf	Gln	102.3	high confidence set
scaffold_2	30	18142963	18142891	Ala	TGC	0	0	70.0	45.30	24.70	Inf	Ala	100.6	high confidence set
scaffold_2	31	17286722	17286652	Gly	CCC	0	0	66.3	29.50	36.80	Inf	Gly	89.7	high confidence set
scaffold_2	32	17051082	17051011	Pro	AGG	0	0	67.4	34.70	32.70	Inf	Pro	112.3	high confidence set
scaffold_2	33	16607678	16607597	Ser	TGA	0	0	80.7	46.10	34.60	Inf	Ser	119.7	high confidence set
scaffold_2	34	16424911	16424840	Gln	TTG	0	0	73.5	53.70	19.80	Inf	Gln	104.8	high confidence set
scaffold_2	35	16124782	16124701	Ser	AGA	0	0	76.3	41.60	34.70	Inf	Ser	112.1	high confidence set
scaffold_2	38	13257996	13257924	Arg	ACG	0	0	71.7	49.10	22.60	Inf	Arg	91.4	high confidence set
scaffold_2	39	12213975	12213902	Asn	GTT	0	0	84.5	59.40	25.10	Inf	Asn	95.9	high confidence set
scaffold_2	40	11798752	11798680	Ala	AGC	0	0	63.4	38.20	25.20	Inf	Ala	98.3	high confidence set
scaffold_2	41	10778377	10778306	Thr	TGT	0	0	79.3	49.30	30.00	Inf	Thr	92.3	high confidence set
scaffold_2	42	10714072	10713999	Val	AAC	0	0	72.2	47.80	24.40	Inf	Val	98.2	high confidence set
scaffold_3	1	349642	349714	Ala	TGC	0	0	70.0	45.30	24.70	Inf	Ala	100.6	high confidence set
scaffold_3	2	964254	964326	Arg	ACG	0	0	61.8	43.40	18.40	Inf	Arg	81.6	high confidence set
scaffold_3	3	974059	974131	Arg	ACG	0	0	71.7	49.10	22.60	Inf	Arg	91.4	high confidence set
scaffold_3	4	2506930	2507003	Asn	GTT	0	0	80.3	55.20	25.10	Inf	Asn	91.9	high confidence set
scaffold_3	5	2575659	2575732	Asn	GTT	0	0	80.3	55.20	25.10	Inf	Asn	91.9	high confidence set
scaffold_3	6	2752957	2753030	Ile	AAT	0	0	79.3	55.80	23.50	Inf	Ile	104.3	high confidence set
scaffold_3	7	2915401	2915473	Ala	TGC	0	0	69.1	43.30	25.80	Inf	Ala	101.9	high confidence set
scaffold_3	8	3313434	3313506	Ala	AGC	0	0	63.4	38.20	25.20	Inf	Ala	98.3	high confidence set
scaffold_3	9	4044912	4044983	Thr	TGT	0	0	79.3	49.30	30.00	Inf	Thr	92.3	high confidence set
scaffold_3	11	4782504	4782577	Val	AAC	0	0	72.9	48.60	24.30	Inf	Val	93.8	high confidence set
scaffold_3	12	5383309	5383381	Arg	ACG	0	0	71.7	49.10	22.60	Inf	Arg	91.4	high confidence set
scaffold_3	13	5641305	5641378	Val	AAC	0	0	72.9	48.60	24.30	Inf	Val	93.8	high confidence set
scaffold_3	14	6130574	6130645	Lys	TTT	0	0	89.8	66.10	23.70	Inf	Lys	92.7	high confidence set
scaffold_3	15	6289532	6289605	Arg	TCG	0	0	81.9	60.40	21.50	Inf	Arg	92.9	high confidence set
scaffold_3	16	6482121	6482208	Met	CAT	6482159	6482172	64.1	40.70	23.40	Inf	Met	104.0	high confidence set
scaffold_3	17	6662473	6662544	Asp	GTC	0	0	68.2	45.60	22.60	Inf	Asp	90.4	high confidence set
scaffold_3	19	7152692	7152763	Pro	TGG	0	0	68.5	35.70	32.80	Inf	Pro	111.2	high confidence set
scaffold_3	20	7153197	7153268	Pro	TGG	0	0	68.5	35.70	32.80	Inf	Pro	111.2	high confidence set
scaffold_3	21	7153694	7153765	Pro	TGG	0	0	68.5	35.70	32.80	Inf	Pro	111.2	high confidence set
scaffold_3	23	7157745	7157816	Pro	AGG	0	0	62.9	30.20	32.70	Inf	Pro	106.4	high confidence set
scaffold_3	24	9496490	9496563	Ile	AAT	0	0	81.8	58.30	23.50	Inf	Ile	106.8	high confidence set
scaffold_3	25	9562525	9562598	Val	CAC	0	0	82.4	54.40	28.00	Inf	Val	103.7	high confidence set
scaffold_3	26	10606102	10606173	Gln	CTG	0	0	75.3	51.20	24.10	Inf	Gln	106.0	high confidence set
scaffold_3	27	11169472	11169565	Tyr	GTA	11169509	11169529	74.2	42.70	31.50	Inf	Tyr	111.8	high confidence set
scaffold_3	28	20149330	20149403	Asn	GTT	0	0	84.5	59.40	25.10	Inf	Asn	95.9	high confidence set
scaffold_3	29	20434507	20434580	Asn	GTT	0	0	84.5	59.40	25.10	Inf	Asn	95.9	high confidence set
scaffold_3	31	16940398	16940315	Leu	CAA	0	0	80.4	55.30	25.10	Inf	Leu	128.3	high confidence set
scaffold_3	32	11674498	11674427	Pro	CGG	0	0	68.5	36.10	32.40	Inf	Pro	105.9	high confidence set
scaffold_3	33	11509267	11509195	Glu	CTC	0	0	74.7	49.00	25.70	Inf	Glu	91.8	high confidence set
scaffold_3	34	10510480	10510409	Glu	TTC	0	0	73.2	48.70	24.50	Inf	Glu	99.0	high confidence set
scaffold_3	35	9562719	9562648	Trp	CCA	0	0	75.8	51.20	24.60	Inf	Trp	105.6	high confidence set
scaffold_3	36	9057027	9056955	Arg	TCT	0	0	70.6	50.50	20.10	Inf	Arg	100.1	high confidence set
scaffold_3	37	8798984	8798911	Thr	AGT	0	0	76.0	48.40	27.60	Inf	Thr	90.6	high confidence set
scaffold_3	38	6480176	6480104	Glu	CTC	0	0	79.9	54.20	25.70	Inf	Glu	102.7	high confidence set
scaffold_3	39	2984647	2984574	Ile	AAT	0	0	79.3	55.80	23.50	Inf	Ile	104.3	high confidence set
scaffold_3	40	2820788	2820716	Ala	TGC	0	0	69.1	43.30	25.80	Inf	Ala	101.9	high confidence set
scaffold_3	41	2415801	2415729	Ala	TGC	0	0	62.9	46.00	16.90	Inf	Ala	95.4	high confidence set
scaffold_3	42	1423559	1423478	Ser	TGA	0	0	80.7	46.00	34.70	Inf	Ser	111.5	high confidence set
scaffold_3	43	1198650	1198579	Gln	TTG	0	0	73.5	53.70	19.80	Inf	Gln	104.8	high confidence set
scaffold_3	44	1089559	1089487	Val	TAC	0	0	74.4	42.80	31.60	Inf	Val	102.6	high confidence set
scaffold_3	45	629740	629669	Gly	TCC	0	0	73.9	46.20	27.70	Inf	Gly	85.6	high confidence set
scaffold_3	46	383714	383633	Ser	GCT	0	0	79.0	43.10	35.90	Inf	Ser	108.6	high confidence set
scaffold_4	1	1452716	1452788	Glu	CTC	0	0	79.9	54.20	25.70	Inf	Glu	102.7	high confidence set
scaffold_4	2	4519021	4519112	Tyr	GTA	4519058	4519076	71.4	39.80	31.60	Inf	Tyr	110.3	high confidence set
scaffold_4	3	7507016	7507087	iMet	CAT	0	0	58.3	28.10	30.20	Inf	iMet	118.7	high confidence set
scaffold_4	4	10208462	10208542	Leu	AAG	0	0	74.0	52.20	21.80	Inf	Leu	110.4	high confidence set
scaffold_4	5	12553108	12553179	Gly	TCC	0	0	73.9	46.20	27.70	Inf	Gly	85.6	high confidence set
scaffold_4	6	12595489	12595570	Ser	GCT	0	0	79.0	43.10	35.90	Inf	Ser	108.6	high confidence set
scaffold_4	7	14219409	14219490	Ser	AGA	0	0	76.3	41.60	34.70	Inf	Ser	112.1	high confidence set
scaffold_4	9	19035917	19035989	Ala	TGC	0	0	61.1	44.30	16.80	Inf	Ala	89.0	high confidence set
scaffold_4	10	19333523	19333594	Asp	GTC	0	0	68.2	45.60	22.60	Inf	Asp	89.1	high confidence set
scaffold_4	11	19378100	19378171	Asp	GTC	0	0	68.2	45.60	22.60	Inf	Asp	90.4	high confidence set
scaffold_4	13	20352009	20352080	Gln	CTG	0	0	74.3	49.60	24.70	Inf	Gln	103.3	high confidence set
scaffold_4	14	19970511	19970440	iMet	CAT	0	0	58.3	28.10	30.20	Inf	iMet	118.7	high confidence set
scaffold_4	15	19549383	19549312	Thr	TGT	0	0	84.3	58.00	26.30	Inf	Thr	93.3	high confidence set
scaffold_4	16	19166608	19166528	Leu	AAG	0	0	72.6	49.90	22.70	Inf	Leu	108.7	high confidence set
scaffold_4	17	18326912	18326834	Leu	TAG	0	0	53.7	36.00	17.70	Inf	Leu	92.5	high confidence set
scaffold_4	20	17713300	17713229	Thr	TGT	0	0	83.5	56.90	26.60	Inf	Thr	94.3	high confidence set
scaffold_4	21	14444788	14444715	Asn	GTT	0	0	79.7	54.30	25.40	Inf	Asn	93.4	high confidence set
scaffold_4	22	14158051	14157970	Ser	AGA	0	0	76.3	41.60	34.70	Inf	Ser	112.1	high confidence set
scaffold_4	23	12738993	12738921	Arg	ACG	0	0	71.7	49.10	22.60	Inf	Arg	91.4	high confidence set
scaffold_4	24	9956957	9956884	Val	AAC	0	0	72.9	48.60	24.30	Inf	Val	93.8	high confidence set
scaffold_4	25	9230648	9230575	Ile	AAT	0	0	81.8	58.30	23.50	Inf	Ile	106.8	high confidence set
scaffold_4	26	8196047	8195966	Ser	AGA	0	0	75.7	42.10	33.60	Inf	Ser	105.7	high confidence set
scaffold_4	27	3667505	3667421	Met	CAT	3667467	3667457	64.2	40.80	23.40	Inf	Met	104.0	high confidence set
scaffold_4	28	3661463	3661379	Met	CAT	3661425	3661415	64.2	40.80	23.40	Inf	Met	104.0	high confidence set
scaffold_4	29	2448500	2448429	His	GTG	0	0	63.0	33.70	29.30	Inf	His	86.8	high confidence set
scaffold_5	1	259995	260068	Thr	AGT	0	0	76.0	48.40	27.60	Inf	Thr	90.6	high confidence set
scaffold_5	3	1247518	1247590	Arg	TCT	0	0	70.3	50.10	20.20	Inf	Arg	92.3	high confidence set
scaffold_5	4	9265567	9265639	Arg	ACG	0	0	71.7	49.10	22.60	Inf	Arg	91.4	high confidence set
scaffold_5	5	9891231	9891311	Ser	GCT	0	0	69.4	37.60	31.80	Inf	Ser	94.0	high confidence set
scaffold_5	6	11986555	11986628	Val	CAC	0	0	74.4	53.80	20.60	Inf	Val	95.4	high confidence set
scaffold_5	7	12778794	12778864	Gly	GCC	0	0	66.5	44.80	21.70	Inf	Gly	94.4	high confidence set
scaffold_5	8	13072733	13072804	Thr	TGT	0	0	79.1	49.50	29.60	Inf	Thr	87.2	high confidence set
scaffold_5	9	13292941	13293014	Val	AAC	0	0	72.9	48.60	24.30	Inf	Val	93.8	high confidence set
scaffold_5	10	14661233	14661323	Tyr	GTA	14661270	14661287	65.4	36.80	28.60	Inf	Tyr	95.8	high confidence set
scaffold_5	11	14760573	14760644	Val	TAC	0	0	56.2	18.40	37.80	Inf	Val	81.1	high confidence set
scaffold_5	12	14980697	14980778	Ser	GCT	0	0	80.5	45.20	35.30	Inf	Ser	109.5	high confidence set
scaffold_5	13	16945988	16946061	Ile	AAT	0	0	81.8	58.30	23.50	Inf	Ile	106.8	high confidence set
scaffold_5	14	18170281	18170353	Ala	CGC	0	0	67.5	42.90	24.60	Inf	Ala	99.2	high confidence set
scaffold_5	15	19533354	19533283	Ala	AGC	0	0	51.3	40.70	10.60	Inf	Ala	81.5	high confidence set
scaffold_5	16	19527837	19527766	Pro	CGG	0	0	68.5	36.10	32.40	Inf	Pro	108.5	high confidence set
scaffold_5	17	19345126	19345054	Thr	AGT	0	0	66.0	44.70	21.30	Inf	Thr	83.0	high confidence set
scaffold_5	18	19249928	19249857	Glu	TTC	0	0	73.2	48.70	24.50	Inf	Glu	99.0	high confidence set
scaffold_5	19	17993943	17993872	Ala	TGC	0	0	66.0	38.90	27.10	Inf	Ala	96.4	high confidence set
scaffold_5	21	17981207	17981135	Ala	TGC	0	0	69.1	43.30	25.80	Inf	Ala	101.9	high confidence set
scaffold_5	22	17980706	17980634	Ala	TGC	0	0	69.1	43.70	25.40	Inf	Ala	100.1	high confidence set
scaffold_5	23	16258353	16258283	Gly	GCC	0	0	66.5	44.80	21.70	Inf	Gly	94.4	high confidence set
scaffold_5	24	15998806	15998723	Leu	CAA	0	0	79.5	54.50	25.00	Inf	Leu	126.8	high confidence set
scaffold_5	25	15064198	15064116	Leu	TAA	0	0	76.3	38.10	38.20	Inf	Leu	100.0	high confidence set
scaffold_5	26	13913525	13913453	Lys	CTT	0	0	86.8	66.60	20.20	Inf	Lys	107.7	high confidence set
scaffold_5	27	13615903	13615831	Lys	CTT	0	0	86.8	66.60	20.20	Inf	Lys	107.7	high confidence set
scaffold_5	28	13441979	13441906	Arg	TCG	0	0	82.3	61.00	21.30	Inf	Arg	91.9	high confidence set
scaffold_5	29	13293246	13293175	Cys	GCA	0	0	82.1	59.90	22.20	Inf	Cys	106.6	high confidence set
scaffold_5	30	13252914	13252843	His	GTG	0	0	62.4	34.60	27.80	Inf	His	76.3	high confidence set
scaffold_5	31	13031237	13031166	Lys	TTT	0	0	89.8	66.10	23.70	Inf	Lys	92.7	high confidence set
scaffold_5	32	12164577	12164506	Gly	TCC	0	0	73.9	46.20	27.70	Inf	Gly	85.6	high confidence set
scaffold_5	33	10855084	10855012	Ala	AGC	0	0	57.7	32.40	25.30	Inf	Ala	90.8	high confidence set
scaffold_5	34	2169695	2169622	Ile	TAT	0	0	85.9	70.60	15.30	Inf	Ile	103.9	high confidence set
scaffold_5	35	1197958	1197887	Glu	TTC	0	0	72.0	47.50	24.50	Inf	Glu	101.6	high confidence set
scaffold_6	1	8379291	8379362	Gln	TTG	0	0	73.5	53.70	19.80	Inf	Gln	104.8	high confidence set
scaffold_6	2	10320258	10320330	Glu	CTC	0	0	74.4	48.60	25.80	Inf	Glu	96.7	high confidence set
scaffold_6	3	10604639	10604719	Leu	AAG	0	0	72.6	49.90	22.70	Inf	Leu	108.7	high confidence set
scaffold_6	4	10885340	10885411	Asp	GTC	0	0	68.2	45.60	22.60	Inf	Asp	90.4	high confidence set
scaffold_6	5	10911926	10911998	Lys	CTT	0	0	86.8	66.60	20.20	Inf	Lys	107.7	high confidence set
scaffold_6	6	11862306	11862378	Phe	GAA	0	0	78.3	58.40	19.90	Inf	Phe	113.2	high confidence set
scaffold_6	7	13358722	13358792	Gly	GCC	0	0	55.3	38.10	17.20	Inf	Gly	84.8	high confidence set
scaffold_6	8	13638662	13638747	Met	CAT	13638700	13638711	64.2	40.70	23.50	Inf	Met	104.0	high confidence set
scaffold_6	9	14111969	14112041	Lys	TTT	0	0	85.8	64.00	21.80	Inf	Lys	81.1	high confidence set
scaffold_6	10	14420604	14420675	Lys	TTT	0	0	86.9	63.20	23.70	Inf	Lys	90.6	high confidence set
scaffold_6	11	14974588	14974658	Gly	CCC	0	0	66.3	29.50	36.80	Inf	Gly	89.7	high confidence set
scaffold_6	12	15738551	15738623	Ala	TGC	0	0	69.1	43.30	25.80	Inf	Ala	101.9	high confidence set
scaffold_6	13	15806373	15806444	Pro	AGG	0	0	67.4	34.70	32.70	Inf	Pro	112.3	high confidence set
scaffold_6	15	17563526	17563598	Ala	CGC	0	0	68.3	44.10	24.20	Inf	Ala	99.2	high confidence set
scaffold_6	16	18270455	18270528	Val	CAC	0	0	82.4	54.40	28.00	Inf	Val	103.7	high confidence set
scaffold_6	17	18547640	18547720	Leu	AAG	0	0	74.0	52.20	21.80	Inf	Leu	110.4	high confidence set
scaffold_6	18	18709195	18709122	Val	AAC	0	0	72.9	48.60	24.30	Inf	Val	93.8	high confidence set
scaffold_6	19	17551327	17551256	Gln	CTG	0	0	74.3	49.60	24.70	Inf	Gln	106.1	high confidence set
scaffold_6	20	17520595	17520524	Trp	CCA	0	0	75.8	51.20	24.60	Inf	Trp	105.6	high confidence set
scaffold_6	21	16019981	16019911	Gly	CCC	0	0	66.3	29.50	36.80	Inf	Gly	89.7	high confidence set
scaffold_6	22	15432431	15432350	Ser	TGA	0	0	77.6	45.00	32.60	Inf	Ser	115.8	high confidence set
scaffold_6	23	15237957	15237886	Gln	TTG	0	0	73.5	53.70	19.80	Inf	Gln	104.8	high confidence set
scaffold_6	24	13815594	13815521	Val	AAC	0	0	72.9	48.60	24.30	Inf	Val	93.8	high confidence set
scaffold_6	25	12956339	12956259	Leu	CAG	0	0	69.5	46.80	22.70	Inf	Leu	109.7	high confidence set
scaffold_6	27	12172340	12172259	Ser	TGA	0	0	80.7	46.10	34.60	Inf	Ser	119.7	high confidence set
scaffold_6	28	12025765	12025694	Asp	GTC	0	0	68.2	45.60	22.60	Inf	Asp	89.1	high confidence set
scaffold_6	29	10528719	10528647	Lys	CTT	0	0	86.8	66.60	20.20	Inf	Lys	107.7	high confidence set
scaffold_6	30	9756998	9756927	Pro	TGG	0	0	68.5	35.70	32.80	Inf	Pro	111.2	high confidence set
scaffold_6	31	9570758	9570687	iMet	CAT	0	0	58.3	28.10	30.20	Inf	iMet	118.7	high confidence set
scaffold_7	1	3872019	3872090	Trp	CCA	0	0	75.8	51.20	24.60	Inf	Trp	105.6	high confidence set
scaffold_7	2	7843337	7843418	Ser	GCT	0	0	70.1	43.30	26.80	Inf	Ser	96.2	high confidence set
scaffold_7	3	13322124	13322194	Gly	GCC	0	0	66.5	44.80	21.70	Inf	Gly	94.4	high confidence set
scaffold_7	4	15473023	15473094	Asp	GTC	0	0	68.2	45.60	22.60	Inf	Asp	90.4	high confidence set
scaffold_7	6	15912506	15912578	Val	TAC	0	0	75.2	44.90	30.30	Inf	Val	100.3	high confidence set
scaffold_7	7	16509465	16509538	Ile	TAT	0	0	85.9	70.60	15.30	Inf	Ile	103.9	high confidence set
scaffold_7	8	16869657	16869729	Glu	CTC	0	0	74.7	49.00	25.70	Inf	Glu	96.2	high confidence set
scaffold_7	9	16996904	16996975	Glu	TTC	0	0	72.0	47.50	24.50	Inf	Glu	101.6	high confidence set
scaffold_7	10	17932650	17932721	His	GTG	0	0	63.0	33.70	29.30	Inf	His	87.1	high confidence set
scaffold_7	11	18898772	18898701	Thr	CGT	0	0	80.2	53.70	26.50	Inf	Thr	86.8	high confidence set
scaffold_7	13	18744681	18744608	Phe	GAA	0	0	61.5	43.60	17.90	Inf	Tyr	71.1	IPD:-23.60,isotype mismatch
scaffold_7	14	18744378	18744304	Pro	TGG	0	0	62.8	32.80	30.00	Inf	Trp	73.3	IPD:-42.40,isotype mismatch
scaffold_7	15	18595326	18595246	Leu	CAG	0	0	69.5	46.80	22.70	Inf	Leu	109.7	high confidence set
scaffold_7	16	16935249	16935178	Gly	TCC	0	0	73.9	46.20	27.70	Inf	Gly	85.6	high confidence set
scaffold_7	17	16828930	16828850	Leu	AAG	0	0	74.0	52.20	21.80	Inf	Leu	110.4	high confidence set
scaffold_7	18	16638843	16638773	Gly	GCC	0	0	66.5	44.80	21.70	Inf	Gly	94.4	high confidence set
scaffold_7	19	13958321	13958249	Phe	GAA	0	0	78.3	58.40	19.90	Inf	Phe	113.2	high confidence set
scaffold_7	20	13053044	13052971	Asn	GTT	0	0	83.9	58.50	25.40	Inf	Asn	97.4	high confidence set
scaffold_7	21	11237137	11237065	Arg	TCT	0	0	70.4	50.20	20.20	Inf	Arg	95.3	high confidence set
scaffold_7	22	3505652	3505571	Ser	TGA	0	0	80.7	46.10	34.60	Inf	Ser	119.7	high confidence set
scaffold_7	23	1648524	1648453	Lys	TTT	0	0	89.8	66.10	23.70	Inf	Lys	92.7	high confidence set
scaffold_8	2	383704	383776	Ala	TGC	0	0	70.0	45.30	24.70	Inf	Ala	100.6	high confidence set
scaffold_8	3	928681	928752	His	GTG	0	0	63.0	33.70	29.30	Inf	His	86.8	high confidence set
scaffold_8	4	1478653	1478723	Gly	CCC	0	0	66.3	29.50	36.80	Inf	Gly	89.7	high confidence set
scaffold_8	5	2850854	2850924	Gly	GCC	0	0	66.5	44.80	21.70	Inf	Gly	94.4	high confidence set
scaffold_8	6	4062368	4062449	Ser	AGA	0	0	77.1	42.80	34.30	Inf	Ser	110.5	high confidence set
scaffold_8	7	4101210	4101282	Lys	CTT	0	0	79.5	65.10	14.40	Inf	Lys	100.7	high confidence set
scaffold_8	8	4242989	4243060	iMet	CAT	0	0	58.3	28.10	30.20	Inf	iMet	118.7	high confidence set
scaffold_8	9	7301428	7301500	Ala	AGC	0	0	56.2	30.90	25.30	Inf	Ala	90.9	high confidence set
scaffold_8	10	7923519	7923592	Thr	AGT	0	0	76.0	48.40	27.60	Inf	Thr	90.6	high confidence set
scaffold_8	11	17530751	17530832	Ser	GCT	0	0	80.5	45.20	35.30	Inf	Ser	109.5	high confidence set
scaffold_8	12	10235344	10235271	Ile	TAT	0	0	85.9	70.60	15.30	Inf	Ile	103.9	high confidence set
scaffold_8	13	8554074	8554003	Glu	TTC	0	0	73.2	48.70	24.50	Inf	Glu	99.0	high confidence set
scaffold_8	14	6439174	6439102	Ala	TGC	0	0	69.1	43.30	25.80	Inf	Ala	101.9	high confidence set
scaffold_8	15	6413891	6413805	Met	CAT	6413853	6413841	64.2	40.70	23.50	Inf	Met	104.0	high confidence set
scaffold_8	16	5548044	5547974	Gly	GCC	0	0	66.5	44.80	21.70	Inf	Gly	94.4	high confidence set
scaffold_8	17	4545699	4545614	Met	CAT	4545661	4545650	64.2	40.70	23.50	Inf	Met	104.0	high confidence set
scaffold_8	18	2366981	2366911	Gly	GCC	0	0	66.5	44.80	21.70	Inf	Gly	94.4	high confidence set
scaffold_8	19	2365360	2365290	Gly	GCC	0	0	59.2	44.30	14.90	Inf	Gly	88.5	high confidence set
scaffold_8	20	2363839	2363769	Gly	GCC	0	0	66.5	44.80	21.70	Inf	Gly	94.4	high confidence set
scaffold_9	1	1672163	1672235	Glu	CTC	0	0	79.6	53.80	25.80	Inf	Glu	103.3	high confidence set
scaffold_9	2	1872546	1872628	Leu	CAA	0	0	62.1	39.10	23.00	Inf	Leu	105.1	high confidence set
scaffold_9	3	2204500	2204571	Glu	TTC	0	0	72.0	47.50	24.50	Inf	Glu	101.6	high confidence set
scaffold_9	4	4736177	4736260	Met	CAT	4736215	4736224	64.3	40.80	23.50	Inf	Met	104.0	high confidence set
scaffold_9	5	4796340	4796423	Met	CAT	4796378	4796387	64.3	40.80	23.50	Inf	Met	104.0	high confidence set
scaffold_9	8	7914831	7914902	Asp	GTC	0	0	69.8	46.80	23.00	Inf	Asp	94.5	high confidence set
scaffold_9	9	10749914	10749986	Glu	CTC	0	0	76.7	51.00	25.70	Inf	Glu	96.6	high confidence set
scaffold_9	11	10840088	10840016	Glu	CTC	0	0	74.7	49.00	25.70	Inf	Glu	96.2	high confidence set
scaffold_9	12	6488527	6488456	Gln	TTG	0	0	73.5	53.70	19.80	Inf	Gln	104.8	high confidence set
scaffold_9	13	5358025	5357954	Trp	CCA	0	0	75.8	51.20	24.60	Inf	Trp	105.6	high confidence set
scaffold_9	15	3466390	3466319	Pro	TGG	0	0	68.5	35.70	32.80	Inf	Pro	111.2	high confidence set
scaffold_9	16	2653298	2653226	Phe	GAA	0	0	78.3	58.40	19.90	Inf	Phe	113.2	high confidence set
scaffold_9	18	1899765	1899693	Phe	GAA	0	0	78.3	58.40	19.90	Inf	Phe	113.2	high confidence set
scaffold_9	19	837429	837350	Leu	TAG	0	0	69.5	48.50	21.00	Inf	Leu	111.5	high confidence set
scaffold_10	1	1320266	1320337	Cys	GCA	0	0	81.7	56.10	25.60	Inf	Cys	104.3	high confidence set
scaffold_10	4	10803106	10803179	Val	CAC	0	0	82.4	54.40	28.00	Inf	Val	103.7	high confidence set
scaffold_10	5	10826428	10826509	Ser	AGA	0	0	77.1	42.80	34.30	Inf	Ser	110.5	high confidence set
scaffold_10	6	11990232	11990305	Val	AAC	0	0	72.0	47.70	24.30	Inf	Val	93.8	high confidence set
scaffold_10	7	12001569	12001640	Cys	GCA	0	0	82.1	59.90	22.20	Inf	Cys	106.6	high confidence set
scaffold_10	8	12079907	12079978	His	GTG	0	0	63.3	34.30	29.00	Inf	His	87.4	high confidence set
scaffold_10	9	13965651	13965733	Leu	TAA	0	0	70.9	32.70	38.20	Inf	Leu	93.9	high confidence set
scaffold_10	10	14480606	14480677	Gly	TCC	0	0	73.9	46.20	27.70	Inf	Gly	85.6	high confidence set
scaffold_10	11	15246198	15246279	Ser	AGA	0	0	77.1	42.80	34.30	Inf	Ser	110.5	high confidence set
scaffold_10	12	16210424	16210495	Thr	CGT	0	0	82.2	57.60	24.60	Inf	Thr	90.2	high confidence set
scaffold_10	13	16777394	16777322	Ala	AGC	0	0	56.9	37.30	19.60	Inf	Ala	90.7	high confidence set
scaffold_10	14	16612271	16612199	Val	TAC	0	0	78.2	43.80	34.40	Inf	Val	106.2	high confidence set
scaffold_10	15	16270785	16270714	Pro	AGG	0	0	67.4	34.70	32.70	Inf	Pro	112.3	high confidence set
scaffold_10	16	14867216	14867144	Arg	CCT	0	0	72.6	51.90	20.70	Inf	Arg	83.4	high confidence set
scaffold_10	18	14022264	14022183	Ser	GCT	0	0	80.5	45.20	35.30	Inf	Ser	109.5	high confidence set
scaffold_10	19	12506920	12506848	Lys	CTT	0	0	86.8	66.60	20.20	Inf	Lys	107.7	high confidence set
scaffold_10	20	11966029	11965958	His	GTG	0	0	63.0	33.70	29.30	Inf	His	86.8	high confidence set
scaffold_10	21	11826390	11826319	Lys	TTT	0	0	89.8	66.10	23.70	Inf	Lys	92.7	high confidence set
scaffold_10	23	11014518	11014447	Gly	TCC	0	0	73.9	46.20	27.70	Inf	Gly	85.6	high confidence set
scaffold_10	24	9095011	9094940	Ala	AGC	0	0	51.3	40.70	10.60	Inf	Ala	81.5	high confidence set
scaffold_10	27	2280150	2280079	Asp	GTC	0	0	68.2	45.60	22.60	Inf	Asp	90.4	high confidence set
scaffold_10	28	304591	304519	Arg	CCG	0	0	65.5	47.30	18.20	Inf	Arg	91.7	high confidence set
scaffold_11	1	1150267	1150338	Pro	TGG	0	0	68.5	35.70	32.80	Inf	Pro	111.2	high confidence set
scaffold_11	2	1483433	1483516	Leu	CAA	0	0	79.5	54.50	25.00	Inf	Leu	126.8	high confidence set
scaffold_11	3	1493476	1493548	Lys	CTT	0	0	86.8	66.60	20.20	Inf	Lys	107.7	high confidence set
scaffold_11	4	1494492	1494564	Lys	CTT	0	0	86.8	66.60	20.20	Inf	Lys	107.7	high confidence set
scaffold_11	5	1495654	1495725	Trp	CCA	0	0	66.0	41.50	24.50	Inf	Trp	92.8	high confidence set
scaffold_11	6	2621375	2621446	Glu	TTC	0	0	72.0	47.50	24.50	Inf	Glu	101.6	high confidence set
scaffold_11	7	2841771	2841842	Trp	CCA	0	0	75.8	51.20	24.60	Inf	Trp	105.6	high confidence set
scaffold_11	8	2872330	2872403	Ile	AAT	0	0	73.3	54.90	18.40	Inf	Ile	100.4	high confidence set
scaffold_11	9	4384003	4384075	Arg	CCT	0	0	72.6	51.90	20.70	Inf	Arg	83.4	high confidence set
scaffold_11	10	4968530	4968601	Pro	AGG	0	0	67.4	34.70	32.70	Inf	Pro	112.3	high confidence set
scaffold_11	11	5713724	5713797	Thr	AGT	0	0	76.0	48.40	27.60	Inf	Thr	90.6	high confidence set
scaffold_11	14	13805682	13805611	Lys	TTT	0	0	89.8	66.10	23.70	Inf	Lys	92.7	high confidence set
scaffold_11	16	8103114	8103033	Ser	GCT	0	0	80.5	45.20	35.30	Inf	Ser	109.5	high confidence set
scaffold_11	17	7492184	7492112	Arg	CCT	0	0	69.1	50.30	18.80	Inf	Arg	81.2	high confidence set
scaffold_11	19	4869540	4869468	Lys	CTT	0	0	86.8	66.60	20.20	Inf	Lys	107.7	high confidence set
scaffold_11	20	4828258	4828187	Lys	TTT	0	0	89.8	66.10	23.70	Inf	Lys	92.7	high confidence set
scaffold_11	21	3381998	3381927	Pro	CGG	0	0	68.5	36.10	32.40	Inf	Pro	108.5	high confidence set
scaffold_11	22	3313790	3313719	Pro	CGG	0	0	68.5	36.10	32.40	Inf	Pro	108.5	high confidence set
scaffold_11	23	3231393	3231321	Glu	CTC	0	0	74.7	49.00	25.70	Inf	Glu	96.2	high confidence set
scaffold_11	24	2744710	2744637	Ile	AAT	0	0	84.9	58.30	26.60	Inf	Ile	109.3	high confidence set
scaffold_11	25	2574384	2574313	Gln	CTG	0	0	75.3	51.20	24.10	Inf	Gln	106.0	high confidence set
scaffold_11	26	2351988	2351915	Thr	AGT	0	0	76.0	48.40	27.60	Inf	Thr	90.6	high confidence set
scaffold_11	27	2096261	2096181	Leu	AAG	0	0	74.0	52.20	21.80	Inf	Leu	110.4	high confidence set
scaffold_11	28	88171	88088	Leu	CAA	0	0	80.4	55.30	25.10	Inf	Leu	128.3	high confidence set
scaffold_12	1	9511393	9511465	Phe	GAA	0	0	78.3	58.40	19.90	Inf	Phe	113.2	high confidence set
scaffold_12	3	10756295	10756379	Met	CAT	10756333	10756343	64.2	40.80	23.40	Inf	Met	104.0	high confidence set
scaffold_12	4	11248747	11248818	Trp	CCA	0	0	75.8	51.20	24.60	Inf	Trp	105.6	high confidence set
scaffold_12	5	13073545	13073616	Pro	TGG	0	0	68.5	35.70	32.80	Inf	Pro	111.2	high confidence set
scaffold_12	6	13197595	13197667	Ala	CGC	0	0	68.3	44.10	24.20	Inf	Ala	99.2	high confidence set
scaffold_12	8	14186724	14186796	Ala	AGC	0	0	63.4	38.20	25.20	Inf	Ala	98.3	high confidence set
scaffold_12	9	14889914	14889985	Trp	CCA	0	0	75.8	51.20	24.60	Inf	Trp	105.6	high confidence set
scaffold_12	10	15048875	15048954	Leu	TAG	0	0	59.5	47.70	11.80	Inf	Leu	96.2	high confidence set
scaffold_12	12	13045901	13045830	Glu	TTC	0	0	72.0	47.50	24.50	Inf	Glu	101.6	high confidence set
scaffold_12	15	11746580	11746496	Met	CAT	11746542	11746532	64.3	40.80	23.50	Inf	Met	104.0	high confidence set
scaffold_12	16	11724413	11724321	Tyr	GTA	11724376	11724357	74.2	42.70	31.50	Inf	Tyr	111.8	high confidence set
scaffold_12	17	11246210	11246138	Arg	TCT	0	0	68.1	50.00	18.10	Inf	Arg	96.3	high confidence set
scaffold_13	1	277643	277715	Arg	CCG	0	0	67.8	49.10	18.70	Inf	Arg	93.5	high confidence set
scaffold_13	2	718277	718348	Asp	GTC	0	0	69.8	46.80	23.00	Inf	Asp	95.8	high confidence set
scaffold_13	3	2492390	2492471	Ser	CGA	0	0	78.9	46.60	32.30	Inf	Ser	122.0	high confidence set
scaffold_13	4	3453583	3453653	Gly	GCC	0	0	66.5	44.80	21.70	Inf	Gly	94.4	high confidence set
scaffold_13	5	3686999	3687072	Arg	TCG	0	0	82.3	61.00	21.30	Inf	Arg	91.9	high confidence set
scaffold_13	6	6152084	6152155	Pro	TGG	0	0	69.2	36.90	32.30	Inf	Pro	112.8	high confidence set
scaffold_13	7	14643364	14643435	Asp	GTC	0	0	68.2	45.60	22.60	Inf	Asp	89.1	high confidence set
scaffold_13	8	8961117	8961046	Asp	GTC	0	0	68.2	45.60	22.60	Inf	Asp	90.4	high confidence set
scaffold_13	11	5698240	5698159	Ser	GCT	0	0	80.5	45.20	35.30	Inf	Ser	109.5	high confidence set
scaffold_13	12	4726852	4726781	Pro	TGG	0	0	69.2	36.90	32.30	Inf	Pro	112.8	high confidence set
scaffold_13	13	3348758	3348677	Ser	GCT	0	0	80.5	45.20	35.30	Inf	Ser	109.5	high confidence set
scaffold_13	15	578210	578138	Arg	CCT	0	0	72.6	51.90	20.70	Inf	Arg	83.4	high confidence set
scaffold_14	2	9869298	9869369	Gln	TTG	0	0	73.5	53.70	19.80	Inf	Gln	104.8	high confidence set
scaffold_14	3	10195127	10195199	Lys	CTT	0	0	86.8	66.60	20.20	Inf	Lys	107.7	high confidence set
scaffold_14	4	10834888	10834959	Pro	TGG	0	0	68.5	35.70	32.80	Inf	Pro	111.2	high confidence set
scaffold_14	5	10966669	10966740	iMet	CAT	0	0	58.3	28.10	30.20	Inf	iMet	118.7	high confidence set
scaffold_14	6	12445724	12445796	Phe	GAA	0	0	66.5	46.90	19.60	Inf	Phe	76.8	high confidence set
scaffold_14	7	12898090	12898170	Leu	CAG	0	0	69.5	46.80	22.70	Inf	Leu	109.7	high confidence set
scaffold_14	8	13083713	13083796	Leu	CAA	0	0	79.5	54.50	25.00	Inf	Leu	126.8	high confidence set
scaffold_14	9	13104431	13104514	Leu	CAA	0	0	79.5	54.50	25.00	Inf	Leu	126.8	high confidence set
scaffold_14	10	13435221	13435293	Phe	GAA	0	0	78.3	58.40	19.90	Inf	Phe	113.2	high confidence set
scaffold_14	11	13643123	13643052	Gly	TCC	0	0	73.9	46.20	27.70	Inf	Gly	85.6	high confidence set
scaffold_14	12	12134093	12134022	His	GTG	0	0	63.1	33.80	29.30	Inf	His	88.5	high confidence set
scaffold_14	13	11555018	11554947	Gln	TTG	0	0	73.5	53.70	19.80	Inf	Gln	104.8	high confidence set
scaffold_14	14	8299330	8299258	Phe	GAA	0	0	78.3	58.40	19.90	Inf	Phe	113.2	high confidence set
scaffold_14	15	8057288	8057217	Asp	GTC	0	0	59.2	42.10	17.10	Inf	Asp	85.3	high confidence set
scaffold_14	16	5764426	5764345	Ser	GCT	0	0	80.5	45.20	35.30	Inf	Ser	109.5	high confidence set
scaffold_15	1	951403	951475	Ala	AGC	0	0	63.4	38.20	25.20	Inf	Ala	98.3	high confidence set
scaffold_15	2	1276048	1276130	Leu	TAA	0	0	68.4	29.10	39.30	Inf	Leu	90.1	high confidence set
scaffold_15	3	1549874	1549945	Gln	CTG	0	0	74.3	49.60	24.70	Inf	Gln	103.3	high confidence set
scaffold_15	4	1588087	1588168	Ser	CGA	0	0	62.4	35.80	26.60	Inf	Ser	88.1	high confidence set
scaffold_15	5	1625254	1625335	Ser	CGA	0	0	66.9	47.00	19.90	Inf	Ser	102.5	high confidence set
scaffold_15	7	1674181	1674263	Ser	CGA	0	0	59.7	33.70	26.00	Inf	Ser	86.0	high confidence set
scaffold_15	8	1713308	1713389	Ser	CGA	0	0	59.6	41.20	18.40	Inf	Ser	96.7	high confidence set
scaffold_15	9	13435818	13435901	Leu	CAA	0	0	69.1	53.60	15.50	Inf	Leu	111.3	high confidence set
scaffold_15	10	13598710	13598782	Phe	GAA	0	0	78.3	58.40	19.90	Inf	Phe	113.2	high confidence set
scaffold_15	12	12300614	12300543	Thr	CGT	0	0	82.2	57.60	24.60	Inf	Thr	90.2	high confidence set
scaffold_15	13	4582649	4582578	Thr	TGT	0	0	84.5	58.50	26.00	Inf	Thr	95.0	high confidence set
scaffold_15	14	1557178	1557107	Cys	GCA	0	0	82.1	59.90	22.20	Inf	Cys	106.6	high confidence set
scaffold_15	15	1168037	1167966	iMet	CAT	0	0	58.3	28.10	30.20	Inf	iMet	118.7	high confidence set
scaffold_15	16	1166113	1166042	iMet	CAT	0	0	58.3	28.10	30.20	Inf	iMet	118.7	high confidence set
scaffold_15	17	1050045	1049974	Gly	TCC	0	0	73.9	46.20	27.70	Inf	Gly	85.6	high confidence set
scaffold_15	18	1039747	1039676	Gly	TCC	0	0	73.9	46.20	27.70	Inf	Gly	85.6	high confidence set
scaffold_15	19	664825	664754	Thr	TGT	0	0	84.3	58.00	26.30	Inf	Thr	93.3	high confidence set
scaffold_15	20	567710	567639	Asp	GTC	0	0	68.2	45.60	22.60	Inf	Asp	90.4	high confidence set
scaffold_16	2	2135945	2136016	Gly	TCC	0	0	73.9	46.20	27.70	Inf	Gly	85.6	high confidence set
scaffold_16	4	2251939	2252010	Gly	TCC	0	0	73.9	46.20	27.70	Inf	Gly	85.6	high confidence set
scaffold_16	5	2338033	2338113	Leu	AAG	0	0	74.0	52.20	21.80	Inf	Leu	110.4	high confidence set
scaffold_16	6	2469970	2470040	Gly	GCC	0	0	66.5	44.80	21.70	Inf	Gly	94.4	high confidence set
scaffold_16	7	3347994	3348065	Asp	GTC	0	0	68.2	45.60	22.60	Inf	Asp	90.4	high confidence set
scaffold_16	8	3363849	3363922	Asn	GTT	0	0	80.3	55.20	25.10	Inf	Asn	91.9	high confidence set
scaffold_16	9	4233066	4233158	Tyr	GTA	4233103	4233122	74.2	42.70	31.50	Inf	Tyr	111.8	high confidence set
scaffold_16	10	5856967	5857038	Cys	GCA	0	0	82.1	59.90	22.20	Inf	Cys	106.6	high confidence set
scaffold_16	11	5902658	5902730	Arg	CCG	0	0	80.4	58.30	22.10	Inf	Arg	84.6	high confidence set
scaffold_16	12	6510953	6511024	Thr	TGT	0	0	79.3	49.30	30.00	Inf	Thr	92.3	high confidence set
scaffold_16	13	8971829	8971909	Leu	AAG	0	0	63.8	48.20	15.60	Inf	Leu	102.0	high confidence set
scaffold_16	14	9120946	9121026	Leu	AAG	0	0	74.0	52.20	21.80	Inf	Leu	110.4	high confidence set
scaffold_16	15	12333803	12333875	Arg	TCT	0	0	68.1	50.00	18.10	Inf	Arg	96.3	high confidence set
scaffold_16	16	7487633	7487561	Lys	CTT	0	0	86.8	66.60	20.20	Inf	Lys	107.7	high confidence set
scaffold_16	17	7423764	7423693	Lys	TTT	0	0	89.8	66.10	23.70	Inf	Lys	92.7	high confidence set
scaffold_16	18	7079846	7079775	Pro	AGG	0	0	67.4	34.70	32.70	Inf	Pro	112.3	high confidence set
scaffold_16	19	5911522	5911451	Pro	AGG	0	0	67.4	34.70	32.70	Inf	Pro	112.3	high confidence set
scaffold_16	20	3408478	3408407	Asp	GTC	0	0	54.2	42.50	11.70	Inf	Asp	78.9	high confidence set
scaffold_16	21	3241914	3241843	Gln	CTG	0	0	75.3	51.20	24.10	Inf	Gln	106.0	high confidence set
scaffold_16	22	3051235	3051163	Val	TAC	0	0	77.8	43.10	34.70	Inf	Val	103.1	high confidence set
scaffold_16	23	2315773	2315701	Glu	CTC	0	0	74.7	49.00	25.70	Inf	Glu	96.2	high confidence set
scaffold_17	1	214907	214979	Arg	ACG	0	0	71.7	49.10	22.60	Inf	Arg	91.4	high confidence set
scaffold_17	2	477296	477368	Glu	CTC	0	0	74.4	48.60	25.80	Inf	Glu	96.7	high confidence set
scaffold_17	3	704464	704537	Ile	AAT	0	0	81.8	58.30	23.50	Inf	Ile	106.8	high confidence set
scaffold_17	4	1623683	1623754	Glu	TTC	0	0	73.2	48.70	24.50	Inf	Glu	99.0	high confidence set
scaffold_17	5	2197428	2197499	Trp	CCA	0	0	75.8	51.20	24.60	Inf	Trp	105.6	high confidence set
scaffold_17	6	2644628	2644700	Arg	TCT	0	0	68.4	50.50	17.90	Inf	Arg	92.3	high confidence set
scaffold_17	7	6912962	6913035	Asn	GTT	0	0	80.3	55.20	25.10	Inf	Asn	91.9	high confidence set
scaffold_17	9	10721812	10721883	His	GTG	0	0	63.0	33.70	29.30	Inf	His	86.8	high confidence set
scaffold_17	10	10721894	10721984	Tyr	GTA	10721931	10721948	74.2	42.70	31.50	Inf	Tyr	110.5	high confidence set
scaffold_17	13	11681053	11680962	Tyr	GTA	11681016	11680998	74.2	42.70	31.50	Inf	Tyr	111.8	high confidence set
scaffold_17	15	6874535	6874465	Gly	GCC	0	0	66.5	44.80	21.70	Inf	Gly	94.4	high confidence set
scaffold_17	16	4655201	4655129	Ala	CGC	0	0	68.3	44.10	24.20	Inf	Ala	99.2	high confidence set
scaffold_17	17	4598061	4597989	Arg	CCT	0	0	72.6	51.90	20.70	Inf	Arg	83.4	high confidence set
scaffold_17	18	1622627	1622555	Glu	CTC	0	0	79.9	54.20	25.70	Inf	Glu	102.7	high confidence set
scaffold_17	20	1565021	1564948	Ile	TAT	0	0	85.9	70.60	15.30	Inf	Ile	103.9	high confidence set
scaffold_17	21	1537845	1537774	Gln	CTG	0	0	75.3	51.20	24.10	Inf	Gln	106.0	high confidence set
scaffold_17	22	1490756	1490684	Glu	CTC	0	0	79.9	54.20	25.70	Inf	Glu	102.7	high confidence set
scaffold_17	23	1448629	1448556	Asn	GTT	0	0	79.7	54.30	25.40	Inf	Asn	93.4	high confidence set
scaffold_17	24	1177357	1177286	His	GTG	0	0	63.1	33.80	29.30	Inf	His	88.5	high confidence set
scaffold_17	25	788158	788086	Glu	TTC	0	0	71.6	47.10	24.50	Inf	Glu	93.0	high confidence set
scaffold_17	26	635665	635592	Asn	GTT	0	0	80.3	55.20	25.10	Inf	Asn	91.9	high confidence set
scaffold_17	27	401507	401436	Pro	CGG	0	0	68.5	36.10	32.40	Inf	Pro	108.5	high confidence set
scaffold_18	1	1739165	1739236	Cys	GCA	0	0	81.7	56.10	25.60	Inf	Cys	104.3	high confidence set
scaffold_18	2	3809424	3809497	Ile	AAT	0	0	81.8	58.30	23.50	Inf	Ile	106.8	high confidence set
scaffold_18	4	11141556	11141629	Ile	AAT	0	0	81.8	58.30	23.50	Inf	Ile	106.8	high confidence set
scaffold_18	5	11299915	11299986	Thr	CGT	0	0	82.2	57.60	24.60	Inf	Thr	90.2	high confidence set
scaffold_18	6	11456943	11457016	Asn	GTT	0	0	71.6	51.00	20.60	Inf	Asn	81.4	high confidence set
scaffold_18	7	12476562	12476490	Ala	AGC	0	0	63.4	38.20	25.20	Inf	Ala	98.3	high confidence set
scaffold_18	9	12212876	12212796	Leu	CAG	0	0	69.5	46.80	22.70	Inf	Leu	109.7	high confidence set
scaffold_18	10	12121568	12121488	Leu	CAG	0	0	69.5	46.80	22.70	Inf	Leu	109.7	high confidence set
scaffold_18	11	12082131	12082059	Val	TAC	0	0	52.4	24.80	27.60	Inf	Val	79.0	high confidence set
scaffold_18	12	11457289	11457218	Pro	AGG	0	0	67.4	34.70	32.70	Inf	Pro	112.3	high confidence set
scaffold_18	13	10878998	10878918	Leu	CAG	0	0	68.4	45.70	22.70	Inf	Leu	107.6	high confidence set
scaffold_18	14	9556854	9556781	Asn	GTT	0	0	80.3	55.20	25.10	Inf	Asn	91.9	high confidence set
scaffold_18	15	2870488	2870417	Ala	AGC	0	0	51.3	40.70	10.60	Inf	Ala	81.5	high confidence set
scaffold_18	16	1953428	1953355	Val	AAC	0	0	63.1	41.10	22.00	Inf	Val	85.5	high confidence set
scaffold_19	1	164553	164625	Arg	CCG	0	0	67.8	49.10	18.70	Inf	Arg	93.5	high confidence set
scaffold_19	2	1399219	1399291	Arg	ACG	0	0	69.2	46.60	22.60	Inf	Arg	86.2	high confidence set
scaffold_19	4	2243654	2243735	Ser	AGA	0	0	77.1	42.80	34.30	Inf	Ser	110.5	high confidence set
scaffold_19	5	4889601	4889672	Pro	TGG	0	0	68.0	36.90	31.10	Inf	Pro	108.5	high confidence set
scaffold_19	6	5711119	5711190	Asp	GTC	0	0	61.3	38.70	22.60	Inf	Asp	83.1	high confidence set
scaffold_19	7	11401235	11401152	Leu	CAA	0	0	79.5	54.50	25.00	Inf	Leu	126.8	high confidence set
scaffold_19	9	6897326	6897253	Arg	TCG	0	0	82.3	61.00	21.30	Inf	Arg	91.9	high confidence set
scaffold_19	11	2050904	2050823	Ser	GCT	0	0	80.5	45.20	35.30	Inf	Ser	109.5	high confidence set
scaffold_19	12	1092693	1092610	Leu	CAA	0	0	79.5	54.50	25.00	Inf	Leu	126.8	high confidence set
scaffold_19	13	978144	978063	Ser	CGA	0	0	78.9	46.60	32.30	Inf	Ser	122.0	high confidence set
scaffold_19	14	744708	744628	Leu	AAG	0	0	74.0	52.20	21.80	Inf	Leu	110.4	high confidence set
scaffold_20	1	88723	88796	Ile	AAT	0	0	81.8	58.30	23.50	Inf	Ile	106.8	high confidence set
scaffold_20	2	5028095	5028166	Lys	TTT	0	0	88.9	64.60	24.30	Inf	Lys	90.0	high confidence set
scaffold_20	3	5228419	5228490	Lys	TTT	0	0	80.3	56.40	23.90	Inf	Lys	81.7	high confidence set
scaffold_20	4	6999643	6999731	Tyr	GTA	6999680	6999695	74.3	42.80	31.50	Inf	Tyr	111.8	high confidence set
scaffold_20	5	10663901	10663972	Cys	GCA	0	0	82.1	59.90	22.20	Inf	Cys	106.6	high confidence set
scaffold_20	7	10507530	10507457	Val	AAC	0	0	72.9	48.60	24.30	Inf	Val	93.8	high confidence set
scaffold_20	8	10324094	10324022	Phe	GAA	0	0	78.3	58.40	19.90	Inf	Phe	113.2	high confidence set
scaffold_20	9	9642253	9642172	Ser	AGA	0	0	76.3	41.60	34.70	Inf	Ser	112.1	high confidence set
scaffold_20	10	8941800	8941727	Ile	TAT	0	0	85.9	70.60	15.30	Inf	Ile	103.9	high confidence set
scaffold_21	1	823773	823844	Lys	TTT	0	0	89.8	66.10	23.70	Inf	Lys	92.7	high confidence set
scaffold_21	2	879903	879832	Lys	TTT	0	0	92.3	68.60	23.70	Inf	Lys	97.5	high confidence set
scaffold_21	3	44892	44819	Arg	TCG	0	0	81.9	60.40	21.50	Inf	Arg	92.9	high confidence set
scaffold_22	1	21685	21765	Leu	AAG	0	0	74.0	52.20	21.80	Inf	Leu	110.4	high confidence set
scaffold_22	2	789131	789204	Val	CAC	0	0	82.4	54.40	28.00	Inf	Val	103.7	high confidence set
scaffold_22	3	805982	805901	Ser	TGA	0	0	80.7	46.10	34.60	Inf	Ser	119.7	high confidence set
scaffold_25	1	743858	743939	Ser	CGA	0	0	78.9	46.60	32.30	Inf	Ser	122.0	high confidence set
scaffold_25	2	835605	835532	Ile	AAT	0	0	81.8	58.30	23.50	Inf	Ile	106.8	high confidence set
scaffold_25	3	684873	684803	Gly	GCC	0	0	66.5	44.80	21.70	Inf	Gly	94.4	high confidence set
scaffold_26	1	110305	110376	Pro	TGG	0	0	68.5	35.70	32.80	Inf	Pro	111.2	high confidence set
scaffold_26	3	781633	781706	Thr	AGT	0	0	75.0	46.80	28.20	Inf	Thr	89.8	high confidence set
scaffold_26	4	30999	30928	Pro	TGG	0	0	64.0	31.20	32.80	Inf	Pro	105.3	high confidence set
scaffold_27	1	209233	209306	Thr	AGT	0	0	75.0	46.80	28.20	Inf	Thr	89.8	high confidence set
scaffold_27	2	716577	716506	Pro	TGG	0	0	68.5	35.70	32.80	Inf	Pro	111.2	high confidence set
scaffold_29	1	260261	260334	Arg	TCG	0	0	81.9	60.40	21.50	Inf	Arg	92.9	high confidence set
scaffold_36	1	184045	183973	Phe	GAA	0	0	78.3	58.40	19.90	Inf	Phe	113.2	high confidence set
scaffold_47	1	120360	120289	Gln	TTG	0	0	73.5	53.70	19.80	Inf	Gln	104.8	high confidence set
scaffold_50	1	6650	6722	Ile	AAT	0	0	55.7	38.10	17.60	Inf	Ile	83.7	high confidence set
scaffold_62	2	127748	127677	His	GTG	0	0	60.1	33.60	26.50	Inf	His	81.1	high confidence set
scaffold_62	3	127666	127576	Tyr	GTA	127629	127612	74.2	42.70	31.50	Inf	Tyr	110.5	high confidence set
scaffold_65	1	113329	113401	Arg	CCT	0	0	72.6	51.90	20.70	Inf	Arg	83.4	high confidence set
scaffold_80	1	96766	96838	Arg	ACG	0	0	71.7	49.10	22.60	Inf	Arg	91.4	high confidence set
scaffold_106	1	7057	7128	Gly	TCC	0	0	73.9	46.20	27.70	Inf	Gly	85.6	high confidence set
scaffold_106	2	74422	74350	Glu	CTC	0	0	66.7	41.00	25.70	Inf	Glu	88.8	high confidence set
scaffold_110	1	64834	64905	Gln	CTG	0	0	74.3	49.60	24.70	Inf	Gln	103.3	high confidence set
scaffold_110	2	70755	70684	Cys	GCA	0	0	82.1	59.90	22.20	Inf	Cys	106.6	high confidence set
scaffold_122	1	51268	51195	Ile	AAT	0	0	79.3	55.80	23.50	Inf	Ile	104.3	high confidence set
scaffold_141	3	25505	25578	Trp	CCA	0	0	70.1	43.00	27.10	Inf	Thr	71.6	IPD:-17.70,isotype mismatch
scaffold_159	1	6876	6803	Arg	TCG	0	0	82.3	61.00	21.30	Inf	Arg	91.9	high confidence set
scaffold_306	1	17272	17189	Leu	CAA	0	0	79.5	54.50	25.00	Inf	Leu	126.8	high confidence set
scaffold_321	1	8727	8654	Ile	AAT	0	0	73.3	54.90	18.40	Inf	Ile	100.4	high confidence set
scaffold_336	1	600	671	Asp	GTC	0	0	67.8	44.80	23.00	Inf	Asp	92.9	high confidence set
scaffold_390	1	13076	13154	Arg	ACG	0	0	58.0	44.90	13.10	Inf	Ile	73.7	IPD:-23.30,isotype mismatch
scaffold_408	1	3587	3667	Undet	NNN	0	0	53.5	31.40	22.10	Inf	Ser	91.7	undetermined isotype
scaffold_451	1	5405	5332	Arg	TCG	0	0	82.3	61.00	21.30	Inf	Arg	91.9	high confidence set
contig_582	1	426047	426127	Leu	CAG	0	0	69.5	46.80	22.70	Inf	Leu	109.7	high confidence set
contig_596	1	56101	56028	Val	AAC	0	0	72.9	48.60	24.30	Inf	Val	93.8	high confidence set
contig_599	1	194406	194335	Gln	TTG	0	0	73.5	53.70	19.80	Inf	Gln	104.8	high confidence set
contig_599	2	86438	86366	Val	TAC	0	0	74.4	42.80	31.60	Inf	Val	102.6	high confidence set
contig_601	1	45625	45718	Tyr	GTA	45662	45682	74.2	42.70	31.50	Inf	Tyr	111.8	high confidence set
contig_602	1	147721	147791	Gly	GCC	0	0	66.5	44.80	21.70	Inf	Gly	94.4	high confidence set
contig_608	1	119798	119708	Tyr	GTA	119761	119744	74.3	42.80	31.50	Inf	Tyr	111.8	high confidence set
contig_609	1	165116	165043	Val	AAC	0	0	72.9	48.60	24.30	Inf	Val	93.8	high confidence set
contig_615	1	162827	162756	Pro	TGG	0	0	68.5	35.70	32.80	Inf	Pro	111.2	high confidence set
contig_616	1	21326	21397	Gln	TTG	0	0	73.5	53.70	19.80	Inf	Gln	104.8	high confidence set
contig_630	1	110298	110368	Gly	CCC	0	0	66.3	29.50	36.80	Inf	Gly	89.7	high confidence set
contig_636	1	63578	63507	Glu	TTC	0	0	51.0	39.40	11.60	Inf	Glu	76.1	high confidence set
contig_637	1	45942	46015	Val	CAC	0	0	82.4	54.40	28.00	Inf	Val	103.7	high confidence set
contig_641	1	46064	46148	Met	CAT	46102	46112	64.2	40.80	23.40	Inf	Met	104.0	high confidence set
contig_641	2	49503	49587	Met	CAT	49541	49551	64.2	40.80	23.40	Inf	Met	104.0	high confidence set
contig_645	1	25868	25941	Thr	AGT	0	0	75.0	46.80	28.20	Inf	Thr	89.8	high confidence set
contig_650	1	20486	20396	Tyr	GTA	20449	20432	74.3	42.80	31.50	Inf	Tyr	111.8	high confidence set
contig_655	1	54242	54170	Glu	CTC	0	0	74.7	49.00	25.70	Inf	Glu	91.8	high confidence set
contig_658	1	95684	95756	Val	TAC	0	0	78.2	43.80	34.40	Inf	Val	106.2	high confidence set
contig_659	1	125940	125869	Gln	CTG	0	0	74.3	49.60	24.70	Inf	Gln	102.3	high confidence set
contig_663	1	73139	73230	Tyr	GTA	73176	73194	74.2	42.70	31.50	Inf	Tyr	111.8	high confidence set
contig_663	2	84551	84621	Gly	GCC	0	0	66.5	44.80	21.70	Inf	Gly	94.4	high confidence set
contig_668	1	30657	30576	Ser	GCT	0	0	79.0	43.10	35.90	Inf	Ser	108.6	high confidence set
contig_685	1	36122	36195	Ile	AAT	0	0	81.8	58.30	23.50	Inf	Ile	106.8	high confidence set
contig_697	1	57285	57214	Thr	TGT	0	0	79.3	49.30	30.00	Inf	Thr	92.3	high confidence set
contig_705	1	40631	40559	Ala	AGC	0	0	52.1	35.60	16.50	Inf	Ala	85.5	high confidence set
contig_711	1	33581	33653	Phe	GAA	0	0	68.3	50.80	17.50	Inf	Phe	105.1	high confidence set
contig_719	1	11760	11688	Arg	CCG	0	0	67.8	49.10	18.70	Inf	Arg	93.5	high confidence set
contig_722	1	83898	83969	Cys	GCA	0	0	82.1	59.90	22.20	Inf	Cys	106.6	high confidence set
contig_735	1	87731	87811	Leu	AAG	0	0	72.6	49.90	22.70	Inf	Leu	108.7	high confidence set
contig_735	2	9572	9500	Lys	CTT	0	0	86.8	66.60	20.20	Inf	Lys	107.7	high confidence set
contig_736	1	93598	93671	Asn	GTT	0	0	84.5	59.40	25.10	Inf	Asn	95.9	high confidence set
contig_751	1	20325	20406	Ser	GCT	0	0	80.5	45.20	35.30	Inf	Ser	109.5	high confidence set
contig_775	1	26584	26513	Ala	TGC	0	0	66.0	38.90	27.10	Inf	Ala	96.4	high confidence set
contig_775	3	13848	13776	Ala	TGC	0	0	69.1	43.30	25.80	Inf	Ala	101.9	high confidence set
contig_775	4	13346	13274	Ala	TGC	0	0	69.1	43.70	25.40	Inf	Ala	100.1	high confidence set
contig_780	1	74980	75052	Phe	GAA	0	0	66.5	46.90	19.60	Inf	Phe	76.8	high confidence set
contig_783	1	5476	5403	Asn	GTT	0	0	84.5	59.40	25.10	Inf	Asn	95.9	high confidence set
contig_798	1	67765	67692	Thr	AGT	0	0	76.0	48.40	27.60	Inf	Thr	90.6	high confidence set
contig_809	1	68023	68108	Tyr	GTA	68060	68072	74.5	43.00	31.50	Inf	Tyr	111.8	high confidence set
contig_814	1	20903	20974	Thr	TGT	0	0	79.1	49.50	29.60	Inf	Thr	87.2	high confidence set
contig_831	1	3053	2972	Ser	TGA	0	0	80.7	46.10	34.60	Inf	Ser	119.7	high confidence set
contig_840	1	20256	20185	Asp	GTC	0	0	54.2	42.50	11.70	Inf	Asp	78.9	high confidence set
contig_846	1	4285	4358	Asn	GTT	0	0	84.5	59.40	25.10	Inf	Asn	95.9	high confidence set
contig_871	1	42301	42372	Gln	TTG	0	0	73.5	53.70	19.80	Inf	Gln	104.8	high confidence set
contig_884	1	67136	67065	Pro	TGG	0	0	69.2	36.90	32.30	Inf	Pro	112.8	high confidence set
contig_892	1	47867	47938	Lys	TTT	0	0	89.8	66.10	23.70	Inf	Lys	92.7	high confidence set
contig_901	1	22221	22293	Lys	CTT	0	0	86.8	66.60	20.20	Inf	Lys	107.7	high confidence set
contig_926	1	34550	34621	His	GTG	0	0	63.3	34.30	29.00	Inf	His	87.4	high confidence set
contig_926	2	51528	51599	His	GTG	0	0	63.3	34.30	29.00	Inf	His	87.4	high confidence set
contig_926	3	24754	24681	Val	AAC	0	0	72.9	48.60	24.30	Inf	Val	93.8	high confidence set
contig_944	1	37370	37297	Asn	GTT	0	0	83.9	58.50	25.40	Inf	Asn	97.4	high confidence set
contig_945	1	40870	40789	Ser	AGA	0	0	77.1	42.80	34.30	Inf	Ser	110.5	high confidence set
contig_959	1	3035	2964	Glu	TTC	0	0	72.0	47.50	24.50	Inf	Glu	101.6	high confidence set
contig_970	1	1808	1879	Asp	GTC	0	0	69.8	46.80	23.00	Inf	Asp	94.5	high confidence set
contig_979	1	766	694	Lys	CTT	0	0	86.8	66.60	20.20	Inf	Lys	107.7	high confidence set
contig_991	1	208	281	Asn	GTT	0	0	80.3	55.20	25.10	Inf	Asn	91.9	high confidence set
contig_992	1	2223	2151	Glu	CTC	0	0	79.9	54.20	25.70	Inf	Glu	102.7	high confidence set
contig_1013	1	14133	14050	Leu	CAA	0	0	79.5	54.50	25.00	Inf	Leu	126.8	high confidence set
contig_1016	1	7767	7696	Ala	AGC	0	0	51.3	40.70	10.60	Inf	Ala	81.5	high confidence set
contig_1033	1	14412	14483	Asp	GTC	0	0	68.2	45.60	22.60	Inf	Asp	90.4	high confidence set
contig_1033	2	31137	31210	Asn	GTT	0	0	80.3	55.20	25.10	Inf	Asn	91.9	high confidence set
contig_1036	1	17194	17124	Gly	CCC	0	0	66.3	29.50	36.80	Inf	Gly	89.7	high confidence set
contig_1039	1	28988	29060	Val	TAC	0	0	52.4	24.80	27.60	Inf	Val	79.0	high confidence set
contig_1052	1	50172	50101	Asp	GTC	0	0	68.2	45.60	22.60	Inf	Asp	89.1	high confidence set
contig_1065	1	18976	19056	Leu	AAG	0	0	74.0	52.20	21.80	Inf	Leu	110.4	high confidence set
contig_1079	1	31989	31918	Cys	GCA	0	0	81.7	56.10	25.60	Inf	Cys	104.3	high confidence set
contig_1084	1	37677	37604	Val	AAC	0	0	71.9	47.60	24.30	Inf	Val	91.0	high confidence set
contig_1087	1	45596	45669	Val	AAC	0	0	72.9	48.60	24.30	Inf	Val	93.8	high confidence set
contig_1087	2	45901	45830	Cys	GCA	0	0	82.1	59.90	22.20	Inf	Cys	106.6	high confidence set
contig_1087	3	11421	11350	His	GTG	0	0	62.4	34.60	27.80	Inf	His	76.3	high confidence set
contig_1091	1	4293	4222	Lys	TTT	0	0	88.9	64.60	24.30	Inf	Lys	90.0	high confidence set
contig_1097	1	43635	43555	Ser	GCT	0	0	69.4	37.60	31.80	Inf	Ser	94.0	high confidence set
contig_1129	1	8829	8746	Leu	CAA	0	0	80.4	55.30	25.10	Inf	Leu	128.3	high confidence set
contig_1134	1	30922	30851	Gln	TTG	0	0	73.5	53.70	19.80	Inf	Gln	104.8	high confidence set
contig_1174	1	16192	16264	Arg	ACG	0	0	71.7	49.10	22.60	Inf	Arg	91.4	high confidence set
contig_1210	1	26324	26253	Gly	TCC	0	0	73.9	46.20	27.70	Inf	Gly	85.6	high confidence set
contig_1255	1	25771	25701	Gly	CCC	0	0	66.3	29.50	36.80	Inf	Gly	89.7	high confidence set
contig_1275	1	28004	27933	iMet	CAT	0	0	58.3	28.10	30.20	Inf	iMet	118.7	high confidence set
contig_1277	1	34195	34265	Gly	GCC	0	0	66.5	44.80	21.70	Inf	Gly	94.4	high confidence set
contig_1341	1	15084	15003	Ser	GCT	0	0	80.5	45.20	35.30	Inf	Ser	109.5	high confidence set
contig_1378	1	21808	21738	Gly	GCC	0	0	66.5	44.80	21.70	Inf	Gly	94.4	high confidence set
contig_1380	1	28227	28156	Thr	CGT	0	0	82.2	57.60	24.60	Inf	Thr	90.2	high confidence set
contig_1381	1	18103	18022	Ser	GCT	0	0	80.5	45.20	35.30	Inf	Ser	109.5	high confidence set
contig_1426	1	4666	4738	Lys	CTT	0	0	86.8	66.60	20.20	Inf	Lys	107.7	high confidence set
contig_1437	1	2843	2916	Thr	AGT	0	0	75.0	46.80	28.20	Inf	Thr	89.8	high confidence set
contig_1453	1	18534	18606	Glu	CTC	0	0	74.4	48.60	25.80	Inf	Glu	96.7	high confidence set
contig_1484	1	2847	2919	Ala	CGC	0	0	59.4	44.40	15.00	Inf	Ala	91.9	high confidence set
contig_1501	1	15622	15692	Gly	GCC	0	0	66.5	44.80	21.70	Inf	Gly	94.4	high confidence set
contig_1503	1	25346	25425	Leu	TAG	0	0	59.5	47.70	11.80	Inf	Leu	96.2	high confidence set
contig_1525	1	13212	13140	Ala	AGC	0	0	63.4	38.20	25.20	Inf	Ala	98.3	high confidence set
contig_1533	1	12995	12923	Ala	AGC	0	0	55.4	40.10	15.30	Inf	Ala	90.9	high confidence set
contig_1567	1	12292	12221	Asp	GTC	0	0	68.2	45.60	22.60	Inf	Asp	90.4	high confidence set
contig_1575	1	15531	15459	Val	TAC	0	0	77.8	43.10	34.70	Inf	Val	103.1	high confidence set
contig_1708	1	15989	16061	Lys	CTT	0	0	86.8	66.60	20.20	Inf	Lys	107.7	high confidence set
contig_1710	1	9791	9876	Met	CAT	9829	9840	64.2	40.70	23.50	Inf	Met	104.0	high confidence set
contig_1726	1	9458	9387	Pro	AGG	0	0	67.4	34.70	32.70	Inf	Pro	112.3	high confidence set
