EukHighConfidenceFilter v1.0 Summary
Completed Time: Tue Sep 20 00:20:32 2022

Inputs
------------------------------------------------------
tRNAscan-SE output file: Pvulgaris_442_v2.0_trnascan-se.output
tRNAscan-SE ss file: Pvulgaris_442_v2.0_trnascan-se.struct
Secondary filtering domain-specific model score cutoff: 50
Secondary filtering secondary structure score cutoff: 10
Secondary filtering isotype-specific model score cutoff: 70
Tertiary filtering isotype-specific model starting score cutoff: 70
Tertiary filtering maximum isotype-specific model score cutoff: 95
Remove filtered hits: Yes

Outputs
------------------------------------------------------
tRNAscan-SE output file: hi_conf_Pvulgaris/Pvulgaris_442_v2.0.out
tRNAscan-SE ss file: hi_conf_Pvulgaris/Pvulgaris_442_v2.0.ss
Summary file: hi_conf_Pvulgaris/Pvulgaris_442_v2.0.log

Summary statistics
------------------------------------------------------
Total tRNA predictions:                                696
Possible pseudogenes:                                  16
tRNAs with scores lower than secondary cutoffs:        58
tRNAs failed tertiary filter:                          0

tRNAs after filtering:                                 622

tRNAs with mismatched isotype:                         4
tRNAs with undetermined isotype:                       0
tRNAs with unexpected anticodon:                       4

High confidence set:                                   614

Isotype / Anticodon Counts After Filtering
------------------------------------------------------

Ala     : 38	  AGC: 17      GGC: 0       CGC: 6       TGC: 15    
Gly     : 49	  ACC: 0       GCC: 28      CCC: 5       TCC: 16    
Pro     : 44	  AGG: 19      GGG: 0       CGG: 4       TGG: 21    
Thr     : 29	  AGT: 14      GGT: 1       CGT: 5       TGT: 9     
Val     : 40	  AAC: 19      GAC: 0       CAC: 12      TAC: 9     
Ser     : 49	  AGA: 20      GGA: 2       CGA: 4       TGA: 9       ACT: 0       GCT: 14                              
Arg     : 39	  ACG: 12      GCG: 0       CCG: 5       TCG: 5                                 CCT: 8       TCT: 9     
Leu     : 49	  AAG: 14      GAG: 0       CAG: 5       TAG: 10                                CAA: 14      TAA: 6     
Phe     : 26	  AAA: 0       GAA: 26                              
Asn     : 21	  ATT: 0       GTT: 21                              
Lys     : 45	                            CTT: 26      TTT: 19    
Asp     : 29	  ATC: 0       GTC: 29                              
Glu     : 28	                            CTC: 17      TTC: 11    
His     : 14	  ATG: 0       GTG: 14                              
Gln     : 20	                            CTG: 11      TTG: 9     
Ile     : 23	  AAT: 18      GAT: 0                    TAT: 5     
Met     : 34	                            CAT: 34                 
Tyr     : 16	  ATA: 0       GTA: 16                              
Supres  : 1	                            CTA: 0       TTA: 1     
Cys     : 13	  ACA: 0       GCA: 13                              
Trp     : 15	                            CCA: 15                 
SelCys  : 0	                                         TCA: 0     

