Sequence		tRNA    	Bounds  	tRNA	Anti	Intron Bounds	Inf	HMM	2'Str	Hit	Isotype	Isotype	      
Name    	tRNA#	Begin   	End     	Type	Codon	Begin	End	Score	Score	Score	Origin	CM	Score	Note
--------	------	-----   	------  	----	-----	-----	----	------	-----	-----	------	-------	-------	------
Chr01	1	2528757	2528829	Lys	TTT	0	0	89.7	65.30	24.40	Inf	Lys	92.7	high confidence set
Chr01	2	4289621	4289692	Cys	GCA	0	0	82.1	59.90	22.20	Inf	Cys	106.6	high confidence set
Chr01	3	7955594	7955665	Gln	TTG	0	0	73.5	53.70	19.80	Inf	Gln	104.8	high confidence set
Chr01	4	11652495	11652567	Arg	ACG	0	0	71.4	48.60	22.80	Inf	Arg	89.4	high confidence set
Chr01	5	12849090	12849162	Lys	TTT	0	0	91.8	68.10	23.70	Inf	Lys	94.7	high confidence set
Chr01	6	16197211	16197292	Ser	TGA	0	0	80.7	46.10	34.60	Inf	Ser	119.7	high confidence set
Chr01	7	19693874	19693946	Lys	CTT	0	0	61.1	49.20	11.90	Inf	Lys	83.5	high confidence set
Chr01	8	19728850	19728922	Lys	CTT	0	0	61.1	49.20	11.90	Inf	Lys	83.5	high confidence set
Chr01	9	38743592	38743673	Ser	GCT	0	0	80.5	45.20	35.30	Inf	Ser	109.5	high confidence set
Chr01	10	40825224	40825295	Asp	GTC	0	0	68.0	45.30	22.70	Inf	Asp	90.5	high confidence set
Chr01	11	41821632	41821716	Met	CAT	41821670	41821680	64.3	40.80	23.50	Inf	Met	104.0	high confidence set
Chr01	12	41987524	41987594	Gln	CTG	0	0	66.7	42.10	24.60	Inf	Gln	95.2	high confidence set
Chr01	13	42570587	42570660	Val	AAC	0	0	72.9	48.60	24.30	Inf	Val	93.8	high confidence set
Chr01	14	43799175	43799248	Ile	AAT	0	0	79.3	55.80	23.50	Inf	Ile	104.3	high confidence set
Chr01	15	44915398	44915469	iMet	CAT	0	0	58.3	28.10	30.20	Inf	iMet	118.7	high confidence set
Chr01	16	46312365	46312436	Asp	GTC	0	0	69.8	46.80	23.00	Inf	Asp	94.5	high confidence set
Chr01	18	48018551	48018623	Ala	AGC	0	0	54.7	35.40	19.30	Inf	Ala	88.2	high confidence set
Chr01	19	48022691	48022762	Pro	CGG	0	0	68.5	36.10	32.40	Inf	Pro	108.5	high confidence set
Chr01	20	48616701	48616772	Lys	TTT	0	0	92.3	68.60	23.70	Inf	Lys	97.5	high confidence set
Chr01	21	48616857	48616929	Phe	GAA	0	0	76.1	54.40	21.70	Inf	Phe	115.3	high confidence set
Chr01	22	49168072	49168143	Pro	AGG	0	0	67.4	34.70	32.70	Inf	Pro	112.3	high confidence set
Chr01	23	50218423	50218507	Met	CAT	50218461	50218471	64.2	40.80	23.40	Inf	Met	104.0	high confidence set
Chr01	24	50486053	50486125	Arg	ACG	0	0	71.7	49.10	22.60	Inf	Arg	91.4	high confidence set
Chr01	25	50692680	50692751	Pro	AGG	0	0	67.4	34.70	32.70	Inf	Pro	112.3	high confidence set
Chr01	26	50739259	50739332	Val	AAC	0	0	72.9	48.60	24.30	Inf	Val	93.8	high confidence set
Chr01	28	50946605	50946685	Leu	AAG	0	0	74.0	52.20	21.80	Inf	Leu	110.4	high confidence set
Chr01	29	51275245	51275161	Tyr	GTA	51275208	51275197	74.5	43.00	31.50	Inf	Tyr	111.8	high confidence set
Chr01	30	50313312	50313228	Met	CAT	50313274	50313264	64.2	40.80	23.40	Inf	Met	104.0	high confidence set
Chr01	31	50305667	50305576	Tyr	GTA	50305630	50305612	74.2	42.90	31.30	Inf	Tyr	111.8	high confidence set
Chr01	32	50253117	50253045	Arg	ACG	0	0	71.7	49.10	22.60	Inf	Arg	91.4	high confidence set
Chr01	33	49014208	49014135	Val	CAC	0	0	82.4	54.40	28.00	Inf	Val	103.7	high confidence set
Chr01	34	48309491	48309420	Thr	CGT	0	0	71.9	49.60	22.30	Inf	Thr	79.6	high confidence set
Chr01	35	48116818	48116745	Thr	AGT	0	0	74.7	46.20	28.50	Inf	Thr	89.4	high confidence set
Chr01	36	47801812	47801740	Phe	GAA	0	0	67.2	51.20	16.00	Inf	Phe	100.6	high confidence set
Chr01	37	46318377	46318307	Gly	CCC	0	0	66.3	29.50	36.80	Inf	Gly	89.7	high confidence set
Chr01	38	45852580	45852508	Arg	CCT	0	0	74.8	55.90	18.90	Inf	Arg	87.5	high confidence set
Chr01	39	45161230	45161159	Lys	TTT	0	0	89.8	66.10	23.70	Inf	Lys	92.7	high confidence set
Chr01	40	45048551	45048472	Leu	TAG	0	0	69.5	48.50	21.00	Inf	Leu	111.5	high confidence set
Chr01	41	44945123	44945050	Val	CAC	0	0	82.4	54.40	28.00	Inf	Val	103.7	high confidence set
Chr01	42	44311165	44311093	Arg	TCT	0	0	68.1	50.00	18.10	Inf	Arg	93.6	high confidence set
Chr01	43	43605812	43605739	Ile	AAT	0	0	79.9	56.50	23.40	Inf	Ile	104.5	high confidence set
Chr01	44	42620804	42620733	Cys	GCA	0	0	82.1	59.90	22.20	Inf	Cys	106.6	high confidence set
Chr01	45	42303297	42303226	Asp	GTC	0	0	69.8	46.80	23.00	Inf	Asp	94.5	high confidence set
Chr01	46	39442721	39442640	Ser	TGA	0	0	70.9	37.10	33.80	Inf	Ser	109.5	high confidence set
Chr01	47	35590558	35590485	Asn	GTT	0	0	82.3	57.10	25.20	Inf	Asn	92.8	high confidence set
Chr01	48	22472511	22472438	Val	AAC	0	0	64.1	46.20	17.90	Inf	Val	85.5	high confidence set
Chr01	49	19671257	19671185	Lys	CTT	0	0	61.1	49.20	11.90	Inf	Lys	83.5	high confidence set
Chr01	50	17175211	17175131	Leu	AAG	0	0	74.0	52.20	21.80	Inf	Leu	110.4	high confidence set
Chr01	51	16183033	16182952	Ser	TGA	0	0	78.3	44.40	33.90	Inf	Ser	115.8	high confidence set
Chr01	52	11677192	11677120	Arg	ACG	0	0	71.4	48.60	22.80	Inf	Arg	89.4	high confidence set
Chr01	53	8412503	8412422	Ser	GCT	0	0	80.5	45.20	35.30	Inf	Ser	109.5	high confidence set
Chr01	54	4557375	4557304	Asp	GTC	0	0	69.8	46.80	23.00	Inf	Asp	94.5	high confidence set
Chr01	55	2515955	2515884	Pro	TGG	0	0	68.5	35.70	32.80	Inf	Pro	111.2	high confidence set
Chr01	56	2420225	2420152	Thr	AGT	0	0	76.0	48.40	27.60	Inf	Thr	90.6	high confidence set
Chr01	57	1784689	1784617	Arg	CCT	0	0	69.1	50.30	18.80	Inf	Arg	81.2	high confidence set
Chr01	59	342002	341919	Leu	CAA	0	0	83.7	55.90	27.80	Inf	Leu	127.9	high confidence set
Chr02	1	62117	62189	Glu	CTC	0	0	79.2	53.50	25.70	Inf	Glu	94.2	high confidence set
Chr02	2	211769	211841	Glu	CTC	0	0	78.9	53.10	25.80	Inf	Glu	94.8	high confidence set
Chr02	3	529819	529891	Lys	CTT	0	0	87.7	67.60	20.10	Inf	Lys	106.7	high confidence set
Chr02	5	3088940	3089013	Ile	TAT	0	0	85.9	70.60	15.30	Inf	Ile	103.9	high confidence set
Chr02	6	3099169	3099240	Gln	CTG	0	0	74.6	50.10	24.50	Inf	Gln	102.4	high confidence set
Chr02	7	3248420	3248491	Glu	TTC	0	0	72.0	47.50	24.50	Inf	Glu	101.6	high confidence set
Chr02	9	12432786	12432856	Gly	GCC	0	0	66.5	44.80	21.70	Inf	Gly	94.4	high confidence set
Chr02	10	12494777	12494847	Gly	GCC	0	0	66.5	44.80	21.70	Inf	Gly	94.4	high confidence set
Chr02	14	21325797	21325868	Thr	CGT	0	0	70.9	51.90	19.00	Inf	Thr	76.0	high confidence set
Chr02	15	22093219	22093290	Trp	CCA	0	0	65.8	47.20	18.60	Inf	Trp	97.1	high confidence set
Chr02	16	22524728	22524799	Glu	TTC	0	0	72.0	47.50	24.50	Inf	Glu	101.6	high confidence set
Chr02	17	28588861	28588932	His	GTG	0	0	63.0	33.70	29.30	Inf	His	86.8	high confidence set
Chr02	18	28847865	28847949	Met	CAT	28847903	28847913	64.2	40.80	23.40	Inf	Met	104.0	high confidence set
Chr02	19	29908615	29908696	Ser	GCT	0	0	80.5	45.20	35.30	Inf	Ser	109.5	high confidence set
Chr02	21	30365837	30365908	Cys	GCA	0	0	82.1	59.90	22.20	Inf	Cys	106.6	high confidence set
Chr02	22	30366046	30366117	Cys	GCA	0	0	82.1	59.90	22.20	Inf	Cys	106.6	high confidence set
Chr02	23	30371126	30371197	Cys	GCA	0	0	80.2	58.90	21.30	Inf	Cys	103.7	high confidence set
Chr02	24	31356006	31356078	Ala	AGC	0	0	63.4	38.20	25.20	Inf	Ala	98.3	high confidence set
Chr02	25	31358984	31359056	Ala	AGC	0	0	63.4	38.20	25.20	Inf	Ala	98.3	high confidence set
Chr02	26	31914347	31914419	Ala	CGC	0	0	57.9	43.60	14.30	Inf	Ala	88.5	high confidence set
Chr02	27	32297117	32297188	Trp	CCA	0	0	75.1	50.10	25.00	Inf	Trp	105.0	high confidence set
Chr02	28	34320280	34320360	Leu	CAG	0	0	69.5	46.80	22.70	Inf	Leu	109.7	high confidence set
Chr02	29	35111345	35111416	Gly	TCC	0	0	73.9	46.20	27.70	Inf	Gly	85.6	high confidence set
Chr02	30	35117051	35117122	Gly	TCC	0	0	70.5	45.90	24.60	Inf	Gly	81.5	high confidence set
Chr02	31	35128327	35128398	Gly	TCC	0	0	73.9	46.20	27.70	Inf	Gly	85.6	high confidence set
Chr02	32	35228150	35228222	Glu	CTC	0	0	78.9	53.10	25.80	Inf	Glu	94.8	high confidence set
Chr02	33	35770306	35770389	Leu	CAA	0	0	79.5	54.50	25.00	Inf	Leu	126.8	high confidence set
Chr02	34	36073672	36073743	Pro	AGG	0	0	67.4	34.70	32.70	Inf	Pro	112.3	high confidence set
Chr02	35	37881758	37881829	His	GTG	0	0	63.0	33.70	29.30	Inf	His	86.8	high confidence set
Chr02	37	39952694	39952766	Val	TAC	0	0	78.2	43.80	34.40	Inf	Val	106.2	high confidence set
Chr02	38	40127912	40127982	Gly	GCC	0	0	66.5	44.80	21.70	Inf	Gly	94.4	high confidence set
Chr02	39	40697200	40697271	Gly	TCC	0	0	73.9	46.20	27.70	Inf	Gly	85.6	high confidence set
Chr02	40	41186721	41186793	Glu	CTC	0	0	78.9	53.10	25.80	Inf	Glu	99.2	high confidence set
Chr02	41	41349940	41350013	Ile	AAT	0	0	84.0	56.60	27.40	Inf	Ile	110.3	high confidence set
Chr02	43	42650727	42650798	Lys	TTT	0	0	82.9	68.40	14.50	Inf	Lys	89.9	high confidence set
Chr02	45	42963556	42963640	Met	CAT	42963594	42963604	58.1	36.50	21.60	Inf	Met	96.7	high confidence set
Chr02	46	43380398	43380470	Ala	AGC	0	0	63.4	38.20	25.20	Inf	Ala	98.3	high confidence set
Chr02	47	44020149	44020233	Met	CAT	44020187	44020197	64.3	40.80	23.50	Inf	Met	104.0	high confidence set
Chr02	48	44561040	44561124	Met	CAT	44561078	44561088	64.3	40.80	23.50	Inf	Met	104.0	high confidence set
Chr02	49	44581398	44581482	Met	CAT	44581436	44581446	64.3	40.80	23.50	Inf	Met	104.0	high confidence set
Chr02	50	46209020	46209092	Phe	GAA	0	0	67.0	45.30	21.70	Inf	Phe	107.0	high confidence set
Chr02	51	46667665	46667737	Ala	CGC	0	0	68.3	44.10	24.20	Inf	Ala	99.2	high confidence set
Chr02	52	46667826	46667898	Ala	TGC	0	0	53.1	35.00	18.10	Inf	Ala	84.8	high confidence set
Chr02	53	48189702	48189773	Asp	GTC	0	0	69.8	46.80	23.00	Inf	Asp	95.8	high confidence set
Chr02	54	48189895	48189966	Asp	GTC	0	0	69.8	46.80	23.00	Inf	Asp	95.8	high confidence set
Chr02	56	49165596	49165525	Gln	TTG	0	0	73.5	53.70	19.80	Inf	Gln	104.8	high confidence set
Chr02	57	48187267	48187196	Asp	GTC	0	0	69.8	46.80	23.00	Inf	Asp	95.8	high confidence set
Chr02	58	46825608	46825537	Cys	GCA	0	0	82.1	59.90	22.20	Inf	Cys	106.6	high confidence set
Chr02	59	45787000	45786929	Cys	GCA	0	0	82.1	59.90	22.20	Inf	Cys	106.6	high confidence set
Chr02	60	44975228	44975147	Ser	AGA	0	0	76.3	41.60	34.70	Inf	Ser	112.1	high confidence set
Chr02	62	44669292	44669221	His	GTG	0	0	63.0	33.70	29.30	Inf	His	86.8	high confidence set
Chr02	63	43597754	43597674	Leu	AAG	0	0	74.0	52.20	21.80	Inf	Leu	110.4	high confidence set
Chr02	64	43593836	43593756	Leu	AAG	0	0	74.0	52.20	21.80	Inf	Leu	110.4	high confidence set
Chr02	65	43165908	43165837	Gln	TTG	0	0	71.5	49.70	21.80	Inf	Gln	103.2	high confidence set
Chr02	66	42956044	42955954	Tyr	GTA	42956007	42955990	74.3	42.90	31.40	Inf	Tyr	111.8	high confidence set
Chr02	67	42894926	42894854	Phe	GAA	0	0	72.6	54.80	17.80	Inf	Phe	111.9	high confidence set
Chr02	68	42823160	42823088	Arg	ACG	0	0	71.4	48.60	22.80	Inf	Arg	89.4	high confidence set
Chr02	69	42090702	42090629	Arg	TCG	0	0	81.9	60.40	21.50	Inf	Arg	92.9	high confidence set
Chr02	70	42085391	42085319	Phe	GAA	0	0	76.1	54.40	21.70	Inf	Phe	115.3	high confidence set
Chr02	71	41912387	41912316	Gln	CTG	0	0	74.6	50.10	24.50	Inf	Gln	105.2	high confidence set
Chr02	72	41199497	41199425	Glu	CTC	0	0	78.9	53.10	25.80	Inf	Glu	94.8	high confidence set
Chr02	73	39081409	39081336	Thr	AGT	0	0	74.7	46.20	28.50	Inf	Thr	89.4	high confidence set
Chr02	74	36141958	36141887	Lys	TTT	0	0	92.3	68.60	23.70	Inf	Lys	97.5	high confidence set
Chr02	75	35792495	35792423	Arg	ACG	0	0	63.5	40.90	22.60	Inf	Arg	84.8	high confidence set
Chr02	76	35792351	35792268	Leu	CAA	0	0	76.7	51.70	25.00	Inf	Leu	120.8	high confidence set
Chr02	77	35772838	35772766	Phe	GAA	0	0	78.3	58.40	19.90	Inf	Phe	113.2	high confidence set
Chr02	78	31290086	31290015	Thr	TGT	0	0	82.4	56.10	26.30	Inf	Thr	92.1	high confidence set
Chr02	79	30439708	30439636	Lys	CTT	0	0	87.7	67.60	20.10	Inf	Lys	106.7	high confidence set
Chr02	80	29205437	29205364	Asn	GTT	0	0	82.3	57.10	25.20	Inf	Asn	92.8	high confidence set
Chr02	81	24048062	24047992	Gly	GCC	0	0	66.5	44.80	21.70	Inf	Gly	94.4	high confidence set
Chr02	82	22078157	22078086	Trp	CCA	0	0	75.1	50.10	25.00	Inf	Trp	105.0	high confidence set
Chr02	83	22043517	22043446	Trp	CCA	0	0	75.1	50.10	25.00	Inf	Trp	105.0	high confidence set
Chr02	84	19554310	19554229	Ser	TGA	0	0	80.7	46.10	34.60	Inf	Ser	119.7	high confidence set
Chr02	85	17713552	17713471	Ser	AGA	0	0	77.8	43.40	34.40	Inf	Ser	110.9	high confidence set
Chr02	87	14774016	14773943	Val	CAC	0	0	82.4	54.40	28.00	Inf	Val	103.7	high confidence set
Chr02	88	11328104	11328031	Val	AAC	0	0	66.3	46.10	20.20	Inf	Val	88.3	high confidence set
Chr02	89	4286425	4286353	Ala	CGC	0	0	63.6	44.60	19.00	Inf	Ala	94.0	high confidence set
Chr02	90	3677330	3677257	Thr	AGT	0	0	76.0	48.40	27.60	Inf	Thr	90.6	high confidence set
Chr02	91	2320118	2320047	Trp	CCA	0	0	75.8	51.20	24.60	Inf	Trp	105.6	high confidence set
Chr02	92	2298299	2298227	Lys	TTT	0	0	90.5	66.90	23.60	Inf	Lys	95.4	high confidence set
Chr03	1	1357949	1358021	Arg	TCT	0	0	70.4	50.20	20.20	Inf	Arg	95.3	high confidence set
Chr03	2	2273925	2273996	iMet	CAT	0	0	57.5	27.40	30.10	Inf	iMet	120.7	high confidence set
Chr03	3	2688020	2688093	Asn	GTT	0	0	82.3	57.10	25.20	Inf	Asn	92.8	high confidence set
Chr03	4	3039795	3039867	Lys	CTT	0	0	76.0	63.20	12.80	Inf	Lys	95.5	high confidence set
Chr03	5	4434918	4434989	Asp	GTC	0	0	70.0	47.20	22.80	Inf	Asp	93.4	high confidence set
Chr03	6	4438984	4439055	Asp	GTC	0	0	70.0	47.20	22.80	Inf	Asp	93.4	high confidence set
Chr03	7	4875285	4875358	Asn	GTT	0	0	78.7	55.30	23.40	Inf	Asn	86.6	high confidence set
Chr03	8	5170326	5170397	His	GTG	0	0	53.6	26.10	27.50	Inf	His	72.1	high confidence set
Chr03	9	5921547	5921619	Ala	TGC	0	0	69.1	43.30	25.80	Inf	Ala	101.9	high confidence set
Chr03	10	6009975	6010047	Arg	TCT	0	0	68.1	50.10	18.00	Inf	Arg	90.7	high confidence set
Chr03	11	6288842	6288923	Ser	AGA	0	0	72.5	39.80	32.70	Inf	Ser	106.8	high confidence set
Chr03	12	7705631	7705704	Ile	TAT	0	0	79.8	64.00	15.80	Inf	Ile	97.5	high confidence set
Chr03	13	7968678	7968750	Ala	TGC	0	0	69.1	43.30	25.80	Inf	Ala	101.9	high confidence set
Chr03	14	7972701	7972773	Ala	TGC	0	0	69.1	43.30	25.80	Inf	Ala	101.9	high confidence set
Chr03	15	8399593	8399665	Lys	CTT	0	0	82.1	65.70	16.40	Inf	Lys	100.4	high confidence set
Chr03	16	12076714	12076787	Val	AAC	0	0	72.9	48.60	24.30	Inf	Val	93.8	high confidence set
Chr03	17	15594283	15594354	Asn	GTT	0	0	75.1	52.10	23.00	Inf	Asn	81.9	high confidence set
Chr03	20	31638303	31638374	Asp	GTC	0	0	68.0	45.30	22.70	Inf	Asp	90.5	high confidence set
Chr03	21	32561099	32561180	Ser	GCT	0	0	80.5	45.20	35.30	Inf	Ser	109.5	high confidence set
Chr03	22	32710103	32710184	Ser	GCT	0	0	80.5	45.20	35.30	Inf	Ser	109.5	high confidence set
Chr03	23	36765163	36765234	iMet	CAT	0	0	58.3	28.10	30.20	Inf	iMet	118.7	high confidence set
Chr03	24	38296929	38297010	Ser	AGA	0	0	77.1	42.80	34.30	Inf	Ser	110.5	high confidence set
Chr03	25	38387897	38387978	Ser	GCT	0	0	80.5	45.20	35.30	Inf	Ser	109.5	high confidence set
Chr03	27	40161186	40161258	Lys	TTT	0	0	92.1	67.80	24.30	Inf	Lys	97.4	high confidence set
Chr03	28	40688064	40688135	Thr	CGT	0	0	82.4	55.70	26.70	Inf	Thr	88.8	high confidence set
Chr03	29	42218512	42218583	Asp	GTC	0	0	57.1	46.70	10.40	Inf	Asp	78.5	high confidence set
Chr03	30	42482859	42482938	Leu	TAG	0	0	69.5	48.50	21.00	Inf	Leu	111.5	high confidence set
Chr03	31	43749753	43749833	Leu	AAG	0	0	74.0	52.20	21.80	Inf	Leu	110.4	high confidence set
Chr03	32	44247282	44247371	Tyr	GTA	44247317	44247335	51.3	36.10	15.20	Inf	Tyr	78.8	high confidence set
Chr03	33	44707589	44707660	His	GTG	0	0	63.0	33.70	29.30	Inf	His	87.1	high confidence set
Chr03	34	45454224	45454296	Glu	CTC	0	0	79.2	53.50	25.70	Inf	Glu	94.2	high confidence set
Chr03	35	45666773	45666844	Trp	CCA	0	0	75.8	51.20	24.60	Inf	Trp	105.6	high confidence set
Chr03	36	49270321	49270394	Ile	TAT	0	0	85.9	70.60	15.30	Inf	Ile	103.9	high confidence set
Chr03	37	49650768	49650839	His	GTG	0	0	63.0	33.70	29.30	Inf	His	86.8	high confidence set
Chr03	40	52682912	52682993	Ser	GCT	0	0	80.5	45.20	35.30	Inf	Ser	109.5	high confidence set
Chr03	41	53231999	53231928	Thr	TGT	0	0	79.3	49.30	30.00	Inf	Thr	92.3	high confidence set
Chr03	42	52440352	52440279	Asn	GTT	0	0	84.5	59.40	25.10	Inf	Asn	95.9	high confidence set
Chr03	43	50351205	50351132	Ile	AAT	0	0	83.4	58.00	25.40	Inf	Ile	105.4	high confidence set
Chr03	44	49422080	49422009	Glu	TTC	0	0	70.5	45.30	25.20	Inf	Glu	97.5	high confidence set
Chr03	45	49421809	49421738	Glu	TTC	0	0	70.5	45.30	25.20	Inf	Glu	97.5	high confidence set
Chr03	46	49230722	49230651	Glu	TTC	0	0	70.5	45.30	25.20	Inf	Glu	97.5	high confidence set
Chr03	47	49228079	49228008	Glu	TTC	0	0	70.5	45.30	25.20	Inf	Glu	97.5	high confidence set
Chr03	48	47515414	47515335	Leu	TAG	0	0	69.5	48.50	21.00	Inf	Leu	111.5	high confidence set
Chr03	49	46905509	46905438	iMet	CAT	0	0	58.3	28.10	30.20	Inf	iMet	118.7	high confidence set
Chr03	50	43801116	43801043	Val	AAC	0	0	72.9	48.60	24.30	Inf	Val	93.8	high confidence set
Chr03	51	41270196	41270123	Ile	AAT	0	0	79.3	55.80	23.50	Inf	Ile	104.3	high confidence set
Chr03	52	40083959	40083887	Phe	GAA	0	0	77.6	50.00	27.60	Inf	Phe	95.8	high confidence set
Chr03	53	36859713	36859630	Leu	CAA	0	0	79.5	54.50	25.00	Inf	Leu	126.8	high confidence set
Chr03	54	34118763	34118691	Ala	TGC	0	0	69.1	43.30	25.80	Inf	Ala	101.9	high confidence set
Chr03	55	30385902	30385830	Ala	TGC	0	0	70.0	45.30	24.70	Inf	Ala	100.6	high confidence set
Chr03	56	28962465	28962394	His	GTG	0	0	63.0	33.70	29.30	Inf	His	86.8	high confidence set
Chr03	57	28939084	28939013	His	GTG	0	0	60.5	31.20	29.30	Inf	His	84.8	high confidence set
Chr03	58	26499508	26499436	Pro	TGG	0	0	61.7	34.50	27.20	Inf	Pro	97.5	high confidence set
Chr03	59	16340012	16339941	Thr	CGT	0	0	80.2	51.20	29.00	Inf	Thr	85.8	high confidence set
Chr03	60	13036452	13036380	Phe	GAA	0	0	66.1	50.40	15.70	Inf	Phe	107.6	high confidence set
Chr03	61	12931582	12931510	Phe	GAA	0	0	74.1	52.40	21.70	Inf	Phe	110.5	high confidence set
Chr03	62	12927198	12927126	Phe	GAA	0	0	55.0	37.20	17.80	Inf	Phe	88.1	high confidence set
Chr03	63	12414764	12414693	Trp	CCA	0	0	75.8	51.20	24.60	Inf	Trp	105.6	high confidence set
Chr03	64	10967170	10967100	Gly	GCC	0	0	66.5	44.80	21.70	Inf	Gly	94.4	high confidence set
Chr03	65	10599624	10599552	Ala	AGC	0	0	63.4	38.20	25.20	Inf	Ala	98.3	high confidence set
Chr03	66	9780386	9780313	Val	CAC	0	0	82.4	54.40	28.00	Inf	Val	103.7	high confidence set
Chr03	67	9453944	9453872	Phe	GAA	0	0	62.4	45.00	17.40	Inf	Phe	96.6	high confidence set
Chr03	69	7259098	7259026	Arg	ACG	0	0	71.7	49.10	22.60	Inf	Arg	91.4	high confidence set
Chr03	70	5033155	5033082	Thr	AGT	0	0	73.6	45.20	28.40	Inf	Thr	88.6	high confidence set
Chr03	71	5024985	5024912	Thr	AGT	0	0	60.1	31.70	28.40	Inf	Thr	76.4	high confidence set
Chr03	73	5015258	5015185	Thr	AGT	0	0	64.3	42.20	22.10	Inf	Thr	79.4	high confidence set
Chr03	74	4162738	4162658	Leu	AAG	0	0	71.5	49.70	21.80	Inf	Leu	106.3	high confidence set
Chr03	75	1113844	1113773	Gln	CTG	0	0	74.6	50.10	24.50	Inf	Gln	102.4	high confidence set
Chr03	76	1069233	1069153	Leu	AAG	0	0	73.6	52.10	21.50	Inf	Leu	106.5	high confidence set
Chr03	77	172160	172088	Lys	CTT	0	0	87.7	67.60	20.10	Inf	Lys	106.7	high confidence set
Chr04	1	2025255	2025326	Pro	TGG	0	0	68.5	35.70	32.80	Inf	Pro	111.2	high confidence set
Chr04	4	22070305	22070376	His	GTG	0	0	63.0	33.70	29.30	Inf	His	87.1	high confidence set
Chr04	5	32509246	32509318	Arg	ACG	0	0	71.4	48.60	22.80	Inf	Arg	89.4	high confidence set
Chr04	7	41001714	41001787	Val	AAC	0	0	72.9	48.60	24.30	Inf	Val	93.8	high confidence set
Chr04	8	43612438	43612522	Met	CAT	43612476	43612486	64.3	40.80	23.50	Inf	Met	104.0	high confidence set
Chr04	9	45462091	45462163	Lys	CTT	0	0	87.7	67.60	20.10	Inf	Lys	106.7	high confidence set
Chr04	10	45469005	45469077	Lys	CTT	0	0	82.3	66.00	16.30	Inf	Lys	100.6	high confidence set
Chr04	12	45749792	45749712	Leu	CAG	0	0	69.5	46.80	22.70	Inf	Leu	109.7	high confidence set
Chr04	13	45276069	45275982	Ser	GGA	0	0	61.2	35.20	26.00	Inf	Ser	82.1	unexpected anticodon
Chr04	14	43015803	43015732	Gln	CTG	0	0	70.8	49.80	21.00	Inf	Gln	100.5	high confidence set
Chr04	15	42219014	42218944	Gly	GCC	0	0	60.5	41.90	18.60	Inf	Gly	86.2	high confidence set
Chr04	17	39627404	39627333	Thr	TGT	0	0	79.3	49.30	30.00	Inf	Thr	92.3	high confidence set
Chr04	18	35307485	35307414	Lys	TTT	0	0	77.4	58.90	18.50	Inf	Lys	87.0	high confidence set
Chr04	19	35302391	35302320	Lys	TTT	0	0	85.1	65.40	19.70	Inf	Lys	90.7	high confidence set
Chr04	20	25078627	25078555	Arg	TCT	0	0	56.2	43.80	12.40	Inf	Arg	77.1	high confidence set
Chr04	21	12932563	12932492	Pro	AGG	0	0	67.4	34.70	32.70	Inf	Pro	112.3	high confidence set
Chr04	22	11168036	11167946	Tyr	GTA	11167999	11167982	74.3	42.90	31.40	Inf	Tyr	111.8	high confidence set
Chr04	23	8263063	8262992	Pro	AGG	0	0	67.4	34.70	32.70	Inf	Pro	112.3	high confidence set
Chr04	24	7707656	7707585	Thr	TGT	0	0	79.3	49.30	30.00	Inf	Thr	92.3	high confidence set
Chr04	25	4977171	4977098	Ile	AAT	0	0	81.8	58.30	23.50	Inf	Ile	106.8	high confidence set
Chr04	26	4965971	4965898	Ile	AAT	0	0	79.3	55.80	23.50	Inf	Ile	104.3	high confidence set
Chr04	27	4965746	4965673	Ile	AAT	0	0	84.6	57.80	26.80	Inf	Ile	106.3	high confidence set
Chr04	28	4964965	4964892	Ile	AAT	0	0	85.5	59.00	26.50	Inf	Ile	109.4	high confidence set
Chr04	29	3785684	3785612	Ala	TGC	0	0	70.0	45.30	24.70	Inf	Ala	100.6	high confidence set
Chr05	1	3161357	3161429	Val	TAC	0	0	74.1	44.70	29.40	Inf	Val	100.7	high confidence set
Chr05	2	3929910	3929989	Leu	TAG	0	0	69.5	48.50	21.00	Inf	Leu	111.5	high confidence set
Chr05	3	3933413	3933492	Leu	TAG	0	0	65.2	48.00	17.20	Inf	Leu	103.3	high confidence set
Chr05	4	3940119	3940198	Leu	TAG	0	0	69.5	48.50	21.00	Inf	Leu	111.5	high confidence set
Chr05	5	4268151	4268232	Ser	GCT	0	0	80.5	45.20	35.30	Inf	Ser	109.5	high confidence set
Chr05	6	5155800	5155873	Asn	GTT	0	0	84.5	59.40	25.10	Inf	Asn	95.9	high confidence set
Chr05	8	19832214	19832286	Glu	CTC	0	0	79.2	53.50	25.70	Inf	Glu	94.2	high confidence set
Chr05	10	28822654	28822724	Gly	CCC	0	0	66.3	29.50	36.80	Inf	Gly	89.7	high confidence set
Chr05	11	31231440	31231512	Arg	CCT	0	0	69.1	50.30	18.80	Inf	Arg	81.2	high confidence set
Chr05	12	32811352	32811424	Ala	TGC	0	0	64.7	39.60	25.10	Inf	Ala	99.1	high confidence set
Chr05	14	34113279	34113360	Ser	CGA	0	0	74.4	45.00	29.40	Inf	Ser	118.0	high confidence set
Chr05	15	34700944	34701017	Asn	GTT	0	0	84.5	59.40	25.10	Inf	Asn	95.9	high confidence set
Chr05	16	36548791	36548862	Pro	AGG	0	0	67.4	34.70	32.70	Inf	Pro	112.3	high confidence set
Chr05	17	36856595	36856667	Val	TAC	0	0	77.8	43.10	34.70	Inf	Val	106.5	high confidence set
Chr05	18	38099766	38099837	iMet	CAT	0	0	58.3	28.10	30.20	Inf	iMet	118.7	high confidence set
Chr05	19	38114599	38114670	iMet	CAT	0	0	51.7	23.40	28.30	Inf	iMet	112.6	high confidence set
Chr05	20	38584247	38584318	Pro	TGG	0	0	65.1	35.40	29.70	Inf	Pro	106.1	high confidence set
Chr05	21	39818601	39818520	Ser	AGA	0	0	79.4	43.10	36.30	Inf	Ser	115.0	high confidence set
Chr05	22	39659467	39659395	Arg	TCT	0	0	65.7	47.50	18.20	Inf	Arg	91.1	high confidence set
Chr05	23	39656990	39656918	Arg	TCT	0	0	70.4	50.20	20.20	Inf	Arg	95.3	high confidence set
Chr05	24	39590561	39590480	Ser	CGA	0	0	78.9	46.60	32.30	Inf	Ser	122.0	high confidence set
Chr05	25	39515809	39515738	iMet	CAT	0	0	58.3	28.10	30.20	Inf	iMet	118.7	high confidence set
Chr05	26	39514833	39514762	iMet	CAT	0	0	58.3	28.10	30.20	Inf	iMet	118.7	high confidence set
Chr05	27	39279021	39278948	Ile	AAT	0	0	84.9	58.30	26.60	Inf	Ile	109.3	high confidence set
Chr05	28	38297778	38297697	Ser	GCT	0	0	80.5	45.20	35.30	Inf	Ser	109.5	high confidence set
Chr05	29	38265722	38265651	Pro	AGG	0	0	67.4	34.70	32.70	Inf	Pro	112.3	high confidence set
Chr05	30	37864054	37863983	Pro	AGG	0	0	67.4	34.70	32.70	Inf	Pro	112.3	high confidence set
Chr05	31	37104900	37104827	Asn	GTT	0	0	83.3	58.10	25.20	Inf	Asn	93.9	high confidence set
Chr05	32	36613141	36613060	Ser	GCT	0	0	80.5	45.20	35.30	Inf	Ser	109.5	high confidence set
Chr05	33	32769954	32769882	Arg	CCT	0	0	69.1	50.30	18.80	Inf	Arg	81.2	high confidence set
Chr05	34	32404240	32404168	Val	TAC	0	0	78.2	43.80	34.40	Inf	Val	106.2	high confidence set
Chr05	35	32189300	32189230	Gly	GCC	0	0	66.5	44.80	21.70	Inf	Gly	94.4	high confidence set
Chr05	36	32189220	32189148	Phe	GAA	0	0	76.1	54.40	21.70	Inf	Phe	115.3	high confidence set
Chr05	37	21492803	21492730	Asn	GTT	0	0	84.5	59.40	25.10	Inf	Asn	95.9	high confidence set
Chr05	39	11362652	11362571	Ser	AGA	0	0	69.0	37.50	31.50	Inf	Ser	102.9	high confidence set
Chr05	40	11352958	11352877	Ser	AGA	0	0	75.9	41.00	34.90	Inf	Ser	111.1	high confidence set
Chr05	41	11345144	11345063	Ser	AGA	0	0	72.2	42.60	29.60	Inf	Ser	108.4	high confidence set
Chr05	42	11342722	11342641	Ser	AGA	0	0	75.9	41.00	34.90	Inf	Ser	111.1	high confidence set
Chr05	43	8543210	8543138	Lys	CTT	0	0	87.7	67.60	20.10	Inf	Lys	106.7	high confidence set
Chr05	44	8542780	8542708	Lys	CTT	0	0	82.9	66.20	16.70	Inf	Lys	102.3	high confidence set
Chr05	45	7926145	7926073	Lys	CTT	0	0	87.7	67.60	20.10	Inf	Lys	106.7	high confidence set
Chr05	46	7692017	7691946	Asn	GTT	0	0	75.1	52.10	23.00	Inf	Asn	81.9	high confidence set
Chr05	47	7691567	7691485	Tyr	GTA	0	0	63.3	45.30	18.00	Inf	Leu	70.0	IPD:-5.00,isotype mismatch
Chr05	48	4703568	4703496	Lys	CTT	0	0	87.7	67.60	20.10	Inf	Lys	106.7	high confidence set
Chr05	49	2702644	2702562	Leu	TAA	0	0	71.0	37.20	33.80	Inf	Leu	88.7	high confidence set
Chr05	50	2697971	2697889	Leu	TAA	0	0	76.1	38.50	37.60	Inf	Leu	99.9	high confidence set
Chr05	52	618052	617981	Asp	GTC	0	0	69.8	46.80	23.00	Inf	Asp	94.5	high confidence set
Chr05	53	605759	605688	Asp	GTC	0	0	69.8	46.80	23.00	Inf	Asp	94.5	high confidence set
Chr05	54	590448	590377	Asp	GTC	0	0	69.8	46.80	23.00	Inf	Asp	94.5	high confidence set
Chr06	1	14411246	14411317	iMet	CAT	0	0	58.3	28.10	30.20	Inf	iMet	118.7	high confidence set
Chr06	3	16811817	16811900	Leu	CAA	0	0	78.6	55.60	23.00	Inf	Leu	123.0	high confidence set
Chr06	4	18305900	18305972	Glu	CTC	0	0	79.2	53.50	25.70	Inf	Glu	94.2	high confidence set
Chr06	5	19652954	19653035	Ser	AGA	0	0	72.6	39.70	32.90	Inf	Ser	106.9	high confidence set
Chr06	6	20603409	20603490	Ser	TGA	0	0	78.3	44.40	33.90	Inf	Ser	115.8	high confidence set
Chr06	7	20603650	20603731	Ser	TGA	0	0	73.2	39.00	34.20	Inf	Ser	111.5	high confidence set
Chr06	8	21092877	21092948	His	GTG	0	0	53.0	28.00	25.00	Inf	His	77.5	high confidence set
Chr06	9	22188073	22188145	Ala	TGC	0	0	67.5	43.00	24.50	Inf	Ala	99.2	high confidence set
Chr06	10	22218670	22218741	Gln	CTG	0	0	73.6	48.50	25.10	Inf	Gln	105.3	high confidence set
Chr06	12	22577743	22577814	Thr	TGT	0	0	79.3	49.30	30.00	Inf	Thr	92.3	high confidence set
Chr06	13	24183408	24183489	Ser	AGA	0	0	72.9	40.40	32.50	Inf	Ser	107.8	high confidence set
Chr06	14	24813500	24813580	Leu	CAG	0	0	69.5	46.80	22.70	Inf	Leu	109.7	high confidence set
Chr06	15	25403103	25403175	Phe	GAA	0	0	72.0	53.10	18.90	Inf	Phe	108.6	high confidence set
Chr06	16	26268263	26268345	Leu	TAA	0	0	76.1	38.50	37.60	Inf	Leu	99.9	high confidence set
Chr06	17	26441173	26441244	Pro	AGG	0	0	67.4	34.70	32.70	Inf	Pro	112.3	high confidence set
Chr06	18	27624124	27624195	Gly	TCC	0	0	73.9	46.20	27.70	Inf	Gly	85.6	high confidence set
Chr06	19	27629275	27629346	Gly	TCC	0	0	67.5	39.90	27.60	Inf	Gly	75.8	high confidence set
Chr06	20	27631105	27631176	Gly	TCC	0	0	73.9	46.20	27.70	Inf	Gly	85.6	high confidence set
Chr06	21	27638780	27638851	Gly	TCC	0	0	73.9	46.20	27.70	Inf	Gly	85.6	high confidence set
Chr06	22	27640851	27640922	Gly	TCC	0	0	73.9	46.20	27.70	Inf	Gly	85.6	high confidence set
Chr06	23	27927006	27927076	Gly	GCC	0	0	66.5	44.80	21.70	Inf	Gly	94.4	high confidence set
Chr06	24	27947509	27947581	Ala	TGC	0	0	66.4	40.80	25.60	Inf	Ala	100.6	high confidence set
Chr06	25	30439194	30439267	Val	CAC	0	0	68.4	40.30	28.10	Inf	Val	89.4	high confidence set
Chr06	26	30935933	30935860	Arg	TCG	0	0	81.9	60.40	21.50	Inf	Arg	92.9	high confidence set
Chr06	28	29915081	29915010	His	GTG	0	0	63.0	33.70	29.30	Inf	His	86.8	high confidence set
Chr06	29	29576588	29576515	Val	AAC	0	0	72.9	48.60	24.30	Inf	Val	93.8	high confidence set
Chr06	30	28945310	28945239	Gln	CTG	0	0	75.3	51.20	24.10	Inf	Gln	106.0	high confidence set
Chr06	31	28767057	28766985	Val	TAC	0	0	78.2	43.80	34.40	Inf	Val	106.2	high confidence set
Chr06	32	28148578	28148506	Glu	CTC	0	0	79.2	53.50	25.70	Inf	Glu	94.2	high confidence set
Chr06	33	28102048	28101975	Ile	TAT	0	0	65.1	55.00	10.10	Inf	Ile	80.6	high confidence set
Chr06	34	27990336	27990264	Ala	TGC	0	0	66.4	40.80	25.60	Inf	Ala	100.6	high confidence set
Chr06	35	27619731	27619658	Ile	AAT	0	0	81.8	58.30	23.50	Inf	Ile	106.8	high confidence set
Chr06	36	27225798	27225726	Lys	CTT	0	0	87.7	67.60	20.10	Inf	Lys	106.7	high confidence set
Chr06	37	26649752	26649680	Phe	GAA	0	0	78.3	58.40	19.90	Inf	Phe	113.2	high confidence set
Chr06	38	26441804	26441733	Pro	TGG	0	0	68.5	35.70	32.80	Inf	Pro	111.2	high confidence set
Chr06	39	24332305	24332232	Asn	GTT	0	0	74.0	49.10	24.90	Inf	Asn	81.6	high confidence set
Chr06	40	22814089	22814018	Trp	CCA	0	0	75.8	51.20	24.60	Inf	Trp	105.6	high confidence set
Chr06	41	22811625	22811554	Trp	CCA	0	0	75.8	51.20	24.60	Inf	Trp	105.6	high confidence set
Chr06	42	22530385	22530314	His	GTG	0	0	63.0	33.70	29.30	Inf	His	87.1	high confidence set
Chr06	43	21823447	21823376	Gly	TCC	0	0	73.9	46.20	27.70	Inf	Gly	85.6	high confidence set
Chr06	44	21446529	21446457	Arg	CCG	0	0	66.4	52.90	13.50	Inf	Arg	84.9	high confidence set
Chr06	46	20576070	20575998	Ala	CGC	0	0	67.5	42.90	24.60	Inf	Ala	99.2	high confidence set
Chr06	47	18975188	18975116	Val	TAC	0	0	71.8	40.60	31.20	Inf	Val	99.4	high confidence set
Chr06	48	18595814	18595744	Gly	GCC	0	0	66.5	44.80	21.70	Inf	Gly	94.4	high confidence set
Chr06	49	18535546	18535465	Ser	CGA	0	0	78.9	46.60	32.30	Inf	Ser	122.0	high confidence set
Chr06	51	17360171	17360100	iMet	CAT	0	0	57.5	27.40	30.10	Inf	iMet	120.7	high confidence set
Chr06	52	17357404	17357333	Gly	TCC	0	0	73.9	46.20	27.70	Inf	Gly	85.6	high confidence set
Chr07	1	792170	792242	Lys	CTT	0	0	87.7	67.60	20.10	Inf	Lys	106.7	high confidence set
Chr07	2	827590	827661	Cys	GCA	0	0	82.1	59.90	22.20	Inf	Cys	106.6	high confidence set
Chr07	3	843784	843856	Arg	CCG	0	0	81.6	59.50	22.10	Inf	Arg	85.0	high confidence set
Chr07	4	1045112	1045196	Met	CAT	1045150	1045160	64.2	40.80	23.40	Inf	Met	104.0	high confidence set
Chr07	6	2596284	2596355	Gly	TCC	0	0	73.9	46.20	27.70	Inf	Gly	85.6	high confidence set
Chr07	7	2883310	2883381	Lys	TTT	0	0	80.5	60.60	19.90	Inf	Lys	85.9	high confidence set
Chr07	9	3666625	3666696	Pro	TGG	0	0	68.5	35.70	32.80	Inf	Pro	111.2	high confidence set
Chr07	10	4315289	4315368	Leu	TAG	0	0	69.5	48.50	21.00	Inf	Leu	111.5	high confidence set
Chr07	11	5009285	5009357	Phe	GAA	0	0	78.3	58.40	19.90	Inf	Phe	113.2	high confidence set
Chr07	12	5016262	5016334	Phe	GAA	0	0	78.3	58.40	19.90	Inf	Phe	113.2	high confidence set
Chr07	13	6184033	6184106	Val	AAC	0	0	72.9	48.60	24.30	Inf	Val	93.8	high confidence set
Chr07	14	7084772	7084845	Asn	GTT	0	0	82.3	57.10	25.20	Inf	Asn	92.8	high confidence set
Chr07	15	10859382	10859454	Glu	CTC	0	0	78.9	53.10	25.80	Inf	Glu	99.2	high confidence set
Chr07	16	12284064	12284137	Arg	TCG	0	0	82.3	61.00	21.30	Inf	Arg	91.9	high confidence set
Chr07	17	13216095	13216168	Val	AAC	0	0	72.9	48.60	24.30	Inf	Val	93.8	high confidence set
Chr07	18	18945333	18945406	Ile	AAT	0	0	79.3	55.80	23.50	Inf	Ile	104.3	high confidence set
Chr07	19	24558070	24558151	Ser	AGA	0	0	77.8	43.40	34.40	Inf	Ser	110.9	high confidence set
Chr07	20	24588436	24588526	Tyr	GTA	24588473	24588490	74.3	42.80	31.50	Inf	Tyr	111.8	high confidence set
Chr07	21	27996420	27996492	Arg	ACG	0	0	71.6	51.00	20.60	Inf	Arg	91.2	high confidence set
Chr07	22	28187602	28187682	Leu	AAG	0	0	74.0	52.20	21.80	Inf	Leu	110.4	high confidence set
Chr07	23	32274952	32275023	Pro	AGG	0	0	67.4	34.70	32.70	Inf	Pro	112.3	high confidence set
Chr07	24	32295800	32295873	Thr	AGT	0	0	75.0	46.80	28.20	Inf	Thr	89.8	high confidence set
Chr07	25	32685939	32686012	Ile	TAT	0	0	85.9	70.60	15.30	Inf	Ile	103.9	high confidence set
Chr07	26	33279599	33279671	Phe	GAA	0	0	76.1	54.40	21.70	Inf	Phe	115.3	high confidence set
Chr07	27	34260796	34260877	Leu	AAG	0	0	67.5	45.90	21.60	Inf	Leu	98.2	high confidence set
Chr07	28	34714014	34714096	Leu	TAA	0	0	75.1	36.70	38.40	Inf	Leu	99.0	high confidence set
Chr07	29	34820395	34820467	Arg	TCT	0	0	64.5	48.30	16.20	Inf	Arg	91.9	high confidence set
Chr07	30	37586900	37586971	Asp	GTC	0	0	69.8	46.80	23.00	Inf	Asp	94.5	high confidence set
Chr07	31	37719414	37719487	Thr	AGT	0	0	70.3	42.10	28.20	Inf	Thr	85.8	high confidence set
Chr07	32	38268757	38268838	Ser	GCT	0	0	80.5	45.20	35.30	Inf	Ser	109.5	high confidence set
Chr07	33	38429362	38429433	Gly	TCC	0	0	73.9	46.20	27.70	Inf	Gly	85.6	high confidence set
Chr07	34	38581860	38581932	Arg	CCT	0	0	69.1	50.30	18.80	Inf	Arg	81.2	high confidence set
Chr07	35	38584002	38584074	Arg	CCT	0	0	69.1	50.30	18.80	Inf	Arg	81.2	high confidence set
Chr07	36	39460569	39460640	Asp	GTC	0	0	68.0	45.20	22.80	Inf	Asp	91.9	high confidence set
Chr07	37	39474190	39474263	Asn	GTT	0	0	84.5	59.40	25.10	Inf	Asn	95.9	high confidence set
Chr07	38	38674477	38674406	Cys	GCA	0	0	82.1	59.90	22.20	Inf	Cys	106.6	high confidence set
Chr07	39	38123170	38123098	Ala	TGC	0	0	70.0	45.30	24.70	Inf	Ala	100.6	high confidence set
Chr07	40	38025931	38025849	Leu	TAA	0	0	75.1	36.70	38.40	Inf	Leu	99.0	high confidence set
Chr07	41	37183726	37183653	Asn	GTT	0	0	82.3	57.10	25.20	Inf	Asn	92.8	high confidence set
Chr07	42	34664908	34664824	Met	CAT	34664870	34664860	64.2	40.80	23.40	Inf	Met	104.0	high confidence set
Chr07	43	33282148	33282076	Phe	GAA	0	0	76.1	54.40	21.70	Inf	Phe	115.3	high confidence set
Chr07	44	32354956	32354884	Ala	AGC	0	0	63.4	38.20	25.20	Inf	Ala	98.3	high confidence set
Chr07	45	32350373	32350302	Pro	CGG	0	0	65.2	35.80	29.40	Inf	Pro	103.5	high confidence set
Chr07	46	32038898	32038827	Glu	TTC	0	0	70.5	45.30	25.20	Inf	Glu	97.5	high confidence set
Chr07	47	31764680	31764610	Gly	GCC	0	0	66.5	44.80	21.70	Inf	Gly	94.4	high confidence set
Chr07	48	28438736	28438655	Ser	TGA	0	0	78.3	44.40	33.90	Inf	Ser	115.8	high confidence set
Chr07	49	28200267	28200196	Pro	AGG	0	0	67.4	34.70	32.70	Inf	Pro	112.3	high confidence set
Chr07	50	22976936	22976863	Ile	AAT	0	0	69.3	53.00	16.30	Inf	Ile	93.4	high confidence set
Chr07	51	13215991	13215918	Val	AAC	0	0	72.9	48.60	24.30	Inf	Val	93.8	high confidence set
Chr07	52	13049927	13049857	Gly	CCC	0	0	66.3	29.50	36.80	Inf	Gly	89.7	high confidence set
Chr07	54	11714349	11714278	Asp	GTC	0	0	69.8	46.80	23.00	Inf	Asp	94.5	high confidence set
Chr07	55	10855820	10855748	Glu	CTC	0	0	78.9	53.10	25.80	Inf	Glu	94.8	high confidence set
Chr07	56	5011725	5011653	Phe	GAA	0	0	78.3	58.40	19.90	Inf	Phe	113.2	high confidence set
Chr07	57	5005486	5005414	Phe	GAA	0	0	76.1	54.40	21.70	Inf	Phe	115.3	high confidence set
Chr07	58	5002529	5002457	Phe	GAA	0	0	74.8	56.60	18.20	Inf	Phe	110.2	high confidence set
Chr07	59	3743325	3743254	Pro	TGG	0	0	68.5	35.70	32.80	Inf	Pro	111.2	high confidence set
Chr07	60	3743154	3743083	Pro	CGG	0	0	68.4	35.70	32.70	Inf	Pro	111.1	high confidence set
Chr07	61	3741878	3741807	Pro	AGG	0	0	67.4	34.70	32.70	Inf	Pro	112.3	high confidence set
Chr07	62	3740219	3740148	Pro	TGG	0	0	68.5	35.70	32.80	Inf	Pro	111.2	high confidence set
Chr07	63	3738923	3738852	Pro	AGG	0	0	67.4	34.70	32.70	Inf	Pro	112.3	high confidence set
Chr07	64	3738171	3738100	Pro	TGG	0	0	68.5	35.70	32.80	Inf	Pro	111.2	high confidence set
Chr07	65	3737284	3737213	Pro	AGG	0	0	67.4	34.70	32.70	Inf	Pro	112.3	high confidence set
Chr07	66	3736494	3736415	Pro	TGG	0	0	59.0	28.40	30.60	Inf	Pro	94.1	high confidence set
Chr07	67	3735424	3735353	Pro	TGG	0	0	68.5	35.70	32.80	Inf	Pro	111.2	high confidence set
Chr07	69	3731074	3731003	Pro	AGG	0	0	67.4	34.70	32.70	Inf	Pro	112.3	high confidence set
Chr07	70	3729157	3729086	Pro	TGG	0	0	68.5	35.70	32.80	Inf	Pro	111.2	high confidence set
Chr07	71	3727595	3727524	Pro	TGG	0	0	68.5	35.70	32.80	Inf	Pro	111.2	high confidence set
Chr07	73	3706667	3706596	Pro	AGG	0	0	67.4	34.70	32.70	Inf	Pro	112.3	high confidence set
Chr07	74	3705033	3704962	Pro	TGG	0	0	68.5	35.70	32.80	Inf	Pro	111.2	high confidence set
Chr07	75	3703366	3703295	Pro	TGG	0	0	68.5	35.70	32.80	Inf	Pro	111.2	high confidence set
Chr07	77	3698561	3698490	Pro	TGG	0	0	68.5	35.70	32.80	Inf	Pro	111.2	high confidence set
Chr07	78	3696926	3696855	Pro	AGG	0	0	67.4	34.70	32.70	Inf	Pro	112.3	high confidence set
Chr07	79	3695566	3695495	Pro	TGG	0	0	68.9	36.50	32.40	Inf	Pro	109.4	high confidence set
Chr07	80	3693935	3693864	Pro	TGG	0	0	50.6	23.60	27.00	Inf	Pro	88.8	high confidence set
Chr07	81	3692749	3692678	Pro	TGG	0	0	68.5	35.70	32.80	Inf	Pro	111.2	high confidence set
Chr07	82	3691814	3691743	Pro	AGG	0	0	67.4	34.70	32.70	Inf	Pro	112.3	high confidence set
Chr07	83	3643370	3643297	Asn	GTT	0	0	81.4	55.60	25.80	Inf	Asn	91.4	high confidence set
Chr07	86	1515020	1514949	Asn	GTT	0	0	76.1	53.10	23.00	Inf	Asn	83.1	high confidence set
Chr08	1	237615	237688	Thr	AGT	0	0	73.6	45.20	28.40	Inf	Thr	88.6	high confidence set
Chr08	2	1937093	1937164	iMet	CAT	0	0	57.5	27.40	30.10	Inf	iMet	120.7	high confidence set
Chr08	3	3648043	3648116	Val	AAC	0	0	69.0	47.30	21.70	Inf	Val	87.7	high confidence set
Chr08	4	6010154	6010227	Val	CAC	0	0	82.4	54.40	28.00	Inf	Val	103.7	high confidence set
Chr08	5	8395971	8396064	Tyr	GTA	8396008	8396028	74.2	42.60	31.60	Inf	Tyr	111.8	high confidence set
Chr08	6	9882749	9882819	Gly	GCC	0	0	63.6	46.30	17.30	Inf	Gly	88.2	high confidence set
Chr08	7	9886279	9886349	Gly	GCC	0	0	66.5	44.80	21.70	Inf	Gly	94.4	high confidence set
Chr08	8	9906113	9906183	Gly	GCC	0	0	56.7	43.40	13.30	Inf	Gly	85.3	high confidence set
Chr08	9	12146914	12146986	Lys	TTT	0	0	89.7	65.30	24.40	Inf	Lys	92.7	high confidence set
Chr08	10	13433063	13433134	iMet	CAT	0	0	58.3	28.10	30.20	Inf	iMet	118.7	high confidence set
Chr08	11	13510427	13510500	Val	CAC	0	0	81.5	53.50	28.00	Inf	Val	103.7	high confidence set
Chr08	12	21155424	21155503	Lys	TTT	0	0	80.8	57.40	23.40	Inf	Lys	77.7	high confidence set
Chr08	13	34800293	34800364	Trp	CCA	0	0	64.5	46.10	18.40	Inf	Trp	89.8	high confidence set
Chr08	14	43796248	43796331	Met	CAT	43796286	43796295	56.3	32.80	23.50	Inf	Met	97.0	high confidence set
Chr08	15	47226883	47226954	Trp	CCA	0	0	75.8	51.20	24.60	Inf	Trp	105.6	high confidence set
Chr08	16	48697088	48697160	Lys	CTT	0	0	84.1	65.80	18.30	Inf	Lys	103.0	high confidence set
Chr08	17	53461502	53461573	Lys	TTT	0	0	91.4	67.70	23.70	Inf	Lys	96.8	high confidence set
Chr08	18	53466277	53466348	Lys	TTT	0	0	70.9	54.70	16.20	Inf	Ile	71.0	IPD:-2.90,isotype mismatch
Chr08	19	53739478	53739549	Glu	TTC	0	0	72.0	47.50	24.50	Inf	Glu	101.6	high confidence set
Chr08	21	55472632	55472715	Leu	CAA	0	0	79.5	54.50	25.00	Inf	Leu	126.8	high confidence set
Chr08	22	57037751	57037823	Lys	CTT	0	0	87.7	67.60	20.10	Inf	Lys	106.7	high confidence set
Chr08	23	57694016	57694088	Arg	CCT	0	0	74.8	55.90	18.90	Inf	Arg	87.5	high confidence set
Chr08	24	57866964	57867035	Asp	GTC	0	0	60.1	38.00	22.10	Inf	Asp	80.2	high confidence set
Chr08	25	58161935	58162008	Val	CAC	0	0	82.4	54.40	28.00	Inf	Val	103.7	high confidence set
Chr08	26	58316265	58316338	Lys	CTT	0	0	72.0	50.60	21.40	Inf	Asn	79.2	IPD:-14.80,isotype mismatch
Chr08	27	58351591	58351664	Asn	GTT	0	0	82.3	57.10	25.20	Inf	Asn	92.8	high confidence set
Chr08	28	58352119	58352192	Asn	GTT	0	0	79.5	54.60	24.90	Inf	Asn	87.7	high confidence set
Chr08	30	59728937	59729007	Gly	GCC	0	0	61.1	39.30	21.80	Inf	Gly	85.9	high confidence set
Chr08	31	59754482	59754552	Gly	GCC	0	0	66.5	44.80	21.70	Inf	Gly	94.4	high confidence set
Chr08	32	59757883	59757953	Gly	GCC	0	0	66.5	44.80	21.70	Inf	Gly	94.4	high confidence set
Chr08	33	59761826	59761896	Gly	GCC	0	0	66.5	44.80	21.70	Inf	Gly	94.4	high confidence set
Chr08	34	60311719	60311647	Sup	TTA	0	0	74.8	57.30	17.50	Inf	Lys	75.4	IPD:-75.40,unexpected anticodon
Chr08	35	59191722	59191650	Phe	GAA	0	0	76.1	54.40	21.70	Inf	Phe	115.3	high confidence set
Chr08	36	59176536	59176464	Phe	GAA	0	0	76.1	54.40	21.70	Inf	Phe	115.3	high confidence set
Chr08	37	59082352	59082271	Ser	AGA	0	0	55.4	38.30	17.10	Inf	Ser	91.1	high confidence set
Chr08	38	58586053	58585982	iMet	CAT	0	0	58.3	28.10	30.20	Inf	iMet	118.7	high confidence set
Chr08	39	58316501	58316420	Ser	AGA	0	0	74.0	39.40	34.60	Inf	Ser	110.4	high confidence set
Chr08	40	55928485	55928415	Gly	GCC	0	0	66.5	44.80	21.70	Inf	Gly	94.4	high confidence set
Chr08	41	54595516	54595445	Glu	TTC	0	0	70.4	48.40	22.00	Inf	Glu	100.4	high confidence set
Chr08	42	53194997	53194925	Phe	GAA	0	0	76.1	54.40	21.70	Inf	Phe	115.3	high confidence set
Chr08	43	52300830	52300757	Ile	AAT	0	0	73.6	50.40	23.20	Inf	Ile	99.6	high confidence set
Chr08	44	49144478	49144394	Met	CAT	49144440	49144430	64.3	40.80	23.50	Inf	Met	104.0	high confidence set
Chr08	45	49053759	49053667	Tyr	GTA	49053722	49053703	74.2	42.70	31.50	Inf	Tyr	111.8	high confidence set
Chr08	47	43793926	43793855	Gln	TTG	0	0	73.5	53.70	19.80	Inf	Gln	104.8	high confidence set
Chr08	48	43698627	43698555	Ala	AGC	0	0	53.7	29.60	24.10	Inf	Ala	86.4	high confidence set
Chr08	49	34774959	34774888	Trp	CCA	0	0	75.1	50.10	25.00	Inf	Trp	105.0	high confidence set
Chr08	50	34705174	34705103	Trp	CCA	0	0	75.1	50.10	25.00	Inf	Trp	105.0	high confidence set
Chr08	51	27683538	27683466	Lys	TTT	0	0	87.8	65.80	22.00	Inf	Lys	90.9	high confidence set
Chr08	52	13254276	13254205	Pro	AGG	0	0	67.4	34.70	32.70	Inf	Pro	112.3	high confidence set
Chr08	53	10163752	10163680	Ala	AGC	0	0	50.9	30.90	20.00	Inf	Ala	88.4	high confidence set
Chr08	54	9482795	9482725	Gly	GCC	0	0	66.5	44.80	21.70	Inf	Gly	94.4	high confidence set
Chr08	55	9077912	9077841	Gln	TTG	0	0	73.5	53.70	19.80	Inf	Gln	104.8	high confidence set
Chr08	56	8486073	8485980	Tyr	GTA	8486036	8486016	52.3	27.90	24.40	Inf	Tyr	82.6	high confidence set
Chr08	57	8394732	8394641	Tyr	GTA	8394695	8394677	74.2	42.70	31.50	Inf	Tyr	111.8	high confidence set
Chr08	58	5143835	5143763	Ala	AGC	0	0	63.4	38.20	25.20	Inf	Ala	98.3	high confidence set
Chr08	59	5140663	5140591	Ala	AGC	0	0	63.4	38.20	25.20	Inf	Ala	98.3	high confidence set
Chr08	61	4094190	4094119	Lys	TTT	0	0	92.3	68.60	23.70	Inf	Lys	97.5	high confidence set
Chr08	62	3529974	3529894	Leu	CAG	0	0	69.5	46.80	22.70	Inf	Leu	109.7	high confidence set
Chr08	63	2548725	2548653	Ala	AGC	0	0	63.4	38.20	25.20	Inf	Ala	98.3	high confidence set
Chr08	64	1949280	1949200	Leu	CAG	0	0	69.5	46.80	22.70	Inf	Leu	109.7	high confidence set
Chr08	65	1714596	1714525	Glu	TTC	0	0	72.0	47.50	24.50	Inf	Glu	101.6	high confidence set
Chr08	68	734495	734422	Val	CAC	0	0	82.4	54.40	28.00	Inf	Val	103.7	high confidence set
Chr09	1	2078735	2078814	Leu	TAG	0	0	71.1	47.90	23.20	Inf	Leu	112.2	high confidence set
Chr09	4	5871524	5871595	Glu	TTC	0	0	58.5	34.60	23.90	Inf	Glu	87.3	high confidence set
Chr09	5	6303405	6303476	Trp	CCA	0	0	75.8	51.20	24.60	Inf	Trp	105.6	high confidence set
Chr09	6	6939586	6939658	Lys	CTT	0	0	87.7	67.60	20.10	Inf	Lys	106.7	high confidence set
Chr09	7	9360868	9360939	Trp	CCA	0	0	75.8	51.20	24.60	Inf	Trp	105.6	high confidence set
Chr09	9	12861667	12861746	Leu	TAG	0	0	69.5	48.50	21.00	Inf	Leu	111.5	high confidence set
Chr09	11	15774962	15775045	Leu	CAA	0	0	81.0	54.80	26.20	Inf	Leu	127.6	high confidence set
Chr09	13	23534397	23534478	Ser	AGA	0	0	76.3	41.60	34.70	Inf	Ser	112.1	high confidence set
Chr09	15	24757379	24757459	Leu	AAG	0	0	62.7	45.60	17.10	Inf	Leu	98.8	high confidence set
Chr09	16	28205115	28205187	Ala	AGC	0	0	63.4	38.20	25.20	Inf	Ala	98.3	high confidence set
Chr09	17	29956720	29956791	Asp	GTC	0	0	61.2	39.70	21.50	Inf	Asp	86.8	high confidence set
Chr09	18	32234921	32235002	Ser	TGA	0	0	78.3	44.40	33.90	Inf	Ser	115.8	high confidence set
Chr09	19	37432673	37432744	Pro	TGG	0	0	68.5	35.70	32.80	Inf	Pro	111.2	high confidence set
Chr09	20	37807427	37807356	Cys	GCA	0	0	82.1	59.90	22.20	Inf	Cys	106.6	high confidence set
Chr09	21	37313853	37313780	Thr	AGT	0	0	75.3	47.40	27.90	Inf	Thr	89.8	high confidence set
Chr09	22	37031074	37031003	iMet	CAT	0	0	50.1	22.60	27.50	Inf	iMet	108.8	high confidence set
Chr09	23	36813081	36813011	Gly	CCC	0	0	66.6	30.00	36.60	Inf	Gly	89.4	high confidence set
Chr09	24	31412152	31412079	Thr	AGT	0	0	70.0	46.70	23.30	Inf	Thr	83.4	high confidence set
Chr09	25	30841804	30841733	Asp	GTC	0	0	69.8	46.80	23.00	Inf	Asp	95.8	high confidence set
Chr09	26	30718295	30718224	Thr	CGT	0	0	82.2	57.60	24.60	Inf	Thr	90.2	high confidence set
Chr09	27	28788532	28788459	Ala	TGC	0	0	50.1	32.70	17.40	Inf	Ala	70.0	high confidence set
Chr09	28	28591445	28591374	Thr	GGT	0	0	58.2	29.20	29.00	Inf	Thr	73.0	unexpected anticodon
Chr09	30	27415655	27415584	Asp	GTC	0	0	69.8	46.80	23.00	Inf	Asp	94.5	high confidence set
Chr09	31	24745752	24745672	Leu	AAG	0	0	74.0	52.20	21.80	Inf	Leu	110.4	high confidence set
Chr09	32	24692864	24692791	Arg	TCG	0	0	81.9	60.40	21.50	Inf	Arg	92.9	high confidence set
Chr09	33	23244022	23243951	His	GTG	0	0	63.0	33.70	29.30	Inf	His	86.8	high confidence set
Chr09	34	20142717	20142646	Gln	TTG	0	0	73.5	53.70	19.80	Inf	Gln	104.8	high confidence set
Chr09	35	19109503	19109419	Met	CAT	19109465	19109455	64.3	40.80	23.50	Inf	Met	104.0	high confidence set
Chr09	36	18399817	18399745	Glu	CTC	0	0	78.9	53.10	25.80	Inf	Glu	99.2	high confidence set
Chr09	37	16397320	16397248	Phe	GAA	0	0	76.1	54.40	21.70	Inf	Phe	115.3	high confidence set
Chr09	38	15241126	15241055	Gly	TCC	0	0	71.3	44.40	26.90	Inf	Gly	82.3	high confidence set
Chr09	39	14776368	14776296	Arg	CCG	0	0	68.0	51.50	16.50	Inf	Arg	95.2	high confidence set
Chr09	41	14266550	14266477	Thr	AGT	0	0	69.3	41.60	27.70	Inf	Thr	83.7	high confidence set
Chr09	42	13416047	13415976	Asp	GTC	0	0	69.8	46.80	23.00	Inf	Asp	94.5	high confidence set
Chr09	43	13415902	13415831	Asp	GTC	0	0	55.2	39.50	15.70	Inf	Asp	73.8	high confidence set
Chr09	44	13415755	13415684	Asp	GTC	0	0	62.6	43.60	19.00	Inf	Asp	91.0	high confidence set
Chr09	45	12646659	12646588	Asp	GTC	0	0	69.8	46.80	23.00	Inf	Asp	94.5	high confidence set
Chr09	46	12602737	12602666	Asp	GTC	0	0	69.8	46.80	23.00	Inf	Asp	94.5	high confidence set
Chr09	47	12403845	12403774	Pro	TGG	0	0	68.5	35.70	32.80	Inf	Pro	111.2	high confidence set
Chr09	48	11191238	11191165	Arg	TCT	0	0	61.3	43.20	18.10	Inf	Arg	86.3	high confidence set
Chr09	49	10225570	10225498	Ala	CGC	0	0	68.3	43.90	24.40	Inf	Ala	97.7	high confidence set
Chr09	50	9682226	9682147	Leu	TAG	0	0	69.5	48.50	21.00	Inf	Leu	111.5	high confidence set
Chr09	52	7284438	7284354	Met	CAT	7284400	7284390	62.3	39.70	22.60	Inf	Met	100.3	high confidence set
Chr09	53	7246331	7246246	Tyr	GTA	7246294	7246282	74.5	43.00	31.50	Inf	Tyr	111.8	high confidence set
Chr09	54	5782163	5782092	Gln	CTG	0	0	74.6	50.10	24.50	Inf	Gln	102.4	high confidence set
Chr09	55	3166404	3166321	Leu	CAA	0	0	78.8	55.90	22.90	Inf	Leu	121.7	high confidence set
Chr09	56	448405	448322	Leu	CAA	0	0	78.6	55.60	23.00	Inf	Leu	123.0	high confidence set
Chr09	57	375771	375688	Leu	CAA	0	0	71.3	48.80	22.50	Inf	Leu	116.1	high confidence set
Chr10	1	5147108	5147179	Asp	GTC	0	0	70.0	47.20	22.80	Inf	Asp	93.4	high confidence set
Chr10	3	5908635	5908713	Arg	ACG	0	0	56.5	44.90	11.60	Inf	Ile	73.7	IPD:-23.30,isotype mismatch
Chr10	4	9140441	9140514	Thr	AGT	0	0	73.6	45.20	28.40	Inf	Thr	88.6	high confidence set
Chr10	6	21017475	21017562	Tyr	GTA	21017512	21017526	74.4	42.90	31.50	Inf	Tyr	111.8	high confidence set
Chr10	7	21062224	21062311	Tyr	GTA	21062261	21062275	74.4	42.90	31.50	Inf	Tyr	111.8	high confidence set
Chr10	8	21065366	21065454	Tyr	GTA	21065403	21065418	50.6	28.30	22.30	Inf	Tyr	88.2	high confidence set
Chr10	9	22586110	22586180	Gly	GCC	0	0	66.5	44.80	21.70	Inf	Gly	94.4	high confidence set
Chr10	10	23662585	23662658	Val	AAC	0	0	66.3	51.30	15.00	Inf	Val	85.3	high confidence set
Chr10	11	23673302	23673375	Val	AAC	0	0	72.9	48.60	24.30	Inf	Val	93.8	high confidence set
Chr10	14	34311374	34311444	Gly	GCC	0	0	66.5	44.80	21.70	Inf	Gly	94.4	high confidence set
Chr10	15	34382080	34382150	Gly	GCC	0	0	66.5	44.80	21.70	Inf	Gly	94.4	high confidence set
Chr10	16	37604717	37604789	Ala	AGC	0	0	63.4	38.20	25.20	Inf	Ala	98.3	high confidence set
Chr10	17	39075751	39075823	Ala	CGC	0	0	65.5	41.70	23.80	Inf	Ala	97.9	high confidence set
Chr10	18	40207540	40207626	Met	CAT	40207578	40207590	64.2	40.70	23.50	Inf	Met	104.0	high confidence set
Chr10	19	40661861	40661932	iMet	CAT	0	0	58.3	28.10	30.20	Inf	iMet	118.7	high confidence set
Chr10	20	42741157	42741229	Lys	CTT	0	0	87.7	67.60	20.10	Inf	Lys	106.7	high confidence set
Chr10	21	43501473	43501545	Lys	CTT	0	0	87.7	67.60	20.10	Inf	Lys	106.7	high confidence set
Chr10	22	43502824	43502896	Lys	CTT	0	0	87.7	67.60	20.10	Inf	Lys	106.7	high confidence set
Chr10	23	43083722	43083649	Arg	TCG	0	0	82.3	61.00	21.30	Inf	Arg	91.9	high confidence set
Chr10	24	42897631	42897551	Leu	AAG	0	0	74.0	52.20	21.80	Inf	Leu	110.4	high confidence set
Chr10	26	41881384	41881313	Gln	TTG	0	0	56.7	43.40	13.30	Inf	Gln	86.8	high confidence set
Chr10	28	40133175	40133089	Met	CAT	40133137	40133125	64.2	40.70	23.50	Inf	Met	104.0	high confidence set
Chr10	29	39972446	39972375	Cys	GCA	0	0	82.1	59.90	22.20	Inf	Cys	106.6	high confidence set
Chr10	30	37665231	37665160	Gly	TCC	0	0	54.7	34.70	20.00	Inf	Gly	70.7	high confidence set
Chr10	31	36354250	36354177	Val	CAC	0	0	82.4	54.40	28.00	Inf	Val	103.7	high confidence set
Chr10	32	35670308	35670238	Gly	GCC	0	0	66.5	44.80	21.70	Inf	Gly	94.4	high confidence set
Chr10	33	35645926	35645856	Gly	GCC	0	0	66.5	44.80	21.70	Inf	Gly	94.4	high confidence set
Chr10	34	35354356	35354285	Asp	GTC	0	0	69.8	46.80	23.00	Inf	Asp	94.5	high confidence set
Chr10	35	35193718	35193648	Gly	GCC	0	0	66.5	44.80	21.70	Inf	Gly	94.4	high confidence set
Chr10	36	35183266	35183196	Gly	GCC	0	0	66.5	44.80	21.70	Inf	Gly	94.4	high confidence set
Chr10	37	34064560	34064480	Leu	AAG	0	0	74.0	52.20	21.80	Inf	Leu	110.4	high confidence set
Chr10	39	24294668	24294600	Lys	CTT	0	0	71.8	57.90	13.90	Inf	Lys	94.7	high confidence set
Chr10	40	11193631	11193560	Gln	TTG	0	0	73.5	53.70	19.80	Inf	Gln	104.8	high confidence set
Chr10	41	11027899	11027828	Gln	TTG	0	0	77.1	57.60	19.50	Inf	Gln	109.8	high confidence set
Chr10	42	8756987	8756916	Lys	TTT	0	0	86.5	62.70	23.80	Inf	Lys	89.9	high confidence set
Chr10	43	5147617	5147546	Asp	GTC	0	0	70.0	47.20	22.80	Inf	Asp	93.4	high confidence set
Chr10	44	4810653	4810580	Val	AAC	0	0	72.9	48.60	24.30	Inf	Val	93.8	high confidence set
Chr10	45	4803491	4803418	Val	AAC	0	0	72.9	48.60	24.30	Inf	Val	93.8	high confidence set
Chr10	46	4796957	4796884	Val	AAC	0	0	72.9	48.60	24.30	Inf	Val	93.8	high confidence set
Chr10	47	4776853	4776780	Val	AAC	0	0	72.9	48.60	24.30	Inf	Val	93.8	high confidence set
Chr10	48	4773646	4773573	Val	AAC	0	0	72.9	48.60	24.30	Inf	Val	93.8	high confidence set
Chr10	49	3550855	3550784	Cys	GCA	0	0	82.1	59.90	22.20	Inf	Cys	106.6	high confidence set
Chr10	50	877614	877541	Asn	GTT	0	0	82.3	57.10	25.20	Inf	Asn	92.8	high confidence set
Chr11	1	904416	904487	Gly	TCC	0	0	73.9	46.20	27.70	Inf	Gly	85.6	high confidence set
Chr11	2	3145924	3145996	Glu	CTC	0	0	79.2	53.50	25.70	Inf	Glu	94.2	high confidence set
Chr11	3	3146177	3146249	Glu	CTC	0	0	78.9	53.10	25.80	Inf	Glu	99.2	high confidence set
Chr11	4	3664068	3664139	Pro	CGG	0	0	68.5	36.10	32.40	Inf	Pro	108.5	high confidence set
Chr11	5	4060022	4060093	Gln	CTG	0	0	74.6	50.10	24.50	Inf	Gln	105.2	high confidence set
Chr11	6	5001610	5001682	Thr	TGT	0	0	76.7	49.00	27.70	Inf	Thr	86.2	high confidence set
Chr11	7	8256299	8256371	Val	TAC	0	0	77.8	43.10	34.70	Inf	Val	106.5	high confidence set
Chr11	8	8842235	8842315	Leu	AAG	0	0	74.0	52.20	21.80	Inf	Leu	110.4	high confidence set
Chr11	9	17146677	17146758	Ser	GCT	0	0	80.5	45.20	35.30	Inf	Ser	109.5	high confidence set
Chr11	10	17307593	17307665	Val	TAC	0	0	78.2	43.80	34.40	Inf	Val	106.2	high confidence set
Chr11	11	17648413	17648485	Arg	CCT	0	0	66.0	50.30	15.70	Inf	Arg	78.1	high confidence set
Chr11	14	36110820	36110892	Ala	AGC	0	0	63.4	38.20	25.20	Inf	Ala	98.3	high confidence set
Chr11	15	41794058	41794130	Glu	CTC	0	0	65.0	48.30	16.70	Inf	Glu	82.9	high confidence set
Chr11	17	44638569	44638650	Ser	AGA	0	0	67.4	35.80	31.60	Inf	Ser	105.0	high confidence set
Chr11	18	44640462	44640543	Ser	AGA	0	0	65.0	37.20	27.80	Inf	Ser	97.4	high confidence set
Chr11	19	44641070	44641151	Ser	AGA	0	0	71.9	38.00	33.90	Inf	Ser	101.2	high confidence set
Chr11	20	44641381	44641462	Ser	AGA	0	0	75.0	40.30	34.70	Inf	Ser	109.7	high confidence set
Chr11	21	45531393	45531465	Ala	AGC	0	0	63.4	38.20	25.20	Inf	Ala	98.3	high confidence set
Chr11	22	46923180	46923252	Glu	CTC	0	0	80.4	54.70	25.70	Inf	Glu	91.7	high confidence set
Chr11	23	49622703	49622784	Ser	GCT	0	0	80.5	45.20	35.30	Inf	Ser	109.5	high confidence set
Chr11	24	49994994	49995077	Leu	CAA	0	0	76.7	54.50	22.20	Inf	Leu	123.1	high confidence set
Chr11	25	52810434	52810506	Arg	ACG	0	0	71.7	49.10	22.60	Inf	Arg	91.4	high confidence set
Chr11	26	51489505	51489434	Gln	CTG	0	0	74.6	50.10	24.50	Inf	Gln	105.2	high confidence set
Chr11	28	50187564	50187481	Leu	CAA	0	0	76.7	54.50	22.20	Inf	Leu	123.1	high confidence set
Chr11	29	50181320	50181237	Leu	CAA	0	0	76.7	54.50	22.20	Inf	Leu	123.1	high confidence set
Chr11	30	48764669	48764597	Arg	CCG	0	0	65.5	47.30	18.20	Inf	Arg	88.8	high confidence set
Chr11	31	47025289	47025217	Ala	TGC	0	0	70.0	45.30	24.70	Inf	Ala	100.6	high confidence set
Chr11	33	44633606	44633525	Ser	AGA	0	0	65.4	33.40	32.00	Inf	Ser	97.9	high confidence set
Chr11	34	40961810	40961737	Ile	AAT	0	0	79.3	55.80	23.50	Inf	Ile	104.3	high confidence set
Chr11	35	40327574	40327501	Ile	AAT	0	0	77.8	56.70	21.10	Inf	Ile	97.1	high confidence set
Chr11	36	40317897	40317824	Ile	AAT	0	0	79.3	55.80	23.50	Inf	Ile	104.3	high confidence set
Chr11	38	35081444	35081374	Gly	CCC	0	0	56.7	29.60	27.10	Inf	Gly	75.8	high confidence set
Chr11	39	12454294	12454213	Ser	CGA	0	0	78.9	46.60	32.30	Inf	Ser	122.0	high confidence set
Chr11	40	12442700	12442611	Tyr	GTA	12442663	12442647	74.3	42.90	31.40	Inf	Tyr	111.8	high confidence set
Chr11	41	12406998	12406926	Ala	AGC	0	0	63.4	38.20	25.20	Inf	Ala	98.3	high confidence set
Chr11	42	9812713	9812642	Gln	CTG	0	0	75.3	51.20	24.10	Inf	Gln	106.0	high confidence set
Chr11	43	8750513	8750431	Leu	TAA	0	0	76.1	38.50	37.60	Inf	Leu	99.9	high confidence set
Chr11	44	5373743	5373662	Ser	GCT	0	0	80.5	45.20	35.30	Inf	Ser	109.5	high confidence set
Chr11	45	5002857	5002770	Ser	GGA	0	0	55.0	31.00	24.00	Inf	Ser	75.1	unexpected anticodon
Chr11	46	4999838	4999766	Phe	GAA	0	0	67.7	46.10	21.60	Inf	Phe	73.4	high confidence set
Chr11	47	4875328	4875257	Thr	TGT	0	0	84.3	58.00	26.30	Inf	Thr	93.3	high confidence set
Chr11	48	4764499	4764428	Thr	TGT	0	0	84.3	58.00	26.30	Inf	Thr	93.3	high confidence set
Chr11	49	4763057	4762986	Thr	TGT	0	0	81.8	55.50	26.30	Inf	Thr	90.3	high confidence set
Chr11	50	4665786	4665714	Ala	AGC	0	0	56.8	35.10	21.70	Inf	Ala	94.1	high confidence set
Chr11	51	4394367	4394294	Ile	AAT	0	0	79.3	55.80	23.50	Inf	Ile	104.3	high confidence set
Chr11	52	4328314	4328243	iMet	CAT	0	0	58.3	28.10	30.20	Inf	iMet	118.7	high confidence set
Chr11	53	3803696	3803624	Ala	TGC	0	0	70.0	45.30	24.70	Inf	Ala	100.6	high confidence set
Chr11	54	3479418	3479335	Leu	CAA	0	0	80.3	54.20	26.10	Inf	Leu	121.9	high confidence set
Chr11	55	909115	909043	Arg	TCT	0	0	66.7	48.30	18.40	Inf	Arg	96.9	high confidence set
scaffold_15	1	8529	8602	Val	CAC	0	0	56.1	43.60	12.50	Inf	Val	74.7	high confidence set
scaffold_15	2	299485	299556	iMet	CAT	0	0	57.5	27.40	30.10	Inf	iMet	120.7	high confidence set
scaffold_15	3	551314	551387	Val	CAC	0	0	81.5	53.50	28.00	Inf	Val	100.2	high confidence set
scaffold_17	1	301153	301234	Ser	TGA	0	0	80.7	46.10	34.60	Inf	Ser	119.7	high confidence set
scaffold_29	1	73552	73480	Arg	CCG	0	0	65.7	49.40	16.30	Inf	Arg	91.4	high confidence set
scaffold_239	1	23803	23875	Lys	CTT	0	0	61.1	49.20	11.90	Inf	Lys	83.5	high confidence set
scaffold_633	1	8211	8281	Gly	GCC	0	0	66.5	44.80	21.70	Inf	Gly	94.4	high confidence set
scaffold_1209	1	132	204	Lys	TTT	0	0	88.9	69.00	19.90	Inf	Lys	115.0	high confidence set
scaffold_1209	2	486	558	Lys	CTT	0	0	88.0	69.30	18.70	Inf	Lys	119.6	high confidence set
scaffold_1209	3	642	713	Glu	CTC	0	0	70.6	47.40	23.20	Inf	Glu	104.0	high confidence set
scaffold_1209	4	370	299	His	GTG	0	0	59.6	29.40	30.20	Inf	His	100.2	high confidence set
scaffold_1227	1	109	181	Arg	ACG	0	0	69.6	48.40	21.20	Inf	Arg	96.2	high confidence set
scaffold_1227	2	272	343	Cys	GCA	0	0	81.2	60.50	20.70	Inf	Cys	114.6	high confidence set
scaffold_1227	3	480	550	Gly	GCC	0	0	80.1	59.20	20.90	Inf	Gly	108.6	high confidence set
scaffold_1227	4	640	712	Asn	GTT	0	0	81.7	57.90	23.80	Inf	Asn	112.6	high confidence set
scaffold_1227	5	977	1049	Val	TAC	0	0	73.9	42.40	31.50	Inf	Val	104.5	high confidence set
