Sequence		tRNA    	Bounds  	tRNA	Anti	Intron Bounds	Inf	HMM	2'Str	Hit	Isotype	Isotype	      
Name    	tRNA#	Begin   	End     	Type	Codon	Begin	End	Score	Score	Score	Origin	CM	Score	Note
--------	------	-----   	------  	----	-----	-----	----	------	-----	-----	------	-------	-------	------
Chr01	1	1640235	1640306	Pro	TGG	0	0	69.2	36.90	32.30	Inf	Pro	112.8	high confidence set
Chr01	2	1979430	1979501	Asp	GTC	0	0	68.0	45.30	22.70	Inf	Asp	90.5	high confidence set
Chr01	4	3040697	3040768	Gly	TCC	0	0	73.9	46.20	27.70	Inf	Gly	85.6	high confidence set
Chr01	6	5694601	5694673	Ala	AGC	0	0	63.4	38.20	25.20	Inf	Ala	98.3	high confidence set
Chr01	7	7895224	7895295	Thr	CGT	0	0	82.0	57.10	24.90	Inf	Thr	88.4	high confidence set
Chr01	10	12266513	12266586	Arg	TCG	0	0	82.3	61.00	21.30	Inf	Arg	91.9	high confidence set
Chr01	11	13033753	13033832	Leu	TAG	0	0	69.5	48.50	21.00	Inf	Leu	111.5	high confidence set
Chr01	12	14022962	14023034	Val	TAC	0	0	72.7	40.30	32.40	Inf	Val	100.4	high confidence set
Chr01	13	14055086	14055158	Val	TAC	0	0	75.3	42.20	33.10	Inf	Val	99.8	high confidence set
Chr01	14	14318700	14318772	Ala	TGC	0	0	69.1	43.30	25.80	Inf	Ala	101.9	high confidence set
Chr01	15	14420938	14421019	Ser	GCT	0	0	77.0	41.10	35.90	Inf	Ser	105.6	high confidence set
Chr01	17	21436035	21436108	Val	AAC	0	0	72.9	48.60	24.30	Inf	Val	93.8	high confidence set
Chr01	18	21558758	21558829	Gly	CCC	0	0	58.0	26.70	31.30	Inf	Gly	79.1	high confidence set
Chr01	19	22590652	22590724	Ala	AGC	0	0	63.4	38.20	25.20	Inf	Ala	98.3	high confidence set
Chr01	20	22690581	22690652	Gly	TCC	0	0	65.5	44.30	21.20	Inf	Gly	79.2	high confidence set
Chr01	21	22690792	22690863	Gly	TCC	0	0	73.9	46.20	27.70	Inf	Gly	85.6	high confidence set
Chr01	22	22691006	22691077	Gly	TCC	0	0	73.9	46.20	27.70	Inf	Gly	85.6	high confidence set
Chr01	25	23231664	23231737	Phe	GAA	0	0	61.5	43.60	17.90	Inf	Tyr	71.1	IPD:-23.60,isotype mismatch
Chr01	26	23231957	23232031	Pro	TGG	0	0	62.8	32.80	30.00	Inf	Trp	73.3	IPD:-42.40,isotype mismatch
Chr01	30	23474675	23474748	Trp	CCA	0	0	70.1	43.00	27.10	Inf	Thr	71.6	IPD:-17.70,isotype mismatch
Chr01	36	26479399	26479471	Phe	GAA	0	0	67.7	46.10	21.60	Inf	Phe	73.4	high confidence set
Chr01	37	32717683	32717763	Leu	CAG	0	0	69.8	47.20	22.60	Inf	Leu	110.3	high confidence set
Chr01	38	40298152	40298225	Val	AAC	0	0	72.2	47.80	24.40	Inf	Val	98.2	high confidence set
Chr01	39	40298310	40298383	Val	AAC	0	0	64.9	40.50	24.40	Inf	Val	91.6	high confidence set
Chr01	40	40298468	40298541	Val	AAC	0	0	72.2	47.80	24.40	Inf	Val	98.2	high confidence set
Chr01	41	40298626	40298698	Val	AAC	0	0	54.6	32.90	21.70	Inf	Val	82.7	high confidence set
Chr01	42	40298783	40298856	Val	AAC	0	0	72.2	47.80	24.40	Inf	Val	98.2	high confidence set
Chr01	43	40807492	40807565	Ile	AAT	0	0	79.3	55.80	23.50	Inf	Ile	104.3	high confidence set
Chr01	47	47173817	47173903	Met	CAT	47173855	47173867	64.2	40.70	23.50	Inf	Met	104.0	high confidence set
Chr01	48	47175669	47175755	Met	CAT	47175707	47175719	61.7	39.80	21.90	Inf	Met	95.5	high confidence set
Chr01	51	54415087	54415158	Thr	TGT	0	0	79.3	49.30	30.00	Inf	Thr	92.3	high confidence set
Chr01	52	55137648	55137577	Asp	GTC	0	0	67.8	44.80	23.00	Inf	Asp	92.9	high confidence set
Chr01	53	54414148	54414077	Thr	TGT	0	0	79.3	49.30	30.00	Inf	Thr	92.3	high confidence set
Chr01	54	53865195	53865124	Pro	TGG	0	0	69.2	36.90	32.30	Inf	Pro	112.8	high confidence set
Chr01	56	48064475	48064403	Ala	TGC	0	0	70.0	45.30	24.70	Inf	Ala	100.6	high confidence set
Chr01	58	46967706	46967634	Lys	TTT	0	0	88.7	64.40	24.30	Inf	Lys	93.7	high confidence set
Chr01	59	46506341	46506269	Lys	TTT	0	0	88.7	64.40	24.30	Inf	Lys	93.7	high confidence set
Chr01	60	38043201	38043129	Thr	TGT	0	0	69.1	50.20	18.90	Inf	Thr	82.6	high confidence set
Chr01	63	29827285	29827204	Ser	TGA	0	0	81.2	47.30	33.90	Inf	Ser	117.6	high confidence set
Chr01	64	28384699	28384626	Val	AAC	0	0	72.9	48.60	24.30	Inf	Val	93.8	high confidence set
Chr01	65	27728442	27728369	Arg	ACG	0	0	56.2	44.90	11.30	Inf	Ile	73.7	IPD:-23.30,isotype mismatch
Chr01	66	24654722	24654650	Lys	CTT	0	0	86.8	66.60	20.20	Inf	Lys	107.7	high confidence set
Chr01	71	23616989	23616917	Lys	TTT	0	0	80.3	61.50	18.80	Inf	Lys	78.3	high confidence set
Chr01	75	23550166	23550095	Asn	GTT	0	0	75.1	52.10	23.00	Inf	Asn	81.9	high confidence set
Chr01	76	23549199	23549117	Tyr	GTA	0	0	63.3	45.30	18.00	Inf	Leu	70.0	IPD:-5.00,isotype mismatch
Chr01	78	23199416	23199330	Ser	GGA	0	0	64.5	34.70	29.80	Inf	Ser	84.5	unexpected anticodon
Chr01	79	23186930	23186857	Trp	CCA	0	0	72.0	42.50	29.50	Inf	Thr	75.4	IPD:-18.90,isotype mismatch
Chr01	83	12412754	12412681	Val	AAC	0	0	72.9	48.60	24.30	Inf	Val	93.8	high confidence set
Chr01	85	9286732	9286651	Ser	AGA	0	0	77.1	42.80	34.30	Inf	Ser	110.5	high confidence set
Chr01	87	6288372	6288301	Thr	TGT	0	0	84.3	58.00	26.30	Inf	Thr	93.3	high confidence set
Chr01	88	5761358	5761277	Ser	TGA	0	0	82.2	47.60	34.60	Inf	Ser	121.0	high confidence set
Chr01	89	5361491	5361420	Gln	TTG	0	0	74.2	54.70	19.50	Inf	Gln	105.6	high confidence set
Chr01	90	3762539	3762468	Asp	GTC	0	0	67.8	44.80	23.00	Inf	Asp	92.9	high confidence set
Chr01	91	2748145	2748062	Leu	CAA	0	0	81.0	54.60	26.40	Inf	Leu	125.6	high confidence set
Chr01	92	2543219	2543138	Ser	CGA	0	0	78.0	45.60	32.40	Inf	Ser	118.6	high confidence set
Chr01	93	1613737	1613665	Ala	TGC	0	0	70.0	45.30	24.70	Inf	Ala	100.6	high confidence set
Chr02	1	545843	545915	Arg	TCT	0	0	67.3	50.10	17.20	Inf	Arg	95.7	high confidence set
Chr02	3	10658452	10658522	Gly	CCC	0	0	66.0	29.20	36.80	Inf	Gly	87.4	high confidence set
Chr02	4	13179048	13179121	Ile	AAT	0	0	79.9	56.50	23.40	Inf	Ile	104.5	high confidence set
Chr02	5	14470354	14470426	Arg	CCG	0	0	64.0	47.00	17.00	Inf	Arg	89.5	high confidence set
Chr02	9	33998152	33998224	Lys	TTT	0	0	88.7	64.40	24.30	Inf	Lys	93.7	high confidence set
Chr02	10	34465791	34465864	Asn	GTT	0	0	70.8	53.70	17.10	Inf	Asn	89.8	high confidence set
Chr02	11	34488747	34488820	Asn	GTT	0	0	79.1	54.00	25.10	Inf	Asn	91.6	high confidence set
Chr02	12	34502279	34502352	Asn	GTT	0	0	84.5	59.40	25.10	Inf	Asn	95.9	high confidence set
Chr02	13	34503336	34503409	Asn	GTT	0	0	84.5	59.40	25.10	Inf	Asn	95.9	high confidence set
Chr02	18	53110219	53110292	Thr	AGT	0	0	76.0	48.40	27.60	Inf	Thr	90.6	high confidence set
Chr02	21	60376436	60376507	Asp	GTC	0	0	69.8	46.80	23.00	Inf	Asp	94.5	high confidence set
Chr02	22	60547011	60547082	iMet	CAT	0	0	55.0	21.60	33.40	Inf	iMet	113.8	high confidence set
Chr02	26	60799064	60799136	Arg	TCT	0	0	57.3	44.30	13.00	Inf	Arg	86.7	high confidence set
Chr02	28	61824873	61824946	Val	CAC	0	0	82.4	54.40	28.00	Inf	Val	103.7	high confidence set
Chr02	29	62051005	62051086	Ser	AGA	0	0	54.7	26.80	27.90	Inf	Ser	80.8	high confidence set
Chr02	30	62319944	62319872	Ala	AGC	0	0	63.4	38.20	25.20	Inf	Ala	98.3	high confidence set
Chr02	31	62049539	62049468	His	GTG	0	0	63.0	33.70	29.30	Inf	His	86.8	high confidence set
Chr02	32	62049400	62049329	His	GTG	0	0	63.0	33.70	29.30	Inf	His	86.8	high confidence set
Chr02	34	60898434	60898362	Ala	CGC	0	0	68.3	44.10	24.20	Inf	Ala	99.2	high confidence set
Chr02	35	60805932	60805860	Arg	TCT	0	0	66.8	49.40	17.40	Inf	Arg	96.5	high confidence set
Chr02	36	60805772	60805700	Arg	TCT	0	0	69.9	49.40	20.50	Inf	Arg	99.6	high confidence set
Chr02	37	60663201	60663121	Leu	AAG	0	0	74.0	52.20	21.80	Inf	Leu	110.4	high confidence set
Chr02	38	59646784	59646713	iMet	CAT	0	0	58.3	28.10	30.20	Inf	iMet	118.7	high confidence set
Chr02	39	58790923	58790841	Leu	TAA	0	0	71.0	33.00	38.00	Inf	Leu	93.8	high confidence set
Chr02	40	56590455	56590383	Lys	TTT	0	0	80.2	57.40	22.80	Inf	Lys	87.5	high confidence set
Chr02	41	55829972	55829899	Ile	TAT	0	0	85.9	70.60	15.30	Inf	Ile	103.9	high confidence set
Chr02	43	47856762	47856681	Ser	TGA	0	0	78.3	44.40	33.90	Inf	Ser	115.8	high confidence set
Chr02	53	25369800	25369719	Ser	GCT	0	0	80.5	45.20	35.30	Inf	Ser	109.5	high confidence set
Chr02	54	24306977	24306904	Arg	ACG	0	0	56.2	44.90	11.30	Inf	Ile	73.7	IPD:-23.30,isotype mismatch
Chr02	55	23021710	23021638	Ala	AGC	0	0	51.4	30.90	20.50	Inf	Ala	84.6	high confidence set
Chr02	56	19547461	19547389	Ala	AGC	0	0	63.4	38.20	25.20	Inf	Ala	98.3	high confidence set
Chr02	57	11087430	11087359	iMet	CAT	0	0	58.3	28.10	30.20	Inf	iMet	118.7	high confidence set
Chr02	58	9186396	9186315	Ser	AGA	0	0	78.7	42.50	36.20	Inf	Ser	114.6	high confidence set
Chr02	59	9029861	9029789	Phe	GAA	0	0	78.3	58.40	19.90	Inf	Phe	113.2	high confidence set
Chr02	60	7290071	7289988	Leu	CAA	0	0	77.8	51.60	26.20	Inf	Leu	121.9	high confidence set
Chr02	62	2249488	2249417	Asp	GTC	0	0	69.8	46.80	23.00	Inf	Asp	95.8	high confidence set
Chr02	63	2248466	2248395	Asp	GTC	0	0	69.8	46.80	23.00	Inf	Asp	95.8	high confidence set
Chr02	64	1528835	1528763	Val	TAC	0	0	78.2	43.80	34.40	Inf	Val	106.2	high confidence set
Chr02	65	1528123	1528051	Val	TAC	0	0	78.2	43.80	34.40	Inf	Val	106.2	high confidence set
Chr02	66	1387072	1386999	Asn	GTT	0	0	84.5	59.40	25.10	Inf	Asn	95.9	high confidence set
Chr02	67	211095	211012	Leu	CAA	0	0	81.0	54.60	26.40	Inf	Leu	125.6	high confidence set
Chr03	8	12551524	12551605	Ser	CGA	0	0	78.2	45.90	32.30	Inf	Ser	121.6	high confidence set
Chr03	11	17726768	17726849	Ser	TGA	0	0	82.2	47.20	35.00	Inf	Ser	113.1	high confidence set
Chr03	12	20330482	20330553	iMet	CAT	0	0	58.3	28.10	30.20	Inf	iMet	118.7	high confidence set
Chr03	15	30090166	30090246	Leu	CAG	0	0	59.8	37.20	22.60	Inf	Leu	97.9	high confidence set
Chr03	17	36677436	36677508	Arg	TCT	0	0	70.3	50.10	20.20	Inf	Arg	92.3	high confidence set
Chr03	18	37304234	37304305	Gly	TCC	0	0	73.9	46.20	27.70	Inf	Gly	85.6	high confidence set
Chr03	19	37872393	37872464	Asp	GTC	0	0	67.8	44.80	23.00	Inf	Asp	92.9	high confidence set
Chr03	20	38324795	38324874	Leu	TAG	0	0	69.5	48.50	21.00	Inf	Leu	111.5	high confidence set
Chr03	22	39335041	39335114	Val	AAC	0	0	63.9	46.70	17.20	Inf	Val	91.1	high confidence set
Chr03	23	39340053	39340126	Val	AAC	0	0	71.9	47.60	24.30	Inf	Val	91.0	high confidence set
Chr03	24	39500935	39501026	Tyr	GTA	39500972	39500990	72.0	38.70	33.30	Inf	Tyr	110.0	high confidence set
Chr03	25	41719122	41719192	Gly	GCC	0	0	66.5	44.80	21.70	Inf	Gly	94.4	high confidence set
Chr03	27	42711763	42711834	Thr	TGT	0	0	84.5	58.50	26.00	Inf	Thr	95.0	high confidence set
Chr03	28	42809319	42809392	Val	CAC	0	0	82.4	54.40	28.00	Inf	Val	103.7	high confidence set
Chr03	29	42813324	42813397	Val	CAC	0	0	82.4	54.40	28.00	Inf	Val	103.7	high confidence set
Chr03	30	42814538	42814609	Asp	GTC	0	0	69.8	46.80	23.00	Inf	Asp	95.8	high confidence set
Chr03	31	42821735	42821806	Asp	GTC	0	0	69.8	46.80	23.00	Inf	Asp	95.8	high confidence set
Chr03	32	42822250	42822323	Val	CAC	0	0	82.4	54.40	28.00	Inf	Val	103.7	high confidence set
Chr03	33	43237587	43237658	His	GTG	0	0	53.6	26.10	27.50	Inf	His	72.1	high confidence set
Chr03	34	43239488	43239559	His	GTG	0	0	63.0	33.70	29.30	Inf	His	86.8	high confidence set
Chr03	35	44025336	44025406	Gly	GCC	0	0	66.5	44.80	21.70	Inf	Gly	94.4	high confidence set
Chr03	36	44031709	44031792	Leu	CAA	0	0	79.5	54.50	25.00	Inf	Leu	126.8	high confidence set
Chr03	39	45229854	45229925	Cys	GCA	0	0	82.1	59.90	22.20	Inf	Cys	106.6	high confidence set
Chr03	40	45631900	45631971	Gln	TTG	0	0	66.5	53.80	12.70	Inf	Gln	98.3	high confidence set
Chr03	41	45353064	45352975	Met	CAT	45353026	45353011	64.1	40.60	23.50	Inf	Met	104.0	high confidence set
Chr03	43	37875659	37875578	Ser	AGA	0	0	77.1	42.80	34.30	Inf	Ser	110.5	high confidence set
Chr03	44	33273330	33273259	Glu	TTC	0	0	51.1	30.60	20.50	Inf	Glu	79.7	high confidence set
Chr03	45	31179661	31179590	Thr	CGT	0	0	81.5	56.50	25.00	Inf	Thr	89.4	high confidence set
Chr03	46	19364676	19364604	Ala	CGC	0	0	65.0	40.90	24.10	Inf	Ala	97.6	high confidence set
Chr03	47	19197707	19197636	Gln	CTG	0	0	74.3	49.60	24.70	Inf	Gln	103.3	high confidence set
Chr03	51	10983846	10983773	Ile	AAT	0	0	79.3	55.80	23.50	Inf	Ile	104.3	high confidence set
Chr03	52	10175155	10175075	Leu	AAG	0	0	74.0	52.20	21.80	Inf	Leu	110.4	high confidence set
Chr03	54	8702210	8702139	Gly	TCC	0	0	73.9	46.20	27.70	Inf	Gly	85.6	high confidence set
Chr03	55	6200450	6200379	Trp	CCA	0	0	75.8	51.20	24.60	Inf	Trp	105.6	high confidence set
Chr03	57	4267448	4267375	Thr	AGT	0	0	75.3	47.40	27.90	Inf	Thr	89.8	high confidence set
Chr03	58	3912246	3912174	Ala	CGC	0	0	67.5	42.90	24.60	Inf	Ala	99.2	high confidence set
Chr03	59	3896042	3895970	Arg	CCT	0	0	71.7	55.90	15.80	Inf	Arg	81.4	high confidence set
Chr03	60	2720707	2720634	Val	AAC	0	0	62.4	42.00	20.40	Inf	Val	85.8	high confidence set
Chr03	62	974841	974770	Gln	CTG	0	0	75.3	51.20	24.10	Inf	Gln	103.1	high confidence set
Chr03	63	897618	897545	Asn	GTT	0	0	81.8	56.30	25.50	Inf	Asn	94.2	high confidence set
Chr03	64	826756	826685	His	GTG	0	0	63.0	33.70	29.30	Inf	His	86.8	high confidence set
Chr04	1	288196	288267	His	GTG	0	0	63.0	33.70	29.30	Inf	His	86.8	high confidence set
Chr04	2	709369	709455	Tyr	GTA	709406	709419	74.4	42.90	31.50	Inf	Tyr	111.8	high confidence set
Chr04	3	1443962	1444033	Thr	GGT	0	0	58.2	29.20	29.00	Inf	Thr	73.0	unexpected anticodon
Chr04	5	5747417	5747489	Lys	TTT	0	0	91.2	66.90	24.30	Inf	Lys	98.4	high confidence set
Chr04	7	6074221	6074301	Leu	CAG	0	0	69.5	46.80	22.70	Inf	Leu	109.7	high confidence set
Chr04	10	8789617	8789689	Lys	TTT	0	0	89.6	66.00	23.60	Inf	Lys	96.4	high confidence set
Chr04	11	9409128	9409198	Gly	CCC	0	0	66.0	29.20	36.80	Inf	Gly	87.4	high confidence set
Chr04	12	10615910	10615981	Pro	AGG	0	0	67.4	34.70	32.70	Inf	Pro	112.3	high confidence set
Chr04	13	21360698	21360771	Ile	AAT	0	0	82.4	58.90	23.50	Inf	Ile	107.0	high confidence set
Chr04	18	35158849	35158922	Val	AAC	0	0	72.9	48.60	24.30	Inf	Val	93.8	high confidence set
Chr04	20	45138401	45138471	Gly	GCC	0	0	63.5	44.70	18.80	Inf	Gly	92.5	high confidence set
Chr04	21	45239864	45239936	Lys	CTT	0	0	86.8	66.60	20.20	Inf	Lys	107.7	high confidence set
Chr04	24	52081989	52082059	Gly	GCC	0	0	66.5	44.80	21.70	Inf	Gly	94.4	high confidence set
Chr04	25	53574964	53575035	iMet	CAT	0	0	58.3	28.10	30.20	Inf	iMet	118.7	high confidence set
Chr04	26	55126549	55126621	Glu	CTC	0	0	74.4	48.60	25.80	Inf	Glu	96.7	high confidence set
Chr04	28	60551230	60551301	iMet	CAT	0	0	58.3	28.10	30.20	Inf	iMet	118.7	high confidence set
Chr04	29	60552827	60552898	iMet	CAT	0	0	58.3	28.10	30.20	Inf	iMet	118.7	high confidence set
Chr04	30	60555076	60555147	iMet	CAT	0	0	58.3	28.10	30.20	Inf	iMet	118.7	high confidence set
Chr04	31	62016293	62016366	Thr	AGT	0	0	74.7	46.20	28.50	Inf	Thr	89.4	high confidence set
Chr04	32	61639425	61639353	Ala	TGC	0	0	70.0	45.30	24.70	Inf	Ala	100.6	high confidence set
Chr04	33	60641667	60641587	Leu	AAG	0	0	65.2	50.30	14.90	Inf	Leu	98.1	high confidence set
Chr04	34	60622092	60622012	Leu	AAG	0	0	74.0	52.20	21.80	Inf	Leu	110.4	high confidence set
Chr04	35	60621127	60621056	iMet	CAT	0	0	58.3	28.10	30.20	Inf	iMet	118.7	high confidence set
Chr04	36	59255240	59255169	Arg	GCG	0	0	55.1	42.60	12.50	Inf	Cys	71.0	IPD:-30.60,isotype mismatch
Chr04	37	56947205	56947132	Ile	TAT	0	0	82.6	64.10	18.50	Inf	Ile	102.3	high confidence set
Chr04	39	53887086	53887015	Gly	TCC	0	0	73.9	46.20	27.70	Inf	Gly	85.6	high confidence set
Chr04	40	53263385	53263313	Lys	CTT	0	0	86.8	66.60	20.20	Inf	Lys	107.7	high confidence set
Chr04	42	50097654	50097583	Cys	GCA	0	0	78.2	58.20	20.00	Inf	Cys	106.0	high confidence set
Chr04	43	43902935	43902852	Leu	CAA	0	0	81.0	54.60	26.40	Inf	Leu	125.6	high confidence set
Chr04	44	43885512	43885441	Gly	TCC	0	0	73.9	46.20	27.70	Inf	Gly	85.6	high confidence set
Chr04	46	37298594	37298511	Leu	TAA	0	0	66.7	28.00	38.70	Inf	Leu	81.3	high confidence set
Chr04	47	36077937	36077865	Ala	CGC	0	0	68.3	44.10	24.20	Inf	Ala	99.2	high confidence set
Chr04	48	35912756	35912685	Gln	CTG	0	0	74.3	49.60	24.70	Inf	Gln	103.3	high confidence set
Chr04	49	35159033	35158962	Asp	GTC	0	0	69.8	46.80	23.00	Inf	Asp	94.5	high confidence set
Chr04	51	31847212	31847133	Leu	TAG	0	0	69.5	48.50	21.00	Inf	Leu	111.5	high confidence set
Chr04	52	28416053	28415981	Ala	TGC	0	0	70.0	45.30	24.70	Inf	Ala	100.6	high confidence set
Chr04	60	6336537	6336464	Ile	AAT	0	0	81.8	58.30	23.50	Inf	Ile	106.8	high confidence set
Chr04	61	5483285	5483213	Arg	CCG	0	0	66.4	52.90	13.50	Inf	Arg	87.8	high confidence set
Chr04	62	4608616	4608544	Ala	TGC	0	0	70.0	45.30	24.70	Inf	Ala	100.6	high confidence set
Chr04	65	3845633	3845560	Val	AAC	0	0	54.6	31.10	23.50	Inf	Val	75.0	high confidence set
Chr04	67	3504725	3504653	Lys	CTT	0	0	86.8	66.60	20.20	Inf	Lys	107.7	high confidence set
Chr04	68	568370	568288	Leu	TAA	0	0	70.3	34.60	35.70	Inf	Leu	99.2	high confidence set
Chr05	6	5617996	5618077	Ser	AGA	0	0	77.1	42.80	34.30	Inf	Ser	110.5	high confidence set
Chr05	8	8086891	8086963	Val	TAC	0	0	55.7	28.20	27.50	Inf	Val	77.2	high confidence set
Chr05	11	10283802	10283873	Gln	TTG	0	0	73.5	53.70	19.80	Inf	Gln	104.8	high confidence set
Chr05	13	15653246	15653317	Pro	TGG	0	0	69.2	36.90	32.30	Inf	Pro	112.8	high confidence set
Chr05	28	58733028	58733108	Leu	CAG	0	0	69.5	46.80	22.70	Inf	Leu	109.7	high confidence set
Chr05	29	60326888	60326961	Val	CAC	0	0	73.7	53.80	19.90	Inf	Val	96.6	high confidence set
Chr05	30	60330934	60331007	Val	CAC	0	0	82.4	54.40	28.00	Inf	Val	103.7	high confidence set
Chr05	31	61350428	61350499	Pro	CGG	0	0	68.4	35.70	32.70	Inf	Pro	111.1	high confidence set
Chr05	32	61350954	61351025	Pro	AGG	0	0	67.4	34.70	32.70	Inf	Pro	112.3	high confidence set
Chr05	33	61351896	61351967	Pro	TGG	0	0	68.5	35.70	32.80	Inf	Pro	111.2	high confidence set
Chr05	34	62421418	62421489	Gln	CTG	0	0	65.5	47.10	18.40	Inf	Gln	95.2	high confidence set
Chr05	35	63688986	63688903	Leu	CAA	0	0	79.7	53.90	25.80	Inf	Leu	126.5	high confidence set
Chr05	36	63131614	63131541	Thr	AGT	0	0	75.3	47.40	27.90	Inf	Thr	89.8	high confidence set
Chr05	37	62676159	62676087	Glu	CTC	0	0	74.4	48.60	25.80	Inf	Glu	96.7	high confidence set
Chr05	38	62258405	62258332	Arg	TCG	0	0	81.9	60.40	21.50	Inf	Arg	92.9	high confidence set
Chr05	39	60181474	60181389	Met	CAT	60181436	60181425	64.2	40.70	23.50	Inf	Met	104.0	high confidence set
Chr05	41	57932641	57932569	Phe	GAA	0	0	76.1	54.40	21.70	Inf	Phe	115.3	high confidence set
Chr05	45	54611750	54611677	Ile	AAT	0	0	82.4	58.90	23.50	Inf	Ile	107.0	high confidence set
Chr05	55	39509075	39509004	Thr	CGT	0	0	82.2	57.60	24.60	Inf	Thr	90.2	high confidence set
Chr05	56	12851873	12851801	Phe	GAA	0	0	78.3	58.40	19.90	Inf	Phe	113.2	high confidence set
Chr05	57	12578783	12578711	Arg	TCT	0	0	70.2	50.00	20.20	Inf	Arg	95.6	high confidence set
Chr05	59	8083648	8083576	Val	TAC	0	0	65.5	39.20	26.30	Inf	Val	83.5	high confidence set
Chr05	60	7048423	7048352	His	GTG	0	0	63.0	33.70	29.30	Inf	His	86.8	high confidence set
Chr05	61	5419245	5419162	Ser	AGA	0	0	71.4	37.20	34.20	Inf	Ser	100.7	high confidence set
Chr05	62	5418699	5418618	Ser	AGA	0	0	77.1	42.80	34.30	Inf	Ser	110.5	high confidence set
Chr05	63	5410208	5410127	Ser	AGA	0	0	77.1	42.80	34.30	Inf	Ser	110.5	high confidence set
Chr05	64	5385654	5385573	Ser	AGA	0	0	68.5	34.30	34.20	Inf	Ser	102.6	high confidence set
Chr05	66	2753356	2753263	Tyr	GTA	2753319	2753299	71.9	38.60	33.30	Inf	Tyr	110.0	high confidence set
Chr05	67	2752226	2752133	Tyr	GTA	2752189	2752169	71.9	38.60	33.30	Inf	Tyr	110.0	high confidence set
Chr05	68	2750926	2750769	Tyr	GTA	2750889	2750805	52.9	37.60	15.30	Inf	Tyr	92.1	high confidence set
Chr05	69	129762	129669	Tyr	GTA	129725	129705	71.9	38.60	33.30	Inf	Tyr	110.0	high confidence set
Chr05	70	124834	124741	Tyr	GTA	124797	124777	74.2	42.60	31.60	Inf	Tyr	111.8	high confidence set
Chr06	2	3046677	3046749	Ala	TGC	0	0	70.0	45.30	24.70	Inf	Ala	100.6	high confidence set
Chr06	3	3046824	3046896	Ala	TGC	0	0	70.0	45.30	24.70	Inf	Ala	100.6	high confidence set
Chr06	4	3046971	3047043	Ala	TGC	0	0	70.0	45.30	24.70	Inf	Ala	100.6	high confidence set
Chr06	5	3047118	3047190	Ala	TGC	0	0	55.3	38.50	16.80	Inf	Ala	86.6	high confidence set
Chr06	6	6206924	6206996	Ala	AGC	0	0	63.4	38.20	25.20	Inf	Ala	98.3	high confidence set
Chr06	7	6211698	6211770	Ala	AGC	0	0	63.4	38.20	25.20	Inf	Ala	98.3	high confidence set
Chr06	9	6242493	6242565	Ala	AGC	0	0	63.4	38.20	25.20	Inf	Ala	98.3	high confidence set
Chr06	11	6249065	6249137	Ala	AGC	0	0	63.4	38.20	25.20	Inf	Ala	98.3	high confidence set
Chr06	14	12260748	12260829	Ser	TGA	0	0	75.2	40.50	34.70	Inf	Ser	114.4	high confidence set
Chr06	15	12272362	12272443	Ser	TGA	0	0	80.7	46.10	34.60	Inf	Ser	119.7	high confidence set
Chr06	18	25297060	25297133	Arg	TCG	0	0	81.9	60.40	21.50	Inf	Arg	92.9	high confidence set
Chr06	19	29704927	29704998	Pro	AGG	0	0	67.4	34.70	32.70	Inf	Pro	112.3	high confidence set
Chr06	20	30404433	30404506	Val	AAC	0	0	69.6	42.20	27.40	Inf	Val	91.8	high confidence set
Chr06	21	32162848	32162937	Tyr	GTA	32162885	32162901	74.3	42.80	31.50	Inf	Tyr	111.8	high confidence set
Chr06	22	32172702	32172791	Tyr	GTA	32172739	32172755	74.3	42.80	31.50	Inf	Tyr	111.8	high confidence set
Chr06	24	33100727	33100799	Arg	ACG	0	0	71.7	49.10	22.60	Inf	Arg	91.4	high confidence set
Chr06	25	33345158	33345239	Ser	GCT	0	0	79.0	43.10	35.90	Inf	Ser	108.6	high confidence set
Chr06	26	33347599	33347680	Ser	GCT	0	0	79.0	43.10	35.90	Inf	Ser	108.6	high confidence set
Chr06	27	34072802	34072873	Asp	GTC	0	0	67.8	44.80	23.00	Inf	Asp	92.9	high confidence set
Chr06	29	34181656	34181726	Gly	GCC	0	0	66.5	44.80	21.70	Inf	Gly	94.4	high confidence set
Chr06	30	35152446	35152527	Ser	GCT	0	0	77.0	41.10	35.90	Inf	Ser	105.6	high confidence set
Chr06	31	35574294	35574374	Leu	AAG	0	0	74.0	52.20	21.80	Inf	Leu	110.4	high confidence set
Chr06	32	35586611	35586691	Leu	AAG	0	0	74.0	52.20	21.80	Inf	Leu	110.4	high confidence set
Chr06	33	36008284	36008373	Tyr	GTA	36008321	36008337	74.3	42.80	31.50	Inf	Tyr	111.8	high confidence set
Chr06	36	37405125	37405196	Trp	CCA	0	0	75.8	51.20	24.60	Inf	Trp	105.6	high confidence set
Chr06	37	37405520	37405591	Trp	CCA	0	0	75.8	51.20	24.60	Inf	Trp	105.6	high confidence set
Chr06	38	37405918	37405989	Trp	CCA	0	0	75.8	51.20	24.60	Inf	Trp	105.6	high confidence set
Chr06	39	37409798	37409869	Trp	CCA	0	0	75.8	51.20	24.60	Inf	Trp	105.6	high confidence set
Chr06	41	41442792	41442863	Tyr	GTA	0	0	57.9	47.10	10.80	Inf	Asp	84.0	IPD:-79.80,isotype mismatch
Chr06	43	43341000	43341071	Gln	TTG	0	0	73.5	53.70	19.80	Inf	Gln	104.8	high confidence set
Chr06	44	44736277	44736350	Asn	GTT	0	0	84.5	59.40	25.10	Inf	Asn	95.9	high confidence set
Chr06	45	45745384	45745469	Phe	GAA	45745421	45745433	70.9	51.00	19.90	Inf	Phe	113.2	high confidence set
Chr06	48	47030193	47030264	Trp	CCA	0	0	68.9	45.50	23.40	Inf	Trp	98.0	high confidence set
Chr06	49	48356235	48356308	Ile	AAT	0	0	82.4	58.90	23.50	Inf	Ile	107.0	high confidence set
Chr06	52	50305874	50305944	Gly	CCC	0	0	66.0	29.20	36.80	Inf	Gly	87.4	high confidence set
Chr06	53	50870859	50870931	Val	TAC	0	0	78.2	43.80	34.40	Inf	Val	106.2	high confidence set
Chr06	54	50505112	50505041	Gly	TCC	0	0	73.9	46.20	27.70	Inf	Gly	85.6	high confidence set
Chr06	55	49767404	49767323	Ser	AGA	0	0	77.1	42.80	34.30	Inf	Ser	110.5	high confidence set
Chr06	56	49684059	49683978	Ser	AGA	0	0	77.8	43.40	34.40	Inf	Ser	110.9	high confidence set
Chr06	57	49045341	49045261	Leu	AAG	0	0	74.0	52.20	21.80	Inf	Leu	110.4	high confidence set
Chr06	58	46957286	46957200	Met	CAT	46957248	46957236	64.2	40.70	23.50	Inf	Met	104.0	high confidence set
Chr06	59	46955531	46955445	Met	CAT	46955493	46955481	64.2	40.70	23.50	Inf	Met	104.0	high confidence set
Chr06	60	46861972	46861899	iMet	CAT	0	0	51.8	24.00	27.80	Inf	iMet	103.8	high confidence set
Chr06	61	46243224	46243153	Gln	CTG	0	0	56.3	34.20	22.10	Inf	Gln	86.0	high confidence set
Chr06	62	45540048	45539977	Cys	GCA	0	0	79.9	59.80	20.10	Inf	Cys	108.3	high confidence set
Chr06	64	43204915	43204843	Lys	CTT	0	0	86.8	66.60	20.20	Inf	Lys	107.7	high confidence set
Chr06	65	42906699	42906629	Gly	GCC	0	0	66.5	44.80	21.70	Inf	Gly	94.4	high confidence set
Chr06	66	42746303	42746232	Pro	AGG	0	0	67.4	34.70	32.70	Inf	Pro	112.3	high confidence set
Chr06	67	40699145	40699065	Leu	AAG	0	0	74.0	52.20	21.80	Inf	Leu	110.4	high confidence set
Chr06	68	39814747	39814675	Lys	TTT	0	0	88.7	64.40	24.30	Inf	Lys	93.7	high confidence set
Chr06	69	39704073	39703991	Leu	TAA	0	0	72.8	36.10	36.70	Inf	Leu	93.0	high confidence set
Chr06	70	35517702	35517622	Leu	AAG	0	0	74.0	52.20	21.80	Inf	Leu	110.4	high confidence set
Chr06	71	35338053	35337971	Leu	TAA	0	0	66.3	29.20	37.10	Inf	Leu	93.6	high confidence set
Chr06	72	35337902	35337820	Leu	TAA	0	0	69.1	29.50	39.60	Inf	Leu	94.2	high confidence set
Chr06	73	35337751	35337669	Leu	TAA	0	0	69.1	29.50	39.60	Inf	Leu	94.2	high confidence set
Chr06	74	35337458	35337376	Leu	TAA	0	0	62.6	33.50	29.10	Inf	Leu	78.6	high confidence set
Chr06	75	34710539	34710467	Val	TAC	0	0	77.8	43.10	34.70	Inf	Val	106.5	high confidence set
Chr06	77	29705237	29705166	Pro	TGG	0	0	69.2	36.90	32.30	Inf	Pro	112.8	high confidence set
Chr06	78	29344425	29344344	Ser	AGA	0	0	75.6	41.30	34.30	Inf	Ser	109.2	high confidence set
Chr06	81	21652015	21651935	Leu	CAG	0	0	69.5	46.80	22.70	Inf	Leu	109.7	high confidence set
Chr06	84	13644241	13644170	Gln	TTG	0	0	74.2	54.70	19.50	Inf	Gln	105.6	high confidence set
Chr06	85	9180854	9180783	Asp	GTC	0	0	69.8	46.80	23.00	Inf	Asp	95.8	high confidence set
Chr06	86	9150775	9150704	Asp	GTC	0	0	69.8	46.80	23.00	Inf	Asp	95.8	high confidence set
Chr06	87	6294669	6294597	Ala	AGC	0	0	63.4	38.20	25.20	Inf	Ala	98.3	high confidence set
Chr06	88	6289319	6289247	Ala	AGC	0	0	63.4	38.20	25.20	Inf	Ala	98.3	high confidence set
Chr06	89	6279810	6279738	Ala	AGC	0	0	63.4	38.20	25.20	Inf	Ala	98.3	high confidence set
Chr06	91	2390137	2390065	Ala	TGC	0	0	70.0	45.30	24.70	Inf	Ala	100.6	high confidence set
Chr07	1	1245821	1245893	Arg	TCT	0	0	70.7	50.70	20.00	Inf	Arg	91.3	high confidence set
Chr07	2	1842993	1843065	Ala	CGC	0	0	68.3	44.10	24.20	Inf	Ala	99.2	high confidence set
Chr07	3	2167285	2167356	Cys	GCA	0	0	81.5	59.30	22.20	Inf	Cys	105.9	high confidence set
Chr07	5	2548756	2548836	Leu	CAG	0	0	69.5	46.80	22.70	Inf	Leu	109.7	high confidence set
Chr07	6	2550342	2550422	Leu	CAG	0	0	69.5	46.80	22.70	Inf	Leu	109.7	high confidence set
Chr07	8	2978314	2978395	Ser	TGA	0	0	81.2	47.30	33.90	Inf	Ser	117.6	high confidence set
Chr07	9	3029517	3029588	Gln	TTG	0	0	74.2	54.70	19.50	Inf	Gln	105.6	high confidence set
Chr07	10	5282347	5282419	Val	TAC	0	0	78.2	43.80	34.40	Inf	Val	106.2	high confidence set
Chr07	11	6098951	6099022	Trp	CCA	0	0	75.8	51.20	24.60	Inf	Trp	105.6	high confidence set
Chr07	13	7462032	7462118	Tyr	GTA	7462069	7462082	74.4	43.00	31.40	Inf	Tyr	111.8	high confidence set
Chr07	14	8257958	8258029	Gln	CTG	0	0	66.7	47.80	18.90	Inf	Gln	96.2	high confidence set
Chr07	16	8921100	8921185	Met	CAT	8921138	8921149	64.2	40.70	23.50	Inf	Met	104.0	high confidence set
Chr07	17	8984036	8984108	Phe	GAA	0	0	78.3	58.40	19.90	Inf	Phe	113.2	high confidence set
Chr07	18	9760492	9760563	His	GTG	0	0	63.3	34.30	29.00	Inf	His	91.7	high confidence set
Chr07	19	10396637	10396707	Gly	CCC	0	0	66.0	29.20	36.80	Inf	Gly	87.4	high confidence set
Chr07	20	10586674	10586745	Glu	TTC	0	0	72.0	46.80	25.20	Inf	Glu	98.7	high confidence set
Chr07	21	12595546	12595639	Met	CAT	12595584	12595595	51.2	35.70	15.50	Inf	Met	75.5	high confidence set
Chr07	22	13394500	13394572	Lys	TTT	0	0	88.7	64.40	24.30	Inf	Lys	93.7	high confidence set
Chr07	23	13394943	13395015	Lys	TTT	0	0	88.7	64.40	24.30	Inf	Lys	93.7	high confidence set
Chr07	24	13952450	13952522	Lys	TTT	0	0	88.7	64.40	24.30	Inf	Lys	93.7	high confidence set
Chr07	25	15239304	15239387	Phe	GAA	15239341	15239351	71.0	51.10	19.90	Inf	Phe	113.2	high confidence set
Chr07	26	15242932	15243015	Phe	GAA	15242969	15242979	58.3	45.10	13.20	Inf	Phe	99.9	high confidence set
Chr07	28	17951213	17951286	Val	AAC	0	0	72.9	48.60	24.30	Inf	Val	93.8	high confidence set
Chr07	29	18800776	18800847	Glu	TTC	0	0	72.0	46.80	25.20	Inf	Glu	98.7	high confidence set
Chr07	30	18920489	18920562	Ile	AAT	0	0	81.8	58.30	23.50	Inf	Ile	106.8	high confidence set
Chr07	31	23429656	23429728	Arg	TCT	0	0	70.7	50.70	20.00	Inf	Arg	91.3	high confidence set
Chr07	32	24599298	24599382	Met	CAT	24599336	24599346	64.3	40.80	23.50	Inf	Met	104.0	high confidence set
Chr07	34	27517447	27517517	Gly	GCC	0	0	66.5	44.80	21.70	Inf	Gly	94.4	high confidence set
Chr07	35	27518486	27518556	Gly	GCC	0	0	66.5	44.80	21.70	Inf	Gly	94.4	high confidence set
Chr07	38	29790188	29790270	Ser	GCT	0	0	51.8	26.30	25.50	Inf	Ser	78.8	high confidence set
Chr07	41	47608401	47608471	Gly	GCC	0	0	66.5	44.80	21.70	Inf	Gly	94.4	high confidence set
Chr07	45	48564221	48564291	Gly	GCC	0	0	66.5	44.80	21.70	Inf	Gly	94.4	high confidence set
Chr07	46	48565860	48565930	Gly	GCC	0	0	66.5	44.80	21.70	Inf	Gly	94.4	high confidence set
Chr07	48	51748246	51748319	Thr	AGT	0	0	75.0	46.80	28.20	Inf	Thr	89.8	high confidence set
Chr07	49	51768436	51768509	Thr	AGT	0	0	71.5	47.20	24.30	Inf	Thr	84.5	high confidence set
Chr07	50	54599254	54599337	Leu	CAA	0	0	78.5	55.10	23.40	Inf	Leu	119.0	high confidence set
Chr07	51	54602667	54602750	Leu	CAA	0	0	71.1	53.40	17.70	Inf	Leu	110.6	high confidence set
Chr07	53	56669629	56669700	Glu	TTC	0	0	74.3	46.90	27.40	Inf	Glu	98.8	high confidence set
Chr07	54	60051207	60051278	Pro	CGG	0	0	68.9	36.30	32.60	Inf	Pro	111.3	high confidence set
Chr07	56	60748765	60748837	Lys	TTT	0	0	89.6	66.00	23.60	Inf	Lys	96.4	high confidence set
Chr07	57	60406119	60406037	Leu	TAA	0	0	69.7	31.30	38.40	Inf	Leu	92.9	high confidence set
Chr07	58	59363527	59363466	Cys	GCA	0	0	50.3	35.40	14.90	Inf	Cys	70.8	high confidence set
Chr07	59	59185365	59185294	Glu	TTC	0	0	72.0	46.80	25.20	Inf	Glu	98.7	high confidence set
Chr07	60	57835962	57835891	Cys	GCA	0	0	82.1	59.90	22.20	Inf	Cys	106.6	high confidence set
Chr07	61	57463959	57463888	iMet	CAT	0	0	58.3	28.10	30.20	Inf	iMet	118.7	high confidence set
Chr07	63	51216007	51215936	Glu	TTC	0	0	72.0	46.80	25.20	Inf	Glu	98.7	high confidence set
Chr07	66	48419652	48419582	Gly	GCC	0	0	62.9	44.80	18.10	Inf	Gly	83.6	high confidence set
Chr07	69	32575301	32575229	Phe	GAA	0	0	78.3	58.40	19.90	Inf	Phe	113.2	high confidence set
Chr07	71	25511081	25511000	Ser	AGA	0	0	77.1	42.80	34.30	Inf	Ser	110.5	high confidence set
Chr07	73	22092280	22092208	Lys	TTT	0	0	80.9	62.10	18.80	Inf	Thr	78.4	IPD:-3.70,isotype mismatch
Chr07	74	21858653	21858580	Ile	AAT	0	0	79.3	55.80	23.50	Inf	Ile	104.3	high confidence set
Chr07	78	17951597	17951526	Asp	GTC	0	0	69.8	46.80	23.00	Inf	Asp	94.5	high confidence set
Chr07	79	17951398	17951327	Asp	GTC	0	0	69.8	46.80	23.00	Inf	Asp	94.5	high confidence set
Chr07	81	13209100	13209019	Ser	TGA	0	0	81.2	47.30	33.90	Inf	Ser	117.6	high confidence set
Chr07	82	9396551	9396479	Phe	GAA	0	0	78.3	58.40	19.90	Inf	Phe	113.2	high confidence set
Chr07	85	5713499	5713427	Ala	TGC	0	0	70.0	45.30	24.70	Inf	Ala	100.6	high confidence set
Chr07	86	5070081	5070010	Gln	TTG	0	0	74.2	54.70	19.50	Inf	Gln	105.6	high confidence set
Chr07	87	4353576	4353505	Trp	CCA	0	0	75.8	51.20	24.60	Inf	Trp	105.6	high confidence set
Chr07	88	4170819	4170747	Ala	CGC	0	0	68.3	44.10	24.20	Inf	Ala	99.2	high confidence set
Chr07	89	4159385	4159313	Arg	CCT	0	0	69.9	58.90	11.00	Inf	Arg	75.6	high confidence set
Chr07	91	2075039	2074968	Trp	CCA	0	0	71.2	46.60	24.60	Inf	Trp	100.2	high confidence set
Chr07	92	1759435	1759364	iMet	CAT	0	0	58.3	28.10	30.20	Inf	iMet	118.7	high confidence set
Chr07	93	1286789	1286710	Leu	TAG	0	0	69.5	48.50	21.00	Inf	Leu	111.5	high confidence set
Chr07	94	559737	559666	Asp	GTC	0	0	69.8	46.80	23.00	Inf	Asp	94.5	high confidence set
Chr08	1	564543	564615	Phe	GAA	0	0	76.1	54.40	21.70	Inf	Phe	115.3	high confidence set
Chr08	3	1359483	1359556	Ile	AAT	0	0	84.0	56.60	27.40	Inf	Ile	110.3	high confidence set
Chr08	4	2313646	2313717	Pro	AGG	0	0	67.4	34.70	32.70	Inf	Pro	112.3	high confidence set
Chr08	5	2314808	2314879	Pro	TGG	0	0	68.5	35.70	32.80	Inf	Pro	111.2	high confidence set
Chr08	6	2315642	2315713	Pro	TGG	0	0	61.8	31.00	30.80	Inf	Pro	103.3	high confidence set
Chr08	7	3325337	3325421	Met	CAT	3325375	3325385	64.3	40.80	23.50	Inf	Met	104.0	high confidence set
Chr08	8	4265722	4265796	Thr	AGT	0	0	63.4	42.90	20.50	Inf	Thr	78.3	high confidence set
Chr08	9	4265890	4265963	Thr	AGT	0	0	73.7	48.30	25.40	Inf	Thr	89.1	high confidence set
Chr08	10	5726823	5726896	Val	AAC	0	0	72.9	48.60	24.30	Inf	Val	93.8	high confidence set
Chr08	13	10309390	10309462	Glu	CTC	0	0	78.9	53.10	25.80	Inf	Glu	99.2	high confidence set
Chr08	14	11054999	11055070	Gln	CTG	0	0	75.3	51.20	24.10	Inf	Gln	106.0	high confidence set
Chr08	20	36061352	36061435	Leu	CAA	0	0	81.0	54.60	26.40	Inf	Leu	125.6	high confidence set
Chr08	21	38515985	38516057	Ala	TGC	0	0	50.8	34.50	16.30	Inf	Ala	77.7	high confidence set
Chr08	22	40130939	40131010	Thr	TGT	0	0	79.3	49.90	29.40	Inf	Thr	86.8	high confidence set
Chr08	24	41251744	41251814	Gly	GCC	0	0	55.7	36.90	18.80	Inf	Gly	80.1	high confidence set
Chr08	25	42419411	42419484	Thr	AGT	0	0	74.7	46.20	28.50	Inf	Thr	89.4	high confidence set
Chr08	27	45216199	45216270	Asp	GTC	0	0	67.8	44.80	23.00	Inf	Asp	92.9	high confidence set
Chr08	28	45216369	45216440	Asp	GTC	0	0	52.3	41.60	10.70	Inf	Asp	79.6	high confidence set
Chr08	29	45216539	45216610	Asp	GTC	0	0	69.8	46.80	23.00	Inf	Asp	95.8	high confidence set
Chr08	30	45216710	45216781	Asp	GTC	0	0	69.8	46.80	23.00	Inf	Asp	95.8	high confidence set
Chr08	31	45216880	45216950	Asp	GTC	0	0	57.9	36.80	21.10	Inf	Asp	81.5	high confidence set
Chr08	34	47346904	47346976	Ala	AGC	0	0	63.4	38.20	25.20	Inf	Ala	98.3	high confidence set
Chr08	35	48911396	48911467	Thr	TGT	0	0	84.5	58.50	26.00	Inf	Thr	95.0	high confidence set
Chr08	36	50567587	50567659	Glu	CTC	0	0	74.4	48.60	25.80	Inf	Glu	96.7	high confidence set
Chr08	37	51297401	51297487	Met	CAT	51297439	51297451	64.2	40.70	23.50	Inf	Met	104.0	high confidence set
Chr08	38	51695572	51695643	Trp	CCA	0	0	54.3	41.80	12.50	Inf	Trp	79.8	high confidence set
Chr08	39	52331219	52331289	Gly	GCC	0	0	61.0	42.90	18.10	Inf	Gly	87.5	high confidence set
Chr08	41	52776824	52776897	Ile	AAT	0	0	81.8	58.30	23.50	Inf	Ile	106.8	high confidence set
Chr08	42	53790853	53790925	Ala	CGC	0	0	68.3	44.10	24.20	Inf	Ala	99.2	high confidence set
Chr08	43	53791004	53791076	Ala	CGC	0	0	68.3	44.10	24.20	Inf	Ala	99.2	high confidence set
Chr08	44	53838989	53839060	Gln	CTG	0	0	74.3	49.60	24.70	Inf	Gln	103.3	high confidence set
Chr08	45	54527491	54527570	Leu	TAG	0	0	69.5	48.50	21.00	Inf	Leu	111.5	high confidence set
Chr08	46	55442103	55442174	Cys	GCA	0	0	82.1	59.90	22.20	Inf	Cys	106.6	high confidence set
Chr08	48	53557059	53556988	iMet	CAT	0	0	58.3	28.10	30.20	Inf	iMet	118.7	high confidence set
Chr08	49	53213816	53213745	Thr	TGT	0	0	84.5	58.50	26.00	Inf	Thr	95.0	high confidence set
Chr08	50	53114139	53114066	Val	CAC	0	0	82.4	54.40	28.00	Inf	Val	103.7	high confidence set
Chr08	51	52840814	52840742	Lys	CTT	0	0	86.8	66.60	20.20	Inf	Lys	107.7	high confidence set
Chr08	52	52781024	52780951	Val	AAC	0	0	72.9	48.60	24.30	Inf	Val	93.8	high confidence set
Chr08	54	51010894	51010823	Gln	TTG	0	0	73.5	53.70	19.80	Inf	Gln	104.8	high confidence set
Chr08	56	48518500	48518429	Asp	GTC	0	0	69.8	46.80	23.00	Inf	Asp	95.8	high confidence set
Chr08	57	47610487	47610407	Leu	AAG	0	0	74.0	52.20	21.80	Inf	Leu	110.4	high confidence set
Chr08	58	43326678	43326606	Lys	CTT	0	0	86.8	66.60	20.20	Inf	Lys	107.7	high confidence set
Chr08	60	36830306	36830233	Val	AAC	0	0	72.9	48.60	24.30	Inf	Val	93.8	high confidence set
Chr08	62	36740331	36740261	Gly	CCC	0	0	62.2	28.60	33.60	Inf	Gly	83.8	high confidence set
Chr08	64	35404428	35404345	Leu	CAA	0	0	77.7	54.90	22.80	Inf	Leu	123.7	high confidence set
Chr08	66	26955720	26955634	Ser	GGA	0	0	53.1	23.30	29.80	Inf	Ser	71.0	unexpected anticodon
Chr08	68	20219134	20219061	Asn	GTT	0	0	84.6	58.80	25.80	Inf	Asn	96.0	high confidence set
Chr08	69	20155424	20155351	Asn	GTT	0	0	84.6	58.80	25.80	Inf	Asn	96.0	high confidence set
Chr08	70	16964194	16964121	Val	AAC	0	0	72.9	48.60	24.30	Inf	Val	93.8	high confidence set
Chr08	71	16939973	16939900	Val	AAC	0	0	72.9	48.60	24.30	Inf	Val	93.8	high confidence set
Chr08	72	16928252	16928179	Val	AAC	0	0	72.9	48.60	24.30	Inf	Val	93.8	high confidence set
Chr08	76	3810024	3809953	Pro	CGG	0	0	68.5	36.10	32.40	Inf	Pro	108.5	high confidence set
Chr08	78	3216902	3216829	Arg	TCG	0	0	81.9	60.40	21.50	Inf	Arg	92.9	high confidence set
Chr08	80	1705509	1705424	Met	CAT	1705471	1705460	64.2	40.80	23.40	Inf	Met	104.0	high confidence set
Chr08	81	1701535	1701450	Met	CAT	1701497	1701486	64.2	40.80	23.40	Inf	Met	104.0	high confidence set
Chr09	1	481098	481170	Arg	TCT	0	0	70.7	50.70	20.00	Inf	Arg	91.3	high confidence set
Chr09	2	603055	603128	Arg	ACG	0	0	56.2	44.90	11.30	Inf	Ile	73.7	IPD:-23.30,isotype mismatch
Chr09	3	1181413	1181486	Arg	TCG	0	0	82.3	61.00	21.30	Inf	Arg	91.9	high confidence set
Chr09	4	1181740	1181813	Arg	TCG	0	0	82.3	61.00	21.30	Inf	Arg	91.9	high confidence set
Chr09	5	2273700	2273771	Pro	TGG	0	0	69.2	36.90	32.30	Inf	Pro	112.8	high confidence set
Chr09	6	3028794	3028865	Asp	GTC	0	0	67.8	44.80	23.00	Inf	Asp	92.9	high confidence set
Chr09	7	3703644	3703725	Ser	CGA	0	0	76.5	44.60	31.90	Inf	Ser	118.0	high confidence set
Chr09	8	5528041	5528112	Trp	CCA	0	0	75.8	51.20	24.60	Inf	Trp	105.6	high confidence set
Chr09	9	5769492	5769565	Asn	GTT	0	0	84.5	59.40	25.10	Inf	Asn	95.9	high confidence set
Chr09	10	6869234	6869305	Gly	TCC	0	0	73.9	46.20	27.70	Inf	Gly	85.6	high confidence set
Chr09	11	6942483	6942554	Asp	GTC	0	0	67.8	44.80	23.00	Inf	Asp	92.9	high confidence set
Chr09	12	7341145	7341216	His	GTG	0	0	63.3	34.30	29.00	Inf	His	87.4	high confidence set
Chr09	13	8105019	8105111	Tyr	GTA	8105056	8105075	71.3	38.00	33.30	Inf	Tyr	104.9	high confidence set
Chr09	14	8248803	8248873	Gly	GCC	0	0	66.5	44.80	21.70	Inf	Gly	94.4	high confidence set
Chr09	17	9862932	9863003	Asp	GTC	0	0	69.8	46.80	23.00	Inf	Asp	95.8	high confidence set
Chr09	18	11095984	11096065	Ser	GCT	0	0	79.0	43.10	35.90	Inf	Ser	108.6	high confidence set
Chr09	19	11098255	11098336	Ser	GCT	0	0	79.0	43.10	35.90	Inf	Ser	108.6	high confidence set
Chr09	21	12345893	12345964	Glu	TTC	0	0	74.3	46.90	27.40	Inf	Glu	98.8	high confidence set
Chr09	23	15281471	15281551	Leu	AAG	0	0	74.0	52.20	21.80	Inf	Leu	106.2	high confidence set
Chr09	25	17002924	17002996	Lys	CTT	0	0	86.8	66.60	20.20	Inf	Lys	107.7	high confidence set
Chr09	26	18640256	18640340	Met	CAT	18640294	18640304	64.3	40.80	23.50	Inf	Met	104.0	high confidence set
Chr09	27	19691779	19691860	Ser	AGA	0	0	76.7	42.20	34.50	Inf	Ser	109.5	high confidence set
Chr09	29	23745872	23745956	Met	CAT	23745910	23745920	64.3	40.80	23.50	Inf	Met	104.0	high confidence set
Chr09	30	25466447	25466518	Thr	TGT	0	0	79.3	49.30	30.00	Inf	Thr	92.3	high confidence set
Chr09	31	27313184	27313257	Ile	AAT	0	0	79.9	56.50	23.40	Inf	Ile	104.5	high confidence set
Chr09	32	27313339	27313412	Ile	AAT	0	0	79.3	55.80	23.50	Inf	Ile	104.3	high confidence set
Chr09	33	27313493	27313566	Ile	AAT	0	0	81.8	58.30	23.50	Inf	Ile	106.8	high confidence set
Chr09	34	28509364	28509437	Ile	AAT	0	0	81.8	58.30	23.50	Inf	Ile	106.8	high confidence set
Chr09	36	28866848	28866921	Asn	ATT	0	0	73.1	46.80	26.30	Inf	Ile	75.0	IPD:-5.10,isotype mismatch
Chr09	38	29255150	29255223	Ile	AAT	0	0	79.3	55.80	23.50	Inf	Ile	104.3	high confidence set
Chr09	39	30831820	30831891	Asp	GTC	0	0	69.8	46.80	23.00	Inf	Asp	95.8	high confidence set
Chr09	40	30840543	30840614	Asp	GTC	0	0	69.8	46.80	23.00	Inf	Asp	94.5	high confidence set
Chr09	41	30871357	30871428	Asp	GTC	0	0	69.8	46.80	23.00	Inf	Asp	95.8	high confidence set
Chr09	42	31905729	31905801	Arg	CCT	0	0	66.9	46.30	20.60	Inf	Thr	78.0	IPD:-0.80,isotype mismatch
Chr09	44	47541681	47541754	Asn	GTT	0	0	79.6	52.30	27.30	Inf	Asn	89.3	high confidence set
Chr09	47	57396523	57396602	Leu	TAG	0	0	69.5	48.50	21.00	Inf	Leu	111.5	high confidence set
Chr09	59	67595013	67595085	Phe	GAA	0	0	76.1	54.40	21.70	Inf	Phe	115.3	high confidence set
Chr09	60	67600208	67600280	Phe	GAA	0	0	78.3	58.40	19.90	Inf	Phe	113.2	high confidence set
Chr09	61	67600349	67600421	Phe	GAA	0	0	78.7	58.70	20.00	Inf	Phe	108.7	high confidence set
Chr09	62	67600490	67600562	Phe	GAA	0	0	78.3	58.40	19.90	Inf	Phe	113.2	high confidence set
Chr09	63	67600631	67600703	Phe	GAA	0	0	68.9	49.80	19.10	Inf	Phe	105.8	high confidence set
Chr09	64	67600772	67600844	Phe	GAA	0	0	68.9	49.80	19.10	Inf	Phe	105.8	high confidence set
Chr09	65	67600913	67600985	Phe	GAA	0	0	78.3	58.40	19.90	Inf	Phe	113.2	high confidence set
Chr09	66	67601054	67601126	Phe	GAA	0	0	78.3	58.40	19.90	Inf	Phe	113.2	high confidence set
Chr09	67	67601309	67601381	Phe	GAA	0	0	76.1	54.40	21.70	Inf	Phe	115.3	high confidence set
Chr09	68	68917443	68917524	Ser	GCT	0	0	76.2	41.10	35.10	Inf	Ser	105.6	high confidence set
Chr09	69	68932143	68932224	Ser	GCT	0	0	57.2	30.90	26.30	Inf	Ser	84.9	high confidence set
Chr09	70	68955278	68955359	Ser	GCT	0	0	70.0	39.70	30.30	Inf	Ser	96.0	high confidence set
Chr09	71	68960579	68960660	Ser	GCT	0	0	76.2	41.10	35.10	Inf	Ser	105.6	high confidence set
Chr09	72	68974623	68974704	Ser	GCT	0	0	71.5	36.40	35.10	Inf	Ser	98.2	high confidence set
Chr09	74	68981103	68981184	Ser	GCT	0	0	76.2	41.10	35.10	Inf	Ser	105.6	high confidence set
Chr09	75	69199321	69199249	Phe	GAA	0	0	78.3	58.40	19.90	Inf	Phe	113.2	high confidence set
Chr09	78	69059819	69059738	Ser	GCT	0	0	58.1	38.30	19.80	Inf	Ser	79.1	high confidence set
Chr09	79	69048903	69048822	Ser	GCT	0	0	67.0	32.30	34.70	Inf	Ser	98.6	high confidence set
Chr09	80	69019992	69019910	Ser	GCT	0	0	75.8	41.00	34.80	Inf	Ser	101.3	high confidence set
Chr09	81	69003293	69003212	Ser	GCT	0	0	76.2	41.10	35.10	Inf	Ser	105.6	high confidence set
Chr09	82	68408643	68408572	iMet	CAT	0	0	58.3	28.10	30.20	Inf	iMet	118.7	high confidence set
Chr09	85	66852241	66852170	Gly	TCC	0	0	73.9	46.20	27.70	Inf	Gly	85.6	high confidence set
Chr09	86	66782553	66782483	Gly	CCC	0	0	66.0	29.20	36.80	Inf	Gly	87.4	high confidence set
Chr09	87	65929320	65929248	Ala	TGC	0	0	70.0	45.30	24.70	Inf	Ala	100.6	high confidence set
Chr09	88	65275469	65275398	Pro	AGG	0	0	67.4	34.70	32.70	Inf	Pro	112.3	high confidence set
Chr09	93	32065225	32065154	iMet	CAT	0	0	58.3	28.10	30.20	Inf	iMet	118.7	high confidence set
Chr09	94	31222302	31222230	Arg	CCT	0	0	61.3	40.70	20.60	Inf	Thr	72.7	IPD:-2.50,isotype mismatch
Chr09	96	29584678	29584607	Pro	AGG	0	0	67.4	34.70	32.70	Inf	Pro	112.3	high confidence set
Chr09	97	27495346	27495273	Arg	TCG	0	0	82.3	61.00	21.30	Inf	Arg	91.9	high confidence set
Chr09	98	27384468	27384395	Ile	AAT	0	0	73.6	54.20	19.40	Inf	Ile	95.1	high confidence set
Chr09	99	27384303	27384226	Ile	AAT	0	0	70.2	47.30	22.90	Inf	Ile	84.1	high confidence set
Chr09	100	27384132	27384059	Ile	AAT	0	0	75.8	56.20	19.60	Inf	Ile	101.0	high confidence set
Chr09	101	27383965	27383892	Ile	AAT	0	0	79.3	55.80	23.50	Inf	Ile	104.3	high confidence set
Chr09	102	27383798	27383725	Ile	AAT	0	0	79.3	55.80	23.50	Inf	Ile	104.3	high confidence set
Chr09	103	27383636	27383563	Ile	AAT	0	0	79.3	55.80	23.50	Inf	Ile	104.3	high confidence set
Chr09	104	27383474	27383401	Ile	AAT	0	0	79.3	55.80	23.50	Inf	Ile	104.3	high confidence set
Chr09	105	22831483	22831411	Ala	AGC	0	0	63.4	38.20	25.20	Inf	Ala	98.3	high confidence set
Chr09	107	19803104	19803020	Met	CAT	19803066	19803056	64.3	40.80	23.50	Inf	Met	104.0	high confidence set
Chr09	108	18872533	18872461	Lys	CTT	0	0	86.8	66.60	20.20	Inf	Lys	107.7	high confidence set
Chr09	109	16869669	16869597	Arg	CCT	0	0	71.7	55.90	15.80	Inf	Arg	84.3	high confidence set
Chr09	110	16370478	16370406	Arg	CCT	0	0	66.9	46.30	20.60	Inf	Thr	78.0	IPD:-0.80,isotype mismatch
Chr09	113	14411000	14410928	Glu	CTC	0	0	74.4	48.60	25.80	Inf	Glu	96.7	high confidence set
Chr09	114	13729005	13728933	Arg	TCT	0	0	70.2	50.00	20.20	Inf	Arg	95.6	high confidence set
Chr09	115	13369959	13369888	Asp	GTC	0	0	69.8	46.80	23.00	Inf	Asp	94.5	high confidence set
Chr09	116	13112283	13112211	Val	TAC	0	0	77.8	43.10	34.70	Inf	Val	106.5	high confidence set
Chr09	117	12624906	12624833	Ile	TAT	0	0	85.9	70.60	15.30	Inf	Ile	103.9	high confidence set
Chr09	118	11977680	11977608	Arg	ACG	0	0	72.0	49.70	22.30	Inf	Arg	93.9	high confidence set
Chr09	120	10323165	10323093	Lys	CTT	0	0	86.8	66.60	20.20	Inf	Lys	107.7	high confidence set
Chr09	121	9573854	9573784	Gly	GCC	0	0	66.5	44.80	21.70	Inf	Gly	94.4	high confidence set
Chr09	122	6574682	6574610	Val	TAC	0	0	63.7	33.70	30.00	Inf	Val	88.1	high confidence set
Chr09	123	6220316	6220227	Tyr	GTA	6220279	6220263	74.3	42.80	31.50	Inf	Tyr	111.8	high confidence set
Chr09	124	2774842	2774770	Ala	TGC	0	0	70.0	45.30	24.70	Inf	Ala	100.6	high confidence set
Chr09	125	1433503	1433422	Ser	AGA	0	0	77.1	42.80	34.30	Inf	Ser	110.5	high confidence set
Chr09	126	1401752	1401671	Ser	GCT	0	0	75.1	40.40	34.70	Inf	Ser	101.3	high confidence set
Chr09	127	1399438	1399366	Glu	CTC	0	0	74.4	48.60	25.80	Inf	Glu	96.7	high confidence set
Chr10	2	2007137	2007209	Lys	CTT	0	0	86.8	66.60	20.20	Inf	Lys	107.7	high confidence set
Chr10	4	5542653	5542734	Ser	AGA	0	0	75.9	41.00	34.90	Inf	Ser	111.1	high confidence set
Chr10	5	5707186	5707257	Gln	TTG	0	0	73.5	53.70	19.80	Inf	Gln	104.8	high confidence set
Chr10	6	8084157	8084229	Arg	CCT	0	0	69.5	51.90	17.60	Inf	Arg	80.3	high confidence set
Chr10	7	11764402	11764473	Pro	TGG	0	0	69.2	36.90	32.30	Inf	Pro	112.8	high confidence set
Chr10	8	20170118	20170201	Leu	CAA	0	0	77.9	54.30	23.60	Inf	Leu	125.0	high confidence set
Chr10	9	20171287	20171370	Leu	CAA	0	0	81.0	54.60	26.40	Inf	Leu	125.6	high confidence set
Chr10	10	20188286	20188369	Leu	CAA	0	0	78.5	55.10	23.40	Inf	Leu	119.0	high confidence set
Chr10	11	20971031	20971102	Asp	GTC	0	0	50.0	36.50	13.50	Inf	Asp	77.5	high confidence set
Chr10	18	47816273	47816345	Arg	ACG	0	0	72.0	49.70	22.30	Inf	Arg	93.9	high confidence set
Chr10	19	48994098	48994170	Lys	TTT	0	0	89.6	66.00	23.60	Inf	Lys	96.4	high confidence set
Chr10	20	51932772	51932851	Leu	TAG	0	0	69.5	48.50	21.00	Inf	Leu	111.5	high confidence set
Chr10	22	56073210	56073282	Arg	CCT	0	0	69.5	51.90	17.60	Inf	Arg	80.3	high confidence set
Chr10	23	56727108	56727179	His	GTG	0	0	63.0	33.70	29.30	Inf	His	86.8	high confidence set
Chr10	24	57059098	57059169	Pro	AGG	0	0	57.2	34.10	23.10	Inf	Pro	98.9	high confidence set
Chr10	25	57281407	57281479	Lys	TTT	0	0	88.7	64.40	24.30	Inf	Lys	93.7	high confidence set
Chr10	26	61075120	61075191	Glu	TTC	0	0	72.0	46.80	25.20	Inf	Glu	98.7	high confidence set
Chr10	27	61092565	61092645	Leu	AAG	0	0	74.0	52.20	21.80	Inf	Leu	110.4	high confidence set
Chr10	28	61891973	61892046	Val	CAC	0	0	82.4	54.40	28.00	Inf	Val	103.7	high confidence set
Chr10	29	61962665	61962736	Asp	GTC	0	0	57.6	37.70	19.90	Inf	Asp	82.4	high confidence set
Chr10	30	61165916	61165843	Ile	TAT	0	0	85.9	70.60	15.30	Inf	Ile	103.9	high confidence set
Chr10	31	61165763	61165690	Ile	TAT	0	0	85.9	70.60	15.30	Inf	Ile	103.9	high confidence set
Chr10	32	59693086	59693016	Gly	GCC	0	0	66.5	44.80	21.70	Inf	Gly	94.4	high confidence set
Chr10	33	59678371	59678301	Gly	GCC	0	0	57.3	41.80	15.50	Inf	Gly	86.0	high confidence set
Chr10	34	59677012	59676942	Gly	GCC	0	0	66.5	44.80	21.70	Inf	Gly	94.4	high confidence set
Chr10	35	59675333	59675263	Gly	GCC	0	0	66.5	44.80	21.70	Inf	Gly	94.4	high confidence set
Chr10	37	58123780	58123709	Glu	TTC	0	0	72.0	46.80	25.20	Inf	Glu	98.7	high confidence set
Chr10	38	57838723	57838652	Glu	TTC	0	0	72.0	46.80	25.20	Inf	Glu	98.7	high confidence set
Chr10	40	56546961	56546889	Lys	CTT	0	0	86.8	66.60	20.20	Inf	Lys	107.7	high confidence set
Chr10	41	56539838	56539766	Lys	CTT	0	0	86.8	66.60	20.20	Inf	Lys	107.7	high confidence set
Chr10	42	56416224	56416152	Lys	TTT	0	0	82.5	66.00	16.50	Inf	Lys	89.4	high confidence set
Chr10	43	56132785	56132714	Pro	AGG	0	0	67.4	34.70	32.70	Inf	Pro	112.3	high confidence set
Chr10	44	56132650	56132579	Pro	AGG	0	0	67.4	34.70	32.70	Inf	Pro	112.3	high confidence set
Chr10	45	55709153	55709081	Ala	AGC	0	0	63.4	38.70	24.70	Inf	Ala	96.4	high confidence set
Chr10	46	55479179	55479109	Gly	GCC	0	0	66.5	44.80	21.70	Inf	Gly	94.4	high confidence set
Chr10	48	52603321	52603249	Arg	TCT	0	0	69.9	49.40	20.50	Inf	Arg	99.6	high confidence set
Chr10	49	52576685	52576614	Trp	CCA	0	0	75.8	51.20	24.60	Inf	Trp	105.6	high confidence set
Chr10	50	52576008	52575937	Trp	CCA	0	0	75.8	51.20	24.60	Inf	Trp	105.6	high confidence set
Chr10	51	52575106	52575035	Trp	CCA	0	0	75.8	51.20	24.60	Inf	Trp	105.6	high confidence set
Chr10	53	47799993	47799921	Arg	ACG	0	0	71.7	49.10	22.60	Inf	Arg	91.4	high confidence set
Chr10	54	42200936	42200847	Tyr	GTA	42200899	42200883	72.0	38.80	33.20	Inf	Tyr	110.0	high confidence set
Chr10	58	21725728	21725657	Trp	CCA	0	0	75.8	51.20	24.60	Inf	Trp	105.6	high confidence set
Chr10	59	21720641	21720570	Trp	CCA	0	0	75.8	51.20	24.60	Inf	Trp	105.6	high confidence set
Chr10	60	14494343	14494271	Ala	TGC	0	0	56.8	40.20	16.60	Inf	Ala	77.7	high confidence set
Chr10	61	8733746	8733675	Gly	TCC	0	0	69.4	44.60	24.80	Inf	Gly	79.1	high confidence set
Chr10	62	8191239	8191158	Ser	AGA	0	0	77.1	42.80	34.30	Inf	Ser	110.5	high confidence set
Chr10	64	3925660	3925588	Lys	CTT	0	0	73.2	62.20	11.00	Inf	Lys	93.9	high confidence set
Chr10	65	3925502	3925430	Lys	CTT	0	0	86.8	66.60	20.20	Inf	Lys	107.7	high confidence set
Chr10	66	3925352	3925280	Lys	CTT	0	0	86.8	66.60	20.20	Inf	Lys	107.7	high confidence set
Chr10	68	1302976	1302904	Phe	GAA	0	0	76.1	54.40	21.70	Inf	Phe	115.3	high confidence set
Chr10	69	1298981	1298909	Phe	GAA	0	0	78.3	58.40	19.90	Inf	Phe	113.2	high confidence set
Chr11	3	1100812	1100883	Trp	CCA	0	0	75.8	51.20	24.60	Inf	Trp	105.6	high confidence set
Chr11	4	1968886	1968958	Val	TAC	0	0	78.2	43.80	34.40	Inf	Val	106.2	high confidence set
Chr11	5	2060674	2060744	Gly	GCC	0	0	66.5	44.80	21.70	Inf	Gly	94.4	high confidence set
Chr11	8	2362619	2362691	Glu	CTC	0	0	74.4	48.60	25.80	Inf	Glu	96.7	high confidence set
Chr11	9	2428197	2428270	Ile	TAT	0	0	85.2	69.50	15.70	Inf	Ile	102.6	high confidence set
Chr11	10	2799587	2799658	Gly	TCC	0	0	73.9	46.20	27.70	Inf	Gly	85.6	high confidence set
Chr11	11	2819995	2820066	Glu	TTC	0	0	74.3	46.90	27.40	Inf	Glu	98.8	high confidence set
Chr11	12	3160466	3160538	Arg	ACG	0	0	72.0	49.70	22.30	Inf	Arg	93.9	high confidence set
Chr11	13	3295282	3295355	Asn	GTT	0	0	84.5	59.40	25.10	Inf	Asn	95.9	high confidence set
Chr11	14	3844095	3844167	Lys	TTT	0	0	89.6	66.00	23.60	Inf	Lys	96.4	high confidence set
Chr11	15	3844250	3844322	Lys	TTT	0	0	82.2	66.20	16.00	Inf	Lys	86.1	high confidence set
Chr11	16	3844395	3844467	Lys	TTT	0	0	86.3	64.80	21.50	Inf	Lys	92.4	high confidence set
Chr11	17	3844560	3844632	Lys	TTT	0	0	89.6	66.00	23.60	Inf	Lys	96.4	high confidence set
Chr11	18	3844725	3844797	Lys	TTT	0	0	89.6	66.00	23.60	Inf	Lys	96.4	high confidence set
Chr11	19	4051402	4051483	Ser	AGA	0	0	76.3	41.60	34.70	Inf	Ser	112.1	high confidence set
Chr11	20	6408680	6408753	Ile	AAT	0	0	82.4	58.90	23.50	Inf	Ile	107.0	high confidence set
Chr11	21	6899822	6899903	Ser	CGA	0	0	76.5	44.60	31.90	Inf	Ser	118.0	high confidence set
Chr11	22	8733938	8734010	Ala	TGC	0	0	70.0	45.30	24.70	Inf	Ala	100.6	high confidence set
Chr11	23	8750260	8750330	Gly	GCC	0	0	66.5	44.80	21.70	Inf	Gly	94.4	high confidence set
Chr11	24	10397544	10397615	Pro	TGG	0	0	69.2	36.90	32.30	Inf	Pro	112.8	high confidence set
Chr11	28	11056620	11056692	Glu	CTC	0	0	74.4	48.60	25.80	Inf	Glu	96.7	high confidence set
Chr11	29	13745457	13745528	Trp	CCA	0	0	75.8	51.20	24.60	Inf	Trp	105.6	high confidence set
Chr11	30	17660682	17660755	Ile	AAT	0	0	83.4	59.90	23.50	Inf	Ile	108.6	high confidence set
Chr11	33	26875813	26875886	Val	AAC	0	0	72.2	47.80	24.40	Inf	Val	98.2	high confidence set
Chr11	34	26875989	26876062	Val	AAC	0	0	72.2	47.80	24.40	Inf	Val	98.2	high confidence set
Chr11	35	26876348	26876421	Val	AAC	0	0	72.2	47.80	24.40	Inf	Val	98.2	high confidence set
Chr11	40	42364801	42364882	Ser	AGA	0	0	70.7	42.30	28.40	Inf	Ser	105.5	high confidence set
Chr11	41	51302122	51302194	Arg	ACG	0	0	71.7	49.10	22.60	Inf	Arg	91.4	high confidence set
Chr11	42	51941695	51941768	Asn	GTT	0	0	84.5	59.40	25.10	Inf	Asn	95.9	high confidence set
Chr11	43	51979351	51979424	Asn	GTT	0	0	84.5	59.40	25.10	Inf	Asn	95.9	high confidence set
Chr11	44	52021492	52021565	Asn	GTT	0	0	84.5	59.40	25.10	Inf	Asn	95.9	high confidence set
Chr11	45	52082683	52082756	Asn	GTT	0	0	84.5	59.40	25.10	Inf	Asn	95.9	high confidence set
Chr11	46	52084982	52085055	Asn	GTT	0	0	68.4	48.10	20.30	Inf	Asn	76.2	high confidence set
Chr11	47	54080950	54081021	Glu	TTC	0	0	72.0	46.80	25.20	Inf	Glu	98.7	high confidence set
Chr11	48	55264886	55264959	Ile	AAT	0	0	82.4	58.90	23.50	Inf	Ile	107.0	high confidence set
Chr11	49	55267030	55267103	Ile	AAT	0	0	74.0	55.00	19.00	Inf	Ile	95.5	high confidence set
Chr11	50	55698441	55698531	Tyr	GTA	55698478	55698495	74.3	42.80	31.50	Inf	Tyr	111.8	high confidence set
Chr11	51	58544708	58544779	His	GTG	0	0	63.0	33.70	29.30	Inf	His	86.8	high confidence set
Chr11	52	58545017	58545088	His	GTG	0	0	63.0	33.70	29.30	Inf	His	86.8	high confidence set
Chr11	53	58545749	58545821	Arg	CCG	0	0	80.4	58.30	22.10	Inf	Arg	84.6	high confidence set
Chr11	54	59161410	59161482	Lys	CTT	0	0	86.8	66.60	20.20	Inf	Lys	107.7	high confidence set
Chr11	55	59806618	59806690	Phe	GAA	0	0	78.3	58.40	19.90	Inf	Phe	113.2	high confidence set
Chr11	56	59808857	59808929	Phe	GAA	0	0	78.3	58.40	19.90	Inf	Phe	113.2	high confidence set
Chr11	58	62380804	62380732	Ala	AGC	0	0	61.0	37.30	23.70	Inf	Ala	92.9	high confidence set
Chr11	59	61148562	61148490	Arg	CCT	0	0	66.9	46.30	20.60	Inf	Thr	78.0	IPD:-0.80,isotype mismatch
Chr11	60	61147164	61147092	Arg	CCT	0	0	68.2	54.10	14.10	Inf	Arg	82.6	high confidence set
Chr11	61	61147011	61146939	Arg	CCT	0	0	72.6	51.90	20.70	Inf	Arg	83.4	high confidence set
Chr11	62	58556265	58556194	Pro	AGG	0	0	67.4	34.70	32.70	Inf	Pro	112.3	high confidence set
Chr11	63	58531278	58531207	Cys	GCA	0	0	82.1	59.90	22.20	Inf	Cys	106.6	high confidence set
Chr11	64	57201694	57201623	Pro	AGG	0	0	67.4	34.70	32.70	Inf	Pro	112.3	high confidence set
Chr11	67	53966932	53966861	Asp	GTC	0	0	61.0	38.10	22.90	Inf	Asp	87.0	high confidence set
Chr11	68	52106807	52106734	Asn	GTT	0	0	84.5	59.40	25.10	Inf	Asn	95.9	high confidence set
Chr11	69	52048348	52048275	Asn	GTT	0	0	84.5	59.40	25.10	Inf	Asn	95.9	high confidence set
Chr11	70	51994377	51994304	Asn	GTT	0	0	84.5	59.40	25.10	Inf	Asn	95.9	high confidence set
Chr11	71	51924944	51924871	Asn	GTT	0	0	84.5	59.40	25.10	Inf	Asn	95.9	high confidence set
Chr11	72	51907846	51907773	Asn	GTT	0	0	84.5	59.40	25.10	Inf	Asn	95.9	high confidence set
Chr11	77	49580769	49580698	Gly	TCC	0	0	73.9	46.20	27.70	Inf	Gly	85.6	high confidence set
Chr11	78	47367965	47367892	Thr	AGT	0	0	75.3	47.40	27.90	Inf	Thr	89.8	high confidence set
Chr11	79	47367801	47367728	Thr	AGT	0	0	73.7	48.30	25.40	Inf	Thr	89.1	high confidence set
Chr11	80	47367637	47367564	Thr	AGT	0	0	75.3	47.40	27.90	Inf	Thr	89.8	high confidence set
Chr11	81	47115165	47115092	Thr	AGT	0	0	75.3	47.40	27.90	Inf	Thr	89.8	high confidence set
Chr11	84	45301501	45301431	Gly	CCC	0	0	66.0	29.20	36.80	Inf	Gly	87.4	high confidence set
Chr11	90	24281095	24281009	Ser	GGA	0	0	55.5	32.40	23.10	Inf	Ser	73.4	unexpected anticodon
Chr11	91	22481185	22481114	Pro	AGG	0	0	67.4	34.70	32.70	Inf	Pro	112.3	high confidence set
Chr11	92	7987834	7987763	Cys	GCA	0	0	81.9	59.40	22.50	Inf	Cys	106.0	high confidence set
Chr11	93	5003013	5002932	Ser	GCT	0	0	79.0	43.10	35.90	Inf	Ser	108.6	high confidence set
Chr11	94	4983213	4983132	Ser	GCT	0	0	79.0	43.10	35.90	Inf	Ser	108.6	high confidence set
Chr11	95	4980584	4980503	Ser	GCT	0	0	79.0	43.10	35.90	Inf	Ser	108.6	high confidence set
Chr11	96	4976956	4976875	Ser	GCT	0	0	79.0	43.10	35.90	Inf	Ser	108.6	high confidence set
Chr11	97	4973787	4973706	Ser	GCT	0	0	79.0	43.10	35.90	Inf	Ser	108.6	high confidence set
Chr11	98	3152410	3152338	Lys	TTT	0	0	77.4	58.90	18.50	Inf	Lys	81.2	high confidence set
Chr11	99	3152081	3152009	Arg	ACG	0	0	71.7	49.10	22.60	Inf	Arg	91.4	high confidence set
Chr11	100	3151892	3151820	Arg	ACG	0	0	62.0	43.90	18.10	Inf	Arg	83.0	high confidence set
Chr11	102	2743208	2743137	Glu	TTC	0	0	72.0	46.80	25.20	Inf	Glu	98.7	high confidence set
Chr11	103	2518898	2518828	Gly	GCC	0	0	66.5	44.80	21.70	Inf	Gly	94.4	high confidence set
Chr11	105	2105177	2105106	Glu	TTC	0	0	72.0	46.80	25.20	Inf	Glu	98.7	high confidence set
Chr11	106	1615847	1615776	Asp	GTC	0	0	67.8	44.80	23.00	Inf	Asp	91.6	high confidence set
Chr12	1	772107	772197	Tyr	GTA	772144	772161	74.3	42.80	31.50	Inf	Tyr	111.8	high confidence set
Chr12	2	781106	781196	Tyr	GTA	781143	781160	74.3	42.80	31.50	Inf	Tyr	111.8	high confidence set
Chr12	3	1927389	1927461	Arg	ACG	0	0	71.7	49.10	22.60	Inf	Arg	91.4	high confidence set
Chr12	5	4580609	4580680	Gln	TTG	0	0	73.5	53.70	19.80	Inf	Gln	104.8	high confidence set
Chr12	6	4581469	4581540	Gln	TTG	0	0	73.5	53.70	19.80	Inf	Gln	104.8	high confidence set
Chr12	7	6444766	6444855	Tyr	GTA	6444803	6444819	74.3	42.80	31.50	Inf	Tyr	111.8	high confidence set
Chr12	8	7523840	7523912	Ala	AGC	0	0	63.4	38.20	25.20	Inf	Ala	98.3	high confidence set
Chr12	10	23448590	23448662	Lys	TTT	0	0	89.6	66.00	23.60	Inf	Lys	96.4	high confidence set
Chr12	14	26566857	26566929	Ala	AGC	0	0	63.4	38.20	25.20	Inf	Ala	98.3	high confidence set
Chr12	15	26627813	26627885	Ala	AGC	0	0	63.4	38.20	25.20	Inf	Ala	98.3	high confidence set
Chr12	16	29059687	29059767	Leu	AAG	0	0	74.0	52.20	21.80	Inf	Leu	110.4	high confidence set
Chr12	17	30621170	30621242	Glu	CTC	0	0	74.4	48.60	25.80	Inf	Glu	96.7	high confidence set
Chr12	18	30673757	30673829	Glu	CTC	0	0	74.4	48.60	25.80	Inf	Glu	96.7	high confidence set
Chr12	19	30680884	30680956	Glu	CTC	0	0	74.4	48.60	25.80	Inf	Glu	96.7	high confidence set
Chr12	21	30686680	30686752	Glu	CTC	0	0	74.4	48.60	25.80	Inf	Glu	96.7	high confidence set
Chr12	22	30688714	30688786	Glu	CTC	0	0	74.4	48.60	25.80	Inf	Glu	96.7	high confidence set
Chr12	24	32154134	32154205	Pro	AGG	0	0	67.4	34.70	32.70	Inf	Pro	112.3	high confidence set
Chr12	25	32154724	32154795	Pro	CGG	0	0	68.4	35.70	32.70	Inf	Pro	111.1	high confidence set
Chr12	26	32154935	32155006	Pro	CGG	0	0	64.1	34.40	29.70	Inf	Pro	107.3	high confidence set
Chr12	27	32155409	32155480	Pro	TGG	0	0	68.5	35.70	32.80	Inf	Pro	111.2	high confidence set
Chr12	28	32158466	32158539	Asn	GTT	0	0	81.8	56.30	25.50	Inf	Asn	94.2	high confidence set
Chr12	30	34573077	34573158	Ser	TGA	0	0	78.3	44.40	33.90	Inf	Ser	115.8	high confidence set
Chr12	31	35297064	35297135	Thr	CGT	0	0	77.2	58.30	18.90	Inf	Thr	76.8	high confidence set
Chr12	32	35298366	35298439	Asn	GTT	0	0	84.5	59.40	25.10	Inf	Asn	95.9	high confidence set
Chr12	33	33976323	33976251	Lys	TTT	0	0	89.6	66.00	23.60	Inf	Lys	96.4	high confidence set
Chr12	37	32938229	32938158	Gln	CTG	0	0	74.3	49.60	24.70	Inf	Gln	103.3	high confidence set
Chr12	38	32760116	32760033	Leu	CAA	0	0	80.3	52.20	28.10	Inf	Leu	124.8	high confidence set
Chr12	39	30662265	30662193	Glu	CTC	0	0	66.0	46.70	19.30	Inf	Glu	89.2	high confidence set
Chr12	40	30659304	30659232	Glu	CTC	0	0	74.4	48.60	25.80	Inf	Glu	96.7	high confidence set
Chr12	41	30637476	30637404	Glu	CTC	0	0	74.4	48.60	25.80	Inf	Glu	96.7	high confidence set
Chr12	42	30039536	30039465	Asp	GTC	0	0	67.8	44.80	23.00	Inf	Asp	92.9	high confidence set
Chr12	43	29596986	29596916	Gly	GCC	0	0	66.5	44.80	21.70	Inf	Gly	94.4	high confidence set
Chr12	44	29053275	29053195	Leu	AAG	0	0	74.0	52.20	21.80	Inf	Leu	110.4	high confidence set
Chr12	45	28744329	28744249	Leu	AAG	0	0	74.0	52.20	21.80	Inf	Leu	110.4	high confidence set
Chr12	46	28740232	28740152	Leu	AAG	0	0	74.0	52.20	21.80	Inf	Leu	110.4	high confidence set
Chr12	47	28395051	28394980	Gln	TTG	0	0	73.5	53.70	19.80	Inf	Gln	104.8	high confidence set
Chr12	48	27215303	27215222	Ser	CGA	0	0	78.0	45.60	32.40	Inf	Ser	118.6	high confidence set
Chr12	49	26845185	26845113	Ala	AGC	0	0	63.4	38.20	25.20	Inf	Ala	98.3	high confidence set
Chr12	50	24215392	24215319	Val	CAC	0	0	81.8	53.80	28.00	Inf	Val	103.4	high confidence set
Chr12	53	14633773	14633692	Ser	TGA	0	0	76.8	44.10	32.70	Inf	Ser	113.8	high confidence set
Chr12	55	11519664	11519592	Arg	CCT	0	0	72.6	51.90	20.70	Inf	Arg	83.4	high confidence set
Chr12	56	10307422	10307351	Cys	GCA	0	0	81.3	60.10	21.20	Inf	Cys	109.8	high confidence set
Chr12	57	5782254	5782181	Ile	AAT	0	0	82.4	58.90	23.50	Inf	Ile	107.0	high confidence set
Chr12	60	2390110	2390040	Gly	GCC	0	0	66.5	44.80	21.70	Inf	Gly	94.4	high confidence set
Chr12	62	383435	383364	Glu	TTC	0	0	66.3	48.30	18.00	Inf	Glu	91.3	high confidence set
Chr13	1	1569372	1569443	Glu	TTC	0	0	72.0	46.80	25.20	Inf	Glu	98.7	high confidence set
Chr13	2	1574866	1574937	Glu	TTC	0	0	72.0	46.80	25.20	Inf	Glu	98.7	high confidence set
Chr13	3	1580265	1580336	Glu	TTC	0	0	72.0	46.80	25.20	Inf	Glu	98.7	high confidence set
Chr13	4	1665572	1665643	Cys	GCA	0	0	79.7	60.70	19.00	Inf	Cys	107.9	high confidence set
Chr13	5	1665721	1665792	Cys	GCA	0	0	76.6	54.40	22.20	Inf	Cys	99.0	high confidence set
Chr13	6	1665875	1665946	Cys	GCA	0	0	82.1	59.90	22.20	Inf	Cys	106.6	high confidence set
Chr13	7	1666027	1666098	Cys	GCA	0	0	78.0	55.90	22.10	Inf	Cys	101.2	high confidence set
Chr13	8	1666181	1666252	Cys	GCA	0	0	72.0	56.00	16.00	Inf	Cys	98.1	high confidence set
Chr13	9	1666335	1666406	Cys	GCA	0	0	82.1	59.90	22.20	Inf	Cys	106.6	high confidence set
Chr13	10	1666489	1666560	Cys	GCA	0	0	82.1	59.90	22.20	Inf	Cys	106.6	high confidence set
Chr13	11	1667329	1667400	Cys	GCA	0	0	82.1	59.90	22.20	Inf	Cys	106.6	high confidence set
Chr13	12	2301967	2302039	Ala	AGC	0	0	63.4	38.20	25.20	Inf	Ala	98.3	high confidence set
Chr13	14	3117659	3117732	Arg	TCG	0	0	78.4	58.60	19.80	Inf	Arg	91.2	high confidence set
Chr13	16	15359623	15359696	Asn	GTT	0	0	82.2	55.30	26.90	Inf	Asn	91.0	high confidence set
Chr13	18	18948779	18948851	Phe	GAA	0	0	78.3	58.40	19.90	Inf	Phe	113.2	high confidence set
Chr13	19	19077734	19077805	His	GTG	0	0	58.7	29.70	29.00	Inf	His	81.3	high confidence set
Chr13	20	30703847	30703917	Gly	GCC	0	0	56.8	35.00	21.80	Inf	Gly	85.5	high confidence set
Chr13	22	33252945	33253018	Thr	AGT	0	0	63.7	38.60	25.10	Inf	Thr	78.2	high confidence set
Chr13	27	48292093	48292164	Cys	GCA	0	0	82.1	59.90	22.20	Inf	Cys	106.6	high confidence set
Chr13	28	51953494	51953573	Leu	TAG	0	0	65.3	44.40	20.90	Inf	Leu	102.3	high confidence set
Chr13	30	52748418	52748504	Ser	GGA	0	0	64.1	35.40	28.70	Inf	Ser	82.8	unexpected anticodon
Chr13	31	54376542	54376623	Ser	GCT	0	0	78.0	43.20	34.80	Inf	Ser	105.6	high confidence set
Chr13	32	55016689	55016760	Gly	TCC	0	0	73.9	46.20	27.70	Inf	Gly	85.6	high confidence set
Chr13	33	55033462	55033533	Gly	TCC	0	0	73.9	46.20	27.70	Inf	Gly	85.6	high confidence set
Chr13	35	55060110	55060181	Gly	TCC	0	0	73.9	46.20	27.70	Inf	Gly	85.6	high confidence set
Chr13	36	55089525	55089596	Gly	TCC	0	0	73.9	46.20	27.70	Inf	Gly	85.6	high confidence set
Chr13	37	57582782	57582855	Val	CAC	0	0	81.4	53.40	28.00	Inf	Val	101.0	high confidence set
Chr13	39	58199231	58199301	Gly	GCC	0	0	66.5	44.80	21.70	Inf	Gly	94.4	high confidence set
Chr13	40	57781265	57781192	Val	AAC	0	0	72.9	48.60	24.30	Inf	Val	93.8	high confidence set
Chr13	41	57397713	57397633	Leu	AAG	0	0	74.0	52.20	21.80	Inf	Leu	110.4	high confidence set
Chr13	42	56890658	56890577	Ser	GCT	0	0	79.0	43.10	35.90	Inf	Ser	108.6	high confidence set
Chr13	43	55427673	55427600	Arg	TCG	0	0	82.3	61.00	21.30	Inf	Arg	91.9	high confidence set
Chr13	46	52480024	52479951	Met	CAT	0	0	63.8	37.70	26.10	Inf	Met	75.0	high confidence set
Chr13	47	52079182	52079109	Ile	TAT	0	0	72.6	62.10	10.50	Inf	Ile	88.9	high confidence set
Chr13	48	48767255	48767183	Arg	CCG	0	0	69.2	51.20	18.00	Inf	Arg	93.1	high confidence set
Chr13	49	47608423	47608350	Thr	AGT	0	0	76.0	48.40	27.60	Inf	Thr	90.6	high confidence set
Chr13	50	37077041	37076968	Ile	TAT	0	0	85.9	70.60	15.30	Inf	Ile	103.9	high confidence set
Chr13	51	36753933	36753860	Trp	CCA	0	0	72.0	42.50	29.50	Inf	Thr	75.4	IPD:-18.90,isotype mismatch
Chr13	54	32546190	32546120	Gly	CCC	0	0	58.3	29.10	29.20	Inf	Gly	82.6	high confidence set
Chr13	60	15781926	15781855	Asp	GTC	0	0	60.8	47.10	13.70	Inf	Asp	82.0	high confidence set
Chr13	62	15590119	15590048	Thr	CGT	0	0	75.5	57.80	17.70	Inf	Thr	84.3	high confidence set
Chr13	63	15053921	15053849	Ala	TGC	0	0	70.0	44.20	25.80	Inf	Ala	100.4	high confidence set
Chr13	65	12088722	12088650	Ala	AGC	0	0	63.4	38.20	25.20	Inf	Ala	98.3	high confidence set
Chr13	66	8495872	8495800	Ala	AGC	0	0	54.3	33.90	20.40	Inf	Ala	82.7	high confidence set
Chr13	67	7922807	7922736	Thr	TGT	0	0	76.2	49.20	27.00	Inf	Thr	89.8	high confidence set
Chr13	68	7922621	7922550	Thr	TGT	0	0	79.4	48.40	31.00	Inf	Thr	92.4	high confidence set
Chr13	69	4672553	4672482	Pro	AGG	0	0	67.4	34.70	32.70	Inf	Pro	112.3	high confidence set
Chr13	70	4671668	4671597	Pro	TGG	0	0	68.5	35.70	32.80	Inf	Pro	111.2	high confidence set
Chr13	71	4670075	4670004	Pro	TGG	0	0	68.5	35.70	32.80	Inf	Pro	111.2	high confidence set
Chr13	72	4669327	4669256	Pro	AGG	0	0	67.4	34.70	32.70	Inf	Pro	112.3	high confidence set
Chr13	73	4668381	4668309	Pro	AGG	0	0	59.9	32.30	27.60	Inf	Pro	105.1	high confidence set
Chr13	74	4667429	4667358	Pro	TGG	0	0	68.5	35.70	32.80	Inf	Pro	111.2	high confidence set
Chr13	75	4666292	4666221	Pro	TGG	0	0	68.5	35.70	32.80	Inf	Pro	111.2	high confidence set
Chr13	76	4665490	4665419	Pro	AGG	0	0	67.4	34.70	32.70	Inf	Pro	112.3	high confidence set
Chr13	77	4664605	4664534	Pro	TGG	0	0	68.5	35.70	32.80	Inf	Pro	111.2	high confidence set
Chr13	78	4663298	4663227	Pro	TGG	0	0	68.5	35.70	32.80	Inf	Pro	111.2	high confidence set
Chr13	79	4661714	4661643	Pro	TGG	0	0	68.5	35.70	32.80	Inf	Pro	111.2	high confidence set
Chr13	81	4659636	4659565	Pro	TGG	0	0	68.9	36.50	32.40	Inf	Pro	109.4	high confidence set
Chr13	82	4639417	4639346	Pro	TGG	0	0	61.8	31.00	30.80	Inf	Pro	103.3	high confidence set
Chr13	84	4638495	4638424	Pro	TGG	0	0	68.5	35.70	32.80	Inf	Pro	111.2	high confidence set
Chr13	85	4636703	4636632	Pro	TGG	0	0	68.5	35.70	32.80	Inf	Pro	111.2	high confidence set
Chr13	87	3007280	3007196	Met	CAT	3007242	3007232	64.2	40.80	23.40	Inf	Met	104.0	high confidence set
Chr13	88	2931901	2931830	Gln	CTG	0	0	74.3	49.60	24.70	Inf	Gln	103.3	high confidence set
Chr13	90	2769898	2769804	Tyr	GTA	2769861	2769840	74.1	42.60	31.50	Inf	Tyr	111.8	high confidence set
Chr13	91	2459308	2459236	Glu	CTC	0	0	74.4	48.60	25.80	Inf	Glu	96.7	high confidence set
Chr13	93	1801677	1801606	His	GTG	0	0	63.3	34.30	29.00	Inf	His	91.7	high confidence set
Chr13	94	1476251	1476180	Glu	TTC	0	0	72.0	46.80	25.20	Inf	Glu	98.7	high confidence set
Chr13	95	1309474	1309402	Glu	CTC	0	0	74.4	48.60	25.80	Inf	Glu	96.7	high confidence set
Chr13	96	1200104	1200032	Ala	AGC	0	0	58.7	38.60	20.10	Inf	Ala	93.1	high confidence set
Chr13	97	389368	389296	Arg	ACG	0	0	71.7	49.10	22.60	Inf	Arg	91.4	high confidence set
scaffold_14	2	953537	953465	Lys	TTT	0	0	86.8	64.90	21.90	Inf	Lys	91.9	high confidence set
scaffold_30	1	34749	34820	Asp	GTC	0	0	69.8	46.80	23.00	Inf	Asp	94.5	high confidence set
scaffold_126	1	10842	10923	Ser	TGA	0	0	75.2	40.50	34.70	Inf	Ser	114.4	high confidence set
scaffold_247	1	9026	8946	Leu	AAG	0	0	65.2	50.30	14.90	Inf	Leu	98.1	high confidence set
scaffold_556	1	4155	4083	Glu	CTC	0	0	74.4	48.60	25.80	Inf	Glu	96.7	high confidence set
