EukHighConfidenceFilter v1.0 Summary
Completed Time: Tue Sep 20 00:09:20 2022

Inputs
------------------------------------------------------
tRNAscan-SE output file: Graimondii_221_v2.0_trnascan-se.output
tRNAscan-SE ss file: Graimondii_221_v2.0_trnascan-se.struct
Secondary filtering domain-specific model score cutoff: 50
Secondary filtering secondary structure score cutoff: 10
Secondary filtering isotype-specific model score cutoff: 70
Tertiary filtering isotype-specific model starting score cutoff: 70
Tertiary filtering maximum isotype-specific model score cutoff: 95
Remove filtered hits: Yes

Outputs
------------------------------------------------------
tRNAscan-SE output file: hi_conf_Graimondii/Graimondii_221_v2.0.out
tRNAscan-SE ss file: hi_conf_Graimondii/Graimondii_221_v2.0.ss
Summary file: hi_conf_Graimondii/Graimondii_221_v2.0.log

Summary statistics
------------------------------------------------------
Total tRNA predictions:                                1100
Possible pseudogenes:                                  111
tRNAs with scores lower than secondary cutoffs:        252
tRNAs failed tertiary filter:                          0

tRNAs after filtering:                                 737

tRNAs with mismatched isotype:                         17
tRNAs with undetermined isotype:                       0
tRNAs with unexpected anticodon:                       5

High confidence set:                                   715

Isotype / Anticodon Counts After Filtering
------------------------------------------------------

Ala     : 50	  AGC: 24      GGC: 0       CGC: 8       TGC: 18    
Gly     : 55	  ACC: 0       GCC: 28      CCC: 9       TCC: 18    
Pro     : 46	  AGG: 18      GGG: 0       CGG: 5       TGG: 23    
Thr     : 32	  AGT: 15      GGT: 1       CGT: 5       TGT: 11    
Val     : 47	  AAC: 25      GAC: 0       CAC: 10      TAC: 12    
Ser     : 65	  AGA: 19      GGA: 4       CGA: 5       TGA: 11      ACT: 0       GCT: 26                              
Arg     : 50	  ACG: 13      GCG: 1       CCG: 4       TCG: 9                                 CCT: 12      TCT: 11    
Leu     : 56	  AAG: 18      GAG: 0       CAG: 7       TAG: 8                                 CAA: 14      TAA: 9     
Phe     : 27	  AAA: 0       GAA: 27                              
Asn     : 27	  ATT: 1       GTT: 26                              
Lys     : 42	                            CTT: 17      TTT: 25    
Asp     : 36	  ATC: 0       GTC: 36                              
Glu     : 38	                            CTC: 19      TTC: 19    
His     : 14	  ATG: 0       GTG: 14                              
Gln     : 22	                            CTG: 10      TTG: 12    
Ile     : 36	  AAT: 28      GAT: 0                    TAT: 8     
Met     : 33	                            CAT: 33                 
Tyr     : 21	  ATA: 0       GTA: 21                              
Supres  : 0	                            CTA: 0       TTA: 0     
Cys     : 19	  ACA: 0       GCA: 19                              
Trp     : 21	                            CCA: 21                 
SelCys  : 0	                                         TCA: 0     

