Sequence  		tRNA   	Bounds 	tRNA	Anti	Intron Bounds	Inf	HMM	2'Str	Hit	Isotype	Isotype	      
Name      	tRNA#	Begin  	End    	Type	Codon	Begin	End	Score	Score	Score	Origin	CM	Score	Note
--------  	------	-----  	------ 	----	-----	-----	----	------	-----	-----	------	-------	-------	------
SL4.0ch00	2	1412391	1412469	Arg	ACG	0	0	56.5	44.90	11.60	Inf	Ile	73.7	IPD:-23.30,isotype mismatch
SL4.0ch00	4	1434381	1434452	Asn	GTT	0	0	83.4	60.80	22.60	Inf	Asn	82.2	high confidence set
SL4.0ch00	7	1468569	1468640	Arg	TCT	0	0	58.3	25.60	32.70	Inf	Gln	70.8	IPD:-24.50,isotype mismatch
SL4.0ch00	9	1490875	1490946	Thr	GGT	0	0	58.2	29.20	29.00	Inf	Thr	73.0	unexpected anticodon
SL4.0ch00	11	1504723	1504809	Ser	GGA	0	0	64.5	34.70	29.80	Inf	Ser	84.5	unexpected anticodon
SL4.0ch00	12	1507894	1507966	Phe	GAA	0	0	72.0	48.00	24.00	Inf	Thr	76.1	IPD:-0.90,isotype mismatch
SL4.0ch00	15	1567851	1567929	Arg	ACG	0	0	56.5	44.90	11.60	Inf	Ile	73.7	IPD:-23.30,isotype mismatch
SL4.0ch00	17	1589841	1589912	Asn	GTT	0	0	83.4	60.80	22.60	Inf	Asn	82.2	high confidence set
SL4.0ch00	24	2474470	2474541	Asn	GTT	0	0	83.4	60.80	22.60	Inf	Asn	82.2	high confidence set
SL4.0ch00	27	2508655	2508726	Arg	TCT	0	0	58.3	25.60	32.70	Inf	Gln	70.8	IPD:-24.50,isotype mismatch
SL4.0ch00	29	2530962	2531033	Thr	GGT	0	0	58.2	29.20	29.00	Inf	Thr	73.0	unexpected anticodon
SL4.0ch00	31	2548113	2548185	Thr	TGT	0	0	69.1	50.20	18.90	Inf	Thr	82.6	high confidence set
SL4.0ch00	34	3768283	3768361	Arg	ACG	0	0	56.5	44.90	11.60	Inf	Ile	73.7	IPD:-23.30,isotype mismatch
SL4.0ch00	35	3790273	3790344	Asn	GTT	0	0	83.4	60.80	22.60	Inf	Asn	82.2	high confidence set
SL4.0ch00	38	3824461	3824532	Arg	TCT	0	0	58.3	25.60	32.70	Inf	Gln	70.8	IPD:-24.50,isotype mismatch
SL4.0ch00	40	3846768	3846839	Thr	GGT	0	0	58.2	29.20	29.00	Inf	Thr	73.0	unexpected anticodon
SL4.0ch00	42	3860615	3860701	Ser	GGA	0	0	64.5	34.70	29.80	Inf	Ser	84.5	unexpected anticodon
SL4.0ch00	43	3863786	3863858	Phe	GAA	0	0	72.0	48.00	24.00	Inf	Thr	76.1	IPD:-0.90,isotype mismatch
SL4.0ch00	44	4440273	4440344	Asn	GTT	0	0	83.4	60.80	22.60	Inf	Asn	82.2	high confidence set
SL4.0ch00	47	5044886	5044959	Phe	GAA	0	0	62.7	44.90	17.80	Inf	Tyr	75.7	IPD:-23.60,isotype mismatch
SL4.0ch00	48	5045210	5045284	Pro	TGG	0	0	62.8	32.80	30.00	Inf	Trp	73.3	IPD:-42.40,isotype mismatch
SL4.0ch00	49	5066819	5066891	Lys	TTT	0	0	80.3	61.50	18.80	Inf	Lys	78.3	high confidence set
SL4.0ch00	52	5075643	5075716	Trp	CCA	0	0	70.1	43.00	27.10	Inf	Thr	71.6	IPD:-17.70,isotype mismatch
SL4.0ch00	55	5867086	5867157	Asn	GTT	0	0	83.4	60.80	22.60	Inf	Asn	82.2	high confidence set
SL4.0ch00	59	6450482	6450560	Arg	ACG	0	0	56.5	44.90	11.60	Inf	Ile	73.7	IPD:-23.30,isotype mismatch
SL4.0ch00	60	6878733	6878820	Ser	GCT	0	0	64.6	36.50	28.10	Inf	Ser	78.7	high confidence set
SL4.0ch00	70	7343377	7343448	Asn	GTT	0	0	83.4	60.80	22.60	Inf	Asn	82.2	high confidence set
SL4.0ch00	73	7377564	7377635	Arg	TCT	0	0	58.3	25.60	32.70	Inf	Gln	70.8	IPD:-24.50,isotype mismatch
SL4.0ch00	75	8038305	8038378	Phe	GAA	0	0	62.7	44.90	17.80	Inf	Tyr	75.7	IPD:-23.60,isotype mismatch
SL4.0ch00	76	8038629	8038703	Pro	TGG	0	0	62.8	32.80	30.00	Inf	Trp	73.3	IPD:-42.40,isotype mismatch
SL4.0ch00	82	7544386	7544313	Phe	GAA	0	0	62.7	44.90	17.80	Inf	Tyr	75.7	IPD:-23.60,isotype mismatch
SL4.0ch00	83	7544062	7543988	Pro	TGG	0	0	62.8	32.80	30.00	Inf	Trp	73.3	IPD:-42.40,isotype mismatch
SL4.0ch00	84	7375991	7375904	Ser	GCT	0	0	64.6	36.50	28.10	Inf	Ser	78.7	high confidence set
SL4.0ch00	88	7344109	7344031	Arg	ACG	0	0	56.5	44.90	11.60	Inf	Ile	73.7	IPD:-23.30,isotype mismatch
SL4.0ch00	89	7331969	7331898	Arg	TCT	0	0	58.3	25.60	32.70	Inf	Gln	70.8	IPD:-24.50,isotype mismatch
SL4.0ch00	92	7216049	7215978	Asn	GTT	0	0	83.4	60.80	22.60	Inf	Asn	82.2	high confidence set
SL4.0ch00	93	7215442	7215360	Tyr	GTA	0	0	63.5	45.20	18.30	Inf	Leu	71.2	IPD:-4.50,isotype mismatch
SL4.0ch00	95	7099291	7099219	Met	CAT	0	0	57.4	26.60	30.80	Inf	Thr	70.8	IPD:-31.60,isotype mismatch
SL4.0ch00	97	6951733	6951647	Ser	GGA	0	0	64.4	34.60	29.80	Inf	Ser	87.2	unexpected anticodon
SL4.0ch00	100	6877160	6877089	Arg	TCT	0	0	58.3	25.60	32.70	Inf	Gln	70.8	IPD:-24.50,isotype mismatch
SL4.0ch00	102	6451214	6451143	Asn	GTT	0	0	83.4	60.80	22.60	Inf	Asn	82.2	high confidence set
SL4.0ch00	106	5119316	5119245	Asn	GTT	0	0	83.4	60.80	22.60	Inf	Asn	82.2	high confidence set
SL4.0ch00	108	5104744	5104658	Ser	GGA	0	0	64.4	34.60	29.80	Inf	Ser	87.2	unexpected anticodon
SL4.0ch00	109	3862075	3862003	Thr	TGT	0	0	69.1	50.20	18.90	Inf	Thr	82.6	high confidence set
SL4.0ch00	113	3846224	3846141	Tyr	GTA	0	0	55.6	30.40	25.20	Inf	Tyr	72.5	high confidence set
SL4.0ch00	115	3822888	3822801	Ser	GCT	0	0	64.6	36.50	28.10	Inf	Ser	78.7	high confidence set
SL4.0ch00	119	3791005	3790927	Arg	ACG	0	0	56.5	44.90	11.60	Inf	Ile	73.7	IPD:-23.30,isotype mismatch
SL4.0ch00	121	3769015	3768944	Asn	GTT	0	0	83.4	60.80	22.60	Inf	Asn	82.2	high confidence set
SL4.0ch00	125	3058942	3058871	Asn	GTT	0	0	83.4	60.80	22.60	Inf	Asn	82.2	high confidence set
SL4.0ch00	126	3058335	3058253	Tyr	GTA	0	0	63.5	45.20	18.30	Inf	Leu	71.2	IPD:-4.50,isotype mismatch
SL4.0ch00	129	3020105	3020032	Phe	GAA	0	0	62.7	44.90	17.80	Inf	Tyr	75.7	IPD:-23.60,isotype mismatch
SL4.0ch00	130	3019781	3019707	Pro	TGG	0	0	62.8	32.80	30.00	Inf	Trp	73.3	IPD:-42.40,isotype mismatch
SL4.0ch00	131	2995744	2995673	Asn	GTT	0	0	83.4	60.80	22.60	Inf	Asn	82.2	high confidence set
SL4.0ch00	132	2549568	2549482	Ser	GGA	0	0	64.5	34.70	29.80	Inf	Ser	84.5	unexpected anticodon
SL4.0ch00	133	2546423	2546351	Phe	GAA	0	0	72.0	48.00	24.00	Inf	Thr	76.1	IPD:-0.90,isotype mismatch
SL4.0ch00	138	2530418	2530335	Tyr	GTA	0	0	55.6	30.40	25.20	Inf	Tyr	72.5	high confidence set
SL4.0ch00	140	2507082	2506995	Ser	GCT	0	0	64.6	36.50	28.10	Inf	Ser	78.7	high confidence set
SL4.0ch00	144	2475202	2475124	Arg	ACG	0	0	56.5	44.90	11.60	Inf	Ile	73.7	IPD:-23.30,isotype mismatch
SL4.0ch00	148	1590573	1590495	Arg	ACG	0	0	56.5	44.90	11.60	Inf	Ile	73.7	IPD:-23.30,isotype mismatch
SL4.0ch00	149	1568583	1568512	Asn	GTT	0	0	83.4	60.80	22.60	Inf	Asn	82.2	high confidence set
SL4.0ch00	153	1526829	1526756	Trp	CCA	0	0	70.1	43.00	27.10	Inf	Thr	71.6	IPD:-17.70,isotype mismatch
SL4.0ch00	154	1506183	1506111	Thr	TGT	0	0	69.1	50.20	18.90	Inf	Thr	82.6	high confidence set
SL4.0ch00	158	1490331	1490248	Tyr	GTA	0	0	55.6	30.40	25.20	Inf	Tyr	72.5	high confidence set
SL4.0ch00	160	1466996	1466909	Ser	GCT	0	0	64.6	36.50	28.10	Inf	Ser	78.7	high confidence set
SL4.0ch00	164	1435113	1435035	Arg	ACG	0	0	56.5	44.90	11.60	Inf	Ile	73.7	IPD:-23.30,isotype mismatch
SL4.0ch00	165	1413123	1413052	Asn	GTT	0	0	83.4	60.80	22.60	Inf	Asn	82.2	high confidence set
SL4.0ch00	169	1371369	1371296	Trp	CCA	0	0	70.1	43.00	27.10	Inf	Thr	71.6	IPD:-17.70,isotype mismatch
SL4.0ch01	1	879987	880059	Ala	AGC	0	0	63.4	38.20	25.20	Inf	Ala	98.3	high confidence set
SL4.0ch01	2	2987783	2987855	Ala	TGC	0	0	62.7	43.70	19.00	Inf	Ala	91.9	high confidence set
SL4.0ch01	4	3218229	3218300	Lys	TTT	0	0	92.3	68.60	23.70	Inf	Lys	97.5	high confidence set
SL4.0ch01	5	3426242	3426315	Asn	GTT	0	0	84.5	59.40	25.10	Inf	Asn	95.9	high confidence set
SL4.0ch01	6	3600293	3600373	Leu	AAG	0	0	74.0	52.20	21.80	Inf	Leu	110.4	high confidence set
SL4.0ch01	7	4593120	4593193	Val	AAC	0	0	73.2	49.00	24.20	Inf	Val	95.8	high confidence set
SL4.0ch01	14	30947352	30947425	Trp	CCA	0	0	70.2	43.10	27.10	Inf	Thr	71.6	IPD:-17.70,isotype mismatch
SL4.0ch01	25	65519896	65519968	Phe	GAA	0	0	73.6	51.90	21.70	Inf	Phe	110.6	high confidence set
SL4.0ch01	26	69534572	69534643	Pro	TGG	0	0	56.7	28.30	28.40	Inf	Pro	99.8	high confidence set
SL4.0ch01	27	69863364	69863436	Phe	GAA	0	0	76.1	54.40	21.70	Inf	Phe	115.3	high confidence set
SL4.0ch01	28	72471390	72471473	Tyr	GTA	72471427	72471437	74.3	42.60	31.70	Inf	Tyr	110.0	high confidence set
SL4.0ch01	29	74467626	74467698	Glu	CTC	0	0	78.9	53.10	25.80	Inf	Glu	99.2	high confidence set
SL4.0ch01	31	77404938	77405011	Val	AAC	0	0	72.9	48.60	24.30	Inf	Val	93.8	high confidence set
SL4.0ch01	32	77669002	77669082	Leu	AAG	0	0	74.0	52.20	21.80	Inf	Leu	110.4	high confidence set
SL4.0ch01	33	78460868	78460953	Tyr	GTA	78460905	78460917	74.2	42.60	31.60	Inf	Tyr	110.0	high confidence set
SL4.0ch01	34	78838890	78838973	Leu	CAA	0	0	81.1	56.00	25.10	Inf	Leu	127.4	high confidence set
SL4.0ch01	36	80334516	80334588	Glu	CTC	0	0	78.9	53.10	25.80	Inf	Glu	99.2	high confidence set
SL4.0ch01	37	81960788	81960858	Gly	CCC	0	0	66.3	29.50	36.80	Inf	Gly	89.7	high confidence set
SL4.0ch01	39	81996703	81996773	Gly	CCC	0	0	66.3	29.50	36.80	Inf	Gly	89.7	high confidence set
SL4.0ch01	40	82505304	82505377	Thr	AGT	0	0	76.0	48.40	27.60	Inf	Thr	90.6	high confidence set
SL4.0ch01	41	83186566	83186638	Phe	GAA	0	0	76.1	54.40	21.70	Inf	Phe	115.3	high confidence set
SL4.0ch01	42	84867123	84867207	Met	CAT	84867161	84867171	64.3	40.80	23.50	Inf	Met	104.0	high confidence set
SL4.0ch01	43	85034886	85034958	Ala	AGC	0	0	63.4	38.20	25.20	Inf	Ala	98.3	high confidence set
SL4.0ch01	44	85088491	85088563	Lys	CTT	0	0	87.7	67.60	20.10	Inf	Lys	106.7	high confidence set
SL4.0ch01	45	85671675	85671747	Val	TAC	0	0	77.8	43.10	34.70	Inf	Val	106.5	high confidence set
SL4.0ch01	46	86068493	86068576	Leu	CAA	0	0	70.9	50.50	20.40	Inf	Leu	112.9	high confidence set
SL4.0ch01	47	86665536	86665609	Val	AAC	0	0	72.8	48.40	24.40	Inf	Val	98.6	high confidence set
SL4.0ch01	48	86959664	86959735	Pro	TGG	0	0	63.7	34.40	29.30	Inf	Pro	104.6	high confidence set
SL4.0ch01	49	86960460	86960531	Pro	CGG	0	0	64.8	40.10	24.70	Inf	Pro	111.5	high confidence set
SL4.0ch01	50	86960832	86960903	Pro	TGG	0	0	67.4	34.70	32.70	Inf	Pro	112.3	high confidence set
SL4.0ch01	51	86962682	86962753	Pro	TGG	0	0	61.9	29.10	32.80	Inf	Pro	106.3	high confidence set
SL4.0ch01	52	86962923	86962994	Pro	TGG	0	0	68.5	35.70	32.80	Inf	Pro	111.2	high confidence set
SL4.0ch01	53	86964522	86964593	Pro	TGG	0	0	68.5	35.70	32.80	Inf	Pro	111.2	high confidence set
SL4.0ch01	54	86964763	86964834	Pro	TGG	0	0	68.5	35.70	32.80	Inf	Pro	111.2	high confidence set
SL4.0ch01	55	86966337	86966408	Pro	TGG	0	0	60.1	33.80	26.30	Inf	Pro	103.6	high confidence set
SL4.0ch01	56	86966692	86966763	Pro	CGG	0	0	64.0	38.90	25.10	Inf	Pro	109.9	high confidence set
SL4.0ch01	57	86967366	86967437	Pro	TGG	0	0	68.5	35.70	32.80	Inf	Pro	111.2	high confidence set
SL4.0ch01	58	86969332	86969403	Pro	TGG	0	0	68.5	35.70	32.80	Inf	Pro	111.2	high confidence set
SL4.0ch01	59	86969704	86969775	Pro	TGG	0	0	68.5	35.70	32.80	Inf	Pro	111.2	high confidence set
SL4.0ch01	60	86970295	86970366	Pro	TGG	0	0	59.9	27.60	32.30	Inf	Pro	105.6	high confidence set
SL4.0ch01	61	86980074	86980145	Pro	TGG	0	0	68.5	35.70	32.80	Inf	Pro	111.2	high confidence set
SL4.0ch01	62	87051310	87051383	Asn	GTT	0	0	84.5	59.40	25.10	Inf	Asn	95.9	high confidence set
SL4.0ch01	63	87981450	87981523	Ile	AAT	0	0	84.9	58.30	26.60	Inf	Ile	109.3	high confidence set
SL4.0ch01	64	88707103	88707174	Gly	TCC	0	0	71.0	46.70	24.30	Inf	Gly	82.3	high confidence set
SL4.0ch01	65	88876557	88876628	Gln	CTG	0	0	74.7	50.50	24.20	Inf	Gln	103.8	high confidence set
SL4.0ch01	67	89425467	89425539	Glu	CTC	0	0	77.0	53.60	23.40	Inf	Glu	97.9	high confidence set
SL4.0ch01	68	89527697	89527780	Leu	CAA	0	0	77.7	54.90	22.80	Inf	Leu	123.7	high confidence set
SL4.0ch01	69	89709397	89709468	Cys	GCA	0	0	82.1	59.90	22.20	Inf	Cys	106.6	high confidence set
SL4.0ch01	70	89337208	89337137	Pro	CGG	0	0	65.2	35.80	29.40	Inf	Pro	103.5	high confidence set
SL4.0ch01	71	88484351	88484279	Ala	CGC	0	0	68.3	44.10	24.20	Inf	Ala	99.2	high confidence set
SL4.0ch01	73	87477953	87477869	Met	CAT	87477915	87477905	55.1	33.50	21.60	Inf	Met	89.2	high confidence set
SL4.0ch01	74	87472588	87472504	Met	CAT	87472550	87472540	64.3	40.80	23.50	Inf	Met	104.0	high confidence set
SL4.0ch01	75	86986370	86986299	Gly	TCC	0	0	71.0	46.70	24.30	Inf	Gly	82.3	high confidence set
SL4.0ch01	76	86979642	86979571	Gly	TCC	0	0	71.0	46.70	24.30	Inf	Gly	82.3	high confidence set
SL4.0ch01	77	85853844	85853760	Met	CAT	85853806	85853796	64.3	40.80	23.50	Inf	Met	104.0	high confidence set
SL4.0ch01	78	85070005	85069934	Glu	TTC	0	0	71.7	46.90	24.80	Inf	Glu	101.5	high confidence set
SL4.0ch01	79	85068344	85068273	Glu	TTC	0	0	71.7	46.90	24.80	Inf	Glu	101.5	high confidence set
SL4.0ch01	80	85066939	85066868	Glu	TTC	0	0	71.7	46.90	24.80	Inf	Glu	101.5	high confidence set
SL4.0ch01	81	85066589	85066518	Glu	TTC	0	0	66.1	41.30	24.80	Inf	Glu	95.7	high confidence set
SL4.0ch01	82	85044870	85044799	Glu	TTC	0	0	63.4	45.70	17.70	Inf	Glu	94.4	high confidence set
SL4.0ch01	83	84707265	84707192	Arg	TCG	0	0	81.9	60.40	21.50	Inf	Arg	92.9	high confidence set
SL4.0ch01	84	83389552	83389480	Glu	CTC	0	0	78.9	53.10	25.80	Inf	Glu	99.2	high confidence set
SL4.0ch01	85	83033810	83033738	Phe	GAA	0	0	76.1	54.40	21.70	Inf	Phe	115.3	high confidence set
SL4.0ch01	86	82675525	82675453	Ala	AGC	0	0	63.4	38.20	25.20	Inf	Ala	98.3	high confidence set
SL4.0ch01	87	82658729	82658658	Pro	CGG	0	0	65.2	35.80	29.40	Inf	Pro	103.5	high confidence set
SL4.0ch01	88	82149558	82149487	Glu	TTC	0	0	71.7	46.90	24.80	Inf	Glu	101.5	high confidence set
SL4.0ch01	90	79650953	79650874	Leu	TAG	0	0	61.2	49.90	11.30	Inf	Leu	107.7	high confidence set
SL4.0ch01	91	79527856	79527783	Val	AAC	0	0	72.9	48.60	24.30	Inf	Val	93.8	high confidence set
SL4.0ch01	92	78869110	78869039	Gly	TCC	0	0	71.0	46.70	24.30	Inf	Gly	82.3	high confidence set
SL4.0ch01	93	78515346	78515273	Val	AAC	0	0	72.2	47.80	24.40	Inf	Val	98.2	high confidence set
SL4.0ch01	94	78216750	78216677	Val	CAC	0	0	81.5	53.50	28.00	Inf	Val	103.7	high confidence set
SL4.0ch01	95	77204296	77204224	Lys	CTT	0	0	87.7	67.60	20.10	Inf	Lys	106.7	high confidence set
SL4.0ch01	97	75763592	75763521	Pro	AGG	0	0	67.4	34.70	32.70	Inf	Pro	112.3	high confidence set
SL4.0ch01	98	74869407	74869336	Gly	TCC	0	0	74.1	46.70	27.40	Inf	Gly	84.2	high confidence set
SL4.0ch01	99	74859379	74859308	Gly	TCC	0	0	71.0	46.70	24.30	Inf	Gly	82.3	high confidence set
SL4.0ch01	100	74309478	74309397	Ser	GCT	0	0	78.0	44.30	33.70	Inf	Ser	107.0	high confidence set
SL4.0ch01	105	7090792	7090710	Leu	TAA	0	0	70.7	33.10	37.60	Inf	Leu	93.7	high confidence set
SL4.0ch01	108	6246530	6246459	iMet	CAT	0	0	58.3	28.10	30.20	Inf	iMet	118.7	high confidence set
SL4.0ch01	110	5310547	5310475	Glu	CTC	0	0	78.9	53.10	25.80	Inf	Glu	99.2	high confidence set
SL4.0ch01	111	4938960	4938888	Val	TAC	0	0	77.8	43.10	34.70	Inf	Val	106.5	high confidence set
SL4.0ch01	112	4424019	4423948	Gln	TTG	0	0	65.6	45.70	19.90	Inf	Gln	97.8	high confidence set
SL4.0ch01	113	3993107	3993023	Met	CAT	3993069	3993059	64.3	40.80	23.50	Inf	Met	104.0	high confidence set
SL4.0ch01	114	3865259	3865188	Cys	GCA	0	0	82.1	59.90	22.20	Inf	Cys	106.6	high confidence set
SL4.0ch01	115	3572223	3572141	Leu	TAA	0	0	75.0	38.30	36.70	Inf	Leu	99.6	high confidence set
SL4.0ch01	116	3223717	3223638	Leu	TAG	0	0	69.5	48.50	21.00	Inf	Leu	111.5	high confidence set
SL4.0ch01	117	1354854	1354783	Cys	GCA	0	0	82.0	60.80	21.20	Inf	Cys	106.2	high confidence set
SL4.0ch01	118	621486	621415	Gly	TCC	0	0	73.0	47.50	25.50	Inf	Gly	80.4	high confidence set
SL4.0ch02	3	27992239	27992310	Gly	TCC	0	0	71.0	46.70	24.30	Inf	Gly	82.3	high confidence set
SL4.0ch02	4	28003719	28003790	Gly	TCC	0	0	71.0	46.70	24.30	Inf	Gly	82.3	high confidence set
SL4.0ch02	5	30208782	30208853	Lys	TTT	0	0	92.3	68.60	23.70	Inf	Lys	97.5	high confidence set
SL4.0ch02	6	31717857	31717929	Arg	ACG	0	0	73.2	50.90	22.30	Inf	Arg	94.3	high confidence set
SL4.0ch02	8	31964054	31964126	Glu	CTC	0	0	78.9	53.10	25.80	Inf	Glu	99.2	high confidence set
SL4.0ch02	9	32558948	32559019	Glu	TTC	0	0	71.7	46.90	24.80	Inf	Glu	101.5	high confidence set
SL4.0ch02	10	34148718	34148791	Asn	GTT	0	0	84.5	59.40	25.10	Inf	Asn	95.9	high confidence set
SL4.0ch02	11	34755516	34755587	Asp	GTC	0	0	67.0	47.30	19.70	Inf	Asp	95.1	high confidence set
SL4.0ch02	12	34951675	34951746	His	GTG	0	0	62.2	33.00	29.20	Inf	His	81.5	high confidence set
SL4.0ch02	13	35211079	35211152	Asn	GTT	0	0	84.5	59.40	25.10	Inf	Asn	95.9	high confidence set
SL4.0ch02	14	35354714	35354786	Ala	TGC	0	0	61.3	42.90	18.40	Inf	Ala	95.7	high confidence set
SL4.0ch02	15	35361986	35362058	Ala	TGC	0	0	70.0	45.30	24.70	Inf	Ala	100.6	high confidence set
SL4.0ch02	16	36202848	36202929	Ser	TGA	0	0	80.7	46.10	34.60	Inf	Ser	119.7	high confidence set
SL4.0ch02	17	37098045	37098116	Lys	TTT	0	0	92.3	68.60	23.70	Inf	Lys	97.5	high confidence set
SL4.0ch02	18	38363208	38363279	Thr	TGT	0	0	79.1	48.90	30.20	Inf	Thr	92.7	high confidence set
SL4.0ch02	19	38377512	38377585	Thr	AGT	0	0	73.4	47.80	25.60	Inf	Thr	86.0	high confidence set
SL4.0ch02	20	42782182	42782253	Gly	TCC	0	0	68.5	44.20	24.30	Inf	Gly	79.2	high confidence set
SL4.0ch02	21	43379025	43379106	Ser	AGA	0	0	78.7	42.50	36.20	Inf	Ser	114.6	high confidence set
SL4.0ch02	22	43891828	43891899	Gln	TTG	0	0	73.5	53.70	19.80	Inf	Gln	104.8	high confidence set
SL4.0ch02	23	44893656	44893727	Glu	TTC	0	0	66.1	45.00	21.10	Inf	Glu	95.8	high confidence set
SL4.0ch02	24	44976715	44976788	Ile	AAT	0	0	84.9	58.30	26.60	Inf	Ile	109.3	high confidence set
SL4.0ch02	25	45704650	45704721	Pro	CGG	0	0	65.2	35.80	29.40	Inf	Pro	103.5	high confidence set
SL4.0ch02	26	46323058	46323129	Glu	TTC	0	0	71.7	46.90	24.80	Inf	Glu	101.5	high confidence set
SL4.0ch02	27	47371482	47371553	Pro	TGG	0	0	68.5	35.70	32.80	Inf	Pro	111.2	high confidence set
SL4.0ch02	28	47374192	47374263	Pro	TGG	0	0	68.5	35.70	32.80	Inf	Pro	111.2	high confidence set
SL4.0ch02	29	47411728	47411799	Asp	GTC	0	0	69.8	46.80	23.00	Inf	Asp	94.5	high confidence set
SL4.0ch02	30	48047582	48047654	Ala	AGC	0	0	63.4	38.20	25.20	Inf	Ala	98.3	high confidence set
SL4.0ch02	31	48575859	48575929	Gly	CCC	0	0	66.3	29.50	36.80	Inf	Gly	89.7	high confidence set
SL4.0ch02	33	50793150	50793223	Asn	GTT	0	0	84.5	59.40	25.10	Inf	Asn	95.9	high confidence set
SL4.0ch02	34	51412594	51412667	Thr	AGT	0	0	76.0	48.40	27.60	Inf	Thr	90.6	high confidence set
SL4.0ch02	35	52440072	52440143	Thr	TGT	0	0	77.8	49.00	28.80	Inf	Thr	89.6	high confidence set
SL4.0ch02	37	53018193	53018122	Gln	TTG	0	0	73.5	53.70	19.80	Inf	Gln	104.8	high confidence set
SL4.0ch02	38	52757158	52757086	Lys	CTT	0	0	87.7	67.60	20.10	Inf	Lys	106.7	high confidence set
SL4.0ch02	39	52346548	52346477	Asp	GTC	0	0	69.8	46.80	23.00	Inf	Asp	94.5	high confidence set
SL4.0ch02	40	50450153	50450081	Arg	TCT	0	0	63.1	42.90	20.20	Inf	Arg	87.0	high confidence set
SL4.0ch02	41	49742404	49742331	Ile	AAT	0	0	84.9	58.30	26.60	Inf	Ile	109.3	high confidence set
SL4.0ch02	42	49586764	49586693	Asp	GTC	0	0	69.8	46.80	23.00	Inf	Asp	94.5	high confidence set
SL4.0ch02	43	48982870	48982799	Thr	CGT	0	0	80.5	54.30	26.20	Inf	Thr	87.3	high confidence set
SL4.0ch02	44	48799032	48798959	Asn	GTT	0	0	83.3	58.10	25.20	Inf	Asn	92.8	high confidence set
SL4.0ch02	45	48617676	48617605	Gln	TTG	0	0	73.5	53.70	19.80	Inf	Gln	104.8	high confidence set
SL4.0ch02	46	48453725	48453653	Ala	TGC	0	0	62.3	42.70	19.60	Inf	Ala	92.8	high confidence set
SL4.0ch02	47	48207682	48207599	Leu	CAA	0	0	81.0	54.60	26.40	Inf	Leu	125.6	high confidence set
SL4.0ch02	49	46538470	46538399	Asp	GTC	0	0	64.2	41.30	22.90	Inf	Asp	90.4	high confidence set
SL4.0ch02	50	45957680	45957609	His	GTG	0	0	63.0	33.70	29.30	Inf	His	86.8	high confidence set
SL4.0ch02	52	45855472	45855400	Lys	CTT	0	0	82.9	67.70	15.20	Inf	Lys	103.2	high confidence set
SL4.0ch02	53	45704849	45704779	Gly	GCC	0	0	61.0	42.90	18.10	Inf	Gly	87.5	high confidence set
SL4.0ch02	55	41685726	41685655	Asp	GTC	0	0	69.8	46.80	23.00	Inf	Asp	94.5	high confidence set
SL4.0ch02	56	41137335	41137264	Gln	TTG	0	0	64.7	53.20	11.50	Inf	Gln	95.6	high confidence set
SL4.0ch02	57	40922598	40922528	Gly	GCC	0	0	66.5	44.80	21.70	Inf	Gly	94.4	high confidence set
SL4.0ch02	58	40921648	40921576	Phe	GAA	0	0	76.1	54.40	21.70	Inf	Phe	115.3	high confidence set
SL4.0ch02	59	40595212	40595140	Arg	CCT	0	0	74.8	55.90	18.90	Inf	Arg	87.5	high confidence set
SL4.0ch02	61	40247171	40247098	Ile	TAT	0	0	85.9	70.60	15.30	Inf	Ile	103.9	high confidence set
SL4.0ch02	62	39312245	39312172	Ile	AAT	0	0	84.9	58.30	26.60	Inf	Ile	109.3	high confidence set
SL4.0ch02	63	38368636	38368564	Arg	ACG	0	0	72.9	50.30	22.60	Inf	Arg	91.8	high confidence set
SL4.0ch02	64	37057385	37057312	Asn	GTT	0	0	84.5	59.40	25.10	Inf	Asn	95.9	high confidence set
SL4.0ch02	66	36373638	36373566	Glu	CTC	0	0	78.9	53.10	25.80	Inf	Glu	99.2	high confidence set
SL4.0ch02	67	36208721	36208640	Ser	AGA	0	0	78.7	42.50	36.20	Inf	Ser	114.6	high confidence set
SL4.0ch02	68	35576167	35576087	Leu	CAG	0	0	68.4	45.70	22.70	Inf	Leu	107.6	high confidence set
SL4.0ch02	69	35260814	35260742	Ala	TGC	0	0	70.0	45.30	24.70	Inf	Ala	100.6	high confidence set
SL4.0ch02	72	34141574	34141502	Arg	TCT	0	0	70.4	50.20	20.20	Inf	Arg	95.3	high confidence set
SL4.0ch02	73	33073648	33073577	Asp	GTC	0	0	67.3	46.00	21.30	Inf	Asp	90.7	high confidence set
SL4.0ch02	74	31481587	31481514	Ile	AAT	0	0	70.1	53.80	16.30	Inf	Ile	96.5	high confidence set
SL4.0ch02	75	31479731	31479658	Ile	AAT	0	0	81.4	58.70	22.70	Inf	Ile	106.0	high confidence set
SL4.0ch02	77	14159323	14159251	Ala	AGC	0	0	61.7	36.30	25.40	Inf	Ala	90.8	high confidence set
SL4.0ch03	1	207724	207795	Lys	TTT	0	0	86.1	64.30	21.80	Inf	Lys	91.2	high confidence set
SL4.0ch03	2	522845	522926	Ser	AGA	0	0	80.3	44.00	36.30	Inf	Ser	115.3	high confidence set
SL4.0ch03	3	1663044	1663116	Lys	CTT	0	0	81.0	60.80	20.20	Inf	Lys	100.2	high confidence set
SL4.0ch03	4	2096515	2096586	iMet	CAT	0	0	58.3	28.10	30.20	Inf	iMet	118.7	high confidence set
SL4.0ch03	6	2592756	2592839	Leu	CAA	0	0	81.1	56.00	25.10	Inf	Leu	127.4	high confidence set
SL4.0ch03	7	3057842	3057913	Cys	GCA	0	0	82.1	59.90	22.20	Inf	Cys	106.6	high confidence set
SL4.0ch03	8	3952563	3952634	His	GTG	0	0	63.0	33.70	29.30	Inf	His	86.8	high confidence set
SL4.0ch03	9	4210296	4210367	Glu	TTC	0	0	71.7	46.90	24.80	Inf	Glu	101.5	high confidence set
SL4.0ch03	10	4263045	4263126	Ser	AGA	0	0	79.4	43.10	36.30	Inf	Ser	115.0	high confidence set
SL4.0ch03	11	4856004	4856077	Ile	AAT	0	0	84.9	58.30	26.60	Inf	Ile	109.3	high confidence set
SL4.0ch03	12	4927412	4927484	Arg	ACG	0	0	73.2	50.90	22.30	Inf	Arg	94.3	high confidence set
SL4.0ch03	13	5112697	5112769	Lys	CTT	0	0	81.4	65.30	16.10	Inf	Lys	100.6	high confidence set
SL4.0ch03	14	6526609	6526682	Asn	GTT	0	0	79.1	57.80	21.30	Inf	Asn	91.6	high confidence set
SL4.0ch03	15	6944270	6944343	Thr	AGT	0	0	70.5	42.90	27.60	Inf	Thr	85.2	high confidence set
SL4.0ch03	16	9967857	9967930	Ile	AAT	0	0	84.9	58.30	26.60	Inf	Ile	109.3	high confidence set
SL4.0ch03	23	45550626	45550716	Tyr	GTA	45550663	45550680	74.3	42.80	31.50	Inf	Tyr	111.8	high confidence set
SL4.0ch03	24	45763414	45763486	Arg	ACG	0	0	71.2	47.10	24.10	Inf	Arg	89.3	high confidence set
SL4.0ch03	25	46201391	46201462	Asp	GTC	0	0	69.8	46.80	23.00	Inf	Asp	94.5	high confidence set
SL4.0ch03	26	47065848	47065927	Leu	TAG	0	0	70.9	50.70	20.20	Inf	Leu	109.5	high confidence set
SL4.0ch03	29	52412865	52412948	Leu	CAA	0	0	81.1	56.00	25.10	Inf	Leu	127.4	high confidence set
SL4.0ch03	30	54530205	54530276	Gln	TTG	0	0	73.5	53.70	19.80	Inf	Gln	104.8	high confidence set
SL4.0ch03	31	57632139	57632210	Pro	TGG	0	0	68.5	35.70	32.80	Inf	Pro	111.2	high confidence set
SL4.0ch03	32	57901673	57901754	Ser	TGA	0	0	79.2	43.90	35.30	Inf	Ser	118.5	high confidence set
SL4.0ch03	33	58078605	58078686	Ser	GCT	0	0	70.9	35.60	35.30	Inf	Ser	100.1	high confidence set
SL4.0ch03	34	58749305	58749384	Leu	TAG	0	0	69.5	48.50	21.00	Inf	Leu	111.5	high confidence set
SL4.0ch03	35	59170499	59170570	Asp	GTC	0	0	67.0	47.30	19.70	Inf	Asp	95.1	high confidence set
SL4.0ch03	36	59279278	59279349	Thr	CGT	0	0	79.4	54.70	24.70	Inf	Thr	88.2	high confidence set
SL4.0ch03	38	62682547	62682618	Asp	GTC	0	0	69.8	46.80	23.00	Inf	Asp	94.5	high confidence set
SL4.0ch03	39	62682708	62682779	Asp	GTC	0	0	50.7	36.90	13.80	Inf	Asp	76.1	high confidence set
SL4.0ch03	40	62906291	62906362	Asp	GTC	0	0	69.8	46.80	23.00	Inf	Asp	94.5	high confidence set
SL4.0ch03	41	63251448	63251519	Thr	TGT	0	0	79.1	48.90	30.20	Inf	Thr	92.7	high confidence set
SL4.0ch03	42	63332380	63332461	Ser	CGA	0	0	78.9	46.60	32.30	Inf	Ser	122.0	high confidence set
SL4.0ch03	43	64460249	64460321	Ala	TGC	0	0	56.0	34.90	21.10	Inf	Ala	85.8	high confidence set
SL4.0ch03	44	64832721	64832793	Ala	TGC	0	0	70.0	45.30	24.70	Inf	Ala	100.6	high confidence set
SL4.0ch03	45	63619505	63619433	Lys	CTT	0	0	87.7	67.60	20.10	Inf	Lys	106.7	high confidence set
SL4.0ch03	46	63137235	63137162	Arg	TCG	0	0	82.3	61.00	21.30	Inf	Arg	91.9	high confidence set
SL4.0ch03	47	62458034	62457961	Asn	GTT	0	0	82.4	56.60	25.80	Inf	Asn	92.9	high confidence set
SL4.0ch03	48	62303143	62303063	Leu	CAG	0	0	68.4	45.70	22.70	Inf	Leu	107.6	high confidence set
SL4.0ch03	49	61507751	61507670	Ser	AGA	0	0	79.4	43.10	36.30	Inf	Ser	115.0	high confidence set
SL4.0ch03	50	60286119	60286048	Pro	AGG	0	0	67.4	34.70	32.70	Inf	Pro	112.3	high confidence set
SL4.0ch03	51	60055391	60055311	Leu	CAG	0	0	69.5	46.80	22.70	Inf	Leu	109.7	high confidence set
SL4.0ch03	52	59889917	59889844	Ile	AAT	0	0	84.9	58.30	26.60	Inf	Ile	109.3	high confidence set
SL4.0ch03	53	58089436	58089357	Leu	TAG	0	0	69.5	48.50	21.00	Inf	Leu	111.5	high confidence set
SL4.0ch03	54	57871719	57871647	Ala	AGC	0	0	63.4	38.20	25.20	Inf	Ala	98.3	high confidence set
SL4.0ch03	55	56831437	56831366	Thr	TGT	0	0	84.3	58.00	26.30	Inf	Thr	93.3	high confidence set
SL4.0ch03	56	56663634	56663563	Gln	CTG	0	0	74.7	50.50	24.20	Inf	Gln	103.8	high confidence set
SL4.0ch03	57	54012310	54012221	Tyr	GTA	54012273	54012257	74.3	42.80	31.50	Inf	Tyr	111.8	high confidence set
SL4.0ch03	58	52235070	52234997	Ile	AAT	0	0	84.9	58.30	26.60	Inf	Ile	109.3	high confidence set
SL4.0ch03	59	51405761	51405690	Cys	GCA	0	0	82.1	59.90	22.20	Inf	Cys	106.6	high confidence set
SL4.0ch03	60	51332319	51332246	Ile	AAT	0	0	83.6	57.10	26.50	Inf	Ile	107.2	high confidence set
SL4.0ch03	62	47802312	47802240	Ala	CGC	0	0	68.3	44.10	24.20	Inf	Ala	99.2	high confidence set
SL4.0ch03	63	47650710	47650639	Gln	CTG	0	0	73.7	48.90	24.80	Inf	Gln	103.9	high confidence set
SL4.0ch03	64	46924038	46923958	Leu	AAG	0	0	74.0	52.20	21.80	Inf	Leu	110.4	high confidence set
SL4.0ch03	65	46544519	46544435	Met	CAT	46544481	46544471	64.3	40.80	23.50	Inf	Met	104.0	high confidence set
SL4.0ch03	67	30629753	30629682	Asn	GTT	0	0	76.1	56.80	19.30	Inf	Asn	70.4	high confidence set
SL4.0ch03	73	15487980	15487908	Arg	TCT	0	0	68.1	50.00	18.10	Inf	Arg	96.3	high confidence set
SL4.0ch03	74	10888551	10888479	Arg	ACG	0	0	73.2	50.90	22.30	Inf	Arg	94.3	high confidence set
SL4.0ch03	75	9668258	9668187	Lys	TTT	0	0	87.9	65.00	22.90	Inf	Lys	94.0	high confidence set
SL4.0ch03	76	8545828	8545756	Arg	TCT	0	0	70.4	50.20	20.20	Inf	Arg	95.3	high confidence set
SL4.0ch03	78	6185097	6185024	Ile	AAT	0	0	81.4	58.70	22.70	Inf	Ile	106.0	high confidence set
SL4.0ch03	80	4622862	4622779	Leu	CAA	0	0	81.1	56.00	25.10	Inf	Leu	127.4	high confidence set
SL4.0ch03	81	4271851	4271770	Ser	AGA	0	0	77.6	43.30	34.30	Inf	Ser	112.6	high confidence set
SL4.0ch03	82	4217089	4217008	Ser	AGA	0	0	78.7	42.50	36.20	Inf	Ser	114.6	high confidence set
SL4.0ch03	83	4188177	4188098	Leu	TAG	0	0	69.5	48.50	21.00	Inf	Leu	111.5	high confidence set
SL4.0ch03	84	4016020	4015949	Gly	TCC	0	0	71.0	46.70	24.30	Inf	Gly	82.3	high confidence set
SL4.0ch03	85	3157619	3157546	Ile	AAT	0	0	84.9	58.30	26.60	Inf	Ile	109.3	high confidence set
SL4.0ch03	86	1170232	1170161	Gln	CTG	0	0	72.1	47.60	24.50	Inf	Gln	100.7	high confidence set
SL4.0ch03	87	1097439	1097368	Gln	TTG	0	0	73.5	53.70	19.80	Inf	Gln	104.8	high confidence set
SL4.0ch03	88	1025264	1025192	Phe	GAA	0	0	76.1	54.40	21.70	Inf	Phe	115.3	high confidence set
SL4.0ch03	89	1024689	1024617	Phe	GAA	0	0	76.1	54.40	21.70	Inf	Phe	115.3	high confidence set
SL4.0ch03	90	920579	920507	Arg	CCT	0	0	69.1	50.30	18.80	Inf	Arg	81.2	high confidence set
SL4.0ch04	1	257598	257671	Ile	AAT	0	0	84.9	58.30	26.60	Inf	Ile	109.3	high confidence set
SL4.0ch04	2	481961	482034	Ile	AAT	0	0	84.9	58.30	26.60	Inf	Ile	109.3	high confidence set
SL4.0ch04	3	1760502	1760572	Gly	GCC	0	0	53.7	39.00	14.70	Inf	Gly	83.8	high confidence set
SL4.0ch04	4	3883885	3883956	Cys	GCA	0	0	82.1	59.90	22.20	Inf	Cys	106.6	high confidence set
SL4.0ch04	5	3910603	3910674	His	GTG	0	0	63.0	33.70	29.30	Inf	His	86.8	high confidence set
SL4.0ch04	6	3911171	3911243	Arg	CCG	0	0	82.0	59.60	22.40	Inf	Arg	82.8	high confidence set
SL4.0ch04	9	3927168	3927239	Pro	AGG	0	0	67.4	34.70	32.70	Inf	Pro	112.3	high confidence set
SL4.0ch04	10	3973850	3973922	Lys	CTT	0	0	87.7	67.60	20.10	Inf	Lys	106.7	high confidence set
SL4.0ch04	11	4635876	4635957	Ser	GCT	0	0	79.8	44.50	35.30	Inf	Ser	109.1	high confidence set
SL4.0ch04	12	4673573	4673645	Ala	CGC	0	0	68.3	44.10	24.20	Inf	Ala	99.2	high confidence set
SL4.0ch04	13	5412919	5412989	Gly	GCC	0	0	66.5	44.80	21.70	Inf	Gly	94.4	high confidence set
SL4.0ch04	14	6195616	6195686	Gly	GCC	0	0	66.5	44.80	21.70	Inf	Gly	94.4	high confidence set
SL4.0ch04	20	40441101	40441174	Phe	GAA	0	0	64.5	41.30	23.20	Inf	Tyr	72.7	IPD:-27.20,isotype mismatch
SL4.0ch04	22	41808259	41808331	Phe	GAA	0	0	76.1	54.40	21.70	Inf	Phe	115.3	high confidence set
SL4.0ch04	23	50685785	50685865	Leu	AAG	0	0	74.0	52.20	21.80	Inf	Leu	110.4	high confidence set
SL4.0ch04	24	51026196	51026267	Asp	GTC	0	0	67.0	47.30	19.70	Inf	Asp	95.1	high confidence set
SL4.0ch04	25	51078022	51078093	Trp	CCA	0	0	75.8	51.20	24.60	Inf	Trp	105.6	high confidence set
SL4.0ch04	26	51259205	51259278	Ile	TAT	0	0	83.0	64.80	18.20	Inf	Ile	98.5	high confidence set
SL4.0ch04	27	51556836	51556907	Trp	CCA	0	0	75.8	51.20	24.60	Inf	Trp	105.6	high confidence set
SL4.0ch04	28	51614121	51614194	Val	CAC	0	0	76.9	52.00	24.90	Inf	Val	100.4	high confidence set
SL4.0ch04	29	55202664	55202744	Leu	AAG	0	0	74.0	52.20	21.80	Inf	Leu	110.4	high confidence set
SL4.0ch04	30	55614631	55614702	Pro	AGG	0	0	67.4	34.70	32.70	Inf	Pro	112.3	high confidence set
SL4.0ch04	31	56419033	56419124	Tyr	GTA	56419070	56419088	72.0	38.70	33.30	Inf	Tyr	110.0	high confidence set
SL4.0ch04	32	57684514	57684586	Arg	TCT	0	0	69.6	49.40	20.20	Inf	Arg	98.3	high confidence set
SL4.0ch04	33	60056218	60056289	Glu	CTC	0	0	68.9	43.20	25.70	Inf	Glu	89.4	high confidence set
SL4.0ch04	34	61155685	61155756	Pro	TGG	0	0	68.5	35.70	32.80	Inf	Pro	111.2	high confidence set
SL4.0ch04	35	61590585	61590657	Arg	CCT	0	0	69.1	50.30	18.80	Inf	Arg	81.2	high confidence set
SL4.0ch04	36	62251071	62251142	Asp	GTC	0	0	67.0	47.30	19.70	Inf	Asp	95.1	high confidence set
SL4.0ch04	38	62617383	62617455	Lys	CTT	0	0	87.7	67.60	20.10	Inf	Lys	106.7	high confidence set
SL4.0ch04	40	63319075	63319156	Ser	TGA	0	0	80.7	46.10	34.60	Inf	Ser	119.7	high confidence set
SL4.0ch04	41	64056249	64056321	Glu	CTC	0	0	78.9	53.10	25.80	Inf	Glu	99.2	high confidence set
SL4.0ch04	42	63681283	63681212	Glu	TTC	0	0	71.0	46.50	24.50	Inf	Glu	100.9	high confidence set
SL4.0ch04	43	63070432	63070360	Glu	CTC	0	0	78.9	53.10	25.80	Inf	Glu	99.2	high confidence set
SL4.0ch04	44	62569001	62568929	Ala	TGC	0	0	67.2	42.60	24.60	Inf	Ala	99.4	high confidence set
SL4.0ch04	45	62563922	62563850	Ala	TGC	0	0	70.0	45.30	24.70	Inf	Ala	100.6	high confidence set
SL4.0ch04	46	62480075	62480004	Lys	TTT	0	0	92.3	68.60	23.70	Inf	Lys	97.5	high confidence set
SL4.0ch04	47	62472940	62472869	Glu	TTC	0	0	71.7	46.90	24.80	Inf	Glu	101.5	high confidence set
SL4.0ch04	48	60705233	60705161	Ala	AGC	0	0	57.2	36.30	20.90	Inf	Ala	93.6	high confidence set
SL4.0ch04	50	58414686	58414613	Val	CAC	0	0	80.4	52.50	27.90	Inf	Val	101.0	high confidence set
SL4.0ch04	51	58264091	58264007	Met	CAT	58264053	58264043	64.3	40.80	23.50	Inf	Met	104.0	high confidence set
SL4.0ch04	52	58256872	58256788	Met	CAT	58256834	58256824	64.3	40.80	23.50	Inf	Met	104.0	high confidence set
SL4.0ch04	53	58236362	58236276	Tyr	GTA	58236325	58236312	74.4	42.90	31.50	Inf	Tyr	111.8	high confidence set
SL4.0ch04	54	57436762	57436691	Trp	CCA	0	0	75.8	51.20	24.60	Inf	Trp	105.6	high confidence set
SL4.0ch04	55	57037867	57037797	Gly	GCC	0	0	66.5	44.80	21.70	Inf	Gly	94.4	high confidence set
SL4.0ch04	56	57035573	57035503	Gly	GCC	0	0	66.5	44.80	21.70	Inf	Gly	94.4	high confidence set
SL4.0ch04	57	56909528	56909458	Gly	GCC	0	0	66.5	44.80	21.70	Inf	Gly	94.4	high confidence set
SL4.0ch04	58	56907233	56907163	Gly	GCC	0	0	66.5	44.80	21.70	Inf	Gly	94.4	high confidence set
SL4.0ch04	59	56486517	56486444	Asn	GTT	0	0	81.4	55.60	25.80	Inf	Asn	91.4	high confidence set
SL4.0ch04	60	55901869	55901798	His	GTG	0	0	55.1	25.80	29.30	Inf	His	78.8	high confidence set
SL4.0ch04	61	55682568	55682496	Glu	CTC	0	0	78.9	53.10	25.80	Inf	Glu	99.2	high confidence set
SL4.0ch04	62	53088603	53088531	Arg	ACG	0	0	72.6	49.80	22.80	Inf	Arg	89.8	high confidence set
SL4.0ch04	63	53055966	53055895	Trp	CCA	0	0	75.8	51.20	24.60	Inf	Trp	105.6	high confidence set
SL4.0ch04	64	51025575	51025504	Asp	GTC	0	0	69.8	46.80	23.00	Inf	Asp	94.5	high confidence set
SL4.0ch04	69	19061042	19060971	Thr	TGT	0	0	79.1	48.90	30.20	Inf	Thr	92.7	high confidence set
SL4.0ch04	71	6139095	6139025	Gly	GCC	0	0	66.5	44.80	21.70	Inf	Gly	94.4	high confidence set
SL4.0ch04	72	5565450	5565380	Gly	GCC	0	0	59.0	42.90	16.10	Inf	Gly	87.9	high confidence set
SL4.0ch04	73	4609017	4608936	Ser	GCT	0	0	80.5	45.20	35.30	Inf	Ser	109.5	high confidence set
SL4.0ch04	74	4608531	4608450	Ser	GCT	0	0	80.5	45.20	35.30	Inf	Ser	109.5	high confidence set
SL4.0ch04	75	4221986	4221915	Trp	CCA	0	0	75.8	51.20	24.60	Inf	Trp	105.6	high confidence set
SL4.0ch04	76	4200281	4200208	Ile	TAT	0	0	85.9	70.60	15.30	Inf	Ile	103.9	high confidence set
SL4.0ch04	77	4095696	4095614	Tyr	GTA	0	0	63.5	45.20	18.30	Inf	Leu	71.2	IPD:-4.50,isotype mismatch
SL4.0ch04	78	3901953	3901881	Lys	CTT	0	0	87.7	67.60	20.10	Inf	Lys	106.7	high confidence set
SL4.0ch04	79	3648292	3648221	His	GTG	0	0	63.0	33.70	29.30	Inf	His	86.8	high confidence set
SL4.0ch04	80	3287927	3287855	Arg	CCG	0	0	69.2	51.20	18.00	Inf	Arg	93.1	high confidence set
SL4.0ch04	81	3096915	3096843	Glu	CTC	0	0	71.7	52.70	19.00	Inf	Glu	95.3	high confidence set
SL4.0ch04	83	2474911	2474840	Cys	GCA	0	0	82.1	59.90	22.20	Inf	Cys	106.6	high confidence set
SL4.0ch04	84	1499305	1499222	Leu	CAA	0	0	81.1	56.00	25.10	Inf	Leu	123.3	high confidence set
SL4.0ch04	85	63192	63119	Asn	GTT	0	0	84.5	59.40	25.10	Inf	Asn	95.9	high confidence set
SL4.0ch05	1	1052819	1052892	Asn	GTT	0	0	84.5	59.40	25.10	Inf	Asn	95.9	high confidence set
SL4.0ch05	2	1648859	1648931	Ala	AGC	0	0	63.4	38.20	25.20	Inf	Ala	98.3	high confidence set
SL4.0ch05	3	4138061	4138134	Ile	AAT	0	0	81.8	58.30	23.50	Inf	Ile	106.8	high confidence set
SL4.0ch05	5	5314225	5314298	Ile	AAT	0	0	63.1	49.70	13.40	Inf	Ile	85.8	high confidence set
SL4.0ch05	6	5648929	5649002	Asn	GTT	0	0	84.5	59.40	25.10	Inf	Asn	95.9	high confidence set
SL4.0ch05	7	7060427	7060499	Arg	ACG	0	0	72.6	49.80	22.80	Inf	Arg	89.8	high confidence set
SL4.0ch05	8	7335871	7335942	Thr	TGT	0	0	79.1	48.90	30.20	Inf	Thr	92.7	high confidence set
SL4.0ch05	9	8274847	8274918	Trp	CCA	0	0	75.8	51.20	24.60	Inf	Trp	105.6	high confidence set
SL4.0ch05	10	9934678	9934760	Leu	TAA	0	0	67.3	28.90	38.40	Inf	Leu	89.8	high confidence set
SL4.0ch05	11	10636869	10636942	Val	AAC	0	0	72.2	47.80	24.40	Inf	Val	98.2	high confidence set
SL4.0ch05	12	10640605	10640678	Val	AAC	0	0	65.7	41.30	24.40	Inf	Val	93.1	high confidence set
SL4.0ch05	13	11575975	11576056	Ser	TGA	0	0	80.7	46.10	34.60	Inf	Ser	119.7	high confidence set
SL4.0ch05	20	58495761	58495840	Leu	TAG	0	0	69.5	48.50	21.00	Inf	Leu	111.5	high confidence set
SL4.0ch05	21	59183297	59183382	Tyr	GTA	59183334	59183346	74.5	43.00	31.50	Inf	Tyr	111.8	high confidence set
SL4.0ch05	22	59313604	59313674	Gly	GCC	0	0	66.5	44.80	21.70	Inf	Gly	94.4	high confidence set
SL4.0ch05	23	59313766	59313849	Leu	CAA	0	0	81.1	56.00	25.10	Inf	Leu	127.4	high confidence set
SL4.0ch05	25	61092067	61092148	Ser	GCT	0	0	80.5	45.20	35.30	Inf	Ser	109.5	high confidence set
SL4.0ch05	26	61312925	61313009	Tyr	GTA	61312962	61312973	74.5	43.00	31.50	Inf	Tyr	111.8	high confidence set
SL4.0ch05	27	61510095	61510175	Leu	AAG	0	0	74.0	52.20	21.80	Inf	Leu	110.4	high confidence set
SL4.0ch05	28	61536204	61536275	Trp	CCA	0	0	75.8	51.20	24.60	Inf	Trp	105.6	high confidence set
SL4.0ch05	29	61552727	61552800	Ile	TAT	0	0	85.2	69.50	15.70	Inf	Ile	102.6	high confidence set
SL4.0ch05	30	62104637	62104709	Lys	CTT	0	0	87.7	67.60	20.10	Inf	Lys	106.7	high confidence set
SL4.0ch05	31	62445178	62445249	Asp	GTC	0	0	69.8	46.80	23.00	Inf	Asp	94.5	high confidence set
SL4.0ch05	32	62498219	62498292	Val	CAC	0	0	81.5	53.50	28.00	Inf	Val	103.7	high confidence set
SL4.0ch05	33	63288665	63288736	Lys	TTT	0	0	92.3	68.60	23.70	Inf	Lys	97.5	high confidence set
SL4.0ch05	34	63893085	63893156	Cys	GCA	0	0	82.1	59.90	22.20	Inf	Cys	106.6	high confidence set
SL4.0ch05	35	64446124	64446197	Arg	TCG	0	0	77.9	57.50	20.40	Inf	Arg	90.6	high confidence set
SL4.0ch05	37	64849062	64848991	Pro	AGG	0	0	67.4	34.70	32.70	Inf	Pro	112.3	high confidence set
SL4.0ch05	38	64186731	64186659	Arg	CCG	0	0	69.2	51.20	18.00	Inf	Arg	93.1	high confidence set
SL4.0ch05	39	63849841	63849770	His	GTG	0	0	63.0	33.70	29.30	Inf	His	86.8	high confidence set
SL4.0ch05	40	63769524	63769452	Lys	CTT	0	0	87.7	67.60	20.10	Inf	Lys	106.7	high confidence set
SL4.0ch05	41	63484741	63484661	Leu	CAG	0	0	69.5	46.80	22.70	Inf	Leu	109.7	high confidence set
SL4.0ch05	42	62565733	62565661	Lys	CTT	0	0	87.7	67.60	20.10	Inf	Lys	106.7	high confidence set
SL4.0ch05	44	62206649	62206577	Arg	CCT	0	0	69.1	50.30	18.80	Inf	Arg	81.2	high confidence set
SL4.0ch05	45	61728720	61728648	Arg	ACG	0	0	73.2	50.90	22.30	Inf	Arg	94.3	high confidence set
SL4.0ch05	46	61720603	61720532	Trp	CCA	0	0	75.8	51.20	24.60	Inf	Trp	105.6	high confidence set
SL4.0ch05	47	60569207	60569124	Leu	CAA	0	0	81.1	56.00	25.10	Inf	Leu	127.4	high confidence set
SL4.0ch05	49	60115231	60115160	Gln	CTG	0	0	71.6	47.40	24.20	Inf	Gln	95.9	high confidence set
SL4.0ch05	50	60034300	60034228	Phe	GAA	0	0	71.7	50.30	21.40	Inf	Phe	109.6	high confidence set
SL4.0ch05	51	59123186	59123113	Val	CAC	0	0	81.5	53.50	28.00	Inf	Val	103.7	high confidence set
SL4.0ch05	52	57578169	57578097	Ala	AGC	0	0	63.4	38.20	25.20	Inf	Ala	98.3	high confidence set
SL4.0ch05	55	55655448	55655366	Leu	TAA	0	0	68.4	29.10	39.30	Inf	Leu	90.1	high confidence set
SL4.0ch05	57	31229871	31229800	Val	TAC	0	0	61.3	31.50	29.80	Inf	Val	89.9	high confidence set
SL4.0ch05	59	7676650	7676579	iMet	CAT	0	0	58.3	28.10	30.20	Inf	iMet	118.7	high confidence set
SL4.0ch05	60	5815363	5815293	Gly	CCC	0	0	66.3	29.50	36.80	Inf	Gly	89.7	high confidence set
SL4.0ch05	61	5682996	5682925	Pro	AGG	0	0	67.4	34.70	32.70	Inf	Pro	112.3	high confidence set
SL4.0ch05	62	5549974	5549901	Asn	GTT	0	0	84.5	59.40	25.10	Inf	Asn	95.9	high confidence set
SL4.0ch05	63	5536554	5536481	Asn	GTT	0	0	84.5	59.40	25.10	Inf	Asn	95.9	high confidence set
SL4.0ch05	64	5168774	5168702	Val	TAC	0	0	73.4	40.00	33.40	Inf	Val	95.5	high confidence set
SL4.0ch05	65	5150230	5150158	Val	TAC	0	0	76.2	42.90	33.30	Inf	Val	102.4	high confidence set
SL4.0ch05	66	5130653	5130581	Val	TAC	0	0	76.2	42.90	33.30	Inf	Val	102.4	high confidence set
SL4.0ch05	67	2057230	2057159	iMet	CAT	0	0	58.3	28.10	30.20	Inf	iMet	118.7	high confidence set
SL4.0ch05	68	1794203	1794130	Ile	AAT	0	0	84.9	58.30	26.60	Inf	Ile	109.3	high confidence set
SL4.0ch05	69	465682	465611	Gly	TCC	0	0	71.0	46.70	24.30	Inf	Gly	82.3	high confidence set
SL4.0ch06	1	818475	818545	Gly	GCC	0	0	58.8	42.50	16.30	Inf	Gly	87.8	high confidence set
SL4.0ch06	2	818556	818628	Phe	GAA	0	0	76.1	54.40	21.70	Inf	Phe	115.3	high confidence set
SL4.0ch06	3	1317153	1317225	Glu	CTC	0	0	65.8	52.60	13.20	Inf	Glu	86.6	high confidence set
SL4.0ch06	4	1365867	1365939	Arg	CCT	0	0	73.8	54.30	19.50	Inf	Arg	86.0	high confidence set
SL4.0ch06	5	1366338	1366419	Ser	AGA	0	0	78.1	41.50	36.60	Inf	Ser	111.8	high confidence set
SL4.0ch06	6	1393221	1393291	Lys	TTT	0	0	71.7	55.30	16.40	Inf	Lys	73.5	high confidence set
SL4.0ch06	8	1925029	1925102	Val	AAC	0	0	72.9	48.60	24.30	Inf	Val	93.8	high confidence set
SL4.0ch06	9	2774455	2774526	Pro	TGG	0	0	69.2	36.90	32.30	Inf	Pro	112.8	high confidence set
SL4.0ch06	10	2779884	2779955	Pro	TGG	0	0	68.2	35.90	32.30	Inf	Pro	113.9	high confidence set
SL4.0ch06	11	2791117	2791188	Pro	TGG	0	0	69.2	36.90	32.30	Inf	Pro	112.8	high confidence set
SL4.0ch06	12	2840249	2840330	Ser	TGA	0	0	80.7	46.10	34.60	Inf	Ser	119.7	high confidence set
SL4.0ch06	16	23549510	23549581	Asp	GTC	0	0	69.8	46.80	23.00	Inf	Asp	94.5	high confidence set
SL4.0ch06	17	33432832	33432903	Gln	CTG	0	0	74.0	49.20	24.80	Inf	Gln	100.2	high confidence set
SL4.0ch06	18	33812487	33812567	Leu	AAG	0	0	74.0	52.20	21.80	Inf	Leu	110.4	high confidence set
SL4.0ch06	19	34626823	34626895	Glu	CTC	0	0	73.4	51.30	22.10	Inf	Glu	93.5	high confidence set
SL4.0ch06	20	36249415	36249487	Lys	CTT	0	0	83.1	66.00	17.10	Inf	Lys	100.6	high confidence set
SL4.0ch06	21	36295108	36295178	Gly	GCC	0	0	66.5	44.80	21.70	Inf	Gly	94.4	high confidence set
SL4.0ch06	22	36564263	36564336	Asn	GTT	0	0	84.5	59.40	25.10	Inf	Asn	95.9	high confidence set
SL4.0ch06	23	36617462	36617533	Trp	CCA	0	0	75.8	51.20	24.60	Inf	Trp	105.6	high confidence set
SL4.0ch06	24	36782322	36782393	Cys	GCA	0	0	82.1	59.90	22.20	Inf	Cys	106.6	high confidence set
SL4.0ch06	25	36984244	36984315	Trp	CCA	0	0	75.8	51.20	24.60	Inf	Trp	105.6	high confidence set
SL4.0ch06	26	38353081	38353151	Gly	GCC	0	0	66.5	44.80	21.70	Inf	Gly	94.4	high confidence set
SL4.0ch06	27	38355053	38355123	Gly	GCC	0	0	66.5	44.80	21.70	Inf	Gly	94.4	high confidence set
SL4.0ch06	28	39045118	39045190	Arg	CCT	0	0	69.1	50.30	18.80	Inf	Arg	81.2	high confidence set
SL4.0ch06	29	39086234	39086315	Ser	GCT	0	0	80.5	45.20	35.30	Inf	Ser	109.5	high confidence set
SL4.0ch06	30	39375228	39375300	Lys	CTT	0	0	87.7	67.60	20.10	Inf	Lys	106.7	high confidence set
SL4.0ch06	31	39447306	39447379	Asn	GTT	0	0	81.7	56.30	25.40	Inf	Asn	94.2	high confidence set
SL4.0ch06	32	39453047	39453128	Ser	CGA	0	0	78.9	46.60	32.30	Inf	Ser	122.0	high confidence set
SL4.0ch06	33	39665187	39665258	Asp	GTC	0	0	69.8	46.80	23.00	Inf	Asp	94.5	high confidence set
SL4.0ch06	34	40617363	40617434	Asp	GTC	0	0	69.8	46.80	23.00	Inf	Asp	94.5	high confidence set
SL4.0ch06	35	40837510	40837581	Thr	CGT	0	0	82.2	57.60	24.60	Inf	Thr	90.2	high confidence set
SL4.0ch06	36	41437007	41437088	Ser	GCT	0	0	80.5	45.20	35.30	Inf	Ser	109.5	high confidence set
SL4.0ch06	37	41629387	41629466	Leu	TAG	0	0	69.5	48.50	21.00	Inf	Leu	111.5	high confidence set
SL4.0ch06	38	41902903	41902974	Thr	TGT	0	0	84.3	58.00	26.30	Inf	Thr	93.3	high confidence set
SL4.0ch06	39	42068702	42068783	Ser	TGA	0	0	80.0	45.30	34.70	Inf	Ser	119.3	high confidence set
SL4.0ch06	40	42542983	42543068	Tyr	GTA	42543020	42543032	74.5	43.00	31.50	Inf	Tyr	111.8	high confidence set
SL4.0ch06	41	43081751	43081823	Ala	TGC	0	0	65.0	46.80	18.20	Inf	Ala	82.0	high confidence set
SL4.0ch06	42	43139836	43139907	Cys	GCA	0	0	82.1	59.90	22.20	Inf	Cys	106.6	high confidence set
SL4.0ch06	43	43153014	43153085	Cys	GCA	0	0	82.1	59.90	22.20	Inf	Cys	106.6	high confidence set
SL4.0ch06	44	43820118	43820200	Leu	TAA	0	0	69.4	30.90	38.50	Inf	Leu	94.0	high confidence set
SL4.0ch06	45	44036618	44036712	Tyr	GTA	44036655	44036676	73.9	42.20	31.70	Inf	Tyr	110.0	high confidence set
SL4.0ch06	46	44729500	44729573	Val	AAC	0	0	71.1	46.70	24.40	Inf	Val	95.4	high confidence set
SL4.0ch06	47	44774999	44775072	Val	AAC	0	0	72.2	47.80	24.40	Inf	Val	98.2	high confidence set
SL4.0ch06	48	44840412	44840483	His	GTG	0	0	63.0	33.70	29.30	Inf	His	86.8	high confidence set
SL4.0ch06	49	45189062	45189143	Ser	AGA	0	0	78.7	42.50	36.20	Inf	Ser	114.6	high confidence set
SL4.0ch06	50	45916912	45916984	Arg	CCT	0	0	69.1	50.30	18.80	Inf	Arg	81.2	high confidence set
SL4.0ch06	51	46609442	46609515	Val	AAC	0	0	72.6	48.30	24.30	Inf	Val	93.9	high confidence set
SL4.0ch06	52	46915708	46915779	Glu	TTC	0	0	70.5	45.30	25.20	Inf	Glu	97.5	high confidence set
SL4.0ch06	54	46803852	46803782	Gly	GCC	0	0	66.5	44.80	21.70	Inf	Gly	94.4	high confidence set
SL4.0ch06	55	46139874	46139803	Asp	GTC	0	0	69.8	46.80	23.00	Inf	Asp	94.5	high confidence set
SL4.0ch06	56	46081189	46081116	Ile	AAT	0	0	84.9	58.30	26.60	Inf	Ile	109.3	high confidence set
SL4.0ch06	57	45740528	45740458	Gly	GCC	0	0	58.8	39.30	19.50	Inf	Gly	82.5	high confidence set
SL4.0ch06	58	45709442	45709361	Ser	CGA	0	0	78.9	46.60	32.30	Inf	Ser	122.0	high confidence set
SL4.0ch06	59	45197633	45197562	Asp	GTC	0	0	67.0	47.30	19.70	Inf	Asp	95.1	high confidence set
SL4.0ch06	61	44826844	44826771	Val	AAC	0	0	72.2	47.80	24.40	Inf	Val	98.2	high confidence set
SL4.0ch06	62	44824641	44824568	Val	AAC	0	0	62.9	38.60	24.30	Inf	Val	90.5	high confidence set
SL4.0ch06	63	44771563	44771490	Val	AAC	0	0	72.2	47.80	24.40	Inf	Val	98.2	high confidence set
SL4.0ch06	64	44765571	44765498	Val	AAC	0	0	72.2	47.80	24.40	Inf	Val	98.2	high confidence set
SL4.0ch06	65	44762347	44762274	Val	AAC	0	0	64.4	44.50	19.90	Inf	Val	92.1	high confidence set
SL4.0ch06	66	43872415	43872343	Arg	TCT	0	0	68.8	51.20	17.60	Inf	Arg	94.8	high confidence set
SL4.0ch06	67	43820711	43820640	Gly	TCC	0	0	71.0	46.70	24.30	Inf	Gly	82.3	high confidence set
SL4.0ch06	68	43790637	43790557	Leu	AAG	0	0	74.0	52.20	21.80	Inf	Leu	110.4	high confidence set
SL4.0ch06	70	43213583	43213512	Lys	TTT	0	0	92.3	68.60	23.70	Inf	Lys	97.5	high confidence set
SL4.0ch06	71	42820614	42820543	Thr	TGT	0	0	84.4	57.10	27.30	Inf	Thr	93.4	high confidence set
SL4.0ch06	72	42814329	42814258	Thr	TGT	0	0	69.7	53.20	16.50	Inf	Thr	78.7	high confidence set
SL4.0ch06	73	42488852	42488781	Asp	GTC	0	0	69.8	46.80	23.00	Inf	Asp	94.5	high confidence set
SL4.0ch06	74	42448620	42448549	Gln	TTG	0	0	73.5	53.70	19.80	Inf	Gln	104.8	high confidence set
SL4.0ch06	75	41705122	41705051	Gln	CTG	0	0	74.3	49.60	24.70	Inf	Gln	103.3	high confidence set
SL4.0ch06	76	41670407	41670336	Pro	TGG	0	0	68.5	35.70	32.80	Inf	Pro	111.2	high confidence set
SL4.0ch06	77	41323878	41323806	Ala	AGC	0	0	63.4	38.20	25.20	Inf	Ala	98.3	high confidence set
SL4.0ch06	78	41207048	41206977	Pro	AGG	0	0	67.4	34.70	32.70	Inf	Pro	112.3	high confidence set
SL4.0ch06	79	41057888	41057815	Ile	AAT	0	0	84.9	58.30	26.60	Inf	Ile	109.3	high confidence set
SL4.0ch06	80	40517585	40517512	Asn	GTT	0	0	84.5	59.40	25.10	Inf	Asn	95.9	high confidence set
SL4.0ch06	81	40500259	40500179	Leu	CAG	0	0	69.5	46.80	22.70	Inf	Leu	109.7	high confidence set
SL4.0ch06	82	39670171	39670100	Asp	GTC	0	0	69.8	46.80	23.00	Inf	Asp	94.5	high confidence set
SL4.0ch06	83	39551300	39551227	Arg	TCG	0	0	83.5	62.30	21.20	Inf	Arg	90.9	high confidence set
SL4.0ch06	84	37462734	37462662	Ala	TGC	0	0	70.0	45.30	24.70	Inf	Ala	100.6	high confidence set
SL4.0ch06	85	36975368	36975295	Thr	AGT	0	0	70.9	46.50	24.40	Inf	Thr	84.0	high confidence set
SL4.0ch06	86	36956868	36956797	Asp	GTC	0	0	69.8	46.80	23.00	Inf	Asp	94.5	high confidence set
SL4.0ch06	87	36787761	36787680	Ser	AGA	0	0	79.6	43.50	36.10	Inf	Ser	114.9	high confidence set
SL4.0ch06	88	36618879	36618806	Asn	GTT	0	0	84.5	59.40	25.10	Inf	Asn	95.9	high confidence set
SL4.0ch06	89	36617976	36617905	Trp	CCA	0	0	75.8	51.20	24.60	Inf	Trp	105.6	high confidence set
SL4.0ch06	91	33489904	33489834	Gly	CCC	0	0	66.3	29.50	36.80	Inf	Gly	89.7	high confidence set
SL4.0ch06	93	29406518	29406437	Ser	AGA	0	0	78.7	42.50	36.20	Inf	Ser	114.6	high confidence set
SL4.0ch06	94	29390701	29390620	Ser	AGA	0	0	78.7	42.50	36.20	Inf	Ser	114.6	high confidence set
SL4.0ch06	95	28953200	28953127	Ile	AAT	0	0	76.6	50.10	26.50	Inf	Ile	100.8	high confidence set
SL4.0ch06	98	23195550	23195479	Cys	GCA	0	0	82.1	59.90	22.20	Inf	Cys	106.6	high confidence set
SL4.0ch06	101	2981180	2981110	Gly	CCC	0	0	66.3	29.50	36.80	Inf	Gly	89.7	high confidence set
SL4.0ch06	102	2842218	2842137	Ser	TGA	0	0	80.7	46.10	34.60	Inf	Ser	119.7	high confidence set
SL4.0ch06	103	2841067	2840986	Ser	TGA	0	0	80.7	46.10	34.60	Inf	Ser	119.7	high confidence set
SL4.0ch06	104	1395142	1395072	Gly	GCC	0	0	66.5	44.80	21.70	Inf	Gly	94.4	high confidence set
SL4.0ch06	105	868408	868337	Asp	GTC	0	0	69.8	46.80	23.00	Inf	Asp	94.5	high confidence set
SL4.0ch06	106	414482	414411	Lys	TTT	0	0	92.3	68.60	23.70	Inf	Lys	97.5	high confidence set
SL4.0ch06	107	395703	395632	Lys	TTT	0	0	92.3	68.60	23.70	Inf	Lys	97.5	high confidence set
SL4.0ch06	108	313021	312950	His	GTG	0	0	63.0	33.70	29.30	Inf	His	86.8	high confidence set
SL4.0ch07	1	437978	438050	Glu	CTC	0	0	77.0	53.60	23.40	Inf	Glu	97.9	high confidence set
SL4.0ch07	3	2346322	2346392	Gly	GCC	0	0	59.3	37.50	21.80	Inf	Gly	86.8	high confidence set
SL4.0ch07	10	43721566	43721646	Leu	AAG	0	0	74.0	52.20	21.80	Inf	Leu	110.4	high confidence set
SL4.0ch07	12	56007316	56007389	Ile	TAT	0	0	85.9	70.60	15.30	Inf	Ile	103.9	high confidence set
SL4.0ch07	13	59121897	59121977	Leu	CAG	0	0	69.5	46.80	22.70	Inf	Leu	109.7	high confidence set
SL4.0ch07	14	61519232	61519316	Ser	TGA	0	0	67.9	33.90	34.00	Inf	Ser	87.2	high confidence set
SL4.0ch07	16	62641209	62641280	Asp	GTC	0	0	69.8	46.80	23.00	Inf	Asp	94.5	high confidence set
SL4.0ch07	17	62788526	62788597	Gln	CTG	0	0	66.9	40.10	26.80	Inf	Gln	92.5	high confidence set
SL4.0ch07	18	63151759	63151832	Thr	AGT	0	0	76.0	48.40	27.60	Inf	Thr	90.6	high confidence set
SL4.0ch07	20	63977618	63977698	Leu	AAG	0	0	72.7	51.80	20.90	Inf	Leu	103.4	high confidence set
SL4.0ch07	22	65669836	65669908	Glu	CTC	0	0	78.9	53.10	25.80	Inf	Glu	99.2	high confidence set
SL4.0ch07	24	66304981	66305051	Gly	CCC	0	0	66.3	29.50	36.80	Inf	Gly	89.7	high confidence set
SL4.0ch07	25	66347041	66347112	iMet	CAT	0	0	57.5	26.90	30.60	Inf	iMet	115.2	high confidence set
SL4.0ch07	26	66767430	66767502	Glu	CTC	0	0	70.4	52.30	18.10	Inf	Glu	82.2	high confidence set
SL4.0ch07	27	67227730	67227802	Phe	GAA	0	0	76.1	54.40	21.70	Inf	Phe	115.3	high confidence set
SL4.0ch07	29	67826449	67826521	Arg	CCG	0	0	64.3	47.30	17.00	Inf	Arg	91.7	high confidence set
SL4.0ch07	30	67672354	67672283	His	GTG	0	0	63.0	33.70	29.30	Inf	His	87.1	high confidence set
SL4.0ch07	31	66719795	66719725	Gly	GCC	0	0	57.0	43.00	14.00	Inf	Gly	85.6	high confidence set
SL4.0ch07	32	66584650	66584578	Phe	GAA	0	0	76.1	54.40	21.70	Inf	Phe	115.3	high confidence set
SL4.0ch07	33	66580739	66580667	Phe	GAA	0	0	76.1	54.40	21.70	Inf	Phe	115.3	high confidence set
SL4.0ch07	34	66411484	66411413	iMet	CAT	0	0	58.3	28.10	30.20	Inf	iMet	118.7	high confidence set
SL4.0ch07	35	65912911	65912831	Ser	AGA	0	0	62.8	30.40	32.40	Inf	Ser	101.1	high confidence set
SL4.0ch07	36	65767422	65767351	Gln	CTG	0	0	75.9	52.30	23.60	Inf	Gln	100.0	high confidence set
SL4.0ch07	37	65678654	65678583	His	GTG	0	0	63.0	33.70	29.30	Inf	His	87.1	high confidence set
SL4.0ch07	38	65218505	65218432	Ile	TAT	0	0	85.9	70.60	15.30	Inf	Ile	103.9	high confidence set
SL4.0ch07	39	64004075	64004003	Arg	ACG	0	0	69.4	49.80	19.60	Inf	Arg	90.7	high confidence set
SL4.0ch07	40	62646458	62646366	Tyr	GTA	62646421	62646402	73.2	41.40	31.80	Inf	Tyr	112.9	high confidence set
SL4.0ch07	41	62440005	62439933	Val	TAC	0	0	78.2	43.80	34.40	Inf	Val	106.2	high confidence set
SL4.0ch07	42	60872266	60872195	Thr	TGT	0	0	79.3	49.30	30.00	Inf	Thr	92.3	high confidence set
SL4.0ch07	43	55488612	55488540	Ala	TGC	0	0	70.0	45.30	24.70	Inf	Ala	100.6	high confidence set
SL4.0ch07	46	53950889	53950818	Asp	GTC	0	0	69.8	46.80	23.00	Inf	Asp	94.5	high confidence set
SL4.0ch07	49	4386552	4386480	Phe	GAA	0	0	76.1	54.40	21.70	Inf	Phe	115.3	high confidence set
SL4.0ch07	53	2374193	2374123	Gly	GCC	0	0	66.5	44.80	21.70	Inf	Gly	94.4	high confidence set
SL4.0ch07	54	525497	525425	Glu	CTC	0	0	78.9	53.10	25.80	Inf	Glu	99.2	high confidence set
SL4.0ch08	1	1691720	1691791	iMet	CAT	0	0	58.3	28.10	30.20	Inf	iMet	118.7	high confidence set
SL4.0ch08	2	2450303	2450376	Val	AAC	0	0	72.2	47.80	24.40	Inf	Val	98.2	high confidence set
SL4.0ch08	3	2633313	2633396	Leu	CAA	0	0	81.1	56.00	25.10	Inf	Leu	127.4	high confidence set
SL4.0ch08	4	9626626	9626696	Gly	CCC	0	0	60.3	28.90	31.40	Inf	Gly	83.2	high confidence set
SL4.0ch08	8	43903618	43903690	Arg	CCT	0	0	69.1	50.30	18.80	Inf	Arg	81.2	high confidence set
SL4.0ch08	10	53945701	53945773	Arg	CCT	0	0	74.8	55.90	18.90	Inf	Arg	87.5	high confidence set
SL4.0ch08	11	55250529	55250612	Leu	CAA	0	0	79.5	51.40	28.10	Inf	Leu	125.5	high confidence set
SL4.0ch08	12	55346751	55346823	Phe	GAA	0	0	76.1	54.40	21.70	Inf	Phe	115.3	high confidence set
SL4.0ch08	13	55684376	55684457	Ser	CGA	0	0	77.5	44.40	33.10	Inf	Ser	120.8	high confidence set
SL4.0ch08	14	55743830	55743901	Gln	CTG	0	0	73.8	47.00	26.80	Inf	Gln	98.1	high confidence set
SL4.0ch08	15	57391047	57391119	Lys	CTT	0	0	87.7	67.60	20.10	Inf	Lys	106.7	high confidence set
SL4.0ch08	16	58414530	58414603	Thr	AGT	0	0	75.3	47.40	27.90	Inf	Thr	89.8	high confidence set
SL4.0ch08	17	58722334	58722407	Thr	AGT	0	0	74.7	46.20	28.50	Inf	Thr	89.4	high confidence set
SL4.0ch08	18	58989958	58990042	Met	CAT	58989996	58990006	64.3	40.80	23.50	Inf	Met	104.0	high confidence set
SL4.0ch08	19	59433330	59433401	iMet	CAT	0	0	58.3	28.10	30.20	Inf	iMet	118.7	high confidence set
SL4.0ch08	20	59805132	59805203	Gly	TCC	0	0	74.1	46.70	27.40	Inf	Gly	84.2	high confidence set
SL4.0ch08	21	61875630	61875703	Val	AAC	0	0	73.2	49.00	24.20	Inf	Val	95.8	high confidence set
SL4.0ch08	22	62764665	62764737	Ala	AGC	0	0	63.4	38.20	25.20	Inf	Ala	98.3	high confidence set
SL4.0ch08	23	62765604	62765676	Ala	AGC	0	0	63.4	38.20	25.20	Inf	Ala	98.3	high confidence set
SL4.0ch08	24	62836776	62836859	Leu	CAA	0	0	81.1	56.00	25.10	Inf	Leu	127.4	high confidence set
SL4.0ch08	25	63317272	63317344	Ala	TGC	0	0	62.3	37.50	24.80	Inf	Ala	92.3	high confidence set
SL4.0ch08	26	63372935	63373007	Ala	CGC	0	0	68.3	44.10	24.20	Inf	Ala	99.2	high confidence set
SL4.0ch08	27	63890472	63890400	Ala	AGC	0	0	58.7	38.60	20.10	Inf	Ala	93.1	high confidence set
SL4.0ch08	30	62324743	62324670	Val	CAC	0	0	81.5	53.50	28.00	Inf	Val	103.7	high confidence set
SL4.0ch08	31	62306899	62306828	Asp	GTC	0	0	69.8	46.80	23.00	Inf	Asp	94.5	high confidence set
SL4.0ch08	32	62202602	62202532	Gly	GCC	0	0	66.5	44.80	21.70	Inf	Gly	94.4	high confidence set
SL4.0ch08	33	62169847	62169776	Gly	GCC	0	0	59.2	41.60	17.60	Inf	Gly	80.4	high confidence set
SL4.0ch08	37	61617859	61617779	Leu	AAG	0	0	74.0	52.20	21.80	Inf	Leu	110.4	high confidence set
SL4.0ch08	38	61173955	61173883	Lys	CTT	0	0	87.7	67.60	20.10	Inf	Lys	106.7	high confidence set
SL4.0ch08	39	60792786	60792716	Gly	GCC	0	0	66.5	44.80	21.70	Inf	Gly	94.4	high confidence set
SL4.0ch08	40	60072176	60072103	Val	AAC	0	0	67.0	42.90	24.10	Inf	Val	92.8	high confidence set
SL4.0ch08	41	59824458	59824387	Trp	CCA	0	0	75.8	51.20	24.60	Inf	Trp	105.6	high confidence set
SL4.0ch08	42	58681057	58680986	Trp	CCA	0	0	75.8	51.20	24.60	Inf	Trp	105.6	high confidence set
SL4.0ch08	43	58674782	58674711	Trp	CCA	0	0	73.6	52.80	20.80	Inf	Trp	99.1	high confidence set
SL4.0ch08	44	58671897	58671826	Trp	CCA	0	0	75.8	51.20	24.60	Inf	Trp	105.6	high confidence set
SL4.0ch08	45	58670008	58669937	Trp	CCA	0	0	58.2	48.20	10.00	Inf	Trp	85.7	high confidence set
SL4.0ch08	46	55569094	55569022	Glu	CTC	0	0	78.9	53.10	25.80	Inf	Glu	99.2	high confidence set
SL4.0ch08	47	55271739	55271668	iMet	CAT	0	0	58.3	28.10	30.20	Inf	iMet	118.7	high confidence set
SL4.0ch08	48	54546390	54546318	Phe	GAA	0	0	76.1	54.40	21.70	Inf	Phe	115.3	high confidence set
SL4.0ch08	49	54470872	54470802	Gly	GCC	0	0	62.2	41.20	21.00	Inf	Gly	88.8	high confidence set
SL4.0ch08	50	54465595	54465525	Gly	GCC	0	0	66.5	44.80	21.70	Inf	Gly	94.4	high confidence set
SL4.0ch08	52	54457146	54457076	Gly	GCC	0	0	66.5	44.80	21.70	Inf	Gly	94.4	high confidence set
SL4.0ch08	53	53490360	53490288	Ala	AGC	0	0	60.7	35.50	25.20	Inf	Ala	99.6	high confidence set
SL4.0ch08	54	46447606	46447525	Ser	GCT	0	0	80.5	45.20	35.30	Inf	Ser	109.5	high confidence set
SL4.0ch08	56	37940240	37940168	Arg	CCG	0	0	68.0	51.50	16.50	Inf	Arg	95.2	high confidence set
SL4.0ch08	59	10415708	10415638	Gly	CCC	0	0	66.3	29.50	36.80	Inf	Gly	89.7	high confidence set
SL4.0ch08	62	2924305	2924232	Val	AAC	0	0	69.3	47.60	21.70	Inf	Val	94.1	high confidence set
SL4.0ch08	63	2798946	2798875	Cys	GCA	0	0	82.1	59.90	22.20	Inf	Cys	106.6	high confidence set
SL4.0ch08	65	2466233	2466160	Val	AAC	0	0	66.6	42.20	24.40	Inf	Val	93.1	high confidence set
SL4.0ch08	66	2314613	2314533	Leu	AAG	0	0	58.2	48.00	10.20	Inf	Leu	85.7	high confidence set
SL4.0ch08	67	2063487	2063415	Lys	CTT	0	0	87.7	67.60	20.10	Inf	Lys	106.7	high confidence set
SL4.0ch08	69	1339072	1338991	Ser	TGA	0	0	79.2	43.90	35.30	Inf	Ser	118.5	high confidence set
SL4.0ch08	70	1338064	1337983	Ser	TGA	0	0	79.2	43.90	35.30	Inf	Ser	118.5	high confidence set
SL4.0ch08	71	803431	803349	Leu	AAG	0	0	57.7	46.50	11.20	Inf	Leu	89.2	high confidence set
SL4.0ch08	72	220821	220748	Thr	AGT	0	0	75.3	47.40	27.90	Inf	Thr	89.8	high confidence set
SL4.0ch08	73	104476	104403	Thr	AGT	0	0	74.7	46.20	28.50	Inf	Thr	89.4	high confidence set
SL4.0ch08	74	40191	40107	Met	CAT	40153	40143	64.3	40.80	23.50	Inf	Met	104.0	high confidence set
SL4.0ch08	75	36731	36647	Met	CAT	36693	36683	64.3	40.80	23.50	Inf	Met	104.0	high confidence set
SL4.0ch09	1	423223	423295	Ala	AGC	0	0	63.4	38.20	25.20	Inf	Ala	98.3	high confidence set
SL4.0ch09	2	1018080	1018151	Gln	TTG	0	0	73.5	53.70	19.80	Inf	Gln	104.8	high confidence set
SL4.0ch09	3	1122378	1122449	Pro	AGG	0	0	67.4	34.70	32.70	Inf	Pro	112.3	high confidence set
SL4.0ch09	4	1828180	1828263	Tyr	GTA	1828217	1828227	74.3	42.60	31.70	Inf	Tyr	110.0	high confidence set
SL4.0ch09	5	2102502	2102584	Leu	TAA	0	0	68.4	29.10	39.30	Inf	Leu	90.1	high confidence set
SL4.0ch09	6	2390327	2390399	Ala	AGC	0	0	63.4	38.20	25.20	Inf	Ala	98.3	high confidence set
SL4.0ch09	7	2517795	2517875	Leu	AAG	0	0	74.0	52.20	21.80	Inf	Leu	110.4	high confidence set
SL4.0ch09	8	3971182	3971253	His	GTG	0	0	63.0	33.70	29.30	Inf	His	86.8	high confidence set
SL4.0ch09	9	4127439	4127511	Lys	CTT	0	0	87.7	67.60	20.10	Inf	Lys	106.7	high confidence set
SL4.0ch09	10	4781482	4781552	Gly	GCC	0	0	66.5	44.80	21.70	Inf	Gly	94.4	high confidence set
SL4.0ch09	11	4804201	4804283	Ser	AGA	0	0	63.7	40.50	23.20	Inf	Ser	100.5	high confidence set
SL4.0ch09	12	4845977	4846048	Pro	AGG	0	0	67.4	34.70	32.70	Inf	Pro	112.3	high confidence set
SL4.0ch09	18	55181615	55181700	Met	CAT	55181653	55181664	64.2	40.80	23.40	Inf	Met	104.0	high confidence set
SL4.0ch09	21	57359828	57359901	Val	AAC	0	0	72.9	48.60	24.30	Inf	Val	93.8	high confidence set
SL4.0ch09	23	60779560	60779630	Gly	GCC	0	0	57.2	35.40	21.80	Inf	Gly	81.5	high confidence set
SL4.0ch09	24	62201362	62201443	Ser	TGA	0	0	80.7	46.10	34.60	Inf	Ser	119.7	high confidence set
SL4.0ch09	25	62212838	62212910	Val	TAC	0	0	78.2	43.80	34.40	Inf	Val	106.2	high confidence set
SL4.0ch09	26	62302372	62302444	Ala	TGC	0	0	69.1	43.30	25.80	Inf	Ala	101.9	high confidence set
SL4.0ch09	27	62392240	62392311	Pro	AGG	0	0	67.4	34.70	32.70	Inf	Pro	112.3	high confidence set
SL4.0ch09	28	64896954	64897025	Lys	TTT	0	0	92.3	68.60	23.70	Inf	Lys	97.5	high confidence set
SL4.0ch09	29	65924521	65924592	Gln	TTG	0	0	73.5	53.70	19.80	Inf	Gln	104.8	high confidence set
SL4.0ch09	30	66337108	66337027	Ser	AGA	0	0	80.3	44.00	36.30	Inf	Ser	115.3	high confidence set
SL4.0ch09	31	64514003	64513933	Gly	CCC	0	0	66.3	29.50	36.80	Inf	Gly	89.7	high confidence set
SL4.0ch09	32	64378685	64378611	Val	CAC	0	0	70.1	45.20	24.90	Inf	Val	92.4	high confidence set
SL4.0ch09	33	62995231	62995158	Val	AAC	0	0	72.9	48.60	24.30	Inf	Val	93.8	high confidence set
SL4.0ch09	34	62399759	62399688	Pro	TGG	0	0	69.2	36.90	32.30	Inf	Pro	112.8	high confidence set
SL4.0ch09	35	62392568	62392497	Pro	TGG	0	0	69.2	36.90	32.30	Inf	Pro	112.8	high confidence set
SL4.0ch09	37	60062383	60062312	Glu	TTC	0	0	71.7	46.90	24.80	Inf	Glu	101.5	high confidence set
SL4.0ch09	46	8533255	8533169	Ser	GGA	0	0	58.9	34.20	24.70	Inf	Ser	74.1	unexpected anticodon
SL4.0ch09	47	6158738	6158667	iMet	CAT	0	0	58.3	28.10	30.20	Inf	iMet	118.7	high confidence set
SL4.0ch09	48	4845367	4845296	Asp	GTC	0	0	69.8	46.80	23.00	Inf	Asp	94.5	high confidence set
SL4.0ch09	49	4690773	4690700	Val	CAC	0	0	72.1	50.40	21.70	Inf	Val	90.5	high confidence set
SL4.0ch09	50	4586634	4586561	Ile	AAT	0	0	84.9	58.30	26.60	Inf	Ile	109.3	high confidence set
SL4.0ch09	52	3525220	3525141	Leu	TAG	0	0	69.5	48.50	21.00	Inf	Leu	111.5	high confidence set
SL4.0ch09	53	2415919	2415837	Leu	TAA	0	0	68.4	29.10	39.30	Inf	Leu	90.1	high confidence set
SL4.0ch09	54	2298297	2298225	Arg	TCT	0	0	70.4	50.20	20.20	Inf	Arg	95.3	high confidence set
SL4.0ch09	55	559344	559271	Arg	TCG	0	0	81.9	60.40	21.50	Inf	Arg	92.9	high confidence set
SL4.0ch10	1	377870	377941	His	GTG	0	0	63.0	33.70	29.30	Inf	His	86.8	high confidence set
SL4.0ch10	2	502014	502086	Phe	GAA	0	0	76.1	54.40	21.70	Inf	Phe	115.3	high confidence set
SL4.0ch10	3	822210	822282	Phe	GAA	0	0	76.1	54.40	21.70	Inf	Phe	115.3	high confidence set
SL4.0ch10	5	2062853	2062926	Thr	AGT	0	0	76.0	48.40	27.60	Inf	Thr	90.6	high confidence set
SL4.0ch10	6	2560929	2561012	Tyr	GTA	2560966	2560976	74.5	43.10	31.40	Inf	Tyr	111.8	high confidence set
SL4.0ch10	7	3015550	3015622	Arg	CCT	0	0	69.1	50.30	18.80	Inf	Arg	81.2	high confidence set
SL4.0ch10	8	3200591	3200670	Leu	TAG	0	0	69.5	48.50	21.00	Inf	Leu	111.5	high confidence set
SL4.0ch10	10	5161907	5161980	Val	CAC	0	0	81.5	53.50	28.00	Inf	Val	103.7	high confidence set
SL4.0ch10	12	22031000	22031072	Phe	GAA	0	0	72.0	48.00	24.00	Inf	Thr	76.1	IPD:-0.90,isotype mismatch
SL4.0ch10	17	43966252	43966323	Pro	CGG	0	0	64.0	38.90	25.10	Inf	Pro	109.9	high confidence set
SL4.0ch10	18	45870866	45870937	Gly	TCC	0	0	71.0	46.70	24.30	Inf	Gly	82.3	high confidence set
SL4.0ch10	20	50985629	50985700	Gln	CTG	0	0	74.7	50.50	24.20	Inf	Gln	103.8	high confidence set
SL4.0ch10	21	54693585	54693656	Lys	TTT	0	0	92.3	68.60	23.70	Inf	Lys	97.5	high confidence set
SL4.0ch10	22	54713545	54713616	Lys	TTT	0	0	92.3	68.60	23.70	Inf	Lys	97.5	high confidence set
SL4.0ch10	23	54745553	54745636	Leu	CAA	0	0	81.1	56.00	25.10	Inf	Leu	127.4	high confidence set
SL4.0ch10	25	58679432	58679504	Ala	AGC	0	0	63.4	38.20	25.20	Inf	Ala	98.3	high confidence set
SL4.0ch10	26	59489325	59489396	iMet	CAT	0	0	58.3	28.10	30.20	Inf	iMet	118.7	high confidence set
SL4.0ch10	27	60909153	60909234	Ser	GCT	0	0	80.5	45.20	35.30	Inf	Ser	109.5	high confidence set
SL4.0ch10	28	60935612	60935683	Gly	TCC	0	0	71.0	46.70	24.30	Inf	Gly	82.3	high confidence set
SL4.0ch10	31	62653541	62653613	Arg	TCT	0	0	70.4	50.20	20.20	Inf	Arg	95.3	high confidence set
SL4.0ch10	32	63283932	63284003	His	GTG	0	0	63.0	33.70	29.30	Inf	His	86.8	high confidence set
SL4.0ch10	33	63323070	63323142	Lys	CTT	0	0	87.7	67.60	20.10	Inf	Lys	106.7	high confidence set
SL4.0ch10	34	63680740	63680810	Gly	GCC	0	0	66.5	44.80	21.70	Inf	Gly	94.4	high confidence set
SL4.0ch10	35	64582634	64582704	Gly	GCC	0	0	66.5	44.80	21.70	Inf	Gly	94.4	high confidence set
SL4.0ch10	36	64587501	64587572	Pro	AGG	0	0	67.4	34.70	32.70	Inf	Pro	112.3	high confidence set
SL4.0ch10	37	64683538	64683466	Val	TAC	0	0	57.0	30.80	26.20	Inf	Val	85.4	high confidence set
SL4.0ch10	38	64585949	64585878	Pro	AGG	0	0	67.4	34.70	32.70	Inf	Pro	112.3	high confidence set
SL4.0ch10	39	64565124	64565051	Val	CAC	0	0	81.5	53.50	28.00	Inf	Val	103.7	high confidence set
SL4.0ch10	40	64555191	64555118	Ile	AAT	0	0	84.9	58.30	26.60	Inf	Ile	109.3	high confidence set
SL4.0ch10	41	64092147	64092074	Arg	TCG	0	0	81.9	60.40	21.50	Inf	Arg	92.9	high confidence set
SL4.0ch10	42	63830563	63830481	Leu	TAA	0	0	68.4	29.10	39.30	Inf	Leu	90.1	high confidence set
SL4.0ch10	43	63822192	63822112	Leu	AAG	0	0	74.0	52.20	21.80	Inf	Leu	110.4	high confidence set
SL4.0ch10	44	63435043	63434970	Val	CAC	0	0	81.5	53.50	28.00	Inf	Val	103.7	high confidence set
SL4.0ch10	45	63283486	63283413	Val	AAC	0	0	67.4	43.10	24.30	Inf	Val	88.7	high confidence set
SL4.0ch10	46	63014891	63014820	Pro	AGG	0	0	67.4	34.70	32.70	Inf	Pro	112.3	high confidence set
SL4.0ch10	47	63002670	63002598	Lys	CTT	0	0	87.7	67.60	20.10	Inf	Lys	106.7	high confidence set
SL4.0ch10	48	62999069	62998997	Lys	CTT	0	0	87.7	67.60	20.10	Inf	Lys	106.7	high confidence set
SL4.0ch10	49	62953066	62952985	Ser	GCT	0	0	80.5	45.20	35.30	Inf	Ser	109.5	high confidence set
SL4.0ch10	51	62525332	62525252	Leu	AAG	0	0	74.0	52.20	21.80	Inf	Leu	110.4	high confidence set
SL4.0ch10	52	61806449	61806378	Cys	GCA	0	0	82.1	59.90	22.20	Inf	Cys	106.6	high confidence set
SL4.0ch10	53	60992647	60992576	iMet	CAT	0	0	58.3	28.10	30.20	Inf	iMet	118.7	high confidence set
SL4.0ch10	54	60933384	60933313	Gly	TCC	0	0	71.0	46.70	24.30	Inf	Gly	82.3	high confidence set
SL4.0ch10	56	58661999	58661927	Ala	AGC	0	0	63.4	38.20	25.20	Inf	Ala	98.3	high confidence set
SL4.0ch10	57	58539635	58539562	Ile	AAT	0	0	77.2	50.60	26.60	Inf	Ile	101.7	high confidence set
SL4.0ch10	58	58129235	58129162	Ile	AAT	0	0	84.9	58.30	26.60	Inf	Ile	109.3	high confidence set
SL4.0ch10	59	57685147	57685074	Ile	AAT	0	0	84.9	58.30	26.60	Inf	Ile	109.3	high confidence set
SL4.0ch10	60	46154682	46154598	Met	CAT	46154644	46154634	64.3	40.80	23.50	Inf	Met	104.0	high confidence set
SL4.0ch10	61	46146470	46146386	Met	CAT	46146432	46146422	58.9	35.50	23.40	Inf	Met	97.9	high confidence set
SL4.0ch10	63	45917091	45917020	Pro	TGG	0	0	68.5	35.70	32.80	Inf	Pro	111.2	high confidence set
SL4.0ch10	64	45896437	45896365	Pro	TGG	0	0	65.0	34.80	30.20	Inf	Pro	102.5	high confidence set
SL4.0ch10	65	45895559	45895488	Pro	AGG	0	0	60.8	35.00	25.80	Inf	Pro	103.0	high confidence set
SL4.0ch10	66	45894401	45894330	Pro	TGG	0	0	68.5	35.70	32.80	Inf	Pro	111.2	high confidence set
SL4.0ch10	67	45891055	45890984	Pro	AGG	0	0	67.4	34.70	32.70	Inf	Pro	112.3	high confidence set
SL4.0ch10	68	45889336	45889265	Gln	TTG	0	0	68.4	35.70	32.70	Inf	Pro	111.2	IPD:-60.60,isotype mismatch
SL4.0ch10	69	45887740	45887669	Pro	AGG	0	0	58.1	31.70	26.40	Inf	Pro	98.5	high confidence set
SL4.0ch10	70	45886555	45886485	Pro	TGG	0	0	53.8	29.10	24.70	Inf	Pro	91.2	high confidence set
SL4.0ch10	72	45883812	45883741	Pro	TGG	0	0	68.5	35.70	32.80	Inf	Pro	111.2	high confidence set
SL4.0ch10	74	45878886	45878815	Pro	AGG	0	0	59.4	34.00	25.40	Inf	Pro	106.9	high confidence set
SL4.0ch10	80	8414780	8414708	Phe	GAA	0	0	76.1	54.40	21.70	Inf	Phe	115.3	high confidence set
SL4.0ch10	84	5774946	5774876	Gly	GCC	0	0	53.0	42.60	10.40	Inf	Gly	75.4	high confidence set
SL4.0ch10	86	5750863	5750793	Gly	GCC	0	0	62.0	47.10	14.90	Inf	Gly	83.1	high confidence set
SL4.0ch10	90	5682265	5682195	Gly	GCC	0	0	66.5	44.80	21.70	Inf	Gly	94.4	high confidence set
SL4.0ch10	92	4761434	4761349	Tyr	GTA	4761397	4761385	74.2	42.50	31.70	Inf	Tyr	110.0	high confidence set
SL4.0ch10	93	4640558	4640473	Tyr	GTA	4640521	4640509	67.7	36.10	31.60	Inf	Tyr	102.6	high confidence set
SL4.0ch10	94	4518547	4518462	Tyr	GTA	4518510	4518498	74.2	42.50	31.70	Inf	Tyr	110.0	high confidence set
SL4.0ch10	97	3293615	3293543	Phe	GAA	0	0	76.1	54.40	21.70	Inf	Phe	115.3	high confidence set
SL4.0ch10	98	3023836	3023765	Gln	CTG	0	0	74.6	50.10	24.50	Inf	Gln	102.4	high confidence set
SL4.0ch10	99	2746954	2746881	Ile	TAT	0	0	85.9	70.60	15.30	Inf	Ile	103.9	high confidence set
SL4.0ch10	100	2561426	2561355	Asp	GTC	0	0	69.8	46.80	23.00	Inf	Asp	94.5	high confidence set
SL4.0ch10	101	2500675	2500604	Gln	CTG	0	0	75.6	48.80	26.80	Inf	Gln	100.4	high confidence set
SL4.0ch10	102	2425794	2425722	Val	TAC	0	0	78.2	43.80	34.40	Inf	Val	106.2	high confidence set
SL4.0ch10	103	2354026	2353946	Leu	AAG	0	0	71.5	49.70	21.80	Inf	Leu	106.3	high confidence set
SL4.0ch10	104	1986491	1986420	Glu	TTC	0	0	71.7	46.90	24.80	Inf	Glu	101.5	high confidence set
SL4.0ch10	105	1845232	1845160	Arg	ACG	0	0	72.5	49.90	22.60	Inf	Arg	93.8	high confidence set
SL4.0ch10	106	985523	985451	Ala	AGC	0	0	63.4	38.20	25.20	Inf	Ala	98.3	high confidence set
SL4.0ch10	107	879661	879590	iMet	CAT	0	0	58.3	28.10	30.20	Inf	iMet	118.7	high confidence set
SL4.0ch10	108	157790	157719	His	GTG	0	0	63.0	33.70	29.30	Inf	His	86.8	high confidence set
SL4.0ch10	109	133617	133538	Leu	TAG	0	0	69.5	48.50	21.00	Inf	Leu	111.5	high confidence set
SL4.0ch11	1	426339	426410	His	GTG	0	0	63.0	33.70	29.30	Inf	His	86.8	high confidence set
SL4.0ch11	2	1970940	1971012	Arg	TCT	0	0	68.8	51.20	17.60	Inf	Arg	94.8	high confidence set
SL4.0ch11	3	2231537	2231610	Asn	GTT	0	0	84.5	59.40	25.10	Inf	Asn	95.9	high confidence set
SL4.0ch11	4	3773171	3773243	Ala	CGC	0	0	68.3	44.10	24.20	Inf	Ala	99.2	high confidence set
SL4.0ch11	5	6062299	6062371	Arg	TCT	0	0	70.4	50.20	20.20	Inf	Arg	95.3	high confidence set
SL4.0ch11	6	6375992	6376064	Arg	TCT	0	0	70.4	50.20	20.20	Inf	Arg	95.3	high confidence set
SL4.0ch11	8	8392445	8392518	Thr	AGT	0	0	75.3	47.40	27.90	Inf	Thr	89.8	high confidence set
SL4.0ch11	14	15022930	15023002	Thr	TGT	0	0	61.6	43.90	17.70	Inf	Thr	74.2	high confidence set
SL4.0ch11	23	47630715	47630801	Ser	GGA	0	0	64.4	34.60	29.80	Inf	Ser	87.2	unexpected anticodon
SL4.0ch11	24	49452681	49452762	Ser	GCT	0	0	84.0	52.10	31.90	Inf	Ser	112.1	high confidence set
SL4.0ch11	25	49454534	49454615	Ser	GCT	0	0	84.0	52.10	31.90	Inf	Ser	112.1	high confidence set
SL4.0ch11	26	50668885	50668956	Gly	TCC	0	0	71.0	46.70	24.30	Inf	Gly	82.3	high confidence set
SL4.0ch11	27	50713558	50713638	Leu	AAG	0	0	74.0	52.20	21.80	Inf	Leu	110.4	high confidence set
SL4.0ch11	28	51912886	51912957	Pro	AGG	0	0	59.4	34.00	25.40	Inf	Pro	106.9	high confidence set
SL4.0ch11	29	54211232	54211305	Arg	TCG	0	0	82.3	61.00	21.30	Inf	Arg	91.9	high confidence set
SL4.0ch11	30	53140486	53140415	Lys	TTT	0	0	85.7	67.40	18.30	Inf	Lys	92.4	high confidence set
SL4.0ch11	32	52835674	52835593	Ser	CGA	0	0	77.5	44.40	33.10	Inf	Ser	120.8	high confidence set
SL4.0ch11	33	50671309	50671227	Leu	TAA	0	0	74.9	36.40	38.50	Inf	Leu	99.1	high confidence set
SL4.0ch11	34	50068849	50068766	Tyr	GTA	50068812	50068802	74.5	43.00	31.50	Inf	Tyr	111.8	high confidence set
SL4.0ch11	35	49883042	49882971	His	GTG	0	0	63.0	33.70	29.30	Inf	His	86.8	high confidence set
SL4.0ch11	37	48458329	48458257	Arg	ACG	0	0	65.9	45.10	20.80	Inf	Arg	85.4	high confidence set
SL4.0ch11	39	46820931	46820858	Arg	ACG	0	0	56.2	44.90	11.30	Inf	Ile	73.7	IPD:-23.30,isotype mismatch
SL4.0ch11	41	43991406	43991335	Asn	GTT	0	0	83.4	60.80	22.60	Inf	Asn	82.2	high confidence set
SL4.0ch11	43	33751319	33751237	Tyr	GTA	0	0	63.5	45.20	18.30	Inf	Leu	71.2	IPD:-4.50,isotype mismatch
SL4.0ch11	46	30331155	30331069	Ser	GGA	0	0	64.4	34.60	29.80	Inf	Ser	87.2	unexpected anticodon
SL4.0ch11	48	19728671	19728601	Gly	GCC	0	0	50.9	36.10	14.80	Inf	Gly	77.1	high confidence set
SL4.0ch11	56	6121176	6121105	Gly	TCC	0	0	71.0	46.70	24.30	Inf	Gly	82.3	high confidence set
SL4.0ch11	57	6063432	6063338	Tyr	GTA	6063395	6063374	65.3	33.60	31.70	Inf	Tyr	104.3	high confidence set
SL4.0ch11	59	3598340	3598259	Ser	GCT	0	0	80.5	45.20	35.30	Inf	Ser	109.5	high confidence set
SL4.0ch11	60	3189310	3189217	Tyr	GTA	3189273	3189253	73.9	42.20	31.70	Inf	Tyr	110.0	high confidence set
SL4.0ch11	61	3186878	3186785	Tyr	GTA	3186841	3186821	74.2	42.70	31.50	Inf	Tyr	111.8	high confidence set
SL4.0ch11	62	3185938	3185846	Tyr	GTA	3185901	3185882	69.6	38.10	31.50	Inf	Tyr	106.6	high confidence set
SL4.0ch11	63	3185028	3184936	Tyr	GTA	3184991	3184972	74.2	42.70	31.50	Inf	Tyr	104.6	high confidence set
SL4.0ch11	64	3184131	3184038	Tyr	GTA	3184094	3184074	74.2	42.90	31.30	Inf	Tyr	111.8	high confidence set
SL4.0ch11	65	3183278	3183185	Tyr	GTA	3183241	3183221	74.2	42.90	31.30	Inf	Tyr	111.8	high confidence set
SL4.0ch11	66	3182022	3181930	Tyr	GTA	3181985	3181966	74.2	42.70	31.50	Inf	Tyr	111.8	high confidence set
SL4.0ch11	67	3165737	3165665	Glu	CTC	0	0	78.9	53.10	25.80	Inf	Glu	99.2	high confidence set
SL4.0ch11	68	3155931	3155859	Glu	CTC	0	0	78.9	53.10	25.80	Inf	Glu	99.2	high confidence set
SL4.0ch12	1	390510	390582	Ala	AGC	0	0	63.4	38.20	25.20	Inf	Ala	98.3	high confidence set
SL4.0ch12	2	463155	463226	Thr	TGT	0	0	77.8	49.00	28.80	Inf	Thr	89.6	high confidence set
SL4.0ch12	3	672344	672415	Glu	TTC	0	0	71.7	46.90	24.80	Inf	Glu	101.5	high confidence set
SL4.0ch12	4	684240	684311	Glu	TTC	0	0	71.7	46.90	24.80	Inf	Glu	101.5	high confidence set
SL4.0ch12	5	738202	738282	Leu	CAG	0	0	69.5	46.80	22.70	Inf	Leu	109.7	high confidence set
SL4.0ch12	6	1465382	1465454	Phe	GAA	0	0	76.1	54.40	21.70	Inf	Phe	115.3	high confidence set
SL4.0ch12	7	1648500	1648584	Met	CAT	1648538	1648548	55.3	42.00	13.30	Inf	Met	97.2	high confidence set
SL4.0ch12	8	2140528	2140599	Pro	TGG	0	0	69.2	36.90	32.30	Inf	Pro	112.8	high confidence set
SL4.0ch12	10	2664165	2664238	Ile	TAT	0	0	85.2	69.50	15.70	Inf	Ile	102.6	high confidence set
SL4.0ch12	11	3176664	3176736	Glu	CTC	0	0	78.9	53.10	25.80	Inf	Glu	99.2	high confidence set
SL4.0ch12	12	3829578	3829653	Thr	AGT	0	0	66.5	42.20	24.30	Inf	Thr	79.3	high confidence set
SL4.0ch12	13	4980368	4980441	Ile	TAT	0	0	85.2	69.50	15.70	Inf	Ile	102.6	high confidence set
SL4.0ch12	18	37704508	37704594	Ser	TGA	0	0	52.5	31.60	20.90	Inf	Ser	70.0	high confidence set
SL4.0ch12	24	50258605	50258676	Thr	CGT	0	0	74.0	46.90	27.10	Inf	Thr	77.8	high confidence set
SL4.0ch12	27	58782850	58782930	Leu	AAG	0	0	74.0	52.20	21.80	Inf	Leu	110.4	high confidence set
SL4.0ch12	28	58843253	58843326	Thr	AGT	0	0	66.7	38.30	28.40	Inf	Thr	81.4	high confidence set
SL4.0ch12	30	61811932	61812002	Gly	GCC	0	0	66.5	44.80	21.70	Inf	Gly	94.4	high confidence set
SL4.0ch12	31	62920824	62920903	Leu	TAG	0	0	70.9	50.70	20.20	Inf	Leu	109.5	high confidence set
SL4.0ch12	32	63206112	63206184	Glu	CTC	0	0	76.5	52.30	24.20	Inf	Glu	94.5	high confidence set
SL4.0ch12	33	63480258	63480329	Pro	TGG	0	0	68.5	35.70	32.80	Inf	Pro	111.2	high confidence set
SL4.0ch12	34	63617845	63617917	Arg	CCT	0	0	69.1	50.30	18.80	Inf	Arg	81.2	high confidence set
SL4.0ch12	36	63921085	63921157	Glu	CTC	0	0	79.6	53.70	25.90	Inf	Glu	98.4	high confidence set
SL4.0ch12	37	63973912	63973993	Ser	TGA	0	0	71.2	43.80	27.40	Inf	Ser	110.6	high confidence set
SL4.0ch12	38	65189775	65189856	Ser	AGA	0	0	73.4	41.70	31.70	Inf	Ser	105.9	high confidence set
SL4.0ch12	39	65464383	65464482	Tyr	GTA	65464420	65464445	63.7	30.70	33.00	Inf	Tyr	102.6	high confidence set
SL4.0ch12	40	66226200	66226271	Asp	GTC	0	0	69.8	46.80	23.00	Inf	Asp	94.5	high confidence set
SL4.0ch12	41	66312878	66312950	Arg	ACG	0	0	69.4	49.80	19.60	Inf	Arg	90.7	high confidence set
SL4.0ch12	42	66083202	66083129	Thr	AGT	0	0	75.0	47.40	27.60	Inf	Thr	89.8	high confidence set
SL4.0ch12	43	65361844	65361760	Met	CAT	65361806	65361796	64.3	40.80	23.50	Inf	Met	104.0	high confidence set
SL4.0ch12	44	64779931	64779848	Leu	CAA	0	0	81.1	56.00	25.10	Inf	Leu	127.4	high confidence set
SL4.0ch12	45	63831847	63831775	Ala	TGC	0	0	70.0	45.30	24.70	Inf	Ala	100.6	high confidence set
SL4.0ch12	46	63792054	63791983	Lys	TTT	0	0	92.3	68.60	23.70	Inf	Lys	97.5	high confidence set
SL4.0ch12	48	62735841	62735757	Met	CAT	62735803	62735793	64.3	40.80	23.50	Inf	Met	104.0	high confidence set
SL4.0ch12	49	62694470	62694398	Arg	TCT	0	0	70.4	50.20	20.20	Inf	Arg	95.3	high confidence set
SL4.0ch12	50	62417889	62417817	Phe	GAA	0	0	76.1	54.40	21.70	Inf	Phe	115.3	high confidence set
SL4.0ch12	51	62136533	62136460	Asn	GTT	0	0	84.5	59.40	25.10	Inf	Asn	95.9	high confidence set
SL4.0ch12	52	61782421	61782349	Ala	TGC	0	0	70.0	45.30	24.70	Inf	Ala	100.6	high confidence set
SL4.0ch12	53	61660715	61660643	Lys	CTT	0	0	87.7	67.60	20.10	Inf	Lys	106.7	high confidence set
SL4.0ch12	54	61596247	61596175	Arg	TCT	0	0	69.6	49.40	20.20	Inf	Arg	98.3	high confidence set
SL4.0ch12	55	61531695	61531623	Ala	CGC	0	0	68.3	44.10	24.20	Inf	Ala	99.2	high confidence set
SL4.0ch12	56	60841715	60841643	Ala	TGC	0	0	70.0	45.30	24.70	Inf	Ala	100.6	high confidence set
SL4.0ch12	57	59911624	59911551	Asn	GTT	0	0	84.5	59.40	25.10	Inf	Asn	95.9	high confidence set
SL4.0ch12	59	56756722	56756651	Lys	TTT	0	0	92.3	68.60	23.70	Inf	Lys	97.5	high confidence set
SL4.0ch12	60	56744162	56744091	Lys	TTT	0	0	92.3	68.60	23.70	Inf	Lys	97.5	high confidence set
SL4.0ch12	67	31323182	31323111	Gln	TTG	0	0	73.5	53.70	19.80	Inf	Gln	104.8	high confidence set
SL4.0ch12	69	5349977	5349907	Gly	GCC	0	0	66.5	44.80	21.70	Inf	Gly	94.4	high confidence set
SL4.0ch12	70	3732168	3732095	Thr	AGT	0	0	76.0	48.40	27.60	Inf	Thr	90.6	high confidence set
SL4.0ch12	71	3661614	3661542	Val	TAC	0	0	78.2	43.80	34.40	Inf	Val	106.2	high confidence set
SL4.0ch12	72	3242922	3242850	Glu	CTC	0	0	71.5	51.40	20.10	Inf	Glu	90.9	high confidence set
SL4.0ch12	73	2603168	2603096	Ala	TGC	0	0	70.0	45.30	24.70	Inf	Ala	100.6	high confidence set
SL4.0ch12	74	2601558	2601486	Ala	TGC	0	0	70.0	45.30	24.70	Inf	Ala	100.6	high confidence set
SL4.0ch12	75	2499716	2499635	Ser	GCT	0	0	80.5	45.20	35.30	Inf	Ser	109.5	high confidence set
SL4.0ch12	76	1537926	1537845	Ser	GCT	0	0	80.5	45.20	35.30	Inf	Ser	109.5	high confidence set
SL4.0ch12	77	1511903	1511823	Leu	AAG	0	0	74.0	52.20	21.80	Inf	Leu	110.4	high confidence set
SL4.0ch12	79	474457	474386	Glu	TTC	0	0	71.7	46.90	24.80	Inf	Glu	101.5	high confidence set
