EukHighConfidenceFilter v1.0 Summary
Completed Time: Mon Sep 19 23:43:01 2022

Inputs
------------------------------------------------------
tRNAscan-SE output file: Dalata_550_v2.0_trnascan-se.output
tRNAscan-SE ss file: Dalata_550_v2.0_trnascan-se.struct
Secondary filtering domain-specific model score cutoff: 50
Secondary filtering secondary structure score cutoff: 10
Secondary filtering isotype-specific model score cutoff: 70
Tertiary filtering isotype-specific model starting score cutoff: 70
Tertiary filtering maximum isotype-specific model score cutoff: 95
Remove filtered hits: Yes

Outputs
------------------------------------------------------
tRNAscan-SE output file: hi_conf_Dalata/Dalata_550_v2.0.out
tRNAscan-SE ss file: hi_conf_Dalata/Dalata_550_v2.0.ss
Summary file: hi_conf_Dalata/Dalata_550_v2.0.log

Summary statistics
------------------------------------------------------
Total tRNA predictions:                                393
Possible pseudogenes:                                  31
tRNAs with scores lower than secondary cutoffs:        45
tRNAs failed tertiary filter:                          0

tRNAs after filtering:                                 317

tRNAs with mismatched isotype:                         6
tRNAs with undetermined isotype:                       0
tRNAs with unexpected anticodon:                       0

High confidence set:                                   311

Isotype / Anticodon Counts After Filtering
------------------------------------------------------

Ala     : 20	  AGC: 10      GGC: 0       CGC: 4       TGC: 6     
Gly     : 20	  ACC: 0       GCC: 10      CCC: 4       TCC: 6     
Pro     : 19	  AGG: 8       GGG: 0       CGG: 4       TGG: 7     
Thr     : 14	  AGT: 7       GGT: 0       CGT: 2       TGT: 5     
Val     : 18	  AAC: 8       GAC: 0       CAC: 6       TAC: 4     
Ser     : 22	  AGA: 7       GGA: 0       CGA: 3       TGA: 5       ACT: 0       GCT: 7                               
Arg     : 28	  ACG: 7       GCG: 0       CCG: 4       TCG: 4                                 CCT: 6       TCT: 7     
Leu     : 25	  AAG: 8       GAG: 0       CAG: 4       TAG: 4                                 CAA: 6       TAA: 3     
Phe     : 9	  AAA: 0       GAA: 9                               
Asn     : 11	  ATT: 0       GTT: 11                              
Lys     : 16	                            CTT: 9       TTT: 7     
Asp     : 32	  ATC: 1       GTC: 31                              
Glu     : 19	                            CTC: 11      TTC: 8     
His     : 8	  ATG: 0       GTG: 8                               
Gln     : 9	                            CTG: 5       TTG: 4     
Ile     : 12	  AAT: 9       GAT: 0                    TAT: 3     
Met     : 12	                            CAT: 12                 
Tyr     : 8	  ATA: 0       GTA: 8                               
Supres  : 0	                            CTA: 0       TTA: 0     
Cys     : 7	  ACA: 0       GCA: 7                               
Trp     : 8	                            CCA: 8                  
SelCys  : 0	                                         TCA: 0     

