Sequence		tRNA    	Bounds  	tRNA	Anti	Intron Bounds	Inf	HMM	2'Str	Hit	Isotype	Isotype	      
Name    	tRNA#	Begin   	End     	Type	Codon	Begin	End	Score	Score	Score	Origin	CM	Score	Note
--------	------	-----   	------  	----	-----	-----	----	------	-----	-----	------	-------	-------	------
Chr1	1	306280	306352	Arg	CCG	0	0	64.3	47.30	17.00	Inf	Arg	91.7	high confidence set
Chr1	2	1148045	1148128	Leu	CAA	0	0	77.8	51.60	26.20	Inf	Leu	121.9	high confidence set
Chr1	3	9265024	9265095	Asp	GTC	0	0	69.8	46.80	23.00	Inf	Asp	95.8	high confidence set
Chr1	5	23225005	23225077	Phe	GAA	0	0	78.3	58.40	19.90	Inf	Phe	108.0	high confidence set
Chr1	6	24549746	24549819	Val	AAC	0	0	72.9	48.60	24.30	Inf	Val	93.8	high confidence set
Chr1	7	26597882	26597953	Asp	GTC	0	0	69.8	46.80	23.00	Inf	Asp	95.8	high confidence set
Chr1	9	26549001	26548930	Gln	TTG	0	0	74.8	50.10	24.70	Inf	Gln	97.6	high confidence set
Chr1	10	25285974	25285894	Leu	AAG	0	0	74.0	52.20	21.80	Inf	Leu	110.4	high confidence set
Chr1	11	24668514	24668441	Val	AAC	0	0	72.9	48.60	24.30	Inf	Val	93.8	high confidence set
Chr1	12	24665242	24665169	Val	AAC	0	0	73.2	49.00	24.20	Inf	Val	95.8	high confidence set
Chr1	13	22641376	22641304	Phe	GAA	0	0	78.3	58.40	19.90	Inf	Phe	108.0	high confidence set
Chr1	14	20122718	20122645	Ile	TAT	0	0	85.9	70.60	15.30	Inf	Ile	103.9	high confidence set
Chr1	16	1840780	1840709	His	GTG	0	0	61.9	32.60	29.30	Inf	His	87.9	high confidence set
Chr1	17	1795557	1795486	His	GTG	0	0	63.0	33.70	29.30	Inf	His	91.2	high confidence set
Chr2	1	570402	570473	His	GTG	0	0	63.3	34.30	29.00	Inf	His	91.7	high confidence set
Chr2	2	874339	874411	Arg	CCT	0	0	69.1	50.30	18.80	Inf	Arg	81.2	high confidence set
Chr2	4	20745019	20745091	Ala	AGC	0	0	63.4	38.20	25.20	Inf	Ala	98.3	high confidence set
Chr2	5	21801991	21802061	Gly	GCC	0	0	66.5	44.80	21.70	Inf	Gly	94.4	high confidence set
Chr2	6	21535227	21535155	Phe	GAA	0	0	78.3	58.40	19.90	Inf	Phe	113.2	high confidence set
Chr2	7	20113845	20113774	iMet	CAT	0	0	58.3	28.10	30.20	Inf	iMet	118.7	high confidence set
Chr2	8	17708639	17708556	Leu	CAA	0	0	78.3	52.20	26.10	Inf	Leu	120.6	high confidence set
Chr2	9	15575539	15575467	Val	TAC	0	0	76.7	41.70	35.00	Inf	Val	103.0	high confidence set
Chr2	11	797900	797829	Gln	CTG	0	0	75.3	51.20	24.10	Inf	Gln	103.1	high confidence set
Chr3	1	991824	991896	Arg	TCT	0	0	68.5	50.60	17.90	Inf	Arg	98.8	high confidence set
Chr3	2	7826182	7826253	Asp	GTC	0	0	59.7	42.80	16.90	Inf	Asp	83.5	high confidence set
Chr3	4	16860807	16860735	Ala	CGC	0	0	68.3	44.10	24.20	Inf	Ala	99.2	high confidence set
Chr3	6	1371062	1370990	Glu	CTC	0	0	80.0	54.10	25.90	Inf	Glu	99.8	high confidence set
Chr4	1	2075593	2075674	Ser	CGA	0	0	78.9	46.60	32.30	Inf	Ser	122.0	high confidence set
Chr4	2	2163249	2163321	Ala	TGC	0	0	67.2	42.60	24.60	Inf	Ala	98.9	high confidence set
Chr4	3	2236283	2236354	Thr	TGT	0	0	79.3	49.30	30.00	Inf	Thr	92.3	high confidence set
Chr4	4	3033574	3033645	Gln	TTG	0	0	76.2	56.00	20.20	Inf	Gln	101.4	high confidence set
Chr4	5	3887184	3887255	Pro	AGG	0	0	67.4	34.70	32.70	Inf	Pro	112.3	high confidence set
Chr4	6	5655489	5655560	Asp	GTC	0	0	52.9	29.90	23.00	Inf	Asp	80.3	high confidence set
Chr4	9	16395965	16396038	Val	AAC	0	0	72.9	48.60	24.30	Inf	Val	93.8	high confidence set
Chr4	10	17737967	17738038	Trp	CCA	0	0	75.8	51.20	24.60	Inf	Trp	105.6	high confidence set
Chr4	11	19312026	19312096	Gly	GCC	0	0	66.5	44.80	21.70	Inf	Gly	94.4	high confidence set
Chr4	13	22992640	22992724	Met	CAT	22992678	22992688	64.3	40.80	23.50	Inf	Met	104.0	high confidence set
Chr4	14	23500760	23500832	Ala	TGC	0	0	61.2	39.40	21.80	Inf	Ala	91.2	high confidence set
Chr4	15	23126545	23126451	Tyr	GTA	23126508	23126487	74.1	42.60	31.50	Inf	Tyr	111.8	high confidence set
Chr4	17	22533237	22533167	Gly	GCC	0	0	66.5	44.80	21.70	Inf	Gly	94.4	high confidence set
Chr4	18	21127741	21127669	Glu	CTC	0	0	78.9	53.10	25.80	Inf	Glu	99.2	high confidence set
Chr4	19	19391119	19391046	Arg	TCG	0	0	82.3	61.00	21.30	Inf	Arg	91.9	high confidence set
Chr4	20	18565898	18565826	Val	TAC	0	0	76.7	41.70	35.00	Inf	Val	103.0	high confidence set
Chr4	21	16267780	16267708	Arg	ACG	0	0	72.0	49.70	22.30	Inf	Arg	93.9	high confidence set
Chr4	22	14182698	14182628	Gly	GCC	0	0	66.5	44.80	21.70	Inf	Gly	94.4	high confidence set
Chr4	24	6346622	6346540	Leu	TAA	0	0	73.8	34.40	39.40	Inf	Leu	96.2	high confidence set
Chr4	25	2693158	2693086	Arg	TCT	0	0	68.5	50.60	17.90	Inf	Arg	98.8	high confidence set
Chr4	26	1592294	1592221	Ile	TAT	0	0	85.9	70.60	15.30	Inf	Ile	103.9	high confidence set
Chr4	27	1127380	1127309	Thr	TGT	0	0	84.5	58.50	26.00	Inf	Thr	95.0	high confidence set
Chr4	28	133378	133306	Arg	ACG	0	0	72.0	49.70	22.30	Inf	Arg	93.9	high confidence set
Chr5	1	818970	819049	Leu	TAG	0	0	69.5	48.50	21.00	Inf	Leu	111.5	high confidence set
Chr5	2	1452682	1452763	Ser	GCT	0	0	80.5	45.20	35.30	Inf	Ser	109.5	high confidence set
Chr5	3	1482556	1482637	Ser	GCT	0	0	80.5	45.20	35.30	Inf	Ser	109.5	high confidence set
Chr5	4	1496308	1496380	Ala	TGC	0	0	70.0	45.30	24.70	Inf	Ala	100.6	high confidence set
Chr5	5	2427833	2427905	Lys	CTT	0	0	87.7	67.60	20.10	Inf	Lys	106.7	high confidence set
Chr5	6	10731802	10731875	Asp	ATC	0	0	73.3	50.90	22.40	Inf	Thr	75.0	IPD:-27.60,isotype mismatch
Chr5	7	14820143	14820213	Gly	GCC	0	0	66.5	44.80	21.70	Inf	Gly	94.4	high confidence set
Chr5	8	16010666	16010738	Val	TAC	0	0	76.7	41.70	35.00	Inf	Val	103.0	high confidence set
Chr5	9	16247512	16247584	Lys	CTT	0	0	87.7	67.60	20.10	Inf	Lys	106.7	high confidence set
Chr5	12	19606625	19606696	Pro	TGG	0	0	68.5	35.70	32.80	Inf	Pro	111.2	high confidence set
Chr5	13	19645493	19645572	Leu	TAG	0	0	69.5	48.50	21.00	Inf	Leu	111.5	high confidence set
Chr5	14	21116260	21116332	Ala	AGC	0	0	63.4	38.20	25.20	Inf	Ala	98.3	high confidence set
Chr5	15	22220896	22220977	Ser	AGA	0	0	76.3	41.60	34.70	Inf	Ser	112.1	high confidence set
Chr5	16	22817598	22817669	Lys	TTT	0	0	90.9	67.20	23.70	Inf	Lys	97.5	high confidence set
Chr5	17	22876327	22876414	Tyr	GTA	22876364	22876378	74.4	42.90	31.50	Inf	Tyr	111.8	high confidence set
Chr5	18	22906361	22906448	Tyr	GTA	22906398	22906412	74.4	42.90	31.50	Inf	Tyr	111.8	high confidence set
Chr5	19	23429787	23429859	Phe	GAA	0	0	78.3	58.40	19.90	Inf	Phe	113.2	high confidence set
Chr5	20	23796140	23796221	Ser	GCT	0	0	80.5	45.20	35.30	Inf	Ser	109.5	high confidence set
Chr5	21	24371010	24371082	Arg	ACG	0	0	71.7	49.10	22.60	Inf	Arg	91.4	high confidence set
Chr5	22	24401788	24401881	Tyr	GTA	24401825	24401845	74.2	42.60	31.60	Inf	Tyr	111.8	high confidence set
Chr5	23	24640113	24640184	iMet	CAT	0	0	58.3	28.10	30.20	Inf	iMet	118.7	high confidence set
Chr5	24	26292424	26292495	Gln	CTG	0	0	75.3	51.20	24.10	Inf	Gln	106.0	high confidence set
Chr5	25	24854057	24853986	Trp	CCA	0	0	75.8	51.20	24.60	Inf	Trp	105.6	high confidence set
Chr5	26	24253705	24253635	Gly	CCC	0	0	66.3	29.50	36.80	Inf	Gly	89.7	high confidence set
Chr5	27	23456092	23456019	Ile	AAT	0	0	81.8	58.30	23.50	Inf	Ile	106.8	high confidence set
Chr5	28	23430003	23429932	Thr	TGT	0	0	79.3	49.30	30.00	Inf	Thr	92.3	high confidence set
Chr5	29	23299612	23299539	Glu	TTC	0	0	63.6	40.40	23.20	Inf	Glu	93.9	high confidence set
Chr5	30	23094758	23094687	Trp	CCA	0	0	75.8	51.20	24.60	Inf	Trp	105.6	high confidence set
Chr5	31	22551367	22551296	Asp	GTC	0	0	68.0	45.30	22.70	Inf	Asp	90.5	high confidence set
Chr5	32	22271341	22271270	Trp	CCA	0	0	75.8	51.20	24.60	Inf	Trp	105.6	high confidence set
Chr5	33	22168423	22168343	Leu	AAG	0	0	74.0	52.20	21.80	Inf	Leu	110.4	high confidence set
Chr5	34	22119965	22119894	Pro	AGG	0	0	67.4	34.70	32.70	Inf	Pro	112.3	high confidence set
Chr5	35	21103856	21103784	Lys	TTT	0	0	81.8	64.80	17.00	Inf	Met	81.7	IPD:-0.40,isotype mismatch
Chr5	37	18682339	18682258	Ser	CGA	0	0	79.9	44.20	35.70	Inf	Ser	119.1	high confidence set
Chr5	39	10732597	10732526	Asn	GTT	0	0	76.1	53.10	23.00	Inf	Asn	83.1	high confidence set
Chr5	41	8120766	8120694	Arg	CCT	0	0	69.1	50.30	18.80	Inf	Arg	81.2	high confidence set
Chr5	42	3962019	3961938	Ser	AGA	0	0	78.7	42.50	36.20	Inf	Ser	114.6	high confidence set
Chr5	43	2555095	2555024	Asp	GTC	0	0	69.8	46.80	23.00	Inf	Asp	94.5	high confidence set
Chr5	45	2422263	2422181	Leu	TAA	0	0	69.6	34.80	34.80	Inf	Leu	95.1	high confidence set
Chr5	46	2422101	2422019	Leu	TAA	0	0	68.7	34.50	34.20	Inf	Leu	93.6	high confidence set
Chr5	47	476692	476621	Pro	CGG	0	0	69.6	37.70	31.90	Inf	Pro	108.3	high confidence set
Chr6	1	440211	440282	Gly	TCC	0	0	73.9	46.20	27.70	Inf	Gly	85.6	high confidence set
Chr6	2	592694	592766	Ala	AGC	0	0	63.4	38.20	25.20	Inf	Ala	98.3	high confidence set
Chr6	3	598553	598624	Pro	CGG	0	0	69.6	37.70	31.90	Inf	Pro	108.3	high confidence set
Chr6	4	646673	646746	Thr	AGT	0	0	73.6	45.20	28.40	Inf	Thr	88.6	high confidence set
Chr6	5	980156	980226	Gly	CCC	0	0	66.3	29.50	36.80	Inf	Gly	89.7	high confidence set
Chr6	6	1039296	1039369	Asn	GTT	0	0	83.9	58.50	25.40	Inf	Asn	97.4	high confidence set
Chr6	7	1157135	1157206	Pro	AGG	0	0	67.4	34.70	32.70	Inf	Pro	112.3	high confidence set
Chr6	8	1202625	1202696	Pro	AGG	0	0	67.4	34.70	32.70	Inf	Pro	112.3	high confidence set
Chr6	11	10307806	10307877	Asp	GTC	0	0	67.0	47.30	19.70	Inf	Asp	96.4	high confidence set
Chr6	14	17576426	17576507	Ser	GCT	0	0	80.5	45.20	35.30	Inf	Ser	109.5	high confidence set
Chr6	15	17264570	17264499	Asp	GTC	0	0	69.8	46.80	23.00	Inf	Asp	95.8	high confidence set
Chr6	16	17189565	17189494	His	GTG	0	0	56.9	29.40	27.50	Inf	His	84.9	high confidence set
Chr6	18	12297176	12297104	Arg	ACG	0	0	71.7	49.10	22.60	Inf	Arg	91.4	high confidence set
Chr6	21	1613275	1613190	Tyr	GTA	1613238	1613226	74.5	42.90	31.60	Inf	Tyr	111.8	high confidence set
Chr6	22	1392227	1392146	Ser	TGA	0	0	80.7	46.10	34.60	Inf	Ser	119.7	high confidence set
Chr6	23	82220	82149	Gln	TTG	0	0	76.4	56.50	19.90	Inf	Gln	109.1	high confidence set
Chr7	1	687054	687125	Gly	TCC	0	0	73.9	46.20	27.70	Inf	Gly	85.6	high confidence set
Chr7	2	10073234	10073305	Asp	GTC	0	0	52.7	36.00	16.70	Inf	Asp	80.6	high confidence set
Chr7	5	19235694	19235767	Asn	GTT	0	0	83.9	58.50	25.40	Inf	Asn	97.4	high confidence set
Chr7	6	22001618	22001689	Gly	TCC	0	0	73.9	46.20	27.70	Inf	Gly	85.6	high confidence set
Chr7	7	23593179	23593259	Leu	CAG	0	0	69.5	46.80	22.70	Inf	Leu	109.7	high confidence set
Chr7	9	23734102	23734029	Val	CAC	0	0	82.4	54.40	28.00	Inf	Val	103.7	high confidence set
Chr7	10	23259957	23259885	Arg	CCG	0	0	80.4	58.30	22.10	Inf	Arg	84.6	high confidence set
Chr7	11	23235889	23235816	Val	AAC	0	0	72.9	48.60	24.30	Inf	Val	93.8	high confidence set
Chr7	12	22891179	22891107	Glu	CTC	0	0	80.0	54.10	25.90	Inf	Glu	99.8	high confidence set
Chr7	14	4174768	4174695	Asn	GTT	0	0	79.1	53.30	25.80	Inf	Asn	92.0	high confidence set
Chr7	15	3977511	3977440	Cys	GCA	0	0	81.7	56.10	25.60	Inf	Cys	104.3	high confidence set
Chr7	16	3761506	3761435	Pro	TGG	0	0	68.5	35.70	32.80	Inf	Pro	111.2	high confidence set
Chr7	17	3161884	3161811	Asn	GTT	0	0	83.1	56.90	26.20	Inf	Asn	96.3	high confidence set
Chr7	18	1284307	1284234	Thr	AGT	0	0	75.0	46.80	28.20	Inf	Thr	89.8	high confidence set
Chr8	1	204375	204446	Asp	GTC	0	0	69.8	46.80	23.00	Inf	Asp	95.8	high confidence set
Chr8	2	1750158	1750230	Arg	CCG	0	0	65.5	47.30	18.20	Inf	Arg	91.7	high confidence set
Chr8	3	16082651	16082722	Gly	TCC	0	0	73.9	46.20	27.70	Inf	Gly	85.6	high confidence set
Chr8	4	18100882	18100954	Arg	TCT	0	0	68.5	50.60	17.90	Inf	Arg	98.8	high confidence set
Chr8	5	20216132	20216215	Leu	CAA	0	0	81.0	54.60	26.40	Inf	Leu	125.6	high confidence set
Chr8	6	20439607	20439679	Arg	CCT	0	0	69.1	50.30	18.80	Inf	Arg	81.2	high confidence set
Chr8	7	22457791	22457872	Ser	TGA	0	0	80.7	46.00	34.70	Inf	Ser	111.5	high confidence set
Chr8	8	22660977	22661048	Asp	GTC	0	0	69.8	46.80	23.00	Inf	Asp	95.8	high confidence set
Chr8	9	20460419	20460348	Cys	GCA	0	0	81.7	56.10	25.60	Inf	Cys	104.3	high confidence set
Chr8	10	19157697	19157626	His	GTG	0	0	63.3	34.30	29.00	Inf	His	87.4	high confidence set
Chr8	11	18421665	18421593	Glu	CTC	0	0	80.0	54.10	25.90	Inf	Glu	99.8	high confidence set
Chr8	12	18197582	18197510	Lys	TTT	0	0	82.2	65.60	16.60	Inf	Lys	82.4	high confidence set
Chr8	13	15664861	15664789	Ala	CGC	0	0	68.3	44.10	24.20	Inf	Ala	99.2	high confidence set
Chr8	18	2413196	2413108	Met	CAT	2413158	2413144	64.1	40.60	23.50	Inf	Met	104.0	high confidence set
Chr8	20	1567783	1567710	Glu	TTC	0	0	64.1	37.70	26.40	Inf	Glu	91.0	high confidence set
Chr8	21	1465389	1465318	Gln	CTG	0	0	75.3	51.20	24.10	Inf	Gln	103.1	high confidence set
Chr8	22	1448966	1448893	Thr	AGT	0	0	75.0	46.80	28.20	Inf	Thr	89.8	high confidence set
Chr8	23	429376	429304	Lys	CTT	0	0	86.8	66.60	20.20	Inf	Lys	107.7	high confidence set
Chr9	1	678150	678222	Lys	TTT	0	0	83.7	66.70	17.00	Inf	Lys	89.6	high confidence set
Chr9	3	13590627	13590710	Leu	CAA	0	0	79.7	53.90	25.80	Inf	Leu	126.5	high confidence set
Chr9	4	18936415	18936488	Val	AAC	0	0	72.9	48.60	24.30	Inf	Val	93.8	high confidence set
Chr9	5	18936915	18936988	Val	CAC	0	0	79.1	48.00	31.10	Inf	Val	101.8	high confidence set
Chr9	6	19205324	19205396	Ala	TGC	0	0	69.1	43.70	25.40	Inf	Ala	100.1	high confidence set
Chr9	7	19603898	19603971	Ile	AAT	0	0	81.8	58.30	23.50	Inf	Ile	106.8	high confidence set
Chr9	8	19815055	19815127	Lys	CTT	0	0	87.7	67.60	20.10	Inf	Lys	106.7	high confidence set
Chr9	9	19890584	19890664	Leu	CAG	0	0	69.5	46.80	22.70	Inf	Leu	109.7	high confidence set
Chr9	10	19694088	19694015	Val	AAC	0	0	72.9	48.60	24.30	Inf	Val	93.8	high confidence set
Chr9	11	18788613	18788532	Ser	TGA	0	0	80.7	46.10	34.60	Inf	Ser	119.7	high confidence set
Chr9	12	18410753	18410680	Ile	AAT	0	0	81.8	58.30	23.50	Inf	Ile	106.8	high confidence set
Chr9	13	18294391	18294318	Val	CAC	0	0	82.4	54.40	28.00	Inf	Val	103.7	high confidence set
Chr9	14	18046835	18046763	Ala	AGC	0	0	63.7	38.50	25.20	Inf	Ala	97.2	high confidence set
Chr9	15	9356501	9356430	Asp	GTC	0	0	69.8	46.80	23.00	Inf	Asp	95.8	high confidence set
Chr9	16	737193	737121	Glu	CTC	0	0	80.2	54.50	25.70	Inf	Glu	99.3	high confidence set
Chr10	1	388634	388714	Leu	AAG	0	0	74.0	52.20	21.80	Inf	Leu	110.4	high confidence set
Chr10	2	405224	405295	Lys	TTT	0	0	86.6	62.10	24.50	Inf	Lys	88.2	high confidence set
Chr10	7	21543929	21544001	Ala	AGC	0	0	63.4	38.20	25.20	Inf	Ala	98.3	high confidence set
Chr10	8	23444434	23444505	Asp	GTC	0	0	53.0	36.40	16.60	Inf	Asp	75.5	high confidence set
Chr10	9	23445180	23445251	Asp	GTC	0	0	53.0	36.40	16.60	Inf	Asp	75.5	high confidence set
Chr10	10	23445926	23445997	Asp	GTC	0	0	53.0	36.40	16.60	Inf	Asp	75.5	high confidence set
Chr10	11	23446672	23446743	Asp	GTC	0	0	53.0	36.40	16.60	Inf	Asp	75.5	high confidence set
Chr10	12	23447418	23447489	Asp	GTC	0	0	53.0	36.40	16.60	Inf	Asp	75.5	high confidence set
Chr10	13	23453369	23453440	Asp	GTC	0	0	53.0	36.40	16.60	Inf	Asp	75.5	high confidence set
Chr10	15	35603541	35603622	Ser	GCT	0	0	80.5	45.20	35.30	Inf	Ser	109.5	high confidence set
Chr10	16	36177793	36177864	Gln	TTG	0	0	75.8	55.40	20.40	Inf	Gln	105.2	high confidence set
Chr10	17	36688154	36688227	Asn	GTT	0	0	83.9	58.50	25.40	Inf	Asn	97.4	high confidence set
Chr10	18	36729275	36729347	Phe	GAA	0	0	78.3	58.40	19.90	Inf	Phe	113.2	high confidence set
Chr10	19	37002816	37002887	Pro	AGG	0	0	67.4	34.70	32.70	Inf	Pro	112.3	high confidence set
Chr10	20	37205200	37205279	Leu	TAG	0	0	69.5	48.50	21.00	Inf	Leu	111.5	high confidence set
Chr10	21	35945743	35945671	Arg	TCT	0	0	68.7	50.90	17.80	Inf	Arg	95.6	high confidence set
Chr10	22	35307774	35307702	Lys	CTT	0	0	86.8	66.60	20.20	Inf	Lys	107.7	high confidence set
Chr10	23	34360503	34360432	Trp	CCA	0	0	75.8	51.20	24.60	Inf	Trp	105.6	high confidence set
Chr10	24	34215667	34215586	Ser	AGA	0	0	78.7	42.50	36.20	Inf	Ser	114.6	high confidence set
Chr10	25	493082	493011	Pro	AGG	0	0	67.4	34.70	32.70	Inf	Pro	112.3	high confidence set
Chr10	26	311406	311325	Ser	AGA	0	0	78.7	42.50	36.20	Inf	Ser	114.6	high confidence set
Chr11	1	549186	549259	Asn	GTT	0	0	83.9	58.50	25.40	Inf	Asn	97.4	high confidence set
Chr11	2	3168992	3169078	Met	CAT	3169030	3169042	64.2	40.70	23.50	Inf	Met	104.0	high confidence set
Chr11	5	13537951	13538022	Pro	TGG	0	0	70.0	38.50	31.50	Inf	Pro	106.5	high confidence set
Chr11	6	18984102	18984173	Thr	CGT	0	0	80.5	54.30	26.20	Inf	Thr	87.3	high confidence set
Chr11	7	18996940	18996867	Asn	GTT	0	0	83.9	58.50	25.40	Inf	Asn	97.4	high confidence set
Chr11	8	18196634	18196563	His	GTG	0	0	55.6	33.20	22.40	Inf	His	82.9	high confidence set
Chr11	9	17291487	17291416	Thr	CGT	0	0	80.2	53.70	26.50	Inf	Thr	86.8	high confidence set
Chr11	10	16774890	16774818	Phe	GAA	0	0	78.3	58.40	19.90	Inf	Phe	108.0	high confidence set
Chr11	11	16433611	16433539	Phe	GAA	0	0	78.3	58.40	19.90	Inf	Phe	113.2	high confidence set
Chr11	13	15205729	15205649	Leu	AAG	0	0	74.0	52.20	21.80	Inf	Leu	110.4	high confidence set
Chr11	16	3694964	3694886	Arg	ACG	0	0	59.0	47.30	11.70	Inf	Ile	77.2	IPD:-24.40,isotype mismatch
Chr11	17	3606566	3606496	Gly	GCC	0	0	66.5	44.80	21.70	Inf	Gly	94.4	high confidence set
Chr12	1	365910	365981	Gly	TCC	0	0	73.9	46.20	27.70	Inf	Gly	85.6	high confidence set
Chr12	2	564214	564286	Ala	AGC	0	0	63.4	38.20	25.20	Inf	Ala	98.3	high confidence set
Chr12	3	596189	596260	Pro	CGG	0	0	69.6	37.70	31.90	Inf	Pro	108.3	high confidence set
Chr12	4	684195	684268	Thr	AGT	0	0	73.6	45.20	28.40	Inf	Thr	88.6	high confidence set
Chr12	8	2254109	2254180	Pro	TGG	0	0	68.5	35.70	32.80	Inf	Pro	111.2	high confidence set
Chr12	9	2261252	2261323	Pro	TGG	0	0	68.5	35.70	32.80	Inf	Pro	111.2	high confidence set
Chr12	10	4539397	4539477	Leu	AAG	0	0	74.0	52.20	21.80	Inf	Leu	110.4	high confidence set
Chr12	11	16712494	16712566	Ala	CGC	0	0	68.3	44.10	24.20	Inf	Ala	99.2	high confidence set
Chr12	12	16728638	16728711	Asn	GTT	0	0	83.9	58.50	25.40	Inf	Asn	97.4	high confidence set
Chr12	13	18245567	18245637	Gly	GCC	0	0	66.5	44.80	21.70	Inf	Gly	94.4	high confidence set
Chr12	14	19175221	19175293	Glu	CTC	0	0	80.0	54.10	25.90	Inf	Glu	99.8	high confidence set
Chr12	15	19638490	19638562	Lys	CTT	0	0	87.7	67.60	20.10	Inf	Lys	106.7	high confidence set
Chr12	16	19796913	19796993	Leu	CAG	0	0	69.5	46.80	22.70	Inf	Leu	109.7	high confidence set
Chr12	17	20069749	20069678	Asp	GTC	0	0	69.8	46.80	23.00	Inf	Asp	95.8	high confidence set
Chr12	18	19917702	19917629	Val	CAC	0	0	82.4	54.40	28.00	Inf	Val	100.3	high confidence set
Chr12	19	19219650	19219577	Arg	TCG	0	0	81.9	60.40	21.50	Inf	Arg	92.9	high confidence set
Chr12	21	17728271	17728198	Ile	AAT	0	0	81.8	58.30	23.50	Inf	Ile	106.8	high confidence set
Chr12	22	17523182	17523111	Pro	TGG	0	0	69.6	37.70	31.90	Inf	Pro	108.3	high confidence set
Chr12	23	17285148	17285076	Glu	CTC	0	0	80.0	54.10	25.90	Inf	Glu	99.8	high confidence set
Chr12	24	16895493	16895420	Glu	TTC	0	0	63.6	40.40	23.20	Inf	Glu	93.9	high confidence set
Chr12	25	16604503	16604431	Ala	AGC	0	0	55.8	31.30	24.50	Inf	Ala	92.5	high confidence set
Chr12	26	2210259	2210186	Asn	GTT	0	0	80.9	54.80	26.10	Inf	Asn	92.8	high confidence set
Chr13	1	494524	494597	Val	CAC	0	0	80.7	52.30	28.40	Inf	Val	103.4	high confidence set
Chr13	2	899676	899748	Arg	CCT	0	0	68.7	49.50	19.20	Inf	Arg	79.5	high confidence set
Chr13	3	28747576	28747505	Cys	GCA	0	0	81.7	56.10	25.60	Inf	Cys	104.3	high confidence set
Chr13	7	8761385	8761314	Asp	GTC	0	0	69.8	46.80	23.00	Inf	Asp	95.8	high confidence set
Chr13	9	6244813	6244743	Cys	GCA	0	0	66.7	41.50	25.20	Inf	Cys	72.9	high confidence set
Chr13	10	2019828	2019757	iMet	CAT	0	0	56.1	23.80	32.30	Inf	iMet	118.3	high confidence set
Chr13	11	1257978	1257905	Ile	AAT	0	0	81.8	58.30	23.50	Inf	Ile	106.8	high confidence set
Chr13	12	1011339	1011266	Ile	AAT	0	0	81.8	58.30	23.50	Inf	Ile	106.8	high confidence set
Chr13	14	897508	897437	Gln	CTG	0	0	75.3	51.20	24.10	Inf	Gln	106.0	high confidence set
Chr13	15	785589	785516	Thr	AGT	0	0	75.0	46.80	28.20	Inf	Thr	89.8	high confidence set
Chr13	16	322205	322134	His	GTG	0	0	63.3	34.30	29.00	Inf	His	91.7	high confidence set
Chr14	1	1464758	1464841	Leu	CAA	0	0	81.0	54.60	26.40	Inf	Leu	125.6	high confidence set
Chr14	2	2768397	2768469	Ala	AGC	0	0	63.4	38.20	25.20	Inf	Ala	98.3	high confidence set
Chr14	4	12725334	12725405	Arg	TCT	0	0	58.3	25.60	32.70	Inf	Gln	70.8	IPD:-24.50,isotype mismatch
Chr14	5	14674944	14675016	Arg	TCT	0	0	68.5	50.60	17.90	Inf	Arg	98.8	high confidence set
Chr14	6	16108486	16108559	Thr	AGT	0	0	73.6	45.20	28.40	Inf	Thr	88.6	high confidence set
Chr14	7	16555545	16555618	Ile	TAT	0	0	85.9	70.60	15.30	Inf	Ile	103.9	high confidence set
Chr14	9	17660612	17660692	Leu	AAG	0	0	74.0	52.20	21.80	Inf	Leu	110.4	high confidence set
Chr14	10	17696663	17696735	Lys	TTT	0	0	82.2	65.60	16.60	Inf	Lys	82.4	high confidence set
Chr14	11	18351199	18351271	Ala	AGC	0	0	52.9	33.10	19.80	Inf	Ala	87.4	high confidence set
Chr14	12	18760586	18760665	Leu	TAG	0	0	69.5	48.50	21.00	Inf	Leu	111.5	high confidence set
Chr14	13	18881993	18882065	Glu	CTC	0	0	80.0	54.10	25.90	Inf	Glu	99.8	high confidence set
Chr14	14	21514386	21514305	Ser	AGA	0	0	78.7	42.50	36.20	Inf	Ser	114.6	high confidence set
Chr14	15	20853104	20853031	Glu	TTC	0	0	64.1	37.70	26.40	Inf	Glu	91.0	high confidence set
Chr14	16	20458446	20458366	Leu	AAG	0	0	74.0	52.20	21.80	Inf	Leu	110.4	high confidence set
Chr14	17	20135407	20135322	Met	CAT	20135369	20135358	64.2	40.80	23.40	Inf	Met	104.0	high confidence set
Chr14	18	17289568	17289496	Lys	CTT	0	0	87.7	67.60	20.10	Inf	Lys	106.7	high confidence set
Chr14	19	16047601	16047528	Arg	TCG	0	0	81.9	60.40	21.50	Inf	Arg	92.9	high confidence set
Chr14	21	15890233	15890162	Thr	TGT	0	0	79.3	49.30	30.00	Inf	Thr	92.3	high confidence set
Chr14	22	14111721	14111650	Cys	GCA	0	0	81.7	56.10	25.60	Inf	Cys	104.3	high confidence set
Chr14	23	12411089	12411008	Ser	AGA	0	0	79.6	43.50	36.10	Inf	Ser	114.9	high confidence set
Chr14	24	12229152	12229081	Pro	CGG	0	0	68.5	36.10	32.40	Inf	Pro	108.5	high confidence set
Chr14	25	4164997	4164926	Pro	TGG	0	0	69.6	37.70	31.90	Inf	Pro	108.3	high confidence set
Chr15	1	2405107	2405180	Glu	TTC	0	0	62.2	38.20	24.00	Inf	Glu	89.8	high confidence set
Chr15	2	3068026	3068099	Thr	AGT	0	0	75.0	46.80	28.20	Inf	Thr	89.8	high confidence set
Chr15	4	6638962	6639034	Arg	CCG	0	0	65.5	47.30	18.20	Inf	Arg	91.7	high confidence set
Chr15	6	10515062	10515133	Asp	GTC	0	0	57.2	38.70	18.50	Inf	Asp	77.0	high confidence set
Chr15	8	13311784	13311860	Asp	GTC	0	0	60.9	43.90	17.00	Inf	Asp	89.6	high confidence set
Chr15	9	20127865	20127937	Arg	CCT	0	0	69.1	50.30	18.80	Inf	Arg	81.2	high confidence set
Chr15	10	20212773	20212844	Cys	GCA	0	0	81.7	56.10	25.60	Inf	Cys	104.3	high confidence set
Chr15	11	23631439	23631520	Ser	TGA	0	0	80.7	46.00	34.70	Inf	Ser	111.5	high confidence set
Chr15	12	23880549	23880620	Asp	GTC	0	0	69.8	46.80	23.00	Inf	Asp	95.8	high confidence set
Chr15	13	23900808	23900879	Asp	GTC	0	0	69.8	46.80	23.00	Inf	Asp	95.8	high confidence set
Chr15	14	20085170	20085099	Gly	TCC	0	0	66.5	39.60	26.90	Inf	Gly	78.5	high confidence set
Chr15	15	19965768	19965695	Ile	AAT	0	0	80.9	56.60	24.30	Inf	Ile	107.9	high confidence set
Chr15	16	19574604	19574521	Leu	CAA	0	0	80.5	54.00	26.50	Inf	Leu	128.6	high confidence set
Chr15	19	6671997	6671926	Asp	GTC	0	0	69.8	46.80	23.00	Inf	Asp	95.8	high confidence set
Chr15	20	3511813	3511740	Glu	TTC	0	0	64.1	37.70	26.40	Inf	Glu	91.0	high confidence set
Chr16	1	20435106	20435192	Tyr	GTA	20435143	20435156	71.3	42.90	28.40	Inf	Tyr	107.1	high confidence set
Chr16	2	23028855	23028783	Phe	GAA	0	0	78.3	58.40	19.90	Inf	Phe	113.2	high confidence set
Chr16	4	3214603	3214530	Val	AAC	0	0	73.2	49.10	24.10	Inf	Val	95.7	high confidence set
Chr16	5	2894525	2894453	Arg	TCT	0	0	66.9	47.70	19.20	Inf	Arg	92.1	high confidence set
Chr16	6	2668573	2668503	Gly	GCC	0	0	66.5	44.80	21.70	Inf	Gly	94.4	high confidence set
Chr16	7	1475547	1475475	Ala	TGC	0	0	70.0	45.30	24.70	Inf	Ala	100.6	high confidence set
Chr16	8	761191	761107	Met	CAT	761153	761143	64.3	40.80	23.50	Inf	Met	104.0	high confidence set
Chr16	9	515932	515862	Gly	GCC	0	0	66.5	44.80	21.70	Inf	Gly	94.4	high confidence set
Chr17	2	3578417	3578489	Glu	CTC	0	0	80.0	54.10	25.90	Inf	Glu	99.8	high confidence set
Chr17	4	15080004	15079933	Trp	CCA	0	0	75.8	51.20	24.60	Inf	Trp	105.6	high confidence set
Chr17	7	7836474	7836403	Asp	GTC	0	0	69.8	46.80	23.00	Inf	Asp	95.8	high confidence set
Chr17	8	779026	778955	Asp	GTC	0	0	69.8	46.80	23.00	Inf	Asp	94.5	high confidence set
Chr18	1	288193	288264	Pro	AGG	0	0	67.4	34.70	32.70	Inf	Pro	112.3	high confidence set
Chr18	3	22622831	22622901	Gly	CCC	0	0	66.3	29.50	36.80	Inf	Gly	89.7	high confidence set
Chr18	4	23550009	23550090	Ser	GCT	0	0	80.5	45.20	35.30	Inf	Ser	109.5	high confidence set
Chr18	5	24484966	24485039	Ile	AAT	0	0	81.8	58.30	23.50	Inf	Ile	106.8	high confidence set
Chr18	6	24681157	24681229	Ala	TGC	0	0	70.0	45.30	24.70	Inf	Ala	100.6	high confidence set
Chr18	7	24920149	24920230	Ser	GCT	0	0	80.5	45.20	35.30	Inf	Ser	109.5	high confidence set
Chr18	8	26706890	26706962	Lys	CTT	0	0	86.8	66.60	20.20	Inf	Lys	107.7	high confidence set
Chr18	9	27369821	27369750	Asp	GTC	0	0	69.8	46.80	23.00	Inf	Asp	95.8	high confidence set
Chr18	11	25868294	25868222	Lys	CTT	0	0	87.7	67.60	20.10	Inf	Lys	106.7	high confidence set
Chr18	12	25757792	25757708	Met	CAT	25757754	25757744	64.3	40.80	23.50	Inf	Met	104.0	high confidence set
Chr18	13	25216781	25216709	Arg	CCT	0	0	66.9	46.30	20.60	Inf	Thr	78.0	IPD:-0.80,isotype mismatch
Chr18	14	25102429	25102340	Tyr	GTA	25102392	25102376	74.3	42.90	31.40	Inf	Tyr	111.8	high confidence set
Chr18	15	24605261	24605190	His	GTG	0	0	63.3	34.30	29.00	Inf	His	91.7	high confidence set
Chr18	16	24147674	24147603	Trp	CCA	0	0	75.8	51.20	24.60	Inf	Trp	105.6	high confidence set
Chr18	18	10946331	10946260	Asp	GTC	0	0	62.1	39.10	23.00	Inf	Asp	87.8	high confidence set
Chr19	1	756054	756127	Asn	GTT	0	0	83.6	57.80	25.80	Inf	Asn	94.9	high confidence set
Chr19	2	1784762	1784835	Glu	TTC	0	0	64.1	37.70	26.40	Inf	Glu	91.0	high confidence set
Chr19	3	6039967	6040038	Asp	GTC	0	0	65.1	47.30	17.80	Inf	Asp	91.6	high confidence set
Chr19	4	9712310	9712381	Cys	GCA	0	0	81.7	56.10	25.60	Inf	Cys	104.3	high confidence set
Chr19	5	14635748	14635819	iMet	CAT	0	0	58.3	28.10	30.20	Inf	iMet	118.7	high confidence set
Chr19	6	17461343	17461428	Met	CAT	17461381	17461392	64.2	40.80	23.40	Inf	Met	104.0	high confidence set
Chr19	7	20625983	20626056	Ile	AAT	0	0	81.8	58.30	23.50	Inf	Ile	106.8	high confidence set
Chr19	8	20665810	20665883	Val	CAC	0	0	52.7	40.40	12.30	Inf	Val	73.2	high confidence set
Chr19	9	21951503	21951589	Tyr	GTA	21951540	21951553	74.4	42.90	31.50	Inf	Tyr	111.8	high confidence set
Chr19	10	22193348	22193421	Glu	TTC	0	0	64.1	37.70	26.40	Inf	Glu	91.0	high confidence set
Chr19	11	23971017	23971089	Arg	ACG	0	0	71.7	49.10	22.60	Inf	Arg	91.4	high confidence set
Chr19	12	24617381	24617309	Ala	AGC	0	0	63.4	38.20	25.20	Inf	Ala	98.3	high confidence set
Chr19	13	24240947	24240877	Gly	CCC	0	0	65.4	28.10	37.30	Inf	Gly	85.4	high confidence set
Chr19	14	22220981	22220910	Lys	TTT	0	0	91.2	67.60	23.60	Inf	Lys	96.5	high confidence set
Chr19	15	21258593	21258522	Pro	AGG	0	0	67.4	34.70	32.70	Inf	Pro	112.3	high confidence set
Chr19	16	18976472	18976392	Leu	CAG	0	0	69.5	46.80	22.70	Inf	Leu	109.7	high confidence set
Chr19	17	18752474	18752394	Leu	AAG	0	0	74.0	52.20	21.80	Inf	Leu	110.4	high confidence set
Chr19	19	14761651	14761580	iMet	CAT	0	0	58.3	28.10	30.20	Inf	iMet	118.7	high confidence set
Chr19	21	8390626	8390556	Gly	GCC	0	0	66.5	44.80	21.70	Inf	Gly	94.4	high confidence set
Chr19	22	4411484	4411403	Ser	TGA	0	0	80.7	46.10	34.60	Inf	Ser	119.7	high confidence set
Chr19	23	4027327	4027246	Ser	AGA	0	0	78.7	42.50	36.20	Inf	Ser	114.6	high confidence set
Chr19	24	2107871	2107800	Trp	CCA	0	0	75.8	51.20	24.60	Inf	Trp	105.6	high confidence set
Chr19	25	61441	61369	Ala	CGC	0	0	68.3	44.10	24.20	Inf	Ala	99.2	high confidence set
Chr20	2	3983599	3983671	Asp	GTC	0	0	54.2	36.10	18.10	Inf	Asp	81.6	high confidence set
Chr20	3	12450790	12450861	Thr	TGT	0	0	79.3	49.30	30.00	Inf	Thr	92.3	high confidence set
Chr20	4	14665411	14665483	Glu	CTC	0	0	80.0	54.10	25.90	Inf	Glu	99.8	high confidence set
Chr20	5	16065772	16065853	Ser	CGA	0	0	78.2	45.90	32.30	Inf	Ser	121.6	high confidence set
Chr20	6	16298239	16298311	Glu	CTC	0	0	77.0	51.20	25.80	Inf	Glu	98.8	high confidence set
Chr20	7	17302415	17302342	Arg	TCG	0	0	82.3	61.00	21.30	Inf	Arg	91.9	high confidence set
Chr20	8	16686694	16686622	Arg	ACG	0	0	71.7	49.10	22.60	Inf	Arg	91.4	high confidence set
Chr20	9	15776861	15776790	Gln	CTG	0	0	74.3	49.60	24.70	Inf	Gln	103.3	high confidence set
Chr20	10	13491713	13491641	Val	TAC	0	0	74.3	40.80	33.50	Inf	Val	96.2	high confidence set
Chr20	11	9278788	9278716	Phe	GAA	0	0	66.8	43.00	23.80	Inf	Thr	71.1	IPD:-3.00,isotype mismatch
