Sequence		tRNA    	Bounds  	tRNA	Anti	Intron Bounds	Inf	HMM	2'Str	Hit	Isotype	Isotype	      
Name    	tRNA#	Begin   	End     	Type	Codon	Begin	End	Score	Score	Score	Origin	CM	Score	Note
--------	------	-----   	------  	----	-----	-----	----	------	-----	-----	------	-------	-------	------
chr3	1	910157	910228	Asp	GTC	0	0	69.8	46.80	23.00	Inf	Asp	94.5	high confidence set
chr3	3	3934331	3934403	Glu	CTC	0	0	78.9	53.10	25.80	Inf	Glu	94.8	high confidence set
chr3	4	4611813	4611884	Pro	CGG	0	0	65.2	35.80	29.40	Inf	Pro	103.5	high confidence set
chr3	7	5196424	5196495	Glu	TTC	0	0	70.5	45.30	25.20	Inf	Glu	97.5	high confidence set
chr3	8	5323781	5323862	Ser	TGA	0	0	80.7	46.10	34.60	Inf	Ser	119.7	high confidence set
chr3	10	7482018	7482091	Val	AAC	0	0	62.6	42.40	20.20	Inf	Val	92.5	high confidence set
chr3	11	8002325	8002398	Val	AAC	0	0	72.5	48.10	24.40	Inf	Val	100.2	high confidence set
chr3	13	9309124	9309196	Val	TAC	0	0	71.2	38.40	32.80	Inf	Val	101.5	high confidence set
chr3	14	9309297	9309369	Val	TAC	0	0	77.0	42.00	35.00	Inf	Val	110.8	high confidence set
chr3	15	9543730	9543811	Ser	GCT	0	0	79.0	43.10	35.90	Inf	Ser	108.6	high confidence set
chr3	16	9659747	9659827	Leu	AAG	0	0	74.0	52.20	21.80	Inf	Leu	110.4	high confidence set
chr3	17	10333046	10333117	Lys	TTT	0	0	82.9	68.40	14.50	Inf	Lys	89.9	high confidence set
chr3	18	10346250	10346321	Lys	TTT	0	0	82.9	68.40	14.50	Inf	Lys	89.9	high confidence set
chr3	19	11649199	11649280	Ser	CGA	0	0	75.1	44.20	30.90	Inf	Ser	116.0	high confidence set
chr3	20	11652352	11652439	Tyr	GTA	11652389	11652403	74.4	42.90	31.50	Inf	Tyr	111.8	high confidence set
chr3	21	11684720	11684792	Ala	AGC	0	0	63.4	38.20	25.20	Inf	Ala	98.3	high confidence set
chr3	22	12746708	12746778	Gly	GCC	0	0	66.5	44.80	21.70	Inf	Gly	94.4	high confidence set
chr3	23	13265870	13265942	Arg	CCT	0	0	69.1	50.30	18.80	Inf	Arg	81.2	high confidence set
chr3	24	18789494	18789565	Cys	GCA	0	0	82.1	59.90	22.20	Inf	Cys	106.6	high confidence set
chr3	25	20788882	20788953	Gly	TCC	0	0	73.9	46.20	27.70	Inf	Gly	85.6	high confidence set
chr3	26	21735040	21735113	Val	CAC	0	0	81.3	54.40	26.90	Inf	Val	100.3	high confidence set
chr3	27	22358618	22358688	Gly	GCC	0	0	66.5	44.80	21.70	Inf	Gly	94.4	high confidence set
chr3	28	22387809	22387879	Gly	GCC	0	0	66.5	44.80	21.70	Inf	Gly	94.4	high confidence set
chr3	29	22598525	22598605	Leu	AAG	0	0	74.0	52.20	21.80	Inf	Leu	110.4	high confidence set
chr3	31	29564967	29565048	Ser	AGA	0	0	79.4	43.10	36.30	Inf	Ser	115.0	high confidence set
chr3	32	29808415	29808487	Phe	GAA	0	0	78.3	58.40	19.90	Inf	Phe	113.2	high confidence set
chr3	33	30568413	30568484	Gln	CTG	0	0	75.3	51.20	24.10	Inf	Gln	103.1	high confidence set
chr3	34	31685333	31685406	Asn	GTT	0	0	83.7	58.60	25.10	Inf	Asn	90.4	high confidence set
chr3	45	59450916	59450988	Ala	AGC	0	0	63.4	38.20	25.20	Inf	Ala	98.3	high confidence set
chr3	48	60650348	60650420	Lys	CTT	0	0	87.7	67.60	20.10	Inf	Lys	106.7	high confidence set
chr3	50	65571431	65571503	Ala	AGC	0	0	63.4	38.20	25.20	Inf	Ala	98.3	high confidence set
chr3	53	66890856	66890927	Gln	TTG	0	0	73.5	53.70	19.80	Inf	Gln	104.8	high confidence set
chr3	54	68295423	68295495	Ala	AGC	0	0	63.4	38.20	25.20	Inf	Ala	98.3	high confidence set
chr3	55	69177504	69177577	Asn	GTT	0	0	83.7	58.60	25.10	Inf	Asn	90.4	high confidence set
chr3	56	71007284	71007367	Leu	CAA	0	0	79.5	54.50	25.00	Inf	Leu	126.8	high confidence set
chr3	57	71852558	71852641	Leu	TAA	0	0	72.1	39.80	32.30	Inf	Leu	97.6	high confidence set
chr3	58	71860385	71860456	Pro	AGG	0	0	59.1	36.10	23.00	Inf	Pro	100.9	high confidence set
chr3	59	72158653	72158725	Arg	TCT	0	0	67.2	49.40	17.80	Inf	Arg	97.7	high confidence set
chr3	61	75336874	75336953	Leu	TAG	0	0	69.5	48.50	21.00	Inf	Leu	111.5	high confidence set
chr3	62	76734163	76734235	Arg	ACG	0	0	71.4	48.60	22.80	Inf	Arg	89.4	high confidence set
chr3	65	81805881	81805954	Asn	GTT	0	0	83.7	58.60	25.10	Inf	Asn	90.4	high confidence set
chr3	67	83884344	83884436	Tyr	GTA	83884381	83884400	71.9	38.70	33.20	Inf	Tyr	110.0	high confidence set
chr3	68	86602023	86602095	Phe	GAA	0	0	76.1	54.40	21.70	Inf	Phe	115.3	high confidence set
chr3	69	86725400	86725471	Gln	CTG	0	0	65.0	46.90	18.10	Inf	Gln	94.2	high confidence set
chr3	70	88595075	88595146	Gly	TCC	0	0	73.9	46.20	27.70	Inf	Gly	85.6	high confidence set
chr3	71	89776966	89777038	Glu	CTC	0	0	78.9	53.10	25.80	Inf	Glu	94.8	high confidence set
chr3	72	90129329	90129402	Thr	AGT	0	0	73.6	45.20	28.40	Inf	Thr	88.6	high confidence set
chr3	73	90915387	90915459	Glu	CTC	0	0	79.2	53.50	25.70	Inf	Glu	94.2	high confidence set
chr3	74	93259151	93259223	Arg	TCT	0	0	70.4	50.20	20.20	Inf	Arg	95.3	high confidence set
chr3	75	93505244	93505315	iMet	CAT	0	0	58.3	28.10	30.20	Inf	iMet	118.7	high confidence set
chr3	76	93841291	93841362	Asp	GTC	0	0	69.8	46.80	23.00	Inf	Asp	94.5	high confidence set
chr3	77	93926880	93926951	Asp	GTC	0	0	69.8	46.80	23.00	Inf	Asp	94.5	high confidence set
chr3	78	93930941	93931012	Asp	GTC	0	0	69.8	46.80	23.00	Inf	Asp	94.5	high confidence set
chr3	79	94078933	94079005	Val	TAC	0	0	78.0	44.70	33.30	Inf	Val	106.6	high confidence set
chr3	81	94099795	94099724	Asp	GTC	0	0	69.8	46.80	23.00	Inf	Asp	94.5	high confidence set
chr3	82	94095585	94095515	Asp	GTC	0	0	61.7	38.30	23.40	Inf	Asp	80.2	high confidence set
chr3	83	93811764	93811683	Ser	AGA	0	0	79.4	43.10	36.30	Inf	Ser	115.0	high confidence set
chr3	84	93333761	93333688	Asn	GTT	0	0	81.7	56.30	25.40	Inf	Asn	94.2	high confidence set
chr3	85	92939764	92939691	Ile	AAT	0	0	82.3	53.80	28.50	Inf	Ile	104.1	high confidence set
chr3	87	91842232	91842161	Thr	TGT	0	0	84.3	58.00	26.30	Inf	Thr	93.3	high confidence set
chr3	88	91819366	91819285	Ser	GCT	0	0	80.5	45.20	35.30	Inf	Ser	109.5	high confidence set
chr3	89	90750953	90750883	Gly	GCC	0	0	66.5	44.80	21.70	Inf	Gly	94.4	high confidence set
chr3	91	90070242	90070172	Gly	GCC	0	0	58.2	42.80	15.40	Inf	Gly	87.9	high confidence set
chr3	92	90067970	90067900	Gly	GCC	0	0	63.5	44.70	18.80	Inf	Gly	92.5	high confidence set
chr3	93	89798114	89798044	Gly	GCC	0	0	66.5	44.80	21.70	Inf	Gly	94.4	high confidence set
chr3	94	88652488	88652416	Arg	ACG	0	0	71.3	48.60	22.70	Inf	Arg	93.4	high confidence set
chr3	96	79481281	79481200	Ser	GCT	0	0	80.5	45.20	35.30	Inf	Ser	109.5	high confidence set
chr3	100	75566369	75566299	Gly	CCC	0	0	65.4	28.10	37.30	Inf	Gly	85.4	high confidence set
chr3	101	75292099	75292027	Ala	AGC	0	0	63.4	38.20	25.20	Inf	Ala	98.3	high confidence set
chr3	102	72710469	72710397	Val	TAC	0	0	71.2	38.40	32.80	Inf	Val	101.5	high confidence set
chr3	103	72207508	72207437	Asp	GTC	0	0	69.8	46.80	23.00	Inf	Asp	94.5	high confidence set
chr3	104	72151531	72151450	Ser	GCT	0	0	79.0	43.10	35.90	Inf	Ser	108.6	high confidence set
chr3	105	71722985	71722905	Leu	AAG	0	0	63.7	47.00	16.70	Inf	Leu	100.7	high confidence set
chr3	108	68352979	68352896	Leu	CAA	0	0	78.5	55.10	23.40	Inf	Leu	119.0	high confidence set
chr3	109	68198974	68198893	Ser	CGA	0	0	78.0	45.60	32.40	Inf	Ser	118.6	high confidence set
chr3	110	68196745	68196659	Tyr	GTA	68196708	68196695	74.4	43.10	31.30	Inf	Tyr	111.8	high confidence set
chr3	112	63179893	63179820	Asn	GTT	0	0	86.2	61.00	25.20	Inf	Asn	93.9	high confidence set
chr3	116	58416044	58415974	Gly	CCC	0	0	65.4	28.10	37.30	Inf	Gly	85.4	high confidence set
chr3	121	40970730	40970659	Gly	TCC	0	0	73.9	46.20	27.70	Inf	Gly	85.6	high confidence set
chr3	122	36110747	36110675	Arg	CCG	0	0	65.5	47.30	18.20	Inf	Arg	91.7	high confidence set
chr3	127	26739771	26739699	Lys	TTT	0	0	86.0	65.40	20.60	Inf	Lys	89.3	high confidence set
chr3	129	24373380	24373309	Trp	CCA	0	0	75.1	50.10	25.00	Inf	Trp	105.0	high confidence set
chr3	130	24323573	24323500	Arg	TCG	0	0	82.3	61.00	21.30	Inf	Arg	91.9	high confidence set
chr3	132	19895824	19895752	Ala	CGC	0	0	68.3	44.10	24.20	Inf	Ala	99.2	high confidence set
chr3	133	19346661	19346589	Glu	CTC	0	0	78.9	53.10	25.80	Inf	Glu	94.8	high confidence set
chr3	135	18569740	18569655	Met	CAT	18569702	18569691	64.2	40.70	23.50	Inf	Met	104.0	high confidence set
chr3	136	17961706	17961634	Ala	TGC	0	0	63.7	38.60	25.10	Inf	Ala	96.5	high confidence set
chr3	137	15991447	15991376	Asp	GTC	0	0	69.8	46.80	23.00	Inf	Asp	94.5	high confidence set
chr3	138	15201568	15201495	Val	AAC	0	0	72.5	48.10	24.40	Inf	Val	100.2	high confidence set
chr3	139	15010290	15010218	Lys	CTT	0	0	83.1	66.00	17.10	Inf	Lys	100.6	high confidence set
chr3	140	14315202	14315131	Pro	TGG	0	0	68.9	36.50	32.40	Inf	Pro	109.4	high confidence set
chr3	141	13750256	13750184	Val	TAC	0	0	78.0	44.70	33.30	Inf	Val	106.6	high confidence set
chr3	142	13585975	13585905	Gly	GCC	0	0	66.5	44.80	21.70	Inf	Gly	94.4	high confidence set
chr3	143	13585893	13585821	Phe	GAA	0	0	78.3	58.40	19.90	Inf	Phe	113.2	high confidence set
chr3	144	12554478	12554406	Ala	AGC	0	0	63.4	38.20	25.20	Inf	Ala	98.3	high confidence set
chr3	146	10315978	10315907	Gln	CTG	0	0	75.3	51.20	24.10	Inf	Gln	103.1	high confidence set
chr3	147	9623831	9623749	Leu	TAA	0	0	70.7	33.10	37.60	Inf	Leu	93.7	high confidence set
chr3	148	9530148	9530076	Lys	CTT	0	0	87.7	67.60	20.10	Inf	Lys	106.7	high confidence set
chr3	149	8788101	8788029	Lys	CTT	0	0	87.7	67.60	20.10	Inf	Lys	106.7	high confidence set
chr3	150	6232722	6232641	Ser	GCT	0	0	80.5	45.20	35.30	Inf	Ser	109.5	high confidence set
chr3	151	5962387	5962316	Thr	TGT	0	0	84.3	58.00	26.30	Inf	Thr	93.3	high confidence set
chr3	152	5474969	5474896	Ile	AAT	0	0	79.3	55.80	23.50	Inf	Ile	104.3	high confidence set
chr3	153	5153563	5153492	Gln	CTG	0	0	74.6	50.10	24.50	Inf	Gln	102.4	high confidence set
chr3	154	4397983	4397900	Leu	CAA	0	0	79.5	54.50	25.00	Inf	Leu	126.8	high confidence set
chr3	156	4150040	4149959	Ser	GCT	0	0	80.5	45.20	35.30	Inf	Ser	109.5	high confidence set
chr2	1	505835	505907	Lys	CTT	0	0	87.7	67.60	20.10	Inf	Lys	106.7	high confidence set
chr2	2	1301236	1301308	Glu	CTC	0	0	78.9	53.10	25.80	Inf	Glu	94.8	high confidence set
chr2	3	1544162	1544234	Lys	CTT	0	0	87.7	67.60	20.10	Inf	Lys	106.7	high confidence set
chr2	4	2064553	2064634	Ser	TGA	0	0	76.8	42.30	34.50	Inf	Ser	114.6	high confidence set
chr2	6	4176028	4176101	Ile	TAT	0	0	85.9	70.60	15.30	Inf	Ile	103.9	high confidence set
chr2	7	4183352	4183423	Gln	CTG	0	0	72.5	52.90	19.60	Inf	Gln	97.3	high confidence set
chr2	8	4666125	4666195	Gly	GCC	0	0	66.5	44.80	21.70	Inf	Gly	94.4	high confidence set
chr2	11	7947577	7947661	Met	CAT	7947615	7947625	64.3	40.80	23.50	Inf	Met	104.0	high confidence set
chr2	12	8582852	8582933	Ser	GCT	0	0	79.0	43.10	35.90	Inf	Ser	108.6	high confidence set
chr2	13	8820652	8820723	Asp	GTC	0	0	69.8	46.80	23.00	Inf	Asp	94.5	high confidence set
chr2	15	10288848	10288918	Gly	GCC	0	0	66.5	44.80	21.70	Inf	Gly	94.4	high confidence set
chr2	17	10876954	10877037	Leu	CAA	0	0	76.7	54.50	22.20	Inf	Leu	123.1	high confidence set
chr2	18	11403099	11403170	Trp	CCA	0	0	75.8	51.20	24.60	Inf	Trp	105.6	high confidence set
chr2	19	12626515	12626585	Gly	CCC	0	0	65.4	28.10	37.30	Inf	Gly	85.4	high confidence set
chr2	20	13063431	13063504	Thr	AGT	0	0	73.6	45.20	28.40	Inf	Thr	88.6	high confidence set
chr2	22	14124261	14124334	Ile	TAT	0	0	84.9	69.60	15.30	Inf	Ile	102.9	high confidence set
chr2	23	14126879	14126952	Ile	TAT	0	0	85.9	70.60	15.30	Inf	Ile	103.9	high confidence set
chr2	25	14420342	14420414	Ala	TGC	0	0	68.8	42.60	26.20	Inf	Ala	100.0	high confidence set
chr2	26	14658964	14659037	Ile	AAT	0	0	79.3	55.80	23.50	Inf	Ile	104.3	high confidence set
chr2	27	15586988	15587060	Ala	TGC	0	0	69.1	43.30	25.80	Inf	Ala	101.9	high confidence set
chr2	28	16845526	16845598	Glu	CTC	0	0	79.2	53.50	25.70	Inf	Glu	94.2	high confidence set
chr2	29	17187574	17187646	Arg	ACG	0	0	71.3	48.60	22.70	Inf	Arg	93.4	high confidence set
chr2	31	19175890	19175961	Thr	CGT	0	0	82.2	57.60	24.60	Inf	Thr	90.2	high confidence set
chr2	33	22548394	22548465	Asn	GTT	0	0	82.3	59.70	22.60	Inf	Asn	81.1	high confidence set
chr2	34	23901920	23902000	Leu	CAG	0	0	69.5	46.80	22.70	Inf	Leu	109.7	high confidence set
chr2	40	35736912	35736983	Thr	GGT	0	0	58.2	29.20	29.00	Inf	Thr	73.0	unexpected anticodon
chr2	43	38701795	38701867	Arg	ACG	0	0	66.7	47.10	19.60	Inf	Arg	85.6	high confidence set
chr2	44	43296970	43297042	Arg	TCT	0	0	70.7	50.70	20.00	Inf	Arg	91.3	high confidence set
chr2	49	48677174	48677245	Pro	AGG	0	0	67.4	34.70	32.70	Inf	Pro	112.3	high confidence set
chr2	53	58083413	58083484	Asn	GTT	0	0	83.4	60.80	22.60	Inf	Asn	82.2	high confidence set
chr2	56	65866482	65866553	Asp	GTC	0	0	69.8	46.80	23.00	Inf	Asp	94.5	high confidence set
chr2	60	78390016	78390087	Gln	CTG	0	0	75.3	51.20	24.10	Inf	Gln	103.1	high confidence set
chr2	73	37358007	37357936	Cys	GCA	0	0	74.2	52.00	22.20	Inf	Cys	99.9	high confidence set
chr2	74	37355017	37354946	Cys	GCA	0	0	82.1	59.90	22.20	Inf	Cys	106.6	high confidence set
chr2	75	37352149	37352078	Cys	GCA	0	0	82.1	59.90	22.20	Inf	Cys	106.6	high confidence set
chr2	76	37340856	37340785	Cys	GCA	0	0	82.1	59.90	22.20	Inf	Cys	106.6	high confidence set
chr2	77	30955121	30955051	Gly	GCC	0	0	66.5	44.80	21.70	Inf	Gly	94.4	high confidence set
chr2	81	17750749	17750678	Pro	TGG	0	0	66.3	31.40	34.90	Inf	Pro	105.9	high confidence set
chr2	84	12802644	12802573	His	GTG	0	0	63.0	33.70	29.30	Inf	His	86.8	high confidence set
chr2	85	12085742	12085671	Asp	GTC	0	0	69.8	46.80	23.00	Inf	Asp	94.5	high confidence set
chr2	86	11787526	11787453	Asn	GTT	0	0	83.7	58.60	25.10	Inf	Asn	90.4	high confidence set
chr2	87	10907485	10907414	Trp	CCA	0	0	66.1	50.40	15.70	Inf	Trp	93.6	high confidence set
chr2	89	9650587	9650514	Val	AAC	0	0	72.5	48.10	24.40	Inf	Val	100.2	high confidence set
chr2	90	8384487	8384415	Glu	CTC	0	0	78.9	53.10	25.80	Inf	Glu	94.8	high confidence set
chr2	91	7022989	7022918	iMet	CAT	0	0	57.5	27.40	30.10	Inf	iMet	120.7	high confidence set
chr2	92	5936948	5936876	Lys	TTT	0	0	90.5	66.90	23.60	Inf	Lys	95.4	high confidence set
chr2	93	5936797	5936725	Lys	TTT	0	0	90.5	66.90	23.60	Inf	Lys	95.4	high confidence set
chr2	94	5194871	5194800	Glu	TTC	0	0	70.5	45.30	25.20	Inf	Glu	97.5	high confidence set
chr2	95	5115926	5115853	Ile	AAT	0	0	77.0	51.80	25.20	Inf	Ile	102.1	high confidence set
chr2	96	4394885	4394814	Glu	TTC	0	0	71.2	46.50	24.70	Inf	Glu	101.9	high confidence set
chr2	97	3387586	3387514	Lys	TTT	0	0	90.5	66.90	23.60	Inf	Lys	95.4	high confidence set
chr2	99	3298149	3298076	Ile	AAT	0	0	81.8	58.30	23.50	Inf	Ile	106.8	high confidence set
chr2	102	1458926	1458853	Val	AAC	0	0	72.5	48.10	24.40	Inf	Val	100.2	high confidence set
chr2	104	95313	95240	Ile	AAT	0	0	77.0	51.80	25.20	Inf	Ile	102.1	high confidence set
chr2	105	88941	88868	Val	AAC	0	0	72.5	48.10	24.40	Inf	Val	100.2	high confidence set
chr4	1	1219071	1219142	Asp	GTC	0	0	65.8	45.00	20.80	Inf	Asp	84.5	high confidence set
chr4	2	2575799	2575870	Cys	GCA	0	0	82.1	59.90	22.20	Inf	Cys	106.6	high confidence set
chr4	3	3258200	3258271	Thr	TGT	0	0	81.7	56.70	25.00	Inf	Thr	90.6	high confidence set
chr4	4	3431525	3431598	Val	CAC	0	0	81.5	53.50	28.00	Inf	Val	103.7	high confidence set
chr4	5	3485531	3485602	Cys	GCA	0	0	82.1	59.90	22.20	Inf	Cys	106.6	high confidence set
chr4	7	4267240	4267321	Ser	AGA	0	0	79.4	43.10	36.30	Inf	Ser	115.0	high confidence set
chr4	8	4501289	4501360	His	GTG	0	0	63.0	33.70	29.30	Inf	His	87.1	high confidence set
chr4	9	4651596	4651667	Gln	TTG	0	0	73.5	53.70	19.80	Inf	Gln	104.8	high confidence set
chr4	10	5556844	5556924	Leu	AAG	0	0	74.0	52.20	21.80	Inf	Leu	110.4	high confidence set
chr4	11	6314388	6314459	Gln	TTG	0	0	73.5	53.70	19.80	Inf	Gln	104.8	high confidence set
chr4	12	6891830	6891903	Arg	TCG	0	0	81.9	60.40	21.50	Inf	Arg	92.9	high confidence set
chr4	13	7617152	7617223	Gly	TCC	0	0	73.9	46.20	27.70	Inf	Gly	85.6	high confidence set
chr4	14	8343411	8343492	Ser	AGA	0	0	79.4	43.10	36.30	Inf	Ser	115.0	high confidence set
chr4	15	14792006	14792086	Leu	AAG	0	0	74.0	52.20	21.80	Inf	Leu	110.4	high confidence set
chr4	16	15080139	15080211	Ala	TGC	0	0	69.1	43.30	25.80	Inf	Ala	101.9	high confidence set
chr4	20	22322039	22322110	Thr	CGT	0	0	82.2	57.60	24.60	Inf	Thr	90.2	high confidence set
chr4	22	22949399	22949471	Ala	AGC	0	0	63.4	38.20	25.20	Inf	Ala	98.3	high confidence set
chr4	24	24916484	24916563	Leu	TAG	0	0	69.5	48.50	21.00	Inf	Leu	111.5	high confidence set
chr4	25	27041431	27041511	Leu	AAG	0	0	71.4	51.10	20.30	Inf	Leu	108.5	high confidence set
chr4	26	27162295	27162367	Ala	TGC	0	0	69.1	43.30	25.80	Inf	Ala	101.9	high confidence set
chr4	27	27904726	27904797	Asn	GTT	0	0	82.3	59.70	22.60	Inf	Asn	81.1	high confidence set
chr4	30	28057468	28057540	Thr	TGT	0	0	69.1	50.20	18.90	Inf	Thr	82.6	high confidence set
chr4	31	30086565	30086658	Tyr	GTA	30086602	30086622	74.2	42.60	31.60	Inf	Tyr	111.8	high confidence set
chr4	32	34261634	34261706	Glu	CTC	0	0	77.0	53.60	23.40	Inf	Glu	93.6	high confidence set
chr4	33	34908219	34908290	Trp	CCA	0	0	75.1	50.10	25.00	Inf	Trp	105.0	high confidence set
chr4	34	35972555	35972627	Lys	CTT	0	0	87.7	67.60	20.10	Inf	Lys	106.7	high confidence set
chr4	39	45110176	45110249	Ile	AAT	0	0	79.3	55.80	23.50	Inf	Ile	104.3	high confidence set
chr4	46	58879506	58879579	Ile	AAT	0	0	79.9	51.30	28.60	Inf	Ile	101.6	high confidence set
chr4	48	60109206	60109279	Ile	AAT	0	0	66.0	50.50	15.50	Inf	Ile	95.2	high confidence set
chr4	50	60714850	60714921	Glu	TTC	0	0	70.5	45.30	25.20	Inf	Glu	97.5	high confidence set
chr4	51	60948733	60948804	Glu	TTC	0	0	70.5	45.30	25.20	Inf	Glu	97.5	high confidence set
chr4	52	64985620	64985691	iMet	CAT	0	0	58.3	28.10	30.20	Inf	iMet	118.7	high confidence set
chr4	55	68458882	68458953	Thr	TGT	0	0	79.3	49.30	30.00	Inf	Thr	92.3	high confidence set
chr4	56	69325777	69325849	Ala	TGC	0	0	69.1	43.30	25.80	Inf	Ala	101.9	high confidence set
chr4	57	71919102	71919175	Thr	AGT	0	0	73.6	45.20	28.40	Inf	Thr	88.6	high confidence set
chr4	61	74717499	74717570	Pro	AGG	0	0	67.4	34.70	32.70	Inf	Pro	112.3	high confidence set
chr4	62	75027168	75027251	Leu	CAA	0	0	79.5	54.50	25.00	Inf	Leu	126.8	high confidence set
chr4	63	75384461	75384532	Gly	TCC	0	0	63.9	40.50	23.40	Inf	Gly	76.9	high confidence set
chr4	64	77659137	77659210	Val	AAC	0	0	72.5	48.10	24.40	Inf	Val	100.2	high confidence set
chr4	65	76830009	76829929	Leu	CAG	0	0	69.5	46.80	22.70	Inf	Leu	109.7	high confidence set
chr4	66	76387912	76387840	Phe	GAA	0	0	78.3	58.40	19.90	Inf	Phe	113.2	high confidence set
chr4	67	75946736	75946665	Trp	CCA	0	0	75.8	51.20	24.60	Inf	Trp	105.6	high confidence set
chr4	68	75491631	75491560	Gly	TCC	0	0	73.9	46.20	27.70	Inf	Gly	85.6	high confidence set
chr4	69	75433051	75432979	Glu	CTC	0	0	60.0	49.00	11.00	Inf	Glu	77.4	high confidence set
chr4	70	75045303	75045231	Phe	GAA	0	0	78.3	58.40	19.90	Inf	Phe	113.2	high confidence set
chr4	71	75043869	75043797	Phe	GAA	0	0	78.3	58.40	19.90	Inf	Phe	113.2	high confidence set
chr4	72	74863301	74863230	Pro	AGG	0	0	62.7	35.10	27.60	Inf	Pro	99.9	high confidence set
chr4	75	73195147	73195076	His	GTG	0	0	63.0	33.70	29.30	Inf	His	87.1	high confidence set
chr4	77	68298365	68298285	Leu	AAG	0	0	74.0	52.20	21.80	Inf	Leu	110.4	high confidence set
chr4	78	68298272	68298200	Arg	ACG	0	0	71.3	48.60	22.70	Inf	Arg	93.4	high confidence set
chr4	82	60401782	60401711	His	GTG	0	0	63.0	33.70	29.30	Inf	His	86.8	high confidence set
chr4	86	43366929	43366856	Asn	GTT	0	0	71.4	50.00	21.40	Inf	Asn	83.7	high confidence set
chr4	91	30106471	30106399	Lys	CTT	0	0	87.7	67.60	20.10	Inf	Lys	106.7	high confidence set
chr4	92	30062737	30062665	Phe	GAA	0	0	78.3	58.40	19.90	Inf	Phe	113.2	high confidence set
chr4	97	27919327	27919249	Arg	ACG	0	0	54.0	42.40	11.60	Inf	Ile	71.6	IPD:-19.60,isotype mismatch
chr4	99	27163636	27163563	Val	AAC	0	0	72.5	48.10	24.40	Inf	Val	100.2	high confidence set
chr4	101	20793334	20793262	Phe	GAA	0	0	75.4	47.80	27.60	Inf	Phe	85.7	high confidence set
chr4	103	19917331	19917250	Ser	AGA	0	0	78.8	42.10	36.70	Inf	Ser	112.2	high confidence set
chr4	104	19851139	19851058	Ser	GCT	0	0	80.5	45.20	35.30	Inf	Ser	109.5	high confidence set
chr4	105	19571616	19571529	Tyr	GTA	19571579	19571565	72.1	38.80	33.30	Inf	Tyr	110.0	high confidence set
chr4	107	16670376	16670304	Val	TAC	0	0	78.2	43.80	34.40	Inf	Val	106.2	high confidence set
chr4	108	16390242	16390170	Ala	AGC	0	0	63.8	39.00	24.80	Inf	Ala	98.2	high confidence set
chr4	109	12691654	12691582	Ala	TGC	0	0	70.0	45.30	24.70	Inf	Ala	100.6	high confidence set
chr4	110	12081661	12081590	His	GTG	0	0	63.0	33.70	29.30	Inf	His	87.1	high confidence set
chr4	112	11034039	11033966	Val	CAC	0	0	79.3	48.30	31.00	Inf	Val	104.5	high confidence set
chr4	113	10911719	10911648	Pro	TGG	0	0	66.3	31.40	34.90	Inf	Pro	105.9	high confidence set
chr4	114	10662023	10661952	Pro	TGG	0	0	66.3	31.40	34.90	Inf	Pro	105.9	high confidence set
chr4	115	9919388	9919308	Leu	CAG	0	0	68.4	45.70	22.70	Inf	Leu	107.6	high confidence set
chr4	116	8174961	8174890	Gly	TCC	0	0	73.9	46.20	27.70	Inf	Gly	85.6	high confidence set
chr4	117	7995117	7995045	Glu	CTC	0	0	72.7	51.20	21.50	Inf	Glu	90.2	high confidence set
chr4	118	7721663	7721591	Glu	CTC	0	0	78.9	53.10	25.80	Inf	Glu	99.2	high confidence set
chr4	119	7614391	7614318	Ile	AAT	0	0	84.0	56.60	27.40	Inf	Ile	110.3	high confidence set
chr4	120	7570684	7570613	iMet	CAT	0	0	58.3	28.10	30.20	Inf	iMet	118.7	high confidence set
chr4	121	6099770	6099686	Met	CAT	6099732	6099722	64.3	40.80	23.50	Inf	Met	104.0	high confidence set
chr4	122	6098850	6098759	Tyr	GTA	6098813	6098795	74.2	42.70	31.50	Inf	Tyr	111.8	high confidence set
chr4	123	6000463	6000391	Arg	ACG	0	0	71.4	48.60	22.80	Inf	Arg	89.4	high confidence set
chr4	124	5985641	5985569	Arg	ACG	0	0	71.3	48.60	22.70	Inf	Arg	93.4	high confidence set
chr4	125	5985483	5985411	Arg	ACG	0	0	68.4	49.30	19.10	Inf	Arg	91.4	high confidence set
chr4	126	5785583	5785511	Ala	AGC	0	0	63.4	38.20	25.20	Inf	Ala	98.3	high confidence set
chr4	127	4640553	4640469	Met	CAT	4640515	4640505	64.3	40.80	23.50	Inf	Met	104.0	high confidence set
chr4	128	4266859	4266778	Ser	AGA	0	0	79.4	43.10	36.30	Inf	Ser	115.0	high confidence set
chr4	131	2690515	2690443	Ala	CGC	0	0	68.3	44.10	24.20	Inf	Ala	99.2	high confidence set
chr4	133	734749	734677	Ala	TGC	0	0	69.1	43.30	25.80	Inf	Ala	101.9	high confidence set
chr5	1	958969	959040	Cys	GCA	0	0	82.1	59.90	22.20	Inf	Cys	106.6	high confidence set
chr5	2	1027996	1028068	Arg	CCT	0	0	69.1	50.30	18.80	Inf	Arg	81.2	high confidence set
chr5	3	4251328	4251407	Leu	TAG	0	0	69.5	48.50	21.00	Inf	Leu	111.5	high confidence set
chr5	5	9023794	9023866	Arg	TCT	0	0	70.4	50.20	20.20	Inf	Arg	95.3	high confidence set
chr5	6	9600114	9600187	Arg	TCG	0	0	82.3	61.00	21.30	Inf	Arg	91.9	high confidence set
chr5	7	11009783	11009864	Ser	TGA	0	0	78.3	44.40	33.90	Inf	Ser	115.8	high confidence set
chr5	8	11266969	11267040	Pro	AGG	0	0	67.4	34.70	32.70	Inf	Pro	112.3	high confidence set
chr5	9	12086605	12086678	Asn	GTT	0	0	86.2	61.00	25.20	Inf	Asn	93.9	high confidence set
chr5	10	12658896	12658968	Phe	GAA	0	0	78.3	58.40	19.90	Inf	Phe	113.2	high confidence set
chr5	11	12780600	12780672	Phe	GAA	0	0	78.3	58.40	19.90	Inf	Phe	113.2	high confidence set
chr5	12	13034489	13034560	Pro	AGG	0	0	67.8	35.40	32.40	Inf	Pro	110.5	high confidence set
chr5	13	13524124	13524197	Ile	TAT	0	0	85.9	70.60	15.30	Inf	Ile	103.9	high confidence set
chr5	14	13916103	13916175	Ala	AGC	0	0	63.4	38.20	25.20	Inf	Ala	98.3	high confidence set
chr5	15	14393880	14393951	Glu	TTC	0	0	63.0	38.20	24.80	Inf	Glu	90.9	high confidence set
chr5	16	15806995	15807076	Ser	TGA	0	0	78.3	44.40	33.90	Inf	Ser	115.8	high confidence set
chr5	17	19030978	19031049	Gly	TCC	0	0	73.9	46.20	27.70	Inf	Gly	85.6	high confidence set
chr5	22	29857709	29857781	Arg	TCT	0	0	70.7	50.70	20.00	Inf	Arg	91.3	high confidence set
chr5	26	38077805	38077878	Trp	CCA	0	0	72.0	42.50	29.50	Inf	Thr	75.4	IPD:-18.90,isotype mismatch
chr5	28	42553946	42554017	Gly	TCC	0	0	73.9	46.20	27.70	Inf	Gly	85.6	high confidence set
chr5	31	48062312	48062391	Leu	TAG	0	0	69.5	48.50	21.00	Inf	Leu	111.5	high confidence set
chr5	32	48548901	48548972	Pro	CGG	0	0	65.2	35.80	29.40	Inf	Pro	103.5	high confidence set
chr5	34	49942684	49942766	Leu	TAA	0	0	69.7	31.30	38.40	Inf	Leu	92.9	high confidence set
chr5	35	50131431	50131503	Arg	TCT	0	0	70.4	50.20	20.20	Inf	Arg	95.3	high confidence set
chr5	36	51364111	51364182	His	GTG	0	0	63.0	33.70	29.30	Inf	His	86.8	high confidence set
chr5	37	52040847	52040936	Tyr	GTA	52040884	52040900	72.0	38.80	33.20	Inf	Tyr	110.0	high confidence set
chr5	40	57407871	57407944	Asn	GTT	0	0	83.1	57.90	25.20	Inf	Asn	93.6	high confidence set
chr5	41	58319406	58319477	Asp	GTC	0	0	62.9	47.10	15.80	Inf	Asp	87.8	high confidence set
chr5	42	59990821	59990894	Asn	GTT	0	0	80.0	54.90	25.10	Inf	Asn	93.1	high confidence set
chr5	43	60080807	60080878	Asp	GTC	0	0	69.8	46.80	23.00	Inf	Asp	94.5	high confidence set
chr5	44	60462019	60462090	Pro	TGG	0	0	66.3	31.40	34.90	Inf	Pro	105.9	high confidence set
chr5	45	60557585	60557658	Thr	AGT	0	0	75.0	47.40	27.60	Inf	Thr	89.8	high confidence set
chr5	50	61142381	61142309	Arg	CCT	0	0	66.6	45.40	21.20	Inf	Arg	78.6	high confidence set
chr5	52	58141712	58141641	Asp	GTC	0	0	69.8	46.80	23.00	Inf	Asp	94.5	high confidence set
chr5	53	55611510	55611436	Asp	GTC	0	0	68.1	45.30	22.80	Inf	Asp	89.6	high confidence set
chr5	56	48733052	48732964	Tyr	GTA	48733015	48733000	67.5	37.20	30.30	Inf	Tyr	101.6	high confidence set
chr5	59	45403167	45403095	Arg	TCT	0	0	68.4	50.80	17.60	Inf	Arg	93.3	high confidence set
chr5	60	45300009	45299938	Cys	GCA	0	0	82.1	59.90	22.20	Inf	Cys	106.6	high confidence set
chr5	61	43581496	43581424	Ala	TGC	0	0	68.8	42.60	26.20	Inf	Ala	100.0	high confidence set
chr5	64	37858449	37858377	Lys	CTT	0	0	87.7	67.60	20.10	Inf	Lys	106.7	high confidence set
chr5	68	28950408	28950324	Met	CAT	28950370	28950360	64.3	40.80	23.50	Inf	Met	104.0	high confidence set
chr5	75	19029124	19029053	Gly	TCC	0	0	67.2	41.50	25.70	Inf	Gly	79.5	high confidence set
chr5	76	18628299	18628227	Phe	GAA	0	0	78.3	58.40	19.90	Inf	Phe	113.2	high confidence set
chr5	77	18311665	18311583	Leu	TAA	0	0	70.7	33.10	37.60	Inf	Leu	93.7	high confidence set
chr5	78	17189685	17189613	Arg	CCG	0	0	66.7	46.30	20.40	Inf	Arg	90.4	high confidence set
chr5	79	16397343	16397273	Gly	GCC	0	0	66.5	44.80	21.70	Inf	Gly	94.4	high confidence set
chr5	80	14546895	14546822	Asn	GTT	0	0	86.2	61.00	25.20	Inf	Asn	93.9	high confidence set
chr5	81	13988626	13988553	Thr	AGT	0	0	73.6	45.20	28.40	Inf	Thr	88.6	high confidence set
chr5	82	11610802	11610732	Gly	CCC	0	0	65.4	28.10	37.30	Inf	Gly	85.4	high confidence set
chr5	83	11604469	11604399	Gly	CCC	0	0	65.4	28.10	37.30	Inf	Gly	85.4	high confidence set
chr5	84	11506817	11506745	Arg	ACG	0	0	71.3	48.60	22.70	Inf	Arg	93.4	high confidence set
chr5	85	10895330	10895246	Met	CAT	10895292	10895282	64.3	40.80	23.50	Inf	Met	104.0	high confidence set
chr5	87	9290151	9290080	Asp	GTC	0	0	69.8	46.80	23.00	Inf	Asp	94.5	high confidence set
chr5	88	9243440	9243367	Ile	AAT	0	0	84.0	56.60	27.40	Inf	Ile	110.3	high confidence set
chr5	89	9122237	9122166	Pro	AGG	0	0	67.4	34.70	32.70	Inf	Pro	112.3	high confidence set
chr5	90	8982421	8982349	Glu	CTC	0	0	78.9	53.10	25.80	Inf	Glu	94.8	high confidence set
chr5	91	5242161	5242088	Ile	AAT	0	0	81.8	58.30	23.50	Inf	Ile	106.8	high confidence set
chr5	93	4232585	4232515	Gly	GCC	0	0	66.5	44.80	21.70	Inf	Gly	94.4	high confidence set
chr5	94	3968690	3968619	Pro	TGG	0	0	68.5	35.70	32.80	Inf	Pro	111.2	high confidence set
chr5	95	3967697	3967626	Pro	TGG	0	0	68.5	35.70	32.80	Inf	Pro	111.2	high confidence set
chr5	96	3967083	3967012	Pro	TGG	0	0	68.5	35.70	32.80	Inf	Pro	111.2	high confidence set
chr5	97	3965946	3965875	Pro	TGG	0	0	68.5	35.70	32.80	Inf	Pro	111.2	high confidence set
chr5	98	3965162	3965091	Pro	TGG	0	0	68.9	36.50	32.40	Inf	Pro	109.4	high confidence set
chr5	99	3964367	3964296	Pro	TGG	0	0	68.9	36.50	32.40	Inf	Pro	109.4	high confidence set
chr5	100	3963513	3963442	Pro	AGG	0	0	63.0	30.60	32.40	Inf	Pro	109.1	high confidence set
chr5	101	3963068	3962997	Pro	TGG	0	0	68.9	36.50	32.40	Inf	Pro	109.4	high confidence set
chr5	102	3962333	3962262	Pro	AGG	0	0	67.4	34.70	32.70	Inf	Pro	112.3	high confidence set
chr5	103	3961907	3961836	Pro	TGG	0	0	63.3	31.00	32.30	Inf	Pro	103.3	high confidence set
chr5	104	3961108	3961037	Pro	AGG	0	0	67.4	34.70	32.70	Inf	Pro	112.3	high confidence set
chr5	105	3960664	3960593	Pro	AGG	0	0	67.4	34.70	32.70	Inf	Pro	112.3	high confidence set
chr5	106	3960233	3960162	Pro	TGG	0	0	68.9	36.50	32.40	Inf	Pro	109.4	high confidence set
chr5	107	3105910	3105829	Ser	AGA	0	0	79.4	43.10	36.30	Inf	Ser	115.0	high confidence set
chr1	1	428740	428811	Cys	GCA	0	0	82.1	59.90	22.20	Inf	Cys	106.6	high confidence set
chr1	2	583360	583433	Val	AAC	0	0	72.5	48.10	24.40	Inf	Val	100.2	high confidence set
chr1	3	1076875	1076946	Gly	TCC	0	0	73.9	46.20	27.70	Inf	Gly	85.6	high confidence set
chr1	4	1429089	1429161	Arg	CCG	0	0	65.7	49.40	16.30	Inf	Arg	91.4	high confidence set
chr1	5	2225947	2226019	Ala	CGC	0	0	67.5	42.90	24.60	Inf	Ala	99.2	high confidence set
chr1	7	3095676	3095747	Asp	GTC	0	0	69.8	46.80	23.00	Inf	Asp	94.5	high confidence set
chr1	9	3852678	3852749	Asp	GTC	0	0	54.7	38.90	15.80	Inf	Asp	80.3	high confidence set
chr1	10	3914182	3914253	Asp	GTC	0	0	54.7	38.90	15.80	Inf	Asp	80.3	high confidence set
chr1	11	4730331	4730404	Ile	TAT	0	0	85.9	70.60	15.30	Inf	Ile	103.9	high confidence set
chr1	12	4956117	4956189	Ala	AGC	0	0	54.4	38.30	16.10	Inf	Ala	88.1	high confidence set
chr1	13	4960760	4960831	Pro	CGG	0	0	65.2	35.80	29.40	Inf	Pro	103.5	high confidence set
chr1	14	5494907	5494980	Thr	AGT	0	0	69.3	41.60	27.70	Inf	Thr	83.7	high confidence set
chr1	15	6302187	6302258	Lys	TTT	0	0	82.9	68.40	14.50	Inf	Lys	89.9	high confidence set
chr1	16	6511919	6511998	Leu	TAG	0	0	69.5	48.50	21.00	Inf	Leu	111.5	high confidence set
chr1	17	7331871	7331944	Val	AAC	0	0	72.5	48.10	24.40	Inf	Val	100.2	high confidence set
chr1	18	8977723	8977796	Arg	TCG	0	0	82.3	61.00	21.30	Inf	Arg	91.9	high confidence set
chr1	19	9245352	9245423	Cys	GCA	0	0	82.1	59.90	22.20	Inf	Cys	106.6	high confidence set
chr1	20	9558731	9558802	Asp	GTC	0	0	69.8	46.80	23.00	Inf	Asp	94.5	high confidence set
chr1	21	11984591	11984672	Ser	TGA	0	0	78.3	44.40	33.90	Inf	Ser	115.8	high confidence set
chr1	22	13211319	13211391	Lys	CTT	0	0	77.3	57.00	20.30	Inf	Lys	97.5	high confidence set
chr1	23	15002729	15002801	Ala	AGC	0	0	63.4	38.20	25.20	Inf	Ala	98.3	high confidence set
chr1	24	15198521	15198599	Arg	ACG	0	0	56.5	44.90	11.60	Inf	Ile	73.7	IPD:-23.30,isotype mismatch
chr1	27	19907877	19907958	Ser	TGA	0	0	78.3	44.40	33.90	Inf	Ser	115.8	high confidence set
chr1	28	20753856	20753926	Gly	GCC	0	0	59.0	42.90	16.10	Inf	Gly	87.9	high confidence set
chr1	29	25469776	25469847	Pro	AGG	0	0	67.4	34.70	32.70	Inf	Pro	112.3	high confidence set
chr1	30	26276890	26276961	Glu	TTC	0	0	70.5	45.30	25.20	Inf	Glu	97.5	high confidence set
chr1	32	27401252	27401324	Glu	CTC	0	0	78.9	53.10	25.80	Inf	Glu	94.8	high confidence set
chr1	33	37224959	37225030	Asp	GTC	0	0	63.4	46.30	17.10	Inf	Asp	91.2	high confidence set
chr1	34	37412391	37412463	Lys	CTT	0	0	87.7	67.60	20.10	Inf	Lys	106.7	high confidence set
chr1	35	37763674	37763747	Val	CAC	0	0	81.5	53.50	28.00	Inf	Val	103.7	high confidence set
chr1	36	39498171	39498243	Lys	CTT	0	0	87.7	67.60	20.10	Inf	Lys	106.7	high confidence set
chr1	38	42026226	42026307	Ser	GCT	0	0	79.0	43.10	35.90	Inf	Ser	108.6	high confidence set
chr1	39	43547273	43547356	Leu	CAA	0	0	79.5	54.50	25.00	Inf	Leu	126.8	high confidence set
chr1	40	44253446	44253518	Ala	AGC	0	0	63.4	38.20	25.20	Inf	Ala	98.3	high confidence set
chr1	41	45690829	45690911	Leu	TAA	0	0	68.2	29.10	39.10	Inf	Leu	94.9	high confidence set
chr1	42	45702773	45702855	Leu	TAA	0	0	68.2	29.10	39.10	Inf	Leu	94.9	high confidence set
chr1	44	46994087	46994159	Phe	GAA	0	0	78.3	58.40	19.90	Inf	Phe	113.2	high confidence set
chr1	46	49017579	49017651	Arg	CCG	0	0	65.4	46.70	18.70	Inf	Arg	92.5	high confidence set
chr1	48	49797522	49797595	Thr	AGT	0	0	73.6	45.20	28.40	Inf	Thr	88.6	high confidence set
chr1	49	50748896	50748967	Asp	GTC	0	0	69.8	46.80	23.00	Inf	Asp	94.5	high confidence set
chr1	50	51850668	51850739	Asp	GTC	0	0	55.8	43.20	12.60	Inf	Asp	76.2	high confidence set
chr1	54	55716472	55716545	Arg	TCG	0	0	81.9	60.40	21.50	Inf	Arg	92.9	high confidence set
chr1	55	56719241	56719322	Ser	AGA	0	0	79.4	43.10	36.30	Inf	Ser	115.0	high confidence set
chr1	56	57434518	57434589	His	GTG	0	0	63.0	33.70	29.30	Inf	His	86.8	high confidence set
chr1	57	58607534	58607605	Asp	GTC	0	0	68.0	45.30	22.70	Inf	Asp	90.5	high confidence set
chr1	58	59890819	59890899	Leu	AAG	0	0	74.0	52.20	21.80	Inf	Leu	110.4	high confidence set
chr1	61	64219856	64219935	Leu	TAG	0	0	69.5	48.50	21.00	Inf	Leu	111.5	high confidence set
chr1	62	65037726	65037797	Trp	CCA	0	0	75.1	50.10	25.00	Inf	Trp	105.0	high confidence set
chr1	63	65324996	65325066	Gly	CCC	0	0	65.4	28.10	37.30	Inf	Gly	85.4	high confidence set
chr1	64	68812771	68812842	Gln	TTG	0	0	73.5	53.70	19.80	Inf	Gln	104.8	high confidence set
chr1	67	71267958	71268042	Met	CAT	71267996	71268006	64.3	40.80	23.50	Inf	Met	104.0	high confidence set
chr1	75	93360905	93360976	Thr	TGT	0	0	76.6	57.20	19.40	Inf	Thr	86.9	high confidence set
chr1	76	94065674	94065746	Ala	TGC	0	0	68.8	42.60	26.20	Inf	Ala	100.0	high confidence set
chr1	79	102946148	102946219	Gln	TTG	0	0	73.5	53.70	19.80	Inf	Gln	104.8	high confidence set
chr1	80	105004621	105004705	Met	CAT	105004659	105004669	64.3	40.80	23.50	Inf	Met	104.0	high confidence set
chr1	81	108175221	108175292	Trp	CCA	0	0	75.8	51.20	24.60	Inf	Trp	105.6	high confidence set
chr1	82	109164806	109164878	Lys	CTT	0	0	79.8	62.20	17.60	Inf	Lys	99.6	high confidence set
chr1	83	111064292	111064363	Gln	CTG	0	0	74.6	50.10	24.50	Inf	Gln	102.4	high confidence set
chr1	85	111511875	111511948	Asn	GTT	0	0	81.7	56.30	25.40	Inf	Asn	94.2	high confidence set
chr1	86	109629023	109628939	Met	CAT	109628985	109628975	64.3	40.80	23.50	Inf	Met	104.0	high confidence set
chr1	87	109553081	109552995	Tyr	GTA	109553044	109553031	72.2	38.90	33.30	Inf	Tyr	110.0	high confidence set
chr1	92	99407974	99407903	Thr	TGT	0	0	79.3	49.30	30.00	Inf	Thr	92.3	high confidence set
chr1	97	80602842	80602770	Arg	TCT	0	0	70.6	50.60	20.00	Inf	Arg	94.6	high confidence set
chr1	99	77906013	77905929	Met	CAT	77905975	77905965	64.3	40.80	23.50	Inf	Met	104.0	high confidence set
chr1	102	74067458	74067387	Gly	TCC	0	0	64.7	39.50	25.20	Inf	Gly	70.8	high confidence set
chr1	103	74063076	74063005	Gly	TCC	0	0	64.7	39.50	25.20	Inf	Gly	70.8	high confidence set
chr1	104	74058702	74058631	Gly	TCC	0	0	64.7	39.50	25.20	Inf	Gly	70.8	high confidence set
chr1	105	74021950	74021879	Gly	TCC	0	0	65.0	40.20	24.80	Inf	Gly	75.0	high confidence set
chr1	106	73621950	73621879	Trp	CCA	0	0	75.8	51.20	24.60	Inf	Trp	105.6	high confidence set
chr1	110	66011351	66011279	Ala	CGC	0	0	68.3	43.90	24.40	Inf	Ala	97.7	high confidence set
chr1	113	59418122	59418049	Ile	AAT	0	0	79.3	55.80	23.50	Inf	Ile	104.3	high confidence set
chr1	114	59100034	59099962	Arg	TCT	0	0	70.4	50.20	20.20	Inf	Arg	95.3	high confidence set
chr1	117	48901973	48901901	Ala	AGC	0	0	63.4	38.20	25.20	Inf	Ala	98.3	high confidence set
chr1	119	45091550	45091467	Leu	TAA	0	0	58.3	23.20	35.10	Inf	Leu	76.6	high confidence set
chr1	120	42026462	42026390	Ala	AGC	0	0	63.4	38.20	25.20	Inf	Ala	98.3	high confidence set
chr1	121	41201145	41201074	Gln	TTG	0	0	73.5	53.70	19.80	Inf	Gln	104.8	high confidence set
chr1	122	40713219	40713126	Tyr	GTA	40713182	40713162	71.9	38.60	33.30	Inf	Tyr	110.0	high confidence set
chr1	125	39129522	39129439	Leu	CAA	0	0	81.0	54.60	26.40	Inf	Leu	125.6	high confidence set
chr1	127	35457632	35457561	Lys	TTT	0	0	82.9	68.40	14.50	Inf	Lys	89.9	high confidence set
chr1	128	34576080	34576000	Leu	CAG	0	0	69.5	46.80	22.70	Inf	Leu	109.7	high confidence set
chr1	129	31929313	31929233	Leu	CAG	0	0	69.5	46.80	22.70	Inf	Leu	109.7	high confidence set
chr1	130	30205658	30205587	Cys	GCA	0	0	82.1	59.90	22.20	Inf	Cys	106.6	high confidence set
chr1	131	29027537	29027464	Val	CAC	0	0	73.7	50.30	23.40	Inf	Val	97.6	high confidence set
chr1	132	28347090	28347019	Gly	TCC	0	0	65.0	40.20	24.80	Inf	Gly	75.0	high confidence set
chr1	133	26256061	26255990	Gln	CTG	0	0	69.7	52.70	17.00	Inf	Gln	97.6	high confidence set
chr1	134	25334906	25334833	Val	CAC	0	0	81.5	53.50	28.00	Inf	Val	103.7	high confidence set
chr1	135	24036587	24036515	Lys	TTT	0	0	82.3	66.90	15.40	Inf	Lys	86.9	high confidence set
chr1	137	23531946	23531874	Lys	TTT	0	0	90.5	66.90	23.60	Inf	Lys	95.4	high confidence set
chr1	138	21940064	21939984	Leu	AAG	0	0	71.4	51.10	20.30	Inf	Leu	108.5	high confidence set
chr1	139	20992006	20991935	Thr	TGT	0	0	84.3	58.00	26.30	Inf	Thr	93.3	high confidence set
chr1	141	17337572	17337492	Leu	AAG	0	0	74.0	52.20	21.80	Inf	Leu	110.4	high confidence set
chr1	142	17331571	17331499	Ala	TGC	0	0	64.5	39.80	24.70	Inf	Ala	94.8	high confidence set
chr1	143	17322380	17322300	Leu	AAG	0	0	74.0	52.20	21.80	Inf	Leu	110.4	high confidence set
chr1	144	12997272	12997199	Val	AAC	0	0	72.5	48.10	24.40	Inf	Val	100.2	high confidence set
chr1	145	12901533	12901461	Arg	CCT	0	0	67.2	53.10	14.10	Inf	Arg	78.8	high confidence set
chr1	146	12394974	12394893	Ser	GCT	0	0	80.5	45.20	35.30	Inf	Ser	109.5	high confidence set
chr1	148	10772308	10772237	Lys	TTT	0	0	82.9	68.40	14.50	Inf	Lys	89.9	high confidence set
chr1	149	10674886	10674815	Asp	GTC	0	0	69.8	46.80	23.00	Inf	Asp	94.5	high confidence set
chr1	150	10158203	10158132	Cys	GCA	0	0	79.9	59.80	20.10	Inf	Cys	108.3	high confidence set
chr1	151	10158003	10157932	Cys	GCA	0	0	79.9	59.80	20.10	Inf	Cys	108.3	high confidence set
chr1	152	10157805	10157734	Cys	GCA	0	0	82.1	59.90	22.20	Inf	Cys	106.6	high confidence set
chr1	153	9940013	9939929	Met	CAT	9939975	9939965	64.3	40.80	23.50	Inf	Met	104.0	high confidence set
chr1	155	6022240	6022161	Leu	TAG	0	0	69.4	48.50	20.90	Inf	Leu	109.7	high confidence set
chr1	156	5577014	5576941	Thr	AGT	0	0	64.2	36.90	27.30	Inf	Thr	77.5	high confidence set
chr1	157	5225115	5225044	Pro	AGG	0	0	67.4	34.70	32.70	Inf	Pro	112.3	high confidence set
chr1	158	5026584	5026511	Thr	AGT	0	0	73.6	45.20	28.40	Inf	Thr	88.6	high confidence set
chr1	159	4866048	4865975	Ile	AAT	0	0	79.9	56.50	23.40	Inf	Ile	104.5	high confidence set
chr1	161	2205725	2205644	Ser	TGA	0	0	79.8	43.50	36.30	Inf	Ser	114.9	high confidence set
chr1	162	684313	684242	Gln	CTG	0	0	74.3	49.60	24.70	Inf	Gln	103.3	high confidence set
chr1	163	575022	574950	Glu	CTC	0	0	79.6	53.70	25.90	Inf	Glu	94.0	high confidence set
chr1	164	348856	348785	Tyr	GTA	0	0	74.2	59.30	14.90	Inf	Cys	99.5	IPD:-28.50,isotype mismatch
chr6	3	5438702	5438794	Tyr	GTA	5438739	5438758	74.2	42.70	31.50	Inf	Tyr	111.8	high confidence set
chr6	7	10883357	10883429	Arg	CCT	0	0	71.7	55.90	15.80	Inf	Arg	84.3	high confidence set
chr6	8	11455621	11455694	Val	CAC	0	0	81.5	53.50	28.00	Inf	Val	103.7	high confidence set
chr6	11	24827270	24827350	Ser	CGA	0	0	78.0	45.90	32.10	Inf	Ser	114.3	high confidence set
chr6	15	32112980	32113052	Ala	TGC	0	0	56.1	31.00	25.10	Inf	Ala	93.1	high confidence set
chr6	16	33469105	33469175	Gly	GCC	0	0	66.5	44.80	21.70	Inf	Gly	94.4	high confidence set
chr6	17	33781757	33781827	Gly	GCC	0	0	69.4	48.30	21.10	Inf	Gly	95.0	high confidence set
chr6	18	34086978	34087049	iMet	CAT	0	0	57.5	27.40	30.10	Inf	iMet	120.7	high confidence set
chr6	19	34094278	34094349	Gly	TCC	0	0	73.9	46.20	27.70	Inf	Gly	85.6	high confidence set
chr6	22	41644267	41644338	Glu	TTC	0	0	57.7	33.20	24.50	Inf	Glu	86.3	high confidence set
chr6	23	41686391	41686462	Glu	TTC	0	0	52.1	38.30	13.80	Inf	Glu	78.6	high confidence set
chr6	24	41783884	41783955	Glu	TTC	0	0	52.1	38.30	13.80	Inf	Glu	78.6	high confidence set
chr6	27	51120612	51120683	Lys	TTT	0	0	82.9	68.40	14.50	Inf	Lys	89.9	high confidence set
chr6	28	51793393	51793466	Thr	AGT	0	0	76.0	48.40	27.60	Inf	Thr	90.6	high confidence set
chr6	29	51892499	51892570	Pro	TGG	0	0	68.5	35.70	32.80	Inf	Pro	111.2	high confidence set
chr6	30	52122513	52122584	Thr	TGT	0	0	79.3	49.30	30.00	Inf	Thr	92.3	high confidence set
chr6	31	52422462	52422533	Pro	TGG	0	0	68.5	35.70	32.80	Inf	Pro	111.2	high confidence set
chr6	32	53510750	53510833	Leu	CAA	0	0	76.7	54.50	22.20	Inf	Leu	123.1	high confidence set
chr6	33	54439892	54439965	Asn	GTT	0	0	83.3	58.10	25.20	Inf	Asn	93.9	high confidence set
chr6	34	54508480	54508574	Tyr	GTA	54508517	54508538	74.1	42.70	31.40	Inf	Tyr	111.8	high confidence set
chr6	35	56775169	56775240	Trp	CCA	0	0	75.1	50.10	25.00	Inf	Trp	105.0	high confidence set
chr6	36	57096943	57097014	Pro	AGG	0	0	67.4	34.70	32.70	Inf	Pro	112.3	high confidence set
chr6	37	58295599	58295670	Gly	TCC	0	0	73.9	46.20	27.70	Inf	Gly	85.6	high confidence set
chr6	38	58600814	58600884	Gly	GCC	0	0	66.5	44.80	21.70	Inf	Gly	94.4	high confidence set
chr6	39	58630147	58630219	Ala	TGC	0	0	62.5	39.90	22.60	Inf	Ala	97.8	high confidence set
chr6	41	62036775	62036848	Arg	TCG	0	0	77.6	56.80	20.80	Inf	Arg	91.6	high confidence set
chr6	42	60845909	60845838	His	GTG	0	0	63.0	33.70	29.30	Inf	His	86.8	high confidence set
chr6	43	60480735	60480662	Val	AAC	0	0	72.5	48.10	24.40	Inf	Val	100.2	high confidence set
chr6	44	59721414	59721343	Gln	CTG	0	0	75.3	51.20	24.10	Inf	Gln	103.1	high confidence set
chr6	45	59485801	59485729	Val	TAC	0	0	78.4	45.30	33.10	Inf	Val	108.3	high confidence set
chr6	46	58739700	58739627	Ile	TAT	0	0	85.9	70.60	15.30	Inf	Ile	103.9	high confidence set
chr6	48	58286220	58286147	Ile	AAT	0	0	79.3	55.80	23.50	Inf	Ile	104.3	high confidence set
chr6	49	57283862	57283790	Phe	GAA	0	0	78.3	58.40	19.90	Inf	Phe	113.2	high confidence set
chr6	50	57097299	57097228	Pro	TGG	0	0	68.5	35.70	32.80	Inf	Pro	111.2	high confidence set
chr6	51	56991761	56991690	Thr	TGT	0	0	79.3	49.30	30.00	Inf	Thr	92.3	high confidence set
chr6	52	54783368	54783297	His	GTG	0	0	63.0	33.70	29.30	Inf	His	86.8	high confidence set
chr6	53	54027558	54027485	Thr	AGT	0	0	73.6	45.20	28.40	Inf	Thr	88.6	high confidence set
chr6	55	53087819	53087747	Phe	GAA	0	0	74.5	57.10	17.40	Inf	Phe	109.1	high confidence set
chr6	56	52906954	52906883	Trp	CCA	0	0	75.1	50.10	25.00	Inf	Trp	105.0	high confidence set
chr6	57	52260092	52260010	Leu	TAA	0	0	70.7	33.10	37.60	Inf	Leu	93.7	high confidence set
chr6	58	52095064	52094993	His	GTG	0	0	63.0	33.70	29.30	Inf	His	86.8	high confidence set
chr6	60	42933202	42933130	Glu	CTC	0	0	79.2	53.50	25.70	Inf	Glu	94.2	high confidence set
chr6	61	42787042	42786971	Glu	TTC	0	0	70.5	45.30	25.20	Inf	Glu	97.5	high confidence set
chr6	62	42487409	42487338	iMet	CAT	0	0	57.5	27.40	30.10	Inf	iMet	120.7	high confidence set
chr6	63	40920039	40919968	iMet	CAT	0	0	57.5	27.40	30.10	Inf	iMet	120.7	high confidence set
chr6	64	40258686	40258615	iMet	CAT	0	0	57.5	27.40	30.10	Inf	iMet	120.7	high confidence set
chr6	65	40257093	40257022	iMet	CAT	0	0	57.5	27.40	30.10	Inf	iMet	120.7	high confidence set
chr6	67	35618352	35618269	Leu	CAA	0	0	77.8	51.60	26.20	Inf	Leu	121.9	high confidence set
chr6	72	26658102	26658030	Glu	CTC	0	0	79.2	53.50	25.70	Inf	Glu	94.2	high confidence set
chr6	74	14842287	14842206	Ser	AGA	0	0	79.4	43.10	36.30	Inf	Ser	115.0	high confidence set
chr6	75	14737914	14737843	iMet	CAT	0	0	57.5	27.40	30.10	Inf	iMet	120.7	high confidence set
chr6	77	14737229	14737158	iMet	CAT	0	0	57.5	27.40	30.10	Inf	iMet	120.7	high confidence set
chr6	78	14736893	14736822	iMet	CAT	0	0	57.5	27.40	30.10	Inf	iMet	120.7	high confidence set
chr6	79	12729385	12729314	Lys	TTT	0	0	91.4	67.70	23.70	Inf	Lys	96.8	high confidence set
chr6	80	12195740	12195667	Asn	GTT	0	0	83.7	58.60	25.10	Inf	Asn	90.4	high confidence set
chr6	81	11251530	11251459	Pro	AGG	0	0	67.4	34.70	32.70	Inf	Pro	112.3	high confidence set
chr6	82	8763739	8763659	Leu	CAG	0	0	53.9	32.40	21.50	Inf	Leu	89.4	high confidence set
chr6	85	3948863	3948791	Lys	CTT	0	0	87.7	67.60	20.10	Inf	Lys	106.7	high confidence set
Contig00312_ERROPOS870357	1	426990	427062	Glu	CTC	0	0	78.9	53.10	25.80	Inf	Glu	94.8	high confidence set
Contig00312_ERROPOS870357	2	768602	768673	Thr	TGT	0	0	84.3	58.00	26.30	Inf	Thr	93.3	high confidence set
Contig00222	1	52633	52705	Arg	CCT	0	0	69.1	50.30	18.80	Inf	Arg	81.2	high confidence set
Contig00222	2	421391	421318	Thr	AGT	0	0	76.0	48.40	27.60	Inf	Thr	90.6	high confidence set
Contig00448	1	9938	10011	Ile	TAT	0	0	85.9	70.60	15.30	Inf	Ile	103.9	high confidence set
Contig00470	1	58134	58063	Gln	TTG	0	0	73.5	53.70	19.80	Inf	Gln	104.8	high confidence set
Contig00238	1	251341	251413	Arg	ACG	0	0	71.4	48.60	22.80	Inf	Arg	89.4	high confidence set
Contig00238	2	155914	155841	Val	AAC	0	0	72.5	48.10	24.40	Inf	Val	100.2	high confidence set
Contig00446	3	43950	43877	Phe	GAA	0	0	61.5	43.60	17.90	Inf	Tyr	71.1	IPD:-23.60,isotype mismatch
Contig00446	4	43616	43542	Pro	TGG	0	0	62.8	32.80	30.00	Inf	Trp	73.3	IPD:-42.40,isotype mismatch
Contig00489	1	1484	1556	Thr	TGT	0	0	70.4	49.30	21.10	Inf	Thr	82.7	high confidence set
Contig00489	5	17545	17628	Tyr	GTA	0	0	55.6	30.40	25.20	Inf	Tyr	72.5	high confidence set
Contig00489	7	40547	40634	Ser	GCT	0	0	67.3	36.70	30.60	Inf	Ser	80.5	high confidence set
Contig00489	11	72585	72663	Arg	ACG	0	0	56.5	44.90	11.60	Inf	Ile	73.7	IPD:-23.30,isotype mismatch
Contig00489	15	39176	39105	Arg	TCT	0	0	58.3	25.60	32.70	Inf	Gln	70.8	IPD:-24.50,isotype mismatch
Contig00081	1	1050389	1050318	Gly	TCC	0	0	73.9	46.20	27.70	Inf	Gly	85.6	high confidence set
Contig00141	1	669404	669477	Val	CAC	0	0	74.3	50.30	24.00	Inf	Val	97.9	high confidence set
Contig00141	2	1611072	1611145	Asn	GTT	0	0	74.6	49.90	24.70	Inf	Asn	82.0	high confidence set
Contig00141	3	1670837	1670910	Asn	GTT	0	0	83.7	58.60	25.10	Inf	Asn	90.4	high confidence set
Contig00141	4	3292069	3292142	Ile	AAT	0	0	79.9	51.30	28.60	Inf	Ile	101.6	high confidence set
Contig00141	6	4603570	4603640	Gly	GCC	0	0	66.5	44.80	21.70	Inf	Gly	94.4	high confidence set
Contig00141	9	4525892	4525822	Gly	GCC	0	0	66.5	44.80	21.70	Inf	Gly	94.4	high confidence set
Contig00141	11	3856455	3856383	Phe	GAA	0	0	78.3	58.40	19.90	Inf	Phe	113.2	high confidence set
Contig00141	12	3463079	3462998	Ser	AGA	0	0	79.4	43.10	36.30	Inf	Ser	115.0	high confidence set
Contig00141	13	2902667	2902577	Tyr	GTA	2902630	2902613	74.3	42.80	31.50	Inf	Tyr	111.8	high confidence set
Contig00141	14	1671387	1671306	Ser	AGA	0	0	78.8	42.10	36.70	Inf	Ser	112.2	high confidence set
Contig00141	15	1355806	1355735	Lys	TTT	0	0	91.4	67.70	23.70	Inf	Lys	96.8	high confidence set
Contig00272	4	1107934	1107862	Phe	GAA	0	0	78.3	58.40	19.90	Inf	Phe	113.2	high confidence set
Contig00272	6	42637	42566	iMet	CAT	0	0	57.5	27.40	30.10	Inf	iMet	120.7	high confidence set
Contig00315	5	80591	80519	Lys	TTT	0	0	80.3	61.50	18.80	Inf	Lys	78.3	high confidence set
Contig00564	1	722044	722127	Leu	CAA	0	0	81.0	54.60	26.40	Inf	Leu	125.6	high confidence set
Contig00564	2	903239	903311	Ala	TGC	0	0	68.8	42.60	26.20	Inf	Ala	100.0	high confidence set
Contig00564	3	1605459	1605389	Gly	GCC	0	0	63.5	44.70	18.80	Inf	Gly	92.5	high confidence set
Contig00049	1	234639	234710	Glu	TTC	0	0	70.5	45.30	25.20	Inf	Glu	97.5	high confidence set
Contig00049	3	1028575	1028504	Glu	TTC	0	0	71.2	46.50	24.70	Inf	Glu	101.9	high confidence set
Contig00049	4	174087	174016	Trp	CCA	0	0	74.9	47.70	27.20	Inf	Trp	106.4	high confidence set
Contig00357	1	1113433	1113505	Lys	CTT	0	0	87.7	67.60	20.10	Inf	Lys	106.7	high confidence set
Contig00357	2	1223250	1223322	Arg	CCG	0	0	84.5	63.90	20.60	Inf	Arg	86.7	high confidence set
Contig00357	3	2120463	2120535	Arg	CCT	0	0	74.8	55.90	18.90	Inf	Arg	87.5	high confidence set
Contig00439	3	46600	46671	Asn	GTT	0	0	75.1	52.10	23.00	Inf	Asn	81.9	high confidence set
Contig00439	4	47045	47127	Tyr	GTA	0	0	63.3	45.30	18.00	Inf	Leu	70.0	IPD:-5.00,isotype mismatch
Contig00439	6	87644	87717	Phe	GAA	0	0	61.5	43.60	17.90	Inf	Tyr	71.1	IPD:-23.60,isotype mismatch
Contig00439	7	87978	88052	Pro	TGG	0	0	62.8	32.80	30.00	Inf	Trp	73.3	IPD:-42.40,isotype mismatch
Contig00439	9	151797	151870	Trp	CCA	0	0	72.0	42.50	29.50	Inf	Thr	75.4	IPD:-18.90,isotype mismatch
Contig00439	10	191679	191752	Met	CAT	0	0	69.5	42.30	27.20	Inf	Met	70.7	high confidence set
Contig00439	12	245797	245868	Asn	GTT	0	0	75.1	52.10	23.00	Inf	Asn	81.9	high confidence set
Contig00439	13	246242	246324	Tyr	GTA	0	0	63.3	45.30	18.00	Inf	Leu	70.0	IPD:-5.00,isotype mismatch
Contig00439	16	179439	179368	Asn	GTT	0	0	81.3	58.70	22.60	Inf	Asn	76.3	high confidence set
Contig00318	1	5586	5664	Arg	ACG	0	0	56.5	44.90	11.60	Inf	Ile	73.7	IPD:-23.30,isotype mismatch
Contig00318	3	26335	26406	Asn	GTT	0	0	83.4	60.80	22.60	Inf	Asn	82.2	high confidence set
Contig00318	6	65473	65545	Thr	TGT	0	0	69.1	50.20	18.90	Inf	Thr	82.6	high confidence set
Contig00318	10	81175	81258	Tyr	GTA	0	0	55.6	30.40	25.20	Inf	Tyr	72.5	high confidence set
Contig00318	12	103561	103647	Ser	GCT	0	0	57.3	41.50	15.80	Inf	Ser	83.5	high confidence set
Contig00318	15	156099	156177	Arg	ACG	0	0	56.5	44.90	11.60	Inf	Ile	73.7	IPD:-23.30,isotype mismatch
Contig00318	17	156833	156762	Asn	GTT	0	0	83.4	60.80	22.60	Inf	Asn	82.2	high confidence set
Contig00318	20	114536	114463	Pro	TGG	0	0	63.6	30.20	33.40	Inf	Trp	70.3	IPD:-10.80,isotype mismatch
Contig00318	21	114285	114212	Trp	CCA	0	0	72.0	42.50	29.50	Inf	Thr	75.4	IPD:-18.90,isotype mismatch
Contig00318	22	101869	101798	Arg	TCT	0	0	53.3	22.20	31.10	Inf	Gln	71.7	IPD:-31.70,isotype mismatch
Contig00318	26	66766	66679	Ser	GGA	0	0	60.2	33.60	26.60	Inf	Ser	81.7	unexpected anticodon
Contig00318	31	27069	26991	Arg	ACG	0	0	56.5	44.90	11.60	Inf	Ile	73.7	IPD:-23.30,isotype mismatch
Contig00318	32	6320	6249	Asn	GTT	0	0	83.4	60.80	22.60	Inf	Asn	82.2	high confidence set
Contig00319	2	34788	34866	Arg	ACG	0	0	56.5	44.90	11.60	Inf	Ile	73.7	IPD:-23.30,isotype mismatch
Contig00319	4	55542	55613	Asn	GTT	0	0	83.4	60.80	22.60	Inf	Asn	82.2	high confidence set
Contig00319	8	56276	56198	Arg	ACG	0	0	56.5	44.90	11.60	Inf	Ile	73.7	IPD:-23.30,isotype mismatch
Contig00319	9	35522	35451	Asn	GTT	0	0	83.4	60.80	22.60	Inf	Asn	82.2	high confidence set
