EukHighConfidenceFilter v1.0 Summary
Completed Time: Tue Sep 20 00:11:37 2022

Inputs
------------------------------------------------------
tRNAscan-SE output file: Ljaponicus_571_Lj1.0_trnascan-se.output
tRNAscan-SE ss file: Ljaponicus_571_Lj1.0_trnascan-se.struct
Secondary filtering domain-specific model score cutoff: 50
Secondary filtering secondary structure score cutoff: 10
Secondary filtering isotype-specific model score cutoff: 70
Tertiary filtering isotype-specific model starting score cutoff: 70
Tertiary filtering maximum isotype-specific model score cutoff: 95
Remove filtered hits: Yes

Outputs
------------------------------------------------------
tRNAscan-SE output file: hi_conf_Ljaponicus/Ljaponicus_571_Lj1.0.out
tRNAscan-SE ss file: hi_conf_Ljaponicus/Ljaponicus_571_Lj1.0.ss
Summary file: hi_conf_Ljaponicus/Ljaponicus_571_Lj1.0.log

Summary statistics
------------------------------------------------------
Total tRNA predictions:                                900
Possible pseudogenes:                                  228
tRNAs with scores lower than secondary cutoffs:        124
tRNAs failed tertiary filter:                          0

tRNAs after filtering:                                 548

tRNAs with mismatched isotype:                         21
tRNAs with undetermined isotype:                       0
tRNAs with unexpected anticodon:                       2

High confidence set:                                   525

Isotype / Anticodon Counts After Filtering
------------------------------------------------------

Ala     : 33	  AGC: 15      GGC: 0       CGC: 4       TGC: 14    
Gly     : 45	  ACC: 0       GCC: 20      CCC: 6       TCC: 19    
Pro     : 38	  AGG: 15      GGG: 0       CGG: 3       TGG: 20    
Thr     : 28	  AGT: 12      GGT: 1       CGT: 2       TGT: 13    
Val     : 28	  AAC: 13      GAC: 0       CAC: 8       TAC: 7     
Ser     : 34	  AGA: 11      GGA: 1       CGA: 3       TGA: 7       ACT: 0       GCT: 12                              
Arg     : 47	  ACG: 18      GCG: 0       CCG: 5       TCG: 6                                 CCT: 7       TCT: 11    
Leu     : 42	  AAG: 11      GAG: 0       CAG: 6       TAG: 7                                 CAA: 10      TAA: 8     
Phe     : 18	  AAA: 0       GAA: 18                              
Asn     : 27	  ATT: 0       GTT: 27                              
Lys     : 30	                            CTT: 15      TTT: 15    
Asp     : 26	  ATC: 0       GTC: 26                              
Glu     : 30	                            CTC: 17      TTC: 13    
His     : 10	  ATG: 0       GTG: 10                              
Gln     : 17	                            CTG: 10      TTG: 7     
Ile     : 23	  AAT: 16      GAT: 0                    TAT: 7     
Met     : 25	                            CAT: 25                 
Tyr     : 18	  ATA: 0       GTA: 18                              
Supres  : 0	                            CTA: 0       TTA: 0     
Cys     : 15	  ACA: 0       GCA: 15                              
Trp     : 14	                            CCA: 14                 
SelCys  : 0	                                         TCA: 0     

