Sequence		tRNA    	Bounds  	tRNA	Anti	Intron Bounds	Inf	HMM	2'Str	Hit	Isotype	Isotype	      
Name    	tRNA#	Begin   	End     	Type	Codon	Begin	End	Score	Score	Score	Origin	CM	Score	Note
--------	------	-----   	------  	----	-----	-----	----	------	-----	-----	------	-------	-------	------
Pp01	1	754631	754703	Ala	TGC	0	0	68.8	42.60	26.20	Inf	Ala	100.0	high confidence set
Pp01	3	2935617	2935688	Asp	GTC	0	0	69.8	46.80	23.00	Inf	Asp	94.5	high confidence set
Pp01	4	3529839	3529920	Ser	AGA	0	0	77.1	42.80	34.30	Inf	Ser	110.5	high confidence set
Pp01	5	3545616	3545697	Ser	AGA	0	0	78.1	41.50	36.60	Inf	Ser	111.8	high confidence set
Pp01	6	3619203	3619275	Lys	CTT	0	0	87.7	67.60	20.10	Inf	Lys	106.7	high confidence set
Pp01	7	4653685	4653756	Pro	AGG	0	0	67.4	34.70	32.70	Inf	Pro	112.3	high confidence set
Pp01	8	5809752	5809824	Lys	CTT	0	0	87.7	67.60	20.10	Inf	Lys	106.7	high confidence set
Pp01	9	6713556	6713627	Pro	AGG	0	0	71.8	45.40	26.40	Inf	Pro	90.5	high confidence set
Pp01	10	6717434	6717505	Pro	AGG	0	0	71.8	45.40	26.40	Inf	Pro	90.5	high confidence set
Pp01	11	8720969	8721041	Ala	TGC	0	0	63.7	38.60	25.10	Inf	Ala	96.5	high confidence set
Pp01	12	11306353	11306424	Pro	TGG	0	0	68.5	35.70	32.80	Inf	Pro	111.2	high confidence set
Pp01	13	12577160	12577248	Tyr	GTA	12577197	12577212	74.3	42.90	31.40	Inf	Tyr	111.8	high confidence set
Pp01	14	14599036	14599108	Glu	CTC	0	0	78.9	53.10	25.80	Inf	Glu	94.8	high confidence set
Pp01	16	18343556	18343627	Thr	TGT	0	0	84.3	58.00	26.30	Inf	Thr	93.3	high confidence set
Pp01	17	22776660	22776740	Leu	AAG	0	0	74.0	52.20	21.80	Inf	Leu	110.4	high confidence set
Pp01	18	22777267	22777347	Leu	AAG	0	0	72.1	51.00	21.10	Inf	Leu	100.5	high confidence set
Pp01	19	23491355	23491434	Leu	TAG	0	0	70.9	50.70	20.20	Inf	Leu	109.5	high confidence set
Pp01	20	25546838	25546909	Thr	TGT	0	0	79.3	49.30	30.00	Inf	Thr	92.3	high confidence set
Pp01	21	25970105	25970177	Arg	ACG	0	0	72.9	50.30	22.60	Inf	Arg	91.8	high confidence set
Pp01	22	27323580	27323650	Gly	GCC	0	0	66.5	44.80	21.70	Inf	Gly	94.4	high confidence set
Pp01	23	28440584	28440655	Trp	CCA	0	0	75.8	51.20	24.60	Inf	Trp	105.6	high confidence set
Pp01	24	28468162	28468235	Asn	GTT	0	0	81.1	55.90	25.20	Inf	Asn	94.2	high confidence set
Pp01	25	33469675	33469758	Leu	CAA	0	0	76.7	54.50	22.20	Inf	Leu	123.1	high confidence set
Pp01	26	34311527	34311598	Glu	TTC	0	0	72.0	47.50	24.50	Inf	Glu	101.6	high confidence set
Pp01	27	34495482	34495556	Glu	TTC	0	0	62.5	36.10	26.40	Inf	Glu	85.0	high confidence set
Pp01	31	34965057	34965140	Leu	CAA	0	0	78.6	55.60	23.00	Inf	Leu	123.0	high confidence set
Pp01	32	35185350	35185423	Ile	AAT	0	0	79.3	55.80	23.50	Inf	Ile	104.3	high confidence set
Pp01	33	35662014	35662085	Asp	GTC	0	0	69.8	46.80	23.00	Inf	Asp	94.5	high confidence set
Pp01	34	36344072	36344143	Asp	GTC	0	0	69.8	46.80	23.00	Inf	Asp	94.5	high confidence set
Pp01	35	36457607	36457678	Pro	TGG	0	0	68.5	35.70	32.80	Inf	Pro	111.2	high confidence set
Pp01	36	36534488	36534561	Asn	GTT	0	0	82.7	60.00	22.70	Inf	Asn	91.7	high confidence set
Pp01	37	36598655	36598727	Ala	CGC	0	0	68.3	44.10	24.20	Inf	Ala	99.2	high confidence set
Pp01	38	38096702	38096774	Phe	GAA	0	0	78.3	58.40	19.90	Inf	Phe	113.2	high confidence set
Pp01	39	39243973	39244044	Gly	TCC	0	0	73.8	46.90	26.90	Inf	Gly	85.4	high confidence set
Pp01	40	40081702	40081773	Gly	TCC	0	0	71.0	46.70	24.30	Inf	Gly	82.3	high confidence set
Pp01	41	40083227	40083298	Gly	TCC	0	0	71.0	46.70	24.30	Inf	Gly	82.3	high confidence set
Pp01	42	40199243	40199315	Arg	CCG	0	0	67.8	49.10	18.70	Inf	Arg	93.5	high confidence set
Pp01	43	41124647	41124731	Met	CAT	41124685	41124695	64.3	40.80	23.50	Inf	Met	104.0	high confidence set
Pp01	44	41897810	41897881	Trp	CCA	0	0	75.8	51.20	24.60	Inf	Trp	105.6	high confidence set
Pp01	45	46824764	46824837	Arg	TCG	0	0	77.2	59.00	18.20	Inf	Arg	80.4	high confidence set
Pp01	46	46829951	46830024	Arg	TCG	0	0	81.9	60.40	21.50	Inf	Arg	92.9	high confidence set
Pp01	47	47481507	47481435	Val	TAC	0	0	78.2	43.80	34.40	Inf	Val	106.2	high confidence set
Pp01	48	46110099	46110028	Gln	TTG	0	0	74.2	54.70	19.50	Inf	Gln	105.6	high confidence set
Pp01	49	44268295	44268212	Leu	CAA	0	0	78.6	55.60	23.00	Inf	Leu	123.0	high confidence set
Pp01	52	43295150	43295069	Ser	GCT	0	0	79.0	43.10	35.90	Inf	Ser	108.6	high confidence set
Pp01	53	42613689	42613605	Met	CAT	42613651	42613641	64.3	40.80	23.50	Inf	Met	104.0	high confidence set
Pp01	54	41927235	41927152	Leu	CAA	0	0	78.6	55.60	23.00	Inf	Leu	123.0	high confidence set
Pp01	55	41894283	41894211	Arg	TCT	0	0	67.2	49.40	17.80	Inf	Arg	97.7	high confidence set
Pp01	56	41124421	41124350	Gln	TTG	0	0	73.5	53.70	19.80	Inf	Gln	104.8	high confidence set
Pp01	58	36290334	36290262	Glu	CTC	0	0	78.9	53.10	25.80	Inf	Glu	94.8	high confidence set
Pp01	59	35501741	35501670	Glu	TTC	0	0	70.5	45.30	25.20	Inf	Glu	97.5	high confidence set
Pp01	60	34903423	34903351	Phe	GAA	0	0	78.3	58.40	19.90	Inf	Phe	113.2	high confidence set
Pp01	61	34415786	34415715	Asp	GTC	0	0	69.8	46.80	23.00	Inf	Asp	94.5	high confidence set
Pp01	63	34181956	34181884	Ala	AGC	0	0	63.4	38.20	25.20	Inf	Ala	98.3	high confidence set
Pp01	64	33798256	33798184	Glu	CTC	0	0	79.2	53.50	25.70	Inf	Glu	94.2	high confidence set
Pp01	65	33148502	33148431	Pro	TGG	0	0	68.5	35.70	32.80	Inf	Pro	111.2	high confidence set
Pp01	66	32547071	32547000	Thr	TGT	0	0	79.3	49.30	30.00	Inf	Thr	92.3	high confidence set
Pp01	67	32452658	32452586	Ala	AGC	0	0	60.7	35.50	25.20	Inf	Ala	99.6	high confidence set
Pp01	68	31682527	31682455	Lys	CTT	0	0	87.7	67.60	20.10	Inf	Lys	106.7	high confidence set
Pp01	69	31063816	31063735	Ser	AGA	0	0	80.2	44.30	35.90	Inf	Ser	113.4	high confidence set
Pp01	70	30828632	30828550	Leu	TAA	0	0	68.4	29.10	39.30	Inf	Leu	90.1	high confidence set
Pp01	73	28893382	28893311	Asp	GTC	0	0	69.8	46.80	23.00	Inf	Asp	94.5	high confidence set
Pp01	74	28893223	28893152	Asp	GTC	0	0	69.8	46.80	23.00	Inf	Asp	94.5	high confidence set
Pp01	75	28893064	28892993	Asp	GTC	0	0	69.8	46.80	23.00	Inf	Asp	94.5	high confidence set
Pp01	76	28705995	28705922	Asn	GTT	0	0	83.7	58.60	25.10	Inf	Asn	90.4	high confidence set
Pp01	77	28705851	28705778	Asn	GTT	0	0	86.2	61.00	25.20	Inf	Asn	93.9	high confidence set
Pp01	78	28529336	28529263	Thr	AGT	0	0	73.6	45.20	28.40	Inf	Thr	88.6	high confidence set
Pp01	79	27413469	27413396	Val	CAC	0	0	82.4	54.40	28.00	Inf	Val	103.7	high confidence set
Pp01	80	26891430	26891357	Val	AAC	0	0	75.2	45.70	29.50	Inf	Val	103.0	high confidence set
Pp01	81	26860430	26860357	Val	AAC	0	0	75.8	46.30	29.50	Inf	Val	103.3	high confidence set
Pp01	82	26860252	26860179	Val	AAC	0	0	75.8	46.30	29.50	Inf	Val	103.3	high confidence set
Pp01	83	26860076	26860003	Val	AAC	0	0	75.2	45.70	29.50	Inf	Val	103.0	high confidence set
Pp01	84	24230313	24230231	Leu	TAA	0	0	68.4	29.10	39.30	Inf	Leu	90.1	high confidence set
Pp01	85	23905521	23905441	Leu	AAG	0	0	74.0	52.20	21.80	Inf	Leu	110.4	high confidence set
Pp01	86	23529913	23529842	Gln	TTG	0	0	73.5	53.70	19.80	Inf	Gln	104.8	high confidence set
Pp01	87	23075968	23075897	Undet	NNN	0	0	60.7	50.50	10.20	Inf	Lys	81.4	undetermined isotype
Pp01	88	23075786	23075714	Lys	CTT	0	0	87.7	67.60	20.10	Inf	Lys	106.7	high confidence set
Pp01	89	23075602	23075530	Lys	CTT	0	0	87.7	67.60	20.10	Inf	Lys	106.7	high confidence set
Pp01	96	8878048	8877978	Gly	GCC	0	0	66.5	44.80	21.70	Inf	Gly	94.4	high confidence set
Pp01	97	8877888	8877818	Gly	GCC	0	0	66.5	44.80	21.70	Inf	Gly	94.4	high confidence set
Pp01	98	8714698	8714626	Phe	GAA	0	0	69.6	45.80	23.80	Inf	Phe	102.2	high confidence set
Pp01	99	8712170	8712098	Phe	GAA	0	0	73.9	50.10	23.80	Inf	Phe	108.5	high confidence set
Pp01	100	3700422	3700332	Tyr	GTA	3700385	3700368	74.3	42.80	31.50	Inf	Tyr	111.8	high confidence set
Pp02	3	4202873	4202946	Asn	GTT	0	0	84.5	59.40	25.10	Inf	Asn	95.9	high confidence set
Pp02	9	17020186	17020259	Val	CAC	0	0	81.5	53.50	28.00	Inf	Val	103.7	high confidence set
Pp02	11	20719935	20720006	iMet	CAT	0	0	58.3	28.10	30.20	Inf	iMet	118.7	high confidence set
Pp02	12	20720194	20720265	iMet	CAT	0	0	58.3	28.10	30.20	Inf	iMet	118.7	high confidence set
Pp02	14	21941735	21941822	Tyr	GTA	21941772	21941786	74.4	42.90	31.50	Inf	Tyr	111.8	high confidence set
Pp02	15	22274505	22274577	Ala	AGC	0	0	63.4	38.20	25.20	Inf	Ala	98.3	high confidence set
Pp02	16	22302437	22302520	Leu	CAA	0	0	80.5	54.00	26.50	Inf	Leu	128.6	high confidence set
Pp02	17	23890888	23890977	Met	CAT	23890926	23890941	64.1	40.60	23.50	Inf	Met	104.0	high confidence set
Pp02	20	25529600	25529671	Cys	GCA	0	0	82.1	59.90	22.20	Inf	Cys	106.6	high confidence set
Pp02	21	25602851	25602923	Lys	TTT	0	0	89.7	65.30	24.40	Inf	Lys	92.7	high confidence set
Pp02	22	25612333	25612404	His	GTG	0	0	63.3	34.30	29.00	Inf	His	87.4	high confidence set
Pp02	23	25616984	25617056	Arg	CCG	0	0	79.1	57.10	22.00	Inf	Arg	83.5	high confidence set
Pp02	24	25738921	25738993	Lys	CTT	0	0	87.7	67.60	20.10	Inf	Lys	106.7	high confidence set
Pp02	25	25803564	25803636	Lys	TTT	0	0	89.7	65.30	24.40	Inf	Lys	92.7	high confidence set
Pp02	26	26932350	26932422	Arg	ACG	0	0	71.3	48.60	22.70	Inf	Arg	93.4	high confidence set
Pp02	28	28486100	28486173	Val	AAC	0	0	72.5	48.10	24.40	Inf	Val	100.2	high confidence set
Pp02	30	30144274	30144193	Ser	GCT	0	0	80.5	45.20	35.30	Inf	Ser	109.5	high confidence set
Pp02	31	29686915	29686836	Leu	TAG	0	0	69.5	48.50	21.00	Inf	Leu	111.5	high confidence set
Pp02	32	29686744	29686665	Leu	TAG	0	0	69.5	48.50	21.00	Inf	Leu	111.5	high confidence set
Pp02	33	29686573	29686494	Leu	TAG	0	0	69.5	48.50	21.00	Inf	Leu	111.5	high confidence set
Pp02	34	29584077	29584006	Trp	CCA	0	0	75.8	51.20	24.60	Inf	Trp	105.6	high confidence set
Pp02	35	29392212	29392140	Ala	CGC	0	0	68.3	44.10	24.20	Inf	Ala	99.2	high confidence set
Pp02	36	29344141	29344070	Gln	CTG	0	0	74.3	49.60	24.70	Inf	Gln	106.1	high confidence set
Pp02	38	28951926	28951855	Trp	CCA	0	0	75.8	51.20	24.60	Inf	Trp	105.6	high confidence set
Pp02	39	28818316	28818233	Leu	CAA	0	0	78.6	55.60	23.00	Inf	Leu	123.0	high confidence set
Pp02	40	26780867	26780786	Ser	CGA	0	0	78.9	46.60	32.30	Inf	Ser	122.0	high confidence set
Pp02	41	26285760	26285688	Arg	CCT	0	0	72.6	51.90	20.70	Inf	Arg	83.4	high confidence set
Pp02	42	26160347	26160276	Asp	GTC	0	0	69.8	46.80	23.00	Inf	Asp	94.5	high confidence set
Pp02	43	26051201	26051128	Val	CAC	0	0	82.6	54.80	27.80	Inf	Val	106.4	high confidence set
Pp02	45	24725572	24725501	Pro	AGG	0	0	67.4	34.70	32.70	Inf	Pro	112.3	high confidence set
Pp02	75	23998421	23998349	Arg	TCT	0	0	68.1	50.00	18.10	Inf	Arg	96.3	high confidence set
Pp02	76	23463061	23462990	Cys	GCA	0	0	82.1	59.90	22.20	Inf	Cys	106.6	high confidence set
Pp02	77	23460165	23460094	Cys	GCA	0	0	82.1	59.90	22.20	Inf	Cys	106.6	high confidence set
Pp02	78	23167376	23167303	Val	AAC	0	0	72.5	48.10	24.40	Inf	Val	100.2	high confidence set
Pp02	79	22528295	22528224	iMet	CAT	0	0	58.3	28.10	30.20	Inf	iMet	118.7	high confidence set
Pp02	80	22527162	22527091	iMet	CAT	0	0	58.3	28.10	30.20	Inf	iMet	118.7	high confidence set
Pp02	81	21701298	21701226	Lys	CTT	0	0	87.7	67.60	20.10	Inf	Lys	106.7	high confidence set
Pp02	86	21624895	21624822	Val	CAC	0	0	81.5	53.50	28.00	Inf	Val	103.7	high confidence set
Pp02	89	2423217	2423136	Ser	GCT	0	0	80.5	45.20	35.30	Inf	Ser	109.5	high confidence set
Pp02	90	1112217	1112136	Ser	GCT	0	0	80.5	45.20	35.30	Inf	Ser	109.5	high confidence set
Pp03	1	1319341	1319413	Lys	TTT	0	0	90.5	66.90	23.60	Inf	Lys	95.4	high confidence set
Pp03	2	1709887	1709959	Glu	CTC	0	0	78.9	53.10	25.80	Inf	Glu	94.8	high confidence set
Pp03	3	2810738	2810819	Ser	GCT	0	0	79.0	43.10	35.90	Inf	Ser	108.6	high confidence set
Pp03	4	4348329	4348401	Lys	CTT	0	0	87.7	67.60	20.10	Inf	Lys	106.7	high confidence set
Pp03	5	4595464	4595545	Ser	CGA	0	0	78.9	46.60	32.30	Inf	Ser	122.0	high confidence set
Pp03	6	5570558	5570629	Asp	GTC	0	0	68.0	45.30	22.70	Inf	Asp	90.5	high confidence set
Pp03	8	16649843	16649914	Trp	CCA	0	0	75.8	51.20	24.60	Inf	Trp	105.6	high confidence set
Pp03	9	17851648	17851721	Thr	AGT	0	0	75.7	47.80	27.90	Inf	Thr	90.2	high confidence set
Pp03	10	18071515	18071588	Val	CAC	0	0	81.5	53.50	28.00	Inf	Val	103.7	high confidence set
Pp03	11	21060500	21060580	Leu	CAG	0	0	69.5	46.80	22.70	Inf	Leu	109.7	high confidence set
Pp03	12	22894267	22894338	Asp	GTC	0	0	69.8	46.80	23.00	Inf	Asp	94.5	high confidence set
Pp03	13	22978080	22978151	Gln	CTG	0	0	75.3	51.20	24.10	Inf	Gln	106.0	high confidence set
Pp03	14	23393741	23393811	Gly	CCC	0	0	65.4	28.10	37.30	Inf	Gly	85.4	high confidence set
Pp03	15	23973070	23973143	Ile	AAT	0	0	79.3	55.80	23.50	Inf	Ile	104.3	high confidence set
Pp03	18	24840150	24840222	Ala	TGC	0	0	68.8	42.60	26.20	Inf	Ala	100.0	high confidence set
Pp03	19	26735465	26735536	His	GTG	0	0	63.0	33.70	29.30	Inf	His	86.8	high confidence set
Pp03	20	26806904	26806984	Leu	AAG	0	0	72.6	49.90	22.70	Inf	Leu	108.7	high confidence set
Pp03	21	26823264	26823345	Ser	TGA	0	0	80.7	46.10	34.60	Inf	Ser	119.7	high confidence set
Pp03	22	27056500	27056572	Lys	CTT	0	0	87.7	67.60	20.10	Inf	Lys	106.7	high confidence set
Pp03	23	26959437	26959366	Gln	TTG	0	0	74.2	54.70	19.50	Inf	Gln	105.6	high confidence set
Pp03	24	26806569	26806498	Gln	CTG	0	0	75.3	51.20	24.10	Inf	Gln	103.1	high confidence set
Pp03	25	26210071	26210000	Asp	GTC	0	0	69.8	46.80	23.00	Inf	Asp	94.5	high confidence set
Pp03	26	25897046	25896975	Pro	TGG	0	0	68.5	35.70	32.80	Inf	Pro	111.2	high confidence set
Pp03	27	25257183	25257111	Ala	AGC	0	0	63.4	38.20	25.20	Inf	Ala	98.3	high confidence set
Pp03	28	24839994	24839922	Ala	TGC	0	0	68.8	42.60	26.20	Inf	Ala	100.0	high confidence set
Pp03	29	24415884	24415812	Ala	TGC	0	0	69.1	43.30	25.80	Inf	Ala	101.9	high confidence set
Pp03	31	22311855	22311763	Tyr	GTA	22311818	22311799	74.2	42.70	31.50	Inf	Tyr	111.8	high confidence set
Pp03	32	22250169	22250097	Ala	AGC	0	0	63.4	38.20	25.20	Inf	Ala	98.3	high confidence set
Pp03	33	21891583	21891510	Asn	GTT	0	0	81.1	55.90	25.20	Inf	Asn	94.2	high confidence set
Pp03	34	19102788	19102707	Ser	AGA	0	0	80.3	44.00	36.30	Inf	Ser	115.3	high confidence set
Pp03	35	17367841	17367769	Val	TAC	0	0	74.6	41.50	33.10	Inf	Val	105.2	high confidence set
Pp03	36	16182686	16182613	Val	CAC	0	0	81.5	53.50	28.00	Inf	Val	103.7	high confidence set
Pp03	37	13658858	13658788	Gly	GCC	0	0	66.5	44.80	21.70	Inf	Gly	94.4	high confidence set
Pp03	38	10830198	10830128	Gly	GCC	0	0	66.5	44.80	21.70	Inf	Gly	94.4	high confidence set
Pp03	42	5149016	5148943	Arg	TCG	0	0	82.3	61.00	21.30	Inf	Arg	91.9	high confidence set
Pp03	43	4902676	4902605	iMet	CAT	0	0	58.3	28.10	30.20	Inf	iMet	118.7	high confidence set
Pp03	45	4551642	4551569	Asn	GTT	0	0	86.2	61.00	25.20	Inf	Asn	93.9	high confidence set
Pp03	46	4486908	4486836	Arg	TCT	0	0	70.4	50.20	20.20	Inf	Arg	95.3	high confidence set
Pp03	47	3867252	3867180	Phe	GAA	0	0	76.1	54.40	21.70	Inf	Phe	115.3	high confidence set
Pp03	48	3864852	3864780	Phe	GAA	0	0	76.1	54.40	21.70	Inf	Phe	115.3	high confidence set
Pp04	1	258248	258319	Thr	CGT	0	0	80.2	53.70	26.50	Inf	Thr	86.8	high confidence set
Pp04	2	425649	425729	Leu	CAG	0	0	69.5	46.80	22.70	Inf	Leu	109.7	high confidence set
Pp04	3	492586	492659	Ile	AAT	0	0	79.3	55.80	23.50	Inf	Ile	104.3	high confidence set
Pp04	4	877589	877661	Phe	GAA	0	0	78.3	58.40	19.90	Inf	Phe	113.2	high confidence set
Pp04	5	1115630	1115701	Trp	CCA	0	0	75.8	51.20	24.60	Inf	Trp	105.6	high confidence set
Pp04	6	2146014	2146086	Val	TAC	0	0	71.5	39.00	32.50	Inf	Val	101.2	high confidence set
Pp04	7	2728138	2728211	Ile	TAT	0	0	82.4	63.80	18.60	Inf	Ile	100.5	high confidence set
Pp04	8	3244810	3244883	Ile	AAT	0	0	79.3	55.80	23.50	Inf	Ile	104.3	high confidence set
Pp04	9	3819625	3819697	Arg	ACG	0	0	71.3	48.60	22.70	Inf	Arg	93.4	high confidence set
Pp04	10	3819789	3819872	Leu	CAA	0	0	79.5	54.50	25.00	Inf	Leu	126.8	high confidence set
Pp04	12	11486745	11486816	Cys	GCA	0	0	74.9	56.70	18.20	Inf	Cys	100.8	high confidence set
Pp04	14	11512466	11512538	Ala	TGC	0	0	65.6	39.80	25.80	Inf	Ala	97.7	high confidence set
Pp04	15	12504111	12504183	Ala	AGC	0	0	63.4	38.20	25.20	Inf	Ala	98.3	high confidence set
Pp04	16	12831692	12831762	Gly	CCC	0	0	65.4	28.10	37.30	Inf	Gly	85.4	high confidence set
Pp04	17	17539610	17539683	Thr	AGT	0	0	61.6	39.90	21.70	Inf	Thr	77.4	high confidence set
Pp04	18	17576807	17576880	Thr	AGT	0	0	72.7	47.30	25.40	Inf	Thr	88.4	high confidence set
Pp04	19	17588709	17588782	Thr	AGT	0	0	76.0	48.40	27.60	Inf	Thr	90.6	high confidence set
Pp04	20	20320636	20320707	Glu	TTC	0	0	72.0	47.50	24.50	Inf	Glu	101.6	high confidence set
Pp04	22	24320812	24320884	Lys	CTT	0	0	87.7	67.60	20.10	Inf	Lys	106.7	high confidence set
Pp04	24	21865968	21865897	Trp	CCA	0	0	75.8	51.20	24.60	Inf	Trp	105.6	high confidence set
Pp04	25	19916299	19916225	Asp	GTC	0	0	54.4	40.50	13.90	Inf	Asp	73.3	high confidence set
Pp04	26	17588619	17588546	Thr	AGT	0	0	62.0	38.50	23.50	Inf	Thr	78.1	high confidence set
Pp04	27	16510350	16510269	Ser	GCT	0	0	80.5	45.20	35.30	Inf	Ser	109.5	high confidence set
Pp04	28	13120266	13120195	iMet	CAT	0	0	58.3	28.10	30.20	Inf	iMet	118.7	high confidence set
Pp04	29	11238613	11238541	Phe	GAA	0	0	78.3	58.40	19.90	Inf	Phe	113.2	high confidence set
Pp04	30	11175602	11175531	Gln	CTG	0	0	75.3	51.20	24.10	Inf	Gln	106.0	high confidence set
Pp04	31	10112185	10112112	Ile	TAT	0	0	85.9	70.60	15.30	Inf	Ile	103.9	high confidence set
Pp04	32	7418497	7418425	Arg	CCG	0	0	65.5	47.30	18.20	Inf	Arg	91.7	high confidence set
Pp04	33	5461327	5461246	Ser	AGA	0	0	80.3	44.00	36.30	Inf	Ser	115.3	high confidence set
Pp04	34	5461137	5461056	Ser	AGA	0	0	80.3	44.00	36.30	Inf	Ser	115.3	high confidence set
Pp04	35	5460940	5460859	Ser	AGA	0	0	80.3	44.00	36.30	Inf	Ser	115.3	high confidence set
Pp04	36	5169126	5169056	Gly	GCC	0	0	66.5	44.80	21.70	Inf	Gly	94.4	high confidence set
Pp04	37	2840617	2840545	Ala	TGC	0	0	65.6	39.80	25.80	Inf	Ala	97.7	high confidence set
Pp04	38	2819492	2819420	Ala	AGC	0	0	63.4	38.20	25.20	Inf	Ala	98.3	high confidence set
Pp04	39	2709874	2709804	Gly	GCC	0	0	66.5	44.80	21.70	Inf	Gly	94.4	high confidence set
Pp04	40	1734570	1734499	Asp	GTC	0	0	69.8	46.80	23.00	Inf	Asp	94.5	high confidence set
Pp04	41	1580246	1580173	Thr	AGT	0	0	74.7	46.20	28.50	Inf	Thr	89.4	high confidence set
Pp04	42	270823	270750	Ile	AAT	0	0	79.3	55.80	23.50	Inf	Ile	104.3	high confidence set
Pp04	43	214812	214740	Phe	GAA	0	0	78.3	58.40	19.90	Inf	Phe	113.2	high confidence set
Pp05	1	680995	681079	Met	CAT	681033	681043	64.3	40.80	23.50	Inf	Met	104.0	high confidence set
Pp05	2	735033	735104	Trp	CCA	0	0	68.6	50.30	18.30	Inf	Trp	94.2	high confidence set
Pp05	3	763762	763833	Asp	GTC	0	0	69.8	46.80	23.00	Inf	Asp	94.5	high confidence set
Pp05	4	1421270	1421340	Gly	CCC	0	0	65.4	28.10	37.30	Inf	Gly	85.4	high confidence set
Pp05	5	5837764	5837835	Gly	TCC	0	0	68.5	44.20	24.30	Inf	Gly	79.2	high confidence set
Pp05	6	5870370	5870441	Trp	CCA	0	0	75.8	51.20	24.60	Inf	Trp	105.6	high confidence set
Pp05	7	11118768	11118840	Ala	AGC	0	0	63.4	38.20	25.20	Inf	Ala	98.3	high confidence set
Pp05	8	11118946	11119018	Ala	AGC	0	0	63.4	38.20	25.20	Inf	Ala	98.3	high confidence set
Pp05	9	12173000	12173071	Gln	CTG	0	0	71.2	46.50	24.70	Inf	Gln	101.3	high confidence set
Pp05	10	12246011	12246092	Ser	TGA	0	0	80.7	46.10	34.60	Inf	Ser	119.7	high confidence set
Pp05	11	12275141	12275212	Cys	GCA	0	0	79.0	59.90	19.10	Inf	Cys	103.5	high confidence set
Pp05	12	14171800	14171881	Ser	AGA	0	0	79.4	43.10	36.30	Inf	Ser	115.0	high confidence set
Pp05	13	15269048	15269119	iMet	CAT	0	0	57.5	27.40	30.10	Inf	iMet	120.7	high confidence set
Pp05	14	15738423	15738503	Leu	CAG	0	0	69.5	46.80	22.70	Inf	Leu	109.7	high confidence set
Pp05	15	15856772	15856845	Ile	AAT	0	0	79.3	55.80	23.50	Inf	Ile	104.3	high confidence set
Pp05	16	16650895	16650968	Ile	AAT	0	0	79.3	55.80	23.50	Inf	Ile	104.3	high confidence set
Pp05	17	16687086	16687159	Ile	AAT	0	0	79.3	55.80	23.50	Inf	Ile	104.3	high confidence set
Pp05	19	17002149	17002220	Phe	GAA	0	0	71.7	51.80	19.90	Inf	Phe	97.0	high confidence set
Pp05	20	17397630	17397710	Leu	CAG	0	0	69.5	46.80	22.70	Inf	Leu	109.7	high confidence set
Pp05	21	18249280	18249208	Phe	GAA	0	0	78.3	58.40	19.90	Inf	Phe	113.2	high confidence set
Pp05	22	17097819	17097747	Ala	CGC	0	0	68.2	44.00	24.20	Inf	Ala	95.8	high confidence set
Pp05	23	16482720	16482649	Thr	CGT	0	0	82.2	57.60	24.60	Inf	Thr	90.2	high confidence set
Pp05	24	15137266	15137195	Asp	GTC	0	0	69.8	46.80	23.00	Inf	Asp	94.5	high confidence set
Pp05	25	14864981	14864902	Leu	TAG	0	0	69.5	48.50	21.00	Inf	Leu	111.5	high confidence set
Pp05	26	13672936	13672856	Leu	AAG	0	0	74.0	52.20	21.80	Inf	Leu	110.4	high confidence set
Pp05	27	13633540	13633459	Ser	TGA	0	0	80.7	46.10	34.60	Inf	Ser	119.7	high confidence set
Pp05	28	13443214	13443143	Gln	TTG	0	0	73.5	53.70	19.80	Inf	Gln	104.8	high confidence set
Pp05	29	13073135	13073054	Ser	AGA	0	0	79.4	43.10	36.30	Inf	Ser	115.0	high confidence set
Pp05	30	12361220	12361150	Gly	CCC	0	0	65.4	28.10	37.30	Inf	Gly	85.4	high confidence set
Pp05	31	12188896	12188823	Val	AAC	0	0	73.2	49.00	24.20	Inf	Val	95.8	high confidence set
Pp05	32	12182900	12182829	Cys	GCA	0	0	82.1	59.90	22.20	Inf	Cys	106.6	high confidence set
Pp05	33	11713372	11713301	iMet	CAT	0	0	54.2	20.90	33.30	Inf	iMet	115.8	high confidence set
Pp05	34	11710913	11710842	iMet	CAT	0	0	54.2	20.90	33.30	Inf	iMet	115.8	high confidence set
Pp05	35	11489826	11489743	Leu	CAA	0	0	78.6	55.60	23.00	Inf	Leu	123.0	high confidence set
Pp05	36	11146710	11146628	Leu	TAA	0	0	68.4	29.10	39.30	Inf	Leu	90.1	high confidence set
Pp05	37	11145542	11145460	Leu	TAA	0	0	68.4	29.10	39.30	Inf	Leu	90.1	high confidence set
Pp05	38	11118654	11118582	Ala	AGC	0	0	63.4	38.20	25.20	Inf	Ala	98.3	high confidence set
Pp05	39	11118476	11118404	Ala	AGC	0	0	63.4	38.20	25.20	Inf	Ala	98.3	high confidence set
Pp05	40	11118297	11118225	Ala	AGC	0	0	63.4	38.20	25.20	Inf	Ala	98.3	high confidence set
Pp05	41	11020983	11020912	Thr	TGT	0	0	84.6	58.70	25.90	Inf	Thr	92.7	high confidence set
Pp05	42	10820376	10820305	Asp	GTC	0	0	69.8	46.80	23.00	Inf	Asp	94.5	high confidence set
Pp05	43	10739707	10739636	Cys	GCA	0	0	82.1	59.90	22.20	Inf	Cys	106.6	high confidence set
Pp05	44	10027630	10027559	Gly	TCC	0	0	71.0	46.70	24.30	Inf	Gly	82.3	high confidence set
Pp05	45	9701442	9701369	Val	AAC	0	0	72.5	48.10	24.40	Inf	Val	100.2	high confidence set
Pp05	46	9409612	9409540	Lys	CTT	0	0	87.7	67.60	20.10	Inf	Lys	106.7	high confidence set
Pp05	48	6474728	6474656	Glu	CTC	0	0	79.2	53.50	25.70	Inf	Glu	94.2	high confidence set
Pp05	49	6291735	6291663	Lys	CTT	0	0	87.7	67.60	20.10	Inf	Lys	106.7	high confidence set
Pp05	50	5687111	5687039	Glu	CTC	0	0	78.9	53.10	25.80	Inf	Glu	94.8	high confidence set
Pp05	51	5130772	5130701	Glu	TTC	0	0	72.0	47.50	24.50	Inf	Glu	101.6	high confidence set
Pp05	52	4422374	4422303	Cys	GCA	0	0	82.1	59.90	22.20	Inf	Cys	106.6	high confidence set
Pp05	58	1048185	1048113	Ala	AGC	0	0	56.9	37.30	19.60	Inf	Ala	90.7	high confidence set
Pp05	59	444116	444035	Ser	AGA	0	0	80.3	44.00	36.30	Inf	Ser	115.3	high confidence set
Pp06	1	531018	531089	iMet	CAT	0	0	58.3	28.10	30.20	Inf	iMet	118.7	high confidence set
Pp06	2	3121762	3121832	Gly	GCC	0	0	66.5	44.80	21.70	Inf	Gly	94.4	high confidence set
Pp06	3	3728586	3728657	Glu	TTC	0	0	70.5	45.30	25.20	Inf	Glu	97.5	high confidence set
Pp06	4	3728734	3728805	Glu	TTC	0	0	72.0	47.50	24.50	Inf	Glu	101.6	high confidence set
Pp06	5	3762665	3762738	Ile	TAT	0	0	85.9	70.60	15.30	Inf	Ile	103.9	high confidence set
Pp06	6	4352371	4352442	Gly	TCC	0	0	71.0	46.70	24.30	Inf	Gly	82.3	high confidence set
Pp06	7	4641024	4641095	Asp	GTC	0	0	69.8	46.80	23.00	Inf	Asp	94.5	high confidence set
Pp06	8	5531909	5531982	Val	AAC	0	0	72.9	48.60	24.30	Inf	Val	93.8	high confidence set
Pp06	9	5771789	5771860	His	GTG	0	0	63.0	33.70	29.30	Inf	His	86.8	high confidence set
Pp06	10	6823188	6823259	Pro	AGG	0	0	67.4	34.70	32.70	Inf	Pro	112.3	high confidence set
Pp06	11	8164412	8164484	Val	TAC	0	0	71.2	38.40	32.80	Inf	Val	101.5	high confidence set
Pp06	12	8164600	8164672	Val	TAC	0	0	71.2	38.40	32.80	Inf	Val	101.5	high confidence set
Pp06	13	8561193	8561274	Ser	GCT	0	0	80.5	45.20	35.30	Inf	Ser	109.5	high confidence set
Pp06	15	17410511	17410581	Gly	GCC	0	0	66.5	44.80	21.70	Inf	Gly	94.4	high confidence set
Pp06	16	17792716	17792796	Leu	AAG	0	0	71.4	51.10	20.30	Inf	Leu	108.5	high confidence set
Pp06	17	17807205	17807285	Leu	AAG	0	0	71.4	51.10	20.30	Inf	Leu	108.5	high confidence set
Pp06	18	19147790	19147874	Met	CAT	19147828	19147838	64.3	40.80	23.50	Inf	Met	104.0	high confidence set
Pp06	19	19347456	19347540	Met	CAT	19347494	19347504	64.3	40.80	23.50	Inf	Met	104.0	high confidence set
Pp06	20	21744163	21744236	Asn	GTT	0	0	81.1	55.90	25.20	Inf	Asn	94.2	high confidence set
Pp06	21	22533835	22533908	Thr	AGT	0	0	74.7	46.20	28.50	Inf	Thr	89.4	high confidence set
Pp06	22	24371456	24371529	Arg	TCG	0	0	82.3	61.00	21.30	Inf	Arg	91.9	high confidence set
Pp06	23	24654528	24654599	His	GTG	0	0	63.0	33.70	29.30	Inf	His	86.8	high confidence set
Pp06	24	24924095	24924167	Lys	TTT	0	0	90.5	66.90	23.60	Inf	Lys	95.4	high confidence set
Pp06	25	25355170	25355240	Gly	GCC	0	0	66.5	44.80	21.70	Inf	Gly	94.4	high confidence set
Pp06	26	25375643	25375714	Pro	AGG	0	0	67.4	34.70	32.70	Inf	Pro	112.3	high confidence set
Pp06	27	26507587	26507658	Gln	TTG	0	0	73.6	54.00	19.60	Inf	Gln	102.5	high confidence set
Pp06	28	26804231	26804323	Tyr	GTA	26804268	26804287	74.2	42.70	31.50	Inf	Tyr	111.8	high confidence set
Pp06	29	27014085	27014156	His	GTG	0	0	63.0	33.70	29.30	Inf	His	86.8	high confidence set
Pp06	30	28091842	28091913	Pro	CGG	0	0	66.2	37.40	28.80	Inf	Pro	103.3	high confidence set
Pp06	31	28433613	28433683	Gly	CCC	0	0	65.4	28.10	37.30	Inf	Gly	85.4	high confidence set
Pp06	32	28885409	28885490	Ser	TGA	0	0	80.7	46.10	34.60	Inf	Ser	119.7	high confidence set
Pp06	33	28890883	28890964	Ser	TGA	0	0	80.7	46.10	34.60	Inf	Ser	119.7	high confidence set
Pp06	34	29005952	29006023	Pro	TGG	0	0	68.5	35.70	32.80	Inf	Pro	111.2	high confidence set
Pp06	35	30031027	30031098	iMet	CAT	0	0	58.3	28.10	30.20	Inf	iMet	118.7	high confidence set
Pp06	36	29507190	29507120	Gly	GCC	0	0	66.5	44.80	21.70	Inf	Gly	94.4	high confidence set
Pp06	37	29507037	29506967	Gly	GCC	0	0	66.5	44.80	21.70	Inf	Gly	94.4	high confidence set
Pp06	38	29455342	29455270	Phe	GAA	0	0	73.9	50.10	23.80	Inf	Phe	108.5	high confidence set
Pp06	39	29455190	29455118	Phe	GAA	0	0	73.9	50.10	23.80	Inf	Phe	108.5	high confidence set
Pp06	40	29269909	29269819	Tyr	GTA	29269872	29269855	74.3	43.00	31.30	Inf	Tyr	111.8	high confidence set
Pp06	41	28885015	28884943	Ala	CGC	0	0	68.2	44.00	24.20	Inf	Ala	95.8	high confidence set
Pp06	42	27630233	27630161	Phe	GAA	0	0	78.3	58.40	19.90	Inf	Phe	113.2	high confidence set
Pp06	43	26368431	26368350	Ser	CGA	0	0	78.9	46.60	32.30	Inf	Ser	122.0	high confidence set
Pp06	44	25564279	25564207	Glu	CTC	0	0	79.2	53.50	25.70	Inf	Glu	94.2	high confidence set
Pp06	45	25269519	25269446	Val	CAC	0	0	81.5	53.50	28.00	Inf	Val	103.7	high confidence set
Pp06	46	24695778	24695705	Val	AAC	0	0	67.0	43.90	23.10	Inf	Val	88.7	high confidence set
Pp06	47	24550223	24550150	Asn	GTT	0	0	81.1	55.90	25.20	Inf	Asn	94.2	high confidence set
Pp06	48	23866162	23866091	Pro	AGG	0	0	67.4	34.70	32.70	Inf	Pro	112.3	high confidence set
Pp06	49	20438233	20438152	Ser	GCT	0	0	80.5	45.20	35.30	Inf	Ser	109.5	high confidence set
Pp06	50	19744167	19744077	Tyr	GTA	19744130	19744113	74.3	42.80	31.50	Inf	Tyr	111.8	high confidence set
Pp06	51	19505115	19505043	Arg	ACG	0	0	71.4	48.60	22.80	Inf	Arg	89.4	high confidence set
Pp06	53	15022587	15022495	Tyr	GTA	15022550	15022531	74.2	42.70	31.50	Inf	Tyr	111.8	high confidence set
Pp06	54	11443270	11443200	Gly	GCC	0	0	66.5	44.80	21.70	Inf	Gly	94.4	high confidence set
Pp06	55	11142659	11142588	Gln	CTG	0	0	74.7	50.50	24.20	Inf	Gln	100.9	high confidence set
Pp06	56	8550758	8550686	Arg	TCT	0	0	68.8	51.20	17.60	Inf	Arg	94.8	high confidence set
Pp06	57	6645228	6645156	Lys	CTT	0	0	87.7	67.60	20.10	Inf	Lys	106.7	high confidence set
Pp06	59	5952561	5952488	Ile	AAT	0	0	73.7	56.70	17.00	Inf	Ile	97.2	high confidence set
Pp06	60	5851178	5851105	Arg	TCG	0	0	82.3	61.00	21.30	Inf	Arg	91.9	high confidence set
Pp06	61	5534286	5534215	Cys	GCA	0	0	82.1	59.90	22.20	Inf	Cys	106.6	high confidence set
Pp06	62	5088232	5088161	Gly	TCC	0	0	71.0	46.70	24.30	Inf	Gly	82.3	high confidence set
Pp06	63	3856531	3856460	His	GTG	0	0	63.0	33.70	29.30	Inf	His	86.8	high confidence set
Pp06	64	3738767	3738695	Glu	CTC	0	0	79.2	53.50	25.70	Inf	Glu	94.2	high confidence set
Pp06	65	3731756	3731684	Glu	CTC	0	0	79.2	53.50	25.70	Inf	Glu	94.2	high confidence set
Pp06	66	3619022	3618951	Pro	AGG	0	0	67.4	34.70	32.70	Inf	Pro	112.3	high confidence set
Pp06	67	3618759	3618688	Pro	TGG	0	0	55.1	22.60	32.50	Inf	Pro	101.0	high confidence set
Pp06	68	3618488	3618417	Pro	AGG	0	0	67.4	34.70	32.70	Inf	Pro	112.3	high confidence set
Pp06	69	3618218	3618147	Pro	AGG	0	0	67.4	34.70	32.70	Inf	Pro	112.3	high confidence set
Pp06	70	3496452	3496382	Gly	GCC	0	0	66.5	44.80	21.70	Inf	Gly	94.4	high confidence set
Pp06	71	3004672	3004600	Arg	CCT	0	0	66.6	45.40	21.20	Inf	Arg	78.6	high confidence set
Pp06	72	567790	567719	Gly	TCC	0	0	71.0	46.70	24.30	Inf	Gly	82.3	high confidence set
Pp06	73	557197	557126	Gly	TCC	0	0	71.0	46.70	24.30	Inf	Gly	82.3	high confidence set
Pp06	74	550155	550084	Gly	TCC	0	0	73.9	46.20	27.70	Inf	Gly	85.6	high confidence set
Pp07	2	7655008	7655081	Ile	AAT	0	0	79.3	55.80	23.50	Inf	Ile	104.3	high confidence set
Pp07	3	9128009	9128081	Lys	CTT	0	0	87.7	67.60	20.10	Inf	Lys	106.7	high confidence set
Pp07	4	10289134	10289205	His	GTG	0	0	63.0	33.70	29.30	Inf	His	86.8	high confidence set
Pp07	5	12001937	12002010	Val	AAC	0	0	75.8	46.30	29.50	Inf	Val	103.3	high confidence set
Pp07	6	12011815	12011886	Gly	TCC	0	0	71.0	46.70	24.30	Inf	Gly	82.3	high confidence set
Pp07	7	12188384	12188456	Arg	CCT	0	0	74.8	55.90	18.90	Inf	Arg	87.5	high confidence set
Pp07	8	13208470	13208543	Asn	GTT	0	0	83.7	58.60	25.10	Inf	Asn	90.4	high confidence set
Pp07	9	13224480	13224559	Leu	TAG	0	0	69.5	48.50	21.00	Inf	Leu	111.5	high confidence set
Pp07	10	13350720	13350791	Pro	CGG	0	0	68.5	36.10	32.40	Inf	Pro	108.5	high confidence set
Pp07	12	14307979	14308061	Leu	TAA	0	0	73.1	36.80	36.30	Inf	Leu	97.8	high confidence set
Pp07	13	14766934	14767005	His	GTG	0	0	63.2	34.00	29.20	Inf	His	86.3	high confidence set
Pp07	14	15910516	15910589	Ile	AAT	0	0	79.3	55.80	23.50	Inf	Ile	104.3	high confidence set
Pp07	17	16410874	16410947	Ile	TAT	0	0	85.9	70.60	15.30	Inf	Ile	103.9	high confidence set
Pp07	18	16513854	16513927	Asn	GTT	0	0	82.7	60.00	22.70	Inf	Asn	91.7	high confidence set
Pp07	19	16903489	16903559	Gly	GCC	0	0	66.5	44.80	21.70	Inf	Gly	94.4	high confidence set
Pp07	20	20767452	20767533	Ser	AGA	0	0	80.3	44.00	36.30	Inf	Ser	115.3	high confidence set
Pp07	21	20838428	20838509	Ser	GCT	0	0	80.5	45.20	35.30	Inf	Ser	109.5	high confidence set
Pp07	22	21494131	21494221	Tyr	GTA	21494168	21494185	74.3	43.00	31.30	Inf	Tyr	111.8	high confidence set
Pp07	24	20833810	20833738	Arg	CCT	0	0	69.1	50.30	18.80	Inf	Arg	81.2	high confidence set
Pp07	25	20243145	20243065	Leu	AAG	0	0	74.0	52.20	21.80	Inf	Leu	110.4	high confidence set
Pp07	26	19463831	19463760	Pro	TGG	0	0	72.7	43.20	29.50	Inf	Pro	112.2	high confidence set
Pp07	27	18076024	18075952	Lys	TTT	0	0	90.5	66.90	23.60	Inf	Lys	95.4	high confidence set
Pp07	28	18063334	18063262	Lys	TTT	0	0	90.5	66.90	23.60	Inf	Lys	95.4	high confidence set
Pp07	29	17372097	17372026	Glu	TTC	0	0	72.0	47.50	24.50	Inf	Glu	101.6	high confidence set
Pp07	31	17273765	17273692	Ile	AAT	0	0	79.3	55.80	23.50	Inf	Ile	104.3	high confidence set
Pp07	32	16965205	16965133	Glu	CTC	0	0	79.2	53.50	25.70	Inf	Glu	94.2	high confidence set
Pp07	33	16336687	16336616	Glu	TTC	0	0	72.0	47.50	24.50	Inf	Glu	101.6	high confidence set
Pp07	34	15460701	15460629	Lys	TTT	0	0	89.6	66.00	23.60	Inf	Lys	96.4	high confidence set
Pp07	35	14858310	14858220	Tyr	GTA	14858273	14858256	74.3	42.80	31.50	Inf	Tyr	111.8	high confidence set
Pp07	36	14840470	14840397	Ile	AAT	0	0	79.3	55.80	23.50	Inf	Ile	104.3	high confidence set
Pp07	37	14185561	14185481	Leu	AAG	0	0	74.0	52.20	21.80	Inf	Leu	110.4	high confidence set
Pp07	38	12430439	12430367	Arg	TCT	0	0	68.5	50.60	17.90	Inf	Arg	98.8	high confidence set
Pp07	39	12130811	12130739	Ala	TGC	0	0	63.7	38.60	25.10	Inf	Ala	96.5	high confidence set
Pp07	40	11355762	11355690	Ala	TGC	0	0	63.7	38.60	25.10	Inf	Ala	96.5	high confidence set
Pp07	43	3797693	3797621	Glu	CTC	0	0	78.9	53.10	25.80	Inf	Glu	94.8	high confidence set
Pp08	1	3204119	3204190	His	GTG	0	0	63.0	33.70	29.30	Inf	His	86.8	high confidence set
Pp08	3	12267839	12267911	Glu	CTC	0	0	78.9	53.10	25.80	Inf	Glu	94.8	high confidence set
Pp08	4	14148426	14148497	Asp	GTC	0	0	69.8	46.80	23.00	Inf	Asp	94.5	high confidence set
Pp08	5	14946449	14946521	Arg	ACG	0	0	72.9	50.30	22.60	Inf	Arg	91.8	high confidence set
Pp08	6	14970338	14970410	Arg	CCT	0	0	69.1	50.30	18.80	Inf	Arg	81.2	high confidence set
Pp08	7	15098235	15098307	Glu	CTC	0	0	78.9	53.10	25.80	Inf	Glu	94.8	high confidence set
Pp08	8	15110167	15110239	Arg	TCT	0	0	70.8	51.00	19.80	Inf	Arg	99.4	high confidence set
Pp08	9	15496292	15496364	Lys	TTT	0	0	88.3	63.60	24.70	Inf	Lys	92.6	high confidence set
Pp08	10	15516053	15516125	Lys	TTT	0	0	88.3	63.60	24.70	Inf	Lys	92.6	high confidence set
Pp08	11	17065473	17065545	Glu	CTC	0	0	78.9	53.10	25.80	Inf	Glu	94.8	high confidence set
Pp08	12	19172553	19172637	Met	CAT	19172591	19172601	64.3	40.80	23.50	Inf	Met	104.0	high confidence set
Pp08	13	20999101	20999173	Ala	AGC	0	0	63.4	38.20	25.20	Inf	Ala	98.3	high confidence set
Pp08	14	21457276	21457357	Ser	TGA	0	0	80.7	46.10	34.60	Inf	Ser	119.7	high confidence set
Pp08	15	21635231	21635302	Pro	AGG	0	0	67.4	34.70	32.70	Inf	Pro	112.3	high confidence set
Pp08	16	21637592	21637663	Pro	AGG	0	0	67.4	34.70	32.70	Inf	Pro	112.3	high confidence set
Pp08	17	21787286	21787358	Ala	AGC	0	0	63.4	38.20	25.20	Inf	Ala	98.3	high confidence set
Pp08	18	21876610	21876681	Asp	GTC	0	0	69.8	46.80	23.00	Inf	Asp	94.5	high confidence set
Pp08	19	22263868	22263939	Asp	GTC	0	0	69.8	46.80	23.00	Inf	Asp	94.5	high confidence set
Pp08	20	21904021	21903951	Gly	CCC	0	0	65.4	28.10	37.30	Inf	Gly	85.4	high confidence set
Pp08	21	21761671	21761599	Arg	ACG	0	0	71.3	48.60	22.70	Inf	Arg	93.4	high confidence set
Pp08	22	21663355	21663275	Leu	AAG	0	0	74.0	52.20	21.80	Inf	Leu	110.4	high confidence set
Pp08	23	19906458	19906374	Met	CAT	19906420	19906410	64.3	40.80	23.50	Inf	Met	104.0	high confidence set
Pp08	24	18962919	18962847	Lys	TTT	0	0	88.3	63.60	24.70	Inf	Lys	92.6	high confidence set
Pp08	25	18547842	18547770	Lys	TTT	0	0	88.3	63.60	24.70	Inf	Lys	92.6	high confidence set
Pp08	26	17442509	17442437	Ala	TGC	0	0	69.1	43.30	25.80	Inf	Ala	101.9	high confidence set
Pp08	27	16781979	16781906	Val	AAC	0	0	72.5	48.10	24.40	Inf	Val	100.2	high confidence set
Pp08	28	16161353	16161282	Pro	TGG	0	0	68.5	35.70	32.80	Inf	Pro	111.2	high confidence set
Pp08	29	16160920	16160849	Pro	TGG	0	0	68.5	35.70	32.80	Inf	Pro	111.2	high confidence set
Pp08	30	16159933	16159862	Pro	TGG	0	0	68.5	35.70	32.80	Inf	Pro	111.2	high confidence set
Pp08	31	16159434	16159363	Pro	TGG	0	0	68.5	35.70	32.80	Inf	Pro	111.2	high confidence set
Pp08	32	16158983	16158912	Pro	TGG	0	0	68.5	35.70	32.80	Inf	Pro	111.2	high confidence set
Pp08	33	16158220	16158149	Pro	TGG	0	0	68.5	35.70	32.80	Inf	Pro	111.2	high confidence set
Pp08	34	15267489	15267405	Met	CAT	15267451	15267441	64.3	40.80	23.50	Inf	Met	104.0	high confidence set
Pp08	35	14839427	14839356	Thr	TGT	0	0	76.3	48.40	27.90	Inf	Thr	89.9	high confidence set
Pp08	36	14349987	14349914	Ile	AAT	0	0	79.3	55.80	23.50	Inf	Ile	104.3	high confidence set
Pp08	37	13906445	13906372	Ile	AAT	0	0	79.3	55.80	23.50	Inf	Ile	104.3	high confidence set
Pp08	38	13896098	13896025	Ile	AAT	0	0	79.3	55.80	23.50	Inf	Ile	104.3	high confidence set
Pp08	39	13883151	13883078	Ile	AAT	0	0	79.3	55.80	23.50	Inf	Ile	104.3	high confidence set
Pp08	40	13767133	13767060	Asn	GTT	0	0	82.7	60.00	22.70	Inf	Asn	91.7	high confidence set
Pp08	42	8426954	8426871	Leu	CAA	0	0	78.6	55.60	23.00	Inf	Leu	123.0	high confidence set
Pp08	43	7069854	7069781	Ile	AAT	0	0	77.2	50.00	27.20	Inf	Ile	98.0	high confidence set
Pp08	44	7067849	7067776	Ile	AAT	0	0	81.8	58.30	23.50	Inf	Ile	106.8	high confidence set
Pp08	45	5760807	5760734	Val	AAC	0	0	75.2	45.70	29.50	Inf	Val	103.0	high confidence set
Pp08	47	3392702	3392629	Asn	GTT	0	0	82.1	56.60	25.50	Inf	Asn	89.9	high confidence set
scaffold_42	1	5087	5015	Lys	TTT	0	0	84.8	61.80	23.00	Inf	Lys	89.0	high confidence set
scaffold_97	1	4902	4829	Arg	TCG	0	0	81.9	60.40	21.50	Inf	Arg	92.9	high confidence set
