Sequence		tRNA    	Bounds  	tRNA	Anti	Intron Bounds	Inf	HMM	2'Str	Hit	Isotype	Isotype	      
Name    	tRNA#	Begin   	End     	Type	Codon	Begin	End	Score	Score	Score	Origin	CM	Score	Note
--------	------	-----   	------  	----	-----	-----	----	------	-----	-----	------	-------	-------	------
Chr01	1	688653	688726	Thr	AGT	0	0	74.7	46.20	28.50	Inf	Thr	89.4	high confidence set
Chr01	2	3205000	3205073	Arg	TCG	0	0	81.9	60.40	21.50	Inf	Arg	92.9	high confidence set
Chr01	3	4777696	4777767	Asp	GTC	0	0	69.8	46.80	23.00	Inf	Asp	94.5	high confidence set
Chr01	4	6774271	6774352	Ser	GCT	0	0	80.5	45.20	35.30	Inf	Ser	109.5	high confidence set
Chr01	5	8260807	8260879	Lys	TTT	0	0	92.1	68.40	23.70	Inf	Lys	99.2	high confidence set
Chr01	7	37354274	37354346	Ala	TGC	0	0	65.5	40.20	25.30	Inf	Ala	97.8	high confidence set
Chr01	8	38653256	38653327	His	GTG	0	0	63.0	33.70	29.30	Inf	His	86.8	high confidence set
Chr01	9	40199309	40199379	Gly	CCC	0	0	66.0	29.20	36.80	Inf	Gly	87.4	high confidence set
Chr01	10	40875810	40875881	Pro	TGG	0	0	68.5	35.70	32.80	Inf	Pro	111.2	high confidence set
Chr01	11	40947528	40947599	Pro	TGG	0	0	68.5	35.70	32.80	Inf	Pro	111.2	high confidence set
Chr01	12	45429208	45429281	Asn	GTT	0	0	81.1	55.90	25.20	Inf	Asn	94.2	high confidence set
Chr01	13	48903926	48903998	Ala	TGC	0	0	65.5	40.20	25.30	Inf	Ala	97.8	high confidence set
Chr01	14	49288616	49288697	Ser	GCT	0	0	80.5	45.20	35.30	Inf	Ser	109.5	high confidence set
Chr01	16	51655589	51655662	Arg	TCG	0	0	82.3	61.00	21.30	Inf	Arg	91.9	high confidence set
Chr01	17	51716581	51716664	Leu	CAA	0	0	77.8	51.60	26.20	Inf	Leu	121.9	high confidence set
Chr01	19	53505433	53505513	Leu	AAG	0	0	74.0	52.20	21.80	Inf	Leu	110.4	high confidence set
Chr01	20	53972391	53972463	Lys	CTT	0	0	86.8	66.60	20.20	Inf	Lys	107.7	high confidence set
Chr01	22	56017334	56017405	Cys	GCA	0	0	82.1	59.90	22.20	Inf	Cys	106.6	high confidence set
Chr01	23	56115677	56115748	His	GTG	0	0	63.0	33.70	29.30	Inf	His	86.8	high confidence set
Chr01	24	56116839	56116911	Arg	CCG	0	0	81.8	59.70	22.10	Inf	Arg	80.1	high confidence set
Chr01	25	56308571	56308643	Lys	CTT	0	0	86.8	66.60	20.20	Inf	Lys	107.7	high confidence set
Chr01	26	56373891	56373963	Lys	TTT	0	0	92.1	68.40	23.70	Inf	Lys	99.2	high confidence set
Chr01	27	56923999	56924070	Pro	AGG	0	0	67.4	34.70	32.70	Inf	Pro	112.3	high confidence set
Chr01	28	57190848	57190920	Lys	CTT	0	0	76.7	63.00	13.70	Inf	Lys	97.3	high confidence set
Chr01	30	56923499	56923428	Asp	GTC	0	0	69.8	46.80	23.00	Inf	Asp	94.5	high confidence set
Chr01	31	56125518	56125447	Pro	AGG	0	0	67.4	34.70	32.70	Inf	Pro	112.3	high confidence set
Chr01	32	55233142	55233071	Pro	AGG	0	0	67.4	34.70	32.70	Inf	Pro	112.3	high confidence set
Chr01	33	54456229	54456137	Tyr	GTA	54456192	54456173	74.2	42.70	31.50	Inf	Tyr	111.8	high confidence set
Chr01	34	51300340	51300267	Thr	AGT	0	0	74.7	46.20	28.50	Inf	Thr	89.4	high confidence set
Chr01	35	51095363	51095291	Arg	TCT	0	0	67.8	49.40	18.40	Inf	Arg	91.2	high confidence set
Chr01	36	50952348	50952276	Lys	CTT	0	0	86.8	66.60	20.20	Inf	Lys	107.7	high confidence set
Chr01	37	43538063	43537991	Lys	CTT	0	0	84.3	64.20	20.10	Inf	Lys	102.9	high confidence set
Chr01	38	42492397	42492327	Gly	GCC	0	0	66.5	44.80	21.70	Inf	Gly	94.4	high confidence set
Chr01	41	33896513	33896421	Tyr	GTA	33896476	33896457	74.2	42.70	31.50	Inf	Tyr	111.8	high confidence set
Chr01	42	15761083	15761012	Cys	GCA	0	0	80.9	57.20	23.70	Inf	Cys	104.1	high confidence set
Chr01	43	11426185	11426114	iMet	CAT	0	0	58.3	28.10	30.20	Inf	iMet	118.7	high confidence set
Chr01	46	8081406	8081336	Gly	GCC	0	0	66.5	44.80	21.70	Inf	Gly	94.4	high confidence set
Chr01	47	5350667	5350596	Glu	TTC	0	0	53.4	30.90	22.50	Inf	Glu	92.0	high confidence set
Chr01	48	3574141	3574070	Trp	CCA	0	0	75.8	51.20	24.60	Inf	Trp	105.6	high confidence set
Chr02	1	677722	677793	Asp	GTC	0	0	69.8	46.80	23.00	Inf	Asp	94.5	high confidence set
Chr02	2	2134560	2134631	Glu	TTC	0	0	72.0	47.50	24.50	Inf	Glu	101.6	high confidence set
Chr02	3	2724820	2724891	Asp	GTC	0	0	69.8	46.80	23.00	Inf	Asp	94.5	high confidence set
Chr02	4	3355647	3355718	Gln	CTG	0	0	75.3	51.20	24.10	Inf	Gln	103.1	high confidence set
Chr02	5	3763339	3763420	Ser	GCT	0	0	80.5	45.20	35.30	Inf	Ser	109.5	high confidence set
Chr02	6	5442615	5442686	Pro	TGG	0	0	68.5	35.70	32.80	Inf	Pro	111.2	high confidence set
Chr02	8	21567977	21568049	Ala	TGC	0	0	70.0	45.30	24.70	Inf	Ala	100.6	high confidence set
Chr02	9	24300071	24300141	Gly	CCC	0	0	66.0	29.20	36.80	Inf	Gly	87.4	high confidence set
Chr02	10	25020809	25020880	Pro	AGG	0	0	67.4	34.70	32.70	Inf	Pro	112.3	high confidence set
Chr02	13	27395045	27395126	Ser	AGA	0	0	76.7	42.20	34.50	Inf	Ser	109.5	high confidence set
Chr02	14	34119218	34119298	Leu	AAG	0	0	73.3	52.70	20.60	Inf	Leu	106.8	high confidence set
Chr02	15	34342778	34342851	Val	AAC	0	0	72.6	48.30	24.30	Inf	Val	95.5	high confidence set
Chr02	16	35773043	35773114	Cys	GCA	0	0	82.1	59.90	22.20	Inf	Cys	106.6	high confidence set
Chr02	17	35817670	35817741	His	GTG	0	0	63.0	33.70	29.30	Inf	His	86.8	high confidence set
Chr02	18	35876706	35876778	Lys	CTT	0	0	75.5	60.00	15.50	Inf	Lys	98.7	high confidence set
Chr02	20	36385233	36385304	Pro	AGG	0	0	67.4	34.70	32.70	Inf	Pro	112.3	high confidence set
Chr02	21	36586345	36586417	Lys	CTT	0	0	86.8	66.60	20.20	Inf	Lys	107.7	high confidence set
Chr02	22	36482033	36481961	Arg	CCT	0	0	69.1	50.30	18.80	Inf	Arg	81.2	high confidence set
Chr02	23	36384557	36384486	Asp	GTC	0	0	57.9	38.80	19.10	Inf	Asp	80.2	high confidence set
Chr02	24	35818316	35818245	Pro	AGG	0	0	67.4	34.70	32.70	Inf	Pro	112.3	high confidence set
Chr02	25	35201515	35201444	Pro	AGG	0	0	67.4	34.70	32.70	Inf	Pro	112.3	high confidence set
Chr02	26	34329528	34329457	Asp	GTC	0	0	69.8	46.80	23.00	Inf	Asp	94.5	high confidence set
Chr02	27	32981932	32981859	Arg	TCG	0	0	82.3	61.00	21.30	Inf	Arg	91.9	high confidence set
Chr02	28	32944987	32944914	Val	CAC	0	0	82.4	54.40	28.00	Inf	Val	103.7	high confidence set
Chr02	29	32561881	32561809	Lys	CTT	0	0	86.8	66.60	20.20	Inf	Lys	107.7	high confidence set
Chr02	30	32121904	32121832	Lys	CTT	0	0	84.3	64.20	20.10	Inf	Lys	102.9	high confidence set
Chr02	31	30007801	30007728	Ile	AAT	0	0	81.8	58.30	23.50	Inf	Ile	106.8	high confidence set
Chr02	32	26550860	26550790	Gly	GCC	0	0	66.5	44.80	21.70	Inf	Gly	94.4	high confidence set
Chr02	33	25021181	25021110	Pro	TGG	0	0	68.5	35.70	32.80	Inf	Pro	111.2	high confidence set
Chr02	36	19927053	19926957	Tyr	GTA	19927016	19926993	69.6	38.10	31.50	Inf	Tyr	108.3	high confidence set
Chr02	37	7017395	7017324	Gly	TCC	0	0	73.9	46.20	27.70	Inf	Gly	85.6	high confidence set
Chr02	39	5443994	5443923	Cys	GCA	0	0	82.1	59.90	22.20	Inf	Cys	106.6	high confidence set
Chr02	40	4938597	4938527	Gly	GCC	0	0	66.5	44.80	21.70	Inf	Gly	94.4	high confidence set
Chr02	41	3001132	3001061	Glu	TTC	0	0	72.0	47.50	24.50	Inf	Glu	101.6	high confidence set
Chr03	1	1734138	1734210	Ala	TGC	0	0	70.0	45.30	24.70	Inf	Ala	100.6	high confidence set
Chr03	2	3972400	3972471	Pro	AGG	0	0	67.4	34.70	32.70	Inf	Pro	112.3	high confidence set
Chr03	3	4590068	4590148	Leu	AAG	0	0	72.6	49.90	22.70	Inf	Leu	108.7	high confidence set
Chr03	4	4623536	4623617	Ser	TGA	0	0	78.3	44.40	33.90	Inf	Ser	115.8	high confidence set
Chr03	5	5392280	5392360	Leu	CAG	0	0	69.5	46.80	22.70	Inf	Leu	109.7	high confidence set
Chr03	6	7424683	7424756	Ile	AAT	0	0	81.8	58.30	23.50	Inf	Ile	106.8	high confidence set
Chr03	7	7450114	7450185	Asp	GTC	0	0	69.8	46.80	23.00	Inf	Asp	94.5	high confidence set
Chr03	8	12542990	12543061	Gln	TTG	0	0	73.5	53.70	19.80	Inf	Gln	104.8	high confidence set
Chr03	10	17041932	17042005	Val	CAC	0	0	79.2	51.20	28.00	Inf	Val	99.4	high confidence set
Chr03	11	17399743	17399815	Ala	AGC	0	0	56.3	36.30	20.00	Inf	Ala	89.6	high confidence set
Chr03	12	17781476	17781560	Met	CAT	17781514	17781524	64.2	40.80	23.40	Inf	Met	104.0	high confidence set
Chr03	13	23967734	23967805	Asp	GTC	0	0	63.2	44.20	19.00	Inf	Asp	89.6	high confidence set
Chr03	14	24499074	24499145	Gln	CTG	0	0	75.3	51.20	24.10	Inf	Gln	103.1	high confidence set
Chr03	15	25717597	25717669	Lys	TTT	0	0	91.2	66.90	24.30	Inf	Lys	96.5	high confidence set
Chr03	16	25752442	25752514	Val	TAC	0	0	78.1	43.40	34.70	Inf	Val	104.8	high confidence set
Chr03	17	25857823	25857894	Asn	ATT	0	0	75.1	52.00	23.10	Inf	Asn	81.9	unexpected anticodon
Chr03	18	25858796	25858878	Tyr	GTA	0	0	59.9	42.40	17.50	Inf	Leu	70.7	IPD:-14.00,isotype mismatch
Chr03	19	38114813	38114894	Ser	GCT	0	0	80.5	45.20	35.30	Inf	Ser	109.5	high confidence set
Chr03	20	39878719	39878791	Glu	CTC	0	0	74.6	50.90	23.70	Inf	Glu	82.1	high confidence set
Chr03	21	45939531	45939612	Ser	AGA	0	0	77.1	42.80	34.30	Inf	Ser	110.5	high confidence set
Chr03	22	49117505	49117575	Gly	GCC	0	0	66.5	44.80	21.70	Inf	Gly	94.4	high confidence set
Chr03	24	51233645	51233565	Leu	CAG	0	0	69.5	46.80	22.70	Inf	Leu	109.7	high confidence set
Chr03	25	49739358	49739286	Glu	CTC	0	0	80.0	54.10	25.90	Inf	Glu	95.5	high confidence set
Chr03	26	47185895	47185822	Arg	TCG	0	0	82.3	61.00	21.30	Inf	Arg	91.9	high confidence set
Chr03	28	21276555	21276482	Asn	GTT	0	0	84.5	59.40	25.10	Inf	Asn	95.9	high confidence set
Chr03	29	19529447	19529362	Met	CAT	19529409	19529398	64.2	40.70	23.50	Inf	Met	104.0	high confidence set
Chr03	30	18242294	18242210	Met	CAT	18242256	18242246	64.3	40.80	23.50	Inf	Met	104.0	high confidence set
Chr03	31	15555247	15555174	Ile	AAT	0	0	79.3	55.80	23.50	Inf	Ile	104.3	high confidence set
Chr03	32	4512665	4512594	Pro	TGG	0	0	68.5	35.70	32.80	Inf	Pro	111.2	high confidence set
Chr03	33	3778387	3778316	Asp	GTC	0	0	69.8	46.80	23.00	Inf	Asp	95.8	high confidence set
Chr03	34	3227675	3227604	Pro	TGG	0	0	68.5	35.70	32.80	Inf	Pro	111.2	high confidence set
Chr03	35	2826250	2826177	Val	AAC	0	0	73.2	49.00	24.20	Inf	Val	95.8	high confidence set
Chr03	36	2382947	2382875	Ala	AGC	0	0	63.4	38.20	25.20	Inf	Ala	98.3	high confidence set
Chr03	37	1104395	1104322	Ile	TAT	0	0	85.9	70.60	15.30	Inf	Ile	103.9	high confidence set
Chr04	1	2630486	2630557	Pro	AGG	0	0	67.4	34.70	32.70	Inf	Pro	112.3	high confidence set
Chr04	2	3104983	3105064	Ser	TGA	0	0	78.3	44.40	33.90	Inf	Ser	115.8	high confidence set
Chr04	3	4903914	4903987	Ile	AAT	0	0	81.8	58.30	23.50	Inf	Ile	106.8	high confidence set
Chr04	4	8861440	8861511	Gln	TTG	0	0	73.5	53.70	19.80	Inf	Gln	104.8	high confidence set
Chr04	5	10554690	10554760	Gly	GCC	0	0	66.5	44.80	21.70	Inf	Gly	94.4	high confidence set
Chr04	6	12385141	12385225	Met	CAT	12385179	12385189	64.3	40.80	23.50	Inf	Met	104.0	high confidence set
Chr04	7	17430441	17430522	Ser	TGA	0	0	78.5	46.40	32.10	Inf	Ser	109.1	high confidence set
Chr04	8	19033168	19033240	Val	TAC	0	0	77.8	43.10	34.70	Inf	Val	106.5	high confidence set
Chr04	9	37689268	37689349	Ser	AGA	0	0	79.5	43.70	35.80	Inf	Ser	113.0	high confidence set
Chr04	10	37722052	37722133	Ser	GCT	0	0	80.5	45.20	35.30	Inf	Ser	109.5	high confidence set
Chr04	11	40174876	40174946	Gly	GCC	0	0	62.1	40.30	21.80	Inf	Gly	89.2	high confidence set
Chr04	12	40787641	40787725	Met	CAT	40787679	40787689	64.2	40.80	23.40	Inf	Met	104.0	high confidence set
Chr04	14	16094305	16094232	Asn	GTT	0	0	80.0	54.90	25.10	Inf	Asn	93.1	high confidence set
Chr04	15	13819537	13819452	Met	CAT	13819499	13819488	64.2	40.70	23.50	Inf	Met	104.0	high confidence set
Chr04	16	12995156	12995072	Met	CAT	12995118	12995108	64.3	40.80	23.50	Inf	Met	104.0	high confidence set
Chr04	17	12506982	12506910	Arg	ACG	0	0	71.7	49.10	22.60	Inf	Arg	91.4	high confidence set
Chr04	18	10155405	10155332	Ile	AAT	0	0	79.3	55.80	23.50	Inf	Ile	104.3	high confidence set
Chr04	19	8860714	8860629	Met	CAT	8860676	8860665	64.2	40.80	23.40	Inf	Met	104.0	high confidence set
Chr04	20	7644666	7644594	Phe	GAA	0	0	78.3	58.40	19.90	Inf	Phe	113.2	high confidence set
Chr04	21	7521425	7521354	Cys	GCA	0	0	82.1	59.90	22.20	Inf	Cys	106.6	high confidence set
Chr04	22	6862602	6862529	Val	AAC	0	0	66.0	48.90	17.10	Inf	Val	86.4	high confidence set
Chr04	24	2477897	2477826	Asp	GTC	0	0	69.8	46.80	23.00	Inf	Asp	94.5	high confidence set
Chr04	25	2235120	2235049	Pro	TGG	0	0	68.5	35.70	32.80	Inf	Pro	111.2	high confidence set
Chr04	26	1947812	1947739	Val	AAC	0	0	73.2	49.00	24.20	Inf	Val	95.8	high confidence set
Chr04	27	1545006	1544926	Leu	CAG	0	0	69.5	46.80	22.70	Inf	Leu	109.7	high confidence set
Chr05	1	887753	887825	Arg	CCT	0	0	72.2	51.10	21.10	Inf	Arg	81.7	high confidence set
Chr05	2	3821407	3821493	Tyr	GTA	3821444	3821457	74.4	42.90	31.50	Inf	Tyr	111.8	high confidence set
Chr05	3	3933540	3933613	Asn	GTT	0	0	74.2	50.20	24.00	Inf	Asn	87.5	high confidence set
Chr05	4	5963337	5963410	Arg	TCG	0	0	81.9	60.40	21.50	Inf	Arg	92.9	high confidence set
Chr05	5	6095264	6095335	Thr	TGT	0	0	79.3	49.30	30.00	Inf	Thr	92.3	high confidence set
Chr05	6	7043931	7044004	Asn	GTT	0	0	83.6	57.90	25.70	Inf	Asn	94.5	high confidence set
Chr05	7	7451510	7451581	Gln	CTG	0	0	75.3	51.20	24.10	Inf	Gln	103.1	high confidence set
Chr05	8	8521856	8521939	Leu	CAA	0	0	77.9	54.30	23.60	Inf	Leu	125.0	high confidence set
Chr05	9	9258279	9258351	Glu	CTC	0	0	80.0	54.10	25.90	Inf	Glu	99.8	high confidence set
Chr05	10	11624038	11624110	Lys	TTT	0	0	90.8	66.10	24.70	Inf	Lys	95.4	high confidence set
Chr05	11	12094791	12094870	Leu	TAG	0	0	69.5	48.50	21.00	Inf	Leu	111.5	high confidence set
Chr05	12	12535521	12535602	Ser	TGA	0	0	80.7	46.10	34.60	Inf	Ser	119.7	high confidence set
Chr05	13	13959677	13959748	His	GTG	0	0	63.3	34.30	29.00	Inf	His	87.4	high confidence set
Chr05	14	14752477	14752548	Thr	CGT	0	0	80.5	54.30	26.20	Inf	Thr	87.3	high confidence set
Chr05	15	14859909	14859982	Asn	GTT	0	0	81.1	55.90	25.20	Inf	Asn	94.2	high confidence set
Chr05	16	14948708	14948780	Ala	TGC	0	0	69.1	43.30	25.80	Inf	Ala	101.9	high confidence set
Chr05	17	15074733	15074806	Thr	AGT	0	0	75.0	46.80	28.20	Inf	Thr	89.8	high confidence set
Chr05	18	17052975	17053058	Leu	CAA	0	0	77.9	54.30	23.60	Inf	Leu	125.0	high confidence set
Chr05	19	19729523	19729596	Val	AAC	0	0	64.6	40.40	24.20	Inf	Val	85.9	high confidence set
Chr05	21	28576472	28576543	Pro	AGG	0	0	67.4	34.70	32.70	Inf	Pro	112.3	high confidence set
Chr05	22	36278073	36278154	Ser	AGA	0	0	79.5	43.70	35.80	Inf	Ser	113.0	high confidence set
Chr05	24	41471367	41471451	Met	CAT	41471405	41471415	64.3	40.80	23.50	Inf	Met	104.0	high confidence set
Chr05	25	47395837	47395908	iMet	CAT	0	0	58.3	28.10	30.20	Inf	iMet	118.7	high confidence set
Chr05	26	44922325	44922252	Asn	GTT	0	0	84.5	59.40	25.10	Inf	Asn	95.9	high confidence set
Chr05	27	41470151	41470080	Gln	TTG	0	0	74.2	54.70	19.50	Inf	Gln	105.6	high confidence set
Chr05	28	37812625	37812546	Leu	TAG	0	0	69.5	48.50	21.00	Inf	Leu	111.5	high confidence set
Chr05	29	31124605	31124534	His	GTG	0	0	63.0	33.70	29.30	Inf	His	86.8	high confidence set
Chr05	30	15248214	15248143	Trp	CCA	0	0	75.8	51.20	24.60	Inf	Trp	105.6	high confidence set
Chr05	31	13021238	13021156	Leu	TAA	0	0	68.4	29.10	39.30	Inf	Leu	90.1	high confidence set
Chr05	32	12159804	12159733	Gln	TTG	0	0	73.5	53.70	19.80	Inf	Gln	104.8	high confidence set
Chr05	33	11518788	11518708	Leu	AAG	0	0	74.0	52.20	21.80	Inf	Leu	110.4	high confidence set
Chr05	34	8309927	8309856	Pro	CGG	0	0	68.5	36.10	32.40	Inf	Pro	108.5	high confidence set
Chr05	35	8186047	8185975	Glu	CTC	0	0	72.5	49.70	22.80	Inf	Glu	89.6	high confidence set
Chr05	36	7347514	7347443	Glu	TTC	0	0	72.0	47.50	24.50	Inf	Glu	101.6	high confidence set
Chr05	37	6892797	6892726	Asp	GTC	0	0	69.8	46.80	23.00	Inf	Asp	94.5	high confidence set
Chr05	38	6434744	6434671	Ile	AAT	0	0	76.6	62.30	14.30	Inf	Ile	97.5	high confidence set
Chr05	39	2756426	2756353	Val	AAC	0	0	73.2	49.00	24.20	Inf	Val	95.8	high confidence set
Chr05	40	953470	953398	Glu	CTC	0	0	77.5	51.70	25.80	Inf	Glu	97.9	high confidence set
Chr05	41	943103	943031	Arg	TCT	0	0	68.5	50.60	17.90	Inf	Arg	98.8	high confidence set
Chr06	1	3094858	3094931	Asn	GTT	0	0	84.5	59.40	25.10	Inf	Asn	95.9	high confidence set
Chr06	2	3099148	3099221	Asn	GTT	0	0	84.5	59.40	25.10	Inf	Asn	95.9	high confidence set
Chr06	3	8031074	8031153	Leu	TAG	0	0	69.5	48.50	21.00	Inf	Leu	111.5	high confidence set
Chr06	5	23887899	23887971	Ala	AGC	0	0	63.4	38.20	25.20	Inf	Ala	98.3	high confidence set
Chr06	7	26698855	26698928	Val	AAC	0	0	73.2	49.00	24.20	Inf	Val	95.8	high confidence set
Chr06	8	27739829	27739901	Lys	CTT	0	0	84.3	64.20	20.10	Inf	Lys	102.9	high confidence set
Chr06	9	28067292	28067372	Leu	AAG	0	0	74.0	52.20	21.80	Inf	Leu	110.4	high confidence set
Chr06	10	30226276	30226348	Glu	CTC	0	0	80.0	54.10	25.90	Inf	Glu	99.8	high confidence set
Chr06	11	30633961	30634032	Glu	TTC	0	0	72.0	47.50	24.50	Inf	Glu	101.6	high confidence set
Chr06	12	30987262	30987333	Asp	GTC	0	0	69.8	46.80	23.00	Inf	Asp	94.5	high confidence set
Chr06	13	33986673	33986745	Glu	CTC	0	0	80.0	54.10	25.90	Inf	Glu	95.5	high confidence set
Chr06	14	33987209	33987281	Arg	TCT	0	0	68.5	50.60	17.90	Inf	Arg	98.8	high confidence set
Chr06	15	34028962	34028890	Arg	CCT	0	0	72.2	51.10	21.10	Inf	Arg	81.7	high confidence set
Chr06	16	32493504	32493418	Tyr	GTA	32493467	32493454	74.4	42.90	31.50	Inf	Tyr	111.8	high confidence set
Chr06	17	31466118	31466045	Arg	TCG	0	0	81.9	60.40	21.50	Inf	Arg	92.9	high confidence set
Chr06	18	30958701	30958628	Ile	AAT	0	0	81.8	58.30	23.50	Inf	Ile	106.8	high confidence set
Chr06	19	30573060	30572989	Gln	CTG	0	0	75.3	51.20	24.10	Inf	Gln	106.0	high confidence set
Chr06	20	29878676	29878604	Glu	CTC	0	0	80.0	54.10	25.90	Inf	Glu	95.5	high confidence set
Chr06	21	29794968	29794885	Leu	CAA	0	0	81.0	54.60	26.40	Inf	Leu	125.6	high confidence set
Chr06	22	29447846	29447774	Glu	CTC	0	0	80.0	54.10	25.90	Inf	Glu	99.8	high confidence set
Chr06	23	25983948	25983877	Asp	GTC	0	0	69.8	46.80	23.00	Inf	Asp	95.8	high confidence set
Chr06	24	25852409	25852338	Thr	CGT	0	0	80.5	54.30	26.20	Inf	Thr	87.3	high confidence set
Chr06	25	25833676	25833603	Asn	GTT	0	0	80.0	54.90	25.10	Inf	Asn	93.1	high confidence set
Chr06	26	25581460	25581387	Thr	AGT	0	0	74.7	46.20	28.50	Inf	Thr	89.4	high confidence set
Chr06	28	22821186	22821113	Val	AAC	0	0	72.6	48.30	24.30	Inf	Val	95.5	high confidence set
Chr06	29	17810196	17810125	Thr	TGT	0	0	79.3	49.30	30.00	Inf	Thr	92.3	high confidence set
Chr06	30	8968053	8967972	Ser	AGA	0	0	80.2	44.30	35.90	Inf	Ser	113.4	high confidence set
Chr06	31	4548664	4548593	Trp	CCA	0	0	75.8	51.20	24.60	Inf	Trp	105.6	high confidence set
Chr06	32	1025321	1025250	iMet	CAT	0	0	58.3	28.10	30.20	Inf	iMet	118.7	high confidence set
Chr07	2	4613671	4613743	Phe	GAA	0	0	78.3	58.40	19.90	Inf	Phe	113.2	high confidence set
Chr07	3	9031534	9031604	Gly	GCC	0	0	66.5	44.80	21.70	Inf	Gly	94.4	high confidence set
Chr07	7	24105391	24105463	Lys	TTT	0	0	91.2	66.90	24.30	Inf	Lys	96.5	high confidence set
Chr07	9	30765586	30765658	Phe	GAA	0	0	78.3	58.40	19.90	Inf	Phe	113.2	high confidence set
Chr07	10	32399468	32399539	Trp	CCA	0	0	75.4	50.40	25.00	Inf	Trp	105.1	high confidence set
Chr07	11	34445294	34445366	Glu	CTC	0	0	80.0	54.10	25.90	Inf	Glu	99.8	high confidence set
Chr07	12	34744776	34744859	Leu	CAA	0	0	81.0	54.60	26.40	Inf	Leu	125.6	high confidence set
Chr07	14	36752985	36753056	Asp	GTC	0	0	69.8	46.80	23.00	Inf	Asp	95.8	high confidence set
Chr07	15	37172889	37172961	Ala	CGC	0	0	68.3	44.10	24.20	Inf	Ala	99.2	high confidence set
Chr07	16	42010379	42010451	Arg	CCG	0	0	67.8	49.10	18.70	Inf	Arg	93.5	high confidence set
Chr07	17	42486493	42486566	Thr	AGT	0	0	74.7	46.20	28.50	Inf	Thr	89.4	high confidence set
Chr07	18	40794549	40794477	Arg	ACG	0	0	71.7	49.10	22.60	Inf	Arg	91.4	high confidence set
Chr07	19	40293641	40293560	Ser	CGA	0	0	76.5	44.60	31.90	Inf	Ser	118.0	high confidence set
Chr07	20	37558806	37558734	Lys	CTT	0	0	86.8	66.60	20.20	Inf	Lys	107.7	high confidence set
Chr07	21	37024179	37024106	Thr	AGT	0	0	76.0	48.40	27.60	Inf	Thr	90.6	high confidence set
Chr07	22	34455834	34455762	Glu	CTC	0	0	78.9	53.10	25.80	Inf	Glu	99.2	high confidence set
Chr07	23	32438290	32438219	Asp	GTC	0	0	69.8	46.80	23.00	Inf	Asp	95.8	high confidence set
Chr07	24	32436865	32436794	Asp	GTC	0	0	69.8	46.80	23.00	Inf	Asp	95.8	high confidence set
Chr07	25	29933646	29933575	His	GTG	0	0	63.0	33.70	29.30	Inf	His	86.8	high confidence set
Chr07	26	27990030	27989960	Gly	CCC	0	0	66.0	29.20	36.80	Inf	Gly	87.4	high confidence set
Chr07	27	27342969	27342897	Arg	ACG	0	0	71.7	49.10	22.60	Inf	Arg	91.4	high confidence set
Chr07	28	13553641	13553570	Pro	TGG	0	0	68.5	35.70	32.80	Inf	Pro	111.2	high confidence set
Chr07	29	10591076	10591003	Ile	AAT	0	0	81.8	58.30	23.50	Inf	Ile	106.8	high confidence set
Chr07	30	9368023	9367951	Glu	CTC	0	0	78.9	53.10	25.80	Inf	Glu	99.2	high confidence set
Chr07	31	9031725	9031654	Pro	CGG	0	0	68.5	36.10	32.40	Inf	Pro	108.5	high confidence set
Chr07	33	5873879	5873806	Asn	GTT	0	0	84.5	59.40	25.10	Inf	Asn	95.9	high confidence set
Chr07	34	4809820	4809728	Tyr	GTA	4809783	4809764	74.2	42.70	31.50	Inf	Tyr	111.8	high confidence set
Chr07	35	4606656	4606583	Ile	TAT	0	0	85.9	70.60	15.30	Inf	Ile	103.9	high confidence set
Chr07	37	2755201	2755130	Glu	TTC	0	0	72.0	47.50	24.50	Inf	Glu	101.6	high confidence set
Chr07	38	1848711	1848630	Ser	TGA	0	0	70.7	41.30	29.40	Inf	Ser	95.6	high confidence set
Chr08	1	2389701	2389782	Ser	CGA	0	0	78.2	45.90	32.30	Inf	Ser	121.6	high confidence set
Chr08	2	4691439	4691511	Lys	CTT	0	0	84.3	64.20	20.10	Inf	Lys	102.9	high confidence set
Chr08	3	8542130	8542202	Glu	CTC	0	0	78.9	53.10	25.80	Inf	Glu	99.2	high confidence set
Chr08	4	12789498	12789568	Gly	CCC	0	0	66.0	29.20	36.80	Inf	Gly	87.4	high confidence set
Chr08	5	27327852	27327923	Pro	CGG	0	0	68.5	36.10	32.40	Inf	Pro	108.5	high confidence set
Chr08	6	28309983	28310055	Ala	CGC	0	0	68.3	44.10	24.20	Inf	Ala	99.2	high confidence set
Chr08	7	30622390	30622482	Tyr	GTA	30622427	30622446	63.5	38.80	24.70	Inf	Tyr	99.3	high confidence set
Chr08	8	33154570	33154641	Glu	TTC	0	0	72.0	47.50	24.50	Inf	Glu	101.6	high confidence set
Chr08	9	33227923	33227993	Gly	CCC	0	0	66.0	29.20	36.80	Inf	Gly	87.4	high confidence set
Chr08	10	32627017	32626944	Thr	AGT	0	0	74.7	46.20	28.50	Inf	Thr	89.4	high confidence set
Chr08	11	32101729	32101656	Ile	AAT	0	0	81.8	58.30	23.50	Inf	Ile	106.8	high confidence set
Chr08	12	27328049	27327979	Gly	GCC	0	0	66.5	44.80	21.70	Inf	Gly	94.4	high confidence set
Chr08	13	25879754	25879681	Ile	AAT	0	0	74.1	55.60	18.50	Inf	Ile	95.2	high confidence set
Chr08	14	15722352	15722280	Lys	TTT	0	0	91.2	66.90	24.30	Inf	Lys	96.5	high confidence set
Chr08	15	10270773	10270701	Phe	GAA	0	0	78.3	58.40	19.90	Inf	Phe	113.2	high confidence set
Chr08	16	9155573	9155488	Met	CAT	9155535	9155524	64.2	40.80	23.40	Inf	Met	104.0	high confidence set
Chr08	17	8996720	8996649	Trp	CCA	0	0	75.8	51.20	24.60	Inf	Trp	105.6	high confidence set
Chr08	18	7797884	7797813	Glu	TTC	0	0	72.0	47.50	24.50	Inf	Glu	101.6	high confidence set
Chr08	19	6955995	6955923	Glu	CTC	0	0	72.3	49.90	22.40	Inf	Glu	91.0	high confidence set
Chr08	21	5314501	5314429	Ala	CGC	0	0	68.3	44.10	24.20	Inf	Ala	99.2	high confidence set
Chr08	22	1158850	1158778	Arg	CCG	0	0	67.8	49.10	18.70	Inf	Arg	93.5	high confidence set
Chr09	1	1014594	1014674	Leu	AAG	0	0	74.0	52.20	21.80	Inf	Leu	110.4	high confidence set
Chr09	2	2496415	2496486	Cys	GCA	0	0	82.1	59.90	22.20	Inf	Cys	106.6	high confidence set
Chr09	3	3015995	3016067	Ala	TGC	0	0	65.5	40.70	24.80	Inf	Ala	96.0	high confidence set
Chr09	4	5943797	5943869	Val	TAC	0	0	78.2	43.80	34.40	Inf	Val	106.2	high confidence set
Chr09	5	6004407	6004479	Val	TAC	0	0	77.8	43.10	34.70	Inf	Val	106.5	high confidence set
Chr09	6	6794663	6794735	Glu	CTC	0	0	78.9	53.10	25.80	Inf	Glu	99.2	high confidence set
Chr09	7	9371867	9371946	Leu	TAG	0	0	69.5	48.50	21.00	Inf	Leu	111.5	high confidence set
Chr09	9	15146126	15146205	Leu	TAG	0	0	69.5	48.50	21.00	Inf	Leu	111.5	high confidence set
Chr09	10	19715391	19715464	Trp	CCA	0	0	70.1	43.00	27.10	Inf	Thr	71.6	IPD:-17.70,isotype mismatch
Chr09	12	36970508	36970580	Lys	CTT	0	0	84.3	64.20	20.10	Inf	Lys	102.9	high confidence set
Chr09	13	38813654	38813726	Ala	AGC	0	0	63.4	38.20	25.20	Inf	Ala	98.3	high confidence set
Chr09	14	38977612	38977683	Pro	AGG	0	0	67.4	34.70	32.70	Inf	Pro	112.3	high confidence set
Chr09	16	40631215	40631287	Ala	AGC	0	0	63.4	38.20	25.20	Inf	Ala	98.3	high confidence set
Chr09	17	41602801	41602871	Gly	GCC	0	0	66.5	44.80	21.70	Inf	Gly	94.4	high confidence set
Chr09	18	42286551	42286641	Tyr	GTA	42286588	42286605	74.3	42.80	31.50	Inf	Tyr	111.8	high confidence set
Chr09	19	41565217	41565136	Ser	CGA	0	0	76.5	44.60	31.90	Inf	Ser	118.0	high confidence set
Chr09	21	38380194	38380121	Val	CAC	0	0	82.4	54.40	28.00	Inf	Val	103.7	high confidence set
Chr09	23	14980440	14980368	Arg	ACG	0	0	72.0	49.70	22.30	Inf	Arg	93.9	high confidence set
Chr09	24	14980271	14980188	Leu	CAA	0	0	78.6	55.60	23.00	Inf	Leu	123.0	high confidence set
Chr09	25	13817887	13817814	Thr	AGT	0	0	76.0	48.40	27.60	Inf	Thr	90.6	high confidence set
Chr09	26	12172456	12172385	Thr	CGT	0	0	80.2	53.70	26.50	Inf	Thr	86.8	high confidence set
Chr09	27	10123638	10123566	Phe	GAA	0	0	78.3	58.40	19.90	Inf	Phe	113.2	high confidence set
Chr09	29	7115961	7115891	Gly	GCC	0	0	66.5	44.80	21.70	Inf	Gly	94.4	high confidence set
Chr09	30	7060260	7060188	Ala	TGC	0	0	69.1	43.30	25.80	Inf	Ala	101.9	high confidence set
Chr09	31	3009487	3009416	Cys	GCA	0	0	82.1	59.90	22.20	Inf	Cys	106.6	high confidence set
Chr09	32	2909865	2909784	Ser	GCT	0	0	80.5	45.20	35.30	Inf	Ser	109.5	high confidence set
Chr09	33	2695180	2695109	Gly	TCC	0	0	73.9	46.20	27.70	Inf	Gly	85.6	high confidence set
Chr09	34	1669065	1668986	Leu	TAG	0	0	69.5	48.50	21.00	Inf	Leu	111.5	high confidence set
Chr09	35	1616597	1616526	Pro	CGG	0	0	68.5	36.10	32.40	Inf	Pro	108.5	high confidence set
Chr09	36	934292	934210	Leu	TAA	0	0	71.4	34.20	37.20	Inf	Leu	96.4	high confidence set
Chr10	1	48923	48995	Lys	CTT	0	0	84.3	64.20	20.10	Inf	Lys	102.9	high confidence set
Chr10	2	605879	605959	Leu	AAG	0	0	74.0	52.20	21.80	Inf	Leu	110.4	high confidence set
Chr10	3	2012256	2012327	Cys	GCA	0	0	74.9	56.70	18.20	Inf	Cys	100.8	high confidence set
Chr10	4	2285018	2285090	Ala	TGC	0	0	65.5	40.20	25.30	Inf	Ala	97.8	high confidence set
Chr10	5	2586762	2586834	Ala	TGC	0	0	65.5	40.20	25.30	Inf	Ala	97.8	high confidence set
Chr10	6	4886520	4886592	Val	TAC	0	0	78.2	43.80	34.40	Inf	Val	106.2	high confidence set
Chr10	7	4936358	4936430	Val	TAC	0	0	75.3	42.20	33.10	Inf	Val	99.8	high confidence set
Chr10	8	6879219	6879290	Gly	TCC	0	0	73.9	46.20	27.70	Inf	Gly	85.6	high confidence set
Chr10	9	7350762	7350834	Lys	TTT	0	0	92.1	68.40	23.70	Inf	Lys	99.2	high confidence set
Chr10	11	34715912	34715984	Ala	AGC	0	0	63.4	38.20	25.20	Inf	Ala	98.3	high confidence set
Chr10	12	34716060	34716141	Ser	AGA	0	0	77.1	42.80	34.30	Inf	Ser	110.5	high confidence set
Chr10	13	37117304	37117374	Gly	GCC	0	0	66.5	44.80	21.70	Inf	Gly	94.4	high confidence set
Chr10	14	37847195	37847289	Tyr	GTA	37847232	37847253	54.8	29.40	25.40	Inf	Tyr	90.3	high confidence set
Chr10	15	34743368	34743297	Asp	GTC	0	0	65.3	45.20	20.10	Inf	Asp	86.7	high confidence set
Chr10	16	34524890	34524817	Val	CAC	0	0	82.4	54.40	28.00	Inf	Val	103.7	high confidence set
Chr10	18	12367898	12367826	Arg	ACG	0	0	72.0	49.70	22.30	Inf	Arg	93.9	high confidence set
Chr10	19	12367745	12367662	Leu	CAA	0	0	78.6	55.60	23.00	Inf	Leu	123.0	high confidence set
Chr10	20	10164670	10164599	Thr	CGT	0	0	80.2	53.70	26.50	Inf	Thr	86.8	high confidence set
Chr10	21	8698161	8698089	Phe	GAA	0	0	78.3	58.40	19.90	Inf	Phe	113.2	high confidence set
Chr10	23	6850084	6850011	Ile	AAT	0	0	79.3	55.80	23.50	Inf	Ile	104.3	high confidence set
Chr10	24	6380918	6380848	Gly	GCC	0	0	66.5	44.80	21.70	Inf	Gly	94.4	high confidence set
Chr10	25	2578550	2578479	Cys	GCA	0	0	82.1	59.90	22.20	Inf	Cys	106.6	high confidence set
Chr10	26	2504571	2504490	Ser	GCT	0	0	80.5	45.20	35.30	Inf	Ser	109.5	high confidence set
Chr10	27	1220126	1220047	Leu	TAG	0	0	69.5	48.50	21.00	Inf	Leu	111.5	high confidence set
Chr10	28	1171859	1171788	Pro	CGG	0	0	68.5	36.10	32.40	Inf	Pro	108.5	high confidence set
Chr10	29	559857	559775	Leu	TAA	0	0	71.4	34.20	37.20	Inf	Leu	96.4	high confidence set
Chr10	30	482556	482484	Arg	TCT	0	0	68.5	50.60	17.90	Inf	Arg	98.8	high confidence set
Chr11	1	7391648	7391728	Leu	CAG	0	0	69.5	46.80	22.70	Inf	Leu	109.7	high confidence set
Chr11	2	10677075	10677148	Ile	AAT	0	0	79.9	57.80	22.10	Inf	Ile	102.5	high confidence set
Chr11	3	11639600	11639672	Arg	CCG	0	0	65.5	47.30	18.20	Inf	Arg	91.7	high confidence set
Chr11	4	12647604	12647675	Asp	GTC	0	0	69.8	46.80	23.00	Inf	Asp	94.5	high confidence set
Chr11	7	26790870	26790941	Cys	GCA	0	0	81.1	58.90	22.20	Inf	Cys	107.3	high confidence set
Chr11	8	28032245	28032316	Trp	CCA	0	0	75.8	51.20	24.60	Inf	Trp	105.6	high confidence set
Chr11	9	32816203	32816274	iMet	CAT	0	0	58.3	28.10	30.20	Inf	iMet	118.7	high confidence set
Chr11	10	33085648	33085719	Gly	TCC	0	0	73.9	46.20	27.70	Inf	Gly	85.6	high confidence set
Chr11	11	33839152	33839223	Thr	TGT	0	0	84.5	58.50	26.00	Inf	Thr	95.0	high confidence set
Chr11	12	34105860	34105931	Asp	GTC	0	0	69.8	46.80	23.00	Inf	Asp	94.5	high confidence set
Chr11	13	35620849	35620921	Lys	CTT	0	0	86.8	66.60	20.20	Inf	Lys	107.7	high confidence set
Chr11	14	39983312	39983382	Gly	CCC	0	0	66.0	29.20	36.80	Inf	Gly	87.4	high confidence set
Chr11	15	41893081	41893153	Phe	GAA	0	0	78.3	58.40	19.90	Inf	Phe	113.2	high confidence set
Chr11	16	42373565	42373494	Trp	CCA	0	0	75.8	51.20	24.60	Inf	Trp	105.6	high confidence set
Chr11	17	42037273	42037202	iMet	CAT	0	0	58.3	28.10	30.20	Inf	iMet	118.7	high confidence set
Chr11	18	40463175	40463103	Phe	GAA	0	0	78.3	58.40	19.90	Inf	Phe	113.2	high confidence set
Chr11	19	38896087	38896015	Phe	GAA	0	0	78.3	58.40	19.90	Inf	Phe	113.2	high confidence set
Chr11	20	38773228	38773156	Phe	GAA	0	0	78.3	58.40	19.90	Inf	Phe	113.2	high confidence set
Chr11	21	38711283	38711212	Gln	CTG	0	0	75.3	51.20	24.10	Inf	Gln	103.1	high confidence set
Chr11	22	37701821	37701748	Ile	TAT	0	0	85.9	70.60	15.30	Inf	Ile	103.9	high confidence set
Chr11	23	36198262	36198189	Asn	GTT	0	0	83.9	58.50	25.40	Inf	Asn	97.4	high confidence set
Chr11	24	34578480	34578407	Val	AAC	0	0	72.5	48.10	24.40	Inf	Val	100.2	high confidence set
Chr11	25	33704408	33704336	Ala	AGC	0	0	63.4	38.20	25.20	Inf	Ala	98.3	high confidence set
Chr11	26	33369424	33369352	Ala	AGC	0	0	63.4	38.20	25.20	Inf	Ala	98.3	high confidence set
Chr11	27	33167215	33167132	Leu	CAA	0	0	69.9	47.60	22.30	Inf	Leu	108.9	high confidence set
Chr11	28	32293087	32293015	Ala	CGC	0	0	68.3	44.10	24.20	Inf	Ala	99.2	high confidence set
Chr11	29	32128014	32127943	Gln	CTG	0	0	74.3	49.60	24.70	Inf	Gln	103.3	high confidence set
Chr11	30	27364284	27364199	Met	CAT	27364246	27364235	64.2	40.80	23.40	Inf	Met	104.0	high confidence set
Chr11	31	25027394	25027303	Tyr	GTA	25027357	25027339	69.8	38.30	31.50	Inf	Tyr	108.3	high confidence set
Chr11	32	19839193	19839101	Tyr	GTA	19839156	19839137	74.2	42.70	31.50	Inf	Tyr	111.8	high confidence set
Chr11	33	10059426	10059355	Asp	GTC	0	0	69.8	46.80	23.00	Inf	Asp	94.5	high confidence set
Chr11	34	2049773	2049702	Thr	TGT	0	0	79.3	49.30	30.00	Inf	Thr	92.3	high confidence set
Chr11	36	1143150	1143069	Ser	TGA	0	0	78.3	44.40	33.90	Inf	Ser	115.8	high confidence set
Chr11	37	754787	754716	Gln	TTG	0	0	73.5	53.70	19.80	Inf	Gln	104.8	high confidence set
Chr12	1	15777082	15777153	Thr	TGT	0	0	79.3	49.30	30.00	Inf	Thr	92.3	high confidence set
Chr12	2	17375033	17375113	Leu	AAG	0	0	72.6	49.90	22.70	Inf	Leu	108.7	high confidence set
Chr12	3	19341101	19341173	Glu	CTC	0	0	69.3	52.30	17.00	Inf	Glu	92.1	high confidence set
Chr12	4	20643029	20643100	Trp	CCA	0	0	75.8	51.20	24.60	Inf	Trp	105.6	high confidence set
Chr12	5	22509733	22509804	iMet	CAT	0	0	58.3	28.10	30.20	Inf	iMet	118.7	high confidence set
Chr12	6	22664740	22664811	Gly	TCC	0	0	73.9	46.20	27.70	Inf	Gly	85.6	high confidence set
Chr12	7	23091532	23091603	Thr	TGT	0	0	84.5	58.50	26.00	Inf	Thr	95.0	high confidence set
Chr12	8	24069220	24069293	Val	AAC	0	0	73.2	49.00	24.20	Inf	Val	95.8	high confidence set
Chr12	9	24211004	24211076	Lys	CTT	0	0	84.3	64.20	20.10	Inf	Lys	102.9	high confidence set
Chr12	10	26381235	26381305	Gly	CCC	0	0	66.0	29.20	36.80	Inf	Gly	87.4	high confidence set
Chr12	11	27256050	27256122	Phe	GAA	0	0	78.3	58.40	19.90	Inf	Phe	113.2	high confidence set
Chr12	13	26675846	26675774	Phe	GAA	0	0	78.3	58.40	19.90	Inf	Phe	113.2	high confidence set
Chr12	14	26073195	26073114	Ser	AGA	0	0	78.7	42.50	36.20	Inf	Ser	114.6	high confidence set
Chr12	15	25984370	25984298	Phe	GAA	0	0	71.5	58.10	13.40	Inf	Phe	102.3	high confidence set
Chr12	16	25947192	25947121	Gln	CTG	0	0	73.9	50.90	23.00	Inf	Gln	104.0	high confidence set
Chr12	17	25314342	25314269	Ile	TAT	0	0	85.9	70.60	15.30	Inf	Ile	103.9	high confidence set
Chr12	18	24348002	24347929	Asn	GTT	0	0	83.9	58.50	25.40	Inf	Asn	97.4	high confidence set
Chr12	19	23648026	23647953	Val	AAC	0	0	73.2	49.00	24.20	Inf	Val	95.8	high confidence set
Chr12	20	22769148	22769076	Ala	AGC	0	0	63.4	38.20	25.20	Inf	Ala	98.3	high confidence set
Chr12	21	22688801	22688718	Leu	CAA	0	0	76.7	54.50	22.20	Inf	Leu	123.1	high confidence set
Chr12	22	22169272	22169200	Ala	CGC	0	0	68.3	44.10	24.20	Inf	Ala	99.2	high confidence set
Chr12	23	22102391	22102320	Gln	CTG	0	0	74.3	49.60	24.70	Inf	Gln	103.3	high confidence set
Chr12	24	19370675	19370583	Tyr	GTA	19370638	19370619	74.2	42.70	31.50	Inf	Tyr	111.8	high confidence set
Chr13	1	1169048	1169120	Arg	ACG	0	0	71.7	49.10	22.60	Inf	Arg	91.4	high confidence set
Chr13	2	2293181	2293252	Trp	CCA	0	0	75.8	51.20	24.60	Inf	Trp	105.6	high confidence set
Chr13	3	6619660	6619730	Gly	GCC	0	0	66.5	44.80	21.70	Inf	Gly	94.4	high confidence set
Chr13	4	7603040	7603111	Glu	TTC	0	0	64.9	47.60	17.30	Inf	Glu	89.2	high confidence set
Chr13	5	7658497	7658570	Ile	TAT	0	0	85.9	70.60	15.30	Inf	Ile	103.9	high confidence set
Chr13	6	11201118	11201191	Val	AAC	0	0	73.2	49.00	24.20	Inf	Val	95.8	high confidence set
Chr13	7	24356034	24356105	Gln	CTG	0	0	69.2	46.90	22.30	Inf	Gln	94.8	high confidence set
Chr13	8	26324765	26324847	Leu	TAA	0	0	69.6	32.90	36.70	Inf	Leu	93.5	high confidence set
Chr13	9	26551407	26551479	Arg	TCT	0	0	59.9	48.00	11.90	Inf	Arg	85.4	high confidence set
Chr13	10	27530261	27530333	Ala	TGC	0	0	69.1	43.30	25.80	Inf	Ala	101.9	high confidence set
Chr13	11	28001989	28002061	Lys	TTT	0	0	91.2	66.90	24.30	Inf	Lys	96.5	high confidence set
Chr13	12	28532314	28532385	Glu	TTC	0	0	72.0	47.50	24.50	Inf	Glu	101.6	high confidence set
Chr13	13	32340530	32340602	Ala	AGC	0	0	63.4	38.20	25.20	Inf	Ala	98.3	high confidence set
Chr13	14	32780588	32780659	Gly	TCC	0	0	71.0	46.70	24.30	Inf	Gly	82.3	high confidence set
Chr13	15	32783810	32783881	Gly	TCC	0	0	73.9	46.20	27.70	Inf	Gly	85.6	high confidence set
Chr13	16	26493275	26493194	Ser	GCT	0	0	80.5	45.20	35.30	Inf	Ser	109.5	high confidence set
Chr13	17	26212044	26211964	Leu	AAG	0	0	74.0	52.20	21.80	Inf	Leu	110.4	high confidence set
Chr13	18	11144240	11144169	His	GTG	0	0	63.0	33.70	29.30	Inf	His	86.8	high confidence set
Chr13	19	10219429	10219358	Gly	TCC	0	0	73.9	46.20	27.70	Inf	Gly	85.6	high confidence set
Chr13	20	9427974	9427901	Val	CAC	0	0	82.4	54.40	28.00	Inf	Val	103.7	high confidence set
Chr13	21	9384504	9384423	Ser	AGA	0	0	80.2	44.30	35.90	Inf	Ser	113.4	high confidence set
Chr13	22	8059058	8058987	His	GTG	0	0	61.4	34.60	26.80	Inf	His	85.6	high confidence set
Chr13	23	7609492	7609420	Glu	CTC	0	0	80.2	54.50	25.70	Inf	Glu	94.9	high confidence set
Chr13	24	7250562	7250492	Gly	GCC	0	0	66.5	44.80	21.70	Inf	Gly	94.4	high confidence set
Chr13	25	3667259	3667188	His	GTG	0	0	63.0	33.70	29.30	Inf	His	86.8	high confidence set
Chr13	26	3658525	3658443	Leu	TAA	0	0	67.3	28.90	38.40	Inf	Leu	89.8	high confidence set
Chr13	27	3596475	3596403	Arg	TCT	0	0	68.1	50.00	18.10	Inf	Arg	96.3	high confidence set
Chr13	29	3353621	3353548	Ile	AAT	0	0	72.7	57.50	15.20	Inf	Ile	97.4	high confidence set
Chr13	30	1851628	1851555	Val	CAC	0	0	82.4	54.40	28.00	Inf	Val	103.7	high confidence set
Chr13	31	528603	528522	Ser	GCT	0	0	80.5	45.20	35.30	Inf	Ser	109.5	high confidence set
Chr14	1	927254	927326	Arg	ACG	0	0	71.7	49.10	22.60	Inf	Arg	91.4	high confidence set
Chr14	2	2165051	2165122	Trp	CCA	0	0	75.8	51.20	24.60	Inf	Trp	105.6	high confidence set
Chr14	3	6376666	6376738	Lys	TTT	0	0	91.2	66.90	24.30	Inf	Lys	96.5	high confidence set
Chr14	4	8145472	8145543	Glu	TTC	0	0	72.0	47.50	24.50	Inf	Glu	101.6	high confidence set
Chr14	5	8161035	8161108	Ile	TAT	0	0	85.9	70.60	15.30	Inf	Ile	103.9	high confidence set
Chr14	6	9312009	9312080	Asp	GTC	0	0	69.8	46.80	23.00	Inf	Asp	94.5	high confidence set
Chr14	7	28894154	28894226	Ala	AGC	0	0	56.6	32.50	24.10	Inf	Ala	91.6	high confidence set
Chr14	8	29698064	29698135	Gly	TCC	0	0	73.9	46.20	27.70	Inf	Gly	85.6	high confidence set
Chr14	9	29700755	29700826	Gly	TCC	0	0	73.9	46.20	27.70	Inf	Gly	85.6	high confidence set
Chr14	10	29725049	29724978	iMet	CAT	0	0	56.4	24.80	31.60	Inf	iMet	116.1	high confidence set
Chr14	12	23628425	23628344	Ser	GCT	0	0	80.5	45.20	35.30	Inf	Ser	109.5	high confidence set
Chr14	13	23378150	23378070	Leu	AAG	0	0	74.0	52.20	21.80	Inf	Leu	110.4	high confidence set
Chr14	15	9362510	9362437	Val	CAC	0	0	82.4	54.40	28.00	Inf	Val	103.7	high confidence set
Chr14	16	9321684	9321603	Ser	AGA	0	0	80.2	44.30	35.90	Inf	Ser	113.4	high confidence set
Chr14	17	8303465	8303394	His	GTG	0	0	63.0	33.70	29.30	Inf	His	86.8	high confidence set
Chr14	18	7783272	7783202	Gly	GCC	0	0	66.5	44.80	21.70	Inf	Gly	94.4	high confidence set
Chr14	19	3916324	3916253	His	GTG	0	0	63.0	33.70	29.30	Inf	His	86.8	high confidence set
Chr14	20	3908873	3908791	Leu	TAA	0	0	67.3	28.90	38.40	Inf	Leu	89.8	high confidence set
Chr14	21	3827266	3827194	Arg	TCT	0	0	68.1	50.00	18.10	Inf	Arg	96.3	high confidence set
Chr14	22	1605304	1605231	Val	CAC	0	0	74.4	46.50	27.90	Inf	Val	95.7	high confidence set
Chr14	23	253126	253045	Ser	GCT	0	0	80.5	45.20	35.30	Inf	Ser	109.5	high confidence set
Chr15	1	9699455	9699527	Arg	CCT	0	0	72.6	51.90	20.70	Inf	Arg	83.4	high confidence set
Chr15	3	16093002	16093074	Ala	AGC	0	0	63.4	38.20	25.20	Inf	Ala	98.3	high confidence set
Chr15	4	28529569	28529641	Phe	GAA	0	0	71.9	55.80	16.10	Inf	Phe	104.1	high confidence set
Chr15	5	30735560	30735640	Leu	CAG	0	0	69.5	46.80	22.70	Inf	Leu	109.7	high confidence set
Chr15	13	38217515	38217442	Thr	AGT	0	0	74.7	46.20	28.50	Inf	Thr	89.4	high confidence set
Chr15	14	29027778	29027707	Pro	TGG	0	0	68.5	35.70	32.80	Inf	Pro	111.2	high confidence set
Chr15	15	28971584	28971513	Pro	TGG	0	0	55.7	29.70	26.00	Inf	Pro	100.4	high confidence set
Chr15	16	28898459	28898388	Pro	TGG	0	0	68.5	35.70	32.80	Inf	Pro	111.2	high confidence set
Chr15	18	15706203	15706132	Glu	TTC	0	0	72.0	47.50	24.50	Inf	Glu	101.6	high confidence set
Chr16	1	2504014	2504085	Gln	TTG	0	0	73.5	53.70	19.80	Inf	Gln	104.8	high confidence set
Chr16	2	2540961	2541031	Gly	GCC	0	0	66.5	44.80	21.70	Inf	Gly	94.4	high confidence set
Chr16	3	7728054	7728126	Arg	CCT	0	0	72.6	51.90	20.70	Inf	Arg	83.4	high confidence set
Chr16	5	22230030	22230110	Leu	CAG	0	0	69.5	46.80	22.70	Inf	Leu	109.7	high confidence set
Chr16	10	21358719	21358648	Pro	TGG	0	0	68.5	35.70	32.80	Inf	Pro	111.2	high confidence set
Chr16	12	11961653	11961582	Gln	TTG	0	0	73.5	53.70	19.80	Inf	Gln	104.8	high confidence set
