Sequence      		tRNA  	Bounds	tRNA	Anti	Intron Bounds	Inf	HMM	2'Str	Hit	Isotype	Isotype	      
Name          	tRNA#	Begin 	End   	Type	Codon	Begin	End	Score	Score	Score	Origin	CM	Score	Note
--------      	------	----- 	------	----	-----	-----	----	------	-----	-----	------	-------	-------	------
scaffold00033	1	206487	206558	Cys	GCA	0	0	79.9	59.80	20.10	Inf	Cys	108.3	high confidence set
scaffold00046	1	112696	112769	Ile	TAT	0	0	85.9	70.60	15.30	Inf	Ile	103.9	high confidence set
scaffold00055	1	533428	533508	Leu	AAG	0	0	74.0	52.20	21.80	Inf	Leu	110.4	high confidence set
scaffold00095	1	857	927	Gly	GCC	0	0	66.5	44.80	21.70	Inf	Gly	94.4	high confidence set
scaffold00154	1	255201	255272	Lys	TTT	0	0	92.3	68.60	23.70	Inf	Lys	97.5	high confidence set
scaffold00154	2	1625893	1625964	Lys	TTT	0	0	92.3	68.60	23.70	Inf	Lys	97.5	high confidence set
scaffold00154	3	1015227	1015155	Ala	TGC	0	0	65.5	40.70	24.80	Inf	Ala	96.0	high confidence set
scaffold00164	1	585088	585017	iMet	CAT	0	0	58.3	28.10	30.20	Inf	iMet	118.7	high confidence set
scaffold00252	1	521358	521444	Ser	GGA	0	0	57.8	33.60	24.20	Inf	Ser	76.1	unexpected anticodon
scaffold00276	1	301904	301975	His	GTG	0	0	51.7	27.00	24.70	Inf	His	74.0	high confidence set
scaffold00288	1	8736	8655	Ser	CGA	0	0	78.9	46.60	32.30	Inf	Ser	122.0	high confidence set
scaffold00345	1	121977	121905	Arg	ACG	0	0	67.1	45.00	22.10	Inf	Arg	88.2	high confidence set
scaffold00345	2	119887	119815	Arg	ACG	0	0	71.7	49.10	22.60	Inf	Arg	91.4	high confidence set
scaffold00345	3	70745	70662	Leu	CAA	0	0	76.7	54.50	22.20	Inf	Leu	123.1	high confidence set
scaffold00378	1	119923	119994	Gly	TCC	0	0	73.9	46.20	27.70	Inf	Gly	85.6	high confidence set
scaffold00378	3	120978	120907	Gly	TCC	0	0	73.9	46.20	27.70	Inf	Gly	85.6	high confidence set
scaffold00429	1	1490036	1490108	Ala	CGC	0	0	68.3	44.10	24.20	Inf	Ala	99.2	high confidence set
scaffold00429	2	1968084	1968157	Arg	TCG	0	0	82.3	61.00	21.30	Inf	Arg	91.9	high confidence set
scaffold00429	3	1655485	1655415	Gly	CCC	0	0	66.0	29.20	36.80	Inf	Gly	87.4	high confidence set
scaffold00429	4	1363876	1363804	Phe	GAA	0	0	76.1	54.40	21.70	Inf	Phe	115.3	high confidence set
scaffold00429	5	765512	765441	Lys	TTT	0	0	92.3	68.60	23.70	Inf	Lys	97.5	high confidence set
scaffold00438	1	268140	268211	Trp	CCA	0	0	75.8	51.20	24.60	Inf	Trp	105.6	high confidence set
scaffold00438	2	276715	276786	Trp	CCA	0	0	75.8	51.20	24.60	Inf	Trp	105.6	high confidence set
scaffold00438	3	280581	280652	Trp	CCA	0	0	75.8	51.20	24.60	Inf	Trp	105.6	high confidence set
scaffold00444	1	792829	792756	Val	AAC	0	0	72.9	48.60	24.30	Inf	Val	93.8	high confidence set
scaffold00464	1	214218	214291	Asn	GTT	0	0	84.5	59.40	25.10	Inf	Asn	95.9	high confidence set
scaffold00464	2	143346	143275	Lys	TTT	0	0	90.8	66.40	24.40	Inf	Lys	91.5	high confidence set
scaffold00476	1	61077	60994	Met	CAT	61039	61030	64.3	40.80	23.50	Inf	Met	104.0	high confidence set
scaffold00540	1	1074499	1074426	Thr	AGT	0	0	74.7	46.20	28.50	Inf	Thr	89.4	high confidence set
scaffold00540	2	842781	842699	Leu	TAA	0	0	69.7	31.30	38.40	Inf	Leu	92.9	high confidence set
scaffold00540	3	363142	363062	Leu	AAG	0	0	74.0	52.20	21.80	Inf	Leu	110.4	high confidence set
scaffold00540	4	95654	95583	Gly	TCC	0	0	73.9	46.20	27.70	Inf	Gly	85.6	high confidence set
scaffold00542	1	77682	77753	His	GTG	0	0	63.0	33.70	29.30	Inf	His	87.1	high confidence set
scaffold00542	2	1558591	1558664	Val	AAC	0	0	72.9	48.60	24.30	Inf	Val	93.8	high confidence set
scaffold00542	3	1729883	1729955	Val	TAC	0	0	78.2	43.80	34.40	Inf	Val	106.2	high confidence set
scaffold00542	4	1731195	1731267	Val	TAC	0	0	78.2	43.80	34.40	Inf	Val	106.2	high confidence set
scaffold00542	5	2242059	2242131	Glu	CTC	0	0	78.9	53.10	25.80	Inf	Glu	99.2	high confidence set
scaffold00542	6	2575979	2576050	Trp	CCA	0	0	75.8	51.20	24.60	Inf	Trp	105.6	high confidence set
scaffold00542	7	3147662	3147734	Lys	CTT	0	0	87.7	67.60	20.10	Inf	Lys	106.7	high confidence set
scaffold00542	8	3275252	3275323	Thr	CGT	0	0	80.5	54.30	26.20	Inf	Thr	87.3	high confidence set
scaffold00542	9	3145606	3145534	Val	TAC	0	0	78.2	43.80	34.40	Inf	Val	106.2	high confidence set
scaffold00542	10	2163127	2163057	Gly	GCC	0	0	66.5	44.80	21.70	Inf	Gly	94.4	high confidence set
scaffold00555	1	6526	6596	Gly	GCC	0	0	66.5	44.80	21.70	Inf	Gly	94.4	high confidence set
scaffold00557	1	480524	480604	Leu	AAG	0	0	74.0	52.20	21.80	Inf	Leu	110.4	high confidence set
scaffold00557	2	321726	321654	Ala	AGC	0	0	63.4	38.20	25.20	Inf	Ala	98.3	high confidence set
scaffold00557	3	92332	92259	Ile	TAT	0	0	85.9	70.60	15.30	Inf	Ile	103.9	high confidence set
scaffold00582	1	393283	393202	Ser	TGA	0	0	80.7	46.10	34.60	Inf	Ser	119.7	high confidence set
scaffold00621	1	250747	250675	Ala	AGC	0	0	59.6	37.50	22.10	Inf	Ala	96.4	high confidence set
scaffold00621	2	244434	244362	Ala	AGC	0	0	63.4	38.20	25.20	Inf	Ala	98.3	high confidence set
scaffold00621	3	235654	235582	Ala	AGC	0	0	59.6	37.50	22.10	Inf	Ala	96.4	high confidence set
scaffold00621	4	233194	233122	Ala	AGC	0	0	57.1	35.30	21.80	Inf	Ala	93.0	high confidence set
scaffold00696	1	484848	484921	Val	AAC	0	0	72.9	48.60	24.30	Inf	Val	93.8	high confidence set
scaffold00696	2	1131612	1131684	Ala	AGC	0	0	63.4	38.20	25.20	Inf	Ala	98.3	high confidence set
scaffold00696	3	1136992	1137064	Ala	AGC	0	0	63.4	38.20	25.20	Inf	Ala	98.3	high confidence set
scaffold00696	4	1137138	1137219	Ser	AGA	0	0	77.8	43.40	34.40	Inf	Ser	110.9	high confidence set
scaffold00696	5	1139797	1139869	Ala	AGC	0	0	63.4	38.20	25.20	Inf	Ala	98.3	high confidence set
scaffold00696	6	1139945	1140026	Ser	AGA	0	0	70.0	39.00	31.00	Inf	Ser	101.4	high confidence set
scaffold00696	7	1643760	1643832	Lys	CTT	0	0	87.7	67.60	20.10	Inf	Lys	106.7	high confidence set
scaffold00696	8	1657495	1657577	Leu	TAA	0	0	69.7	31.30	38.40	Inf	Leu	92.9	high confidence set
scaffold00696	9	1480007	1479935	Ala	TGC	0	0	70.0	45.30	24.70	Inf	Ala	100.6	high confidence set
scaffold00696	10	1038511	1038438	Val	CAC	0	0	82.4	54.40	28.00	Inf	Val	103.7	high confidence set
scaffold00696	11	604727	604654	Val	AAC	0	0	71.9	47.60	24.30	Inf	Val	91.0	high confidence set
scaffold00696	12	262531	262450	Ser	GCT	0	0	80.1	44.40	35.70	Inf	Ser	105.6	high confidence set
scaffold00765	1	489249	489156	Tyr	GTA	489212	489192	74.2	42.70	31.50	Inf	Tyr	111.8	high confidence set
scaffold00765	2	473445	473373	Ala	AGC	0	0	56.9	38.50	18.40	Inf	Ala	91.0	high confidence set
scaffold00785	1	330791	330720	Lys	TTT	0	0	92.3	68.60	23.70	Inf	Lys	97.5	high confidence set
scaffold00789	1	134340	134420	Leu	AAG	0	0	74.0	52.20	21.80	Inf	Leu	110.4	high confidence set
scaffold00789	2	466488	466561	Arg	TCG	0	0	81.9	60.40	21.50	Inf	Arg	92.9	high confidence set
scaffold00789	3	481555	481628	Arg	TCG	0	0	81.9	60.40	21.50	Inf	Arg	92.9	high confidence set
scaffold00789	4	742799	742870	Lys	TTT	0	0	92.3	68.60	23.70	Inf	Lys	97.5	high confidence set
scaffold00791	1	60525	60596	Sup	TCA	0	0	66.4	46.40	20.00	Inf	Trp	97.7	IPD:-97.70,unexpected anticodon
scaffold00791	2	303472	303545	Arg	TCG	0	0	83.2	61.60	21.60	Inf	Arg	91.9	high confidence set
scaffold00791	3	330021	330092	Gln	TTG	0	0	73.5	53.70	19.80	Inf	Gln	104.8	high confidence set
scaffold00791	4	549632	549717	Met	CAT	549670	549681	64.2	40.80	23.40	Inf	Met	104.0	high confidence set
scaffold00793	1	897440	897511	Cys	GCA	0	0	78.8	59.70	19.10	Inf	Cys	103.4	high confidence set
scaffold00793	2	1788985	1789057	Arg	TCT	0	0	68.1	50.00	18.10	Inf	Arg	96.3	high confidence set
scaffold00793	4	1770242	1770162	Leu	AAG	0	0	74.0	52.20	21.80	Inf	Leu	110.4	high confidence set
scaffold00793	5	1685376	1685305	Glu	TTC	0	0	73.6	49.70	23.90	Inf	Glu	104.1	high confidence set
scaffold00793	6	1211335	1211255	Leu	AAG	0	0	65.9	48.30	17.60	Inf	Leu	101.5	high confidence set
scaffold00793	7	591300	591219	Ser	AGA	0	0	77.1	42.80	34.30	Inf	Ser	110.5	high confidence set
scaffold00858	1	174564	174635	iMet	CAT	0	0	55.0	21.60	33.40	Inf	iMet	113.8	high confidence set
scaffold00858	2	518019	517948	iMet	CAT	0	0	58.3	28.10	30.20	Inf	iMet	118.7	high confidence set
scaffold00858	3	294424	294353	Pro	CGG	0	0	68.5	36.10	32.40	Inf	Pro	108.5	high confidence set
scaffold00858	4	46628	46546	Leu	TAA	0	0	69.7	31.30	38.40	Inf	Leu	92.9	high confidence set
scaffold00862	1	490139	490058	Ser	TGA	0	0	80.7	46.10	34.60	Inf	Ser	119.7	high confidence set
scaffold00867	1	71029	71102	Arg	TCG	0	0	77.9	57.50	20.40	Inf	Arg	90.6	high confidence set
scaffold00867	2	103367	103438	Asp	GTC	0	0	69.8	46.80	23.00	Inf	Asp	95.8	high confidence set
scaffold00867	3	141395	141323	Glu	CTC	0	0	78.9	53.10	25.80	Inf	Glu	99.2	high confidence set
scaffold00870	1	281814	281885	Trp	CCA	0	0	75.8	51.20	24.60	Inf	Trp	105.6	high confidence set
scaffold00870	2	464447	464519	Glu	CTC	0	0	78.9	53.10	25.80	Inf	Glu	99.2	high confidence set
scaffold00888	1	332158	332239	Ser	TGA	0	0	80.7	46.10	34.60	Inf	Ser	119.7	high confidence set
scaffold00888	3	913870	913797	Asn	GTT	0	0	84.5	59.40	25.10	Inf	Asn	95.9	high confidence set
scaffold00888	4	779362	779282	Leu	AAG	0	0	74.0	52.20	21.80	Inf	Leu	110.4	high confidence set
scaffold00894	1	661833	661905	Ala	CGC	0	0	64.5	43.40	21.10	Inf	Ala	97.4	high confidence set
scaffold00894	2	1022137	1022208	iMet	CAT	0	0	58.3	28.10	30.20	Inf	iMet	118.7	high confidence set
scaffold00894	3	1937755	1937827	Ala	AGC	0	0	63.4	38.20	25.20	Inf	Ala	98.3	high confidence set
scaffold00894	4	1937970	1938042	Ala	AGC	0	0	63.4	38.20	25.20	Inf	Ala	98.3	high confidence set
scaffold00894	5	1938288	1938360	Ala	AGC	0	0	63.4	38.20	25.20	Inf	Ala	98.3	high confidence set
scaffold00894	6	1944633	1944704	Pro	CGG	0	0	66.2	37.40	28.80	Inf	Pro	103.3	high confidence set
scaffold00894	7	2182740	2182810	Gly	CCC	0	0	66.0	29.20	36.80	Inf	Gly	87.4	high confidence set
scaffold00894	8	2735258	2735177	Ser	TGA	0	0	80.7	46.10	34.60	Inf	Ser	119.7	high confidence set
scaffold00894	9	1177968	1177895	Asn	GTT	0	0	84.5	59.40	25.10	Inf	Asn	95.9	high confidence set
scaffold00894	10	1017706	1017635	Trp	CCA	0	0	75.8	51.20	24.60	Inf	Trp	105.6	high confidence set
scaffold00894	11	470551	470480	Glu	TTC	0	0	72.0	47.50	24.50	Inf	Glu	101.6	high confidence set
scaffold00894	12	428238	428165	Val	CAC	0	0	80.3	50.60	29.70	Inf	Val	104.0	high confidence set
scaffold00905	1	353091	353162	iMet	CAT	0	0	55.7	25.50	30.20	Inf	iMet	113.4	high confidence set
scaffold00919	1	226948	227019	His	GTG	0	0	63.0	33.70	29.30	Inf	His	87.1	high confidence set
scaffold00919	2	700598	700668	Gly	GCC	0	0	66.5	44.80	21.70	Inf	Gly	94.4	high confidence set
scaffold00919	3	1710320	1710392	Glu	CTC	0	0	78.9	53.10	25.80	Inf	Glu	99.2	high confidence set
scaffold00919	4	2244439	2244510	His	GTG	0	0	63.0	33.70	29.30	Inf	His	87.1	high confidence set
scaffold00919	5	2404178	2404096	Leu	TAA	0	0	69.7	31.30	38.40	Inf	Leu	92.9	high confidence set
scaffold00919	6	1326393	1326321	Glu	CTC	0	0	79.2	53.50	25.70	Inf	Glu	94.2	high confidence set
scaffold00923	1	400185	400264	Leu	TAG	0	0	69.5	48.50	21.00	Inf	Leu	111.5	high confidence set
scaffold00926	1	744742	744813	Pro	AGG	0	0	67.4	34.70	32.70	Inf	Pro	112.3	high confidence set
scaffold00926	2	928350	928277	Val	CAC	0	0	82.4	54.40	28.00	Inf	Val	103.7	high confidence set
scaffold00927	1	408338	408411	Asn	GTT	0	0	84.5	59.40	25.10	Inf	Asn	95.9	high confidence set
scaffold00927	2	2877019	2877112	Tyr	GTA	2877056	2877076	74.2	42.70	31.50	Inf	Tyr	111.8	high confidence set
scaffold00927	3	3134253	3134182	Trp	CCA	0	0	75.8	51.20	24.60	Inf	Trp	105.6	high confidence set
scaffold00927	4	821233	821160	Val	AAC	0	0	71.9	47.60	24.30	Inf	Val	91.0	high confidence set
scaffold00929	1	287410	287481	Gln	TTG	0	0	73.5	53.70	19.80	Inf	Gln	104.8	high confidence set
scaffold00929	2	305797	305726	Gln	TTG	0	0	73.5	53.70	19.80	Inf	Gln	104.8	high confidence set
scaffold00929	3	160373	160301	Phe	GAA	0	0	78.3	58.40	19.90	Inf	Phe	113.2	high confidence set
scaffold00930	1	293613	293684	Thr	TGT	0	0	84.3	58.00	26.30	Inf	Thr	93.3	high confidence set
scaffold00931	1	862877	862948	Cys	GCA	0	0	73.7	54.00	19.70	Inf	Cys	99.9	high confidence set
scaffold00931	2	547658	547587	Gln	CTG	0	0	75.3	51.20	24.10	Inf	Gln	106.0	high confidence set
scaffold00934	1	891843	891914	Asp	GTC	0	0	69.8	46.80	23.00	Inf	Asp	95.8	high confidence set
scaffold00934	2	565776	565705	Gln	CTG	0	0	75.3	51.20	24.10	Inf	Gln	106.0	high confidence set
scaffold00934	3	75034	74962	Glu	CTC	0	0	78.9	53.10	25.80	Inf	Glu	99.2	high confidence set
scaffold00934	4	20804	20721	Leu	CAA	0	0	78.6	55.60	23.00	Inf	Leu	123.0	high confidence set
scaffold00934	5	8963	8890	Thr	AGT	0	0	76.0	48.40	27.60	Inf	Thr	90.6	high confidence set
scaffold00934	6	6849	6776	Thr	AGT	0	0	75.0	47.40	27.60	Inf	Thr	89.8	high confidence set
scaffold00953	1	321147	321220	Ile	AAT	0	0	81.8	58.30	23.50	Inf	Ile	106.8	high confidence set
scaffold00953	2	1147240	1147320	Leu	CAG	0	0	69.5	46.80	22.70	Inf	Leu	109.7	high confidence set
scaffold00953	3	1727124	1727195	Undet	NNN	0	0	55.1	40.50	14.60	Inf	Phe	82.2	undetermined isotype
scaffold00953	4	1652557	1652484	Val	AAC	0	0	71.9	47.60	24.30	Inf	Val	91.0	high confidence set
scaffold00953	5	1488175	1488104	Thr	CGT	0	0	82.2	57.60	24.60	Inf	Thr	90.2	high confidence set
scaffold00968	1	217892	217963	Cys	GCA	0	0	80.9	57.20	23.70	Inf	Cys	104.1	high confidence set
scaffold00968	2	289670	289598	Ala	CGC	0	0	68.3	44.10	24.20	Inf	Ala	99.2	high confidence set
scaffold00988	1	264921	264850	His	GTG	0	0	63.0	33.70	29.30	Inf	His	87.1	high confidence set
scaffold00988	2	193247	193176	Thr	CGT	0	0	80.2	53.70	26.50	Inf	Thr	86.8	high confidence set
scaffold00988	3	173821	173737	Met	CAT	173783	173773	64.3	40.80	23.50	Inf	Met	104.0	high confidence set
scaffold00995	1	489833	489905	Ala	AGC	0	0	63.4	38.20	25.20	Inf	Ala	98.3	high confidence set
scaffold00995	2	712679	712750	Pro	TGG	0	0	69.2	36.90	32.30	Inf	Pro	112.8	high confidence set
scaffold00995	3	868481	868552	His	GTG	0	0	63.0	33.70	29.30	Inf	His	87.1	high confidence set
scaffold00998	1	3197519	3197449	Gly	GCC	0	0	66.5	44.80	21.70	Inf	Gly	94.4	high confidence set
scaffold00998	2	3031752	3031680	Ala	TGC	0	0	64.5	43.50	21.00	Inf	Ala	97.4	high confidence set
scaffold00998	3	2663292	2663210	Leu	TAA	0	0	69.7	31.30	38.40	Inf	Leu	92.9	high confidence set
scaffold00999	1	92746	92817	iMet	CAT	0	0	58.3	28.10	30.20	Inf	iMet	118.7	high confidence set
scaffold00999	2	173114	173194	Leu	CAG	0	0	69.5	46.80	22.70	Inf	Leu	109.7	high confidence set
scaffold00999	3	369657	369736	Leu	TAG	0	0	69.5	48.50	21.00	Inf	Leu	111.5	high confidence set
scaffold00999	4	397879	397808	Lys	TTT	0	0	92.3	68.60	23.70	Inf	Lys	97.5	high confidence set
scaffold01000	1	106671	106598	Ile	TAT	0	0	85.9	70.60	15.30	Inf	Ile	103.9	high confidence set
scaffold01000	2	106487	106414	Ile	TAT	0	0	85.9	70.60	15.30	Inf	Ile	103.9	high confidence set
scaffold01001	1	15689	15760	Glu	TTC	0	0	72.0	47.50	24.50	Inf	Glu	101.6	high confidence set
scaffold01001	2	308656	308583	Thr	AGT	0	0	76.0	48.40	27.60	Inf	Thr	90.6	high confidence set
scaffold01004	1	245925	245996	Gln	TTG	0	0	73.5	53.70	19.80	Inf	Gln	104.8	high confidence set
scaffold01017	1	152187	152270	Leu	CAA	0	0	77.7	54.90	22.80	Inf	Leu	123.7	high confidence set
scaffold01017	2	512755	512827	Val	TAC	0	0	78.2	43.80	34.40	Inf	Val	106.2	high confidence set
scaffold01017	3	570577	570494	Leu	CAA	0	0	77.7	54.90	22.80	Inf	Leu	123.7	high confidence set
scaffold01017	4	393921	393848	Asn	GTT	0	0	84.5	59.40	25.10	Inf	Asn	95.9	high confidence set
scaffold01017	5	157890	157817	Thr	AGT	0	0	74.7	46.20	28.50	Inf	Thr	89.4	high confidence set
scaffold01019	1	48190	48278	Tyr	GTA	48227	48242	74.3	42.90	31.40	Inf	Tyr	111.8	high confidence set
scaffold01019	2	36328	36257	Glu	TTC	0	0	72.0	47.50	24.50	Inf	Glu	101.6	high confidence set
scaffold01024	1	171683	171755	Arg	TCT	0	0	66.4	47.60	18.80	Inf	Arg	97.9	high confidence set
scaffold01024	2	460272	460344	Ala	TGC	0	0	65.6	39.80	25.80	Inf	Ala	97.7	high confidence set
scaffold01024	3	498585	498656	iMet	CAT	0	0	50.3	26.50	23.80	Inf	iMet	109.7	high confidence set
scaffold01029	1	61600	61671	iMet	CAT	0	0	51.2	29.00	22.20	Inf	iMet	112.3	high confidence set
scaffold01029	2	229476	229547	Gln	TTG	0	0	73.5	53.70	19.80	Inf	Gln	104.8	high confidence set
scaffold01029	3	784023	784118	Tyr	GTA	784060	784082	74.1	42.60	31.50	Inf	Tyr	111.8	high confidence set
scaffold01029	5	887083	887012	iMet	CAT	0	0	58.3	28.10	30.20	Inf	iMet	118.7	high confidence set
scaffold01029	6	78166	78085	Ser	CGA	0	0	78.9	46.60	32.30	Inf	Ser	122.0	high confidence set
scaffold01029	7	76020	75939	Ser	CGA	0	0	77.5	44.40	33.10	Inf	Ser	120.8	high confidence set
scaffold01037	1	278694	278764	Gln	TTG	0	0	61.1	45.40	15.70	Inf	Gln	74.6	high confidence set
scaffold01037	2	279421	279492	Gln	TTG	0	0	66.9	43.80	23.10	Inf	Gln	102.6	high confidence set
scaffold01037	3	669267	669340	Thr	AGT	0	0	73.6	45.20	28.40	Inf	Thr	88.6	high confidence set
scaffold01037	4	745415	745487	Arg	CCG	0	0	65.7	49.40	16.30	Inf	Arg	91.4	high confidence set
scaffold01037	5	744389	744317	Arg	CCG	0	0	65.7	49.40	16.30	Inf	Arg	91.4	high confidence set
scaffold01044	1	313293	313364	Glu	TTC	0	0	72.0	47.50	24.50	Inf	Glu	101.6	high confidence set
scaffold01044	2	315707	315778	Glu	TTC	0	0	72.0	47.50	24.50	Inf	Glu	101.6	high confidence set
scaffold01044	3	317278	317349	Glu	TTC	0	0	72.0	47.50	24.50	Inf	Glu	101.6	high confidence set
scaffold01044	4	354726	354797	Lys	TTT	0	0	92.3	68.60	23.70	Inf	Lys	97.5	high confidence set
scaffold01044	5	629102	629174	Ala	TGC	0	0	64.7	39.20	25.50	Inf	Ala	100.9	high confidence set
scaffold01044	6	632022	632094	Ala	TGC	0	0	69.1	43.30	25.80	Inf	Ala	101.9	high confidence set
scaffold01044	9	1136430	1136502	Lys	CTT	0	0	87.7	67.60	20.10	Inf	Lys	106.7	high confidence set
scaffold01044	10	935442	935369	Val	CAC	0	0	82.4	54.40	28.00	Inf	Val	103.7	high confidence set
scaffold01044	11	660900	660829	Gly	TCC	0	0	73.9	46.20	27.70	Inf	Gly	85.6	high confidence set
scaffold01044	12	250006	249934	Glu	CTC	0	0	78.9	53.10	25.80	Inf	Glu	99.2	high confidence set
scaffold01066	1	44030	44102	Lys	TTT	0	0	89.7	65.30	24.40	Inf	Lys	92.7	high confidence set
scaffold01066	2	182226	182299	Val	CAC	0	0	82.4	54.40	28.00	Inf	Val	103.7	high confidence set
scaffold01066	3	698240	698310	Gly	GCC	0	0	66.5	44.80	21.70	Inf	Gly	94.4	high confidence set
scaffold01066	4	699335	699405	Gly	GCC	0	0	66.5	44.80	21.70	Inf	Gly	94.4	high confidence set
scaffold01079	1	70939	71022	Leu	CAA	0	0	76.7	54.50	22.20	Inf	Leu	123.1	high confidence set
scaffold01079	2	996054	996137	Leu	CAA	0	0	78.6	55.60	23.00	Inf	Leu	123.0	high confidence set
scaffold01079	3	998337	998420	Leu	CAA	0	0	71.7	49.90	21.80	Inf	Leu	113.4	high confidence set
scaffold01079	4	1003324	1003407	Leu	CAA	0	0	78.6	55.60	23.00	Inf	Leu	123.0	high confidence set
scaffold01079	5	1147194	1147266	Ala	AGC	0	0	63.4	38.20	25.20	Inf	Ala	98.3	high confidence set
scaffold01107	1	392566	392647	Ser	CGA	0	0	78.9	46.60	32.30	Inf	Ser	122.0	high confidence set
scaffold01107	2	425707	425779	Ala	AGC	0	0	63.4	38.20	25.20	Inf	Ala	98.3	high confidence set
scaffold01107	4	180817	180746	Gln	CTG	0	0	75.3	51.20	24.10	Inf	Gln	103.1	high confidence set
scaffold01110	1	668391	668463	Ala	AGC	0	0	57.2	35.70	21.50	Inf	Ala	91.0	high confidence set
scaffold01110	2	671755	671827	Ala	AGC	0	0	63.4	38.20	25.20	Inf	Ala	98.3	high confidence set
scaffold01110	3	825080	825150	Gly	GCC	0	0	59.1	44.70	14.40	Inf	Gly	88.9	high confidence set
scaffold01110	4	828374	828444	Gly	GCC	0	0	66.5	44.80	21.70	Inf	Gly	94.4	high confidence set
scaffold01110	6	1015944	1016016	Glu	CTC	0	0	78.9	53.10	25.80	Inf	Glu	99.2	high confidence set
scaffold01110	7	225259	225187	Ala	TGC	0	0	63.7	38.60	25.10	Inf	Ala	96.5	high confidence set
scaffold01119	1	222445	222375	Gly	GCC	0	0	66.5	44.80	21.70	Inf	Gly	94.4	high confidence set
scaffold01119	2	116330	116259	Glu	TTC	0	0	72.0	47.50	24.50	Inf	Glu	101.6	high confidence set
scaffold01124	1	411461	411390	Gly	TCC	0	0	73.9	46.20	27.70	Inf	Gly	85.6	high confidence set
scaffold01135	1	67044	67117	Arg	TCG	0	0	82.3	61.00	21.30	Inf	Arg	91.9	high confidence set
scaffold01141	1	339395	339474	Leu	TAG	0	0	69.5	48.50	21.00	Inf	Leu	111.5	high confidence set
scaffold01141	3	265216	265135	Ser	TGA	0	0	80.7	46.10	34.60	Inf	Ser	119.7	high confidence set
scaffold01142	1	454373	454453	Leu	CAG	0	0	69.5	46.80	22.70	Inf	Leu	109.7	high confidence set
scaffold01142	2	459762	459682	Leu	CAG	0	0	69.5	46.80	22.70	Inf	Leu	109.7	high confidence set
scaffold01144	1	66018	66090	Glu	CTC	0	0	78.9	53.10	25.80	Inf	Glu	99.2	high confidence set
scaffold01144	2	84252	84324	Glu	CTC	0	0	79.2	53.50	25.70	Inf	Glu	98.6	high confidence set
scaffold01144	3	85477	85549	Glu	CTC	0	0	79.2	53.50	25.70	Inf	Glu	94.2	high confidence set
scaffold01144	4	2214343	2214424	Ser	TGA	0	0	80.7	46.10	34.60	Inf	Ser	119.7	high confidence set
scaffold01144	5	2120956	2120877	Leu	TAG	0	0	69.5	48.50	21.00	Inf	Leu	111.5	high confidence set
scaffold01144	6	2053196	2053125	Gly	TCC	0	0	73.9	46.20	27.70	Inf	Gly	85.6	high confidence set
scaffold01144	7	219342	219270	Glu	CTC	0	0	79.2	53.50	25.70	Inf	Glu	98.6	high confidence set
scaffold01146	1	146788	146860	Ala	TGC	0	0	67.4	42.50	24.90	Inf	Ala	98.8	high confidence set
scaffold01146	2	176010	176080	Gly	GCC	0	0	66.5	44.80	21.70	Inf	Gly	94.4	high confidence set
scaffold01153	1	7110	7182	Arg	CCT	0	0	69.1	50.30	18.80	Inf	Arg	81.2	high confidence set
scaffold01153	2	411151	411224	Val	CAC	0	0	77.2	45.00	32.20	Inf	Val	99.2	high confidence set
scaffold01153	3	686552	686624	Arg	CCG	0	0	78.8	59.00	19.80	Inf	Arg	77.4	high confidence set
scaffold01153	4	737902	737974	Lys	CTT	0	0	87.7	67.60	20.10	Inf	Lys	106.7	high confidence set
scaffold01153	5	768437	768508	Lys	TTT	0	0	92.3	68.60	23.70	Inf	Lys	97.5	high confidence set
scaffold01153	6	1689571	1689651	Leu	AAG	0	0	74.0	52.20	21.80	Inf	Leu	110.4	high confidence set
scaffold01153	7	1620014	1619943	iMet	CAT	0	0	58.3	28.10	30.20	Inf	iMet	118.7	high confidence set
scaffold01153	8	909392	909319	Val	AAC	0	0	71.9	47.60	24.30	Inf	Val	91.0	high confidence set
scaffold01153	9	872844	872774	Gly	GCC	0	0	66.5	44.80	21.70	Inf	Gly	94.4	high confidence set
scaffold01153	10	693023	692952	Pro	AGG	0	0	67.4	34.70	32.70	Inf	Pro	112.3	high confidence set
scaffold01154	1	710458	710531	Asn	GTT	0	0	81.8	56.00	25.80	Inf	Asn	87.9	high confidence set
scaffold01179	1	22926	23010	Met	CAT	22964	22974	64.3	40.80	23.50	Inf	Met	104.0	high confidence set
scaffold01196	1	220468	220539	His	GTG	0	0	63.0	33.70	29.30	Inf	His	87.1	high confidence set
scaffold01206	1	2174	2247	Ile	TAT	0	0	82.4	63.80	18.60	Inf	Ile	100.5	high confidence set
scaffold01225	1	160249	160321	Lys	TTT	0	0	88.7	64.40	24.30	Inf	Lys	93.7	high confidence set
scaffold01225	2	442617	442710	Tyr	GTA	442654	442674	74.2	42.60	31.60	Inf	Tyr	111.8	high confidence set
scaffold01225	3	815185	815257	Glu	CTC	0	0	79.2	53.50	25.70	Inf	Glu	98.6	high confidence set
scaffold01225	4	363705	363634	Asp	GTC	0	0	69.8	46.80	23.00	Inf	Asp	94.5	high confidence set
scaffold01225	5	301140	301067	Val	CAC	0	0	82.4	54.40	28.00	Inf	Val	103.7	high confidence set
scaffold01225	6	121072	120991	Ser	TGA	0	0	80.7	46.10	34.60	Inf	Ser	119.7	high confidence set
scaffold01225	7	108382	108310	Arg	ACG	0	0	71.7	49.10	22.60	Inf	Arg	91.4	high confidence set
scaffold01227	1	355598	355669	Gln	CTG	0	0	74.3	49.60	24.70	Inf	Gln	103.3	high confidence set
scaffold01227	2	1346141	1346226	Met	CAT	1346179	1346190	64.2	40.70	23.50	Inf	Met	104.0	high confidence set
scaffold01227	3	1312290	1312210	Leu	AAG	0	0	68.6	50.60	18.00	Inf	Leu	103.2	high confidence set
scaffold01251	1	164521	164591	Gly	CCC	0	0	66.0	29.20	36.80	Inf	Gly	87.4	high confidence set
scaffold01260	1	208	137	Pro	TGG	0	0	68.5	35.70	32.80	Inf	Pro	111.2	high confidence set
scaffold01274	1	1104849	1104922	Val	AAC	0	0	72.9	48.60	24.30	Inf	Val	93.8	high confidence set
scaffold01274	2	1216548	1216477	Gln	CTG	0	0	68.7	46.40	22.30	Inf	Gln	100.4	high confidence set
scaffold01274	3	981028	980957	His	GTG	0	0	63.0	33.70	29.30	Inf	His	87.1	high confidence set
scaffold01274	4	698013	697940	Asn	GTT	0	0	84.5	59.40	25.10	Inf	Asn	95.9	high confidence set
scaffold01274	5	240190	240117	Val	AAC	0	0	72.9	48.60	24.30	Inf	Val	93.8	high confidence set
scaffold01294	1	24858	24929	Gln	TTG	0	0	73.5	53.70	19.80	Inf	Gln	104.8	high confidence set
scaffold01333	1	389072	389144	Phe	GAA	0	0	78.3	58.40	19.90	Inf	Phe	113.2	high confidence set
scaffold01333	2	389274	389202	Ala	TGC	0	0	63.7	38.60	25.10	Inf	Ala	96.5	high confidence set
scaffold01333	3	386007	385935	Ala	TGC	0	0	63.7	38.60	25.10	Inf	Ala	96.5	high confidence set
scaffold01335	1	74653	74736	Leu	CAA	0	0	76.7	54.50	22.20	Inf	Leu	123.1	high confidence set
scaffold01335	2	167096	167013	Met	CAT	167058	167049	64.3	40.80	23.50	Inf	Met	104.0	high confidence set
scaffold01335	3	29251	29179	Arg	CCT	0	0	69.1	50.30	18.80	Inf	Arg	81.2	high confidence set
scaffold01357	1	899764	899836	Ala	AGC	0	0	59.0	34.10	24.90	Inf	Ala	97.3	high confidence set
scaffold01357	2	1044865	1044938	Ile	AAT	0	0	82.4	58.90	23.50	Inf	Ile	107.0	high confidence set
scaffold01357	3	1045026	1045099	Ile	AAT	0	0	79.3	55.80	23.50	Inf	Ile	104.3	high confidence set
scaffold01357	4	1382070	1382141	iMet	CAT	0	0	58.3	28.10	30.20	Inf	iMet	118.7	high confidence set
scaffold01357	5	1882849	1882776	Asn	GTT	0	0	84.5	59.40	25.10	Inf	Asn	95.9	high confidence set
scaffold01357	6	1479732	1479661	Gly	TCC	0	0	73.9	46.20	27.70	Inf	Gly	85.6	high confidence set
scaffold01357	7	503872	503793	Leu	TAG	0	0	69.5	48.50	21.00	Inf	Leu	111.5	high confidence set
scaffold01357	8	10649	10578	Glu	TTC	0	0	72.0	47.50	24.50	Inf	Glu	101.6	high confidence set
scaffold01365	1	469063	469143	Leu	AAG	0	0	74.0	52.20	21.80	Inf	Leu	110.4	high confidence set
scaffold01365	2	470210	470128	Leu	TAA	0	0	70.7	33.10	37.60	Inf	Leu	93.7	high confidence set
scaffold01365	3	468199	468119	Leu	AAG	0	0	74.0	52.20	21.80	Inf	Leu	110.4	high confidence set
scaffold01376	1	56427	56499	Phe	GAA	0	0	75.0	55.20	19.80	Inf	Phe	109.6	high confidence set
scaffold01376	2	60310	60382	Phe	GAA	0	0	76.1	54.40	21.70	Inf	Phe	115.3	high confidence set
scaffold01376	3	126972	126901	iMet	CAT	0	0	58.3	28.10	30.20	Inf	iMet	118.7	high confidence set
scaffold01416	1	179631	179702	His	GTG	0	0	63.0	33.70	29.30	Inf	His	86.8	high confidence set
scaffold01416	2	442557	442645	Tyr	GTA	442594	442609	74.3	42.90	31.40	Inf	Tyr	111.8	high confidence set
scaffold01416	3	746134	746204	Gly	CCC	0	0	66.0	29.20	36.80	Inf	Gly	87.4	high confidence set
scaffold01416	4	587488	587417	Lys	TTT	0	0	92.3	68.60	23.70	Inf	Lys	97.5	high confidence set
scaffold01543	1	142776	142848	Arg	ACG	0	0	72.0	49.70	22.30	Inf	Arg	93.9	high confidence set
scaffold01543	2	146229	146301	Arg	ACG	0	0	64.8	45.50	19.30	Inf	Arg	85.3	high confidence set
scaffold01543	3	1024608	1024680	Ala	TGC	0	0	69.1	43.30	25.80	Inf	Ala	101.9	high confidence set
scaffold01543	4	1185970	1185897	Val	AAC	0	0	72.9	48.60	24.30	Inf	Val	93.8	high confidence set
scaffold01543	5	639774	639703	Gly	TCC	0	0	73.9	46.20	27.70	Inf	Gly	85.6	high confidence set
scaffold01543	6	629801	629730	Gly	TCC	0	0	71.4	43.70	27.70	Inf	Gly	82.5	high confidence set
scaffold01543	7	68161	68082	Leu	TAG	0	0	69.5	48.50	21.00	Inf	Leu	111.5	high confidence set
scaffold01658	1	762734	762807	Val	AAC	0	0	72.9	48.60	24.30	Inf	Val	93.8	high confidence set
scaffold01658	2	828145	828217	Ala	TGC	0	0	65.6	39.80	25.80	Inf	Ala	97.7	high confidence set
scaffold01658	3	975223	975294	Pro	TGG	0	0	68.5	35.70	32.80	Inf	Pro	111.2	high confidence set
scaffold01658	4	975493	975564	Pro	AGG	0	0	67.4	34.70	32.70	Inf	Pro	112.3	high confidence set
scaffold01658	5	1022100	1022173	Asn	GTT	0	0	83.6	57.90	25.70	Inf	Asn	94.5	high confidence set
scaffold01658	6	1423907	1423979	Arg	TCT	0	0	68.5	50.60	17.90	Inf	Arg	98.8	high confidence set
scaffold01658	7	1767522	1767594	Arg	TCT	0	0	67.3	50.10	17.20	Inf	Arg	95.7	high confidence set
scaffold01658	9	1708265	1708194	Asp	GTC	0	0	69.8	46.80	23.00	Inf	Asp	94.5	high confidence set
scaffold01658	10	1498152	1498080	Arg	CCT	0	0	69.1	50.30	18.80	Inf	Arg	81.2	high confidence set
scaffold01658	11	622669	622599	Gly	GCC	0	0	66.5	44.80	21.70	Inf	Gly	94.4	high confidence set
scaffold01963	1	384	312	Phe	GAA	0	0	76.1	54.40	21.70	Inf	Phe	115.3	high confidence set
scaffold01989	1	150606	150677	Glu	TTC	0	0	72.0	47.50	24.50	Inf	Glu	101.6	high confidence set
scaffold01989	2	280418	280489	Glu	TTC	0	0	72.0	47.50	24.50	Inf	Glu	101.6	high confidence set
scaffold01989	3	208093	208021	Ala	AGC	0	0	63.4	38.20	25.20	Inf	Ala	98.3	high confidence set
scaffold01989	4	199238	199165	Asn	GTT	0	0	84.5	59.40	25.10	Inf	Asn	95.9	high confidence set
scaffold01998	1	25208	25281	Arg	TCG	0	0	82.3	61.00	21.30	Inf	Arg	91.9	high confidence set
scaffold02023	1	25064	25135	Cys	GCA	0	0	79.9	59.80	20.10	Inf	Cys	108.3	high confidence set
scaffold02023	2	1084751	1084824	Ile	AAT	0	0	82.4	58.90	23.50	Inf	Ile	107.0	high confidence set
scaffold02023	3	60866	60793	Asn	GTT	0	0	84.5	59.40	25.10	Inf	Asn	95.9	high confidence set
scaffold02023	4	19521	19450	Gln	TTG	0	0	73.5	53.70	19.80	Inf	Gln	104.8	high confidence set
scaffold02047	1	1913088	1913160	Arg	TCT	0	0	70.3	50.00	20.30	Inf	Arg	98.1	high confidence set
scaffold02047	2	1957054	1957125	Cys	GCA	0	0	79.9	59.80	20.10	Inf	Cys	108.3	high confidence set
scaffold02047	3	1878329	1878249	Leu	CAG	0	0	69.5	46.80	22.70	Inf	Leu	109.7	high confidence set
scaffold02047	4	1753712	1753640	Val	TAC	0	0	78.2	43.80	34.40	Inf	Val	106.2	high confidence set
scaffold02047	5	1404970	1404891	Leu	TAG	0	0	64.9	46.00	18.90	Inf	Leu	103.1	high confidence set
scaffold02047	6	1339864	1339793	Pro	CGG	0	0	65.2	35.80	29.40	Inf	Pro	103.5	high confidence set
scaffold02135	1	83901	83972	Thr	TGT	0	0	79.3	49.30	30.00	Inf	Thr	92.3	high confidence set
scaffold02135	2	426475	426387	Tyr	GTA	426438	426423	74.3	42.80	31.50	Inf	Tyr	111.8	high confidence set
scaffold02140	5	702535	702461	Pro	TGG	0	0	62.8	32.80	30.00	Inf	Trp	73.3	IPD:-42.40,isotype mismatch
scaffold02140	6	686692	686620	Phe	GAA	0	0	72.0	48.00	24.00	Inf	Thr	76.1	IPD:-0.90,isotype mismatch
scaffold02219	1	640927	640847	Leu	AAG	0	0	74.0	52.20	21.80	Inf	Leu	110.4	high confidence set
scaffold02219	2	521469	521390	Leu	TAG	0	0	61.2	40.20	21.00	Inf	Leu	102.9	high confidence set
scaffold02219	3	202557	202486	Gln	TTG	0	0	73.8	54.10	19.70	Inf	Gln	102.7	high confidence set
scaffold02229	1	3256711	3256781	Gly	GCC	0	0	66.5	44.80	21.70	Inf	Gly	94.4	high confidence set
scaffold02229	2	3679282	3679363	Ser	AGA	0	0	77.1	42.80	34.30	Inf	Ser	110.5	high confidence set
scaffold02229	3	3694515	3694587	Ala	AGC	0	0	59.6	37.50	22.10	Inf	Ala	96.4	high confidence set
scaffold02229	4	3704059	3704131	Lys	CTT	0	0	87.7	67.60	20.10	Inf	Lys	106.7	high confidence set
scaffold02229	5	3705188	3705260	Lys	CTT	0	0	87.7	67.60	20.10	Inf	Lys	106.7	high confidence set
scaffold02229	6	3965017	3965101	Met	CAT	3965055	3965065	64.3	40.80	23.50	Inf	Met	104.0	high confidence set
scaffold02229	7	3968257	3968341	Met	CAT	3968295	3968305	64.3	40.80	23.50	Inf	Met	104.0	high confidence set
scaffold02229	8	3976342	3976426	Met	CAT	3976380	3976390	64.3	40.80	23.50	Inf	Met	104.0	high confidence set
scaffold02229	9	4106944	4107034	Tyr	GTA	4106981	4106998	74.3	42.80	31.50	Inf	Tyr	111.8	high confidence set
scaffold02229	10	4185875	4185947	Arg	TCT	0	0	68.1	50.00	18.10	Inf	Arg	96.3	high confidence set
scaffold02229	11	4859467	4859549	Leu	CAA	0	0	80.0	56.30	23.70	Inf	Leu	125.0	high confidence set
scaffold02229	12	5575453	5575524	His	GTG	0	0	63.0	33.70	29.30	Inf	His	86.8	high confidence set
scaffold02229	13	5653971	5654042	iMet	CAT	0	0	58.3	28.10	30.20	Inf	iMet	118.7	high confidence set
scaffold02229	14	5847069	5847140	Gln	CTG	0	0	74.3	49.60	24.70	Inf	Gln	103.3	high confidence set
scaffold02229	15	5195812	5195742	Gly	GCC	0	0	66.5	44.80	21.70	Inf	Gly	94.4	high confidence set
scaffold02229	16	5014219	5014147	Ala	TGC	0	0	63.7	38.60	25.10	Inf	Ala	96.5	high confidence set
scaffold02229	17	4868578	4868506	Lys	CTT	0	0	73.7	60.60	13.10	Inf	Lys	92.7	high confidence set
scaffold02229	18	4868385	4868313	Lys	CTT	0	0	87.4	67.30	20.10	Inf	Lys	102.1	high confidence set
scaffold02229	19	4868210	4868138	Lys	CTT	0	0	87.7	67.60	20.10	Inf	Lys	106.7	high confidence set
scaffold02229	20	4867673	4867601	Lys	CTT	0	0	87.7	67.60	20.10	Inf	Lys	106.7	high confidence set
scaffold02229	21	4777305	4777233	Glu	CTC	0	0	78.9	53.10	25.80	Inf	Glu	99.2	high confidence set
scaffold02229	22	4768103	4768031	Arg	CCT	0	0	69.1	50.30	18.80	Inf	Arg	81.2	high confidence set
scaffold02229	23	1630891	1630818	Thr	AGT	0	0	76.0	48.40	27.60	Inf	Thr	90.6	high confidence set
scaffold02229	24	1415773	1415701	Arg	TCT	0	0	68.1	50.00	18.10	Inf	Arg	96.3	high confidence set
scaffold02338	1	806	878	Phe	GAA	0	0	73.6	53.50	20.10	Inf	Phe	113.8	high confidence set
scaffold02352	1	474492	474580	Tyr	GTA	474529	474544	74.3	42.80	31.50	Inf	Tyr	111.8	high confidence set
scaffold02352	2	807894	807808	Met	CAT	807856	807844	64.2	40.70	23.50	Inf	Met	104.0	high confidence set
scaffold02404	1	107	35	Phe	GAA	0	0	78.3	58.40	19.90	Inf	Phe	113.2	high confidence set
scaffold02500	1	649061	649132	Pro	TGG	0	0	68.5	35.70	32.80	Inf	Pro	111.2	high confidence set
scaffold02500	2	935600	935529	Trp	CCA	0	0	75.8	51.20	24.60	Inf	Trp	105.6	high confidence set
scaffold02511	1	547418	547491	Ile	TAT	0	0	85.9	70.60	15.30	Inf	Ile	103.9	high confidence set
scaffold02511	2	280733	280660	Thr	AGT	0	0	76.0	48.40	27.60	Inf	Thr	90.6	high confidence set
scaffold02511	3	14713	14641	Arg	ACG	0	0	71.7	49.10	22.60	Inf	Arg	91.4	high confidence set
scaffold02581	1	614374	614291	Tyr	GTA	614337	614327	74.5	43.00	31.50	Inf	Tyr	111.8	high confidence set
scaffold02622	1	1495	1565	Gly	GCC	0	0	66.5	44.80	21.70	Inf	Gly	94.4	high confidence set
scaffold02633	1	327683	327764	Ser	AGA	0	0	74.9	40.70	34.20	Inf	Ser	103.7	high confidence set
scaffold02633	2	333953	334034	Ser	AGA	0	0	77.8	43.40	34.40	Inf	Ser	110.9	high confidence set
scaffold02653	1	316298	316369	iMet	CAT	0	0	56.4	24.80	31.60	Inf	iMet	116.1	high confidence set
scaffold02653	2	438371	438444	Asn	GTT	0	0	84.5	59.40	25.10	Inf	Asn	95.9	high confidence set
scaffold02653	3	494589	494660	Cys	GCA	0	0	78.8	53.50	25.30	Inf	Cys	104.3	high confidence set
scaffold02653	4	1036467	1036538	His	GTG	0	0	63.3	34.30	29.00	Inf	His	87.4	high confidence set
scaffold02653	5	1242291	1242362	Thr	CGT	0	0	80.5	54.30	26.20	Inf	Thr	87.3	high confidence set
scaffold02653	6	1243541	1243612	Thr	CGT	0	0	80.5	54.30	26.20	Inf	Thr	87.3	high confidence set
scaffold02653	7	1291428	1291500	Ala	TGC	0	0	69.1	43.30	25.80	Inf	Ala	101.9	high confidence set
scaffold02653	8	2029215	2029287	Arg	ACG	0	0	71.7	49.10	22.60	Inf	Arg	91.4	high confidence set
scaffold02653	9	2044663	2044736	Val	AAC	0	0	71.9	47.60	24.30	Inf	Val	91.0	high confidence set
scaffold02653	10	2739240	2739311	Thr	TGT	0	0	79.3	49.30	30.00	Inf	Thr	92.3	high confidence set
scaffold02653	11	2759015	2758944	Thr	TGT	0	0	79.3	49.30	30.00	Inf	Thr	92.3	high confidence set
scaffold02653	12	2654131	2654060	Glu	TTC	0	0	72.0	47.50	24.50	Inf	Glu	101.6	high confidence set
scaffold02653	13	2043722	2043649	Asn	GTT	0	0	81.4	55.60	25.80	Inf	Asn	91.4	high confidence set
scaffold02653	14	1881588	1881518	Gly	GCC	0	0	66.5	44.80	21.70	Inf	Gly	94.4	high confidence set
scaffold02653	15	1550995	1550909	Met	CAT	1550957	1550945	64.2	40.70	23.50	Inf	Met	104.0	high confidence set
scaffold02653	16	1363510	1363439	Trp	CCA	0	0	75.8	51.20	24.60	Inf	Trp	105.6	high confidence set
scaffold02653	18	170994	170923	His	GTG	0	0	63.0	33.70	29.30	Inf	His	86.8	high confidence set
scaffold02653	19	32768	32687	Ser	GCT	0	0	80.5	45.20	35.30	Inf	Ser	109.5	high confidence set
scaffold02698	1	192525	192597	Lys	CTT	0	0	87.7	67.60	20.10	Inf	Lys	106.7	high confidence set
scaffold02698	2	610931	611001	Gly	GCC	0	0	66.5	44.80	21.70	Inf	Gly	94.4	high confidence set
scaffold02708	1	1844	1915	Asn	GTT	0	0	83.4	60.80	22.60	Inf	Asn	82.2	high confidence set
scaffold02765	1	434	363	Asn	GTT	0	0	83.4	60.80	22.60	Inf	Asn	82.2	high confidence set
scaffold02766	1	77562	77634	Arg	CCG	0	0	66.9	49.40	17.50	Inf	Arg	91.4	high confidence set
scaffold02775	1	40142	40215	Asn	GTT	0	0	84.5	59.40	25.10	Inf	Asn	95.9	high confidence set
scaffold02779	1	455093	455012	Ser	AGA	0	0	77.1	42.80	34.30	Inf	Ser	110.5	high confidence set
scaffold02878	1	74	1	Val	AAC	0	0	72.9	48.60	24.30	Inf	Val	93.8	high confidence set
scaffold02901	1	40201	40129	Pro	CGG	0	0	58.3	37.70	20.60	Inf	Pro	91.0	high confidence set
scaffold02931	1	503653	503582	Gln	TTG	0	0	73.5	53.70	19.80	Inf	Gln	104.8	high confidence set
scaffold02951	1	866842	866915	Arg	TCG	0	0	82.3	61.00	21.30	Inf	Arg	91.9	high confidence set
scaffold02951	2	1493704	1493787	Leu	CAA	0	0	78.6	55.60	23.00	Inf	Leu	123.0	high confidence set
scaffold02951	3	1602582	1602664	Leu	TAA	0	0	68.4	29.10	39.30	Inf	Leu	90.1	high confidence set
scaffold02951	4	1493928	1493857	Gly	TCC	0	0	73.9	46.20	27.70	Inf	Gly	85.6	high confidence set
scaffold02951	5	1257026	1256955	Thr	TGT	0	0	84.5	58.50	26.00	Inf	Thr	95.0	high confidence set
scaffold02951	6	825876	825805	Gly	TCC	0	0	73.9	46.20	27.70	Inf	Gly	85.6	high confidence set
scaffold02951	7	636196	636123	Val	AAC	0	0	72.9	48.60	24.30	Inf	Val	93.8	high confidence set
scaffold02951	8	514669	514597	Lys	CTT	0	0	87.7	67.60	20.10	Inf	Lys	106.7	high confidence set
scaffold02951	9	34201	34129	Lys	CTT	0	0	87.7	67.60	20.10	Inf	Lys	106.7	high confidence set
scaffold02956	1	379	450	Pro	AGG	0	0	67.4	34.70	32.70	Inf	Pro	112.3	high confidence set
scaffold02978	1	709298	709370	Lys	TTT	0	0	89.7	65.30	24.40	Inf	Lys	92.7	high confidence set
scaffold02978	2	871818	871890	Arg	TCT	0	0	68.1	50.00	18.10	Inf	Arg	96.3	high confidence set
scaffold02978	3	973785	973712	Thr	AGT	0	0	76.0	48.40	27.60	Inf	Thr	90.6	high confidence set
scaffold02978	4	387745	387664	Ser	CGA	0	0	78.9	46.60	32.30	Inf	Ser	122.0	high confidence set
scaffold02978	5	387581	387498	Tyr	GTA	387544	387534	74.5	43.10	31.40	Inf	Tyr	111.8	high confidence set
scaffold02995	1	211085	211157	Arg	CCT	0	0	69.1	50.30	18.80	Inf	Arg	81.2	high confidence set
scaffold02995	2	315950	316021	Gly	TCC	0	0	73.9	46.20	27.70	Inf	Gly	85.6	high confidence set
scaffold02995	3	917338	917409	iMet	CAT	0	0	58.3	28.10	30.20	Inf	iMet	118.7	high confidence set
scaffold02995	4	2433007	2433078	iMet	CAT	0	0	58.3	28.10	30.20	Inf	iMet	118.7	high confidence set
scaffold02995	6	2508288	2508360	Ala	CGC	0	0	68.3	44.10	24.20	Inf	Ala	99.2	high confidence set
scaffold02995	7	2931188	2931259	Trp	CCA	0	0	75.5	50.60	24.90	Inf	Trp	101.5	high confidence set
scaffold02995	8	2938775	2938848	Val	CAC	0	0	82.4	54.40	28.00	Inf	Val	103.7	high confidence set
scaffold02995	9	3001397	3001325	Glu	CTC	0	0	79.2	53.50	25.70	Inf	Glu	98.6	high confidence set
scaffold02995	10	2897438	2897366	Glu	CTC	0	0	78.9	53.10	25.80	Inf	Glu	99.2	high confidence set
scaffold02995	11	2495228	2495157	Cys	GCA	0	0	79.9	59.80	20.10	Inf	Cys	108.3	high confidence set
scaffold02995	12	2038202	2038129	Asn	GTT	0	0	84.5	59.40	25.10	Inf	Asn	95.9	high confidence set
scaffold02995	13	214566	214495	Gly	TCC	0	0	73.9	46.20	27.70	Inf	Gly	85.6	high confidence set
scaffold03052	1	38195	38286	Tyr	GTA	38232	38250	74.2	42.90	31.30	Inf	Tyr	111.8	high confidence set
scaffold03076	1	207614	207701	Tyr	GTA	207651	207665	74.4	42.90	31.50	Inf	Tyr	111.8	high confidence set
scaffold03076	2	388044	387973	Gly	TCC	0	0	73.9	46.20	27.70	Inf	Gly	85.6	high confidence set
scaffold03080	1	1038538	1038610	Glu	CTC	0	0	79.2	53.50	25.70	Inf	Glu	94.2	high confidence set
scaffold03080	2	1109443	1109515	Lys	CTT	0	0	87.7	67.60	20.10	Inf	Lys	106.7	high confidence set
scaffold03080	3	1178136	1178207	Trp	CCA	0	0	75.8	51.20	24.60	Inf	Trp	105.6	high confidence set
scaffold03080	4	1544697	1544768	Cys	GCA	0	0	79.9	59.80	20.10	Inf	Cys	108.3	high confidence set
scaffold03080	5	1547774	1547845	Cys	GCA	0	0	79.9	59.80	20.10	Inf	Cys	108.3	high confidence set
scaffold03080	6	1699255	1699184	Trp	CCA	0	0	75.8	51.20	24.60	Inf	Trp	105.6	high confidence set
scaffold03080	7	1297286	1297213	Val	CAC	0	0	82.4	54.40	28.00	Inf	Val	103.7	high confidence set
scaffold03080	8	1162558	1162485	Thr	AGT	0	0	73.6	45.20	28.40	Inf	Thr	88.6	high confidence set
scaffold03080	9	1162348	1162276	Ala	AGC	0	0	63.4	38.20	25.20	Inf	Ala	98.3	high confidence set
scaffold03132	1	185802	185730	Phe	GAA	0	0	78.3	58.40	19.90	Inf	Phe	113.2	high confidence set
scaffold03149	1	499	413	Ser	GGA	0	0	64.5	34.70	29.80	Inf	Ser	85.1	unexpected anticodon
scaffold03159	1	150158	150086	Ala	TGC	0	0	69.1	43.30	25.80	Inf	Ala	101.9	high confidence set
scaffold03256	1	167117	167190	Val	AAC	0	0	72.9	48.60	24.30	Inf	Val	93.8	high confidence set
scaffold03356	1	1095790	1095863	Asn	GTT	0	0	84.5	59.40	25.10	Inf	Asn	95.9	high confidence set
scaffold03356	2	1447121	1447193	Ala	TGC	0	0	69.5	44.50	25.00	Inf	Ala	100.0	high confidence set
scaffold03356	3	2577941	2578014	Ile	AAT	0	0	81.8	58.30	23.50	Inf	Ile	106.8	high confidence set
scaffold03356	4	4141493	4141564	Gln	CTG	0	0	75.3	51.20	24.10	Inf	Gln	102.2	high confidence set
scaffold03356	5	4481368	4481441	Thr	AGT	0	0	72.7	47.30	25.40	Inf	Thr	88.4	high confidence set
scaffold03356	6	4633024	4632953	Glu	TTC	0	0	72.0	47.50	24.50	Inf	Glu	101.6	high confidence set
scaffold03356	7	4632878	4632808	Gly	CCC	0	0	66.0	29.20	36.80	Inf	Gly	87.4	high confidence set
scaffold03356	8	4629709	4629639	Gly	CCC	0	0	66.0	29.20	36.80	Inf	Gly	87.4	high confidence set
scaffold03356	9	3135494	3135423	Cys	GCA	0	0	80.9	57.20	23.70	Inf	Cys	104.1	high confidence set
scaffold03356	10	2956925	2956854	Cys	GCA	0	0	82.1	59.90	22.20	Inf	Cys	106.6	high confidence set
scaffold03356	11	1772645	1772562	Leu	CAA	0	0	78.6	55.60	23.00	Inf	Leu	123.0	high confidence set
scaffold03356	12	773194	773110	Met	CAT	773156	773146	64.2	40.80	23.40	Inf	Met	104.0	high confidence set
scaffold03443	1	209364	209436	Glu	CTC	0	0	78.9	53.10	25.80	Inf	Glu	99.2	high confidence set
scaffold03487	1	168682	168755	Val	AAC	0	0	72.9	48.60	24.30	Inf	Val	93.8	high confidence set
scaffold03487	2	170215	170288	Val	AAC	0	0	73.5	49.30	24.20	Inf	Val	94.1	high confidence set
scaffold03487	3	1107808	1107735	Thr	AGT	0	0	74.7	46.20	28.50	Inf	Thr	89.4	high confidence set
scaffold03487	4	967543	967472	Cys	GCA	0	0	82.1	59.90	22.20	Inf	Cys	106.6	high confidence set
scaffold03487	5	352261	352190	Lys	TTT	0	0	92.3	68.60	23.70	Inf	Lys	97.5	high confidence set
scaffold03487	6	345139	345055	Met	CAT	345101	345091	64.3	40.80	23.50	Inf	Met	104.0	high confidence set
scaffold03487	7	344200	344116	Met	CAT	344162	344152	64.3	40.80	23.50	Inf	Met	104.0	high confidence set
scaffold03533	1	533608	533681	Thr	AGT	0	0	76.0	48.40	27.60	Inf	Thr	90.6	high confidence set
scaffold03533	2	448129	448057	Ala	CGC	0	0	68.3	44.10	24.20	Inf	Ala	99.2	high confidence set
scaffold03533	3	445033	444961	Ala	CGC	0	0	68.3	44.10	24.20	Inf	Ala	99.2	high confidence set
scaffold03533	4	83413	83341	Arg	CCT	0	0	69.1	50.30	18.80	Inf	Arg	81.2	high confidence set
scaffold03537	1	71748	71677	Lys	TTT	0	0	92.3	68.60	23.70	Inf	Lys	97.5	high confidence set
scaffold03577	1	362938	363009	Gly	TCC	0	0	73.9	46.20	27.70	Inf	Gly	85.6	high confidence set
scaffold03577	2	368832	368903	Gly	TCC	0	0	73.9	46.20	27.70	Inf	Gly	85.6	high confidence set
scaffold03577	3	369191	369120	Gly	TCC	0	0	63.8	43.50	20.30	Inf	Gly	78.0	high confidence set
scaffold03588	1	132805	132888	Leu	CAA	0	0	78.8	52.60	26.20	Inf	Leu	124.0	high confidence set
scaffold03588	2	318987	319059	Arg	TCT	0	0	68.8	50.60	18.20	Inf	Arg	93.6	high confidence set
scaffold03588	3	1406179	1406250	Glu	TTC	0	0	72.0	47.50	24.50	Inf	Glu	101.6	high confidence set
scaffold03588	4	1405562	1405491	Gln	TTG	0	0	73.5	53.70	19.80	Inf	Gln	104.8	high confidence set
scaffold03588	5	299242	299169	Asn	GTT	0	0	84.5	59.40	25.10	Inf	Asn	95.9	high confidence set
scaffold03611	1	1465665	1465736	Gln	CTG	0	0	74.3	49.60	24.70	Inf	Gln	102.3	high confidence set
scaffold03611	2	1410138	1410065	Asn	GTT	0	0	84.5	59.40	25.10	Inf	Asn	95.9	high confidence set
scaffold03611	3	1407557	1407484	Asn	GTT	0	0	84.5	59.40	25.10	Inf	Asn	95.9	high confidence set
scaffold03611	4	1398748	1398675	Asn	GTT	0	0	84.5	59.40	25.10	Inf	Asn	95.9	high confidence set
scaffold03611	5	442018	441946	Arg	CCT	0	0	69.1	50.30	18.80	Inf	Arg	81.2	high confidence set
scaffold03625	1	479327	479397	Gly	GCC	0	0	66.5	44.80	21.70	Inf	Gly	94.4	high confidence set
scaffold03625	2	66109	66038	Trp	CCA	0	0	75.5	50.60	24.90	Inf	Trp	101.5	high confidence set
scaffold03639	1	510414	510485	Cys	GCA	0	0	76.8	57.80	19.00	Inf	Cys	107.0	high confidence set
scaffold03726	1	41386	41467	Ser	AGA	0	0	77.8	43.40	34.40	Inf	Ser	110.9	high confidence set
scaffold03735	1	132054	132127	Val	AAC	0	0	72.9	48.60	24.30	Inf	Val	93.8	high confidence set
scaffold03806	1	437935	438021	Met	CAT	437973	437985	64.2	40.70	23.50	Inf	Met	104.0	high confidence set
scaffold03806	2	360288	360217	Pro	CGG	0	0	65.2	35.80	29.40	Inf	Pro	103.5	high confidence set
scaffold03837	1	216738	216667	His	GTG	0	0	63.0	33.70	29.30	Inf	His	86.8	high confidence set
scaffold03837	2	205741	205668	Arg	TCG	0	0	82.3	61.00	21.30	Inf	Arg	91.9	high confidence set
scaffold03882	1	650390	650462	Arg	TCT	0	0	68.8	50.60	18.20	Inf	Arg	93.6	high confidence set
scaffold03882	3	903746	903676	Gly	GCC	0	0	66.5	44.80	21.70	Inf	Gly	94.4	high confidence set
scaffold03882	4	692134	692062	Arg	TCT	0	0	68.1	50.00	18.10	Inf	Arg	96.3	high confidence set
scaffold03882	5	140676	140603	Val	CAC	0	0	80.6	52.60	28.00	Inf	Val	99.3	high confidence set
scaffold03904	1	550288	550371	Tyr	GTA	0	0	55.6	30.40	25.20	Inf	Tyr	72.5	high confidence set
scaffold03904	2	735854	735936	Leu	TAA	0	0	76.8	39.30	37.50	Inf	Leu	101.4	high confidence set
scaffold03904	3	937382	937310	Val	TAC	0	0	77.8	43.10	34.70	Inf	Val	106.5	high confidence set
scaffold03970	2	90930	91000	Gly	GCC	0	0	66.5	44.80	21.70	Inf	Gly	94.4	high confidence set
scaffold04062	1	376620	376700	Leu	AAG	0	0	72.6	49.90	22.70	Inf	Leu	108.7	high confidence set
scaffold04062	2	394161	394242	Ser	TGA	0	0	80.7	46.10	34.60	Inf	Ser	119.7	high confidence set
scaffold04100	2	1240435	1240365	Gly	GCC	0	0	66.5	44.80	21.70	Inf	Gly	94.4	high confidence set
scaffold04100	3	653685	653613	Lys	CTT	0	0	87.7	67.60	20.10	Inf	Lys	106.7	high confidence set
scaffold04100	4	552426	552355	Trp	CCA	0	0	75.1	50.10	25.00	Inf	Trp	105.0	high confidence set
scaffold04100	5	551148	551077	Trp	CCA	0	0	75.1	50.10	25.00	Inf	Trp	105.0	high confidence set
scaffold04100	6	466012	465941	Thr	TGT	0	0	79.3	49.30	30.00	Inf	Thr	92.3	high confidence set
scaffold04100	7	410709	410636	Asn	GTT	0	0	84.5	59.40	25.10	Inf	Asn	95.9	high confidence set
