Sequence   		tRNA    	Bounds  	tRNA	Anti	Intron Bounds	Inf	HMM	2'Str	Hit	Isotype	Isotype	      
Name       	tRNA#	Begin   	End     	Type	Codon	Begin	End	Score	Score	Score	Origin	CM	Score	Note
--------   	------	-----   	------  	----	-----	-----	----	------	-----	-----	------	-------	-------	------
CM017188.1	1	395701	395772	Asp	GTC	0	0	69.8	46.80	23.00	Inf	Asp	95.8	high confidence set
CM017188.1	2	1253655	1253728	Glu	TTC	0	0	64.1	37.70	26.40	Inf	Glu	91.0	high confidence set
CM017188.1	3	2121872	2121944	Ala	TGC	0	0	69.1	43.30	25.80	Inf	Ala	101.9	high confidence set
CM017188.1	4	3579414	3579487	Val	AAC	0	0	72.9	48.60	24.30	Inf	Val	93.8	high confidence set
CM017188.1	5	4531274	4531347	Val	CAC	0	0	82.4	54.40	28.00	Inf	Val	100.3	high confidence set
CM017188.1	6	5488479	5488550	Pro	CGG	0	0	69.6	37.70	31.90	Inf	Pro	108.3	high confidence set
CM017188.1	7	5696913	5696983	Gly	CCC	0	0	66.3	29.50	36.80	Inf	Gly	89.7	high confidence set
CM017188.1	8	9248753	9248826	Val	AAC	0	0	73.2	49.10	24.10	Inf	Val	95.7	high confidence set
CM017188.1	9	9738961	9739034	Val	AAC	0	0	72.9	48.60	24.30	Inf	Val	93.8	high confidence set
CM017188.1	10	10313357	10313429	Phe	GAA	0	0	78.3	58.40	19.90	Inf	Phe	113.2	high confidence set
CM017188.1	11	10314552	10314624	Phe	GAA	0	0	78.3	58.40	19.90	Inf	Phe	113.2	high confidence set
CM017188.1	12	11093497	11093569	Lys	CTT	0	0	86.8	66.60	20.20	Inf	Lys	107.7	high confidence set
CM017188.1	13	11448070	11448142	Val	TAC	0	0	67.6	41.70	25.90	Inf	Val	101.0	high confidence set
CM017188.1	14	11449561	11449633	Val	TAC	0	0	76.9	44.10	32.80	Inf	Val	105.7	high confidence set
CM017188.1	16	11991242	11991314	Ala	TGC	0	0	65.5	40.20	25.30	Inf	Ala	97.8	high confidence set
CM017188.1	18	13095411	13095498	Tyr	GTA	13095448	13095462	69.1	37.60	31.50	Inf	Tyr	105.3	high confidence set
CM017188.1	19	13095866	13095952	Tyr	GTA	13095903	13095916	69.1	37.60	31.50	Inf	Tyr	105.3	high confidence set
CM017188.1	20	13096295	13096381	Tyr	GTA	13096332	13096345	69.1	37.60	31.50	Inf	Tyr	105.3	high confidence set
CM017188.1	21	13096709	13096795	Tyr	GTA	13096746	13096759	74.4	42.90	31.50	Inf	Tyr	111.8	high confidence set
CM017188.1	22	13460879	13460952	Glu	TTC	0	0	64.1	37.70	26.40	Inf	Glu	91.0	high confidence set
CM017188.1	23	13672927	13673008	Ser	TGA	0	0	80.7	46.10	34.60	Inf	Ser	119.7	high confidence set
CM017188.1	24	13786622	13786694	Ala	AGC	0	0	53.0	32.00	21.00	Inf	Ala	88.6	high confidence set
CM017188.1	25	13786967	13787039	Ala	AGC	0	0	63.4	38.20	25.20	Inf	Ala	98.3	high confidence set
CM017188.1	27	14600131	14600204	Val	TAC	0	0	78.4	44.70	33.70	Inf	Val	103.6	high confidence set
CM017188.1	28	14972000	14972071	Gln	CTG	0	0	75.3	51.20	24.10	Inf	Gln	106.0	high confidence set
CM017188.1	31	17443258	17443329	Gln	CTG	0	0	75.3	51.20	24.10	Inf	Gln	106.0	high confidence set
CM017188.1	32	17443714	17443785	Gln	CTG	0	0	75.3	51.20	24.10	Inf	Gln	106.0	high confidence set
CM017188.1	33	18077282	18077368	Met	CAT	18077320	18077332	68.7	45.20	23.50	Inf	Met	104.3	high confidence set
CM017188.1	34	18853117	18853201	Met	CAT	18853155	18853165	64.3	40.80	23.50	Inf	Met	104.0	high confidence set
CM017188.1	35	18853303	18853387	Met	CAT	18853341	18853351	64.3	40.80	23.50	Inf	Met	104.0	high confidence set
CM017188.1	36	18857350	18857434	Met	CAT	18857388	18857398	64.3	40.80	23.50	Inf	Met	104.0	high confidence set
CM017188.1	37	18857556	18857640	Met	CAT	18857594	18857604	64.3	40.80	23.50	Inf	Met	104.0	high confidence set
CM017188.1	38	19005627	19005698	Pro	AGG	0	0	62.9	30.20	32.70	Inf	Pro	106.4	high confidence set
CM017188.1	39	21479924	21479997	Ile	AAT	0	0	81.8	58.30	23.50	Inf	Ile	106.8	high confidence set
CM017188.1	41	22988129	22988201	Ala	CGC	0	0	54.7	34.30	20.40	Inf	Ala	87.0	high confidence set
CM017188.1	42	22988787	22988859	Ala	TGC	0	0	58.9	37.90	21.00	Inf	Ala	91.6	high confidence set
CM017188.1	43	22989124	22989196	Ala	TGC	0	0	64.5	43.50	21.00	Inf	Ala	97.4	high confidence set
CM017188.1	44	22989943	22990015	Ala	TGC	0	0	64.5	43.50	21.00	Inf	Ala	97.4	high confidence set
CM017188.1	49	22996013	22996094	Ser	TGA	0	0	80.7	46.10	34.60	Inf	Ser	119.7	high confidence set
CM017188.1	50	23287617	23287688	Pro	CGG	0	0	68.5	36.10	32.40	Inf	Pro	108.5	high confidence set
CM017188.1	51	27162658	27162740	Leu	TAA	0	0	73.8	34.40	39.40	Inf	Leu	96.2	high confidence set
CM017188.1	52	47038967	47039037	Gly	GCC	0	0	66.5	44.80	21.70	Inf	Gly	94.4	high confidence set
CM017188.1	54	43069325	43069253	Phe	GAA	0	0	78.3	58.40	19.90	Inf	Phe	113.2	high confidence set
CM017188.1	57	26362173	26362102	Pro	AGG	0	0	67.4	34.70	32.70	Inf	Pro	112.3	high confidence set
CM017188.1	58	24988240	24988159	Ser	AGA	0	0	80.3	44.00	36.30	Inf	Ser	115.3	high confidence set
CM017188.1	59	22212925	22212845	Leu	AAG	0	0	74.0	52.20	21.80	Inf	Leu	110.4	high confidence set
CM017188.1	60	19401414	19401343	Pro	CGG	0	0	68.5	36.10	32.40	Inf	Pro	108.5	high confidence set
CM017188.1	61	19234716	19234635	Ser	GCT	0	0	80.5	45.20	35.30	Inf	Ser	109.5	high confidence set
CM017188.1	62	16620570	16620498	Lys	CTT	0	0	86.8	66.60	20.20	Inf	Lys	107.7	high confidence set
CM017188.1	63	14751926	14751853	Val	AAC	0	0	72.9	48.60	24.30	Inf	Val	93.8	high confidence set
CM017188.1	65	13454061	13453990	Gln	CTG	0	0	74.7	50.50	24.20	Inf	Gln	100.9	high confidence set
CM017188.1	66	13195745	13195674	Gly	TCC	0	0	73.9	46.20	27.70	Inf	Gly	85.6	high confidence set
CM017188.1	67	13195571	13195500	Gly	TCC	0	0	72.8	47.10	25.70	Inf	Gly	81.8	high confidence set
CM017188.1	68	13195345	13195274	Gly	TCC	0	0	73.9	46.20	27.70	Inf	Gly	85.6	high confidence set
CM017188.1	69	13195182	13195111	Gly	TCC	0	0	71.0	46.10	24.90	Inf	Gly	83.7	high confidence set
CM017188.1	70	13195001	13194930	Gly	TCC	0	0	73.9	46.20	27.70	Inf	Gly	85.6	high confidence set
CM017188.1	72	13194647	13194576	Gly	TCC	0	0	73.9	46.20	27.70	Inf	Gly	85.6	high confidence set
CM017188.1	73	13194420	13194349	Gly	TCC	0	0	73.9	46.20	27.70	Inf	Gly	85.6	high confidence set
CM017188.1	74	13194257	13194186	Gly	TCC	0	0	71.0	46.10	24.90	Inf	Gly	83.7	high confidence set
CM017188.1	76	13193912	13193840	Gly	TCC	0	0	67.1	43.50	23.60	Inf	Gly	70.8	high confidence set
CM017188.1	79	13193241	13193170	Gly	TCC	0	0	73.9	46.20	27.70	Inf	Gly	85.6	high confidence set
CM017188.1	80	13193019	13192948	Gly	TCC	0	0	73.9	46.20	27.70	Inf	Gly	85.6	high confidence set
CM017188.1	81	13192843	13192772	Gly	TCC	0	0	73.9	46.20	27.70	Inf	Gly	85.6	high confidence set
CM017188.1	82	12105172	12105091	Ser	GCT	0	0	80.5	45.20	35.30	Inf	Ser	109.5	high confidence set
CM017188.1	83	11949945	11949874	Trp	CCA	0	0	75.8	51.20	24.60	Inf	Trp	105.6	high confidence set
CM017188.1	84	11417143	11417062	Ser	CGA	0	0	78.2	45.90	32.30	Inf	Ser	121.6	high confidence set
CM017188.1	85	11416981	11416900	Ser	CGA	0	0	78.2	45.90	32.30	Inf	Ser	121.6	high confidence set
CM017188.1	86	10304262	10304190	Phe	GAA	0	0	78.3	58.40	19.90	Inf	Phe	113.2	high confidence set
CM017188.1	87	9388615	9388535	Leu	AAG	0	0	74.0	52.20	21.80	Inf	Leu	110.4	high confidence set
CM017188.1	88	9388014	9387934	Leu	AAG	0	0	74.0	52.20	21.80	Inf	Leu	110.4	high confidence set
CM017188.1	89	9232058	9231987	Cys	GCA	0	0	82.1	59.90	22.20	Inf	Cys	106.6	high confidence set
CM017188.1	90	9221032	9220961	Cys	GCA	0	0	82.1	59.90	22.20	Inf	Cys	106.6	high confidence set
CM017188.1	91	9220832	9220761	Cys	GCA	0	0	82.1	59.90	22.20	Inf	Cys	106.6	high confidence set
CM017188.1	92	9108210	9108139	Cys	GCA	0	0	82.1	59.90	22.20	Inf	Cys	106.6	high confidence set
CM017188.1	93	7960411	7960321	Tyr	GTA	7960374	7960357	74.3	42.80	31.50	Inf	Tyr	111.8	high confidence set
CM017188.1	94	7506762	7506681	Ser	AGA	0	0	79.6	43.50	36.10	Inf	Ser	114.9	high confidence set
CM017188.1	95	7295400	7295329	Asp	GTC	0	0	69.8	46.80	23.00	Inf	Asp	95.8	high confidence set
CM017188.1	96	6068087	6068015	Arg	CCG	0	0	65.5	47.30	18.20	Inf	Arg	91.7	high confidence set
CM017188.1	97	6008106	6008034	Lys	TTT	0	0	89.6	66.00	23.60	Inf	Lys	96.4	high confidence set
CM017188.1	98	5898654	5898582	Ala	CGC	0	0	68.3	44.10	24.20	Inf	Ala	99.2	high confidence set
CM017188.1	99	3435078	3434995	Leu	CAA	0	0	77.8	51.60	26.20	Inf	Leu	121.9	high confidence set
CM017188.1	100	1110871	1110800	Asp	GTC	0	0	69.8	46.80	23.00	Inf	Asp	95.8	high confidence set
CM017188.1	101	521046	520974	Phe	GAA	0	0	78.3	58.40	19.90	Inf	Phe	113.2	high confidence set
CM017189.1	1	16512844	16512917	Thr	AGT	0	0	70.3	46.20	24.10	Inf	Thr	84.3	high confidence set
CM017189.1	2	16720337	16720408	Gln	TTG	0	0	76.5	56.50	20.00	Inf	Gln	106.0	high confidence set
CM017189.1	3	17257355	17257427	Lys	TTT	0	0	90.5	66.90	23.60	Inf	Lys	95.4	high confidence set
CM017189.1	4	19688535	19688606	Thr	CGT	0	0	80.5	54.30	26.20	Inf	Thr	87.3	high confidence set
CM017189.1	5	19924167	19924238	Cys	GCA	0	0	83.7	59.50	24.20	Inf	Cys	99.0	high confidence set
CM017189.1	6	22344105	22344176	Trp	CCA	0	0	75.8	51.20	24.60	Inf	Trp	105.6	high confidence set
CM017189.1	7	22577027	22577108	Ser	GCT	0	0	80.5	45.20	35.30	Inf	Ser	109.5	high confidence set
CM017189.1	8	23870227	23870297	Gly	GCC	0	0	66.5	44.80	21.70	Inf	Gly	94.4	high confidence set
CM017189.1	9	24574229	24574300	Thr	CGT	0	0	80.5	54.30	26.20	Inf	Thr	87.3	high confidence set
CM017189.1	10	24599239	24599311	Phe	GAA	0	0	76.4	56.50	19.90	Inf	Phe	108.4	high confidence set
CM017189.1	11	25815530	25815601	Gln	CTG	0	0	75.3	51.20	24.10	Inf	Gln	106.0	high confidence set
CM017189.1	12	26347054	26347126	Phe	GAA	0	0	78.3	58.40	19.90	Inf	Phe	113.2	high confidence set
CM017189.1	13	30272376	30272446	Gly	GCC	0	0	66.5	44.80	21.70	Inf	Gly	94.4	high confidence set
CM017189.1	14	30272510	30272580	Gly	GCC	0	0	66.5	44.80	21.70	Inf	Gly	94.4	high confidence set
CM017189.1	15	30272644	30272714	Gly	GCC	0	0	58.6	44.10	14.50	Inf	Gly	87.6	high confidence set
CM017189.1	16	31105739	31105811	Arg	TCT	0	0	68.5	50.60	17.90	Inf	Arg	98.8	high confidence set
CM017189.1	17	31618623	31618695	Ala	AGC	0	0	63.4	38.20	25.20	Inf	Ala	98.3	high confidence set
CM017189.1	18	31764722	31764803	Ser	GCT	0	0	76.6	43.90	32.70	Inf	Ser	105.1	high confidence set
CM017189.1	19	31454677	31454605	Ala	AGC	0	0	63.4	38.20	25.20	Inf	Ala	98.3	high confidence set
CM017189.1	20	29797135	29797063	Glu	CTC	0	0	80.0	54.10	25.90	Inf	Glu	99.8	high confidence set
CM017189.1	21	29700789	29700719	Gly	GCC	0	0	66.5	44.80	21.70	Inf	Gly	94.4	high confidence set
CM017189.1	23	29700537	29700468	Gly	GCC	0	0	50.9	37.00	13.90	Inf	Gly	77.5	high confidence set
CM017189.1	24	29700385	29700315	Gly	GCC	0	0	66.5	44.80	21.70	Inf	Gly	94.4	high confidence set
CM017189.1	25	29700232	29700162	Gly	GCC	0	0	66.5	44.80	21.70	Inf	Gly	94.4	high confidence set
CM017189.1	26	29700079	29700009	Gly	GCC	0	0	66.5	44.80	21.70	Inf	Gly	94.4	high confidence set
CM017189.1	27	29699926	29699856	Gly	GCC	0	0	66.5	44.80	21.70	Inf	Gly	94.4	high confidence set
CM017189.1	28	29699773	29699703	Gly	GCC	0	0	66.5	44.80	21.70	Inf	Gly	94.4	high confidence set
CM017189.1	29	29699620	29699550	Gly	GCC	0	0	66.5	44.80	21.70	Inf	Gly	94.4	high confidence set
CM017189.1	30	29699467	29699398	Gly	GCC	0	0	50.8	34.80	16.00	Inf	Gly	76.4	high confidence set
CM017189.1	31	29699315	29699245	Gly	GCC	0	0	66.5	44.80	21.70	Inf	Gly	94.4	high confidence set
CM017189.1	32	29699162	29699092	Gly	GCC	0	0	66.5	44.80	21.70	Inf	Gly	94.4	high confidence set
CM017189.1	33	29675313	29675232	Ser	TGA	0	0	80.0	45.30	34.70	Inf	Ser	119.3	high confidence set
CM017189.1	34	28364526	28364454	Lys	TTT	0	0	89.6	66.00	23.60	Inf	Lys	96.4	high confidence set
CM017189.1	35	27680778	27680705	Val	AAC	0	0	72.9	48.60	24.30	Inf	Val	93.8	high confidence set
CM017189.1	36	26607522	26607443	Leu	TAG	0	0	69.5	48.50	21.00	Inf	Leu	111.5	high confidence set
CM017189.1	37	26556779	26556700	Gln	TTG	0	0	63.8	43.90	19.90	Inf	Leu	100.5	IPD:-70.70,isotype mismatch
CM017189.1	38	26304333	26304262	Pro	TGG	0	0	67.0	35.40	31.60	Inf	Pro	106.0	high confidence set
CM017189.1	39	25752090	25752008	Met	CAT	25752052	25752044	66.3	44.50	21.80	Inf	Met	95.8	high confidence set
CM017189.1	40	25370881	25370808	Asn	GTT	0	0	84.5	59.40	25.10	Inf	Asn	95.9	high confidence set
CM017189.1	41	22969733	22969660	Glu	TTC	0	0	64.1	37.70	26.40	Inf	Glu	91.0	high confidence set
CM017189.1	42	22257698	22257627	Pro	AGG	0	0	67.4	34.70	32.70	Inf	Pro	112.3	high confidence set
CM017189.1	43	20754803	20754731	Glu	CTC	0	0	80.0	54.10	25.90	Inf	Glu	99.8	high confidence set
CM017189.1	44	20596640	20596568	Glu	CTC	0	0	80.0	54.10	25.90	Inf	Glu	99.8	high confidence set
CM017189.1	45	20585001	20584929	Glu	CTC	0	0	72.7	50.90	21.80	Inf	Glu	92.1	high confidence set
CM017189.1	46	17259754	17259682	Lys	TTT	0	0	89.6	66.00	23.60	Inf	Lys	96.4	high confidence set
CM017189.1	47	17259004	17258932	Lys	TTT	0	0	89.6	66.00	23.60	Inf	Lys	96.4	high confidence set
CM017189.1	48	17258185	17258113	Lys	TTT	0	0	89.6	66.00	23.60	Inf	Lys	96.4	high confidence set
CM017189.1	49	16970284	16970211	Val	CAC	0	0	82.4	54.40	28.00	Inf	Val	103.7	high confidence set
CM017189.1	50	16920085	16920003	Leu	TAA	0	0	73.8	34.40	39.40	Inf	Leu	96.2	high confidence set
CM017189.1	51	16594619	16594548	iMet	CAT	0	0	58.3	28.10	30.20	Inf	iMet	118.7	high confidence set
CM017189.1	52	16594136	16594065	iMet	CAT	0	0	58.3	28.10	30.20	Inf	iMet	118.7	high confidence set
CM017189.1	53	16507076	16507003	Arg	TCG	0	0	81.9	60.40	21.50	Inf	Arg	92.9	high confidence set
CM017189.1	55	644990	644917	Val	AAC	0	0	72.9	48.60	24.30	Inf	Val	93.8	high confidence set
CM017190.1	1	1744098	1744170	Ala	AGC	0	0	63.4	38.20	25.20	Inf	Ala	98.3	high confidence set
CM017190.1	2	1871608	1871679	Thr	TGT	0	0	84.3	58.00	26.30	Inf	Thr	93.3	high confidence set
CM017190.1	3	3460706	3460776	Gly	CCC	0	0	66.3	29.50	36.80	Inf	Gly	89.7	high confidence set
CM017190.1	4	3823764	3823836	Glu	CTC	0	0	70.8	54.80	16.00	Inf	Glu	93.3	high confidence set
CM017190.1	5	10602575	10602648	Asn	GTT	0	0	84.5	59.40	25.10	Inf	Asn	95.9	high confidence set
CM017190.1	9	23896605	23896678	Val	CAC	0	0	82.4	54.40	28.00	Inf	Val	103.7	high confidence set
CM017190.1	10	23908439	23908510	Asp	GTC	0	0	69.8	46.80	23.00	Inf	Asp	95.8	high confidence set
CM017190.1	13	25927800	25927872	Ala	AGC	0	0	58.0	36.60	21.40	Inf	Ala	92.4	high confidence set
CM017190.1	14	25928156	25928228	Ala	AGC	0	0	50.5	32.20	18.30	Inf	Ala	84.1	high confidence set
CM017190.1	15	25928512	25928584	Ala	TGC	0	0	63.5	38.20	25.30	Inf	Ala	98.3	high confidence set
CM017190.1	16	25949040	25949112	Ala	AGC	0	0	61.0	35.80	25.20	Inf	Ala	94.7	high confidence set
CM017190.1	17	26269360	26269431	Gly	TCC	0	0	73.9	46.20	27.70	Inf	Gly	85.6	high confidence set
CM017190.1	18	27218158	27218231	Val	AAC	0	0	60.1	44.60	15.50	Inf	Val	77.2	high confidence set
CM017190.1	19	27218312	27218385	Val	AAC	0	0	72.9	48.60	24.30	Inf	Val	93.8	high confidence set
CM017190.1	20	27218466	27218539	Val	AAC	0	0	72.8	49.50	23.30	Inf	Val	90.3	high confidence set
CM017190.1	21	27218602	27218675	Val	AAC	0	0	65.7	48.50	17.20	Inf	Val	82.3	high confidence set
CM017190.1	23	27356797	27356868	His	GTG	0	0	63.3	34.30	29.00	Inf	His	91.7	high confidence set
CM017190.1	24	27460151	27460223	Ala	TGC	0	0	69.1	43.30	25.80	Inf	Ala	101.9	high confidence set
CM017190.1	25	27644831	27644902	Pro	AGG	0	0	67.4	34.70	32.70	Inf	Pro	112.3	high confidence set
CM017190.1	26	27874712	27874783	iMet	CAT	0	0	58.3	28.10	30.20	Inf	iMet	118.7	high confidence set
CM017190.1	27	27876994	27877065	iMet	CAT	0	0	58.3	28.10	30.20	Inf	iMet	118.7	high confidence set
CM017190.1	28	27877998	27878069	iMet	CAT	0	0	58.3	28.10	30.20	Inf	iMet	118.7	high confidence set
CM017190.1	29	27883757	27883828	iMet	CAT	0	0	53.4	28.40	25.00	Inf	iMet	105.4	high confidence set
CM017190.1	30	27991016	27991087	Gly	TCC	0	0	73.9	46.20	27.70	Inf	Gly	85.6	high confidence set
CM017190.1	31	28878169	28878240	Pro	AGG	0	0	62.9	30.20	32.70	Inf	Pro	106.4	high confidence set
CM017190.1	32	29196901	29196972	iMet	CAT	0	0	51.4	22.50	28.90	Inf	iMet	112.4	high confidence set
CM017190.1	33	29843780	29843708	Glu	CTC	0	0	72.9	47.10	25.80	Inf	Glu	96.0	high confidence set
CM017190.1	34	29200435	29200364	iMet	CAT	0	0	58.3	28.10	30.20	Inf	iMet	118.7	high confidence set
CM017190.1	35	28706329	28706258	iMet	CAT	0	0	58.3	28.10	30.20	Inf	iMet	118.7	high confidence set
CM017190.1	36	25967892	25967820	Ala	AGC	0	0	56.9	37.30	19.60	Inf	Ala	90.7	high confidence set
CM017190.1	37	18984904	18984833	Cys	GCA	0	0	70.4	47.90	22.50	Inf	Cys	94.3	high confidence set
CM017190.1	43	9063974	9063903	Gln	CTG	0	0	73.3	49.20	24.10	Inf	Gln	106.0	high confidence set
CM017190.1	44	9063835	9063764	Gln	CTG	0	0	75.0	50.90	24.10	Inf	Gln	105.4	high confidence set
CM017190.1	45	9063696	9063625	Gln	CTG	0	0	75.0	50.90	24.10	Inf	Gln	105.4	high confidence set
CM017190.1	46	9063557	9063486	Gln	CTG	0	0	75.0	50.90	24.10	Inf	Gln	105.4	high confidence set
CM017190.1	47	9063417	9063346	Gln	CTG	0	0	72.8	50.80	22.00	Inf	Gln	99.8	high confidence set
CM017190.1	48	9063278	9063207	Gln	CTG	0	0	75.0	50.90	24.10	Inf	Gln	105.4	high confidence set
CM017190.1	49	8627860	8627789	Pro	TGG	0	0	53.0	25.20	27.80	Inf	Pro	92.2	high confidence set
CM017190.1	50	8067439	8067356	Leu	CAA	0	0	79.3	54.60	24.70	Inf	Leu	120.7	high confidence set
CM017190.1	51	8067267	8067184	Leu	CAA	0	0	81.0	54.60	26.40	Inf	Leu	125.6	high confidence set
CM017190.1	52	8059045	8058962	Leu	CAA	0	0	79.3	54.60	24.70	Inf	Leu	120.7	high confidence set
CM017190.1	53	8058873	8058790	Leu	CAA	0	0	81.0	54.60	26.40	Inf	Leu	125.6	high confidence set
CM017190.1	55	6511776	6511704	Lys	CTT	0	0	86.8	66.60	20.20	Inf	Lys	107.7	high confidence set
CM017190.1	56	6272779	6272708	His	GTG	0	0	63.0	33.70	29.30	Inf	His	91.2	high confidence set
CM017190.1	57	6158648	6158568	Leu	CAG	0	0	69.8	47.20	22.60	Inf	Leu	110.3	high confidence set
CM017190.1	58	4096249	4096176	Thr	AGT	0	0	77.5	49.10	28.40	Inf	Thr	91.2	high confidence set
CM017190.1	59	3060165	3060094	Trp	CCA	0	0	75.8	51.20	24.60	Inf	Trp	105.6	high confidence set
CM017190.1	60	3049677	3049584	Tyr	GTA	3049640	3049620	69.7	38.20	31.50	Inf	Tyr	108.3	high confidence set
CM017191.1	1	1006213	1006285	Val	TAC	0	0	76.7	41.70	35.00	Inf	Val	103.0	high confidence set
CM017191.1	2	1042919	1043000	Ser	CGA	0	0	78.9	46.60	32.30	Inf	Ser	122.0	high confidence set
CM017191.1	3	2104852	2104922	Gly	CCC	0	0	66.3	29.50	36.80	Inf	Gly	89.7	high confidence set
CM017191.1	4	2170499	2170570	Trp	CCA	0	0	75.8	51.20	24.60	Inf	Trp	105.6	high confidence set
CM017191.1	5	2376340	2376411	Asp	GTC	0	0	69.8	46.80	23.00	Inf	Asp	95.8	high confidence set
CM017191.1	7	4394351	4394422	Pro	TGG	0	0	69.6	37.70	31.90	Inf	Pro	108.3	high confidence set
CM017191.1	8	5761651	5761722	Asp	GTC	0	0	69.8	46.80	23.00	Inf	Asp	95.8	high confidence set
CM017191.1	10	6398688	6398760	Lys	CTT	0	0	87.7	67.60	20.10	Inf	Lys	106.7	high confidence set
CM017191.1	11	7300899	7300971	Glu	CTC	0	0	80.0	54.10	25.90	Inf	Glu	99.8	high confidence set
CM017191.1	12	9114695	9114766	Pro	TGG	0	0	69.6	37.70	31.90	Inf	Pro	108.3	high confidence set
CM017191.1	13	11587540	11587611	Asp	GTC	0	0	69.8	46.80	23.00	Inf	Asp	95.8	high confidence set
CM017191.1	22	15811146	15811229	Leu	CAA	0	0	81.0	54.60	26.40	Inf	Leu	125.6	high confidence set
CM017191.1	23	17206397	17206478	Ser	TGA	0	0	80.7	46.10	34.60	Inf	Ser	119.7	high confidence set
CM017191.1	24	20425678	20425752	Ile	TAT	0	0	84.3	69.00	15.30	Inf	Ile	101.8	high confidence set
CM017191.1	25	20908579	20908660	Ser	AGA	0	0	76.3	41.60	34.70	Inf	Ser	112.1	high confidence set
CM017191.1	27	28965691	28965763	Lys	CTT	0	0	86.8	66.60	20.20	Inf	Lys	107.7	high confidence set
CM017191.1	28	29259525	29259597	Phe	GAA	0	0	78.3	58.40	19.90	Inf	Phe	113.2	high confidence set
CM017191.1	29	29895678	29895749	Asp	GTC	0	0	69.8	46.80	23.00	Inf	Asp	95.8	high confidence set
CM017191.1	30	29899424	29899495	Asp	GTC	0	0	69.8	46.80	23.00	Inf	Asp	95.8	high confidence set
CM017191.1	31	29900303	29900374	Asp	GTC	0	0	52.4	41.00	11.40	Inf	Asp	70.2	high confidence set
CM017191.1	32	29931641	29931712	Thr	CGT	0	0	80.5	54.30	26.20	Inf	Thr	87.3	high confidence set
CM017191.1	33	29931813	29931884	Thr	CGT	0	0	80.5	54.30	26.20	Inf	Thr	87.3	high confidence set
CM017191.1	34	31724378	31724450	Val	TAC	0	0	76.7	41.70	35.00	Inf	Val	103.0	high confidence set
CM017191.1	35	33806166	33806246	Leu	AAG	0	0	70.5	49.10	21.40	Inf	Leu	99.8	high confidence set
CM017191.1	36	35465143	35465216	Asn	GTT	0	0	84.5	59.40	25.10	Inf	Asn	95.9	high confidence set
CM017191.1	37	35467968	35468041	Asn	GTT	0	0	84.5	59.40	25.10	Inf	Asn	95.9	high confidence set
CM017191.1	38	35472175	35472248	Asn	GTT	0	0	84.5	59.40	25.10	Inf	Asn	95.9	high confidence set
CM017191.1	39	36601697	36601770	Ile	AAT	0	0	81.8	58.30	23.50	Inf	Ile	106.8	high confidence set
CM017191.1	40	36650919	36651008	Tyr	GTA	36650956	36650972	74.3	42.80	31.50	Inf	Tyr	111.8	high confidence set
CM017191.1	41	38651328	38651412	Met	CAT	38651366	38651376	68.7	45.30	23.40	Inf	Met	104.3	high confidence set
CM017191.1	42	38951093	38951164	Pro	TGG	0	0	68.5	35.70	32.80	Inf	Pro	111.2	high confidence set
CM017191.1	43	40556671	40556744	Val	AAC	0	0	72.9	48.60	24.30	Inf	Val	93.8	high confidence set
CM017191.1	44	40556837	40556910	Val	AAC	0	0	72.9	48.60	24.30	Inf	Val	93.8	high confidence set
CM017191.1	46	41545179	41545250	Gln	CTG	0	0	75.3	51.20	24.10	Inf	Gln	106.0	high confidence set
CM017191.1	47	42505487	42505416	Pro	TGG	0	0	68.5	35.70	32.80	Inf	Pro	111.2	high confidence set
CM017191.1	48	42505351	42505280	Pro	TGG	0	0	63.2	26.30	36.90	Inf	Pro	106.2	high confidence set
CM017191.1	49	42505214	42505143	Pro	TGG	0	0	63.2	26.30	36.90	Inf	Pro	106.2	high confidence set
CM017191.1	50	42505077	42505006	Pro	TGG	0	0	63.2	26.30	36.90	Inf	Pro	106.2	high confidence set
CM017191.1	51	42504940	42504869	Pro	TGG	0	0	60.4	30.70	29.70	Inf	Pro	98.1	high confidence set
CM017191.1	52	42504803	42504732	Pro	TGG	0	0	67.0	35.40	31.60	Inf	Pro	106.0	high confidence set
CM017191.1	53	41542813	41542741	Arg	CCT	0	0	69.1	50.30	18.80	Inf	Arg	81.2	high confidence set
CM017191.1	54	39958354	39958283	Thr	CGT	0	0	80.5	54.30	26.20	Inf	Thr	87.3	high confidence set
CM017191.1	55	39931496	39931424	Phe	GAA	0	0	78.3	58.40	19.90	Inf	Phe	113.2	high confidence set
CM017191.1	56	39931214	39931134	Leu	AAG	0	0	74.0	52.20	21.80	Inf	Leu	110.4	high confidence set
CM017191.1	57	39930430	39930357	Ile	TAT	0	0	83.8	67.10	16.70	Inf	Ile	98.9	high confidence set
CM017191.1	58	39234159	39234088	Gln	CTG	0	0	75.3	51.20	24.10	Inf	Gln	106.0	high confidence set
CM017191.1	59	38699643	38699572	Pro	AGG	0	0	67.4	34.70	32.70	Inf	Pro	112.3	high confidence set
CM017191.1	60	35841500	35841428	Arg	CCT	0	0	69.1	50.30	18.80	Inf	Arg	81.2	high confidence set
CM017191.1	61	34560109	34560038	Asp	GTC	0	0	69.8	46.80	23.00	Inf	Asp	95.8	high confidence set
CM017191.1	62	33088319	33088246	Val	AAC	0	0	72.9	48.60	24.30	Inf	Val	93.8	high confidence set
CM017191.1	63	31685122	31685041	Ser	CGA	0	0	78.2	45.90	32.30	Inf	Ser	121.6	high confidence set
CM017191.1	64	30585586	30585513	Asn	GTT	0	0	78.4	58.10	20.30	Inf	Asn	88.9	high confidence set
CM017191.1	65	29192944	29192864	Leu	AAG	0	0	74.0	52.20	21.80	Inf	Leu	110.4	high confidence set
CM017191.1	66	29190021	29189941	Leu	AAG	0	0	74.0	52.20	21.80	Inf	Leu	110.4	high confidence set
CM017191.1	67	27499416	27499343	Val	AAC	0	0	72.9	48.60	24.30	Inf	Val	93.8	high confidence set
CM017191.1	68	27144241	27144157	Met	CAT	27144203	27144193	68.7	45.30	23.40	Inf	Met	104.3	high confidence set
CM017191.1	69	26831793	26831722	His	GTG	0	0	63.0	33.70	29.30	Inf	His	91.2	high confidence set
CM017191.1	70	23508212	23508142	Phe	GAA	0	0	54.3	40.10	14.20	Inf	Phe	84.7	high confidence set
CM017191.1	71	23507784	23507712	Phe	GAA	0	0	78.3	58.40	19.90	Inf	Phe	113.2	high confidence set
CM017191.1	72	23507354	23507282	Phe	GAA	0	0	78.3	58.40	19.90	Inf	Phe	113.2	high confidence set
CM017191.1	74	17820144	17820072	Ala	CGC	0	0	68.3	44.10	24.20	Inf	Ala	99.2	high confidence set
CM017191.1	77	12500142	12500071	Asp	GTC	0	0	69.8	46.80	23.00	Inf	Asp	95.8	high confidence set
CM017191.1	78	11299205	11299132	Asn	GTT	0	0	84.5	59.40	25.10	Inf	Asn	95.9	high confidence set
CM017191.1	79	9229986	9229903	Leu	CAA	0	0	80.5	54.00	26.50	Inf	Leu	128.6	high confidence set
CM017191.1	80	8190847	8190776	Gly	TCC	0	0	73.9	46.20	27.70	Inf	Gly	85.6	high confidence set
CM017191.1	81	8112869	8112798	Asp	GTC	0	0	69.8	46.80	23.00	Inf	Asp	95.8	high confidence set
CM017191.1	82	8111027	8110956	Asp	GTC	0	0	69.8	46.80	23.00	Inf	Asp	95.8	high confidence set
CM017191.1	83	8109775	8109704	Asp	GTC	0	0	69.8	46.80	23.00	Inf	Asp	95.8	high confidence set
CM017191.1	84	8107787	8107716	Asp	GTC	0	0	69.8	46.80	23.00	Inf	Asp	95.8	high confidence set
CM017191.1	85	8106891	8106820	Asp	GTC	0	0	69.8	46.80	23.00	Inf	Asp	95.8	high confidence set
CM017191.1	86	7945551	7945479	Phe	GAA	0	0	78.3	58.40	19.90	Inf	Phe	113.2	high confidence set
CM017191.1	87	7706736	7706664	Lys	CTT	0	0	87.7	67.60	20.10	Inf	Lys	106.7	high confidence set
CM017191.1	88	7705998	7705926	Lys	CTT	0	0	86.8	66.60	20.20	Inf	Lys	107.7	high confidence set
CM017191.1	89	7705063	7704991	Lys	CTT	0	0	87.7	67.60	20.10	Inf	Lys	106.7	high confidence set
CM017191.1	90	7704325	7704253	Lys	CTT	0	0	86.8	66.60	20.20	Inf	Lys	107.7	high confidence set
CM017191.1	91	7703348	7703276	Lys	CTT	0	0	87.7	67.60	20.10	Inf	Lys	106.7	high confidence set
CM017191.1	92	6472170	6472098	Ala	AGC	0	0	63.4	38.20	25.20	Inf	Ala	98.3	high confidence set
CM017191.1	93	6467442	6467371	Asp	GTC	0	0	67.8	44.80	23.00	Inf	Asp	92.9	high confidence set
CM017191.1	94	2842315	2842244	Gly	TCC	0	0	73.9	46.20	27.70	Inf	Gly	85.6	high confidence set
CM017191.1	95	2459659	2459587	Phe	GAA	0	0	78.3	58.40	19.90	Inf	Phe	113.2	high confidence set
CM017192.1	1	491258	491329	Asp	GTC	0	0	69.8	46.80	23.00	Inf	Asp	95.8	high confidence set
CM017192.1	2	549859	549938	Leu	TAG	0	0	69.5	48.50	21.00	Inf	Leu	111.5	high confidence set
CM017192.1	3	783651	783724	Thr	AGT	0	0	76.5	48.00	28.50	Inf	Thr	90.4	high confidence set
CM017192.1	4	1336482	1336554	Arg	CCT	0	0	69.1	50.30	18.80	Inf	Arg	81.2	high confidence set
CM017192.1	5	1336630	1336702	Arg	CCT	0	0	69.1	50.30	18.80	Inf	Arg	81.2	high confidence set
CM017192.1	6	1778280	1778353	Ile	AAT	0	0	81.8	58.30	23.50	Inf	Ile	106.8	high confidence set
CM017192.1	7	4658379	4658451	Phe	GAA	0	0	78.3	58.40	19.90	Inf	Phe	113.2	high confidence set
CM017192.1	8	4666581	4666653	Phe	GAA	0	0	78.3	58.40	19.90	Inf	Phe	113.2	high confidence set
CM017192.1	9	5329149	5329220	Thr	CGT	0	0	80.5	54.30	26.20	Inf	Thr	87.3	high confidence set
CM017192.1	10	5536052	5536132	Leu	AAG	0	0	74.0	52.20	21.80	Inf	Leu	110.4	high confidence set
CM017192.1	11	5536210	5536290	Leu	AAG	0	0	74.0	52.20	21.80	Inf	Leu	110.4	high confidence set
CM017192.1	12	5536369	5536449	Leu	AAG	0	0	68.1	52.20	15.90	Inf	Leu	96.3	high confidence set
CM017192.1	13	10385035	10385106	Trp	CCA	0	0	75.8	51.20	24.60	Inf	Trp	105.6	high confidence set
CM017192.1	15	15038606	15038678	Phe	GAA	0	0	78.3	58.40	19.90	Inf	Phe	113.2	high confidence set
CM017192.1	16	21699621	21699693	Lys	CTT	0	0	88.1	66.30	21.80	Inf	Lys	103.6	high confidence set
CM017192.1	17	22086855	22086926	Trp	CCA	0	0	75.8	51.20	24.60	Inf	Trp	105.6	high confidence set
CM017192.1	19	31616471	31616542	Trp	CCA	0	0	75.8	51.20	24.60	Inf	Trp	105.6	high confidence set
CM017192.1	20	31616663	31616734	Trp	CCA	0	0	75.8	51.20	24.60	Inf	Trp	105.6	high confidence set
CM017192.1	21	31616860	31616931	Trp	CCA	0	0	75.8	51.20	24.60	Inf	Trp	105.6	high confidence set
CM017192.1	22	31617059	31617130	Trp	CCA	0	0	75.8	51.20	24.60	Inf	Trp	105.6	high confidence set
CM017192.1	23	33966193	33966263	Gly	GCC	0	0	66.5	44.80	21.70	Inf	Gly	94.4	high confidence set
CM017192.1	24	33966356	33966426	Gly	GCC	0	0	66.5	44.80	21.70	Inf	Gly	94.4	high confidence set
CM017192.1	25	35054426	35054498	Phe	GAA	0	0	78.3	58.40	19.90	Inf	Phe	113.2	high confidence set
CM017192.1	28	37685338	37685409	Trp	CCA	0	0	75.8	51.20	24.60	Inf	Trp	105.6	high confidence set
CM017192.1	29	37858093	37858163	Gly	CCC	0	0	66.3	29.50	36.80	Inf	Gly	89.7	high confidence set
CM017192.1	30	38566321	38566393	Arg	TCT	0	0	70.3	50.10	20.20	Inf	Arg	98.6	high confidence set
CM017192.1	31	39714545	39714626	Ser	CGA	0	0	74.5	42.50	32.00	Inf	Ser	116.7	high confidence set
CM017192.1	32	40036966	40037048	Leu	TAA	0	0	73.8	34.40	39.40	Inf	Leu	96.2	high confidence set
CM017192.1	34	41340932	41341005	Ile	AAT	0	0	82.4	58.90	23.50	Inf	Ile	107.0	high confidence set
CM017192.1	35	41389828	41389899	Pro	AGG	0	0	67.4	34.70	32.70	Inf	Pro	112.3	high confidence set
CM017192.1	36	41792318	41792398	Leu	CAG	0	0	69.5	46.80	22.70	Inf	Leu	109.7	high confidence set
CM017192.1	37	42179769	42179840	His	GTG	0	0	63.0	33.70	29.30	Inf	His	91.2	high confidence set
CM017192.1	38	42289365	42289445	Leu	AAG	0	0	65.2	51.80	13.40	Inf	Leu	101.4	high confidence set
CM017192.1	39	41815023	41814950	Val	CAC	0	0	74.4	49.50	24.90	Inf	Val	97.4	high confidence set
CM017192.1	40	41375063	41374982	Ser	TGA	0	0	80.7	46.10	34.60	Inf	Ser	119.7	high confidence set
CM017192.1	41	41342055	41341982	Ile	AAT	0	0	82.4	58.90	23.50	Inf	Ile	107.0	high confidence set
CM017192.1	42	41334707	41334634	Ile	AAT	0	0	82.4	58.90	23.50	Inf	Ile	107.0	high confidence set
CM017192.1	43	40124361	40124280	Ser	AGA	0	0	78.7	42.50	36.20	Inf	Ser	114.6	high confidence set
CM017192.1	44	40055753	40055680	Val	CAC	0	0	71.9	49.30	22.60	Inf	Val	90.9	high confidence set
CM017192.1	45	39699660	39699587	Thr	AGT	0	0	76.5	48.00	28.50	Inf	Thr	90.4	high confidence set
CM017192.1	46	39699500	39699427	Thr	AGT	0	0	76.5	48.00	28.50	Inf	Thr	90.4	high confidence set
CM017192.1	47	36063759	36063688	Pro	AGG	0	0	67.4	34.70	32.70	Inf	Pro	112.3	high confidence set
CM017192.1	48	31951277	31951205	Arg	ACG	0	0	71.7	49.10	22.60	Inf	Arg	91.4	high confidence set
CM017192.1	49	26349653	26349574	Leu	TAG	0	0	61.0	50.00	11.00	Inf	Leu	91.4	high confidence set
CM017192.1	50	26319404	26319325	Leu	TAG	0	0	69.5	48.50	21.00	Inf	Leu	111.5	high confidence set
CM017192.1	51	26318966	26318887	Leu	TAG	0	0	69.5	48.50	21.00	Inf	Leu	111.5	high confidence set
CM017192.1	52	26318528	26318449	Leu	TAG	0	0	69.5	48.50	21.00	Inf	Leu	111.5	high confidence set
CM017192.1	53	26318090	26318011	Leu	TAG	0	0	69.5	48.50	21.00	Inf	Leu	111.5	high confidence set
CM017192.1	54	26287086	26287007	Leu	TAG	0	0	69.5	48.50	21.00	Inf	Leu	111.5	high confidence set
CM017192.1	55	26240762	26240683	Leu	TAG	0	0	69.5	48.50	21.00	Inf	Leu	111.5	high confidence set
CM017192.1	56	26240515	26240436	Leu	TAG	0	0	69.5	48.50	21.00	Inf	Leu	111.5	high confidence set
CM017192.1	57	26240319	26240240	Leu	TAG	0	0	69.5	48.50	21.00	Inf	Leu	111.5	high confidence set
CM017192.1	58	26239512	26239433	Leu	TAG	0	0	69.5	48.50	21.00	Inf	Leu	111.5	high confidence set
CM017192.1	61	21858541	21858469	Lys	CTT	0	0	86.8	66.60	20.20	Inf	Lys	107.7	high confidence set
CM017192.1	62	15001979	15001899	Leu	AAG	0	0	74.0	52.20	21.80	Inf	Leu	110.4	high confidence set
CM017192.1	63	12991355	12991285	Gly	GCC	0	0	66.5	44.80	21.70	Inf	Gly	94.4	high confidence set
CM017192.1	64	11045325	11045242	Tyr	GTA	11045288	11045278	69.2	37.70	31.50	Inf	Tyr	105.3	high confidence set
CM017192.1	65	9790491	9790419	Glu	CTC	0	0	80.0	54.10	25.90	Inf	Glu	99.8	high confidence set
CM017192.1	66	8061631	8061559	Glu	CTC	0	0	63.1	50.20	12.90	Inf	Glu	86.8	high confidence set
CM017192.1	67	7966931	7966861	Gly	GCC	0	0	63.5	44.70	18.80	Inf	Gly	92.5	high confidence set
CM017192.1	68	6558104	6558032	Val	TAC	0	0	76.7	41.70	35.00	Inf	Val	103.0	high confidence set
CM017192.1	69	4079434	4079364	Gly	GCC	0	0	66.5	44.80	21.70	Inf	Gly	94.4	high confidence set
CM017192.1	70	4034081	4034008	Ile	AAT	0	0	79.3	55.80	23.50	Inf	Ile	104.3	high confidence set
CM017192.1	71	3468197	3468124	Val	AAC	0	0	64.0	46.30	17.70	Inf	Val	84.9	high confidence set
CM017192.1	72	3432289	3432216	Asn	GTT	0	0	84.5	59.40	25.10	Inf	Asn	95.9	high confidence set
CM017192.1	73	3432100	3432027	Asn	GTT	0	0	84.5	59.40	25.10	Inf	Asn	95.9	high confidence set
CM017192.1	74	3431909	3431836	Asn	GTT	0	0	84.5	59.40	25.10	Inf	Asn	95.9	high confidence set
CM017192.1	75	3431721	3431648	Asn	GTT	0	0	84.5	59.40	25.10	Inf	Asn	95.9	high confidence set
CM017192.1	76	3431530	3431457	Asn	GTT	0	0	79.5	54.40	25.10	Inf	Asn	89.9	high confidence set
CM017192.1	77	3431339	3431266	Asn	GTT	0	0	84.5	59.40	25.10	Inf	Asn	95.9	high confidence set
CM017192.1	79	3279731	3279647	Met	CAT	3279693	3279683	64.3	40.80	23.50	Inf	Met	104.0	high confidence set
CM017192.1	81	3279366	3279281	Met	CAT	3279328	3279318	60.5	37.30	23.20	Inf	Met	98.4	high confidence set
CM017192.1	82	3279128	3279044	Met	CAT	3279090	3279080	66.8	40.30	26.50	Inf	Met	102.8	high confidence set
CM017192.1	83	3278956	3278872	Met	CAT	3278918	3278908	64.3	40.80	23.50	Inf	Met	104.0	high confidence set
CM017192.1	84	3278774	3278690	Met	CAT	3278736	3278726	64.3	40.80	23.50	Inf	Met	104.0	high confidence set
CM017192.1	85	3097618	3097547	His	GTG	0	0	63.0	33.70	29.30	Inf	His	91.2	high confidence set
CM017192.1	86	1335732	1335661	Gln	CTG	0	0	75.3	51.20	24.10	Inf	Gln	106.0	high confidence set
CM017192.1	87	810954	810873	Ser	AGA	0	0	79.6	43.50	36.10	Inf	Ser	114.9	high confidence set
CM017193.1	1	169442	169513	Trp	CCA	0	0	73.5	51.10	22.40	Inf	Trp	103.7	high confidence set
CM017193.1	2	182738	182809	Trp	CCA	0	0	75.8	51.20	24.60	Inf	Trp	105.6	high confidence set
CM017193.1	3	189686	189757	Trp	CCA	0	0	69.1	47.00	22.10	Inf	Trp	99.5	high confidence set
CM017193.1	5	235903	235974	Trp	CCA	0	0	62.4	46.30	16.10	Inf	Trp	92.8	high confidence set
CM017193.1	6	1033622	1033693	His	GTG	0	0	63.0	33.70	29.30	Inf	His	86.8	high confidence set
CM017193.1	7	1405922	1405995	Ile	AAT	0	0	81.8	58.30	23.50	Inf	Ile	106.8	high confidence set
CM017193.1	8	2889055	2889126	Trp	CCA	0	0	75.8	51.20	24.60	Inf	Trp	105.6	high confidence set
CM017193.1	9	3185919	3185989	Gly	CCC	0	0	66.3	29.50	36.80	Inf	Gly	89.7	high confidence set
CM017193.1	10	4291083	4291155	Arg	TCT	0	0	67.0	49.30	17.70	Inf	Arg	94.4	high confidence set
CM017193.1	11	4444521	4444594	Ile	AAT	0	0	81.8	58.30	23.50	Inf	Ile	106.8	high confidence set
CM017193.1	12	7176665	7176745	Leu	AAG	0	0	74.0	52.20	21.80	Inf	Leu	110.4	high confidence set
CM017193.1	13	9390117	9390198	Ser	GCT	0	0	80.5	45.20	35.30	Inf	Ser	109.5	high confidence set
CM017193.1	14	9428595	9428667	Ala	AGC	0	0	57.1	37.70	19.40	Inf	Ala	92.3	high confidence set
CM017193.1	15	10100897	10100968	Thr	TGT	0	0	84.3	58.00	26.30	Inf	Thr	93.3	high confidence set
CM017193.1	16	10251581	10251662	Ser	AGA	0	0	73.9	38.60	35.30	Inf	Ser	107.9	high confidence set
CM017193.1	17	11920630	11920703	Val	AAC	0	0	58.0	45.60	12.40	Inf	Val	76.6	high confidence set
CM017193.1	18	11920794	11920867	Val	AAC	0	0	72.9	48.60	24.30	Inf	Val	93.8	high confidence set
CM017193.1	19	11920958	11921031	Val	AAC	0	0	72.9	48.60	24.30	Inf	Val	93.8	high confidence set
CM017193.1	20	11921123	11921196	Val	AAC	0	0	72.9	48.60	24.30	Inf	Val	93.8	high confidence set
CM017193.1	21	11969904	11969977	Arg	TCG	0	0	81.9	60.40	21.50	Inf	Arg	92.9	high confidence set
CM017193.1	22	11970055	11970128	Arg	TCG	0	0	81.9	60.40	21.50	Inf	Arg	92.9	high confidence set
CM017193.1	23	12223170	12223241	His	GTG	0	0	63.3	34.30	29.00	Inf	His	90.4	high confidence set
CM017193.1	24	12402813	12402885	Ala	CGC	0	0	68.3	44.10	24.20	Inf	Ala	99.2	high confidence set
CM017193.1	25	12651856	12651927	Pro	AGG	0	0	67.4	34.70	32.70	Inf	Pro	112.3	high confidence set
CM017193.1	26	13476914	13476987	Thr	AGT	0	0	76.5	48.00	28.50	Inf	Thr	90.4	high confidence set
CM017193.1	27	14244840	14244921	Ser	AGA	0	0	79.6	43.50	36.10	Inf	Ser	114.9	high confidence set
CM017193.1	28	14286027	14286098	Thr	TGT	0	0	79.3	49.30	30.00	Inf	Thr	92.3	high confidence set
CM017193.1	29	14911562	14911635	Val	CAC	0	0	81.5	53.50	28.00	Inf	Val	103.7	high confidence set
CM017193.1	33	28859131	28859204	Val	AAC	0	0	72.9	48.60	24.30	Inf	Val	93.8	high confidence set
CM017193.1	36	29390542	29390613	Pro	AGG	0	0	67.4	34.70	32.70	Inf	Pro	112.3	high confidence set
CM017193.1	37	29661355	29661426	Pro	CGG	0	0	56.4	31.20	25.20	Inf	Pro	86.3	high confidence set
CM017193.1	38	29661485	29661558	Val	AAC	0	0	53.7	38.90	14.80	Inf	Val	72.0	high confidence set
CM017193.1	39	29663558	29663631	Val	AAC	0	0	61.4	39.40	22.00	Inf	Val	81.0	high confidence set
CM017193.1	40	29665679	29665752	Val	AAC	0	0	69.4	47.30	22.10	Inf	Val	89.0	high confidence set
CM017193.1	41	29668087	29668160	Val	AAC	0	0	72.9	48.60	24.30	Inf	Val	93.8	high confidence set
CM017193.1	42	29670092	29670165	Val	AAC	0	0	56.1	43.50	12.60	Inf	Val	75.6	high confidence set
CM017193.1	43	29672218	29672291	Val	AAC	0	0	72.9	48.60	24.30	Inf	Val	93.8	high confidence set
CM017193.1	44	29674338	29674411	Val	AAC	0	0	64.7	42.60	22.10	Inf	Val	80.3	high confidence set
CM017193.1	45	29677079	29677152	Val	AAC	0	0	72.9	48.60	24.30	Inf	Val	93.8	high confidence set
CM017193.1	46	29679198	29679271	Val	AAC	0	0	64.7	42.60	22.10	Inf	Val	80.3	high confidence set
CM017193.1	49	29763318	29763391	Ile	AAT	0	0	82.4	58.90	23.50	Inf	Ile	107.0	high confidence set
CM017193.1	51	33380606	33380692	Tyr	GTA	33380643	33380656	69.9	38.40	31.50	Inf	Tyr	108.3	high confidence set
CM017193.1	52	36146904	36146976	Glu	CTC	0	0	80.0	54.10	25.90	Inf	Glu	99.8	high confidence set
CM017193.1	53	36262012	36262085	Glu	TTC	0	0	64.1	37.70	26.40	Inf	Glu	91.0	high confidence set
CM017193.1	54	37543282	37543355	Glu	TTC	0	0	64.1	37.70	26.40	Inf	Glu	91.0	high confidence set
CM017193.1	55	37581180	37581252	Arg	CCT	0	0	69.1	50.30	18.80	Inf	Arg	81.2	high confidence set
CM017193.1	57	39583621	39583694	Glu	TTC	0	0	64.1	37.70	26.40	Inf	Glu	91.0	high confidence set
CM017193.1	58	41087933	41087847	Met	CAT	41087895	41087883	60.9	42.60	18.30	Inf	Met	96.3	high confidence set
CM017193.1	59	41086061	41085975	Met	CAT	41086023	41086011	60.9	42.60	18.30	Inf	Met	96.3	high confidence set
CM017193.1	60	39802578	39802506	Arg	ACG	0	0	71.7	49.10	22.60	Inf	Arg	91.4	high confidence set
CM017193.1	61	39802420	39802348	Arg	ACG	0	0	69.0	46.60	22.40	Inf	Arg	87.7	high confidence set
CM017193.1	62	39309835	39309764	Asp	GTC	0	0	69.8	46.80	23.00	Inf	Asp	95.8	high confidence set
CM017193.1	64	38312151	38312078	Glu	TTC	0	0	61.2	32.00	29.20	Inf	Glu	83.4	high confidence set
CM017193.1	65	37187990	37187919	Cys	GCA	0	0	81.7	56.10	25.60	Inf	Cys	104.3	high confidence set
CM017193.1	66	36303666	36303594	Arg	CCT	0	0	69.1	50.30	18.80	Inf	Arg	81.2	high confidence set
CM017193.1	67	36097089	36097019	Gly	GCC	0	0	66.5	44.80	21.70	Inf	Gly	94.4	high confidence set
CM017193.1	68	35637805	35637724	Ser	AGA	0	0	78.7	42.50	36.20	Inf	Ser	114.6	high confidence set
CM017193.1	69	35437753	35437680	Thr	AGT	0	0	77.5	49.10	28.40	Inf	Thr	91.2	high confidence set
CM017193.1	70	35172425	35172354	Thr	TGT	0	0	84.3	58.00	26.30	Inf	Thr	93.3	high confidence set
CM017193.1	71	34087683	34087611	Ala	AGC	0	0	63.4	38.20	25.20	Inf	Ala	98.3	high confidence set
CM017193.1	72	34003201	34003129	Lys	CTT	0	0	86.8	66.60	20.20	Inf	Lys	107.7	high confidence set
CM017193.1	73	33999356	33999284	Lys	CTT	0	0	86.8	66.60	20.20	Inf	Lys	107.7	high confidence set
CM017193.1	75	31422342	31422270	Ala	AGC	0	0	63.4	38.20	25.20	Inf	Ala	98.3	high confidence set
CM017193.1	76	29869451	29869379	Lys	TTT	0	0	88.7	64.40	24.30	Inf	Lys	93.7	high confidence set
CM017193.1	77	29434195	29434122	Ile	AAT	0	0	82.4	58.90	23.50	Inf	Ile	107.0	high confidence set
CM017193.1	78	28364799	28364726	Ile	TAT	0	0	85.9	70.60	15.30	Inf	Ile	103.9	high confidence set
CM017193.1	83	19427767	19427696	Thr	TGT	0	0	84.3	58.00	26.30	Inf	Thr	93.3	high confidence set
CM017193.1	84	16022985	16022913	Lys	TTT	0	0	89.6	66.00	23.60	Inf	Lys	96.4	high confidence set
CM017193.1	85	16022832	16022760	Lys	TTT	0	0	90.5	66.90	23.60	Inf	Lys	95.4	high confidence set
CM017193.1	86	16022635	16022563	Lys	TTT	0	0	83.1	65.80	17.30	Inf	Lys	90.7	high confidence set
CM017193.1	87	15233074	15233003	Pro	AGG	0	0	67.4	34.70	32.70	Inf	Pro	112.3	high confidence set
CM017193.1	88	15209719	15209648	Pro	AGG	0	0	67.4	34.70	32.70	Inf	Pro	112.3	high confidence set
CM017193.1	89	15193712	15193641	Pro	AGG	0	0	67.4	34.70	32.70	Inf	Pro	112.3	high confidence set
CM017193.1	90	13576080	13576008	Arg	TCT	0	0	68.5	50.60	17.90	Inf	Arg	98.8	high confidence set
CM017193.1	91	12848242	12848163	Leu	TAG	0	0	69.5	48.50	21.00	Inf	Leu	111.5	high confidence set
CM017193.1	92	11835049	11834969	Leu	CAG	0	0	69.8	47.20	22.60	Inf	Leu	110.3	high confidence set
CM017193.1	93	10919524	10919441	Tyr	GTA	10919487	10919477	69.2	37.70	31.50	Inf	Tyr	105.3	high confidence set
CM017193.1	94	7512546	7512476	Gly	GCC	0	0	66.5	44.80	21.70	Inf	Gly	94.4	high confidence set
CM017193.1	95	7382443	7382371	Ala	CGC	0	0	68.3	44.10	24.20	Inf	Ala	99.2	high confidence set
CM017193.1	96	7382286	7382214	Ala	CGC	0	0	68.3	44.10	24.20	Inf	Ala	99.2	high confidence set
CM017193.1	97	7382092	7382020	Ala	CGC	0	0	68.3	44.10	24.20	Inf	Ala	99.2	high confidence set
CM017193.1	98	7159002	7158930	Lys	TTT	0	0	88.7	64.40	24.30	Inf	Lys	93.7	high confidence set
CM017193.1	99	6943148	6943075	Ile	AAT	0	0	82.4	58.90	23.50	Inf	Ile	107.0	high confidence set
CM017193.1	100	5921403	5921331	Ala	TGC	0	0	56.6	34.20	22.40	Inf	Ala	88.5	high confidence set
CM017193.1	101	5508476	5508404	Arg	CCT	0	0	69.1	50.30	18.80	Inf	Arg	81.2	high confidence set
CM017193.1	102	5275950	5275879	Asp	GTC	0	0	69.8	46.80	23.00	Inf	Asp	95.8	high confidence set
CM017193.1	103	4424770	4424697	Ile	AAT	0	0	81.8	58.30	23.50	Inf	Ile	106.8	high confidence set
CM017193.1	104	1401326	1401253	Ile	AAT	0	0	81.8	58.30	23.50	Inf	Ile	106.8	high confidence set
CM017194.1	1	6915	6987	Glu	CTC	0	0	78.9	53.10	25.80	Inf	Glu	99.2	high confidence set
CM017194.1	2	414256	414329	Thr	AGT	0	0	75.0	46.80	28.20	Inf	Thr	89.8	high confidence set
CM017194.1	3	536110	536183	Glu	TTC	0	0	64.1	37.70	26.40	Inf	Glu	91.0	high confidence set
CM017194.1	4	622961	623041	Leu	CAG	0	0	69.5	46.80	22.70	Inf	Leu	109.7	high confidence set
CM017194.1	5	1819264	1819336	Phe	GAA	0	0	78.3	58.40	19.90	Inf	Phe	113.2	high confidence set
CM017194.1	6	3012855	3012936	Ser	AGA	0	0	79.6	43.50	36.10	Inf	Ser	114.9	high confidence set
CM017194.1	7	3317842	3317914	Ala	AGC	0	0	63.4	38.20	25.20	Inf	Ala	98.3	high confidence set
CM017194.1	8	3540219	3540291	Arg	ACG	0	0	71.3	48.60	22.70	Inf	Arg	93.4	high confidence set
CM017194.1	9	3955916	3955986	Gly	GCC	0	0	66.5	44.80	21.70	Inf	Gly	94.4	high confidence set
CM017194.1	10	4915617	4915697	Leu	CAG	0	0	69.5	46.80	22.70	Inf	Leu	109.7	high confidence set
CM017194.1	25	5428978	5429050	Phe	GAA	0	0	67.8	49.20	18.60	Inf	Phe	91.8	high confidence set
CM017194.1	29	6501520	6501591	Trp	CCA	0	0	75.8	51.20	24.60	Inf	Trp	105.6	high confidence set
CM017194.1	30	6545101	6545184	Tyr	GTA	6545138	6545148	69.2	37.70	31.50	Inf	Tyr	105.3	high confidence set
CM017194.1	31	6545740	6545823	Tyr	GTA	6545777	6545787	69.2	37.70	31.50	Inf	Tyr	105.3	high confidence set
CM017194.1	32	7141610	7141680	Gly	CCC	0	0	61.6	27.90	33.70	Inf	Gly	86.4	high confidence set
CM017194.1	34	9108397	9108477	Leu	AAG	0	0	74.0	52.20	21.80	Inf	Leu	110.4	high confidence set
CM017194.1	35	10102879	10102950	Cys	GCA	0	0	80.8	60.30	20.50	Inf	Cys	100.3	high confidence set
CM017194.1	37	23894166	23894236	Gly	CCC	0	0	57.7	28.10	29.60	Inf	Gly	85.5	high confidence set
CM017194.1	38	24706704	24706776	Arg	CCG	0	0	80.5	60.80	19.70	Inf	Arg	86.4	high confidence set
CM017194.1	39	25115873	25115944	Gly	TCC	0	0	73.9	46.20	27.70	Inf	Gly	85.6	high confidence set
CM017194.1	40	26754812	26754884	Arg	ACG	0	0	71.7	49.10	22.60	Inf	Arg	91.4	high confidence set
CM017194.1	41	27730377	27730448	Pro	AGG	0	0	67.4	34.70	32.70	Inf	Pro	112.3	high confidence set
CM017194.1	42	28532706	28532779	Val	AAC	0	0	72.9	48.60	24.30	Inf	Val	93.8	high confidence set
CM017194.1	43	29639507	29639578	Gln	CTG	0	0	75.3	51.20	24.10	Inf	Gln	106.0	high confidence set
CM017194.1	44	30079775	30079855	Leu	AAG	0	0	74.0	52.20	21.80	Inf	Leu	110.4	high confidence set
CM017194.1	45	30277304	30277390	Met	CAT	30277342	30277354	64.2	40.70	23.50	Inf	Met	104.0	high confidence set
CM017194.1	46	31120283	31120356	Val	AAC	0	0	63.9	45.70	18.20	Inf	Val	85.2	high confidence set
CM017194.1	47	31120628	31120701	Val	AAC	0	0	72.9	48.60	24.30	Inf	Val	93.8	high confidence set
CM017194.1	48	31120970	31121043	Val	AAC	0	0	72.9	48.60	24.30	Inf	Val	93.8	high confidence set
CM017194.1	50	32937587	32937671	Tyr	ATA	32937624	32937635	70.0	38.50	31.50	Inf	Tyr	108.3	unexpected anticodon
CM017194.1	51	33245039	33245119	Leu	AAG	0	0	74.0	52.20	21.80	Inf	Leu	110.4	high confidence set
CM017194.1	52	35439342	35439415	Asn	GTT	0	0	84.5	59.40	25.10	Inf	Asn	95.9	high confidence set
CM017194.1	53	35929703	35929631	Arg	CCT	0	0	69.1	50.30	18.80	Inf	Arg	81.2	high confidence set
CM017194.1	54	35799884	35799798	Met	CAT	35799846	35799834	68.7	45.20	23.50	Inf	Met	104.3	high confidence set
CM017194.1	55	35402362	35402289	Asn	GTT	0	0	84.5	59.40	25.10	Inf	Asn	95.9	high confidence set
CM017194.1	56	35394640	35394567	Asn	GTT	0	0	84.5	59.40	25.10	Inf	Asn	95.9	high confidence set
CM017194.1	57	35114585	35114513	Ala	TGC	0	0	65.5	40.20	25.30	Inf	Ala	97.8	high confidence set
CM017194.1	58	35114435	35114363	Ala	TGC	0	0	66.1	42.50	23.60	Inf	Ala	96.1	high confidence set
CM017194.1	59	32984160	32984077	Leu	CAA	0	0	81.0	54.60	26.40	Inf	Leu	125.6	high confidence set
CM017194.1	60	32960162	32960090	Val	TAC	0	0	76.7	41.70	35.00	Inf	Val	103.0	high confidence set
CM017194.1	61	30181097	30181026	Gln	CTG	0	0	75.3	51.20	24.10	Inf	Gln	103.1	high confidence set
CM017194.1	62	28915128	28915057	Asp	GTC	0	0	60.3	47.30	13.00	Inf	Asp	84.4	high confidence set
CM017194.1	63	28503397	28503325	Lys	CTT	0	0	87.7	67.60	20.10	Inf	Lys	106.7	high confidence set
CM017194.1	65	28088275	28088203	Glu	CTC	0	0	80.0	54.10	25.90	Inf	Glu	99.8	high confidence set
CM017194.1	66	28086059	28085987	Glu	CTC	0	0	80.0	54.10	25.90	Inf	Glu	99.8	high confidence set
CM017194.1	67	27596014	27595942	Lys	CTT	0	0	86.8	66.60	20.20	Inf	Lys	107.7	high confidence set
CM017194.1	68	27595633	27595560	Thr	CGT	0	0	73.5	60.90	12.60	Inf	Lys	89.2	IPD:-30.80,isotype mismatch
CM017194.1	69	25112748	25112677	Gly	TCC	0	0	73.9	46.20	27.70	Inf	Gly	85.6	high confidence set
CM017194.1	70	24529044	24528972	Glu	CTC	0	0	80.0	54.10	25.90	Inf	Glu	99.8	high confidence set
CM017194.1	72	5461120	5461048	Phe	GAA	0	0	78.3	58.40	19.90	Inf	Phe	113.2	high confidence set
CM017194.1	73	4573856	4573783	Asn	GTT	0	0	78.6	53.20	25.40	Inf	Asn	91.1	high confidence set
CM017194.1	74	4573621	4573548	Asn	GTT	0	0	78.6	53.20	25.40	Inf	Asn	91.1	high confidence set
CM017194.1	75	4456584	4456511	Asn	GTT	0	0	78.6	53.20	25.40	Inf	Asn	91.1	high confidence set
CM017194.1	76	4456260	4456187	Asn	GTT	0	0	74.1	48.70	25.40	Inf	Asn	88.2	high confidence set
CM017194.1	78	1660722	1660650	Glu	CTC	0	0	80.0	54.10	25.90	Inf	Glu	99.8	high confidence set
CM017194.1	80	311961	311890	Asp	GTC	0	0	69.8	46.80	23.00	Inf	Asp	95.8	high confidence set
CM017195.1	1	2970437	2970510	Arg	TCG	0	0	80.9	60.70	20.20	Inf	Arg	89.6	high confidence set
CM017195.1	2	4086079	4086151	Ala	AGC	0	0	63.4	38.20	25.20	Inf	Ala	98.3	high confidence set
CM017195.1	3	4554410	4554481	Pro	CGG	0	0	69.6	37.70	31.90	Inf	Pro	108.3	high confidence set
CM017195.1	4	5857905	5857977	Arg	TCT	0	0	68.5	50.60	17.90	Inf	Arg	98.8	high confidence set
CM017195.1	5	7690688	7690759	Thr	TGT	0	0	79.3	49.30	30.00	Inf	Thr	92.3	high confidence set
CM017195.1	7	13129188	13129272	Met	CAT	13129226	13129236	68.7	45.30	23.40	Inf	Met	104.3	high confidence set
CM017195.1	8	23925790	23925876	Met	CAT	23925828	23925840	68.6	45.20	23.40	Inf	Met	104.3	high confidence set
CM017195.1	11	31627277	31627350	Ile	AAT	0	0	81.8	58.30	23.50	Inf	Ile	106.8	high confidence set
CM017195.1	12	33161545	33161616	Asp	GTC	0	0	64.7	42.10	22.60	Inf	Asp	88.6	high confidence set
CM017195.1	14	37329833	37329905	Lys	CTT	0	0	86.8	66.60	20.20	Inf	Lys	107.7	high confidence set
CM017195.1	15	38039839	38039919	Leu	CAG	0	0	69.5	46.80	22.70	Inf	Leu	109.7	high confidence set
CM017195.1	16	38542371	38542455	Tyr	GTA	38542408	38542419	74.5	43.00	31.50	Inf	Tyr	111.8	high confidence set
CM017195.1	17	39286044	39286127	Leu	CAA	0	0	76.7	54.50	22.20	Inf	Leu	123.1	high confidence set
CM017195.1	18	39773972	39774045	Val	CAC	0	0	81.5	53.50	28.00	Inf	Val	103.7	high confidence set
CM017195.1	19	40788133	40788206	Asn	GTT	0	0	84.5	59.40	25.10	Inf	Asn	95.9	high confidence set
CM017195.1	20	43855289	43855360	Gln	TTG	0	0	75.5	55.50	20.00	Inf	Gln	105.4	high confidence set
CM017195.1	21	43937260	43937331	Pro	AGG	0	0	67.4	34.70	32.70	Inf	Pro	112.3	high confidence set
CM017195.1	22	44036954	44037036	Leu	TAA	0	0	72.7	34.20	38.50	Inf	Leu	95.9	high confidence set
CM017195.1	23	44425122	44425194	Ala	CGC	0	0	68.3	44.10	24.20	Inf	Ala	99.2	high confidence set
CM017195.1	24	44437312	44437393	Ser	TGA	0	0	80.7	46.10	34.60	Inf	Ser	119.7	high confidence set
CM017195.1	25	45150777	45150858	Ser	TGA	0	0	80.7	46.10	34.60	Inf	Ser	119.7	high confidence set
CM017195.1	26	45212147	45212218	Gln	TTG	0	0	75.2	55.00	20.20	Inf	Gln	100.9	high confidence set
CM017195.1	27	44666196	44666125	Pro	CGG	0	0	69.6	37.70	31.90	Inf	Pro	108.3	high confidence set
CM017195.1	28	41649110	41649039	Pro	TGG	0	0	68.5	35.70	32.80	Inf	Pro	111.2	high confidence set
CM017195.1	30	40914161	40914089	Ala	AGC	0	0	63.4	38.20	25.20	Inf	Ala	98.3	high confidence set
CM017195.1	31	40914015	40913943	Ala	AGC	0	0	63.4	38.20	25.20	Inf	Ala	98.3	high confidence set
CM017195.1	32	40913869	40913797	Ala	AGC	0	0	63.4	38.20	25.20	Inf	Ala	98.3	high confidence set
CM017195.1	33	38385039	38384967	Glu	CTC	0	0	80.0	54.10	25.90	Inf	Glu	99.8	high confidence set
CM017195.1	34	37966185	37966098	Ser	GCT	0	0	67.5	39.00	28.50	Inf	Ser	88.5	high confidence set
CM017195.1	35	37548508	37548437	Gln	TTG	0	0	74.4	51.10	23.30	Inf	Gln	100.8	high confidence set
CM017195.1	36	36653795	36653721	Ile	TAT	0	0	84.3	69.00	15.30	Inf	Ile	101.8	high confidence set
CM017195.1	37	36255463	36255392	Pro	TGG	0	0	68.5	35.70	32.80	Inf	Pro	111.2	high confidence set
CM017195.1	38	36031979	36031908	Cys	GCA	0	0	81.7	56.10	25.60	Inf	Cys	104.3	high confidence set
CM017195.1	39	36028190	36028119	Cys	GCA	0	0	81.7	56.10	25.60	Inf	Cys	104.3	high confidence set
CM017195.1	40	36027064	36026993	Cys	GCA	0	0	81.7	56.10	25.60	Inf	Cys	104.3	high confidence set
CM017195.1	41	36026417	36026346	Cys	GCA	0	0	74.5	52.90	21.60	Inf	Cys	100.0	high confidence set
CM017195.1	43	34645151	34645080	Gly	TCC	0	0	71.3	43.70	27.60	Inf	Gly	83.9	high confidence set
CM017195.1	44	32258356	32258283	Thr	AGT	0	0	76.5	48.00	28.50	Inf	Thr	90.4	high confidence set
CM017195.1	48	13263360	13263279	Ser	GCT	0	0	80.5	45.20	35.30	Inf	Ser	109.5	high confidence set
CM017195.1	49	8697762	8697689	Ile	AAT	0	0	81.8	58.30	23.50	Inf	Ile	106.8	high confidence set
CM017195.1	50	8146908	8146837	Gly	TCC	0	0	65.1	37.50	27.60	Inf	Gly	75.5	high confidence set
CM017195.1	51	8146570	8146457	Gly	TCC	8146533	8146492	63.0	35.80	27.20	Inf	Gly	82.5	high confidence set
CM017195.1	52	6533340	6533268	Ala	AGC	0	0	63.4	38.20	25.20	Inf	Ala	98.3	high confidence set
CM017195.1	54	6024644	6024563	Ser	AGA	0	0	79.6	43.50	36.10	Inf	Ser	114.9	high confidence set
CM017195.1	55	5931778	5931705	Arg	TCG	0	0	81.9	60.40	21.50	Inf	Arg	92.9	high confidence set
CM017195.1	56	5370878	5370796	Leu	TAA	0	0	73.8	34.40	39.40	Inf	Leu	96.2	high confidence set
CM017195.1	57	5341943	5341870	Ile	AAT	0	0	81.8	58.30	23.50	Inf	Ile	106.8	high confidence set
CM017195.1	58	4994077	4994005	Arg	CCG	0	0	65.5	47.30	18.20	Inf	Arg	91.7	high confidence set
CM017195.1	59	4894546	4894474	Lys	TTT	0	0	89.6	66.00	23.60	Inf	Lys	96.4	high confidence set
CM017195.1	60	4819257	4819185	Ala	CGC	0	0	68.3	44.10	24.20	Inf	Ala	99.2	high confidence set
CM017195.1	61	3492713	3492640	Val	CAC	0	0	82.4	54.40	28.00	Inf	Val	100.3	high confidence set
CM017195.1	62	3358777	3358706	Gly	TCC	0	0	71.6	44.20	27.40	Inf	Gly	84.5	high confidence set
CM017195.1	63	2626600	2626529	Asp	GTC	0	0	62.2	41.50	20.70	Inf	Asp	82.1	high confidence set
CM017195.1	64	2244070	2243997	Glu	TTC	0	0	64.1	37.70	26.40	Inf	Glu	91.0	high confidence set
CM017195.1	65	2242294	2242221	Glu	TTC	0	0	64.1	37.70	26.40	Inf	Glu	91.0	high confidence set
CM017195.1	66	2240949	2240876	Glu	TTC	0	0	64.1	37.70	26.40	Inf	Glu	91.0	high confidence set
CM017195.1	67	1219206	1219134	Ala	TGC	0	0	51.2	30.10	21.10	Inf	Ala	81.0	high confidence set
CM017195.1	68	1218949	1218877	Ala	TGC	0	0	53.5	30.80	22.70	Inf	Ala	89.4	high confidence set
CM017195.1	69	1218692	1218620	Ala	AGC	0	0	59.6	37.50	22.10	Inf	Ala	96.4	high confidence set
CM017195.1	70	1218229	1218157	Ala	TGC	0	0	55.0	32.00	23.00	Inf	Ala	88.8	high confidence set
CM017195.1	73	1217452	1217380	Ala	AGC	0	0	59.6	37.50	22.10	Inf	Ala	96.4	high confidence set
CM017195.1	74	1216984	1216912	Ala	TGC	0	0	51.3	25.50	25.80	Inf	Ala	82.7	high confidence set
CM017195.1	76	1216468	1216396	Ala	TGC	0	0	50.5	29.90	20.60	Inf	Ala	84.7	high confidence set
CM017195.1	81	1214963	1214891	Ala	AGC	0	0	63.4	38.20	25.20	Inf	Ala	98.3	high confidence set
CM017195.1	82	1214501	1214429	Ala	TGC	0	0	58.8	32.70	26.10	Inf	Ala	90.7	high confidence set
CM017195.1	90	1211264	1211192	Ala	TGC	0	0	52.3	29.60	22.70	Inf	Ala	87.3	high confidence set
CM017195.1	91	1210955	1210883	Ala	AGC	0	0	56.8	35.10	21.70	Inf	Ala	94.1	high confidence set
CM017195.1	92	1210580	1210508	Ala	TGC	0	0	57.2	36.90	20.30	Inf	Ala	91.8	high confidence set
CM017195.1	94	1210063	1209991	Ala	TGC	0	0	51.0	29.50	21.50	Inf	Ala	84.9	high confidence set
CM017195.1	95	1209804	1209732	Ala	AGC	0	0	63.4	38.20	25.20	Inf	Ala	98.3	high confidence set
CM017195.1	97	1209168	1209096	Ala	AGC	0	0	56.8	35.10	21.70	Inf	Ala	94.1	high confidence set
CM017195.1	100	1208186	1208114	Ala	TGC	0	0	52.5	28.10	24.40	Inf	Ala	79.9	high confidence set
CM017195.1	101	1207876	1207801	Ala	AGC	0	0	52.7	37.00	15.70	Inf	Ala	76.0	high confidence set
CM017195.1	104	1206719	1206647	Ala	AGC	0	0	55.5	30.70	24.80	Inf	Ala	92.2	high confidence set
CM017195.1	107	1205257	1205185	Ala	AGC	0	0	59.3	36.90	22.40	Inf	Ala	93.3	high confidence set
CM017195.1	109	1204621	1204549	Ala	AGC	0	0	51.5	31.90	19.60	Inf	Ala	85.7	high confidence set
CM017196.1	1	3275808	3275881	Ile	AAT	0	0	81.8	58.30	23.50	Inf	Ile	106.8	high confidence set
CM017196.1	2	4088353	4088438	Tyr	GTA	4088390	4088402	74.5	43.00	31.50	Inf	Tyr	111.8	high confidence set
CM017196.1	3	6142843	6142915	Arg	ACG	0	0	71.7	49.10	22.60	Inf	Arg	91.4	high confidence set
CM017196.1	4	7471185	7471256	Asp	GTC	0	0	69.8	46.80	23.00	Inf	Asp	95.8	high confidence set
CM017196.1	5	9073808	9073878	Gly	CCC	0	0	66.3	29.50	36.80	Inf	Gly	89.7	high confidence set
CM017196.1	6	9407175	9407247	Glu	CTC	0	0	72.6	53.10	19.50	Inf	Glu	91.4	high confidence set
CM017196.1	9	28700011	28700083	Glu	CTC	0	0	80.0	54.10	25.90	Inf	Glu	99.8	high confidence set
CM017196.1	10	33189511	33189582	Asp	GTC	0	0	69.8	46.80	23.00	Inf	Asp	95.8	high confidence set
CM017196.1	11	34174286	34174358	Arg	CCG	0	0	65.5	47.30	18.20	Inf	Arg	91.7	high confidence set
CM017196.1	12	34221178	34221250	Arg	CCT	0	0	69.1	50.30	18.80	Inf	Arg	81.2	high confidence set
CM017196.1	13	34323524	34323597	Glu	TTC	0	0	56.1	29.80	26.30	Inf	Glu	83.6	high confidence set
CM017196.1	14	34542677	34542749	Arg	ACG	0	0	72.9	50.30	22.60	Inf	Arg	91.8	high confidence set
CM017196.1	15	34545722	34545795	Ile	AAT	0	0	82.4	58.90	23.50	Inf	Ile	107.0	high confidence set
CM017196.1	16	35643602	35643685	Leu	CAA	0	0	82.3	55.30	27.00	Inf	Leu	129.2	high confidence set
CM017196.1	17	36384831	36384903	Ala	TGC	0	0	59.7	34.60	25.10	Inf	Ala	92.8	high confidence set
CM017196.1	18	36387857	36387929	Ala	TGC	0	0	65.0	41.40	23.60	Inf	Ala	95.7	high confidence set
CM017196.1	19	36682438	36682510	Ala	AGC	0	0	55.7	35.10	20.60	Inf	Ala	90.5	high confidence set
CM017196.1	20	37487427	37487355	Lys	TTT	0	0	89.6	66.00	23.60	Inf	Lys	96.4	high confidence set
CM017196.1	21	36010949	36010878	Asp	GTC	0	0	69.8	46.80	23.00	Inf	Asp	95.8	high confidence set
CM017196.1	22	34956243	34956162	Ser	GCT	0	0	80.5	45.20	35.30	Inf	Ser	109.5	high confidence set
CM017196.1	23	33749701	33749631	Gly	GCC	0	0	66.5	44.80	21.70	Inf	Gly	94.4	high confidence set
CM017196.1	24	33749526	33749456	Gly	GCC	0	0	66.5	44.80	21.70	Inf	Gly	94.4	high confidence set
CM017196.1	25	33749350	33749280	Gly	GCC	0	0	61.4	43.70	17.70	Inf	Gly	82.2	high confidence set
CM017196.1	27	31607399	31607328	Thr	CGT	0	0	70.8	52.90	17.90	Inf	Thr	79.5	high confidence set
CM017196.1	30	13577254	13577175	Leu	TAG	0	0	69.2	48.20	21.00	Inf	Leu	104.3	high confidence set
CM017196.1	31	12855224	12855154	Ala	TGC	0	0	54.3	34.40	19.90	Inf	Ala	80.6	high confidence set
CM017196.1	32	11662390	11662310	Leu	CAG	0	0	69.8	47.20	22.60	Inf	Leu	110.3	high confidence set
CM017196.1	34	10317474	10317402	Lys	CTT	0	0	86.8	66.60	20.20	Inf	Lys	107.7	high confidence set
CM017196.1	35	9876117	9876045	Arg	ACG	0	0	71.7	49.10	22.60	Inf	Arg	91.4	high confidence set
CM017196.1	36	9848677	9848606	Pro	CGG	0	0	68.5	36.10	32.40	Inf	Pro	108.5	high confidence set
CM017196.1	37	9517372	9517299	Thr	AGT	0	0	77.5	49.10	28.40	Inf	Thr	91.2	high confidence set
CM017196.1	38	8625140	8625049	Tyr	GTA	8625103	8625085	74.2	42.70	31.50	Inf	Tyr	111.8	high confidence set
CM017196.1	39	6539730	6539658	Arg	CCG	0	0	65.5	47.30	18.20	Inf	Arg	91.7	high confidence set
CM017196.1	40	6539468	6539396	Ala	AGC	0	0	56.0	35.90	20.10	Inf	Ala	94.5	high confidence set
CM017196.1	41	6505194	6505121	Glu	TTC	0	0	64.1	37.70	26.40	Inf	Glu	91.0	high confidence set
CM017196.1	42	6343881	6343808	Glu	TTC	0	0	64.1	37.70	26.40	Inf	Glu	91.0	high confidence set
CM017196.1	43	4564051	4563979	Ala	AGC	0	0	59.6	37.50	22.10	Inf	Ala	96.4	high confidence set
CM017196.1	44	2760360	2760280	Leu	CAG	0	0	69.5	46.80	22.70	Inf	Leu	109.7	high confidence set
CM017196.1	45	2759704	2759624	Leu	CAG	0	0	69.5	46.80	22.70	Inf	Leu	109.7	high confidence set
CM017196.1	46	1941166	1941087	Leu	TAG	0	0	69.5	48.50	21.00	Inf	Leu	111.5	high confidence set
CM017196.1	47	905990	905919	iMet	CAT	0	0	58.3	28.10	30.20	Inf	iMet	118.7	high confidence set
CM017196.1	50	905341	905270	iMet	CAT	0	0	58.3	28.10	30.20	Inf	iMet	118.7	high confidence set
CM017197.1	1	2085223	2085294	His	GTG	0	0	63.0	33.70	29.30	Inf	His	91.2	high confidence set
CM017197.1	2	2086928	2086999	His	GTG	0	0	63.0	33.70	29.30	Inf	His	91.2	high confidence set
CM017197.1	3	2388908	2388980	Arg	ACG	0	0	71.3	48.60	22.70	Inf	Arg	93.4	high confidence set
CM017197.1	4	2650966	2651039	Glu	TTC	0	0	65.5	39.90	25.60	Inf	Glu	95.1	high confidence set
CM017197.1	5	4505213	4505284	Pro	AGG	0	0	67.4	34.70	32.70	Inf	Pro	112.3	high confidence set
CM017197.1	6	4505653	4505725	Ala	TGC	0	0	65.5	40.20	25.30	Inf	Ala	97.8	high confidence set
CM017197.1	7	4708675	4708754	Leu	TAG	0	0	69.5	48.50	21.00	Inf	Leu	111.5	high confidence set
CM017197.1	8	6237700	6237772	Arg	CCG	0	0	79.1	57.10	22.00	Inf	Arg	83.5	high confidence set
CM017197.1	9	9421910	9421991	Ser	GCT	0	0	80.5	45.20	35.30	Inf	Ser	109.5	high confidence set
CM017197.1	10	9915135	9915208	Thr	AGT	0	0	76.5	48.00	28.50	Inf	Thr	90.4	high confidence set
CM017197.1	11	9915308	9915381	Thr	AGT	0	0	68.8	47.10	21.70	Inf	Thr	84.8	high confidence set
CM017197.1	12	9915473	9915546	Thr	AGT	0	0	74.0	48.50	25.50	Inf	Thr	87.4	high confidence set
CM017197.1	13	10295967	10296038	Thr	TGT	0	0	84.3	58.00	26.30	Inf	Thr	93.3	high confidence set
CM017197.1	14	10566748	10566821	Asn	GTT	0	0	79.6	60.80	18.80	Inf	Asn	93.1	high confidence set
CM017197.1	15	11012175	11012247	Ala	TGC	0	0	68.2	44.00	24.20	Inf	Ala	95.8	high confidence set
CM017197.1	16	12053605	12053678	Val	AAC	0	0	72.9	48.60	24.30	Inf	Val	93.8	high confidence set
CM017197.1	18	12339728	12339800	Lys	CTT	0	0	86.8	66.60	20.20	Inf	Lys	107.7	high confidence set
CM017197.1	19	12605404	12605476	Ala	TGC	0	0	68.3	44.20	24.10	Inf	Ala	99.2	high confidence set
CM017197.1	20	13001055	13001127	Lys	TTT	0	0	88.7	64.40	24.30	Inf	Lys	93.7	high confidence set
CM017197.1	21	14938890	14938963	Glu	TTC	0	0	66.6	39.10	27.50	Inf	Glu	88.4	high confidence set
CM017197.1	22	14949027	14949099	Arg	CCT	0	0	69.1	50.30	18.80	Inf	Arg	81.2	high confidence set
CM017197.1	23	16085729	16085810	Ser	AGA	0	0	79.6	43.50	36.10	Inf	Ser	114.9	high confidence set
CM017197.1	24	16100482	16100563	Ser	AGA	0	0	70.2	36.40	33.80	Inf	Ser	106.4	high confidence set
CM017197.1	25	17666134	17666215	Ser	CGA	0	0	78.9	46.60	32.30	Inf	Ser	122.0	high confidence set
CM017197.1	28	40306115	40306186	His	GTG	0	0	63.3	34.30	29.00	Inf	His	87.4	high confidence set
CM017197.1	29	42050888	42050818	Gly	GCC	0	0	66.5	44.80	21.70	Inf	Gly	94.4	high confidence set
CM017197.1	30	42046229	42046159	Gly	GCC	0	0	66.5	44.80	21.70	Inf	Gly	94.4	high confidence set
CM017197.1	31	42043054	42042984	Gly	GCC	0	0	52.7	34.20	18.50	Inf	Gly	79.5	high confidence set
CM017197.1	32	40338897	40338827	Gly	GCC	0	0	66.5	44.80	21.70	Inf	Gly	94.4	high confidence set
CM017197.1	35	23115393	23115310	Leu	CAA	0	0	81.1	56.00	25.10	Inf	Leu	127.4	high confidence set
CM017197.1	36	20673750	20673679	Asp	GTC	0	0	65.8	45.30	20.50	Inf	Asp	89.3	high confidence set
CM017197.1	37	18952958	18952885	Ile	AAT	0	0	82.4	58.90	23.50	Inf	Ile	107.0	high confidence set
CM017197.1	38	18589774	18589703	Cys	GCA	0	0	83.0	58.10	24.90	Inf	Cys	98.5	high confidence set
CM017197.1	39	16916157	16916077	Leu	AAG	0	0	74.0	52.20	21.80	Inf	Leu	110.4	high confidence set
CM017197.1	40	16626370	16626298	Glu	CTC	0	0	80.0	54.10	25.90	Inf	Glu	99.8	high confidence set
CM017197.1	41	16624085	16624013	Glu	CTC	0	0	80.0	54.10	25.90	Inf	Glu	99.8	high confidence set
CM017197.1	42	13922502	13922430	Arg	TCT	0	0	68.5	50.60	17.90	Inf	Arg	98.8	high confidence set
CM017197.1	43	12955900	12955819	Ser	AGA	0	0	79.6	43.50	36.10	Inf	Ser	114.9	high confidence set
CM017197.1	44	11547551	11547477	Ile	TAT	0	0	77.4	61.10	16.30	Inf	Met	85.9	IPD:-2.10,isotype mismatch
CM017197.1	45	8722723	8722652	Trp	CCA	0	0	75.8	51.20	24.60	Inf	Trp	105.6	high confidence set
CM017197.1	46	7370774	7370702	Lys	TTT	0	0	89.6	66.00	23.60	Inf	Lys	96.4	high confidence set
CM017197.1	47	7323627	7323557	Gly	GCC	0	0	66.5	44.80	21.70	Inf	Gly	94.4	high confidence set
CM017197.1	48	6509213	6509142	Gly	TCC	0	0	68.3	40.70	27.60	Inf	Gly	81.3	high confidence set
CM017197.1	49	4417939	4417867	Ala	TGC	0	0	65.5	40.20	25.30	Inf	Ala	97.8	high confidence set
CM017197.1	50	4036507	4036434	Val	CAC	0	0	82.4	54.40	28.00	Inf	Val	103.7	high confidence set
CM017197.1	51	4033522	4033449	Val	CAC	0	0	82.6	54.80	27.80	Inf	Val	106.4	high confidence set
CM017197.1	52	4030638	4030565	Val	CAC	0	0	82.4	54.40	28.00	Inf	Val	103.7	high confidence set
CM017197.1	53	3992845	3992773	Lys	CTT	0	0	86.8	66.60	20.20	Inf	Lys	107.7	high confidence set
CM017197.1	55	3879345	3879273	Glu	CTC	0	0	80.0	54.10	25.90	Inf	Glu	99.8	high confidence set
CM017197.1	56	3867002	3866930	Glu	CTC	0	0	80.0	54.10	25.90	Inf	Glu	99.8	high confidence set
CM017197.1	57	2769285	2769205	Leu	AAG	0	0	74.0	52.20	21.80	Inf	Leu	110.4	high confidence set
CM017197.1	58	2769118	2769038	Leu	AAG	0	0	75.0	53.30	21.70	Inf	Leu	108.5	high confidence set
CM017197.1	59	2768951	2768871	Leu	AAG	0	0	74.0	52.20	21.80	Inf	Leu	110.4	high confidence set
CM017197.1	60	2768777	2768697	Leu	AAG	0	0	74.7	53.80	20.90	Inf	Leu	110.5	high confidence set
CM017197.1	61	2768610	2768530	Leu	AAG	0	0	74.0	52.20	21.80	Inf	Leu	110.4	high confidence set
CM017197.1	62	2768443	2768363	Leu	AAG	0	0	74.0	52.20	21.80	Inf	Leu	110.4	high confidence set
CM017197.1	63	2768280	2768200	Leu	AAG	0	0	74.0	52.20	21.80	Inf	Leu	110.4	high confidence set
CM017197.1	64	2768115	2768034	Leu	AAG	0	0	68.3	46.40	21.90	Inf	Leu	93.5	high confidence set
CM017197.1	65	2303581	2303498	Leu	CAA	0	0	81.0	54.60	26.40	Inf	Leu	125.6	high confidence set
CM017197.1	67	1992250	1992169	Ser	GCT	0	0	80.5	45.20	35.30	Inf	Ser	109.5	high confidence set
CM017198.1	1	3530036	3530115	Leu	TAG	0	0	69.5	48.50	21.00	Inf	Leu	111.5	high confidence set
CM017198.1	2	4149416	4149487	Gly	TCC	0	0	71.6	44.20	27.40	Inf	Gly	82.5	high confidence set
CM017198.1	3	9448140	9448213	Ile	TAT	0	0	85.9	70.60	15.30	Inf	Ile	103.9	high confidence set
CM017198.1	5	19604370	19604441	iMet	CAT	0	0	55.9	28.90	27.00	Inf	iMet	111.8	high confidence set
CM017198.1	6	19605088	19605159	iMet	CAT	0	0	55.9	28.90	27.00	Inf	iMet	111.8	high confidence set
CM017198.1	7	19606012	19606083	iMet	CAT	0	0	55.9	28.90	27.00	Inf	iMet	111.8	high confidence set
CM017198.1	8	19610260	19610331	iMet	CAT	0	0	58.3	28.10	30.20	Inf	iMet	118.7	high confidence set
CM017198.1	9	19615184	19615255	iMet	CAT	0	0	55.0	21.60	33.40	Inf	iMet	113.8	high confidence set
CM017198.1	10	19620604	19620675	Gln	TTG	0	0	76.5	56.50	20.00	Inf	Gln	106.0	high confidence set
CM017198.1	11	19723045	19723118	Arg	TCG	0	0	81.9	60.40	21.50	Inf	Arg	92.9	high confidence set
CM017198.1	12	22886552	22886623	Pro	CGG	0	0	68.5	36.10	32.40	Inf	Pro	108.5	high confidence set
CM017198.1	13	24015856	24015937	Ser	AGA	0	0	79.6	43.50	36.10	Inf	Ser	114.9	high confidence set
CM017198.1	14	25951906	25951976	Gly	GCC	0	0	66.5	44.80	21.70	Inf	Gly	94.4	high confidence set
CM017198.1	15	26874480	26874564	Met	CAT	26874518	26874528	68.7	45.30	23.40	Inf	Met	104.3	high confidence set
CM017198.1	16	27512607	27512680	Val	CAC	0	0	82.4	54.40	28.00	Inf	Val	103.7	high confidence set
CM017198.1	17	27512765	27512838	Val	CAC	0	0	81.8	53.80	28.00	Inf	Val	103.4	high confidence set
CM017198.1	18	27512916	27512989	Val	CAC	0	0	81.8	53.80	28.00	Inf	Val	103.4	high confidence set
CM017198.1	19	27513073	27513146	Val	CAC	0	0	81.8	53.80	28.00	Inf	Val	103.4	high confidence set
CM017198.1	20	27696733	27696805	Glu	CTC	0	0	80.0	54.10	25.90	Inf	Glu	99.8	high confidence set
CM017198.1	21	28029794	28029866	Ala	AGC	0	0	58.9	36.60	22.30	Inf	Ala	92.5	high confidence set
CM017198.1	22	28031170	28031242	Ala	AGC	0	0	63.4	38.20	25.20	Inf	Ala	98.3	high confidence set
CM017198.1	23	28181069	28181140	Pro	CGG	0	0	69.6	37.70	31.90	Inf	Pro	108.3	high confidence set
CM017198.1	24	28559141	28559222	Ser	AGA	0	0	78.7	42.50	36.20	Inf	Ser	114.6	high confidence set
CM017198.1	25	28893907	28893826	Ser	CGA	0	0	78.1	45.70	32.40	Inf	Ser	115.6	high confidence set
CM017198.1	26	28891095	28891022	Arg	TCG	0	0	81.9	60.40	21.50	Inf	Arg	92.9	high confidence set
CM017198.1	27	28822554	28822483	Gln	TTG	0	0	76.5	56.50	20.00	Inf	Gln	102.2	high confidence set
CM017198.1	28	28664344	28664262	Leu	TAA	0	0	73.8	34.40	39.40	Inf	Leu	96.2	high confidence set
CM017198.1	29	28405593	28405521	Arg	CCG	0	0	69.2	51.50	17.70	Inf	Arg	95.2	high confidence set
CM017198.1	30	28042424	28042353	Cys	GCA	0	0	81.7	56.10	25.60	Inf	Cys	104.3	high confidence set
CM017198.1	31	27555595	27555515	Leu	CAG	0	0	69.5	46.80	22.70	Inf	Leu	109.7	high confidence set
CM017198.1	32	27170956	27170885	His	GTG	0	0	63.0	33.70	29.30	Inf	His	91.2	high confidence set
CM017198.1	33	27075657	27075577	Leu	AAG	0	0	74.0	52.20	21.80	Inf	Leu	110.4	high confidence set
CM017198.1	35	26342430	26342357	Ile	AAT	0	0	74.4	58.30	16.10	Inf	Ile	100.0	high confidence set
CM017198.1	36	26342123	26342050	Ile	AAT	0	0	82.4	58.90	23.50	Inf	Ile	107.0	high confidence set
CM017198.1	37	26341805	26341732	Ile	AAT	0	0	82.4	58.90	23.50	Inf	Ile	107.0	high confidence set
CM017198.1	39	25116956	25116884	Phe	GAA	0	0	78.3	58.40	19.90	Inf	Phe	113.2	high confidence set
CM017198.1	40	23454130	23454058	Arg	TCT	0	0	68.5	50.60	17.90	Inf	Arg	98.8	high confidence set
CM017198.1	41	23453218	23453146	Arg	TCT	0	0	68.5	50.60	17.90	Inf	Arg	98.8	high confidence set
CM017198.1	42	23452637	23452565	Arg	TCT	0	0	68.5	50.60	17.90	Inf	Arg	98.8	high confidence set
CM017198.1	43	23431207	23431136	Asp	GTC	0	0	69.8	46.80	23.00	Inf	Asp	95.8	high confidence set
CM017198.1	44	23431064	23430991	Val	CAC	0	0	82.4	54.40	28.00	Inf	Val	103.7	high confidence set
CM017198.1	45	22187677	22187607	Gly	GCC	0	0	66.5	44.80	21.70	Inf	Gly	94.4	high confidence set
CM017198.1	46	19695412	19695339	Thr	AGT	0	0	76.5	48.00	28.50	Inf	Thr	90.4	high confidence set
CM017198.1	47	19484946	19484873	Asn	GTT	0	0	84.5	59.40	25.10	Inf	Asn	95.9	high confidence set
CM017198.1	48	19448834	19448763	iMet	CAT	0	0	58.3	28.10	30.20	Inf	iMet	118.7	high confidence set
CM017198.1	49	19444664	19444593	iMet	CAT	0	0	58.3	28.10	30.20	Inf	iMet	118.7	high confidence set
CM017198.1	50	19439718	19439647	iMet	CAT	0	0	55.0	21.60	33.40	Inf	iMet	113.8	high confidence set
CM017198.1	51	19438569	19438498	Gln	TTG	0	0	76.5	56.50	20.00	Inf	Gln	106.0	high confidence set
CM017198.1	52	19139443	19139362	Ser	GCT	0	0	80.5	45.20	35.30	Inf	Ser	109.5	high confidence set
CM017198.1	53	18786567	18786495	Ala	CGC	0	0	68.3	44.10	24.20	Inf	Ala	99.2	high confidence set
CM017198.1	54	18452235	18452162	Thr	AGT	0	0	72.2	43.70	28.50	Inf	Thr	85.3	high confidence set
CM017198.1	55	18052705	18052635	Gly	CCC	0	0	58.6	28.20	30.40	Inf	Gly	84.4	high confidence set
CM017198.1	56	17837209	17837136	Ala	CGC	0	0	56.3	43.50	12.80	Inf	Ala	85.9	high confidence set
CM017198.1	57	17836551	17836479	Ala	CGC	0	0	68.3	44.10	24.20	Inf	Ala	99.2	high confidence set
CM017198.1	58	16513562	16513479	Met	CAT	16513524	16513515	56.8	36.00	20.80	Inf	Met	91.3	high confidence set
CM017198.1	59	14500553	14500481	Arg	TCT	0	0	65.7	48.20	17.50	Inf	Arg	95.0	high confidence set
CM017198.1	73	9136638	9136564	Ile	AAT	0	0	64.2	43.90	20.30	Inf	Ile	88.9	high confidence set
CM017198.1	77	9134032	9133959	Ile	AAT	0	0	69.6	55.70	13.90	Inf	Ile	94.4	high confidence set
CM017198.1	79	9133161	9133088	Ile	AAT	0	0	69.6	55.70	13.90	Inf	Ile	94.4	high confidence set
CM017198.1	81	9132291	9132218	Ile	AAT	0	0	80.7	57.30	23.40	Inf	Ile	105.8	high confidence set
CM017198.1	84	9130684	9130611	Ile	AAT	0	0	80.7	57.30	23.40	Inf	Ile	105.8	high confidence set
CM017198.1	86	9129061	9128988	Ile	AAT	0	0	58.2	44.00	14.20	Inf	Ile	81.0	high confidence set
CM017198.1	93	9123552	9123479	Ile	AAT	0	0	61.2	44.80	16.40	Inf	Ile	82.3	high confidence set
CM017198.1	97	9120551	9120478	Ile	AAT	0	0	53.8	36.00	17.80	Inf	Ile	76.7	high confidence set
CM017198.1	107	7456577	7456504	Thr	AGT	0	0	77.5	49.10	28.40	Inf	Thr	91.2	high confidence set
CM017198.1	108	6966679	6966607	Glu	CTC	0	0	80.0	54.10	25.90	Inf	Glu	99.8	high confidence set
CM017198.1	109	6661390	6661319	Asp	GTC	0	0	69.8	46.80	23.00	Inf	Asp	95.8	high confidence set
CM017198.1	110	6643858	6643787	Asp	GTC	0	0	69.8	46.80	23.00	Inf	Asp	95.8	high confidence set
CM017198.1	112	5372834	5372753	Ser	GCT	0	0	80.5	45.20	35.30	Inf	Ser	109.5	high confidence set
CM017198.1	113	5367642	5367561	Ser	GCT	0	0	80.5	45.20	35.30	Inf	Ser	109.5	high confidence set
CM017198.1	114	5354710	5354629	Ser	GCT	0	0	80.5	45.20	35.30	Inf	Ser	109.5	high confidence set
CM017198.1	115	2008531	2008461	Gly	GCC	0	0	66.5	44.80	21.70	Inf	Gly	94.4	high confidence set
CM017198.1	116	2004848	2004778	Gly	GCC	0	0	66.5	44.80	21.70	Inf	Gly	94.4	high confidence set
CM017198.1	117	2001026	2000956	Gly	GCC	0	0	66.5	44.80	21.70	Inf	Gly	94.4	high confidence set
PYDT01000159.1	1	93033	93106	Asn	GTT	0	0	84.5	59.40	25.10	Inf	Asn	95.9	high confidence set
PYDT01000160.1	3	46343	46415	Thr	TGT	0	0	66.2	47.40	18.80	Inf	Thr	80.6	high confidence set
PYDT01000157.1	4	46258	46330	Thr	TGT	0	0	66.2	47.40	18.80	Inf	Thr	80.6	high confidence set
PYDT01001727.1	9	61531	61459	Thr	TGT	0	0	66.2	47.40	18.80	Inf	Thr	80.6	high confidence set
PYDT01000101.1	10	65192	65120	Thr	TGT	0	0	66.2	47.40	18.80	Inf	Thr	80.6	high confidence set
PYDT01000114.1	1	48472	48544	Thr	TGT	0	0	66.2	47.40	18.80	Inf	Thr	80.6	high confidence set
PYDT01000058.1	1	11318	11390	Thr	TGT	0	0	66.2	47.40	18.80	Inf	Thr	80.6	high confidence set
PYDT01000040.1	1	8567	8639	Lys	TTT	0	0	75.0	56.20	18.80	Inf	Lys	71.5	high confidence set
PYDT01000070.1	1	7932	8004	Thr	TGT	0	0	66.2	47.40	18.80	Inf	Thr	80.6	high confidence set
PYDT01000013.1	1	39583	39511	Arg	TCT	0	0	68.5	50.60	17.90	Inf	Arg	98.8	high confidence set
PYDT01001988.1	1	235815	235741	Pro	TGG	0	0	62.8	32.80	30.00	Inf	Trp	73.3	IPD:-42.40,isotype mismatch
PYDT01001815.1	5	23123	23051	Thr	TGT	0	0	66.2	47.40	18.80	Inf	Thr	80.6	high confidence set
PYDT01001815.1	6	22632	22560	Thr	TGT	0	0	66.2	47.40	18.80	Inf	Thr	80.6	high confidence set
PYDT01000022.1	5	7961	7889	Thr	TGT	0	0	66.2	47.40	18.80	Inf	Thr	80.6	high confidence set
PYDT01000889.1	9	50034	49962	Thr	TGT	0	0	66.2	47.40	18.80	Inf	Thr	80.6	high confidence set
PYDT01001805.1	1	13676	13748	Thr	TGT	0	0	66.2	47.40	18.80	Inf	Thr	80.6	high confidence set
PYDT01002540.1	3	32711	32783	Thr	TGT	0	0	66.2	47.40	18.80	Inf	Thr	80.6	high confidence set
PYDT01000256.1	1	80389	80463	Phe	GAA	0	0	64.7	39.10	25.60	Inf	Tyr	76.4	IPD:-35.90,isotype mismatch
PYDT01000256.1	2	80632	80706	Pro	TGG	0	0	62.8	32.80	30.00	Inf	Trp	73.3	IPD:-42.40,isotype mismatch
PYDT01000110.1	10	193243	193315	Thr	TGT	0	0	66.2	47.40	18.80	Inf	Thr	80.6	high confidence set
PYDT01000110.1	11	194172	194244	Thr	TGT	0	0	66.2	47.40	18.80	Inf	Thr	80.6	high confidence set
PYDT01000110.1	12	195527	195599	Thr	TGT	0	0	66.2	47.40	18.80	Inf	Thr	80.6	high confidence set
PYDT01002192.1	5	40307	40235	Thr	TGT	0	0	66.2	47.40	18.80	Inf	Thr	80.6	high confidence set
PYDT01000865.1	6	32665	32593	Thr	TGT	0	0	66.2	47.40	18.80	Inf	Thr	80.6	high confidence set
PYDT01000236.1	1	7275	7347	Thr	TGT	0	0	66.2	47.40	18.80	Inf	Thr	80.6	high confidence set
PYDT01000173.1	4	69902	69974	Thr	TGT	0	0	66.2	47.40	18.80	Inf	Thr	80.6	high confidence set
PYDT01000215.1	16	133046	132974	Thr	TGT	0	0	66.2	47.40	18.80	Inf	Thr	80.6	high confidence set
PYDT01001678.1	5	7633	7561	Gln	CTG	0	0	59.5	40.60	18.90	Inf	Thr	73.7	IPD:-42.00,isotype mismatch
PYDT01000147.1	4	13610	13538	Thr	TGT	0	0	66.2	47.40	18.80	Inf	Thr	80.6	high confidence set
PYDT01002506.1	4	8600	8528	Thr	TGT	0	0	66.2	47.40	18.80	Inf	Thr	80.6	high confidence set
PYDT01000810.1	4	8525	8597	Trp	CCA	0	0	75.0	45.50	29.50	Inf	Thr	77.8	IPD:-19.30,isotype mismatch
PYDT01000104.1	5	74218	74290	Thr	TGT	0	0	66.2	47.40	18.80	Inf	Thr	80.6	high confidence set
PYDT01000104.1	9	95148	95220	Thr	TGT	0	0	66.2	47.40	18.80	Inf	Thr	80.6	high confidence set
PYDT01002118.1	8	117779	117707	Thr	TGT	0	0	66.2	47.40	18.80	Inf	Thr	80.6	high confidence set
PYDT01000171.1	4	20246	20174	Thr	TGT	0	0	66.2	47.40	18.80	Inf	Thr	80.6	high confidence set
PYDT01000166.1	15	38487	38415	Thr	TGT	0	0	66.2	47.40	18.80	Inf	Thr	80.6	high confidence set
PYDT01000039.1	1	455	533	Arg	ACG	0	0	60.6	48.90	11.70	Inf	Ile	76.3	IPD:-19.60,isotype mismatch
PYDT01000233.1	4	53875	53947	Thr	TGT	0	0	66.2	47.40	18.80	Inf	Thr	80.6	high confidence set
PYDT01002588.1	2	115390	115462	Arg	TCT	0	0	65.7	48.20	17.50	Inf	Arg	95.0	high confidence set
PYDT01000120.1	16	29755	29683	Thr	TGT	0	0	66.2	47.40	18.80	Inf	Thr	80.6	high confidence set
PYDT01001380.1	3	30342	30414	Thr	TGT	0	0	66.2	47.40	18.80	Inf	Thr	80.6	high confidence set
PYDT01000014.1	11	28271	28199	Thr	TGT	0	0	66.2	47.40	18.80	Inf	Thr	80.6	high confidence set
PYDT01000118.1	11	33100	33028	Thr	TGT	0	0	66.2	47.40	18.80	Inf	Thr	80.6	high confidence set
PYDT01000196.1	1	83826	83898	Arg	TCT	0	0	68.5	50.60	17.90	Inf	Arg	98.8	high confidence set
