Sequence   		tRNA     	Bounds   	tRNA	Anti	Intron Bounds	Inf	HMM	2'Str	Hit	Isotype	Isotype	      
Name       	tRNA#	Begin    	End      	Type	Codon	Begin	End	Score	Score	Score	Origin	CM	Score	Note
--------   	------	-----    	------   	----	-----	-----	----	------	-----	-----	------	-------	-------	------
Spov3_chr1	1	462541	462622	Ser	GCT	0	0	80.5	45.20	35.30	Inf	Ser	109.5	high confidence set
Spov3_chr1	2	2314158	2314229	Trp	CCA	0	0	75.8	51.20	24.60	Inf	Trp	105.6	high confidence set
Spov3_chr1	3	2497786	2497857	Pro	TGG	0	0	68.5	35.70	32.80	Inf	Pro	111.2	high confidence set
Spov3_chr1	4	4902282	4902361	Leu	TAG	0	0	70.9	50.70	20.20	Inf	Leu	109.5	high confidence set
Spov3_chr1	5	4948637	4948710	Val	AAC	0	0	75.2	45.70	29.50	Inf	Val	103.0	high confidence set
Spov3_chr1	6	4949269	4949360	Tyr	GTA	4949306	4949324	74.2	42.70	31.50	Inf	Tyr	110.5	high confidence set
Spov3_chr1	8	4956279	4956352	Val	AAC	0	0	75.2	45.70	29.50	Inf	Val	103.0	high confidence set
Spov3_chr1	9	4964614	4964687	Val	AAC	0	0	75.2	45.70	29.50	Inf	Val	103.0	high confidence set
Spov3_chr1	25	11865824	11865895	Pro	CGG	0	0	64.8	40.10	24.70	Inf	Pro	111.5	high confidence set
Spov3_chr1	27	13495836	13495907	Gln	TTG	0	0	73.5	53.70	19.80	Inf	Gln	104.8	high confidence set
Spov3_chr1	28	14068812	14068882	Gly	GCC	0	0	53.5	37.20	16.30	Inf	Gly	79.2	high confidence set
Spov3_chr1	31	16095303	16095376	Thr	AGT	0	0	76.0	48.40	27.60	Inf	Thr	90.6	high confidence set
Spov3_chr1	52	28693504	28693575	Asn	GTT	0	0	81.8	56.80	25.00	Inf	Asn	82.9	high confidence set
Spov3_chr1	54	32210517	32210590	Ile	TAT	0	0	76.9	58.10	18.80	Inf	Ile	95.2	high confidence set
Spov3_chr1	55	32258504	32258577	Ile	TAT	0	0	73.4	56.30	17.10	Inf	Ile	93.7	high confidence set
Spov3_chr1	59	35306315	35306386	Pro	AGG	0	0	66.4	33.00	33.40	Inf	Pro	112.5	high confidence set
Spov3_chr1	64	39086155	39086225	Gly	CCC	0	0	66.0	29.20	36.80	Inf	Gly	87.4	high confidence set
Spov3_chr1	97	68174229	68174310	Ser	AGA	0	0	79.4	43.10	36.30	Inf	Ser	115.0	high confidence set
Spov3_chr1	107	76501462	76501533	Glu	TTC	0	0	68.7	44.30	24.40	Inf	Glu	98.9	high confidence set
Spov3_chr1	108	76626856	76626928	Ala	TGC	0	0	70.0	45.30	24.70	Inf	Ala	100.6	high confidence set
Spov3_chr1	120	83605073	83605153	Leu	AAG	0	0	71.4	51.10	20.30	Inf	Leu	108.5	high confidence set
Spov3_chr1	132	92594436	92594507	His	GTG	0	0	63.0	33.70	29.30	Inf	His	91.2	high confidence set
Spov3_chr1	133	93037924	93037997	Asn	GTT	0	0	83.3	58.10	25.20	Inf	Asn	93.9	high confidence set
Spov3_chr1	145	97529405	97529477	Phe	GAA	0	0	78.3	58.40	19.90	Inf	Phe	113.2	high confidence set
Spov3_chr1	146	98406351	98406423	Ala	AGC	0	0	63.4	38.20	25.20	Inf	Ala	98.3	high confidence set
Spov3_chr1	148	99262383	99262455	Arg	ACG	0	0	72.9	50.30	22.60	Inf	Arg	91.8	high confidence set
Spov3_chr1	151	101647853	101647923	Gly	GCC	0	0	66.5	44.80	21.70	Inf	Gly	94.4	high confidence set
Spov3_chr1	152	101648001	101648072	Trp	CCA	0	0	67.8	43.20	24.60	Inf	Trp	93.3	high confidence set
Spov3_chr1	154	101736167	101736240	Ile	AAT	0	0	85.3	57.90	27.40	Inf	Ile	112.3	high confidence set
Spov3_chr1	161	104341972	104342054	Leu	TAA	0	0	66.3	27.50	38.80	Inf	Leu	93.2	high confidence set
Spov3_chr1	162	104342745	104342827	Leu	TAA	0	0	73.6	34.50	39.10	Inf	Leu	101.1	high confidence set
Spov3_chr1	163	104345060	104345142	Leu	TAA	0	0	73.6	34.50	39.10	Inf	Leu	101.1	high confidence set
Spov3_chr1	164	104377375	104377457	Leu	TAA	0	0	73.6	34.50	39.10	Inf	Leu	101.1	high confidence set
Spov3_chr1	165	104378764	104378846	Leu	TAA	0	0	73.6	34.50	39.10	Inf	Leu	101.1	high confidence set
Spov3_chr1	166	104381090	104381172	Leu	TAA	0	0	73.6	34.50	39.10	Inf	Leu	101.1	high confidence set
Spov3_chr1	167	104382370	104382452	Leu	TAA	0	0	66.7	29.10	37.60	Inf	Leu	85.7	high confidence set
Spov3_chr1	168	104383649	104383731	Leu	TAA	0	0	64.5	31.70	32.80	Inf	Leu	91.9	high confidence set
Spov3_chr1	170	105714202	105714275	Arg	TCG	0	0	82.3	61.00	21.30	Inf	Arg	91.9	high confidence set
Spov3_chr1	172	106022454	106022525	Trp	CCA	0	0	75.1	50.10	25.00	Inf	Trp	105.0	high confidence set
Spov3_chr1	173	106023000	106023088	Tyr	GTA	106023037	106023051	62.9	32.90	30.00	Inf	Tyr	94.9	high confidence set
Spov3_chr1	174	106026958	106027045	Tyr	GTA	106026995	106027009	74.1	42.40	31.70	Inf	Tyr	108.6	high confidence set
Spov3_chr1	175	106334847	106334920	Arg	TCG	0	0	82.3	61.00	21.30	Inf	Arg	91.9	high confidence set
Spov3_chr1	185	108055398	108055479	Ser	TGA	0	0	82.4	48.00	34.40	Inf	Ser	117.5	high confidence set
Spov3_chr1	191	113084689	113084770	Ser	AGA	0	0	79.4	43.10	36.30	Inf	Ser	115.0	high confidence set
Spov3_chr1	197	116489005	116489091	Met	CAT	116489043	116489055	64.2	40.70	23.50	Inf	Met	104.0	high confidence set
Spov3_chr1	198	116687135	116687216	Ser	AGA	0	0	79.4	43.10	36.30	Inf	Ser	115.0	high confidence set
Spov3_chr1	199	117069349	117069420	Glu	TTC	0	0	68.7	44.30	24.40	Inf	Glu	98.9	high confidence set
Spov3_chr1	200	118024754	118024825	Glu	TTC	0	0	71.2	46.50	24.70	Inf	Glu	101.9	high confidence set
Spov3_chr1	204	119520765	119520847	Leu	TAA	0	0	77.8	41.30	36.50	Inf	Leu	103.3	high confidence set
Spov3_chr1	206	119746627	119746699	Arg	TCT	0	0	71.0	51.20	19.80	Inf	Arg	99.1	high confidence set
Spov3_chr1	210	123012216	123012299	Leu	CAA	0	0	81.1	56.00	25.10	Inf	Leu	127.4	high confidence set
Spov3_chr1	211	123403488	123403569	Ser	CGA	0	0	78.9	46.60	32.30	Inf	Ser	122.0	high confidence set
Spov3_chr1	212	123562892	123562965	Thr	AGT	0	0	76.0	48.40	27.60	Inf	Thr	90.6	high confidence set
Spov3_chr1	213	124592225	124592296	Asp	GTC	0	0	69.8	46.80	23.00	Inf	Asp	94.5	high confidence set
Spov3_chr1	217	126422187	126422273	Ser	GGA	0	0	60.7	32.30	28.40	Inf	Ser	81.4	unexpected anticodon
Spov3_chr1	221	126423747	126423675	Thr	TGT	0	0	64.1	46.00	18.10	Inf	Thr	74.4	high confidence set
Spov3_chr1	222	125510817	125510736	Ser	TGA	0	0	81.5	46.00	35.50	Inf	Ser	120.2	high confidence set
Spov3_chr1	225	125060004	125059933	Pro	TGG	0	0	68.5	35.70	32.80	Inf	Pro	111.2	high confidence set
Spov3_chr1	228	123793195	123793122	Ile	TAT	0	0	81.1	62.80	18.30	Inf	Ile	98.7	high confidence set
Spov3_chr1	233	120021431	120021360	Asp	GTC	0	0	69.8	46.80	23.00	Inf	Asp	94.5	high confidence set
Spov3_chr1	238	119323614	119323534	Leu	AAG	0	0	71.4	51.10	20.30	Inf	Leu	108.5	high confidence set
Spov3_chr1	239	119321872	119321792	Leu	AAG	0	0	71.4	51.10	20.30	Inf	Leu	108.5	high confidence set
Spov3_chr1	242	115763886	115763805	Ser	AGA	0	0	79.4	43.10	36.30	Inf	Ser	115.0	high confidence set
Spov3_chr1	245	114032338	114032265	Ile	AAT	0	0	85.3	57.90	27.40	Inf	Ile	112.3	high confidence set
Spov3_chr1	246	114030885	114030812	Ile	AAT	0	0	87.5	60.10	27.40	Inf	Ile	114.1	high confidence set
Spov3_chr1	253	109158705	109158633	Ala	AGC	0	0	61.0	35.80	25.20	Inf	Ala	94.7	high confidence set
Spov3_chr1	254	109158624	109158552	Arg	ACG	0	0	72.6	49.80	22.80	Inf	Arg	89.8	high confidence set
Spov3_chr1	255	109158472	109158400	Arg	ACG	0	0	73.2	50.90	22.30	Inf	Arg	94.3	high confidence set
Spov3_chr1	256	108844246	108844175	Lys	TTT	0	0	78.5	64.90	13.60	Inf	Lys	86.5	high confidence set
Spov3_chr1	257	108326640	108326567	Asn	GTT	0	0	83.3	58.10	25.20	Inf	Asn	93.9	high confidence set
Spov3_chr1	259	107933113	107933025	Tyr	GTA	107933076	107933061	69.6	37.90	31.70	Inf	Tyr	105.2	high confidence set
Spov3_chr1	267	106627872	106627801	Trp	CCA	0	0	75.1	50.10	25.00	Inf	Trp	105.0	high confidence set
Spov3_chr1	268	106239598	106239511	Tyr	GTA	106239561	106239547	74.1	42.40	31.70	Inf	Tyr	108.6	high confidence set
Spov3_chr1	271	105802884	105802813	Asp	GTC	0	0	69.8	46.80	23.00	Inf	Asp	94.5	high confidence set
Spov3_chr1	272	105801659	105801588	Asp	GTC	0	0	69.8	46.80	23.00	Inf	Asp	94.5	high confidence set
Spov3_chr1	273	105415798	105415715	Leu	CAA	0	0	77.6	56.60	21.00	Inf	Leu	121.8	high confidence set
Spov3_chr1	274	105051926	105051855	His	GTG	0	0	63.0	33.70	29.30	Inf	His	86.8	high confidence set
Spov3_chr1	276	103060853	103060767	Met	CAT	103060815	103060803	64.2	40.70	23.50	Inf	Met	104.0	high confidence set
Spov3_chr1	280	101057504	101057431	Ile	AAT	0	0	88.1	60.70	27.40	Inf	Ile	114.7	high confidence set
Spov3_chr1	281	101057341	101057268	Ile	AAT	0	0	85.3	57.90	27.40	Inf	Ile	112.3	high confidence set
Spov3_chr1	282	101057187	101057114	Ile	AAT	0	0	77.3	57.30	20.00	Inf	Ile	105.3	high confidence set
Spov3_chr1	283	101028431	101028358	Ile	AAT	0	0	85.3	57.90	27.40	Inf	Ile	112.3	high confidence set
Spov3_chr1	285	99714040	99713968	Glu	CTC	0	0	79.3	53.90	25.40	Inf	Glu	96.7	high confidence set
Spov3_chr1	286	99588738	99588667	Gln	CTG	0	0	74.0	49.50	24.50	Inf	Gln	100.1	high confidence set
Spov3_chr1	290	94205830	94205758	Arg	CCT	0	0	73.8	54.30	19.50	Inf	Arg	86.0	high confidence set
Spov3_chr1	291	94180295	94180223	Arg	CCT	0	0	73.8	54.30	19.50	Inf	Arg	86.0	high confidence set
Spov3_chr1	304	83352570	83352484	Ser	GGA	0	0	61.8	32.30	29.50	Inf	Ser	81.4	unexpected anticodon
Spov3_chr1	305	83149628	83149557	Glu	TTC	0	0	68.7	44.30	24.40	Inf	Glu	98.9	high confidence set
Spov3_chr1	309	82532936	82532865	His	GTG	0	0	58.3	34.80	23.50	Inf	His	81.8	high confidence set
Spov3_chr1	312	81550137	81550056	Ser	GCT	0	0	80.5	45.20	35.30	Inf	Ser	109.5	high confidence set
Spov3_chr1	338	65808305	65808235	Gly	GCC	0	0	66.5	44.80	21.70	Inf	Gly	94.4	high confidence set
Spov3_chr1	341	64679817	64679746	His	GTG	0	0	63.0	33.70	29.30	Inf	His	91.2	high confidence set
Spov3_chr1	344	64274133	64274061	Arg	CCG	0	0	68.9	50.60	18.30	Inf	Arg	90.6	high confidence set
Spov3_chr1	346	64014246	64014174	Arg	CCG	0	0	68.9	50.60	18.30	Inf	Arg	90.6	high confidence set
Spov3_chr1	356	53789393	53789321	Ala	TGC	0	0	70.0	45.30	24.70	Inf	Ala	100.6	high confidence set
Spov3_chr1	380	31532454	31532381	Ile	TAT	0	0	81.9	63.10	18.80	Inf	Ile	101.0	high confidence set
Spov3_chr1	381	31530273	31530200	Ile	TAT	0	0	81.9	63.10	18.80	Inf	Ile	101.0	high confidence set
Spov3_chr1	382	31528661	31528588	Ile	TAT	0	0	72.8	62.10	10.70	Inf	Ile	94.8	high confidence set
Spov3_chr1	383	31520543	31520470	Ile	TAT	0	0	63.2	45.50	17.70	Inf	Ile	78.9	high confidence set
Spov3_chr1	388	28694218	28694140	Arg	ACG	0	0	56.5	44.90	11.60	Inf	Ile	73.7	IPD:-23.30,isotype mismatch
Spov3_chr1	393	27971770	27971698	Ala	TGC	0	0	70.0	45.30	24.70	Inf	Ala	100.6	high confidence set
Spov3_chr1	404	21069462	21069391	Glu	TTC	0	0	68.7	44.30	24.40	Inf	Glu	98.9	high confidence set
Spov3_chr1	405	21012075	21012004	Glu	TTC	0	0	68.7	44.30	24.40	Inf	Glu	98.9	high confidence set
Spov3_chr1	412	17369880	17369808	Ala	AGC	0	0	63.4	38.20	25.20	Inf	Ala	98.3	high confidence set
Spov3_chr1	413	17368809	17368737	Ala	AGC	0	0	63.4	38.20	25.20	Inf	Ala	98.3	high confidence set
Spov3_chr1	414	17332268	17332197	Pro	CGG	0	0	68.1	35.20	32.90	Inf	Pro	106.5	high confidence set
Spov3_chr1	418	14449050	14448967	Leu	CAA	0	0	80.7	56.60	24.10	Inf	Leu	127.1	high confidence set
Spov3_chr1	419	13858783	13858712	Asp	GTC	0	0	69.8	46.80	23.00	Inf	Asp	94.5	high confidence set
Spov3_chr1	421	13222766	13222680	Met	CAT	13222728	13222716	64.2	40.70	23.50	Inf	Met	104.0	high confidence set
Spov3_chr1	422	13220487	13220401	Met	CAT	13220449	13220437	64.2	40.70	23.50	Inf	Met	104.0	high confidence set
Spov3_chr1	424	11302215	11302143	Glu	CTC	0	0	78.9	53.10	25.80	Inf	Glu	94.8	high confidence set
Spov3_chr1	428	8784464	8784392	Phe	GAA	0	0	78.3	58.40	19.90	Inf	Phe	113.2	high confidence set
Spov3_chr1	429	8780331	8780259	Phe	GAA	0	0	78.3	58.40	19.90	Inf	Phe	113.2	high confidence set
Spov3_chr1	430	8459271	8459190	Ser	TGA	0	0	81.5	46.00	35.50	Inf	Ser	120.2	high confidence set
Spov3_chr1	432	8173119	8173038	Ser	TGA	0	0	81.5	46.00	35.50	Inf	Ser	120.2	high confidence set
Spov3_chr1	433	8150903	8150822	Ser	TGA	0	0	82.9	48.20	34.70	Inf	Ser	121.4	high confidence set
Spov3_chr1	437	7070067	7069996	Thr	TGT	0	0	79.1	48.90	30.20	Inf	Thr	92.7	high confidence set
Spov3_chr1	443	4980568	4980495	Val	AAC	0	0	77.4	51.10	26.30	Inf	Val	98.7	high confidence set
Spov3_chr1	444	4980412	4980339	Val	AAC	0	0	68.9	46.40	22.50	Inf	Val	89.6	high confidence set
Spov3_chr1	445	4971493	4971420	Val	AAC	0	0	75.2	45.70	29.50	Inf	Val	103.0	high confidence set
Spov3_chr1	446	4970895	4970804	Tyr	GTA	4970858	4970840	67.0	39.50	27.50	Inf	Tyr	104.6	high confidence set
Spov3_chr1	447	4818362	4818283	Leu	CAG	0	0	64.2	48.00	16.20	Inf	Leu	102.4	high confidence set
Spov3_chr1	448	4815963	4815884	Leu	TAG	0	0	70.9	50.70	20.20	Inf	Leu	109.5	high confidence set
Spov3_chr1	449	4813827	4813748	Leu	TAG	0	0	70.9	50.70	20.20	Inf	Leu	109.5	high confidence set
Spov3_chr1	451	3165825	3165753	Arg	ACG	0	0	72.5	49.90	22.60	Inf	Arg	93.8	high confidence set
Spov3_chr1	452	1149922	1149839	Leu	CAA	0	0	81.6	58.10	23.50	Inf	Leu	123.8	high confidence set
Spov3_chr1	453	418313	418232	Ser	GCT	0	0	80.5	45.20	35.30	Inf	Ser	109.5	high confidence set
Spov3_chr2	1	452589	452660	Asp	GTC	0	0	69.8	46.80	23.00	Inf	Asp	94.5	high confidence set
Spov3_chr2	2	495528	495601	Asn	GTT	0	0	83.3	58.10	25.20	Inf	Asn	93.9	high confidence set
Spov3_chr2	3	495786	495859	Asn	GTT	0	0	86.2	61.00	25.20	Inf	Asn	93.9	high confidence set
Spov3_chr2	4	1333453	1333526	Val	AAC	0	0	75.2	45.70	29.50	Inf	Val	103.0	high confidence set
Spov3_chr2	5	1334647	1334720	Val	AAC	0	0	75.2	45.70	29.50	Inf	Val	103.0	high confidence set
Spov3_chr2	11	3091764	3091847	Leu	CAA	0	0	73.3	56.20	17.10	Inf	Leu	117.3	high confidence set
Spov3_chr2	12	3116456	3116527	Cys	GCA	0	0	81.7	56.10	25.60	Inf	Cys	104.3	high confidence set
Spov3_chr2	15	3225385	3225456	Cys	GCA	0	0	81.7	56.10	25.60	Inf	Cys	104.3	high confidence set
Spov3_chr2	16	4330480	4330551	Trp	CCA	0	0	66.7	42.50	24.20	Inf	Trp	97.2	high confidence set
Spov3_chr2	17	6858851	6858922	Thr	TGT	0	0	79.3	49.30	30.00	Inf	Thr	92.3	high confidence set
Spov3_chr2	18	6859312	6859383	Thr	TGT	0	0	79.3	49.30	30.00	Inf	Thr	92.3	high confidence set
Spov3_chr2	19	6964914	6964985	Cys	GCA	0	0	82.1	59.90	22.20	Inf	Cys	106.6	high confidence set
Spov3_chr2	21	8015371	8015443	Val	TAC	0	0	71.7	46.30	25.40	Inf	Val	100.8	high confidence set
Spov3_chr2	24	10015784	10015854	Gly	GCC	0	0	66.5	44.80	21.70	Inf	Gly	94.4	high confidence set
Spov3_chr2	26	11311483	11311555	Ala	AGC	0	0	63.4	38.20	25.20	Inf	Ala	98.3	high confidence set
Spov3_chr2	27	11312053	11312125	Ala	AGC	0	0	63.4	38.20	25.20	Inf	Ala	98.3	high confidence set
Spov3_chr2	28	11312358	11312430	Ala	AGC	0	0	63.4	38.20	25.20	Inf	Ala	98.3	high confidence set
Spov3_chr2	29	12602088	12602160	Ala	AGC	0	0	63.4	38.20	25.20	Inf	Ala	98.3	high confidence set
Spov3_chr2	37	20384365	20384437	Phe	GAA	0	0	78.3	58.40	19.90	Inf	Phe	113.2	high confidence set
Spov3_chr2	41	21057213	21057285	Arg	CCT	0	0	70.9	54.20	16.70	Inf	Arg	80.8	high confidence set
Spov3_chr2	42	21137158	21137228	Gly	GCC	0	0	66.5	44.80	21.70	Inf	Gly	94.4	high confidence set
Spov3_chr2	48	23431388	23431460	Glu	CTC	0	0	78.9	53.10	25.80	Inf	Glu	94.8	high confidence set
Spov3_chr2	58	27513899	27513970	Pro	TGG	0	0	68.5	35.70	32.80	Inf	Pro	111.2	high confidence set
Spov3_chr2	69	35341659	35341729	Gly	GCC	0	0	66.5	44.80	21.70	Inf	Gly	94.4	high confidence set
Spov3_chr2	70	35352441	35352511	Gly	GCC	0	0	66.5	44.80	21.70	Inf	Gly	94.4	high confidence set
Spov3_chr2	74	37718273	37718344	Pro	AGG	0	0	67.4	34.70	32.70	Inf	Pro	112.3	high confidence set
Spov3_chr2	93	48933099	48933178	Leu	TAG	0	0	70.9	50.70	20.20	Inf	Leu	109.5	high confidence set
Spov3_chr2	94	48947008	48947079	Pro	TGG	0	0	68.5	35.70	32.80	Inf	Pro	111.2	high confidence set
Spov3_chr2	95	48947536	48947607	Pro	AGG	0	0	67.4	34.70	32.70	Inf	Pro	112.3	high confidence set
Spov3_chr2	97	50043115	50043195	Leu	AAG	0	0	71.4	51.10	20.30	Inf	Leu	108.5	high confidence set
Spov3_chr2	107	63981746	63981831	Met	CAT	63981784	63981795	64.2	40.70	23.50	Inf	Met	104.0	high confidence set
Spov3_chr2	138	87896103	87896174	iMet	CAT	0	0	58.3	28.10	30.20	Inf	iMet	118.7	high confidence set
Spov3_chr2	144	92275250	92275323	Ile	TAT	0	0	56.9	27.10	29.80	Inf	Val	76.3	IPD:-31.70,isotype mismatch
Spov3_chr2	149	96794481	96794552	Asp	GTC	0	0	69.8	46.80	23.00	Inf	Asp	94.5	high confidence set
Spov3_chr2	150	96950007	96950079	Val	TAC	0	0	70.9	43.20	27.70	Inf	Val	99.8	high confidence set
Spov3_chr2	152	97967203	97967276	Thr	AGT	0	0	76.0	48.40	27.60	Inf	Thr	90.6	high confidence set
Spov3_chr2	153	98378760	98378831	iMet	CAT	0	0	58.3	28.10	30.20	Inf	iMet	118.7	high confidence set
Spov3_chr2	154	98378917	98378988	iMet	CAT	0	0	58.3	28.10	30.20	Inf	iMet	118.7	high confidence set
Spov3_chr2	155	98379836	98379907	iMet	CAT	0	0	58.3	28.10	30.20	Inf	iMet	118.7	high confidence set
Spov3_chr2	156	98380036	98380107	iMet	CAT	0	0	58.3	28.10	30.20	Inf	iMet	118.7	high confidence set
Spov3_chr2	158	99587589	99587659	Gly	GCC	0	0	66.5	44.80	21.70	Inf	Gly	94.4	high confidence set
Spov3_chr2	159	100831584	100831657	Ile	TAT	0	0	78.8	63.10	15.70	Inf	Ile	95.8	high confidence set
Spov3_chr2	165	110301172	110301243	iMet	CAT	0	0	58.3	28.10	30.20	Inf	iMet	118.7	high confidence set
Spov3_chr2	168	114215802	114215872	Gly	GCC	0	0	66.5	44.80	21.70	Inf	Gly	94.4	high confidence set
Spov3_chr2	179	123500333	123500404	Trp	CCA	0	0	75.8	51.20	24.60	Inf	Trp	105.6	high confidence set
Spov3_chr2	192	134801742	134801814	Phe	GAA	0	0	78.3	58.40	19.90	Inf	Phe	113.2	high confidence set
Spov3_chr2	196	140665752	140665822	Gly	GCC	0	0	66.5	44.80	21.70	Inf	Gly	94.4	high confidence set
Spov3_chr2	205	147117758	147117685	Ile	TAT	0	0	81.1	62.80	18.30	Inf	Ile	98.7	high confidence set
Spov3_chr2	208	146578768	146578696	Phe	GAA	0	0	78.3	58.40	19.90	Inf	Phe	113.2	high confidence set
Spov3_chr2	215	136061869	136061790	Leu	TAG	0	0	70.9	50.70	20.20	Inf	Leu	109.5	high confidence set
Spov3_chr2	222	130417343	130417270	Ile	AAT	0	0	82.4	55.90	26.50	Inf	Ile	106.7	high confidence set
Spov3_chr2	225	126285087	126285007	Leu	AAG	0	0	72.1	51.00	21.10	Inf	Leu	100.5	high confidence set
Spov3_chr2	242	115729018	115728946	Glu	CTC	0	0	78.9	53.10	25.80	Inf	Glu	94.8	high confidence set
Spov3_chr2	246	112039043	112038971	Phe	GAA	0	0	78.3	58.40	19.90	Inf	Phe	113.2	high confidence set
Spov3_chr2	247	112019886	112019814	Phe	GAA	0	0	78.3	58.40	19.90	Inf	Phe	113.2	high confidence set
Spov3_chr2	252	109050135	109050064	Gln	CTG	0	0	72.1	47.60	24.50	Inf	Gln	100.7	high confidence set
Spov3_chr2	253	109044249	109044178	Gln	CTG	0	0	72.1	47.60	24.50	Inf	Gln	100.7	high confidence set
Spov3_chr2	254	109044100	109044029	Gln	CTG	0	0	72.1	47.60	24.50	Inf	Gln	100.7	high confidence set
Spov3_chr2	259	100735453	100735382	Pro	AGG	0	0	67.4	34.70	32.70	Inf	Pro	112.3	high confidence set
Spov3_chr2	260	100599341	100599260	Ser	CGA	0	0	79.6	43.80	35.80	Inf	Ser	117.5	high confidence set
Spov3_chr2	261	100441597	100441527	Gly	GCC	0	0	66.5	44.80	21.70	Inf	Gly	94.4	high confidence set
Spov3_chr2	262	100441447	100441361	Met	CAT	100441409	100441397	64.2	40.70	23.50	Inf	Met	104.0	high confidence set
Spov3_chr2	263	99910930	99910844	Met	CAT	99910892	99910880	55.6	32.20	23.40	Inf	Met	96.2	high confidence set
Spov3_chr2	266	98481632	98481559	Asn	GTT	0	0	83.3	58.10	25.20	Inf	Asn	93.9	high confidence set
Spov3_chr2	267	98400963	98400891	Arg	CCT	0	0	74.8	55.90	18.90	Inf	Arg	87.5	high confidence set
Spov3_chr2	269	98374264	98374193	Pro	AGG	0	0	67.4	34.70	32.70	Inf	Pro	112.3	high confidence set
Spov3_chr2	272	96550580	96550509	Asp	GTC	0	0	60.8	47.00	13.80	Inf	Asp	80.4	high confidence set
Spov3_chr2	288	86038411	86038328	Leu	CAA	0	0	81.1	56.00	25.10	Inf	Leu	127.4	high confidence set
Spov3_chr2	289	84478334	84478262	Lys	CTT	0	0	87.7	67.60	20.10	Inf	Lys	106.7	high confidence set
Spov3_chr2	315	49812618	49812547	Asp	GTC	0	0	69.8	46.80	23.00	Inf	Asp	94.5	high confidence set
Spov3_chr2	316	49390613	49390541	Thr	TGT	0	0	60.3	49.30	11.00	Inf	Thr	73.6	high confidence set
Spov3_chr2	323	45573924	45573851	Val	CAC	0	0	81.5	53.50	28.00	Inf	Val	103.7	high confidence set
Spov3_chr2	331	42795588	42795516	Ala	AGC	0	0	63.4	38.20	25.20	Inf	Ala	98.3	high confidence set
Spov3_chr2	332	42793545	42793470	Arg	TCG	0	0	74.7	54.40	20.30	Inf	Arg	79.2	high confidence set
Spov3_chr2	336	41480727	41480656	Cys	GCA	0	0	82.1	59.90	22.20	Inf	Cys	106.6	high confidence set
Spov3_chr2	339	41308960	41308889	His	GTG	0	0	63.0	33.70	29.30	Inf	His	86.8	high confidence set
Spov3_chr2	346	37892396	37892325	Gly	TCC	0	0	74.1	46.70	27.40	Inf	Gly	84.2	high confidence set
Spov3_chr2	349	36006682	36006596	Met	CAT	36006644	36006632	64.2	40.70	23.50	Inf	Met	104.0	high confidence set
Spov3_chr2	352	34936060	34935979	Ser	CGA	0	0	78.9	46.60	32.30	Inf	Ser	122.0	high confidence set
Spov3_chr2	358	31589084	31589013	Trp	CCA	0	0	70.2	45.70	24.50	Inf	Trp	97.8	high confidence set
Spov3_chr2	361	30831145	30831074	iMet	CAT	0	0	58.3	28.10	30.20	Inf	iMet	118.7	high confidence set
Spov3_chr2	364	27937037	27936965	Ala	TGC	0	0	65.3	39.10	26.20	Inf	Ala	95.8	high confidence set
Spov3_chr2	365	26086099	26086027	Arg	TCT	0	0	70.0	49.90	20.10	Inf	Arg	100.1	high confidence set
Spov3_chr2	374	20620039	20619959	Leu	AAG	0	0	71.4	51.10	20.30	Inf	Leu	108.5	high confidence set
Spov3_chr2	375	20584044	20583964	Leu	AAG	0	0	71.4	51.10	20.30	Inf	Leu	108.5	high confidence set
Spov3_chr2	381	18919166	18919076	Tyr	GTA	18919129	18919112	74.0	42.30	31.70	Inf	Tyr	108.6	high confidence set
Spov3_chr2	383	17707735	17707663	Val	TAC	0	0	77.1	42.30	34.80	Inf	Val	107.4	high confidence set
Spov3_chr2	387	14307462	14307382	Leu	AAG	0	0	71.4	51.10	20.30	Inf	Leu	108.5	high confidence set
Spov3_chr2	391	10795894	10795811	Leu	CAA	0	0	81.1	56.00	25.10	Inf	Leu	127.4	high confidence set
Spov3_chr2	393	10467836	10467765	iMet	CAT	0	0	58.3	28.10	30.20	Inf	iMet	118.7	high confidence set
Spov3_chr2	394	10115458	10115388	Gly	GCC	0	0	70.6	45.20	25.40	Inf	Gly	98.0	high confidence set
Spov3_chr2	397	9621483	9621411	Ala	CGC	0	0	68.3	44.10	24.20	Inf	Ala	99.2	high confidence set
Spov3_chr2	399	8492288	8492216	Lys	CTT	0	0	87.7	67.60	20.10	Inf	Lys	106.7	high confidence set
Spov3_chr2	403	7258783	7258711	Ala	CGC	0	0	68.3	44.10	24.20	Inf	Ala	99.2	high confidence set
Spov3_chr2	408	4088888	4088807	Ser	AGA	0	0	79.4	43.10	36.30	Inf	Ser	115.0	high confidence set
Spov3_chr2	409	3738241	3738170	Gly	TCC	0	0	74.1	46.70	27.40	Inf	Gly	84.2	high confidence set
Spov3_chr2	412	3129689	3129618	Cys	GCA	0	0	81.7	56.10	25.60	Inf	Cys	104.3	high confidence set
Spov3_chr2	413	3129543	3129472	Cys	GCA	0	0	81.7	56.10	25.60	Inf	Cys	104.3	high confidence set
Spov3_chr2	414	3101428	3101346	Leu	TAA	0	0	77.8	41.30	36.50	Inf	Leu	103.3	high confidence set
Spov3_chr2	415	3093160	3093089	Cys	GCA	0	0	81.7	56.10	25.60	Inf	Cys	104.3	high confidence set
Spov3_chr2	416	2321814	2321743	Trp	CCA	0	0	66.9	49.50	17.40	Inf	Trp	99.8	high confidence set
Spov3_chr2	417	2315218	2315147	Trp	CCA	0	0	75.1	50.10	25.00	Inf	Trp	105.0	high confidence set
Spov3_chr2	418	2302711	2302640	Trp	CCA	0	0	75.1	50.10	25.00	Inf	Trp	105.0	high confidence set
Spov3_chr2	420	1989690	1989618	Ala	AGC	0	0	63.4	38.20	25.20	Inf	Ala	98.3	high confidence set
Spov3_chr2	421	1986570	1986498	Ala	AGC	0	0	58.0	36.60	21.40	Inf	Ala	92.4	high confidence set
Spov3_chr2	422	1976373	1976301	Ala	AGC	0	0	63.4	38.20	25.20	Inf	Ala	98.3	high confidence set
Spov3_chr2	423	1671374	1671303	Gly	TCC	0	0	74.1	46.70	27.40	Inf	Gly	84.2	high confidence set
Spov3_chr2	424	1670719	1670648	Gly	TCC	0	0	74.1	46.70	27.40	Inf	Gly	84.2	high confidence set
Spov3_chr2	426	835706	835635	Gly	TCC	0	0	74.1	46.70	27.40	Inf	Gly	84.2	high confidence set
Spov3_chr2	427	834328	834257	Gly	TCC	0	0	74.1	46.70	27.40	Inf	Gly	84.2	high confidence set
Spov3_chr2	428	692809	692722	Met	CAT	692771	692758	68.6	45.10	23.50	Inf	Met	104.3	high confidence set
Spov3_chr3	12	5254913	5254987	Asp	GTC	0	0	52.4	33.30	19.10	Inf	Asp	74.8	high confidence set
Spov3_chr3	29	25305041	25305111	Gly	GCC	0	0	66.5	44.80	21.70	Inf	Gly	94.4	high confidence set
Spov3_chr3	30	25404286	25404356	Gly	GCC	0	0	66.5	44.80	21.70	Inf	Gly	94.4	high confidence set
Spov3_chr3	33	28377671	28377743	Glu	CTC	0	0	78.9	53.10	25.80	Inf	Glu	94.8	high confidence set
Spov3_chr3	34	28382455	28382537	Leu	TAA	0	0	74.2	36.50	37.70	Inf	Leu	99.9	high confidence set
Spov3_chr3	35	29987923	29987994	Glu	TTC	0	0	72.0	47.50	24.50	Inf	Glu	101.6	high confidence set
Spov3_chr3	37	30448155	30448226	Thr	CGT	0	0	82.0	54.40	27.60	Inf	Thr	88.7	high confidence set
Spov3_chr3	39	30907063	30907134	His	GTG	0	0	63.0	33.70	29.30	Inf	His	86.8	high confidence set
Spov3_chr3	40	30907217	30907288	His	GTG	0	0	63.0	33.70	29.30	Inf	His	86.8	high confidence set
Spov3_chr3	43	34922245	34922329	Met	CAT	34922283	34922293	64.3	40.80	23.50	Inf	Met	104.0	high confidence set
Spov3_chr3	46	36254533	36254605	Arg	ACG	0	0	72.9	50.30	22.60	Inf	Arg	88.9	high confidence set
Spov3_chr3	82	66433517	66433598	Ser	AGA	0	0	79.4	43.10	36.30	Inf	Ser	115.0	high confidence set
Spov3_chr3	91	77045369	77045440	His	GTG	0	0	63.0	33.70	29.30	Inf	His	86.8	high confidence set
Spov3_chr3	99	85286026	85286097	Pro	AGG	0	0	67.4	34.70	32.70	Inf	Pro	112.3	high confidence set
Spov3_chr3	103	88748536	88748609	Arg	TCG	0	0	81.9	60.40	21.50	Inf	Arg	92.9	high confidence set
Spov3_chr3	153	121689440	121689511	Lys	TTT	0	0	92.3	68.60	23.70	Inf	Lys	97.5	high confidence set
Spov3_chr3	170	129706945	129707015	Gly	GCC	0	0	66.5	44.80	21.70	Inf	Gly	94.4	high confidence set
Spov3_chr3	171	131197605	131197676	Gln	CTG	0	0	72.1	47.60	24.50	Inf	Gln	100.7	high confidence set
Spov3_chr3	177	132005834	132005915	Ser	AGA	0	0	79.4	43.10	36.30	Inf	Ser	115.0	high confidence set
Spov3_chr3	183	134397962	134398033	Gln	CTG	0	0	74.0	49.50	24.50	Inf	Gln	100.1	high confidence set
Spov3_chr3	189	140701570	140701643	Ile	AAT	0	0	85.3	57.90	27.40	Inf	Ile	112.3	high confidence set
Spov3_chr3	190	140756628	140756699	Cys	GCA	0	0	82.1	59.90	22.20	Inf	Cys	106.6	high confidence set
Spov3_chr3	191	140756787	140756858	Cys	GCA	0	0	82.1	59.90	22.20	Inf	Cys	106.6	high confidence set
Spov3_chr3	192	140756959	140757030	Cys	GCA	0	0	82.1	59.90	22.20	Inf	Cys	106.6	high confidence set
Spov3_chr3	193	141140972	141141044	Lys	CTT	0	0	87.7	67.60	20.10	Inf	Lys	106.7	high confidence set
Spov3_chr3	194	142086762	142086834	Ala	TGC	0	0	70.0	45.30	24.70	Inf	Ala	100.6	high confidence set
Spov3_chr3	195	142214838	142214909	Ala	TGC	0	0	58.4	38.60	19.80	Inf	Ala	89.3	high confidence set
Spov3_chr3	196	142228266	142228338	Ala	TGC	0	0	70.0	45.30	24.70	Inf	Ala	100.6	high confidence set
Spov3_chr3	197	142233108	142233180	Ala	TGC	0	0	70.0	45.30	24.70	Inf	Ala	100.6	high confidence set
Spov3_chr3	198	142723962	142724045	Leu	CAA	0	0	76.2	55.60	20.60	Inf	Leu	115.1	high confidence set
Spov3_chr3	199	142724943	142725026	Leu	CAA	0	0	80.9	57.40	23.50	Inf	Leu	123.5	high confidence set
Spov3_chr3	200	143179466	143179537	Cys	GCA	0	0	82.1	59.90	22.20	Inf	Cys	106.6	high confidence set
Spov3_chr3	201	143192356	143192426	Gly	GCC	0	0	66.5	44.80	21.70	Inf	Gly	94.4	high confidence set
Spov3_chr3	202	143212039	143212109	Gly	GCC	0	0	66.5	44.80	21.70	Inf	Gly	94.4	high confidence set
Spov3_chr3	209	144474230	144474311	Ser	GCT	0	0	72.2	42.70	29.50	Inf	Ser	101.7	high confidence set
Spov3_chr3	210	144484508	144484589	Ser	GCT	0	0	80.5	45.20	35.30	Inf	Ser	109.5	high confidence set
Spov3_chr3	211	145725409	145725488	Leu	TAG	0	0	69.5	48.50	21.00	Inf	Leu	111.5	high confidence set
Spov3_chr3	213	145889253	145889324	Glu	TTC	0	0	71.2	46.50	24.70	Inf	Glu	101.9	high confidence set
Spov3_chr3	214	146279647	146279717	Gly	CCC	0	0	66.0	29.20	36.80	Inf	Gly	87.4	high confidence set
Spov3_chr3	216	146290253	146290336	Tyr	GTA	0	0	55.6	30.40	25.20	Inf	Tyr	72.5	high confidence set
Spov3_chr3	217	146506911	146506981	Gly	GCC	0	0	66.5	44.80	21.70	Inf	Gly	94.4	high confidence set
Spov3_chr3	219	147132939	147133011	Arg	ACG	0	0	72.9	50.30	22.60	Inf	Arg	91.8	high confidence set
Spov3_chr3	220	147163438	147163511	Val	AAC	0	0	75.2	45.70	29.50	Inf	Val	103.0	high confidence set
Spov3_chr3	221	147191785	147191858	Thr	AGT	0	0	76.0	48.40	27.60	Inf	Thr	90.6	high confidence set
Spov3_chr3	224	147842541	147842614	Thr	AGT	0	0	76.0	48.40	27.60	Inf	Thr	90.6	high confidence set
Spov3_chr3	225	147962735	147962806	iMet	CAT	0	0	58.3	28.10	30.20	Inf	iMet	118.7	high confidence set
Spov3_chr3	226	148655549	148655621	Ala	CGC	0	0	68.3	43.90	24.40	Inf	Ala	97.7	high confidence set
Spov3_chr3	227	149173696	149173769	Ile	AAT	0	0	82.4	55.90	26.50	Inf	Ile	106.7	high confidence set
Spov3_chr3	228	149206767	149206838	Trp	CCA	0	0	75.1	50.10	25.00	Inf	Trp	105.0	high confidence set
Spov3_chr3	229	149207561	149207647	Tyr	GTA	149207598	149207611	69.7	38.00	31.70	Inf	Tyr	105.2	high confidence set
Spov3_chr3	230	149674239	149674320	Ser	TGA	0	0	80.7	46.10	34.60	Inf	Ser	119.7	high confidence set
Spov3_chr3	231	149037498	149037428	Gly	GCC	0	0	66.5	44.80	21.70	Inf	Gly	94.4	high confidence set
Spov3_chr3	232	149036196	149036126	Gly	GCC	0	0	66.5	44.80	21.70	Inf	Gly	94.4	high confidence set
Spov3_chr3	233	148775224	148775153	Glu	TTC	0	0	68.7	44.30	24.40	Inf	Glu	98.9	high confidence set
Spov3_chr3	235	147891876	147891803	Val	AAC	0	0	75.2	45.70	29.50	Inf	Val	103.0	high confidence set
Spov3_chr3	236	147842447	147842374	Thr	AGT	0	0	76.0	48.40	27.60	Inf	Thr	90.6	high confidence set
Spov3_chr3	238	147258287	147258215	Ala	TGC	0	0	70.0	45.30	24.70	Inf	Ala	100.6	high confidence set
Spov3_chr3	241	145491397	145491326	Lys	TTT	0	0	82.9	68.40	14.50	Inf	Lys	89.9	high confidence set
Spov3_chr3	243	144723595	144723509	Met	CAT	144723557	144723545	64.2	40.70	23.50	Inf	Met	104.0	high confidence set
Spov3_chr3	246	143428317	143428247	Gly	GCC	0	0	66.5	44.80	21.70	Inf	Gly	94.4	high confidence set
Spov3_chr3	247	143427297	143427227	Gly	GCC	0	0	66.5	44.80	21.70	Inf	Gly	94.4	high confidence set
Spov3_chr3	248	143425821	143425751	Gly	GCC	0	0	66.5	44.80	21.70	Inf	Gly	94.4	high confidence set
Spov3_chr3	249	143420404	143420334	Gly	GCC	0	0	60.1	40.50	19.60	Inf	Gly	85.7	high confidence set
Spov3_chr3	250	143187646	143187576	Gly	GCC	0	0	66.5	44.80	21.70	Inf	Gly	94.4	high confidence set
Spov3_chr3	253	142174147	142174075	Ala	TGC	0	0	64.5	46.60	17.90	Inf	Ala	96.4	high confidence set
Spov3_chr3	254	142117066	142116994	Ala	TGC	0	0	70.0	45.30	24.70	Inf	Ala	100.6	high confidence set
Spov3_chr3	255	142094069	142093999	Ala	TGC	0	0	59.2	43.00	16.20	Inf	Ala	82.7	high confidence set
Spov3_chr3	257	140696779	140696683	Tyr	GTA	140696742	140696719	69.3	37.60	31.70	Inf	Tyr	105.2	high confidence set
Spov3_chr3	260	139583009	139582926	Leu	CAA	0	0	81.1	56.00	25.10	Inf	Leu	127.4	high confidence set
Spov3_chr3	263	139128937	139128866	Gln	TTG	0	0	73.5	53.70	19.80	Inf	Gln	104.8	high confidence set
Spov3_chr3	264	138909905	138909834	iMet	CAT	0	0	58.3	28.10	30.20	Inf	iMet	118.7	high confidence set
Spov3_chr3	268	137356476	137356404	Arg	CCT	0	0	68.3	48.80	19.50	Inf	Arg	79.0	high confidence set
Spov3_chr3	269	137171274	137171203	Thr	CGT	0	0	81.8	54.10	27.70	Inf	Thr	89.5	high confidence set
Spov3_chr3	273	134149072	134149002	Gly	GCC	0	0	66.5	44.80	21.70	Inf	Gly	94.4	high confidence set
Spov3_chr3	277	133758307	133758236	Thr	TGT	0	0	84.3	58.00	26.30	Inf	Thr	93.3	high confidence set
Spov3_chr3	314	114316209	114316138	Pro	AGG	0	0	67.4	34.70	32.70	Inf	Pro	112.3	high confidence set
Spov3_chr3	315	114106166	114106095	Asp	GTC	0	0	69.8	46.80	23.00	Inf	Asp	94.5	high confidence set
Spov3_chr3	335	100222990	100222911	Leu	TAG	0	0	70.9	50.70	20.20	Inf	Leu	109.5	high confidence set
Spov3_chr3	362	77569472	77569391	Ser	GCT	0	0	80.5	45.20	35.30	Inf	Ser	109.5	high confidence set
Spov3_chr3	383	50648931	50648859	Ala	CGC	0	0	68.3	44.10	24.20	Inf	Ala	99.2	high confidence set
Spov3_chr3	386	48021063	48020992	Glu	TTC	0	0	68.7	44.30	24.40	Inf	Glu	98.9	high confidence set
Spov3_chr3	387	46893623	46893550	Ile	AAT	0	0	86.3	59.60	26.70	Inf	Ile	109.2	high confidence set
Spov3_chr3	391	43426055	43425982	Ile	TAT	0	0	79.8	61.20	18.60	Inf	Ile	94.8	high confidence set
Spov3_chr3	409	31698182	31698109	Ile	TAT	0	0	81.1	62.80	18.30	Inf	Ile	98.7	high confidence set
Spov3_chr3	411	30375408	30375336	Lys	CTT	0	0	87.7	67.60	20.10	Inf	Lys	106.7	high confidence set
Spov3_chr3	417	28328961	28328889	Glu	CTC	0	0	78.9	53.10	25.80	Inf	Glu	94.8	high confidence set
Spov3_chr3	418	28238224	28238152	Phe	GAA	0	0	78.3	58.40	19.90	Inf	Phe	113.2	high confidence set
Spov3_chr3	419	28236639	28236567	Phe	GAA	0	0	78.3	58.40	19.90	Inf	Phe	113.2	high confidence set
Spov3_chr3	420	27834620	27834548	Ala	TGC	0	0	70.0	45.30	24.70	Inf	Ala	100.6	high confidence set
Spov3_chr3	421	27766036	27765964	Ala	TGC	0	0	66.2	44.60	21.60	Inf	Ala	98.7	high confidence set
Spov3_chr3	422	27263046	27262974	Glu	CTC	0	0	78.9	53.10	25.80	Inf	Glu	94.8	high confidence set
Spov3_chr3	439	11739067	11738988	Leu	TAG	0	0	70.9	50.70	20.20	Inf	Leu	109.5	high confidence set
Spov3_chr4	11	10588396	10588466	Gly	GCC	0	0	64.0	42.20	21.80	Inf	Gly	91.7	high confidence set
Spov3_chr4	15	14075144	14075217	Ile	TAT	0	0	79.2	63.60	15.60	Inf	Ile	99.5	high confidence set
Spov3_chr4	18	16851275	16851346	Asp	GTC	0	0	69.8	46.80	23.00	Inf	Asp	94.5	high confidence set
Spov3_chr4	19	17131581	17131651	Gly	GCC	0	0	57.6	35.80	21.80	Inf	Gly	84.1	high confidence set
Spov3_chr4	29	23876347	23876420	Ile	AAT	0	0	85.3	57.90	27.40	Inf	Ile	112.3	high confidence set
Spov3_chr4	30	24114757	24114828	Gly	TCC	0	0	74.1	46.70	27.40	Inf	Gly	84.2	high confidence set
Spov3_chr4	31	24118421	24118492	Gly	TCC	0	0	74.1	46.70	27.40	Inf	Gly	84.2	high confidence set
Spov3_chr4	75	55558461	55558534	Val	CAC	0	0	81.5	53.50	28.00	Inf	Val	103.7	high confidence set
Spov3_chr4	87	62982560	62982632	Thr	TGT	0	0	68.5	49.60	18.90	Inf	Thr	79.4	high confidence set
Spov3_chr4	92	65884918	65884989	Lys	TTT	0	0	82.9	68.40	14.50	Inf	Lys	89.9	high confidence set
Spov3_chr4	95	67122811	67122882	Lys	TTT	0	0	82.9	68.40	14.50	Inf	Lys	89.9	high confidence set
Spov3_chr4	97	68832188	68832259	Lys	TTT	0	0	82.9	68.40	14.50	Inf	Lys	89.9	high confidence set
Spov3_chr4	114	77611960	77612031	Gly	TCC	0	0	74.1	46.70	27.40	Inf	Gly	84.2	high confidence set
Spov3_chr4	115	77624511	77624582	Gly	TCC	0	0	65.8	41.40	24.40	Inf	Gly	80.3	high confidence set
Spov3_chr4	116	77640605	77640676	Gly	TCC	0	0	74.1	46.70	27.40	Inf	Gly	84.2	high confidence set
Spov3_chr4	117	77657301	77657372	Gly	TCC	0	0	74.1	46.70	27.40	Inf	Gly	84.2	high confidence set
Spov3_chr4	126	86671123	86671205	Leu	TAA	0	0	73.6	34.50	39.10	Inf	Leu	101.1	high confidence set
Spov3_chr4	127	87364699	87364770	Cys	GCA	0	0	82.1	59.90	22.20	Inf	Cys	106.6	high confidence set
Spov3_chr4	129	87703056	87703127	His	GTG	0	0	55.5	34.00	21.50	Inf	His	76.7	high confidence set
Spov3_chr4	130	87703668	87703740	Arg	CCG	0	0	81.0	60.80	20.20	Inf	Arg	83.5	high confidence set
Spov3_chr4	131	88949399	88949470	Gln	CTG	0	0	76.0	49.00	27.00	Inf	Gln	99.5	high confidence set
Spov3_chr4	138	94097422	94097495	Val	CAC	0	0	82.6	54.80	27.80	Inf	Val	106.4	high confidence set
Spov3_chr4	140	94967208	94967279	Lys	TTT	0	0	82.9	68.40	14.50	Inf	Lys	89.9	high confidence set
Spov3_chr4	142	96761714	96761787	Asn	GTT	0	0	83.3	58.10	25.20	Inf	Asn	93.9	high confidence set
Spov3_chr4	143	99160785	99160858	Asn	GTT	0	0	83.3	58.10	25.20	Inf	Asn	93.9	high confidence set
Spov3_chr4	144	99449164	99449236	Lys	CTT	0	0	87.7	67.60	20.10	Inf	Lys	106.7	high confidence set
Spov3_chr4	146	99647468	99647539	Lys	TTT	0	0	82.9	68.40	14.50	Inf	Lys	89.9	high confidence set
Spov3_chr4	147	99650225	99650296	Lys	TTT	0	0	82.9	68.40	14.50	Inf	Lys	89.9	high confidence set
Spov3_chr4	148	99650368	99650439	Lys	TTT	0	0	82.9	68.40	14.50	Inf	Lys	89.9	high confidence set
Spov3_chr4	151	100645759	100645831	Met	CAT	0	0	65.1	42.90	22.20	Inf	Tyr	71.2	IPD:-30.40,isotype mismatch
Spov3_chr4	152	100653019	100653090	Pro	AGG	0	0	67.4	34.70	32.70	Inf	Pro	112.3	high confidence set
Spov3_chr4	153	100832221	100832302	Ser	AGA	0	0	78.8	42.10	36.70	Inf	Ser	112.2	high confidence set
Spov3_chr4	154	101470512	101470584	Glu	CTC	0	0	78.9	53.10	25.80	Inf	Glu	94.8	high confidence set
Spov3_chr4	158	103234314	103234395	Ser	AGA	0	0	79.4	43.10	36.30	Inf	Ser	115.0	high confidence set
Spov3_chr4	159	103939209	103939281	Arg	ACG	0	0	72.5	49.90	22.60	Inf	Arg	93.8	high confidence set
Spov3_chr4	160	103939938	103940010	Ala	TGC	0	0	70.0	45.30	24.70	Inf	Ala	100.6	high confidence set
Spov3_chr4	162	104891126	104891198	Lys	CTT	0	0	87.7	67.60	20.10	Inf	Lys	106.7	high confidence set
Spov3_chr4	163	105186789	105186860	Asp	GTC	0	0	69.8	46.80	23.00	Inf	Asp	94.5	high confidence set
Spov3_chr4	165	106330044	106330116	Phe	GAA	0	0	78.3	58.40	19.90	Inf	Phe	113.2	high confidence set
Spov3_chr4	166	107801737	107801809	Glu	CTC	0	0	78.9	53.10	25.80	Inf	Glu	94.8	high confidence set
Spov3_chr4	167	109489491	109489562	iMet	CAT	0	0	58.3	28.10	30.20	Inf	iMet	118.7	high confidence set
Spov3_chr4	168	111216688	111216771	Leu	CAA	0	0	81.1	56.00	25.10	Inf	Leu	127.4	high confidence set
Spov3_chr4	169	111232873	111232959	Met	CAT	111232911	111232923	64.2	40.70	23.50	Inf	Met	104.0	high confidence set
Spov3_chr4	174	115732304	115732385	Ser	TGA	0	0	82.9	48.20	34.70	Inf	Ser	121.4	high confidence set
Spov3_chr4	175	116244062	116244135	Val	CAC	0	0	81.5	53.50	28.00	Inf	Val	103.7	high confidence set
Spov3_chr4	176	116802174	116802246	Lys	CTT	0	0	87.7	67.60	20.10	Inf	Lys	106.7	high confidence set
Spov3_chr4	177	117002771	117002843	Arg	CCT	0	0	73.8	54.30	19.50	Inf	Arg	86.0	high confidence set
Spov3_chr4	178	117109474	117109557	Leu	CAA	0	0	80.6	58.00	22.60	Inf	Leu	123.5	high confidence set
Spov3_chr4	179	117184530	117184611	Ser	GCT	0	0	80.5	45.20	35.30	Inf	Ser	109.5	high confidence set
Spov3_chr4	182	118548698	118548771	Asn	GTT	0	0	83.3	58.10	25.20	Inf	Asn	93.9	high confidence set
Spov3_chr4	183	119235666	119235738	Arg	ACG	0	0	72.9	50.30	22.60	Inf	Arg	88.9	high confidence set
Spov3_chr4	184	119236230	119236302	Arg	ACG	0	0	64.0	41.40	22.60	Inf	Arg	76.4	high confidence set
Spov3_chr4	185	119236993	119237065	Arg	ACG	0	0	72.9	50.30	22.60	Inf	Arg	88.9	high confidence set
Spov3_chr4	186	119438968	119439039	Thr	TGT	0	0	83.0	56.70	26.30	Inf	Thr	92.9	high confidence set
Spov3_chr4	187	119520002	119520074	Arg	TCT	0	0	70.0	49.90	20.10	Inf	Arg	100.1	high confidence set
Spov3_chr4	188	121250341	121250422	Ser	GCT	0	0	80.5	45.20	35.30	Inf	Ser	109.5	high confidence set
Spov3_chr4	189	121250599	121250680	Ser	GCT	0	0	80.5	45.20	35.30	Inf	Ser	109.5	high confidence set
Spov3_chr4	192	120685233	120685153	Leu	AAG	0	0	71.4	54.60	16.80	Inf	Leu	109.7	high confidence set
Spov3_chr4	193	119478216	119478135	Ser	TGA	0	0	81.5	46.00	35.50	Inf	Ser	120.2	high confidence set
Spov3_chr4	194	119130333	119130251	Leu	TAA	0	0	77.8	41.30	36.50	Inf	Leu	103.3	high confidence set
Spov3_chr4	195	119129665	119129587	Phe	GAA	0	0	50.3	22.60	27.70	Inf	Leu	75.2	IPD:-82.30,trunc_start:4,isotype mismatch
Spov3_chr4	197	117534410	117534339	Gly	TCC	0	0	74.1	46.70	27.40	Inf	Gly	84.2	high confidence set
Spov3_chr4	198	114863377	114863306	Gln	CTG	0	0	73.7	48.90	24.80	Inf	Gln	101.0	high confidence set
Spov3_chr4	199	114584192	114584121	Thr	TGT	0	0	79.1	48.90	30.20	Inf	Thr	92.7	high confidence set
Spov3_chr4	201	113276257	113276178	Leu	TAG	0	0	64.4	48.30	16.10	Inf	Leu	99.9	high confidence set
Spov3_chr4	202	113276102	113276031	Pro	TGG	0	0	68.5	35.70	32.80	Inf	Pro	111.2	high confidence set
Spov3_chr4	203	111810695	111810614	Ser	AGA	0	0	78.7	42.50	36.20	Inf	Ser	114.6	high confidence set
Spov3_chr4	207	110571217	110571147	Gly	GCC	0	0	66.5	44.80	21.70	Inf	Gly	94.4	high confidence set
Spov3_chr4	208	110498624	110498552	Ala	TGC	0	0	70.0	45.30	24.70	Inf	Ala	100.6	high confidence set
Spov3_chr4	209	110494175	110494103	Ala	TGC	0	0	70.0	45.30	24.70	Inf	Ala	100.6	high confidence set
Spov3_chr4	210	110106018	110105947	Trp	CCA	0	0	75.8	51.20	24.60	Inf	Trp	105.6	high confidence set
Spov3_chr4	211	110105845	110105774	Asp	GTC	0	0	69.8	46.80	23.00	Inf	Asp	94.5	high confidence set
Spov3_chr4	212	110105687	110105616	Asp	GTC	0	0	69.8	46.80	23.00	Inf	Asp	94.5	high confidence set
Spov3_chr4	213	109594945	109594874	Thr	TGT	0	0	79.3	49.30	30.00	Inf	Thr	92.3	high confidence set
Spov3_chr4	216	107722589	107722516	Arg	TCG	0	0	81.9	60.40	21.50	Inf	Arg	92.9	high confidence set
Spov3_chr4	217	107300215	107300143	Glu	CTC	0	0	78.9	53.10	25.80	Inf	Glu	94.8	high confidence set
Spov3_chr4	218	107049367	107049296	His	GTG	0	0	63.0	33.70	29.30	Inf	His	91.2	high confidence set
Spov3_chr4	219	106811947	106811861	Met	CAT	106811909	106811897	64.2	40.70	23.50	Inf	Met	104.0	high confidence set
Spov3_chr4	220	106292549	106292476	Ile	AAT	0	0	85.3	57.90	27.40	Inf	Ile	112.3	high confidence set
Spov3_chr4	222	104489748	104489676	Lys	CTT	0	0	88.3	68.20	20.10	Inf	Lys	101.1	high confidence set
Spov3_chr4	224	104198486	104198414	Phe	GAA	0	0	78.3	58.40	19.90	Inf	Phe	113.2	high confidence set
Spov3_chr4	233	100832451	100832378	Asn	GTT	0	0	83.3	58.10	25.20	Inf	Asn	93.9	high confidence set
Spov3_chr4	239	98502771	98502699	Pro	AGG	0	0	60.0	26.80	33.20	Inf	Pro	99.8	high confidence set
Spov3_chr4	240	98501256	98501185	Pro	AGG	0	0	50.2	20.10	30.10	Inf	Pro	91.0	high confidence set
Spov3_chr4	244	95482653	95482580	Thr	AGT	0	0	76.0	48.40	27.60	Inf	Thr	90.6	high confidence set
Spov3_chr4	249	94033082	94033010	Lys	CTT	0	0	87.7	67.60	20.10	Inf	Lys	106.7	high confidence set
Spov3_chr4	250	94032877	94032805	Lys	CTT	0	0	85.2	65.10	20.10	Inf	Lys	101.9	high confidence set
Spov3_chr4	251	94032698	94032626	Lys	CTT	0	0	87.7	67.60	20.10	Inf	Lys	106.7	high confidence set
Spov3_chr4	252	94021094	94021022	Lys	CTT	0	0	87.7	67.60	20.10	Inf	Lys	106.7	high confidence set
Spov3_chr4	263	88425015	88424943	Arg	ACG	0	0	72.5	49.90	22.60	Inf	Arg	93.8	high confidence set
Spov3_chr4	264	87831732	87831661	Pro	AGG	0	0	67.4	34.70	32.70	Inf	Pro	112.3	high confidence set
Spov3_chr4	268	87066655	87066584	His	GTG	0	0	63.0	33.70	29.30	Inf	His	86.8	high confidence set
Spov3_chr4	269	86087315	86087244	Asp	GTC	0	0	66.3	47.20	19.10	Inf	Asp	88.6	high confidence set
Spov3_chr4	277	78314089	78314008	Ser	GCT	0	0	80.5	45.20	35.30	Inf	Ser	109.5	high confidence set
Spov3_chr4	289	72155777	72155704	Asn	GTT	0	0	83.3	58.10	25.20	Inf	Asn	93.9	high confidence set
Spov3_chr4	290	71671672	71671591	Ser	GCT	0	0	80.5	45.20	35.30	Inf	Ser	109.5	high confidence set
Spov3_chr4	296	66867372	66867301	Pro	AGG	0	0	67.4	34.70	32.70	Inf	Pro	112.3	high confidence set
Spov3_chr4	342	33005809	33005737	Lys	CTT	0	0	79.9	64.30	15.60	Inf	Lys	102.2	high confidence set
Spov3_chr4	343	32949928	32949858	Gly	CCC	0	0	66.0	29.20	36.80	Inf	Gly	87.4	high confidence set
Spov3_chr4	345	32574410	32574329	Ser	TGA	0	0	72.3	37.20	35.10	Inf	Ser	113.3	high confidence set
Spov3_chr4	346	32572258	32572177	Ser	TGA	0	0	81.8	46.70	35.10	Inf	Ser	123.0	high confidence set
Spov3_chr4	348	32244411	32244331	Leu	AAG	0	0	71.4	51.10	20.30	Inf	Leu	108.5	high confidence set
Spov3_chr4	349	32237044	32236964	Leu	AAG	0	0	71.4	51.10	20.30	Inf	Leu	108.5	high confidence set
Spov3_chr4	358	26028019	26027935	Tyr	GTA	26027982	26027971	69.8	38.00	31.80	Inf	Tyr	105.2	high confidence set
Spov3_chr4	359	24993790	24993717	Ile	AAT	0	0	85.3	57.90	27.40	Inf	Ile	112.3	high confidence set
Spov3_chr4	360	24547675	24547595	Leu	AAG	0	0	71.4	51.10	20.30	Inf	Leu	108.5	high confidence set
Spov3_chr4	361	24111832	24111760	Lys	CTT	0	0	87.7	67.60	20.10	Inf	Lys	106.7	high confidence set
Spov3_chr4	362	24111692	24111611	Ser	CGA	0	0	76.1	44.30	31.80	Inf	Ser	116.3	high confidence set
Spov3_chr4	375	16828552	16828481	Asn	GTT	0	0	81.8	56.80	25.00	Inf	Asn	82.9	high confidence set
Spov3_chr4	380	8562610	8562539	Trp	CCA	0	0	75.8	51.20	24.60	Inf	Trp	105.6	high confidence set
Spov3_chr4	389	594508	594435	Thr	AGT	0	0	76.0	48.40	27.60	Inf	Thr	90.6	high confidence set
Spov3_chr5	2	1632787	1632858	Gln	TTG	0	0	73.5	53.70	19.80	Inf	Gln	104.8	high confidence set
Spov3_chr5	3	1868814	1868887	Val	AAC	0	0	78.5	52.20	26.30	Inf	Val	104.9	high confidence set
Spov3_chr5	4	3152024	3152109	Tyr	GTA	3152061	3152073	69.7	38.00	31.70	Inf	Tyr	105.2	high confidence set
Spov3_chr5	5	3794130	3794202	Val	TAC	0	0	71.7	46.30	25.40	Inf	Val	100.8	high confidence set
Spov3_chr5	6	3794805	3794877	Val	TAC	0	0	71.7	46.30	25.40	Inf	Val	100.8	high confidence set
Spov3_chr5	7	4167761	4167844	Leu	CAA	0	0	71.0	53.30	17.70	Inf	Leu	110.7	high confidence set
Spov3_chr5	8	4364368	4364438	Gly	GCC	0	0	66.5	44.80	21.70	Inf	Gly	94.4	high confidence set
Spov3_chr5	11	6383272	6383343	Thr	TGT	0	0	79.3	49.30	30.00	Inf	Thr	92.3	high confidence set
Spov3_chr5	13	7057337	7057416	Leu	TAG	0	0	69.5	48.50	21.00	Inf	Leu	111.5	high confidence set
Spov3_chr5	14	7324268	7324338	Gly	CCC	0	0	66.0	29.20	36.80	Inf	Gly	87.4	high confidence set
Spov3_chr5	15	7383782	7383854	Ala	AGC	0	0	63.4	38.20	25.20	Inf	Ala	98.3	high confidence set
Spov3_chr5	16	7496545	7496626	Ser	AGA	0	0	79.4	43.10	36.30	Inf	Ser	115.0	high confidence set
Spov3_chr5	17	7576104	7576176	Ala	CGC	0	0	68.3	44.10	24.20	Inf	Ala	99.2	high confidence set
Spov3_chr5	18	7843231	7843303	Ala	AGC	0	0	63.4	38.20	25.20	Inf	Ala	98.3	high confidence set
Spov3_chr5	20	8306798	8306870	Ala	AGC	0	0	63.4	38.20	25.20	Inf	Ala	98.3	high confidence set
Spov3_chr5	23	9663746	9663817	iMet	CAT	0	0	58.3	28.10	30.20	Inf	iMet	118.7	high confidence set
Spov3_chr5	24	9995182	9995253	iMet	CAT	0	0	51.1	24.90	26.20	Inf	iMet	112.8	high confidence set
Spov3_chr5	25	10257324	10257395	Gly	TCC	0	0	74.1	46.70	27.40	Inf	Gly	84.2	high confidence set
Spov3_chr5	27	11212691	11212761	Gly	CCC	0	0	66.0	29.20	36.80	Inf	Gly	87.4	high confidence set
Spov3_chr5	28	11212765	11212836	Lys	TTT	0	0	82.9	68.40	14.50	Inf	Lys	89.9	high confidence set
Spov3_chr5	29	11274864	11274937	Val	CAC	0	0	81.5	53.50	28.00	Inf	Val	103.7	high confidence set
Spov3_chr5	30	12156970	12157050	Leu	AAG	0	0	74.0	52.20	21.80	Inf	Leu	110.4	high confidence set
Spov3_chr5	32	13258470	13258542	Lys	CTT	0	0	87.7	67.60	20.10	Inf	Lys	106.7	high confidence set
Spov3_chr5	33	13350219	13350292	Asn	GTT	0	0	83.3	58.10	25.20	Inf	Asn	93.9	high confidence set
Spov3_chr5	34	13350677	13350750	Asn	GTT	0	0	83.3	58.10	25.20	Inf	Asn	93.9	high confidence set
Spov3_chr5	35	13350900	13350973	Asn	GTT	0	0	83.3	58.10	25.20	Inf	Asn	93.9	high confidence set
Spov3_chr5	36	13374546	13374619	Asn	GTT	0	0	83.3	58.10	25.20	Inf	Asn	93.9	high confidence set
Spov3_chr5	39	17313388	17313468	Leu	CAG	0	0	68.4	45.70	22.70	Inf	Leu	107.6	high confidence set
Spov3_chr5	43	20582721	20582793	Glu	CTC	0	0	78.9	53.10	25.80	Inf	Glu	94.8	high confidence set
Spov3_chr5	58	30024223	30024294	Lys	TTT	0	0	82.9	68.40	14.50	Inf	Lys	89.9	high confidence set
Spov3_chr5	59	30024361	30024432	Lys	TTT	0	0	82.9	68.40	14.50	Inf	Lys	89.9	high confidence set
Spov3_chr5	60	30024499	30024570	Lys	TTT	0	0	75.2	60.90	14.30	Inf	Lys	77.5	high confidence set
Spov3_chr5	64	35447551	35447632	Ser	AGA	0	0	78.8	42.10	36.70	Inf	Ser	112.2	high confidence set
Spov3_chr5	68	37694420	37694493	Thr	AGT	0	0	76.0	48.40	27.60	Inf	Thr	90.6	high confidence set
Spov3_chr5	83	50120531	50120603	Arg	CCT	0	0	66.9	48.20	18.70	Inf	Arg	86.3	high confidence set
Spov3_chr5	105	64837724	64837810	Met	CAT	64837762	64837774	64.2	40.70	23.50	Inf	Met	104.0	high confidence set
Spov3_chr5	107	65433411	65433482	iMet	CAT	0	0	52.7	22.50	30.20	Inf	iMet	113.1	high confidence set
Spov3_chr5	117	70722620	70722694	Thr	AGT	0	0	68.1	46.30	21.80	Inf	Thr	84.0	high confidence set
Spov3_chr5	118	70752832	70752905	Thr	AGT	0	0	76.0	48.40	27.60	Inf	Thr	90.6	high confidence set
Spov3_chr5	119	70765077	70765150	Thr	AGT	0	0	76.0	48.40	27.60	Inf	Thr	90.6	high confidence set
Spov3_chr5	120	70804586	70804659	Thr	AGT	0	0	76.0	48.40	27.60	Inf	Thr	90.6	high confidence set
Spov3_chr5	134	78377888	78377961	Ile	AAT	0	0	85.3	58.70	26.60	Inf	Ile	109.0	high confidence set
Spov3_chr5	141	82921077	82921149	Thr	TGT	0	0	65.0	50.00	15.00	Inf	Thr	74.0	high confidence set
Spov3_chr5	142	82967061	82967132	Pro	TGG	0	0	69.6	37.70	31.90	Inf	Pro	111.0	high confidence set
Spov3_chr5	166	102611236	102611309	Val	AAC	0	0	75.2	45.70	29.50	Inf	Val	103.0	high confidence set
Spov3_chr5	233	70806618	70806531	Tyr	GTA	70806581	70806567	69.6	37.90	31.70	Inf	Tyr	105.2	high confidence set
Spov3_chr5	234	70806456	70806371	Tyr	GTA	70806419	70806407	69.7	38.00	31.70	Inf	Tyr	105.2	high confidence set
Spov3_chr5	236	70760038	70759965	Val	AAC	0	0	75.2	45.70	29.50	Inf	Val	103.0	high confidence set
Spov3_chr5	237	70758607	70758520	Tyr	GTA	70758570	70758556	73.4	41.90	31.50	Inf	Tyr	111.2	high confidence set
Spov3_chr5	238	70731686	70731599	Tyr	GTA	70731649	70731635	74.4	42.80	31.60	Inf	Tyr	110.5	high confidence set
Spov3_chr5	239	70731102	70731015	Tyr	GTA	70731065	70731051	74.4	42.80	31.60	Inf	Tyr	110.5	high confidence set
Spov3_chr5	241	70729295	70729208	Tyr	GTA	70729258	70729244	74.4	42.90	31.50	Inf	Tyr	111.8	high confidence set
Spov3_chr5	245	70724418	70724345	Val	CAC	0	0	75.2	45.70	29.50	Inf	Val	103.0	high confidence set
Spov3_chr5	246	70724270	70724197	Val	AAC	0	0	75.2	45.70	29.50	Inf	Val	103.0	high confidence set
Spov3_chr5	247	70724124	70724051	Val	AAC	0	0	75.2	45.70	29.50	Inf	Val	103.0	high confidence set
Spov3_chr5	248	70723123	70723050	Val	AAC	0	0	73.9	44.50	29.40	Inf	Val	101.0	high confidence set
Spov3_chr5	249	70722976	70722903	Val	AAC	0	0	75.2	45.70	29.50	Inf	Val	103.0	high confidence set
Spov3_chr5	250	70722829	70722756	Val	AAC	0	0	75.2	45.70	29.50	Inf	Val	103.0	high confidence set
Spov3_chr5	251	70717189	70717104	Tyr	GTA	70717152	70717140	69.7	38.00	31.70	Inf	Tyr	105.2	high confidence set
Spov3_chr5	252	70717021	70716935	Tyr	GTA	70716984	70716971	69.7	38.30	31.40	Inf	Tyr	105.2	high confidence set
Spov3_chr5	253	70063936	70063850	Met	CAT	70063898	70063886	64.2	40.70	23.50	Inf	Met	104.0	high confidence set
Spov3_chr5	254	69972995	69972924	Glu	TTC	0	0	55.1	37.70	17.40	Inf	Glu	87.1	high confidence set
Spov3_chr5	289	43577939	43577868	Gly	TCC	0	0	74.1	46.70	27.40	Inf	Gly	84.2	high confidence set
Spov3_chr5	291	43304544	43304472	Lys	CTT	0	0	87.7	67.60	20.10	Inf	Lys	106.7	high confidence set
Spov3_chr5	297	37694785	37694713	Phe	GAA	0	0	78.3	58.40	19.90	Inf	Phe	113.2	high confidence set
Spov3_chr5	300	35939769	35939697	Arg	CCT	0	0	73.8	54.30	19.50	Inf	Arg	86.0	high confidence set
Spov3_chr5	301	35939631	35939559	Arg	CCT	0	0	73.8	54.30	19.50	Inf	Arg	86.0	high confidence set
Spov3_chr5	320	21936172	21936100	Ala	TGC	0	0	70.0	45.30	24.70	Inf	Ala	100.6	high confidence set
Spov3_chr5	326	14372101	14372030	Gln	TTG	0	0	73.5	53.70	19.80	Inf	Gln	104.8	high confidence set
Spov3_chr5	331	11208255	11208185	Lys	TTT	0	0	71.0	57.20	13.80	Inf	Lys	79.0	high confidence set
Spov3_chr5	332	11148487	11148404	Leu	CAA	0	0	81.1	56.00	25.10	Inf	Leu	127.4	high confidence set
Spov3_chr5	333	10595761	10595688	Val	CAC	0	0	81.5	53.50	28.00	Inf	Val	103.7	high confidence set
Spov3_chr5	334	10545840	10545767	Val	CAC	0	0	81.5	53.50	28.00	Inf	Val	103.7	high confidence set
Spov3_chr5	335	10377259	10377187	Ala	AGC	0	0	63.4	38.20	25.20	Inf	Ala	98.3	high confidence set
Spov3_chr5	336	10328540	10328457	Leu	CAA	0	0	76.7	54.80	21.90	Inf	Leu	119.2	high confidence set
Spov3_chr5	340	8041441	8041369	Lys	CTT	0	0	87.7	67.60	20.10	Inf	Lys	106.7	high confidence set
Spov3_chr5	343	7788324	7788245	Leu	TAG	0	0	70.9	50.70	20.20	Inf	Leu	109.5	high confidence set
Spov3_chr5	344	7508660	7508589	Gln	CTG	0	0	71.6	41.40	30.20	Inf	Gln	101.8	high confidence set
Spov3_chr5	346	6801671	6801585	Tyr	GTA	6801634	6801621	69.7	38.00	31.70	Inf	Tyr	105.2	high confidence set
Spov3_chr5	347	6491519	6491447	Phe	GAA	0	0	78.3	58.40	19.90	Inf	Phe	113.2	high confidence set
Spov3_chr5	348	6489244	6489172	Phe	GAA	0	0	78.3	58.40	19.90	Inf	Phe	113.2	high confidence set
Spov3_chr5	350	3922803	3922731	Val	TAC	0	0	71.7	46.30	25.40	Inf	Val	100.8	high confidence set
Spov3_chr5	351	3790207	3790135	Val	TAC	0	0	70.6	46.80	23.80	Inf	Val	102.8	high confidence set
Spov3_chr5	352	3789389	3789317	Val	TAC	0	0	70.6	46.80	23.80	Inf	Val	102.8	high confidence set
Spov3_chr5	353	3485296	3485224	Lys	CTT	0	0	87.7	67.60	20.10	Inf	Lys	106.7	high confidence set
Spov3_chr5	354	1645527	1645456	Gln	TTG	0	0	73.5	53.70	19.80	Inf	Gln	104.8	high confidence set
Spov3_chr5	355	977653	977581	Arg	CCT	0	0	69.5	50.70	18.80	Inf	Thr	76.7	IPD:-1.30,isotype mismatch
Spov3_chr5	356	564488	564416	Arg	TCT	0	0	70.0	49.90	20.10	Inf	Arg	100.1	high confidence set
Spov3_chr6	2	468493	468565	Ala	TGC	0	0	70.0	45.30	24.70	Inf	Ala	100.6	high confidence set
Spov3_chr6	3	1145131	1145202	His	GTG	0	0	63.0	33.70	29.30	Inf	His	86.8	high confidence set
Spov3_chr6	5	1491171	1491242	Glu	TTC	0	0	68.7	44.30	24.40	Inf	Glu	98.9	high confidence set
Spov3_chr6	11	3392534	3392604	Gly	GCC	0	0	66.5	44.80	21.70	Inf	Gly	94.4	high confidence set
Spov3_chr6	15	4163517	4163589	Glu	CTC	0	0	78.9	53.10	25.80	Inf	Glu	94.8	high confidence set
Spov3_chr6	16	4164931	4165002	Pro	TGG	0	0	55.5	27.30	28.20	Inf	Pro	94.2	high confidence set
Spov3_chr6	17	4165267	4165338	Pro	AGG	0	0	67.4	34.70	32.70	Inf	Pro	112.3	high confidence set
Spov3_chr6	18	4165902	4165973	Pro	TGG	0	0	68.5	35.70	32.80	Inf	Pro	111.2	high confidence set
Spov3_chr6	19	4166272	4166343	Pro	CGG	0	0	63.1	30.80	32.30	Inf	Pro	94.8	high confidence set
Spov3_chr6	20	4166918	4166990	Pro	TGG	0	0	64.3	34.40	29.90	Inf	Pro	98.3	high confidence set
Spov3_chr6	21	4167249	4167320	Pro	TGG	0	0	68.5	35.70	32.80	Inf	Pro	111.2	high confidence set
Spov3_chr6	22	4167633	4167704	Pro	TGG	0	0	68.5	35.70	32.80	Inf	Pro	111.2	high confidence set
Spov3_chr6	23	4167952	4168023	Pro	TGG	0	0	62.7	30.00	32.70	Inf	Pro	96.6	high confidence set
Spov3_chr6	25	4169595	4169665	Pro	AGG	0	0	63.7	30.80	32.90	Inf	Pro	98.6	high confidence set
Spov3_chr6	26	4170227	4170298	Pro	TGG	0	0	60.5	35.10	25.40	Inf	Pro	105.7	high confidence set
Spov3_chr6	27	4170590	4170661	Pro	CGG	0	0	71.0	38.60	32.40	Inf	Pro	105.7	high confidence set
Spov3_chr6	28	4171279	4171350	Pro	TGG	0	0	68.5	35.70	32.80	Inf	Pro	111.2	high confidence set
Spov3_chr6	30	4172308	4172379	Pro	TGG	0	0	50.7	18.20	32.50	Inf	Pro	92.5	high confidence set
Spov3_chr6	31	4172641	4172712	Pro	TGG	0	0	68.5	35.70	32.80	Inf	Pro	111.2	high confidence set
Spov3_chr6	32	4173023	4173093	Undet	NNN	0	0	53.6	29.80	23.80	Inf	Pro	96.9	undetermined isotype
Spov3_chr6	33	4173344	4173415	Pro	TGG	0	0	62.9	30.20	32.70	Inf	Pro	105.1	high confidence set
Spov3_chr6	34	4177417	4177488	Pro	CGG	0	0	64.0	38.90	25.10	Inf	Pro	109.9	high confidence set
Spov3_chr6	35	4177574	4177645	Pro	AGG	0	0	67.4	34.70	32.70	Inf	Pro	112.3	high confidence set
Spov3_chr6	36	4178001	4178072	Pro	AGG	0	0	67.4	34.70	32.70	Inf	Pro	112.3	high confidence set
Spov3_chr6	37	4178499	4178570	Pro	TGG	0	0	68.5	35.70	32.80	Inf	Pro	111.2	high confidence set
Spov3_chr6	38	4186869	4186940	Pro	TGG	0	0	68.5	35.70	32.80	Inf	Pro	111.2	high confidence set
Spov3_chr6	39	4189887	4189958	Pro	TGG	0	0	68.5	35.70	32.80	Inf	Pro	111.2	high confidence set
Spov3_chr6	40	4190511	4190582	Pro	TGG	0	0	68.5	35.70	32.80	Inf	Pro	111.2	high confidence set
Spov3_chr6	41	4190672	4190743	Pro	CGG	0	0	71.0	38.60	32.40	Inf	Pro	105.7	high confidence set
Spov3_chr6	48	6771706	6771778	His	GTG	0	0	55.8	29.70	26.10	Inf	His	75.2	high confidence set
Spov3_chr6	49	6958991	6959062	Pro	TGG	0	0	72.7	43.20	29.50	Inf	Pro	112.2	high confidence set
Spov3_chr6	52	8427575	8427646	Asp	GTC	0	0	69.8	46.80	23.00	Inf	Asp	94.5	high confidence set
Spov3_chr6	58	9750677	9750749	Ala	AGC	0	0	63.4	38.20	25.20	Inf	Ala	98.3	high confidence set
Spov3_chr6	61	10926749	10926822	Ile	AAT	0	0	82.4	55.90	26.50	Inf	Ile	106.7	high confidence set
Spov3_chr6	66	13573590	13573663	Ile	AAT	0	0	82.4	55.90	26.50	Inf	Ile	106.7	high confidence set
Spov3_chr6	69	15253815	15253886	Gln	TTG	0	0	73.5	53.70	19.80	Inf	Gln	104.8	high confidence set
Spov3_chr6	75	17992717	17992789	Ala	AGC	0	0	63.4	38.20	25.20	Inf	Ala	98.3	high confidence set
Spov3_chr6	76	17997331	17997403	Ala	AGC	0	0	63.4	38.20	25.20	Inf	Ala	98.3	high confidence set
Spov3_chr6	77	18949455	18949535	Leu	AAG	0	0	71.4	51.10	20.30	Inf	Leu	108.5	high confidence set
Spov3_chr6	78	19156060	19156131	Gln	CTG	0	0	76.0	49.00	27.00	Inf	Gln	102.4	high confidence set
Spov3_chr6	79	19164924	19165004	Leu	AAG	0	0	71.4	51.10	20.30	Inf	Leu	108.5	high confidence set
Spov3_chr6	80	19167886	19167966	Leu	AAG	0	0	71.4	51.10	20.30	Inf	Leu	108.5	high confidence set
Spov3_chr6	81	19708210	19708282	Arg	CCT	0	0	74.8	55.90	18.90	Inf	Arg	87.5	high confidence set
Spov3_chr6	84	22841577	22841650	Ile	AAT	0	0	79.3	55.80	23.50	Inf	Ile	104.3	high confidence set
Spov3_chr6	85	22894700	22894771	Lys	TTT	0	0	82.9	68.40	14.50	Inf	Lys	89.9	high confidence set
Spov3_chr6	88	24018199	24018271	Glu	CTC	0	0	78.9	53.10	25.80	Inf	Glu	94.8	high confidence set
Spov3_chr6	92	26138867	26138938	Thr	TGT	0	0	79.3	49.30	30.00	Inf	Thr	92.3	high confidence set
Spov3_chr6	96	28811043	28811114	Glu	TTC	0	0	71.2	46.50	24.70	Inf	Glu	101.9	high confidence set
Spov3_chr6	130	44945873	44945945	Arg	CCT	0	0	60.3	47.10	13.20	Inf	Arg	70.3	high confidence set
Spov3_chr6	136	51228325	51228398	Arg	TCG	0	0	82.3	61.00	21.30	Inf	Arg	91.9	high confidence set
Spov3_chr6	137	52982561	52982633	Phe	GAA	0	0	78.3	58.40	19.90	Inf	Phe	113.2	high confidence set
Spov3_chr6	144	56215946	56216017	Gln	TTG	0	0	73.5	53.70	19.80	Inf	Gln	104.8	high confidence set
Spov3_chr6	148	60739916	60739989	Trp	CCA	0	0	69.6	40.40	29.20	Inf	Thr	71.4	IPD:-17.20,isotype mismatch
Spov3_chr6	152	60832895	60832968	Trp	CCA	0	0	69.6	40.40	29.20	Inf	Thr	71.4	IPD:-17.20,isotype mismatch
Spov3_chr6	158	65391914	65391987	Trp	CCA	0	0	69.6	40.40	29.20	Inf	Thr	71.4	IPD:-17.20,isotype mismatch
Spov3_chr6	172	76626519	76626604	Tyr	GTA	76626556	76626568	69.7	38.00	31.70	Inf	Tyr	105.2	high confidence set
Spov3_chr6	186	65516070	65515997	Trp	CCA	0	0	69.6	40.40	29.20	Inf	Thr	71.4	IPD:-17.20,isotype mismatch
Spov3_chr6	198	60781640	60781567	Phe	GAA	0	0	61.5	43.60	17.90	Inf	Tyr	71.1	IPD:-23.60,isotype mismatch
Spov3_chr6	199	60781490	60781416	Pro	TGG	0	0	63.6	33.60	30.00	Inf	Trp	73.3	IPD:-42.40,isotype mismatch
Spov3_chr6	205	56784249	56784176	Thr	AGT	0	0	74.7	46.20	28.50	Inf	Thr	89.4	high confidence set
Spov3_chr6	206	56399809	56399729	Leu	CAG	0	0	69.5	46.80	22.70	Inf	Leu	109.7	high confidence set
Spov3_chr6	213	52364452	52364381	Thr	CGT	0	0	82.0	54.40	27.60	Inf	Thr	88.7	high confidence set
Spov3_chr6	214	50379568	50379495	Arg	TCG	0	0	82.3	61.00	21.30	Inf	Arg	91.9	high confidence set
Spov3_chr6	215	49628822	49628750	Arg	CCT	0	0	74.8	55.90	18.90	Inf	Arg	87.5	high confidence set
Spov3_chr6	234	36602547	36602476	iMet	CAT	0	0	58.3	28.10	30.20	Inf	iMet	118.7	high confidence set
Spov3_chr6	235	34818064	34817984	Leu	CAG	0	0	67.2	44.50	22.70	Inf	Leu	103.7	high confidence set
Spov3_chr6	236	33619527	33619445	Leu	TAA	0	0	74.9	36.20	38.70	Inf	Leu	101.9	high confidence set
Spov3_chr6	252	28474448	28474376	Arg	TCT	0	0	71.0	51.40	19.60	Inf	Arg	93.8	high confidence set
Spov3_chr6	254	25310496	25310425	Glu	TTC	0	0	68.7	44.30	24.40	Inf	Glu	98.9	high confidence set
Spov3_chr6	262	21910236	21910155	Ser	GCT	0	0	80.5	45.20	35.30	Inf	Ser	109.5	high confidence set
Spov3_chr6	265	19216126	19216054	Arg	CCG	0	0	67.8	49.10	18.70	Inf	Arg	93.5	high confidence set
Spov3_chr6	266	18743611	18743540	Asp	GTC	0	0	69.8	46.80	23.00	Inf	Asp	94.5	high confidence set
Spov3_chr6	268	18678392	18678321	Cys	GCA	0	0	81.7	56.10	25.60	Inf	Cys	104.3	high confidence set
Spov3_chr6	269	18656376	18656306	Gly	GCC	0	0	66.5	44.80	21.70	Inf	Gly	94.4	high confidence set
Spov3_chr6	271	16160136	16160065	Asp	GTC	0	0	61.8	46.20	15.60	Inf	Asp	82.6	high confidence set
Spov3_chr6	272	16159875	16159804	Asp	GTC	0	0	69.8	46.80	23.00	Inf	Asp	94.5	high confidence set
Spov3_chr6	273	16159664	16159593	Asp	GTC	0	0	69.8	46.80	23.00	Inf	Asp	94.5	high confidence set
Spov3_chr6	279	14460405	14460334	iMet	CAT	0	0	58.3	28.10	30.20	Inf	iMet	118.7	high confidence set
Spov3_chr6	282	13345843	13345772	Asp	GTC	0	0	69.8	46.80	23.00	Inf	Asp	94.5	high confidence set
Spov3_chr6	283	12991368	12991297	Thr	CGT	0	0	78.9	54.70	24.20	Inf	Thr	87.3	high confidence set
Spov3_chr6	284	12991131	12991060	Thr	CGT	0	0	69.8	52.70	17.10	Inf	Thr	77.7	high confidence set
Spov3_chr6	285	12924449	12924377	Glu	CTC	0	0	80.2	54.30	25.90	Inf	Glu	92.2	high confidence set
Spov3_chr6	286	12880314	12880242	Lys	CTT	0	0	87.7	67.60	20.10	Inf	Lys	106.7	high confidence set
Spov3_chr6	287	12864332	12864260	Lys	CTT	0	0	87.7	67.60	20.10	Inf	Lys	106.7	high confidence set
Spov3_chr6	289	10522307	10522236	Glu	TTC	0	0	68.7	44.30	24.40	Inf	Glu	98.9	high confidence set
Spov3_chr6	290	10490211	10490131	Leu	CAG	0	0	71.1	49.30	21.80	Inf	Leu	110.2	high confidence set
Spov3_chr6	293	9717477	9717406	His	GTG	0	0	63.0	33.70	29.30	Inf	His	86.8	high confidence set
Spov3_chr6	299	7699261	7699176	Met	CAT	7699223	7699212	64.2	40.80	23.40	Inf	Met	104.0	high confidence set
Spov3_chr6	300	7174017	7173938	Leu	TAG	0	0	69.5	48.50	21.00	Inf	Leu	111.5	high confidence set
Spov3_chr6	301	6767384	6767303	Ser	AGA	0	0	78.8	42.10	36.70	Inf	Ser	112.2	high confidence set
Spov3_chr6	302	6482584	6482512	Arg	TCT	0	0	70.0	49.90	20.10	Inf	Arg	100.1	high confidence set
Spov3_chr6	303	6480975	6480903	Arg	TCT	0	0	70.0	49.90	20.10	Inf	Arg	100.1	high confidence set
Spov3_chr6	305	6047814	6047742	Arg	TCT	0	0	70.0	49.90	20.10	Inf	Arg	100.1	high confidence set
Spov3_chr6	306	6036228	6036156	Arg	TCT	0	0	70.0	49.90	20.10	Inf	Arg	100.1	high confidence set
Spov3_chr6	307	5599749	5599668	Ser	GCT	0	0	80.5	45.20	35.30	Inf	Ser	109.5	high confidence set
Spov3_chr6	308	5598250	5598169	Ser	GCT	0	0	80.5	45.20	35.30	Inf	Ser	109.5	high confidence set
Spov3_chr6	309	5587862	5587781	Ser	GCT	0	0	80.5	45.20	35.30	Inf	Ser	109.5	high confidence set
Spov3_chr6	311	5448187	5448115	Lys	TTT	0	0	86.2	61.90	24.30	Inf	Lys	94.2	high confidence set
Spov3_chr6	312	5357208	5357137	Pro	AGG	0	0	67.4	34.70	32.70	Inf	Pro	112.3	high confidence set
Spov3_chr6	313	5357055	5356984	Pro	TGG	0	0	68.5	35.70	32.80	Inf	Pro	111.2	high confidence set
Spov3_chr6	318	3391701	3391629	Glu	CTC	0	0	78.9	53.10	25.80	Inf	Glu	94.8	high confidence set
Spov3_chr6	319	2983475	2983405	Gly	GCC	0	0	66.5	44.80	21.70	Inf	Gly	94.4	high confidence set
Spov3_chr6	320	2431761	2431691	Gly	GCC	0	0	66.5	44.80	21.70	Inf	Gly	94.4	high confidence set
Spov3_chr6	323	2231780	2231708	Phe	GAA	0	0	78.3	58.40	19.90	Inf	Phe	113.2	high confidence set
Spov3_chr6	324	1833982	1833909	Thr	AGT	0	0	76.0	48.40	27.60	Inf	Thr	90.6	high confidence set
Spov3_chr6	325	980115	980044	Lys	TTT	0	0	82.9	68.40	14.50	Inf	Lys	89.9	high confidence set
Spov3_chr6	326	979364	979294	Gly	CCC	0	0	66.0	29.20	36.80	Inf	Gly	87.4	high confidence set
Spov3_chr6	327	979289	979218	Lys	TTT	0	0	82.9	68.40	14.50	Inf	Lys	89.9	high confidence set
Spov3_chr6	328	841035	840962	Asn	GTT	0	0	83.3	58.10	25.20	Inf	Asn	93.9	high confidence set
Spov3_chr6	329	555062	554990	Phe	GAA	0	0	78.3	58.40	19.90	Inf	Phe	113.2	high confidence set
Spov3_chr6	330	553061	552989	Phe	GAA	0	0	78.3	58.40	19.90	Inf	Phe	113.2	high confidence set
Spov3_chr6	331	552901	552829	Phe	GAA	0	0	78.3	58.40	19.90	Inf	Phe	113.2	high confidence set
Spov3_chr6	332	456430	456358	Phe	GAA	0	0	78.3	58.40	19.90	Inf	Phe	113.2	high confidence set
Spov3_S07	4	1676097	1676025	Arg	CCT	0	0	74.8	55.90	18.90	Inf	Arg	87.5	high confidence set
Spov3_S19	1	38149	38078	Glu	TTC	0	0	68.7	44.30	24.40	Inf	Glu	98.9	high confidence set
Spov3_C0002	1	35289	35361	Arg	ACG	0	0	73.2	50.90	22.30	Inf	Arg	94.3	high confidence set
Spov3_C0003	5	895283	895212	Asp	GTC	0	0	68.8	45.80	23.00	Inf	Asp	95.0	high confidence set
Spov3_C0003	7	807718	807647	Asp	GTC	0	0	69.8	46.80	23.00	Inf	Asp	94.5	high confidence set
Spov3_C0003	9	728786	728715	Asp	GTC	0	0	60.5	47.30	13.20	Inf	Asp	87.1	high confidence set
Spov3_C0003	10	362918	362847	Asp	GTC	0	0	69.8	46.80	23.00	Inf	Asp	94.5	high confidence set
Spov3_C0003	11	162099	162028	Asp	GTC	0	0	69.8	46.80	23.00	Inf	Asp	94.5	high confidence set
Spov3_C0004	12	3442238	3442166	Ala	AGC	0	0	63.4	38.20	25.20	Inf	Ala	98.3	high confidence set
Spov3_C0007	3	2244346	2244274	Ala	AGC	0	0	63.4	38.20	25.20	Inf	Ala	98.3	high confidence set
Spov3_C0008	4	2090413	2090485	Arg	ACG	0	0	71.9	49.40	22.50	Inf	Arg	90.6	high confidence set
Spov3_C0008	9	1797517	1797445	Glu	CTC	0	0	71.2	45.40	25.80	Inf	Glu	89.0	high confidence set
Spov3_C0009	1	2198650	2198720	Gly	GCC	0	0	51.5	32.30	19.20	Inf	Gly	81.0	high confidence set
Spov3_C0010	2	1043619	1043691	Val	TAC	0	0	71.7	46.30	25.40	Inf	Val	100.8	high confidence set
Spov3_C0011	2	216462	216547	Leu	CAA	0	0	72.4	53.40	19.00	Inf	Leu	113.7	high confidence set
Spov3_C0011	3	401579	401651	Phe	GAA	0	0	78.3	58.40	19.90	Inf	Phe	113.2	high confidence set
Spov3_C0011	7	20323	20252	Asp	GTC	0	0	69.8	46.80	23.00	Inf	Asp	94.5	high confidence set
Spov3_C0011	8	17859	17788	Asp	GTC	0	0	69.8	46.80	23.00	Inf	Asp	94.5	high confidence set
Spov3_C0011	9	16647	16576	Asp	GTC	0	0	69.8	46.80	23.00	Inf	Asp	94.5	high confidence set
Spov3_C0012	3	830238	830311	Ile	AAT	0	0	82.1	55.40	26.70	Inf	Ile	103.8	high confidence set
Spov3_C0012	4	890600	890673	Ile	AAT	0	0	72.8	49.60	23.20	Inf	Ile	94.2	high confidence set
Spov3_C0021	1	191740	191813	Glu	CTC	0	0	78.5	53.60	24.90	Inf	Glu	92.8	high confidence set
Spov3_C0021	2	196994	197066	Glu	CTC	0	0	78.9	53.10	25.80	Inf	Glu	94.8	high confidence set
Spov3_C0023	2	956411	956483	Glu	CTC	0	0	69.6	43.70	25.90	Inf	Glu	90.8	high confidence set
Spov3_C0023	3	1011708	1011781	Ile	AAT	0	0	85.3	57.90	27.40	Inf	Ile	112.3	high confidence set
Spov3_C0030	1	22205	22285	Leu	AAG	0	0	71.4	51.10	20.30	Inf	Leu	108.5	high confidence set
Spov3_C0034	5	731704	731632	Arg	CCG	0	0	71.3	54.70	16.60	Inf	Arg	72.8	high confidence set
Spov3_C0035	2	722042	722125	Leu	CAA	0	0	81.1	56.00	25.10	Inf	Leu	127.4	high confidence set
Spov3_C0083	1	78729	78800	iMet	CAT	0	0	58.3	28.10	30.20	Inf	iMet	118.7	high confidence set
Spov3_C0083	2	225545	225474	Asp	GTC	0	0	64.4	51.00	13.40	Inf	Asp	81.9	high confidence set
Spov3_C0084	2	174106	174178	Arg	TCT	0	0	70.0	49.90	20.10	Inf	Arg	100.1	high confidence set
Spov3_C0087	4	173507	173436	Asn	GTT	0	0	77.9	55.60	22.30	Inf	Asn	78.1	high confidence set
Spov3_C0087	5	172997	172915	Tyr	GTA	0	0	66.6	45.60	21.00	Inf	Ser	71.5	IPD:-3.00,isotype mismatch
Spov3_C0087	10	38173	38101	Lys	TTT	0	0	80.3	61.50	18.80	Inf	Lys	78.3	high confidence set
Spov3_C0088	1	5817	5888	Cys	GCA	0	0	82.1	59.90	22.20	Inf	Cys	106.6	high confidence set
Spov3_C0088	2	10166	10237	Cys	GCA	0	0	82.1	59.90	22.20	Inf	Cys	106.6	high confidence set
Spov3_C0089	1	27185	27258	Asn	GTT	0	0	83.3	58.10	25.20	Inf	Asn	93.9	high confidence set
Spov3_C0091	1	6037	6109	Thr	TGT	0	0	68.5	49.60	18.90	Inf	Thr	79.4	high confidence set
Spov3_C0091	5	21949	22032	Tyr	GTA	0	0	55.6	30.40	25.20	Inf	Tyr	72.5	high confidence set
Spov3_C0091	7	44046	44133	Ser	GCT	0	0	61.7	39.10	22.60	Inf	Ser	75.2	high confidence set
Spov3_C0091	11	74207	74285	Arg	ACG	0	0	56.5	44.90	11.60	Inf	Ile	73.7	IPD:-23.30,isotype mismatch
Spov3_C0091	12	96317	96388	Asn	GTT	0	0	81.8	56.80	25.00	Inf	Asn	82.9	high confidence set
Spov3_C0091	17	156771	156843	Thr	TGT	0	0	68.5	49.60	18.90	Inf	Thr	79.4	high confidence set
Spov3_C0091	21	172683	172766	Tyr	GTA	0	0	55.6	30.40	25.20	Inf	Tyr	72.5	high confidence set
Spov3_C0091	24	172085	172014	Thr	GGT	0	0	61.3	29.30	32.00	Inf	Thr	75.5	unexpected anticodon
Spov3_C0091	26	158321	158235	Ser	GGA	0	0	61.8	32.30	29.50	Inf	Ser	81.4	unexpected anticodon
Spov3_C0091	30	97034	96956	Arg	ACG	0	0	56.5	44.90	11.60	Inf	Ile	73.7	IPD:-23.30,isotype mismatch
Spov3_C0091	32	74924	74853	Asn	GTT	0	0	81.8	56.80	25.00	Inf	Asn	82.9	high confidence set
Spov3_C0091	37	21351	21280	Thr	GGT	0	0	61.3	29.30	32.00	Inf	Thr	75.5	unexpected anticodon
Spov3_C0091	39	7587	7501	Ser	GGA	0	0	61.8	32.30	29.50	Inf	Ser	81.4	unexpected anticodon
Spov3_C0290	2	16180	16258	Arg	ACG	0	0	56.5	44.90	11.60	Inf	Ile	73.7	IPD:-23.30,isotype mismatch
Spov3_C0290	4	16894	16824	Asn	GTT	0	0	78.7	52.50	26.20	Inf	Asn	73.7	high confidence set
Spov3_C0297	3	26319	26397	Arg	ACG	0	0	56.5	44.90	11.60	Inf	Ile	73.7	IPD:-23.30,isotype mismatch
Spov3_C0297	5	27036	26965	Asn	GTT	0	0	81.8	56.80	25.00	Inf	Asn	82.9	high confidence set
Spov3_C0324	1	17699	17770	Asn	GTT	0	0	81.8	56.80	25.00	Inf	Asn	82.9	high confidence set
Spov3_C0324	4	18416	18338	Arg	ACG	0	0	56.5	44.90	11.60	Inf	Ile	73.7	IPD:-23.30,isotype mismatch
Spov3_C0414	1	3096	3167	Asn	GTT	0	0	81.8	56.80	25.00	Inf	Asn	82.9	high confidence set
Spov3_C0436	1	19066	19137	Asp	GTC	0	0	64.4	51.00	13.40	Inf	Asp	81.9	high confidence set
Spov3_C0526	1	2382	2454	Asn	GTT	0	0	73.7	55.30	18.40	Inf	Asn	70.4	high confidence set
Spov3_C0526	4	3098	3020	Arg	ACG	0	0	56.5	44.90	11.60	Inf	Ile	73.7	IPD:-23.30,isotype mismatch
Spov3_C0616	1	1605	1676	Cys	GCA	0	0	82.1	59.90	22.20	Inf	Cys	106.6	high confidence set
Spov3_C0616	2	5954	6025	Cys	GCA	0	0	82.1	59.90	22.20	Inf	Cys	106.6	high confidence set
Spov3_C0619	1	19607	19537	Glu	CTC	0	0	58.0	32.20	25.80	Inf	Glu	77.3	high confidence set
Spov3_C0631	1	1086	1157	Asn	GTT	0	0	81.8	56.80	25.00	Inf	Asn	82.9	high confidence set
Spov3_C0631	4	1802	1724	Arg	ACG	0	0	56.5	44.90	11.60	Inf	Ile	73.7	IPD:-23.30,isotype mismatch
Spov3_C0643	4	544	466	Arg	ACG	0	0	56.5	44.90	11.60	Inf	Ile	73.7	IPD:-23.30,isotype mismatch
Spov3_C0662	2	19699	19777	Arg	ACG	0	0	56.5	44.90	11.60	Inf	Ile	73.7	IPD:-23.30,isotype mismatch
Spov3_C0662	3	20416	20345	Asn	GTT	0	0	81.8	56.80	25.00	Inf	Asn	82.9	high confidence set
Spov3_C1110	1	10040	9967	Trp	CCA	0	0	69.6	40.40	29.20	Inf	Thr	71.4	IPD:-17.20,isotype mismatch
Spov3_C1329	2	10634	10712	Arg	ACG	0	0	56.5	44.90	11.60	Inf	Ile	73.7	IPD:-23.30,isotype mismatch
Spov3_C1329	3	11351	11280	Asn	GTT	0	0	81.8	56.80	25.00	Inf	Asn	82.9	high confidence set
