Sequence        		tRNA    	Bounds  	tRNA	Anti	Intron Bounds	Inf	HMM	2'Str	Hit	Isotype	Isotype	      
Name            	tRNA#	Begin   	End     	Type	Codon	Begin	End	Score	Score	Score	Origin	CM	Score	Note
--------        	------	-----   	------  	----	-----	-----	----	------	-----	-----	------	-------	-------	------
GWHAAYW00000001	1	1663357	1663430	Arg	TCG	0	0	82.0	60.20	21.80	Inf	Arg	90.2	high confidence set
GWHAAYW00000001	2	1835665	1835746	Ser	CGA	0	0	78.9	46.60	32.30	Inf	Ser	122.0	high confidence set
GWHAAYW00000001	3	2665240	2665311	His	GTG	0	0	63.3	34.30	29.00	Inf	His	91.7	high confidence set
GWHAAYW00000001	5	15683929	15684008	Leu	TAG	0	0	69.5	48.50	21.00	Inf	Leu	111.5	high confidence set
GWHAAYW00000001	6	16126442	16126513	Asp	GTC	0	0	69.8	46.80	23.00	Inf	Asp	95.8	high confidence set
GWHAAYW00000001	7	16159027	16159098	Asp	GTC	0	0	69.8	46.80	23.00	Inf	Asp	95.8	high confidence set
GWHAAYW00000001	8	19719096	19719166	Gly	GCC	0	0	66.5	44.80	21.70	Inf	Gly	94.4	high confidence set
GWHAAYW00000001	9	20136142	20136214	Arg	CCT	0	0	69.1	50.30	18.80	Inf	Arg	81.2	high confidence set
GWHAAYW00000001	10	21731166	21731237	Pro	CGG	0	0	69.6	37.70	31.90	Inf	Pro	108.3	high confidence set
GWHAAYW00000001	11	21788288	21788359	Gln	TTG	0	0	73.5	53.70	19.80	Inf	Gln	104.8	high confidence set
GWHAAYW00000001	12	31957143	31957223	Leu	AAG	0	0	74.0	52.20	21.80	Inf	Leu	110.4	high confidence set
GWHAAYW00000001	13	32698210	32698283	Ile	AAT	0	0	81.8	58.30	23.50	Inf	Ile	106.8	high confidence set
GWHAAYW00000001	14	32850600	32850670	Gly	GCC	0	0	66.5	44.80	21.70	Inf	Gly	94.4	high confidence set
GWHAAYW00000001	15	32850896	32850966	Gly	GCC	0	0	66.5	44.80	21.70	Inf	Gly	94.4	high confidence set
GWHAAYW00000001	16	32852079	32852149	Gly	GCC	0	0	66.5	44.80	21.70	Inf	Gly	94.4	high confidence set
GWHAAYW00000001	17	32902652	32902723	Asp	GTC	0	0	69.8	46.80	23.00	Inf	Asp	95.8	high confidence set
GWHAAYW00000001	18	35911864	35911937	Glu	TTC	0	0	63.6	40.40	23.20	Inf	Glu	93.9	high confidence set
GWHAAYW00000001	19	36306472	36306544	Phe	GAA	0	0	78.3	58.40	19.90	Inf	Phe	113.2	high confidence set
GWHAAYW00000001	20	39787759	39787829	Gly	GCC	0	0	66.5	44.80	21.70	Inf	Gly	94.4	high confidence set
GWHAAYW00000001	21	39788986	39789056	Gly	GCC	0	0	61.5	39.70	21.80	Inf	Gly	89.0	high confidence set
GWHAAYW00000001	22	39845811	39845884	Thr	AGT	0	0	77.5	49.10	28.40	Inf	Thr	91.2	high confidence set
GWHAAYW00000001	23	40133746	40133838	Tyr	GTA	40133783	40133802	74.2	42.70	31.50	Inf	Tyr	111.8	high confidence set
GWHAAYW00000001	24	41317806	41317878	Lys	CTT	0	0	86.8	66.60	20.20	Inf	Lys	107.7	high confidence set
GWHAAYW00000001	25	44068129	44068218	Ser	GCT	0	0	59.6	29.40	30.20	Inf	Ser	75.0	high confidence set
GWHAAYW00000001	28	44216855	44216927	Met	CAT	0	0	81.1	54.80	26.30	Inf	Cys	83.5	IPD:-32.60,isotype mismatch
GWHAAYW00000001	30	44341898	44341968	Ala	GGC	0	0	54.0	27.70	26.30	Inf	Ala	73.7	trunc_start:1,unexpected anticodon
GWHAAYW00000001	36	44339945	44339873	Lys	TTT	0	0	85.4	58.50	26.90	Inf	Tyr	94.8	IPD:-25.30,isotype mismatch
GWHAAYW00000001	37	44314239	44314167	Thr	TGT	0	0	69.5	48.50	21.00	Inf	Thr	79.0	high confidence set
GWHAAYW00000001	40	44313954	44313881	Thr	GGT	0	0	68.8	35.80	33.00	Inf	Thr	73.7	unexpected anticodon
GWHAAYW00000001	41	44283404	44283332	Phe	GAA	0	0	79.2	56.90	22.30	Inf	Tyr	79.7	IPD:-17.00,isotype mismatch
GWHAAYW00000001	44	44250376	44250304	His	GTG	0	0	76.7	51.40	25.30	Inf	Ala	74.8	IPD:-19.10,isotype mismatch
GWHAAYW00000001	46	44216705	44216633	Asn	GTT	0	0	80.0	52.90	27.10	Inf	Asn	81.6	high confidence set
GWHAAYW00000001	47	44167859	44167788	Glu	TTC	0	0	55.2	25.80	29.40	Inf	His	70.6	IPD:-20.20,isotype mismatch
GWHAAYW00000001	48	44161064	44160991	Arg	TCT	0	0	80.2	50.60	29.60	Inf	Thr	85.8	IPD:-14.20,isotype mismatch
GWHAAYW00000001	49	44129881	44129808	Met	CAT	0	0	67.9	43.30	24.60	Inf	Met	81.6	high confidence set
GWHAAYW00000001	50	44074606	44074533	Met	CAT	0	0	73.0	56.70	16.30	Inf	Thr	79.6	IPD:-21.10,isotype mismatch
GWHAAYW00000001	52	44074398	44074327	Gln	TTG	0	0	62.6	28.90	33.70	Inf	Gln	74.9	high confidence set
GWHAAYW00000001	54	41359948	41359876	Arg	ACG	0	0	71.4	48.60	22.80	Inf	Arg	87.2	high confidence set
GWHAAYW00000001	55	40146723	40146650	Ile	TAT	0	0	85.9	70.60	15.30	Inf	Ile	103.9	high confidence set
GWHAAYW00000001	56	40146567	40146494	Ile	TAT	0	0	85.9	70.60	15.30	Inf	Ile	103.9	high confidence set
GWHAAYW00000001	57	36938249	36938169	Leu	CAG	0	0	69.5	46.80	22.70	Inf	Leu	109.7	high confidence set
GWHAAYW00000001	58	36784856	36784783	Glu	TTC	0	0	63.6	40.40	23.20	Inf	Glu	93.9	high confidence set
GWHAAYW00000001	59	36670518	36670445	Glu	TTC	0	0	63.6	40.40	23.20	Inf	Glu	93.9	high confidence set
GWHAAYW00000001	60	36383032	36382960	Ala	CGC	0	0	68.3	44.10	24.20	Inf	Ala	99.2	high confidence set
GWHAAYW00000001	61	36307205	36307134	Trp	CCA	0	0	75.8	51.20	24.60	Inf	Trp	105.6	high confidence set
GWHAAYW00000001	62	34086881	34086810	Cys	GCA	0	0	82.1	59.90	22.20	Inf	Cys	106.6	high confidence set
GWHAAYW00000001	63	33740422	33740341	Ser	AGA	0	0	78.7	42.50	36.20	Inf	Ser	114.6	high confidence set
GWHAAYW00000001	64	32918493	32918421	Phe	GAA	0	0	78.3	58.40	19.90	Inf	Phe	113.2	high confidence set
GWHAAYW00000001	65	31039269	31039199	Gly	GCC	0	0	66.5	44.80	21.70	Inf	Gly	94.4	high confidence set
GWHAAYW00000001	66	26052277	26052206	Asp	GTC	0	0	69.8	46.80	23.00	Inf	Asp	95.8	high confidence set
GWHAAYW00000001	67	22018395	22018324	Trp	CCA	0	0	75.8	51.20	24.60	Inf	Trp	105.6	high confidence set
GWHAAYW00000001	68	21159115	21159043	Arg	TCT	0	0	68.5	50.60	17.90	Inf	Arg	98.8	high confidence set
GWHAAYW00000001	69	19677323	19677252	Pro	TGG	0	0	68.5	35.70	32.80	Inf	Pro	111.2	high confidence set
GWHAAYW00000001	70	15601241	15601169	Ala	TGC	0	0	70.0	45.30	24.70	Inf	Ala	100.6	high confidence set
GWHAAYW00000001	71	13289523	13289441	Leu	TAA	0	0	75.9	39.10	36.80	Inf	Leu	101.1	high confidence set
GWHAAYW00000001	75	6973739	6973668	Pro	CGG	0	0	69.6	37.70	31.90	Inf	Pro	108.3	high confidence set
GWHAAYW00000001	76	3155878	3155807	Gln	CTG	0	0	74.3	49.60	24.70	Inf	Gln	106.1	high confidence set
GWHAAYW00000001	77	1894878	1894797	Ser	TGA	0	0	80.7	46.10	34.60	Inf	Ser	119.7	high confidence set
GWHAAYW00000001	78	1870232	1870161	Pro	AGG	0	0	67.4	34.70	32.70	Inf	Pro	112.3	high confidence set
GWHAAYW00000001	79	1869394	1869323	Pro	TGG	0	0	68.5	35.70	32.80	Inf	Pro	111.2	high confidence set
GWHAAYW00000001	80	1836375	1836294	Ser	CGA	0	0	78.9	46.60	32.30	Inf	Ser	122.0	high confidence set
GWHAAYW00000001	81	1625871	1625799	Ala	TGC	0	0	70.0	45.30	24.70	Inf	Ala	100.6	high confidence set
GWHAAYW00000001	82	1617890	1617818	Ala	TGC	0	0	60.0	42.60	17.40	Inf	Ala	85.7	high confidence set
GWHAAYW00000001	83	1558251	1558179	Ala	TGC	0	0	70.0	45.30	24.70	Inf	Ala	100.6	high confidence set
GWHAAYW00000002	1	496896	496967	His	GTG	0	0	63.0	33.70	29.30	Inf	His	86.8	high confidence set
GWHAAYW00000002	2	497310	497381	Cys	GCA	0	0	82.1	59.90	22.20	Inf	Cys	106.6	high confidence set
GWHAAYW00000002	3	1456472	1456545	Ile	AAT	0	0	81.8	58.30	23.50	Inf	Ile	106.8	high confidence set
GWHAAYW00000002	4	6772736	6772808	Glu	CTC	0	0	80.0	54.10	25.90	Inf	Glu	99.8	high confidence set
GWHAAYW00000002	5	7086308	7086393	Met	CAT	7086346	7086357	64.2	40.70	23.50	Inf	Met	104.0	high confidence set
GWHAAYW00000002	6	7087501	7087587	Met	CAT	7087539	7087551	64.2	40.70	23.50	Inf	Met	104.0	high confidence set
GWHAAYW00000002	7	7668568	7668641	Val	TAC	0	0	78.0	44.10	33.90	Inf	Val	103.9	high confidence set
GWHAAYW00000002	8	8974798	8974870	Lys	CTT	0	0	87.7	67.60	20.10	Inf	Lys	106.7	high confidence set
GWHAAYW00000002	9	9774050	9774122	Lys	TTT	0	0	88.7	64.40	24.30	Inf	Lys	93.7	high confidence set
GWHAAYW00000002	11	11749208	11749281	Ile	AAT	0	0	81.8	58.30	23.50	Inf	Ile	106.8	high confidence set
GWHAAYW00000002	12	16211627	16211707	Leu	AAG	0	0	74.0	52.20	21.80	Inf	Leu	110.4	high confidence set
GWHAAYW00000002	13	16431728	16431799	Asp	GTC	0	0	69.8	46.80	23.00	Inf	Asp	95.8	high confidence set
GWHAAYW00000002	14	16432990	16433061	Asp	GTC	0	0	69.8	46.80	23.00	Inf	Asp	95.8	high confidence set
GWHAAYW00000002	15	16464395	16464467	Phe	GAA	0	0	78.3	58.40	19.90	Inf	Phe	113.2	high confidence set
GWHAAYW00000002	16	16465450	16465522	Phe	GAA	0	0	78.3	58.40	19.90	Inf	Phe	113.2	high confidence set
GWHAAYW00000002	17	16623290	16623363	Val	AAC	0	0	72.9	48.60	24.30	Inf	Val	93.8	high confidence set
GWHAAYW00000002	18	18261673	18261753	Leu	AAG	0	0	74.0	52.20	21.80	Inf	Leu	110.4	high confidence set
GWHAAYW00000002	20	20935955	20936036	Ser	AGA	0	0	78.7	42.50	36.20	Inf	Ser	114.6	high confidence set
GWHAAYW00000002	21	22132196	22132276	Leu	CAG	0	0	69.5	46.80	22.70	Inf	Leu	109.7	high confidence set
GWHAAYW00000002	28	29317576	29317647	iMet	CAT	0	0	58.3	28.10	30.20	Inf	iMet	118.7	high confidence set
GWHAAYW00000002	29	33305354	33305425	iMet	CAT	0	0	56.4	24.80	31.60	Inf	iMet	116.1	high confidence set
GWHAAYW00000002	30	34812282	34812354	Phe	GAA	0	0	78.3	58.40	19.90	Inf	Phe	113.2	high confidence set
GWHAAYW00000002	31	36047066	36047137	Thr	TGT	0	0	84.5	58.50	26.00	Inf	Thr	95.0	high confidence set
GWHAAYW00000002	39	31819229	31819157	Glu	CTC	0	0	80.0	54.10	25.90	Inf	Glu	99.8	high confidence set
GWHAAYW00000002	40	31817960	31817888	Glu	CTC	0	0	80.0	54.10	25.90	Inf	Glu	99.8	high confidence set
GWHAAYW00000002	41	31816708	31816636	Glu	CTC	0	0	80.0	54.10	25.90	Inf	Glu	99.8	high confidence set
GWHAAYW00000002	42	31197509	31197429	Leu	CAG	0	0	69.5	46.80	22.70	Inf	Leu	109.7	high confidence set
GWHAAYW00000002	43	30847668	30847596	Arg	TCT	0	0	68.8	51.20	17.60	Inf	Arg	94.8	high confidence set
GWHAAYW00000002	44	30847511	30847438	Val	AAC	0	0	72.9	48.60	24.30	Inf	Val	93.8	high confidence set
GWHAAYW00000002	45	29889375	29889303	Arg	ACG	0	0	71.7	49.10	22.60	Inf	Arg	91.4	high confidence set
GWHAAYW00000002	46	29889219	29889147	Arg	ACG	0	0	71.7	49.10	22.60	Inf	Arg	91.4	high confidence set
GWHAAYW00000002	47	29882205	29882133	Arg	ACG	0	0	71.7	49.10	22.60	Inf	Arg	91.4	high confidence set
GWHAAYW00000002	48	29251776	29251703	Glu	TTC	0	0	64.1	37.70	26.40	Inf	Glu	91.0	high confidence set
GWHAAYW00000002	49	29103859	29103779	Leu	CAG	0	0	69.5	46.80	22.70	Inf	Leu	109.7	high confidence set
GWHAAYW00000002	55	28368121	28368048	Trp	CCA	0	0	72.1	42.60	29.50	Inf	Thr	75.4	IPD:-18.90,isotype mismatch
GWHAAYW00000002	60	19397347	19397275	Lys	TTT	0	0	89.6	66.00	23.60	Inf	Lys	96.4	high confidence set
GWHAAYW00000002	61	16866841	16866761	Leu	AAG	0	0	74.0	52.20	21.80	Inf	Leu	110.4	high confidence set
GWHAAYW00000002	62	16469756	16469685	Thr	TGT	0	0	71.2	44.70	26.50	Inf	Thr	85.4	high confidence set
GWHAAYW00000002	63	14750331	14750258	Val	AAC	0	0	72.9	48.60	24.30	Inf	Val	93.8	high confidence set
GWHAAYW00000002	64	13815960	13815876	Tyr	GTA	13815923	13815912	75.2	44.10	31.10	Inf	Tyr	105.0	high confidence set
GWHAAYW00000002	65	13750854	13750784	Gly	GCC	0	0	66.5	44.80	21.70	Inf	Gly	94.4	high confidence set
GWHAAYW00000002	68	4341329	4341258	Gln	TTG	0	0	73.5	53.70	19.80	Inf	Gln	104.8	high confidence set
GWHAAYW00000002	69	4337839	4337768	Gln	TTG	0	0	73.5	53.70	19.80	Inf	Gln	104.8	high confidence set
GWHAAYW00000003	1	990021	990106	Met	CAT	990059	990070	64.2	40.70	23.50	Inf	Met	104.0	high confidence set
GWHAAYW00000003	2	2032638	2032710	Lys	CTT	0	0	86.8	66.60	20.20	Inf	Lys	107.7	high confidence set
GWHAAYW00000003	3	4437889	4437961	Lys	CTT	0	0	86.8	66.60	20.20	Inf	Lys	107.7	high confidence set
GWHAAYW00000003	6	15094394	15094466	Lys	CTT	0	0	86.8	66.60	20.20	Inf	Lys	107.7	high confidence set
GWHAAYW00000003	7	15518484	15518565	Ser	TGA	0	0	78.3	44.40	33.90	Inf	Ser	115.8	high confidence set
GWHAAYW00000003	8	16120974	16121045	Gly	TCC	0	0	71.3	43.70	27.60	Inf	Gly	83.9	high confidence set
GWHAAYW00000003	9	18241963	18242036	Val	AAC	0	0	70.9	37.60	33.30	Inf	Val	92.6	high confidence set
GWHAAYW00000003	10	21626335	21626408	Ile	AAT	0	0	59.0	44.20	14.80	Inf	Ile	79.5	high confidence set
GWHAAYW00000003	11	21645048	21645121	Ile	AAT	0	0	81.8	58.30	23.50	Inf	Ile	106.8	high confidence set
GWHAAYW00000003	12	24672596	24672669	Thr	AGT	0	0	77.5	49.10	28.40	Inf	Thr	91.2	high confidence set
GWHAAYW00000003	13	27204133	27204204	Thr	TGT	0	0	84.5	58.50	26.00	Inf	Thr	95.0	high confidence set
GWHAAYW00000003	14	20584880	20584809	Asp	GTC	0	0	69.8	46.80	23.00	Inf	Asp	95.8	high confidence set
GWHAAYW00000003	15	19688273	19688202	Thr	TGT	0	0	84.5	58.50	26.00	Inf	Thr	95.0	high confidence set
GWHAAYW00000003	16	13304149	13304076	Ile	AAT	0	0	78.3	58.70	19.60	Inf	Ile	103.5	high confidence set
GWHAAYW00000003	17	12064036	12063963	Val	CAC	0	0	81.8	53.80	28.00	Inf	Val	103.4	high confidence set
GWHAAYW00000003	18	11764676	11764603	Val	TAC	0	0	77.8	44.10	33.70	Inf	Val	103.2	high confidence set
GWHAAYW00000003	19	11763582	11763509	Val	TAC	0	0	77.8	44.10	33.70	Inf	Val	103.2	high confidence set
GWHAAYW00000003	20	9027563	9027490	Val	CAC	0	0	67.3	43.30	24.00	Inf	Val	92.2	high confidence set
GWHAAYW00000003	22	8945186	8945113	Val	CAC	0	0	76.7	49.80	26.90	Inf	Val	95.2	high confidence set
GWHAAYW00000003	24	8721338	8721265	Val	CAC	0	0	82.4	54.40	28.00	Inf	Val	103.7	high confidence set
GWHAAYW00000003	26	6427382	6427309	Val	CAC	0	0	82.4	54.40	28.00	Inf	Val	103.7	high confidence set
GWHAAYW00000003	27	5614888	5614816	Lys	TTT	0	0	88.7	64.40	24.30	Inf	Lys	93.7	high confidence set
GWHAAYW00000003	28	5590578	5590506	Lys	TTT	0	0	88.7	64.40	24.30	Inf	Lys	93.7	high confidence set
GWHAAYW00000003	29	1837241	1837169	Arg	CCG	0	0	66.5	49.40	17.10	Inf	Arg	93.8	high confidence set
GWHAAYW00000003	30	1468898	1468826	Glu	CTC	0	0	80.0	54.10	25.90	Inf	Glu	99.8	high confidence set
GWHAAYW00000004	2	6830362	6830435	Thr	AGT	0	0	77.5	49.10	28.40	Inf	Thr	91.2	high confidence set
GWHAAYW00000004	5	17720452	17720522	Gly	CCC	0	0	66.3	29.50	36.80	Inf	Gly	89.7	high confidence set
GWHAAYW00000004	6	18533672	18533753	Ser	GCT	0	0	80.5	45.20	35.30	Inf	Ser	109.5	high confidence set
GWHAAYW00000004	7	18843676	18843746	Gly	CCC	0	0	66.3	29.50	36.80	Inf	Gly	89.7	high confidence set
GWHAAYW00000004	8	19264733	19264804	Cys	GCA	0	0	82.1	59.90	22.20	Inf	Cys	106.6	high confidence set
GWHAAYW00000004	9	19684257	19684328	Trp	CCA	0	0	75.8	51.20	24.60	Inf	Trp	105.6	high confidence set
GWHAAYW00000004	10	21298575	21298656	Ser	GCT	0	0	79.0	43.10	35.90	Inf	Ser	108.6	high confidence set
GWHAAYW00000004	11	22135417	22135502	Met	CAT	22135455	22135466	64.2	40.70	23.50	Inf	Met	104.0	high confidence set
GWHAAYW00000004	12	22340695	22340767	Lys	CTT	0	0	86.8	66.60	20.20	Inf	Lys	107.7	high confidence set
GWHAAYW00000004	13	24789998	24790070	Lys	CTT	0	0	86.8	66.60	20.20	Inf	Lys	107.7	high confidence set
GWHAAYW00000004	14	25719269	25719340	Thr	CGT	0	0	80.2	53.70	26.50	Inf	Thr	86.8	high confidence set
GWHAAYW00000004	15	27287110	27287182	Arg	CCG	0	0	68.0	51.50	16.50	Inf	Arg	95.2	high confidence set
GWHAAYW00000004	16	26696206	26696133	Asn	GTT	0	0	84.5	59.40	25.10	Inf	Asn	95.9	high confidence set
GWHAAYW00000004	17	26037557	26037486	Gln	TTG	0	0	74.8	50.10	24.70	Inf	Gln	97.6	high confidence set
GWHAAYW00000004	18	24813262	24813189	Thr	AGT	0	0	76.5	48.00	28.50	Inf	Thr	90.4	high confidence set
GWHAAYW00000004	19	24592673	24592601	Phe	GAA	0	0	78.3	58.40	19.90	Inf	Phe	113.2	high confidence set
GWHAAYW00000004	20	23568548	23568476	Ala	AGC	0	0	63.4	38.20	25.20	Inf	Ala	98.3	high confidence set
GWHAAYW00000004	21	23367767	23367696	Thr	CGT	0	0	80.2	53.70	26.50	Inf	Thr	86.8	high confidence set
GWHAAYW00000004	22	22132994	22132909	Met	CAT	22132956	22132945	64.2	40.70	23.50	Inf	Met	104.0	high confidence set
GWHAAYW00000004	23	19560211	19560138	Asn	GTT	0	0	84.5	59.40	25.10	Inf	Asn	95.9	high confidence set
GWHAAYW00000004	24	16964786	16964713	Ile	AAT	0	0	81.8	58.30	23.50	Inf	Ile	106.8	high confidence set
GWHAAYW00000004	25	15581825	15581754	Asp	GTC	0	0	69.8	46.80	23.00	Inf	Asp	95.8	high confidence set
GWHAAYW00000005	1	497167	497239	Arg	CCG	0	0	80.4	58.30	22.10	Inf	Arg	84.6	high confidence set
GWHAAYW00000005	2	2144181	2144254	Val	CAC	0	0	73.0	45.80	27.20	Inf	Val	91.4	high confidence set
GWHAAYW00000005	3	4389942	4390014	Glu	CTC	0	0	80.0	54.10	25.90	Inf	Glu	99.8	high confidence set
GWHAAYW00000005	4	4447501	4447572	Gly	TCC	0	0	73.9	46.20	27.70	Inf	Gly	85.6	high confidence set
GWHAAYW00000005	5	4480986	4481057	Gly	TCC	0	0	73.9	46.20	27.70	Inf	Gly	85.6	high confidence set
GWHAAYW00000005	7	15613485	15613558	Asn	GTT	0	0	84.5	59.40	25.10	Inf	Asn	95.9	high confidence set
GWHAAYW00000005	8	17196446	17196526	Ser	TGA	0	0	82.2	47.10	35.10	Inf	Ser	113.7	high confidence set
GWHAAYW00000005	9	21985063	21985136	Ile	AAT	0	0	81.8	58.30	23.50	Inf	Ile	106.8	high confidence set
GWHAAYW00000005	10	22283205	22283276	Pro	TGG	0	0	68.5	35.70	32.80	Inf	Pro	111.2	high confidence set
GWHAAYW00000005	12	25166136	25166206	Gly	CCC	0	0	66.3	29.50	36.80	Inf	Gly	89.7	high confidence set
GWHAAYW00000005	13	26996783	26996855	Ala	AGC	0	0	63.4	38.20	25.20	Inf	Ala	98.3	high confidence set
GWHAAYW00000005	14	26898405	26898322	Leu	CAA	0	0	81.0	54.60	26.40	Inf	Leu	125.6	high confidence set
GWHAAYW00000005	15	23698110	23698039	His	GTG	0	0	63.3	34.30	29.00	Inf	His	87.4	high confidence set
GWHAAYW00000005	16	22284415	22284344	Pro	AGG	0	0	67.4	34.70	32.70	Inf	Pro	112.3	high confidence set
GWHAAYW00000005	17	19630880	19630809	iMet	CAT	0	0	58.3	28.10	30.20	Inf	iMet	118.7	high confidence set
GWHAAYW00000005	18	18257101	18257028	Asn	GTT	0	0	83.1	56.90	26.20	Inf	Asn	96.3	high confidence set
GWHAAYW00000005	19	18256773	18256702	Gln	CTG	0	0	75.3	51.20	24.10	Inf	Gln	106.0	high confidence set
GWHAAYW00000005	21	4407024	4406953	Gly	TCC	0	0	73.9	46.20	27.70	Inf	Gly	85.6	high confidence set
GWHAAYW00000005	22	643070	642985	Met	CAT	643032	643021	64.2	40.70	23.50	Inf	Met	104.0	high confidence set
GWHAAYW00000005	23	495574	495503	His	GTG	0	0	63.0	33.70	29.30	Inf	His	86.8	high confidence set
GWHAAYW00000006	1	1207219	1207291	Glu	CTC	0	0	80.0	54.10	25.90	Inf	Glu	99.8	high confidence set
GWHAAYW00000006	2	1231218	1231289	Gly	TCC	0	0	73.9	46.20	27.70	Inf	Gly	85.6	high confidence set
GWHAAYW00000006	3	1840651	1840723	Arg	CCT	0	0	69.1	50.30	18.80	Inf	Arg	81.2	high confidence set
GWHAAYW00000006	4	1841014	1841086	Arg	CCT	0	0	69.1	50.30	18.80	Inf	Arg	81.2	high confidence set
GWHAAYW00000006	5	3270561	3270634	Arg	TCG	0	0	82.3	61.00	21.30	Inf	Arg	91.9	high confidence set
GWHAAYW00000006	8	24319618	24319690	Arg	CCG	0	0	66.5	49.40	17.10	Inf	Arg	93.8	high confidence set
GWHAAYW00000006	9	24882015	24881944	iMet	CAT	0	0	50.0	19.90	30.10	Inf	iMet	106.8	high confidence set
GWHAAYW00000006	10	16716277	16716204	Val	CAC	0	0	82.4	54.40	28.00	Inf	Val	103.7	high confidence set
GWHAAYW00000006	11	9103831	9103758	Val	AAC	0	0	65.5	38.10	27.40	Inf	Val	86.6	high confidence set
GWHAAYW00000006	12	2425885	2425815	Gly	GCC	0	0	66.5	44.80	21.70	Inf	Gly	94.4	high confidence set
GWHAAYW00000006	13	2425732	2425662	Gly	GCC	0	0	69.4	48.30	21.10	Inf	Gly	95.0	high confidence set
GWHAAYW00000006	14	1215191	1215120	Gly	TCC	0	0	73.9	46.20	27.70	Inf	Gly	85.6	high confidence set
GWHAAYW00000006	15	832737	832666	His	GTG	0	0	63.0	33.70	29.30	Inf	His	86.8	high confidence set
GWHAAYW00000007	1	4912955	4913026	Asp	GTC	0	0	69.8	46.80	23.00	Inf	Asp	95.8	high confidence set
GWHAAYW00000007	2	7451613	7451684	His	GTG	0	0	63.3	34.30	29.00	Inf	His	87.4	high confidence set
GWHAAYW00000007	3	11822129	11822202	Glu	TTC	0	0	63.6	40.40	23.20	Inf	Glu	93.9	high confidence set
GWHAAYW00000007	5	17233423	17233496	Val	AAC	0	0	70.2	42.80	27.40	Inf	Val	92.2	high confidence set
GWHAAYW00000007	6	19007646	19007717	His	GTG	0	0	63.3	34.30	29.00	Inf	His	87.4	high confidence set
GWHAAYW00000007	7	19259632	19259713	Ser	AGA	0	0	78.7	42.50	36.20	Inf	Ser	114.6	high confidence set
GWHAAYW00000007	10	19314140	19314048	Tyr	GTA	19314103	19314084	74.2	42.70	31.50	Inf	Tyr	111.8	high confidence set
GWHAAYW00000007	11	17614400	17614319	Ser	AGA	0	0	78.7	42.50	36.20	Inf	Ser	114.6	high confidence set
GWHAAYW00000007	12	17596639	17596566	Asn	GTT	0	0	83.1	56.90	26.20	Inf	Asn	96.3	high confidence set
GWHAAYW00000007	13	17513397	17513316	Ser	AGA	0	0	78.7	42.50	36.20	Inf	Ser	114.6	high confidence set
GWHAAYW00000007	17	7844261	7844188	Thr	AGT	0	0	77.5	49.10	28.40	Inf	Thr	91.2	high confidence set
GWHAAYW00000007	18	7050633	7050562	Asp	GTC	0	0	69.8	46.80	23.00	Inf	Asp	95.8	high confidence set
GWHAAYW00000007	19	6539621	6539548	Asn	GTT	0	0	84.5	59.40	25.10	Inf	Asn	95.9	high confidence set
GWHAAYW00000008	5	13485278	13485358	Leu	CAG	0	0	69.5	46.80	22.70	Inf	Leu	109.7	high confidence set
GWHAAYW00000008	6	14948633	14948720	Tyr	GTA	14948670	14948684	74.4	42.90	31.50	Inf	Tyr	111.8	high confidence set
GWHAAYW00000008	7	16301782	16301854	Ala	AGC	0	0	63.4	38.20	25.20	Inf	Ala	98.3	high confidence set
GWHAAYW00000008	8	18495329	18495402	Val	AAC	0	0	72.9	48.60	24.30	Inf	Val	93.8	high confidence set
GWHAAYW00000008	9	16003987	16003916	Trp	CCA	0	0	75.8	51.20	24.60	Inf	Trp	105.6	high confidence set
GWHAAYW00000008	10	15992851	15992779	Arg	ACG	0	0	71.7	49.10	22.60	Inf	Arg	91.4	high confidence set
GWHAAYW00000008	11	15992340	15992267	Val	AAC	0	0	67.2	43.40	23.80	Inf	Val	86.4	high confidence set
GWHAAYW00000008	12	15807167	15807096	iMet	CAT	0	0	58.3	28.10	30.20	Inf	iMet	118.7	high confidence set
GWHAAYW00000008	13	14966830	14966744	Met	CAT	14966792	14966780	64.2	40.70	23.50	Inf	Met	104.0	high confidence set
GWHAAYW00000008	16	8666673	8666600	Thr	AGT	0	0	77.5	49.10	28.40	Inf	Thr	91.2	high confidence set
GWHAAYW00000008	17	4985976	4985903	Asn	GTT	0	0	81.1	55.90	25.20	Inf	Asn	94.2	high confidence set
GWHAAYW00000009	1	1190755	1190826	Gln	CTG	0	0	72.3	47.50	24.80	Inf	Gln	106.2	high confidence set
GWHAAYW00000009	2	2412331	2412403	Lys	CTT	0	0	86.8	66.60	20.20	Inf	Lys	107.7	high confidence set
GWHAAYW00000009	3	2795929	2796000	iMet	CAT	0	0	58.3	28.10	30.20	Inf	iMet	118.7	high confidence set
GWHAAYW00000009	4	7830652	7830723	Trp	CCA	0	0	75.8	51.20	24.60	Inf	Trp	105.6	high confidence set
GWHAAYW00000009	7	13664401	13664481	Leu	AAG	0	0	74.0	52.20	21.80	Inf	Leu	110.4	high confidence set
GWHAAYW00000009	8	13685403	13685474	Thr	TGT	0	0	78.3	47.60	30.70	Inf	Thr	91.5	high confidence set
GWHAAYW00000009	9	16452729	16452810	Ser	GCT	0	0	69.7	40.00	29.70	Inf	Ser	99.1	high confidence set
GWHAAYW00000009	10	21253880	21253952	Ala	AGC	0	0	63.4	38.20	25.20	Inf	Ala	98.3	high confidence set
GWHAAYW00000009	11	21258995	21259067	Ala	AGC	0	0	63.4	38.20	25.20	Inf	Ala	98.3	high confidence set
GWHAAYW00000009	12	24752571	24752643	Ala	TGC	0	0	70.0	45.30	24.70	Inf	Ala	100.6	high confidence set
GWHAAYW00000009	13	22553680	22553608	Glu	CTC	0	0	80.0	54.10	25.90	Inf	Glu	99.8	high confidence set
GWHAAYW00000009	14	22025773	22025701	Arg	TCT	0	0	68.8	51.20	17.60	Inf	Arg	94.8	high confidence set
GWHAAYW00000009	15	22025220	22025147	Val	AAC	0	0	72.9	48.60	24.30	Inf	Val	93.8	high confidence set
GWHAAYW00000009	16	21928303	21928231	Ala	AGC	0	0	63.4	38.20	25.20	Inf	Ala	98.3	high confidence set
GWHAAYW00000009	17	20614209	20614138	Cys	GCA	0	0	82.1	59.90	22.20	Inf	Cys	106.6	high confidence set
GWHAAYW00000009	18	20397830	20397751	Leu	TAG	0	0	69.5	48.50	21.00	Inf	Leu	111.5	high confidence set
GWHAAYW00000009	20	12605225	12605153	Lys	TTT	0	0	89.6	66.00	23.60	Inf	Lys	96.4	high confidence set
GWHAAYW00000009	21	11743242	11743162	Leu	AAG	0	0	74.0	52.20	21.80	Inf	Leu	110.4	high confidence set
GWHAAYW00000009	22	10911777	10911705	Ala	CGC	0	0	68.3	44.10	24.20	Inf	Ala	99.2	high confidence set
GWHAAYW00000009	26	7831019	7830947	Phe	GAA	0	0	78.3	58.40	19.90	Inf	Phe	113.2	high confidence set
GWHAAYW00000009	27	3112404	3112332	Glu	CTC	0	0	80.0	54.10	25.90	Inf	Glu	99.8	high confidence set
GWHAAYW00000009	28	2378285	2378201	Leu	TAA	0	0	64.5	27.20	37.30	Inf	Leu	86.9	high confidence set
GWHAAYW00000009	29	1322595	1322524	Cys	GCA	0	0	82.1	59.90	22.20	Inf	Cys	106.6	high confidence set
GWHAAYW00000010	2	899191	899276	Met	CAT	899229	899240	52.3	32.00	20.30	Inf	Met	92.6	high confidence set
GWHAAYW00000010	3	13610496	13610568	Ala	AGC	0	0	63.4	38.20	25.20	Inf	Ala	98.3	high confidence set
GWHAAYW00000010	4	14025464	14025535	Pro	AGG	0	0	67.4	34.70	32.70	Inf	Pro	112.3	high confidence set
GWHAAYW00000010	7	18611955	18612028	Val	CAC	0	0	82.4	54.40	28.00	Inf	Val	100.3	high confidence set
GWHAAYW00000010	8	18751935	18752007	Ala	CGC	0	0	67.5	42.90	24.60	Inf	Ala	99.2	high confidence set
GWHAAYW00000010	9	19862074	19862146	Glu	CTC	0	0	80.0	54.10	25.90	Inf	Glu	99.8	high confidence set
GWHAAYW00000010	10	20999035	20999106	Gln	CTG	0	0	75.3	51.20	24.10	Inf	Gln	106.0	high confidence set
GWHAAYW00000010	11	21615339	21615412	Asn	GTT	0	0	83.9	58.50	25.40	Inf	Asn	97.4	high confidence set
GWHAAYW00000010	12	21615717	21615788	Gln	CTG	0	0	75.3	51.20	24.10	Inf	Gln	106.0	high confidence set
GWHAAYW00000010	13	22033824	22033895	Pro	TGG	0	0	68.5	35.70	32.80	Inf	Pro	111.2	high confidence set
GWHAAYW00000010	14	23367604	23367674	Gly	CCC	0	0	58.6	29.70	28.90	Inf	Gly	84.9	high confidence set
GWHAAYW00000010	15	24688046	24688118	Ala	AGC	0	0	63.4	38.20	25.20	Inf	Ala	98.3	high confidence set
GWHAAYW00000010	16	24581321	24581238	Leu	CAA	0	0	79.4	54.40	25.00	Inf	Leu	125.3	high confidence set
GWHAAYW00000010	17	22504406	22504335	His	GTG	0	0	63.3	34.30	29.00	Inf	His	87.4	high confidence set
GWHAAYW00000010	18	22034581	22034510	Pro	AGG	0	0	67.4	34.70	32.70	Inf	Pro	112.3	high confidence set
GWHAAYW00000010	19	21261228	21261155	Ile	AAT	0	0	81.8	58.30	23.50	Inf	Ile	106.8	high confidence set
GWHAAYW00000010	20	20621150	20621070	Leu	AAG	0	0	74.0	52.20	21.80	Inf	Leu	110.4	high confidence set
GWHAAYW00000010	21	19933128	19933055	Ile	TAT	0	0	85.9	70.60	15.30	Inf	Ile	103.9	high confidence set
GWHAAYW00000010	22	18579100	18579028	Arg	CCT	0	0	69.1	50.30	18.80	Inf	Arg	81.2	high confidence set
GWHAAYW00000010	23	16355682	16355609	Val	AAC	0	0	72.9	48.60	24.30	Inf	Val	93.8	high confidence set
GWHAAYW00000010	26	12529683	12529604	Leu	TAG	0	0	69.5	48.50	21.00	Inf	Leu	111.5	high confidence set
GWHAAYW00000010	27	10085146	10085073	Asn	GTT	0	0	84.5	59.40	25.10	Inf	Asn	95.9	high confidence set
GWHAAYW00000010	29	974139	974054	Met	CAT	974101	974090	52.3	32.00	20.30	Inf	Met	92.6	high confidence set
GWHAAYW00000010	30	937043	936958	Met	CAT	937005	936994	52.3	32.00	20.30	Inf	Met	92.6	high confidence set
GWHAAYW00000010	31	836477	836385	Tyr	GTA	836440	836421	74.2	42.70	31.50	Inf	Tyr	111.8	high confidence set
GWHAAYW00000011	2	7811431	7811504	Ile	AAT	0	0	81.8	58.30	23.50	Inf	Ile	106.8	high confidence set
GWHAAYW00000011	3	7877763	7877833	Gly	GCC	0	0	66.5	44.80	21.70	Inf	Gly	94.4	high confidence set
GWHAAYW00000011	4	7922111	7922182	Asp	GTC	0	0	69.8	46.80	23.00	Inf	Asp	95.8	high confidence set
GWHAAYW00000011	5	8869794	8869875	Ser	AGA	0	0	78.7	42.50	36.20	Inf	Ser	114.6	high confidence set
GWHAAYW00000011	6	8891049	8891130	Ser	AGA	0	0	78.7	42.50	36.20	Inf	Ser	114.6	high confidence set
GWHAAYW00000011	7	13969699	13969771	Ala	CGC	0	0	68.2	44.00	24.20	Inf	Ala	95.8	high confidence set
GWHAAYW00000011	8	13969974	13970046	Ala	TGC	0	0	61.8	32.40	29.40	Inf	Ala	99.1	high confidence set
GWHAAYW00000011	11	17474611	17474682	Pro	AGG	0	0	67.4	34.70	32.70	Inf	Pro	112.3	high confidence set
GWHAAYW00000011	12	17475771	17475842	Pro	TGG	0	0	68.5	35.70	32.80	Inf	Pro	111.2	high confidence set
GWHAAYW00000011	13	18696373	18696445	Ala	AGC	0	0	63.4	38.20	25.20	Inf	Ala	98.3	high confidence set
GWHAAYW00000011	14	18776888	18776959	Gly	TCC	0	0	73.9	46.20	27.70	Inf	Gly	85.6	high confidence set
GWHAAYW00000011	15	18967859	18967931	Arg	TCT	0	0	68.5	50.60	17.90	Inf	Arg	98.8	high confidence set
GWHAAYW00000011	16	19475425	19475505	Leu	AAG	0	0	74.0	52.20	21.80	Inf	Leu	110.4	high confidence set
GWHAAYW00000011	17	19012855	19012782	Glu	TTC	0	0	63.6	40.40	23.20	Inf	Glu	93.9	high confidence set
GWHAAYW00000011	18	18777494	18777412	Leu	TAA	0	0	75.9	39.10	36.80	Inf	Leu	101.1	high confidence set
GWHAAYW00000011	20	7965556	7965484	Phe	GAA	0	0	78.3	58.40	19.90	Inf	Phe	113.2	high confidence set
GWHAAYW00000011	21	7955457	7955386	Asp	GTC	0	0	69.8	46.80	23.00	Inf	Asp	95.8	high confidence set
GWHAAYW00000011	22	7905416	7905344	Ala	TGC	0	0	61.8	32.40	29.40	Inf	Ala	99.1	high confidence set
GWHAAYW00000011	23	7905260	7905188	Ala	CGC	0	0	68.2	44.00	24.20	Inf	Ala	95.8	high confidence set
GWHAAYW00000011	25	3672043	3671971	Lys	TTT	0	0	89.6	66.00	23.60	Inf	Lys	96.4	high confidence set
GWHAAYW00000011	27	1704298	1704225	Asn	GTT	0	0	83.9	58.50	25.40	Inf	Asn	97.4	high confidence set
GWHAAYW00000012	2	7333048	7333141	Tyr	GTA	7333085	7333105	74.2	42.70	31.50	Inf	Tyr	111.8	high confidence set
GWHAAYW00000012	3	7333227	7333320	Tyr	GTA	7333264	7333284	74.2	42.70	31.50	Inf	Tyr	111.8	high confidence set
GWHAAYW00000012	5	15233645	15233718	Asn	GTT	0	0	84.5	59.40	25.10	Inf	Asn	95.9	high confidence set
GWHAAYW00000012	6	17149781	17149852	Cys	GCA	0	0	82.1	59.90	22.20	Inf	Cys	106.6	high confidence set
GWHAAYW00000012	7	17558974	17559047	Ile	AAT	0	0	81.8	58.30	23.50	Inf	Ile	106.8	high confidence set
GWHAAYW00000012	8	18914340	18914411	Thr	CGT	0	0	80.2	53.70	26.50	Inf	Thr	86.8	high confidence set
GWHAAYW00000012	9	21345322	21345394	Lys	CTT	0	0	87.7	67.60	20.10	Inf	Lys	106.7	high confidence set
GWHAAYW00000012	10	21683555	21683470	Met	CAT	21683517	21683506	64.2	40.80	23.40	Inf	Met	104.0	high confidence set
GWHAAYW00000012	11	20445022	20444950	Arg	CCT	0	0	69.1	50.30	18.80	Inf	Arg	81.2	high confidence set
GWHAAYW00000012	12	19781897	19781826	Gln	TTG	0	0	76.2	50.30	25.90	Inf	Gln	96.7	high confidence set
GWHAAYW00000012	13	18826913	18826830	Leu	CAA	0	0	79.4	54.40	25.00	Inf	Leu	125.3	high confidence set
GWHAAYW00000012	14	17941915	17941842	Thr	AGT	0	0	77.5	49.10	28.40	Inf	Thr	91.2	high confidence set
GWHAAYW00000012	15	16693700	16693628	Ala	AGC	0	0	63.4	38.20	25.20	Inf	Ala	98.3	high confidence set
GWHAAYW00000012	17	6973558	6973477	Ser	GCT	0	0	79.0	43.10	35.90	Inf	Ser	108.6	high confidence set
GWHAAYW00000012	18	6973349	6973268	Ser	GCT	0	0	79.0	43.10	35.90	Inf	Ser	108.6	high confidence set
GWHAAYW00000012	19	6969463	6969382	Ser	GCT	0	0	79.0	43.10	35.90	Inf	Ser	108.6	high confidence set
GWHAAYW00000012	20	6968426	6968345	Ser	GCT	0	0	79.0	43.10	35.90	Inf	Ser	108.6	high confidence set
GWHAAYW00000012	21	1089571	1089488	Leu	CAA	0	0	77.9	54.30	23.60	Inf	Leu	125.0	high confidence set
GWHAAYW00000013	1	175889	175961	Arg	TCT	0	0	68.5	50.60	17.90	Inf	Arg	98.8	high confidence set
GWHAAYW00000013	2	633214	633285	Asp	GTC	0	0	69.8	46.80	23.00	Inf	Asp	95.8	high confidence set
GWHAAYW00000013	4	5671163	5671234	Cys	GCA	0	0	82.1	59.90	22.20	Inf	Cys	106.6	high confidence set
GWHAAYW00000013	7	8562131	8562214	Leu	CAA	0	0	81.1	55.50	25.60	Inf	Leu	125.0	high confidence set
GWHAAYW00000013	8	9073775	9073847	Glu	CTC	0	0	80.0	54.10	25.90	Inf	Glu	99.8	high confidence set
GWHAAYW00000013	9	9308189	9308260	iMet	CAT	0	0	58.3	28.10	30.20	Inf	iMet	118.7	high confidence set
GWHAAYW00000013	10	9795523	9795595	Ala	AGC	0	0	63.4	38.20	25.20	Inf	Ala	98.3	high confidence set
GWHAAYW00000013	11	12368683	12368763	Ser	TGA	0	0	82.2	47.10	35.10	Inf	Ser	113.7	high confidence set
GWHAAYW00000013	12	12422721	12422792	Pro	TGG	0	0	68.5	35.70	32.80	Inf	Pro	111.2	high confidence set
GWHAAYW00000013	13	12467995	12468066	Pro	AGG	0	0	67.4	34.70	32.70	Inf	Pro	112.3	high confidence set
GWHAAYW00000013	14	12469062	12469133	Pro	AGG	0	0	67.4	34.70	32.70	Inf	Pro	112.3	high confidence set
GWHAAYW00000013	16	12533548	12533629	Ser	CGA	0	0	78.9	46.60	32.30	Inf	Ser	122.0	high confidence set
GWHAAYW00000013	17	12630670	12630743	Arg	TCG	0	0	82.0	60.20	21.80	Inf	Arg	90.2	high confidence set
GWHAAYW00000013	18	12793164	12793236	Ala	TGC	0	0	65.5	40.70	24.80	Inf	Ala	96.0	high confidence set
GWHAAYW00000013	19	16935828	16935899	Pro	CGG	0	0	69.6	37.70	31.90	Inf	Pro	108.3	high confidence set
GWHAAYW00000013	21	15352892	15352821	Asp	GTC	0	0	69.8	46.80	23.00	Inf	Asp	95.8	high confidence set
GWHAAYW00000013	22	9657085	9657002	Leu	CAA	0	0	83.7	55.90	27.80	Inf	Leu	127.9	high confidence set
GWHAAYW00000013	24	7615056	7614985	Gln	CTG	0	0	74.3	49.60	24.70	Inf	Gln	106.1	high confidence set
GWHAAYW00000013	25	6261823	6261751	Ala	TGC	0	0	70.0	45.30	24.70	Inf	Ala	100.6	high confidence set
GWHAAYW00000014	1	377866	377936	Gly	GCC	0	0	66.5	44.80	21.70	Inf	Gly	94.4	high confidence set
GWHAAYW00000014	3	10960288	10960360	Lys	TTT	0	0	89.6	66.00	23.60	Inf	Lys	96.4	high confidence set
GWHAAYW00000014	4	12474017	12474089	Phe	GAA	0	0	78.3	58.40	19.90	Inf	Phe	113.2	high confidence set
GWHAAYW00000014	5	12475616	12475545	Trp	CCA	0	0	75.8	51.20	24.60	Inf	Trp	105.6	high confidence set
GWHAAYW00000014	6	12474485	12474414	Trp	CCA	0	0	75.8	51.20	24.60	Inf	Trp	105.6	high confidence set
GWHAAYW00000014	7	11998195	11998122	Ile	AAT	0	0	81.8	58.30	23.50	Inf	Ile	106.8	high confidence set
GWHAAYW00000014	10	2437162	2437091	iMet	CAT	0	0	58.3	28.10	30.20	Inf	iMet	118.7	high confidence set
GWHAAYW00000014	11	1564867	1564795	Arg	CCT	0	0	69.1	50.30	18.80	Inf	Arg	81.2	high confidence set
GWHAAYW00000014	12	1270718	1270646	Phe	GAA	0	0	78.3	58.40	19.90	Inf	Phe	113.2	high confidence set
GWHAAYW00000079	2	196264	196337	Trp	CCA	0	0	72.0	42.50	29.50	Inf	Thr	75.4	IPD:-18.90,isotype mismatch
GWHAAYW00000079	7	304647	304573	Pro	TGG	0	0	62.8	32.80	30.00	Inf	Trp	73.3	IPD:-42.40,isotype mismatch
GWHAAYW00000079	11	261997	261924	Phe	GAA	0	0	61.5	43.60	17.90	Inf	Tyr	71.1	IPD:-23.60,isotype mismatch
GWHAAYW00000079	13	84481	84408	Asp	GTC	0	0	71.1	52.30	18.80	Inf	Ala	72.8	IPD:-22.40,isotype mismatch
GWHAAYW00000079	15	70252	70180	Lys	TTT	0	0	80.3	61.50	18.80	Inf	Lys	78.3	high confidence set
GWHAAYW00000079	19	30617	30546	Asn	GTT	0	0	75.1	52.10	23.00	Inf	Asn	81.9	high confidence set
GWHAAYW00000111	2	135099	135028	Asn	GTT	0	0	75.1	52.10	23.00	Inf	Asn	81.9	high confidence set
GWHAAYW00000131	5	51830	51916	Ser	GGA	0	0	66.6	36.50	30.10	Inf	Ser	88.8	high confidence set
GWHAAYW00000131	14	172513	172426	Ser	GCT	0	0	67.3	36.90	30.40	Inf	Ser	80.7	high confidence set
GWHAAYW00000131	24	75175	75102	Trp	CCA	0	0	72.1	42.60	29.50	Inf	Thr	75.4	IPD:-18.90,isotype mismatch
GWHAAYW00000131	25	53264	53192	Thr	TGT	0	0	66.2	47.40	18.80	Inf	Thr	80.6	high confidence set
GWHAAYW00000131	30	13454	13367	Ser	GCT	0	0	67.3	36.90	30.40	Inf	Ser	80.7	high confidence set
GWHAAYW00000135	1	31376	31447	Gln	CTG	0	0	66.9	39.40	27.50	Inf	Gln	106.8	high confidence set
GWHAAYW00000135	2	96215	96288	Val	CAC	0	0	79.9	51.70	28.20	Inf	Val	98.2	high confidence set
GWHAAYW00000141	1	41240	41170	Gly	TCC	0	0	67.4	46.20	21.20	Inf	Gly	93.4	high confidence set
GWHAAYW00000142	5	42318	42231	Ser	GCT	0	0	67.3	36.90	30.40	Inf	Ser	80.7	high confidence set
GWHAAYW00000147	9	19290	19217	Trp	CCA	0	0	72.1	42.60	29.50	Inf	Thr	75.4	IPD:-18.90,isotype mismatch
GWHAAYW00000151	4	32525	32598	Trp	CCA	0	0	72.1	42.60	29.50	Inf	Thr	75.4	IPD:-18.90,isotype mismatch
GWHAAYW00000152	5	11908	11835	Trp	CCA	0	0	72.1	42.60	29.50	Inf	Thr	75.4	IPD:-18.90,isotype mismatch
GWHAAYW00000153	1	42714	42642	Lys	TTT	0	0	79.1	55.70	23.40	Inf	Lys	87.8	high confidence set
GWHAAYW00000154	1	5078	5158	Ser	AGA	0	0	76.1	48.70	27.40	Inf	Ser	102.4	high confidence set
GWHAAYW00000158	3	24101	24174	Trp	CCA	0	0	72.1	42.60	29.50	Inf	Thr	75.4	IPD:-18.90,isotype mismatch
GWHAAYW00000170	12	1653	1580	Trp	CCA	0	0	72.1	42.60	29.50	Inf	Thr	75.4	IPD:-18.90,isotype mismatch
GWHAAYW00000184	1	42113	42041	Glu	CTC	0	0	64.0	39.40	24.60	Inf	Asp	76.9	IPD:-2.70,isotype mismatch
GWHAAYW00000190	1	4670	4741	Pro	CGG	0	0	64.7	34.90	29.80	Inf	Pro	111.1	high confidence set
GWHAAYW00000228	5	36402	36315	Ser	GCT	0	0	67.3	36.90	30.40	Inf	Ser	80.7	high confidence set
GWHAAYW00000229	1	45694	45622	Phe	GAA	0	0	78.5	59.60	18.90	Inf	Phe	89.3	high confidence set
GWHAAYW00000239	1	1674	1745	Asp	GTC	0	0	61.3	26.70	34.60	Inf	Asp	95.8	high confidence set
GWHAAYW00000245	4	26751	26664	Ser	GCT	0	0	67.3	36.90	30.40	Inf	Ser	80.7	high confidence set
GWHAAYW00000255	1	23278	23206	Asn	GTT	0	0	81.3	62.70	18.60	Inf	Asn	90.1	high confidence set
GWHAAYW00000261	6	36031	36118	Ser	GCT	0	0	67.3	36.90	30.40	Inf	Ser	80.7	high confidence set
GWHAAYW00000261	10	11386	11315	Thr	GGT	0	0	58.6	26.30	32.30	Inf	Thr	70.4	unexpected anticodon
GWHAAYW00000267	1	12344	12416	Val	AAC	0	0	78.2	46.80	31.40	Inf	Val	90.1	high confidence set
GWHAAYW00000268	1	1603	1675	Lys	TTT	0	0	79.1	55.70	23.40	Inf	Lys	87.8	high confidence set
GWHAAYW00000270	1	33540	33469	Pro	AGG	0	0	68.9	38.90	30.00	Inf	Pro	108.3	high confidence set
GWHAAYW00000280	1	1627	1714	Ser	GCT	0	0	67.3	36.90	30.40	Inf	Ser	80.7	high confidence set
GWHAAYW00000286	1	15085	15172	Ser	GCT	0	0	67.3	36.90	30.40	Inf	Ser	80.7	high confidence set
GWHAAYW00000302	4	9330	9413	Tyr	GTA	0	0	53.8	32.50	21.30	Inf	Tyr	72.5	high confidence set
GWHAAYW00000302	6	33369	33456	Ser	GCT	0	0	67.3	36.90	30.40	Inf	Ser	80.7	high confidence set
GWHAAYW00000302	16	8636	8565	Thr	GGT	0	0	58.6	26.30	32.30	Inf	Thr	70.4	unexpected anticodon
GWHAAYW00000303	1	15420	15492	Thr	AGT	0	0	82.9	59.50	23.40	Inf	Thr	90.6	high confidence set
GWHAAYW00000314	1	3128	3207	Leu	TAG	0	0	71.6	50.20	21.40	Inf	Leu	100.9	high confidence set
GWHAAYW00000317	1	1799	1871	Trp	CCA	0	0	70.3	49.20	21.10	Inf	Trp	82.8	high confidence set
GWHAAYW00000317	2	2254	2326	Trp	CCA	0	0	70.3	49.20	21.10	Inf	Trp	82.8	high confidence set
GWHAAYW00000317	3	11819	11890	iMet	CAT	0	0	66.0	38.80	27.20	Inf	iMet	80.9	high confidence set
GWHAAYW00000328	1	49160	49089	Pro	CGG	0	0	64.7	34.90	29.80	Inf	Pro	111.1	high confidence set
GWHAAYW00000330	1	9064	8992	Thr	AGT	0	0	82.9	59.50	23.40	Inf	Thr	90.6	high confidence set
GWHAAYW00000336	1	7118	7191	Val	TAC	0	0	75.8	46.90	28.90	Inf	Val	88.9	high confidence set
GWHAAYW00000336	2	24035	23963	Trp	CCA	0	0	63.9	49.70	14.20	Inf	Trp	74.2	high confidence set
GWHAAYW00000340	4	36431	36517	Ser	GGA	0	0	66.6	36.50	30.10	Inf	Ser	88.8	high confidence set
GWHAAYW00000340	7	37867	37795	Thr	TGT	0	0	66.2	47.40	18.80	Inf	Thr	80.6	high confidence set
GWHAAYW00000340	11	21591	21508	Tyr	GTA	0	0	53.8	32.50	21.30	Inf	Tyr	72.5	high confidence set
GWHAAYW00000345	1	38585	38657	Asn	GTT	0	0	81.3	62.70	18.60	Inf	Asn	90.1	high confidence set
GWHAAYW00000346	1	8315	8243	Ala	TGC	0	0	77.8	50.60	27.20	Inf	Ala	97.6	high confidence set
GWHAAYW00000358	1	7108	7181	Val	TAC	0	0	75.8	46.90	28.90	Inf	Val	88.9	high confidence set
GWHAAYW00000358	2	25765	25693	Trp	CCA	0	0	63.9	49.70	14.20	Inf	Trp	74.2	high confidence set
GWHAAYW00000378	1	35841	35770	Thr	TGT	0	0	82.3	63.80	18.50	Inf	Thr	88.6	high confidence set
GWHAAYW00000382	7	68214	68127	Ser	GCT	0	0	67.3	36.90	30.40	Inf	Ser	80.7	high confidence set
GWHAAYW00000387	1	15657	15584	Ile	AAT	0	0	87.2	63.90	23.30	Inf	Ile	107.5	high confidence set
GWHAAYW00000395	1	13106	13178	Ala	AGC	0	0	81.8	57.20	24.60	Inf	Ala	103.4	high confidence set
GWHAAYW00000397	5	51872	51944	Thr	TGT	0	0	66.2	47.40	18.80	Inf	Thr	80.6	high confidence set
GWHAAYW00000397	6	53302	53216	Ser	GGA	0	0	66.6	36.50	30.10	Inf	Ser	88.8	high confidence set
GWHAAYW00000406	1	17276	17204	Lys	CTT	0	0	84.6	66.70	17.90	Inf	Lys	101.5	high confidence set
GWHAAYW00000451	1	3539	3610	Sup	CTA	0	0	64.1	44.40	19.70	Inf	Asp	70.3	IPD:-70.30,unexpected anticodon
GWHAAYW00000451	2	20016	20087	Arg	TCT	0	0	78.1	60.50	17.60	Inf	Arg	94.4	high confidence set
GWHAAYW00000463	4	29741	29814	Trp	CCA	0	0	72.1	42.60	29.50	Inf	Thr	75.4	IPD:-18.90,isotype mismatch
GWHAAYW00000470	1	16475	16558	Tyr	GTA	16511	16522	69.4	45.40	24.00	Inf	Tyr	99.6	high confidence set
GWHAAYW00000471	1	12926	13013	Ser	GCT	0	0	67.3	36.90	30.40	Inf	Ser	80.7	high confidence set
GWHAAYW00000483	1	302	231	Arg	TCT	0	0	78.1	60.50	17.60	Inf	Arg	94.4	high confidence set
GWHAAYW00000492	1	22471	22558	Ser	GCT	0	0	67.3	36.90	30.40	Inf	Ser	80.7	high confidence set
GWHAAYW00000501	4	39731	39802	Thr	GGT	0	0	58.6	26.30	32.30	Inf	Thr	70.4	unexpected anticodon
GWHAAYW00000501	6	53880	53966	Ser	GGA	0	0	66.6	36.50	30.10	Inf	Ser	88.8	high confidence set
GWHAAYW00000501	8	55316	55244	Thr	TGT	0	0	66.2	47.40	18.80	Inf	Thr	80.6	high confidence set
GWHAAYW00000501	12	39036	38953	Tyr	GTA	0	0	53.8	32.50	21.30	Inf	Tyr	72.5	high confidence set
GWHAAYW00000505	1	23420	23492	Val	TAC	0	0	70.3	39.70	30.60	Inf	Thr	81.9	IPD:-23.20,isotype mismatch
GWHAAYW00000514	4	24980	24893	Ser	GCT	0	0	67.3	36.90	30.40	Inf	Ser	80.7	high confidence set
GWHAAYW00000518	3	27172	27245	Trp	CCA	0	0	72.1	42.60	29.50	Inf	Thr	75.4	IPD:-18.90,isotype mismatch
GWHAAYW00000525	4	31508	31425	Tyr	GTA	0	0	53.8	32.50	21.30	Inf	Tyr	72.5	high confidence set
GWHAAYW00000525	6	7536	7449	Ser	GCT	0	0	67.3	36.90	30.40	Inf	Ser	80.7	high confidence set
GWHAAYW00000530	1	2666	2753	Ser	GCT	0	0	67.3	36.90	30.40	Inf	Ser	80.7	high confidence set
GWHAAYW00000532	1	9076	9163	Ser	GCT	0	0	67.3	36.90	30.40	Inf	Ser	80.7	high confidence set
GWHAAYW00000535	2	2009	2082	Trp	CCA	0	0	72.1	42.60	29.50	Inf	Thr	75.4	IPD:-18.90,isotype mismatch
GWHAAYW00000535	3	23903	23975	Thr	TGT	0	0	66.2	47.40	18.80	Inf	Thr	80.6	high confidence set
GWHAAYW00000535	4	25338	25252	Ser	GGA	0	0	66.6	36.50	30.10	Inf	Ser	88.8	high confidence set
GWHAAYW00000539	4	38700	38771	Thr	GGT	0	0	58.6	26.30	32.30	Inf	Thr	70.4	unexpected anticodon
GWHAAYW00000539	6	38005	37922	Tyr	GTA	0	0	53.8	32.50	21.30	Inf	Tyr	72.5	high confidence set
GWHAAYW00000539	8	13958	13871	Ser	GCT	0	0	67.3	36.90	30.40	Inf	Ser	80.7	high confidence set
GWHAAYW00000541	4	7967	8050	Tyr	GTA	0	0	53.8	32.50	21.30	Inf	Tyr	72.5	high confidence set
GWHAAYW00000541	10	7272	7201	Thr	GGT	0	0	58.6	26.30	32.30	Inf	Thr	70.4	unexpected anticodon
GWHAAYW00000551	1	8071	8143	Thr	TGT	0	0	66.2	47.40	18.80	Inf	Thr	80.6	high confidence set
GWHAAYW00000551	5	24357	24440	Tyr	GTA	0	0	53.8	32.50	21.30	Inf	Tyr	72.5	high confidence set
GWHAAYW00000551	9	23662	23591	Thr	GGT	0	0	58.6	26.30	32.30	Inf	Thr	70.4	unexpected anticodon
GWHAAYW00000551	11	9507	9421	Ser	GGA	0	0	66.6	36.50	30.10	Inf	Ser	88.8	high confidence set
GWHAAYW00000552	1	13983	14070	Ser	GCT	0	0	67.3	36.90	30.40	Inf	Ser	80.7	high confidence set
GWHAAYW00000773	4	34119	34192	Trp	CCA	0	0	72.1	42.60	29.50	Inf	Thr	75.4	IPD:-18.90,isotype mismatch
GWHAAYW00000773	5	56013	56085	Thr	TGT	0	0	66.2	47.40	18.80	Inf	Thr	80.6	high confidence set
GWHAAYW00000773	9	72263	72346	Tyr	GTA	0	0	53.8	32.50	21.30	Inf	Tyr	72.5	high confidence set
GWHAAYW00000773	11	96125	96212	Ser	GCT	0	0	67.3	36.90	30.40	Inf	Ser	80.7	high confidence set
GWHAAYW00000773	19	57449	57363	Ser	GGA	0	0	66.6	36.50	30.10	Inf	Ser	88.8	high confidence set
GWHAAYW00000776	6	53653	53566	Ser	GCT	0	0	67.3	36.90	30.40	Inf	Ser	80.7	high confidence set
GWHAAYW00000784	3	28549	28620	Thr	GGT	0	0	58.6	26.30	32.30	Inf	Thr	70.4	unexpected anticodon
GWHAAYW00000784	5	42705	42791	Ser	GGA	0	0	66.6	36.50	30.10	Inf	Ser	88.8	high confidence set
GWHAAYW00000784	11	66042	65969	Trp	CCA	0	0	72.1	42.60	29.50	Inf	Thr	75.4	IPD:-18.90,isotype mismatch
GWHAAYW00000784	12	44141	44069	Thr	TGT	0	0	66.2	47.40	18.80	Inf	Thr	80.6	high confidence set
GWHAAYW00000784	16	27854	27771	Tyr	GTA	0	0	53.8	32.50	21.30	Inf	Tyr	72.5	high confidence set
GWHAAYW00000786	3	26139	26210	Thr	GGT	0	0	58.6	26.30	32.30	Inf	Thr	70.4	unexpected anticodon
GWHAAYW00000786	5	40284	40370	Ser	GGA	0	0	66.6	36.50	30.10	Inf	Ser	88.8	high confidence set
GWHAAYW00000786	8	41719	41647	Thr	TGT	0	0	66.2	47.40	18.80	Inf	Thr	80.6	high confidence set
GWHAAYW00000786	12	25444	25361	Tyr	GTA	0	0	53.8	32.50	21.30	Inf	Tyr	72.5	high confidence set
GWHAAYW00000791	5	52454	52527	Trp	CCA	0	0	72.1	42.60	29.50	Inf	Thr	75.4	IPD:-18.90,isotype mismatch
GWHAAYW00000791	6	74258	74330	Thr	TGT	0	0	66.2	47.40	18.80	Inf	Thr	80.6	high confidence set
GWHAAYW00000791	7	75690	75604	Ser	GGA	0	0	66.6	36.50	30.10	Inf	Ser	88.8	high confidence set
GWHAAYW00000793	5	41032	40945	Ser	GCT	0	0	67.3	36.90	30.40	Inf	Ser	80.7	high confidence set
