Sequence  		tRNA  	Bounds	tRNA	Anti	Intron Bounds	Inf	HMM	2'Str	Hit	Isotype	Isotype	      
Name      	tRNA#	Begin 	End   	Type	Codon	Begin	End	Score	Score	Score	Origin	CM	Score	Note
--------  	------	----- 	------	----	-----	-----	----	------	-----	-----	------	-------	-------	------
Scaffold3	1	27041	26970	iMet	CAT	0	0	54.2	20.40	33.80	Inf	iMet	110.3	high confidence set
Scaffold7	1	103226	103297	Cys	GCA	0	0	80.9	57.20	23.70	Inf	Cys	104.1	high confidence set
Scaffold7	2	170723	170650	Ile	TAT	0	0	85.9	70.60	15.30	Inf	Ile	103.9	high confidence set
Scaffold50	1	496842	496922	Leu	AAG	0	0	71.4	51.10	20.30	Inf	Leu	108.5	high confidence set
Scaffold53	1	74561	74488	Thr	AGT	0	0	70.2	46.10	24.10	Inf	Thr	83.6	high confidence set
Scaffold62	1	83762	83679	Leu	CAA	0	0	79.5	54.50	25.00	Inf	Leu	126.8	high confidence set
Scaffold83	1	24061	24132	Thr	CGT	0	0	82.3	55.00	27.30	Inf	Thr	83.7	high confidence set
Scaffold84	1	91375	91446	Lys	TTT	0	0	84.7	67.70	17.00	Inf	Lys	86.5	high confidence set
Scaffold86	1	141093	141022	Gln	TTG	0	0	73.5	53.70	19.80	Inf	Gln	104.8	high confidence set
Scaffold90	1	69293	69365	Glu	CTC	0	0	76.3	50.40	25.90	Inf	Glu	91.1	high confidence set
Scaffold96	1	52395	52479	Met	CAT	52433	52443	64.2	40.80	23.40	Inf	Met	104.0	high confidence set
Scaffold96	2	368810	368881	Gln	TTG	0	0	73.5	53.70	19.80	Inf	Gln	104.8	high confidence set
Scaffold114	1	265625	265709	Met	CAT	265663	265673	64.2	40.80	23.40	Inf	Met	104.0	high confidence set
Scaffold133	1	189253	189325	Val	TAC	0	0	74.4	44.00	30.40	Inf	Val	103.3	high confidence set
Scaffold133	2	247886	247957	Lys	TTT	0	0	92.3	68.60	23.70	Inf	Lys	93.4	high confidence set
Scaffold133	3	218827	218746	Ser	TGA	0	0	79.2	43.90	35.30	Inf	Ser	118.5	high confidence set
Scaffold133	4	196816	196731	Met	CAT	196778	196767	70.4	48.50	21.90	Inf	Met	105.8	high confidence set
Scaffold134	1	724	639	Tyr	GTA	687	675	74.2	42.50	31.70	Inf	Tyr	108.6	high confidence set
Scaffold154	1	126505	126585	Leu	AAG	0	0	71.4	51.10	20.30	Inf	Leu	108.5	high confidence set
Scaffold154	2	108662	108580	Leu	TAA	0	0	72.9	35.60	37.30	Inf	Leu	100.3	high confidence set
Scaffold154	3	94530	94458	Arg	TCT	0	0	71.3	51.70	19.60	Inf	Arg	95.1	high confidence set
Scaffold157	1	46287	46358	His	GTG	0	0	63.0	33.70	29.30	Inf	His	91.2	high confidence set
Scaffold157	2	22710	22630	Leu	AAG	0	0	71.4	51.10	20.30	Inf	Leu	108.5	high confidence set
Scaffold202	1	49165	49093	Arg	ACG	0	0	72.9	50.30	22.60	Inf	Arg	91.8	high confidence set
Scaffold216	1	179521	179592	Thr	TGT	0	0	83.0	58.30	24.70	Inf	Thr	92.4	high confidence set
Scaffold228	1	3322	3395	Asn	GTT	0	0	83.3	58.10	25.20	Inf	Asn	93.9	high confidence set
Scaffold228	2	168647	168729	Leu	TAA	0	0	72.9	35.60	37.30	Inf	Leu	100.3	high confidence set
Scaffold228	3	197439	197511	Arg	TCT	0	0	71.0	51.20	19.80	Inf	Arg	99.1	high confidence set
Scaffold228	4	169034	168952	Leu	TAA	0	0	72.9	35.60	37.30	Inf	Leu	100.3	high confidence set
Scaffold239	1	195952	196024	Arg	TCT	0	0	71.3	51.70	19.60	Inf	Arg	95.1	high confidence set
Scaffold248	1	465055	465128	Val	AAC	0	0	72.5	48.10	24.40	Inf	Val	100.2	high confidence set
Scaffold334	1	116937	116865	Phe	GAA	0	0	78.3	58.40	19.90	Inf	Phe	113.2	high confidence set
Scaffold342	1	128314	128385	iMet	CAT	0	0	58.3	28.10	30.20	Inf	iMet	118.7	high confidence set
Scaffold380	1	58347	58275	Arg	TCT	0	0	70.7	50.70	20.00	Inf	Arg	91.3	high confidence set
Scaffold402	1	250305	250385	Leu	AAG	0	0	71.4	51.10	20.30	Inf	Leu	108.5	high confidence set
Scaffold402	2	242596	242516	Leu	CAG	0	0	70.7	49.80	20.90	Inf	Leu	111.3	high confidence set
Scaffold410	1	22668	22739	Glu	TTC	0	0	70.8	46.30	24.50	Inf	Glu	99.2	high confidence set
Scaffold434	1	6415	6496	Ser	AGA	0	0	77.0	42.20	34.80	Inf	Ser	112.5	high confidence set
Scaffold447	1	47842	47913	Thr	CGT	0	0	73.4	52.30	21.10	Inf	Thr	80.7	high confidence set
Scaffold450	1	130051	130122	Gln	TTG	0	0	73.5	53.70	19.80	Inf	Gln	104.8	high confidence set
Scaffold483	1	56119	56191	Phe	GAA	0	0	78.3	58.40	19.90	Inf	Phe	113.2	high confidence set
Scaffold483	2	250362	250290	Ala	CGC	0	0	67.5	42.90	24.60	Inf	Ala	99.2	high confidence set
Scaffold483	3	229378	229307	Gln	CTG	0	0	73.7	48.90	24.80	Inf	Gln	101.0	high confidence set
Scaffold487	1	16984	16911	Val	AAC	0	0	72.5	48.10	24.40	Inf	Val	100.2	high confidence set
Scaffold495	1	117061	116990	Pro	TGG	0	0	69.2	36.90	32.30	Inf	Pro	112.8	high confidence set
Scaffold531	1	53661	53732	Asp	GTC	0	0	67.0	47.30	19.70	Inf	Asp	95.1	high confidence set
Scaffold534	1	76585	76657	Ala	AGC	0	0	63.4	38.20	25.20	Inf	Ala	98.3	high confidence set
Scaffold534	2	161462	161390	Ala	AGC	0	0	63.4	38.20	25.20	Inf	Ala	98.3	high confidence set
Scaffold535	1	3964	3892	Ala	AGC	0	0	63.4	38.20	25.20	Inf	Ala	98.3	high confidence set
Scaffold537	1	61736	61809	Asn	GTT	0	0	83.3	58.10	25.20	Inf	Asn	93.9	high confidence set
Scaffold542	1	102566	102637	Lys	TTT	0	0	82.9	68.40	14.50	Inf	Lys	89.9	high confidence set
Scaffold542	2	143153	143225	Ala	AGC	0	0	63.4	38.20	25.20	Inf	Ala	98.3	high confidence set
Scaffold551	1	87995	87925	Gly	CCC	0	0	65.4	28.10	37.30	Inf	Gly	85.4	high confidence set
Scaffold566	1	52415	52487	Lys	CTT	0	0	87.7	67.60	20.10	Inf	Lys	106.7	high confidence set
Scaffold567	1	138111	138038	Thr	AGT	0	0	73.6	45.20	28.40	Inf	Thr	88.6	high confidence set
Scaffold568	1	4369	4453	Met	CAT	4407	4417	64.2	40.80	23.40	Inf	Met	104.0	high confidence set
Scaffold568	2	193261	193340	Leu	TAG	0	0	69.5	48.50	21.00	Inf	Leu	111.5	high confidence set
Scaffold568	3	750406	750478	Arg	ACG	0	0	72.9	50.30	22.60	Inf	Arg	91.8	high confidence set
Scaffold568	4	825563	825490	Ile	AAT	0	0	85.5	59.00	26.50	Inf	Ile	109.4	high confidence set
Scaffold568	5	589137	589066	Gly	TCC	0	0	74.1	46.70	27.40	Inf	Gly	84.2	high confidence set
Scaffold568	6	567097	567024	Val	AAC	0	0	72.5	48.10	24.40	Inf	Val	100.2	high confidence set
Scaffold568	7	220306	220235	Trp	CCA	0	0	75.8	51.20	24.60	Inf	Trp	105.6	high confidence set
Scaffold568	8	6610	6537	Arg	TCG	0	0	81.9	60.40	21.50	Inf	Arg	92.9	high confidence set
Scaffold569	1	28706	28785	Leu	TAG	0	0	64.9	47.00	17.90	Inf	Leu	108.8	high confidence set
Scaffold570	1	103457	103385	Phe	GAA	0	0	78.3	58.40	19.90	Inf	Phe	113.2	high confidence set
Scaffold612	1	67640	67722	Leu	TAA	0	0	67.5	30.20	37.30	Inf	Leu	94.2	high confidence set
Scaffold612	2	362000	362071	Lys	TTT	0	0	92.3	68.60	23.70	Inf	Lys	93.4	high confidence set
Scaffold613	1	16155	16084	Pro	AGG	0	0	67.4	34.70	32.70	Inf	Pro	112.3	high confidence set
Scaffold629	1	66790	66862	Val	TAC	0	0	74.4	44.00	30.40	Inf	Val	103.3	high confidence set
Scaffold684	1	80710	80783	Ile	AAT	0	0	86.4	57.90	28.50	Inf	Ile	108.4	high confidence set
Scaffold686	1	69494	69575	Ser	GCT	0	0	81.7	47.50	34.20	Inf	Ser	112.3	high confidence set
Scaffold686	2	122968	123038	Gly	GCC	0	0	66.5	44.80	21.70	Inf	Gly	94.4	high confidence set
Scaffold690	1	190523	190443	Leu	AAG	0	0	71.4	51.10	20.30	Inf	Leu	108.5	high confidence set
Scaffold690	2	139415	139344	Asp	GTC	0	0	67.0	47.30	19.70	Inf	Asp	95.1	high confidence set
Scaffold769	1	43550	43621	Gln	TTG	0	0	73.5	53.70	19.80	Inf	Gln	104.8	high confidence set
Scaffold787	1	52455	52370	Met	CAT	52417	52406	64.2	40.80	23.40	Inf	Met	104.0	high confidence set
Scaffold799	1	404175	404256	Ser	TGA	0	0	79.6	44.60	35.00	Inf	Ser	121.3	high confidence set
Scaffold799	2	285322	285251	Glu	TTC	0	0	69.9	45.30	24.60	Inf	Glu	99.4	high confidence set
Scaffold799	3	122455	122383	Glu	CTC	0	0	76.3	50.40	25.90	Inf	Glu	91.1	high confidence set
Scaffold824	1	52701	52629	Arg	CCG	0	0	69.5	52.30	17.20	Inf	Arg	96.0	high confidence set
Scaffold834	1	145695	145784	Tyr	GTA	145732	145748	74.0	42.30	31.70	Inf	Tyr	108.6	high confidence set
Scaffold836	1	9518	9445	Val	AAC	0	0	72.5	48.10	24.40	Inf	Val	100.2	high confidence set
Scaffold846	1	20362	20433	Gln	CTG	0	0	74.7	50.50	24.20	Inf	Gln	100.9	high confidence set
Scaffold894	1	11241	11313	Ala	TGC	0	0	70.0	45.30	24.70	Inf	Ala	100.6	high confidence set
Scaffold897	1	69598	69670	Phe	GAA	0	0	78.3	58.40	19.90	Inf	Phe	113.2	high confidence set
Scaffold917	1	245902	245986	Met	CAT	245940	245950	64.2	40.80	23.40	Inf	Met	104.0	high confidence set
Scaffold917	2	364565	364493	Arg	ACG	0	0	73.2	50.90	22.30	Inf	Arg	94.3	high confidence set
Scaffold917	3	150922	150850	Arg	CCT	0	0	72.3	51.10	21.20	Inf	Arg	81.9	high confidence set
Scaffold925	1	86582	86510	Lys	CTT	0	0	87.7	67.60	20.10	Inf	Lys	106.7	high confidence set
Scaffold926	1	131068	131139	Glu	TTC	0	0	69.9	45.30	24.60	Inf	Glu	99.4	high confidence set
Scaffold926	2	203164	203236	Val	TAC	0	0	74.4	44.00	30.40	Inf	Val	103.3	high confidence set
Scaffold926	3	302033	301961	Glu	CTC	0	0	77.0	51.50	25.50	Inf	Glu	91.5	high confidence set
Scaffold965	1	12603	12531	Arg	TCT	0	0	71.3	51.40	19.90	Inf	Arg	88.7	high confidence set
Scaffold990	1	20472	20544	Ala	AGC	0	0	63.4	38.20	25.20	Inf	Ala	98.3	high confidence set
Scaffold993	1	21911	21994	Leu	CAA	0	0	79.5	54.50	25.00	Inf	Leu	126.8	high confidence set
Scaffold993	2	15353	15280	Thr	AGT	0	0	65.7	37.20	28.50	Inf	Thr	80.6	high confidence set
Scaffold1013	1	81805	81724	Ser	AGA	0	0	69.2	41.30	27.90	Inf	Ser	105.1	high confidence set
Scaffold1036	1	129660	129587	Val	CAC	0	0	81.5	53.50	28.00	Inf	Val	103.7	high confidence set
Scaffold1078	1	62940	63021	Ser	AGA	0	0	77.8	43.40	34.40	Inf	Ser	110.9	high confidence set
Scaffold1078	2	69729	69658	Asp	GTC	0	0	67.0	47.30	19.70	Inf	Asp	95.1	high confidence set
Scaffold1080	1	43243	43171	Ala	CGC	0	0	67.5	42.90	24.60	Inf	Ala	99.2	high confidence set
Scaffold1085	1	62282	62363	Ser	GCT	0	0	80.5	45.20	35.30	Inf	Ser	109.5	high confidence set
Scaffold1085	2	231104	231024	Leu	AAG	0	0	71.4	51.10	20.30	Inf	Leu	108.5	high confidence set
Scaffold1085	3	26000	25928	Arg	CCT	0	0	74.8	55.90	18.90	Inf	Arg	87.5	high confidence set
Scaffold1157	1	106675	106746	iMet	CAT	0	0	58.3	28.10	30.20	Inf	iMet	118.7	high confidence set
Scaffold1189	1	70253	70181	Glu	CTC	0	0	66.7	48.70	18.00	Inf	Glu	81.1	high confidence set
Scaffold1194	1	209308	209235	Ile	AAT	0	0	85.5	59.00	26.50	Inf	Ile	109.4	high confidence set
Scaffold1195	1	39577	39506	Pro	TGG	0	0	68.5	35.70	32.80	Inf	Pro	111.2	high confidence set
Scaffold1195	2	35530	35459	Pro	TGG	0	0	68.5	35.70	32.80	Inf	Pro	111.2	high confidence set
Scaffold1195	3	34704	34633	Pro	TGG	0	0	68.5	35.70	32.80	Inf	Pro	111.2	high confidence set
Scaffold1195	4	33736	33665	Pro	AGG	0	0	67.4	34.70	32.70	Inf	Pro	112.3	high confidence set
Scaffold1195	5	32816	32745	Pro	TGG	0	0	68.5	35.70	32.80	Inf	Pro	111.2	high confidence set
Scaffold1195	6	31841	31770	Pro	CGG	0	0	65.9	33.20	32.70	Inf	Pro	106.1	high confidence set
Scaffold1195	7	30964	30893	Pro	AGG	0	0	67.4	34.70	32.70	Inf	Pro	112.3	high confidence set
Scaffold1195	8	30645	30574	Pro	TGG	0	0	68.5	35.70	32.80	Inf	Pro	111.2	high confidence set
Scaffold1220	1	5923	5851	Arg	ACG	0	0	71.4	49.50	21.90	Inf	Arg	91.0	high confidence set
Scaffold1225	1	386942	387013	Gln	CTG	0	0	71.1	46.00	25.10	Inf	Gln	100.8	high confidence set
Scaffold1226	1	104514	104597	Leu	CAA	0	0	78.5	55.10	23.40	Inf	Leu	119.0	high confidence set
Scaffold1305	1	95086	95158	Arg	TCT	0	0	70.3	51.60	18.70	Inf	Arg	94.3	high confidence set
Scaffold1317	1	86164	86237	Val	AAC	0	0	72.5	48.10	24.40	Inf	Val	100.2	high confidence set
Scaffold1336	1	64416	64344	Phe	GAA	0	0	78.3	58.40	19.90	Inf	Phe	113.2	high confidence set
Scaffold1372	1	81336	81407	Gln	CTG	0	0	71.1	46.00	25.10	Inf	Gln	100.8	high confidence set
Scaffold1508	1	471081	471154	Val	AAC	0	0	68.9	46.70	22.20	Inf	Val	92.5	high confidence set
Scaffold1508	2	699694	699622	Glu	CTC	0	0	76.3	50.40	25.90	Inf	Glu	91.1	high confidence set
Scaffold1508	3	392391	392308	Leu	CAA	0	0	82.0	55.00	27.00	Inf	Leu	127.3	high confidence set
Scaffold1508	4	349946	349873	Ile	AAT	0	0	86.4	57.90	28.50	Inf	Ile	108.4	high confidence set
Scaffold1562	1	43969	44042	Thr	AGT	0	0	73.6	45.20	28.40	Inf	Thr	88.6	high confidence set
Scaffold1569	1	29326	29253	Val	CAC	0	0	81.5	53.50	28.00	Inf	Val	103.7	high confidence set
Scaffold1613	1	9861	9790	Asp	GTC	0	0	67.0	47.30	19.70	Inf	Asp	95.1	high confidence set
Scaffold1629	1	339035	338963	Phe	GAA	0	0	78.3	58.40	19.90	Inf	Phe	113.2	high confidence set
Scaffold1632	1	137915	137844	Gln	TTG	0	0	73.5	53.70	19.80	Inf	Gln	104.8	high confidence set
Scaffold1636	1	24546	24618	Lys	CTT	0	0	87.7	67.60	20.10	Inf	Lys	106.7	high confidence set
Scaffold1636	2	3798	3726	Lys	CTT	0	0	87.7	67.60	20.10	Inf	Lys	106.7	high confidence set
Scaffold1636	3	2949	2877	Lys	CTT	0	0	87.7	67.60	20.10	Inf	Lys	106.7	high confidence set
Scaffold1637	1	10357	10428	Cys	GCA	0	0	78.6	59.10	19.50	Inf	Cys	101.1	high confidence set
Scaffold1655	1	76230	76301	Pro	CGG	0	0	68.2	35.30	32.90	Inf	Pro	113.0	high confidence set
Scaffold1655	2	125750	125679	Val	CAC	0	0	62.4	44.50	17.90	Inf	Val	89.4	high confidence set
Scaffold1658	1	39185	39113	Ala	TGC	0	0	70.0	45.30	24.70	Inf	Ala	100.6	high confidence set
Scaffold1671	1	190969	191039	Gly	GCC	0	0	66.5	44.80	21.70	Inf	Gly	94.4	high confidence set
Scaffold1671	2	360600	360684	Met	CAT	360638	360648	64.2	40.80	23.40	Inf	Met	104.0	high confidence set
Scaffold1671	3	855666	855737	Thr	TGT	0	0	83.0	58.30	24.70	Inf	Thr	92.4	high confidence set
Scaffold1671	4	1002075	1002148	Ile	AAT	0	0	85.5	59.00	26.50	Inf	Ile	109.4	high confidence set
Scaffold1671	5	1049794	1049866	Ala	AGC	0	0	63.4	38.20	25.20	Inf	Ala	98.3	high confidence set
Scaffold1671	6	1201192	1201265	Ile	TAT	0	0	85.9	70.60	15.30	Inf	Ile	103.9	high confidence set
Scaffold1671	7	1364332	1364404	Ala	AGC	0	0	63.4	38.20	25.20	Inf	Ala	98.3	high confidence set
Scaffold1671	8	1445619	1445548	His	GTG	0	0	63.0	33.70	29.30	Inf	His	86.8	high confidence set
Scaffold1671	9	1181553	1181483	Gly	GCC	0	0	66.5	44.80	21.70	Inf	Gly	94.4	high confidence set
Scaffold1671	10	1133406	1133336	Gly	GCC	0	0	66.5	44.80	21.70	Inf	Gly	94.4	high confidence set
Scaffold1671	11	1129737	1129667	Gly	GCC	0	0	66.5	44.80	21.70	Inf	Gly	94.4	high confidence set
Scaffold1671	12	1127150	1127078	Arg	CCT	0	0	74.8	55.90	18.90	Inf	Arg	87.5	high confidence set
Scaffold1671	13	628166	628093	Asn	GTT	0	0	83.3	58.10	25.20	Inf	Asn	93.9	high confidence set
Scaffold1696	1	37615	37687	Ala	AGC	0	0	63.4	38.20	25.20	Inf	Ala	98.3	high confidence set
Scaffold1696	2	162648	162719	iMet	CAT	0	0	58.3	28.10	30.20	Inf	iMet	118.7	high confidence set
Scaffold1714	1	41855	41767	Tyr	GTA	41818	41803	74.1	42.40	31.70	Inf	Tyr	108.6	high confidence set
Scaffold1718	1	8009	7936	Thr	AGT	0	0	76.0	48.40	27.60	Inf	Thr	90.6	high confidence set
Scaffold1725	2	435901	435972	Trp	CCA	0	0	75.8	51.20	24.60	Inf	Trp	105.6	high confidence set
Scaffold1725	3	516692	516765	Arg	TCG	0	0	82.3	61.00	21.30	Inf	Arg	91.9	high confidence set
Scaffold1725	4	382916	382835	Ser	AGA	0	0	77.0	42.20	34.80	Inf	Ser	112.5	high confidence set
Scaffold1884	1	65398	65471	Val	AAC	0	0	72.5	48.10	24.40	Inf	Val	100.2	high confidence set
Scaffold1884	2	67102	67175	Val	AAC	0	0	72.5	48.10	24.40	Inf	Val	100.2	high confidence set
Scaffold1952	1	48793	48714	Leu	TAG	0	0	69.5	48.50	21.00	Inf	Leu	111.5	high confidence set
Scaffold1954	1	35478	35549	Pro	AGG	0	0	68.2	35.90	32.30	Inf	Pro	113.9	high confidence set
Scaffold1961	1	14186	14269	Leu	CAA	0	0	79.5	54.50	25.00	Inf	Leu	126.8	high confidence set
Scaffold1968	1	419706	419778	Val	TAC	0	0	74.4	44.00	30.40	Inf	Val	103.3	high confidence set
Scaffold1968	2	422668	422596	Lys	CTT	0	0	87.7	67.60	20.10	Inf	Lys	106.7	high confidence set
Scaffold1968	3	235927	235856	Gln	CTG	0	0	72.9	45.60	27.30	Inf	Gln	101.1	high confidence set
Scaffold1968	4	13117	13046	His	GTG	0	0	63.0	33.70	29.30	Inf	His	86.8	high confidence set
Scaffold2007	1	181547	181620	Asn	GTT	0	0	81.4	54.70	26.70	Inf	Asn	91.8	high confidence set
Scaffold2007	2	163064	162991	Ile	AAT	0	0	85.5	59.00	26.50	Inf	Ile	109.4	high confidence set
Scaffold2007	3	88466	88395	Glu	TTC	0	0	69.9	45.30	24.60	Inf	Glu	99.4	high confidence set
Scaffold2117	1	228744	228671	Val	CAC	0	0	81.5	53.50	28.00	Inf	Val	103.7	high confidence set
Scaffold2175	1	2983	3054	Asp	GTC	0	0	69.8	46.80	23.00	Inf	Asp	94.5	high confidence set
Scaffold2175	2	3183	3110	Val	AAC	0	0	72.5	48.10	24.40	Inf	Val	100.2	high confidence set
Scaffold2231	1	65340	65413	Val	CAC	0	0	81.5	53.50	28.00	Inf	Val	103.7	high confidence set
Scaffold2240	1	131980	132053	Arg	TCG	0	0	82.3	61.00	21.30	Inf	Arg	91.9	high confidence set
Scaffold2300	1	2908	2836	Arg	ACG	0	0	72.9	50.30	22.60	Inf	Arg	91.8	high confidence set
Scaffold2350	1	61236	61308	Glu	CTC	0	0	76.3	50.40	25.90	Inf	Glu	91.1	high confidence set
Scaffold2374	1	182746	182817	Trp	CCA	0	0	75.8	51.20	24.60	Inf	Trp	105.6	high confidence set
Scaffold2374	2	35648	35565	Tyr	GTA	35611	35601	74.3	42.60	31.70	Inf	Tyr	108.6	high confidence set
Scaffold2383	1	5825	5896	Cys	GCA	0	0	80.8	53.70	27.10	Inf	Cys	103.2	high confidence set
Scaffold2438	1	89598	89669	His	GTG	0	0	63.0	33.70	29.30	Inf	His	91.2	high confidence set
Scaffold2471	1	41897	41969	Arg	TCT	0	0	70.7	50.70	20.00	Inf	Arg	91.3	high confidence set
Scaffold2471	2	132677	132747	Gly	GCC	0	0	72.4	44.30	28.10	Inf	Gly	96.5	high confidence set
Scaffold2475	1	597	526	iMet	CAT	0	0	58.3	28.10	30.20	Inf	iMet	118.7	high confidence set
Scaffold2481	1	43645	43717	Arg	CCT	0	0	74.8	55.90	18.90	Inf	Arg	87.5	high confidence set
Scaffold2515	1	153117	153198	Ser	CGA	0	0	75.0	42.50	32.50	Inf	Ser	116.9	high confidence set
Scaffold2515	2	154603	154522	Ser	TGA	0	0	81.1	46.70	34.40	Inf	Ser	122.5	high confidence set
Scaffold2515	3	126042	125969	Arg	TCG	0	0	82.3	61.00	21.30	Inf	Arg	91.9	high confidence set
Scaffold2519	1	9611	9691	Leu	AAG	0	0	71.4	51.10	20.30	Inf	Leu	108.5	high confidence set
Scaffold2552	1	38786	38715	Pro	AGG	0	0	67.4	34.70	32.70	Inf	Pro	112.3	high confidence set
Scaffold2623	1	25094	25167	Val	CAC	0	0	81.5	53.50	28.00	Inf	Val	103.7	high confidence set
Scaffold2636	1	91878	91948	Gly	GCC	0	0	66.5	44.80	21.70	Inf	Gly	94.4	high confidence set
Scaffold2654	1	30314	30241	Asn	GTT	0	0	74.7	49.60	25.10	Inf	Asn	86.8	high confidence set
Scaffold2692	1	91006	91089	Leu	CAA	0	0	79.5	54.50	25.00	Inf	Leu	126.8	high confidence set
Scaffold2848	1	282250	282321	iMet	CAT	0	0	58.3	28.10	30.20	Inf	iMet	118.7	high confidence set
Scaffold2849	1	28937	28865	Val	TAC	0	0	74.4	44.00	30.40	Inf	Val	103.3	high confidence set
Scaffold2925	1	97682	97599	Leu	CAA	0	0	75.5	51.80	23.70	Inf	Leu	120.7	high confidence set
Scaffold2961	1	108679	108750	Pro	CGG	0	0	68.2	35.30	32.90	Inf	Pro	113.0	high confidence set
Scaffold3138	1	5282	5353	iMet	CAT	0	0	58.3	28.10	30.20	Inf	iMet	118.7	high confidence set
Scaffold3264	1	5136	5065	Gly	TCC	0	0	74.1	46.70	27.40	Inf	Gly	84.2	high confidence set
Scaffold3356	1	265136	265065	Trp	CCA	0	0	75.8	51.20	24.60	Inf	Trp	105.6	high confidence set
Scaffold3373	1	147220	147140	Leu	AAG	0	0	71.4	51.10	20.30	Inf	Leu	108.5	high confidence set
Scaffold3501	1	417455	417383	Ala	TGC	0	0	70.0	45.30	24.70	Inf	Ala	100.6	high confidence set
Scaffold3501	2	416267	416195	Ala	TGC	0	0	70.0	45.30	24.70	Inf	Ala	100.6	high confidence set
Scaffold3517	1	32759	32830	Pro	TGG	0	0	68.5	35.70	32.80	Inf	Pro	111.2	high confidence set
Scaffold3517	2	33188	33259	Pro	TGG	0	0	68.5	35.70	32.80	Inf	Pro	111.2	high confidence set
Scaffold3517	3	33592	33663	Pro	TGG	0	0	68.5	35.70	32.80	Inf	Pro	111.2	high confidence set
Scaffold3517	4	34569	34640	Pro	TGG	0	0	68.5	35.70	32.80	Inf	Pro	111.2	high confidence set
Scaffold3517	5	35207	35278	Pro	TGG	0	0	68.5	35.70	32.80	Inf	Pro	111.2	high confidence set
Scaffold3517	6	38428	38499	Pro	TGG	0	0	68.5	35.70	32.80	Inf	Pro	111.2	high confidence set
Scaffold3517	7	38865	38936	Pro	TGG	0	0	68.5	35.70	32.80	Inf	Pro	111.2	high confidence set
Scaffold3517	8	39446	39517	Pro	TGG	0	0	68.5	35.70	32.80	Inf	Pro	111.2	high confidence set
Scaffold3517	9	40106	40177	Pro	AGG	0	0	67.4	34.70	32.70	Inf	Pro	112.3	high confidence set
Scaffold3517	10	40535	40606	Pro	TGG	0	0	68.5	35.70	32.80	Inf	Pro	111.2	high confidence set
Scaffold3517	11	40960	41031	Pro	TGG	0	0	68.5	35.70	32.80	Inf	Pro	111.2	high confidence set
Scaffold3517	12	41419	41490	Pro	TGG	0	0	68.5	35.70	32.80	Inf	Pro	111.2	high confidence set
Scaffold3517	14	46511	46582	Pro	TGG	0	0	68.5	35.70	32.80	Inf	Pro	111.2	high confidence set
Scaffold3517	15	48089	48160	Pro	TGG	0	0	68.5	35.70	32.80	Inf	Pro	111.2	high confidence set
Scaffold3517	16	48653	48724	Pro	TGG	0	0	68.5	35.70	32.80	Inf	Pro	111.2	high confidence set
Scaffold3517	17	49082	49153	Pro	TGG	0	0	68.5	35.70	32.80	Inf	Pro	111.2	high confidence set
Scaffold3517	18	148093	148165	Glu	CTC	0	0	76.3	50.40	25.90	Inf	Glu	91.1	high confidence set
Scaffold3706	1	72627	72556	Thr	TGT	0	0	83.0	58.30	24.70	Inf	Thr	92.4	high confidence set
Scaffold3807	1	235637	235564	Thr	AGT	0	0	73.6	45.20	28.40	Inf	Thr	88.6	high confidence set
Scaffold3807	2	146138	146054	Met	CAT	146100	146090	64.2	40.80	23.40	Inf	Met	104.0	high confidence set
Scaffold3906	1	1643	1571	Arg	TCT	0	0	71.0	51.20	19.80	Inf	Arg	99.1	high confidence set
Scaffold3930	1	16782	16853	Asp	GTC	0	0	60.4	47.60	12.80	Inf	Asp	89.8	high confidence set
Scaffold3957	1	19189	19260	Asp	GTC	0	0	67.0	47.30	19.70	Inf	Asp	95.1	high confidence set
Scaffold3997	1	8581	8661	Leu	AAG	0	0	71.4	51.10	20.30	Inf	Leu	108.5	high confidence set
Scaffold4031	1	63714	63642	Arg	CCG	0	0	66.7	50.30	16.40	Inf	Arg	89.5	high confidence set
Scaffold4084	1	4230	4318	Tyr	GTA	4267	4282	74.1	42.40	31.70	Inf	Tyr	108.6	high confidence set
Scaffold4093	1	18031	18112	Ser	CGA	0	0	82.0	46.70	35.30	Inf	Ser	127.3	high confidence set
Scaffold4138	1	65131	65060	Pro	TGG	0	0	69.2	36.90	32.30	Inf	Pro	112.8	high confidence set
Scaffold4306	1	46437	46508	Gly	TCC	0	0	74.1	46.70	27.40	Inf	Gly	84.2	high confidence set
Scaffold4354	1	21310	21393	Tyr	GTA	21347	21357	74.3	42.60	31.70	Inf	Tyr	108.6	high confidence set
Scaffold4354	2	25527	25455	Phe	GAA	0	0	78.3	58.40	19.90	Inf	Phe	113.2	high confidence set
Scaffold4395	1	56431	56502	Gly	TCC	0	0	74.1	46.70	27.40	Inf	Gly	84.2	high confidence set
Scaffold4395	2	221674	221746	Arg	CCG	0	0	66.3	50.00	16.30	Inf	Arg	88.7	high confidence set
Scaffold4395	3	332862	332933	Pro	AGG	0	0	68.2	35.90	32.30	Inf	Pro	113.9	high confidence set
Scaffold4395	4	390411	390482	Glu	TTC	0	0	69.9	45.30	24.60	Inf	Glu	99.4	high confidence set
Scaffold4395	5	434140	434212	Ala	TGC	0	0	70.0	45.30	24.70	Inf	Ala	100.6	high confidence set
Scaffold4395	7	797880	797799	Ser	AGA	0	0	77.0	42.20	34.80	Inf	Ser	112.5	high confidence set
Scaffold4395	8	309243	309171	Ala	TGC	0	0	70.0	45.30	24.70	Inf	Ala	100.6	high confidence set
Scaffold4491	1	34015	34088	Val	AAC	0	0	72.5	48.10	24.40	Inf	Val	100.2	high confidence set
Scaffold4538	1	31564	31493	His	GTG	0	0	63.0	33.70	29.30	Inf	His	86.8	high confidence set
Scaffold4553	1	108457	108373	Tyr	GTA	108420	108409	74.2	42.50	31.70	Inf	Tyr	108.6	high confidence set
Scaffold4686	1	54322	54404	Leu	TAA	0	0	67.5	30.20	37.30	Inf	Leu	94.2	high confidence set
Scaffold4739	1	15316	15230	Tyr	GTA	15279	15266	74.2	42.40	31.80	Inf	Tyr	108.6	high confidence set
Scaffold4909	1	83449	83520	Glu	TTC	0	0	69.9	45.30	24.60	Inf	Glu	99.4	high confidence set
Scaffold5018	1	11155	11084	Pro	TGG	0	0	69.2	36.90	32.30	Inf	Pro	112.8	high confidence set
Scaffold5105	1	19543	19458	Tyr	GTA	19506	19494	66.2	34.50	31.70	Inf	Tyr	101.2	high confidence set
Scaffold5120	1	66899	66776	Ser	GGA	66861	66825	56.2	31.40	24.80	Inf	Ser	89.7	unexpected anticodon
Scaffold5414	1	44870	44798	Arg	ACG	0	0	72.9	50.30	22.60	Inf	Arg	91.8	high confidence set
Scaffold5588	1	46787	46858	Lys	TTT	0	0	92.3	68.60	23.70	Inf	Lys	93.4	high confidence set
Scaffold5641	1	10889	10960	Lys	TTT	0	0	92.3	68.60	23.70	Inf	Lys	93.4	high confidence set
Scaffold5641	2	58463	58391	Arg	CCG	0	0	83.1	61.00	22.10	Inf	Arg	85.6	high confidence set
Scaffold5742	1	14111	14039	Arg	CCT	0	0	74.8	55.90	18.90	Inf	Arg	87.5	high confidence set
Scaffold5862	1	44700	44627	Ile	AAT	0	0	85.5	59.00	26.50	Inf	Ile	109.4	high confidence set
Scaffold6054	1	2213	2286	Asn	GTT	0	0	81.4	54.70	26.70	Inf	Asn	91.8	high confidence set
Scaffold6160	1	64760	64831	Trp	CCA	0	0	75.8	51.20	24.60	Inf	Trp	105.6	high confidence set
Scaffold6254	1	157371	157300	Trp	CCA	0	0	75.8	51.20	24.60	Inf	Trp	105.6	high confidence set
Scaffold6622	1	85806	85734	Ala	AGC	0	0	63.4	38.20	25.20	Inf	Ala	98.3	high confidence set
Scaffold6624	1	32013	32094	Ser	TGA	0	0	81.1	46.70	34.40	Inf	Ser	122.5	high confidence set
Scaffold6777	1	33131	33203	Arg	CCT	0	0	66.6	45.40	21.20	Inf	Arg	78.6	high confidence set
Scaffold6942	1	11262	11190	Ala	AGC	0	0	63.4	38.20	25.20	Inf	Ala	98.3	high confidence set
Scaffold7028	1	12414	12330	Met	CAT	12376	12366	64.3	40.80	23.50	Inf	Met	104.0	high confidence set
Scaffold7393	1	78645	78574	Gln	TTG	0	0	73.5	53.70	19.80	Inf	Gln	104.8	high confidence set
Scaffold7526	1	33762	33834	Phe	GAA	0	0	78.3	58.40	19.90	Inf	Phe	113.2	high confidence set
Scaffold7526	2	84013	83942	Gly	TCC	0	0	74.1	46.70	27.40	Inf	Gly	84.2	high confidence set
Scaffold7529	1	697	768	Gln	CTG	0	0	71.1	46.00	25.10	Inf	Gln	100.8	high confidence set
Scaffold7786	1	10051	9980	Pro	CGG	0	0	68.2	35.30	32.90	Inf	Pro	113.0	high confidence set
Scaffold7865	1	79268	79181	Met	CAT	79230	79217	64.1	40.70	23.40	Inf	Met	104.0	high confidence set
Scaffold7993	1	63575	63646	Thr	TGT	0	0	84.3	58.00	26.30	Inf	Thr	93.3	high confidence set
Scaffold8586	1	20741	20670	Thr	TGT	0	0	83.0	58.30	24.70	Inf	Thr	92.4	high confidence set
Scaffold10421	1	8085	8012	Asn	GTT	0	0	81.4	54.70	26.70	Inf	Asn	91.8	high confidence set
Scaffold10427	1	123458	123530	Glu	CTC	0	0	76.3	50.40	25.90	Inf	Glu	91.1	high confidence set
Scaffold10445	1	19099	19170	Asp	GTC	0	0	67.0	47.30	19.70	Inf	Asp	95.1	high confidence set
Scaffold10834	1	2097	2169	Ala	AGC	0	0	63.4	38.20	25.20	Inf	Ala	98.3	high confidence set
Scaffold10840	1	36227	36156	Pro	AGG	0	0	67.4	34.70	32.70	Inf	Pro	112.3	high confidence set
Scaffold10917	1	14346	14275	Pro	TGG	0	0	68.5	35.70	32.80	Inf	Pro	111.2	high confidence set
Scaffold10917	2	13913	13842	Pro	TGG	0	0	68.5	35.70	32.80	Inf	Pro	111.2	high confidence set
Scaffold12076	1	26826	26746	Leu	CAG	0	0	70.7	49.80	20.90	Inf	Leu	111.3	high confidence set
Scaffold12428	1	36900	36830	Gly	GCC	0	0	66.5	44.80	21.70	Inf	Gly	94.4	high confidence set
Scaffold12596	1	1772	1690	Tyr	GTA	0	0	63.5	45.20	18.30	Inf	Leu	71.2	IPD:-4.50,isotype mismatch
Scaffold13389	1	69849	69768	Ser	GCT	0	0	81.7	47.50	34.20	Inf	Ser	112.3	high confidence set
Scaffold14255	1	2003	2074	Thr	TGT	0	0	83.0	58.30	24.70	Inf	Thr	92.4	high confidence set
Scaffold15018	1	17759	17830	Gln	CTG	0	0	74.0	49.50	24.50	Inf	Gln	103.0	high confidence set
Scaffold15036	1	41587	41516	Pro	AGG	0	0	68.2	35.90	32.30	Inf	Pro	113.9	high confidence set
Scaffold16435	1	41664	41594	Gly	GCC	0	0	56.9	37.20	19.70	Inf	Gly	85.9	high confidence set
Scaffold16630	1	11111	11039	Ala	TGC	0	0	70.0	45.30	24.70	Inf	Ala	100.6	high confidence set
Scaffold16741	1	6536	6465	Pro	AGG	0	0	67.4	34.70	32.70	Inf	Pro	112.3	high confidence set
Scaffold16771	1	29647	29576	Asp	GTC	0	0	67.0	47.30	19.70	Inf	Asp	95.1	high confidence set
Scaffold23907	1	6524	6607	Leu	CAA	0	0	81.1	56.00	25.10	Inf	Leu	127.4	high confidence set
Scaffold23907	2	30802	30883	Ser	TGA	0	0	80.7	46.10	34.60	Inf	Ser	119.7	high confidence set
Scaffold24247	1	592	663	Cys	GCA	0	0	81.7	56.10	25.60	Inf	Cys	104.3	high confidence set
Scaffold24395	1	7615	7544	Pro	TGG	0	0	69.2	36.90	32.30	Inf	Pro	112.8	high confidence set
