Sequence                		tRNA  	Bounds	tRNA	Anti	Intron Bounds	Inf	HMM	2'Str	Hit	Isotype	Isotype	      
Name                    	tRNA#	Begin 	End   	Type	Codon	Begin	End	Score	Score	Score	Origin	CM	Score	Note
--------                	------	----- 	------	----	-----	-----	----	------	-----	-----	------	-------	-------	------
Tp57577_TGAC_v2_scaf_34	1	163740	163667	Ile	AAT	0	0	84.9	58.30	26.60	Inf	Ile	109.3	high confidence set
Tp57577_TGAC_v2_scaf_119	1	191053	191123	Gly	GCC	0	0	66.5	44.80	21.70	Inf	Gly	94.4	high confidence set
Tp57577_TGAC_v2_scaf_164	1	232520	232592	Glu	CTC	0	0	79.2	53.50	25.70	Inf	Glu	94.2	high confidence set
Tp57577_TGAC_v2_scaf_164	2	352196	352125	Trp	CCA	0	0	75.1	50.10	25.00	Inf	Trp	105.0	high confidence set
Tp57577_TGAC_v2_scaf_164	4	272369	272297	Glu	CTC	0	0	79.2	53.50	25.70	Inf	Glu	94.2	high confidence set
Tp57577_TGAC_v2_scaf_164	5	151599	151529	Gly	GCC	0	0	66.5	44.80	21.70	Inf	Gly	94.4	high confidence set
Tp57577_TGAC_v2_scaf_171	1	318400	318328	Ala	TGC	0	0	69.1	43.30	25.80	Inf	Ala	101.9	high confidence set
Tp57577_TGAC_v2_scaf_184	1	68311	68383	Glu	CTC	0	0	78.9	53.10	25.80	Inf	Glu	94.8	high confidence set
Tp57577_TGAC_v2_scaf_184	2	299305	299224	Ser	CGA	0	0	78.9	46.60	32.30	Inf	Ser	122.0	high confidence set
Tp57577_TGAC_v2_scaf_184	3	105799	105727	Glu	CTC	0	0	79.2	53.50	25.70	Inf	Glu	94.2	high confidence set
Tp57577_TGAC_v2_scaf_186	1	241778	241705	Ile	AAT	0	0	84.9	58.30	26.60	Inf	Ile	109.3	high confidence set
Tp57577_TGAC_v2_scaf_186	2	38009	37928	Ser	TGA	0	0	80.7	46.10	34.60	Inf	Ser	119.7	high confidence set
Tp57577_TGAC_v2_scaf_188	1	280624	280696	Phe	GAA	0	0	78.3	58.40	19.90	Inf	Phe	113.2	high confidence set
Tp57577_TGAC_v2_scaf_192	2	368924	368994	Gly	GCC	0	0	66.5	44.80	21.70	Inf	Gly	94.4	high confidence set
Tp57577_TGAC_v2_scaf_195	1	168156	168237	Ser	GCT	0	0	80.5	45.20	35.30	Inf	Ser	109.5	high confidence set
Tp57577_TGAC_v2_scaf_195	2	169762	169843	Ser	GCT	0	0	77.3	42.00	35.30	Inf	Ser	104.1	high confidence set
Tp57577_TGAC_v2_scaf_195	3	184377	184458	Ser	GCT	0	0	80.5	45.20	35.30	Inf	Ser	109.5	high confidence set
Tp57577_TGAC_v2_scaf_195	4	312837	312917	Leu	AAG	0	0	74.0	52.20	21.80	Inf	Leu	110.4	high confidence set
Tp57577_TGAC_v2_scaf_195	5	348405	348332	Asn	GTT	0	0	82.3	57.10	25.20	Inf	Asn	92.8	high confidence set
Tp57577_TGAC_v2_scaf_195	7	243499	243428	Pro	AGG	0	0	64.1	34.40	29.70	Inf	Pro	107.3	high confidence set
Tp57577_TGAC_v2_scaf_195	8	238622	238551	Pro	AGG	0	0	67.4	34.70	32.70	Inf	Pro	112.3	high confidence set
Tp57577_TGAC_v2_scaf_195	9	156124	156052	Arg	TCT	0	0	68.1	50.00	18.10	Inf	Arg	96.3	high confidence set
Tp57577_TGAC_v2_scaf_196	1	220661	220743	Leu	TAA	0	0	62.6	35.00	27.60	Inf	Leu	91.8	high confidence set
Tp57577_TGAC_v2_scaf_196	2	144657	144584	Ile	TAT	0	0	85.9	70.60	15.30	Inf	Ile	103.9	high confidence set
Tp57577_TGAC_v2_scaf_200	2	278552	278631	Leu	TAG	0	0	69.5	48.50	21.00	Inf	Leu	111.5	high confidence set
Tp57577_TGAC_v2_scaf_200	3	117485	117414	Thr	TGT	0	0	84.3	58.00	26.30	Inf	Thr	93.3	high confidence set
Tp57577_TGAC_v2_scaf_204	1	157439	157366	Val	AAC	0	0	72.2	47.80	24.40	Inf	Val	98.2	high confidence set
Tp57577_TGAC_v2_scaf_209	1	126685	126757	Arg	CCG	0	0	64.4	51.10	13.30	Inf	Arg	92.3	high confidence set
Tp57577_TGAC_v2_scaf_212	1	94722	94795	Val	AAC	0	0	72.2	47.80	24.40	Inf	Val	98.2	high confidence set
Tp57577_TGAC_v2_scaf_212	2	240909	240990	Ser	AGA	0	0	78.7	42.50	36.20	Inf	Ser	114.6	high confidence set
Tp57577_TGAC_v2_scaf_212	3	311235	311316	Ser	GCT	0	0	80.5	45.20	35.30	Inf	Ser	109.5	high confidence set
Tp57577_TGAC_v2_scaf_212	4	311906	311977	Gly	TCC	0	0	66.6	43.30	23.30	Inf	Gly	77.3	high confidence set
Tp57577_TGAC_v2_scaf_215	1	276114	276187	Thr	AGT	0	0	73.6	45.20	28.40	Inf	Thr	88.6	high confidence set
Tp57577_TGAC_v2_scaf_217	1	49308	49381	Asn	GTT	0	0	82.3	57.10	25.20	Inf	Asn	92.8	high confidence set
Tp57577_TGAC_v2_scaf_221	2	129594	129512	Leu	TAA	0	0	64.8	36.00	28.80	Inf	Leu	95.9	high confidence set
Tp57577_TGAC_v2_scaf_223	1	168967	169037	Gly	GCC	0	0	66.5	44.80	21.70	Inf	Gly	94.4	high confidence set
Tp57577_TGAC_v2_scaf_223	2	185884	185954	Gly	GCC	0	0	66.5	44.80	21.70	Inf	Gly	94.4	high confidence set
Tp57577_TGAC_v2_scaf_223	3	186229	186299	Gly	GCC	0	0	66.5	44.80	21.70	Inf	Gly	94.4	high confidence set
Tp57577_TGAC_v2_scaf_223	4	186659	186729	Gly	GCC	0	0	66.5	44.80	21.70	Inf	Gly	94.4	high confidence set
Tp57577_TGAC_v2_scaf_223	6	225830	225901	Gly	TCC	0	0	57.8	39.80	18.00	Inf	Gly	72.5	high confidence set
Tp57577_TGAC_v2_scaf_229	1	59967	59894	Val	AAC	0	0	72.5	48.10	24.40	Inf	Val	100.2	high confidence set
Tp57577_TGAC_v2_scaf_233	1	190686	190770	Met	CAT	190724	190734	64.3	40.80	23.50	Inf	Met	104.0	high confidence set
Tp57577_TGAC_v2_scaf_247	1	211875	211947	Lys	TTT	0	0	90.5	66.90	23.60	Inf	Lys	95.4	high confidence set
Tp57577_TGAC_v2_scaf_251	1	263172	263092	Leu	AAG	0	0	74.0	52.20	21.80	Inf	Leu	110.4	high confidence set
Tp57577_TGAC_v2_scaf_256	1	270283	270212	Trp	CCA	0	0	75.8	51.20	24.60	Inf	Trp	105.6	high confidence set
Tp57577_TGAC_v2_scaf_256	2	257881	257809	Phe	GAA	0	0	78.3	58.40	19.90	Inf	Phe	113.2	high confidence set
Tp57577_TGAC_v2_scaf_256	3	216483	216412	Lys	TTT	0	0	92.3	68.60	23.70	Inf	Lys	97.5	high confidence set
Tp57577_TGAC_v2_scaf_260	1	224563	224636	Ile	AAT	0	0	84.9	58.30	26.60	Inf	Ile	109.3	high confidence set
Tp57577_TGAC_v2_scaf_266	1	109369	109298	iMet	CAT	0	0	57.5	27.40	30.10	Inf	iMet	120.7	high confidence set
Tp57577_TGAC_v2_scaf_275	1	195208	195280	Ala	AGC	0	0	63.4	38.20	25.20	Inf	Ala	98.3	high confidence set
Tp57577_TGAC_v2_scaf_279	1	153992	154073	Ser	AGA	0	0	79.4	43.10	36.30	Inf	Ser	115.0	high confidence set
Tp57577_TGAC_v2_scaf_279	2	154213	154140	Asn	GTT	0	0	82.3	57.10	25.20	Inf	Asn	92.8	high confidence set
Tp57577_TGAC_v2_scaf_283	1	155848	155919	Thr	CGT	0	0	75.8	46.60	29.20	Inf	Thr	84.9	high confidence set
Tp57577_TGAC_v2_scaf_292	1	80691	80762	Cys	GCA	0	0	82.1	59.90	22.20	Inf	Cys	106.6	high confidence set
Tp57577_TGAC_v2_scaf_296	1	221481	221410	Gly	TCC	0	0	73.9	46.20	27.70	Inf	Gly	85.6	high confidence set
Tp57577_TGAC_v2_scaf_301	2	145651	145724	Ile	AAT	0	0	84.9	58.30	26.60	Inf	Ile	109.3	high confidence set
Tp57577_TGAC_v2_scaf_307	1	64699	64770	Thr	TGT	0	0	84.4	57.10	27.30	Inf	Thr	93.4	high confidence set
Tp57577_TGAC_v2_scaf_322	2	123319	123248	Pro	AGG	0	0	67.4	34.70	32.70	Inf	Pro	112.3	high confidence set
Tp57577_TGAC_v2_scaf_324	1	237449	237378	Glu	TTC	0	0	70.5	45.30	25.20	Inf	Glu	97.5	high confidence set
Tp57577_TGAC_v2_scaf_329	1	224404	224475	Trp	CCA	0	0	75.8	51.20	24.60	Inf	Trp	105.6	high confidence set
Tp57577_TGAC_v2_scaf_332	1	225641	225570	Gly	TCC	0	0	73.9	46.20	27.70	Inf	Gly	85.6	high confidence set
Tp57577_TGAC_v2_scaf_332	2	64027	63956	Glu	TTC	0	0	70.5	45.30	25.20	Inf	Glu	97.5	high confidence set
Tp57577_TGAC_v2_scaf_332	3	62476	62405	Glu	TTC	0	0	70.5	45.30	25.20	Inf	Glu	97.5	high confidence set
Tp57577_TGAC_v2_scaf_345	1	88181	88254	Val	AAC	0	0	72.5	48.10	24.40	Inf	Val	100.2	high confidence set
Tp57577_TGAC_v2_scaf_345	2	139055	138975	Leu	AAG	0	0	74.0	52.20	21.80	Inf	Leu	110.4	high confidence set
Tp57577_TGAC_v2_scaf_348	1	8058	8130	Ala	TGC	0	0	63.7	38.60	25.10	Inf	Ala	96.5	high confidence set
Tp57577_TGAC_v2_scaf_359	1	59936	60007	Pro	AGG	0	0	67.4	34.70	32.70	Inf	Pro	112.3	high confidence set
Tp57577_TGAC_v2_scaf_361	1	152970	152898	Val	TAC	0	0	67.7	38.80	28.90	Inf	Val	97.2	high confidence set
Tp57577_TGAC_v2_scaf_365	1	123573	123645	Arg	ACG	0	0	71.4	48.60	22.80	Inf	Arg	89.4	high confidence set
Tp57577_TGAC_v2_scaf_365	2	125783	125855	Arg	ACG	0	0	71.4	48.60	22.80	Inf	Arg	89.4	high confidence set
Tp57577_TGAC_v2_scaf_365	3	199990	199906	Met	CAT	199952	199942	51.8	32.70	19.10	Inf	Met	90.6	high confidence set
Tp57577_TGAC_v2_scaf_366	1	108772	108844	Ala	TGC	0	0	50.1	36.20	13.90	Inf	Ala	73.3	high confidence set
Tp57577_TGAC_v2_scaf_380	1	80238	80167	Lys	TTT	0	0	90.2	66.40	23.80	Inf	Lys	97.6	high confidence set
Tp57577_TGAC_v2_scaf_385	1	196523	196595	Val	TAC	0	0	71.2	38.40	32.80	Inf	Val	101.5	high confidence set
Tp57577_TGAC_v2_scaf_397	1	94573	94501	Ala	AGC	0	0	63.4	38.70	24.70	Inf	Ala	96.4	high confidence set
Tp57577_TGAC_v2_scaf_399	1	115046	115116	Gly	GCC	0	0	60.8	39.80	21.00	Inf	Gly	86.1	high confidence set
Tp57577_TGAC_v2_scaf_399	2	119684	119613	His	GTG	0	0	63.0	33.70	29.30	Inf	His	86.8	high confidence set
Tp57577_TGAC_v2_scaf_406	2	36139	36066	Trp	CCA	0	0	71.4	41.90	29.50	Inf	Thr	72.4	IPD:-17.90,isotype mismatch
Tp57577_TGAC_v2_scaf_407	1	110613	110686	Val	AAC	0	0	72.5	48.10	24.40	Inf	Val	100.2	high confidence set
Tp57577_TGAC_v2_scaf_420	1	103975	103899	Leu	TAA	0	0	61.1	35.50	25.60	Inf	Leu	76.4	high confidence set
Tp57577_TGAC_v2_scaf_431	1	195111	195030	Ser	GCT	0	0	80.5	45.20	35.30	Inf	Ser	109.5	high confidence set
Tp57577_TGAC_v2_scaf_437	1	114906	114986	Leu	AAG	0	0	74.0	52.20	21.80	Inf	Leu	110.4	high confidence set
Tp57577_TGAC_v2_scaf_439	1	111114	111041	Arg	TCG	0	0	77.9	57.50	20.40	Inf	Arg	90.6	high confidence set
Tp57577_TGAC_v2_scaf_450	1	115301	115372	iMet	CAT	0	0	57.5	27.40	30.10	Inf	iMet	120.7	high confidence set
Tp57577_TGAC_v2_scaf_459	1	148255	148174	Ser	TGA	0	0	79.2	43.90	35.30	Inf	Ser	118.5	high confidence set
Tp57577_TGAC_v2_scaf_459	2	123246	123175	Trp	CCA	0	0	75.1	50.10	25.00	Inf	Trp	105.0	high confidence set
Tp57577_TGAC_v2_scaf_459	3	111047	110976	Trp	CCA	0	0	75.1	50.10	25.00	Inf	Trp	105.0	high confidence set
Tp57577_TGAC_v2_scaf_459	4	62212	62140	Lys	TTT	0	0	90.5	66.90	23.60	Inf	Lys	95.4	high confidence set
Tp57577_TGAC_v2_scaf_462	1	22351	22422	His	GTG	0	0	63.0	33.70	29.30	Inf	His	86.8	high confidence set
Tp57577_TGAC_v2_scaf_462	2	77064	76992	Ala	TGC	0	0	70.0	45.30	24.70	Inf	Ala	100.6	high confidence set
Tp57577_TGAC_v2_scaf_467	1	64703	64797	Tyr	GTA	64740	64761	74.1	42.60	31.50	Inf	Tyr	111.8	high confidence set
Tp57577_TGAC_v2_scaf_479	1	130562	130633	Trp	CCA	0	0	75.1	50.10	25.00	Inf	Trp	105.0	high confidence set
Tp57577_TGAC_v2_scaf_482	1	151075	151156	Ser	GCT	0	0	77.5	46.00	31.50	Inf	Ser	107.3	high confidence set
Tp57577_TGAC_v2_scaf_485	1	47370	47441	iMet	CAT	0	0	57.5	27.40	30.10	Inf	iMet	114.9	high confidence set
Tp57577_TGAC_v2_scaf_485	2	49507	49578	Gly	TCC	0	0	73.9	46.20	27.70	Inf	Gly	85.6	high confidence set
Tp57577_TGAC_v2_scaf_489	1	135250	135169	Ser	GCT	0	0	79.0	43.10	35.90	Inf	Ser	108.6	high confidence set
Tp57577_TGAC_v2_scaf_493	1	88194	88266	Arg	ACG	0	0	71.4	48.60	22.80	Inf	Arg	89.4	high confidence set
Tp57577_TGAC_v2_scaf_510	1	115289	115360	Gly	TCC	0	0	73.9	46.20	27.70	Inf	Gly	85.6	high confidence set
Tp57577_TGAC_v2_scaf_515	1	114385	114456	Pro	TGG	0	0	66.3	31.40	34.90	Inf	Pro	105.9	high confidence set
Tp57577_TGAC_v2_scaf_523	1	99176	99105	His	GTG	0	0	63.0	33.70	29.30	Inf	His	86.8	high confidence set
Tp57577_TGAC_v2_scaf_529	1	10259	10187	Arg	ACG	0	0	67.1	47.60	19.50	Inf	Arg	83.6	high confidence set
Tp57577_TGAC_v2_scaf_539	1	109152	109081	Glu	TTC	0	0	70.5	45.30	25.20	Inf	Glu	97.5	high confidence set
Tp57577_TGAC_v2_scaf_544	1	27222	27149	Arg	TCG	0	0	82.1	62.80	19.30	Inf	Arg	94.7	high confidence set
Tp57577_TGAC_v2_scaf_548	1	121675	121604	Trp	CCA	0	0	75.1	50.10	25.00	Inf	Trp	105.0	high confidence set
Tp57577_TGAC_v2_scaf_550	1	52722	52649	Ile	AAT	0	0	84.9	58.30	26.60	Inf	Ile	109.3	high confidence set
Tp57577_TGAC_v2_scaf_566	1	27213	27285	Glu	CTC	0	0	72.3	47.80	24.50	Inf	Glu	86.2	high confidence set
Tp57577_TGAC_v2_scaf_569	1	134263	134336	Thr	AGT	0	0	73.6	45.20	28.40	Inf	Thr	88.6	high confidence set
Tp57577_TGAC_v2_scaf_579	2	139219	139125	Tyr	GTA	139182	139161	66.5	37.00	29.50	Inf	Tyr	103.8	high confidence set
Tp57577_TGAC_v2_scaf_584	1	7817	7888	Cys	GCA	0	0	76.6	54.40	22.20	Inf	Cys	99.0	high confidence set
Tp57577_TGAC_v2_scaf_589	1	16932	17005	Asn	GTT	0	0	82.3	57.10	25.20	Inf	Asn	92.8	high confidence set
Tp57577_TGAC_v2_scaf_590	1	124570	124642	Phe	GAA	0	0	78.3	58.40	19.90	Inf	Phe	113.2	high confidence set
Tp57577_TGAC_v2_scaf_590	2	131150	131222	Phe	GAA	0	0	78.3	58.40	19.90	Inf	Phe	113.2	high confidence set
Tp57577_TGAC_v2_scaf_590	3	132185	132258	Phe	GAA	0	0	57.1	44.80	12.30	Inf	Phe	86.8	high confidence set
Tp57577_TGAC_v2_scaf_591	2	86554	86625	Pro	TGG	0	0	66.3	31.40	34.90	Inf	Pro	105.9	high confidence set
Tp57577_TGAC_v2_scaf_600	1	39116	39044	Arg	TCT	0	0	70.4	50.20	20.20	Inf	Arg	95.3	high confidence set
Tp57577_TGAC_v2_scaf_602	1	15562	15633	Gly	TCC	0	0	67.6	44.40	23.20	Inf	Gly	80.7	high confidence set
Tp57577_TGAC_v2_scaf_602	2	116027	116111	Met	CAT	116065	116075	64.3	40.80	23.50	Inf	Met	104.0	high confidence set
Tp57577_TGAC_v2_scaf_620	1	57304	57375	Pro	AGG	0	0	67.4	34.70	32.70	Inf	Pro	112.3	high confidence set
Tp57577_TGAC_v2_scaf_629	1	47756	47828	Lys	CTT	0	0	87.7	67.60	20.10	Inf	Lys	106.7	high confidence set
Tp57577_TGAC_v2_scaf_640	1	119200	119130	Gly	GCC	0	0	66.5	44.80	21.70	Inf	Gly	94.4	high confidence set
Tp57577_TGAC_v2_scaf_654	1	80690	80618	Phe	GAA	0	0	78.3	58.40	19.90	Inf	Phe	113.2	high confidence set
Tp57577_TGAC_v2_scaf_673	1	80208	80136	Arg	TCT	0	0	70.4	50.20	20.20	Inf	Arg	95.3	high confidence set
Tp57577_TGAC_v2_scaf_678	1	92849	92768	Ser	AGA	0	0	79.4	43.10	36.30	Inf	Ser	115.0	high confidence set
Tp57577_TGAC_v2_scaf_716	1	69972	70045	Asn	GTT	0	0	85.1	60.00	25.10	Inf	Asn	92.8	high confidence set
Tp57577_TGAC_v2_scaf_719	1	61766	61679	Ser	GGA	0	0	64.1	34.50	29.60	Inf	Ser	84.3	unexpected anticodon
Tp57577_TGAC_v2_scaf_721	1	19836	19764	Glu	CTC	0	0	79.2	53.50	25.70	Inf	Glu	94.2	high confidence set
Tp57577_TGAC_v2_scaf_733	1	98044	98117	Thr	AGT	0	0	74.7	46.80	27.90	Inf	Thr	89.4	high confidence set
Tp57577_TGAC_v2_scaf_735	1	6437	6510	Val	AAC	0	0	72.2	47.80	24.40	Inf	Val	98.2	high confidence set
Tp57577_TGAC_v2_scaf_735	2	10545	10472	Val	AAC	0	0	72.2	47.80	24.40	Inf	Val	98.2	high confidence set
Tp57577_TGAC_v2_scaf_747	1	89080	89153	Ile	AAT	0	0	84.9	58.30	26.60	Inf	Ile	109.3	high confidence set
Tp57577_TGAC_v2_scaf_747	2	89479	89552	Ile	AAT	0	0	67.4	52.50	14.90	Inf	Ile	84.2	high confidence set
Tp57577_TGAC_v2_scaf_747	3	90080	90153	Ile	AAT	0	0	84.9	58.30	26.60	Inf	Ile	109.3	high confidence set
Tp57577_TGAC_v2_scaf_750	1	6034	5963	Cys	GCA	0	0	82.1	59.90	22.20	Inf	Cys	106.6	high confidence set
Tp57577_TGAC_v2_scaf_750	2	1939	1868	Cys	GCA	0	0	82.1	59.90	22.20	Inf	Cys	106.6	high confidence set
Tp57577_TGAC_v2_scaf_770	1	4163	4235	Ala	TGC	0	0	63.7	38.60	25.10	Inf	Ala	96.5	high confidence set
Tp57577_TGAC_v2_scaf_770	2	16131	16050	Ser	GCT	0	0	80.5	45.20	35.30	Inf	Ser	109.5	high confidence set
Tp57577_TGAC_v2_scaf_775	1	62119	62192	Thr	AGT	0	0	76.0	48.40	27.60	Inf	Thr	90.6	high confidence set
Tp57577_TGAC_v2_scaf_778	1	3923	3995	Phe	GAA	0	0	78.3	58.40	19.90	Inf	Phe	113.2	high confidence set
Tp57577_TGAC_v2_scaf_778	2	6259	6331	Phe	GAA	0	0	78.3	58.40	19.90	Inf	Phe	113.2	high confidence set
Tp57577_TGAC_v2_scaf_778	3	9787	9859	Lys	CTT	0	0	87.7	67.60	20.10	Inf	Lys	106.7	high confidence set
Tp57577_TGAC_v2_scaf_789	1	28249	28320	Asp	GTC	0	0	69.8	46.80	23.00	Inf	Asp	94.5	high confidence set
Tp57577_TGAC_v2_scaf_789	2	28379	28450	His	GTG	0	0	63.0	33.70	29.30	Inf	His	86.8	high confidence set
Tp57577_TGAC_v2_scaf_810	1	79843	79914	His	GTG	0	0	63.0	33.70	29.30	Inf	His	86.8	high confidence set
Tp57577_TGAC_v2_scaf_818	1	84164	84235	His	GTG	0	0	57.4	28.10	29.30	Inf	His	81.3	high confidence set
Tp57577_TGAC_v2_scaf_818	3	85345	85416	His	GTG	0	0	63.0	33.70	29.30	Inf	His	86.8	high confidence set
Tp57577_TGAC_v2_scaf_823	1	67671	67598	Ile	AAT	0	0	83.8	57.30	26.50	Inf	Ile	108.2	high confidence set
Tp57577_TGAC_v2_scaf_827	1	56092	56019	Val	AAC	0	0	72.2	47.80	24.40	Inf	Val	98.2	high confidence set
Tp57577_TGAC_v2_scaf_840	1	89206	89278	Arg	ACG	0	0	71.3	48.60	22.70	Inf	Arg	93.4	high confidence set
Tp57577_TGAC_v2_scaf_852	1	60048	60119	Asp	GTC	0	0	58.9	43.50	15.40	Inf	Asp	86.9	high confidence set
Tp57577_TGAC_v2_scaf_886	1	77525	77597	Ala	AGC	0	0	63.4	38.20	25.20	Inf	Ala	98.3	high confidence set
Tp57577_TGAC_v2_scaf_921	1	5283	5212	Pro	TGG	0	0	63.8	28.90	34.90	Inf	Pro	100.0	high confidence set
Tp57577_TGAC_v2_scaf_966	1	7192	7263	Gly	TCC	0	0	73.9	46.20	27.70	Inf	Gly	85.6	high confidence set
Tp57577_TGAC_v2_scaf_982	1	13417	13345	Val	TAC	0	0	71.2	38.40	32.80	Inf	Val	101.5	high confidence set
Tp57577_TGAC_v2_scaf_986	1	67406	67476	Gly	GCC	0	0	66.5	44.80	21.70	Inf	Gly	94.4	high confidence set
Tp57577_TGAC_v2_scaf_999	1	56830	56901	Asp	GTC	0	0	55.4	40.60	14.80	Inf	Asp	74.6	high confidence set
Tp57577_TGAC_v2_scaf_1007	1	60328	60257	iMet	CAT	0	0	57.5	27.40	30.10	Inf	iMet	120.7	high confidence set
Tp57577_TGAC_v2_scaf_1030	1	23930	23849	Ser	TGA	0	0	80.7	46.10	34.60	Inf	Ser	119.7	high confidence set
Tp57577_TGAC_v2_scaf_1054	1	7640	7711	His	GTG	0	0	53.6	26.10	27.50	Inf	His	72.3	high confidence set
Tp57577_TGAC_v2_scaf_1070	1	47294	47365	Asp	GTC	0	0	69.8	46.80	23.00	Inf	Asp	94.5	high confidence set
Tp57577_TGAC_v2_scaf_1082	1	19319	19235	Met	CAT	19281	19271	64.2	40.80	23.40	Inf	Met	104.0	high confidence set
Tp57577_TGAC_v2_scaf_1088	1	27819	27747	Ala	AGC	0	0	63.4	38.20	25.20	Inf	Ala	98.3	high confidence set
Tp57577_TGAC_v2_scaf_1088	2	10593	10521	Phe	GAA	0	0	78.3	58.40	19.90	Inf	Phe	113.2	high confidence set
Tp57577_TGAC_v2_scaf_1096	1	42507	42435	Arg	TCT	0	0	59.2	39.00	20.20	Inf	Arg	82.1	high confidence set
Tp57577_TGAC_v2_scaf_1116	1	48420	48493	Ile	AAT	0	0	84.9	58.30	26.60	Inf	Ile	109.3	high confidence set
Tp57577_TGAC_v2_scaf_1131	1	41995	42067	Lys	CTT	0	0	87.7	67.60	20.10	Inf	Lys	106.7	high confidence set
Tp57577_TGAC_v2_scaf_1134	1	14931	15025	Tyr	GTA	14968	14989	71.9	38.60	33.30	Inf	Tyr	110.0	high confidence set
Tp57577_TGAC_v2_scaf_1160	1	18312	18240	Lys	CTT	0	0	87.7	67.60	20.10	Inf	Lys	106.7	high confidence set
Tp57577_TGAC_v2_scaf_1189	1	40779	40850	Lys	TTT	0	0	70.9	56.10	14.80	Inf	Thr	78.6	IPD:-27.10,isotype mismatch
Tp57577_TGAC_v2_scaf_1228	1	891	962	iMet	CAT	0	0	57.5	27.40	30.10	Inf	iMet	120.7	high confidence set
Tp57577_TGAC_v2_scaf_1296	1	18099	18170	Gln	TTG	0	0	73.5	53.70	19.80	Inf	Gln	104.8	high confidence set
Tp57577_TGAC_v2_scaf_1327	1	13463	13392	Asp	GTC	0	0	62.4	45.20	17.20	Inf	Asp	87.0	high confidence set
Tp57577_TGAC_v2_scaf_1349	1	12615	12542	Asn	GTT	0	0	82.8	55.60	27.20	Inf	Ile	86.7	IPD:-4.50,isotype mismatch
Tp57577_TGAC_v2_scaf_1369	1	22293	22221	Ala	CGC	0	0	68.3	44.10	24.20	Inf	Ala	99.2	high confidence set
Tp57577_TGAC_v2_scaf_1434	1	23999	24070	Gly	TCC	0	0	69.5	44.90	24.60	Inf	Gly	78.2	high confidence set
Tp57577_TGAC_v2_scaf_1721	1	13419	13499	Leu	AAG	0	0	74.0	52.20	21.80	Inf	Leu	110.4	high confidence set
Tp57577_TGAC_v2_scaf_1789	1	8371	8452	Ser	GCT	0	0	76.9	43.40	33.50	Inf	Ser	106.9	high confidence set
Tp57577_TGAC_v2_scaf_1811	1	2155	2084	Gln	TTG	0	0	73.5	53.70	19.80	Inf	Gln	104.8	high confidence set
Tp57577_TGAC_v2_scaf_2044	1	6727	6654	Ile	TAT	0	0	85.9	70.60	15.30	Inf	Ile	103.9	high confidence set
Tp57577_TGAC_v2_scaf_2045	1	262	189	Val	CAC	0	0	79.1	48.00	31.10	Inf	Val	101.8	high confidence set
Tp57577_TGAC_v2_scaf_2210	1	4536	4609	Ile	AAT	0	0	79.0	52.50	26.50	Inf	Ile	101.1	high confidence set
Tp57577_TGAC_v2_scaf_2297	1	842	771	Pro	TGG	0	0	68.5	35.70	32.80	Inf	Pro	111.2	high confidence set
Tp57577_TGAC_v2_scaf_2319	1	4594	4666	Lys	TTT	0	0	90.5	66.90	23.60	Inf	Lys	95.4	high confidence set
Tp57577_TGAC_v2_scaf_2328	1	4804	4731	Asn	GTT	0	0	81.0	57.10	23.90	Inf	Asn	91.5	high confidence set
Tp57577_TGAC_v2_scaf_2385	1	145	64	Ser	GCT	0	0	80.5	45.20	35.30	Inf	Ser	109.5	high confidence set
Tp57577_TGAC_v2_scaf_2460	1	2109	2028	Ser	TGA	0	0	80.7	46.10	34.60	Inf	Ser	119.7	high confidence set
Tp57577_TGAC_v2_scaf_2495	1	5386	5459	Ile	AAT	0	0	84.9	58.30	26.60	Inf	Ile	109.3	high confidence set
Tp57577_TGAC_v2_scaf_2509	1	1745	1674	Asp	GTC	0	0	69.8	46.80	23.00	Inf	Asp	94.5	high confidence set
Tp57577_TGAC_v2_scaf_2662	1	1207	1135	Arg	CCT	0	0	69.1	50.30	18.80	Inf	Arg	81.2	high confidence set
Tp57577_TGAC_v2_scaf_2690	1	107	34	Asn	GTT	0	0	82.3	57.10	25.20	Inf	Asn	92.8	high confidence set
Tp57577_TGAC_v2_scaf_2786	1	1278	1360	Leu	TAA	0	0	59.8	32.80	27.00	Inf	Leu	90.4	high confidence set
Tp57577_TGAC_v2_scaf_2919	1	4322	4393	Trp	CCA	0	0	75.1	50.10	25.00	Inf	Trp	105.0	high confidence set
Tp57577_TGAC_v2_scaf_2946	1	3629	3549	Leu	CAG	0	0	68.4	45.70	22.70	Inf	Leu	107.6	high confidence set
Tp57577_TGAC_v2_scaf_3047	1	4094	4175	Ser	GCT	0	0	79.0	43.10	35.90	Inf	Ser	108.6	high confidence set
Tp57577_TGAC_v2_scaf_3304	1	1285	1214	Pro	TGG	0	0	50.8	26.30	24.50	Inf	Pro	85.4	high confidence set
Tp57577_TGAC_v2_scaf_3442	1	1011	1091	Leu	AAG	0	0	74.0	52.20	21.80	Inf	Leu	110.4	high confidence set
Tp57577_TGAC_v2_scaf_3445	1	2890	2974	Met	CAT	2928	2938	64.3	40.80	23.50	Inf	Met	104.0	high confidence set
Tp57577_TGAC_v2_scaf_3445	2	3572	3643	Asp	GTC	0	0	69.8	46.80	23.00	Inf	Asp	94.5	high confidence set
Tp57577_TGAC_v2_scaf_3673	1	3320	3392	Phe	GAA	0	0	78.3	58.40	19.90	Inf	Phe	113.2	high confidence set
Tp57577_TGAC_v2_scaf_3786	1	588	515	Ile	AAT	0	0	84.9	58.30	26.60	Inf	Ile	109.3	high confidence set
Tp57577_TGAC_v2_scaf_3796	1	654	583	Cys	GCA	0	0	82.1	59.90	22.20	Inf	Cys	106.6	high confidence set
Tp57577_TGAC_v2_scaf_3812	1	3275	3203	Ala	TGC	0	0	58.1	33.00	25.10	Inf	Ala	90.7	high confidence set
Tp57577_TGAC_v2_scaf_3915	1	262	335	Ile	AAT	0	0	84.9	58.30	26.60	Inf	Ile	109.3	high confidence set
Tp57577_TGAC_v2_scaf_4176	1	385	465	Leu	AAG	0	0	72.7	49.50	23.20	Inf	Leu	108.0	high confidence set
Tp57577_TGAC_v2_scaf_4292	1	2740	2667	Val	AAC	0	0	72.5	48.10	24.40	Inf	Val	100.2	high confidence set
Tp57577_TGAC_v2_scaf_4376	1	565	493	Lys	TTT	0	0	90.5	66.90	23.60	Inf	Lys	95.4	high confidence set
Tp57577_TGAC_v2_scaf_4452	1	2790	2719	Cys	GCA	0	0	82.1	59.90	22.20	Inf	Cys	106.6	high confidence set
Tp57577_TGAC_v2_scaf_4452	2	2455	2384	Cys	GCA	0	0	82.1	59.90	22.20	Inf	Cys	105.1	high confidence set
Tp57577_TGAC_v2_scaf_4596	1	793	712	Ser	GCT	0	0	78.2	44.60	33.60	Inf	Ser	104.9	high confidence set
Tp57577_TGAC_v2_scaf_4770	1	2295	2367	Arg	TCT	0	0	68.1	50.00	18.10	Inf	Arg	96.3	high confidence set
Tp57577_TGAC_v2_scaf_5045	1	445	373	Ala	CGC	0	0	68.3	44.10	24.20	Inf	Ala	99.2	high confidence set
Tp57577_TGAC_v2_scaf_5257	1	144	72	Arg	CCG	0	0	83.0	63.20	19.80	Inf	Arg	85.9	high confidence set
Tp57577_TGAC_v2_scaf_5261	1	1631	1548	Leu	CAA	0	0	76.7	54.50	22.20	Inf	Leu	123.1	high confidence set
Tp57577_TGAC_v2_scaf_5527	1	1959	2031	Ala	TGC	0	0	69.1	43.30	25.80	Inf	Ala	101.9	high confidence set
Tp57577_TGAC_v2_scaf_5698	1	177	249	Glu	CTC	0	0	79.2	53.50	25.70	Inf	Glu	94.2	high confidence set
Tp57577_TGAC_v2_scaf_5994	1	1255	1338	Leu	CAA	0	0	76.7	54.50	22.20	Inf	Leu	123.1	high confidence set
Tp57577_TGAC_v2_scaf_6117	1	1819	1746	Ile	AAT	0	0	84.9	58.30	26.60	Inf	Ile	109.3	high confidence set
Tp57577_TGAC_v2_scaf_6731	1	529	444	Tyr	GTA	492	480	74.5	43.20	31.30	Inf	Tyr	111.8	high confidence set
Tp57577_TGAC_v2_scaf_7086	1	123	51	Ala	AGC	0	0	63.4	38.20	25.20	Inf	Ala	98.3	high confidence set
Tp57577_TGAC_v2_scaf_7877	1	1754	1683	Thr	TGT	0	0	84.4	57.10	27.30	Inf	Thr	93.4	high confidence set
Tp57577_TGAC_v2_scaf_7877	2	1611	1540	Thr	TGT	0	0	83.4	56.10	27.30	Inf	Thr	92.6	high confidence set
Tp57577_TGAC_v2_scaf_7882	1	1938	1867	iMet	CAT	0	0	56.4	26.30	30.10	Inf	iMet	117.0	high confidence set
Tp57577_TGAC_v2_scaf_7882	2	500	429	iMet	CAT	0	0	50.3	24.10	26.20	Inf	iMet	114.8	high confidence set
Tp57577_TGAC_v2_scaf_8434	1	1764	1693	Gln	TTG	0	0	73.5	53.70	19.80	Inf	Gln	104.8	high confidence set
Tp57577_TGAC_v2_scaf_8434	2	625	554	Gln	TTG	0	0	76.4	53.00	23.40	Inf	Gln	107.9	high confidence set
Tp57577_TGAC_v2_scaf_8563	1	1968	2039	His	GTG	0	0	63.0	33.70	29.30	Inf	His	86.8	high confidence set
Tp57577_TGAC_v2_scaf_8579	1	819	890	Glu	TTC	0	0	70.5	45.30	25.20	Inf	Glu	97.5	high confidence set
Tp57577_TGAC_v2_scaf_8804	1	1817	1898	Ser	TGA	0	0	79.2	43.90	35.30	Inf	Ser	118.5	high confidence set
Tp57577_TGAC_v2_scaf_9416	1	1010	937	Thr	AGT	0	0	73.6	45.20	28.40	Inf	Thr	88.6	high confidence set
Tp57577_TGAC_v2_scaf_9817	1	339	266	Thr	AGT	0	0	74.7	46.80	27.90	Inf	Thr	89.4	high confidence set
Tp57577_TGAC_v2_scaf_10397	1	1341	1426	Ser	GCT	0	0	59.7	41.30	18.40	Inf	Ser	76.6	high confidence set
Tp57577_TGAC_v2_scaf_10728	1	1053	1124	Asp	GTC	0	0	69.8	46.80	23.00	Inf	Asp	94.5	high confidence set
Tp57577_TGAC_v2_scaf_11261	1	639	712	Ile	AAT	0	0	84.9	58.30	26.60	Inf	Ile	109.3	high confidence set
Tp57577_TGAC_v2_scaf_11396	1	727	655	Phe	GAA	0	0	75.0	58.10	16.90	Inf	Phe	108.7	high confidence set
Tp57577_TGAC_v2_scaf_11731	1	1409	1490	Ser	GCT	0	0	80.5	45.20	35.30	Inf	Ser	109.5	high confidence set
Tp57577_TGAC_v2_scaf_11981	1	89	16	Ile	AAT	0	0	84.9	58.30	26.60	Inf	Ile	109.3	high confidence set
Tp57577_TGAC_v2_scaf_12046	1	1494	1414	Leu	AAG	0	0	74.0	52.20	21.80	Inf	Leu	110.4	high confidence set
Tp57577_TGAC_v2_scaf_12177	1	1092	1021	Pro	TGG	0	0	66.3	31.40	34.90	Inf	Pro	105.9	high confidence set
Tp57577_TGAC_v2_scaf_12905	1	546	475	Asp	GTC	0	0	62.5	42.10	20.40	Inf	Asp	89.7	high confidence set
Tp57577_TGAC_v2_scaf_14193	1	1505	1435	Gly	CCC	0	0	65.4	28.10	37.30	Inf	Gly	85.4	high confidence set
Tp57577_TGAC_v2_scaf_14228	1	1217	1144	Ile	AAT	0	0	84.9	58.30	26.60	Inf	Ile	109.3	high confidence set
Tp57577_TGAC_v2_scaf_14382	1	1279	1352	Val	CAC	0	0	67.5	49.40	18.10	Inf	Val	87.4	high confidence set
Tp57577_TGAC_v2_scaf_14508	1	560	640	Leu	AAG	0	0	74.0	52.20	21.80	Inf	Leu	110.4	high confidence set
Tp57577_TGAC_v2_scaf_14600	1	241	322	Ser	TGA	0	0	79.2	43.90	35.30	Inf	Ser	118.5	high confidence set
Tp57577_TGAC_v2_scaf_15444	1	963	1034	Glu	TTC	0	0	70.5	45.30	25.20	Inf	Glu	97.5	high confidence set
Tp57577_TGAC_v2_scaf_16114	1	871	800	Asp	GTC	0	0	69.8	46.80	23.00	Inf	Asp	94.5	high confidence set
Tp57577_TGAC_v2_scaf_16594	1	593	664	Gln	TTG	0	0	73.5	53.70	19.80	Inf	Gln	104.8	high confidence set
Tp57577_TGAC_v2_scaf_16645	1	791	720	Cys	GCA	0	0	67.0	48.90	18.10	Inf	Cys	95.7	high confidence set
Tp57577_TGAC_v2_scaf_16685	1	234	307	Ile	AAT	0	0	84.9	58.30	26.60	Inf	Ile	109.3	high confidence set
Tp57577_TGAC_v2_scaf_17276	1	1267	1195	Lys	TTT	0	0	90.5	66.90	23.60	Inf	Lys	95.4	high confidence set
Tp57577_TGAC_v2_scaf_17725	1	845	772	Asn	GTT	0	0	82.3	57.10	25.20	Inf	Asn	92.8	high confidence set
Tp57577_TGAC_v2_scaf_17962	1	733	804	His	GTG	0	0	63.0	33.70	29.30	Inf	His	86.8	high confidence set
Tp57577_TGAC_v2_scaf_18317	1	434	506	Phe	GAA	0	0	78.3	58.40	19.90	Inf	Phe	113.2	high confidence set
Tp57577_TGAC_v2_scaf_21428	1	684	767	Leu	CAA	0	0	74.8	55.00	19.80	Inf	Leu	117.7	high confidence set
Tp57577_TGAC_v2_scaf_25326	1	185	266	Ser	TGA	0	0	79.2	43.90	35.30	Inf	Ser	118.5	high confidence set
Tp57577_TGAC_v2_scaf_26299	1	371	444	Phe	GAA	0	0	61.5	43.60	17.90	Inf	Tyr	71.1	IPD:-23.60,isotype mismatch
Tp57577_TGAC_v2_scaf_26299	2	718	792	Pro	TGG	0	0	62.8	32.80	30.00	Inf	Trp	73.3	IPD:-42.40,isotype mismatch
Tp57577_TGAC_v2_scaf_26463	1	153	82	Gln	TTG	0	0	73.5	53.70	19.80	Inf	Gln	104.8	high confidence set
Tp57577_TGAC_v2_scaf_26823	1	484	411	Trp	CCA	0	0	72.0	42.50	29.50	Inf	Thr	75.4	IPD:-18.90,isotype mismatch
Tp57577_TGAC_v2_scaf_27333	1	571	643	Lys	CTT	0	0	87.7	67.60	20.10	Inf	Lys	106.7	high confidence set
Tp57577_TGAC_v2_scaf_27570	1	168	97	Glu	TTC	0	0	70.5	45.30	25.20	Inf	Glu	97.5	high confidence set
Tp57577_TGAC_v2_scaf_28986	1	418	345	Ile	AAT	0	0	84.9	58.30	26.60	Inf	Ile	109.3	high confidence set
Tp57577_TGAC_v2_scaf_30023	1	593	664	Gln	TTG	0	0	73.5	53.70	19.80	Inf	Gln	104.8	high confidence set
Tp57577_TGAC_v2_scaf_31126	1	555	626	Cys	GCA	0	0	82.1	59.90	22.20	Inf	Cys	106.6	high confidence set
Tp57577_TGAC_v2_scaf_34097	1	127	42	Tyr	GTA	90	78	74.5	43.10	31.40	Inf	Tyr	111.8	high confidence set
Tp57577_TGAC_v2_scaf_36617	1	96	25	Glu	TTC	0	0	70.5	45.30	25.20	Inf	Glu	97.5	high confidence set
Tp57577_TGAC_v2_scaf_36820	1	285	358	Ile	TAT	0	0	85.9	70.60	15.30	Inf	Ile	103.9	high confidence set
Tp57577_TGAC_v2_scaf_38480	1	108	37	Gln	CTG	0	0	72.2	48.10	24.10	Inf	Gln	101.2	high confidence set
Tp57577_TGAC_v2_scaf_39684	1	110	39	Glu	TTC	0	0	68.7	44.30	24.40	Inf	Glu	98.9	high confidence set
Tp57577_TGAC_v2_LG1	1	423920	423991	Asp	GTC	0	0	69.8	46.80	23.00	Inf	Asp	94.5	high confidence set
Tp57577_TGAC_v2_LG1	2	1096964	1097048	Met	CAT	1097002	1097012	64.2	40.80	23.40	Inf	Met	104.0	high confidence set
Tp57577_TGAC_v2_LG1	3	4529391	4529462	Pro	AGG	0	0	67.4	34.70	32.70	Inf	Pro	112.3	high confidence set
Tp57577_TGAC_v2_LG1	4	4643345	4643426	Ser	AGA	0	0	79.4	43.10	36.30	Inf	Ser	115.0	high confidence set
Tp57577_TGAC_v2_LG1	5	5566735	5566806	His	GTG	0	0	63.0	33.70	29.30	Inf	His	86.8	high confidence set
Tp57577_TGAC_v2_LG1	6	6078037	6078108	Trp	CCA	0	0	75.1	50.10	25.00	Inf	Trp	105.0	high confidence set
Tp57577_TGAC_v2_LG1	7	6580961	6581033	Phe	GAA	0	0	78.3	58.40	19.90	Inf	Phe	113.2	high confidence set
Tp57577_TGAC_v2_LG1	8	6650283	6650354	Pro	AGG	0	0	67.4	34.70	32.70	Inf	Pro	112.3	high confidence set
Tp57577_TGAC_v2_LG1	9	6832501	6832574	Thr	AGT	0	0	73.6	45.20	28.40	Inf	Thr	88.6	high confidence set
Tp57577_TGAC_v2_LG1	13	10356227	10356300	Ile	AAT	0	0	81.8	58.30	23.50	Inf	Ile	106.8	high confidence set
Tp57577_TGAC_v2_LG1	14	10363048	10363121	Ile	AAT	0	0	74.0	55.00	19.00	Inf	Ile	95.5	high confidence set
Tp57577_TGAC_v2_LG1	15	10388433	10388512	Leu	TAG	0	0	69.5	48.50	21.00	Inf	Leu	111.5	high confidence set
Tp57577_TGAC_v2_LG1	16	10931210	10931280	Gly	CCC	0	0	65.4	28.10	37.30	Inf	Gly	85.4	high confidence set
Tp57577_TGAC_v2_LG1	17	11839609	11839680	Cys	GCA	0	0	82.1	59.90	22.20	Inf	Cys	106.6	high confidence set
Tp57577_TGAC_v2_LG1	18	11854469	11854541	Arg	CCG	0	0	80.9	58.80	22.10	Inf	Arg	80.6	high confidence set
Tp57577_TGAC_v2_LG1	19	12487122	12487203	Ser	TGA	0	0	80.7	46.10	34.60	Inf	Ser	119.7	high confidence set
Tp57577_TGAC_v2_LG1	20	13793905	13793976	iMet	CAT	0	0	57.5	27.40	30.10	Inf	iMet	120.7	high confidence set
Tp57577_TGAC_v2_LG1	21	13800304	13800375	iMet	CAT	0	0	57.5	27.40	30.10	Inf	iMet	120.7	high confidence set
Tp57577_TGAC_v2_LG1	22	14963349	14963421	Arg	TCT	0	0	69.1	51.80	17.30	Inf	Arg	93.8	high confidence set
Tp57577_TGAC_v2_LG1	23	15128739	15128823	Met	CAT	15128777	15128787	64.3	40.80	23.50	Inf	Met	104.0	high confidence set
Tp57577_TGAC_v2_LG1	24	15476031	15476103	Ala	AGC	0	0	63.4	38.20	25.20	Inf	Ala	98.3	high confidence set
Tp57577_TGAC_v2_LG1	25	15957123	15957193	Gly	GCC	0	0	66.5	44.80	21.70	Inf	Gly	94.4	high confidence set
Tp57577_TGAC_v2_LG1	27	17472410	17472481	Asp	GTC	0	0	69.8	46.80	23.00	Inf	Asp	94.5	high confidence set
Tp57577_TGAC_v2_LG1	28	17560356	17560427	Pro	TGG	0	0	66.3	31.40	34.90	Inf	Pro	105.9	high confidence set
Tp57577_TGAC_v2_LG1	29	19430416	19430499	Leu	CAA	0	0	76.7	54.50	22.20	Inf	Leu	123.1	high confidence set
Tp57577_TGAC_v2_LG1	30	19479876	19479958	Leu	TAA	0	0	65.8	37.00	28.80	Inf	Leu	98.1	high confidence set
Tp57577_TGAC_v2_LG1	31	19764522	19764595	Arg	TCG	0	0	77.7	59.50	18.20	Inf	Arg	84.1	high confidence set
Tp57577_TGAC_v2_LG1	32	19766307	19766380	Arg	TCG	0	0	82.3	61.00	21.30	Inf	Arg	91.9	high confidence set
Tp57577_TGAC_v2_LG1	33	20890528	20890601	Thr	AGT	0	0	74.7	46.80	27.90	Inf	Thr	89.4	high confidence set
Tp57577_TGAC_v2_LG1	34	20953224	20953303	Leu	TAG	0	0	70.9	50.70	20.20	Inf	Leu	109.5	high confidence set
Tp57577_TGAC_v2_LG1	35	21236555	21236626	Asp	GTC	0	0	69.8	46.80	23.00	Inf	Asp	94.5	high confidence set
Tp57577_TGAC_v2_LG1	36	21348282	21348354	Arg	CCT	0	0	66.4	47.80	18.60	Inf	Arg	77.5	high confidence set
Tp57577_TGAC_v2_LG1	37	21558765	21558837	Phe	GAA	0	0	78.3	58.40	19.90	Inf	Phe	113.2	high confidence set
Tp57577_TGAC_v2_LG1	38	22047008	22047081	Val	AAC	0	0	78.8	52.50	26.30	Inf	Val	103.2	high confidence set
Tp57577_TGAC_v2_LG1	39	22344756	22344836	Leu	AAG	0	0	74.0	52.20	21.80	Inf	Leu	110.4	high confidence set
Tp57577_TGAC_v2_LG1	40	23148234	23148317	Leu	CAA	0	0	78.6	55.10	23.50	Inf	Leu	121.4	high confidence set
Tp57577_TGAC_v2_LG1	42	23551404	23551476	Ala	AGC	0	0	62.5	36.70	25.80	Inf	Ala	97.8	high confidence set
Tp57577_TGAC_v2_LG1	43	24692010	24692081	Asp	GTC	0	0	69.8	46.80	23.00	Inf	Asp	94.5	high confidence set
Tp57577_TGAC_v2_LG1	44	27029519	27029590	Cys	GCA	0	0	82.1	59.90	22.20	Inf	Cys	106.6	high confidence set
Tp57577_TGAC_v2_LG1	45	27035267	27035338	Cys	GCA	0	0	82.1	59.90	22.20	Inf	Cys	106.6	high confidence set
Tp57577_TGAC_v2_LG1	46	28045420	28045348	Phe	GAA	0	0	78.6	51.00	27.60	Inf	Phe	96.7	high confidence set
Tp57577_TGAC_v2_LG1	47	26221889	26221818	Trp	CCA	0	0	71.0	48.90	22.10	Inf	Trp	102.1	high confidence set
Tp57577_TGAC_v2_LG1	48	25487037	25486966	iMet	CAT	0	0	57.5	27.40	30.10	Inf	iMet	120.7	high confidence set
Tp57577_TGAC_v2_LG1	49	23438445	23438373	Arg	CCT	0	0	62.2	49.80	12.40	Inf	Arg	75.4	high confidence set
Tp57577_TGAC_v2_LG1	50	22476778	22476705	Val	CAC	0	0	79.1	48.00	31.10	Inf	Val	101.8	high confidence set
Tp57577_TGAC_v2_LG1	51	22453030	22452958	Arg	ACG	0	0	71.4	48.60	22.80	Inf	Arg	89.4	high confidence set
Tp57577_TGAC_v2_LG1	52	20031494	20031410	Met	CAT	20031456	20031446	58.0	38.50	19.50	Inf	Met	94.0	high confidence set
Tp57577_TGAC_v2_LG1	54	18740478	18740397	Ser	TGA	0	0	80.7	46.10	34.60	Inf	Ser	119.7	high confidence set
Tp57577_TGAC_v2_LG1	55	18387954	18387874	Leu	AAG	0	0	74.0	52.20	21.80	Inf	Leu	110.4	high confidence set
Tp57577_TGAC_v2_LG1	56	17028766	17028695	iMet	CAT	0	0	57.5	27.40	30.10	Inf	iMet	120.7	high confidence set
Tp57577_TGAC_v2_LG1	58	14993959	14993886	Ile	AAT	0	0	61.6	46.80	14.80	Inf	Ile	84.5	high confidence set
Tp57577_TGAC_v2_LG1	59	14467720	14467649	Asp	GTC	0	0	69.8	46.80	23.00	Inf	Asp	94.5	high confidence set
Tp57577_TGAC_v2_LG1	61	14081560	14081479	Ser	GCT	0	0	79.0	43.10	35.90	Inf	Ser	108.6	high confidence set
Tp57577_TGAC_v2_LG1	62	14078313	14078232	Ser	GCT	0	0	79.0	43.10	35.90	Inf	Ser	108.6	high confidence set
Tp57577_TGAC_v2_LG1	63	12098784	12098713	Cys	GCA	0	0	82.1	59.90	22.20	Inf	Cys	106.6	high confidence set
Tp57577_TGAC_v2_LG1	64	12098453	12098382	Cys	GCA	0	0	82.1	59.90	22.20	Inf	Cys	106.6	high confidence set
Tp57577_TGAC_v2_LG1	65	12098224	12098153	Cys	GCA	0	0	82.1	59.90	22.20	Inf	Cys	106.6	high confidence set
Tp57577_TGAC_v2_LG1	66	12096283	12096212	Cys	GCA	0	0	74.9	56.70	18.20	Inf	Cys	102.4	high confidence set
Tp57577_TGAC_v2_LG1	67	12095950	12095879	Cys	GCA	0	0	76.7	58.40	18.30	Inf	Cys	98.2	high confidence set
Tp57577_TGAC_v2_LG1	70	10991214	10991142	Arg	ACG	0	0	71.4	48.60	22.80	Inf	Arg	89.4	high confidence set
Tp57577_TGAC_v2_LG1	71	10674647	10674565	Leu	TAA	0	0	64.8	36.00	28.80	Inf	Leu	95.9	high confidence set
Tp57577_TGAC_v2_LG1	72	10671146	10671064	Leu	TAA	0	0	64.8	36.00	28.80	Inf	Leu	95.9	high confidence set
Tp57577_TGAC_v2_LG1	73	10115289	10115217	Arg	CCT	0	0	66.0	50.30	15.70	Inf	Arg	78.1	high confidence set
Tp57577_TGAC_v2_LG1	76	9324710	9324638	Lys	TTT	0	0	90.5	66.90	23.60	Inf	Lys	95.4	high confidence set
Tp57577_TGAC_v2_LG1	77	9267558	9267487	Asp	GTC	0	0	69.8	46.80	23.00	Inf	Asp	94.5	high confidence set
Tp57577_TGAC_v2_LG1	78	7173494	7173421	Ile	TAT	0	0	85.9	70.60	15.30	Inf	Ile	103.9	high confidence set
Tp57577_TGAC_v2_LG1	79	6879381	6879309	Ala	AGC	0	0	63.4	38.20	25.20	Inf	Ala	98.3	high confidence set
Tp57577_TGAC_v2_LG1	80	6591228	6591156	Arg	ACG	0	0	72.0	49.70	22.30	Inf	Arg	93.9	high confidence set
Tp57577_TGAC_v2_LG1	81	6591060	6590977	Leu	CAA	0	0	76.7	54.50	22.20	Inf	Leu	123.1	high confidence set
Tp57577_TGAC_v2_LG1	85	5187336	5187265	Glu	TTC	0	0	70.5	45.30	25.20	Inf	Glu	97.5	high confidence set
Tp57577_TGAC_v2_LG1	86	4537438	4537358	Leu	AAG	0	0	74.0	52.20	21.80	Inf	Leu	110.4	high confidence set
Tp57577_TGAC_v2_LG1	87	2906129	2906058	Pro	TGG	0	0	66.3	31.40	34.90	Inf	Pro	105.9	high confidence set
Tp57577_TGAC_v2_LG1	88	2904646	2904575	Pro	TGG	0	0	68.5	35.70	32.80	Inf	Pro	111.2	high confidence set
Tp57577_TGAC_v2_LG1	89	2902020	2901949	Pro	TGG	0	0	68.5	35.70	32.80	Inf	Pro	111.2	high confidence set
Tp57577_TGAC_v2_LG1	91	2900291	2900220	Pro	CGG	0	0	65.1	35.40	29.70	Inf	Pro	106.1	high confidence set
Tp57577_TGAC_v2_LG1	92	2895488	2895417	Pro	TGG	0	0	68.5	35.70	32.80	Inf	Pro	111.2	high confidence set
Tp57577_TGAC_v2_LG1	93	2894487	2894416	Pro	TGG	0	0	68.5	35.70	32.80	Inf	Pro	111.2	high confidence set
Tp57577_TGAC_v2_LG1	94	2893281	2893210	Pro	TGG	0	0	68.5	35.70	32.80	Inf	Pro	111.2	high confidence set
Tp57577_TGAC_v2_LG1	95	2892493	2892422	Pro	TGG	0	0	68.5	35.70	32.80	Inf	Pro	111.2	high confidence set
Tp57577_TGAC_v2_LG1	96	1573086	1573007	Leu	TAG	0	0	69.5	48.50	21.00	Inf	Leu	111.5	high confidence set
Tp57577_TGAC_v2_LG1	97	586320	586250	Gly	CCC	0	0	65.4	28.10	37.30	Inf	Gly	85.4	high confidence set
Tp57577_TGAC_v2_LG2	1	3702797	3702868	Pro	AGG	0	0	67.4	34.70	32.70	Inf	Pro	112.3	high confidence set
Tp57577_TGAC_v2_LG2	2	5966639	5966718	Leu	TAG	0	0	69.5	48.50	21.00	Inf	Leu	111.5	high confidence set
Tp57577_TGAC_v2_LG2	3	7082982	7083055	Ile	TAT	0	0	85.9	70.60	15.30	Inf	Ile	103.9	high confidence set
Tp57577_TGAC_v2_LG2	4	7097846	7097919	Asn	GTT	0	0	82.3	57.10	25.20	Inf	Asn	92.8	high confidence set
Tp57577_TGAC_v2_LG2	5	8908256	8908326	Gly	GCC	0	0	66.5	44.80	21.70	Inf	Gly	94.4	high confidence set
Tp57577_TGAC_v2_LG2	7	9807451	9807535	Met	CAT	9807489	9807499	64.3	40.80	23.50	Inf	Met	104.0	high confidence set
Tp57577_TGAC_v2_LG2	8	9815185	9815269	Met	CAT	9815223	9815233	64.3	40.80	23.50	Inf	Met	104.0	high confidence set
Tp57577_TGAC_v2_LG2	9	10932148	10932219	Trp	CCA	0	0	75.8	51.20	24.60	Inf	Trp	105.6	high confidence set
Tp57577_TGAC_v2_LG2	10	11447859	11447943	Met	CAT	11447897	11447907	64.3	40.80	23.50	Inf	Met	104.0	high confidence set
Tp57577_TGAC_v2_LG2	11	11731999	11732071	Glu	CTC	0	0	79.2	53.50	25.70	Inf	Glu	94.2	high confidence set
Tp57577_TGAC_v2_LG2	12	12407450	12407523	Ile	TAT	0	0	82.6	64.10	18.50	Inf	Ile	102.3	high confidence set
Tp57577_TGAC_v2_LG2	13	12623640	12623711	Glu	TTC	0	0	70.5	45.30	25.20	Inf	Glu	97.5	high confidence set
Tp57577_TGAC_v2_LG2	15	14180830	14180914	Met	CAT	14180868	14180878	64.3	40.80	23.50	Inf	Met	104.0	high confidence set
Tp57577_TGAC_v2_LG2	16	14252715	14252794	Leu	TAG	0	0	69.5	48.50	21.00	Inf	Leu	111.5	high confidence set
Tp57577_TGAC_v2_LG2	17	14911320	14911390	Gly	GCC	0	0	66.5	44.80	21.70	Inf	Gly	94.4	high confidence set
Tp57577_TGAC_v2_LG2	18	16643059	16643141	Leu	TAA	0	0	64.8	36.00	28.80	Inf	Leu	95.9	high confidence set
Tp57577_TGAC_v2_LG2	19	17903764	17903848	Met	CAT	17903802	17903812	64.3	40.80	23.50	Inf	Met	104.0	high confidence set
Tp57577_TGAC_v2_LG2	21	18269308	18269381	Asn	GTT	0	0	82.3	57.10	25.20	Inf	Asn	92.8	high confidence set
Tp57577_TGAC_v2_LG2	22	18425603	18425676	Asn	GTT	0	0	82.3	57.10	25.20	Inf	Asn	92.8	high confidence set
Tp57577_TGAC_v2_LG2	23	19088381	19088466	Tyr	GTA	19088418	19088430	74.5	43.20	31.30	Inf	Tyr	111.8	high confidence set
Tp57577_TGAC_v2_LG2	24	19091111	19091196	Tyr	GTA	19091148	19091160	74.5	43.10	31.40	Inf	Tyr	111.8	high confidence set
Tp57577_TGAC_v2_LG2	25	20182714	20182786	Lys	CTT	0	0	71.1	56.20	14.90	Inf	Lys	87.2	high confidence set
Tp57577_TGAC_v2_LG2	26	20970690	20970761	His	GTG	0	0	63.0	33.70	29.30	Inf	His	86.8	high confidence set
Tp57577_TGAC_v2_LG2	27	21388855	21388928	Val	CAC	0	0	78.2	47.00	31.20	Inf	Val	101.8	high confidence set
Tp57577_TGAC_v2_LG2	28	21391422	21391495	Val	CAC	0	0	78.2	47.00	31.20	Inf	Val	101.8	high confidence set
Tp57577_TGAC_v2_LG2	29	22302896	22302969	Val	AAC	0	0	72.5	48.10	24.40	Inf	Val	100.2	high confidence set
Tp57577_TGAC_v2_LG2	30	23097127	23097198	Gln	CTG	0	0	71.2	46.50	24.70	Inf	Gln	101.3	high confidence set
Tp57577_TGAC_v2_LG2	31	23333872	23333944	Ala	AGC	0	0	63.4	38.20	25.20	Inf	Ala	98.3	high confidence set
Tp57577_TGAC_v2_LG2	32	23979188	23979261	Ile	AAT	0	0	84.9	58.30	26.60	Inf	Ile	109.3	high confidence set
Tp57577_TGAC_v2_LG2	33	25220881	25220962	Ser	GCT	0	0	80.5	45.20	35.30	Inf	Ser	109.5	high confidence set
Tp57577_TGAC_v2_LG2	34	25913558	25913631	Arg	TCG	0	0	81.9	60.40	21.50	Inf	Arg	92.9	high confidence set
Tp57577_TGAC_v2_LG2	35	26653521	26653593	Phe	GAA	0	0	78.3	58.40	19.90	Inf	Phe	113.2	high confidence set
Tp57577_TGAC_v2_LG2	36	26858385	26858456	Trp	CCA	0	0	75.8	51.20	24.60	Inf	Trp	105.6	high confidence set
Tp57577_TGAC_v2_LG2	37	26867726	26867797	Trp	CCA	0	0	75.8	51.20	24.60	Inf	Trp	105.6	high confidence set
Tp57577_TGAC_v2_LG2	38	27197106	27197177	Cys	GCA	0	0	81.1	58.90	22.20	Inf	Cys	107.3	high confidence set
Tp57577_TGAC_v2_LG2	39	27582054	27582125	Lys	TTT	0	0	92.3	68.60	23.70	Inf	Lys	97.5	high confidence set
Tp57577_TGAC_v2_LG2	40	28140323	28140395	Glu	CTC	0	0	79.2	53.50	25.70	Inf	Glu	94.2	high confidence set
Tp57577_TGAC_v2_LG2	41	28572694	28572765	Thr	CGT	0	0	80.5	54.30	26.20	Inf	Thr	87.3	high confidence set
Tp57577_TGAC_v2_LG2	42	29495492	29495565	Val	AAC	0	0	72.5	48.10	24.40	Inf	Val	100.2	high confidence set
Tp57577_TGAC_v2_LG2	44	30342034	30342104	Gly	GCC	0	0	66.5	44.80	21.70	Inf	Gly	94.4	high confidence set
Tp57577_TGAC_v2_LG2	45	30806712	30806784	Ala	AGC	0	0	63.4	38.20	25.20	Inf	Ala	98.3	high confidence set
Tp57577_TGAC_v2_LG2	47	31121470	31121398	Lys	CTT	0	0	87.7	67.60	20.10	Inf	Lys	106.7	high confidence set
Tp57577_TGAC_v2_LG2	48	30790031	30789960	Thr	TGT	0	0	84.0	57.70	26.30	Inf	Thr	93.7	high confidence set
Tp57577_TGAC_v2_LG2	49	30581996	30581925	Asp	GTC	0	0	53.4	43.20	10.20	Inf	Asp	82.1	high confidence set
Tp57577_TGAC_v2_LG2	51	30052086	30052015	Gln	CTG	0	0	71.8	47.10	24.70	Inf	Gln	101.6	high confidence set
Tp57577_TGAC_v2_LG2	53	27941547	27941475	Ala	TGC	0	0	70.0	45.30	24.70	Inf	Ala	100.6	high confidence set
Tp57577_TGAC_v2_LG2	54	27926190	27926118	Arg	CCT	0	0	69.1	50.30	18.80	Inf	Arg	81.2	high confidence set
Tp57577_TGAC_v2_LG2	56	27741485	27741413	Ala	TGC	0	0	68.8	42.60	26.20	Inf	Ala	100.0	high confidence set
Tp57577_TGAC_v2_LG2	57	27235342	27235269	Val	AAC	0	0	72.2	47.80	24.40	Inf	Val	98.2	high confidence set
Tp57577_TGAC_v2_LG2	58	27178892	27178809	Leu	CAA	0	0	76.7	54.50	22.20	Inf	Leu	123.1	high confidence set
Tp57577_TGAC_v2_LG2	60	24782905	24782835	Gly	GCC	0	0	66.5	44.80	21.70	Inf	Gly	94.4	high confidence set
Tp57577_TGAC_v2_LG2	61	24452022	24451950	Ala	TGC	0	0	70.0	45.30	24.70	Inf	Ala	100.6	high confidence set
Tp57577_TGAC_v2_LG2	63	23173422	23173350	Val	TAC	0	0	78.9	44.80	34.10	Inf	Val	108.6	high confidence set
Tp57577_TGAC_v2_LG2	64	21995484	21995413	Thr	CGT	0	0	75.8	46.60	29.20	Inf	Thr	84.9	high confidence set
Tp57577_TGAC_v2_LG2	66	21860122	21860042	Leu	CAG	0	0	68.4	45.70	22.70	Inf	Leu	107.6	high confidence set
Tp57577_TGAC_v2_LG2	67	21735699	21735629	Gly	GCC	0	0	65.2	45.10	20.10	Inf	Gly	90.0	high confidence set
Tp57577_TGAC_v2_LG2	68	20039503	20039422	Ser	AGA	0	0	79.4	43.10	36.30	Inf	Ser	115.0	high confidence set
Tp57577_TGAC_v2_LG2	70	15814405	15814334	Thr	TGT	0	0	79.4	48.40	31.00	Inf	Thr	92.4	high confidence set
Tp57577_TGAC_v2_LG2	71	15675165	15675094	Trp	CCA	0	0	75.1	50.10	25.00	Inf	Trp	105.0	high confidence set
Tp57577_TGAC_v2_LG2	72	12373576	12373506	Gly	GCC	0	0	66.5	44.80	21.70	Inf	Gly	94.4	high confidence set
Tp57577_TGAC_v2_LG2	74	12080162	12080091	Gln	CTG	0	0	71.2	46.50	24.70	Inf	Gln	101.3	high confidence set
Tp57577_TGAC_v2_LG2	75	9181609	9181538	His	GTG	0	0	63.0	33.70	29.30	Inf	His	86.8	high confidence set
Tp57577_TGAC_v2_LG2	78	7652616	7652544	Ala	TGC	0	0	69.1	43.30	25.80	Inf	Ala	101.9	high confidence set
Tp57577_TGAC_v2_LG2	79	6266481	6266410	iMet	CAT	0	0	56.7	26.20	30.50	Inf	iMet	117.2	high confidence set
Tp57577_TGAC_v2_LG2	80	5835548	5835459	Tyr	GTA	5835511	5835495	74.3	42.80	31.50	Inf	Tyr	111.8	high confidence set
Tp57577_TGAC_v2_LG2	81	5669783	5669712	Trp	CCA	0	0	75.1	50.10	25.00	Inf	Trp	105.0	high confidence set
Tp57577_TGAC_v2_LG2	82	5639242	5639172	Gly	CCC	0	0	65.4	28.10	37.30	Inf	Gly	85.4	high confidence set
Tp57577_TGAC_v2_LG2	84	3808004	3807931	Val	AAC	0	0	72.2	47.80	24.40	Inf	Val	98.2	high confidence set
Tp57577_TGAC_v2_LG2	85	2150117	2150044	Asn	GTT	0	0	82.3	57.10	25.20	Inf	Asn	92.8	high confidence set
Tp57577_TGAC_v2_LG2	86	2146629	2146556	Asn	GTT	0	0	82.3	57.10	25.20	Inf	Asn	92.8	high confidence set
Tp57577_TGAC_v2_LG2	87	1961081	1961009	Ala	TGC	0	0	70.0	45.30	24.70	Inf	Ala	100.6	high confidence set
Tp57577_TGAC_v2_LG2	88	1842973	1842900	Val	CAC	0	0	77.8	52.90	24.90	Inf	Val	100.4	high confidence set
Tp57577_TGAC_v2_LG2	89	1018684	1018613	Pro	AGG	0	0	67.4	34.70	32.70	Inf	Pro	112.3	high confidence set
Tp57577_TGAC_v2_LG3	2	1990891	1990963	Arg	TCT	0	0	70.4	50.20	20.20	Inf	Arg	95.3	high confidence set
Tp57577_TGAC_v2_LG3	3	1996250	1996322	Arg	TCT	0	0	70.4	50.20	20.20	Inf	Arg	95.3	high confidence set
Tp57577_TGAC_v2_LG3	5	2556336	2556417	Ser	GCT	0	0	74.3	44.70	29.60	Inf	Ser	100.8	high confidence set
Tp57577_TGAC_v2_LG3	6	3075491	3075562	Lys	TTT	0	0	91.4	67.70	23.70	Inf	Lys	96.8	high confidence set
Tp57577_TGAC_v2_LG3	7	3183602	3183673	Gly	TCC	0	0	70.5	45.90	24.60	Inf	Gly	81.5	high confidence set
Tp57577_TGAC_v2_LG3	8	3745854	3745934	Leu	AAG	0	0	72.7	49.50	23.20	Inf	Leu	108.0	high confidence set
Tp57577_TGAC_v2_LG3	9	4226210	4226281	Cys	GCA	0	0	82.1	59.90	22.20	Inf	Cys	106.6	high confidence set
Tp57577_TGAC_v2_LG3	13	5741132	5741216	Met	CAT	5741170	5741180	64.3	40.80	23.50	Inf	Met	104.0	high confidence set
Tp57577_TGAC_v2_LG3	14	5753437	5753521	Met	CAT	5753475	5753485	64.2	40.80	23.40	Inf	Met	104.0	high confidence set
Tp57577_TGAC_v2_LG3	15	5753612	5753699	Tyr	GTA	5753649	5753663	72.1	38.80	33.30	Inf	Tyr	110.0	high confidence set
Tp57577_TGAC_v2_LG3	16	5885362	5885434	Arg	ACG	0	0	71.4	48.60	22.80	Inf	Arg	89.4	high confidence set
Tp57577_TGAC_v2_LG3	17	7055928	7056011	Met	CAT	7055966	7055975	64.3	40.80	23.50	Inf	Met	104.0	high confidence set
Tp57577_TGAC_v2_LG3	18	7656956	7657028	Glu	CTC	0	0	78.9	53.10	25.80	Inf	Glu	94.8	high confidence set
Tp57577_TGAC_v2_LG3	19	7668823	7668894	Asp	GTC	0	0	69.8	46.80	23.00	Inf	Asp	94.5	high confidence set
Tp57577_TGAC_v2_LG3	20	7756640	7756713	Ile	AAT	0	0	79.1	58.20	20.90	Inf	Ile	102.0	high confidence set
Tp57577_TGAC_v2_LG3	21	8390560	8390631	Lys	TTT	0	0	92.3	68.60	23.70	Inf	Lys	97.5	high confidence set
Tp57577_TGAC_v2_LG3	22	9194663	9194744	Ser	GCT	0	0	80.5	45.20	35.30	Inf	Ser	109.5	high confidence set
Tp57577_TGAC_v2_LG3	23	9546170	9546241	iMet	CAT	0	0	57.5	27.40	30.10	Inf	iMet	120.7	high confidence set
Tp57577_TGAC_v2_LG3	24	9811080	9811152	Glu	CTC	0	0	79.2	53.50	25.70	Inf	Glu	94.2	high confidence set
Tp57577_TGAC_v2_LG3	25	10236079	10236151	Lys	CTT	0	0	78.6	63.90	14.70	Inf	Lys	96.8	high confidence set
Tp57577_TGAC_v2_LG3	26	11539842	11539914	Ala	AGC	0	0	56.0	36.20	19.80	Inf	Ala	91.8	high confidence set
Tp57577_TGAC_v2_LG3	27	11546468	11546540	Ala	AGC	0	0	52.6	37.00	15.60	Inf	Ala	86.9	high confidence set
Tp57577_TGAC_v2_LG3	28	12125459	12125530	Trp	CCA	0	0	75.1	50.10	25.00	Inf	Trp	105.0	high confidence set
Tp57577_TGAC_v2_LG3	29	12230391	12230472	Ser	AGA	0	0	75.9	41.00	34.90	Inf	Ser	111.1	high confidence set
Tp57577_TGAC_v2_LG3	30	12923817	12923903	Ser	GCT	0	0	53.5	42.10	11.40	Inf	Ser	71.8	high confidence set
Tp57577_TGAC_v2_LG3	31	13911970	13912043	Ile	AAT	0	0	84.9	58.30	26.60	Inf	Ile	109.3	high confidence set
Tp57577_TGAC_v2_LG3	32	15486443	15486526	Leu	CAA	0	0	77.8	51.60	26.20	Inf	Leu	121.9	high confidence set
Tp57577_TGAC_v2_LG3	33	16004428	16004499	Pro	CGG	0	0	65.2	35.80	29.40	Inf	Pro	103.5	high confidence set
Tp57577_TGAC_v2_LG3	35	18343341	18343414	Val	AAC	0	0	72.9	48.60	24.30	Inf	Val	93.8	high confidence set
Tp57577_TGAC_v2_LG3	36	18362884	18362957	Asn	GTT	0	0	82.3	57.10	25.20	Inf	Asn	92.8	high confidence set
Tp57577_TGAC_v2_LG3	38	21141981	21142052	Trp	CCA	0	0	75.1	50.10	25.00	Inf	Trp	105.0	high confidence set
Tp57577_TGAC_v2_LG3	40	23974688	23974760	Glu	CTC	0	0	79.2	53.50	25.70	Inf	Glu	94.2	high confidence set
Tp57577_TGAC_v2_LG3	41	24708792	24708872	Leu	CAG	0	0	69.5	46.80	22.70	Inf	Leu	109.7	high confidence set
Tp57577_TGAC_v2_LG3	42	25219761	25219832	Gly	TCC	0	0	73.9	46.20	27.70	Inf	Gly	85.6	high confidence set
Tp57577_TGAC_v2_LG3	43	26515577	26515650	Val	CAC	0	0	81.5	53.50	28.00	Inf	Val	103.7	high confidence set
Tp57577_TGAC_v2_LG3	44	28739895	28739967	Glu	CTC	0	0	79.2	53.50	25.70	Inf	Glu	94.2	high confidence set
Tp57577_TGAC_v2_LG3	45	29173821	29173902	Ser	AGA	0	0	80.3	44.00	36.30	Inf	Ser	115.3	high confidence set
Tp57577_TGAC_v2_LG3	46	29174239	29174320	Ser	AGA	0	0	79.3	43.00	36.30	Inf	Ser	113.4	high confidence set
Tp57577_TGAC_v2_LG3	47	29603074	29603145	Asp	GTC	0	0	56.9	40.20	16.70	Inf	Asp	86.3	high confidence set
Tp57577_TGAC_v2_LG3	48	29864681	29864753	Ala	CGC	0	0	64.5	43.40	21.10	Inf	Ala	97.4	high confidence set
Tp57577_TGAC_v2_LG3	49	28728200	28728129	Gln	TTG	0	0	73.5	53.70	19.80	Inf	Gln	104.8	high confidence set
Tp57577_TGAC_v2_LG3	50	28727454	28727383	Gln	TTG	0	0	75.6	55.70	19.90	Inf	Gln	104.7	high confidence set
Tp57577_TGAC_v2_LG3	51	28726364	28726293	Gln	TTG	0	0	73.5	53.70	19.80	Inf	Gln	104.8	high confidence set
Tp57577_TGAC_v2_LG3	53	27241490	27241405	Tyr	GTA	27241453	27241441	74.5	42.90	31.60	Inf	Tyr	111.8	high confidence set
Tp57577_TGAC_v2_LG3	54	26692226	26692154	Lys	CTT	0	0	87.7	67.60	20.10	Inf	Lys	106.7	high confidence set
Tp57577_TGAC_v2_LG3	56	23715047	23714975	Phe	GAA	0	0	75.9	55.90	20.00	Inf	Phe	108.5	high confidence set
Tp57577_TGAC_v2_LG3	58	21311946	21311874	Lys	TTT	0	0	90.5	66.90	23.60	Inf	Lys	95.4	high confidence set
Tp57577_TGAC_v2_LG3	59	21129192	21129119	Ile	AAT	0	0	84.9	58.30	26.60	Inf	Ile	109.3	high confidence set
Tp57577_TGAC_v2_LG3	60	20832373	20832303	Gly	GCC	0	0	66.5	44.80	21.70	Inf	Gly	94.4	high confidence set
Tp57577_TGAC_v2_LG3	61	20831773	20831703	Gly	GCC	0	0	66.5	44.80	21.70	Inf	Gly	94.4	high confidence set
Tp57577_TGAC_v2_LG3	62	20209700	20209629	Pro	AGG	0	0	67.4	34.70	32.70	Inf	Pro	112.3	high confidence set
Tp57577_TGAC_v2_LG3	63	18635327	18635247	Leu	AAG	0	0	74.0	52.20	21.80	Inf	Leu	110.4	high confidence set
Tp57577_TGAC_v2_LG3	64	17967136	17967064	Lys	TTT	0	0	89.7	65.30	24.40	Inf	Lys	92.7	high confidence set
Tp57577_TGAC_v2_LG3	65	17327909	17327837	Glu	CTC	0	0	78.9	53.10	25.80	Inf	Glu	94.8	high confidence set
Tp57577_TGAC_v2_LG3	66	17324460	17324388	Glu	CTC	0	0	78.9	53.10	25.80	Inf	Glu	94.8	high confidence set
Tp57577_TGAC_v2_LG3	67	15120908	15120837	Thr	TGT	0	0	84.0	57.70	26.30	Inf	Thr	93.7	high confidence set
Tp57577_TGAC_v2_LG3	68	14704895	14704812	Leu	CAA	0	0	76.7	54.50	22.20	Inf	Leu	123.1	high confidence set
Tp57577_TGAC_v2_LG3	71	13495822	13495751	His	GTG	0	0	63.0	33.70	29.30	Inf	His	86.8	high confidence set
Tp57577_TGAC_v2_LG3	72	13023982	13023911	Sup	CTA	0	0	75.1	50.10	25.00	Inf	Trp	105.0	IPD:-105.00,unexpected anticodon
Tp57577_TGAC_v2_LG3	73	13019790	13019719	Trp	CCA	0	0	75.1	50.10	25.00	Inf	Trp	105.0	high confidence set
Tp57577_TGAC_v2_LG3	74	12729683	12729610	Ile	AAT	0	0	84.9	58.30	26.60	Inf	Ile	109.3	high confidence set
Tp57577_TGAC_v2_LG3	75	10708010	10707930	Ser	TGA	0	0	69.3	40.50	28.80	Inf	Ser	106.1	high confidence set
Tp57577_TGAC_v2_LG3	77	9936762	9936692	Gly	GCC	0	0	66.5	44.80	21.70	Inf	Gly	94.4	high confidence set
Tp57577_TGAC_v2_LG3	78	8613633	8613560	Asn	GTT	0	0	82.3	57.10	25.20	Inf	Asn	92.8	high confidence set
Tp57577_TGAC_v2_LG3	79	8047076	8047005	His	GTG	0	0	63.0	33.70	29.30	Inf	His	86.8	high confidence set
Tp57577_TGAC_v2_LG3	80	8038350	8038269	Ser	AGA	0	0	78.7	42.50	36.20	Inf	Ser	114.6	high confidence set
Tp57577_TGAC_v2_LG3	81	8008882	8008811	His	GTG	0	0	63.0	33.70	29.30	Inf	His	86.8	high confidence set
Tp57577_TGAC_v2_LG3	82	7748821	7748750	Gly	TCC	0	0	73.9	46.20	27.70	Inf	Gly	85.6	high confidence set
Tp57577_TGAC_v2_LG3	83	7311517	7311436	Ser	AGA	0	0	80.3	44.00	36.30	Inf	Ser	115.3	high confidence set
Tp57577_TGAC_v2_LG3	84	7053633	7053562	Gln	TTG	0	0	73.5	53.70	19.80	Inf	Gln	104.8	high confidence set
Tp57577_TGAC_v2_LG3	85	5579192	5579121	Gln	TTG	0	0	73.5	53.70	19.80	Inf	Gln	104.8	high confidence set
Tp57577_TGAC_v2_LG3	86	5579045	5578966	Leu	TAG	0	0	69.5	48.50	21.00	Inf	Leu	111.5	high confidence set
Tp57577_TGAC_v2_LG3	88	4984911	4984840	Gly	TCC	0	0	73.9	46.20	27.70	Inf	Gly	85.6	high confidence set
Tp57577_TGAC_v2_LG3	90	4332262	4332190	Ala	CGC	0	0	68.3	44.10	24.20	Inf	Ala	99.2	high confidence set
Tp57577_TGAC_v2_LG3	91	3918094	3918022	Ala	AGC	0	0	63.4	38.20	25.20	Inf	Ala	98.3	high confidence set
Tp57577_TGAC_v2_LG3	92	2993590	2993519	Thr	TGT	0	0	84.4	57.10	27.30	Inf	Thr	93.4	high confidence set
Tp57577_TGAC_v2_LG3	93	2993416	2993345	Thr	TGT	0	0	84.4	57.10	27.30	Inf	Thr	93.4	high confidence set
Tp57577_TGAC_v2_LG3	94	2877181	2877108	Val	CAC	0	0	81.5	53.50	28.00	Inf	Val	103.7	high confidence set
Tp57577_TGAC_v2_LG3	95	2833202	2833131	Cys	GCA	0	0	82.1	59.90	22.20	Inf	Cys	106.6	high confidence set
Tp57577_TGAC_v2_LG3	96	2790603	2790531	Ala	TGC	0	0	65.3	45.80	19.50	Inf	Ala	95.4	high confidence set
Tp57577_TGAC_v2_LG3	98	2219958	2219887	Glu	TTC	0	0	70.5	45.30	25.20	Inf	Glu	97.5	high confidence set
Tp57577_TGAC_v2_LG3	99	2191676	2191595	Ser	AGA	0	0	79.4	43.10	36.30	Inf	Ser	115.0	high confidence set
Tp57577_TGAC_v2_LG3	100	679631	679548	Leu	CAA	0	0	76.7	54.50	22.20	Inf	Leu	123.1	high confidence set
Tp57577_TGAC_v2_LG3	101	273344	273273	Asp	GTC	0	0	69.8	46.80	23.00	Inf	Asp	94.5	high confidence set
Tp57577_TGAC_v2_LG3	102	265989	265918	Asp	GTC	0	0	69.8	46.80	23.00	Inf	Asp	94.5	high confidence set
Tp57577_TGAC_v2_LG4	1	297656	297727	Gly	TCC	0	0	68.4	43.60	24.80	Inf	Gly	75.7	high confidence set
Tp57577_TGAC_v2_LG4	2	892274	892347	Ile	AAT	0	0	84.9	58.30	26.60	Inf	Ile	109.3	high confidence set
Tp57577_TGAC_v2_LG4	3	1541369	1541441	Arg	ACG	0	0	71.3	48.60	22.70	Inf	Arg	93.4	high confidence set
Tp57577_TGAC_v2_LG4	4	1541516	1541599	Leu	CAA	0	0	76.7	54.50	22.20	Inf	Leu	123.1	high confidence set
Tp57577_TGAC_v2_LG4	5	3278859	3278930	Gly	TCC	0	0	73.9	46.20	27.70	Inf	Gly	85.6	high confidence set
Tp57577_TGAC_v2_LG4	6	4217174	4217246	Lys	CTT	0	0	87.7	67.60	20.10	Inf	Lys	106.7	high confidence set
Tp57577_TGAC_v2_LG4	7	5214042	5214113	Glu	TTC	0	0	70.5	45.30	25.20	Inf	Glu	97.5	high confidence set
Tp57577_TGAC_v2_LG4	8	5216587	5216658	Glu	TTC	0	0	70.5	45.30	25.20	Inf	Glu	97.5	high confidence set
Tp57577_TGAC_v2_LG4	9	5970721	5970794	Asn	GTT	0	0	82.3	57.10	25.20	Inf	Asn	92.8	high confidence set
Tp57577_TGAC_v2_LG4	10	6457910	6457982	Val	TAC	0	0	71.2	38.40	32.80	Inf	Val	101.5	high confidence set
Tp57577_TGAC_v2_LG4	11	7322098	7322168	Gly	GCC	0	0	69.3	47.20	22.10	Inf	Gly	91.9	high confidence set
Tp57577_TGAC_v2_LG4	12	7359290	7359362	Ala	TGC	0	0	69.1	43.30	25.80	Inf	Ala	101.9	high confidence set
Tp57577_TGAC_v2_LG4	13	7721190	7721280	Tyr	GTA	7721227	7721244	74.3	42.80	31.50	Inf	Tyr	111.8	high confidence set
Tp57577_TGAC_v2_LG4	14	8884012	8884085	Asn	GTT	0	0	82.3	57.10	25.20	Inf	Asn	92.8	high confidence set
Tp57577_TGAC_v2_LG4	15	11660473	11660546	Asn	GTT	0	0	82.3	57.10	25.20	Inf	Asn	92.8	high confidence set
Tp57577_TGAC_v2_LG4	17	13839185	13839257	Arg	CCT	0	0	74.4	55.10	19.30	Inf	Arg	85.8	high confidence set
Tp57577_TGAC_v2_LG4	18	14154068	14154139	Thr	TGT	0	0	84.4	57.10	27.30	Inf	Thr	93.4	high confidence set
Tp57577_TGAC_v2_LG4	19	14186510	14186583	Ile	AAT	0	0	84.9	58.30	26.60	Inf	Ile	109.3	high confidence set
Tp57577_TGAC_v2_LG4	20	15271220	15271290	Gly	GCC	0	0	62.8	46.40	16.40	Inf	Gly	86.6	high confidence set
Tp57577_TGAC_v2_LG4	21	15277374	15277444	Gly	GCC	0	0	66.5	44.80	21.70	Inf	Gly	94.4	high confidence set
Tp57577_TGAC_v2_LG4	23	15284291	15284361	Gly	GCC	0	0	66.5	44.80	21.70	Inf	Gly	94.4	high confidence set
Tp57577_TGAC_v2_LG4	24	16148278	16148359	Ser	CGA	0	0	78.9	46.60	32.30	Inf	Ser	122.0	high confidence set
Tp57577_TGAC_v2_LG4	25	16148456	16148544	Tyr	GTA	16148493	16148508	74.3	42.90	31.40	Inf	Tyr	111.8	high confidence set
Tp57577_TGAC_v2_LG4	26	16180388	16180460	Ala	AGC	0	0	63.4	38.20	25.20	Inf	Ala	98.3	high confidence set
Tp57577_TGAC_v2_LG4	27	17932164	17932237	Thr	AGT	0	0	73.6	45.20	28.40	Inf	Thr	88.6	high confidence set
Tp57577_TGAC_v2_LG4	28	17933184	17933257	Thr	AGT	0	0	73.6	45.20	28.40	Inf	Thr	88.6	high confidence set
Tp57577_TGAC_v2_LG4	29	20674513	20674584	Gln	CTG	0	0	72.2	48.10	24.10	Inf	Gln	101.2	high confidence set
Tp57577_TGAC_v2_LG4	30	21423252	21423325	Val	CAC	0	0	81.5	53.50	28.00	Inf	Val	103.7	high confidence set
Tp57577_TGAC_v2_LG4	31	22928889	22928970	Ser	AGA	0	0	78.7	42.50	36.20	Inf	Ser	114.6	high confidence set
Tp57577_TGAC_v2_LG4	32	24320234	24320314	Leu	AAG	0	0	74.0	52.20	21.80	Inf	Leu	110.4	high confidence set
Tp57577_TGAC_v2_LG4	33	24579528	24579600	Arg	TCT	0	0	70.6	50.60	20.00	Inf	Arg	94.6	high confidence set
Tp57577_TGAC_v2_LG4	34	28872907	28872977	Gly	CCC	0	0	65.4	28.10	37.30	Inf	Gly	85.4	high confidence set
Tp57577_TGAC_v2_LG4	35	28612570	28612485	Tyr	GTA	28612533	28612521	72.2	38.90	33.30	Inf	Tyr	110.0	high confidence set
Tp57577_TGAC_v2_LG4	36	27783344	27783272	Lys	CTT	0	0	87.7	67.60	20.10	Inf	Lys	106.7	high confidence set
Tp57577_TGAC_v2_LG4	37	26620589	26620517	Ala	AGC	0	0	63.4	38.20	25.20	Inf	Ala	98.3	high confidence set
Tp57577_TGAC_v2_LG4	39	25740406	25740323	Leu	CAA	0	0	77.8	51.60	26.20	Inf	Leu	121.9	high confidence set
Tp57577_TGAC_v2_LG4	40	25740286	25740203	Leu	CAA	0	0	77.8	51.60	26.20	Inf	Leu	121.9	high confidence set
Tp57577_TGAC_v2_LG4	41	25384079	25384006	Val	AAC	0	0	72.5	48.10	24.40	Inf	Val	100.2	high confidence set
Tp57577_TGAC_v2_LG4	42	23204606	23204533	Asn	GTT	0	0	82.3	57.10	25.20	Inf	Asn	92.8	high confidence set
Tp57577_TGAC_v2_LG4	43	23111180	23111107	Thr	AGT	0	0	65.7	37.20	28.50	Inf	Thr	80.6	high confidence set
Tp57577_TGAC_v2_LG4	44	21614998	21614925	Arg	TCG	0	0	82.3	61.00	21.30	Inf	Arg	91.9	high confidence set
Tp57577_TGAC_v2_LG4	45	21078031	21077959	Lys	CTT	0	0	87.7	67.60	20.10	Inf	Lys	106.7	high confidence set
Tp57577_TGAC_v2_LG4	46	20770867	20770797	Gly	GCC	0	0	66.5	44.80	21.70	Inf	Gly	94.4	high confidence set
Tp57577_TGAC_v2_LG4	47	19357543	19357472	Glu	TTC	0	0	70.5	45.30	25.20	Inf	Glu	97.5	high confidence set
Tp57577_TGAC_v2_LG4	48	19019339	19019267	Val	TAC	0	0	71.2	38.40	32.80	Inf	Val	101.5	high confidence set
Tp57577_TGAC_v2_LG4	50	17796895	17796823	Ala	TGC	0	0	65.6	39.80	25.80	Inf	Ala	97.7	high confidence set
Tp57577_TGAC_v2_LG4	51	16983807	16983735	Ala	TGC	0	0	69.1	43.30	25.80	Inf	Ala	101.9	high confidence set
Tp57577_TGAC_v2_LG4	52	16149221	16149138	Leu	CAA	0	0	79.0	55.00	24.00	Inf	Leu	124.9	high confidence set
Tp57577_TGAC_v2_LG4	53	13981917	13981834	Leu	CAA	0	0	77.8	51.60	26.20	Inf	Leu	121.9	high confidence set
Tp57577_TGAC_v2_LG4	54	13377939	13377866	Thr	AGT	0	0	74.7	46.80	27.90	Inf	Thr	89.4	high confidence set
Tp57577_TGAC_v2_LG4	56	11660690	11660609	Ser	AGA	0	0	79.4	43.10	36.30	Inf	Ser	115.0	high confidence set
Tp57577_TGAC_v2_LG4	57	11444382	11444311	Lys	TTT	0	0	92.3	68.60	23.70	Inf	Lys	97.5	high confidence set
Tp57577_TGAC_v2_LG4	58	10378966	10378893	Val	AAC	0	0	72.5	48.10	24.40	Inf	Val	100.2	high confidence set
Tp57577_TGAC_v2_LG4	59	9565027	9564956	Glu	TTC	0	0	70.5	45.30	25.20	Inf	Glu	97.5	high confidence set
Tp57577_TGAC_v2_LG4	60	8840095	8840022	Arg	TCG	0	0	81.9	60.40	21.50	Inf	Arg	92.9	high confidence set
Tp57577_TGAC_v2_LG4	61	7485749	7485676	Ile	TAT	0	0	77.5	59.00	18.50	Inf	Ile	91.7	high confidence set
Tp57577_TGAC_v2_LG4	62	7482849	7482776	Ile	TAT	0	0	81.9	63.10	18.80	Inf	Ile	101.0	high confidence set
Tp57577_TGAC_v2_LG4	63	6695934	6695861	Thr	AGT	0	0	74.7	46.80	27.90	Inf	Thr	89.4	high confidence set
Tp57577_TGAC_v2_LG4	64	6511506	6511422	Met	CAT	6511468	6511458	64.2	40.80	23.40	Inf	Met	104.0	high confidence set
Tp57577_TGAC_v2_LG4	65	5489463	5489392	Gly	TCC	0	0	73.9	46.20	27.70	Inf	Gly	85.6	high confidence set
Tp57577_TGAC_v2_LG4	66	5144230	5144157	Ile	TAT	0	0	86.5	71.20	15.30	Inf	Ile	104.1	high confidence set
Tp57577_TGAC_v2_LG4	68	3081194	3081112	Leu	TAA	0	0	64.4	34.80	29.60	Inf	Leu	100.1	high confidence set
Tp57577_TGAC_v2_LG4	69	1578237	1578165	Phe	GAA	0	0	78.3	58.40	19.90	Inf	Phe	113.2	high confidence set
Tp57577_TGAC_v2_LG4	70	1034173	1034101	Phe	GAA	0	0	78.3	58.40	19.90	Inf	Phe	113.2	high confidence set
Tp57577_TGAC_v2_LG4	71	419078	418999	Leu	TAG	0	0	65.9	46.70	19.20	Inf	Leu	108.0	high confidence set
Tp57577_TGAC_v2_LG5	1	3279487	3279558	Lys	TTT	0	0	80.1	65.00	15.10	Inf	Lys	87.3	high confidence set
Tp57577_TGAC_v2_LG5	2	4066760	4066831	Thr	CGT	0	0	82.2	57.60	24.60	Inf	Thr	90.2	high confidence set
Tp57577_TGAC_v2_LG5	3	4558076	4558148	Glu	CTC	0	0	78.9	53.10	25.80	Inf	Glu	94.8	high confidence set
Tp57577_TGAC_v2_LG5	4	6731493	6731576	Leu	CAA	0	0	76.7	54.50	22.20	Inf	Leu	123.1	high confidence set
Tp57577_TGAC_v2_LG5	6	7312558	7312628	Gly	GCC	0	0	66.5	44.80	21.70	Inf	Gly	94.4	high confidence set
Tp57577_TGAC_v2_LG5	8	8210507	8210588	Ser	GCT	0	0	80.5	45.20	35.30	Inf	Ser	109.5	high confidence set
Tp57577_TGAC_v2_LG5	9	8890230	8890300	Gly	GCC	0	0	66.5	44.80	21.70	Inf	Gly	94.4	high confidence set
Tp57577_TGAC_v2_LG5	10	9150539	9150613	Ile	AAT	0	0	78.3	52.00	26.30	Inf	Ile	102.0	high confidence set
Tp57577_TGAC_v2_LG5	11	9519247	9519319	Lys	CTT	0	0	87.7	67.60	20.10	Inf	Lys	106.7	high confidence set
Tp57577_TGAC_v2_LG5	12	10061571	10061642	Gly	TCC	0	0	73.9	46.20	27.70	Inf	Gly	85.6	high confidence set
Tp57577_TGAC_v2_LG5	13	10479063	10479134	iMet	CAT	0	0	57.5	27.40	30.10	Inf	iMet	120.7	high confidence set
Tp57577_TGAC_v2_LG5	15	11286407	11286479	Lys	CTT	0	0	87.7	67.60	20.10	Inf	Lys	106.7	high confidence set
Tp57577_TGAC_v2_LG5	16	12974721	12974793	Lys	TTT	0	0	90.5	66.90	23.60	Inf	Lys	95.4	high confidence set
Tp57577_TGAC_v2_LG5	17	14056915	14056986	Glu	TTC	0	0	71.2	46.50	24.70	Inf	Glu	101.9	high confidence set
Tp57577_TGAC_v2_LG5	18	14923111	14923040	Pro	AGG	0	0	67.4	34.70	32.70	Inf	Pro	112.3	high confidence set
Tp57577_TGAC_v2_LG5	19	14293428	14293343	Tyr	GTA	14293391	14293379	69.5	36.50	33.00	Inf	Tyr	104.9	high confidence set
Tp57577_TGAC_v2_LG5	21	12706102	12706032	Gly	CCC	0	0	65.4	28.10	37.30	Inf	Gly	85.4	high confidence set
Tp57577_TGAC_v2_LG5	22	12459051	12458979	Ala	TGC	0	0	63.7	38.60	25.10	Inf	Ala	96.5	high confidence set
Tp57577_TGAC_v2_LG5	23	11009542	11009470	Lys	CTT	0	0	87.7	67.60	20.10	Inf	Lys	106.7	high confidence set
Tp57577_TGAC_v2_LG5	25	9647084	9647003	Ser	TGA	0	0	80.7	46.10	34.60	Inf	Ser	119.7	high confidence set
Tp57577_TGAC_v2_LG5	26	9191509	9191437	Lys	CTT	0	0	87.7	67.60	20.10	Inf	Lys	106.7	high confidence set
Tp57577_TGAC_v2_LG5	28	8340424	8340352	Lys	CTT	0	0	87.7	67.60	20.10	Inf	Lys	106.7	high confidence set
Tp57577_TGAC_v2_LG5	29	7661919	7661840	Leu	TAG	0	0	70.9	50.70	20.20	Inf	Leu	109.5	high confidence set
Tp57577_TGAC_v2_LG5	30	5448726	5448632	Tyr	GTA	5448689	5448668	71.9	38.60	33.30	Inf	Tyr	110.0	high confidence set
Tp57577_TGAC_v2_LG5	31	4851990	4851919	Cys	GCA	0	0	82.1	59.90	22.20	Inf	Cys	106.6	high confidence set
Tp57577_TGAC_v2_LG5	32	4113678	4113606	Glu	CTC	0	0	72.9	50.30	22.60	Inf	Glu	87.6	high confidence set
Tp57577_TGAC_v2_LG5	33	2946639	2946567	Arg	CCT	0	0	62.9	48.80	14.10	Inf	Arg	75.2	high confidence set
Tp57577_TGAC_v2_LG6	1	27767	27839	Ala	AGC	0	0	59.6	36.90	22.70	Inf	Ala	90.2	high confidence set
Tp57577_TGAC_v2_LG6	2	337561	337634	Val	AAC	0	0	72.5	48.10	24.40	Inf	Val	100.2	high confidence set
Tp57577_TGAC_v2_LG6	3	676937	677010	Val	AAC	0	0	64.7	40.70	24.00	Inf	Val	90.8	high confidence set
Tp57577_TGAC_v2_LG6	4	687809	687882	Val	AAC	0	0	71.1	46.70	24.40	Inf	Val	95.4	high confidence set
Tp57577_TGAC_v2_LG6	5	710058	710129	Gly	TCC	0	0	73.9	46.20	27.70	Inf	Gly	85.6	high confidence set
Tp57577_TGAC_v2_LG6	6	1995351	1995421	Gly	CCC	0	0	65.4	28.10	37.30	Inf	Gly	85.4	high confidence set
Tp57577_TGAC_v2_LG6	7	2523294	2523365	Lys	TTT	0	0	92.3	68.60	23.70	Inf	Lys	97.5	high confidence set
Tp57577_TGAC_v2_LG6	8	2523632	2523703	Lys	TTT	0	0	91.4	67.70	23.70	Inf	Lys	96.8	high confidence set
Tp57577_TGAC_v2_LG6	9	2887195	2887268	Thr	AGT	0	0	74.7	46.80	27.90	Inf	Thr	89.4	high confidence set
Tp57577_TGAC_v2_LG6	10	2962156	2962228	Ala	AGC	0	0	63.4	38.20	25.20	Inf	Ala	98.3	high confidence set
Tp57577_TGAC_v2_LG6	11	2967618	2967689	Pro	CGG	0	0	68.5	36.10	32.40	Inf	Pro	108.5	high confidence set
Tp57577_TGAC_v2_LG6	12	3062439	3062512	Ile	AAT	0	0	84.9	58.30	26.60	Inf	Ile	109.3	high confidence set
Tp57577_TGAC_v2_LG6	13	3110572	3110645	Ile	TAT	0	0	85.9	70.60	15.30	Inf	Ile	103.9	high confidence set
Tp57577_TGAC_v2_LG6	14	3128636	3128708	Phe	GAA	0	0	78.3	58.40	19.90	Inf	Phe	113.2	high confidence set
Tp57577_TGAC_v2_LG6	15	4122498	4122578	Leu	AAG	0	0	74.0	52.20	21.80	Inf	Leu	110.4	high confidence set
Tp57577_TGAC_v2_LG6	16	4179442	4179514	Arg	TCT	0	0	68.3	48.70	19.60	Inf	Arg	95.4	high confidence set
Tp57577_TGAC_v2_LG6	17	4390997	4391069	Ala	AGC	0	0	63.4	38.20	25.20	Inf	Ala	98.3	high confidence set
Tp57577_TGAC_v2_LG6	19	6454034	6454107	Ile	TAT	0	0	85.9	70.60	15.30	Inf	Ile	103.9	high confidence set
Tp57577_TGAC_v2_LG6	20	6550941	6551022	Ser	TGA	0	0	80.7	46.10	34.60	Inf	Ser	119.7	high confidence set
Tp57577_TGAC_v2_LG6	21	7382358	7382430	Ala	AGC	0	0	63.4	38.20	25.20	Inf	Ala	98.3	high confidence set
Tp57577_TGAC_v2_LG6	22	7846353	7846437	Met	CAT	7846391	7846401	64.3	40.80	23.50	Inf	Met	104.0	high confidence set
Tp57577_TGAC_v2_LG6	23	8933593	8933666	Val	AAC	0	0	75.2	45.70	29.50	Inf	Val	103.0	high confidence set
Tp57577_TGAC_v2_LG6	24	10550860	10550931	Cys	GCA	0	0	82.1	59.90	22.20	Inf	Cys	106.6	high confidence set
Tp57577_TGAC_v2_LG6	26	12722571	12722642	Thr	TGT	0	0	79.1	48.90	30.20	Inf	Thr	92.7	high confidence set
Tp57577_TGAC_v2_LG6	27	13242021	13242093	Phe	GAA	0	0	78.3	58.40	19.90	Inf	Phe	113.2	high confidence set
Tp57577_TGAC_v2_LG6	28	13286255	13286327	Phe	GAA	0	0	72.8	56.60	16.20	Inf	Phe	108.8	high confidence set
Tp57577_TGAC_v2_LG6	29	13287130	13287202	Phe	GAA	0	0	78.3	58.40	19.90	Inf	Phe	113.2	high confidence set
Tp57577_TGAC_v2_LG6	30	14476745	14476838	Tyr	GTA	14476782	14476802	71.9	38.60	33.30	Inf	Tyr	110.0	high confidence set
Tp57577_TGAC_v2_LG6	31	17030709	17030781	Arg	ACG	0	0	71.3	48.60	22.70	Inf	Arg	93.4	high confidence set
Tp57577_TGAC_v2_LG6	32	19878962	19879034	Phe	GAA	0	0	78.3	58.40	19.90	Inf	Phe	113.2	high confidence set
Tp57577_TGAC_v2_LG6	33	22564684	22564611	Ile	AAT	0	0	84.9	58.30	26.60	Inf	Ile	109.3	high confidence set
Tp57577_TGAC_v2_LG6	34	21475537	21475465	Arg	CCG	0	0	83.0	63.20	19.80	Inf	Arg	85.9	high confidence set
Tp57577_TGAC_v2_LG6	35	20212961	20212889	Ala	AGC	0	0	63.4	38.20	25.20	Inf	Ala	98.3	high confidence set
Tp57577_TGAC_v2_LG6	36	19491816	19491745	His	GTG	0	0	63.0	33.70	29.30	Inf	His	86.8	high confidence set
Tp57577_TGAC_v2_LG6	37	19399808	19399727	Ser	TGA	0	0	81.5	46.00	35.50	Inf	Ser	120.2	high confidence set
Tp57577_TGAC_v2_LG6	38	18742576	18742503	Asn	GTT	0	0	84.5	59.40	25.10	Inf	Asn	95.9	high confidence set
Tp57577_TGAC_v2_LG6	39	18730277	18730204	Asn	GTT	0	0	76.9	58.50	18.40	Inf	Asn	83.0	high confidence set
Tp57577_TGAC_v2_LG6	40	18660301	18660221	Leu	AAG	0	0	74.0	52.20	21.80	Inf	Leu	110.4	high confidence set
Tp57577_TGAC_v2_LG6	41	17953736	17953664	Ala	AGC	0	0	63.4	38.20	25.20	Inf	Ala	98.3	high confidence set
Tp57577_TGAC_v2_LG6	42	16312956	16312885	Gln	TTG	0	0	73.5	53.70	19.80	Inf	Gln	104.8	high confidence set
Tp57577_TGAC_v2_LG6	43	15942243	15942171	Ala	TGC	0	0	63.7	38.60	25.10	Inf	Ala	96.5	high confidence set
Tp57577_TGAC_v2_LG6	44	15602718	15602647	Asp	GTC	0	0	59.5	41.80	17.70	Inf	Asp	86.2	high confidence set
Tp57577_TGAC_v2_LG6	45	14780272	14780199	Asn	GTT	0	0	82.3	57.10	25.20	Inf	Asn	92.8	high confidence set
Tp57577_TGAC_v2_LG6	46	13893322	13893250	Lys	CTT	0	0	87.7	67.60	20.10	Inf	Lys	106.7	high confidence set
Tp57577_TGAC_v2_LG6	47	13431817	13431745	Val	TAC	0	0	71.2	38.40	32.80	Inf	Val	101.5	high confidence set
Tp57577_TGAC_v2_LG6	48	13281711	13281639	Arg	CCT	0	0	69.1	50.30	18.80	Inf	Arg	81.2	high confidence set
Tp57577_TGAC_v2_LG6	49	12957579	12957508	Lys	TTT	0	0	91.4	67.70	23.70	Inf	Lys	96.8	high confidence set
Tp57577_TGAC_v2_LG6	50	12778330	12778260	Gly	GCC	0	0	66.5	44.80	21.70	Inf	Gly	94.4	high confidence set
Tp57577_TGAC_v2_LG6	51	12777485	12777414	Lys	TTT	0	0	92.3	68.60	23.70	Inf	Lys	97.5	high confidence set
Tp57577_TGAC_v2_LG6	52	9736210	9736130	Leu	AAG	0	0	74.0	52.20	21.80	Inf	Leu	110.4	high confidence set
Tp57577_TGAC_v2_LG6	53	8921163	8921080	Leu	CAA	0	0	76.7	54.50	22.20	Inf	Leu	123.1	high confidence set
Tp57577_TGAC_v2_LG6	54	8484846	8484766	Leu	CAG	0	0	69.5	46.80	22.70	Inf	Leu	109.7	high confidence set
Tp57577_TGAC_v2_LG6	55	8437522	8437450	Arg	CCT	0	0	69.1	50.30	18.80	Inf	Arg	81.2	high confidence set
Tp57577_TGAC_v2_LG6	56	7844497	7844426	Gln	TTG	0	0	73.5	53.70	19.80	Inf	Gln	104.8	high confidence set
Tp57577_TGAC_v2_LG6	57	7479016	7478945	Pro	AGG	0	0	67.4	34.70	32.70	Inf	Pro	112.3	high confidence set
Tp57577_TGAC_v2_LG6	58	7375273	7375201	Ala	AGC	0	0	59.0	34.10	24.90	Inf	Ala	97.3	high confidence set
Tp57577_TGAC_v2_LG6	60	6516681	6516609	Ala	CGC	0	0	68.2	44.00	24.20	Inf	Ala	95.8	high confidence set
Tp57577_TGAC_v2_LG6	61	4023605	4023533	Arg	CCG	0	0	65.7	49.40	16.30	Inf	Arg	91.4	high confidence set
Tp57577_TGAC_v2_LG6	63	3405814	3405742	Arg	TCT	0	0	71.0	51.20	19.80	Inf	Arg	99.1	high confidence set
Tp57577_TGAC_v2_LG6	64	2654205	2654132	Val	CAC	0	0	82.4	54.40	28.00	Inf	Val	103.7	high confidence set
Tp57577_TGAC_v2_LG6	65	2249640	2249568	Ala	CGC	0	0	68.3	43.90	24.40	Inf	Ala	97.7	high confidence set
Tp57577_TGAC_v2_LG6	68	737461	737390	Asp	GTC	0	0	69.8	46.80	23.00	Inf	Asp	94.5	high confidence set
Tp57577_TGAC_v2_LG6	69	675677	675597	Leu	AAG	0	0	72.7	49.50	23.20	Inf	Leu	108.0	high confidence set
Tp57577_TGAC_v2_LG6	70	418822	418751	Gln	CTG	0	0	71.2	46.50	24.70	Inf	Gln	101.3	high confidence set
Tp57577_TGAC_v2_LG6	71	327975	327903	Glu	CTC	0	0	78.9	53.10	25.80	Inf	Glu	94.8	high confidence set
Tp57577_TGAC_v2_LG6	72	246847	246776	Cys	GCA	0	0	82.1	59.90	22.20	Inf	Cys	106.6	high confidence set
Tp57577_TGAC_v2_LG6	73	242601	242530	Cys	GCA	0	0	78.8	59.70	19.10	Inf	Cys	103.4	high confidence set
Tp57577_TGAC_v2_LG6	74	96556	96485	Gln	TTG	0	0	70.0	49.80	20.20	Inf	Gln	104.9	high confidence set
Tp57577_TGAC_v2_LG7	1	191708	191779	iMet	CAT	0	0	50.3	24.10	26.20	Inf	iMet	114.8	high confidence set
Tp57577_TGAC_v2_LG7	2	202953	203024	iMet	CAT	0	0	57.5	27.40	30.10	Inf	iMet	120.7	high confidence set
Tp57577_TGAC_v2_LG7	3	204487	204558	iMet	CAT	0	0	57.5	27.40	30.10	Inf	iMet	120.7	high confidence set
Tp57577_TGAC_v2_LG7	4	374757	374828	Gly	TCC	0	0	73.9	46.20	27.70	Inf	Gly	85.6	high confidence set
Tp57577_TGAC_v2_LG7	5	936940	937022	Leu	TAA	0	0	65.8	37.00	28.80	Inf	Leu	98.1	high confidence set
Tp57577_TGAC_v2_LG7	6	1341003	1341084	Ser	AGA	0	0	78.7	42.50	36.20	Inf	Ser	114.6	high confidence set
Tp57577_TGAC_v2_LG7	7	1679275	1679348	Asn	GTT	0	0	82.3	57.10	25.20	Inf	Asn	92.8	high confidence set
Tp57577_TGAC_v2_LG7	8	3859326	3859399	Ile	AAT	0	0	84.9	58.30	26.60	Inf	Ile	109.3	high confidence set
Tp57577_TGAC_v2_LG7	9	3859473	3859545	Lys	CTT	0	0	87.7	67.60	20.10	Inf	Lys	106.7	high confidence set
Tp57577_TGAC_v2_LG7	10	4463709	4463782	Thr	AGT	0	0	73.6	45.20	28.40	Inf	Thr	88.6	high confidence set
Tp57577_TGAC_v2_LG7	11	4845764	4845835	Pro	TGG	0	0	66.3	31.40	34.90	Inf	Pro	105.9	high confidence set
Tp57577_TGAC_v2_LG7	13	5510336	5510407	Gln	CTG	0	0	72.6	48.20	24.40	Inf	Gln	98.8	high confidence set
Tp57577_TGAC_v2_LG7	14	5832384	5832456	Phe	GAA	0	0	78.3	58.40	19.90	Inf	Phe	113.2	high confidence set
Tp57577_TGAC_v2_LG7	16	6793614	6793686	Phe	GAA	0	0	78.3	58.40	19.90	Inf	Phe	113.2	high confidence set
Tp57577_TGAC_v2_LG7	17	6798553	6798625	Phe	GAA	0	0	78.3	58.40	19.90	Inf	Phe	113.2	high confidence set
Tp57577_TGAC_v2_LG7	18	7902139	7902210	Thr	TGT	0	0	83.2	57.00	26.20	Inf	Thr	92.5	high confidence set
Tp57577_TGAC_v2_LG7	20	7903749	7903822	Asn	GTT	0	0	84.5	59.40	25.10	Inf	Asn	95.9	high confidence set
Tp57577_TGAC_v2_LG7	21	7904499	7904570	Thr	TGT	0	0	83.2	57.00	26.20	Inf	Thr	92.5	high confidence set
Tp57577_TGAC_v2_LG7	23	9213009	9213081	Ala	AGC	0	0	63.4	38.20	25.20	Inf	Ala	98.3	high confidence set
Tp57577_TGAC_v2_LG7	24	10867559	10867640	Ser	GCT	0	0	80.5	45.20	35.30	Inf	Ser	109.5	high confidence set
Tp57577_TGAC_v2_LG7	26	11193749	11193821	Arg	CCG	0	0	68.0	51.50	16.50	Inf	Arg	95.2	high confidence set
Tp57577_TGAC_v2_LG7	27	11195650	11195722	Arg	CCG	0	0	68.0	51.50	16.50	Inf	Arg	95.2	high confidence set
Tp57577_TGAC_v2_LG7	28	11510650	11510723	Thr	AGT	0	0	73.6	45.20	28.40	Inf	Thr	88.6	high confidence set
Tp57577_TGAC_v2_LG7	29	13537950	13538023	Arg	TCG	0	0	82.3	61.00	21.30	Inf	Arg	91.9	high confidence set
Tp57577_TGAC_v2_LG7	30	13550955	13551028	Arg	TCG	0	0	82.3	61.00	21.30	Inf	Arg	91.9	high confidence set
Tp57577_TGAC_v2_LG7	31	14486082	14486153	Pro	AGG	0	0	59.5	35.10	24.40	Inf	Pro	103.4	high confidence set
Tp57577_TGAC_v2_LG7	33	20965658	20965741	Leu	CAA	0	0	76.7	54.50	22.20	Inf	Leu	123.1	high confidence set
Tp57577_TGAC_v2_LG7	36	22599286	22599370	Met	CAT	22599324	22599334	64.2	40.80	23.40	Inf	Met	104.0	high confidence set
Tp57577_TGAC_v2_LG7	37	23184439	23184510	Pro	TGG	0	0	66.3	31.40	34.90	Inf	Pro	105.9	high confidence set
Tp57577_TGAC_v2_LG7	38	23573267	23573339	Ala	TGC	0	0	64.7	39.20	25.50	Inf	Ala	100.9	high confidence set
Tp57577_TGAC_v2_LG7	40	26955670	26955742	Arg	ACG	0	0	71.7	49.10	22.60	Inf	Arg	91.4	high confidence set
Tp57577_TGAC_v2_LG7	41	27344543	27344613	Gly	CCC	0	0	65.4	28.10	37.30	Inf	Gly	85.4	high confidence set
Tp57577_TGAC_v2_LG7	42	27948777	27948850	Asn	GTT	0	0	82.3	57.10	25.20	Inf	Asn	92.8	high confidence set
Tp57577_TGAC_v2_LG7	43	27951485	27951558	Asn	GTT	0	0	82.3	57.10	25.20	Inf	Asn	92.8	high confidence set
Tp57577_TGAC_v2_LG7	44	28219210	28219291	Ser	GCT	0	0	80.5	45.20	35.30	Inf	Ser	109.5	high confidence set
Tp57577_TGAC_v2_LG7	45	28277356	28277428	Ala	AGC	0	0	58.7	38.60	20.10	Inf	Ala	93.1	high confidence set
Tp57577_TGAC_v2_LG7	46	28285502	28285574	Ala	AGC	0	0	63.4	38.20	25.20	Inf	Ala	98.3	high confidence set
Tp57577_TGAC_v2_LG7	47	28324478	28324559	Ser	GCT	0	0	80.5	45.20	35.30	Inf	Ser	109.5	high confidence set
Tp57577_TGAC_v2_LG7	48	28589232	28589303	Gly	TCC	0	0	73.9	46.20	27.70	Inf	Gly	85.6	high confidence set
Tp57577_TGAC_v2_LG7	49	29810242	29810314	Arg	CCT	0	0	69.1	50.30	18.80	Inf	Arg	81.2	high confidence set
Tp57577_TGAC_v2_LG7	50	30277882	30277810	Lys	TTT	0	0	90.5	66.90	23.60	Inf	Lys	95.4	high confidence set
Tp57577_TGAC_v2_LG7	51	30194220	30194148	Val	TAC	0	0	71.5	39.00	32.50	Inf	Val	101.2	high confidence set
Tp57577_TGAC_v2_LG7	52	29344868	29344796	Ala	TGC	0	0	69.1	43.30	25.80	Inf	Ala	101.9	high confidence set
Tp57577_TGAC_v2_LG7	53	28931369	28931288	Ser	CGA	0	0	78.9	46.60	32.30	Inf	Ser	122.0	high confidence set
Tp57577_TGAC_v2_LG7	54	27603598	27603511	Tyr	GTA	27603561	27603547	72.1	38.90	33.20	Inf	Tyr	110.0	high confidence set
Tp57577_TGAC_v2_LG7	56	27554177	27554105	Ala	AGC	0	0	63.4	38.20	25.20	Inf	Ala	98.3	high confidence set
Tp57577_TGAC_v2_LG7	57	27002585	27002505	Leu	AAG	0	0	74.0	52.20	21.80	Inf	Leu	110.4	high confidence set
Tp57577_TGAC_v2_LG7	58	26423051	26422980	Cys	GCA	0	0	79.8	59.80	20.00	Inf	Cys	106.8	high confidence set
Tp57577_TGAC_v2_LG7	60	24464302	24464229	Val	AAC	0	0	72.5	48.10	24.40	Inf	Val	100.2	high confidence set
Tp57577_TGAC_v2_LG7	61	24441788	24441715	Thr	AGT	0	0	73.6	45.20	28.40	Inf	Thr	88.6	high confidence set
Tp57577_TGAC_v2_LG7	62	24435946	24435873	Thr	AGT	0	0	73.6	45.20	28.40	Inf	Thr	88.6	high confidence set
Tp57577_TGAC_v2_LG7	63	23511573	23511501	Lys	CTT	0	0	70.1	59.50	10.60	Inf	Lys	91.5	high confidence set
Tp57577_TGAC_v2_LG7	65	22037066	22036993	Asn	GTT	0	0	82.3	57.10	25.20	Inf	Asn	92.8	high confidence set
Tp57577_TGAC_v2_LG7	66	21501161	21501090	Gln	CTG	0	0	72.6	48.20	24.40	Inf	Gln	98.8	high confidence set
Tp57577_TGAC_v2_LG7	67	20078348	20078278	Gly	GCC	0	0	66.5	44.80	21.70	Inf	Gly	94.4	high confidence set
Tp57577_TGAC_v2_LG7	68	20046947	20046874	Val	AAC	0	0	72.2	47.80	24.40	Inf	Val	98.2	high confidence set
Tp57577_TGAC_v2_LG7	69	18970276	18970204	Val	TAC	0	0	68.1	38.30	29.80	Inf	Val	97.1	high confidence set
Tp57577_TGAC_v2_LG7	71	18702370	18702298	Arg	CCT	0	0	72.4	53.50	18.90	Inf	Arg	89.1	high confidence set
Tp57577_TGAC_v2_LG7	72	17914547	17914467	Leu	AAG	0	0	74.0	52.20	21.80	Inf	Leu	110.4	high confidence set
Tp57577_TGAC_v2_LG7	73	17494104	17494023	Ser	GCT	0	0	79.0	43.10	35.90	Inf	Ser	108.6	high confidence set
Tp57577_TGAC_v2_LG7	75	15789451	15789380	Asp	GTC	0	0	69.8	46.80	23.00	Inf	Asp	94.5	high confidence set
Tp57577_TGAC_v2_LG7	77	15586948	15586877	Pro	TGG	0	0	66.3	31.40	34.90	Inf	Pro	105.9	high confidence set
Tp57577_TGAC_v2_LG7	78	15323658	15323587	Pro	AGG	0	0	67.4	34.70	32.70	Inf	Pro	112.3	high confidence set
Tp57577_TGAC_v2_LG7	81	13856995	13856914	Ser	GCT	0	0	80.5	45.20	35.30	Inf	Ser	109.5	high confidence set
Tp57577_TGAC_v2_LG7	82	12833158	12833085	Ile	AAT	0	0	81.8	58.30	23.50	Inf	Ile	106.8	high confidence set
Tp57577_TGAC_v2_LG7	83	12213543	12213470	Thr	AGT	0	0	73.6	45.20	28.40	Inf	Thr	88.6	high confidence set
Tp57577_TGAC_v2_LG7	85	10663580	10663508	Lys	CTT	0	0	87.7	67.60	20.10	Inf	Lys	106.7	high confidence set
Tp57577_TGAC_v2_LG7	86	9599387	9599305	Leu	TAA	0	0	65.8	37.00	28.80	Inf	Leu	98.1	high confidence set
Tp57577_TGAC_v2_LG7	87	9152398	9152316	Leu	TAA	0	0	65.8	37.00	28.80	Inf	Leu	98.1	high confidence set
Tp57577_TGAC_v2_LG7	88	9091300	9091229	Gly	TCC	0	0	73.9	46.20	27.70	Inf	Gly	85.6	high confidence set
Tp57577_TGAC_v2_LG7	89	8907767	8907685	Leu	TAA	0	0	65.8	37.00	28.80	Inf	Leu	98.1	high confidence set
Tp57577_TGAC_v2_LG7	90	8717764	8717693	Gln	CTG	0	0	71.2	46.50	24.70	Inf	Gln	101.3	high confidence set
Tp57577_TGAC_v2_LG7	91	7508663	7508592	Asp	GTC	0	0	69.8	46.80	23.00	Inf	Asp	94.5	high confidence set
Tp57577_TGAC_v2_LG7	92	7502631	7502560	Asp	GTC	0	0	69.8	46.80	23.00	Inf	Asp	94.5	high confidence set
Tp57577_TGAC_v2_LG7	93	6727776	6727705	Asp	GTC	0	0	54.3	39.50	14.80	Inf	Asp	80.3	high confidence set
Tp57577_TGAC_v2_LG7	94	5494177	5494106	Glu	TTC	0	0	70.5	45.30	25.20	Inf	Glu	97.5	high confidence set
Tp57577_TGAC_v2_LG7	95	4335074	4335002	Phe	GAA	0	0	78.3	58.40	19.90	Inf	Phe	113.2	high confidence set
Tp57577_TGAC_v2_LG7	96	3846952	3846881	Gly	TCC	0	0	73.9	46.20	27.70	Inf	Gly	85.6	high confidence set
Tp57577_TGAC_v2_LG7	97	3352668	3352596	Glu	CTC	0	0	79.2	53.50	25.70	Inf	Glu	94.2	high confidence set
Tp57577_TGAC_v2_LG7	98	2388219	2388147	Glu	CTC	0	0	78.9	53.10	25.80	Inf	Glu	99.2	high confidence set
Tp57577_TGAC_v2_LG7	99	2342234	2342153	Ser	TGA	0	0	80.7	46.10	34.60	Inf	Ser	119.7	high confidence set
Tp57577_TGAC_v2_LG7	100	2172504	2172417	Tyr	GTA	2172467	2172453	72.1	38.80	33.30	Inf	Tyr	110.0	high confidence set
Tp57577_TGAC_v2_LG7	101	1706597	1706525	Arg	TCT	0	0	70.4	50.20	20.20	Inf	Arg	95.3	high confidence set
Tp57577_TGAC_v2_LG7	102	1632358	1632277	Ser	CGA	0	0	78.9	46.60	32.30	Inf	Ser	122.0	high confidence set
Tp57577_TGAC_v2_LG7	103	1531138	1531067	iMet	CAT	0	0	57.5	27.40	30.10	Inf	iMet	120.7	high confidence set
Tp57577_TGAC_v2_LG7	106	781290	781219	iMet	CAT	0	0	50.2	25.70	24.50	Inf	iMet	114.7	high confidence set
Tp57577_TGAC_v2_LG7	107	672309	672237	Ala	TGC	0	0	69.1	43.30	25.80	Inf	Ala	101.9	high confidence set
