Sequence   		tRNA  	Bounds	tRNA	Anti	Intron Bounds	Inf	HMM	2'Str	Hit	Isotype	Isotype	      
Name       	tRNA#	Begin 	End   	Type	Codon	Begin	End	Score	Score	Score	Origin	CM	Score	Note
--------   	------	----- 	------	----	-----	-----	----	------	-----	-----	------	-------	-------	------
scaffold24	1	3670	3742	Arg	TCT	0	0	63.3	47.90	15.40	Inf	Arg	86.9	high confidence set
scaffold6	1	196819	196899	Leu	AAG	0	0	75.7	55.40	20.30	Inf	Leu	112.7	high confidence set
scaffold21	1	99041	98970	Gly	TCC	0	0	71.0	46.70	24.30	Inf	Gly	82.3	high confidence set
scaffold16	1	256041	256113	Glu	CTC	0	0	79.2	53.50	25.70	Inf	Glu	94.2	high confidence set
scaffold16	2	482670	482743	Val	CAC	0	0	79.3	48.30	31.00	Inf	Val	104.5	high confidence set
scaffold16	4	795606	795679	Val	AAC	0	0	72.5	48.10	24.40	Inf	Val	100.2	high confidence set
scaffold16	5	676483	676403	Leu	AAG	0	0	74.0	52.20	21.80	Inf	Leu	110.4	high confidence set
scaffold16	7	448871	448801	Gly	GCC	0	0	66.5	44.80	21.70	Inf	Gly	94.4	high confidence set
scaffold23	1	682770	682699	Glu	TTC	0	0	70.5	45.30	25.20	Inf	Glu	97.5	high confidence set
scaffold23	2	555180	555109	His	GTG	0	0	62.8	33.70	29.10	Inf	His	85.1	high confidence set
scaffold8	3	615296	615379	Tyr	GTA	615333	615343	72.3	39.00	33.30	Inf	Tyr	110.0	high confidence set
scaffold8	4	621308	621391	Tyr	GTA	621345	621355	72.3	39.00	33.30	Inf	Tyr	110.0	high confidence set
scaffold8	7	744547	744476	Pro	CGG	0	0	56.5	30.30	26.20	Inf	Pro	86.4	high confidence set
scaffold8	8	626527	626444	Tyr	GTA	626490	626480	63.1	30.30	32.80	Inf	Tyr	101.7	high confidence set
scaffold7	1	523061	522988	Val	CAC	0	0	67.5	37.10	30.40	Inf	Val	92.6	high confidence set
scaffold34	1	118233	118305	Phe	GAA	0	0	69.0	55.50	13.50	Inf	Phe	106.6	high confidence set
scaffold34	3	783462	783535	Asn	GTT	0	0	86.2	61.00	25.20	Inf	Asn	93.9	high confidence set
scaffold34	4	1015454	1015526	Glu	CTC	0	0	78.9	53.10	25.80	Inf	Glu	94.8	high confidence set
scaffold34	5	1499606	1499678	Arg	ACG	0	0	54.9	35.20	19.70	Inf	Arg	72.1	high confidence set
scaffold34	6	2020189	2020273	Met	CAT	2020227	2020237	68.7	45.30	23.40	Inf	Met	104.3	high confidence set
scaffold34	7	2095360	2095432	Val	TAC	0	0	73.9	47.50	26.40	Inf	Val	107.2	high confidence set
scaffold34	8	1665104	1665032	Phe	GAA	0	0	78.3	58.40	19.90	Inf	Phe	113.2	high confidence set
scaffold34	9	1407815	1407735	Leu	CAG	0	0	69.5	46.80	22.70	Inf	Leu	109.7	high confidence set
scaffold34	10	1319116	1319046	Gly	GCC	0	0	66.5	44.80	21.70	Inf	Gly	94.4	high confidence set
scaffold35	1	10578	10650	Glu	CTC	0	0	79.2	53.50	25.70	Inf	Glu	98.6	high confidence set
scaffold35	2	609885	609957	Ala	AGC	0	0	63.4	38.20	25.20	Inf	Ala	98.3	high confidence set
scaffold35	3	368911	368840	Thr	CGT	0	0	81.8	54.10	27.70	Inf	Thr	89.5	high confidence set
scaffold35	4	14346	14266	Leu	AAG	0	0	74.0	52.20	21.80	Inf	Leu	110.4	high confidence set
scaffold97	1	31856	31774	Leu	TAA	0	0	73.9	36.50	37.40	Inf	Leu	98.7	high confidence set
scaffold54	1	6896	6968	Lys	TTT	0	0	80.3	61.50	18.80	Inf	Lys	78.3	high confidence set
scaffold54	3	108986	108914	Arg	TCT	0	0	70.6	50.60	20.00	Inf	Arg	94.6	high confidence set
scaffold28	1	116642	116726	Met	CAT	116680	116690	67.7	44.20	23.50	Inf	Met	101.1	high confidence set
scaffold28	2	339355	339427	Lys	TTT	0	0	90.5	66.90	23.60	Inf	Lys	95.4	high confidence set
scaffold28	3	591155	591228	Asn	GTT	0	0	81.4	54.70	26.70	Inf	Asn	91.8	high confidence set
scaffold28	4	593551	593624	Asn	GTT	0	0	81.4	54.70	26.70	Inf	Asn	91.8	high confidence set
scaffold28	5	606013	606094	Ser	CGA	0	0	78.9	46.60	32.30	Inf	Ser	122.0	high confidence set
scaffold28	6	971653	971736	Leu	CAA	0	0	77.9	54.50	23.40	Inf	Leu	122.0	high confidence set
scaffold28	7	1544577	1544649	Ala	AGC	0	0	63.4	38.20	25.20	Inf	Ala	98.3	high confidence set
scaffold28	8	1101535	1101462	Thr	AGT	0	0	76.0	48.40	27.60	Inf	Thr	90.6	high confidence set
scaffold28	9	987296	987225	Asp	GTC	0	0	69.8	46.80	23.00	Inf	Asp	94.5	high confidence set
scaffold28	10	276735	276663	Ala	AGC	0	0	63.4	38.20	25.20	Inf	Ala	98.3	high confidence set
scaffold15	2	746648	746729	Ser	GCT	0	0	77.6	40.90	36.70	Inf	Ser	107.5	high confidence set
scaffold15	3	1352611	1352692	Ser	TGA	0	0	78.3	44.40	33.90	Inf	Ser	115.8	high confidence set
scaffold15	4	1388316	1388388	Ala	AGC	0	0	63.4	38.20	25.20	Inf	Ala	98.3	high confidence set
scaffold15	5	1661402	1661473	Gln	CTG	0	0	72.6	48.20	24.40	Inf	Gln	98.8	high confidence set
scaffold15	6	1866559	1866486	Ile	AAT	0	0	67.7	48.90	18.80	Inf	Ile	93.1	high confidence set
scaffold15	8	1844670	1844598	Phe	GAA	0	0	78.3	58.40	19.90	Inf	Phe	113.2	high confidence set
scaffold15	9	1743216	1743144	Arg	CCT	0	0	66.6	45.40	21.20	Inf	Arg	78.6	high confidence set
scaffold15	10	1235048	1234976	Ala	AGC	0	0	63.4	38.20	25.20	Inf	Ala	98.3	high confidence set
scaffold15	11	607339	607268	Gly	TCC	0	0	71.0	46.70	24.30	Inf	Gly	82.3	high confidence set
scaffold111	1	49364	49284	Leu	AAG	0	0	66.6	44.80	21.80	Inf	Leu	99.0	high confidence set
scaffold94	1	266903	266974	Trp	CCA	0	0	75.8	51.20	24.60	Inf	Trp	105.6	high confidence set
scaffold94	2	164973	164892	Ser	AGA	0	0	78.8	42.10	36.70	Inf	Ser	112.2	high confidence set
scaffold94	3	113222	113149	Val	AAC	0	0	72.5	48.10	24.40	Inf	Val	100.2	high confidence set
scaffold94	4	106540	106469	Thr	TGT	0	0	83.2	57.00	26.20	Inf	Thr	92.5	high confidence set
scaffold103	1	638289	638360	Gln	TTG	0	0	73.5	53.70	19.80	Inf	Gln	104.8	high confidence set
scaffold9	1	891673	891754	Ser	AGA	0	0	80.3	44.00	36.30	Inf	Ser	115.3	high confidence set
scaffold9	2	919165	919246	Ser	AGA	0	0	80.3	44.00	36.30	Inf	Ser	115.3	high confidence set
scaffold9	3	1366012	1366083	Thr	CGT	0	0	79.5	54.00	25.50	Inf	Thr	88.1	high confidence set
scaffold9	4	1465614	1465697	Asn	GTT	1465651	1465661	53.2	30.60	22.60	Inf	Tyr	86.0	IPD:-53.00,isotype mismatch
scaffold9	5	816099	816029	Gly	GCC	0	0	66.5	44.80	21.70	Inf	Gly	94.4	high confidence set
scaffold9	6	792427	792357	Gly	CCC	0	0	65.4	28.10	37.30	Inf	Gly	85.4	high confidence set
scaffold9	7	371861	371778	Leu	CAA	0	0	79.5	54.50	25.00	Inf	Leu	126.8	high confidence set
scaffold44	1	729034	728961	Val	AAC	0	0	72.5	48.10	24.40	Inf	Val	100.2	high confidence set
scaffold44	2	606152	606081	Trp	CCA	0	0	75.8	51.20	24.60	Inf	Trp	105.6	high confidence set
scaffold122	1	75348	75420	Lys	CTT	0	0	87.7	67.60	20.10	Inf	Lys	106.7	high confidence set
scaffold122	2	162899	162827	Ala	TGC	0	0	68.8	42.60	26.20	Inf	Ala	100.0	high confidence set
scaffold122	3	41529	41459	Gly	GCC	0	0	66.5	44.80	21.70	Inf	Gly	94.4	high confidence set
scaffold98	2	150876	150955	Leu	TAG	0	0	69.5	48.50	21.00	Inf	Leu	111.5	high confidence set
scaffold98	3	575529	575457	Ala	AGC	0	0	59.6	37.50	22.10	Inf	Ala	96.4	high confidence set
scaffold98	4	523542	523470	Arg	ACG	0	0	73.2	50.90	22.30	Inf	Arg	94.3	high confidence set
scaffold98	5	520645	520573	Arg	ACG	0	0	73.2	50.90	22.30	Inf	Arg	91.4	high confidence set
scaffold107	1	288144	288216	Phe	GAA	0	0	78.3	58.40	19.90	Inf	Phe	113.2	high confidence set
scaffold107	2	294582	294653	Pro	TGG	0	0	62.5	30.70	31.80	Inf	Pro	99.4	high confidence set
scaffold107	3	429693	429602	Tyr	GTA	429656	429638	74.2	42.80	31.40	Inf	Tyr	105.2	high confidence set
scaffold107	4	385152	385081	Pro	AGG	0	0	67.4	34.70	32.70	Inf	Pro	112.3	high confidence set
scaffold107	5	149015	148942	Asn	GTT	0	0	83.7	58.60	25.10	Inf	Asn	90.4	high confidence set
scaffold107	6	119294	119223	iMet	CAT	0	0	57.5	27.40	30.10	Inf	iMet	120.7	high confidence set
scaffold107	7	115872	115801	iMet	CAT	0	0	57.5	27.40	30.10	Inf	iMet	120.7	high confidence set
scaffold105	1	202540	202620	Leu	CAG	0	0	69.5	46.80	22.70	Inf	Leu	109.7	high confidence set
scaffold43	1	369617	369689	Ala	AGC	0	0	59.6	37.50	22.10	Inf	Ala	96.4	high confidence set
scaffold43	2	460674	460745	His	GTG	0	0	63.3	34.30	29.00	Inf	His	87.4	high confidence set
scaffold43	3	482180	482251	iMet	CAT	0	0	57.5	27.40	30.10	Inf	iMet	120.7	high confidence set
scaffold43	5	1057767	1057838	Pro	AGG	0	0	67.4	34.70	32.70	Inf	Pro	112.3	high confidence set
scaffold43	6	1064344	1064416	Phe	GAA	0	0	67.7	52.40	15.30	Inf	Phe	99.0	high confidence set
scaffold43	7	1090530	1090450	Leu	AAG	0	0	74.0	52.20	21.80	Inf	Leu	110.4	high confidence set
scaffold43	8	862940	862868	Lys	CTT	0	0	87.7	67.60	20.10	Inf	Lys	106.7	high confidence set
scaffold114	1	97106	97033	Val	AAC	0	0	72.5	48.10	24.40	Inf	Val	100.2	high confidence set
scaffold114	2	66432	66362	Gly	CCC	0	0	65.4	28.10	37.30	Inf	Gly	85.4	high confidence set
scaffold109	1	92074	92002	Glu	CTC	0	0	78.9	53.10	25.80	Inf	Glu	94.8	high confidence set
scaffold109	2	54520	54447	Ile	TAT	0	0	81.5	66.50	15.00	Inf	Ile	94.6	high confidence set
scaffold87	1	177263	177335	Lys	CTT	0	0	87.7	67.60	20.10	Inf	Lys	106.7	high confidence set
scaffold87	2	684668	684752	Met	CAT	684706	684716	69.0	45.70	23.30	Inf	Met	104.3	high confidence set
scaffold87	3	211415	211334	Ser	GCT	0	0	79.0	43.10	35.90	Inf	Ser	108.6	high confidence set
scaffold77	1	21641	21712	iMet	CAT	0	0	57.5	27.40	30.10	Inf	iMet	120.7	high confidence set
scaffold77	3	35869	35950	Ser	GCT	0	0	80.5	45.20	35.30	Inf	Ser	109.5	high confidence set
scaffold77	4	149573	149644	Gly	TCC	0	0	74.1	46.70	27.40	Inf	Gly	84.2	high confidence set
scaffold112	1	519136	519207	Gln	TTG	0	0	73.5	53.70	19.80	Inf	Gln	104.8	high confidence set
scaffold112	2	554152	554071	Ser	GCT	0	0	80.5	45.20	35.30	Inf	Ser	109.5	high confidence set
scaffold112	3	518694	518611	Met	CAT	518656	518647	68.8	45.30	23.50	Inf	Met	104.3	high confidence set
scaffold112	4	467456	467384	Phe	GAA	0	0	78.3	58.40	19.90	Inf	Phe	113.2	high confidence set
scaffold112	5	466363	466291	Phe	GAA	0	0	69.5	49.90	19.60	Inf	Phe	97.9	high confidence set
scaffold104	1	204953	205025	Ala	TGC	0	0	67.5	41.40	26.10	Inf	Ala	98.0	high confidence set
scaffold104	2	193697	193625	Ala	TGC	0	0	68.8	42.60	26.20	Inf	Ala	100.0	high confidence set
scaffold96	1	336733	336806	Val	AAC	0	0	51.0	33.80	17.20	Inf	Val	77.8	high confidence set
scaffold96	2	484395	484467	Glu	CTC	0	0	78.9	53.10	25.80	Inf	Glu	94.8	high confidence set
scaffold96	3	487884	487956	Glu	CTC	0	0	79.2	53.50	25.70	Inf	Glu	94.2	high confidence set
scaffold96	5	1017652	1017571	Ser	GCT	0	0	80.5	45.20	35.30	Inf	Ser	109.5	high confidence set
scaffold96	6	599921	599850	Thr	TGT	0	0	84.3	58.00	26.30	Inf	Thr	93.3	high confidence set
scaffold19	1	447669	447750	Ser	AGA	0	0	80.3	44.00	36.30	Inf	Ser	115.3	high confidence set
scaffold101	1	218663	218733	Gly	CCC	0	0	65.4	28.10	37.30	Inf	Gly	85.4	high confidence set
scaffold101	2	133184	133113	Gln	CTG	0	0	72.2	47.60	24.60	Inf	Gln	97.6	high confidence set
scaffold46	1	681136	681209	Thr	AGT	0	0	73.6	45.20	28.40	Inf	Thr	88.6	high confidence set
scaffold46	2	681413	681486	Thr	AGT	0	0	71.1	45.70	25.40	Inf	Thr	85.6	high confidence set
scaffold27	1	320469	320398	Asp	GTC	0	0	69.8	46.80	23.00	Inf	Asp	94.5	high confidence set
scaffold27	2	18168	18097	Gln	CTG	0	0	75.3	51.20	24.10	Inf	Gln	106.0	high confidence set
scaffold76	2	329480	329561	Ser	GCT	0	0	80.5	45.20	35.30	Inf	Ser	109.5	high confidence set
scaffold76	3	410714	410786	Arg	CCT	0	0	72.3	51.10	21.20	Inf	Arg	84.8	high confidence set
scaffold76	4	1133707	1133787	Leu	AAG	0	0	75.7	55.40	20.30	Inf	Leu	112.7	high confidence set
scaffold76	5	1139668	1139595	Asn	GTT	0	0	81.8	55.70	26.10	Inf	Asn	94.3	high confidence set
scaffold76	6	1127362	1127290	Ala	TGC	0	0	64.1	43.10	21.00	Inf	Ala	94.8	high confidence set
scaffold76	7	192755	192674	Ser	AGA	0	0	79.4	43.10	36.30	Inf	Ser	115.0	high confidence set
scaffold76	8	27762	27689	Thr	AGT	0	0	73.6	45.20	28.40	Inf	Thr	88.6	high confidence set
scaffold137	1	162105	162176	Gly	TCC	0	0	71.0	46.70	24.30	Inf	Gly	82.3	high confidence set
scaffold145	1	435036	435107	Glu	TTC	0	0	70.5	45.30	25.20	Inf	Glu	97.5	high confidence set
scaffold145	2	550912	550983	Thr	TGT	0	0	83.2	57.00	26.20	Inf	Thr	92.5	high confidence set
scaffold145	3	896933	897014	Ser	GCT	0	0	80.5	45.20	35.30	Inf	Ser	109.5	high confidence set
scaffold145	4	930866	930949	Met	CAT	930904	930913	68.8	45.30	23.50	Inf	Met	104.3	high confidence set
scaffold145	5	944735	944807	Ala	TGC	0	0	61.9	36.90	25.00	Inf	Ala	93.3	high confidence set
scaffold145	6	930385	930314	Gln	TTG	0	0	73.5	53.70	19.80	Inf	Gln	104.8	high confidence set
scaffold155	3	374976	375057	Ser	GCT	0	0	80.5	45.20	35.30	Inf	Ser	109.5	high confidence set
scaffold155	4	377955	378036	Ser	GCT	0	0	80.5	45.20	35.30	Inf	Ser	109.5	high confidence set
scaffold155	5	499572	499644	Lys	CTT	0	0	86.8	66.60	20.20	Inf	Lys	107.7	high confidence set
scaffold155	6	517219	517289	Gly	GCC	0	0	66.5	44.80	21.70	Inf	Gly	94.4	high confidence set
scaffold155	7	626389	626461	Glu	CTC	0	0	79.2	53.50	25.70	Inf	Glu	94.2	high confidence set
scaffold155	8	482492	482420	Arg	CCT	0	0	72.6	51.90	20.70	Inf	Arg	83.4	high confidence set
scaffold155	9	387805	387734	Gly	TCC	0	0	74.1	46.70	27.40	Inf	Gly	84.2	high confidence set
scaffold155	11	93747	93668	Leu	TAG	0	0	69.5	48.50	21.00	Inf	Leu	111.5	high confidence set
scaffold66	1	76197	76268	iMet	CAT	0	0	57.5	27.40	30.10	Inf	iMet	120.7	high confidence set
scaffold66	2	199260	199331	Lys	TTT	0	0	70.8	50.40	20.40	Inf	Thr	76.2	IPD:-36.80,isotype mismatch
scaffold66	4	544043	544115	Lys	TTT	0	0	90.5	66.90	23.60	Inf	Lys	95.4	high confidence set
scaffold66	6	164605	164534	iMet	CAT	0	0	57.5	27.40	30.10	Inf	iMet	120.7	high confidence set
scaffold66	7	151703	151632	iMet	CAT	0	0	57.5	27.40	30.10	Inf	iMet	120.7	high confidence set
scaffold169	1	174868	174941	Ile	TAT	0	0	77.3	65.00	12.30	Inf	Ile	96.1	high confidence set
scaffold163	2	626571	626500	His	GTG	0	0	62.8	33.70	29.10	Inf	His	85.1	high confidence set
scaffold163	3	461045	460973	Lys	TTT	0	0	89.6	66.00	23.60	Inf	Lys	96.4	high confidence set
scaffold163	4	441035	440963	Lys	TTT	0	0	89.6	66.00	23.60	Inf	Lys	96.4	high confidence set
scaffold163	5	301312	301241	Glu	TTC	0	0	70.5	45.30	25.20	Inf	Glu	97.5	high confidence set
scaffold55	1	262319	262390	Gly	TCC	0	0	74.1	46.70	27.40	Inf	Gly	84.2	high confidence set
scaffold55	2	522465	522537	Phe	GAA	0	0	78.3	58.40	19.90	Inf	Phe	113.2	high confidence set
scaffold55	3	611002	611083	Ser	GCT	0	0	77.6	40.90	36.70	Inf	Ser	107.5	high confidence set
scaffold57	4	1195033	1194952	Ser	TGA	0	0	78.3	44.40	33.90	Inf	Ser	115.8	high confidence set
scaffold86	2	978486	978559	Val	CAC	0	0	70.2	40.70	29.50	Inf	Val	96.7	high confidence set
scaffold86	3	1070270	1070341	Thr	CGT	0	0	76.3	46.70	29.60	Inf	Thr	86.1	high confidence set
scaffold86	4	1148344	1148424	Leu	AAG	0	0	74.0	52.20	21.80	Inf	Leu	110.4	high confidence set
scaffold86	5	2005358	2005287	Gln	CTG	0	0	75.3	51.20	24.10	Inf	Gln	106.0	high confidence set
scaffold86	6	1610789	1610718	Pro	AGG	0	0	67.4	34.70	32.70	Inf	Pro	112.3	high confidence set
scaffold86	7	1457197	1457116	Ser	CGA	0	0	78.9	46.60	32.30	Inf	Ser	122.0	high confidence set
scaffold86	8	1272334	1272263	Cys	GCA	0	0	82.1	59.90	22.20	Inf	Cys	106.6	high confidence set
scaffold86	9	1222765	1222693	Lys	CTT	0	0	87.7	67.60	20.10	Inf	Lys	106.7	high confidence set
scaffold86	10	1221307	1221235	Lys	CTT	0	0	87.7	67.60	20.10	Inf	Lys	106.7	high confidence set
scaffold86	11	980224	980152	Ala	TGC	0	0	68.8	42.60	26.20	Inf	Ala	100.0	high confidence set
scaffold86	12	969940	969869	Asp	GTC	0	0	69.8	46.80	23.00	Inf	Asp	94.5	high confidence set
scaffold86	13	969796	969725	Pro	AGG	0	0	67.4	34.70	32.70	Inf	Pro	112.3	high confidence set
scaffold86	14	824075	824002	Val	CAC	0	0	78.3	47.30	31.00	Inf	Val	101.7	high confidence set
scaffold12	2	642093	642022	Thr	TGT	0	0	84.3	58.00	26.30	Inf	Thr	93.3	high confidence set
scaffold149	1	287529	287602	Val	AAC	0	0	72.5	48.10	24.40	Inf	Val	100.2	high confidence set
scaffold29	2	167733	167663	Gly	CCC	0	0	65.4	28.10	37.30	Inf	Gly	85.4	high confidence set
scaffold29	3	40003	39923	Leu	AAG	0	0	75.7	55.40	20.30	Inf	Leu	112.7	high confidence set
scaffold176	2	223031	222948	Met	CAT	222993	222984	68.8	45.30	23.50	Inf	Met	104.3	high confidence set
scaffold172	1	386186	386115	Trp	CCA	0	0	75.8	51.20	24.60	Inf	Trp	105.6	high confidence set
scaffold172	2	373472	373401	Asp	GTC	0	0	69.8	46.80	23.00	Inf	Asp	94.5	high confidence set
scaffold204	1	134197	134268	Trp	CCA	0	0	75.8	51.20	24.60	Inf	Trp	105.6	high confidence set
scaffold204	3	185266	185345	Leu	TAG	0	0	69.5	48.50	21.00	Inf	Leu	111.5	high confidence set
scaffold204	4	263996	264067	His	GTG	0	0	62.8	33.70	29.10	Inf	His	85.1	high confidence set
scaffold108	1	208752	208833	Ser	AGA	0	0	80.3	44.00	36.30	Inf	Ser	115.3	high confidence set
scaffold108	3	742976	743047	iMet	CAT	0	0	57.5	26.90	30.60	Inf	iMet	115.2	high confidence set
scaffold108	4	796060	796131	iMet	CAT	0	0	50.2	22.20	28.00	Inf	iMet	103.3	high confidence set
scaffold147	1	391238	391167	Pro	AGG	0	0	60.8	29.90	30.90	Inf	Pro	104.5	high confidence set
scaffold147	2	385439	385366	Ile	AAT	0	0	77.0	51.80	25.20	Inf	Ile	102.1	high confidence set
scaffold132	1	51335	51407	Ala	TGC	0	0	68.8	42.60	26.20	Inf	Ala	100.0	high confidence set
scaffold132	3	268573	268644	Pro	TGG	0	0	62.5	30.70	31.80	Inf	Pro	99.4	high confidence set
scaffold132	4	278709	278636	Ile	AAT	0	0	77.0	51.80	25.20	Inf	Ile	102.1	high confidence set
scaffold132	5	155952	155871	Ser	TGA	0	0	78.3	44.40	33.90	Inf	Ser	115.8	high confidence set
scaffold175	1	335992	336063	Glu	TTC	0	0	70.5	45.30	25.20	Inf	Glu	97.5	high confidence set
scaffold175	2	61074	61003	Asp	GTC	0	0	69.8	46.80	23.00	Inf	Asp	94.5	high confidence set
scaffold179	1	34028	34118	Tyr	GTA	34065	34082	72.0	38.70	33.30	Inf	Tyr	110.0	high confidence set
scaffold179	3	288826	288899	Thr	AGT	0	0	62.7	41.90	20.80	Inf	Thr	78.0	high confidence set
scaffold179	4	295389	295460	Gly	TCC	0	0	74.1	46.70	27.40	Inf	Gly	84.2	high confidence set
scaffold179	5	575842	575770	Val	TAC	0	0	73.4	36.60	36.80	Inf	Val	107.0	high confidence set
scaffold179	6	530965	530893	Lys	CTT	0	0	87.7	67.60	20.10	Inf	Lys	106.7	high confidence set
scaffold179	7	509743	509672	Trp	CCA	0	0	75.8	51.20	24.60	Inf	Trp	105.6	high confidence set
scaffold179	8	460131	460060	Thr	TGT	0	0	83.2	57.00	26.20	Inf	Thr	92.5	high confidence set
scaffold179	9	253731	253659	Arg	TCT	0	0	70.0	49.90	20.10	Inf	Arg	100.1	high confidence set
scaffold117	2	339471	339542	Gly	TCC	0	0	74.1	46.70	27.40	Inf	Gly	84.2	high confidence set
scaffold117	3	349065	348984	Ser	GCT	0	0	80.5	45.20	35.30	Inf	Ser	109.5	high confidence set
scaffold117	4	215809	215739	Lys	CTT	0	0	67.4	57.30	10.10	Inf	Lys	95.7	high confidence set
scaffold117	5	182023	181952	Pro	AGG	0	0	55.9	23.40	32.50	Inf	Pro	102.1	high confidence set
scaffold117	6	56552	56480	Glu	CTC	0	0	79.2	53.50	25.70	Inf	Glu	94.2	high confidence set
scaffold177	1	73827	73899	Lys	CTT	0	0	87.7	67.60	20.10	Inf	Lys	106.7	high confidence set
scaffold177	2	113879	113958	Leu	TAG	0	0	69.5	48.50	21.00	Inf	Leu	111.5	high confidence set
scaffold177	3	197660	197733	Ile	AAT	0	0	69.1	51.50	17.60	Inf	Ile	94.4	high confidence set
scaffold177	4	252870	252950	Leu	AAG	0	0	74.0	52.20	21.80	Inf	Leu	110.4	high confidence set
scaffold177	5	772831	772903	Val	TAC	0	0	78.4	45.50	32.90	Inf	Val	104.8	high confidence set
scaffold184	1	48124	48036	Tyr	GTA	48087	48072	61.2	31.00	30.20	Inf	Tyr	95.6	high confidence set
scaffold200	1	107303	107373	Gly	GCC	0	0	66.5	44.80	21.70	Inf	Gly	94.4	high confidence set
scaffold200	2	185080	185163	Met	CAT	185118	185127	68.8	45.30	23.50	Inf	Met	104.3	high confidence set
scaffold200	3	152309	152239	Gly	GCC	0	0	66.5	44.80	21.70	Inf	Gly	94.4	high confidence set
scaffold200	4	114377	114305	Ala	TGC	0	0	68.8	42.60	26.20	Inf	Ala	100.0	high confidence set
scaffold123	1	103191	103262	Thr	TGT	0	0	84.3	58.00	26.30	Inf	Thr	93.3	high confidence set
scaffold123	2	688540	688612	Arg	TCT	0	0	70.4	50.20	20.20	Inf	Arg	95.3	high confidence set
scaffold123	3	1068875	1068946	Asp	GTC	0	0	69.8	46.80	23.00	Inf	Asp	94.5	high confidence set
scaffold123	4	1270565	1270635	Gly	GCC	0	0	66.5	44.80	21.70	Inf	Gly	94.4	high confidence set
scaffold123	6	1641586	1641671	Tyr	GTA	1641623	1641635	74.5	43.10	31.40	Inf	Tyr	111.8	high confidence set
scaffold123	8	1793496	1793568	Ala	CGC	0	0	68.3	44.10	24.20	Inf	Ala	99.2	high confidence set
scaffold123	10	1434504	1434433	Lys	TTT	0	0	91.9	68.20	23.70	Inf	Lys	98.4	high confidence set
scaffold123	11	1430914	1430844	Gly	GCC	0	0	66.5	44.80	21.70	Inf	Gly	94.4	high confidence set
scaffold123	12	1426018	1425948	Gly	GCC	0	0	66.5	44.80	21.70	Inf	Gly	94.4	high confidence set
scaffold123	14	1037518	1037446	Ala	TGC	0	0	68.8	42.60	26.20	Inf	Ala	100.0	high confidence set
scaffold123	15	909549	909479	Gly	GCC	0	0	66.5	44.80	21.70	Inf	Gly	94.4	high confidence set
scaffold123	18	180421	180350	His	GTG	0	0	62.8	33.70	29.10	Inf	His	85.1	high confidence set
scaffold123	20	99445	99372	Thr	AGT	0	0	73.6	45.20	28.40	Inf	Thr	88.6	high confidence set
scaffold33	1	37825	37897	Glu	CTC	0	0	78.9	53.10	25.80	Inf	Glu	94.8	high confidence set
scaffold33	2	41219	41291	Glu	CTC	0	0	79.2	53.50	25.70	Inf	Glu	98.6	high confidence set
scaffold33	3	351463	351536	Val	AAC	0	0	68.7	44.60	24.10	Inf	Val	94.3	high confidence set
scaffold33	4	356576	356649	Val	AAC	0	0	72.4	49.00	23.40	Inf	Val	96.8	high confidence set
scaffold33	5	513931	514001	Gly	GCC	0	0	57.0	43.00	14.00	Inf	Gly	85.6	high confidence set
scaffold33	8	948609	948537	Ala	AGC	0	0	63.4	38.20	25.20	Inf	Ala	98.3	high confidence set
scaffold33	9	534012	533931	Ser	GCT	0	0	80.5	45.20	35.30	Inf	Ser	109.5	high confidence set
scaffold33	11	518874	518803	iMet	CAT	0	0	57.5	27.40	30.10	Inf	iMet	120.7	high confidence set
scaffold33	12	146101	146030	Thr	TGT	0	0	84.3	58.00	26.30	Inf	Thr	93.3	high confidence set
scaffold164	1	746326	746398	Arg	CCT	0	0	72.6	51.90	20.70	Inf	Arg	83.4	high confidence set
scaffold228	1	117609	117680	iMet	CAT	0	0	57.5	27.40	30.10	Inf	iMet	120.7	high confidence set
scaffold228	2	148188	148269	Ser	GCT	0	0	80.5	45.20	35.30	Inf	Ser	109.5	high confidence set
scaffold140	1	342852	342923	Asp	GTC	0	0	69.8	46.80	23.00	Inf	Asp	94.5	high confidence set
scaffold206	1	338238	338309	Thr	TGT	0	0	76.4	51.30	25.10	Inf	Thr	85.6	high confidence set
scaffold206	2	302662	302590	Ala	CGC	0	0	67.5	42.40	25.10	Inf	Ala	101.1	high confidence set
scaffold159	2	528543	528615	Glu	CTC	0	0	79.2	53.50	25.70	Inf	Glu	94.2	high confidence set
scaffold159	3	893256	893339	Leu	CAA	0	0	76.0	56.10	19.90	Inf	Leu	116.4	high confidence set
scaffold256	1	152170	152242	Arg	CCG	0	0	68.0	51.50	16.50	Inf	Arg	95.2	high confidence set
scaffold225	1	185550	185621	His	GTG	0	0	62.8	33.70	29.10	Inf	His	85.1	high confidence set
scaffold225	2	403504	403575	Pro	TGG	0	0	66.3	31.40	34.90	Inf	Pro	105.9	high confidence set
scaffold225	3	565072	565163	Tyr	GTA	565109	565127	74.2	42.70	31.50	Inf	Tyr	111.8	high confidence set
scaffold225	5	662179	662252	Ile	AAT	0	0	71.2	51.30	19.90	Inf	Ile	91.9	high confidence set
scaffold225	6	797898	797980	Leu	TAA	0	0	76.1	38.50	37.60	Inf	Leu	99.9	high confidence set
scaffold225	8	369176	369105	Asp	GTC	0	0	69.8	46.80	23.00	Inf	Asp	94.5	high confidence set
scaffold254	2	25686	25614	Ala	CGC	0	0	68.6	44.40	24.20	Inf	Ala	97.0	high confidence set
scaffold260	1	366396	366323	Thr	AGT	0	0	73.6	45.20	28.40	Inf	Thr	88.6	high confidence set
scaffold260	2	204196	204124	Lys	CTT	0	0	86.8	66.60	20.20	Inf	Lys	107.7	high confidence set
scaffold231	1	513071	512991	Leu	AAG	0	0	74.0	52.20	21.80	Inf	Leu	110.4	high confidence set
scaffold231	2	411511	411439	Lys	CTT	0	0	87.7	67.60	20.10	Inf	Lys	106.7	high confidence set
scaffold231	3	324641	324570	Asp	GTC	0	0	69.8	46.80	23.00	Inf	Asp	94.5	high confidence set
scaffold231	4	208453	208371	Leu	TAA	0	0	68.4	29.10	39.30	Inf	Leu	90.1	high confidence set
scaffold37	1	966665	966736	Pro	AGG	0	0	67.4	34.70	32.70	Inf	Pro	112.3	high confidence set
scaffold212	1	652847	652774	Thr	AGT	0	0	73.6	45.20	28.40	Inf	Thr	88.6	high confidence set
scaffold212	2	134122	134052	Gly	GCC	0	0	66.5	44.80	21.70	Inf	Gly	94.4	high confidence set
scaffold212	3	14914	14841	Ile	AAT	0	0	83.0	54.40	28.60	Inf	Ile	104.3	high confidence set
scaffold273	1	327973	328052	Leu	TAG	0	0	69.5	48.50	21.00	Inf	Leu	111.5	high confidence set
scaffold165	1	119765	119837	Ala	TGC	0	0	68.8	42.60	26.20	Inf	Ala	100.0	high confidence set
scaffold208	1	348440	348512	Ala	AGC	0	0	63.4	38.20	25.20	Inf	Ala	98.3	high confidence set
scaffold208	4	140942	140870	Phe	GAA	0	0	72.8	52.80	20.00	Inf	Phe	107.7	high confidence set
scaffold208	5	32873	32790	Tyr	GTA	32836	32826	73.5	41.70	31.80	Inf	Tyr	112.9	high confidence set
scaffold25	1	401169	401240	Asp	GTC	0	0	69.8	46.80	23.00	Inf	Asp	94.5	high confidence set
scaffold25	2	2017055	2017135	Leu	AAG	0	0	74.0	52.20	21.80	Inf	Leu	110.4	high confidence set
scaffold25	3	2189919	2189991	Arg	CCT	0	0	72.3	51.10	21.20	Inf	Arg	84.8	high confidence set
scaffold25	6	2853651	2853731	Leu	CAG	0	0	60.9	40.00	20.90	Inf	Leu	97.2	high confidence set
scaffold25	7	2545510	2545429	Ser	GCT	0	0	80.5	45.20	35.30	Inf	Ser	109.5	high confidence set
scaffold242	1	35122	35051	Pro	TGG	0	0	66.3	31.40	34.90	Inf	Pro	105.9	high confidence set
scaffold286	1	187056	187127	Pro	CGG	0	0	65.2	35.80	29.40	Inf	Pro	103.5	high confidence set
scaffold286	2	359577	359650	Ile	AAT	0	0	57.3	45.20	12.10	Inf	Ile	72.8	high confidence set
scaffold286	3	269495	269416	Leu	TAG	0	0	55.5	37.80	17.70	Inf	Leu	78.3	high confidence set
scaffold286	4	183172	183099	Val	CAC	0	0	79.3	48.30	31.00	Inf	Val	104.5	high confidence set
scaffold302	1	43779	43852	Ile	AAT	0	0	81.8	52.60	29.20	Inf	Ile	108.1	high confidence set
scaffold302	2	134051	133971	Leu	CAG	0	0	69.5	46.80	22.70	Inf	Leu	109.7	high confidence set
scaffold302	3	42092	42020	Phe	GAA	0	0	72.9	53.30	19.60	Inf	Phe	106.5	high confidence set
scaffold275	2	116852	116924	Phe	GAA	0	0	78.3	58.40	19.90	Inf	Phe	113.2	high confidence set
scaffold279	1	359482	359554	Arg	ACG	0	0	73.2	50.90	22.30	Inf	Arg	91.4	high confidence set
scaffold279	2	364569	364641	Arg	ACG	0	0	73.2	50.90	22.30	Inf	Arg	91.4	high confidence set
scaffold279	4	612823	612894	Pro	AGG	0	0	67.4	34.70	32.70	Inf	Pro	112.3	high confidence set
scaffold279	5	608776	608704	Arg	CCT	0	0	72.6	51.90	20.70	Inf	Arg	83.4	high confidence set
scaffold279	7	127712	127641	Asp	GTC	0	0	69.8	46.80	23.00	Inf	Asp	94.5	high confidence set
scaffold257	1	49272	49191	Ser	CGA	0	0	75.0	42.50	32.50	Inf	Ser	116.9	high confidence set
scaffold288	1	16489	16417	Glu	CTC	0	0	79.2	53.50	25.70	Inf	Glu	94.2	high confidence set
scaffold233	1	322608	322691	Met	CAT	322646	322655	70.7	44.80	25.90	Inf	Met	105.6	high confidence set
scaffold233	2	542970	543054	Tyr	GTA	543007	543018	74.5	43.20	31.30	Inf	Tyr	111.8	high confidence set
scaffold156	2	659716	659788	Lys	TTT	0	0	90.5	66.90	23.60	Inf	Lys	95.4	high confidence set
scaffold156	4	820612	820683	Glu	TTC	0	0	72.0	47.50	24.50	Inf	Glu	101.6	high confidence set
scaffold156	5	1480244	1480316	Arg	ACG	0	0	72.6	50.30	22.30	Inf	Arg	93.9	high confidence set
scaffold156	6	1485341	1485413	Arg	ACG	0	0	73.2	50.90	22.30	Inf	Arg	91.4	high confidence set
scaffold156	7	1792410	1792481	Pro	AGG	0	0	67.4	34.70	32.70	Inf	Pro	112.3	high confidence set
scaffold156	8	2004827	2004755	Arg	ACG	0	0	73.2	50.90	22.30	Inf	Arg	91.4	high confidence set
scaffold156	9	1962175	1962102	Arg	TCG	0	0	82.3	61.00	21.30	Inf	Arg	91.9	high confidence set
scaffold156	10	1808902	1808831	His	GTG	0	0	62.8	33.70	29.10	Inf	His	85.1	high confidence set
scaffold156	11	1789863	1789791	Arg	CCT	0	0	72.6	51.90	20.70	Inf	Arg	83.4	high confidence set
scaffold156	12	1402851	1402779	Arg	CCT	0	0	72.6	51.90	20.70	Inf	Arg	83.4	high confidence set
scaffold67	1	147131	147203	Lys	CTT	0	0	85.7	65.50	20.20	Inf	Lys	104.1	high confidence set
scaffold67	3	1419538	1419619	Ser	TGA	0	0	78.3	44.40	33.90	Inf	Ser	115.8	high confidence set
scaffold67	4	1618693	1618765	Val	TAC	0	0	73.5	43.80	29.70	Inf	Val	101.3	high confidence set
scaffold67	5	1762441	1762514	Val	AAC	0	0	71.5	47.10	24.40	Inf	Val	97.5	high confidence set
scaffold67	6	1939456	1939529	Val	AAC	0	0	72.5	48.10	24.40	Inf	Val	100.2	high confidence set
scaffold67	7	2705044	2704971	Val	AAC	0	0	72.5	48.10	24.40	Inf	Val	100.2	high confidence set
scaffold67	8	1985918	1985847	Gln	TTG	0	0	73.5	53.70	19.80	Inf	Gln	104.8	high confidence set
scaffold67	9	1858799	1858728	Asp	GTC	0	0	69.8	46.80	23.00	Inf	Asp	94.5	high confidence set
scaffold67	10	1661101	1661028	Ile	AAT	0	0	77.0	51.80	25.20	Inf	Ile	102.1	high confidence set
scaffold67	11	1312031	1311947	Tyr	GTA	1311994	1311983	74.5	43.00	31.50	Inf	Tyr	111.8	high confidence set
scaffold67	12	192068	191987	Ser	GCT	0	0	79.0	43.10	35.90	Inf	Ser	108.6	high confidence set
scaffold303	1	39076	39147	Cys	GCA	0	0	82.1	59.90	22.20	Inf	Cys	106.6	high confidence set
scaffold303	2	501625	501706	Ser	AGA	0	0	80.3	44.00	36.30	Inf	Ser	115.3	high confidence set
scaffold303	3	557935	558008	Ile	AAT	0	0	78.4	52.30	26.10	Inf	Ile	103.7	high confidence set
scaffold303	4	652651	652571	Leu	CAG	0	0	60.4	39.20	21.20	Inf	Leu	101.2	high confidence set
scaffold303	7	213351	213280	Pro	CGG	0	0	65.2	35.80	29.40	Inf	Pro	103.5	high confidence set
scaffold303	8	195908	195828	Leu	AAG	0	0	67.1	49.10	18.00	Inf	Leu	98.1	high confidence set
scaffold303	9	35261	35190	Glu	TTC	0	0	70.5	45.30	25.20	Inf	Glu	97.5	high confidence set
scaffold182	1	826319	826390	Asn	GTT	0	0	81.2	55.50	25.70	Inf	Thr	74.7	IPD:-4.20,isotype mismatch
scaffold182	2	826711	826633	Arg	ACG	0	0	56.5	44.90	11.60	Inf	Ile	73.7	IPD:-23.30,isotype mismatch
scaffold318	1	340049	340120	Asp	GTC	0	0	69.8	46.80	23.00	Inf	Asp	94.5	high confidence set
scaffold318	2	146412	146341	Glu	TTC	0	0	70.5	45.30	25.20	Inf	Glu	97.5	high confidence set
scaffold291	1	8942	9014	Lys	CTT	0	0	87.7	67.60	20.10	Inf	Lys	106.7	high confidence set
scaffold291	2	740491	740574	Leu	CAA	0	0	76.7	54.50	22.20	Inf	Leu	123.1	high confidence set
scaffold291	3	1087304	1087375	Gly	TCC	0	0	74.1	46.70	27.40	Inf	Gly	84.2	high confidence set
scaffold291	4	1162091	1162162	Gln	CTG	0	0	74.3	49.60	24.70	Inf	Gln	106.1	high confidence set
scaffold291	5	766471	766400	Gly	TCC	0	0	71.0	46.70	24.30	Inf	Gly	82.3	high confidence set
scaffold291	6	694904	694821	Leu	CAA	0	0	75.0	53.00	22.00	Inf	Leu	124.1	high confidence set
scaffold291	7	682822	682739	Leu	CAA	0	0	79.5	54.50	25.00	Inf	Leu	126.8	high confidence set
scaffold291	8	490860	490789	Cys	GCA	0	0	81.7	56.10	25.60	Inf	Cys	104.3	high confidence set
scaffold291	9	271404	271334	Gly	GCC	0	0	66.5	44.80	21.70	Inf	Gly	94.4	high confidence set
scaffold196	1	483637	483710	Thr	AGT	0	0	73.6	45.20	28.40	Inf	Thr	88.6	high confidence set
scaffold196	2	620563	620644	Ser	CGA	0	0	78.9	46.60	32.30	Inf	Ser	122.0	high confidence set
scaffold196	4	962096	962169	Thr	AGT	0	0	76.5	48.00	28.50	Inf	Thr	90.4	high confidence set
scaffold196	5	1388687	1388614	Ile	AAT	0	0	77.0	51.80	25.20	Inf	Ile	102.1	high confidence set
scaffold196	6	1385321	1385248	Ile	AAT	0	0	61.7	40.50	21.20	Inf	Ile	89.4	high confidence set
scaffold196	7	1248865	1248794	Trp	CCA	0	0	75.8	51.20	24.60	Inf	Trp	105.6	high confidence set
scaffold196	8	1198667	1198594	Arg	TCG	0	0	81.9	60.40	21.50	Inf	Arg	92.9	high confidence set
scaffold196	9	1175540	1175460	Leu	CAG	0	0	69.5	46.80	22.70	Inf	Leu	109.7	high confidence set
scaffold196	11	610271	610199	Arg	TCT	0	0	70.4	50.20	20.20	Inf	Arg	95.3	high confidence set
scaffold196	12	305045	304975	Gly	CCC	0	0	65.4	28.10	37.30	Inf	Gly	85.4	high confidence set
scaffold217	1	171100	171172	Lys	TTT	0	0	89.6	66.00	23.60	Inf	Lys	96.4	high confidence set
scaffold217	2	181167	181238	Cys	GCA	0	0	79.4	57.50	21.90	Inf	Cys	102.0	high confidence set
scaffold217	3	357961	358031	Gly	CCC	0	0	65.4	28.10	37.30	Inf	Gly	85.4	high confidence set
scaffold217	4	1170336	1170409	Val	CAC	0	0	82.6	54.80	27.80	Inf	Val	106.4	high confidence set
scaffold217	5	31910	31837	Val	CAC	0	0	81.5	53.50	28.00	Inf	Val	100.2	high confidence set
scaffold311	1	96776	96697	Leu	TAG	0	0	69.5	48.50	21.00	Inf	Leu	111.5	high confidence set
scaffold352	1	74316	74387	iMet	CAT	0	0	54.1	27.10	27.00	Inf	iMet	115.6	high confidence set
scaffold151	2	478501	478433	Cys	GCA	0	0	59.0	40.90	18.10	Inf	Cys	77.4	high confidence set
scaffold151	3	388094	388021	Val	AAC	0	0	71.5	47.10	24.40	Inf	Val	97.5	high confidence set
scaffold151	4	58537	58465	Phe	GAA	0	0	78.3	58.40	19.90	Inf	Phe	113.2	high confidence set
scaffold296	1	77978	77906	Glu	CTC	0	0	79.2	53.50	25.70	Inf	Glu	94.2	high confidence set
scaffold319	1	92762	92834	Phe	GAA	0	0	78.3	58.40	19.90	Inf	Phe	113.2	high confidence set
scaffold319	2	1018001	1018072	Asp	GTC	0	0	69.8	46.80	23.00	Inf	Asp	94.5	high confidence set
scaffold319	3	1008014	1007941	Asn	GTT	0	0	85.1	60.00	25.10	Inf	Asn	92.8	high confidence set
scaffold319	4	788438	788365	Asn	GTT	0	0	80.0	54.90	25.10	Inf	Asn	93.1	high confidence set
scaffold344	1	235463	235534	Gly	TCC	0	0	74.1	46.70	27.40	Inf	Gly	84.2	high confidence set
scaffold222	2	173956	174027	Pro	TGG	0	0	66.3	31.40	34.90	Inf	Pro	105.9	high confidence set
scaffold222	4	1331753	1331825	Glu	CTC	0	0	79.2	53.50	25.70	Inf	Glu	94.2	high confidence set
scaffold305	1	72966	73037	Cys	GCA	0	0	82.1	59.90	22.20	Inf	Cys	106.6	high confidence set
scaffold305	2	81432	81503	Gln	TTG	0	0	73.5	53.70	19.80	Inf	Gln	104.8	high confidence set
scaffold305	3	595293	595222	Trp	CCA	0	0	75.8	51.20	24.60	Inf	Trp	105.6	high confidence set
scaffold305	4	572825	572754	Asp	GTC	0	0	69.8	46.80	23.00	Inf	Asp	94.5	high confidence set
scaffold305	5	298688	298616	Val	TAC	0	0	78.4	45.50	32.90	Inf	Val	104.8	high confidence set
scaffold315	1	407173	407244	Pro	CGG	0	0	62.6	27.90	34.70	Inf	Pro	97.4	high confidence set
scaffold315	2	601991	602062	Asp	GTC	0	0	69.8	46.80	23.00	Inf	Asp	94.5	high confidence set
scaffold315	3	122745	122674	Lys	TTT	0	0	91.9	68.20	23.70	Inf	Lys	98.4	high confidence set
scaffold368	1	10613	10685	Ala	TGC	0	0	55.3	29.20	26.10	Inf	Ala	86.9	high confidence set
scaffold370	1	207168	207240	Lys	CTT	0	0	87.7	67.60	20.10	Inf	Lys	106.7	high confidence set
scaffold370	2	160775	160703	Arg	CCG	0	0	78.7	58.70	20.00	Inf	Arg	80.7	high confidence set
scaffold370	3	101502	101429	Thr	AGT	0	0	73.6	45.20	28.40	Inf	Thr	88.6	high confidence set
scaffold272	1	506693	506765	Lys	CTT	0	0	86.8	66.60	20.20	Inf	Lys	107.7	high confidence set
scaffold272	4	2213850	2213923	Ile	AAT	0	0	77.0	51.80	25.20	Inf	Ile	102.1	high confidence set
scaffold272	5	2361069	2360998	Thr	CGT	0	0	76.3	46.70	29.60	Inf	Thr	86.1	high confidence set
scaffold272	6	2165348	2165277	Asp	GTC	0	0	69.8	46.80	23.00	Inf	Asp	94.5	high confidence set
scaffold272	7	1534659	1534588	Glu	TTC	0	0	72.0	47.50	24.50	Inf	Glu	101.6	high confidence set
scaffold272	8	501259	501187	Lys	CTT	0	0	86.8	66.60	20.20	Inf	Lys	107.7	high confidence set
scaffold297	1	153479	153550	Glu	TTC	0	0	63.0	44.50	18.50	Inf	Glu	88.6	high confidence set
scaffold297	2	960785	960858	Asn	GTT	0	0	86.2	61.00	25.20	Inf	Asn	93.9	high confidence set
scaffold297	3	152920	152849	Cys	GCA	0	0	82.1	59.90	22.20	Inf	Cys	106.6	high confidence set
scaffold325	1	444776	444857	Ser	AGA	0	0	79.4	43.10	36.30	Inf	Ser	115.0	high confidence set
scaffold325	3	302434	302363	Gly	TCC	0	0	62.2	37.70	24.50	Inf	Gly	71.6	high confidence set
scaffold310	1	923071	923142	Asp	GTC	0	0	69.8	46.80	23.00	Inf	Asp	94.5	high confidence set
scaffold310	2	1080950	1081022	Ala	AGC	0	0	63.4	38.20	25.20	Inf	Ala	98.3	high confidence set
scaffold310	4	1520546	1520475	Cys	GCA	0	0	82.1	59.90	22.20	Inf	Cys	106.6	high confidence set
scaffold310	5	1511682	1511611	Gln	TTG	0	0	73.5	53.70	19.80	Inf	Gln	104.8	high confidence set
scaffold310	6	1498661	1498589	Glu	CTC	0	0	79.2	53.50	25.70	Inf	Glu	94.2	high confidence set
scaffold310	7	1493046	1492974	Glu	CTC	0	0	79.2	53.50	25.70	Inf	Glu	94.2	high confidence set
scaffold310	8	405758	405687	Thr	CGT	0	0	67.1	46.30	20.80	Inf	Thr	75.9	high confidence set
scaffold310	11	3742	3671	Asp	GTC	0	0	69.8	46.80	23.00	Inf	Asp	94.5	high confidence set
scaffold372	1	87471	87542	Trp	CCA	0	0	71.3	56.40	14.90	Inf	Trp	95.8	high confidence set
scaffold372	2	192663	192742	Leu	TAG	0	0	69.5	48.50	21.00	Inf	Leu	111.5	high confidence set
scaffold372	3	342914	342987	Arg	TCG	0	0	83.2	61.60	21.60	Inf	Arg	91.9	high confidence set
scaffold372	5	25143	25072	Pro	AGG	0	0	67.4	34.70	32.70	Inf	Pro	112.3	high confidence set
scaffold205	1	126712	126784	Arg	TCT	0	0	70.6	50.60	20.00	Inf	Arg	94.6	high confidence set
scaffold377	1	356847	356919	Lys	CTT	0	0	87.7	67.60	20.10	Inf	Lys	106.7	high confidence set
scaffold292	1	78963	79036	Asn	GTT	0	0	86.2	61.00	25.20	Inf	Asn	93.9	high confidence set
scaffold292	3	618285	618357	Glu	CTC	0	0	79.2	53.50	25.70	Inf	Glu	94.2	high confidence set
scaffold292	4	1381251	1381178	Arg	TCG	0	0	81.9	60.40	21.50	Inf	Arg	92.9	high confidence set
scaffold292	5	1346151	1346071	Leu	CAG	0	0	69.5	46.80	22.70	Inf	Leu	109.7	high confidence set
scaffold292	6	354794	354723	Pro	AGG	0	0	67.4	34.70	32.70	Inf	Pro	112.3	high confidence set
scaffold327	2	522923	522850	Val	AAC	0	0	72.5	48.10	24.40	Inf	Val	100.2	high confidence set
scaffold349	1	8524	8596	Lys	CTT	0	0	87.7	67.60	20.10	Inf	Lys	106.7	high confidence set
scaffold349	3	199663	199733	Gly	GCC	0	0	66.5	44.80	21.70	Inf	Gly	94.4	high confidence set
scaffold349	4	602880	602952	Ala	AGC	0	0	63.4	38.20	25.20	Inf	Ala	98.3	high confidence set
scaffold349	6	869655	869738	Leu	CAA	0	0	79.5	54.50	25.00	Inf	Leu	126.8	high confidence set
scaffold349	7	888789	888718	Gly	TCC	0	0	74.1	46.70	27.40	Inf	Gly	84.2	high confidence set
scaffold349	8	836427	836356	Gly	TCC	0	0	60.4	42.60	17.80	Inf	Gly	73.3	high confidence set
scaffold349	9	800499	800416	Leu	CAA	0	0	76.7	54.50	22.20	Inf	Leu	123.1	high confidence set
scaffold349	11	549432	549361	Cys	GCA	0	0	81.7	56.10	25.60	Inf	Cys	104.3	high confidence set
scaffold349	12	44970	44899	Asp	GTC	0	0	69.8	46.80	23.00	Inf	Asp	94.5	high confidence set
scaffold51	1	12187	12260	Asn	GTT	0	0	86.2	61.00	25.20	Inf	Asn	93.9	high confidence set
scaffold51	2	129402	129486	Tyr	GTA	129439	129450	74.5	43.10	31.40	Inf	Tyr	111.8	high confidence set
scaffold51	3	1387884	1387955	Glu	TTC	0	0	72.0	47.50	24.50	Inf	Glu	101.6	high confidence set
scaffold51	4	228229	228146	Met	CAT	228191	228182	68.8	45.30	23.50	Inf	Met	104.3	high confidence set
scaffold346	1	842655	842725	Gly	GCC	0	0	66.5	44.80	21.70	Inf	Gly	94.4	high confidence set
scaffold346	2	1131663	1131593	Gly	GCC	0	0	66.5	44.80	21.70	Inf	Gly	94.4	high confidence set
scaffold346	3	691372	691301	His	GTG	0	0	62.8	33.70	29.10	Inf	His	85.1	high confidence set
scaffold346	4	581938	581866	Ala	AGC	0	0	63.4	38.20	25.20	Inf	Ala	98.3	high confidence set
scaffold346	5	418116	418033	Tyr	GTA	418079	418069	72.3	39.00	33.30	Inf	Tyr	110.0	high confidence set
scaffold249	1	159370	159440	Gly	GCC	0	0	66.5	44.80	21.70	Inf	Gly	94.4	high confidence set
scaffold415	1	2151	2222	Arg	TCT	0	0	58.3	25.60	32.70	Inf	Gln	70.8	IPD:-24.50,isotype mismatch
scaffold451	1	81773	81843	Gly	GCC	0	0	66.5	44.80	21.70	Inf	Gly	94.4	high confidence set
scaffold261	1	865997	865927	Gly	CCC	0	0	65.4	28.10	37.30	Inf	Gly	85.4	high confidence set
scaffold261	2	514648	514577	Trp	CCA	0	0	66.2	39.90	26.30	Inf	Trp	89.9	high confidence set
scaffold261	3	334545	334474	Cys	GCA	0	0	82.1	56.40	25.70	Inf	Cys	100.5	high confidence set
scaffold261	4	334398	334327	Cys	GCA	0	0	81.7	56.10	25.60	Inf	Cys	104.3	high confidence set
scaffold430	1	293439	293360	Ser	TGA	0	0	56.8	43.40	13.40	Inf	Ser	79.0	high confidence set
scaffold430	2	178040	177967	Val	AAC	0	0	72.5	48.10	24.40	Inf	Val	100.2	high confidence set
scaffold153	2	437799	437726	Ile	AAT	0	0	77.0	51.80	25.20	Inf	Ile	102.1	high confidence set
scaffold153	3	234434	234363	Trp	CCA	0	0	75.8	51.20	24.60	Inf	Trp	105.6	high confidence set
scaffold153	4	116850	116777	Arg	TCG	0	0	76.9	57.60	19.30	Inf	Arg	85.4	high confidence set
scaffold153	5	81942	81862	Leu	CAG	0	0	69.5	46.80	22.70	Inf	Leu	109.7	high confidence set
scaffold420	1	32120	32191	Glu	TTC	0	0	64.3	43.40	20.90	Inf	Glu	92.9	high confidence set
scaffold420	2	68597	68668	Asp	GTC	0	0	66.4	46.50	19.90	Inf	Asp	89.7	high confidence set
scaffold420	3	229399	229471	Ala	AGC	0	0	63.4	38.20	25.20	Inf	Ala	98.3	high confidence set
scaffold420	5	349060	349131	Trp	CCA	0	0	75.8	51.20	24.60	Inf	Trp	105.6	high confidence set
scaffold420	6	411215	411286	Thr	TGT	0	0	74.1	47.90	26.20	Inf	Thr	82.8	high confidence set
scaffold420	7	750766	750695	Gly	TCC	0	0	71.0	46.70	24.30	Inf	Gly	82.3	high confidence set
scaffold420	8	621986	621913	Thr	AGT	0	0	73.6	45.20	28.40	Inf	Thr	88.6	high confidence set
scaffold420	9	614957	614886	Gly	TCC	0	0	71.0	46.70	24.30	Inf	Gly	82.3	high confidence set
scaffold420	10	402587	402516	Cys	GCA	0	0	77.3	57.00	20.30	Inf	Cys	100.3	high confidence set
scaffold398	1	514687	514758	Pro	CGG	0	0	68.4	35.70	32.70	Inf	Pro	111.1	high confidence set
scaffold398	2	516967	516896	Pro	AGG	0	0	67.4	34.70	32.70	Inf	Pro	112.3	high confidence set
scaffold398	3	516401	516330	Pro	TGG	0	0	66.3	31.40	34.90	Inf	Pro	105.9	high confidence set
scaffold440	2	215797	215727	Gly	GCC	0	0	59.0	42.90	16.10	Inf	Gly	87.9	high confidence set
scaffold280	1	1986742	1986823	Ser	AGA	0	0	80.3	44.00	36.30	Inf	Ser	115.3	high confidence set
scaffold280	2	2034161	2034251	Tyr	GTA	2034198	2034215	74.3	42.80	31.50	Inf	Tyr	111.8	high confidence set
scaffold280	3	2100663	2100733	Gly	GCC	0	0	66.5	44.80	21.70	Inf	Gly	94.4	high confidence set
scaffold280	4	2163617	2163697	Leu	AAG	0	0	74.0	52.20	21.80	Inf	Leu	110.4	high confidence set
scaffold280	5	2226096	2226169	Asn	GTT	0	0	86.2	61.00	25.20	Inf	Asn	93.9	high confidence set
scaffold280	6	2361529	2361600	His	GTG	0	0	63.3	34.30	29.00	Inf	His	87.4	high confidence set
scaffold280	7	1993582	1993510	Ala	CGC	0	0	68.3	44.10	24.20	Inf	Ala	99.2	high confidence set
scaffold280	8	1827504	1827432	Lys	CTT	0	0	87.7	67.60	20.10	Inf	Lys	106.7	high confidence set
scaffold417	1	72810	72738	Arg	CCG	0	0	69.2	52.70	16.50	Inf	Arg	95.6	high confidence set
scaffold30	1	323190	323119	His	GTG	0	0	62.8	33.70	29.10	Inf	His	85.1	high confidence set
scaffold450	1	110645	110715	Gly	GCC	0	0	66.5	44.80	21.70	Inf	Gly	94.4	high confidence set
scaffold450	2	168963	168892	iMet	CAT	0	0	57.5	27.40	30.10	Inf	iMet	120.7	high confidence set
scaffold406	1	127793	127865	Phe	GAA	0	0	78.3	58.40	19.90	Inf	Phe	113.2	high confidence set
scaffold413	1	280851	280921	Gly	GCC	0	0	66.5	44.80	21.70	Inf	Gly	94.4	high confidence set
scaffold413	2	568455	568526	Glu	TTC	0	0	70.5	45.30	25.20	Inf	Glu	97.5	high confidence set
scaffold413	3	636630	636703	Ile	AAT	0	0	77.0	51.80	25.20	Inf	Ile	102.1	high confidence set
scaffold413	4	1043553	1043634	Ser	AGA	0	0	78.8	41.90	36.90	Inf	Ser	114.1	high confidence set
scaffold413	6	1043761	1043688	Asn	GTT	0	0	86.2	61.00	25.20	Inf	Asn	93.9	high confidence set
scaffold413	7	871985	871914	Gln	CTG	0	0	74.3	49.60	24.70	Inf	Gln	106.1	high confidence set
scaffold413	8	839338	839267	Asp	GTC	0	0	69.8	46.80	23.00	Inf	Asp	94.5	high confidence set
scaffold413	9	759776	759705	Thr	CGT	0	0	76.3	46.70	29.60	Inf	Thr	86.1	high confidence set
scaffold413	10	281065	280994	Pro	CGG	0	0	65.2	35.80	29.40	Inf	Pro	103.5	high confidence set
scaffold355	1	765583	765670	Tyr	GTA	765620	765634	72.1	38.90	33.20	Inf	Tyr	110.0	high confidence set
scaffold480	1	159367	159448	Ser	TGA	0	0	71.2	40.50	30.70	Inf	Ser	106.4	high confidence set
scaffold500	1	44357	44284	Ile	AAT	0	0	73.6	52.20	21.40	Inf	Ile	98.8	high confidence set
scaffold376	1	166961	167032	Arg	CCT	0	0	60.8	45.50	15.30	Inf	Thr	71.6	IPD:-25.40,isotype mismatch
scaffold376	3	421699	421770	Pro	TGG	0	0	69.2	36.90	32.30	Inf	Pro	112.8	high confidence set
scaffold376	4	1082907	1082979	Sup	CTA	0	0	71.7	57.60	14.10	Inf	Lys	84.5	IPD:-84.50,unexpected anticodon
scaffold376	5	1091325	1091244	Ser	AGA	0	0	78.8	42.10	36.70	Inf	Ser	112.2	high confidence set
scaffold376	6	1028569	1028496	Val	AAC	0	0	72.5	48.10	24.40	Inf	Val	100.2	high confidence set
scaffold31	1	17749	17820	Trp	CCA	0	0	75.8	51.20	24.60	Inf	Trp	105.6	high confidence set
scaffold31	2	85702	85772	Gly	GCC	0	0	66.5	44.80	21.70	Inf	Gly	94.4	high confidence set
scaffold31	3	207198	207270	Ala	AGC	0	0	56.1	33.50	22.60	Inf	Ala	90.2	high confidence set
scaffold31	4	283508	283589	Ser	AGA	0	0	78.8	42.10	36.70	Inf	Ser	112.2	high confidence set
scaffold31	6	1026438	1026510	Arg	ACG	0	0	73.2	50.90	22.30	Inf	Arg	91.4	high confidence set
scaffold31	7	1164382	1164455	Asn	GTT	0	0	82.7	57.50	25.20	Inf	Asn	89.3	high confidence set
scaffold31	8	1584612	1584684	Val	TAC	0	0	73.9	47.50	26.40	Inf	Val	107.2	high confidence set
scaffold31	10	1768134	1768215	Ser	TGA	0	0	78.3	44.40	33.90	Inf	Ser	115.8	high confidence set
scaffold31	11	1470870	1470797	Val	AAC	0	0	72.5	48.10	24.40	Inf	Val	100.2	high confidence set
scaffold31	12	1323089	1323017	Phe	GAA	0	0	78.3	58.40	19.90	Inf	Phe	113.2	high confidence set
scaffold31	13	540019	539948	Pro	TGG	0	0	66.3	31.40	34.90	Inf	Pro	105.9	high confidence set
scaffold418	1	59857	59929	Glu	CTC	0	0	79.2	53.50	25.70	Inf	Glu	94.2	high confidence set
scaffold418	2	241526	241596	Gly	GCC	0	0	66.5	44.80	21.70	Inf	Gly	94.4	high confidence set
scaffold418	3	548663	548735	Val	TAC	0	0	73.5	43.80	29.70	Inf	Val	101.3	high confidence set
scaffold418	5	716619	716692	Val	AAC	0	0	71.5	47.10	24.40	Inf	Val	97.5	high confidence set
scaffold418	6	838702	838775	Asn	GTT	0	0	81.0	57.60	23.40	Inf	Asn	89.7	high confidence set
scaffold418	7	923230	923303	Val	AAC	0	0	72.5	48.10	24.40	Inf	Val	100.2	high confidence set
scaffold418	8	928099	928172	Val	AAC	0	0	64.7	42.40	22.30	Inf	Val	92.4	high confidence set
scaffold418	9	982537	982609	Ala	AGC	0	0	63.4	38.20	25.20	Inf	Ala	98.3	high confidence set
scaffold418	12	730776	730705	Asp	GTC	0	0	69.8	46.80	23.00	Inf	Asp	94.5	high confidence set
scaffold418	14	608959	608886	Ile	AAT	0	0	79.5	54.30	25.20	Inf	Ile	104.6	high confidence set
scaffold418	15	76161	76089	Glu	CTC	0	0	79.2	53.50	25.70	Inf	Glu	94.2	high confidence set
scaffold418	16	34834	34762	Glu	CTC	0	0	79.2	53.50	25.70	Inf	Glu	94.2	high confidence set
scaffold42	1	31504	31575	His	GTG	0	0	57.2	28.40	28.80	Inf	His	81.3	high confidence set
scaffold42	2	46817	46888	iMet	CAT	0	0	53.6	23.50	30.10	Inf	iMet	109.4	high confidence set
scaffold42	3	596814	596885	Pro	AGG	0	0	67.4	34.70	32.70	Inf	Pro	112.3	high confidence set
scaffold42	4	603613	603685	Phe	GAA	0	0	78.3	58.40	19.90	Inf	Phe	113.2	high confidence set
scaffold42	5	875184	875275	Tyr	GTA	875221	875239	74.2	42.70	31.50	Inf	Tyr	111.8	high confidence set
scaffold42	6	924631	924702	Pro	AGG	0	0	67.4	34.70	32.70	Inf	Pro	112.3	high confidence set
scaffold42	7	1171248	1171321	Asn	GTT	0	0	86.2	61.00	25.20	Inf	Asn	93.9	high confidence set
scaffold42	8	1208139	1208210	iMet	CAT	0	0	57.5	27.40	30.10	Inf	iMet	120.7	high confidence set
scaffold42	10	1019695	1019623	Phe	GAA	0	0	78.3	58.40	19.90	Inf	Phe	113.2	high confidence set
scaffold42	11	1014333	1014262	Pro	TGG	0	0	62.5	30.70	31.80	Inf	Pro	99.4	high confidence set
scaffold42	12	631045	630965	Leu	AAG	0	0	74.0	52.20	21.80	Inf	Leu	110.4	high confidence set
scaffold42	14	411800	411728	Lys	CTT	0	0	86.8	66.60	20.20	Inf	Lys	107.7	high confidence set
scaffold416	1	177569	177640	Gly	TCC	0	0	74.1	46.70	27.40	Inf	Gly	84.2	high confidence set
scaffold416	2	344157	344228	Pro	CGG	0	0	65.2	35.80	29.40	Inf	Pro	103.5	high confidence set
scaffold416	3	364581	364661	Cys	ACA	0	0	51.9	39.90	12.00	Inf	Leu	79.7	IPD:-66.70,isotype mismatch
scaffold416	4	873586	873659	Val	AAC	0	0	71.5	47.10	24.40	Inf	Val	97.5	high confidence set
scaffold416	5	879747	879828	Ser	TGA	0	0	78.3	44.40	33.90	Inf	Ser	115.8	high confidence set
scaffold416	6	1198465	1198537	Phe	GAA	0	0	78.3	58.40	19.90	Inf	Phe	113.2	high confidence set
scaffold416	8	793373	793300	Arg	TCG	0	0	83.2	61.60	21.60	Inf	Arg	91.9	high confidence set
scaffold416	10	519033	518962	Cys	GCA	0	0	82.1	59.90	22.20	Inf	Cys	106.6	high confidence set
scaffold416	11	7601	7520	Ser	AGA	0	0	80.3	44.00	36.30	Inf	Ser	115.3	high confidence set
scaffold476	2	189387	189306	Ser	CGA	0	0	78.9	46.60	32.30	Inf	Ser	122.0	high confidence set
scaffold461	1	155435	155506	Pro	TGG	0	0	69.2	36.90	32.30	Inf	Pro	112.8	high confidence set
scaffold461	2	358361	358432	His	GTG	0	0	62.8	33.70	29.10	Inf	His	85.1	high confidence set
scaffold461	3	333026	332940	Met	CAT	332988	332976	68.6	45.20	23.40	Inf	Met	104.3	high confidence set
scaffold380	1	374371	374449	Arg	ACG	0	0	56.5	44.90	11.60	Inf	Ile	73.7	IPD:-23.30,isotype mismatch
scaffold555	1	130925	130842	Met	CAT	130887	130878	68.8	45.30	23.50	Inf	Met	104.3	high confidence set
scaffold472	4	780964	780894	Gly	GCC	0	0	51.2	33.60	17.60	Inf	Gly	79.0	high confidence set
scaffold579	1	9930	9860	Gly	GCC	0	0	66.5	44.80	21.70	Inf	Gly	94.4	high confidence set
scaffold361	1	755668	755741	Asn	GTT	0	0	81.8	55.70	26.10	Inf	Asn	94.3	high confidence set
scaffold361	2	774732	774652	Leu	AAG	0	0	75.7	55.40	20.30	Inf	Leu	112.7	high confidence set
scaffold520	1	270024	270097	Ile	AAT	0	0	77.0	51.80	25.20	Inf	Ile	102.1	high confidence set
scaffold74	3	128326	128242	Tyr	GTA	128289	128278	74.5	43.00	31.50	Inf	Tyr	111.8	high confidence set
scaffold505	1	191045	191118	Val	CAC	0	0	79.3	48.30	31.00	Inf	Val	104.5	high confidence set
scaffold505	2	391885	391958	Ile	AAT	0	0	73.5	55.70	17.80	Inf	Ile	97.1	high confidence set
scaffold505	3	702491	702419	Lys	CTT	0	0	87.7	67.60	20.10	Inf	Lys	106.7	high confidence set
scaffold505	4	327109	327039	Gly	CCC	0	0	65.4	28.10	37.30	Inf	Gly	85.4	high confidence set
scaffold505	5	266337	266257	Leu	AAG	0	0	75.7	55.40	20.30	Inf	Leu	112.7	high confidence set
scaffold505	6	169088	169016	Ala	TGC	0	0	68.8	42.60	26.20	Inf	Ala	100.0	high confidence set
scaffold437	1	155766	155694	Arg	TCT	0	0	70.6	50.60	20.00	Inf	Arg	94.6	high confidence set
scaffold437	2	121199	121126	Arg	TCT	0	0	64.1	45.40	18.70	Inf	Arg	82.7	high confidence set
scaffold587	1	132784	132856	Lys	TTT	0	0	89.7	65.30	24.40	Inf	Lys	92.7	high confidence set
scaffold610	1	269296	269224	Glu	CTC	0	0	78.9	53.10	25.80	Inf	Glu	99.2	high confidence set
scaffold645	1	1543	1614	Cys	GCA	0	0	82.1	59.90	22.20	Inf	Cys	106.6	high confidence set
scaffold540	1	181315	181385	Gly	GCC	0	0	66.5	44.80	21.70	Inf	Gly	94.4	high confidence set
scaffold540	2	547679	547752	Arg	TCG	0	0	82.3	61.00	21.30	Inf	Arg	91.9	high confidence set
scaffold540	4	1155710	1155783	Ile	AAT	0	0	77.0	51.80	25.20	Inf	Ile	102.1	high confidence set
scaffold540	5	911142	911071	Cys	GCA	0	0	81.7	56.10	25.60	Inf	Cys	104.3	high confidence set
scaffold540	6	829199	829127	Ala	AGC	0	0	63.4	38.20	25.20	Inf	Ala	98.3	high confidence set
scaffold540	7	174797	174725	Ala	AGC	0	0	63.4	38.20	25.20	Inf	Ala	98.3	high confidence set
scaffold540	8	154725	154653	Lys	TTT	0	0	90.5	66.90	23.60	Inf	Lys	95.4	high confidence set
scaffold464	1	124894	124966	Ala	TGC	0	0	68.8	42.60	26.20	Inf	Ala	100.0	high confidence set
scaffold464	2	372014	372087	Ile	AAT	0	0	77.0	51.80	25.20	Inf	Ile	102.1	high confidence set
scaffold464	3	429281	429363	Leu	TAA	0	0	75.1	36.70	38.40	Inf	Leu	99.0	high confidence set
scaffold464	4	922747	922676	Gln	TTG	0	0	73.5	53.70	19.80	Inf	Gln	104.8	high confidence set
scaffold464	5	634158	634087	Trp	CCA	0	0	75.8	51.20	24.60	Inf	Trp	105.6	high confidence set
scaffold618	1	390100	390170	Gly	GCC	0	0	66.5	44.80	21.70	Inf	Gly	94.4	high confidence set
scaffold618	2	529840	529911	Thr	CGT	0	0	76.3	46.70	29.60	Inf	Thr	86.1	high confidence set
scaffold618	3	518394	518324	Gly	CCC	0	0	65.4	28.10	37.30	Inf	Gly	85.4	high confidence set
scaffold618	5	127792	127702	Tyr	GTA	127755	127738	74.3	42.80	31.50	Inf	Tyr	111.8	high confidence set
scaffold656	1	78469	78541	Arg	CCG	0	0	78.7	58.70	20.00	Inf	Arg	80.7	high confidence set
scaffold656	2	10215	10143	Lys	CTT	0	0	87.7	67.60	20.10	Inf	Lys	106.7	high confidence set
scaffold475	1	1012102	1012030	Phe	GAA	0	0	78.3	58.40	19.90	Inf	Phe	113.2	high confidence set
scaffold475	2	66471	66398	Val	CAC	0	0	82.6	54.80	27.80	Inf	Val	106.4	high confidence set
scaffold488	2	797783	797855	Lys	TTT	0	0	90.5	66.90	23.60	Inf	Lys	95.4	high confidence set
scaffold488	4	464927	464856	iMet	CAT	0	0	57.5	27.40	30.10	Inf	iMet	120.7	high confidence set
scaffold488	5	458047	457976	iMet	CAT	0	0	57.5	27.40	30.10	Inf	iMet	120.7	high confidence set
scaffold488	6	205139	205068	Asp	GTC	0	0	69.8	46.80	23.00	Inf	Asp	94.5	high confidence set
scaffold635	3	537392	537320	Phe	GAA	0	0	78.3	58.40	19.90	Inf	Phe	113.2	high confidence set
scaffold462	1	337842	337913	Thr	TGT	0	0	75.3	45.30	30.00	Inf	Thr	86.1	high confidence set
scaffold462	2	462630	462701	Pro	TGG	0	0	66.3	31.40	34.90	Inf	Pro	105.9	high confidence set
scaffold462	4	1278217	1278289	Phe	GAA	0	0	69.0	55.50	13.50	Inf	Phe	106.6	high confidence set
scaffold462	5	1392589	1392661	Ala	CGC	0	0	68.3	44.10	24.20	Inf	Ala	99.2	high confidence set
scaffold462	6	1588352	1588424	Ala	CGC	0	0	68.3	44.10	24.20	Inf	Ala	99.2	high confidence set
scaffold462	7	1737856	1737928	Lys	CTT	0	0	87.7	67.60	20.10	Inf	Lys	106.7	high confidence set
scaffold462	9	1101485	1101414	Gln	TTG	0	0	73.5	53.70	19.80	Inf	Gln	104.8	high confidence set
scaffold462	11	727582	727501	Ser	AGA	0	0	78.8	42.10	36.70	Inf	Ser	112.2	high confidence set
scaffold462	13	246168	246095	Ala	TGC	0	0	54.0	30.90	23.10	Inf	Ala	85.9	high confidence set
scaffold462	14	124543	124470	Asn	GTT	0	0	83.7	58.60	25.10	Inf	Asn	90.4	high confidence set
scaffold339	1	17082	17154	Val	TAC	0	0	70.6	41.10	29.50	Inf	Val	105.3	high confidence set
scaffold339	4	769679	769750	His	GTG	0	0	63.3	34.30	29.00	Inf	His	87.4	high confidence set
scaffold339	5	984975	985055	Leu	AAG	0	0	62.6	49.50	13.10	Inf	Leu	93.7	high confidence set
scaffold604	1	275509	275580	Pro	AGG	0	0	67.4	34.70	32.70	Inf	Pro	112.3	high confidence set
scaffold604	2	215559	215488	Lys	CTT	0	0	67.9	49.30	18.60	Inf	Thr	71.5	IPD:-31.50,isotype mismatch
scaffold709	1	104824	104895	Pro	AGG	0	0	67.4	34.70	32.70	Inf	Pro	112.3	high confidence set
scaffold612	1	357433	357505	Ala	CGC	0	0	68.3	44.10	24.20	Inf	Ala	99.2	high confidence set
scaffold612	2	397634	397563	Gly	TCC	0	0	74.1	46.70	27.40	Inf	Gly	84.2	high confidence set
scaffold605	1	309125	309206	Ser	AGA	0	0	79.4	43.10	36.30	Inf	Ser	115.0	high confidence set
scaffold605	2	442931	443004	Thr	AGT	0	0	73.6	45.20	28.40	Inf	Thr	88.6	high confidence set
scaffold605	3	870148	870227	Leu	TAG	0	0	60.2	45.60	14.60	Inf	Leu	104.8	high confidence set
scaffold605	5	997404	997320	Met	CAT	997366	997356	68.7	45.30	23.40	Inf	Met	104.3	high confidence set
scaffold605	6	752127	752055	Lys	TTT	0	0	89.6	66.00	23.60	Inf	Lys	96.4	high confidence set
scaffold605	7	477896	477815	Ser	CGA	0	0	78.9	46.60	32.30	Inf	Ser	122.0	high confidence set
scaffold605	8	239115	239043	Arg	ACG	0	0	73.2	50.90	22.30	Inf	Arg	91.4	high confidence set
scaffold605	9	160736	160655	Ser	GCT	0	0	80.5	45.20	35.30	Inf	Ser	109.5	high confidence set
scaffold605	10	84515	84443	Arg	CCT	0	0	72.3	51.10	21.20	Inf	Arg	84.8	high confidence set
scaffold722	4	265578	265507	Gln	CTG	0	0	72.2	47.60	24.60	Inf	Gln	97.6	high confidence set
scaffold689	1	258390	258318	Arg	TCT	0	0	70.4	50.20	20.20	Inf	Arg	95.3	high confidence set
scaffold641	1	499116	499189	Val	CAC	0	0	63.4	34.00	29.40	Inf	Val	88.5	high confidence set
scaffold641	2	735973	735901	Lys	TTT	0	0	89.7	65.30	24.40	Inf	Lys	92.7	high confidence set
scaffold641	3	53946	53876	Gly	GCC	0	0	66.5	44.80	21.70	Inf	Gly	94.4	high confidence set
scaffold360	1	162028	162100	Glu	CTC	0	0	79.2	53.50	25.70	Inf	Glu	94.2	high confidence set
scaffold360	2	513114	513195	Ser	GCT	0	0	79.0	43.00	36.00	Inf	Ser	108.3	high confidence set
scaffold360	3	789386	789470	Met	CAT	789424	789434	68.7	45.30	23.40	Inf	Met	104.3	high confidence set
scaffold360	4	1113598	1113671	Ile	TAT	0	0	85.9	70.60	15.30	Inf	Ile	103.9	high confidence set
scaffold360	5	1053857	1053774	Met	CAT	1053819	1053810	68.8	45.30	23.50	Inf	Met	104.3	high confidence set
scaffold360	7	882765	882694	Asp	GTC	0	0	69.8	46.80	23.00	Inf	Asp	94.5	high confidence set
scaffold360	8	524188	524117	Gly	TCC	0	0	74.1	46.70	27.40	Inf	Gly	84.2	high confidence set
scaffold731	1	84758	84687	Pro	AGG	0	0	67.4	34.70	32.70	Inf	Pro	112.3	high confidence set
scaffold630	1	234841	234916	Thr	AGT	0	0	65.8	39.00	26.80	Inf	Thr	76.2	high confidence set
scaffold773	2	166006	165935	Glu	TTC	0	0	70.5	45.30	25.20	Inf	Glu	97.5	high confidence set
scaffold773	3	118675	118595	Leu	CAG	0	0	68.4	45.70	22.70	Inf	Leu	107.6	high confidence set
scaffold687	1	49784	49857	Ile	TAT	0	0	87.1	72.60	14.50	Inf	Ile	104.3	high confidence set
scaffold687	2	110106	110177	Thr	TGT	0	0	84.3	58.00	26.30	Inf	Thr	93.3	high confidence set
scaffold687	5	106325	106252	Thr	AGT	0	0	73.6	45.20	28.40	Inf	Thr	88.6	high confidence set
scaffold792	1	29016	29086	Gly	CCC	0	0	60.6	26.70	33.90	Inf	Gly	80.2	high confidence set
scaffold754	1	139073	139145	Arg	CCG	0	0	78.7	58.70	20.00	Inf	Arg	83.6	high confidence set
scaffold754	2	400606	400679	Ile	AAT	0	0	77.0	51.80	25.20	Inf	Ile	102.1	high confidence set
scaffold617	1	516450	516520	Gly	GCC	0	0	66.5	44.80	21.70	Inf	Gly	94.4	high confidence set
scaffold617	2	643815	643886	Pro	CGG	0	0	59.0	33.90	25.10	Inf	Pro	98.2	high confidence set
scaffold617	3	902148	902077	Thr	CGT	0	0	76.3	46.70	29.60	Inf	Thr	86.1	high confidence set
scaffold617	4	881250	881177	Asn	GTT	0	0	86.2	61.00	25.20	Inf	Asn	93.9	high confidence set
scaffold732	1	32196	32268	Ala	AGC	0	0	62.5	36.70	25.80	Inf	Ala	97.8	high confidence set
scaffold808	1	121741	121812	Asp	GTC	0	0	67.0	47.30	19.70	Inf	Asp	95.1	high confidence set
scaffold808	2	65777	65694	Met	CAT	65739	65730	68.8	45.30	23.50	Inf	Met	104.3	high confidence set
scaffold808	3	65050	64967	Met	CAT	65012	65003	68.8	45.30	23.50	Inf	Met	104.3	high confidence set
scaffold651	1	967034	966962	Arg	ACG	0	0	73.2	50.90	22.30	Inf	Arg	91.4	high confidence set
scaffold858	2	147286	147214	Arg	ACG	0	0	73.2	50.90	22.30	Inf	Arg	91.4	high confidence set
scaffold858	3	73151	73079	Arg	TCT	0	0	70.0	49.90	20.10	Inf	Arg	100.1	high confidence set
scaffold744	1	45915	45986	Gln	TTG	0	0	73.5	53.70	19.80	Inf	Gln	104.8	high confidence set
scaffold744	3	214265	214183	Leu	TAA	0	0	68.4	29.10	39.30	Inf	Leu	90.1	high confidence set
scaffold772	1	269328	269257	Trp	CCA	0	0	75.8	51.20	24.60	Inf	Trp	105.6	high confidence set
scaffold812	1	163644	163716	Ala	TGC	0	0	68.8	42.60	26.20	Inf	Ala	100.0	high confidence set
scaffold812	3	310733	310805	Val	TAC	0	0	70.6	41.10	29.50	Inf	Val	105.3	high confidence set
scaffold812	5	153274	153202	Ala	TGC	0	0	69.2	43.40	25.80	Inf	Ala	99.9	high confidence set
scaffold373	1	9584	9667	Tyr	GTA	9621	9631	72.3	39.00	33.30	Inf	Tyr	110.0	high confidence set
scaffold373	2	31606	31677	Glu	TTC	0	0	70.5	45.30	25.20	Inf	Glu	97.5	high confidence set
scaffold373	3	76173	76253	Leu	CAG	0	0	69.5	46.80	22.70	Inf	Leu	109.7	high confidence set
scaffold373	5	293565	293636	Trp	CCA	0	0	75.8	51.20	24.60	Inf	Trp	105.6	high confidence set
scaffold373	6	394052	394131	Leu	TAG	0	0	69.5	48.50	21.00	Inf	Leu	111.5	high confidence set
scaffold373	7	543838	543911	Arg	TCG	0	0	83.2	61.60	21.60	Inf	Arg	91.9	high confidence set
scaffold373	10	677410	677483	Val	CAC	0	0	79.3	48.30	31.00	Inf	Val	104.5	high confidence set
scaffold373	11	775302	775372	Gly	CCC	0	0	65.4	28.10	37.30	Inf	Gly	85.4	high confidence set
scaffold373	12	781224	781297	Val	AAC	0	0	64.3	43.80	20.50	Inf	Val	91.7	high confidence set
scaffold373	13	792857	792930	Val	AAC	0	0	69.2	46.90	22.30	Inf	Val	94.7	high confidence set
scaffold373	15	1153788	1153859	Asp	GTC	0	0	69.8	46.80	23.00	Inf	Asp	94.5	high confidence set
scaffold373	16	1235680	1235753	Val	AAC	0	0	72.5	48.10	24.40	Inf	Val	100.2	high confidence set
scaffold373	17	1236241	1236314	Val	AAC	0	0	72.5	48.10	24.40	Inf	Val	100.2	high confidence set
scaffold373	18	834942	834871	Thr	TGT	0	0	83.2	57.00	26.20	Inf	Thr	92.5	high confidence set
scaffold373	19	795391	795321	Gly	CCC	0	0	65.4	28.10	37.30	Inf	Gly	85.4	high confidence set
scaffold373	22	677750	677679	Trp	CCA	0	0	75.8	51.20	24.60	Inf	Trp	105.6	high confidence set
scaffold373	24	594261	594189	Ala	AGC	0	0	63.4	38.20	25.20	Inf	Ala	98.3	high confidence set
scaffold373	25	315269	315197	Lys	CTT	0	0	87.7	67.60	20.10	Inf	Lys	106.7	high confidence set
scaffold373	26	212203	212132	Pro	AGG	0	0	60.8	35.00	25.80	Inf	Pro	103.0	high confidence set
scaffold847	1	77395	77467	Arg	CCT	0	0	64.0	43.70	20.30	Inf	Arg	74.9	high confidence set
scaffold835	1	11546	11629	Leu	CAA	0	0	79.5	54.50	25.00	Inf	Leu	126.8	high confidence set
scaffold835	2	16121	16204	Leu	CAA	0	0	79.5	54.50	25.00	Inf	Leu	126.8	high confidence set
scaffold835	3	18694	18777	Leu	CAA	0	0	76.7	54.50	22.20	Inf	Leu	123.1	high confidence set
scaffold835	4	84347	84418	Cys	GCA	0	0	82.1	56.40	25.70	Inf	Cys	105.7	high confidence set
scaffold835	5	281271	281342	Cys	GCA	0	0	65.9	44.80	21.10	Inf	Cys	85.5	high confidence set
scaffold734	1	152331	152402	Asp	GTC	0	0	69.8	46.80	23.00	Inf	Asp	94.5	high confidence set
scaffold734	2	76952	76861	Tyr	GTA	76915	76897	74.2	42.70	31.50	Inf	Tyr	111.8	high confidence set
scaffold859	1	107560	107632	Lys	TTT	0	0	90.5	66.90	23.60	Inf	Lys	95.4	high confidence set
scaffold859	2	111627	111699	Glu	CTC	0	0	79.2	53.50	25.70	Inf	Glu	94.2	high confidence set
scaffold821	1	156966	156895	Glu	TTC	0	0	70.5	45.30	25.20	Inf	Glu	97.5	high confidence set
scaffold821	2	99632	99561	iMet	CAT	0	0	50.2	20.20	30.00	Inf	iMet	109.4	high confidence set
scaffold820	1	69794	69864	Gly	GCC	0	0	66.5	44.80	21.70	Inf	Gly	94.4	high confidence set
scaffold820	2	335217	335290	Ile	TAT	0	0	85.9	70.60	15.30	Inf	Ile	103.9	high confidence set
scaffold820	3	227801	227729	Glu	CTC	0	0	64.0	46.00	18.00	Inf	Glu	80.1	high confidence set
scaffold820	4	202663	202590	Ile	TAT	0	0	85.9	70.60	15.30	Inf	Ile	103.9	high confidence set
scaffold711	2	295302	295231	Gly	TCC	0	0	71.0	46.70	24.30	Inf	Gly	82.3	high confidence set
scaffold885	1	60127	60197	Gly	CCC	0	0	65.4	28.10	37.30	Inf	Gly	85.4	high confidence set
scaffold910	1	181670	181597	Asn	GTT	0	0	86.2	61.00	25.20	Inf	Asn	93.9	high confidence set
scaffold926	1	30633	30560	Thr	AGT	0	0	75.1	47.50	27.60	Inf	Thr	87.2	high confidence set
scaffold931	1	138352	138432	Leu	AAG	0	0	74.0	52.20	21.80	Inf	Leu	110.4	high confidence set
scaffold931	3	334000	334073	Val	CAC	0	0	78.3	47.30	31.00	Inf	Val	101.7	high confidence set
scaffold1044	2	23788	23715	Thr	AGT	0	0	73.6	45.20	28.40	Inf	Thr	88.6	high confidence set
scaffold981	1	133947	133876	Glu	TTC	0	0	70.5	45.30	25.20	Inf	Glu	97.5	high confidence set
scaffold924	1	254996	255068	Arg	ACG	0	0	73.2	50.90	22.30	Inf	Arg	91.4	high confidence set
scaffold924	2	389615	389688	Ile	TAT	0	0	85.9	70.60	15.30	Inf	Ile	103.9	high confidence set
scaffold924	3	71808	71736	Arg	CCT	0	0	72.6	51.90	20.70	Inf	Arg	83.4	high confidence set
scaffold993	1	196665	196594	Pro	TGG	0	0	69.2	36.90	32.30	Inf	Pro	112.8	high confidence set
scaffold701	2	1037954	1038025	iMet	CAT	0	0	57.5	27.40	30.10	Inf	iMet	120.7	high confidence set
scaffold701	3	1098573	1098645	Phe	GAA	0	0	78.3	58.40	19.90	Inf	Phe	113.2	high confidence set
scaffold701	4	1181053	1181128	Lys	CTT	1181090	1181092	51.6	36.80	14.80	Inf	Arg	71.4	IPD:-33.00,isotype mismatch
scaffold701	6	1439560	1439641	Ser	TGA	0	0	78.3	44.40	33.90	Inf	Ser	115.8	high confidence set
scaffold701	7	1391367	1391295	Ala	AGC	0	0	63.4	38.20	25.20	Inf	Ala	98.3	high confidence set
scaffold701	8	1215790	1215719	Gln	CTG	0	0	72.2	47.60	24.60	Inf	Gln	97.6	high confidence set
scaffold701	9	1073700	1073627	Thr	AGT	0	0	76.0	48.40	27.60	Inf	Thr	90.6	high confidence set
scaffold701	10	710419	710346	Asn	GTT	0	0	83.7	58.60	25.10	Inf	Asn	90.4	high confidence set
scaffold701	11	503158	503079	Leu	TAG	0	0	67.0	46.00	21.00	Inf	Leu	110.7	high confidence set
scaffold915	1	540246	540327	Ser	GCT	0	0	80.5	45.20	35.30	Inf	Ser	109.5	high confidence set
scaffold1017	2	2586	2660	Pro	TGG	0	0	62.8	32.80	30.00	Inf	Trp	73.3	IPD:-42.40,isotype mismatch
scaffold947	1	49941	50012	Asp	GTC	0	0	69.8	46.80	23.00	Inf	Asp	94.5	high confidence set
scaffold947	2	443261	443332	Gly	TCC	0	0	74.1	46.70	27.40	Inf	Gly	84.2	high confidence set
scaffold947	4	520557	520629	Ala	TGC	0	0	68.8	42.60	26.20	Inf	Ala	100.0	high confidence set
scaffold947	6	523305	523233	Phe	GAA	0	0	75.8	57.10	18.70	Inf	Phe	106.9	high confidence set
scaffold1052	1	38640	38711	Thr	CGT	0	0	76.3	46.70	29.60	Inf	Thr	86.1	high confidence set
scaffold906	1	19683	19763	Leu	AAG	0	0	74.0	52.20	21.80	Inf	Leu	110.4	high confidence set
scaffold906	2	171101	171173	Arg	CCT	0	0	72.3	51.10	21.20	Inf	Arg	84.8	high confidence set
scaffold906	3	727719	727791	Lys	TTT	0	0	89.7	65.30	24.40	Inf	Lys	92.7	high confidence set
scaffold1086	1	70932	71004	Ala	CGC	0	0	67.5	42.90	24.60	Inf	Ala	99.2	high confidence set
scaffold860	1	19969	20042	Thr	TGT	0	0	76.0	48.50	27.50	Inf	Thr	90.6	high confidence set
scaffold860	2	55371	55443	Ala	AGC	0	0	63.4	38.20	25.20	Inf	Ala	98.3	high confidence set
scaffold898	2	931129	931199	Gly	GCC	0	0	66.5	44.80	21.70	Inf	Gly	94.4	high confidence set
scaffold898	3	896562	896481	Ser	CGA	0	0	77.5	44.40	33.10	Inf	Ser	120.8	high confidence set
scaffold898	4	739264	739177	Tyr	GTA	739227	739213	74.4	43.00	31.40	Inf	Tyr	111.8	high confidence set
scaffold898	6	678364	678293	His	GTG	0	0	62.8	33.70	29.10	Inf	His	85.1	high confidence set
scaffold898	7	606229	606157	Ala	CGC	0	0	68.3	44.10	24.20	Inf	Ala	99.2	high confidence set
scaffold1056	1	18749	18820	Gln	CTG	0	0	74.3	49.60	24.70	Inf	Gln	103.3	high confidence set
scaffold863	1	127597	127676	Leu	TAG	0	0	69.5	48.50	21.00	Inf	Leu	111.5	high confidence set
scaffold863	2	209147	209220	Val	CAC	0	0	79.3	48.30	31.00	Inf	Val	104.5	high confidence set
scaffold863	3	628498	628570	Ala	AGC	0	0	62.4	37.10	25.30	Inf	Ala	97.5	high confidence set
scaffold863	6	1204449	1204520	Gln	CTG	0	0	72.2	47.60	24.60	Inf	Gln	97.6	high confidence set
scaffold863	8	1034056	1033984	Ala	AGC	0	0	63.4	38.20	25.20	Inf	Ala	98.3	high confidence set
scaffold863	9	993594	993511	Ser	AGA	0	0	55.1	28.60	26.50	Inf	Ser	80.0	high confidence set
scaffold863	11	658810	658729	Ser	TGA	0	0	76.8	42.30	34.50	Inf	Ser	114.6	high confidence set
scaffold863	13	30105	30033	Arg	TCT	0	0	70.0	49.90	20.10	Inf	Arg	100.1	high confidence set
scaffold1068	1	12130	12048	Leu	TAA	0	0	75.1	36.70	38.40	Inf	Leu	99.0	high confidence set
scaffold1036	1	68748	68667	Ser	AGA	0	0	78.8	42.10	36.70	Inf	Ser	112.2	high confidence set
scaffold1120	1	51738	51667	Gln	CTG	0	0	74.3	49.60	24.70	Inf	Gln	106.1	high confidence set
scaffold517	1	179425	179342	Leu	CAA	0	0	76.0	56.10	19.90	Inf	Leu	116.4	high confidence set
scaffold1134	3	55655	55583	Ala	AGC	0	0	59.6	37.50	22.10	Inf	Ala	96.4	high confidence set
scaffold996	1	30320	30392	Arg	CCT	0	0	72.6	51.90	20.70	Inf	Arg	83.4	high confidence set
scaffold783	3	353985	354057	Lys	CTT	0	0	83.0	68.60	14.40	Inf	Lys	100.0	high confidence set
scaffold783	4	704411	704482	Asp	GTC	0	0	69.8	46.80	23.00	Inf	Asp	94.5	high confidence set
scaffold783	5	883400	883471	iMet	CAT	0	0	57.5	27.40	30.10	Inf	iMet	120.7	high confidence set
scaffold783	6	1043562	1043633	Lys	TTT	0	0	91.9	68.20	23.70	Inf	Lys	98.4	high confidence set
scaffold783	7	1291526	1291598	Val	TAC	0	0	70.3	36.60	33.70	Inf	Val	102.6	high confidence set
scaffold783	8	1037702	1037621	Ser	GCT	0	0	80.5	45.20	35.30	Inf	Ser	109.5	high confidence set
scaffold1207	2	287	370	Tyr	GTA	0	0	55.6	30.40	25.20	Inf	Tyr	72.5	high confidence set
scaffold1072	1	31352	31424	Glu	CTC	0	0	79.2	53.50	25.70	Inf	Glu	94.2	high confidence set
scaffold1072	2	38837	38909	Glu	CTC	0	0	79.2	53.50	25.70	Inf	Glu	94.2	high confidence set
scaffold473	3	701170	701242	Val	TAC	0	0	73.8	48.40	25.40	Inf	Val	103.8	high confidence set
scaffold473	4	850069	850152	Tyr	GTA	850106	850116	72.3	39.00	33.30	Inf	Tyr	110.0	high confidence set
scaffold473	5	608678	608605	Ile	AAT	0	0	73.6	52.20	21.40	Inf	Ile	98.8	high confidence set
scaffold473	6	210972	210901	His	GTG	0	0	62.8	33.70	29.10	Inf	His	85.1	high confidence set
scaffold473	7	202815	202734	Ser	AGA	0	0	79.4	43.10	36.30	Inf	Ser	115.0	high confidence set
scaffold473	8	20587	20500	Met	CAT	20549	20536	68.6	45.10	23.50	Inf	Met	104.3	high confidence set
scaffold1179	1	126539	126468	Gln	TTG	0	0	73.5	53.70	19.80	Inf	Gln	104.8	high confidence set
scaffold1140	1	95928	95999	Trp	CCA	0	0	75.8	51.20	24.60	Inf	Trp	105.6	high confidence set
scaffold1140	2	113890	113962	Arg	ACG	0	0	73.2	50.90	22.30	Inf	Arg	91.4	high confidence set
scaffold1230	1	43924	43994	Gly	GCC	0	0	66.5	44.80	21.70	Inf	Gly	94.4	high confidence set
scaffold1158	1	111598	111671	Arg	TCG	0	0	82.3	61.00	21.30	Inf	Arg	91.9	high confidence set
scaffold1158	2	244367	244438	His	GTG	0	0	62.8	33.70	29.10	Inf	His	85.1	high confidence set
scaffold1202	1	50646	50576	Gly	CCC	0	0	65.4	28.10	37.30	Inf	Gly	85.4	high confidence set
scaffold1202	2	30536	30465	Gln	TTG	0	0	61.1	45.50	15.60	Inf	Gln	84.3	high confidence set
scaffold1186	1	202286	202213	Ile	TAT	0	0	85.9	70.60	15.30	Inf	Ile	103.9	high confidence set
scaffold511	1	628972	629043	iMet	CAT	0	0	57.5	27.40	30.10	Inf	iMet	120.7	high confidence set
scaffold1155	1	163884	163956	Lys	CTT	0	0	86.8	66.60	20.20	Inf	Lys	107.7	high confidence set
scaffold1155	2	16327	16256	Gln	CTG	0	0	74.3	49.60	24.70	Inf	Gln	106.1	high confidence set
scaffold1168	1	53272	53345	Ile	TAT	0	0	87.1	72.60	14.50	Inf	Ile	104.3	high confidence set
scaffold1168	2	328183	328099	Met	CAT	328145	328135	68.7	45.30	23.40	Inf	Met	104.3	high confidence set
scaffold1168	3	262048	261976	Val	TAC	0	0	73.9	47.50	26.40	Inf	Val	107.2	high confidence set
scaffold1123	1	458430	458502	Phe	GAA	0	0	63.6	50.10	13.50	Inf	Phe	86.5	high confidence set
scaffold1123	2	630879	630950	Pro	CGG	0	0	66.4	31.80	34.60	Inf	Pro	103.2	high confidence set
scaffold1123	3	752569	752640	Asp	GTC	0	0	69.8	46.80	23.00	Inf	Asp	94.5	high confidence set
scaffold1123	4	421600	421529	Lys	TTT	0	0	91.9	68.20	23.70	Inf	Lys	98.4	high confidence set
scaffold1123	5	82278	82207	Cys	GCA	0	0	82.1	59.90	22.20	Inf	Cys	106.6	high confidence set
scaffold1007	1	98376	98448	Lys	TTT	0	0	80.3	61.50	18.80	Inf	Lys	78.3	high confidence set
scaffold1253	1	329817	329889	Ala	AGC	0	0	63.4	38.20	25.20	Inf	Ala	98.3	high confidence set
scaffold1253	2	354156	354228	Lys	TTT	0	0	89.6	66.00	23.60	Inf	Lys	96.4	high confidence set
scaffold1253	3	592092	592165	Thr	AGT	0	0	73.6	45.20	28.40	Inf	Thr	88.6	high confidence set
scaffold1253	5	500329	500258	Gly	TCC	0	0	71.0	46.70	24.30	Inf	Gly	82.3	high confidence set
scaffold1253	7	324790	324720	Gly	GCC	0	0	66.5	44.80	21.70	Inf	Gly	94.4	high confidence set
scaffold1247	1	406775	406846	Asp	GTC	0	0	69.8	46.80	23.00	Inf	Asp	94.5	high confidence set
scaffold1347	1	40427	40499	Lys	TTT	0	0	89.6	66.00	23.60	Inf	Lys	96.4	high confidence set
scaffold1313	1	338966	339038	Arg	ACG	0	0	72.6	49.80	22.80	Inf	Arg	89.8	high confidence set
scaffold1313	2	481459	481530	Pro	TGG	0	0	69.2	36.90	32.30	Inf	Pro	112.8	high confidence set
scaffold1313	3	214541	214469	Arg	CCG	0	0	68.0	51.50	16.50	Inf	Arg	95.2	high confidence set
scaffold1143	2	593949	594020	Pro	TGG	0	0	66.3	31.40	34.90	Inf	Pro	105.9	high confidence set
scaffold1143	4	918975	919046	Gln	TTG	0	0	73.5	53.70	19.80	Inf	Gln	104.8	high confidence set
scaffold1143	5	1015428	1015355	Val	CAC	0	0	78.1	48.30	29.80	Inf	Val	102.2	high confidence set
scaffold1143	7	643864	643792	Phe	GAA	0	0	78.3	58.40	19.90	Inf	Phe	113.2	high confidence set
scaffold1143	9	545390	545307	Leu	CAA	0	0	75.3	55.80	19.50	Inf	Leu	115.4	high confidence set
scaffold1143	10	459174	459102	Ala	AGC	0	0	63.4	38.20	25.20	Inf	Ala	98.3	high confidence set
scaffold1143	11	305538	305466	Ala	TGC	0	0	68.8	42.60	26.20	Inf	Ala	100.0	high confidence set
scaffold1143	12	160990	160909	Ser	GCT	0	0	77.6	40.90	36.70	Inf	Ser	107.5	high confidence set
scaffold1143	13	36708	36635	Ile	AAT	0	0	77.0	51.80	25.20	Inf	Ile	102.1	high confidence set
scaffold1486	2	49540	49468	Glu	CTC	0	0	79.2	53.50	25.70	Inf	Glu	94.2	high confidence set
scaffold1421	1	50335	50408	Val	CAC	0	0	79.3	48.30	31.00	Inf	Val	104.5	high confidence set
scaffold1421	2	52095	52023	Ala	TGC	0	0	68.8	42.60	26.20	Inf	Ala	100.0	high confidence set
scaffold1421	4	37420	37349	Pro	AGG	0	0	67.4	34.70	32.70	Inf	Pro	112.3	high confidence set
scaffold1249	1	140815	140742	Asn	GTT	0	0	80.0	54.90	25.10	Inf	Asn	93.1	high confidence set
scaffold1249	2	29020	28949	Glu	TTC	0	0	68.0	43.00	25.00	Inf	Glu	94.5	high confidence set
scaffold1331	1	43959	44032	Val	CAC	0	0	78.1	48.30	29.80	Inf	Val	102.2	high confidence set
scaffold977	1	36096	36168	Lys	TTT	0	0	81.6	57.90	23.70	Inf	Lys	89.3	high confidence set
scaffold977	2	92829	92911	Leu	TAA	0	0	76.1	38.50	37.60	Inf	Leu	99.9	high confidence set
scaffold977	3	166243	166315	Lys	CTT	0	0	87.7	67.60	20.10	Inf	Lys	106.7	high confidence set
scaffold977	4	811987	812058	iMet	CAT	0	0	57.5	27.40	30.10	Inf	iMet	120.7	high confidence set
scaffold977	5	962842	962913	Lys	TTT	0	0	91.9	68.20	23.70	Inf	Lys	98.4	high confidence set
scaffold977	6	1230583	1230655	Val	TAC	0	0	63.5	33.10	30.40	Inf	Val	98.2	high confidence set
scaffold977	8	618779	618708	Asp	GTC	0	0	69.8	46.80	23.00	Inf	Asp	94.5	high confidence set
scaffold977	9	339385	339314	His	GTG	0	0	57.2	28.40	28.80	Inf	His	85.7	high confidence set
scaffold1533	1	43608	43681	Arg	TCG	0	0	81.9	60.40	21.50	Inf	Arg	92.9	high confidence set
scaffold1262	1	5910	5997	Ser	GCT	0	0	59.8	38.60	21.20	Inf	Ser	78.2	high confidence set
scaffold1262	7	132364	132277	Ser	GCT	0	0	59.8	38.60	21.20	Inf	Ser	78.2	high confidence set
scaffold1262	9	4137	4066	Arg	TCT	0	0	58.3	25.60	32.70	Inf	Gln	70.8	IPD:-24.50,isotype mismatch
scaffold1216	2	857546	857475	Gln	CTG	0	0	75.3	51.20	24.10	Inf	Gln	106.0	high confidence set
scaffold1216	3	346575	346494	Ser	CGA	0	0	78.9	46.60	32.30	Inf	Ser	122.0	high confidence set
scaffold1216	4	133866	133795	Cys	GCA	0	0	82.1	59.90	22.20	Inf	Cys	106.6	high confidence set
scaffold1216	5	83332	83260	Lys	CTT	0	0	87.7	67.60	20.10	Inf	Lys	106.7	high confidence set
scaffold1216	6	81882	81810	Lys	CTT	0	0	87.7	67.60	20.10	Inf	Lys	106.7	high confidence set
scaffold1216	7	62511	62439	Lys	TTT	0	0	89.7	65.30	24.40	Inf	Lys	92.7	high confidence set
scaffold1595	1	65959	65887	Arg	TCT	0	0	63.2	48.70	14.50	Inf	Arg	86.4	high confidence set
scaffold1308	1	109985	110066	Ser	TGA	0	0	78.3	44.40	33.90	Inf	Ser	115.8	high confidence set
scaffold1308	3	350188	350259	Gln	CTG	0	0	72.6	48.20	24.40	Inf	Gln	98.8	high confidence set
scaffold1308	4	522072	521999	Ile	AAT	0	0	73.6	52.20	21.40	Inf	Ile	98.8	high confidence set
scaffold1308	5	514575	514504	Trp	CCA	0	0	74.2	47.90	26.30	Inf	Trp	101.5	high confidence set
scaffold1308	6	509931	509859	Phe	GAA	0	0	78.3	58.40	19.90	Inf	Phe	113.2	high confidence set
scaffold1308	7	427924	427852	Arg	CCT	0	0	66.6	45.40	21.20	Inf	Arg	78.6	high confidence set
scaffold1308	8	8915	8843	Ala	AGC	0	0	63.4	38.20	25.20	Inf	Ala	98.3	high confidence set
scaffold1519	1	207594	207666	Arg	TCT	0	0	70.0	49.90	20.10	Inf	Arg	100.1	high confidence set
scaffold1519	2	247681	247609	Lys	CTT	0	0	87.7	67.60	20.10	Inf	Lys	106.7	high confidence set
scaffold1683	1	25389	25461	Phe	GAA	0	0	78.3	58.40	19.90	Inf	Phe	113.2	high confidence set
scaffold1649	1	59372	59445	Thr	AGT	0	0	75.0	47.40	27.60	Inf	Thr	89.8	high confidence set
scaffold1536	1	109231	109304	Asn	GTT	0	0	86.2	61.00	25.20	Inf	Asn	93.9	high confidence set
scaffold1536	2	253153	253233	Leu	CAG	0	0	69.5	46.80	22.70	Inf	Leu	109.7	high confidence set
scaffold1536	3	323380	323451	Asp	GTC	0	0	69.8	46.80	23.00	Inf	Asp	94.5	high confidence set
scaffold1536	4	109424	109343	Ser	AGA	0	0	72.7	39.90	32.80	Inf	Ser	95.2	high confidence set
scaffold1746	1	51236	51164	Arg	TCT	0	0	70.4	50.20	20.20	Inf	Arg	95.3	high confidence set
scaffold1603	1	23799	23881	Leu	TAA	0	0	71.5	33.20	38.30	Inf	Leu	92.9	high confidence set
scaffold1603	2	252198	252271	Ile	AAT	0	0	77.8	52.40	25.40	Inf	Ile	97.9	high confidence set
scaffold1635	1	28677	28750	Asn	GTT	0	0	86.2	61.00	25.20	Inf	Asn	93.9	high confidence set
scaffold1376	2	22192	22120	Phe	GAA	0	0	78.3	58.40	19.90	Inf	Phe	113.2	high confidence set
scaffold1686	1	196941	197012	Asp	GTC	0	0	69.8	46.80	23.00	Inf	Asp	94.5	high confidence set
scaffold1686	2	328550	328468	Leu	TAA	0	0	75.1	36.70	38.40	Inf	Leu	99.0	high confidence set
scaffold1686	3	56641	56571	Gly	GCC	0	0	66.5	44.80	21.70	Inf	Gly	94.4	high confidence set
scaffold1821	1	156809	156880	Gly	TCC	0	0	71.0	46.70	24.30	Inf	Gly	82.3	high confidence set
scaffold1821	2	160548	160475	Val	AAC	0	0	64.2	39.80	24.40	Inf	Val	90.9	high confidence set
scaffold1578	2	285599	285680	Ser	AGA	0	0	79.4	43.10	36.30	Inf	Ser	115.0	high confidence set
scaffold1578	4	276919	276838	Ser	AGA	0	0	79.4	43.10	36.30	Inf	Ser	115.0	high confidence set
scaffold1630	1	120942	120870	Phe	GAA	0	0	78.3	58.40	19.90	Inf	Phe	113.2	high confidence set
scaffold1851	1	64360	64446	Tyr	GTA	64397	64410	72.2	38.90	33.30	Inf	Tyr	110.0	high confidence set
scaffold1884	1	137981	138061	Leu	AAG	0	0	74.0	52.20	21.80	Inf	Leu	110.4	high confidence set
scaffold1491	2	337562	337490	Arg	TCT	0	0	66.3	48.70	17.60	Inf	Arg	89.6	high confidence set
scaffold1982	1	47454	47527	Asn	GTT	0	0	80.7	58.40	22.30	Inf	Asn	86.6	high confidence set
scaffold1982	2	174374	174445	Pro	TGG	0	0	66.3	31.40	34.90	Inf	Pro	105.9	high confidence set
scaffold1982	3	155745	155674	Gln	TTG	0	0	73.5	53.70	19.80	Inf	Gln	104.8	high confidence set
scaffold2114	1	18399	18328	Cys	GCA	0	0	82.1	59.90	22.20	Inf	Cys	106.6	high confidence set
scaffold2212	1	30262	30179	Met	CAT	30224	30215	68.8	45.30	23.50	Inf	Met	104.3	high confidence set
scaffold2252	1	26392	26320	Ala	AGC	0	0	63.4	38.20	25.20	Inf	Ala	98.3	high confidence set
scaffold2280	2	27016	26945	Asp	GTC	0	0	69.8	46.80	23.00	Inf	Asp	94.5	high confidence set
scaffold2103	1	128267	128339	Ala	AGC	0	0	54.9	37.90	17.00	Inf	Ala	91.2	high confidence set
scaffold2022	1	202695	202766	iMet	CAT	0	0	51.7	27.70	24.00	Inf	iMet	109.3	high confidence set
scaffold2022	2	563179	563252	Asn	GTT	0	0	86.2	61.00	25.20	Inf	Asn	93.9	high confidence set
scaffold2424	1	70	141	Ser	GGA	0	0	52.6	23.30	29.30	Inf	Ser	88.0	unexpected anticodon
scaffold2239	1	19529	19600	Trp	CCA	0	0	75.8	51.20	24.60	Inf	Trp	105.6	high confidence set
scaffold2239	2	150280	150209	Asp	GTC	0	0	69.8	46.80	23.00	Inf	Asp	94.5	high confidence set
scaffold2416	1	122058	121985	Asn	GTT	0	0	84.5	59.40	25.10	Inf	Asn	95.9	high confidence set
scaffold1394	1	7789	7872	Leu	CAA	0	0	79.5	54.50	25.00	Inf	Leu	126.8	high confidence set
scaffold1394	2	16390	16473	Leu	CAA	0	0	76.7	54.50	22.20	Inf	Leu	123.1	high confidence set
scaffold2857	1	18508	18579	Asp	GTC	0	0	69.8	46.80	23.00	Inf	Asp	94.5	high confidence set
scaffold2857	2	25714	25642	Lys	CTT	0	0	83.6	66.30	17.30	Inf	Lys	99.6	high confidence set
scaffold2788	1	65120	65199	Leu	TAG	0	0	70.9	50.70	20.20	Inf	Leu	109.5	high confidence set
scaffold2931	1	43439	43511	Ala	AGC	0	0	63.4	38.20	25.20	Inf	Ala	98.3	high confidence set
scaffold2786	4	2820	2749	His	GTG	0	0	57.2	28.40	28.80	Inf	His	85.7	high confidence set
scaffold2974	2	6199	6126	Ile	AAT	0	0	74.6	49.40	25.20	Inf	Ile	102.9	high confidence set
scaffold3229	1	14943	15016	Val	CAC	0	0	53.9	36.30	17.60	Inf	Val	77.0	high confidence set
scaffold3059	1	92160	92232	Arg	CCG	0	0	68.0	51.50	16.50	Inf	Arg	95.2	high confidence set
scaffold3265	2	52664	52735	Asp	GTC	0	0	69.8	46.80	23.00	Inf	Asp	94.5	high confidence set
scaffold3265	3	22714	22643	Trp	CCA	0	0	74.2	47.90	26.30	Inf	Trp	101.5	high confidence set
scaffold3460	1	53528	53456	Arg	CCT	0	0	72.6	51.90	20.70	Inf	Arg	83.4	high confidence set
scaffold2932	1	70032	70104	Ala	AGC	0	0	59.6	37.50	22.10	Inf	Ala	96.4	high confidence set
scaffold2932	2	125294	125365	Thr	TGT	0	0	79.3	50.50	28.80	Inf	Thr	87.5	high confidence set
scaffold2932	4	174172	174100	Glu	CTC	0	0	79.2	53.50	25.70	Inf	Glu	98.6	high confidence set
scaffold3494	1	55541	55469	Ala	CGC	0	0	68.6	44.40	24.20	Inf	Ala	97.0	high confidence set
scaffold3494	2	21690	21619	Gln	CTG	0	0	74.3	49.60	24.70	Inf	Gln	103.3	high confidence set
scaffold2324	1	227431	227359	Val	TAC	0	0	54.6	33.50	21.10	Inf	Val	72.8	high confidence set
C7546285	1	134	61	Asn	GTT	0	0	80.1	56.20	23.90	Inf	Asn	86.4	high confidence set
scaffold866	1	176967	177038	Thr	CGT	0	0	76.3	46.70	29.60	Inf	Thr	86.1	high confidence set
scaffold866	2	333633	333714	Ser	TGA	0	0	76.8	42.30	34.50	Inf	Ser	114.6	high confidence set
C8152351	1	483	411	Ala	TGC	0	0	56.3	31.40	24.90	Inf	Ala	87.6	high confidence set
C8350595	1	1973	2055	Leu	TAA	0	0	68.4	29.10	39.30	Inf	Leu	90.1	high confidence set
scaffold917	1	336612	336685	Ile	AAT	0	0	75.1	50.70	24.40	Inf	Ile	97.3	high confidence set
scaffold917	2	337468	337541	Ile	AAT	0	0	75.1	50.70	24.40	Inf	Ile	97.3	high confidence set
scaffold917	4	602286	602358	Arg	ACG	0	0	65.0	47.00	18.00	Inf	Arg	77.6	high confidence set
scaffold917	5	741634	741705	Pro	TGG	0	0	69.2	36.90	32.30	Inf	Pro	112.8	high confidence set
scaffold917	7	1195759	1195829	Gly	CCC	0	0	65.4	28.10	37.30	Inf	Gly	85.4	high confidence set
scaffold917	8	1197953	1197880	Val	AAC	0	0	74.3	45.40	28.90	Inf	Val	102.8	high confidence set
scaffold917	10	835951	835880	Asp	GTC	0	0	69.8	46.80	23.00	Inf	Asp	94.5	high confidence set
scaffold917	12	782629	782556	Val	AAC	0	0	72.5	48.10	24.40	Inf	Val	100.2	high confidence set
scaffold917	13	472425	472353	Arg	CCG	0	0	68.0	51.50	16.50	Inf	Arg	95.2	high confidence set
scaffold765	1	623246	623173	Thr	AGT	0	0	64.8	39.10	25.70	Inf	Thr	74.9	high confidence set
scaffold765	2	283488	283415	Asn	GTT	0	0	83.7	58.60	25.10	Inf	Asn	90.4	high confidence set
scaffold251	3	365596	365524	Ala	CGC	0	0	62.5	43.60	18.90	Inf	Ala	93.3	high confidence set
