Sequence		tRNA    	Bounds  	tRNA	Anti	Intron Bounds	Inf	HMM	2'Str	Hit	Isotype	Isotype	      
Name    	tRNA#	Begin   	End     	Type	Codon	Begin	End	Score	Score	Score	Origin	CM	Score	Note
--------	------	-----   	------  	----	-----	-----	----	------	-----	-----	------	-------	-------	------
Chr01	1	1497147	1497228	Ser	AGA	0	0	80.3	44.00	36.30	Inf	Ser	115.3	high confidence set
Chr01	2	1565874	1565947	Val	AAC	0	0	72.5	48.10	24.40	Inf	Val	100.2	high confidence set
Chr01	3	1586175	1586248	Val	AAC	0	0	72.5	48.10	24.40	Inf	Val	100.2	high confidence set
Chr01	4	1706656	1706727	Gln	TTG	0	0	76.2	56.20	20.00	Inf	Gln	105.4	high confidence set
Chr01	5	2631817	2631890	Val	AAC	0	0	72.9	48.60	24.30	Inf	Val	93.8	high confidence set
Chr01	6	2707354	2707426	Glu	CTC	0	0	77.5	51.70	25.80	Inf	Glu	97.9	high confidence set
Chr01	7	4578666	4578736	Gly	GCC	0	0	56.8	43.00	13.80	Inf	Gly	86.7	high confidence set
Chr01	8	5228863	5228936	Val	AAC	0	0	72.5	48.10	24.40	Inf	Val	100.2	high confidence set
Chr01	9	5242490	5242562	Ala	AGC	0	0	63.4	38.20	25.20	Inf	Ala	98.3	high confidence set
Chr01	10	5246366	5246438	Ala	AGC	0	0	63.4	38.20	25.20	Inf	Ala	98.3	high confidence set
Chr01	11	5602590	5602663	Thr	AGT	0	0	75.0	46.80	28.20	Inf	Thr	89.8	high confidence set
Chr01	12	5882192	5882265	Glu	TTC	0	0	64.1	37.70	26.40	Inf	Glu	91.0	high confidence set
Chr01	13	8410769	8410841	Arg	CCT	0	0	70.8	45.60	25.20	Inf	Thr	79.7	IPD:-8.90,isotype mismatch
Chr01	15	11231117	11231190	Thr	AGT	0	0	73.6	45.20	28.40	Inf	Thr	88.6	high confidence set
Chr01	16	11345811	11345883	Arg	CCT	0	0	74.8	55.90	18.90	Inf	Arg	84.6	high confidence set
Chr01	17	18657010	18657082	Glu	CTC	0	0	77.5	51.70	25.80	Inf	Glu	93.6	high confidence set
Chr01	18	19563330	19563402	Ala	AGC	0	0	63.4	38.20	25.20	Inf	Ala	98.3	high confidence set
Chr01	19	21486939	21487009	Gly	GCC	0	0	66.5	44.80	21.70	Inf	Gly	94.4	high confidence set
Chr01	20	22812377	22812449	Lys	CTT	0	0	86.8	66.60	20.20	Inf	Lys	107.7	high confidence set
Chr01	21	22813091	22813163	Lys	CTT	0	0	86.8	66.60	20.20	Inf	Lys	107.7	high confidence set
Chr01	22	23104273	23104346	Ile	TAT	0	0	85.9	70.60	15.30	Inf	Ile	103.9	high confidence set
Chr01	23	24733967	24734049	Leu	CAA	0	0	80.1	55.30	24.80	Inf	Leu	125.3	high confidence set
Chr01	24	29354955	29355026	Trp	CCA	0	0	75.8	51.20	24.60	Inf	Trp	105.6	high confidence set
Chr01	27	56556544	56556631	Met	CAT	56556582	56556595	64.1	40.70	23.40	Inf	Met	104.0	high confidence set
Chr01	28	57379795	57379876	Ser	GCT	0	0	80.5	45.20	35.30	Inf	Ser	109.5	high confidence set
Chr01	29	62264749	62264821	Lys	CTT	0	0	86.8	66.60	20.20	Inf	Lys	107.7	high confidence set
Chr01	30	62876327	62876408	Ser	GCT	0	0	79.0	43.10	35.90	Inf	Ser	108.6	high confidence set
Chr01	31	64071418	64071503	Met	CAT	64071456	64071467	64.2	40.70	23.50	Inf	Met	104.0	high confidence set
Chr01	32	64454860	64454931	Trp	CCA	0	0	75.8	51.20	24.60	Inf	Trp	105.6	high confidence set
Chr01	33	66006355	66006426	Pro	TGG	0	0	68.5	35.70	32.80	Inf	Pro	111.2	high confidence set
Chr01	34	66735616	66735686	Gly	CCC	0	0	65.4	28.10	37.30	Inf	Gly	85.4	high confidence set
Chr01	35	66795838	66795919	Ser	TGA	0	0	80.7	46.10	34.60	Inf	Ser	119.7	high confidence set
Chr01	36	67642161	67642233	Glu	CTC	0	0	77.5	51.70	25.80	Inf	Glu	97.9	high confidence set
Chr01	37	68808312	68808392	Leu	AAG	0	0	74.0	52.20	21.80	Inf	Leu	110.4	high confidence set
Chr01	39	70367776	70367847	Gly	TCC	0	0	73.9	46.20	27.70	Inf	Gly	85.6	high confidence set
Chr01	40	74108952	74109023	Thr	CGT	0	0	82.0	57.10	24.90	Inf	Thr	88.4	high confidence set
Chr01	41	75707666	75707739	Arg	TCG	0	0	81.9	60.40	21.50	Inf	Arg	92.9	high confidence set
Chr01	42	76044512	76044592	Leu	CAG	0	0	68.4	45.70	22.70	Inf	Leu	107.6	high confidence set
Chr01	43	77251818	77251888	Gly	GCC	0	0	66.5	44.80	21.70	Inf	Gly	94.4	high confidence set
Chr01	45	79933347	79933418	Thr	TGT	0	0	84.5	58.50	26.00	Inf	Thr	95.0	high confidence set
Chr01	46	80051462	80051535	Asn	GTT	0	0	80.1	57.70	22.40	Inf	Asn	89.7	high confidence set
Chr01	47	80481162	80481232	Gly	GCC	0	0	66.5	44.80	21.70	Inf	Gly	94.4	high confidence set
Chr01	48	77852379	77852309	Gly	GCC	0	0	62.1	43.20	18.90	Inf	Gly	87.7	high confidence set
Chr01	49	76816319	76816236	Leu	CAA	0	0	78.6	55.60	23.00	Inf	Leu	123.0	high confidence set
Chr01	50	74781858	74781773	Tyr	GTA	74781821	74781809	74.5	42.90	31.60	Inf	Tyr	111.8	high confidence set
Chr01	51	74623544	74623472	Arg	ACG	0	0	72.0	49.70	22.30	Inf	Arg	93.9	high confidence set
Chr01	54	72740171	72740101	Gly	CCC	0	0	66.3	29.50	36.80	Inf	Gly	89.7	high confidence set
Chr01	55	72222595	72222522	Glu	TTC	0	0	64.1	37.70	26.40	Inf	Glu	91.0	high confidence set
Chr01	56	69642687	69642614	Arg	TCG	0	0	81.9	60.40	21.50	Inf	Arg	92.9	high confidence set
Chr01	57	69296771	69296700	His	GTG	0	0	63.0	33.70	29.30	Inf	His	87.1	high confidence set
Chr01	58	69023714	69023643	His	GTG	0	0	63.3	34.30	29.00	Inf	His	87.4	high confidence set
Chr01	59	68883083	68883013	Gly	GCC	0	0	66.5	44.80	21.70	Inf	Gly	94.4	high confidence set
Chr01	60	67723331	67723259	Ala	CGC	0	0	68.3	44.10	24.20	Inf	Ala	99.2	high confidence set
Chr01	61	66156343	66156270	Asn	GTT	0	0	83.9	58.50	25.40	Inf	Asn	97.4	high confidence set
Chr01	62	64562675	64562595	Leu	CAG	0	0	69.5	46.80	22.70	Inf	Leu	109.7	high confidence set
Chr01	63	64452686	64452615	Trp	CCA	0	0	75.8	51.20	24.60	Inf	Trp	105.6	high confidence set
Chr01	64	62533793	62533722	Asp	GTC	0	0	69.8	46.80	23.00	Inf	Asp	95.8	high confidence set
Chr01	65	60528899	60528826	Asn	GTT	0	0	83.6	57.80	25.80	Inf	Asn	94.9	high confidence set
Chr01	66	60397424	60397353	His	GTG	0	0	63.0	33.70	29.30	Inf	His	87.1	high confidence set
Chr01	67	59582109	59582037	Ala	AGC	0	0	60.6	37.60	23.00	Inf	Ala	90.8	high confidence set
Chr01	68	58662549	58662479	Gly	GCC	0	0	66.5	44.80	21.70	Inf	Gly	94.4	high confidence set
Chr01	69	58389420	58389348	Gln	CTG	0	0	60.7	46.10	14.60	Inf	Leu	73.5	IPD:-60.20,isotype mismatch
Chr01	70	56916217	56916145	Ala	AGC	0	0	63.4	38.20	25.20	Inf	Ala	98.3	high confidence set
Chr01	71	56727597	56727525	Ala	TGC	0	0	70.0	45.30	24.70	Inf	Ala	100.6	high confidence set
Chr01	72	56316789	56316719	Gly	GCC	0	0	66.5	44.80	21.70	Inf	Gly	94.4	high confidence set
Chr01	73	54325651	54325578	Thr	AGT	0	0	58.5	36.60	21.90	Inf	Thr	72.3	high confidence set
Chr01	76	19653425	19653354	Thr	TGT	0	0	79.3	49.30	30.00	Inf	Thr	92.3	high confidence set
Chr01	77	15593086	15593014	Arg	ACG	0	0	72.0	49.70	22.30	Inf	Arg	93.9	high confidence set
Chr01	78	14554758	14554687	Asp	GTC	0	0	69.8	46.80	23.00	Inf	Asp	95.8	high confidence set
Chr01	79	14376397	14376325	Arg	ACG	0	0	63.5	42.40	21.10	Inf	Arg	84.9	high confidence set
Chr01	80	14374035	14373963	Arg	ACG	0	0	72.0	49.70	22.30	Inf	Arg	93.9	high confidence set
Chr01	81	12993343	12993273	Cys	GCA	0	0	64.4	37.90	26.50	Inf	Cys	71.7	high confidence set
Chr01	82	12173411	12173339	Glu	CTC	0	0	77.5	51.70	25.80	Inf	Glu	97.9	high confidence set
Chr01	83	11951573	11951503	Gly	GCC	0	0	66.5	44.80	21.70	Inf	Gly	94.4	high confidence set
Chr01	84	11342147	11342076	Gln	CTG	0	0	69.1	47.60	21.50	Inf	Gln	97.0	high confidence set
Chr01	85	10587397	10587310	Tyr	GTA	10587360	10587346	74.4	42.90	31.50	Inf	Tyr	111.8	high confidence set
Chr01	86	8096446	8096374	Ala	AGC	0	0	63.4	38.20	25.20	Inf	Ala	98.3	high confidence set
Chr01	87	7885485	7885412	Val	CAC	0	0	79.3	48.30	31.00	Inf	Val	104.5	high confidence set
Chr01	88	6880911	6880839	Arg	CCT	0	0	74.8	55.90	18.90	Inf	Arg	84.6	high confidence set
Chr01	89	6585548	6585476	Arg	ACG	0	0	72.0	49.70	22.30	Inf	Arg	93.9	high confidence set
Chr01	90	5675507	5675436	Gln	CTG	0	0	75.3	51.20	24.10	Inf	Gln	106.0	high confidence set
Chr01	91	4727310	4727239	Cys	GCA	0	0	81.7	56.10	25.60	Inf	Cys	104.3	high confidence set
Chr01	93	3189774	3189687	Met	CAT	3189736	3189723	60.2	36.90	23.30	Inf	Met	96.0	high confidence set
Chr01	94	2976803	2976720	Leu	CAA	0	0	78.6	55.60	23.00	Inf	Leu	123.0	high confidence set
Chr01	95	2087319	2087239	Leu	AAG	0	0	74.0	52.20	21.80	Inf	Leu	110.4	high confidence set
Chr01	96	1557767	1557686	Ser	CGA	0	0	78.9	46.60	32.30	Inf	Ser	122.0	high confidence set
Chr02	1	1913716	1913789	Glu	TTC	0	0	64.1	37.70	26.40	Inf	Glu	91.0	high confidence set
Chr02	2	2545618	2545691	Thr	AGT	0	0	75.0	46.80	28.20	Inf	Thr	89.8	high confidence set
Chr02	4	2850143	2850229	Met	CAT	2850181	2850193	64.2	40.70	23.50	Inf	Met	104.0	high confidence set
Chr02	5	2864710	2864796	Met	CAT	2864748	2864760	64.2	40.70	23.50	Inf	Met	104.0	high confidence set
Chr02	8	3923090	3923161	Cys	GCA	0	0	81.7	56.10	25.60	Inf	Cys	104.3	high confidence set
Chr02	9	4046393	4046464	Gly	TCC	0	0	73.9	46.20	27.70	Inf	Gly	85.6	high confidence set
Chr02	11	4762502	4762574	Phe	GAA	0	0	78.3	58.40	19.90	Inf	Phe	113.2	high confidence set
Chr02	13	8039558	8039648	Met	CAT	8039596	8039612	64.0	40.60	23.40	Inf	Met	104.0	high confidence set
Chr02	14	8446769	8446852	Leu	CAA	0	0	78.6	55.60	23.00	Inf	Leu	123.0	high confidence set
Chr02	15	9574396	9574468	Glu	CTC	0	0	77.5	51.70	25.80	Inf	Glu	97.9	high confidence set
Chr02	16	13620984	13621055	Lys	TTT	0	0	87.1	68.30	18.80	Inf	Lys	95.0	high confidence set
Chr02	17	14479104	14479185	Ser	GCT	0	0	79.0	43.10	35.90	Inf	Ser	108.6	high confidence set
Chr02	19	53000168	53000256	Tyr	GTA	53000205	53000220	72.1	42.70	29.40	Inf	Tyr	109.8	high confidence set
Chr02	20	54376101	54376174	Asn	GTT	0	0	84.5	59.40	25.10	Inf	Asn	95.9	high confidence set
Chr02	21	55398784	55398855	Asp	GTC	0	0	69.8	46.80	23.00	Inf	Asp	95.8	high confidence set
Chr02	22	55783005	55783077	Phe	GAA	0	0	78.3	58.40	19.90	Inf	Phe	113.2	high confidence set
Chr02	23	56957855	56957927	Lys	CTT	0	0	87.7	67.60	20.10	Inf	Lys	106.7	high confidence set
Chr02	24	57450817	57450889	Lys	CTT	0	0	86.8	66.60	20.20	Inf	Lys	107.7	high confidence set
Chr02	25	60610288	60610360	Ala	CGC	0	0	68.2	44.00	24.20	Inf	Ala	95.8	high confidence set
Chr02	26	63068563	63068636	Ile	AAT	0	0	72.1	50.70	21.40	Inf	Ile	98.0	high confidence set
Chr02	27	64550916	64550989	Asn	GTT	0	0	83.9	58.50	25.40	Inf	Asn	97.4	high confidence set
Chr02	29	66848376	66848447	Thr	CGT	0	0	80.5	54.30	26.20	Inf	Thr	87.3	high confidence set
Chr02	30	67248713	67248785	Arg	TCT	0	0	68.1	50.00	18.10	Inf	Arg	96.3	high confidence set
Chr02	31	67445216	67445296	Leu	AAG	0	0	74.0	52.20	21.80	Inf	Leu	110.4	high confidence set
Chr02	33	68675498	68675569	His	GTG	0	0	63.3	34.30	29.00	Inf	His	91.7	high confidence set
Chr02	36	73063082	73063163	Ser	GCT	0	0	79.0	43.10	35.90	Inf	Ser	108.6	high confidence set
Chr02	37	73592976	73593063	Met	CAT	73593014	73593027	64.1	40.70	23.40	Inf	Met	104.0	high confidence set
Chr02	38	73930884	73930955	Trp	CCA	0	0	75.8	51.20	24.60	Inf	Trp	105.6	high confidence set
Chr02	39	74075938	74076011	Ile	AAT	0	0	81.8	58.30	23.50	Inf	Ile	106.8	high confidence set
Chr02	40	74223649	74223720	His	GTG	0	0	63.0	33.70	29.30	Inf	His	87.1	high confidence set
Chr02	41	74596140	74596212	Ala	AGC	0	0	63.4	38.20	25.20	Inf	Ala	98.3	high confidence set
Chr02	42	75647132	75647203	Pro	TGG	0	0	68.5	35.70	32.80	Inf	Pro	111.2	high confidence set
Chr02	43	76429517	76429598	Ser	TGA	0	0	78.3	44.40	33.90	Inf	Ser	115.8	high confidence set
Chr02	44	77111577	77111649	Ala	CGC	0	0	68.3	44.10	24.20	Inf	Ala	99.2	high confidence set
Chr02	45	77447166	77447246	Leu	AAG	0	0	74.0	52.20	21.80	Inf	Leu	110.4	high confidence set
Chr02	46	77505557	77505486	His	GTG	0	0	63.3	34.30	29.00	Inf	His	87.6	high confidence set
Chr02	47	77144947	77144873	Glu	CTC	0	0	70.7	44.90	25.80	Inf	Glu	80.9	high confidence set
Chr02	48	76021252	76021182	Gly	CCC	0	0	66.3	29.50	36.80	Inf	Gly	89.7	high confidence set
Chr02	49	74031547	74031467	Leu	CAG	0	0	69.5	46.80	22.70	Inf	Leu	109.7	high confidence set
Chr02	50	72818703	72818632	Asp	GTC	0	0	69.8	46.80	23.00	Inf	Asp	95.8	high confidence set
Chr02	51	72805727	72805656	Pro	CGG	0	0	65.2	35.80	29.40	Inf	Pro	103.5	high confidence set
Chr02	52	72648224	72648151	Asn	GTT	0	0	84.5	59.40	25.10	Inf	Asn	95.9	high confidence set
Chr02	53	70590146	70590075	Gly	TCC	0	0	73.9	46.20	27.70	Inf	Gly	85.6	high confidence set
Chr02	54	67292805	67292733	Glu	CTC	0	0	77.5	51.70	25.80	Inf	Glu	97.9	high confidence set
Chr02	55	66307002	66306930	Ala	AGC	0	0	57.3	33.90	23.40	Inf	Ala	90.1	high confidence set
Chr02	56	65426828	65426757	Lys	TTT	0	0	91.9	68.20	23.70	Inf	Lys	98.4	high confidence set
Chr02	57	64825494	64825423	Thr	TGT	0	0	84.5	58.50	26.00	Inf	Thr	95.0	high confidence set
Chr02	59	62584657	62584571	Tyr	GTA	62584620	62584607	74.4	42.90	31.50	Inf	Tyr	111.8	high confidence set
Chr02	61	58891273	58891200	Ile	AAT	0	0	81.8	58.30	23.50	Inf	Ile	106.8	high confidence set
Chr02	62	58220752	58220682	Gly	CCC	0	0	66.3	29.50	36.80	Inf	Gly	89.7	high confidence set
Chr02	63	56728968	56728882	Tyr	GTA	56728931	56728918	66.5	42.70	23.80	Inf	Tyr	103.7	high confidence set
Chr02	64	55727687	55727615	Lys	CTT	0	0	86.8	66.60	20.20	Inf	Lys	107.7	high confidence set
Chr02	65	54485112	54485039	Val	CAC	0	0	79.3	48.30	31.00	Inf	Val	104.5	high confidence set
Chr02	66	18762037	18761965	Arg	CCG	0	0	66.0	50.50	15.50	Inf	Arg	94.3	high confidence set
Chr02	67	11396255	11396174	Ser	CGA	0	0	78.9	46.60	32.30	Inf	Ser	122.0	high confidence set
Chr02	68	10586768	10586695	Val	AAC	0	0	72.2	47.80	24.40	Inf	Val	98.2	high confidence set
Chr02	69	9542979	9542907	Glu	CTC	0	0	77.5	51.70	25.80	Inf	Glu	97.9	high confidence set
Chr02	71	4832898	4832826	Phe	GAA	0	0	78.3	58.40	19.90	Inf	Phe	113.2	high confidence set
Chr02	73	2836083	2836010	Val	AAC	0	0	81.3	50.50	30.80	Inf	Val	110.3	high confidence set
Chr02	74	910482	910411	Asp	GTC	0	0	69.8	46.80	23.00	Inf	Asp	95.8	high confidence set
Chr03	1	144357	144430	Ile	TAT	0	0	84.2	68.50	15.70	Inf	Ile	98.6	high confidence set
Chr03	2	457970	458041	Gln	CTG	0	0	71.8	47.10	24.70	Inf	Gln	103.5	high confidence set
Chr03	3	652693	652774	Ser	AGA	0	0	80.3	44.00	36.30	Inf	Ser	115.3	high confidence set
Chr03	4	2126293	2126365	Glu	CTC	0	0	66.2	45.10	21.10	Inf	Glu	89.2	high confidence set
Chr03	5	4865970	4866041	Cys	GCA	0	0	82.1	59.90	22.20	Inf	Cys	106.6	high confidence set
Chr03	6	5113159	5113231	Glu	CTC	0	0	77.5	51.70	25.80	Inf	Glu	97.9	high confidence set
Chr03	7	6326960	6327040	Leu	CAG	0	0	69.5	46.80	22.70	Inf	Leu	109.7	high confidence set
Chr03	8	7086012	7086096	Met	CAT	7086050	7086060	64.2	40.80	23.40	Inf	Met	104.0	high confidence set
Chr03	9	9960266	9960339	Ile	TAT	0	0	87.1	72.60	14.50	Inf	Ile	104.3	high confidence set
Chr03	12	15868351	15868422	His	GTG	0	0	63.0	33.70	29.30	Inf	His	86.8	high confidence set
Chr03	13	19674219	19674299	Leu	AAG	0	0	74.0	52.20	21.80	Inf	Leu	110.4	high confidence set
Chr03	14	28833264	28833336	Phe	GAA	0	0	68.7	44.80	23.90	Inf	Tyr	76.6	IPD:-5.10,isotype mismatch
Chr03	15	28835892	28835963	Asn	GTT	0	0	76.1	53.10	23.00	Inf	Asn	83.1	high confidence set
Chr03	17	38371274	38371346	Phe	GAA	0	0	68.7	44.80	23.90	Inf	Tyr	76.6	IPD:-5.10,isotype mismatch
Chr03	19	58775320	58775392	Arg	ACG	0	0	72.0	49.70	22.30	Inf	Arg	93.9	high confidence set
Chr03	20	59720165	59720237	Glu	CTC	0	0	77.5	51.70	25.80	Inf	Glu	97.9	high confidence set
Chr03	21	61530931	61531003	Val	TAC	0	0	71.9	39.50	32.40	Inf	Val	103.9	high confidence set
Chr03	22	61652404	61652476	Phe	GAA	0	0	76.1	54.40	21.70	Inf	Phe	115.3	high confidence set
Chr03	23	61664619	61664691	Lys	CTT	0	0	86.8	66.60	20.20	Inf	Lys	107.7	high confidence set
Chr03	24	62546842	62546914	Lys	CTT	0	0	86.8	66.60	20.20	Inf	Lys	107.7	high confidence set
Chr03	25	62917534	62917606	Arg	ACG	0	0	72.0	49.70	22.30	Inf	Arg	93.9	high confidence set
Chr03	26	62917676	62917748	Arg	ACG	0	0	72.0	49.70	22.30	Inf	Arg	93.9	high confidence set
Chr03	27	63694188	63694259	Gln	CTG	0	0	75.3	51.20	24.10	Inf	Gln	103.1	high confidence set
Chr03	28	63751066	63751137	Asp	GTC	0	0	69.8	46.80	23.00	Inf	Asp	95.8	high confidence set
Chr03	29	66504276	66504347	Gly	TCC	0	0	73.9	46.20	27.70	Inf	Gly	85.6	high confidence set
Chr03	30	66989952	66990024	Arg	CCG	0	0	71.6	50.80	20.80	Inf	Arg	74.4	high confidence set
Chr03	31	67108595	67108667	Lys	CTT	0	0	86.8	66.60	20.20	Inf	Lys	107.7	high confidence set
Chr03	32	67240673	67240753	Leu	CAG	0	0	69.5	46.80	22.70	Inf	Leu	109.7	high confidence set
Chr03	33	70274652	70274725	Ile	AAT	0	0	81.8	58.30	23.50	Inf	Ile	106.8	high confidence set
Chr03	34	71854333	71854404	Lys	TTT	0	0	91.9	68.20	23.70	Inf	Lys	98.4	high confidence set
Chr03	35	72064584	72064664	Leu	AAG	0	0	74.0	52.20	21.80	Inf	Leu	110.4	high confidence set
Chr03	37	73970179	73970258	Leu	TAG	0	0	69.5	48.50	21.00	Inf	Leu	111.5	high confidence set
Chr03	38	74073182	74073265	Leu	TAA	0	0	72.5	37.50	35.00	Inf	Leu	90.1	high confidence set
Chr03	39	73633561	73633489	Arg	TCT	0	0	68.5	50.60	17.90	Inf	Arg	98.8	high confidence set
Chr03	41	73568556	73568484	Phe	GAA	0	0	69.7	49.80	19.90	Inf	Phe	108.4	high confidence set
Chr03	42	72032535	72032455	Leu	AAG	0	0	74.0	52.20	21.80	Inf	Leu	110.4	high confidence set
Chr03	43	71806976	71806904	Phe	GAA	0	0	78.3	58.40	19.90	Inf	Phe	113.2	high confidence set
Chr03	44	69662992	69662919	Ile	AAT	0	0	84.0	56.60	27.40	Inf	Ile	110.3	high confidence set
Chr03	45	69467012	69466939	Ile	TAT	0	0	84.0	68.60	15.40	Inf	Ile	98.2	high confidence set
Chr03	46	69389847	69389766	Ser	AGA	0	0	80.3	44.00	36.30	Inf	Ser	115.3	high confidence set
Chr03	47	69059696	69059623	Val	AAC	0	0	72.2	47.80	24.40	Inf	Val	98.2	high confidence set
Chr03	48	68595220	68595149	Gln	TTG	0	0	68.4	50.70	17.70	Inf	Gln	96.9	high confidence set
Chr03	49	68190858	68190779	Leu	TAG	0	0	71.0	47.50	23.50	Inf	Leu	109.0	high confidence set
Chr03	50	67421501	67421428	Val	CAC	0	0	79.3	48.30	31.00	Inf	Val	101.1	high confidence set
Chr03	51	66795710	66795638	Glu	CTC	0	0	72.8	52.80	20.00	Inf	Glu	93.1	high confidence set
Chr03	52	66309555	66309475	Leu	AAG	0	0	74.0	52.20	21.80	Inf	Leu	110.4	high confidence set
Chr03	53	64514256	64514185	Asp	GTC	0	0	69.8	46.80	23.00	Inf	Asp	95.8	high confidence set
Chr03	54	63373733	63373648	Tyr	GTA	63373696	63373684	74.5	43.00	31.50	Inf	Tyr	111.8	high confidence set
Chr03	55	62531051	62530979	Phe	GAA	0	0	78.3	58.40	19.90	Inf	Phe	113.2	high confidence set
Chr03	56	62154418	62154347	Asp	GTC	0	0	69.8	46.80	23.00	Inf	Asp	95.8	high confidence set
Chr03	57	59737507	59737436	Asp	GTC	0	0	68.0	45.20	22.80	Inf	Asp	91.9	high confidence set
Chr03	58	59279966	59279885	Ser	CGA	0	0	78.9	46.60	32.30	Inf	Ser	122.0	high confidence set
Chr03	59	57642429	57642356	Ile	AAT	0	0	81.8	58.30	23.50	Inf	Ile	106.8	high confidence set
Chr03	60	56991668	56991596	Arg	CCT	0	0	74.8	55.90	18.90	Inf	Arg	84.6	high confidence set
Chr03	63	38375202	38375130	Phe	GAA	0	0	68.7	44.80	23.90	Inf	Tyr	76.6	IPD:-5.10,isotype mismatch
Chr03	64	38364414	38364344	Cys	GCA	0	0	66.7	40.20	26.50	Inf	Cys	75.0	high confidence set
Chr03	65	28836294	28836217	Arg	ACG	0	0	57.0	44.90	12.10	Inf	Ile	73.7	IPD:-23.30,isotype mismatch
Chr03	68	9689060	9688980	Leu	AAG	0	0	74.0	52.20	21.80	Inf	Leu	110.4	high confidence set
Chr03	69	9685973	9685892	Ser	AGA	0	0	80.3	44.00	36.30	Inf	Ser	115.3	high confidence set
Chr03	70	9125739	9125667	Glu	CTC	0	0	77.5	51.70	25.80	Inf	Glu	97.9	high confidence set
Chr03	71	7336624	7336551	Thr	AGT	0	0	75.0	46.80	28.20	Inf	Thr	89.8	high confidence set
Chr03	72	4996283	4996202	Ser	TGA	0	0	80.7	46.10	34.60	Inf	Ser	119.7	high confidence set
Chr03	73	4577530	4577459	Pro	AGG	0	0	67.4	34.70	32.70	Inf	Pro	112.3	high confidence set
Chr03	74	3773039	3772969	Gly	GCC	0	0	66.5	44.80	21.70	Inf	Gly	94.4	high confidence set
Chr03	75	467856	467784	Glu	CTC	0	0	77.5	51.70	25.80	Inf	Glu	93.6	high confidence set
Chr03	76	453756	453685	Gln	CTG	0	0	71.8	47.10	24.70	Inf	Gln	103.5	high confidence set
Chr04	1	914128	914199	iMet	CAT	0	0	58.3	28.10	30.20	Inf	iMet	118.7	high confidence set
Chr04	2	992947	993020	Val	AAC	0	0	72.5	48.10	24.40	Inf	Val	100.2	high confidence set
Chr04	3	1037201	1037273	Ala	AGC	0	0	63.4	38.20	25.20	Inf	Ala	98.3	high confidence set
Chr04	4	1064334	1064406	Ala	CGC	0	0	68.3	44.10	24.20	Inf	Ala	99.2	high confidence set
Chr04	5	1357737	1357809	Arg	CCT	0	0	74.8	55.90	18.90	Inf	Arg	84.6	high confidence set
Chr04	6	1407522	1407603	Ser	GCT	0	0	79.0	43.10	35.90	Inf	Ser	108.6	high confidence set
Chr04	7	1409215	1409287	Glu	CTC	0	0	77.5	51.70	25.80	Inf	Glu	97.9	high confidence set
Chr04	8	2160286	2160367	Ser	GCT	0	0	79.0	43.10	35.90	Inf	Ser	108.6	high confidence set
Chr04	9	3055072	3055143	His	GTG	0	0	56.3	28.90	27.40	Inf	His	80.0	high confidence set
Chr04	10	4337209	4337280	Asp	GTC	0	0	68.0	45.20	22.80	Inf	Asp	91.9	high confidence set
Chr04	11	6759358	6759438	Leu	AAG	0	0	74.3	53.30	21.00	Inf	Leu	109.7	high confidence set
Chr04	12	6837308	6837378	Gly	CCC	0	0	66.3	29.50	36.80	Inf	Gly	89.7	high confidence set
Chr04	13	9709188	9709259	Gln	CTG	0	0	72.9	48.70	24.20	Inf	Gln	103.4	high confidence set
Chr04	14	12323596	12323667	Lys	TTT	0	0	91.9	68.20	23.70	Inf	Lys	98.4	high confidence set
Chr04	15	50532002	50532082	Leu	AAG	0	0	72.1	51.30	20.80	Inf	Leu	104.4	high confidence set
Chr04	16	52626779	52626850	Gln	TTG	0	0	76.2	56.20	20.00	Inf	Gln	105.4	high confidence set
Chr04	17	52942662	52942734	Phe	GAA	0	0	78.3	58.40	19.90	Inf	Phe	113.2	high confidence set
Chr04	18	53755858	53755930	Ala	CGC	0	0	68.2	44.00	24.20	Inf	Ala	95.8	high confidence set
Chr04	19	53810125	53810206	Ser	AGA	0	0	80.3	44.00	36.30	Inf	Ser	115.3	high confidence set
Chr04	20	54698365	54698438	Ile	AAT	0	0	81.8	58.30	23.50	Inf	Ile	106.8	high confidence set
Chr04	21	54706438	54706511	Ile	AAT	0	0	81.8	58.30	23.50	Inf	Ile	106.8	high confidence set
Chr04	22	55880800	55880881	Ser	AGA	0	0	80.3	44.00	36.30	Inf	Ser	115.3	high confidence set
Chr04	23	57566514	57566586	Phe	GAA	0	0	78.3	58.40	19.90	Inf	Phe	113.2	high confidence set
Chr04	24	57612438	57612510	Ala	TGC	0	0	70.0	45.30	24.70	Inf	Ala	100.6	high confidence set
Chr04	25	59868887	59868958	iMet	CAT	0	0	59.7	30.20	29.50	Inf	iMet	115.9	high confidence set
Chr04	26	60275681	60275754	Glu	TTC	0	0	64.3	38.20	26.10	Inf	Glu	90.4	high confidence set
Chr04	27	62062828	62062899	iMet	CAT	0	0	58.3	28.10	30.20	Inf	iMet	118.7	high confidence set
Chr04	28	64121391	64121462	Gln	CTG	0	0	75.3	51.20	24.10	Inf	Gln	103.1	high confidence set
Chr04	29	65161078	65161159	Ser	GCT	0	0	74.4	40.90	33.50	Inf	Ser	102.7	high confidence set
Chr04	30	67125999	67126072	Thr	AGT	0	0	74.0	45.80	28.20	Inf	Thr	89.0	high confidence set
Chr04	31	68366142	68366213	Pro	AGG	0	0	67.4	34.70	32.70	Inf	Pro	112.3	high confidence set
Chr04	32	68537466	68537395	Thr	CGT	0	0	82.2	57.60	24.60	Inf	Thr	90.2	high confidence set
Chr04	33	68084366	68084295	Cys	GCA	0	0	78.4	49.90	28.50	Inf	Cys	102.6	high confidence set
Chr04	34	67852772	67852689	Leu	CAA	0	0	78.8	55.90	22.90	Inf	Leu	121.7	high confidence set
Chr04	35	67253172	67253086	Met	CAT	67253134	67253122	64.2	40.70	23.50	Inf	Met	104.0	high confidence set
Chr04	36	66178960	66178888	Glu	CTC	0	0	77.5	51.70	25.80	Inf	Glu	97.9	high confidence set
Chr04	37	65545424	65545352	Ala	CGC	0	0	68.2	44.00	24.20	Inf	Ala	95.8	high confidence set
Chr04	38	64640973	64640901	Ala	CGC	0	0	68.2	44.00	24.20	Inf	Ala	95.8	high confidence set
Chr04	39	64192153	64192082	Pro	TGG	0	0	68.5	35.70	32.80	Inf	Pro	111.2	high confidence set
Chr04	40	62837471	62837400	Thr	CGT	0	0	80.5	54.30	26.20	Inf	Thr	87.3	high confidence set
Chr04	41	61830104	61830018	Met	CAT	61830066	61830054	64.8	41.30	23.50	Inf	Met	103.3	high confidence set
Chr04	42	60666816	60666745	Gln	CTG	0	0	75.3	51.20	24.10	Inf	Gln	103.1	high confidence set
Chr04	43	58330394	58330323	Trp	CCA	0	0	75.8	51.20	24.60	Inf	Trp	105.6	high confidence set
Chr04	44	57910027	57909942	Tyr	GTA	57909990	57909978	74.5	42.90	31.60	Inf	Tyr	111.8	high confidence set
Chr04	45	57671132	57671059	Thr	AGT	0	0	72.7	47.30	25.40	Inf	Thr	88.4	high confidence set
Chr04	46	57570190	57570119	Thr	TGT	0	0	79.3	49.30	30.00	Inf	Thr	92.3	high confidence set
Chr04	47	56749597	56749527	Gly	GCC	0	0	66.5	44.80	21.70	Inf	Gly	94.4	high confidence set
Chr04	48	54355491	54355420	Trp	CCA	0	0	75.8	51.20	24.60	Inf	Trp	105.6	high confidence set
Chr04	49	54249776	54249696	Leu	CAG	0	0	66.0	43.30	22.70	Inf	Leu	106.7	high confidence set
Chr04	50	54167254	54167183	Trp	CCA	0	0	75.8	51.20	24.60	Inf	Trp	105.6	high confidence set
Chr04	51	53240715	53240634	Ser	AGA	0	0	80.3	44.00	36.30	Inf	Ser	115.3	high confidence set
Chr04	52	52972580	52972508	Ala	TGC	0	0	70.0	45.30	24.70	Inf	Ala	100.6	high confidence set
Chr04	53	51711118	51711039	Leu	TAG	0	0	69.5	48.50	21.00	Inf	Leu	111.5	high confidence set
Chr04	54	51588464	51588393	Cys	GCA	0	0	78.0	49.10	28.90	Inf	Cys	100.1	high confidence set
Chr04	55	51564075	51564004	Cys	GCA	0	0	78.0	49.10	28.90	Inf	Cys	100.1	high confidence set
Chr04	57	14966751	14966670	Ser	CGA	0	0	80.0	44.40	35.60	Inf	Ser	120.3	high confidence set
Chr04	58	11022654	11022583	Gln	TTG	0	0	73.0	50.10	22.90	Inf	Gln	102.1	high confidence set
Chr04	59	11021627	11021556	Gln	TTG	0	0	71.4	45.00	26.40	Inf	Gln	104.3	high confidence set
Chr04	60	11020144	11020073	Gln	TTG	0	0	72.0	49.00	23.00	Inf	Gln	104.4	high confidence set
Chr04	61	11018208	11018137	Gln	TTG	0	0	72.0	49.00	23.00	Inf	Gln	104.4	high confidence set
Chr04	62	11016036	11015965	Gln	TTG	0	0	72.0	49.00	23.00	Inf	Gln	104.4	high confidence set
Chr04	63	7548084	7548014	Gly	GCC	0	0	66.5	44.80	21.70	Inf	Gly	94.4	high confidence set
Chr04	65	6931034	6930963	iMet	CAT	0	0	57.5	26.90	30.60	Inf	iMet	115.2	high confidence set
Chr04	67	5359096	5359015	Ser	AGA	0	0	80.3	44.00	36.30	Inf	Ser	115.3	high confidence set
Chr04	68	5172517	5172445	Glu	CTC	0	0	77.5	51.70	25.80	Inf	Glu	97.9	high confidence set
Chr04	69	1353596	1353524	Ala	AGC	0	0	63.4	38.20	25.20	Inf	Ala	98.3	high confidence set
Chr04	70	1034662	1034590	Arg	CCT	0	0	71.7	55.90	15.80	Inf	Arg	81.4	high confidence set
Chr05	1	315717	315790	Ile	AAT	0	0	81.8	58.30	23.50	Inf	Ile	106.8	high confidence set
Chr05	2	344221	344292	Pro	CGG	0	0	61.7	30.40	31.30	Inf	Pro	101.1	high confidence set
Chr05	4	1411508	1411591	Leu	CAA	0	0	78.8	55.90	22.90	Inf	Leu	121.7	high confidence set
Chr05	5	2049611	2049684	Val	CAC	0	0	79.3	48.30	31.00	Inf	Val	104.5	high confidence set
Chr05	6	2052330	2052401	iMet	CAT	0	0	57.5	26.90	30.60	Inf	iMet	115.2	high confidence set
Chr05	7	3711048	3711121	Glu	TTC	0	0	64.1	37.70	26.40	Inf	Glu	91.0	high confidence set
Chr05	8	6034071	6034144	Val	AAC	0	0	74.3	44.70	29.60	Inf	Val	104.3	high confidence set
Chr05	9	17172098	17172170	Ala	TGC	0	0	70.0	45.30	24.70	Inf	Ala	100.6	high confidence set
Chr05	10	17178441	17178513	Ala	TGC	0	0	70.0	45.30	24.70	Inf	Ala	100.6	high confidence set
Chr05	11	57613910	57613981	Pro	AGG	0	0	67.4	34.70	32.70	Inf	Pro	112.3	high confidence set
Chr05	12	62721057	62721130	Glu	TTC	0	0	64.3	38.20	26.10	Inf	Glu	90.4	high confidence set
Chr05	13	64633086	64633157	Gln	CTG	0	0	72.9	48.70	24.20	Inf	Gln	103.4	high confidence set
Chr05	14	66193202	66193275	Val	CAC	0	0	79.3	48.30	31.00	Inf	Val	104.5	high confidence set
Chr05	15	66897934	66898006	Ala	AGC	0	0	63.4	38.20	25.20	Inf	Ala	98.3	high confidence set
Chr05	16	67361507	67361578	Pro	AGG	0	0	71.7	39.40	32.30	Inf	Ala	82.7	IPD:-0.70,isotype mismatch
Chr05	18	67364273	67364344	Pro	AGG	0	0	71.7	39.40	32.30	Inf	Ala	82.7	IPD:-0.70,isotype mismatch
Chr05	19	67364651	67364722	Pro	AGG	0	0	67.4	34.70	32.70	Inf	Pro	112.3	high confidence set
Chr05	20	67561188	67561269	Ser	GCT	0	0	79.0	43.10	35.90	Inf	Ser	108.6	high confidence set
Chr05	21	68638316	68638389	Asn	GTT	0	0	84.5	59.40	25.10	Inf	Asn	95.9	high confidence set
Chr05	22	69921072	69921143	Pro	AGG	0	0	67.4	34.70	32.70	Inf	Pro	112.3	high confidence set
Chr05	23	71594686	71594758	Lys	CTT	0	0	86.8	66.60	20.20	Inf	Lys	107.7	high confidence set
Chr05	24	70071650	70071579	Gly	TCC	0	0	64.1	38.70	25.40	Inf	Gly	76.9	high confidence set
Chr05	26	68364420	68364339	Leu	TAA	0	0	63.0	34.20	28.80	Inf	Leu	86.9	high confidence set
Chr05	29	65199307	65199236	Pro	TGG	0	0	68.5	35.70	32.80	Inf	Pro	111.2	high confidence set
Chr05	30	65199154	65199083	Pro	TGG	0	0	68.5	35.70	32.80	Inf	Pro	111.2	high confidence set
Chr05	31	63762026	63761954	Arg	CCT	0	0	74.8	55.90	18.90	Inf	Arg	84.6	high confidence set
Chr05	33	4310702	4310631	Pro	AGG	0	0	67.4	34.70	32.70	Inf	Pro	112.3	high confidence set
Chr05	34	3310805	3310733	Ala	AGC	0	0	60.6	37.60	23.00	Inf	Ala	90.8	high confidence set
Chr05	41	1967016	1966944	Ala	TGC	0	0	70.0	45.30	24.70	Inf	Ala	100.6	high confidence set
Chr05	42	989031	988950	Ser	TGA	0	0	78.3	44.40	33.90	Inf	Ser	115.8	high confidence set
Chr05	43	744441	744370	Pro	CGG	0	0	68.5	36.10	32.40	Inf	Pro	108.5	high confidence set
Chr05	44	434026	433954	Lys	CTT	0	0	86.8	66.60	20.20	Inf	Lys	107.7	high confidence set
Chr06	1	38773841	38773912	Gly	TCC	0	0	74.1	46.70	27.40	Inf	Gly	84.2	high confidence set
Chr06	2	40854547	40854627	Leu	AAG	0	0	74.0	52.20	21.80	Inf	Leu	110.4	high confidence set
Chr06	3	45311237	45311308	iMet	CAT	0	0	59.7	30.20	29.50	Inf	iMet	115.9	high confidence set
Chr06	4	45584285	45584357	Phe	GAA	0	0	78.3	58.40	19.90	Inf	Phe	113.2	high confidence set
Chr06	5	46079370	46079442	Lys	TTT	0	0	90.8	66.10	24.70	Inf	Lys	95.4	high confidence set
Chr06	6	47320339	47320411	Arg	ACG	0	0	72.0	49.70	22.30	Inf	Arg	93.9	high confidence set
Chr06	7	49281125	49281207	Leu	TAA	0	0	71.4	38.40	33.00	Inf	Leu	97.7	high confidence set
Chr06	8	50943045	50943117	Arg	CCG	0	0	67.6	50.90	16.70	Inf	Arg	92.7	high confidence set
Chr06	9	51403903	51403975	Phe	GAA	0	0	78.3	58.40	19.90	Inf	Phe	113.2	high confidence set
Chr06	10	51432183	51432255	Ala	TGC	0	0	70.0	45.30	24.70	Inf	Ala	100.6	high confidence set
Chr06	12	52053866	52053937	Pro	CGG	0	0	68.5	36.10	32.40	Inf	Pro	108.5	high confidence set
Chr06	13	53431615	53431686	Thr	CGT	0	0	80.5	54.30	26.20	Inf	Thr	87.3	high confidence set
Chr06	14	55070403	55070489	Met	CAT	55070441	55070453	64.2	40.70	23.50	Inf	Met	104.0	high confidence set
Chr06	15	57843343	57843416	Glu	TTC	0	0	64.1	37.70	26.40	Inf	Glu	91.0	high confidence set
Chr06	16	58045937	58046008	Asp	GTC	0	0	68.0	45.20	22.80	Inf	Asp	91.9	high confidence set
Chr06	17	60934510	60934439	Gln	TTG	0	0	76.5	56.50	20.00	Inf	Gln	106.0	high confidence set
Chr06	18	60676178	60676105	Val	CAC	0	0	79.3	48.30	31.00	Inf	Val	104.5	high confidence set
Chr06	19	59616528	59616456	Ala	CGC	0	0	68.3	44.10	24.20	Inf	Ala	99.2	high confidence set
Chr06	20	59613945	59613873	Ala	CGC	0	0	68.3	44.10	24.20	Inf	Ala	99.2	high confidence set
Chr06	21	57551473	57551402	Trp	CCA	0	0	75.8	51.20	24.60	Inf	Trp	105.6	high confidence set
Chr06	22	56558405	56558332	Val	AAC	0	0	73.2	49.00	24.20	Inf	Val	95.8	high confidence set
Chr06	23	56512330	56512245	Tyr	GTA	56512293	56512281	74.5	42.90	31.60	Inf	Tyr	111.8	high confidence set
Chr06	24	56491931	56491859	Arg	CCG	0	0	66.0	50.50	15.50	Inf	Arg	94.3	high confidence set
Chr06	25	56052209	56052137	Ala	CGC	0	0	68.3	44.10	24.20	Inf	Ala	99.2	high confidence set
Chr06	26	53904009	53903937	Val	TAC	0	0	71.2	38.40	32.80	Inf	Val	101.5	high confidence set
Chr06	27	52541817	52541744	Trp	CCA	0	0	71.4	41.90	29.50	Inf	Thr	78.5	IPD:-25.20,isotype mismatch
Chr06	28	51499434	51499361	Thr	AGT	0	0	76.5	48.00	28.50	Inf	Thr	90.4	high confidence set
Chr06	29	51406814	51406743	Thr	TGT	0	0	79.3	49.30	30.00	Inf	Thr	92.3	high confidence set
Chr06	30	50610546	50610476	Gly	GCC	0	0	66.5	44.80	21.70	Inf	Gly	94.4	high confidence set
Chr06	31	50610385	50610315	Gly	GCC	0	0	66.5	44.80	21.70	Inf	Gly	94.4	high confidence set
Chr06	32	50583280	50583207	Ile	AAT	0	0	81.8	58.30	23.50	Inf	Ile	106.8	high confidence set
Chr06	33	50016861	50016788	Ile	AAT	0	0	81.8	58.30	23.50	Inf	Ile	106.8	high confidence set
Chr06	34	49772026	49771953	Val	CAC	0	0	79.3	48.30	31.00	Inf	Val	101.1	high confidence set
Chr06	35	48250657	48250584	Ile	AAT	0	0	81.8	58.30	23.50	Inf	Ile	106.8	high confidence set
Chr06	36	47686351	47686280	Trp	CCA	0	0	75.8	51.20	24.60	Inf	Trp	105.6	high confidence set
Chr06	37	47631012	47630932	Leu	CAG	0	0	69.5	46.80	22.70	Inf	Leu	109.7	high confidence set
Chr06	38	47416854	47416783	Trp	CCA	0	0	75.8	51.20	24.60	Inf	Trp	105.6	high confidence set
Chr06	39	46086941	46086860	Ser	AGA	0	0	70.3	33.00	37.30	Inf	Ser	106.9	high confidence set
Chr06	40	45165552	45165481	Gln	TTG	0	0	75.9	55.70	20.20	Inf	Gln	100.8	high confidence set
Chr06	41	43417734	43417655	Leu	TAG	0	0	65.9	46.70	19.20	Inf	Leu	108.0	high confidence set
Chr06	42	43246417	43246346	Cys	GCA	0	0	78.4	49.90	28.50	Inf	Cys	102.6	high confidence set
Chr06	43	38085930	38085857	Val	CAC	0	0	79.3	48.30	31.00	Inf	Val	101.1	high confidence set
Chr06	44	20775	20702	Val	AAC	0	0	74.3	44.70	29.60	Inf	Val	104.3	high confidence set
Chr07	1	584925	584997	Phe	GAA	0	0	78.3	58.40	19.90	Inf	Phe	113.2	high confidence set
Chr07	2	1990900	1990973	Ile	AAT	0	0	81.8	58.30	23.50	Inf	Ile	106.8	high confidence set
Chr07	3	1994977	1995057	Leu	CAG	0	0	69.5	46.80	22.70	Inf	Leu	109.7	high confidence set
Chr07	4	2050073	2050144	Gly	TCC	0	0	73.9	46.20	27.70	Inf	Gly	85.6	high confidence set
Chr07	5	2054172	2054243	Gly	TCC	0	0	73.9	46.20	27.70	Inf	Gly	85.6	high confidence set
Chr07	6	5796236	5796309	Glu	TTC	0	0	64.1	37.70	26.40	Inf	Glu	91.0	high confidence set
Chr07	7	6337740	6337811	Trp	CCA	0	0	75.8	51.20	24.60	Inf	Trp	105.6	high confidence set
Chr07	8	8295797	8295869	Arg	CCG	0	0	66.0	50.50	15.50	Inf	Arg	94.3	high confidence set
Chr07	9	12699931	12700003	Arg	TCT	0	0	68.1	50.00	18.10	Inf	Arg	96.3	high confidence set
Chr07	10	19836408	19836481	His	ATG	0	0	73.3	50.90	22.40	Inf	Thr	75.0	IPD:-20.40,isotype mismatch
Chr07	11	37892662	37892747	Tyr	GTA	37892699	37892711	74.5	43.00	31.50	Inf	Tyr	111.8	high confidence set
Chr07	12	51378882	51378953	Asp	GTC	0	0	69.8	46.80	23.00	Inf	Asp	95.8	high confidence set
Chr07	14	52645836	52645906	Gly	GCC	0	0	57.0	43.00	14.00	Inf	Gly	85.6	high confidence set
Chr07	15	53020067	53020154	Tyr	GTA	53020104	53020118	74.4	42.90	31.50	Inf	Tyr	111.8	high confidence set
Chr07	17	53902018	53902090	Lys	CTT	0	0	86.8	66.60	20.20	Inf	Lys	107.7	high confidence set
Chr07	19	57900833	57900905	Ala	CGC	0	0	68.2	44.00	24.20	Inf	Ala	95.8	high confidence set
Chr07	20	59685632	59685712	Leu	AAG	0	0	74.0	52.20	21.80	Inf	Leu	110.4	high confidence set
Chr07	21	60305060	60305133	Val	CAC	0	0	79.3	48.30	31.00	Inf	Val	104.5	high confidence set
Chr07	22	60361215	60361286	Pro	CGG	0	0	68.5	36.10	32.40	Inf	Pro	108.5	high confidence set
Chr07	23	60718279	60718351	Arg	CCG	0	0	66.0	50.50	15.50	Inf	Arg	94.3	high confidence set
Chr07	24	61017130	61017202	Ala	AGC	0	0	63.4	38.20	25.20	Inf	Ala	98.3	high confidence set
Chr07	25	61067267	61067338	Pro	TGG	0	0	69.6	37.70	31.90	Inf	Pro	108.3	high confidence set
Chr07	26	62239943	62240016	Asn	GTT	0	0	83.6	57.80	25.80	Inf	Asn	94.9	high confidence set
Chr07	27	63555342	63555414	Glu	CTC	0	0	71.9	51.60	20.30	Inf	Glu	92.3	high confidence set
Chr07	28	63584864	63584936	Glu	CTC	0	0	77.5	51.70	25.80	Inf	Glu	97.9	high confidence set
Chr07	29	64821654	64821581	Ile	AAT	0	0	81.8	58.30	23.50	Inf	Ile	106.8	high confidence set
Chr07	31	63836718	63836646	Phe	GAA	0	0	78.3	58.40	19.90	Inf	Phe	113.2	high confidence set
Chr07	32	62236940	62236867	Val	AAC	0	0	74.3	44.70	29.60	Inf	Val	104.3	high confidence set
Chr07	33	62235581	62235508	Val	AAC	0	0	74.3	44.70	29.60	Inf	Val	104.3	high confidence set
Chr07	34	62077600	62077520	Leu	AAG	0	0	74.0	52.20	21.80	Inf	Leu	110.4	high confidence set
Chr07	35	61843995	61843924	Thr	TGT	0	0	84.5	58.50	26.00	Inf	Thr	95.0	high confidence set
Chr07	36	60760324	60760252	Glu	CTC	0	0	77.5	51.70	25.80	Inf	Glu	97.9	high confidence set
Chr07	37	58493965	58493893	Ala	AGC	0	0	63.4	38.20	25.20	Inf	Ala	98.3	high confidence set
Chr07	38	58438524	58438443	Ser	GCT	0	0	79.0	43.10	35.90	Inf	Ser	108.6	high confidence set
Chr07	40	52796680	52796610	Gly	GCC	0	0	66.5	44.80	21.70	Inf	Gly	94.4	high confidence set
Chr07	42	7872010	7871937	Val	AAC	0	0	81.9	51.10	30.80	Inf	Val	110.6	high confidence set
Chr07	43	4261251	4261179	Arg	TCT	0	0	68.1	50.00	18.10	Inf	Arg	96.3	high confidence set
Chr07	44	400259	400187	Arg	TCT	0	0	70.0	49.90	20.10	Inf	Arg	100.1	high confidence set
Chr07	45	226131	226046	Tyr	GTA	226094	226082	74.5	43.00	31.50	Inf	Tyr	111.8	high confidence set
Chr08	1	379178	379251	Ile	AAT	0	0	81.8	58.30	23.50	Inf	Ile	106.8	high confidence set
Chr08	2	409493	409564	Pro	CGG	0	0	68.5	36.10	32.40	Inf	Pro	108.5	high confidence set
Chr08	3	889666	889747	Ser	TGA	0	0	72.6	45.40	27.20	Inf	Ser	110.1	high confidence set
Chr08	5	3900270	3900343	Glu	TTC	0	0	64.1	37.70	26.40	Inf	Glu	91.0	high confidence set
Chr08	6	5828204	5828276	Arg	TCT	0	0	69.9	49.40	20.50	Inf	Arg	99.6	high confidence set
Chr08	7	7569558	7569629	Lys	TTT	0	0	91.1	67.20	23.90	Inf	Lys	97.8	high confidence set
Chr08	8	7573249	7573321	Ala	TGC	0	0	70.0	45.30	24.70	Inf	Ala	100.6	high confidence set
Chr08	10	17108726	17108796	Cys	GCA	0	0	66.7	40.20	26.50	Inf	Cys	75.0	high confidence set
Chr08	12	48261988	48262059	Pro	AGG	0	0	60.1	34.30	25.80	Inf	Pro	102.2	high confidence set
Chr08	13	52586964	52587035	Pro	AGG	0	0	67.4	34.70	32.70	Inf	Pro	112.3	high confidence set
Chr08	14	53094544	53094614	Gly	CCC	0	0	66.3	29.50	36.80	Inf	Gly	89.7	high confidence set
Chr08	15	55546218	55546289	Pro	AGG	0	0	67.4	34.70	32.70	Inf	Pro	112.3	high confidence set
Chr08	16	56596780	56596852	Lys	CTT	0	0	86.8	66.60	20.20	Inf	Lys	107.7	high confidence set
Chr08	17	57069932	57070004	Arg	ACG	0	0	72.0	49.70	22.30	Inf	Arg	93.9	high confidence set
Chr08	18	59410152	59410224	Ala	AGC	0	0	57.1	32.30	24.80	Inf	Ala	85.1	high confidence set
Chr08	19	59831435	59831521	Met	CAT	59831473	59831485	64.2	40.70	23.50	Inf	Met	104.0	high confidence set
Chr08	20	61285866	61285936	Gly	GCC	0	0	66.5	44.80	21.70	Inf	Gly	94.4	high confidence set
Chr08	21	62028546	62028617	Gln	CTG	0	0	72.9	48.70	24.20	Inf	Gln	103.4	high confidence set
Chr08	22	62232206	62232278	Ala	TGC	0	0	70.0	45.30	24.70	Inf	Ala	100.6	high confidence set
Chr08	30	59822094	59822021	Val	AAC	0	0	73.2	49.00	24.20	Inf	Val	95.8	high confidence set
Chr08	31	58485760	58485687	Glu	TTC	0	0	64.1	37.70	26.40	Inf	Glu	91.0	high confidence set
Chr08	32	57100032	57099960	Lys	CTT	0	0	86.8	66.60	20.20	Inf	Lys	107.7	high confidence set
Chr08	33	55683302	55683231	Gly	TCC	0	0	73.9	46.20	27.70	Inf	Gly	85.6	high confidence set
Chr08	34	54953012	54952939	Thr	AGT	0	0	76.0	48.40	27.60	Inf	Thr	90.6	high confidence set
Chr08	35	52166295	52166213	Leu	TAA	0	0	73.5	38.60	34.90	Inf	Leu	98.0	high confidence set
Chr08	37	4846410	4846337	Thr	AGT	0	0	73.6	45.20	28.40	Inf	Thr	88.6	high confidence set
Chr08	38	4840351	4840278	Thr	AGT	0	0	76.5	48.00	28.50	Inf	Thr	90.4	high confidence set
Chr08	39	3268291	3268219	Ala	AGC	0	0	63.4	38.20	25.20	Inf	Ala	98.3	high confidence set
Chr08	40	1592555	1592467	Tyr	GTA	1592518	1592503	74.3	42.80	31.50	Inf	Tyr	111.8	high confidence set
Chr08	41	1478238	1478165	Val	CAC	0	0	79.3	48.30	31.00	Inf	Val	101.1	high confidence set
Chr08	42	872491	872418	Ile	AAT	0	0	81.8	58.30	23.50	Inf	Ile	106.8	high confidence set
Chr08	43	826144	826073	Pro	CGG	0	0	68.5	36.10	32.40	Inf	Pro	108.5	high confidence set
Chr08	44	523624	523552	Lys	CTT	0	0	86.8	66.60	20.20	Inf	Lys	107.7	high confidence set
Chr09	1	1805790	1805863	Arg	TCG	0	0	81.9	60.40	21.50	Inf	Arg	92.9	high confidence set
Chr09	2	2268681	2268754	Asn	GTT	0	0	84.5	59.40	25.10	Inf	Asn	95.9	high confidence set
Chr09	3	2276179	2276252	Asn	GTT	0	0	84.5	59.40	25.10	Inf	Asn	95.9	high confidence set
Chr09	4	5594959	5595032	Arg	TCG	0	0	81.9	60.40	21.50	Inf	Arg	92.9	high confidence set
Chr09	5	6062634	6062705	iMet	CAT	0	0	56.4	24.40	32.00	Inf	iMet	110.5	high confidence set
Chr09	6	6168031	6168112	Ser	TGA	0	0	80.7	46.10	34.60	Inf	Ser	119.7	high confidence set
Chr09	8	7349020	7349090	Gly	GCC	0	0	66.5	44.80	21.70	Inf	Gly	94.4	high confidence set
Chr09	9	15105447	15105518	Gln	CTG	0	0	71.6	46.70	24.90	Inf	Gln	100.9	high confidence set
Chr09	11	47257637	47257709	Arg	CCT	0	0	74.8	55.90	18.90	Inf	Arg	84.6	high confidence set
Chr09	13	49868607	49868680	Ile	TAT	0	0	87.1	72.60	14.50	Inf	Ile	104.3	high confidence set
Chr09	14	51119540	51119619	Leu	TAG	0	0	69.5	48.50	21.00	Inf	Leu	111.5	high confidence set
Chr09	15	54106456	54106527	Asp	GTC	0	0	69.8	46.80	23.00	Inf	Asp	95.8	high confidence set
Chr09	16	54107057	54107128	Asp	GTC	0	0	69.8	46.80	23.00	Inf	Asp	95.8	high confidence set
Chr09	17	54186269	54186354	Met	CAT	54186307	54186318	64.2	40.70	23.50	Inf	Met	104.0	high confidence set
Chr09	18	55371420	55371491	Asp	GTC	0	0	68.0	45.20	22.80	Inf	Asp	91.9	high confidence set
Chr09	19	56443022	56443094	Phe	GAA	0	0	78.3	58.40	19.90	Inf	Phe	113.2	high confidence set
Chr09	20	56729694	56729765	Asp	GTC	0	0	69.8	46.80	23.00	Inf	Asp	95.8	high confidence set
Chr09	21	57018113	57018194	Ser	CGA	0	0	78.9	46.60	32.30	Inf	Ser	122.0	high confidence set
Chr09	22	58124913	58124985	Arg	CCT	0	0	74.8	55.90	18.90	Inf	Arg	84.6	high confidence set
Chr09	23	58735297	58735370	Val	AAC	0	0	73.2	49.00	24.20	Inf	Val	95.8	high confidence set
Chr09	24	58723788	58723716	Val	TAC	0	0	71.2	38.40	32.80	Inf	Val	101.5	high confidence set
Chr09	25	57514620	57514547	Asn	GTT	0	0	84.5	59.40	25.10	Inf	Asn	95.9	high confidence set
Chr09	26	57317676	57317604	Arg	ACG	0	0	72.0	49.70	22.30	Inf	Arg	93.9	high confidence set
Chr09	27	56737326	56737254	Glu	CTC	0	0	77.5	51.70	25.80	Inf	Glu	97.9	high confidence set
Chr09	28	55600594	55600522	Val	TAC	0	0	71.2	38.40	32.80	Inf	Val	101.5	high confidence set
Chr09	29	55594074	55594002	Lys	CTT	0	0	86.8	66.60	20.20	Inf	Lys	107.7	high confidence set
Chr09	30	55170665	55170593	Lys	CTT	0	0	86.8	66.60	20.20	Inf	Lys	107.7	high confidence set
Chr09	31	54875721	54875649	Arg	ACG	0	0	72.0	49.70	22.30	Inf	Arg	93.9	high confidence set
Chr09	32	54514618	54514547	Asp	GTC	0	0	68.0	45.20	22.80	Inf	Asp	91.9	high confidence set
Chr09	33	54513445	54513374	Asp	GTC	0	0	69.8	46.80	23.00	Inf	Asp	95.8	high confidence set
Chr09	34	54465011	54464927	Met	CAT	54464973	54464963	64.3	40.80	23.50	Inf	Met	104.0	high confidence set
Chr09	35	54463750	54463666	Met	CAT	54463712	54463702	64.3	40.80	23.50	Inf	Met	104.0	high confidence set
Chr09	36	54455819	54455734	Met	CAT	54455781	54455770	64.2	40.70	23.50	Inf	Met	104.0	high confidence set
Chr09	37	52999976	52999903	Ile	AAT	0	0	81.8	58.30	23.50	Inf	Ile	106.8	high confidence set
Chr09	38	52563488	52563417	Gly	TCC	0	0	73.9	46.20	27.70	Inf	Gly	85.6	high confidence set
Chr09	39	52343593	52343521	Glu	CTC	0	0	77.5	51.70	25.80	Inf	Glu	97.9	high confidence set
Chr09	40	51899121	51899041	Leu	CAG	0	0	69.5	46.80	22.70	Inf	Leu	109.7	high confidence set
Chr09	41	50176060	50175979	Ser	CGA	0	0	78.9	46.60	32.30	Inf	Ser	122.0	high confidence set
Chr09	42	48369779	48369707	Glu	CTC	0	0	77.5	51.70	25.80	Inf	Glu	97.9	high confidence set
Chr09	44	46046182	46046109	Asn	GTT	0	0	83.6	60.00	23.60	Inf	Asn	97.4	high confidence set
Chr09	45	41010046	41009974	Lys	CTT	0	0	86.8	66.60	20.20	Inf	Lys	107.7	high confidence set
Chr09	47	7470909	7470838	iMet	CAT	0	0	58.3	28.10	30.20	Inf	iMet	118.7	high confidence set
Chr09	49	5992373	5992302	iMet	CAT	0	0	58.3	28.10	30.20	Inf	iMet	118.7	high confidence set
Chr09	50	5249325	5249252	Asn	GTT	0	0	84.8	60.00	24.80	Inf	Asn	98.7	high confidence set
Chr09	51	5048763	5048690	Thr	AGT	0	0	76.0	48.40	27.60	Inf	Thr	90.6	high confidence set
Chr09	52	3928208	3928135	Asn	GTT	0	0	84.5	59.40	25.10	Inf	Asn	95.9	high confidence set
Chr09	53	644617	644545	Ala	TGC	0	0	70.0	44.80	25.20	Inf	Ala	102.4	high confidence set
Chr09	54	495263	495192	Cys	GCA	0	0	78.4	49.90	28.50	Inf	Cys	102.6	high confidence set
Chr09	55	494456	494377	Leu	TAG	0	0	69.5	48.50	21.00	Inf	Leu	111.5	high confidence set
Chr10	1	1049021	1049092	His	GTG	0	0	63.0	33.70	29.30	Inf	His	87.1	high confidence set
Chr10	2	1049374	1049445	His	GTG	0	0	63.0	33.70	29.30	Inf	His	87.1	high confidence set
Chr10	3	2772395	2772465	Gly	GCC	0	0	66.5	44.80	21.70	Inf	Gly	94.4	high confidence set
Chr10	4	2773624	2773694	Gly	GCC	0	0	66.5	44.80	21.70	Inf	Gly	94.4	high confidence set
Chr10	5	3865319	3865390	Pro	TGG	0	0	69.6	37.70	31.90	Inf	Pro	108.3	high confidence set
Chr10	6	6136525	6136596	Asp	GTC	0	0	68.0	45.20	22.80	Inf	Asp	91.9	high confidence set
Chr10	7	7530432	7530503	Asp	GTC	0	0	69.8	46.80	23.00	Inf	Asp	95.8	high confidence set
Chr10	8	7532438	7532509	Asp	GTC	0	0	69.8	46.80	23.00	Inf	Asp	95.8	high confidence set
Chr10	9	12642361	12642432	iMet	CAT	0	0	58.3	28.10	30.20	Inf	iMet	118.7	high confidence set
Chr10	11	53830787	53830867	Leu	CAG	0	0	69.5	46.80	22.70	Inf	Leu	109.7	high confidence set
Chr10	13	55221786	55221867	Ser	AGA	0	0	80.3	44.00	36.30	Inf	Ser	115.3	high confidence set
Chr10	14	55544162	55544234	Glu	CTC	0	0	77.5	51.70	25.80	Inf	Glu	97.9	high confidence set
Chr10	15	57050864	57050936	Arg	CCG	0	0	67.6	50.90	16.70	Inf	Arg	92.7	high confidence set
Chr10	16	57070845	57070917	Arg	CCT	0	0	74.8	55.90	18.90	Inf	Arg	84.6	high confidence set
Chr10	17	59279234	59279305	His	GTG	0	0	63.3	34.30	29.00	Inf	His	87.6	high confidence set
Chr10	18	60325451	60325523	Ala	AGC	0	0	63.4	38.20	25.20	Inf	Ala	98.3	high confidence set
Chr10	19	60840002	60840073	Thr	CGT	0	0	82.2	57.60	24.60	Inf	Thr	90.2	high confidence set
Chr10	20	61161944	61162015	Pro	TGG	0	0	69.6	37.70	31.90	Inf	Pro	108.3	high confidence set
Chr10	21	61010338	61010267	Pro	AGG	0	0	62.8	30.00	32.80	Inf	Pro	111.7	high confidence set
Chr10	22	52603896	52603813	Leu	CAA	0	0	78.6	55.60	23.00	Inf	Leu	123.0	high confidence set
Chr10	23	52483860	52483789	Pro	AGG	0	0	67.4	34.70	32.70	Inf	Pro	112.3	high confidence set
Chr10	24	51534613	51534543	Gly	GCC	0	0	66.5	44.80	21.70	Inf	Gly	94.4	high confidence set
Chr10	25	48215071	48215000	Gln	CTG	0	0	72.6	48.30	24.30	Inf	Gln	100.8	high confidence set
Chr10	26	42978216	42978145	Lys	TTT	0	0	91.9	68.20	23.70	Inf	Lys	98.4	high confidence set
Chr10	28	6513509	6513428	Ser	GCT	0	0	80.5	45.20	35.30	Inf	Ser	109.5	high confidence set
Chr10	29	5573079	5573007	Lys	TTT	0	0	90.5	65.70	24.80	Inf	Lys	96.4	high confidence set
Chr10	32	4126203	4126131	Ala	AGC	0	0	63.4	38.20	25.20	Inf	Ala	98.3	high confidence set
Chr10	33	3842050	3841980	Gly	GCC	0	0	66.5	44.80	21.70	Inf	Gly	94.4	high confidence set
Chr10	34	983369	983298	Asp	GTC	0	0	69.8	46.80	23.00	Inf	Asp	95.8	high confidence set
Chr10	35	663371	663300	Asp	GTC	0	0	67.8	44.80	23.00	Inf	Asp	92.9	high confidence set
