EukHighConfidenceFilter v1.0 Summary
Completed Time: Mon Sep 19 23:50:39 2022

Inputs
------------------------------------------------------
tRNAscan-SE output file: Sbicolor_454_v3.0.1_trnascan-se.output
tRNAscan-SE ss file: Sbicolor_454_v3.0.1_trnascan-se.struct
Secondary filtering domain-specific model score cutoff: 50
Secondary filtering secondary structure score cutoff: 10
Secondary filtering isotype-specific model score cutoff: 70
Tertiary filtering isotype-specific model starting score cutoff: 70
Tertiary filtering maximum isotype-specific model score cutoff: 95
Remove filtered hits: Yes

Outputs
------------------------------------------------------
tRNAscan-SE output file: hi_conf_Sbicolor/Sbicolor_454_v3.0.1.out
tRNAscan-SE ss file: hi_conf_Sbicolor/Sbicolor_454_v3.0.1.ss
Summary file: hi_conf_Sbicolor/Sbicolor_454_v3.0.1.log

Summary statistics
------------------------------------------------------
Total tRNA predictions:                                584
Possible pseudogenes:                                  35
tRNAs with scores lower than secondary cutoffs:        44
tRNAs failed tertiary filter:                          0

tRNAs after filtering:                                 505

tRNAs with mismatched isotype:                         10
tRNAs with undetermined isotype:                       0
tRNAs with unexpected anticodon:                       0

High confidence set:                                   495

Isotype / Anticodon Counts After Filtering
------------------------------------------------------

Ala     : 39	  AGC: 18      GGC: 0       CGC: 11      TGC: 10    
Gly     : 38	  ACC: 0       GCC: 22      CCC: 6       TCC: 10    
Pro     : 28	  AGG: 13      GGG: 0       CGG: 7       TGG: 8     
Thr     : 24	  AGT: 12      GGT: 0       CGT: 6       TGT: 6     
Val     : 30	  AAC: 16      GAC: 0       CAC: 10      TAC: 4     
Ser     : 32	  AGA: 10      GGA: 0       CGA: 6       TGA: 6       ACT: 0       GCT: 10                              
Arg     : 40	  ACG: 13      GCG: 0       CCG: 7       TCG: 4                                 CCT: 10      TCT: 6     
Leu     : 41	  AAG: 14      GAG: 0       CAG: 10      TAG: 6                                 CAA: 7       TAA: 4     
Phe     : 17	  AAA: 0       GAA: 17                              
Asn     : 15	  ATT: 0       GTT: 15                              
Lys     : 26	                            CTT: 18      TTT: 8     
Asp     : 23	  ATC: 0       GTC: 23                              
Glu     : 34	                            CTC: 24      TTC: 10    
His     : 12	  ATG: 1       GTG: 11                              
Gln     : 23	                            CTG: 13      TTG: 10    
Ile     : 22	  AAT: 17      GAT: 0                    TAT: 5     
Met     : 26	                            CAT: 26                 
Tyr     : 12	  ATA: 0       GTA: 12                              
Supres  : 0	                            CTA: 0       TTA: 0     
Cys     : 11	  ACA: 0       GCA: 11                              
Trp     : 12	                            CCA: 12                 
SelCys  : 0	                                         TCA: 0     

