Sequence   		tRNA    	Bounds  	tRNA	Anti	Intron Bounds	Inf	HMM	2'Str	Hit	Isotype	Isotype	      
Name       	tRNA#	Begin   	End     	Type	Codon	Begin	End	Score	Score	Score	Origin	CM	Score	Note
--------   	------	-----   	------  	----	-----	-----	----	------	-----	-----	------	-------	-------	------
scaffold_1	1	1588481	1588553	Ala	TGC	0	0	70.0	45.30	24.70	Inf	Ala	100.6	high confidence set
scaffold_1	2	2432257	2432330	Val	AAC	0	0	66.7	42.30	24.40	Inf	Val	91.9	high confidence set
scaffold_1	3	4119399	4119470	Gln	TTG	0	0	77.8	57.40	20.40	Inf	Gln	105.1	high confidence set
scaffold_1	4	4367929	4368000	Trp	CCA	0	0	75.8	51.20	24.60	Inf	Trp	105.6	high confidence set
scaffold_1	5	4611357	4611428	Glu	TTC	0	0	69.3	44.10	25.20	Inf	Glu	95.0	high confidence set
scaffold_1	6	4671938	4672021	Leu	CAA	0	0	76.7	54.50	22.20	Inf	Leu	123.1	high confidence set
scaffold_1	7	5019819	5019898	Leu	TAG	0	0	71.0	48.60	22.40	Inf	Leu	111.9	high confidence set
scaffold_1	8	5715633	5715704	Gly	TCC	0	0	74.1	46.70	27.40	Inf	Gly	84.2	high confidence set
scaffold_1	9	5949926	5949998	Arg	CCG	0	0	67.0	47.10	19.90	Inf	Arg	89.0	high confidence set
scaffold_1	10	6063334	6063406	Ala	TGC	0	0	70.0	45.30	24.70	Inf	Ala	100.6	high confidence set
scaffold_1	11	6101126	6101197	Pro	AGG	0	0	68.2	35.90	32.30	Inf	Pro	113.9	high confidence set
scaffold_1	12	6101319	6101390	Pro	TGG	0	0	68.5	35.70	32.80	Inf	Pro	111.2	high confidence set
scaffold_1	13	6203827	6203898	Glu	TTC	0	0	70.8	46.30	24.50	Inf	Glu	99.2	high confidence set
scaffold_1	14	6310860	6310930	Gly	GCC	0	0	66.5	44.80	21.70	Inf	Gly	94.4	high confidence set
scaffold_1	15	6408643	6408716	Ile	AAT	0	0	86.4	57.90	28.50	Inf	Ile	108.4	high confidence set
scaffold_1	16	7311796	7311880	Met	CAT	7311834	7311844	64.2	40.80	23.40	Inf	Met	104.0	high confidence set
scaffold_1	17	8323988	8324061	Val	AAC	0	0	72.5	48.10	24.40	Inf	Val	100.2	high confidence set
scaffold_1	18	8911819	8911891	Arg	CCG	0	0	69.5	52.30	17.20	Inf	Arg	96.0	high confidence set
scaffold_1	19	9019947	9020019	Lys	CTT	0	0	87.7	67.60	20.10	Inf	Lys	106.7	high confidence set
scaffold_1	20	9163197	9163268	Lys	TTT	0	0	81.3	66.10	15.20	Inf	Lys	86.6	high confidence set
scaffold_1	21	9328489	9328560	Gln	CTG	0	0	71.0	46.00	25.00	Inf	Gln	98.7	high confidence set
scaffold_1	22	9734997	9735068	His	GTG	0	0	63.0	33.70	29.30	Inf	His	86.8	high confidence set
scaffold_1	23	9762872	9762945	Asn	GTT	0	0	78.9	57.90	21.00	Inf	Asn	84.1	high confidence set
scaffold_1	24	9796494	9796566	Lys	CTT	0	0	87.7	67.60	20.10	Inf	Lys	106.7	high confidence set
scaffold_1	25	10274105	10274176	Asp	GTC	0	0	69.8	46.80	23.00	Inf	Asp	94.5	high confidence set
scaffold_1	26	10286780	10286851	Gln	CTG	0	0	70.0	46.60	23.40	Inf	Gln	91.9	high confidence set
scaffold_1	27	10416626	10416709	Tyr	GTA	10416663	10416673	74.3	42.50	31.80	Inf	Tyr	108.6	high confidence set
scaffold_1	28	10642303	10642383	Leu	AAG	0	0	71.4	51.10	20.30	Inf	Leu	108.5	high confidence set
scaffold_1	30	10918772	10918856	Met	CAT	10918810	10918820	64.2	40.80	23.40	Inf	Met	104.0	high confidence set
scaffold_1	31	11217469	11217540	Lys	TTT	0	0	80.4	65.10	15.30	Inf	Lys	81.9	high confidence set
scaffold_1	32	11567893	11567964	Thr	TGT	0	0	83.0	58.30	24.70	Inf	Thr	92.4	high confidence set
scaffold_1	33	11772770	11772843	Ile	AAT	0	0	83.0	56.50	26.50	Inf	Ile	107.4	high confidence set
scaffold_1	34	12041260	12041333	Ile	TAT	0	0	85.9	70.60	15.30	Inf	Ile	103.9	high confidence set
scaffold_1	35	12293064	12293135	His	GTG	0	0	63.0	33.70	29.30	Inf	His	86.8	high confidence set
scaffold_1	37	12759730	12759802	Arg	ACG	0	0	72.6	49.80	22.80	Inf	Arg	89.8	high confidence set
scaffold_1	38	13106445	13106516	Thr	CGT	0	0	82.3	55.00	27.30	Inf	Thr	83.7	high confidence set
scaffold_1	39	13164000	13164072	Ala	TGC	0	0	70.0	45.30	24.70	Inf	Ala	100.6	high confidence set
scaffold_1	41	13847613	13847694	Ser	AGA	0	0	77.0	42.20	34.80	Inf	Ser	112.5	high confidence set
scaffold_1	42	14003951	14004023	Val	TAC	0	0	74.4	44.00	30.40	Inf	Val	103.3	high confidence set
scaffold_1	43	14007062	14006990	Lys	CTT	0	0	87.7	67.60	20.10	Inf	Lys	106.7	high confidence set
scaffold_1	44	13788469	13788398	Trp	CCA	0	0	75.8	51.20	24.60	Inf	Trp	105.6	high confidence set
scaffold_1	45	13534071	13533990	Ser	GCT	0	0	80.5	45.20	35.30	Inf	Ser	109.5	high confidence set
scaffold_1	46	13119017	13118938	Leu	TAG	0	0	70.9	50.70	20.20	Inf	Leu	109.5	high confidence set
scaffold_1	47	12876790	12876717	Ile	AAT	0	0	85.5	59.00	26.50	Inf	Ile	109.4	high confidence set
scaffold_1	48	12547263	12547192	Gly	TCC	0	0	74.1	46.70	27.40	Inf	Gly	84.2	high confidence set
scaffold_1	49	12514353	12514280	Val	AAC	0	0	72.5	48.10	24.40	Inf	Val	100.2	high confidence set
scaffold_1	50	12012456	12012386	Gly	GCC	0	0	66.5	44.80	21.70	Inf	Gly	94.4	high confidence set
scaffold_1	51	12011240	12011170	Gly	GCC	0	0	66.5	44.80	21.70	Inf	Gly	94.4	high confidence set
scaffold_1	52	11934816	11934746	Gly	GCC	0	0	66.5	44.80	21.70	Inf	Gly	94.4	high confidence set
scaffold_1	53	11930827	11930757	Gly	GCC	0	0	66.5	44.80	21.70	Inf	Gly	94.4	high confidence set
scaffold_1	54	11922019	11921947	Arg	CCT	0	0	74.8	55.90	18.90	Inf	Arg	84.6	high confidence set
scaffold_1	55	11254941	11254868	Asn	GTT	0	0	75.3	50.10	25.20	Inf	Asn	85.5	high confidence set
scaffold_1	56	11254803	11254730	Asn	GTT	0	0	83.7	58.60	25.10	Inf	Asn	90.4	high confidence set
scaffold_1	57	10437225	10437154	Asp	GTC	0	0	56.9	43.90	13.00	Inf	Asp	75.6	high confidence set
scaffold_1	58	10437086	10437015	Asp	GTC	0	0	62.9	41.10	21.80	Inf	Asp	88.6	high confidence set
scaffold_1	59	10308933	10308861	Phe	GAA	0	0	78.3	58.40	19.90	Inf	Phe	113.2	high confidence set
scaffold_1	60	9661656	9661584	Phe	GAA	0	0	78.3	58.40	19.90	Inf	Phe	113.2	high confidence set
scaffold_1	61	9610597	9610526	iMet	CAT	0	0	58.3	28.10	30.20	Inf	iMet	118.7	high confidence set
scaffold_1	62	9543006	9542934	Val	TAC	0	0	74.4	44.00	30.40	Inf	Val	103.3	high confidence set
scaffold_1	63	8996612	8996540	Phe	GAA	0	0	78.3	58.40	19.90	Inf	Phe	113.2	high confidence set
scaffold_1	64	8390571	8390490	Ser	AGA	0	0	74.1	39.40	34.70	Inf	Ser	103.9	high confidence set
scaffold_1	65	8324186	8324115	Asp	GTC	0	0	57.3	43.50	13.80	Inf	Asp	74.9	high confidence set
scaffold_1	66	8102612	8102540	Ala	TGC	0	0	70.0	45.30	24.70	Inf	Ala	100.6	high confidence set
scaffold_1	67	7997650	7997579	Asp	GTC	0	0	69.8	46.80	23.00	Inf	Asp	94.5	high confidence set
scaffold_1	68	7997510	7997439	Asp	GTC	0	0	69.8	46.80	23.00	Inf	Asp	94.5	high confidence set
scaffold_1	69	7313873	7313800	Arg	TCG	0	0	81.9	60.40	21.50	Inf	Arg	92.9	high confidence set
scaffold_1	70	6933336	6933265	Pro	AGG	0	0	67.4	34.70	32.70	Inf	Pro	112.3	high confidence set
scaffold_1	71	6756515	6756434	Ser	AGA	0	0	77.0	42.20	34.80	Inf	Ser	112.5	high confidence set
scaffold_1	72	6055944	6055872	Ala	TGC	0	0	70.0	45.30	24.70	Inf	Ala	100.6	high confidence set
scaffold_1	73	5715838	5715756	Leu	TAA	0	0	68.6	32.00	36.60	Inf	Leu	95.0	high confidence set
scaffold_1	74	5357172	5357101	Gln	TTG	0	0	73.5	53.70	19.80	Inf	Gln	104.8	high confidence set
scaffold_1	75	5084410	5084339	Trp	CCA	0	0	75.8	51.20	24.60	Inf	Trp	105.6	high confidence set
scaffold_1	76	4730045	4729973	Glu	CTC	0	0	66.0	47.30	18.70	Inf	Glu	76.7	high confidence set
scaffold_1	77	4593657	4593586	Asp	GTC	0	0	69.8	46.80	23.00	Inf	Asp	94.5	high confidence set
scaffold_1	78	4583379	4583307	Lys	CTT	0	0	87.7	67.60	20.10	Inf	Lys	106.7	high confidence set
scaffold_1	79	4537057	4536986	Pro	TGG	0	0	69.2	36.90	32.30	Inf	Pro	112.8	high confidence set
scaffold_1	80	4536284	4536213	Pro	TGG	0	0	69.2	36.90	32.30	Inf	Pro	112.8	high confidence set
scaffold_2	1	511628	511711	Tyr	GTA	511665	511675	74.3	42.60	31.70	Inf	Tyr	108.6	high confidence set
scaffold_2	2	511801	511884	Tyr	GTA	511838	511848	74.3	42.60	31.70	Inf	Tyr	108.6	high confidence set
scaffold_2	3	804380	804460	Leu	AAG	0	0	71.4	51.10	20.30	Inf	Leu	108.5	high confidence set
scaffold_2	4	2065095	2065167	Arg	CCT	0	0	74.8	55.90	18.90	Inf	Arg	84.6	high confidence set
scaffold_2	5	2173278	2173349	Asp	GTC	0	0	69.8	46.80	23.00	Inf	Asp	94.5	high confidence set
scaffold_2	6	2191253	2191326	Val	CAC	0	0	81.5	53.50	28.00	Inf	Val	103.7	high confidence set
scaffold_2	7	2525227	2525298	Lys	TTT	0	0	81.3	66.10	15.20	Inf	Lys	86.6	high confidence set
scaffold_2	8	3269356	3269439	Leu	CAA	0	0	76.7	54.50	22.20	Inf	Leu	123.1	high confidence set
scaffold_2	9	3277916	3277999	Leu	CAA	0	0	76.7	54.50	22.20	Inf	Leu	123.1	high confidence set
scaffold_2	10	4427005	4427078	Val	AAC	0	0	72.5	48.10	24.40	Inf	Val	100.2	high confidence set
scaffold_2	11	4585270	4585350	Leu	AAG	0	0	71.4	51.10	20.30	Inf	Leu	108.5	high confidence set
scaffold_2	12	5065121	5065193	Arg	CCT	0	0	74.8	55.90	18.90	Inf	Arg	84.6	high confidence set
scaffold_2	13	5640956	5641027	Gly	TCC	0	0	74.1	46.70	27.40	Inf	Gly	84.2	high confidence set
scaffold_2	14	7261284	7261355	Lys	TTT	0	0	81.3	66.10	15.20	Inf	Lys	86.6	high confidence set
scaffold_2	15	7346441	7346513	Lys	CTT	0	0	87.7	67.60	20.10	Inf	Lys	106.7	high confidence set
scaffold_2	16	7639797	7639868	Asp	GTC	0	0	69.8	46.80	23.00	Inf	Asp	94.5	high confidence set
scaffold_2	18	8082016	8082089	Val	CAC	0	0	81.5	53.50	28.00	Inf	Val	103.7	high confidence set
scaffold_2	19	8475587	8475660	Ile	AAT	0	0	86.4	57.90	28.50	Inf	Ile	108.4	high confidence set
scaffold_2	20	8475764	8475837	Ile	AAT	0	0	86.4	57.90	28.50	Inf	Ile	108.4	high confidence set
scaffold_2	21	8482207	8482275	Asp	GTC	0	0	51.9	37.90	14.00	Inf	Asp	75.0	trunc_start:3,high confidence set
scaffold_2	22	8831230	8831311	Ser	AGA	0	0	77.0	42.20	34.80	Inf	Ser	112.5	high confidence set
scaffold_2	23	9961527	9961597	Trp	CCA	0	0	60.2	39.50	20.70	Inf	Trp	89.6	high confidence set
scaffold_2	24	9965860	9965931	Trp	CCA	0	0	75.8	51.20	24.60	Inf	Trp	105.6	high confidence set
scaffold_2	25	10488793	10488864	Pro	TGG	0	0	69.2	36.90	32.30	Inf	Pro	112.8	high confidence set
scaffold_2	26	10778065	10778135	Gly	GCC	0	0	66.5	44.80	21.70	Inf	Gly	94.4	high confidence set
scaffold_2	27	11170969	11171040	Glu	TTC	0	0	69.9	45.30	24.60	Inf	Glu	99.4	high confidence set
scaffold_2	28	12256596	12256668	Val	TAC	0	0	74.4	44.00	30.40	Inf	Val	103.3	high confidence set
scaffold_2	30	11929750	11929677	Thr	AGT	0	0	73.6	45.20	28.40	Inf	Thr	88.6	high confidence set
scaffold_2	31	11154592	11154521	Gly	TCC	0	0	74.1	46.70	27.40	Inf	Gly	84.2	high confidence set
scaffold_2	32	11154431	11154360	Gly	TCC	0	0	74.1	46.70	27.40	Inf	Gly	84.2	high confidence set
scaffold_2	33	9951648	9951577	Trp	CCA	0	0	75.8	51.20	24.60	Inf	Trp	105.6	high confidence set
scaffold_2	34	9935226	9935155	Trp	CCA	0	0	75.8	51.20	24.60	Inf	Trp	105.6	high confidence set
scaffold_2	35	5734410	5734338	Phe	GAA	0	0	78.3	58.40	19.90	Inf	Phe	113.2	high confidence set
scaffold_2	36	5012964	5012883	Ser	GCT	0	0	80.5	45.20	35.30	Inf	Ser	109.5	high confidence set
scaffold_2	37	4802942	4802870	Arg	ACG	0	0	72.5	49.90	22.60	Inf	Arg	93.8	high confidence set
scaffold_2	39	3627988	3627916	Ala	AGC	0	0	63.4	38.20	25.20	Inf	Ala	98.3	high confidence set
scaffold_2	40	3554204	3554132	Ala	CGC	0	0	67.5	42.90	24.60	Inf	Ala	99.2	high confidence set
scaffold_2	41	3291389	3291317	Ala	AGC	0	0	63.4	38.20	25.20	Inf	Ala	98.3	high confidence set
scaffold_2	42	3071725	3071640	Tyr	GTA	3071688	3071676	74.2	42.50	31.70	Inf	Tyr	108.6	high confidence set
scaffold_2	43	2921810	2921740	Gly	GCC	0	0	66.5	44.80	21.70	Inf	Gly	94.4	high confidence set
scaffold_2	44	2695389	2695308	Ser	GCT	0	0	79.0	43.10	35.90	Inf	Ser	108.6	high confidence set
scaffold_2	45	2288166	2288087	Leu	TAG	0	0	69.5	48.50	21.00	Inf	Leu	111.5	high confidence set
scaffold_2	46	2280563	2280492	Pro	CGG	0	0	68.2	35.30	32.90	Inf	Pro	113.0	high confidence set
scaffold_2	47	783987	783905	Leu	TAA	0	0	72.9	35.60	37.30	Inf	Leu	100.3	high confidence set
scaffold_2	48	758124	758052	Arg	TCT	0	0	69.1	51.80	17.30	Inf	Arg	93.8	high confidence set
scaffold_2	49	517888	517816	Phe	GAA	0	0	78.3	58.40	19.90	Inf	Phe	113.2	high confidence set
scaffold_2	50	66423	66342	Ser	TGA	0	0	81.1	46.70	34.40	Inf	Ser	122.5	high confidence set
scaffold_3	1	984709	984781	Arg	CCG	0	0	69.5	52.30	17.20	Inf	Arg	96.0	high confidence set
scaffold_3	2	1054584	1054655	Lys	TTT	0	0	83.8	71.00	12.80	Inf	Lys	83.9	high confidence set
scaffold_3	3	1089461	1089532	Lys	TTT	0	0	81.3	66.10	15.20	Inf	Lys	86.6	high confidence set
scaffold_3	4	1886903	1886974	Trp	CCA	0	0	75.8	51.20	24.60	Inf	Trp	105.6	high confidence set
scaffold_3	5	2110933	2111006	Arg	TCG	0	0	83.5	62.30	21.20	Inf	Arg	90.9	high confidence set
scaffold_3	6	3903907	3903978	Cys	GCA	0	0	80.8	53.70	27.10	Inf	Cys	103.2	high confidence set
scaffold_3	7	4323906	4323991	Tyr	GTA	4323943	4323955	74.2	42.50	31.70	Inf	Tyr	108.6	high confidence set
scaffold_3	8	4577786	4577859	Arg	TCG	0	0	81.9	60.40	21.50	Inf	Arg	92.9	high confidence set
scaffold_3	10	6127937	6128016	Leu	TAG	0	0	54.1	42.50	11.60	Inf	Leu	96.3	high confidence set
scaffold_3	11	6132843	6132922	Leu	TAG	0	0	71.0	48.60	22.40	Inf	Leu	111.9	high confidence set
scaffold_3	12	7161076	7161157	Ser	GCT	0	0	80.5	45.20	35.30	Inf	Ser	109.5	high confidence set
scaffold_3	14	7380996	7381067	Asp	GTC	0	0	70.1	47.20	22.90	Inf	Asp	95.4	high confidence set
scaffold_3	16	9621610	9621539	Pro	AGG	0	0	67.4	34.70	32.70	Inf	Pro	112.3	high confidence set
scaffold_3	17	9349930	9349858	Lys	CTT	0	0	87.7	67.60	20.10	Inf	Lys	106.7	high confidence set
scaffold_3	18	8855097	8855024	Thr	AGT	0	0	70.2	46.10	24.10	Inf	Thr	83.6	high confidence set
scaffold_3	20	8340768	8340696	Lys	CTT	0	0	87.7	67.60	20.10	Inf	Lys	106.7	high confidence set
scaffold_3	22	7020954	7020870	Tyr	GTA	7020917	7020906	74.2	42.50	31.70	Inf	Tyr	108.6	high confidence set
scaffold_3	23	6974422	6974349	Thr	AGT	0	0	73.6	45.20	28.40	Inf	Thr	88.6	high confidence set
scaffold_3	24	6861776	6861704	Arg	CCT	0	0	74.8	55.90	18.90	Inf	Arg	84.6	high confidence set
scaffold_3	25	6511353	6511280	Ile	AAT	0	0	85.5	59.00	26.50	Inf	Ile	109.4	high confidence set
scaffold_3	26	5182909	5182836	Thr	AGT	0	0	73.6	45.20	28.40	Inf	Thr	88.6	high confidence set
scaffold_3	27	4703125	4703052	Asn	GTT	0	0	81.4	54.70	26.70	Inf	Asn	91.8	high confidence set
scaffold_3	28	4641160	4641087	Ile	AAT	0	0	86.4	57.90	28.50	Inf	Ile	108.4	high confidence set
scaffold_3	29	4036882	4036809	Ile	TAT	0	0	85.2	69.20	16.00	Inf	Ile	99.5	high confidence set
scaffold_3	30	2777007	2776926	Ser	TGA	0	0	81.1	46.70	34.40	Inf	Ser	122.5	high confidence set
scaffold_3	31	1769789	1769708	Ser	AGA	0	0	77.0	42.20	34.80	Inf	Ser	112.5	high confidence set
scaffold_4	1	24433	24505	Lys	CTT	0	0	87.7	67.60	20.10	Inf	Lys	106.7	high confidence set
scaffold_4	2	174101	174173	Phe	GAA	0	0	78.3	58.40	19.90	Inf	Phe	113.2	high confidence set
scaffold_4	3	246629	246701	Phe	GAA	0	0	78.3	58.40	19.90	Inf	Phe	113.2	high confidence set
scaffold_4	4	1560425	1560498	Ile	AAT	0	0	85.5	59.00	26.50	Inf	Ile	109.4	high confidence set
scaffold_4	5	1800611	1800692	Ser	CGA	0	0	69.3	44.60	24.70	Inf	Ser	110.9	high confidence set
scaffold_4	6	1817882	1817953	Pro	TGG	0	0	69.2	36.90	32.30	Inf	Pro	112.8	high confidence set
scaffold_4	7	2687826	2687897	iMet	CAT	0	0	58.3	28.10	30.20	Inf	iMet	118.7	high confidence set
scaffold_4	8	3297913	3297994	Ser	CGA	0	0	78.8	42.10	36.70	Inf	Ser	112.2	high confidence set
scaffold_4	9	3440232	3440303	Gly	TCC	0	0	74.1	46.70	27.40	Inf	Gly	84.2	high confidence set
scaffold_4	10	5980929	5981000	Gln	TTG	0	0	73.5	53.70	19.80	Inf	Gln	104.8	high confidence set
scaffold_4	11	6798590	6798674	Leu	CAA	0	0	77.6	48.50	29.10	Inf	Leu	111.1	high confidence set
scaffold_4	12	8003518	8003600	Leu	TAA	0	0	67.5	30.20	37.30	Inf	Leu	94.2	high confidence set
scaffold_4	13	8008505	8008577	Arg	TCT	0	0	61.4	50.90	10.50	Inf	Arg	84.7	high confidence set
scaffold_4	14	8008658	8008730	Arg	TCT	0	0	69.1	51.80	17.30	Inf	Arg	93.8	high confidence set
scaffold_4	15	8207241	8207311	Gly	CCC	0	0	65.4	28.10	37.30	Inf	Gly	85.4	high confidence set
scaffold_4	16	8211927	8211998	Asp	GTC	0	0	69.8	46.80	23.00	Inf	Asp	94.5	high confidence set
scaffold_4	17	8386212	8386283	Thr	TGT	0	0	83.0	58.30	24.70	Inf	Thr	92.4	high confidence set
scaffold_4	18	9090026	9090099	Val	AAC	0	0	72.5	48.10	24.40	Inf	Val	100.2	high confidence set
scaffold_4	19	9092127	9092211	Met	CAT	9092165	9092175	64.2	40.80	23.40	Inf	Met	104.0	high confidence set
scaffold_4	21	9322585	9322665	Leu	AAG	0	0	71.4	51.10	20.30	Inf	Leu	108.5	high confidence set
scaffold_4	22	9453461	9453533	Arg	ACG	0	0	72.5	49.90	22.60	Inf	Arg	93.8	high confidence set
scaffold_4	23	9785708	9785780	Arg	CCT	0	0	74.8	55.90	18.90	Inf	Arg	84.6	high confidence set
scaffold_4	24	10304164	10304236	Lys	CTT	0	0	87.7	67.60	20.10	Inf	Lys	106.7	high confidence set
scaffold_4	25	10529520	10529591	Glu	TTC	0	0	70.8	46.30	24.50	Inf	Glu	99.2	high confidence set
scaffold_4	27	9805099	9805026	Asn	GTT	0	0	82.3	57.10	25.20	Inf	Asn	92.8	high confidence set
scaffold_4	28	9744705	9744624	Ser	GCT	0	0	76.2	41.10	35.10	Inf	Ser	105.6	high confidence set
scaffold_4	29	9651389	9651305	Met	CAT	9651351	9651341	64.2	40.80	23.40	Inf	Met	104.0	high confidence set
scaffold_4	30	9623391	9623307	Met	CAT	9623353	9623343	64.2	40.80	23.40	Inf	Met	104.0	high confidence set
scaffold_4	31	9529246	9529175	Cys	GCA	0	0	81.7	56.10	25.60	Inf	Cys	104.3	high confidence set
scaffold_4	32	9235278	9235207	His	GTG	0	0	63.3	34.30	29.00	Inf	His	91.7	high confidence set
scaffold_4	33	8841264	8841191	Arg	TCG	0	0	81.9	60.40	21.50	Inf	Arg	92.9	high confidence set
scaffold_4	34	8757553	8757470	Tyr	GTA	8757516	8757506	74.3	42.50	31.80	Inf	Tyr	108.6	high confidence set
scaffold_4	35	8721503	8721432	Thr	CGT	0	0	76.8	54.80	22.00	Inf	Thr	83.9	high confidence set
scaffold_4	36	7837999	7837928	Asp	GTC	0	0	69.8	46.80	23.00	Inf	Asp	94.5	high confidence set
scaffold_4	37	7647032	7646961	Cys	GCA	0	0	63.2	50.30	12.90	Inf	Cys	86.5	high confidence set
scaffold_4	38	5603315	5603243	Ala	CGC	0	0	68.3	44.10	24.20	Inf	Ala	99.2	high confidence set
scaffold_4	39	5598233	5598162	Thr	CGT	0	0	82.3	55.00	27.30	Inf	Thr	83.7	high confidence set
scaffold_4	40	5392960	5392888	Ala	AGC	0	0	63.4	38.20	25.20	Inf	Ala	98.3	high confidence set
scaffold_4	41	5204720	5204631	Tyr	GTA	5204683	5204667	74.0	42.30	31.70	Inf	Tyr	108.6	high confidence set
scaffold_4	42	4607529	4607458	Gln	CTG	0	0	72.6	48.20	24.40	Inf	Gln	98.8	high confidence set
scaffold_4	43	3870568	3870495	Thr	AGT	0	0	73.6	45.20	28.40	Inf	Thr	88.6	high confidence set
scaffold_4	44	3785591	3785518	Val	AAC	0	0	72.5	48.10	24.40	Inf	Val	100.2	high confidence set
scaffold_4	45	3308596	3308525	Asp	GTC	0	0	69.8	46.80	23.00	Inf	Asp	94.5	high confidence set
scaffold_4	46	3021586	3021515	Lys	TTT	0	0	72.9	58.00	14.90	Inf	Lys	80.1	high confidence set
scaffold_4	47	2810418	2810337	Ser	AGA	0	0	77.0	42.20	34.80	Inf	Ser	112.5	high confidence set
scaffold_4	48	2056829	2056758	Glu	TTC	0	0	70.8	46.30	24.50	Inf	Glu	99.2	high confidence set
scaffold_4	49	2005450	2005377	Val	CAC	0	0	81.5	53.50	28.00	Inf	Val	103.7	high confidence set
scaffold_4	50	1845826	1845754	Glu	CTC	0	0	76.3	50.40	25.90	Inf	Glu	91.1	high confidence set
scaffold_4	51	1025417	1025345	Ala	AGC	0	0	63.4	38.20	25.20	Inf	Ala	98.3	high confidence set
scaffold_4	52	756471	756399	Phe	GAA	0	0	78.3	58.40	19.90	Inf	Phe	113.2	high confidence set
scaffold_4	53	682702	682631	iMet	CAT	0	0	58.3	28.10	30.20	Inf	iMet	118.7	high confidence set
scaffold_4	54	312213	312132	Ser	AGA	0	0	77.0	42.20	34.80	Inf	Ser	112.5	high confidence set
scaffold_5	1	594260	594333	Ile	AAT	0	0	86.4	57.90	28.50	Inf	Ile	108.4	high confidence set
scaffold_5	2	600636	600707	Asp	GTC	0	0	69.8	46.80	23.00	Inf	Asp	94.5	high confidence set
scaffold_5	3	600781	600852	Asp	GTC	0	0	69.8	46.80	23.00	Inf	Asp	94.5	high confidence set
scaffold_5	4	608963	609043	Leu	CAG	0	0	70.7	49.80	20.90	Inf	Leu	111.3	high confidence set
scaffold_5	5	733054	733135	Ser	AGA	0	0	81.4	43.50	37.90	Inf	Ser	115.9	high confidence set
scaffold_5	6	1449166	1449237	Trp	CCA	0	0	75.8	51.20	24.60	Inf	Trp	105.6	high confidence set
scaffold_5	7	1461733	1461804	Trp	CCA	0	0	69.2	44.70	24.50	Inf	Trp	92.1	high confidence set
scaffold_5	8	1468393	1468464	Trp	CCA	0	0	75.8	51.20	24.60	Inf	Trp	105.6	high confidence set
scaffold_5	9	1658904	1658976	Phe	GAA	0	0	78.3	58.40	19.90	Inf	Phe	113.2	high confidence set
scaffold_5	10	1842243	1842315	Arg	CCG	0	0	66.7	50.30	16.40	Inf	Arg	89.5	high confidence set
scaffold_5	11	2477499	2477572	Val	AAC	0	0	72.5	48.10	24.40	Inf	Val	100.2	high confidence set
scaffold_5	12	2494795	2494868	Val	AAC	0	0	73.9	43.40	30.50	Inf	Val	100.7	high confidence set
scaffold_5	13	2503969	2504042	Val	AAC	0	0	72.5	48.10	24.40	Inf	Val	100.2	high confidence set
scaffold_5	14	2522071	2522152	Ser	TGA	0	0	79.2	43.90	35.30	Inf	Ser	118.5	high confidence set
scaffold_5	15	2608780	2608853	Ile	TAT	0	0	87.7	73.20	14.50	Inf	Ile	104.5	high confidence set
scaffold_5	16	3262105	3262186	Ser	TGA	0	0	79.2	43.90	35.30	Inf	Ser	118.5	high confidence set
scaffold_5	17	3302866	3302938	Val	TAC	0	0	74.4	44.00	30.40	Inf	Val	103.3	high confidence set
scaffold_5	18	3377149	3377220	Lys	TTT	0	0	83.0	70.00	13.00	Inf	Lys	83.3	high confidence set
scaffold_5	19	4299579	4299660	Ser	CGA	0	0	77.5	44.40	33.10	Inf	Ser	120.8	high confidence set
scaffold_5	20	4350450	4350521	Lys	TTT	0	0	83.8	71.00	12.80	Inf	Lys	83.9	high confidence set
scaffold_5	21	5042572	5042644	Arg	CCT	0	0	69.3	54.10	15.20	Inf	Arg	79.2	high confidence set
scaffold_5	22	5070734	5070805	Asp	GTC	0	0	69.8	46.80	23.00	Inf	Asp	94.5	high confidence set
scaffold_5	23	5075569	5075642	Val	CAC	0	0	81.5	53.50	28.00	Inf	Val	103.7	high confidence set
scaffold_5	24	5497057	5497128	Glu	TTC	0	0	69.9	45.30	24.60	Inf	Glu	99.4	high confidence set
scaffold_5	25	5599494	5599565	Lys	TTT	0	0	80.4	65.10	15.30	Inf	Lys	85.9	high confidence set
scaffold_5	26	5599638	5599709	Lys	TTT	0	0	80.4	65.10	15.30	Inf	Lys	85.9	high confidence set
scaffold_5	27	5980003	5980083	Leu	AAG	0	0	71.4	51.10	20.30	Inf	Leu	108.5	high confidence set
scaffold_5	28	6045465	6045536	Asp	GTC	0	0	69.8	46.80	23.00	Inf	Asp	94.5	high confidence set
scaffold_5	29	6883267	6883338	Cys	GCA	0	0	80.8	53.70	27.10	Inf	Cys	103.2	high confidence set
scaffold_5	31	7653841	7653913	Lys	CTT	0	0	87.7	67.60	20.10	Inf	Lys	106.7	high confidence set
scaffold_5	32	8949028	8949100	Arg	CCT	0	0	74.8	55.90	18.90	Inf	Arg	84.6	high confidence set
scaffold_5	33	9203026	9203105	Leu	TAG	0	0	69.5	48.50	21.00	Inf	Leu	111.5	high confidence set
scaffold_5	34	9978453	9978382	Pro	AGG	0	0	67.4	34.70	32.70	Inf	Pro	112.3	high confidence set
scaffold_5	35	9725062	9724981	Ser	GCT	0	0	80.5	45.20	35.30	Inf	Ser	109.5	high confidence set
scaffold_5	36	9628416	9628344	Arg	ACG	0	0	71.4	49.50	21.90	Inf	Arg	91.0	high confidence set
scaffold_5	37	8691435	8691362	Thr	AGT	0	0	70.2	46.10	24.10	Inf	Thr	83.6	high confidence set
scaffold_5	38	7871753	7871672	Ser	AGA	0	0	77.0	42.20	34.80	Inf	Ser	112.5	high confidence set
scaffold_5	39	7522762	7522683	Leu	TAG	0	0	71.0	48.60	22.40	Inf	Leu	111.9	high confidence set
scaffold_5	40	6975748	6975675	Ile	TAT	0	0	87.1	72.60	14.50	Inf	Ile	104.3	high confidence set
scaffold_5	41	6330380	6330309	Trp	CCA	0	0	75.8	51.20	24.60	Inf	Trp	105.6	high confidence set
scaffold_5	42	5645981	5645909	Arg	CCG	0	0	80.5	56.90	23.60	Inf	Arg	84.1	high confidence set
scaffold_5	43	5361128	5361056	Arg	CCT	0	0	74.8	55.90	18.90	Inf	Arg	84.6	high confidence set
scaffold_5	44	5130426	5130355	Pro	CGG	0	0	68.2	35.30	32.90	Inf	Pro	113.0	high confidence set
scaffold_5	45	4597680	4597590	Tyr	GTA	4597643	4597626	74.0	42.30	31.70	Inf	Tyr	108.6	high confidence set
scaffold_5	46	4300908	4300827	Ser	TGA	0	0	80.7	46.10	34.60	Inf	Ser	119.7	high confidence set
scaffold_5	47	4242834	4242761	Arg	TCG	0	0	83.5	62.30	21.20	Inf	Arg	90.9	high confidence set
scaffold_5	48	4088459	4088387	Glu	CTC	0	0	76.3	50.40	25.90	Inf	Glu	95.5	high confidence set
scaffold_5	49	3347109	3347028	Ser	TGA	0	0	79.2	43.90	35.30	Inf	Ser	118.5	high confidence set
scaffold_5	50	3317364	3317279	Met	CAT	3317326	3317315	64.2	40.80	23.40	Inf	Met	104.0	high confidence set
scaffold_5	51	3317171	3317086	Met	CAT	3317133	3317122	55.9	41.60	14.30	Inf	Met	94.6	high confidence set
scaffold_5	52	3247536	3247453	Tyr	GTA	3247499	3247489	71.0	39.30	31.70	Inf	Tyr	106.8	high confidence set
scaffold_5	53	3233926	3233855	Pro	AGG	0	0	67.4	34.70	32.70	Inf	Pro	112.3	high confidence set
scaffold_5	57	2926680	2926609	Pro	TGG	0	0	69.2	36.90	32.30	Inf	Pro	112.8	high confidence set
scaffold_5	58	2803367	2803297	Gly	GCC	0	0	66.5	44.80	21.70	Inf	Gly	94.4	high confidence set
scaffold_5	59	2553205	2553134	Pro	CGG	0	0	69.2	36.90	32.30	Inf	Pro	112.8	high confidence set
scaffold_5	60	2387920	2387849	Glu	TTC	0	0	70.8	46.30	24.50	Inf	Glu	99.2	high confidence set
scaffold_5	61	2068117	2068032	Met	CAT	2068079	2068068	64.2	40.80	23.40	Inf	Met	104.0	high confidence set
scaffold_5	62	1890700	1890627	Ile	AAT	0	0	86.4	57.90	28.50	Inf	Ile	108.4	high confidence set
scaffold_5	63	1878793	1878712	Ser	TGA	0	0	79.2	43.90	35.30	Inf	Ser	118.5	high confidence set
scaffold_5	64	1130821	1130750	Glu	TTC	0	0	70.8	46.30	24.50	Inf	Glu	99.2	high confidence set
scaffold_5	65	115853	115782	Pro	AGG	0	0	67.4	34.70	32.70	Inf	Pro	112.3	high confidence set
scaffold_6	1	289045	289117	Ala	TGC	0	0	70.0	45.30	24.70	Inf	Ala	100.6	high confidence set
scaffold_6	2	614182	614254	Ala	TGC	0	0	66.6	41.40	25.20	Inf	Ala	98.8	high confidence set
scaffold_6	3	1671957	1672029	Lys	CTT	0	0	87.7	67.60	20.10	Inf	Lys	106.7	high confidence set
scaffold_6	4	2392204	2392285	Ser	GCT	0	0	76.2	41.10	35.10	Inf	Ser	105.6	high confidence set
scaffold_6	5	2493716	2493787	Asp	GTC	0	0	61.8	38.90	22.90	Inf	Asp	87.5	high confidence set
scaffold_6	6	2563986	2564057	Asp	GTC	0	0	69.8	46.80	23.00	Inf	Asp	94.5	high confidence set
scaffold_6	7	2824840	2824911	Thr	TGT	0	0	83.0	58.30	24.70	Inf	Thr	92.4	high confidence set
scaffold_6	8	4136060	4136131	Gly	TCC	0	0	74.1	46.70	27.40	Inf	Gly	84.2	high confidence set
scaffold_6	9	4140801	4140872	Gly	TCC	0	0	66.2	38.80	27.40	Inf	Gly	77.3	high confidence set
scaffold_6	10	4400471	4400542	iMet	CAT	0	0	58.3	28.10	30.20	Inf	iMet	118.7	high confidence set
scaffold_6	11	4477115	4477196	Ser	TGA	0	0	79.2	43.90	35.30	Inf	Ser	118.5	high confidence set
scaffold_6	12	5070643	5070714	Pro	TGG	0	0	68.5	35.70	32.80	Inf	Pro	111.2	high confidence set
scaffold_6	13	5071057	5071128	Pro	TGG	0	0	68.5	35.70	32.80	Inf	Pro	111.2	high confidence set
scaffold_6	14	5072060	5072131	Pro	TGG	0	0	68.5	35.70	32.80	Inf	Pro	111.2	high confidence set
scaffold_6	15	5072562	5072633	Pro	TGG	0	0	68.5	35.70	32.80	Inf	Pro	111.2	high confidence set
scaffold_6	16	5073283	5073354	Pro	AGG	0	0	67.4	34.70	32.70	Inf	Pro	112.3	high confidence set
scaffold_6	17	5073446	5073517	Pro	TGG	0	0	68.5	35.70	32.80	Inf	Pro	111.2	high confidence set
scaffold_6	18	5073745	5073816	Pro	TGG	0	0	68.5	35.70	32.80	Inf	Pro	111.2	high confidence set
scaffold_6	19	5203875	5203947	Lys	CTT	0	0	87.7	67.60	20.10	Inf	Lys	106.7	high confidence set
scaffold_6	21	7860609	7860682	Asn	GTT	0	0	83.6	61.50	22.10	Inf	Asn	93.1	high confidence set
scaffold_6	22	7865419	7865490	Cys	GCA	0	0	81.7	56.10	25.60	Inf	Cys	104.3	high confidence set
scaffold_6	23	7883924	7883995	Pro	AGG	0	0	68.2	35.90	32.30	Inf	Pro	113.9	high confidence set
scaffold_6	24	8460543	8460614	Asp	GTC	0	0	69.8	46.80	23.00	Inf	Asp	94.5	high confidence set
scaffold_6	26	9573501	9573428	Val	AAC	0	0	72.5	48.10	24.40	Inf	Val	100.2	high confidence set
scaffold_6	27	8744681	8744609	Val	TAC	0	0	74.4	44.00	30.40	Inf	Val	103.3	high confidence set
scaffold_6	28	8715718	8715645	Asn	GTT	0	0	83.3	58.10	25.20	Inf	Asn	93.9	high confidence set
scaffold_6	29	7659248	7659169	Leu	TAG	0	0	69.5	48.50	21.00	Inf	Leu	111.5	high confidence set
scaffold_6	30	7567484	7567413	Asp	GTC	0	0	69.8	46.80	23.00	Inf	Asp	94.5	high confidence set
scaffold_6	32	7381445	7381363	Leu	TAA	0	0	67.5	30.20	37.30	Inf	Leu	94.2	high confidence set
scaffold_6	33	6817585	6817514	Lys	TTT	0	0	81.3	66.10	15.20	Inf	Lys	86.6	high confidence set
scaffold_6	34	5410742	5410671	iMet	CAT	0	0	50.7	20.90	29.80	Inf	iMet	112.5	high confidence set
scaffold_6	35	4474675	4474602	Ile	AAT	0	0	83.0	54.40	28.60	Inf	Ile	104.3	high confidence set
scaffold_6	36	4130171	4130088	Leu	CAA	0	0	78.5	55.10	23.40	Inf	Leu	119.0	high confidence set
scaffold_6	37	3950868	3950787	Ser	GCT	0	0	70.9	35.60	35.30	Inf	Ser	100.1	high confidence set
scaffold_6	38	3826117	3826047	Gly	GCC	0	0	66.5	44.80	21.70	Inf	Gly	94.4	high confidence set
scaffold_6	39	2824621	2824550	Thr	TGT	0	0	83.0	58.30	24.70	Inf	Thr	92.4	high confidence set
scaffold_6	40	2564187	2564114	Val	AAC	0	0	72.5	48.10	24.40	Inf	Val	100.2	high confidence set
scaffold_6	41	2493917	2493844	Val	AAC	0	0	72.5	48.10	24.40	Inf	Val	100.2	high confidence set
scaffold_6	42	1473519	1473439	Leu	AAG	0	0	71.4	51.10	20.30	Inf	Leu	108.5	high confidence set
scaffold_6	43	1141358	1141286	Glu	CTC	0	0	76.3	50.40	25.90	Inf	Glu	95.5	high confidence set
scaffold_6	44	1007296	1007226	Gly	GCC	0	0	66.5	44.80	21.70	Inf	Gly	94.4	high confidence set
scaffold_6	45	1002306	1002236	Gly	GCC	0	0	66.5	44.80	21.70	Inf	Gly	94.4	high confidence set
scaffold_6	46	976140	976068	Ala	CGC	0	0	67.5	42.90	24.60	Inf	Ala	99.2	high confidence set
scaffold_6	47	932157	932086	Gln	CTG	0	0	64.8	43.10	21.70	Inf	Gln	89.2	high confidence set
scaffold_6	48	646096	646024	Phe	GAA	0	0	78.3	58.40	19.90	Inf	Phe	113.2	high confidence set
scaffold_6	49	643750	643678	Phe	GAA	0	0	78.3	58.40	19.90	Inf	Phe	113.2	high confidence set
scaffold_6	50	495221	495149	Phe	GAA	0	0	78.3	58.40	19.90	Inf	Phe	113.2	high confidence set
scaffold_6	51	412448	412378	Gly	CCC	0	0	65.4	28.10	37.30	Inf	Gly	85.4	high confidence set
scaffold_6	52	338311	338239	Arg	ACG	0	0	72.6	49.80	22.80	Inf	Arg	89.8	high confidence set
scaffold_7	4	3345494	3345574	Leu	AAG	0	0	71.4	51.10	20.30	Inf	Leu	108.5	high confidence set
scaffold_7	6	4375971	4376041	Gly	GCC	0	0	66.5	44.80	21.70	Inf	Gly	94.4	high confidence set
scaffold_7	7	5556248	5556321	Val	AAC	0	0	72.5	48.10	24.40	Inf	Val	100.2	high confidence set
scaffold_7	8	6620080	6620151	Glu	TTC	0	0	69.9	45.30	24.60	Inf	Glu	99.4	high confidence set
scaffold_7	9	7044234	7044304	Gly	CCC	0	0	65.4	28.10	37.30	Inf	Gly	85.4	high confidence set
scaffold_7	10	7115617	7115689	Arg	TCT	0	0	71.3	51.70	19.60	Inf	Arg	95.1	high confidence set
scaffold_7	11	7507815	7507887	Lys	CTT	0	0	87.7	67.60	20.10	Inf	Lys	106.7	high confidence set
scaffold_7	12	7549473	7549545	Ala	AGC	0	0	63.4	38.20	25.20	Inf	Ala	98.3	high confidence set
scaffold_7	13	7815220	7815291	Gln	TTG	0	0	73.5	53.70	19.80	Inf	Gln	104.8	high confidence set
scaffold_7	14	7899000	7899071	Cys	GCA	0	0	81.7	56.10	25.60	Inf	Cys	104.3	high confidence set
scaffold_7	15	7904329	7904400	Cys	GCA	0	0	81.7	56.10	25.60	Inf	Cys	104.3	high confidence set
scaffold_7	17	7906163	7906234	Cys	GCA	0	0	81.7	56.10	25.60	Inf	Cys	104.3	high confidence set
scaffold_7	18	7906999	7907070	Cys	GCA	0	0	81.7	56.10	25.60	Inf	Cys	104.3	high confidence set
scaffold_7	19	7907710	7907781	Cys	ACA	0	0	56.7	37.10	19.60	Inf	Cys	75.3	unexpected anticodon
scaffold_7	20	7908562	7908633	Cys	GCA	0	0	81.7	56.10	25.60	Inf	Cys	104.3	high confidence set
scaffold_7	21	7910700	7910771	Cys	GCA	0	0	81.7	56.10	25.60	Inf	Cys	104.3	high confidence set
scaffold_7	22	8045908	8045980	Glu	CTC	0	0	76.3	50.40	25.90	Inf	Glu	95.5	high confidence set
scaffold_7	23	8321500	8321572	Ala	CGC	0	0	67.5	42.90	24.60	Inf	Ala	99.2	high confidence set
scaffold_7	24	8729790	8729862	Phe	GAA	0	0	78.3	58.40	19.90	Inf	Phe	113.2	high confidence set
scaffold_7	25	8729930	8730002	Phe	GAA	0	0	77.3	57.40	19.90	Inf	Phe	112.3	high confidence set
scaffold_7	26	9160307	9160237	Gly	CCC	0	0	65.4	28.10	37.30	Inf	Gly	85.4	high confidence set
scaffold_7	28	8725584	8725512	Ala	TGC	0	0	70.0	45.30	24.70	Inf	Ala	100.6	high confidence set
scaffold_7	29	8722795	8722723	Ala	TGC	0	0	70.0	45.30	24.70	Inf	Ala	100.6	high confidence set
scaffold_7	30	7904527	7904444	Leu	TAA	0	0	76.7	49.60	27.10	Inf	Leu	121.2	high confidence set
scaffold_7	31	7803946	7803866	Leu	AAG	0	0	71.4	51.10	20.30	Inf	Leu	108.5	high confidence set
scaffold_7	32	7799838	7799758	Leu	AAG	0	0	71.4	51.10	20.30	Inf	Leu	108.5	high confidence set
scaffold_7	33	6433573	6433492	Ser	GCT	0	0	80.5	45.20	35.30	Inf	Ser	109.5	high confidence set
scaffold_7	34	6407096	6407023	Val	AAC	0	0	72.5	48.10	24.40	Inf	Val	100.2	high confidence set
scaffold_7	35	6092731	6092658	Val	CAC	0	0	76.9	53.20	23.70	Inf	Val	97.5	high confidence set
scaffold_7	36	4999462	4999390	Arg	ACG	0	0	72.6	49.80	22.80	Inf	Arg	89.8	high confidence set
scaffold_7	37	4081873	4081792	Ser	GCT	0	0	80.5	45.20	35.30	Inf	Ser	109.5	high confidence set
scaffold_7	40	1818930	1818859	Cys	GCA	0	0	81.7	56.10	25.60	Inf	Cys	104.3	high confidence set
scaffold_7	41	1717833	1717760	Asn	GTT	0	0	82.3	57.10	25.20	Inf	Asn	92.8	high confidence set
scaffold_8	1	734813	734885	Glu	CTC	0	0	68.3	42.50	25.80	Inf	Glu	88.1	high confidence set
scaffold_8	2	1186569	1186646	Phe	GAA	0	0	56.1	42.10	14.00	Inf	Phe	79.7	high confidence set
scaffold_8	3	1857962	1858034	Ala	CGC	0	0	59.1	43.80	15.30	Inf	Ala	92.2	high confidence set
scaffold_8	4	1860282	1860353	Gln	CTG	0	0	71.0	46.00	25.00	Inf	Gln	98.7	high confidence set
scaffold_8	5	2772949	2773021	Lys	CTT	0	0	87.7	67.60	20.10	Inf	Lys	106.7	high confidence set
scaffold_8	6	2887302	2887387	Tyr	GTA	2887339	2887351	74.2	42.50	31.70	Inf	Tyr	108.6	high confidence set
scaffold_8	7	5328540	5328611	Gly	TCC	0	0	74.1	46.70	27.40	Inf	Gly	84.2	high confidence set
scaffold_8	8	5328710	5328781	Gly	TCC	0	0	74.1	46.70	27.40	Inf	Gly	84.2	high confidence set
scaffold_8	9	5734973	5735054	Ser	GCT	0	0	79.0	43.10	35.90	Inf	Ser	108.6	high confidence set
scaffold_8	10	6117944	6118023	Leu	TAG	0	0	69.5	48.50	21.00	Inf	Leu	111.5	high confidence set
scaffold_8	11	6642926	6642997	Cys	GCA	0	0	81.7	56.10	25.60	Inf	Cys	104.3	high confidence set
scaffold_8	12	6644430	6644501	Cys	GCA	0	0	79.6	55.90	23.70	Inf	Cys	101.0	high confidence set
scaffold_8	13	6646776	6646847	Cys	GCA	0	0	81.7	56.10	25.60	Inf	Cys	104.3	high confidence set
scaffold_8	14	6977055	6977126	Trp	CCA	0	0	75.8	51.20	24.60	Inf	Trp	105.6	high confidence set
scaffold_8	15	7203081	7203152	Trp	CCA	0	0	75.8	51.20	24.60	Inf	Trp	105.6	high confidence set
scaffold_8	16	7454906	7454986	Leu	CAG	0	0	73.0	51.60	21.40	Inf	Leu	110.6	high confidence set
scaffold_8	17	6178625	6178546	Leu	TAG	0	0	69.5	48.50	21.00	Inf	Leu	111.5	high confidence set
scaffold_8	18	5716486	5716414	Glu	CTC	0	0	76.3	50.40	25.90	Inf	Glu	91.1	high confidence set
scaffold_8	19	5408057	5407985	Glu	CTC	0	0	76.3	50.40	25.90	Inf	Glu	95.5	high confidence set
scaffold_8	21	4583961	4583890	Lys	TTT	0	0	83.8	71.00	12.80	Inf	Lys	83.9	high confidence set
scaffold_8	22	4573840	4573769	Lys	TTT	0	0	83.8	71.00	12.80	Inf	Lys	83.9	high confidence set
scaffold_8	23	3988248	3988175	Thr	AGT	0	0	68.7	48.50	20.20	Inf	Thr	79.1	high confidence set
scaffold_8	24	3988056	3987983	Thr	AGT	0	0	73.6	45.20	28.40	Inf	Thr	88.6	high confidence set
scaffold_8	25	3374957	3374885	Arg	TCT	0	0	70.7	50.70	20.00	Inf	Arg	91.3	high confidence set
scaffold_8	26	3303112	3303039	Asn	GTT	0	0	81.4	54.70	26.70	Inf	Asn	91.8	high confidence set
scaffold_8	27	3192148	3192075	Asn	GTT	0	0	81.4	54.70	26.70	Inf	Asn	91.8	high confidence set
scaffold_8	28	1238335	1238264	Pro	TGG	0	0	69.2	36.90	32.30	Inf	Pro	112.8	high confidence set
scaffold_8	29	610194	610121	Ile	AAT	0	0	85.5	59.00	26.50	Inf	Ile	109.4	high confidence set
scaffold_8	30	610018	609945	Ile	AAT	0	0	85.5	59.00	26.50	Inf	Ile	109.4	high confidence set
scaffold_9	1	1723027	1723099	Ala	TGC	0	0	70.0	45.30	24.70	Inf	Ala	100.6	high confidence set
scaffold_9	2	3998480	3998551	Pro	AGG	0	0	67.4	34.70	32.70	Inf	Pro	112.3	high confidence set
scaffold_9	3	4120326	4120397	iMet	CAT	0	0	58.3	28.10	30.20	Inf	iMet	118.7	high confidence set
scaffold_9	4	4174948	4175021	Ile	AAT	0	0	86.4	57.90	28.50	Inf	Ile	108.4	high confidence set
scaffold_9	5	4271819	4271892	Asn	GTT	0	0	83.7	58.60	25.10	Inf	Asn	90.4	high confidence set
scaffold_9	6	4405901	4405972	Gly	TCC	0	0	74.1	46.70	27.40	Inf	Gly	84.2	high confidence set
scaffold_9	7	5465237	5465307	Gly	GCC	0	0	66.5	44.80	21.70	Inf	Gly	94.4	high confidence set
scaffold_9	8	5672167	5672251	Tyr	GTA	5672204	5672215	72.2	39.00	33.20	Inf	Tyr	110.0	high confidence set
scaffold_9	9	5672700	5672781	Ser	AGA	0	0	55.6	26.30	29.30	Inf	Ser	87.0	high confidence set
scaffold_9	10	5672986	5673070	Tyr	GTA	5673023	5673034	72.2	39.00	33.20	Inf	Tyr	110.0	high confidence set
scaffold_9	11	5673179	5673263	Tyr	GTA	5673216	5673227	62.9	34.10	28.80	Inf	Tyr	94.4	high confidence set
scaffold_9	12	5673711	5673792	Ser	AGA	0	0	76.3	41.60	34.70	Inf	Ser	112.1	high confidence set
scaffold_9	13	5673993	5674077	Tyr	GTA	5674030	5674041	72.2	39.00	33.20	Inf	Tyr	110.0	high confidence set
scaffold_9	14	5674184	5674268	Tyr	GTA	5674221	5674232	72.2	39.00	33.20	Inf	Tyr	110.0	high confidence set
scaffold_9	15	5674716	5674797	Ser	AGA	0	0	76.3	41.60	34.70	Inf	Ser	112.1	high confidence set
scaffold_9	16	5674998	5675082	Tyr	GTA	5675035	5675046	72.2	39.00	33.20	Inf	Tyr	110.0	high confidence set
scaffold_9	17	5675189	5675273	Tyr	GTA	5675226	5675237	72.2	39.00	33.20	Inf	Tyr	110.0	high confidence set
scaffold_9	18	5675721	5675802	Ser	AGA	0	0	76.3	41.60	34.70	Inf	Ser	112.1	high confidence set
scaffold_9	19	5676003	5676087	Tyr	GTA	5676040	5676051	72.2	39.00	33.20	Inf	Tyr	110.0	high confidence set
scaffold_9	20	5676194	5676278	Tyr	GTA	5676231	5676242	72.2	39.00	33.20	Inf	Tyr	110.0	high confidence set
scaffold_9	21	5676726	5676807	Ser	AGA	0	0	76.3	41.60	34.70	Inf	Ser	112.1	high confidence set
scaffold_9	22	5677008	5677092	Tyr	GTA	5677045	5677056	72.2	39.00	33.20	Inf	Tyr	110.0	high confidence set
scaffold_9	23	5677200	5677284	Tyr	GTA	5677237	5677248	72.2	39.00	33.20	Inf	Tyr	110.0	high confidence set
scaffold_9	24	5677733	5677814	Ser	AGA	0	0	76.3	41.60	34.70	Inf	Ser	112.1	high confidence set
scaffold_9	25	5678015	5678099	Tyr	ATA	5678052	5678063	72.2	38.90	33.30	Inf	Tyr	110.0	unexpected anticodon
scaffold_9	26	5678206	5678290	Tyr	GTA	5678243	5678254	72.2	39.00	33.20	Inf	Tyr	110.0	high confidence set
scaffold_9	27	5678739	5678820	Ser	AGA	0	0	55.6	26.30	29.30	Inf	Ser	87.0	high confidence set
scaffold_9	28	5679025	5679113	Tyr	GTA	5679062	5679073	53.9	29.80	24.10	Inf	Tyr	78.9	high confidence set
scaffold_9	29	6149083	6149154	Lys	TTT	0	0	81.3	66.10	15.20	Inf	Lys	86.6	high confidence set
scaffold_9	30	6410542	6410612	Gly	GCC	0	0	66.5	44.80	21.70	Inf	Gly	94.4	high confidence set
scaffold_9	31	6577301	6577371	Gly	GCC	0	0	66.5	44.80	21.70	Inf	Gly	94.4	high confidence set
scaffold_9	32	6709056	6709126	Gly	GCC	0	0	66.5	44.80	21.70	Inf	Gly	94.4	high confidence set
scaffold_9	33	7362633	7362714	Ser	GCT	0	0	75.2	45.10	30.10	Inf	Ser	93.8	high confidence set
scaffold_9	34	7991232	7991303	Pro	AGG	0	0	67.4	34.70	32.70	Inf	Pro	112.3	high confidence set
scaffold_9	35	8478278	8478350	Phe	GAA	0	0	78.3	58.40	19.90	Inf	Phe	113.2	high confidence set
scaffold_9	36	8953490	8953573	Leu	CAA	0	0	75.5	51.80	23.70	Inf	Leu	120.7	high confidence set
scaffold_9	37	8695480	8695409	Thr	TGT	0	0	83.0	58.30	24.70	Inf	Thr	92.4	high confidence set
scaffold_9	38	8513620	8513549	Cys	GCA	0	0	81.4	55.30	26.10	Inf	Cys	101.8	high confidence set
scaffold_9	39	7699240	7699169	iMet	CAT	0	0	55.0	21.60	33.40	Inf	iMet	113.8	high confidence set
scaffold_9	40	7239355	7239284	Trp	CCA	0	0	75.8	51.20	24.60	Inf	Trp	105.6	high confidence set
scaffold_9	41	6780267	6780194	Arg	TCG	0	0	81.9	60.40	21.50	Inf	Arg	92.9	high confidence set
scaffold_9	42	6761365	6761293	Lys	CTT	0	0	87.7	67.60	20.10	Inf	Lys	106.7	high confidence set
scaffold_9	43	6687801	6687731	Gly	GCC	0	0	66.5	44.80	21.70	Inf	Gly	94.4	high confidence set
scaffold_9	44	6650255	6650185	Gly	GCC	0	0	69.4	48.30	21.10	Inf	Gly	95.0	high confidence set
scaffold_9	45	6646613	6646543	Gly	GCC	0	0	66.5	44.80	21.70	Inf	Gly	94.4	high confidence set
scaffold_9	46	6550680	6550610	Gly	GCC	0	0	66.5	44.80	21.70	Inf	Gly	94.4	high confidence set
scaffold_9	48	6258414	6258343	Pro	AGG	0	0	67.4	34.70	32.70	Inf	Pro	112.3	high confidence set
scaffold_9	49	6117614	6117533	Ser	AGA	0	0	77.0	42.20	34.80	Inf	Ser	112.5	high confidence set
scaffold_9	51	5663710	5663637	Ile	TAT	0	0	85.9	70.60	15.30	Inf	Ile	103.9	high confidence set
scaffold_9	52	5117153	5117082	Lys	TTT	0	0	81.3	66.10	15.20	Inf	Lys	86.6	high confidence set
scaffold_9	53	4701091	4701020	Pro	AGG	0	0	67.4	34.70	32.70	Inf	Pro	112.3	high confidence set
scaffold_9	54	4327104	4327033	Pro	AGG	0	0	67.4	34.70	32.70	Inf	Pro	112.3	high confidence set
scaffold_9	55	3377563	3377492	Pro	AGG	0	0	67.4	34.70	32.70	Inf	Pro	112.3	high confidence set
scaffold_9	56	3128969	3128897	Lys	CTT	0	0	88.3	68.20	20.10	Inf	Lys	101.1	high confidence set
scaffold_9	57	3113227	3113156	Asp	GTC	0	0	69.8	46.80	23.00	Inf	Asp	94.5	high confidence set
scaffold_9	58	2398141	2398060	Ser	AGA	0	0	77.0	42.20	34.80	Inf	Ser	112.5	high confidence set
scaffold_9	59	1550341	1550270	Glu	TTC	0	0	58.7	40.00	18.70	Inf	Glu	88.7	high confidence set
scaffold_9	60	983160	983079	Ser	AGA	0	0	77.0	42.20	34.80	Inf	Ser	112.5	high confidence set
scaffold_9	61	504288	504218	Gly	CCC	0	0	65.4	28.10	37.30	Inf	Gly	85.4	high confidence set
scaffold_9	62	354943	354872	Gln	TTG	0	0	73.5	53.70	19.80	Inf	Gln	104.8	high confidence set
scaffold_9	63	136068	135987	Ser	GCT	0	0	80.5	45.20	35.30	Inf	Ser	109.5	high confidence set
scaffold_9	64	58139	58068	Gln	TTG	0	0	73.5	53.70	19.80	Inf	Gln	104.8	high confidence set
scaffold_10	2	835122	835193	iMet	CAT	0	0	58.3	28.10	30.20	Inf	iMet	118.7	high confidence set
scaffold_10	3	847270	847342	Phe	GAA	0	0	78.3	58.40	19.90	Inf	Phe	113.2	high confidence set
scaffold_10	4	967535	967606	His	GTG	0	0	55.0	25.50	29.50	Inf	His	87.0	high confidence set
scaffold_10	5	967724	967795	His	GTG	0	0	55.0	25.50	29.50	Inf	His	87.0	high confidence set
scaffold_10	6	1948701	1948772	Glu	TTC	0	0	69.9	45.30	24.60	Inf	Glu	99.4	high confidence set
scaffold_10	7	2031506	2031577	Glu	TTC	0	0	69.9	45.30	24.60	Inf	Glu	99.4	high confidence set
scaffold_10	8	2414424	2414497	Asn	GTT	0	0	83.3	58.10	25.20	Inf	Asn	93.9	high confidence set
scaffold_10	9	3253323	3253405	Leu	TAA	0	0	72.9	35.60	37.30	Inf	Leu	100.3	high confidence set
scaffold_10	10	4492631	4492703	Phe	GAA	0	0	78.3	58.40	19.90	Inf	Phe	113.2	high confidence set
scaffold_10	11	4497258	4497330	Phe	GAA	0	0	78.3	58.40	19.90	Inf	Phe	113.2	high confidence set
scaffold_10	12	4508174	4508252	Phe	GAA	0	0	62.3	47.80	14.50	Inf	Phe	98.5	high confidence set
scaffold_10	13	4508321	4508393	Phe	GAA	0	0	78.3	58.40	19.90	Inf	Phe	113.2	high confidence set
scaffold_10	15	4520208	4520280	Phe	GAA	0	0	78.3	58.40	19.90	Inf	Phe	113.2	high confidence set
scaffold_10	16	5173768	5173838	Gly	GCC	0	0	56.6	39.10	17.50	Inf	Gly	85.7	high confidence set
scaffold_10	17	5652834	5652906	Val	TAC	0	0	74.4	44.00	30.40	Inf	Val	103.3	high confidence set
scaffold_10	18	5655651	5655723	Val	TAC	0	0	74.4	44.00	30.40	Inf	Val	103.3	high confidence set
scaffold_10	19	5894872	5894943	Gly	TCC	0	0	74.1	46.70	27.40	Inf	Gly	84.2	high confidence set
scaffold_10	20	6997341	6997412	Gly	TCC	0	0	74.1	46.70	27.40	Inf	Gly	84.2	high confidence set
scaffold_10	21	6198797	6198726	Cys	GCA	0	0	80.8	53.70	27.10	Inf	Cys	103.2	high confidence set
scaffold_10	22	6192834	6192763	His	GTG	0	0	63.0	33.70	29.30	Inf	His	86.8	high confidence set
scaffold_10	23	5390516	5390444	Glu	CTC	0	0	76.3	50.40	25.90	Inf	Glu	91.1	high confidence set
scaffold_10	24	5333567	5333497	Gly	GCC	0	0	66.5	44.80	21.70	Inf	Gly	94.4	high confidence set
scaffold_10	26	4706993	4706922	Pro	AGG	0	0	68.2	35.90	32.30	Inf	Pro	113.9	high confidence set
scaffold_10	27	4633069	4632998	Thr	TGT	0	0	83.0	58.30	24.70	Inf	Thr	92.4	high confidence set
scaffold_10	28	4548037	4547966	Gln	CTG	0	0	72.1	47.60	24.50	Inf	Gln	100.7	high confidence set
scaffold_10	29	4547832	4547761	Gln	CTG	0	0	72.1	47.60	24.50	Inf	Gln	100.7	high confidence set
scaffold_10	30	4348149	4348078	Lys	TTT	0	0	80.4	65.10	15.30	Inf	Lys	85.9	high confidence set
scaffold_10	31	4342280	4342209	Lys	TTT	0	0	80.4	65.10	15.30	Inf	Lys	85.9	high confidence set
scaffold_10	32	3486067	3485997	Gly	GCC	0	0	66.5	44.80	21.70	Inf	Gly	94.4	high confidence set
scaffold_10	33	3456124	3456052	Ala	AGC	0	0	63.4	38.20	25.20	Inf	Ala	98.3	high confidence set
scaffold_10	34	3081497	3081413	Met	CAT	3081459	3081449	64.2	40.80	23.40	Inf	Met	104.0	high confidence set
scaffold_10	35	3078990	3078906	Met	CAT	3078952	3078942	64.2	40.80	23.40	Inf	Met	104.0	high confidence set
scaffold_10	36	1708486	1708414	Ala	AGC	0	0	63.4	38.20	25.20	Inf	Ala	98.3	high confidence set
scaffold_10	37	1538509	1538436	Thr	AGT	0	0	73.6	45.20	28.40	Inf	Thr	88.6	high confidence set
scaffold_10	38	1532112	1532039	Ile	TAT	0	0	70.7	58.80	11.90	Inf	Ile	90.8	high confidence set
scaffold_10	41	421519	421448	Gln	CTG	0	0	71.6	46.60	25.00	Inf	Gln	98.9	high confidence set
scaffold_10	42	375730	375657	Val	CAC	0	0	81.5	53.50	28.00	Inf	Val	103.7	high confidence set
scaffold_11	2	5204196	5204267	Lys	TTT	0	0	83.8	71.00	12.80	Inf	Lys	83.9	high confidence set
scaffold_11	3	5986630	5986713	Leu	CAA	0	0	79.8	55.80	24.00	Inf	Leu	122.6	high confidence set
scaffold_11	4	7431270	7431341	Pro	TGG	0	0	69.2	36.90	32.30	Inf	Pro	112.8	high confidence set
scaffold_11	5	7505143	7505214	Gly	TCC	0	0	74.1	46.70	27.40	Inf	Gly	84.2	high confidence set
scaffold_11	6	6894111	6894040	Cys	GCA	0	0	81.7	56.10	25.60	Inf	Cys	104.3	high confidence set
scaffold_11	7	5235250	5235179	Glu	TTC	0	0	69.9	45.30	24.60	Inf	Glu	99.4	high confidence set
scaffold_12	1	2631088	2631161	Val	CAC	0	0	58.9	37.30	21.60	Inf	Val	77.7	high confidence set
scaffold_12	3	4016518	4016590	Ala	AGC	0	0	63.4	38.20	25.20	Inf	Ala	98.3	high confidence set
scaffold_12	4	5111749	5111829	Leu	AAG	0	0	71.4	51.10	20.30	Inf	Leu	108.5	high confidence set
scaffold_12	5	5523871	5523954	Leu	CAA	0	0	81.1	56.00	25.10	Inf	Leu	127.4	high confidence set
scaffold_12	6	6263063	6263134	Pro	CGG	0	0	68.2	35.30	32.90	Inf	Pro	113.0	high confidence set
scaffold_12	7	6623900	6623971	His	GTG	0	0	63.0	33.70	29.30	Inf	His	86.8	high confidence set
scaffold_12	8	6758861	6758934	Val	CAC	0	0	81.5	53.50	28.00	Inf	Val	103.7	high confidence set
scaffold_12	9	6983704	6983777	Ile	AAT	0	0	86.4	57.90	28.50	Inf	Ile	108.4	high confidence set
scaffold_12	10	6981945	6981861	Met	CAT	6981907	6981897	64.2	40.80	23.40	Inf	Met	104.0	high confidence set
scaffold_12	11	6929313	6929241	Arg	ACG	0	0	72.9	50.30	22.60	Inf	Arg	88.9	high confidence set
scaffold_12	12	6849777	6849704	Ile	AAT	0	0	85.5	59.00	26.50	Inf	Ile	109.4	high confidence set
scaffold_12	13	6589758	6589687	Gln	CTG	0	0	71.1	46.00	25.10	Inf	Gln	100.8	high confidence set
scaffold_12	14	6566997	6566917	Leu	AAG	0	0	71.4	51.10	20.30	Inf	Leu	108.5	high confidence set
scaffold_12	15	6418368	6418285	Tyr	GTA	6418331	6418321	74.3	42.50	31.80	Inf	Tyr	108.6	high confidence set
scaffold_12	16	5602220	5602149	iMet	CAT	0	0	59.0	29.50	29.50	Inf	iMet	122.5	high confidence set
scaffold_12	17	4716088	4716017	Asp	GTC	0	0	69.8	46.80	23.00	Inf	Asp	94.5	high confidence set
scaffold_12	18	3686766	3686695	Pro	AGG	0	0	67.4	34.70	32.70	Inf	Pro	112.3	high confidence set
scaffold_12	19	2467495	2467422	Asn	GTT	0	0	83.6	61.50	22.10	Inf	Asn	93.1	high confidence set
scaffold_13	1	2939134	2939204	Gly	GCC	0	0	66.5	44.80	21.70	Inf	Gly	94.4	high confidence set
scaffold_13	2	4805929	4805856	Ile	AAT	0	0	86.4	57.90	28.50	Inf	Ile	108.4	high confidence set
scaffold_13	4	4016915	4016842	Asn	GTT	0	0	83.7	58.60	25.10	Inf	Asn	90.4	high confidence set
scaffold_13	5	2646980	2646908	Ala	TGC	0	0	70.0	45.30	24.70	Inf	Ala	100.6	high confidence set
scaffold_14	1	1221280	1221352	Ala	AGC	0	0	63.4	38.70	24.70	Inf	Ala	96.4	high confidence set
scaffold_14	2	1507939	1508010	iMet	CAT	0	0	58.3	28.10	30.20	Inf	iMet	118.7	high confidence set
scaffold_14	3	1880962	1881034	Phe	GAA	0	0	78.3	58.40	19.90	Inf	Phe	113.2	high confidence set
scaffold_14	4	2678575	2678658	Leu	CAA	0	0	82.0	55.00	27.00	Inf	Leu	127.3	high confidence set
scaffold_14	6	4018417	4018330	Met	CAT	4018379	4018366	64.1	40.70	23.40	Inf	Met	104.0	high confidence set
scaffold_14	7	2567672	2567599	Val	AAC	0	0	72.5	48.10	24.40	Inf	Val	100.2	high confidence set
scaffold_14	8	1963819	1963748	Thr	TGT	0	0	83.0	58.30	24.70	Inf	Thr	92.4	high confidence set
scaffold_14	9	1219663	1219591	Ala	AGC	0	0	63.4	38.20	25.20	Inf	Ala	98.3	high confidence set
scaffold_14	11	909626	909555	Pro	TGG	0	0	69.2	36.90	32.30	Inf	Pro	112.8	high confidence set
scaffold_15	1	3566951	3567024	Asn	GTT	0	0	83.3	55.80	27.50	Inf	Ile	88.8	IPD:-4.60,isotype mismatch
scaffold_15	2	3567425	3567498	Asn	GTT	0	0	82.3	57.10	25.20	Inf	Asn	92.8	high confidence set
scaffold_15	3	3569092	3569171	Leu	TAG	0	0	71.0	48.60	22.40	Inf	Leu	111.9	high confidence set
scaffold_15	4	3744604	3744521	Tyr	GTA	3744567	3744557	74.3	42.60	31.70	Inf	Tyr	108.6	high confidence set
scaffold_16	1	1032214	1032285	Gly	TCC	0	0	65.0	39.10	25.90	Inf	Gly	75.6	high confidence set
scaffold_17	1	223743	223814	Gln	CTG	0	0	71.6	46.60	25.00	Inf	Gln	98.9	high confidence set
scaffold_17	3	2124868	2124941	Ile	AAT	0	0	85.5	59.00	26.50	Inf	Ile	109.4	high confidence set
scaffold_17	5	2747401	2747328	Asn	GTT	0	0	81.4	54.70	26.70	Inf	Asn	91.8	high confidence set
scaffold_17	6	2639682	2639611	His	GTG	0	0	63.0	33.70	29.30	Inf	His	86.8	high confidence set
scaffold_17	7	401069	400997	Glu	CTC	0	0	76.3	50.40	25.90	Inf	Glu	91.1	high confidence set
scaffold_17	8	36502	36417	Tyr	GTA	36465	36453	73.1	43.30	29.80	Inf	Tyr	101.5	high confidence set
scaffold_18	1	1965053	1965125	Phe	GAA	0	0	78.3	58.40	19.90	Inf	Phe	113.2	high confidence set
scaffold_18	2	2440040	2440120	Leu	AAG	0	0	71.4	51.10	20.30	Inf	Leu	108.5	high confidence set
scaffold_18	3	2813637	2813566	Asp	GTC	0	0	69.8	46.80	23.00	Inf	Asp	94.5	high confidence set
scaffold_18	4	2434305	2434225	Leu	CAG	0	0	70.7	49.80	20.90	Inf	Leu	111.3	high confidence set
scaffold_18	5	2170415	2170344	Asp	GTC	0	0	69.8	46.80	23.00	Inf	Asp	94.5	high confidence set
scaffold_18	6	1696277	1696205	Glu	CTC	0	0	76.3	50.40	25.90	Inf	Glu	91.1	high confidence set
scaffold_18	7	1646893	1646822	Thr	CGT	0	0	78.9	54.70	24.20	Inf	Thr	87.3	high confidence set
scaffold_18	8	1115390	1115319	Asp	GTC	0	0	69.8	46.80	23.00	Inf	Asp	94.5	high confidence set
scaffold_18	9	869678	869607	Pro	TGG	0	0	68.5	35.70	32.80	Inf	Pro	111.2	high confidence set
scaffold_18	10	865528	865457	Pro	TGG	0	0	68.5	35.70	32.80	Inf	Pro	111.2	high confidence set
scaffold_18	11	555984	555912	Ala	AGC	0	0	63.4	38.20	25.20	Inf	Ala	98.3	high confidence set
scaffold_19	1	1498847	1498917	Gly	CCC	0	0	62.5	30.50	32.00	Inf	Gly	83.2	high confidence set
scaffold_19	2	1979332	1979415	Tyr	GTA	1979369	1979379	74.3	42.60	31.70	Inf	Tyr	108.6	high confidence set
scaffold_19	3	2387774	2387845	Thr	TGT	0	0	83.0	58.30	24.70	Inf	Thr	92.4	high confidence set
scaffold_19	4	2507482	2507554	Ala	AGC	0	0	63.4	38.20	25.20	Inf	Ala	98.3	high confidence set
scaffold_19	5	2022957	2022874	Leu	CAA	0	0	82.0	55.00	27.00	Inf	Leu	127.3	high confidence set
scaffold_20	1	1937473	1937558	Met	CAT	1937511	1937522	64.8	41.40	23.40	Inf	Met	103.3	high confidence set
scaffold_21	1	327609	327690	Ser	AGA	0	0	77.0	42.20	34.80	Inf	Ser	112.5	high confidence set
scaffold_21	2	2203072	2203002	Gly	CCC	0	0	65.4	28.10	37.30	Inf	Gly	85.4	high confidence set
scaffold_22	1	994009	994081	Glu	CTC	0	0	76.3	50.40	25.90	Inf	Glu	91.1	high confidence set
scaffold_22	2	1024383	1024454	Pro	CGG	0	0	61.5	27.70	33.80	Inf	Pro	98.5	high confidence set
scaffold_22	3	2057849	2057932	Tyr	GTA	2057886	2057896	74.3	42.60	31.70	Inf	Tyr	108.6	high confidence set
scaffold_22	4	2063899	2063971	Ala	AGC	0	0	63.4	38.20	25.20	Inf	Ala	98.3	high confidence set
scaffold_22	6	2233646	2233574	Glu	CTC	0	0	76.3	50.40	25.90	Inf	Glu	95.5	high confidence set
scaffold_22	7	2090029	2089956	Thr	AGT	0	0	70.2	46.10	24.10	Inf	Thr	83.6	high confidence set
scaffold_22	8	1994438	1994365	Val	AAC	0	0	63.4	39.40	24.00	Inf	Val	91.6	high confidence set
scaffold_22	10	1283859	1283786	Ile	TAT	0	0	85.9	70.60	15.30	Inf	Ile	103.9	high confidence set
scaffold_22	11	571848	571777	Glu	TTC	0	0	69.9	45.30	24.60	Inf	Glu	99.4	high confidence set
scaffold_22	12	466858	466785	Asn	GTT	0	0	84.5	59.30	25.20	Inf	Asn	88.6	high confidence set
scaffold_25	1	734700	734772	Lys	CTT	0	0	77.8	64.30	13.50	Inf	Lys	98.3	high confidence set
scaffold_25	2	1377265	1377337	Ala	AGC	0	0	63.4	38.20	25.20	Inf	Ala	98.3	high confidence set
scaffold_25	3	1391242	1391314	Ala	AGC	0	0	63.4	38.20	25.20	Inf	Ala	98.3	high confidence set
scaffold_25	4	1684247	1684175	Ala	AGC	0	0	63.4	38.20	25.20	Inf	Ala	98.3	high confidence set
scaffold_26	1	422394	422477	Tyr	GTA	422431	422441	74.3	42.60	31.70	Inf	Tyr	108.6	high confidence set
scaffold_26	2	679185	679256	Trp	CCA	0	0	75.8	51.20	24.60	Inf	Trp	105.6	high confidence set
scaffold_26	3	702714	702787	Val	CAC	0	0	82.4	54.40	28.00	Inf	Val	103.7	high confidence set
scaffold_26	4	1005090	1005162	Arg	TCT	0	0	70.7	50.70	20.00	Inf	Arg	91.3	high confidence set
scaffold_26	5	1076794	1076866	Arg	ACG	0	0	72.9	50.30	22.60	Inf	Arg	88.9	high confidence set
scaffold_26	6	1106890	1106962	Glu	CTC	0	0	76.3	50.40	25.90	Inf	Glu	91.1	high confidence set
scaffold_26	7	1246171	1246243	Ala	TGC	0	0	70.0	45.30	24.70	Inf	Ala	100.6	high confidence set
scaffold_26	8	1444535	1444607	Arg	TCT	0	0	70.7	50.70	20.00	Inf	Arg	91.3	high confidence set
scaffold_26	9	1716025	1716106	Ser	CGA	0	0	77.5	44.40	33.10	Inf	Ser	120.8	high confidence set
scaffold_26	10	1783380	1783451	Pro	TGG	0	0	68.5	35.70	32.80	Inf	Pro	111.2	high confidence set
scaffold_26	11	1784073	1784144	Pro	TGG	0	0	68.5	35.70	32.80	Inf	Pro	111.2	high confidence set
scaffold_26	12	1784478	1784549	Pro	TGG	0	0	68.5	35.70	32.80	Inf	Pro	111.2	high confidence set
scaffold_26	13	1784907	1784978	Pro	TGG	0	0	68.5	35.70	32.80	Inf	Pro	111.2	high confidence set
scaffold_26	14	1740826	1740755	Pro	TGG	0	0	68.5	35.70	32.80	Inf	Pro	111.2	high confidence set
scaffold_26	15	1740179	1740108	Pro	TGG	0	0	68.5	35.70	32.80	Inf	Pro	111.2	high confidence set
scaffold_26	16	1739727	1739656	Pro	TGG	0	0	68.5	35.70	32.80	Inf	Pro	111.2	high confidence set
scaffold_26	17	1246382	1246298	Met	CAT	1246344	1246334	64.2	40.80	23.40	Inf	Met	104.0	high confidence set
scaffold_26	18	819845	819773	Arg	ACG	0	0	72.9	50.30	22.60	Inf	Arg	88.9	high confidence set
scaffold_26	19	592539	592468	His	GTG	0	0	63.0	33.70	29.30	Inf	His	86.8	high confidence set
scaffold_26	20	473835	473752	Tyr	GTA	473798	473788	71.8	40.10	31.70	Inf	Tyr	103.3	high confidence set
scaffold_27	1	378783	378855	Arg	ACG	0	0	72.5	49.90	22.60	Inf	Arg	90.9	high confidence set
scaffold_27	2	832416	832487	iMet	CAT	0	0	55.0	21.60	33.40	Inf	iMet	113.8	high confidence set
scaffold_27	3	1735978	1736062	Met	CAT	1736016	1736026	64.2	40.80	23.40	Inf	Met	104.0	high confidence set
scaffold_27	4	1734219	1734146	Ile	AAT	0	0	86.4	57.90	28.50	Inf	Ile	108.4	high confidence set
scaffold_27	5	1520592	1520520	Ala	CGC	0	0	68.3	44.10	24.20	Inf	Ala	99.2	high confidence set
scaffold_28	1	905389	905460	Asp	GTC	0	0	69.8	46.80	23.00	Inf	Asp	94.5	high confidence set
scaffold_28	2	970358	970429	Pro	TGG	0	0	68.5	35.70	32.80	Inf	Pro	111.2	high confidence set
scaffold_28	3	1093002	1093083	Ser	TGA	0	0	79.2	43.90	35.30	Inf	Ser	118.5	high confidence set
scaffold_28	4	886472	886401	Glu	TTC	0	0	70.8	46.30	24.50	Inf	Glu	99.2	high confidence set
scaffold_29	1	1328483	1328555	Val	TAC	0	0	74.4	44.00	30.40	Inf	Val	103.3	high confidence set
scaffold_29	3	813568	813496	Ala	TGC	0	0	68.0	46.70	21.30	Inf	Ala	95.1	high confidence set
scaffold_31	1	274443	274371	Arg	TCT	0	0	69.1	51.80	17.30	Inf	Arg	93.8	high confidence set
scaffold_32	1	38225	38298	Arg	ACG	0	0	64.0	51.80	12.20	Inf	Ile	74.7	IPD:-16.60,isotype mismatch
scaffold_33	1	748513	748442	Thr	TGT	0	0	84.3	58.00	26.30	Inf	Thr	93.3	high confidence set
scaffold_33	2	263122	263051	Gln	TTG	0	0	70.9	48.60	22.30	Inf	Gln	97.9	high confidence set
scaffold_34	1	214018	213935	Leu	CAA	0	0	82.0	55.00	27.00	Inf	Leu	127.3	high confidence set
scaffold_35	1	1173321	1173404	Leu	CAA	0	0	79.8	55.80	24.00	Inf	Leu	122.6	high confidence set
scaffold_36	1	280926	280998	Arg	TCT	0	0	71.0	51.20	19.80	Inf	Arg	99.1	high confidence set
scaffold_36	2	566857	566773	Tyr	GTA	566820	566809	74.2	42.50	31.70	Inf	Tyr	108.6	high confidence set
scaffold_36	3	228277	228195	Leu	TAA	0	0	67.5	30.20	37.30	Inf	Leu	94.2	high confidence set
scaffold_37	1	476156	476229	Val	AAC	0	0	72.5	48.10	24.40	Inf	Val	100.2	high confidence set
scaffold_37	2	656128	656200	Lys	CTT	0	0	87.7	67.60	20.10	Inf	Lys	106.7	high confidence set
scaffold_37	3	818494	818421	Asn	GTT	0	0	81.4	54.70	26.70	Inf	Asn	91.8	high confidence set
scaffold_41	2	314260	314189	Pro	TGG	0	0	68.5	35.70	32.80	Inf	Pro	111.2	high confidence set
scaffold_42	2	138050	138122	Arg	TCT	0	0	70.3	51.60	18.70	Inf	Arg	94.3	high confidence set
scaffold_42	3	514250	514321	Pro	TGG	0	0	61.9	36.00	25.90	Inf	Pro	101.9	high confidence set
scaffold_42	4	514956	515027	Pro	TGG	0	0	68.5	35.70	32.80	Inf	Pro	111.2	high confidence set
scaffold_42	5	516182	516253	Pro	TGG	0	0	68.5	35.70	32.80	Inf	Pro	111.2	high confidence set
scaffold_42	6	516888	516959	Pro	TGG	0	0	68.5	35.70	32.80	Inf	Pro	111.2	high confidence set
scaffold_42	7	517724	517795	Pro	TGG	0	0	68.5	35.70	32.80	Inf	Pro	111.2	high confidence set
scaffold_42	9	518532	518603	Pro	TGG	0	0	68.5	35.70	32.80	Inf	Pro	111.2	high confidence set
scaffold_42	10	518925	518996	Pro	TGG	0	0	68.5	35.70	32.80	Inf	Pro	111.2	high confidence set
scaffold_42	11	519089	519160	Pro	TGG	0	0	68.5	35.70	32.80	Inf	Pro	111.2	high confidence set
scaffold_42	12	519775	519846	Pro	TGG	0	0	68.5	35.70	32.80	Inf	Pro	111.2	high confidence set
scaffold_42	13	520200	520271	Pro	TGG	0	0	68.5	35.70	32.80	Inf	Pro	111.2	high confidence set
scaffold_42	14	867133	867062	Pro	TGG	0	0	68.5	35.70	32.80	Inf	Pro	111.2	high confidence set
scaffold_42	15	866440	866369	Pro	TGG	0	0	68.5	35.70	32.80	Inf	Pro	111.2	high confidence set
scaffold_42	16	866035	865964	Pro	TGG	0	0	68.5	35.70	32.80	Inf	Pro	111.2	high confidence set
scaffold_42	17	865606	865535	Pro	TGG	0	0	68.5	35.70	32.80	Inf	Pro	111.2	high confidence set
scaffold_42	18	472388	472317	Pro	TGG	0	0	68.5	35.70	32.80	Inf	Pro	111.2	high confidence set
scaffold_42	19	471717	471646	Pro	TGG	0	0	68.5	35.70	32.80	Inf	Pro	111.2	high confidence set
scaffold_42	20	471172	471101	Pro	TGG	0	0	68.5	35.70	32.80	Inf	Pro	111.2	high confidence set
scaffold_42	21	470752	470681	Pro	TGG	0	0	68.5	35.70	32.80	Inf	Pro	111.2	high confidence set
scaffold_42	22	470422	470351	Pro	TGG	0	0	68.5	35.70	32.80	Inf	Pro	111.2	high confidence set
scaffold_42	23	469969	469898	Pro	TGG	0	0	68.5	35.70	32.80	Inf	Pro	111.2	high confidence set
scaffold_42	24	469210	469139	Pro	AGG	0	0	67.4	34.70	32.70	Inf	Pro	112.3	high confidence set
scaffold_42	25	468680	468609	Pro	TGG	0	0	68.5	35.70	32.80	Inf	Pro	111.2	high confidence set
scaffold_42	26	467976	467905	Pro	TGG	0	0	68.5	35.70	32.80	Inf	Pro	111.2	high confidence set
scaffold_42	27	36566	36485	Ser	GCT	0	0	80.5	45.20	35.30	Inf	Ser	109.5	high confidence set
scaffold_45	1	384676	384760	Met	CAT	384714	384724	64.2	40.80	23.40	Inf	Met	104.0	high confidence set
scaffold_48	1	53234	53314	Leu	AAG	0	0	71.4	51.10	20.30	Inf	Leu	108.5	high confidence set
scaffold_48	2	424026	423954	Arg	TCT	0	0	57.2	37.90	19.30	Inf	Arg	74.0	high confidence set
scaffold_49	1	137214	137285	His	GTG	0	0	55.1	24.30	30.80	Inf	His	83.0	high confidence set
scaffold_49	2	137363	137434	His	GTG	0	0	55.1	24.30	30.80	Inf	His	83.0	high confidence set
scaffold_49	3	208187	208259	Lys	CTT	0	0	87.7	67.60	20.10	Inf	Lys	106.7	high confidence set
scaffold_49	4	361546	361616	Gly	GCC	0	0	66.5	44.80	21.70	Inf	Gly	94.4	high confidence set
scaffold_49	6	170754	170681	Val	AAC	0	0	72.5	48.10	24.40	Inf	Val	100.2	high confidence set
scaffold_49	7	29781	29700	Ser	CGA	0	0	83.5	48.90	34.60	Inf	Ser	128.4	high confidence set
scaffold_53	1	321394	321466	Ala	AGC	0	0	55.8	31.30	24.50	Inf	Ala	92.5	high confidence set
scaffold_54	1	149058	148986	Ala	CGC	0	0	65.0	41.30	23.70	Inf	Ala	95.8	high confidence set
scaffold_55	1	2775	2858	Leu	CAA	0	0	79.8	55.80	24.00	Inf	Leu	122.6	high confidence set
scaffold_59	1	62658	62731	Asn	GTT	0	0	81.4	54.70	26.70	Inf	Asn	91.8	high confidence set
scaffold_59	2	120389	120461	Glu	CTC	0	0	76.3	50.40	25.90	Inf	Glu	95.5	high confidence set
scaffold_59	3	128202	128273	Pro	CGG	0	0	67.0	32.90	34.10	Inf	Pro	109.9	high confidence set
scaffold_59	4	38042	37969	Ile	AAT	0	0	83.0	54.40	28.60	Inf	Ile	104.3	high confidence set
scaffold_66	1	47957	48030	Asn	GTT	0	0	84.0	60.60	23.40	Inf	Asn	96.9	high confidence set
scaffold_67	1	96826	96755	Gln	TTG	0	0	73.5	53.70	19.80	Inf	Gln	104.8	high confidence set
scaffold_69	1	84756	84683	Thr	AGT	0	0	73.6	45.20	28.40	Inf	Thr	88.6	high confidence set
scaffold_69	2	80522	80449	Thr	AGT	0	0	73.6	45.20	28.40	Inf	Thr	88.6	high confidence set
scaffold_69	3	77429	77349	Leu	CAG	0	0	70.7	49.80	20.90	Inf	Leu	111.3	high confidence set
scaffold_72	1	129143	129215	Ala	CGC	0	0	68.3	43.60	24.70	Inf	Ala	101.1	high confidence set
scaffold_164	1	17849	17777	Trp	CCA	0	0	70.0	43.30	26.70	Inf	Met	74.6	IPD:-24.60,isotype mismatch
scaffold_164	3	12101	12029	Trp	CCA	0	0	70.0	43.30	26.70	Inf	Met	74.6	IPD:-24.60,isotype mismatch
scaffold_164	5	6350	6278	Trp	CCA	0	0	70.0	43.30	26.70	Inf	Met	74.6	IPD:-24.60,isotype mismatch
scaffold_176	1	285	357	Trp	CCA	0	0	64.1	46.40	17.70	Inf	Met	72.5	IPD:-18.30,isotype mismatch
scaffold_176	3	12713	12641	Trp	CCA	0	0	64.1	46.40	17.70	Inf	Met	72.5	IPD:-18.30,isotype mismatch
scaffold_176	5	7117	7045	Trp	CCA	0	0	64.1	46.40	17.70	Inf	Met	72.5	IPD:-18.30,isotype mismatch
