Sequence		tRNA     	Bounds   	tRNA	Anti	Intron Bounds	Inf	HMM	2'Str	Hit	Isotype	Isotype	      
Name    	tRNA#	Begin    	End      	Type	Codon	Begin	End	Score	Score	Score	Origin	CM	Score	Note
--------	------	-----    	------   	----	-----	-----	----	------	-----	-----	------	-------	-------	------
Chr01	1	1767919	1768000	Ser	AGA	0	0	80.3	44.00	36.30	Inf	Ser	115.3	high confidence set
Chr01	2	1952720	1952791	Gln	TTG	0	0	76.6	54.90	21.70	Inf	Gln	104.6	high confidence set
Chr01	3	2164965	2165046	Ser	CGA	0	0	78.9	46.60	32.30	Inf	Ser	122.0	high confidence set
Chr01	4	3065958	3066038	Leu	AAG	0	0	74.0	52.20	21.80	Inf	Leu	110.4	high confidence set
Chr01	5	4310282	4310354	Glu	CTC	0	0	66.8	49.40	17.40	Inf	Glu	86.8	high confidence set
Chr01	6	9748541	9748613	Arg	ACG	0	0	72.0	49.70	22.30	Inf	Arg	90.5	high confidence set
Chr01	7	12045837	12045908	Gln	CTG	0	0	75.3	51.20	24.10	Inf	Gln	106.0	high confidence set
Chr01	8	12394101	12394174	Val	AAC	0	0	72.5	48.10	24.40	Inf	Val	100.2	high confidence set
Chr01	9	12405335	12405407	Ala	AGC	0	0	63.4	38.20	25.20	Inf	Ala	98.3	high confidence set
Chr01	10	12425104	12425176	Ala	AGC	0	0	63.4	38.20	25.20	Inf	Ala	98.3	high confidence set
Chr01	11	14307848	14307920	Arg	CCT	0	0	74.8	55.90	18.90	Inf	Arg	84.6	high confidence set
Chr01	12	16948350	16948422	Arg	CCT	0	0	70.8	45.60	25.20	Inf	Thr	79.7	IPD:-8.90,isotype mismatch
Chr01	15	30590860	30590932	Arg	ACG	0	0	72.0	49.70	22.30	Inf	Arg	93.9	high confidence set
Chr01	16	39298576	39298648	Glu	CTC	0	0	77.5	51.70	25.80	Inf	Glu	97.9	high confidence set
Chr01	17	41530182	41530253	Thr	TGT	0	0	79.3	49.30	30.00	Inf	Thr	92.3	high confidence set
Chr01	19	59682093	59682174	Ser	AGA	0	0	71.3	38.30	33.00	Inf	Ser	97.3	high confidence set
Chr01	22	75221529	75221600	Asp	GTC	0	0	50.7	31.70	19.00	Inf	Asp	75.0	high confidence set
Chr01	23	91796080	91796161	Ser	GCT	0	0	80.5	45.20	35.30	Inf	Ser	109.5	high confidence set
Chr01	25	108279711	108279796	Met	CAT	108279749	108279760	64.2	40.70	23.50	Inf	Met	104.0	high confidence set
Chr01	26	108767741	108767812	Trp	CCA	0	0	75.8	51.20	24.60	Inf	Trp	105.6	high confidence set
Chr01	27	112384975	112385055	Leu	CAG	0	0	69.5	46.80	22.70	Inf	Leu	109.7	high confidence set
Chr01	29	116648220	116648293	Asn	GTT	0	0	67.7	43.50	24.20	Inf	Asn	77.6	high confidence set
Chr01	30	119998088	119998160	Glu	CTC	0	0	77.5	51.70	25.80	Inf	Glu	97.9	high confidence set
Chr01	31	123720141	123720211	Gly	GCC	0	0	66.5	44.80	21.70	Inf	Gly	94.4	high confidence set
Chr01	32	131917792	131917865	Glu	TTC	0	0	64.1	37.70	26.40	Inf	Glu	91.0	high confidence set
Chr01	35	138398258	138398330	Arg	ACG	0	0	72.0	49.70	22.30	Inf	Arg	93.9	high confidence set
Chr01	36	138942860	138942932	Phe	GAA	0	0	78.3	58.40	19.90	Inf	Phe	113.2	high confidence set
Chr01	38	141204671	141204751	Leu	CAG	0	0	69.5	46.80	22.70	Inf	Leu	109.7	high confidence set
Chr01	40	150333316	150333389	Asn	GTT	0	0	84.5	59.40	25.10	Inf	Asn	95.9	high confidence set
Chr01	42	142985844	142985761	Leu	CAA	0	0	78.6	55.60	23.00	Inf	Leu	123.0	high confidence set
Chr01	44	133169614	133169544	Gly	CCC	0	0	66.3	29.50	36.80	Inf	Gly	89.7	high confidence set
Chr01	46	125551131	125551058	Arg	TCG	0	0	81.9	60.40	21.50	Inf	Arg	92.9	high confidence set
Chr01	47	123959929	123959849	Leu	AAG	0	0	74.0	52.20	21.80	Inf	Leu	110.4	high confidence set
Chr01	48	123599170	123599099	iMet	CAT	0	0	57.5	26.90	30.60	Inf	iMet	115.2	high confidence set
Chr01	50	117430396	117430315	Ser	TGA	0	0	80.7	46.10	34.60	Inf	Ser	119.7	high confidence set
Chr01	51	115122059	115121988	Pro	TGG	0	0	68.5	35.70	32.80	Inf	Pro	111.2	high confidence set
Chr01	53	107936126	107936045	Ser	GCT	0	0	79.0	43.10	35.90	Inf	Ser	108.6	high confidence set
Chr01	54	100190807	100190736	His	GTG	0	0	63.0	33.70	29.30	Inf	His	86.8	high confidence set
Chr01	55	95091842	95091762	Leu	AAG	0	0	74.3	53.30	21.00	Inf	Leu	109.7	high confidence set
Chr01	56	91159514	91159433	Ser	GCT	0	0	80.5	45.20	35.30	Inf	Ser	109.5	high confidence set
Chr01	57	88030860	88030772	Met	CAT	88030822	88030808	64.1	40.60	23.50	Inf	Met	104.0	high confidence set
Chr01	58	86892916	86892846	Gly	GCC	0	0	66.5	44.80	21.70	Inf	Gly	94.4	high confidence set
Chr01	61	49514583	49514511	Tyr	GTA	0	0	65.8	53.00	12.80	Inf	Lys	84.1	IPD:-61.00,isotype mismatch
Chr01	63	45645195	45645125	Gly	GCC	0	0	66.5	44.80	21.70	Inf	Gly	94.4	high confidence set
Chr01	64	41650369	41650297	Ala	AGC	0	0	63.4	38.20	25.20	Inf	Ala	98.3	high confidence set
Chr01	66	23560648	23560575	Thr	AGT	0	0	75.0	46.80	28.20	Inf	Thr	89.8	high confidence set
Chr01	67	22020796	22020709	Tyr	GTA	22020759	22020745	74.4	42.90	31.50	Inf	Tyr	111.8	high confidence set
Chr01	68	15465364	15465291	Val	CAC	0	0	79.3	48.30	31.00	Inf	Val	104.5	high confidence set
Chr01	69	12218421	12218348	Thr	AGT	0	0	75.0	46.80	28.20	Inf	Thr	89.8	high confidence set
Chr01	71	8848024	8847953	Cys	GCA	0	0	81.7	56.10	25.60	Inf	Cys	104.3	high confidence set
Chr01	72	8478565	8478495	Gly	GCC	0	0	66.5	44.80	21.70	Inf	Gly	94.4	high confidence set
Chr01	73	4860857	4860774	Leu	CAA	0	0	78.6	55.60	23.00	Inf	Leu	123.0	high confidence set
Chr01	74	3951844	3951771	Val	AAC	0	0	72.9	48.60	24.30	Inf	Val	93.8	high confidence set
Chr02	1	481855	481935	Leu	AAG	0	0	65.9	46.30	19.60	Inf	Leu	96.9	high confidence set
Chr02	2	5914145	5914215	Gly	GCC	0	0	66.5	44.80	21.70	Inf	Gly	94.4	high confidence set
Chr02	3	7253512	7253584	Ala	AGC	0	0	63.4	38.20	25.20	Inf	Ala	98.3	high confidence set
Chr02	7	21002882	21002954	Glu	CTC	0	0	77.5	51.70	25.80	Inf	Glu	97.9	high confidence set
Chr02	8	21180415	21180485	Gly	GCC	0	0	66.5	44.80	21.70	Inf	Gly	94.4	high confidence set
Chr02	9	23895554	23895625	Gln	CTG	0	0	69.1	47.60	21.50	Inf	Gln	97.0	high confidence set
Chr02	10	26431222	26431295	Val	AAC	0	0	72.9	48.60	24.30	Inf	Val	93.8	high confidence set
Chr02	13	35403566	35403638	Glu	CTC	0	0	77.5	51.70	25.80	Inf	Glu	97.9	high confidence set
Chr02	14	46652239	46652311	Lys	CTT	0	0	82.7	62.60	20.10	Inf	Lys	100.8	high confidence set
Chr02	17	61902608	61902681	Asn	GTT	0	0	84.5	59.40	25.10	Inf	Asn	95.9	high confidence set
Chr02	19	85133075	85133163	Met	CAT	85133113	85133127	64.1	40.60	23.50	Inf	Met	104.0	high confidence set
Chr02	20	94048788	94048861	Asn	GTT	0	0	75.9	57.40	18.50	Inf	Asn	85.5	high confidence set
Chr02	23	106708539	106708612	Ile	AAT	0	0	63.2	48.00	15.20	Inf	Ile	86.6	high confidence set
Chr02	24	107231536	107231607	Trp	CCA	0	0	75.8	51.20	24.60	Inf	Trp	105.6	high confidence set
Chr02	25	108879412	108879482	Gly	CCC	0	0	65.4	28.10	37.30	Inf	Gly	85.4	high confidence set
Chr02	26	109044497	109044578	Ser	TGA	0	0	80.7	46.10	34.60	Inf	Ser	119.7	high confidence set
Chr02	28	113990322	113990394	Glu	CTC	0	0	77.5	51.70	25.80	Inf	Glu	97.9	high confidence set
Chr02	29	117518775	117518855	Leu	AAG	0	0	74.0	52.20	21.80	Inf	Leu	110.4	high confidence set
Chr02	30	117730986	117731057	iMet	CAT	0	0	56.4	24.80	31.60	Inf	iMet	116.1	high confidence set
Chr02	31	118763106	118763177	His	GTG	0	0	63.0	33.70	29.30	Inf	His	86.8	high confidence set
Chr02	32	119959909	119959980	His	GTG	0	0	63.0	33.70	29.30	Inf	His	86.8	high confidence set
Chr02	33	138521413	138521483	Gly	GCC	0	0	66.0	44.20	21.80	Inf	Gly	95.0	high confidence set
Chr02	34	144934606	144934679	Asn	GTT	0	0	84.5	59.40	25.10	Inf	Asn	95.9	high confidence set
Chr02	35	145668617	145668687	Gly	GCC	0	0	66.5	44.80	21.70	Inf	Gly	94.4	high confidence set
Chr02	37	144577626	144577555	Thr	TGT	0	0	84.5	58.50	26.00	Inf	Thr	95.0	high confidence set
Chr02	39	139807877	139807807	Gly	GCC	0	0	60.2	44.30	15.90	Inf	Gly	86.5	high confidence set
Chr02	41	137509173	137509090	Leu	CAA	0	0	78.6	55.60	23.00	Inf	Leu	123.0	high confidence set
Chr02	42	132857021	132856936	Tyr	GTA	132856984	132856972	74.5	42.90	31.60	Inf	Tyr	111.8	high confidence set
Chr02	43	132599757	132599685	Arg	ACG	0	0	63.7	41.10	22.60	Inf	Arg	83.5	high confidence set
Chr02	45	130956011	130955940	Thr	CGT	0	0	82.2	57.60	24.60	Inf	Thr	90.2	high confidence set
Chr02	47	123171762	123171689	Glu	TTC	0	0	64.1	37.70	26.40	Inf	Glu	91.0	high confidence set
Chr02	48	117664032	117663962	Gly	GCC	0	0	66.5	44.80	21.70	Inf	Gly	94.4	high confidence set
Chr02	49	114154416	114154344	Ala	CGC	0	0	68.3	44.10	24.20	Inf	Ala	99.2	high confidence set
Chr02	50	111012240	111012169	Pro	TGG	0	0	68.5	35.70	32.80	Inf	Pro	111.2	high confidence set
Chr02	53	107190248	107190177	Trp	CCA	0	0	75.8	51.20	24.60	Inf	Trp	105.6	high confidence set
Chr02	54	106559682	106559602	Leu	CAG	0	0	69.5	46.80	22.70	Inf	Leu	109.7	high confidence set
Chr02	56	104034302	104034231	iMet	CAT	0	0	58.3	28.10	30.20	Inf	iMet	118.7	high confidence set
Chr02	57	103865889	103865803	Met	CAT	103865851	103865839	64.2	40.70	23.50	Inf	Met	104.0	high confidence set
Chr02	59	89667582	89667502	Leu	AAG	0	0	74.3	53.30	21.00	Inf	Leu	109.7	high confidence set
Chr02	60	85822125	85822053	Ala	TGC	0	0	70.0	45.30	24.70	Inf	Ala	100.6	high confidence set
Chr02	61	51079803	51079721	Leu	CAA	0	0	56.5	39.00	17.50	Inf	Leu	92.4	high confidence set
Chr02	63	41493086	41493016	Gly	GCC	0	0	66.5	44.80	21.70	Inf	Gly	94.4	high confidence set
Chr02	64	40174984	40174913	Thr	TGT	0	0	79.3	49.30	30.00	Inf	Thr	92.3	high confidence set
Chr02	66	30718654	30718582	Arg	ACG	0	0	72.0	49.70	22.30	Inf	Arg	93.9	high confidence set
Chr02	67	24132875	24132802	Thr	AGT	0	0	74.0	45.80	28.20	Inf	Thr	89.0	high confidence set
Chr02	68	14478185	14478112	Val	CAC	0	0	56.8	36.70	20.10	Inf	Val	84.0	high confidence set
Chr02	69	10735779	10735707	Arg	ACG	0	0	72.0	49.70	22.30	Inf	Arg	93.9	high confidence set
Chr02	70	8353235	8353162	Thr	AGT	0	0	75.0	46.80	28.20	Inf	Thr	89.8	high confidence set
Chr02	71	6166993	6166922	Cys	GCA	0	0	81.7	56.10	25.60	Inf	Cys	104.3	high confidence set
Chr02	73	2674274	2674191	Leu	CAA	0	0	78.6	55.60	23.00	Inf	Leu	123.0	high confidence set
Chr02	74	1758658	1758586	Glu	CTC	0	0	77.5	51.70	25.80	Inf	Glu	97.9	high confidence set
Chr03	1	239832	239903	Cys	GCA	0	0	81.7	56.10	25.60	Inf	Cys	104.3	high confidence set
Chr03	3	6156153	6156226	Glu	TTC	0	0	64.1	37.70	26.40	Inf	Glu	91.0	high confidence set
Chr03	4	10203460	10203532	Phe	GAA	0	0	78.3	58.40	19.90	Inf	Phe	113.2	high confidence set
Chr03	6	16701669	16701752	Leu	CAA	0	0	78.6	55.60	23.00	Inf	Leu	123.0	high confidence set
Chr03	8	19709963	19710036	Val	AAC	0	0	68.1	47.80	20.30	Inf	Val	91.1	high confidence set
Chr03	11	41054090	41054162	Arg	CCG	0	0	66.0	50.50	15.50	Inf	Arg	94.3	high confidence set
Chr03	13	56565738	56565826	Tyr	GTA	56565775	56565790	74.3	42.80	31.50	Inf	Tyr	110.5	high confidence set
Chr03	14	56935559	56935632	Asn	GTT	0	0	84.5	59.40	25.10	Inf	Asn	95.9	high confidence set
Chr03	15	61446175	61446247	Lys	CTT	0	0	86.8	66.60	20.20	Inf	Lys	107.7	high confidence set
Chr03	16	62865474	62865546	Lys	CTT	0	0	86.8	66.60	20.20	Inf	Lys	107.7	high confidence set
Chr03	17	65861002	65861072	Gly	CCC	0	0	66.3	29.50	36.80	Inf	Gly	89.7	high confidence set
Chr03	18	74899510	74899582	Glu	CTC	0	0	77.5	51.70	25.80	Inf	Glu	93.6	high confidence set
Chr03	19	75447652	75447738	Tyr	GTA	75447689	75447702	74.4	42.90	31.50	Inf	Tyr	111.8	high confidence set
Chr03	22	86491575	86491646	Lys	TTT	0	0	91.9	68.20	23.70	Inf	Lys	98.4	high confidence set
Chr03	24	88452430	88452502	Glu	CTC	0	0	77.5	51.70	25.80	Inf	Glu	97.9	high confidence set
Chr03	25	89470274	89470345	Pro	AGG	0	0	57.7	30.50	27.20	Inf	Ala	73.0	IPD:-11.90,isotype mismatch
Chr03	27	102261010	102261081	Gly	TCC	0	0	71.0	46.70	24.30	Inf	Gly	82.3	high confidence set
Chr03	28	104124075	104124162	Met	CAT	104124113	104124126	64.1	40.70	23.40	Inf	Met	104.0	high confidence set
Chr03	29	105770573	105770644	Trp	CCA	0	0	75.8	51.20	24.60	Inf	Trp	105.6	high confidence set
Chr03	30	106297835	106297905	Gly	CCC	0	0	66.3	29.50	36.80	Inf	Gly	89.7	high confidence set
Chr03	32	109061972	109062044	Ala	CGC	0	0	68.3	44.10	24.20	Inf	Ala	99.2	high confidence set
Chr03	36	105087470	105087399	His	GTG	0	0	63.0	33.70	29.30	Inf	His	87.1	high confidence set
Chr03	39	97546415	97546344	Asp	GTC	0	0	69.8	46.80	23.00	Inf	Asp	95.8	high confidence set
Chr03	41	89586307	89586236	Thr	CGT	0	0	80.5	54.30	26.20	Inf	Thr	87.3	high confidence set
Chr03	42	87926438	87926360	Leu	AAG	0	0	55.1	41.20	13.90	Inf	Leu	87.5	high confidence set
Chr03	44	79530798	79530725	Ile	AAT	0	0	81.8	58.30	23.50	Inf	Ile	106.8	high confidence set
Chr03	45	71791801	71791729	Ala	CGC	0	0	68.2	44.00	24.20	Inf	Ala	95.8	high confidence set
Chr03	46	69349339	69349267	Lys	CTT	0	0	77.5	63.70	13.80	Inf	Lys	99.6	high confidence set
Chr03	48	59581179	59581107	Phe	GAA	0	0	78.3	58.40	19.90	Inf	Phe	113.2	high confidence set
Chr03	49	57057475	57057402	Val	CAC	0	0	79.3	48.30	31.00	Inf	Val	104.5	high confidence set
Chr03	51	33098830	33098757	Thr	TGT	0	0	70.0	40.20	29.80	Inf	Thr	73.8	high confidence set
Chr03	53	25478175	25478094	Ser	CGA	0	0	78.9	46.60	32.30	Inf	Ser	122.0	high confidence set
Chr03	54	17056887	17056816	Thr	CGT	0	0	82.2	57.60	24.60	Inf	Thr	90.2	high confidence set
Chr03	57	4990500	4990427	Thr	AGT	0	0	75.0	46.80	28.20	Inf	Thr	89.8	high confidence set
Chr03	60	1709415	1709344	Cys	GCA	0	0	72.3	46.70	25.60	Inf	Cys	97.4	high confidence set
Chr03	62	1192286	1192215	Gly	TCC	0	0	72.8	47.10	25.70	Inf	Gly	81.8	high confidence set
Chr04	2	8544747	8544833	Met	CAT	8544785	8544797	50.7	27.00	23.70	Inf	Met	85.6	high confidence set
Chr04	3	9865970	9866043	Thr	AGT	0	0	75.0	46.80	28.20	Inf	Thr	89.8	high confidence set
Chr04	6	31470386	31470457	Lys	TTT	0	0	91.9	68.20	23.70	Inf	Lys	98.4	high confidence set
Chr04	12	61537864	61537935	Asp	GTC	0	0	69.8	46.80	23.00	Inf	Asp	95.8	high confidence set
Chr04	14	73797480	73797556	Ala	CGC	0	0	51.4	35.00	16.40	Inf	Ala	73.9	high confidence set
Chr04	18	91933446	91933518	Arg	TCT	0	0	68.1	50.00	18.10	Inf	Arg	96.3	high confidence set
Chr04	19	92552059	92552139	Leu	AAG	0	0	56.3	34.30	22.00	Inf	Leu	92.8	high confidence set
Chr04	22	100746166	100746237	Gly	TCC	0	0	73.9	46.20	27.70	Inf	Gly	85.6	high confidence set
Chr04	24	101547788	101547860	Phe	GAA	0	0	64.8	48.10	16.70	Inf	Tyr	78.9	IPD:-9.50,isotype mismatch
Chr04	27	106337966	106338037	Asp	GTC	0	0	69.8	46.80	23.00	Inf	Asp	95.8	high confidence set
Chr04	28	108172639	108172710	Trp	CCA	0	0	55.4	43.70	11.70	Inf	Trp	84.9	high confidence set
Chr04	30	108762648	108762719	His	GTG	0	0	63.0	33.70	29.30	Inf	His	87.1	high confidence set
Chr04	31	112673230	112673311	Ser	TGA	0	0	78.3	44.40	33.90	Inf	Ser	115.8	high confidence set
Chr04	33	112953867	112953786	Ser	TGA	0	0	78.3	44.40	33.90	Inf	Ser	115.8	high confidence set
Chr04	36	109575560	109575488	Ala	AGC	0	0	57.2	38.50	18.70	Inf	Ala	94.3	high confidence set
Chr04	37	108361440	108361360	Leu	CAG	0	0	69.5	46.80	22.70	Inf	Leu	109.7	high confidence set
Chr04	38	105796418	105796337	Ser	GCT	0	0	79.0	43.10	35.90	Inf	Ser	108.6	high confidence set
Chr04	39	105751375	105751294	Ser	GCT	0	0	79.0	43.10	35.90	Inf	Ser	108.6	high confidence set
Chr04	42	89527580	89527508	Ala	AGC	0	0	63.4	38.20	25.20	Inf	Ala	98.3	high confidence set
Chr04	43	87359965	87359894	Lys	TTT	0	0	91.9	68.20	23.70	Inf	Lys	98.4	high confidence set
Chr04	45	80576792	80576719	Ile	AAT	0	0	81.8	58.30	23.50	Inf	Ile	106.8	high confidence set
Chr04	46	79239709	79239637	Glu	CTC	0	0	77.5	51.70	25.80	Inf	Glu	97.9	high confidence set
Chr04	47	72169341	72169268	Ile	AAT	0	0	81.8	58.30	23.50	Inf	Ile	106.8	high confidence set
Chr04	48	71482586	71482515	Asn	GTT	0	0	74.2	51.20	23.00	Inf	Asn	77.1	high confidence set
Chr04	51	61104628	61104556	Phe	GAA	0	0	78.3	58.40	19.90	Inf	Phe	113.2	high confidence set
Chr04	53	60729325	60729255	Val	CAC	0	0	53.6	32.00	21.60	Inf	Val	71.2	high confidence set
Chr04	57	50447724	50447652	Phe	GAA	0	0	67.3	42.10	25.20	Inf	Tyr	77.9	IPD:-19.20,isotype mismatch
Chr04	61	38038636	38038564	Arg	CCG	0	0	66.0	50.50	15.50	Inf	Arg	94.3	high confidence set
Chr04	63	33011575	33011494	Ser	GCT	0	0	79.0	43.10	35.90	Inf	Ser	108.6	high confidence set
Chr04	64	21460805	21460722	Leu	CAA	0	0	78.6	55.60	23.00	Inf	Leu	123.0	high confidence set
Chr04	66	11585665	11585593	Phe	GAA	0	0	78.3	58.40	19.90	Inf	Phe	113.2	high confidence set
Chr04	69	7873930	7873857	Glu	TTC	0	0	64.1	37.70	26.40	Inf	Glu	91.0	high confidence set
Chr05	1	1581214	1581287	Ile	TAT	0	0	84.2	68.50	15.70	Inf	Ile	98.6	high confidence set
Chr05	2	2246660	2246731	Gln	CTG	0	0	71.8	47.10	24.70	Inf	Gln	103.5	high confidence set
Chr05	3	2570602	2570683	Ser	AGA	0	0	74.5	40.60	33.90	Inf	Ser	109.2	high confidence set
Chr05	4	2614520	2614601	Pro	AGG	0	0	56.6	34.70	21.90	Inf	Ser	84.5	IPD:-88.30,isotype mismatch
Chr05	5	9708919	9708989	Gly	GCC	0	0	66.5	44.80	21.70	Inf	Gly	94.4	high confidence set
Chr05	6	9765338	9765408	Gly	GCC	0	0	66.5	44.80	21.70	Inf	Gly	94.4	high confidence set
Chr05	7	10865166	10865247	Ser	TGA	0	0	80.7	46.10	34.60	Inf	Ser	119.7	high confidence set
Chr05	14	74926623	74926704	Ser	CGA	0	0	78.9	46.60	32.30	Inf	Ser	122.0	high confidence set
Chr05	15	79469915	79469988	Ile	AAT	0	0	81.8	58.30	23.50	Inf	Ile	106.8	high confidence set
Chr05	16	87694708	87694779	Asp	GTC	0	0	66.9	46.70	20.20	Inf	Asp	95.4	high confidence set
Chr05	17	88256385	88256458	Glu	TTC	0	0	59.4	33.10	26.30	Inf	Glu	83.3	high confidence set
Chr05	18	88874842	88874914	Lys	CTT	0	0	86.8	66.60	20.20	Inf	Lys	107.7	high confidence set
Chr05	19	89402122	89402207	Tyr	GTA	89402159	89402171	74.5	43.00	31.50	Inf	Tyr	111.8	high confidence set
Chr05	21	91241637	91241708	Asp	GTC	0	0	69.8	46.80	23.00	Inf	Asp	95.8	high confidence set
Chr05	26	101920222	101920304	Val	CAC	0	0	56.6	31.60	25.00	Inf	Val	72.8	high confidence set
Chr05	27	106285932	106286005	Ile	AAT	0	0	59.0	48.70	10.30	Inf	Ile	76.8	high confidence set
Chr05	28	106787313	106787394	Ser	AGA	0	0	80.3	44.00	36.30	Inf	Ser	115.3	high confidence set
Chr05	31	110006587	110006666	Leu	TAG	0	0	69.5	48.50	21.00	Inf	Leu	111.5	high confidence set
Chr05	33	112821004	112821084	Leu	AAG	0	0	74.0	52.20	21.80	Inf	Leu	110.4	high confidence set
Chr05	34	113382311	113382383	Phe	GAA	0	0	78.3	58.40	19.90	Inf	Phe	113.2	high confidence set
Chr05	35	110396375	110396303	Arg	TCT	0	0	68.5	50.60	17.90	Inf	Arg	98.8	high confidence set
Chr05	36	108604243	108604156	Ser	GCT	0	0	69.2	39.20	30.00	Inf	Ser	84.1	high confidence set
Chr05	37	107067065	107066994	Gln	TTG	0	0	72.0	58.00	14.00	Inf	Gln	99.0	high confidence set
Chr05	39	104411042	104410969	Val	AAC	0	0	72.2	47.80	24.40	Inf	Val	98.2	high confidence set
Chr05	40	103502938	103502866	Glu	CTC	0	0	67.5	48.30	19.20	Inf	Glu	90.9	high confidence set
Chr05	42	102353034	102352954	Leu	CAG	0	0	69.5	46.80	22.70	Inf	Leu	109.7	high confidence set
Chr05	43	98986004	98985933	Gly	TCC	0	0	73.9	46.20	27.70	Inf	Gly	85.6	high confidence set
Chr05	45	93370363	93370292	Asp	GTC	0	0	60.7	42.50	18.20	Inf	Asp	85.7	high confidence set
Chr05	46	88812698	88812626	Phe	GAA	0	0	78.3	58.40	19.90	Inf	Phe	113.2	high confidence set
Chr05	48	83796703	83796631	Val	TAC	0	0	71.9	39.50	32.40	Inf	Val	103.9	high confidence set
Chr05	54	70344228	70344156	Arg	CCT	0	0	74.8	55.90	18.90	Inf	Arg	84.6	high confidence set
Chr05	59	19815467	19815386	Ser	AGA	0	0	80.3	44.00	36.30	Inf	Ser	115.3	high confidence set
Chr05	60	19245925	19245852	Ile	TAT	0	0	87.1	72.60	14.50	Inf	Ile	104.3	high confidence set
Chr05	61	18511060	18510980	Leu	CAG	0	0	69.5	46.80	22.70	Inf	Leu	109.7	high confidence set
Chr05	62	9386771	9386701	Gly	GCC	0	0	66.5	44.80	21.70	Inf	Gly	94.4	high confidence set
Chr05	63	2272026	2271954	Glu	CTC	0	0	77.5	51.70	25.80	Inf	Glu	97.9	high confidence set
Chr05	66	961287	961214	Ile	TAT	0	0	84.2	68.50	15.70	Inf	Ile	98.6	high confidence set
Chr06	2	12123047	12123119	Glu	CTC	0	0	77.5	51.70	25.80	Inf	Glu	97.9	high confidence set
Chr06	4	19683443	19683523	Leu	CAG	0	0	69.5	46.80	22.70	Inf	Leu	109.7	high confidence set
Chr06	8	42791532	42791612	Leu	AAG	0	0	74.0	52.20	21.80	Inf	Leu	110.4	high confidence set
Chr06	9	76410925	76410998	Ile	AAT	0	0	81.8	58.30	23.50	Inf	Ile	106.8	high confidence set
Chr06	12	81334473	81334545	Arg	ACG	0	0	72.0	49.70	22.30	Inf	Arg	93.9	high confidence set
Chr06	18	88639898	88639970	Lys	CTT	0	0	86.8	66.60	20.20	Inf	Lys	107.7	high confidence set
Chr06	19	89447235	89447306	Asp	GTC	0	0	69.8	46.80	23.00	Inf	Asp	95.8	high confidence set
Chr06	20	93600640	93600711	Gln	CTG	0	0	75.3	51.20	24.10	Inf	Gln	103.1	high confidence set
Chr06	21	93774207	93774278	Asp	GTC	0	0	69.8	46.80	23.00	Inf	Asp	95.8	high confidence set
Chr06	25	101046796	101046868	Arg	CCG	0	0	72.4	53.20	19.20	Inf	Arg	74.6	high confidence set
Chr06	26	101372523	101372595	Lys	CTT	0	0	86.8	66.60	20.20	Inf	Lys	107.7	high confidence set
Chr06	27	101717990	101718070	Leu	CAG	0	0	69.5	46.80	22.70	Inf	Leu	109.7	high confidence set
Chr06	32	115213596	115213668	Phe	GAA	0	0	78.3	58.40	19.90	Inf	Phe	113.2	high confidence set
Chr06	33	114470377	114470298	Leu	TAG	0	0	69.5	48.50	21.00	Inf	Leu	111.5	high confidence set
Chr06	34	114234263	114234180	Leu	TAA	0	0	73.6	37.00	36.60	Inf	Leu	89.7	high confidence set
Chr06	35	111643377	111643306	Lys	TTT	0	0	91.9	68.20	23.70	Inf	Lys	98.4	high confidence set
Chr06	36	111275471	111275391	Leu	AAG	0	0	74.0	52.20	21.80	Inf	Leu	110.4	high confidence set
Chr06	38	108000106	108000025	Ser	AGA	0	0	65.1	33.40	31.70	Inf	Ser	101.8	high confidence set
Chr06	39	107073879	107073806	Val	AAC	0	0	72.2	47.80	24.40	Inf	Val	98.2	high confidence set
Chr06	43	92671445	92671360	Tyr	GTA	92671408	92671396	74.5	43.00	31.50	Inf	Tyr	111.8	high confidence set
Chr07	1	2406146	2406217	iMet	CAT	0	0	58.3	28.10	30.20	Inf	iMet	118.7	high confidence set
Chr07	2	2575972	2576045	Val	AAC	0	0	72.5	48.10	24.40	Inf	Val	100.2	high confidence set
Chr07	4	2810751	2810823	Ala	CGC	0	0	68.3	44.10	24.20	Inf	Ala	99.2	high confidence set
Chr07	6	3577175	3577256	Ser	GCT	0	0	79.0	43.10	35.90	Inf	Ser	108.6	high confidence set
Chr07	7	3580354	3580426	Glu	CTC	0	0	77.5	51.70	25.80	Inf	Glu	97.9	high confidence set
Chr07	8	9074229	9074300	Asp	GTC	0	0	68.0	45.20	22.80	Inf	Asp	91.9	high confidence set
Chr07	9	15297345	15297425	Leu	AAG	0	0	74.3	53.30	21.00	Inf	Leu	109.7	high confidence set
Chr07	10	15367192	15367262	Gly	CCC	0	0	66.3	29.50	36.80	Inf	Gly	89.7	high confidence set
Chr07	12	16878041	16878111	Gly	GCC	0	0	66.5	44.80	21.70	Inf	Gly	94.4	high confidence set
Chr07	14	41278863	41278943	Leu	CAG	0	0	69.5	46.80	22.70	Inf	Leu	109.7	high confidence set
Chr07	15	41392705	41392776	Gly	TCC	0	0	71.0	46.70	24.30	Inf	Gly	82.3	high confidence set
Chr07	16	42862774	42863018	Tyr	GTA	42862811	42862982	64.2	37.70	26.50	Inf	Tyr	99.9	high confidence set
Chr07	17	45206813	45206885	Phe	GAA	0	0	78.3	58.40	19.90	Inf	Phe	113.2	high confidence set
Chr07	18	47737723	47737796	Ile	AAT	0	0	72.7	55.40	17.30	Inf	Ile	96.4	high confidence set
Chr07	19	55062014	55062087	Val	AAC	0	0	54.0	26.60	27.40	Inf	Val	82.7	high confidence set
Chr07	20	55289386	55289457	Pro	TGG	0	0	69.6	37.70	31.90	Inf	Pro	108.3	high confidence set
Chr07	21	60556242	60556314	Glu	CTC	0	0	80.0	54.10	25.90	Inf	Glu	99.8	high confidence set
Chr07	22	66738327	66738399	Ala	AGC	0	0	57.0	39.30	17.70	Inf	Ala	87.5	high confidence set
Chr07	23	66847390	66847471	Ser	GCT	0	0	79.0	43.10	35.90	Inf	Ser	108.6	high confidence set
Chr07	24	77659924	77659996	Lys	CTT	0	0	86.8	66.60	20.20	Inf	Lys	107.7	high confidence set
Chr07	25	78260705	78260776	Asp	GTC	0	0	69.8	46.80	23.00	Inf	Asp	95.8	high confidence set
Chr07	28	78939465	78939535	Gly	GCC	0	0	66.5	44.80	21.70	Inf	Gly	94.4	high confidence set
Chr07	31	106159551	106159622	Cys	GCA	0	0	78.0	49.10	28.90	Inf	Cys	100.1	high confidence set
Chr07	33	109883808	109883880	Ala	TGC	0	0	70.0	45.30	24.70	Inf	Ala	100.6	high confidence set
Chr07	34	113516169	113516250	Ser	AGA	0	0	80.3	44.00	36.30	Inf	Ser	115.3	high confidence set
Chr07	35	114801129	114801201	Ala	CGC	0	0	68.2	44.00	24.20	Inf	Ala	95.8	high confidence set
Chr07	37	118139546	118139617	Trp	CCA	0	0	75.8	51.20	24.60	Inf	Trp	105.6	high confidence set
Chr07	38	120403937	120404010	Ile	AAT	0	0	78.4	58.00	20.40	Inf	Ile	102.5	high confidence set
Chr07	40	124426027	124426108	Ser	AGA	0	0	80.3	44.00	36.30	Inf	Ser	115.3	high confidence set
Chr07	41	130509740	130509811	Thr	TGT	0	0	79.3	49.30	30.00	Inf	Thr	92.3	high confidence set
Chr07	43	132802122	132802193	Gln	CTG	0	0	75.3	51.20	24.10	Inf	Gln	103.1	high confidence set
Chr07	44	138121171	138121242	iMet	CAT	0	0	58.3	28.10	30.20	Inf	iMet	118.7	high confidence set
Chr07	45	142762003	142762076	Glu	TTC	0	0	64.1	37.70	26.40	Inf	Glu	91.0	high confidence set
Chr07	46	144079568	144079642	Ser	AGA	0	0	62.1	42.50	19.60	Inf	Ser	83.1	high confidence set
Chr07	47	151765978	151766059	Ser	GCT	0	0	71.7	35.80	35.90	Inf	Ser	102.4	high confidence set
Chr07	48	152919070	152919142	Ala	CGC	0	0	68.2	44.00	24.20	Inf	Ala	95.8	high confidence set
Chr07	50	158144351	158144437	Met	CAT	158144389	158144401	64.2	40.70	23.50	Inf	Met	104.0	high confidence set
Chr07	51	160715086	160715157	Pro	AGG	0	0	67.4	34.70	32.70	Inf	Pro	112.3	high confidence set
Chr07	52	160742890	160742819	Pro	AGG	0	0	67.4	34.70	32.70	Inf	Pro	112.3	high confidence set
Chr07	53	160096956	160096885	Cys	GCA	0	0	78.4	49.90	28.50	Inf	Cys	102.6	high confidence set
Chr07	54	159118192	159118109	Leu	CAA	0	0	78.8	55.90	22.90	Inf	Leu	121.7	high confidence set
Chr07	55	154778297	154778225	Glu	CTC	0	0	77.5	51.70	25.80	Inf	Glu	97.9	high confidence set
Chr07	58	146994377	146994306	Asn	GTT	0	0	70.3	50.60	19.70	Inf	Asn	72.8	high confidence set
Chr07	59	145718699	145718628	iMet	CAT	0	0	58.3	28.10	30.20	Inf	iMet	118.7	high confidence set
Chr07	60	144745391	144745320	Trp	CCA	0	0	75.8	51.20	24.60	Inf	Trp	105.6	high confidence set
Chr07	61	143842768	143842683	Tyr	GTA	143842731	143842719	74.5	42.90	31.60	Inf	Tyr	111.8	high confidence set
Chr07	62	139174265	139174179	Met	CAT	139174227	139174215	64.2	40.70	23.50	Inf	Met	104.0	high confidence set
Chr07	64	135861782	135861711	Thr	CGT	0	0	80.5	54.30	26.20	Inf	Thr	87.3	high confidence set
Chr07	65	130959812	130959739	Thr	AGT	0	0	76.8	48.70	28.10	Inf	Thr	90.9	high confidence set
Chr07	67	127858720	127858650	Gly	GCC	0	0	66.5	44.80	21.70	Inf	Gly	94.4	high confidence set
Chr07	68	119284183	119284112	Trp	CCA	0	0	75.8	51.20	24.60	Inf	Trp	105.6	high confidence set
Chr07	69	117985865	117985785	Leu	CAG	0	0	52.0	34.50	17.50	Inf	Leu	86.3	high confidence set
Chr07	70	109921314	109921242	Phe	GAA	0	0	78.3	58.40	19.90	Inf	Phe	113.2	high confidence set
Chr07	71	107818068	107817988	Leu	AAG	0	0	72.5	50.10	22.40	Inf	Leu	107.4	high confidence set
Chr07	72	105996845	105996766	Leu	TAG	0	0	69.5	48.50	21.00	Inf	Leu	111.5	high confidence set
Chr07	73	97122498	97122427	His	GTG	0	0	63.3	34.30	29.00	Inf	His	87.4	high confidence set
Chr07	76	79220305	79220233	Lys	CTT	0	0	80.7	62.40	18.30	Inf	Lys	101.4	high confidence set
Chr07	77	68832959	68832887	Ala	CGC	0	0	68.2	44.00	24.20	Inf	Ala	95.8	high confidence set
Chr07	81	60608951	60608879	Arg	CCG	0	0	66.0	50.50	15.50	Inf	Arg	94.3	high confidence set
Chr07	83	57451060	57450989	Thr	TGT	0	0	84.5	58.50	26.00	Inf	Thr	95.0	high confidence set
Chr07	85	52476564	52476492	Glu	CTC	0	0	77.5	51.70	25.80	Inf	Glu	97.9	high confidence set
Chr07	88	44664698	44664626	Arg	TCT	0	0	70.0	49.90	20.10	Inf	Arg	100.1	high confidence set
Chr07	90	42833786	42833650	Tyr	GTA	42833749	42833686	72.5	41.00	31.50	Inf	Tyr	111.8	high confidence set
Chr07	91	41262649	41262576	Ile	AAT	0	0	81.8	58.30	23.50	Inf	Ile	106.8	high confidence set
Chr07	93	31637488	31637416	Arg	TCT	0	0	51.8	33.70	18.10	Inf	Arg	73.1	high confidence set
Chr07	96	21789390	21789319	Gln	TTG	0	0	70.5	47.60	22.90	Inf	Gln	102.4	high confidence set
Chr07	97	21788373	21788302	Gln	TTG	0	0	67.7	51.40	16.30	Inf	Gln	91.2	high confidence set
Chr07	98	21786623	21786552	Gln	TTG	0	0	72.0	49.00	23.00	Inf	Gln	104.4	high confidence set
Chr07	99	21783193	21783122	Gln	TTG	0	0	62.0	46.30	15.70	Inf	Gln	95.1	high confidence set
Chr07	100	20553120	20553049	Gln	CTG	0	0	72.9	48.70	24.20	Inf	Gln	103.4	high confidence set
Chr07	101	11873702	11873621	Ser	AGA	0	0	80.3	44.00	36.30	Inf	Ser	115.3	high confidence set
Chr07	102	4622851	4622770	Ser	GCT	0	0	79.0	43.10	35.90	Inf	Ser	108.6	high confidence set
Chr07	103	2755360	2755288	Arg	CCT	0	0	74.8	55.90	18.90	Inf	Arg	84.6	high confidence set
Chr08	1	1701443	1701514	iMet	CAT	0	0	58.3	28.10	30.20	Inf	iMet	118.7	high confidence set
Chr08	2	2172450	2172522	Ala	AGC	0	0	63.4	38.20	25.20	Inf	Ala	98.3	high confidence set
Chr08	3	2207747	2207819	Ala	CGC	0	0	67.0	44.10	22.90	Inf	Ala	97.2	high confidence set
Chr08	4	2969177	2969248	Ala	AGC	0	0	51.3	40.70	10.60	Inf	Ala	81.5	high confidence set
Chr08	8	12840067	12840139	Glu	CTC	0	0	77.5	51.70	25.80	Inf	Glu	97.9	high confidence set
Chr08	11	20973233	20973303	Gly	GCC	0	0	66.5	44.80	21.70	Inf	Gly	94.4	high confidence set
Chr08	12	26179597	26179668	Gln	TTG	0	0	70.5	47.60	22.90	Inf	Gln	102.4	high confidence set
Chr08	13	26184043	26184114	Gln	TTG	0	0	73.0	50.10	22.90	Inf	Gln	105.0	high confidence set
Chr08	14	26185096	26185167	Gln	TTG	0	0	63.6	47.10	16.50	Inf	Gln	95.9	high confidence set
Chr08	15	26190552	26190623	Gln	TTG	0	0	72.0	49.00	23.00	Inf	Gln	104.4	high confidence set
Chr08	23	42635323	42635394	His	GTG	0	0	59.8	30.40	29.40	Inf	His	87.3	high confidence set
Chr08	24	52106657	52106737	Leu	AAG	0	0	72.5	50.10	22.40	Inf	Leu	107.4	high confidence set
Chr08	25	52967595	52967676	Ser	AGA	0	0	51.6	32.70	18.90	Inf	Ser	89.3	high confidence set
Chr08	26	54609055	54609126	Cys	GCA	0	0	74.9	49.10	25.80	Inf	Cys	97.0	high confidence set
Chr08	27	57046236	57046307	Gln	TTG	0	0	79.6	56.50	23.10	Inf	Gln	109.6	high confidence set
Chr08	33	62352707	62352778	Trp	CCA	0	0	75.8	51.20	24.60	Inf	Trp	105.6	high confidence set
Chr08	34	66560228	66560309	Ser	AGA	0	0	80.3	44.00	36.30	Inf	Ser	115.3	high confidence set
Chr08	36	72401546	72401618	Phe	GAA	0	0	78.3	58.40	19.90	Inf	Phe	113.2	high confidence set
Chr08	37	73612921	73612992	Pro	TGG	0	0	68.5	35.70	32.80	Inf	Pro	111.2	high confidence set
Chr08	38	75734285	75734356	iMet	CAT	0	0	58.3	28.10	30.20	Inf	iMet	118.7	high confidence set
Chr08	41	83157591	83157662	Gln	CTG	0	0	75.3	51.20	24.10	Inf	Gln	103.1	high confidence set
Chr08	42	85051973	85052044	iMet	CAT	0	0	58.3	28.10	30.20	Inf	iMet	118.7	high confidence set
Chr08	43	89438801	89438882	Ser	GCT	0	0	66.2	36.60	29.60	Inf	Ser	93.3	high confidence set
Chr08	44	90747287	90747359	Ala	CGC	0	0	68.2	44.00	24.20	Inf	Ala	95.8	high confidence set
Chr08	45	91360576	91360490	Tyr	GTA	91360539	91360526	74.4	42.90	31.50	Inf	Tyr	111.8	high confidence set
Chr08	48	84214780	84214709	iMet	CAT	0	0	58.5	30.20	28.30	Inf	iMet	109.4	high confidence set
Chr08	49	83911922	83911849	Glu	TTC	0	0	64.1	37.70	26.40	Inf	Glu	91.0	high confidence set
Chr08	51	79487925	79487854	iMet	CAT	0	0	58.3	28.10	30.20	Inf	iMet	118.7	high confidence set
Chr08	52	73772567	73772496	Arg	CCG	0	0	72.0	50.90	21.10	Inf	Gln	98.9	IPD:-43.60,isotype mismatch
Chr08	53	72650169	72650096	Thr	AGT	0	0	76.0	48.40	27.60	Inf	Thr	90.6	high confidence set
Chr08	54	72406211	72406140	Thr	TGT	0	0	69.5	42.30	27.20	Inf	Thr	79.3	high confidence set
Chr08	56	69549433	69549363	Gly	GCC	0	0	56.7	37.90	18.80	Inf	Gly	80.2	high confidence set
Chr08	57	58913080	58912999	Ser	AGA	0	0	80.3	44.00	36.30	Inf	Ser	115.3	high confidence set
Chr08	58	58332405	58332333	Ala	TGC	0	0	70.0	45.30	24.70	Inf	Ala	100.6	high confidence set
Chr08	59	55035306	55035226	Leu	TAG	0	0	59.2	40.30	18.90	Inf	Leu	92.3	high confidence set
Chr08	60	54748064	54747993	Cys	GCA	0	0	78.0	49.10	28.90	Inf	Cys	100.1	high confidence set
Chr08	63	27685054	27684983	Gln	CTG	0	0	72.9	48.70	24.20	Inf	Gln	103.4	high confidence set
Chr08	66	19430320	19430250	Gly	CCC	0	0	66.3	29.50	36.80	Inf	Gly	89.7	high confidence set
Chr08	67	2169807	2169735	Arg	CCT	0	0	74.8	55.90	18.90	Inf	Arg	84.6	high confidence set
Chr09	1	2114330	2114403	Val	CAC	0	0	79.3	48.30	31.00	Inf	Val	104.5	high confidence set
Chr09	2	8284023	8284094	Pro	AGG	0	0	67.4	34.70	32.70	Inf	Pro	112.3	high confidence set
Chr09	4	41856882	41856968	Ser	GGA	0	0	51.6	23.00	28.60	Inf	Ser	71.2	unexpected anticodon
Chr09	9	78298058	78298140	Leu	TAA	0	0	71.9	38.80	33.10	Inf	Leu	98.7	high confidence set
Chr09	12	75159095	75159015	Ser	GCT	0	0	58.3	27.70	30.60	Inf	Ser	86.4	high confidence set
Chr09	18	41861275	41861204	Asn	GTT	0	0	68.6	45.60	23.00	Inf	Asn	71.0	high confidence set
Chr09	22	10340387	10340314	Glu	TTC	0	0	64.1	35.20	28.90	Inf	Glu	88.5	high confidence set
Chr09	29	1552331	1552259	Ala	TGC	0	0	70.0	45.30	24.70	Inf	Ala	100.6	high confidence set
Chr10	1	1244938	1245011	Val	CAC	0	0	79.3	48.30	31.00	Inf	Val	104.5	high confidence set
Chr10	2	1271240	1271313	Val	CAC	0	0	79.3	48.30	31.00	Inf	Val	104.5	high confidence set
Chr10	10	1713908	1713980	Ala	TGC	0	0	70.0	45.30	24.70	Inf	Ala	100.6	high confidence set
Chr10	12	6143270	6143343	Glu	TTC	0	0	64.1	37.70	26.40	Inf	Glu	91.0	high confidence set
Chr10	15	20603740	20603811	Arg	TCT	0	0	58.3	25.60	32.70	Inf	Gln	70.8	IPD:-24.50,isotype mismatch
Chr10	16	24970315	24970387	Ala	TGC	0	0	70.0	45.30	24.70	Inf	Ala	100.6	high confidence set
Chr10	24	60233182	60233253	Pro	TGG	0	0	60.9	26.30	34.60	Inf	Pro	100.7	high confidence set
Chr10	32	66736963	66736892	Leu	AAG	0	0	57.6	34.60	23.00	Inf	Pro	89.7	IPD:-94.60,isotype mismatch
Chr10	34	61404679	61404598	Ser	GCT	0	0	79.0	43.10	35.90	Inf	Ser	108.6	high confidence set
Chr10	37	52048222	52048149	Glu	TTC	0	0	61.7	35.30	26.40	Inf	Glu	91.0	high confidence set
Chr10	38	44412300	44412229	Pro	AGG	0	0	57.9	27.70	30.20	Inf	Pro	96.4	high confidence set
Chr10	41	16687564	16687492	His	ATG	0	0	57.7	41.30	16.40	Inf	Arg	78.4	IPD:-45.00,isotype mismatch
Chr11	3	33612970	33613041	Gly	TCC	0	0	74.1	46.70	27.40	Inf	Gly	84.2	high confidence set
Chr11	4	39751164	39751243	Leu	TAG	0	0	69.5	48.50	21.00	Inf	Leu	111.5	high confidence set
Chr11	6	45363056	45363129	Phe	GAA	0	0	55.2	43.80	11.40	Inf	Phe	82.9	high confidence set
Chr11	7	46170501	46170573	Lys	TTT	0	0	90.8	66.10	24.70	Inf	Lys	95.4	high confidence set
Chr11	8	50177140	50177213	Ile	AAT	0	0	81.8	58.30	23.50	Inf	Ile	106.8	high confidence set
Chr11	9	59145032	59145105	Thr	AGT	0	0	69.2	41.10	28.10	Inf	Thr	85.0	high confidence set
Chr11	14	72189559	72189644	Tyr	GTA	72189596	72189608	74.5	42.90	31.60	Inf	Tyr	111.8	high confidence set
Chr11	15	72322228	72322300	Arg	CCG	0	0	66.0	50.50	15.50	Inf	Arg	94.3	high confidence set
Chr11	16	72364611	72364684	Val	AAC	0	0	73.2	49.00	24.20	Inf	Val	95.8	high confidence set
Chr11	17	72384898	72384970	Arg	ACG	0	0	72.0	49.70	22.30	Inf	Arg	93.9	high confidence set
Chr11	18	75725282	75725353	Asp	GTC	0	0	68.0	45.20	22.80	Inf	Asp	91.9	high confidence set
Chr11	19	78711216	78711288	Ala	CGC	0	0	60.9	43.70	17.20	Inf	Ala	90.8	high confidence set
Chr11	20	78712799	78712871	Ala	CGC	0	0	68.3	44.10	24.20	Inf	Ala	99.2	high confidence set
Chr11	21	81286023	81286094	Gln	TTG	0	0	76.5	56.50	20.00	Inf	Gln	106.0	high confidence set
Chr11	24	74556180	74556109	Trp	CCA	0	0	75.8	51.20	24.60	Inf	Trp	105.6	high confidence set
Chr11	25	71030733	71030661	Ala	CGC	0	0	68.3	44.10	24.20	Inf	Ala	99.2	high confidence set
Chr11	26	69805065	69804979	Met	CAT	69805027	69805015	64.2	40.70	23.50	Inf	Met	104.0	high confidence set
Chr11	27	69174932	69174861	Thr	CGT	0	0	80.5	54.30	26.20	Inf	Thr	87.3	high confidence set
Chr11	31	59403752	59403680	Phe	GAA	0	0	78.3	58.40	19.90	Inf	Phe	113.2	high confidence set
Chr11	33	57162322	57162249	Ile	AAT	0	0	81.8	58.30	23.50	Inf	Ile	106.8	high confidence set
Chr11	35	55817504	55817431	Ile	AAT	0	0	81.8	58.30	23.50	Inf	Ile	106.8	high confidence set
Chr11	36	55188813	55188740	Val	CAC	0	0	79.3	48.30	31.00	Inf	Val	104.5	high confidence set
Chr11	40	49794786	49794714	Arg	ACG	0	0	72.0	49.70	22.30	Inf	Arg	93.9	high confidence set
Chr11	41	48264016	48263945	Trp	CCA	0	0	75.8	51.20	24.60	Inf	Trp	105.6	high confidence set
Chr11	42	47893547	47893468	Sup	CTA	47893511	47893504	68.5	44.10	24.40	Inf	Trp	102.5	IPD:-102.50,unexpected anticodon
Chr11	43	46177141	46177060	Ser	AGA	0	0	70.3	33.00	37.30	Inf	Ser	106.9	high confidence set
Chr11	44	44412312	44412241	Gln	TTG	0	0	66.4	51.50	14.90	Inf	Gln	89.2	high confidence set
Chr11	48	115149	115076	Val	AAC	0	0	67.2	44.70	22.50	Inf	Val	102.4	high confidence set
Chr12	1	8908799	8908879	Leu	AAG	0	0	57.1	40.00	17.10	Inf	Leu	93.7	high confidence set
Chr12	10	48178789	48178861	Lys	TTT	0	0	90.8	66.10	24.70	Inf	Lys	95.4	high confidence set
Chr12	11	50633280	50633352	Arg	ACG	0	0	72.0	49.70	22.30	Inf	Arg	93.9	high confidence set
Chr12	12	60894694	60894766	Arg	CCG	0	0	68.0	51.50	16.50	Inf	Arg	95.2	high confidence set
Chr12	13	62351556	62351628	Phe	GAA	0	0	78.3	58.40	19.90	Inf	Phe	113.2	high confidence set
Chr12	14	62402436	62402508	Ala	TGC	0	0	70.0	45.30	24.70	Inf	Ala	100.6	high confidence set
Chr12	15	65614931	65615002	Thr	CGT	0	0	80.5	54.30	26.20	Inf	Thr	87.3	high confidence set
Chr12	16	71848306	71848379	Val	AAC	0	0	73.2	49.00	24.20	Inf	Val	95.8	high confidence set
Chr12	17	71931005	71931090	Tyr	GTA	71931042	71931054	74.5	42.90	31.60	Inf	Tyr	111.8	high confidence set
Chr12	18	71997263	71997335	Arg	CCG	0	0	66.0	50.50	15.50	Inf	Arg	94.3	high confidence set
Chr12	19	73000573	73000645	Ala	CGC	0	0	68.3	44.10	24.20	Inf	Ala	99.2	high confidence set
Chr12	20	79401289	79401362	Glu	TTC	0	0	64.1	37.70	26.40	Inf	Glu	95.2	high confidence set
Chr12	22	85055139	85055066	Val	CAC	0	0	79.3	48.30	31.00	Inf	Val	104.5	high confidence set
Chr12	24	78926023	78925952	Trp	CCA	0	0	75.8	51.20	24.60	Inf	Trp	105.6	high confidence set
Chr12	25	64349340	64349269	Pro	CGG	0	0	68.5	36.10	32.40	Inf	Pro	108.5	high confidence set
Chr12	26	62570737	62570664	Thr	AGT	0	0	70.2	45.60	24.60	Inf	Thr	83.3	high confidence set
Chr12	28	60270284	60270211	Ile	AAT	0	0	81.8	58.30	23.50	Inf	Ile	106.8	high confidence set
Chr12	29	58921174	58921101	Ile	AAT	0	0	81.8	58.30	23.50	Inf	Ile	106.8	high confidence set
Chr12	30	56255895	56255813	Leu	TAA	0	0	71.9	38.80	33.10	Inf	Leu	98.7	high confidence set
Chr12	31	53116024	53115951	Ile	AAT	0	0	81.8	58.30	23.50	Inf	Ile	106.8	high confidence set
Chr12	32	51470533	51470462	Trp	CCA	0	0	75.8	51.20	24.60	Inf	Trp	105.6	high confidence set
Chr12	33	51357321	51357241	Leu	CAG	0	0	69.5	46.80	22.70	Inf	Leu	109.7	high confidence set
Chr12	34	50852415	50852343	Trp	CCA	0	0	59.2	40.90	18.30	Inf	Trp	77.3	high confidence set
Chr12	35	48207825	48207744	Ser	AGA	0	0	70.3	33.00	37.30	Inf	Ser	106.9	high confidence set
Chr12	37	46186694	46186623	iMet	CAT	0	0	59.7	30.20	29.50	Inf	iMet	115.9	high confidence set
Chr12	39	45402634	45402563	Gln	TTG	0	0	76.2	56.20	20.00	Inf	Gln	105.4	high confidence set
Chr12	40	41466920	41466841	Leu	TAG	0	0	69.2	49.00	20.20	Inf	Leu	109.5	high confidence set
Chr12	43	33538981	33538908	Val	CAC	0	0	71.3	40.30	31.00	Inf	Val	96.0	high confidence set
Chr12	45	347051	346978	Val	AAC	0	0	67.1	37.40	29.70	Inf	Val	97.7	high confidence set
Chr13	1	6225771	6225843	Arg	TCT	0	0	68.1	50.00	18.10	Inf	Arg	96.3	high confidence set
Chr13	2	16095640	16095713	Val	AAC	0	0	72.5	48.10	24.40	Inf	Val	100.2	high confidence set
Chr13	9	41126871	41126958	Tyr	GTA	41126908	41126920	53.6	36.20	17.40	Inf	Tyr	83.0	high confidence set
Chr13	10	41715039	41715109	Gly	GCC	0	0	66.5	44.80	21.70	Inf	Gly	94.4	high confidence set
Chr13	11	42701217	42701289	Lys	CTT	0	0	86.8	66.60	20.20	Inf	Lys	107.7	high confidence set
Chr13	14	50070413	50070496	Tyr	GTA	0	0	56.2	30.90	25.30	Inf	Tyr	72.5	high confidence set
Chr13	17	52481575	52481647	Ala	AGC	0	0	63.4	38.70	24.70	Inf	Ala	96.4	high confidence set
Chr13	18	55458641	55458721	Leu	AAG	0	0	74.0	52.20	21.80	Inf	Leu	110.4	high confidence set
Chr13	19	56948371	56948444	Val	CAC	0	0	79.3	48.30	31.00	Inf	Val	104.5	high confidence set
Chr13	20	58320439	58320511	Ala	AGC	0	0	63.4	38.20	25.20	Inf	Ala	98.3	high confidence set
Chr13	21	58545473	58545543	Pro	TGG	0	0	51.3	30.90	20.40	Inf	Pro	92.6	high confidence set
Chr13	23	61750062	61750142	Leu	AAG	0	0	74.0	52.20	21.80	Inf	Leu	110.4	high confidence set
Chr13	24	63427801	63427873	Glu	CTC	0	0	77.5	51.70	25.80	Inf	Glu	97.9	high confidence set
Chr13	25	64223799	64223871	Phe	GAA	0	0	78.3	58.40	19.90	Inf	Phe	113.2	high confidence set
Chr13	27	62220070	62219999	Thr	TGT	0	0	84.5	58.50	26.00	Inf	Thr	95.0	high confidence set
Chr13	28	61122736	61122663	Asn	GTT	0	0	83.6	57.80	25.80	Inf	Asn	94.9	high confidence set
Chr13	29	57646245	57646173	Glu	CTC	0	0	77.5	51.70	25.80	Inf	Glu	97.9	high confidence set
Chr13	31	47128672	47128599	Ile	AAT	0	0	81.8	58.30	23.50	Inf	Ile	106.8	high confidence set
Chr13	33	40629126	40629054	Lys	CTT	0	0	74.9	56.50	18.40	Inf	Lys	94.2	high confidence set
Chr13	34	35887944	35887873	Asp	GTC	0	0	61.5	38.80	22.70	Inf	Asp	88.1	high confidence set
Chr13	35	4991147	4991074	Ile	AAT	0	0	81.8	58.30	23.50	Inf	Ile	106.8	high confidence set
Chr13	36	4988015	4987935	Leu	CAG	0	0	69.5	46.80	22.70	Inf	Leu	109.7	high confidence set
Chr13	38	4889844	4889773	Gly	TCC	0	0	73.9	46.20	27.70	Inf	Gly	85.6	high confidence set
Chr14	1	3475737	3475818	Ser	TGA	0	0	78.4	45.50	32.90	Inf	Ser	115.1	high confidence set
Chr14	3	3687390	3687461	Pro	CGG	0	0	68.5	36.10	32.40	Inf	Pro	105.9	high confidence set
Chr14	4	4298868	4298939	Pro	CGG	0	0	68.5	36.10	32.40	Inf	Pro	108.5	high confidence set
Chr14	11	24920958	24921029	Gln	TTG	0	0	75.0	52.10	22.90	Inf	Gln	100.9	high confidence set
Chr14	16	46030298	46030371	Thr	AGT	0	0	76.0	48.40	27.60	Inf	Thr	90.6	high confidence set
Chr14	18	48021417	48021488	Pro	AGG	0	0	67.4	34.70	32.70	Inf	Pro	112.3	high confidence set
Chr14	19	60093859	60093929	Gly	GCC	0	0	66.5	44.80	21.70	Inf	Gly	94.4	high confidence set
Chr14	20	57730206	57730120	Met	CAT	57730168	57730156	64.2	40.70	23.50	Inf	Met	104.0	high confidence set
Chr14	21	55801888	55801817	Gln	CTG	0	0	64.8	47.40	17.40	Inf	Gln	89.1	high confidence set
Chr14	22	48029786	48029713	Val	TAC	0	0	59.9	36.60	23.30	Inf	Val	82.3	high confidence set
Chr14	23	43800921	43800849	Lys	CTT	0	0	86.8	66.60	20.20	Inf	Lys	107.7	high confidence set
Chr14	25	40963875	40963805	Gly	CCC	0	0	66.3	29.50	36.80	Inf	Gly	89.7	high confidence set
Chr14	27	16275147	16275076	Lys	TTT	0	0	91.1	67.20	23.90	Inf	Lys	97.8	high confidence set
Chr14	28	16272461	16272389	Ala	TGC	0	0	70.0	45.30	24.70	Inf	Ala	100.6	high confidence set
Chr14	29	8789803	8789731	Ala	AGC	0	0	63.4	38.20	25.20	Inf	Ala	98.3	high confidence set
Chr14	31	5757831	5757746	Tyr	GTA	5757794	5757782	74.5	43.00	31.50	Inf	Tyr	111.8	high confidence set
Chr15	1	20156	20228	Lys	TTT	0	0	80.3	61.50	18.80	Inf	Lys	78.3	high confidence set
Chr15	2	11363502	11363574	Ala	AGC	0	0	63.4	38.20	25.20	Inf	Ala	98.3	high confidence set
Chr15	4	22417206	22417278	Ala	TGC	0	0	53.9	42.70	11.20	Inf	Ala	80.7	high confidence set
Chr15	6	30037169	30037240	Gln	TTG	0	0	75.0	52.10	22.90	Inf	Gln	100.9	high confidence set
Chr15	7	43076969	43077040	Pro	AGG	0	0	67.4	34.70	32.70	Inf	Pro	112.3	high confidence set
Chr15	8	48900489	48900560	Pro	AGG	0	0	67.4	34.70	32.70	Inf	Pro	112.3	high confidence set
Chr15	11	56155469	56155541	Lys	CTT	0	0	86.8	66.60	20.20	Inf	Lys	107.7	high confidence set
Chr15	12	57154676	57154748	Arg	ACG	0	0	72.0	49.70	22.30	Inf	Arg	93.9	high confidence set
Chr15	13	58505894	58505981	Ser	GCT	0	0	67.3	38.10	29.20	Inf	Ser	85.5	high confidence set
Chr15	14	64335623	64335696	Val	AAC	0	0	73.2	49.00	24.20	Inf	Val	95.8	high confidence set
Chr15	15	70011560	70011631	Gln	CTG	0	0	72.6	48.30	24.30	Inf	Gln	100.8	high confidence set
Chr15	16	73266760	73266831	Asp	GTC	0	0	69.8	46.80	23.00	Inf	Asp	95.8	high confidence set
Chr15	17	64326651	64326565	Met	CAT	64326613	64326601	64.2	40.70	23.50	Inf	Met	104.0	high confidence set
Chr15	19	61303537	61303464	Glu	TTC	0	0	64.1	37.70	26.40	Inf	Glu	91.0	high confidence set
Chr15	21	57635276	57635204	Lys	CTT	0	0	86.8	66.60	20.20	Inf	Lys	107.7	high confidence set
Chr15	23	53257428	53257357	Pro	AGG	0	0	67.4	34.70	32.70	Inf	Pro	112.3	high confidence set
Chr15	28	22127332	22127260	Ala	TGC	0	0	63.5	44.40	19.10	Inf	Ala	93.0	high confidence set
Chr15	29	22085233	22085161	Ala	TGC	0	0	70.0	45.30	24.70	Inf	Ala	100.6	high confidence set
Chr15	31	18000239	18000166	Thr	AGT	0	0	73.4	45.60	27.80	Inf	Thr	88.3	high confidence set
Chr15	32	15450012	15449940	Arg	TCT	0	0	69.9	49.40	20.50	Inf	Arg	99.6	high confidence set
Chr15	33	12512654	12512581	Glu	TTC	0	0	64.1	37.70	26.40	Inf	Glu	91.0	high confidence set
Chr15	35	8937849	8937776	Ile	AAT	0	0	81.8	58.30	23.50	Inf	Ile	106.8	high confidence set
Chr15	36	8883825	8883754	Pro	CGG	0	0	68.5	36.10	32.40	Inf	Pro	108.5	high confidence set
Chr15	37	7962040	7961968	Lys	CTT	0	0	86.8	66.60	20.20	Inf	Lys	107.7	high confidence set
Chr15	40	2433990	2433917	Val	CAC	0	0	79.3	48.30	31.00	Inf	Val	104.5	high confidence set
Chr16	1	2586193	2586274	Ser	CGA	0	0	78.9	46.60	32.30	Inf	Ser	122.0	high confidence set
Chr16	4	3846760	3846833	Arg	TCG	0	0	81.9	60.40	21.50	Inf	Arg	92.9	high confidence set
Chr16	5	5975557	5975630	Asn	GTT	0	0	84.5	59.40	25.10	Inf	Asn	95.9	high confidence set
Chr16	7	22190278	22190349	iMet	CAT	0	0	58.3	28.10	30.20	Inf	iMet	118.7	high confidence set
Chr16	9	55142525	55142598	Ile	TAT	0	0	87.1	72.60	14.50	Inf	Ile	104.3	high confidence set
Chr16	10	56363209	56363290	Ser	CGA	0	0	70.5	39.10	31.40	Inf	Ser	98.7	high confidence set
Chr16	11	67660395	67660466	Asp	GTC	0	0	71.0	48.10	22.90	Inf	Asp	96.5	high confidence set
Chr16	12	67671841	67671912	Asp	GTC	0	0	55.1	37.20	17.90	Inf	Asp	75.6	high confidence set
Chr16	13	67849845	67849930	Met	CAT	67849883	67849894	58.6	41.40	17.20	Inf	Met	102.0	high confidence set
Chr16	14	71225174	71225246	Val	TAC	0	0	71.2	38.40	32.80	Inf	Val	101.5	high confidence set
Chr16	15	71232419	71232491	Lys	CTT	0	0	87.7	67.60	20.10	Inf	Lys	106.7	high confidence set
Chr16	16	73109741	73109813	Phe	GAA	0	0	78.3	58.40	19.90	Inf	Phe	113.2	high confidence set
Chr16	17	73524634	73524715	Ser	CGA	0	0	78.9	46.60	32.30	Inf	Ser	122.0	high confidence set
Chr16	19	75650018	75650104	Met	CAT	75650056	75650068	64.2	40.70	23.50	Inf	Met	104.0	high confidence set
Chr16	21	79657749	79657676	Val	AAC	0	0	63.3	43.30	20.00	Inf	Val	88.1	high confidence set
Chr16	22	77286083	77286011	Arg	CCT	0	0	74.8	55.90	18.90	Inf	Arg	87.5	high confidence set
Chr16	23	76220256	76220183	Asn	GTT	0	0	84.5	59.40	25.10	Inf	Asn	95.9	high confidence set
Chr16	24	75373925	75373854	Asp	GTC	0	0	69.8	46.80	23.00	Inf	Asp	95.8	high confidence set
Chr16	25	74409662	74409590	Arg	ACG	0	0	72.0	49.70	22.30	Inf	Arg	93.9	high confidence set
Chr16	26	70174057	70173986	Asp	GTC	0	0	68.0	45.20	22.80	Inf	Asp	91.9	high confidence set
Chr16	27	68577118	68577047	Asp	GTC	0	0	68.0	45.20	22.80	Inf	Asp	91.9	high confidence set
Chr16	28	68572909	68572838	Asp	GTC	0	0	69.8	46.80	23.00	Inf	Asp	95.8	high confidence set
Chr16	30	68480984	68480899	Met	CAT	68480946	68480935	59.1	40.20	18.90	Inf	Met	88.4	high confidence set
Chr16	31	67236694	67236610	Met	CAT	67236656	67236646	64.3	40.80	23.50	Inf	Met	104.0	high confidence set
Chr16	32	64582122	64582049	Ile	AAT	0	0	81.8	58.30	23.50	Inf	Ile	106.8	high confidence set
Chr16	33	63310815	63310744	Gly	TCC	0	0	73.9	46.20	27.70	Inf	Gly	85.6	high confidence set
Chr16	34	62665834	62665762	Glu	CTC	0	0	77.5	51.70	25.80	Inf	Glu	97.9	high confidence set
Chr16	35	61692969	61692897	Lys	CTT	0	0	86.8	66.60	20.20	Inf	Lys	107.7	high confidence set
Chr16	37	57263544	57263465	Leu	TAG	0	0	50.2	36.10	14.10	Inf	Leu	82.4	high confidence set
Chr16	39	51483756	51483684	Glu	CTC	0	0	77.5	51.70	25.80	Inf	Glu	97.9	high confidence set
Chr16	40	44975988	44975916	Arg	CCT	0	0	74.8	55.90	18.90	Inf	Arg	84.6	high confidence set
Chr16	42	41806698	41806626	Lys	CTT	0	0	80.7	62.40	18.30	Inf	Lys	101.4	high confidence set
Chr16	43	19951469	19951396	Arg	TCG	0	0	81.9	60.40	21.50	Inf	Arg	92.9	high confidence set
Chr16	44	19444181	19444100	Ser	TGA	0	0	80.7	46.10	34.60	Inf	Ser	119.7	high confidence set
Chr16	46	16018519	16018449	Gly	GCC	0	0	66.5	44.80	21.70	Inf	Gly	94.4	high confidence set
Chr16	49	12777947	12777874	Asn	GTT	0	0	84.5	59.40	25.10	Inf	Asn	95.9	high confidence set
Chr17	1	13500969	13501042	Asn	GTT	0	0	84.5	59.40	25.10	Inf	Asn	95.9	high confidence set
Chr17	4	19789994	19790067	Arg	TCG	0	0	81.9	60.40	21.50	Inf	Arg	92.9	high confidence set
Chr17	6	25019239	25019310	iMet	CAT	0	0	58.3	28.10	30.20	Inf	iMet	118.7	high confidence set
Chr17	9	58203189	58203270	Ser	CGA	0	0	78.9	46.60	32.30	Inf	Ser	122.0	high confidence set
Chr17	11	64277891	64277964	Ile	AAT	0	0	57.3	46.20	11.10	Inf	Ile	78.0	high confidence set
Chr17	12	65770188	65770259	Gly	TCC	0	0	69.4	44.60	24.80	Inf	Gly	79.1	high confidence set
Chr17	13	69311658	69311729	Asp	GTC	0	0	69.8	46.80	23.00	Inf	Asp	95.8	high confidence set
Chr17	14	69332113	69332184	Asp	GTC	0	0	69.8	46.80	23.00	Inf	Asp	95.8	high confidence set
Chr17	16	70411752	70411823	Asp	GTC	0	0	69.8	46.80	23.00	Inf	Asp	95.8	high confidence set
Chr17	18	70517656	70517740	Met	CAT	70517694	70517704	64.3	40.80	23.50	Inf	Met	104.0	high confidence set
Chr17	20	72980543	72980614	Asp	GTC	0	0	68.0	45.20	22.80	Inf	Asp	91.9	high confidence set
Chr17	23	76602869	76602941	Phe	GAA	0	0	61.1	40.90	20.20	Inf	Phe	97.7	high confidence set
Chr17	26	76879531	76879604	Phe	GAA	0	0	59.1	40.40	18.70	Inf	Phe	95.7	high confidence set
Chr17	28	78750126	78750207	Ser	CGA	0	0	55.4	36.70	18.70	Inf	Ser	91.5	high confidence set
Chr17	30	83484926	83484999	Val	AAC	0	0	73.2	49.00	24.20	Inf	Val	95.8	high confidence set
Chr17	31	83454764	83454692	Val	TAC	0	0	71.2	38.40	32.80	Inf	Val	101.5	high confidence set
Chr17	32	83248627	83248557	Gly	GCC	0	0	66.5	44.80	21.70	Inf	Gly	94.4	high confidence set
Chr17	33	79538003	79537931	Arg	ACG	0	0	72.0	49.70	22.30	Inf	Arg	93.9	high confidence set
Chr17	34	77717514	77717442	Glu	CTC	0	0	59.0	41.00	18.00	Inf	Glu	75.1	high confidence set
Chr17	36	76792120	76792048	Phe	GAA	0	0	68.7	44.80	23.90	Inf	Tyr	76.6	IPD:-5.10,isotype mismatch
Chr17	38	73724942	73724870	Val	TAC	0	0	71.2	38.40	32.80	Inf	Val	101.5	high confidence set
Chr17	39	73717805	73717733	Lys	CTT	0	0	86.8	66.60	20.20	Inf	Lys	107.7	high confidence set
Chr17	40	72552094	72552022	Lys	CTT	0	0	86.8	66.60	20.20	Inf	Lys	107.7	high confidence set
Chr17	43	62248142	62248070	Lys	CTT	0	0	86.8	66.60	20.20	Inf	Lys	107.7	high confidence set
Chr17	44	56903218	56903145	Ile	TAT	0	0	87.1	72.60	14.50	Inf	Ile	101.3	high confidence set
Chr17	45	48828369	48828297	Arg	CCT	0	0	74.8	55.90	18.90	Inf	Arg	84.6	high confidence set
Chr17	46	46384016	46383943	Asn	GTT	0	0	78.8	59.40	19.40	Inf	Asn	91.0	high confidence set
Chr17	47	35829972	35829898	Glu	CTC	0	0	64.1	44.20	19.90	Inf	Gln	88.0	IPD:-31.50,isotype mismatch
Chr17	49	25746132	25746062	Gly	GCC	0	0	66.3	41.40	24.90	Inf	Gly	70.4	high confidence set
Chr17	52	6959507	6959433	Asn	GTT	0	0	76.4	52.20	24.20	Inf	Asn	88.9	high confidence set
Chr17	53	6900980	6900907	Asn	GTT	0	0	84.5	59.40	25.10	Inf	Asn	95.9	high confidence set
Chr17	54	1763801	1763728	Cys	GCA	0	0	50.2	30.80	19.40	Inf	Cys	77.8	high confidence set
Chr17	55	1762727	1762648	Leu	TAG	0	0	69.5	48.50	21.00	Inf	Leu	111.5	high confidence set
Chr18	1	3874815	3874886	His	GTG	0	0	63.0	33.70	29.30	Inf	His	87.1	high confidence set
Chr18	3	8088441	8088511	Gly	GCC	0	0	66.5	44.80	21.70	Inf	Gly	94.4	high confidence set
Chr18	4	12113070	12113142	Ala	AGC	0	0	63.4	38.20	25.20	Inf	Ala	98.3	high confidence set
Chr18	5	14524659	14524731	Lys	TTT	0	0	90.5	65.70	24.80	Inf	Lys	96.4	high confidence set
Chr18	12	62779510	62779581	Pro	AGG	0	0	57.9	27.90	30.00	Inf	Pro	103.8	high confidence set
Chr18	13	66372048	66372128	Leu	CAG	0	0	69.5	46.80	22.70	Inf	Leu	109.7	high confidence set
Chr18	14	70777930	70778002	Glu	CTC	0	0	77.5	51.70	25.80	Inf	Glu	97.9	high confidence set
Chr18	15	80041067	80041138	His	GTG	0	0	63.3	34.30	29.00	Inf	His	87.6	high confidence set
Chr18	20	74998475	74998403	Arg	CCT	0	0	70.5	52.40	18.10	Inf	Arg	83.3	high confidence set
Chr18	21	69634698	69634617	Ser	AGA	0	0	75.9	40.50	35.40	Inf	Ser	109.9	high confidence set
Chr18	25	59705849	59705779	Gly	GCC	0	0	68.6	46.80	21.80	Inf	Gly	95.1	high confidence set
Chr18	26	55176499	55176428	Gln	CTG	0	0	72.9	48.70	24.20	Inf	Gln	103.4	high confidence set
Chr18	28	46626065	46625994	Lys	TTT	0	0	91.9	68.20	23.70	Inf	Lys	98.4	high confidence set
Chr18	29	11314276	11314205	Pro	TGG	0	0	69.6	37.70	31.90	Inf	Pro	108.3	high confidence set
Chr18	30	11188915	11188845	Gly	GCC	0	0	57.0	43.00	14.00	Inf	Gly	85.6	high confidence set
Chr18	33	3846125	3846054	Asp	GTC	0	0	69.8	46.80	23.00	Inf	Asp	95.8	high confidence set
Chr18	34	889455	889384	Asp	GTC	0	0	69.8	46.80	23.00	Inf	Asp	95.8	high confidence set
Chr19	1	3250080	3250151	His	GTG	0	0	63.0	33.70	29.30	Inf	His	87.1	high confidence set
Chr19	3	17904165	17904236	Asp	GTC	0	0	68.0	45.20	22.80	Inf	Asp	91.9	high confidence set
Chr19	5	22600837	22600908	Asp	GTC	0	0	69.8	46.80	23.00	Inf	Asp	95.8	high confidence set
Chr19	11	48972839	48972910	Lys	TTT	0	0	91.9	68.20	23.70	Inf	Lys	98.4	high confidence set
Chr19	14	61406921	61406991	Gly	GCC	0	0	66.5	44.80	21.70	Inf	Gly	94.4	high confidence set
Chr19	16	79112302	79112374	Ala	AGC	0	0	63.4	38.20	25.20	Inf	Ala	98.3	high confidence set
Chr19	19	87362359	87362430	Pro	AGG	0	0	67.4	34.70	32.70	Inf	Pro	112.3	high confidence set
Chr19	20	87534908	87534980	Ala	AGC	0	0	63.4	38.20	25.20	Inf	Ala	98.3	high confidence set
Chr19	21	78869163	78869092	His	GTG	0	0	63.3	34.30	29.00	Inf	His	87.6	high confidence set
Chr19	23	69517623	69517542	Ser	AGA	0	0	55.3	40.40	14.90	Inf	Ser	90.7	high confidence set
Chr19	24	68369990	68369918	Glu	CTC	0	0	77.5	51.70	25.80	Inf	Glu	97.9	high confidence set
Chr19	25	62689972	62689889	Leu	CAA	0	0	78.6	55.60	23.00	Inf	Leu	123.0	high confidence set
Chr19	26	62358008	62357937	Pro	AGG	0	0	61.3	30.40	30.90	Inf	Pro	106.1	high confidence set
Chr19	27	53992505	53992434	Gln	CTG	0	0	72.9	48.70	24.20	Inf	Gln	103.4	high confidence set
Chr19	28	11230893	11230822	Pro	TGG	0	0	69.6	37.70	31.90	Inf	Pro	108.3	high confidence set
Chr19	29	2891948	2891877	Asp	GTC	0	0	69.8	46.80	23.00	Inf	Asp	95.8	high confidence set
scaffold00023	4	329687	329758	Thr	CGT	0	0	59.0	26.80	32.20	Inf	Pro	95.4	IPD:-52.20,isotype mismatch
scaffold00034	1	36024	36096	Phe	GAA	0	0	68.7	44.80	23.90	Inf	Tyr	76.6	IPD:-5.10,isotype mismatch
scaffold00042	1	133090	133177	Met	CAT	133128	133141	64.1	40.70	23.40	Inf	Met	104.0	high confidence set
scaffold00058	1	204113	204041	Arg	CCT	0	0	74.8	55.90	18.90	Inf	Arg	84.6	high confidence set
scaffold00089	1	190734	190805	Asp	GTC	0	0	61.4	47.20	14.20	Inf	Asp	87.5	high confidence set
scaffold00094	1	191744	191665	Leu	TAG	0	0	69.5	48.50	21.00	Inf	Leu	111.5	high confidence set
scaffold00103	1	51577	51505	Arg	TCT	0	0	67.8	50.00	17.80	Inf	Arg	98.7	high confidence set
scaffold00134	1	57126	57054	Phe	GAA	0	0	78.3	58.40	19.90	Inf	Phe	113.2	high confidence set
scaffold00139	1	44981	44910	His	GTG	0	0	63.3	34.30	29.00	Inf	His	87.4	high confidence set
scaffold00146	2	38306	38235	Pro	CGG	0	0	68.5	36.10	32.40	Inf	Pro	108.5	high confidence set
scaffold00155	1	44285	44199	Met	CAT	44247	44235	64.2	40.70	23.50	Inf	Met	104.0	high confidence set
scaffold00246	1	116704	116777	Asn	GTT	0	0	65.8	47.90	17.90	Inf	Asn	79.4	high confidence set
scaffold00246	2	113108	113035	Val	AAC	0	0	56.4	45.60	10.80	Inf	Val	87.9	high confidence set
scaffold00250	1	43535	43608	Val	CAC	0	0	79.3	48.30	31.00	Inf	Val	104.5	high confidence set
scaffold00283	1	63692	63763	Cys	GCA	0	0	78.8	48.60	30.20	Inf	Cys	103.3	high confidence set
scaffold00296	1	40423	40494	Pro	CGG	0	0	68.5	36.10	32.40	Inf	Pro	108.5	high confidence set
scaffold00335	1	24001	23930	Pro	TGG	0	0	68.5	35.70	32.80	Inf	Pro	111.2	high confidence set
scaffold00336	1	77137	77051	Met	CAT	77099	77087	64.2	40.70	23.50	Inf	Met	104.0	high confidence set
scaffold00346	1	53041	52969	Ala	TGC	0	0	70.0	45.30	24.70	Inf	Ala	100.6	high confidence set
scaffold00346	2	27529	27457	Ala	TGC	0	0	70.0	45.30	24.70	Inf	Ala	100.6	high confidence set
scaffold00367	1	54388	54468	Leu	AAG	0	0	74.0	52.20	21.80	Inf	Leu	110.4	high confidence set
scaffold00415	1	48709	48626	Leu	TAA	0	0	73.6	37.00	36.60	Inf	Leu	89.7	high confidence set
scaffold00434	1	26110	26181	Asp	GTC	0	0	69.8	46.80	23.00	Inf	Asp	95.8	high confidence set
scaffold00473	1	10889	10961	Lys	CTT	0	0	86.8	66.60	20.20	Inf	Lys	107.7	high confidence set
scaffold00513	1	13574	13647	Asn	GTT	0	0	84.5	59.40	25.10	Inf	Asn	95.9	high confidence set
scaffold00556	1	66586	66513	Asn	GTT	0	0	81.0	57.60	23.40	Inf	Asn	89.7	high confidence set
scaffold00597	1	20030	19957	Thr	AGT	0	0	74.0	45.80	28.20	Inf	Thr	89.0	high confidence set
scaffold00599	1	37324	37253	Trp	CCA	0	0	75.8	51.20	24.60	Inf	Trp	105.6	high confidence set
scaffold00638	1	43331	43412	Ser	AGA	0	0	57.0	28.70	28.30	Inf	Ser	83.0	high confidence set
scaffold00730	1	41062	40991	Pro	AGG	0	0	71.7	39.40	32.30	Inf	Ala	82.7	IPD:-0.70,isotype mismatch
scaffold00730	2	40665	40594	Pro	AGG	0	0	67.4	34.70	32.70	Inf	Pro	112.3	high confidence set
scaffold00786	1	68953	68881	Ala	AGC	0	0	63.4	38.20	25.20	Inf	Ala	98.3	high confidence set
scaffold00811	1	6355	6427	Lys	CTT	0	0	86.8	66.60	20.20	Inf	Lys	107.7	high confidence set
scaffold00816	1	7285	7356	Pro	AGG	0	0	67.4	34.70	32.70	Inf	Pro	112.3	high confidence set
scaffold00859	1	51247	51320	Arg	TCG	0	0	81.9	60.40	21.50	Inf	Arg	92.9	high confidence set
scaffold00874	1	31567	31640	Val	AAC	0	0	72.5	48.10	24.40	Inf	Val	100.2	high confidence set
scaffold00934	1	855	927	Glu	CTC	0	0	77.5	51.70	25.80	Inf	Glu	97.9	high confidence set
scaffold01147	1	14657	14728	Lys	TTT	0	0	91.9	68.20	23.70	Inf	Lys	98.4	high confidence set
scaffold01353	1	23222	23295	Val	CAC	0	0	79.3	48.30	31.00	Inf	Val	104.5	high confidence set
scaffold01391	1	28037	28110	Asn	GTT	0	0	84.5	59.40	25.10	Inf	Asn	95.9	high confidence set
scaffold01725	1	13551	13622	Gln	CTG	0	0	75.3	51.20	24.10	Inf	Gln	103.1	high confidence set
scaffold01733	1	17645	17726	Ser	GCT	0	0	79.0	43.10	35.90	Inf	Ser	108.6	high confidence set
scaffold01925	1	3027	3107	Leu	AAG	0	0	64.8	45.10	19.70	Inf	Leu	102.6	high confidence set
scaffold02027	2	4090	4018	Glu	CTC	0	0	77.5	51.70	25.80	Inf	Glu	97.9	high confidence set
scaffold02192	1	7229	7302	Val	AAC	0	0	81.3	50.50	30.80	Inf	Val	106.9	high confidence set
scaffold02235	1	7933	7861	Phe	GAA	0	0	68.8	56.60	12.20	Inf	Phe	101.8	high confidence set
scaffold02565	1	15186	15258	Ala	AGC	0	0	59.6	37.50	22.10	Inf	Ala	96.4	high confidence set
scaffold02897	1	3333	3263	Gly	CCC	0	0	66.3	29.50	36.80	Inf	Gly	89.7	high confidence set
scaffold05048	1	445	518	Ile	AAT	0	0	71.4	59.10	12.30	Inf	Ile	87.7	high confidence set
scaffold10910	1	27	100	Asp	GTC	0	0	72.0	53.20	18.80	Inf	Ala	72.8	IPD:-22.40,isotype mismatch
scaffold11535	1	187	115	Lys	TTT	0	0	80.3	61.50	18.80	Inf	Lys	78.3	high confidence set
scaffold13461	1	758	686	Lys	TTT	0	0	80.3	61.50	18.80	Inf	Lys	78.3	high confidence set
