Sequence		tRNA    	Bounds  	tRNA	Anti	Intron Bounds	Inf	HMM	2'Str	Hit	Isotype	Isotype	      
Name    	tRNA#	Begin   	End     	Type	Codon	Begin	End	Score	Score	Score	Origin	CM	Score	Note
--------	------	-----   	------  	----	-----	-----	----	------	-----	-----	------	-------	-------	------
Chr_01	1	169983	170054	Asp	GTC	0	0	67.8	44.80	23.00	Inf	Asp	92.9	high confidence set
Chr_01	2	1327545	1327616	Gln	TTG	0	0	73.0	50.10	22.90	Inf	Gln	105.0	high confidence set
Chr_01	3	1328470	1328541	Gln	TTG	0	0	76.6	54.00	22.60	Inf	Gln	104.8	high confidence set
Chr_01	4	1329562	1329633	Gln	TTG	0	0	73.0	50.10	22.90	Inf	Gln	105.0	high confidence set
Chr_01	5	1330520	1330591	Gln	TTG	0	0	73.0	50.10	22.90	Inf	Gln	105.0	high confidence set
Chr_01	6	1331502	1331573	Gln	TTG	0	0	73.0	50.10	22.90	Inf	Gln	105.0	high confidence set
Chr_01	7	1332482	1332553	Gln	TTG	0	0	75.0	52.10	22.90	Inf	Gln	104.9	high confidence set
Chr_01	8	3715923	3715993	Gly	GCC	0	0	66.5	44.80	21.70	Inf	Gly	94.4	high confidence set
Chr_01	9	3718334	3718404	Gly	GCC	0	0	66.5	44.80	21.70	Inf	Gly	94.4	high confidence set
Chr_01	10	5634227	5634308	Ser	AGA	0	0	80.3	44.00	36.30	Inf	Ser	115.3	high confidence set
Chr_01	11	5828982	5829054	Glu	CTC	0	0	75.0	49.20	25.80	Inf	Glu	94.5	high confidence set
Chr_01	13	9518361	9518433	Ala	AGC	0	0	63.4	38.20	25.20	Inf	Ala	98.3	high confidence set
Chr_01	14	10128631	10128702	iMet	CAT	0	0	58.3	28.10	30.20	Inf	iMet	118.7	high confidence set
Chr_01	19	16879287	16879358	Asn	GTT	0	0	76.1	53.10	23.00	Inf	Asn	83.1	high confidence set
Chr_01	23	16898197	16898270	Trp	CCA	0	0	72.3	42.90	29.40	Inf	Thr	75.0	IPD:-16.70,isotype mismatch
Chr_01	28	21342079	21342150	His	GTG	0	0	63.0	33.70	29.30	Inf	His	87.1	high confidence set
Chr_01	29	25122779	25122859	Leu	AAG	0	0	74.3	53.30	21.00	Inf	Leu	109.7	high confidence set
Chr_01	31	26430327	26430397	Gly	GCC	0	0	66.5	44.80	21.70	Inf	Gly	94.4	high confidence set
Chr_01	32	27116389	27116460	Gln	TTG	0	0	76.2	56.20	20.00	Inf	Gln	105.4	high confidence set
Chr_01	33	27361373	27361445	Phe	GAA	0	0	69.8	50.90	18.90	Inf	Phe	104.3	high confidence set
Chr_01	34	27765108	27765189	Ser	AGA	0	0	80.3	44.00	36.30	Inf	Ser	115.3	high confidence set
Chr_01	35	27875768	27875840	Ala	CGC	0	0	68.2	44.00	24.20	Inf	Ala	95.8	high confidence set
Chr_01	36	27917237	27917311	Ala	CGC	0	0	60.3	38.80	21.50	Inf	Ala	82.6	high confidence set
Chr_01	37	28014235	28014316	Ser	AGA	0	0	80.3	44.00	36.30	Inf	Ser	115.3	high confidence set
Chr_01	38	29026342	29026415	Ile	AAT	0	0	71.6	54.40	17.20	Inf	Ile	98.0	high confidence set
Chr_01	40	29066596	29066669	Ile	AAT	0	0	81.8	58.30	23.50	Inf	Ile	106.8	high confidence set
Chr_01	42	30164079	30164160	Ser	AGA	0	0	80.3	44.00	36.30	Inf	Ser	115.3	high confidence set
Chr_01	43	32019231	32019303	Phe	GAA	0	0	78.3	58.40	19.90	Inf	Phe	113.2	high confidence set
Chr_01	44	32063015	32063087	Ala	TGC	0	0	70.0	45.30	24.70	Inf	Ala	100.6	high confidence set
Chr_01	45	32365663	32365734	Pro	TGG	0	0	68.5	35.70	32.80	Inf	Pro	111.2	high confidence set
Chr_01	46	33776573	33776644	Thr	CGT	0	0	80.6	51.80	28.80	Inf	Thr	86.2	high confidence set
Chr_01	47	34804081	34804166	Met	CAT	34804119	34804130	64.2	40.70	23.50	Inf	Met	104.0	high confidence set
Chr_01	48	35963889	35963960	Gln	CTG	0	0	75.3	51.20	24.10	Inf	Gln	103.1	high confidence set
Chr_01	49	37574717	37574788	iMet	CAT	0	0	58.3	28.10	30.20	Inf	iMet	118.7	high confidence set
Chr_01	50	37794691	37794762	Trp	CCA	0	0	75.8	51.20	24.60	Inf	Trp	105.6	high confidence set
Chr_01	52	39012985	39013066	Ser	GCT	0	0	79.0	43.10	35.90	Inf	Ser	108.6	high confidence set
Chr_01	53	41576853	41576782	Thr	CGT	0	0	82.2	57.60	24.60	Inf	Thr	90.2	high confidence set
Chr_01	54	41302234	41302163	Cys	GCA	0	0	78.4	49.90	28.50	Inf	Cys	102.6	high confidence set
Chr_01	55	41189553	41189470	Leu	CAA	0	0	78.6	55.60	23.00	Inf	Leu	123.0	high confidence set
Chr_01	56	40686665	40686579	Met	CAT	40686627	40686615	64.2	40.70	23.50	Inf	Met	104.0	high confidence set
Chr_01	57	39764221	39764149	Glu	CTC	0	0	78.1	52.30	25.80	Inf	Glu	97.1	high confidence set
Chr_01	58	39393833	39393761	Ala	CGC	0	0	68.2	44.00	24.20	Inf	Ala	95.8	high confidence set
Chr_01	60	36529888	36529817	iMet	CAT	0	0	58.3	28.10	30.20	Inf	iMet	118.7	high confidence set
Chr_01	62	34572295	34572224	iMet	CAT	0	0	58.3	28.10	30.20	Inf	iMet	118.7	high confidence set
Chr_01	63	33265765	33265693	Glu	CTC	0	0	77.5	51.70	25.80	Inf	Glu	97.9	high confidence set
Chr_01	66	32022162	32022091	Thr	TGT	0	0	79.4	48.40	31.00	Inf	Thr	92.4	high confidence set
Chr_01	67	31333986	31333916	Gly	GCC	0	0	66.5	44.80	21.70	Inf	Gly	94.4	high confidence set
Chr_01	69	28510572	28510492	Leu	CAG	0	0	69.5	46.80	22.70	Inf	Leu	109.7	high confidence set
Chr_01	70	28447168	28447081	Ser	GCT	0	0	69.2	39.20	30.00	Inf	Ser	84.1	high confidence set
Chr_01	71	28404022	28403951	Trp	CCA	0	0	75.8	51.20	24.60	Inf	Trp	105.6	high confidence set
Chr_01	72	27395100	27395028	Ala	TGC	0	0	70.0	45.30	24.70	Inf	Ala	100.6	high confidence set
Chr_01	73	26066153	26066074	Leu	TAG	0	0	69.5	48.50	21.00	Inf	Leu	111.5	high confidence set
Chr_01	74	26007806	26007735	Cys	GCA	0	0	78.0	49.10	28.90	Inf	Cys	100.1	high confidence set
Chr_01	75	23069563	23069477	Ser	GGA	0	0	55.5	29.70	25.80	Inf	Ser	74.3	unexpected anticodon
Chr_01	78	17014339	17014269	Cys	GCA	0	0	63.0	37.80	25.20	Inf	Cys	72.7	high confidence set
Chr_01	82	16880071	16879998	Asp	GTC	0	0	72.0	53.20	18.80	Inf	Ala	72.8	IPD:-22.40,isotype mismatch
Chr_01	83	16847266	16847180	Ser	GGA	0	0	64.5	34.70	29.80	Inf	Ser	84.5	unexpected anticodon
Chr_01	84	16846477	16846405	Phe	GAA	0	0	68.7	44.80	23.90	Inf	Tyr	76.6	IPD:-5.10,isotype mismatch
Chr_01	86	10757582	10757501	Ser	CGA	0	0	81.0	45.50	35.50	Inf	Ser	122.3	high confidence set
Chr_01	87	9799045	9798973	Ala	CGC	0	0	68.3	44.10	24.20	Inf	Ala	99.2	high confidence set
Chr_01	88	9490446	9490365	Ser	GCT	0	0	79.0	43.10	35.90	Inf	Ser	108.6	high confidence set
Chr_01	89	7919661	7919590	His	GTG	0	0	63.0	33.70	29.30	Inf	His	87.1	high confidence set
Chr_01	92	6790214	6790143	Asp	GTC	0	0	69.8	46.80	23.00	Inf	Asp	95.8	high confidence set
Chr_01	93	4375219	4375139	Leu	AAG	0	0	74.3	53.30	21.00	Inf	Leu	109.7	high confidence set
Chr_01	94	4332878	4332808	Gly	CCC	0	0	66.3	29.50	36.80	Inf	Gly	89.7	high confidence set
Chr_01	95	3726680	3726610	Gly	GCC	0	0	66.5	44.80	21.70	Inf	Gly	94.4	high confidence set
Chr_01	96	2114641	2114570	Gln	CTG	0	0	72.9	48.70	24.20	Inf	Gln	103.4	high confidence set
Chr_01	97	769280	769209	Lys	TTT	0	0	90.5	66.00	24.50	Inf	Lys	92.4	high confidence set
Chr_02	1	2101477	2101550	Glu	TTC	0	0	64.1	37.70	26.40	Inf	Glu	91.0	high confidence set
Chr_02	2	2519950	2520023	Thr	AGT	0	0	72.1	46.70	25.40	Inf	Thr	86.4	high confidence set
Chr_02	3	2777356	2777442	Met	CAT	2777394	2777406	64.2	40.70	23.50	Inf	Met	104.0	high confidence set
Chr_02	4	3626036	3626107	Cys	GCA	0	0	81.7	56.10	25.60	Inf	Cys	104.3	high confidence set
Chr_02	5	3627169	3627240	Cys	GCA	0	0	81.7	56.10	25.60	Inf	Cys	104.3	high confidence set
Chr_02	6	3764780	3764851	Gly	TCC	0	0	73.9	46.20	27.70	Inf	Gly	85.6	high confidence set
Chr_02	7	4015310	4015380	Gly	GCC	0	0	66.5	44.80	21.70	Inf	Gly	94.4	high confidence set
Chr_02	8	4365848	4365920	Phe	GAA	0	0	78.3	58.40	19.90	Inf	Phe	113.2	high confidence set
Chr_02	9	7460492	7460579	Met	CAT	7460530	7460543	64.1	40.70	23.40	Inf	Met	104.0	high confidence set
Chr_02	12	11690763	11690844	Ser	GCT	0	0	79.0	43.10	35.90	Inf	Ser	108.6	high confidence set
Chr_02	14	26132988	26133059	Asp	GTC	0	0	69.8	46.80	23.00	Inf	Asp	95.8	high confidence set
Chr_02	15	26648069	26648141	Phe	GAA	0	0	78.3	58.40	19.90	Inf	Phe	113.2	high confidence set
Chr_02	16	27389053	27389125	Lys	CTT	0	0	86.8	66.60	20.20	Inf	Lys	107.7	high confidence set
Chr_02	17	27837147	27837219	Lys	CTT	0	0	86.8	66.60	20.20	Inf	Lys	107.7	high confidence set
Chr_02	18	29379997	29380077	Leu	CAG	0	0	69.5	46.80	22.70	Inf	Leu	109.7	high confidence set
Chr_02	19	30261522	30261595	Val	AAC	0	0	72.8	48.40	24.40	Inf	Val	98.5	high confidence set
Chr_02	20	30759646	30759718	Ala	CGC	0	0	68.2	44.00	24.20	Inf	Ala	95.8	high confidence set
Chr_02	21	33948212	33948285	Ile	AAT	0	0	81.8	58.30	23.50	Inf	Ile	106.8	high confidence set
Chr_02	22	34579071	34579143	Phe	GAA	0	0	78.3	58.40	19.90	Inf	Phe	113.2	high confidence set
Chr_02	24	38265039	38265110	Thr	CGT	0	0	80.5	54.30	26.20	Inf	Thr	87.3	high confidence set
Chr_02	25	38710851	38710923	Arg	TCT	0	0	68.1	50.00	18.10	Inf	Arg	96.3	high confidence set
Chr_02	26	38770161	38770233	Glu	CTC	0	0	77.5	51.70	25.80	Inf	Glu	97.9	high confidence set
Chr_02	29	44722489	44722576	Met	CAT	44722527	44722540	64.1	40.70	23.40	Inf	Met	104.0	high confidence set
Chr_02	30	45000787	45000858	Trp	CCA	0	0	75.8	51.20	24.60	Inf	Trp	105.6	high confidence set
Chr_02	31	45136294	45136367	Ile	AAT	0	0	81.8	58.30	23.50	Inf	Ile	106.8	high confidence set
Chr_02	32	45270966	45271037	His	GTG	0	0	63.0	33.70	29.30	Inf	His	87.1	high confidence set
Chr_02	33	45580185	45580257	Ala	AGC	0	0	63.4	38.20	25.20	Inf	Ala	98.3	high confidence set
Chr_02	34	46380140	46380211	Pro	TGG	0	0	68.5	35.70	32.80	Inf	Pro	111.2	high confidence set
Chr_02	36	46994595	46994680	Tyr	GTA	46994632	46994644	74.5	42.90	31.60	Inf	Tyr	111.8	high confidence set
Chr_02	37	47453010	47453082	Ala	CGC	0	0	68.3	44.10	24.20	Inf	Ala	99.2	high confidence set
Chr_02	38	47788315	47788242	Arg	TCG	0	0	81.9	60.40	21.50	Inf	Arg	92.9	high confidence set
Chr_02	39	47670656	47670585	His	GTG	0	0	63.0	33.70	29.30	Inf	His	87.1	high confidence set
Chr_02	40	47654934	47654864	Gly	GCC	0	0	66.5	44.80	21.70	Inf	Gly	94.4	high confidence set
Chr_02	41	47470678	47470606	Glu	CTC	0	0	77.5	51.70	25.80	Inf	Glu	97.9	high confidence set
Chr_02	42	46767448	46767377	Thr	CGT	0	0	80.5	54.30	26.20	Inf	Thr	87.3	high confidence set
Chr_02	43	46606644	46606574	Gly	CCC	0	0	66.3	29.50	36.80	Inf	Gly	89.7	high confidence set
Chr_02	44	45932472	45932401	His	GTG	0	0	63.0	33.70	29.30	Inf	His	87.1	high confidence set
Chr_02	45	45728807	45728727	Leu	AAG	0	0	74.0	52.20	21.80	Inf	Leu	110.4	high confidence set
Chr_02	46	45083713	45083633	Leu	CAG	0	0	69.5	46.80	22.70	Inf	Leu	109.7	high confidence set
Chr_02	47	44251790	44251709	Ser	GCT	0	0	79.0	43.10	35.90	Inf	Ser	108.6	high confidence set
Chr_02	48	43962130	43962059	Asp	GTC	0	0	69.8	46.80	23.00	Inf	Asp	95.8	high confidence set
Chr_02	49	43819810	43819737	Asn	GTT	0	0	84.6	58.80	25.80	Inf	Asn	96.0	high confidence set
Chr_02	50	41995685	41995614	Gly	TCC	0	0	71.0	46.70	24.30	Inf	Gly	82.3	high confidence set
Chr_02	51	38653797	38653716	Ser	AGA	0	0	80.3	44.00	36.30	Inf	Ser	115.3	high confidence set
Chr_02	52	37659548	37659476	Ala	AGC	0	0	63.4	38.20	25.20	Inf	Ala	98.3	high confidence set
Chr_02	53	37478913	37478842	Pro	TGG	0	0	69.6	37.70	31.90	Inf	Pro	108.3	high confidence set
Chr_02	54	36724303	36724232	Lys	TTT	0	0	91.9	68.20	23.70	Inf	Lys	98.4	high confidence set
Chr_02	55	36070047	36069976	Thr	TGT	0	0	84.5	58.50	26.00	Inf	Thr	95.0	high confidence set
Chr_02	56	35794097	35794024	Asn	GTT	0	0	83.9	58.50	25.40	Inf	Asn	97.4	high confidence set
Chr_02	57	33426553	33426468	Tyr	GTA	33426516	33426504	74.5	42.90	31.60	Inf	Tyr	111.8	high confidence set
Chr_02	58	29232951	29232878	Ile	AAT	0	0	81.8	58.30	23.50	Inf	Ile	106.8	high confidence set
Chr_02	59	27209489	27209403	Tyr	GTA	27209452	27209439	74.4	42.90	31.50	Inf	Tyr	111.8	high confidence set
Chr_02	60	26616330	26616258	Lys	CTT	0	0	86.8	66.60	20.20	Inf	Lys	107.7	high confidence set
Chr_02	61	26317753	26317681	Ala	AGC	0	0	63.4	38.20	25.20	Inf	Ala	98.3	high confidence set
Chr_02	62	25695399	25695326	Val	CAC	0	0	79.3	48.30	31.00	Inf	Val	104.5	high confidence set
Chr_02	64	25481652	25481579	Asn	GTT	0	0	84.5	59.40	25.10	Inf	Asn	95.9	high confidence set
Chr_02	65	25161683	25161597	Tyr	GTA	25161646	25161633	74.4	42.90	31.50	Inf	Tyr	111.8	high confidence set
Chr_02	67	16336591	16336519	Glu	CTC	0	0	77.5	51.70	25.80	Inf	Glu	97.9	high confidence set
Chr_02	68	14866596	14866525	Pro	CGG	0	0	68.5	36.10	32.40	Inf	Pro	108.5	high confidence set
Chr_02	69	14364412	14364340	Arg	CCG	0	0	66.0	50.50	15.50	Inf	Arg	94.3	high confidence set
Chr_02	70	13479166	13479095	Pro	CGG	0	0	68.5	36.10	32.40	Inf	Pro	108.5	high confidence set
Chr_02	71	13478992	13478921	Pro	CGG	0	0	65.2	35.80	29.40	Inf	Pro	103.5	high confidence set
Chr_02	72	13240424	13240353	Thr	CGT	0	0	75.3	50.40	24.90	Inf	Thr	82.9	high confidence set
Chr_02	73	11162647	11162576	Lys	TTT	0	0	91.9	68.20	23.70	Inf	Lys	98.4	high confidence set
Chr_02	74	9996388	9996307	Ser	AGA	0	0	80.3	44.00	36.30	Inf	Ser	115.3	high confidence set
Chr_02	76	8848732	8848660	Glu	CTC	0	0	77.5	51.70	25.80	Inf	Glu	97.9	high confidence set
Chr_02	77	6031471	6031400	Cys	GCA	0	0	52.0	34.50	17.50	Inf	Cys	70.2	high confidence set
Chr_02	78	2173655	2173584	Asp	GTC	0	0	69.8	46.80	23.00	Inf	Asp	95.8	high confidence set
Chr_02	79	1531311	1531240	Asp	GTC	0	0	69.8	46.80	23.00	Inf	Asp	95.8	high confidence set
Chr_03	1	259062	259133	Gln	TTG	0	0	76.5	56.50	20.00	Inf	Gln	106.0	high confidence set
Chr_03	2	1359732	1359804	Ala	CGC	0	0	68.3	44.10	24.20	Inf	Ala	99.2	high confidence set
Chr_03	3	2604295	2604368	Arg	TCG	0	0	81.9	60.40	21.50	Inf	Arg	92.9	high confidence set
Chr_03	4	2816867	2816939	Glu	CTC	0	0	77.5	51.70	25.80	Inf	Glu	97.9	high confidence set
Chr_03	5	4582085	4582156	Cys	GCA	0	0	78.4	49.90	28.50	Inf	Cys	102.6	high confidence set
Chr_03	6	4582739	4582818	Leu	TAG	0	0	69.5	48.50	21.00	Inf	Leu	111.5	high confidence set
Chr_03	7	5997317	5997397	Leu	CAG	0	0	69.5	46.80	22.70	Inf	Leu	109.7	high confidence set
Chr_03	8	6809175	6809246	Pro	AGG	0	0	67.4	34.70	32.70	Inf	Pro	112.3	high confidence set
Chr_03	9	7129816	7129886	Gly	GCC	0	0	66.5	44.80	21.70	Inf	Gly	94.4	high confidence set
Chr_03	10	7996328	7996399	iMet	CAT	0	0	58.3	28.10	30.20	Inf	iMet	118.7	high confidence set
Chr_03	11	8435379	8435451	Val	TAC	0	0	66.8	34.80	32.00	Inf	Val	96.3	high confidence set
Chr_03	12	8532282	8532352	Gly	GCC	0	0	66.5	44.80	21.70	Inf	Gly	94.4	high confidence set
Chr_03	13	9787493	9787566	Asn	GTT	0	0	84.5	59.40	25.10	Inf	Asn	95.9	high confidence set
Chr_03	14	10861501	10861573	Glu	CTC	0	0	77.5	51.70	25.80	Inf	Glu	97.9	high confidence set
Chr_03	15	12073724	12073796	Val	TAC	0	0	71.2	38.40	32.80	Inf	Val	101.5	high confidence set
Chr_03	16	12078712	12078784	Lys	CTT	0	0	86.8	66.60	20.20	Inf	Lys	107.7	high confidence set
Chr_03	17	12653673	12653745	Lys	CTT	0	0	86.8	66.60	20.20	Inf	Lys	107.7	high confidence set
Chr_03	18	12912264	12912336	Arg	ACG	0	0	72.0	49.70	22.30	Inf	Arg	93.9	high confidence set
Chr_03	20	13430464	13430535	Asp	GTC	0	0	69.8	46.80	23.00	Inf	Asp	95.8	high confidence set
Chr_03	21	13431535	13431606	Asp	GTC	0	0	60.7	45.80	14.90	Inf	Asp	84.6	high confidence set
Chr_03	22	13459577	13459662	Met	CAT	13459615	13459626	64.2	40.70	23.50	Inf	Met	104.0	high confidence set
Chr_03	24	15174902	15174975	Ile	AAT	0	0	81.8	58.30	23.50	Inf	Ile	106.8	high confidence set
Chr_03	25	15880069	15880140	Gly	TCC	0	0	73.9	46.20	27.70	Inf	Gly	85.6	high confidence set
Chr_03	26	16164603	16164675	Glu	CTC	0	0	73.6	50.40	23.20	Inf	Glu	86.0	high confidence set
Chr_03	27	16645597	16645669	Lys	CTT	0	0	86.8	66.60	20.20	Inf	Lys	107.7	high confidence set
Chr_03	28	16742857	16742937	Leu	CAG	0	0	69.5	46.80	22.70	Inf	Leu	109.7	high confidence set
Chr_03	29	18622144	18622225	Ser	CGA	0	0	78.9	46.60	32.30	Inf	Ser	122.0	high confidence set
Chr_03	30	22626400	22626473	Asn	GTT	0	0	84.5	59.40	25.10	Inf	Asn	95.9	high confidence set
Chr_03	31	24817008	24817080	Lys	CTT	0	0	87.7	67.60	20.10	Inf	Lys	106.7	high confidence set
Chr_03	33	42566923	42566994	Gly	TCC	0	0	73.9	46.20	27.70	Inf	Gly	85.6	high confidence set
Chr_03	34	42624824	42624897	Val	TAC	0	0	77.8	44.10	33.70	Inf	Val	103.2	high confidence set
Chr_03	35	42833929	42834002	Thr	AGT	0	0	76.0	48.40	27.60	Inf	Thr	90.6	high confidence set
Chr_03	36	45097636	45097720	Met	CAT	45097674	45097684	64.3	40.80	23.50	Inf	Met	104.0	high confidence set
Chr_03	42	47339429	47339502	Glu	TTC	0	0	64.1	37.70	26.40	Inf	Glu	91.0	high confidence set
Chr_03	44	49687607	49687680	Glu	TTC	0	0	64.2	36.60	27.60	Inf	Glu	86.5	high confidence set
Chr_03	45	49763857	49763928	Gln	CTG	0	0	72.9	48.70	24.20	Inf	Gln	103.4	high confidence set
Chr_03	46	49980588	49980660	Ala	TGC	0	0	70.0	45.30	24.70	Inf	Ala	100.6	high confidence set
Chr_03	47	49833005	49832932	Thr	AGT	0	0	75.0	46.80	28.20	Inf	Thr	89.8	high confidence set
Chr_03	49	48253094	48253021	Val	AAC	0	0	71.9	47.60	24.30	Inf	Val	91.0	high confidence set
Chr_03	50	47298159	47298086	Glu	TTC	0	0	64.1	37.70	26.40	Inf	Glu	91.0	high confidence set
Chr_03	51	46227311	46227239	Lys	CTT	0	0	86.8	66.60	20.20	Inf	Lys	107.7	high confidence set
Chr_03	52	44101486	44101415	Pro	AGG	0	0	67.4	34.70	32.70	Inf	Pro	112.3	high confidence set
Chr_03	53	43833564	43833494	Gly	CCC	0	0	66.3	29.50	36.80	Inf	Gly	89.7	high confidence set
Chr_03	54	42631409	42631338	Pro	AGG	0	0	67.4	34.70	32.70	Inf	Pro	112.3	high confidence set
Chr_03	55	40968116	40968044	Lys	CTT	0	0	86.8	66.60	20.20	Inf	Lys	107.7	high confidence set
Chr_03	56	40718267	40718195	Arg	ACG	0	0	72.0	49.70	22.30	Inf	Arg	93.9	high confidence set
Chr_03	57	22856868	22856798	Gly	CCC	0	0	66.3	29.50	36.80	Inf	Gly	89.7	high confidence set
Chr_03	58	21626826	21626754	Arg	CCT	0	0	71.7	55.90	15.80	Inf	Arg	81.4	high confidence set
Chr_03	59	19097802	19097729	Ile	TAT	0	0	87.1	72.60	14.50	Inf	Ile	104.3	high confidence set
Chr_03	60	19072384	19072303	Ser	AGA	0	0	80.3	44.00	36.30	Inf	Ser	115.3	high confidence set
Chr_03	61	17655807	17655728	Leu	TAG	0	0	69.5	48.50	21.00	Inf	Leu	111.5	high confidence set
Chr_03	62	16604963	16604890	Val	AAC	0	0	72.9	48.60	24.30	Inf	Val	93.8	high confidence set
Chr_03	63	13839756	13839685	Asp	GTC	0	0	69.8	46.80	23.00	Inf	Asp	95.8	high confidence set
Chr_03	64	12653242	12653170	Phe	GAA	0	0	78.3	58.40	19.90	Inf	Phe	113.2	high confidence set
Chr_03	65	12397277	12397206	Asp	GTC	0	0	69.8	46.80	23.00	Inf	Asp	95.8	high confidence set
Chr_03	66	11203267	11203195	Phe	GAA	0	0	78.3	58.40	19.90	Inf	Phe	113.2	high confidence set
Chr_03	67	10869275	10869204	Asp	GTC	0	0	69.8	46.80	23.00	Inf	Asp	95.8	high confidence set
Chr_03	68	10489068	10488987	Ser	CGA	0	0	78.9	46.60	32.30	Inf	Ser	122.0	high confidence set
Chr_03	69	9490329	9490258	Cys	GCA	0	0	78.4	49.90	28.50	Inf	Cys	102.6	high confidence set
Chr_03	70	8999926	8999854	Arg	CCT	0	0	74.8	55.90	18.90	Inf	Arg	84.6	high confidence set
Chr_03	71	8431076	8431003	Val	AAC	0	0	72.9	48.60	24.30	Inf	Val	93.8	high confidence set
Chr_03	72	8429564	8429491	Val	AAC	0	0	72.9	48.60	24.30	Inf	Val	93.8	high confidence set
Chr_03	73	7197963	7197892	iMet	CAT	0	0	58.3	28.10	30.20	Inf	iMet	118.7	high confidence set
Chr_03	74	3837970	3837897	Asn	GTT	0	0	81.1	55.90	25.20	Inf	Asn	91.8	high confidence set
Chr_04	1	2245368	2245438	Gly	GCC	0	0	66.5	44.80	21.70	Inf	Gly	94.4	high confidence set
Chr_04	2	3481308	3481394	Ser	GGA	0	0	57.9	32.90	25.00	Inf	Ser	78.9	unexpected anticodon
Chr_04	3	4494046	4494118	Ala	AGC	0	0	63.4	38.20	25.20	Inf	Ala	98.3	high confidence set
Chr_04	4	5943348	5943421	Val	AAC	0	0	73.2	49.00	24.20	Inf	Val	95.8	high confidence set
Chr_04	5	6909001	6909082	Ser	GCT	0	0	80.5	45.20	35.30	Inf	Ser	109.5	high confidence set
Chr_04	7	7497752	7497824	Asp	GTC	0	0	72.6	50.50	22.10	Inf	Asp	91.5	high confidence set
Chr_04	10	12412963	12413034	iMet	CAT	0	0	58.7	32.30	26.40	Inf	iMet	112.4	high confidence set
Chr_04	11	14907741	14907822	Ser	GCT	0	0	74.3	42.50	31.80	Inf	Ser	101.7	high confidence set
Chr_04	13	23659479	23659560	Ser	CGA	0	0	80.3	44.90	35.40	Inf	Ser	121.9	high confidence set
Chr_04	15	33314756	33314836	Leu	AAG	0	0	74.0	52.20	21.80	Inf	Leu	110.4	high confidence set
Chr_04	16	33507967	33508050	Leu	CAA	0	0	78.6	55.60	23.00	Inf	Leu	123.0	high confidence set
Chr_04	17	33621003	33621074	Pro	AGG	0	0	67.4	34.70	32.70	Inf	Pro	112.3	high confidence set
Chr_04	18	34282665	34282735	Gly	GCC	0	0	66.5	44.80	21.70	Inf	Gly	94.4	high confidence set
Chr_04	19	37907537	37907608	His	GTG	0	0	63.0	33.70	29.30	Inf	His	87.1	high confidence set
Chr_04	20	38942991	38943063	Ala	AGC	0	0	63.4	38.20	25.20	Inf	Ala	98.3	high confidence set
Chr_04	21	39236574	39236645	Thr	CGT	0	0	82.2	57.60	24.60	Inf	Thr	90.2	high confidence set
Chr_04	22	39356682	39356754	Ala	AGC	0	0	63.4	38.20	25.20	Inf	Ala	98.3	high confidence set
Chr_04	23	39429893	39429964	Pro	TGG	0	0	69.6	37.70	31.90	Inf	Pro	108.3	high confidence set
Chr_04	24	39332150	39332079	Pro	AGG	0	0	67.4	34.70	32.70	Inf	Pro	112.3	high confidence set
Chr_04	25	37410234	37410162	Arg	CCG	0	0	68.0	51.50	16.50	Inf	Arg	95.2	high confidence set
Chr_04	26	32314105	32314025	Leu	CAG	0	0	69.5	46.80	22.70	Inf	Leu	109.7	high confidence set
Chr_04	27	30792358	30792277	Ser	AGA	0	0	80.3	44.00	36.30	Inf	Ser	115.3	high confidence set
Chr_04	28	30388200	30388128	Glu	CTC	0	0	77.5	51.70	25.80	Inf	Glu	97.9	high confidence set
Chr_04	29	28122183	28122112	Gln	CTG	0	0	72.9	48.70	24.20	Inf	Gln	103.4	high confidence set
Chr_04	33	24764284	24764213	Lys	TTT	0	0	91.9	68.20	23.70	Inf	Lys	98.4	high confidence set
Chr_04	34	16170481	16170410	Gln	CTG	0	0	75.3	51.20	24.10	Inf	Gln	103.1	high confidence set
Chr_04	35	7872829	7872758	Trp	CCA	0	0	75.8	51.20	24.60	Inf	Trp	105.6	high confidence set
Chr_04	36	4745821	4745750	Pro	TGG	0	0	69.6	37.70	31.90	Inf	Pro	108.3	high confidence set
Chr_04	37	783050	782979	Asp	GTC	0	0	69.8	46.80	23.00	Inf	Asp	95.8	high confidence set
Chr_04	38	618828	618757	Asp	GTC	0	0	69.8	46.80	23.00	Inf	Asp	95.8	high confidence set
Chr_05	1	248981	249054	Ile	TAT	0	0	85.9	70.60	15.30	Inf	Ile	103.9	high confidence set
Chr_05	3	2702730	2702804	Arg	ACG	0	0	63.6	43.80	19.80	Inf	Arg	82.5	high confidence set
Chr_05	4	3050117	3050203	Ser	GGA	0	0	64.5	34.70	29.80	Inf	Ser	84.5	unexpected anticodon
Chr_05	5	3050906	3050978	Phe	GAA	0	0	68.7	44.80	23.90	Inf	Tyr	76.6	IPD:-5.10,isotype mismatch
Chr_05	7	3376537	3376609	Ile	AAT	0	0	67.2	45.20	22.00	Inf	Ile	93.1	high confidence set
Chr_05	8	5246553	5246633	Leu	AAG	0	0	74.0	52.20	21.80	Inf	Leu	110.4	high confidence set
Chr_05	9	5246722	5246803	Ser	AGA	0	0	80.3	44.00	36.30	Inf	Ser	115.3	high confidence set
Chr_05	10	5654398	5654470	Glu	CTC	0	0	77.5	51.70	25.80	Inf	Glu	97.9	high confidence set
Chr_05	11	6768410	6768483	Val	AAC	0	0	72.9	42.60	30.30	Inf	Val	101.0	high confidence set
Chr_05	12	7127561	7127634	Thr	AGT	0	0	75.0	46.80	28.20	Inf	Thr	89.8	high confidence set
Chr_05	13	7842427	7842498	Asp	GTC	0	0	61.8	45.20	16.60	Inf	Asp	84.0	high confidence set
Chr_05	14	9236488	9236569	Ser	TGA	0	0	78.3	44.40	33.90	Inf	Ser	115.8	high confidence set
Chr_05	15	9620178	9620249	Pro	AGG	0	0	67.4	34.70	32.70	Inf	Pro	112.3	high confidence set
Chr_05	16	10599354	10599424	Gly	GCC	0	0	66.5	44.80	21.70	Inf	Gly	94.4	high confidence set
Chr_05	17	12479630	12479702	Glu	CTC	0	0	77.5	51.70	25.80	Inf	Glu	97.9	high confidence set
Chr_05	18	13441366	13441437	His	GTG	0	0	63.0	33.70	29.30	Inf	His	87.1	high confidence set
Chr_05	19	15832444	15832524	Leu	AAG	0	0	74.0	52.20	21.80	Inf	Leu	110.4	high confidence set
Chr_05	23	31234317	31234389	Thr	TGT	0	0	62.7	44.00	18.70	Inf	Thr	70.9	high confidence set
Chr_05	24	31970630	31970702	Arg	ACG	0	0	72.0	49.70	22.30	Inf	Arg	93.9	high confidence set
Chr_05	25	32911082	32911154	Glu	CTC	0	0	77.5	51.70	25.80	Inf	Glu	97.9	high confidence set
Chr_05	26	35025608	35025680	Val	TAC	0	0	71.9	39.50	32.40	Inf	Val	103.9	high confidence set
Chr_05	27	35122030	35122102	Phe	GAA	0	0	78.3	58.40	19.90	Inf	Phe	113.2	high confidence set
Chr_05	28	35133338	35133410	Lys	CTT	0	0	86.8	66.60	20.20	Inf	Lys	107.7	high confidence set
Chr_05	29	35133666	35133738	Lys	CTT	0	0	86.8	66.60	20.20	Inf	Lys	107.7	high confidence set
Chr_05	30	36149661	36149733	Lys	CTT	0	0	86.8	66.60	20.20	Inf	Lys	107.7	high confidence set
Chr_05	31	36512778	36512850	Arg	ACG	0	0	72.0	49.70	22.30	Inf	Arg	93.9	high confidence set
Chr_05	32	37444067	37444138	Asp	GTC	0	0	69.8	46.80	23.00	Inf	Asp	95.8	high confidence set
Chr_05	33	37483693	37483779	Met	CAT	37483731	37483743	55.4	34.70	20.70	Inf	Met	88.5	high confidence set
Chr_05	34	39495107	39495180	Ile	AAT	0	0	81.8	58.30	23.50	Inf	Ile	106.8	high confidence set
Chr_05	35	39961858	39961929	Gly	TCC	0	0	73.9	46.20	27.70	Inf	Gly	85.6	high confidence set
Chr_05	36	40489605	40489677	Arg	CCG	0	0	70.6	49.90	20.70	Inf	Arg	76.2	high confidence set
Chr_05	37	40574263	40574335	Lys	CTT	0	0	86.8	66.60	20.20	Inf	Lys	107.7	high confidence set
Chr_05	38	40717559	40717639	Leu	CAG	0	0	68.4	45.70	22.70	Inf	Leu	107.6	high confidence set
Chr_05	39	43475178	43475251	Ile	AAT	0	0	81.8	58.30	23.50	Inf	Ile	106.8	high confidence set
Chr_05	40	44493967	44494038	Thr	GGT	0	0	58.9	26.90	32.00	Inf	Thr	70.1	unexpected anticodon
Chr_05	42	44830115	44830186	Lys	TTT	0	0	91.9	68.20	23.70	Inf	Lys	98.4	high confidence set
Chr_05	43	44943907	44943987	Leu	AAG	0	0	74.0	52.20	21.80	Inf	Leu	110.4	high confidence set
Chr_05	44	46166507	46166579	Ala	TGC	0	0	70.0	45.30	24.70	Inf	Ala	100.6	high confidence set
Chr_05	45	46422343	46422422	Leu	TAG	0	0	69.5	48.50	21.00	Inf	Leu	111.5	high confidence set
Chr_05	46	46467572	46467655	Leu	TAA	0	0	74.3	37.50	36.80	Inf	Leu	104.6	high confidence set
Chr_05	47	46620281	46620354	Arg	TCG	0	0	81.9	60.40	21.50	Inf	Arg	92.9	high confidence set
Chr_05	48	46573550	46573464	Met	CAT	46573512	46573500	68.6	45.20	23.40	Inf	Met	104.3	high confidence set
Chr_05	49	46426860	46426789	Cys	GCA	0	0	78.8	53.70	25.10	Inf	Cys	104.9	high confidence set
Chr_05	50	46210808	46210736	Arg	TCT	0	0	68.5	50.60	17.90	Inf	Arg	98.8	high confidence set
Chr_05	51	46184954	46184882	Phe	GAA	0	0	78.3	58.40	19.90	Inf	Phe	113.2	high confidence set
Chr_05	52	45962317	45962245	Lys	CTT	0	0	86.8	66.60	20.20	Inf	Lys	107.7	high confidence set
Chr_05	53	44938398	44938318	Leu	AAG	0	0	74.0	52.20	21.80	Inf	Leu	110.4	high confidence set
Chr_05	54	44808928	44808856	Phe	GAA	0	0	78.3	58.40	19.90	Inf	Phe	113.2	high confidence set
Chr_05	55	44234290	44234218	Ala	AGC	0	0	63.4	38.20	25.20	Inf	Ala	98.3	high confidence set
Chr_05	56	44230970	44230898	Ala	AGC	0	0	63.4	38.20	25.20	Inf	Ala	98.3	high confidence set
Chr_05	57	42733487	42733414	Ile	TAT	0	0	87.1	72.60	14.50	Inf	Ile	104.3	high confidence set
Chr_05	58	42343496	42343423	Val	AAC	0	0	72.2	47.80	24.40	Inf	Val	98.2	high confidence set
Chr_05	59	41870921	41870850	Gln	TTG	0	0	76.2	56.20	20.00	Inf	Gln	105.4	high confidence set
Chr_05	60	41558083	41558004	Leu	TAG	0	0	69.5	48.50	21.00	Inf	Leu	111.5	high confidence set
Chr_05	61	40860748	40860675	Val	CAC	0	0	79.3	48.30	31.00	Inf	Val	104.5	high confidence set
Chr_05	62	40272165	40272093	Glu	CTC	0	0	77.5	51.70	25.80	Inf	Glu	97.9	high confidence set
Chr_05	63	40263492	40263420	Glu	CTC	0	0	77.5	51.70	25.80	Inf	Glu	97.9	high confidence set
Chr_05	64	39810271	39810191	Leu	AAG	0	0	74.0	52.20	21.80	Inf	Leu	110.4	high confidence set
Chr_05	66	38170480	38170409	Asp	GTC	0	0	69.8	46.80	23.00	Inf	Asp	95.8	high confidence set
Chr_05	67	37046292	37046207	Tyr	GTA	37046255	37046243	74.5	43.00	31.50	Inf	Tyr	111.8	high confidence set
Chr_05	68	36132034	36131962	Phe	GAA	0	0	78.3	58.40	19.90	Inf	Phe	113.2	high confidence set
Chr_05	69	35691933	35691862	Asp	GTC	0	0	67.8	44.80	23.00	Inf	Asp	92.9	high confidence set
Chr_05	70	34795107	34795037	Gly	CCC	0	0	66.3	29.50	36.80	Inf	Gly	89.7	high confidence set
Chr_05	71	32946287	32946216	Asp	GTC	0	0	67.8	44.80	23.00	Inf	Asp	92.9	high confidence set
Chr_05	72	32487370	32487289	Ser	CGA	0	0	78.9	46.60	32.30	Inf	Ser	122.0	high confidence set
Chr_05	73	30048447	30048374	Ile	AAT	0	0	81.8	58.30	23.50	Inf	Ile	106.8	high confidence set
Chr_05	75	12447736	12447664	Glu	CTC	0	0	77.5	51.70	25.80	Inf	Glu	97.9	high confidence set
Chr_05	76	7955323	7955243	Leu	CAG	0	0	69.5	46.80	22.70	Inf	Leu	109.7	high confidence set
Chr_05	77	4987457	4987384	Ile	TAT	0	0	84.9	69.60	15.30	Inf	Ile	102.9	high confidence set
Chr_05	81	426355	426284	Gln	CTG	0	0	72.1	47.90	24.20	Inf	Gln	99.8	high confidence set
Chr_05	82	423136	423065	Gln	CTG	0	0	71.8	47.10	24.70	Inf	Gln	103.5	high confidence set
Chr_06	1	436137	436209	Phe	GAA	0	0	78.3	58.40	19.90	Inf	Phe	113.2	high confidence set
Chr_06	2	2359127	2359200	Val	AAC	0	0	72.9	42.60	30.30	Inf	Val	101.0	high confidence set
Chr_06	3	4989791	4989863	Arg	TCT	0	0	68.1	50.00	18.10	Inf	Arg	96.3	high confidence set
Chr_06	7	24289146	24289231	Tyr	GTA	24289183	24289195	74.5	42.90	31.60	Inf	Tyr	111.8	high confidence set
Chr_06	8	24608786	24608857	Asp	GTC	0	0	68.0	45.20	22.80	Inf	Asp	91.9	high confidence set
Chr_06	10	26574658	26574730	Lys	CTT	0	0	86.8	66.60	20.20	Inf	Lys	107.7	high confidence set
Chr_06	11	29707315	29707387	Ala	CGC	0	0	68.2	44.00	24.20	Inf	Ala	95.8	high confidence set
Chr_06	12	32032766	32032839	Ile	AAT	0	0	81.8	58.30	23.50	Inf	Ile	106.8	high confidence set
Chr_06	14	34307813	34307886	Val	AAC	0	0	72.5	48.10	24.40	Inf	Val	100.2	high confidence set
Chr_06	15	34310654	34310727	Val	AAC	0	0	72.5	48.10	24.40	Inf	Val	100.2	high confidence set
Chr_06	16	34597629	34597700	Thr	TGT	0	0	84.5	58.50	26.00	Inf	Thr	95.0	high confidence set
Chr_06	17	35921949	35922022	Val	CAC	0	0	79.3	48.30	31.00	Inf	Val	104.5	high confidence set
Chr_06	18	36183431	36183351	Leu	AAG	0	0	74.0	52.20	21.80	Inf	Leu	110.4	high confidence set
Chr_06	19	35749639	35749567	Glu	CTC	0	0	77.5	51.70	25.80	Inf	Glu	97.9	high confidence set
Chr_06	21	34305192	34305119	Asn	GTT	0	0	84.6	58.80	25.80	Inf	Asn	96.0	high confidence set
Chr_06	23	33143636	33143564	Glu	CTC	0	0	77.5	51.70	25.80	Inf	Glu	97.9	high confidence set
Chr_06	25	30269872	30269791	Ser	GCT	0	0	79.0	43.10	35.90	Inf	Ser	108.6	high confidence set
Chr_06	26	28477133	28477060	Ile	AAT	0	0	82.1	58.60	23.50	Inf	Ile	106.3	high confidence set
Chr_06	27	26104390	26104316	Asn	ATT	0	0	69.5	50.50	19.00	Inf	Lys	91.4	IPD:-29.20,isotype mismatch
Chr_06	28	25767267	25767197	Gly	GCC	0	0	53.3	28.40	24.90	Inf	Gly	85.1	high confidence set
Chr_06	30	7738925	7738854	Gly	TCC	0	0	73.9	46.20	27.70	Inf	Gly	85.6	high confidence set
Chr_06	32	7733950	7733879	Gly	TCC	0	0	71.0	46.70	24.30	Inf	Gly	82.3	high confidence set
Chr_06	33	7730540	7730469	Gly	TCC	0	0	71.0	46.70	24.30	Inf	Gly	82.3	high confidence set
Chr_06	34	5633003	5632930	Val	AAC	0	0	51.5	30.40	21.10	Inf	Val	74.3	high confidence set
Chr_06	35	5597758	5597685	Val	AAC	0	0	72.9	42.60	30.30	Inf	Val	101.0	high confidence set
Chr_06	36	5080243	5080157	Met	CAT	5080205	5080193	54.2	35.60	18.60	Inf	Met	87.5	high confidence set
Chr_06	38	3588933	3588862	Trp	CCA	0	0	75.8	51.20	24.60	Inf	Trp	105.6	high confidence set
Chr_06	39	2149436	2149364	Arg	CCG	0	0	66.0	50.50	15.50	Inf	Arg	94.3	high confidence set
Chr_06	42	330843	330771	Arg	TCT	0	0	70.0	49.90	20.10	Inf	Arg	100.1	high confidence set
Chr_06	43	261543	261458	Tyr	GTA	261506	261494	74.5	43.00	31.50	Inf	Tyr	111.8	high confidence set
Chr_07	2	12104910	12104981	His	GTG	0	0	63.3	34.30	29.00	Inf	His	87.6	high confidence set
Chr_07	3	17139638	17139709	Gly	TCC	0	0	74.1	46.70	27.40	Inf	Gly	84.2	high confidence set
Chr_07	4	17623471	17623551	Leu	AAG	0	0	74.0	52.20	21.80	Inf	Leu	110.4	high confidence set
Chr_07	5	19676511	19676583	Phe	GAA	0	0	78.3	58.40	19.90	Inf	Phe	113.2	high confidence set
Chr_07	6	20050641	20050713	Lys	TTT	0	0	90.8	66.10	24.70	Inf	Lys	95.4	high confidence set
Chr_07	7	20260369	20260441	Ala	CGC	0	0	68.2	44.00	24.20	Inf	Ala	95.8	high confidence set
Chr_07	8	20809538	20809610	Arg	ACG	0	0	72.0	49.70	22.30	Inf	Arg	93.9	high confidence set
Chr_07	9	21579757	21579830	Ile	AAT	0	0	81.8	58.30	23.50	Inf	Ile	106.8	high confidence set
Chr_07	11	22448091	22448173	Leu	TAA	0	0	71.9	38.80	33.10	Inf	Leu	98.7	high confidence set
Chr_07	13	24010576	24010648	Arg	CCG	0	0	68.0	51.50	16.50	Inf	Arg	95.2	high confidence set
Chr_07	16	24548139	24548211	Phe	GAA	0	0	78.3	58.40	19.90	Inf	Phe	113.2	high confidence set
Chr_07	17	24576360	24576432	Ala	TGC	0	0	70.0	45.30	24.70	Inf	Ala	100.6	high confidence set
Chr_07	18	25161602	25161673	Pro	CGG	0	0	68.5	36.10	32.40	Inf	Pro	108.5	high confidence set
Chr_07	19	25161857	25161928	Pro	CGG	0	0	65.2	35.80	29.40	Inf	Pro	103.5	high confidence set
Chr_07	24	26449466	26449537	Thr	CGT	0	0	80.6	51.80	28.80	Inf	Thr	86.2	high confidence set
Chr_07	25	27854047	27854133	Met	CAT	27854085	27854097	64.2	40.70	23.50	Inf	Met	104.0	high confidence set
Chr_07	26	28957233	28957304	Glu	TTC	0	0	72.0	47.50	24.50	Inf	Glu	101.6	high confidence set
Chr_07	27	31377423	31377496	Arg	TCG	0	0	81.9	60.40	21.50	Inf	Arg	92.9	high confidence set
Chr_07	28	31578893	31578974	Ser	TGA	0	0	80.7	46.10	34.60	Inf	Ser	119.7	high confidence set
Chr_07	29	33759145	33759228	Leu	CAA	0	0	78.6	55.60	23.00	Inf	Leu	123.0	high confidence set
Chr_07	30	34086955	34087028	Val	CAC	0	0	79.3	48.30	31.00	Inf	Val	104.5	high confidence set
Chr_07	31	34091797	34091870	Val	CAC	0	0	79.3	48.30	31.00	Inf	Val	104.5	high confidence set
Chr_07	32	35048064	35048135	Pro	CGG	0	0	68.5	36.10	32.40	Inf	Pro	108.5	high confidence set
Chr_07	33	35275129	35275202	Ile	AAT	0	0	79.3	55.80	23.50	Inf	Ile	104.3	high confidence set
Chr_07	34	35014161	35014080	Ser	TGA	0	0	80.7	46.10	34.60	Inf	Ser	119.7	high confidence set
Chr_07	35	34686267	34686195	Ala	AGC	0	0	63.4	38.20	25.20	Inf	Ala	98.3	high confidence set
Chr_07	41	34031280	34031208	Ala	TGC	0	0	70.0	45.30	24.70	Inf	Ala	100.6	high confidence set
Chr_07	50	33541252	33541179	Glu	TTC	0	0	64.3	38.20	26.10	Inf	Glu	90.4	high confidence set
Chr_07	51	33009316	33009243	Thr	AGT	0	0	76.0	48.40	27.60	Inf	Thr	90.6	high confidence set
Chr_07	52	32247748	32247676	Arg	TCT	0	0	69.9	49.40	20.50	Inf	Arg	99.6	high confidence set
Chr_07	53	31822438	31822367	Lys	TTT	0	0	88.2	64.40	23.80	Inf	Lys	98.0	high confidence set
Chr_07	54	31512127	31512056	iMet	CAT	0	0	58.3	28.10	30.20	Inf	iMet	118.7	high confidence set
Chr_07	55	31510341	31510270	iMet	CAT	0	0	58.3	28.10	30.20	Inf	iMet	118.7	high confidence set
Chr_07	56	31095215	31095142	Thr	AGT	0	0	76.0	48.40	27.60	Inf	Thr	90.6	high confidence set
Chr_07	58	30199003	30198932	Trp	CCA	0	0	75.8	51.20	24.60	Inf	Trp	105.6	high confidence set
Chr_07	59	29281224	29281151	Val	AAC	0	0	72.9	48.60	24.30	Inf	Val	93.8	high confidence set
Chr_07	60	29252911	29252826	Tyr	GTA	29252874	29252862	74.5	43.00	31.50	Inf	Tyr	111.8	high confidence set
Chr_07	61	29216951	29216879	Arg	CCG	0	0	66.0	50.50	15.50	Inf	Arg	94.3	high confidence set
Chr_07	62	28789362	28789290	Ala	CGC	0	0	68.3	44.10	24.20	Inf	Ala	99.2	high confidence set
Chr_07	63	28764081	28764009	Glu	CTC	0	0	77.5	51.70	25.80	Inf	Glu	97.9	high confidence set
Chr_07	64	28316728	28316657	Asp	GTC	0	0	69.8	46.80	23.00	Inf	Asp	95.8	high confidence set
Chr_07	65	26835089	26835017	Val	TAC	0	0	71.2	38.40	32.80	Inf	Val	101.5	high confidence set
Chr_07	67	24651678	24651605	Thr	AGT	0	0	75.0	46.80	28.20	Inf	Thr	89.8	high confidence set
Chr_07	68	24549831	24549760	Thr	TGT	0	0	60.3	44.60	15.70	Inf	Thr	73.9	high confidence set
Chr_07	69	23763070	23763000	Gly	GCC	0	0	66.5	44.80	21.70	Inf	Gly	94.4	high confidence set
Chr_07	70	23745708	23745635	Ile	AAT	0	0	81.8	58.30	23.50	Inf	Ile	106.8	high confidence set
Chr_07	71	23285449	23285376	Ile	AAT	0	0	81.8	58.30	23.50	Inf	Ile	106.8	high confidence set
Chr_07	72	22980168	22980095	Val	CAC	0	0	79.3	48.30	31.00	Inf	Val	104.5	high confidence set
Chr_07	73	21083896	21083825	Trp	CCA	0	0	75.8	51.20	24.60	Inf	Trp	105.6	high confidence set
Chr_07	74	21013967	21013887	Leu	CAG	0	0	69.5	46.80	22.70	Inf	Leu	109.7	high confidence set
Chr_07	75	20892222	20892151	Trp	CCA	0	0	75.8	51.20	24.60	Inf	Trp	105.6	high confidence set
Chr_07	76	20059055	20058974	Ser	AGA	0	0	70.3	33.00	37.30	Inf	Ser	106.9	high confidence set
Chr_07	77	19357729	19357658	Gln	TTG	0	0	76.2	56.20	20.00	Inf	Gln	105.4	high confidence set
Chr_07	78	18624667	18624588	Leu	TAG	0	0	69.5	48.50	21.00	Inf	Leu	111.5	high confidence set
Chr_07	79	18538837	18538766	Cys	GCA	0	0	78.4	49.90	28.50	Inf	Cys	102.6	high confidence set
Chr_07	80	16892978	16892905	Val	CAC	0	0	79.3	48.30	31.00	Inf	Val	104.5	high confidence set
Chr_07	81	12912864	12912792	Arg	ACG	0	0	72.0	49.70	22.30	Inf	Arg	93.9	high confidence set
Chr_08	3	387105	387177	Ala	TGC	0	0	70.0	45.30	24.70	Inf	Ala	100.6	high confidence set
Chr_08	6	1044750	1044821	Pro	CGG	0	0	68.5	36.10	32.40	Inf	Pro	108.5	high confidence set
Chr_08	7	2406881	2406954	Glu	TTC	0	0	64.1	37.70	26.40	Inf	Glu	91.0	high confidence set
Chr_08	9	5550385	5550457	Arg	TCT	0	0	69.9	49.40	20.50	Inf	Arg	99.6	high confidence set
Chr_08	11	8665810	8665883	Glu	TTC	0	0	64.1	37.70	26.40	Inf	Glu	91.0	high confidence set
Chr_08	12	11904980	11905052	Ala	TGC	0	0	58.6	34.20	24.40	Inf	Ala	84.3	high confidence set
Chr_08	16	26125643	26125714	Pro	AGG	0	0	67.4	34.70	32.70	Inf	Pro	112.3	high confidence set
Chr_08	17	26135862	26135933	Pro	AGG	0	0	67.4	34.70	32.70	Inf	Pro	112.3	high confidence set
Chr_08	18	26183689	26183760	Pro	AGG	0	0	67.4	34.70	32.70	Inf	Pro	112.3	high confidence set
Chr_08	19	29379331	29379404	Glu	TTC	0	0	64.1	37.70	26.40	Inf	Glu	91.0	high confidence set
Chr_08	20	31096540	31096611	Gln	CTG	0	0	72.9	48.70	24.20	Inf	Gln	103.4	high confidence set
Chr_08	21	33866324	33866396	Ala	AGC	0	0	63.4	38.20	25.20	Inf	Ala	98.3	high confidence set
Chr_08	22	34423009	34423080	Pro	AGG	0	0	73.0	38.10	34.90	Inf	Ala	89.1	IPD:-0.20,isotype mismatch
Chr_08	23	34423901	34423972	Pro	AGG	0	0	73.0	38.10	34.90	Inf	Ala	89.1	IPD:-0.20,isotype mismatch
Chr_08	24	34425474	34425545	Pro	AGG	0	0	67.4	34.70	32.70	Inf	Pro	112.3	high confidence set
Chr_08	25	34574960	34575041	Ser	GCT	0	0	79.0	43.10	35.90	Inf	Ser	108.6	high confidence set
Chr_08	27	36928178	36928251	Asn	GTT	0	0	84.5	59.40	25.10	Inf	Asn	95.9	high confidence set
Chr_08	28	38341344	38341415	Pro	TGG	0	0	55.0	24.90	30.10	Inf	Pro	89.0	high confidence set
Chr_08	29	38341875	38341946	Pro	AGG	0	0	61.2	32.80	28.40	Inf	Pro	107.0	high confidence set
Chr_08	31	40681607	40681679	Lys	CTT	0	0	87.7	67.60	20.10	Inf	Lys	106.7	high confidence set
Chr_08	32	38493365	38493294	Gly	TCC	0	0	70.5	45.90	24.60	Inf	Gly	81.5	high confidence set
Chr_08	34	36193208	36193126	Leu	TAA	0	0	76.1	38.50	37.60	Inf	Leu	99.9	high confidence set
Chr_08	35	33581847	33581760	Tyr	GTA	33581810	33581796	74.4	42.90	31.50	Inf	Tyr	111.8	high confidence set
Chr_08	37	31673787	31673716	Pro	TGG	0	0	68.5	35.70	32.80	Inf	Pro	111.2	high confidence set
Chr_08	38	31094510	31094438	Arg	CCT	0	0	74.8	55.90	18.90	Inf	Arg	84.6	high confidence set
Chr_08	39	30073052	30072980	Arg	CCT	0	0	74.8	55.90	18.90	Inf	Arg	84.6	high confidence set
Chr_08	40	30071192	30071120	Arg	CCT	0	0	74.8	55.90	18.90	Inf	Arg	84.6	high confidence set
Chr_08	42	2963011	2962940	Pro	AGG	0	0	67.4	34.70	32.70	Inf	Pro	112.3	high confidence set
Chr_08	45	2125235	2125163	Ala	AGC	0	0	63.4	38.20	25.20	Inf	Ala	98.3	high confidence set
Chr_08	46	1226864	1226791	Ile	AAT	0	0	81.8	58.30	23.50	Inf	Ile	106.8	high confidence set
Chr_08	47	1207142	1207071	Pro	CGG	0	0	68.5	36.10	32.40	Inf	Pro	108.5	high confidence set
Chr_08	48	989273	989192	Ser	TGA	0	0	78.3	44.40	33.90	Inf	Ser	115.8	high confidence set
Chr_08	49	773658	773575	Leu	CAA	0	0	78.6	55.60	23.00	Inf	Leu	123.0	high confidence set
Chr_08	50	339770	339697	Val	CAC	0	0	79.3	48.30	31.00	Inf	Val	104.5	high confidence set
Chr_08	51	338371	338298	Val	CAC	0	0	79.3	48.30	31.00	Inf	Val	104.5	high confidence set
Chr_09	1	87439	87510	His	GTG	0	0	63.0	33.70	29.30	Inf	His	87.1	high confidence set
Chr_09	2	864465	864546	Ser	AGA	0	0	80.3	44.00	36.30	Inf	Ser	115.3	high confidence set
Chr_09	3	904041	904122	Ser	CGA	0	0	78.9	46.60	32.30	Inf	Ser	122.0	high confidence set
Chr_09	4	932054	932127	Val	AAC	0	0	72.9	42.60	30.30	Inf	Val	101.0	high confidence set
Chr_09	5	1358967	1359039	Glu	CTC	0	0	77.5	51.70	25.80	Inf	Glu	97.9	high confidence set
Chr_09	6	1862140	1862213	Val	AAC	0	0	72.9	48.60	24.30	Inf	Val	93.8	high confidence set
Chr_09	7	1933031	1933103	Glu	CTC	0	0	77.5	51.70	25.80	Inf	Glu	97.9	high confidence set
Chr_09	9	2591391	2591464	Pro	TGG	0	0	63.6	30.20	33.40	Inf	Trp	70.3	IPD:-10.80,isotype mismatch
Chr_09	10	2591596	2591669	Trp	CCA	0	0	72.1	42.60	29.50	Inf	Thr	75.4	IPD:-18.90,isotype mismatch
Chr_09	13	3525923	3525993	Gly	GCC	0	0	66.5	44.80	21.70	Inf	Gly	94.4	high confidence set
Chr_09	14	3921880	3921953	Val	AAC	0	0	72.2	47.80	24.40	Inf	Val	98.2	high confidence set
Chr_09	15	3935269	3935341	Ala	AGC	0	0	63.4	38.20	25.20	Inf	Ala	98.3	high confidence set
Chr_09	16	3938790	3938862	Ala	AGC	0	0	63.4	38.20	25.20	Inf	Ala	98.3	high confidence set
Chr_09	17	4223415	4223487	Glu	CTC	0	0	77.5	51.70	25.80	Inf	Glu	97.9	high confidence set
Chr_09	18	4286488	4286561	Thr	AGT	0	0	75.0	46.80	28.20	Inf	Thr	89.8	high confidence set
Chr_09	19	4506998	4507071	Glu	TTC	0	0	64.1	37.70	26.40	Inf	Glu	91.0	high confidence set
Chr_09	20	4537935	4538007	Ala	TGC	0	0	70.0	45.30	24.70	Inf	Ala	100.6	high confidence set
Chr_09	23	6776856	6776928	Arg	CCT	0	0	73.3	48.10	25.20	Inf	Thr	83.0	IPD:-7.00,isotype mismatch
Chr_09	25	9055655	9055728	Thr	AGT	0	0	75.0	46.80	28.20	Inf	Thr	89.8	high confidence set
Chr_09	26	9124665	9124737	Arg	CCT	0	0	74.8	55.90	18.90	Inf	Arg	84.6	high confidence set
Chr_09	27	10403844	10403917	Val	AAC	0	0	64.5	44.30	20.20	Inf	Val	82.9	high confidence set
Chr_09	28	15366983	15367055	Ala	AGC	0	0	63.4	38.20	25.20	Inf	Ala	98.3	high confidence set
Chr_09	29	16598536	16598609	Asn	GTT	0	0	81.1	55.90	25.20	Inf	Asn	91.8	high confidence set
Chr_09	30	16873607	16873678	Gln	CTG	0	0	72.9	48.70	24.20	Inf	Gln	103.4	high confidence set
Chr_09	31	17131241	17131311	Gly	GCC	0	0	66.5	44.80	21.70	Inf	Gly	94.4	high confidence set
Chr_09	32	18050944	18051016	Lys	CTT	0	0	86.8	66.60	20.20	Inf	Lys	107.7	high confidence set
Chr_09	33	18323697	18323770	Ile	TAT	0	0	87.1	72.60	14.50	Inf	Ile	104.3	high confidence set
Chr_09	34	19056477	19056560	Leu	CAA	0	0	78.6	55.60	23.00	Inf	Leu	123.0	high confidence set
Chr_09	35	22652831	22652916	Tyr	GTA	22652868	22652880	74.5	42.90	31.60	Inf	Tyr	111.8	high confidence set
Chr_09	36	22780834	22780906	Arg	ACG	0	0	70.0	45.90	24.10	Inf	Arg	88.9	high confidence set
Chr_09	37	34998072	34998159	Met	CAT	34998110	34998123	64.1	40.70	23.40	Inf	Met	104.0	high confidence set
Chr_09	38	35718914	35718995	Ser	GCT	0	0	80.5	45.20	35.30	Inf	Ser	109.5	high confidence set
Chr_09	39	38744361	38744432	His	GTG	0	0	51.6	31.00	20.60	Inf	His	74.9	high confidence set
Chr_09	40	41191286	41191367	Ser	GCT	0	0	79.0	43.10	35.90	Inf	Ser	108.6	high confidence set
Chr_09	41	42298962	42299047	Met	CAT	42299000	42299011	64.2	40.70	23.50	Inf	Met	104.0	high confidence set
Chr_09	42	42715141	42715214	Ile	AAT	0	0	81.8	58.30	23.50	Inf	Ile	106.8	high confidence set
Chr_09	43	43881904	43881975	Pro	TGG	0	0	68.5	35.70	32.80	Inf	Pro	111.2	high confidence set
Chr_09	44	44519784	44519854	Gly	CCC	0	0	66.3	29.50	36.80	Inf	Gly	89.7	high confidence set
Chr_09	45	44557283	44557364	Ser	TGA	0	0	80.7	46.10	34.60	Inf	Ser	119.7	high confidence set
Chr_09	47	45483418	45483490	Glu	CTC	0	0	77.5	51.70	25.80	Inf	Glu	97.9	high confidence set
Chr_09	48	46225943	46226015	Ala	AGC	0	0	63.4	38.20	25.20	Inf	Ala	98.3	high confidence set
Chr_09	49	46545579	46545659	Leu	AAG	0	0	74.0	52.20	21.80	Inf	Leu	110.4	high confidence set
Chr_09	50	46558754	46558834	Leu	AAG	0	0	74.0	52.20	21.80	Inf	Leu	110.4	high confidence set
Chr_09	51	46655696	46655767	iMet	CAT	0	0	58.3	28.10	30.20	Inf	iMet	118.7	high confidence set
Chr_09	52	51104754	51104825	iMet	CAT	0	0	58.3	28.10	30.20	Inf	iMet	118.7	high confidence set
Chr_09	53	53792352	53792422	Gly	GCC	0	0	66.5	44.80	21.70	Inf	Gly	94.4	high confidence set
Chr_09	54	54840335	54840408	Asn	GTT	0	0	84.6	58.80	25.80	Inf	Asn	96.0	high confidence set
Chr_09	55	55794647	55794718	Thr	TGT	0	0	84.5	58.50	26.00	Inf	Thr	95.0	high confidence set
Chr_09	56	55875151	55875224	Asn	GTT	0	0	81.1	55.90	25.20	Inf	Asn	91.8	high confidence set
Chr_09	57	56097023	56097093	Gly	GCC	0	0	66.5	44.80	21.70	Inf	Gly	94.4	high confidence set
Chr_09	58	54186480	54186410	Gly	GCC	0	0	66.5	44.80	21.70	Inf	Gly	94.4	high confidence set
Chr_09	59	53375418	53375335	Leu	CAA	0	0	78.6	55.60	23.00	Inf	Leu	123.0	high confidence set
Chr_09	60	53242880	53242809	Pro	TGG	0	0	68.5	35.70	32.80	Inf	Pro	111.2	high confidence set
Chr_09	61	51858747	51858663	Tyr	GTA	51858710	51858699	74.5	43.00	31.50	Inf	Tyr	111.8	high confidence set
Chr_09	62	51798587	51798515	Arg	ACG	0	0	72.0	49.70	22.30	Inf	Arg	93.9	high confidence set
Chr_09	64	50046495	50046425	Gly	CCC	0	0	66.3	29.50	36.80	Inf	Gly	89.7	high confidence set
Chr_09	65	49735070	49734997	Thr	AGT	0	0	75.0	46.80	28.20	Inf	Thr	89.8	high confidence set
Chr_09	66	49578280	49578208	Arg	CCT	0	0	71.7	55.90	15.80	Inf	Arg	84.3	high confidence set
Chr_09	68	47315680	47315607	Arg	TCG	0	0	78.6	53.90	24.70	Inf	Arg	88.7	high confidence set
Chr_09	69	46953878	46953806	Thr	TGT	0	0	65.7	46.40	19.30	Inf	Thr	80.1	high confidence set
Chr_09	70	46749594	46749523	His	GTG	0	0	63.0	33.70	29.30	Inf	His	87.1	high confidence set
Chr_09	71	46628829	46628759	Gly	GCC	0	0	66.5	44.80	21.70	Inf	Gly	94.4	high confidence set
Chr_09	72	45591065	45590993	Ala	CGC	0	0	68.3	44.10	24.20	Inf	Ala	99.2	high confidence set
Chr_09	74	44095978	44095905	Asn	GTT	0	0	83.9	58.50	25.40	Inf	Asn	97.4	high confidence set
Chr_09	75	42676232	42676152	Leu	CAG	0	0	69.5	46.80	22.70	Inf	Leu	109.7	high confidence set
Chr_09	76	42539173	42539102	Trp	CCA	0	0	75.8	51.20	24.60	Inf	Trp	105.6	high confidence set
Chr_09	77	41140658	41140586	Lys	CTT	0	0	87.7	67.60	20.10	Inf	Lys	106.7	high confidence set
Chr_09	78	40890596	40890525	Asp	GTC	0	0	69.8	46.80	23.00	Inf	Asp	95.8	high confidence set
Chr_09	79	38853124	38853051	Asn	GTT	0	0	80.2	54.40	25.80	Inf	Asn	90.7	high confidence set
Chr_09	81	38061553	38061481	Ala	AGC	0	0	63.4	38.20	25.20	Inf	Ala	98.3	high confidence set
Chr_09	83	37276203	37276133	Gly	GCC	0	0	66.5	44.80	21.70	Inf	Gly	94.4	high confidence set
Chr_09	84	36987044	36986964	Leu	AAG	0	0	74.3	53.30	21.00	Inf	Leu	109.7	high confidence set
Chr_09	85	35424036	35423964	Ala	AGC	0	0	63.4	38.20	25.20	Inf	Ala	98.3	high confidence set
Chr_09	86	35135250	35135178	Ala	TGC	0	0	70.0	45.30	24.70	Inf	Ala	100.6	high confidence set
Chr_09	87	34848233	34848163	Gly	GCC	0	0	66.5	44.80	21.70	Inf	Gly	94.4	high confidence set
Chr_09	88	33777966	33777893	Thr	AGT	0	0	75.0	46.80	28.20	Inf	Thr	89.8	high confidence set
Chr_09	89	33766740	33766668	Arg	CCT	0	0	65.8	55.10	10.70	Inf	Arg	74.8	high confidence set
Chr_09	91	22876648	22876577	iMet	CAT	0	0	58.3	28.10	30.20	Inf	iMet	118.7	high confidence set
Chr_09	92	22772309	22772238	Asp	GTC	0	0	69.8	46.80	23.00	Inf	Asp	95.8	high confidence set
Chr_09	94	20767073	20767002	Trp	CCA	0	0	75.8	51.20	24.60	Inf	Trp	105.6	high confidence set
Chr_09	95	15404246	15404175	Thr	TGT	0	0	79.3	49.30	30.00	Inf	Thr	92.3	high confidence set
Chr_09	97	12415304	12415232	Arg	ACG	0	0	72.0	49.70	22.30	Inf	Arg	93.9	high confidence set
Chr_09	98	11758573	11758502	Asp	GTC	0	0	69.8	46.80	23.00	Inf	Asp	98.0	high confidence set
Chr_09	99	11638812	11638740	Arg	ACG	0	0	72.0	49.70	22.30	Inf	Arg	93.9	high confidence set
Chr_09	101	9606488	9606418	Gly	GCC	0	0	66.5	44.80	21.70	Inf	Gly	94.4	high confidence set
Chr_09	102	9123763	9123693	Gln	CTG	0	0	59.4	42.10	17.30	Inf	Gln	87.1	high confidence set
Chr_09	103	6325494	6325421	Val	CAC	0	0	79.3	48.30	31.00	Inf	Val	104.5	high confidence set
Chr_09	104	5472252	5472180	Arg	CCT	0	0	74.8	55.90	18.90	Inf	Arg	84.6	high confidence set
Chr_09	105	5254742	5254670	Arg	ACG	0	0	72.0	49.70	22.30	Inf	Arg	93.9	high confidence set
Chr_09	106	4339118	4339047	Gln	CTG	0	0	75.3	51.20	24.10	Inf	Gln	106.0	high confidence set
Chr_09	107	3628880	3628809	Cys	GCA	0	0	81.7	56.10	25.60	Inf	Cys	104.3	high confidence set
Chr_09	109	2881678	2881608	Gly	GCC	0	0	69.2	41.50	27.70	Inf	Gly	72.3	high confidence set
Chr_09	111	2159963	2159880	Leu	CAA	0	0	78.6	55.60	23.00	Inf	Leu	123.0	high confidence set
