Sequence          		tRNA   	Bounds 	tRNA	Anti	Intron Bounds	Inf	HMM	2'Str	Hit	Isotype	Isotype	      
Name              	tRNA#	Begin  	End    	Type	Codon	Begin	End	Score	Score	Score	Origin	CM	Score	Note
--------          	------	-----  	------ 	----	-----	-----	----	------	-----	-----	------	-------	-------	------
JAANDH010000004.1	1	451871	451799	Ala	TGC	0	0	70.0	45.30	24.70	Inf	Ala	100.6	high confidence set
JAANDH010000005.1	1	338945	339018	Asn	GTT	0	0	84.5	59.40	25.10	Inf	Asn	95.9	high confidence set
JAANDH010000006.1	1	284246	284327	Ser	GCT	0	0	80.5	45.20	35.30	Inf	Ser	109.5	high confidence set
JAANDH010000006.1	2	567890	567960	Gly	CCC	0	0	66.3	29.50	36.80	Inf	Gly	89.7	high confidence set
JAANDH010000006.1	3	965311	965382	Cys	GCA	0	0	82.1	59.90	22.20	Inf	Cys	106.6	high confidence set
JAANDH010000007.1	1	737410	737494	Tyr	GTA	737447	737458	75.2	44.20	31.00	Inf	Tyr	105.0	high confidence set
JAANDH010000007.1	2	794453	794523	Gly	GCC	0	0	66.5	44.80	21.70	Inf	Gly	94.4	high confidence set
JAANDH010000008.1	1	1086388	1086461	Val	CAC	0	0	82.4	54.40	28.00	Inf	Val	103.7	high confidence set
JAANDH010000011.1	1	669625	669555	Gly	CCC	0	0	66.3	29.50	36.80	Inf	Gly	89.7	high confidence set
JAANDH010000012.1	1	428228	428300	Arg	TCT	0	0	68.8	51.20	17.60	Inf	Arg	94.8	high confidence set
JAANDH010000012.1	3	519350	519422	Ala	AGC	0	0	63.4	38.20	25.20	Inf	Ala	98.3	high confidence set
JAANDH010000014.1	1	177515	177596	Ser	AGA	0	0	78.7	42.50	36.20	Inf	Ser	114.6	high confidence set
JAANDH010000015.1	1	148352	148425	Glu	TTC	0	0	65.2	42.60	22.60	Inf	Glu	96.4	high confidence set
JAANDH010000015.1	2	379452	379534	Leu	TAA	0	0	75.9	39.10	36.80	Inf	Leu	101.1	high confidence set
JAANDH010000015.1	3	451972	451900	Ala	AGC	0	0	63.4	38.20	25.20	Inf	Ala	98.3	high confidence set
JAANDH010000015.1	4	380046	379975	Gly	TCC	0	0	73.9	46.20	27.70	Inf	Gly	85.6	high confidence set
JAANDH010000015.1	5	190282	190210	Arg	TCT	0	0	68.5	50.60	17.90	Inf	Arg	98.8	high confidence set
JAANDH010000016.1	1	63870	63943	Val	AAC	0	0	72.9	48.60	24.30	Inf	Val	93.8	high confidence set
JAANDH010000017.1	1	533928	533856	Ala	AGC	0	0	63.4	38.20	25.20	Inf	Ala	98.3	high confidence set
JAANDH010000019.1	1	662897	662978	Ser	GCT	0	0	78.3	42.40	35.90	Inf	Ser	108.3	high confidence set
JAANDH010000019.1	2	663107	663188	Ser	GCT	0	0	78.3	42.40	35.90	Inf	Ser	108.3	high confidence set
JAANDH010000019.1	3	666438	666519	Ser	GCT	0	0	79.0	43.10	35.90	Inf	Ser	108.6	high confidence set
JAANDH010000019.1	4	672303	672384	Ser	GCT	0	0	79.0	43.10	35.90	Inf	Ser	108.6	high confidence set
JAANDH010000019.1	5	286911	286818	Tyr	GTA	286874	286854	74.2	42.70	31.50	Inf	Tyr	111.8	high confidence set
JAANDH010000019.1	6	286675	286582	Tyr	GTA	286638	286618	74.2	42.70	31.50	Inf	Tyr	111.8	high confidence set
JAANDH010000021.1	1	561561	561632	Gln	TTG	0	0	73.5	53.70	19.80	Inf	Gln	104.8	high confidence set
JAANDH010000021.1	2	564999	565070	Gln	TTG	0	0	73.5	53.70	19.80	Inf	Gln	104.8	high confidence set
JAANDH010000022.1	1	528134	528214	Leu	AAG	0	0	74.0	52.20	21.80	Inf	Leu	110.4	high confidence set
JAANDH010000022.1	2	775419	775346	Val	AAC	0	0	72.9	48.60	24.30	Inf	Val	93.8	high confidence set
JAANDH010000030.1	1	31855	31928	Ile	AAT	0	0	81.8	58.30	23.50	Inf	Ile	106.8	high confidence set
JAANDH010000030.1	2	755258	755338	Leu	AAG	0	0	74.0	52.20	21.80	Inf	Leu	110.4	high confidence set
JAANDH010000030.1	3	327885	327814	Gln	CTG	0	0	75.3	51.20	24.10	Inf	Gln	106.0	high confidence set
JAANDH010000032.1	1	473514	473442	Arg	ACG	0	0	71.7	49.10	22.60	Inf	Arg	91.4	high confidence set
JAANDH010000032.1	2	473359	473287	Arg	ACG	0	0	71.7	49.10	22.60	Inf	Arg	91.4	high confidence set
JAANDH010000032.1	3	466478	466406	Arg	ACG	0	0	71.7	49.10	22.60	Inf	Arg	91.4	high confidence set
JAANDH010000034.1	1	424511	424596	Met	CAT	424549	424560	64.2	40.70	23.50	Inf	Met	104.0	high confidence set
JAANDH010000034.1	2	569844	569915	His	GTG	0	0	63.0	33.70	29.30	Inf	His	86.8	high confidence set
JAANDH010000034.1	3	568258	568186	Arg	CCG	0	0	80.4	58.30	22.10	Inf	Arg	84.6	high confidence set
JAANDH010000035.1	1	175220	175293	Ile	AAT	0	0	81.8	58.30	23.50	Inf	Ile	106.8	high confidence set
JAANDH010000036.1	1	383426	383354	Ala	AGC	0	0	63.4	38.20	25.20	Inf	Ala	98.3	high confidence set
JAANDH010000037.1	1	661264	661336	Ala	AGC	0	0	63.4	38.20	25.20	Inf	Ala	98.3	high confidence set
JAANDH010000037.1	2	580001	579918	Leu	CAA	0	0	81.0	54.60	26.40	Inf	Leu	125.6	high confidence set
JAANDH010000038.1	1	144211	144298	Tyr	GTA	144248	144262	74.4	42.90	31.50	Inf	Tyr	111.8	high confidence set
JAANDH010000038.1	2	1204362	1204291	Trp	CCA	0	0	75.8	51.20	24.60	Inf	Trp	105.6	high confidence set
JAANDH010000038.1	3	1192055	1191983	Arg	ACG	0	0	71.7	49.10	22.60	Inf	Arg	91.4	high confidence set
JAANDH010000038.1	4	1191372	1191299	Val	AAC	0	0	63.6	45.70	17.90	Inf	Val	85.7	high confidence set
JAANDH010000038.1	5	1052255	1052184	iMet	CAT	0	0	58.3	28.10	30.20	Inf	iMet	118.7	high confidence set
JAANDH010000038.1	6	165737	165651	Met	CAT	165699	165687	60.3	44.00	16.30	Inf	Met	98.7	high confidence set
JAANDH010000040.1	1	369101	369172	Trp	CCA	0	0	75.8	51.20	24.60	Inf	Trp	105.6	high confidence set
JAANDH010000040.1	2	251475	251402	Asn	GTT	0	0	75.6	50.40	25.20	Inf	Asn	88.9	high confidence set
JAANDH010000041.1	1	608789	608718	Asp	GTC	0	0	69.8	46.80	23.00	Inf	Asp	95.8	high confidence set
JAANDH010000041.1	2	17062	16989	Asn	GTT	0	0	84.5	59.40	25.10	Inf	Asn	95.9	high confidence set
JAANDH010000042.1	1	717447	717519	Lys	CTT	0	0	87.7	67.60	20.10	Inf	Lys	106.7	high confidence set
JAANDH010000042.1	2	741884	741811	Thr	AGT	0	0	76.5	48.00	28.50	Inf	Thr	90.4	high confidence set
JAANDH010000042.1	3	511023	510951	Phe	GAA	0	0	78.3	58.40	19.90	Inf	Phe	113.2	high confidence set
JAANDH010000043.1	1	321352	321423	Asp	GTC	0	0	58.5	44.10	14.40	Inf	Asp	87.0	high confidence set
JAANDH010000046.1	1	85604	85532	Lys	TTT	0	0	90.5	66.90	23.60	Inf	Lys	95.4	high confidence set
JAANDH010000049.1	1	472118	472203	Met	CAT	472156	472167	56.9	34.10	22.80	Inf	Met	88.5	high confidence set
JAANDH010000049.1	2	469182	469097	Met	CAT	469144	469133	64.2	40.70	23.50	Inf	Met	104.0	high confidence set
JAANDH010000049.1	3	263506	263434	Lys	CTT	0	0	87.7	67.60	20.10	Inf	Lys	106.7	high confidence set
JAANDH010000050.1	1	458734	458806	Ala	AGC	0	0	63.4	38.20	25.20	Inf	Ala	98.3	high confidence set
JAANDH010000050.1	2	375930	375847	Leu	CAA	0	0	79.4	54.40	25.00	Inf	Leu	125.3	high confidence set
JAANDH010000051.1	1	481613	481685	Ala	AGC	0	0	63.4	38.20	25.20	Inf	Ala	98.3	high confidence set
JAANDH010000051.1	2	350493	350410	Leu	CAA	0	0	83.7	55.90	27.80	Inf	Leu	127.9	high confidence set
JAANDH010000052.1	1	179146	179074	Glu	CTC	0	0	80.0	54.10	25.90	Inf	Glu	99.8	high confidence set
JAANDH010000053.1	1	249940	249869	Asp	GTC	0	0	69.8	46.80	23.00	Inf	Asp	95.8	high confidence set
JAANDH010000053.1	3	204808	204737	Asp	GTC	0	0	69.8	46.80	23.00	Inf	Asp	95.8	high confidence set
JAANDH010000059.1	1	404453	404526	Ile	AAT	0	0	81.8	58.30	23.50	Inf	Ile	106.8	high confidence set
JAANDH010000060.1	1	158593	158676	Leu	CAA	0	0	82.1	55.50	26.60	Inf	Leu	121.4	high confidence set
JAANDH010000060.1	2	293755	293682	Val	AAC	0	0	72.9	48.60	24.30	Inf	Val	93.8	high confidence set
JAANDH010000061.1	1	607136	607208	Ala	CGC	0	0	68.2	44.00	24.20	Inf	Ala	95.8	high confidence set
JAANDH010000061.1	2	607526	607598	Ala	TGC	0	0	61.8	32.40	29.40	Inf	Ala	99.1	high confidence set
JAANDH010000062.1	1	461707	461636	Gln	TTG	0	0	76.2	50.30	25.90	Inf	Gln	96.7	high confidence set
JAANDH010000063.1	1	497467	497394	Thr	AGT	0	0	76.5	48.00	28.50	Inf	Thr	90.4	high confidence set
JAANDH010000068.1	1	374452	374524	Ala	CGC	0	0	68.3	44.10	24.20	Inf	Ala	99.2	high confidence set
JAANDH010000069.1	1	379756	379839	Leu	CAA	0	0	79.4	54.40	25.00	Inf	Leu	125.3	high confidence set
JAANDH010000069.1	2	276592	276521	Thr	CGT	0	0	80.2	53.70	26.50	Inf	Thr	86.8	high confidence set
JAANDH010000070.1	1	230620	230690	Gly	GCC	0	0	66.5	44.80	21.70	Inf	Gly	94.4	high confidence set
JAANDH010000071.1	1	83777	83705	Glu	CTC	0	0	80.0	54.10	25.90	Inf	Glu	99.8	high confidence set
JAANDH010000073.1	1	146272	146200	Lys	CTT	0	0	87.7	67.60	20.10	Inf	Lys	106.7	high confidence set
JAANDH010000079.1	2	24903	24820	Leu	CAA	0	0	77.9	54.30	23.60	Inf	Leu	125.0	high confidence set
JAANDH010000081.1	1	231691	231763	Phe	GAA	0	0	78.3	58.40	19.90	Inf	Phe	113.2	high confidence set
JAANDH010000081.1	2	675860	675787	Glu	TTC	0	0	64.5	41.20	23.30	Inf	Glu	93.9	high confidence set
JAANDH010000081.1	3	559133	559060	Glu	TTC	0	0	63.6	40.40	23.20	Inf	Glu	93.9	high confidence set
JAANDH010000081.1	4	232437	232366	Trp	CCA	0	0	75.8	51.20	24.60	Inf	Trp	105.6	high confidence set
JAANDH010000085.1	1	253485	253412	Ile	AAT	0	0	81.8	58.30	23.50	Inf	Ile	106.8	high confidence set
JAANDH010000086.1	1	427636	427716	Leu	AAG	0	0	74.0	52.20	21.80	Inf	Leu	106.2	high confidence set
JAANDH010000088.1	1	319131	319058	Arg	TCG	0	0	82.3	61.00	21.30	Inf	Arg	91.9	high confidence set
JAANDH010000097.1	1	143025	142945	Leu	CAG	0	0	69.5	46.80	22.70	Inf	Leu	109.7	high confidence set
JAANDH010000098.1	1	80447	80376	Thr	TGT	0	0	84.5	58.50	26.00	Inf	Thr	95.0	high confidence set
JAANDH010000099.1	1	119808	119736	Glu	CTC	0	0	80.0	54.10	25.90	Inf	Glu	99.8	high confidence set
JAANDH010000100.1	1	32950	33021	iMet	CAT	0	0	58.3	28.10	30.20	Inf	iMet	118.7	high confidence set
JAANDH010000104.1	1	345162	345081	Ser	AGA	0	0	78.7	42.50	36.20	Inf	Ser	114.6	high confidence set
JAANDH010000104.1	2	324301	324228	Asn	GTT	0	0	83.1	56.90	26.20	Inf	Asn	96.3	high confidence set
JAANDH010000104.1	3	239799	239718	Ser	AGA	0	0	63.7	38.20	25.50	Inf	Ser	101.7	high confidence set
JAANDH010000105.1	1	221269	221198	Pro	AGG	0	0	67.4	34.70	32.70	Inf	Pro	112.3	high confidence set
JAANDH010000110.1	1	3722	3793	Gln	CTG	0	0	68.9	44.20	24.70	Inf	Gln	103.4	high confidence set
JAANDH010000110.1	2	454193	454122	His	GTG	0	0	63.3	34.30	29.00	Inf	His	91.7	high confidence set
JAANDH010000110.1	3	451087	451016	His	GTG	0	0	63.3	34.30	29.00	Inf	His	91.7	high confidence set
JAANDH010000110.1	4	448708	448637	His	GTG	0	0	63.3	34.30	29.00	Inf	His	91.7	high confidence set
JAANDH010000112.1	1	301005	300934	Thr	TGT	0	0	84.5	58.50	26.00	Inf	Thr	95.0	high confidence set
JAANDH010000117.1	1	370347	370276	Thr	TGT	0	0	84.5	58.50	26.00	Inf	Thr	95.0	high confidence set
JAANDH010000118.1	1	33028	32948	Leu	AAG	0	0	57.3	42.50	14.80	Inf	Leu	87.1	high confidence set
JAANDH010000120.1	1	343227	343298	Pro	AGG	0	0	67.4	34.70	32.70	Inf	Pro	112.3	high confidence set
JAANDH010000120.1	2	343899	343828	Pro	TGG	0	0	68.5	35.70	32.80	Inf	Pro	111.2	high confidence set
JAANDH010000123.1	1	521324	521396	Glu	CTC	0	0	80.0	54.10	25.90	Inf	Glu	99.8	high confidence set
JAANDH010000123.1	2	522587	522659	Glu	CTC	0	0	80.0	54.10	25.90	Inf	Glu	99.8	high confidence set
JAANDH010000124.1	1	440785	440858	Glu	TTC	0	0	63.6	40.40	23.20	Inf	Glu	93.9	high confidence set
JAANDH010000126.1	1	38399	38491	Tyr	GTA	38436	38455	74.2	42.70	31.50	Inf	Tyr	111.8	high confidence set
JAANDH010000126.1	2	142341	142268	Thr	AGT	0	0	76.5	48.00	28.50	Inf	Thr	90.4	high confidence set
JAANDH010000127.1	1	375825	375897	Arg	CCT	0	0	69.1	50.30	18.80	Inf	Arg	81.2	high confidence set
JAANDH010000129.1	1	434590	434673	Tyr	ATA	0	0	55.5	30.30	25.20	Inf	Tyr	72.5	unexpected anticodon
JAANDH010000132.1	1	431844	431764	Leu	CAG	0	0	69.5	46.80	22.70	Inf	Leu	109.7	high confidence set
JAANDH010000133.1	1	455982	456053	Gln	TTG	0	0	74.8	50.10	24.70	Inf	Gln	97.6	high confidence set
JAANDH010000143.1	2	317704	317775	Pro	AGG	0	0	67.4	34.70	32.70	Inf	Pro	112.3	high confidence set
JAANDH010000143.1	3	318754	318825	Pro	TGG	0	0	68.5	35.70	32.80	Inf	Pro	111.2	high confidence set
JAANDH010000151.1	1	94355	94428	Asn	GTT	0	0	83.9	58.50	25.40	Inf	Asn	97.4	high confidence set
JAANDH010000155.1	1	311436	311521	Met	CAT	311474	311485	64.2	40.80	23.40	Inf	Met	104.0	high confidence set
JAANDH010000156.1	1	209469	209541	Arg	TCT	0	0	68.8	51.20	17.60	Inf	Arg	94.8	high confidence set
JAANDH010000156.1	2	209638	209711	Val	AAC	0	0	70.1	49.10	21.00	Inf	Val	91.3	high confidence set
JAANDH010000159.1	1	179482	179574	Tyr	GTA	179519	179538	74.2	42.70	31.50	Inf	Tyr	111.8	high confidence set
JAANDH010000159.1	2	191512	191439	Ile	TAT	0	0	85.9	70.60	15.30	Inf	Ile	103.9	high confidence set
JAANDH010000159.1	3	191356	191283	Ile	TAT	0	0	85.9	70.60	15.30	Inf	Ile	103.9	high confidence set
JAANDH010000161.1	1	265601	265520	Ser	GCT	0	0	79.0	43.10	35.90	Inf	Ser	108.6	high confidence set
JAANDH010000165.1	1	174712	174784	Arg	CCT	0	0	69.1	50.30	18.80	Inf	Arg	81.2	high confidence set
JAANDH010000173.1	1	307264	307344	Leu	CAG	0	0	62.6	41.20	21.40	Inf	Leu	100.2	high confidence set
JAANDH010000175.1	1	329992	330063	Pro	AGG	0	0	60.5	27.80	32.70	Inf	Pro	103.9	high confidence set
JAANDH010000175.1	2	351022	351093	Pro	TGG	0	0	68.5	35.70	32.80	Inf	Pro	111.2	high confidence set
JAANDH010000175.1	3	377252	377172	Ser	TGA	0	0	82.2	47.10	35.10	Inf	Ser	113.7	high confidence set
JAANDH010000175.1	4	277191	277111	Ser	CGA	0	0	50.8	24.50	26.30	Inf	Ser	82.8	high confidence set
JAANDH010000175.1	5	267872	267791	Ser	CGA	0	0	78.9	46.60	32.30	Inf	Ser	122.0	high confidence set
JAANDH010000175.1	6	167818	167745	Arg	TCG	0	0	82.0	60.20	21.80	Inf	Arg	90.2	high confidence set
JAANDH010000175.1	7	109679	109607	Ala	TGC	0	0	65.5	40.70	24.80	Inf	Ala	96.0	high confidence set
JAANDH010000181.1	1	113083	113011	Lys	TTT	0	0	90.5	66.90	23.60	Inf	Lys	95.4	high confidence set
JAANDH010000187.1	1	187119	187190	Gln	CTG	0	0	74.3	49.60	24.70	Inf	Gln	106.1	high confidence set
JAANDH010000190.1	1	61405	61334	Pro	CGG	0	0	69.6	37.70	31.90	Inf	Pro	108.3	high confidence set
JAANDH010000193.1	1	334194	334267	Val	CAC	0	0	82.4	54.40	28.00	Inf	Val	103.7	high confidence set
JAANDH010000193.1	2	471913	471985	Ala	CGC	0	0	67.5	42.90	24.60	Inf	Ala	99.2	high confidence set
JAANDH010000193.1	3	305888	305816	Arg	CCT	0	0	69.1	50.30	18.80	Inf	Arg	81.2	high confidence set
JAANDH010000202.1	1	41904	41831	Val	CAC	0	0	82.4	54.40	28.00	Inf	Val	103.7	high confidence set
JAANDH010000205.1	1	110939	110866	Asn	GTT	0	0	84.5	59.40	25.10	Inf	Asn	95.9	high confidence set
JAANDH010000210.1	1	284879	284951	Glu	CTC	0	0	80.0	54.10	25.90	Inf	Glu	99.8	high confidence set
JAANDH010000212.1	1	71785	71712	Thr	AGT	0	0	77.5	49.10	28.40	Inf	Thr	91.2	high confidence set
JAANDH010000220.1	1	206437	206509	Phe	GAA	0	0	78.3	58.40	19.90	Inf	Phe	113.2	high confidence set
JAANDH010000221.1	1	249884	249955	Cys	GCA	0	0	82.1	59.90	22.20	Inf	Cys	106.6	high confidence set
JAANDH010000229.1	1	272510	272439	Gly	TCC	0	0	68.5	44.10	24.40	Inf	Gly	80.6	high confidence set
JAANDH010000231.1	1	128455	128528	Val	TAC	0	0	77.8	44.10	33.70	Inf	Val	103.2	high confidence set
JAANDH010000231.1	2	129308	129381	Val	TAC	0	0	77.8	44.10	33.70	Inf	Val	103.2	high confidence set
JAANDH010000233.1	1	134052	134123	Gly	TCC	0	0	69.4	44.60	24.80	Inf	Gly	79.1	high confidence set
JAANDH010000233.1	2	151808	151736	Glu	CTC	0	0	80.0	54.10	25.90	Inf	Glu	99.8	high confidence set
JAANDH010000233.1	3	92236	92165	Gly	TCC	0	0	73.9	46.20	27.70	Inf	Gly	85.6	high confidence set
JAANDH010000233.1	4	85044	84973	Gly	TCC	0	0	73.9	46.20	27.70	Inf	Gly	85.6	high confidence set
JAANDH010000237.1	1	286102	286173	His	GTG	0	0	63.3	34.30	29.00	Inf	His	87.4	high confidence set
JAANDH010000239.1	1	328948	328875	Val	AAC	0	0	60.6	30.50	30.10	Inf	Val	81.3	high confidence set
JAANDH010000240.1	1	157759	157686	Thr	AGT	0	0	76.5	48.00	28.50	Inf	Thr	90.4	high confidence set
JAANDH010000241.1	1	276860	276788	Lys	CTT	0	0	87.7	67.60	20.10	Inf	Lys	106.7	high confidence set
JAANDH010000251.1	1	65675	65746	Pro	TGG	0	0	65.1	35.40	29.70	Inf	Pro	106.1	high confidence set
JAANDH010000251.1	2	66665	66594	Pro	AGG	0	0	67.4	34.70	32.70	Inf	Pro	112.3	high confidence set
JAANDH010000256.1	1	265934	266006	Arg	CCG	0	0	66.5	49.40	17.10	Inf	Arg	93.8	high confidence set
JAANDH010000259.1	2	24265	24194	Cys	GCA	0	0	82.1	59.90	22.20	Inf	Cys	106.6	high confidence set
JAANDH010000262.1	1	186009	185936	Val	AAC	0	0	73.2	49.00	24.20	Inf	Val	95.8	high confidence set
JAANDH010000265.1	1	281673	281752	Leu	TAG	0	0	69.5	48.50	21.00	Inf	Leu	111.5	high confidence set
JAANDH010000268.1	1	46548	46467	Ser	AGA	0	0	78.7	42.50	36.20	Inf	Ser	114.6	high confidence set
JAANDH010000277.1	1	283758	283677	Ser	AGA	0	0	78.7	42.50	36.20	Inf	Ser	114.6	high confidence set
JAANDH010000277.1	2	244387	244295	Tyr	GTA	244350	244331	74.2	42.70	31.50	Inf	Tyr	111.8	high confidence set
JAANDH010000278.1	1	161074	161002	Glu	CTC	0	0	80.0	54.10	25.90	Inf	Glu	99.8	high confidence set
JAANDH010000292.1	1	83843	83915	Ala	AGC	0	0	59.5	43.30	16.20	Inf	Ala	92.7	high confidence set
JAANDH010000292.1	2	89396	89468	Ala	AGC	0	0	63.4	38.20	25.20	Inf	Ala	98.3	high confidence set
JAANDH010000308.1	1	125301	125372	Asn	GTT	0	0	79.0	56.70	22.30	Inf	Asn	79.2	high confidence set
JAANDH010000309.1	1	160887	160959	Phe	GAA	0	0	78.3	58.40	19.90	Inf	Phe	113.2	high confidence set
JAANDH010000309.1	2	198591	198520	Asp	GTC	0	0	69.8	46.80	23.00	Inf	Asp	95.8	high confidence set
JAANDH010000311.1	1	247393	247473	Leu	AAG	0	0	74.0	52.20	21.80	Inf	Leu	110.4	high confidence set
JAANDH010000312.1	1	264922	264842	Leu	AAG	0	0	74.0	52.20	21.80	Inf	Leu	110.4	high confidence set
JAANDH010000321.1	1	15765	15837	Lys	CTT	0	0	77.8	64.30	13.50	Inf	Lys	98.3	high confidence set
JAANDH010000321.1	2	56562	56490	Arg	ACG	0	0	71.4	48.60	22.80	Inf	Arg	87.2	high confidence set
JAANDH010000322.1	1	34901	34972	Cys	GCA	0	0	82.1	59.90	22.20	Inf	Cys	106.6	high confidence set
JAANDH010000329.1	1	181724	181804	Leu	AAG	0	0	74.0	52.20	21.80	Inf	Leu	110.4	high confidence set
JAANDH010000329.1	2	202622	202693	Thr	TGT	0	0	80.6	47.80	32.80	Inf	Thr	93.0	high confidence set
JAANDH010000337.1	1	14528	14599	His	GTG	0	0	63.3	34.30	29.00	Inf	His	87.4	high confidence set
JAANDH010000338.1	1	178355	178284	Asp	GTC	0	0	65.2	46.80	18.40	Inf	Asp	92.6	high confidence set
JAANDH010000341.1	1	257375	257448	Asn	GTT	0	0	83.9	58.50	25.40	Inf	Asn	97.4	high confidence set
JAANDH010000341.1	2	257782	257853	Gln	CTG	0	0	75.3	51.20	24.10	Inf	Gln	106.0	high confidence set
JAANDH010000347.1	1	46803	46884	Ser	TGA	0	0	78.3	44.40	33.90	Inf	Ser	115.8	high confidence set
JAANDH010000351.1	1	117883	117812	Asp	GTC	0	0	70.4	47.40	23.00	Inf	Asp	94.4	high confidence set
JAANDH010000365.1	1	357334	357254	Leu	CAG	0	0	69.5	46.80	22.70	Inf	Leu	109.7	high confidence set
JAANDH010000367.1	1	2753	2826	Val	CAC	0	0	82.4	54.40	28.00	Inf	Val	103.7	high confidence set
JAANDH010000369.1	2	173610	173529	Ser	AGA	0	0	78.7	42.50	36.20	Inf	Ser	114.6	high confidence set
JAANDH010000376.1	1	150468	150553	Met	CAT	150506	150517	64.2	40.70	23.50	Inf	Met	104.0	high confidence set
JAANDH010000379.1	1	4408	4337	His	GTG	0	0	63.0	33.70	29.30	Inf	His	86.8	high confidence set
JAANDH010000379.1	2	3734	3663	Cys	GCA	0	0	82.1	59.90	22.20	Inf	Cys	106.6	high confidence set
JAANDH010000386.1	1	362273	362202	iMet	CAT	0	0	58.3	28.10	30.20	Inf	iMet	118.7	high confidence set
JAANDH010000386.1	2	126044	125964	Ser	TGA	0	0	74.2	45.40	28.80	Inf	Ser	99.9	high confidence set
JAANDH010000392.1	1	25155	25083	Arg	TCT	0	0	66.2	50.50	15.70	Inf	Arg	93.6	high confidence set
JAANDH010000393.1	1	391196	391125	iMet	CAT	0	0	56.4	24.80	31.60	Inf	iMet	116.1	high confidence set
JAANDH010000406.1	1	186536	186466	Gly	CCC	0	0	66.3	29.50	36.80	Inf	Gly	89.7	high confidence set
JAANDH010000407.1	1	20423	20342	Ser	GCT	0	0	65.7	40.30	25.40	Inf	Ser	95.5	high confidence set
JAANDH010000419.1	1	133154	133082	Glu	CTC	0	0	81.2	55.40	25.80	Inf	Glu	97.3	high confidence set
JAANDH010000423.1	1	32194	32265	Asn	GTT	0	0	71.5	47.30	24.20	Inf	Asn	80.4	high confidence set
JAANDH010000423.1	2	32496	32567	Gln	CTG	0	0	75.3	51.20	24.10	Inf	Gln	106.0	high confidence set
JAANDH010000436.1	1	391165	391244	Leu	TAG	0	0	69.5	48.50	21.00	Inf	Leu	111.5	high confidence set
JAANDH010000442.1	1	242970	242900	Gly	GCC	0	0	66.5	44.80	21.70	Inf	Gly	94.4	high confidence set
JAANDH010000445.1	2	28453	28525	Ala	CGC	0	0	68.2	44.00	24.20	Inf	Ala	95.8	high confidence set
JAANDH010000451.1	1	167404	167475	Asn	GTT	0	0	75.1	52.10	23.00	Inf	Asn	81.9	high confidence set
JAANDH010000459.1	1	134653	134724	iMet	CAT	0	0	58.3	28.10	30.20	Inf	iMet	118.7	high confidence set
JAANDH010000461.1	1	213816	213888	Ala	TGC	0	0	70.0	45.30	24.70	Inf	Ala	100.6	high confidence set
JAANDH010000474.1	1	84282	84353	Pro	TGG	0	0	68.5	35.70	32.80	Inf	Pro	111.2	high confidence set
JAANDH010000474.1	2	47527	47457	Gly	GCC	0	0	66.5	44.80	21.70	Inf	Gly	94.4	high confidence set
JAANDH010000475.1	1	61101	61181	Leu	AAG	0	0	74.0	52.20	21.80	Inf	Leu	110.4	high confidence set
JAANDH010000491.1	1	122694	122775	Ser	CGA	0	0	78.9	46.60	32.30	Inf	Ser	122.0	high confidence set
JAANDH010000491.1	2	178870	178789	Ser	TGA	0	0	80.7	46.10	34.60	Inf	Ser	119.7	high confidence set
JAANDH010000491.1	3	156505	156434	Pro	AGG	0	0	67.4	34.70	32.70	Inf	Pro	112.3	high confidence set
JAANDH010000491.1	4	155676	155605	Pro	TGG	0	0	68.5	35.70	32.80	Inf	Pro	111.2	high confidence set
JAANDH010000491.1	5	123985	123904	Ser	CGA	0	0	78.9	46.60	32.30	Inf	Ser	122.0	high confidence set
JAANDH010000499.1	1	36096	36024	Lys	CTT	0	0	87.7	67.60	20.10	Inf	Lys	106.7	high confidence set
JAANDH010000520.1	1	80870	80798	Lys	TTT	0	0	88.7	64.40	24.30	Inf	Lys	93.7	high confidence set
JAANDH010000520.1	2	52987	52915	Lys	TTT	0	0	88.7	64.40	24.30	Inf	Lys	93.7	high confidence set
JAANDH010000525.1	1	78994	79065	Thr	CGT	0	0	80.2	53.70	26.50	Inf	Thr	86.8	high confidence set
JAANDH010000530.1	1	243509	243424	Leu	TAA	0	0	55.9	25.60	30.30	Inf	Leu	86.6	high confidence set
JAANDH010000530.1	2	150153	150082	His	GTG	0	0	63.0	33.70	29.30	Inf	His	86.8	high confidence set
JAANDH010000531.1	1	209628	209556	Ala	AGC	0	0	63.4	38.20	25.20	Inf	Ala	98.3	high confidence set
JAANDH010000531.1	2	2434	2363	Thr	CGT	0	0	80.2	53.70	26.50	Inf	Thr	86.8	high confidence set
JAANDH010000534.1	1	188537	188465	Arg	CCG	0	0	68.0	51.50	16.50	Inf	Arg	95.2	high confidence set
JAANDH010000555.1	1	12257	12329	Lys	TTT	0	0	89.7	65.30	24.40	Inf	Lys	92.7	high confidence set
JAANDH010000558.1	1	80364	80291	Val	CAC	0	0	82.4	54.40	28.00	Inf	Val	100.3	high confidence set
JAANDH010000559.1	1	52203	52295	Tyr	GTA	52240	52259	74.2	42.70	31.50	Inf	Tyr	111.8	high confidence set
JAANDH010000571.1	1	157107	157034	Val	TAC	0	0	78.0	44.10	33.90	Inf	Val	103.9	high confidence set
JAANDH010000572.1	1	72934	72861	Val	CAC	0	0	82.4	54.40	28.00	Inf	Val	103.7	high confidence set
JAANDH010000581.1	1	46672	46592	Leu	AAG	0	0	74.0	52.20	21.80	Inf	Leu	110.4	high confidence set
JAANDH010000586.1	1	152999	152926	Asn	GTT	0	0	81.1	55.90	25.20	Inf	Asn	94.2	high confidence set
JAANDH010000597.1	1	92598	92671	Thr	AGT	0	0	77.5	49.10	28.40	Inf	Thr	91.2	high confidence set
JAANDH010000598.1	1	124624	124553	His	GTG	0	0	63.3	34.30	29.00	Inf	His	87.4	high confidence set
JAANDH010000604.1	1	67975	68047	Arg	CCG	0	0	66.5	49.40	17.10	Inf	Arg	93.8	high confidence set
JAANDH010000607.1	1	102925	103008	Leu	CAA	0	0	77.9	54.30	23.60	Inf	Leu	125.0	high confidence set
JAANDH010000611.1	1	23491	23564	Ile	AAT	0	0	81.8	58.30	23.50	Inf	Ile	106.8	high confidence set
JAANDH010000621.1	1	32147	32219	Arg	TCT	0	0	68.5	50.60	17.90	Inf	Arg	98.8	high confidence set
JAANDH010000635.1	1	213533	213460	Ile	AAT	0	0	81.8	58.30	23.50	Inf	Ile	106.8	high confidence set
JAANDH010000638.1	1	43789	43717	Lys	CTT	0	0	87.7	67.60	20.10	Inf	Lys	106.7	high confidence set
JAANDH010000665.1	1	11630	11543	Ser	GCT	0	0	63.0	33.40	29.60	Inf	Ser	75.3	high confidence set
JAANDH010000668.1	1	86219	86292	Glu	TTC	0	0	64.1	37.70	26.40	Inf	Glu	91.0	high confidence set
JAANDH010000668.1	2	25118	25047	iMet	CAT	0	0	58.3	28.10	30.20	Inf	iMet	118.7	high confidence set
JAANDH010000671.1	1	17955	17883	Phe	GAA	0	0	69.5	52.40	17.10	Inf	Phe	104.5	high confidence set
JAANDH010000671.1	2	8992	8921	Asp	GTC	0	0	69.8	46.80	23.00	Inf	Asp	95.8	high confidence set
JAANDH010000675.1	1	73634	73705	Cys	GCA	0	0	82.1	59.90	22.20	Inf	Cys	106.6	high confidence set
JAANDH010000697.1	1	77358	77285	Ile	AAT	0	0	81.8	58.30	23.50	Inf	Ile	106.8	high confidence set
JAANDH010000702.1	1	82220	82291	Asp	GTC	0	0	69.8	46.80	23.00	Inf	Asp	95.8	high confidence set
JAANDH010000707.1	1	19768	19839	Trp	CCA	0	0	75.8	51.20	24.60	Inf	Trp	105.6	high confidence set
JAANDH010000708.1	1	109390	109462	Lys	TTT	0	0	90.5	66.90	23.60	Inf	Lys	95.4	high confidence set
JAANDH010000721.1	1	67183	67110	Ile	AAT	0	0	82.4	58.90	23.50	Inf	Ile	107.0	high confidence set
JAANDH010000722.1	1	110926	111005	Leu	TAG	0	0	69.5	48.50	21.00	Inf	Leu	111.5	high confidence set
JAANDH010000722.1	2	20028	19956	Ala	TGC	0	0	70.0	45.30	24.70	Inf	Ala	100.6	high confidence set
JAANDH010000736.1	1	63083	63156	Val	AAC	0	0	69.6	42.20	27.40	Inf	Val	91.8	high confidence set
JAANDH010000744.1	1	41205	41278	Glu	TTC	0	0	63.6	40.40	23.20	Inf	Glu	93.9	high confidence set
JAANDH010000761.1	1	110171	110242	Gln	CTG	0	0	74.3	49.60	24.70	Inf	Gln	106.1	high confidence set
JAANDH010000773.1	1	105396	105325	Gln	TTG	0	0	73.5	53.70	19.80	Inf	Gln	104.8	high confidence set
JAANDH010000774.1	1	107841	107914	Ile	AAT	0	0	81.8	58.30	23.50	Inf	Ile	106.8	high confidence set
JAANDH010000776.1	1	227855	227783	Arg	CCT	0	0	69.1	50.30	18.80	Inf	Arg	81.2	high confidence set
JAANDH010000776.1	2	227488	227416	Arg	CCT	0	0	69.1	50.30	18.80	Inf	Arg	81.2	high confidence set
JAANDH010000783.1	1	71304	71234	Gly	GCC	0	0	66.5	44.80	21.70	Inf	Gly	94.4	high confidence set
JAANDH010000784.1	1	122729	122800	Cys	GCA	0	0	78.8	58.80	20.00	Inf	Cys	109.0	high confidence set
JAANDH010000801.1	1	122928	123001	Glu	TTC	0	0	63.6	40.40	23.20	Inf	Glu	93.9	high confidence set
JAANDH010000809.1	1	112738	112809	Pro	CGG	0	0	69.6	37.70	31.90	Inf	Pro	108.3	high confidence set
JAANDH010000810.1	1	120269	120342	Ile	TAT	0	0	85.9	70.60	15.30	Inf	Ile	103.9	high confidence set
JAANDH010000860.1	1	76336	76417	Ser	AGA	0	0	78.7	42.50	36.20	Inf	Ser	114.6	high confidence set
JAANDH010000863.1	1	174332	174403	Arg	TCT	0	0	58.3	25.60	32.70	Inf	Gln	70.8	IPD:-24.50,isotype mismatch
JAANDH010000863.1	2	172643	172556	Ser	GCT	0	0	67.3	36.90	30.40	Inf	Ser	80.7	high confidence set
JAANDH010000863.1	4	104242	104170	Ala	TGC	0	0	70.0	45.30	24.70	Inf	Ala	100.6	high confidence set
JAANDH010000867.1	1	106595	106523	Lys	CTT	0	0	87.7	67.60	20.10	Inf	Lys	106.7	high confidence set
JAANDH010000871.1	1	43984	43913	Pro	CGG	0	0	69.6	37.70	31.90	Inf	Pro	108.3	high confidence set
JAANDH010000877.1	1	204696	204767	His	GTG	0	0	63.0	33.70	29.30	Inf	His	86.8	high confidence set
JAANDH010000886.1	1	66360	66433	Ile	AAT	0	0	81.8	58.30	23.50	Inf	Ile	106.8	high confidence set
JAANDH010000928.1	1	64705	64778	Thr	AGT	0	0	77.5	49.10	28.40	Inf	Thr	91.2	high confidence set
JAANDH010000978.1	3	143138	143066	Phe	GAA	0	0	78.3	58.40	19.90	Inf	Phe	113.2	high confidence set
JAANDH010000981.1	1	27980	28053	Ile	AAT	0	0	74.0	55.00	19.00	Inf	Ile	95.5	high confidence set
JAANDH010000981.1	2	81383	81453	Gly	GCC	0	0	60.3	42.90	17.40	Inf	Gly	89.4	high confidence set
JAANDH010000988.1	2	46993	47063	Gly	CCC	0	0	62.7	29.50	33.20	Inf	Gly	86.6	high confidence set
JAANDH010000989.1	1	56584	56655	Asp	GTC	0	0	69.8	46.80	23.00	Inf	Asp	95.8	high confidence set
JAANDH010001002.1	1	51161	51233	Phe	GAA	0	0	78.6	58.70	19.90	Inf	Phe	108.2	high confidence set
JAANDH010001003.1	3	20216	20299	Tyr	GTA	0	0	53.8	32.50	21.30	Inf	Tyr	72.5	high confidence set
JAANDH010001015.1	1	75272	75343	Trp	CCA	0	0	75.8	51.20	24.60	Inf	Trp	105.6	high confidence set
JAANDH010001015.1	2	76403	76474	Trp	CCA	0	0	75.8	51.20	24.60	Inf	Trp	105.6	high confidence set
JAANDH010001015.1	3	76850	76778	Phe	GAA	0	0	78.3	58.40	19.90	Inf	Phe	113.2	high confidence set
JAANDH010001042.1	1	55269	55340	Asp	GTC	0	0	69.8	46.80	23.00	Inf	Asp	95.8	high confidence set
JAANDH010001042.1	2	55943	56014	Asp	GTC	0	0	69.8	46.80	23.00	Inf	Asp	95.8	high confidence set
JAANDH010001042.1	3	87203	87275	Phe	GAA	0	0	78.3	58.40	19.90	Inf	Phe	113.2	high confidence set
JAANDH010001042.1	4	88323	88395	Phe	GAA	0	0	78.3	58.40	19.90	Inf	Phe	113.2	high confidence set
JAANDH010001042.1	5	92309	92238	Thr	TGT	0	0	80.6	47.80	32.80	Inf	Thr	93.0	high confidence set
JAANDH010001066.1	1	3004	2924	Leu	CAG	0	0	69.5	46.80	22.70	Inf	Leu	109.7	high confidence set
JAANDH010001080.1	1	76808	76723	Met	CAT	76770	76759	64.2	40.70	23.50	Inf	Met	104.0	high confidence set
JAANDH010001080.1	2	74913	74827	Met	CAT	74875	74863	64.2	40.70	23.50	Inf	Met	104.0	high confidence set
JAANDH010001081.1	1	12202	12130	Lys	TTT	0	0	90.5	66.90	23.60	Inf	Lys	95.4	high confidence set
JAANDH010001169.1	1	51073	51145	Ala	TGC	0	0	65.5	40.70	24.80	Inf	Ala	96.0	high confidence set
JAANDH010001169.1	2	51850	51922	Ala	TGC	0	0	70.0	45.30	24.70	Inf	Ala	100.6	high confidence set
JAANDH010001169.1	3	58321	58249	Ala	TGC	0	0	70.0	45.30	24.70	Inf	Ala	100.6	high confidence set
JAANDH010001169.1	4	14145	14072	Arg	TCG	0	0	82.0	60.20	21.80	Inf	Arg	90.2	high confidence set
JAANDH010001196.1	1	19961	19891	Gly	CCC	0	0	57.3	29.70	27.60	Inf	Gly	82.1	high confidence set
JAANDH010001212.1	2	75054	75128	Pro	TGG	0	0	62.8	32.80	30.00	Inf	Trp	73.3	IPD:-42.40,isotype mismatch
JAANDH010001212.1	6	94718	94791	Phe	GAA	0	0	61.5	43.60	17.90	Inf	Tyr	71.1	IPD:-23.60,isotype mismatch
JAANDH010001261.1	1	43095	43024	Asp	GTC	0	0	69.8	46.80	23.00	Inf	Asp	95.8	high confidence set
JAANDH010001316.1	1	28425	28353	Lys	CTT	0	0	87.7	67.60	20.10	Inf	Lys	106.7	high confidence set
JAANDH010001369.1	1	24860	24933	Val	AAC	0	0	69.6	42.20	27.40	Inf	Val	91.8	high confidence set
JAANDH010001404.1	1	67055	67127	Lys	TTT	0	0	80.3	61.50	18.80	Inf	Lys	78.3	high confidence set
JAANDH010001406.1	1	7685	7755	Gly	GCC	0	0	66.5	44.80	21.70	Inf	Gly	94.4	high confidence set
JAANDH010001406.1	2	8600	8670	Gly	GCC	0	0	66.5	44.80	21.70	Inf	Gly	94.4	high confidence set
JAANDH010001421.1	1	33395	33322	Asn	GTT	0	0	84.5	59.40	25.10	Inf	Asn	95.9	high confidence set
JAANDH010001442.1	1	35652	35581	Asn	GTT	0	0	75.1	52.10	23.00	Inf	Asn	81.9	high confidence set
JAANDH010001451.1	1	28120	28191	Gly	TCC	0	0	73.9	46.20	27.70	Inf	Gly	85.6	high confidence set
JAANDH010001451.1	2	12271	12200	Gly	TCC	0	0	73.9	46.20	27.70	Inf	Gly	85.6	high confidence set
JAANDH010001500.1	1	22589	22671	Leu	TAA	0	0	75.0	38.30	36.70	Inf	Leu	99.6	high confidence set
JAANDH010001550.1	1	16447	16519	Arg	CCT	0	0	69.1	50.30	18.80	Inf	Arg	81.2	high confidence set
JAANDH010001622.1	1	1577	1658	Ser	AGA	0	0	78.7	42.50	36.20	Inf	Ser	114.6	high confidence set
JAANDH010001622.1	3	34275	34348	Trp	CCA	0	0	72.1	42.60	29.50	Inf	Thr	75.4	IPD:-18.90,isotype mismatch
JAANDH010001651.1	1	8637	8708	Asp	GTC	0	0	69.8	46.80	23.00	Inf	Asp	95.8	high confidence set
JAANDH010001804.1	1	23974	24044	Gly	GCC	0	0	66.5	44.80	21.70	Inf	Gly	94.4	high confidence set
JAANDH010001804.1	2	24270	24340	Gly	GCC	0	0	66.5	44.80	21.70	Inf	Gly	94.4	high confidence set
JAANDH010001804.1	3	25592	25662	Gly	GCC	0	0	66.5	44.80	21.70	Inf	Gly	94.4	high confidence set
JAANDH010001863.1	1	19501	19573	Thr	TGT	0	0	66.2	47.40	18.80	Inf	Thr	80.6	high confidence set
JAANDH010001863.1	2	20933	20847	Ser	GGA	0	0	66.6	36.50	30.10	Inf	Ser	88.8	unexpected anticodon
JAANDH010001938.1	1	12180	12252	Ala	TGC	0	0	64.5	35.10	29.40	Inf	Ala	97.7	high confidence set
JAANDH010001938.1	2	12339	12411	Ala	CGC	0	0	68.2	44.00	24.20	Inf	Ala	95.8	high confidence set
JAANDH010001967.1	1	13601	13684	Leu	CAA	0	0	77.9	56.10	21.80	Inf	Leu	121.2	high confidence set
JAANDH010002309.1	2	4385	4312	Asp	GTC	0	0	71.1	52.30	18.80	Inf	Ala	72.8	IPD:-22.40,isotype mismatch
JAANDH010002366.1	1	16188	16259	iMet	CAT	0	0	52.9	23.50	29.40	Inf	iMet	102.9	high confidence set
JAANDH010002890.1	1	2080	2153	Ile	GAT	0	0	74.0	46.20	27.80	Inf	Thr	81.8	IPD:-15.40,isotype mismatch
JAANDH010002890.1	2	2205	2277	Ala	TGC	0	0	70.6	54.50	16.10	Inf	Ala	84.2	high confidence set
JAANDH010003128.1	1	3281	3352	Thr	GGT	0	0	58.6	26.30	32.30	Inf	Thr	70.4	unexpected anticodon
JAANDH010004470.1	1	1341	1270	Thr	GGT	0	0	81.4	50.70	30.70	Inf	Thr	88.8	unexpected anticodon
