Sequence    		tRNA  	Bounds	tRNA	Anti	Intron Bounds	Inf	HMM	2'Str	Hit	      
Name        	tRNA #	Begin 	End   	Type	Codon	Begin	End	Score	Score	Score	Origin	Note
--------    	------	----- 	------	----	-----	-----	----	------	-----	-----	------	------
NC_053642.1 	1	56564 	56637 	Met	CAT	0	0	60.3	36.40	23.90	Inf	
NC_053642.1 	2	115544	115616	Met	CAT	0	0	64.6	33.80	30.80	Inf	
NC_053642.1 	3	159630	159703	Asp	GTC	0	0	73.0	54.10	18.90	Inf	
NC_053642.1 	4	173243	173316	Undet	NNN	0	0	42.4	34.40	8.00	Inf	
NC_053642.1 	5	237248	237321	Undet	NNN	0	0	47.0	28.80	18.20	Inf	
NC_053642.1 	6	237470	237543	Trp	CCA	0	0	68.7	42.90	25.80	Inf	
NC_053642.1 	7	377157	377239	Tyr	GTA	0	0	70.5	54.50	16.00	Inf	
NC_053642.1 	8	408547	408617	Cys	GCA	0	0	49.0	34.00	15.00	Inf	
NC_053642.1 	9	464707	464780	His	GTG	0	0	58.5	40.50	18.00	Inf	
NC_053642.1 	10	285715	285644	Glu	TTC	0	0	60.8	35.80	25.00	Inf	
NC_053642.1 	11	255587	255514	Met	CAT	0	0	60.3	36.40	23.90	Inf	
NC_053642.1 	12	244360	244274	Ser	TGA	0	0	75.2	47.10	28.10	Inf	
NC_053642.1 	13	160411	160340	Asn	GTT	0	0	68.2	44.80	23.40	Inf	
NC_053642.1 	14	158828	158755	Met	CAT	0	0	63.6	37.10	26.50	Inf	
NC_053642.1 	15	82916 	82845 	Gln	TTG	0	0	61.5	38.20	23.30	Inf	
NC_053642.1 	16	24780 	24693 	Ser	GCT	0	0	64.0	44.30	19.70	Inf	
NC_053642.1 	17	24425 	24352 	Phe	GAA	0	0	57.9	44.00	13.90	Inf	
NC_053642.1 	18	24164 	24090 	Pro	TGG	0	0	62.8	38.30	24.50	Inf	
NC_053642.1 	19	14807 	14735 	Lys	TTT	0	0	75.0	59.70	15.30	Inf	
