Sequence       		tRNA  	Bounds	tRNA	Anti	Intron Bounds	Inf	HMM	2'Str	Hit	      
Name           	tRNA #	Begin 	End   	Type	Codon	Begin	End	Score	Score	Score	Origin	Note
--------       	------	----- 	------	----	-----	-----	----	------	-----	-----	------	------
QPGU01000688.1 	1	18076 	18149 	Arg	ACG	0	0	48.4	41.10	7.30	Inf	
QPGU01000688.1 	2	66150 	66234 	Undet	NNN	0	0	34.1	27.40	6.70	Inf	
QPGU01000688.1 	3	75180 	75253 	Met	CAT	0	0	60.3	36.40	23.90	Inf	
QPGU01000688.1 	4	75714 	75788 	Pro	TGG	0	0	62.8	38.30	24.50	Inf	
QPGU01000688.1 	5	102215	102286	Asn	GTT	0	0	68.2	44.80	23.40	Inf	
QPGU01000688.1 	6	103714	103787	Met	CAT	0	0	63.6	37.10	26.50	Inf	
QPGU01000688.1 	7	137801	137887	Ser	GGA	0	0	73.6	47.00	26.60	Inf	
QPGU01000688.1 	8	138590	138662	Phe	GAA	0	0	70.3	45.40	24.90	Inf	
QPGU01000688.1 	9	142272	142354	Tyr	GTA	0	0	69.1	53.10	16.00	Inf	
QPGU01000688.1 	10	212576	212647	Cys	GCA	0	0	16.0	0.00	16.00	Inf	
QPGU01000688.1 	11	254680	254751	Gln	TTG	0	0	64.9	39.90	25.00	Inf	
QPGU01000688.1 	12	273467	273540	Ile	GAT	0	0	15.9	25.30	-9.40	Inf	
QPGU01000688.1 	13	298882	298954	Met	CAT	0	0	64.6	33.80	30.80	Inf	
QPGU01000688.1 	14	333648	333719	Glu	TTC	0	0	56.1	37.20	18.90	Inf	
QPGU01000688.1 	15	357714	357800	Ser	TGA	0	0	73.8	45.70	28.10	Inf	
QPGU01000688.1 	16	372465	372535	Cys	GCA	0	0	63.4	37.90	25.50	Inf	
QPGU01000688.1 	17	325585	325514	Cys	GCA	0	0	16.0	0.00	16.00	Inf	
QPGU01000688.1 	18	273661	273601	Undet	NNN	0	0	24.5	0.00	24.50	Inf	
QPGU01000688.1 	19	226528	226441	Ser	GCT	0	0	64.0	44.30	19.70	Inf	
QPGU01000688.1 	20	226178	226070	Phe	GAA	226146	226097	25.5	0.00	25.50	Inf	
QPGU01000688.1 	21	204513	204442	Glu	TTC	0	0	56.1	37.20	18.90	Inf	
QPGU01000688.1 	22	193642	193527	Phe	GAA	193604	193555	27.7	23.40	4.30	Inf	
QPGU01000688.1 	23	102998	102925	Asp	GTC	0	0	73.0	54.10	18.90	Inf	
QPGU01000688.1 	24	67923 	67850 	His	GTG	0	0	62.8	44.70	18.10	Inf	
QPGU01000688.1 	25	59293 	59221 	Lys	TTT	0	0	75.0	59.70	15.30	Inf	
QPGU01000688.1 	26	56434 	56361 	Pro	TGG	0	0	65.6	40.90	24.70	Inf	
QPGU01000688.1 	27	56218 	56145 	Trp	CCA	0	0	71.9	42.80	29.10	Inf	
