Sequence    		tRNA  	Bounds	tRNA	Anti	Intron Bounds	Inf	HMM	2'Str	Hit	      
Name        	tRNA #	Begin 	End   	Type	Codon	Begin	End	Score	Score	Score	Origin	Note
--------    	------	----- 	------	----	-----	-----	----	------	-----	-----	------	------
NC_066488.1 	1	9779  	9853  	Pro	TGG	0	0	62.8	38.30	24.50	Inf	
NC_066488.1 	2	26691 	26763 	Met	CAT	0	0	58.5	38.20	20.30	Inf	
NC_066488.1 	3	35748 	35821 	Pro	TGG	0	0	58.3	40.30	18.00	Inf	
NC_066488.1 	4	35964 	36037 	Trp	CCA	0	0	71.9	42.80	29.10	Inf	
NC_066488.1 	5	66520 	66593 	Asp	GTC	0	0	73.0	54.10	18.90	Inf	
NC_066488.1 	6	295721	295792	Arg	TCT	0	0	67.2	38.60	28.60	Inf	
NC_066488.1 	7	322085	322158	Asp	GTC	0	0	73.0	54.10	18.90	Inf	
NC_066488.1 	8	390725	390798	Met	CAT	0	0	64.1	40.20	23.90	Inf	
NC_066488.1 	9	395358	395431	Leu	CAG	0	0	22.0	0.00	22.00	Inf	
NC_066488.1 	10	354940	354870	Cys	GCA	0	0	66.7	37.70	29.00	Inf	
NC_066488.1 	11	346280	346194	Ser	TGA	0	0	73.8	45.70	28.10	Inf	
NC_066488.1 	12	327090	327018	Lys	TTT	0	0	75.0	59.70	15.30	Inf	
NC_066488.1 	13	322929	322858	Asn	GTT	0	0	68.2	44.80	23.40	Inf	
NC_066488.1 	14	321359	321286	Met	CAT	0	0	63.6	37.10	26.50	Inf	
NC_066488.1 	15	203890	203803	Ser	GCT	0	0	64.0	44.30	19.70	Inf	
NC_066488.1 	16	203552	203433	Cys	GCA	203514	203465	44.0	32.10	11.90	Inf	
NC_066488.1 	17	182759	182673	Ser	GGA	0	0	72.2	45.60	26.60	Inf	
NC_066488.1 	18	181134	181062	Phe	GAA	0	0	70.3	45.40	24.90	Inf	
NC_066488.1 	19	177511	177429	Tyr	GTA	0	0	69.1	53.10	16.00	Inf	
NC_066488.1 	20	164550	164479	Glu	TTC	0	0	60.8	35.80	25.00	Inf	
NC_066488.1 	21	99375 	99305 	Cys	GCA	0	0	66.7	37.70	29.00	Inf	
NC_066488.1 	22	90715 	90629 	Ser	TGA	0	0	73.8	45.70	28.10	Inf	
NC_066488.1 	23	71525 	71453 	Lys	TTT	0	0	75.0	59.70	15.30	Inf	
NC_066488.1 	24	67364 	67293 	Asn	GTT	0	0	68.2	44.80	23.40	Inf	
NC_066488.1 	25	65794 	65721 	Met	CAT	0	0	63.6	37.10	26.50	Inf	
NC_066488.1 	26	56004 	55932 	Met	CAT	0	0	64.6	33.80	30.80	Inf	
NC_066488.1 	27	45735 	45664 	Gln	TTG	0	0	64.9	39.90	25.00	Inf	
NC_066488.1 	28	32802 	32729 	His	GTG	0	0	62.8	44.70	18.10	Inf	
