Sequence    		tRNA  	Bounds	tRNA	Anti	Intron Bounds	Inf	HMM	2'Str	Hit	      
Name        	tRNA #	Begin 	End   	Type	Codon	Begin	End	Score	Score	Score	Origin	Note
--------    	------	----- 	------	----	-----	-----	----	------	-----	-----	------	------
NC_008360.1 	1	66356 	66443 	Ser	GCT	0	0	64.0	44.30	19.70	Inf	
NC_008360.1 	2	66700 	66819 	Phe	GAA	66738	66787	36.6	32.70	3.90	Inf	
NC_008360.1 	3	92819 	92905 	Ser	GGA	0	0	73.6	47.00	26.60	Inf	
NC_008360.1 	4	96457 	96530 	Asp	GTC	0	0	73.0	54.10	18.90	Inf	
NC_008360.1 	5	210572	210656	Undet	NNN	0	0	34.1	26.50	7.60	Inf	
NC_008360.1 	6	242525	242597	Met	CAT	0	0	64.6	33.80	30.80	Inf	
NC_008360.1 	7	309179	309250	Glu	TTC	0	0	56.1	37.20	18.90	Inf	
NC_008360.1 	8	314635	314708	Pro	TGG	0	0	65.6	40.90	24.70	Inf	
NC_008360.1 	9	314846	314919	Trp	CCA	0	0	71.9	42.80	29.10	Inf	
NC_008360.1 	10	323434	323508	Pro	TGG	0	0	62.8	38.30	24.50	Inf	
NC_008360.1 	11	336111	336184	His	GTG	0	0	62.8	44.70	18.10	Inf	
NC_008360.1 	12	353551	353620	Undet	NNN	0	0	17.9	0.00	17.90	Inf	
NC_008360.1 	13	390191	390264	Met	CAT	0	0	60.3	36.40	23.90	Inf	
NC_008360.1 	14	459811	459895	Undet	NNN	0	0	34.1	26.50	7.60	Inf	
NC_008360.1 	15	453617	453545	Lys	TTT	0	0	75.0	59.70	15.30	Inf	
NC_008360.1 	16	443058	442973	Tyr	GTA	0	0	55.1	32.20	22.90	Inf	
NC_008360.1 	17	437400	437314	Ser	TGA	0	0	73.8	45.70	28.10	Inf	
NC_008360.1 	18	338253	338186	Met	CAT	0	0	39.1	20.80	18.30	Inf	
NC_008360.1 	19	303898	303827	Gln	TTG	0	0	64.9	39.90	25.00	Inf	
NC_008360.1 	20	256659	256589	Cys	GCA	0	0	63.4	37.90	25.50	Inf	
NC_008360.1 	21	204378	204306	Lys	TTT	0	0	75.0	59.70	15.30	Inf	
NC_008360.1 	22	193819	193734	Tyr	GTA	0	0	55.1	32.20	22.90	Inf	
NC_008360.1 	23	188161	188075	Ser	TGA	0	0	73.8	45.70	28.10	Inf	
NC_008360.1 	24	125044	124958	Ser	TGA	0	0	66.1	45.80	20.30	Inf	
NC_008360.1 	25	97241 	97170 	Asn	GTT	0	0	68.2	44.80	23.40	Inf	
NC_008360.1 	26	95734 	95661 	Met	CAT	0	0	63.6	37.10	26.50	Inf	
NC_008360.1 	27	51336 	51264 	Phe	GAA	0	0	70.3	45.40	24.90	Inf	
NC_008360.1 	28	48338 	48256 	Tyr	GTA	0	0	69.1	53.10	16.00	Inf	
