Sequence    		tRNA  	Bounds	tRNA	Anti	Intron Bounds	Inf	HMM	2'Str	Hit	      
Name        	tRNA #	Begin 	End   	Type	Codon	Begin	End	Score	Score	Score	Origin	Note
--------    	------	----- 	------	----	-----	-----	----	------	-----	-----	------	------
NC_017840.1 	1	69966 	70039 	Asp	GTC	0	0	73.0	54.10	18.90	Inf	
NC_017840.1 	2	73922 	73993 	Gln	TTG	0	0	64.9	39.90	25.00	Inf	
NC_017840.1 	3	96955 	97041 	Ser	TGA	0	0	73.8	45.70	28.10	Inf	
NC_017840.1 	4	123540	123613	Trp	CCA	0	0	67.6	43.60	24.00	Inf	
NC_017840.1 	5	210090	210160	Cys	GCA	0	0	49.0	34.00	15.00	Inf	
NC_017840.1 	6	211761	211848	Ser	GCT	0	0	64.0	44.30	19.70	Inf	
NC_017840.1 	7	212105	212178	Phe	GAA	0	0	63.5	49.60	13.90	Inf	
NC_017840.1 	8	212325	212399	Pro	TGG	0	0	62.8	38.30	24.50	Inf	
NC_017840.1 	9	198869	198797	Met	CAT	0	0	64.6	33.80	30.80	Inf	
NC_017840.1 	10	191153	191083	His	GTG	0	0	27.9	20.10	7.80	Inf	
NC_017840.1 	11	172112	172039	Met	CAT	0	0	54.4	30.50	23.90	Inf	
NC_017840.1 	12	150206	150133	His	GTG	0	0	62.8	44.70	18.10	Inf	
NC_017840.1 	13	105233	105147	Ser	GGA	0	0	73.6	47.00	26.60	Inf	
NC_017840.1 	14	94640 	94568 	Lys	TTT	0	0	75.0	59.70	15.30	Inf	
NC_017840.1 	15	72733 	72662 	Gly	GCC	0	0	63.4	48.20	15.20	Inf	
NC_017840.1 	16	70722 	70651 	Asn	GTT	0	0	68.8	45.90	22.90	Inf	
NC_017840.1 	17	68910 	68837 	Met	CAT	0	0	60.1	35.30	24.80	Inf	
NC_017840.1 	18	67604 	67533 	Glu	TTC	0	0	60.8	35.80	25.00	Inf	
NC_017840.1 	19	58447 	58381 	Undet	NNN	0	0	22.0	0.00	22.00	Inf	
NC_017840.1 	20	45484 	45398 	Ser	TGA	0	0	73.8	45.70	28.10	Inf	
NC_017840.1 	21	14641 	14559 	Tyr	GTA	0	0	70.5	54.50	16.00	Inf	
