Sequence    		tRNA  	Bounds	tRNA	Anti	Intron Bounds	Inf	HMM	2'Str	Hit	      
Name        	tRNA #	Begin 	End   	Type	Codon	Begin	End	Score	Score	Score	Origin	Note
--------    	------	----- 	------	----	-----	-----	----	------	-----	-----	------	------
NC_036024.1 	1	74738 	74842 	Ala	TGC	74775	74814	16.3	25.50	-9.20	Inf	
NC_036024.1 	2	97420 	97490 	Cys	GCA	0	0	63.4	37.90	25.50	Inf	
NC_036024.1 	3	117692	117766	Pro	TGG	0	0	62.8	38.30	24.50	Inf	
NC_036024.1 	4	157714	157798	Undet	NNN	0	0	33.1	28.50	4.60	Inf	
NC_036024.1 	5	174907	174978	Gln	TTG	0	0	64.9	39.90	25.00	Inf	
NC_036024.1 	6	178637	178709	Lys	TTT	0	0	75.0	59.70	15.30	Inf	
NC_036024.1 	7	193279	193350	Gln	TTG	0	0	61.5	38.20	23.30	Inf	
NC_036024.1 	8	266803	266874	Gln	TTG	0	0	64.9	39.90	25.00	Inf	
NC_036024.1 	9	270533	270605	Lys	TTT	0	0	75.0	59.70	15.30	Inf	
NC_036024.1 	10	300802	300875	Met	CAT	0	0	64.1	40.20	23.90	Inf	
NC_036024.1 	11	305092	305166	Pro	TGG	0	0	62.8	38.30	24.50	Inf	
NC_036024.1 	12	408502	408588	Ser	TGA	0	0	73.8	45.70	28.10	Inf	
NC_036024.1 	13	428634	428705	Asn	GTT	0	0	68.2	44.80	23.40	Inf	
NC_036024.1 	14	430118	430191	Met	CAT	0	0	63.6	37.10	26.50	Inf	
NC_036024.1 	15	442700	442772	Lys	TTT	0	0	75.0	59.70	15.30	Inf	
NC_036024.1 	16	445612	445685	Trp	CCA	0	0	61.7	41.60	20.10	Inf	
NC_036024.1 	17	448271	448340	His	ATG	0	0	20.8	0.00	20.80	Inf	
NC_036024.1 	18	436226	436154	Met	CAT	0	0	64.6	33.80	30.80	Inf	
NC_036024.1 	19	429414	429341	Asp	GTC	0	0	73.0	54.10	18.90	Inf	
NC_036024.1 	20	395756	395683	Met	CAT	0	0	64.1	40.20	23.90	Inf	
NC_036024.1 	21	383527	383441	Ser	GGA	0	0	73.6	47.00	26.60	Inf	
NC_036024.1 	22	383025	382953	Phe	GAA	0	0	69.2	44.30	24.90	Inf	
NC_036024.1 	23	342052	341965	Ser	GCT	0	0	64.0	44.30	19.70	Inf	
NC_036024.1 	24	322324	322258	Undet	NNN	0	0	26.5	0.00	26.50	Inf	
NC_036024.1 	25	222150	222077	Asp	GTC	0	0	73.0	54.10	18.90	Inf	
NC_036024.1 	26	210959	210877	Tyr	GTA	0	0	69.1	53.10	16.00	Inf	
NC_036024.1 	27	58791 	58718 	Met	CAT	0	0	64.1	40.20	23.90	Inf	
NC_036024.1 	28	27121 	27050 	Glu	TTC	0	0	58.2	33.10	25.10	Inf	
