Sequence    		tRNA  	Bounds	tRNA	Anti	Intron Bounds	Inf	HMM	2'Str	Hit	      
Name        	tRNA #	Begin 	End   	Type	Codon	Begin	End	Score	Score	Score	Origin	Note
--------    	------	----- 	------	----	-----	-----	----	------	-----	-----	------	------
NC_035345.1 	1	56212 	56285 	Asp	GTC	0	0	73.0	54.10	18.90	Inf	
NC_035345.1 	2	96014 	96118 	Ala	TGC	96051	96090	16.3	30.00	-13.70	Inf	
NC_035345.1 	3	128215	128284	Arg	ACG	0	0	18.6	18.30	0.30	Inf	
NC_035345.1 	4	133265	133345	Leu	CAA	0	0	65.7	34.30	31.40	Inf	
NC_035345.1 	5	135701	135774	Trp	CCA	0	0	68.7	42.90	25.80	Inf	
NC_035345.1 	6	155254	155325	Thr	GGT	0	0	65.9	36.40	29.50	Inf	
NC_035345.1 	7	160960	161031	Met	CAT	0	0	66.1	27.30	38.80	Inf	
NC_035345.1 	8	161226	161164	Undet	NNN	0	0	26.0	17.90	8.10	Inf	
NC_035345.1 	9	128710	128637	Asn	GTT	0	0	31.9	42.40	-10.50	Inf	
NC_035345.1 	10	118485	118414	Gln	TTG	0	0	64.1	39.10	25.00	Inf	
NC_035345.1 	11	116271	116200	Glu	TTC	0	0	60.8	35.80	25.00	Inf	
NC_035345.1 	12	112855	112772	Tyr	GTA	0	0	67.4	41.60	25.80	Inf	
NC_035345.1 	13	71471 	71398 	Met	CAT	0	0	24.5	26.20	-1.70	Inf	
NC_035345.1 	14	36002 	35931 	Gln	TTG	0	0	64.1	39.10	25.00	Inf	
NC_035345.1 	15	33788 	33717 	Glu	TTC	0	0	60.8	35.80	25.00	Inf	
NC_035345.1 	16	18879 	18806 	Met	CAT	0	0	62.2	37.50	24.70	Inf	
NC_035345.1 	17	9381  	9311  	Cys	GCA	0	0	50.4	33.80	16.60	Inf	
