Sequence    		tRNA  	Bounds	tRNA	Anti	Intron Bounds	Inf	HMM	2'Str	Hit	      
Name        	tRNA #	Begin 	End   	Type	Codon	Begin	End	Score	Score	Score	Origin	Note
--------    	------	----- 	------	----	-----	-----	----	------	-----	-----	------	------
NC_007982.1 	1	42663 	42734 	Asn	GTT	0	0	68.2	44.80	23.40	Inf	
NC_007982.1 	2	44163 	44236 	Met	CAT	0	0	63.6	37.10	26.50	Inf	
NC_007982.1 	3	49198 	49272 	Pro	TGG	0	0	62.8	38.30	24.50	Inf	
NC_007982.1 	4	100912	100972	Asp	GTC	0	0	39.2	0.00	39.20	Inf	
NC_007982.1 	5	102895	102977	Tyr	GTA	0	0	69.1	53.10	16.00	Inf	
NC_007982.1 	6	111207	111279	Met	CAT	0	0	64.6	33.80	30.80	Inf	
NC_007982.1 	7	125872	125943	Glu	TTC	0	0	60.8	35.80	25.00	Inf	
NC_007982.1 	8	129585	129658	Asp	GTC	0	0	73.0	54.10	18.90	Inf	
NC_007982.1 	9	201500	201584	Undet	NNN	0	0	34.1	26.50	7.60	Inf	
NC_007982.1 	10	318974	319047	Met	CAT	0	0	60.3	36.40	23.90	Inf	
NC_007982.1 	11	319223	319299	Leu	TAA	0	0	19.8	0.00	19.80	Inf	
NC_007982.1 	12	336020	336100	Leu	CAA	0	0	65.7	34.30	31.40	Inf	
NC_007982.1 	13	346870	346943	His	GTG	0	0	62.8	44.70	18.10	Inf	
NC_007982.1 	14	473442	473369	Arg	ACG	0	0	47.0	39.80	7.20	Inf	
NC_007982.1 	15	378035	377949	Ser	TGA	0	0	73.8	45.70	28.10	Inf	
NC_007982.1 	16	329822	329751	Val	GAC	0	0	58.9	28.60	30.30	Inf	
NC_007982.1 	17	327726	327639	Ile	GAT	327690	327675	16.4	0.00	16.40	Inf	
NC_007982.1 	18	326638	326534	Ala	TGC	326601	326562	16.3	25.50	-9.20	Inf	
NC_007982.1 	19	278064	277993	Gln	TTG	0	0	64.9	39.90	25.00	Inf	
NC_007982.1 	20	263694	263607	Ser	GCT	0	0	64.0	44.30	19.70	Inf	
NC_007982.1 	21	263358	263239	Leu	TAA	263320	263271	37.0	33.40	3.60	Inf	
NC_007982.1 	22	259354	259284	Cys	GCA	0	0	63.4	37.90	25.50	Inf	
NC_007982.1 	23	179691	179618	Met	CAT	0	0	65.4	46.00	19.40	Inf	
NC_007982.1 	24	152708	152590	Thr	GGT	152669	152629	15.0	0.00	15.00	Inf	
NC_007982.1 	25	138560	138489	Arg	ACG	0	0	26.3	23.80	2.50	Inf	
NC_007982.1 	26	132679	132607	Phe	GAA	0	0	70.3	45.40	24.90	Inf	
NC_007982.1 	27	130357	130286	Asn	GTT	0	0	68.2	44.80	23.40	Inf	
NC_007982.1 	28	128857	128784	Met	CAT	0	0	63.6	37.10	26.50	Inf	
NC_007982.1 	29	123822	123748	Pro	TGG	0	0	62.8	38.30	24.50	Inf	
NC_007982.1 	30	94329 	94257 	Lys	TTT	0	0	75.0	59.70	15.30	Inf	
NC_007982.1 	31	47148 	47077 	Glu	TTC	0	0	60.8	35.80	25.00	Inf	
NC_007982.1 	32	43435 	43362 	Asp	GTC	0	0	73.0	54.10	18.90	Inf	
