EukHighConfidenceFilter v1.0 Summary
Completed Time: Fri May 12 15:33:52 2023

Inputs
------------------------------------------------------
tRNAscan-SE output file: Zmays_493_APGv4_trnascan-se.output
tRNAscan-SE ss file: Zmays_493_APGv4_trnascan-se.struct
Secondary filtering domain-specific model score cutoff: 50
Secondary filtering secondary structure score cutoff: 10
Secondary filtering isotype-specific model score cutoff: 70
Tertiary filtering isotype-specific model starting score cutoff: 70
Tertiary filtering maximum isotype-specific model score cutoff: 95
Remove filtered hits: Yes

Outputs
------------------------------------------------------
tRNAscan-SE output file: hi_conf_Zmays/Zmays_493_APGv4.out
tRNAscan-SE ss file: hi_conf_Zmays/Zmays_493_APGv4.ss
Summary file: hi_conf_Zmays/Zmays_493_APGv4.log

Summary statistics
------------------------------------------------------
Total tRNA predictions:                                2084
Possible pseudogenes:                                  695
tRNAs with scores lower than secondary cutoffs:        461
tRNAs failed tertiary filter:                          106

tRNAs after filtering:                                 822

tRNAs with mismatched isotype:                         41
tRNAs with undetermined isotype:                       0
tRNAs with unexpected anticodon:                       9

High confidence set:                                   772

Tertiary filter - anticodon counts
------------------------------------------------------

Isotype  Anticodon  BeforeFiltering  AfterFiltering  FinalScoreCutoff
Ala      AGC        58               37              93              
Ala      CGC        26               19              93              
Ala      TGC        13               11              93              
Ile      AAT        73               63              95              
Ile      GAT        0                0               95              
Ile      TAT        5                4               95              
Lys      CTT        60               40              93              
Lys      TTT        54               9               93              
Met      CAT        41               41              96              

Isotype / Anticodon Counts After Filtering
------------------------------------------------------

Ala     : 67	  AGC: 37      GGC: 0       CGC: 19      TGC: 11    
Gly     : 53	  ACC: 0       GCC: 32      CCC: 10      TCC: 11    
Pro     : 47	  AGG: 15      GGG: 0       CGG: 9       TGG: 23    
Thr     : 45	  AGT: 21      GGT: 6       CGT: 6       TGT: 12    
Val     : 43	  AAC: 22      GAC: 0       CAC: 16      TAC: 5     
Ser     : 57	  AGA: 13      GGA: 16      CGA: 7       TGA: 7       ACT: 0       GCT: 14                              
Arg     : 53	  ACG: 21      GCG: 0       CCG: 6       TCG: 8                                 CCT: 11      TCT: 7     
Leu     : 61	  AAG: 28      GAG: 0       CAG: 14      TAG: 6                                 CAA: 8       TAA: 5     
Phe     : 23	  AAA: 0       GAA: 23                              
Asn     : 28	  ATT: 0       GTT: 28                              
Lys     : 49	                            CTT: 40      TTT: 9     
Asp     : 36	  ATC: 0       GTC: 36                              
Glu     : 45	                            CTC: 31      TTC: 14    
His     : 14	  ATG: 0       GTG: 14                              
Gln     : 28	                            CTG: 13      TTG: 15    
Ile     : 67	  AAT: 63      GAT: 0                    TAT: 4     
Met     : 41	                            CAT: 41                 
Tyr     : 17	  ATA: 0       GTA: 17                              
Supres  : 3	                            CTA: 3       TTA: 0     
Cys     : 17	  ACA: 0       GCA: 17                              
Trp     : 28	                            CCA: 28                 
SelCys  : 0	                                         TCA: 0     

