Sequence		tRNA     	Bounds   	tRNA	Anti	Intron Bounds	Inf	HMM	2'Str	Hit	Isotype	Isotype	      
Name    	tRNA#	Begin    	End      	Type	Codon	Begin	End	Score	Score	Score	Origin	CM	Score	Note
--------	------	-----    	------   	----	-----	-----	----	------	-----	-----	------	-------	-------	------
1	3	8203731	8203801	Cys	GCA	0	0	66.7	40.20	26.50	Inf	Cys	75.0	high confidence set
1	7	12353064	12353147	Leu	CAA	0	0	76.5	53.10	23.40	Inf	Leu	116.4	high confidence set
1	11	23570980	23571051	Thr	CGT	0	0	82.2	57.60	24.60	Inf	Thr	90.2	high confidence set
1	16	42763172	42763245	Arg	TCG	0	0	81.9	60.40	21.50	Inf	Arg	92.9	high confidence set
1	20	45719405	45719476	His	GTG	0	0	63.3	34.30	29.00	Inf	His	87.4	high confidence set
1	25	52262916	52262988	Ala	CGC	0	0	68.3	44.10	24.20	Inf	Ala	99.2	high confidence set
1	30	64766283	64766363	Leu	AAG	0	0	74.3	53.30	21.00	Inf	Leu	109.7	high confidence set
1	31	66255544	66255624	Leu	CAG	0	0	69.8	47.20	22.60	Inf	Leu	110.3	high confidence set
1	32	67038124	67038195	Trp	CCA	0	0	75.8	51.20	24.60	Inf	Trp	105.6	high confidence set
1	35	84159992	84160063	His	GTG	0	0	63.0	33.70	29.30	Inf	His	87.1	high confidence set
1	36	90965218	90965288	Gly	GCC	0	0	66.5	44.80	21.70	Inf	Gly	94.4	high confidence set
1	37	90965548	90965618	Gly	GCC	0	0	66.5	44.80	21.70	Inf	Gly	94.4	high confidence set
1	42	96473604	96473677	Ile	AAT	0	0	81.8	58.30	23.50	Inf	Ile	106.8	high confidence set
1	44	101592589	101592677	Met	CAT	101592627	101592641	64.1	40.60	23.50	Inf	Met	104.0	high confidence set
1	45	101754201	101754289	Met	CAT	101754239	101754253	64.1	40.60	23.50	Inf	Met	104.0	high confidence set
1	46	112814381	112814454	Thr	AGT	0	0	73.6	45.20	28.40	Inf	Thr	88.6	high confidence set
1	51	132643880	132643966	Ser	GGA	0	0	60.4	31.70	28.70	Inf	Ser	82.7	high confidence set
1	52	133047434	133047520	Ser	GGA	0	0	61.4	31.70	29.70	Inf	Ser	79.3	high confidence set
1	56	133239914	133239986	Phe	GAA	0	0	60.1	45.70	14.40	Inf	Tyr	70.9	IPD:-13.20,isotype mismatch
1	61	148397588	148397659	Pro	AGG	0	0	67.4	34.70	32.70	Inf	Pro	112.3	high confidence set
1	63	156702980	156703052	Lys	CTT	0	0	86.2	67.30	18.90	Inf	Lys	105.7	high confidence set
1	68	174835742	174835829	Met	CAT	174835780	174835793	64.1	40.70	23.40	Inf	Met	104.0	high confidence set
1	76	192679623	192679695	Glu	CTC	0	0	78.9	53.10	25.80	Inf	Glu	94.8	high confidence set
1	79	198010088	198010161	Val	AAC	0	0	74.3	44.70	29.60	Inf	Val	104.3	high confidence set
1	80	198011046	198011119	Val	AAC	0	0	74.3	44.70	29.60	Inf	Val	104.3	high confidence set
1	82	208259472	208259544	Arg	CCG	0	0	66.0	50.50	15.50	Inf	Arg	94.3	high confidence set
1	85	209580187	209580258	Pro	TGG	0	0	68.8	36.50	32.30	Inf	Pro	106.7	high confidence set
1	94	230234648	230234720	Glu	CTC	0	0	73.0	52.50	20.50	Inf	Glu	88.0	high confidence set
1	95	231199003	231199076	Val	CAC	0	0	79.3	48.30	31.00	Inf	Val	104.5	high confidence set
1	103	244517985	244518067	Leu	TAA	0	0	71.9	38.80	33.10	Inf	Leu	98.7	high confidence set
1	105	249590584	249590656	Arg	ACG	0	0	72.0	49.70	22.30	Inf	Arg	93.9	high confidence set
1	108	252796432	252796503	Asp	GTC	0	0	69.8	46.80	23.00	Inf	Asp	95.8	high confidence set
1	109	253262033	253262105	Arg	ACG	0	0	72.0	49.70	22.30	Inf	Arg	93.9	high confidence set
1	110	253265493	253265565	Arg	ACG	0	0	72.0	49.70	22.30	Inf	Arg	93.9	high confidence set
1	112	256484420	256484493	Val	AAC	0	0	72.9	48.60	24.30	Inf	Val	93.8	high confidence set
1	116	263002876	263002947	Thr	GGT	0	0	61.4	29.40	32.00	Inf	Thr	73.1	unexpected anticodon
1	124	276671704	276671776	Ala	AGC	0	0	61.8	35.00	26.80	Inf	Ala	96.7	high confidence set
1	125	277647213	277647286	Val	CAC	0	0	79.3	48.30	31.00	Inf	Val	104.5	high confidence set
1	129	287343232	287343303	Gln	CTG	0	0	75.3	51.20	24.10	Inf	Gln	106.0	high confidence set
1	130	287532662	287532733	Gln	CTG	0	0	75.3	51.20	24.10	Inf	Gln	106.0	high confidence set
1	135	288720984	288721057	Val	AAC	0	0	72.5	48.10	24.40	Inf	Val	100.2	high confidence set
1	138	288867066	288867138	Ala	AGC	0	0	63.4	38.70	24.70	Inf	Ala	96.4	high confidence set
1	139	288966094	288966166	Ala	AGC	0	0	63.4	38.70	24.70	Inf	Ala	96.4	high confidence set
1	140	291181118	291181189	Cys	GCA	0	0	79.5	56.00	23.50	Inf	Cys	106.0	high confidence set
1	141	291181368	291181439	Cys	GCA	0	0	71.1	45.70	25.40	Inf	Cys	96.5	high confidence set
1	142	297612424	297612507	Leu	CAA	0	0	78.6	55.60	23.00	Inf	Leu	123.0	high confidence set
1	144	300852126	300852206	Leu	AAG	0	0	74.0	52.20	21.80	Inf	Leu	110.4	high confidence set
1	145	302374185	302374104	Ser	CGA	0	0	78.9	46.60	32.30	Inf	Ser	122.0	high confidence set
1	146	302365637	302365564	Val	AAC	0	0	72.5	48.10	24.40	Inf	Val	100.2	high confidence set
1	147	302140346	302140275	Gln	TTG	0	0	75.9	55.70	20.20	Inf	Gln	100.8	high confidence set
1	149	298761218	298761145	Val	AAC	0	0	73.2	49.00	24.20	Inf	Val	95.8	high confidence set
1	150	298536243	298536171	Glu	CTC	0	0	77.7	52.00	25.70	Inf	Glu	93.0	high confidence set
1	152	291822271	291822201	Gly	GCC	0	0	66.5	44.80	21.70	Inf	Gly	94.4	high confidence set
1	153	291822025	291821955	Gly	GCC	0	0	66.5	44.80	21.70	Inf	Gly	94.4	high confidence set
1	154	289011125	289011053	Ala	AGC	0	0	63.4	38.70	24.70	Inf	Ala	96.4	high confidence set
1	156	287675122	287675049	Thr	AGT	0	0	74.7	46.20	28.50	Inf	Thr	89.4	high confidence set
1	157	286214791	286214718	Glu	TTC	0	0	64.3	38.20	26.10	Inf	Glu	90.4	high confidence set
1	158	284499865	284499794	Asp	GTC	0	0	69.8	46.80	23.00	Inf	Asp	95.8	high confidence set
1	163	275426555	275426483	Arg	CCT	0	0	70.8	45.60	25.20	Inf	Thr	79.7	IPD:-8.90,isotype mismatch
1	170	263685983	263685913	Gly	GCC	0	0	66.5	44.80	21.70	Inf	Gly	94.4	high confidence set
1	184	233094960	233094889	Thr	TGT	0	0	79.3	49.30	30.00	Inf	Thr	92.3	high confidence set
1	189	230528733	230528661	Glu	CTC	0	0	77.7	52.00	25.70	Inf	Glu	93.0	high confidence set
1	190	230206804	230206732	Glu	CTC	0	0	77.7	52.00	25.70	Inf	Glu	93.0	high confidence set
1	192	220497847	220497777	Gly	GCC	0	0	66.5	44.80	21.70	Inf	Gly	94.4	high confidence set
1	204	200674783	200674711	Ala	AGC	0	0	63.4	38.20	25.20	Inf	Ala	98.3	high confidence set
1	207	192004668	192004596	Glu	CTC	0	0	77.7	52.00	25.70	Inf	Glu	93.0	high confidence set
1	209	180451479	180451408	Gln	CTG	0	0	72.9	48.70	24.20	Inf	Gln	103.4	high confidence set
1	210	174833956	174833883	Val	AAC	0	0	73.2	49.00	24.20	Inf	Val	95.8	high confidence set
1	212	168630603	168630530	Glu	TTC	0	0	64.3	38.20	26.10	Inf	Glu	90.4	high confidence set
1	213	168610792	168610719	Glu	TTC	0	0	64.3	38.20	26.10	Inf	Glu	90.4	high confidence set
1	216	159024903	159024831	Lys	CTT	0	0	86.8	66.60	20.20	Inf	Lys	107.7	high confidence set
1	217	159024738	159024666	Lys	CTT	0	0	87.7	67.60	20.10	Inf	Lys	106.7	high confidence set
1	219	149757409	149757338	Gly	TCC	0	0	71.0	46.70	24.30	Inf	Gly	82.3	high confidence set
1	226	133238732	133238660	Thr	TGT	0	0	55.8	40.80	15.00	Inf	Thr	70.6	high confidence set
1	234	102999661	102999589	Ala	TGC	0	0	70.0	45.30	24.70	Inf	Ala	100.6	high confidence set
1	236	100647533	100647463	Gly	GCC	0	0	66.5	44.80	21.70	Inf	Gly	94.4	high confidence set
1	238	96702578	96702497	Ser	GCT	0	0	80.5	45.20	35.30	Inf	Ser	109.5	high confidence set
1	240	96159253	96159180	Trp	CCA	0	0	72.1	42.60	29.50	Inf	Thr	75.4	IPD:-18.90,isotype mismatch
1	244	94029197	94029117	Leu	AAG	0	0	74.3	53.30	21.00	Inf	Leu	109.7	high confidence set
1	247	85231905	85231834	iMet	CAT	0	0	60.7	30.50	30.20	Inf	iMet	117.2	high confidence set
1	250	75697678	75697606	Lys	CTT	0	0	86.8	66.60	20.20	Inf	Lys	107.7	high confidence set
1	252	72294433	72294352	Ser	GCT	0	0	79.0	43.10	35.90	Inf	Ser	108.6	high confidence set
1	256	60934931	60934860	Pro	TGG	0	0	68.5	35.70	32.80	Inf	Pro	111.2	high confidence set
1	258	57390612	57390542	Gly	CCC	0	0	65.4	28.10	37.30	Inf	Gly	85.4	high confidence set
1	259	57260656	57260575	Ser	TGA	0	0	78.3	44.40	33.90	Inf	Ser	115.8	high confidence set
1	262	56682744	56682667	Arg	ACG	0	0	57.0	44.90	12.10	Inf	Ile	73.7	IPD:-23.30,isotype mismatch
1	263	49848767	49848695	Gln	CTG	0	0	62.1	51.50	10.60	Inf	Lys	85.4	IPD:-65.10,isotype mismatch
1	268	40103070	40102999	Gly	TCC	0	0	71.0	46.70	24.30	Inf	Gly	82.3	high confidence set
1	276	23886879	23886807	Phe	GAA	0	0	76.1	54.40	21.70	Inf	Phe	115.3	high confidence set
1	277	23885009	23884937	Phe	GAA	0	0	78.3	58.40	19.90	Inf	Phe	113.2	high confidence set
1	279	19142100	19142014	Ser	GGA	0	0	62.4	32.70	29.70	Inf	Ser	81.3	high confidence set
1	280	18379867	18379795	Ala	AGC	0	0	61.8	35.00	26.80	Inf	Ala	96.7	high confidence set
1	285	10573190	10573120	Gly	GCC	0	0	66.5	44.80	21.70	Inf	Gly	94.4	high confidence set
1	286	10109903	10109832	iMet	CAT	0	0	56.8	24.10	32.70	Inf	iMet	107.2	high confidence set
1	289	8208033	8207962	Thr	GGT	0	0	61.4	29.40	32.00	Inf	Thr	73.1	unexpected anticodon
1	291	8207303	8207220	Tyr	GTA	0	0	56.2	30.90	25.30	Inf	Tyr	72.5	high confidence set
1	293	7919501	7919429	Lys	CTT	0	0	85.5	65.40	20.10	Inf	Lys	108.4	high confidence set
1	294	5888890	5888817	Asn	GTT	0	0	83.6	57.80	25.80	Inf	Asn	94.9	high confidence set
1	298	2998773	2998702	Thr	TGT	0	0	84.5	58.50	26.00	Inf	Thr	95.0	high confidence set
1	299	2815887	2815814	Asn	GTT	0	0	87.0	60.20	26.80	Inf	Asn	91.1	high confidence set
1	300	374106	374034	Phe	GAA	0	0	68.7	44.80	23.90	Inf	Tyr	76.6	IPD:-5.10,isotype mismatch
2	2	2240113	2240184	Trp	CCA	0	0	75.8	51.20	24.60	Inf	Trp	105.6	high confidence set
2	4	2482827	2482899	Ala	CGC	0	0	62.7	38.60	24.10	Inf	Ala	93.5	high confidence set
2	5	2483126	2483198	Ala	CGC	0	0	63.9	40.00	23.90	Inf	Ala	98.2	high confidence set
2	7	2483735	2483807	Ala	CGC	0	0	68.3	44.10	24.20	Inf	Ala	99.2	high confidence set
2	8	2484047	2484119	Ala	CGC	0	0	68.3	44.10	24.20	Inf	Ala	99.2	high confidence set
2	9	2487785	2487857	Ala	CGC	0	0	68.3	44.10	24.20	Inf	Ala	99.2	high confidence set
2	13	5981145	5981218	Glu	TTC	0	0	66.6	39.10	27.50	Inf	Glu	88.4	high confidence set
2	14	9663177	9663262	Tyr	GTA	9663214	9663226	74.5	42.90	31.60	Inf	Tyr	111.8	high confidence set
2	16	9683891	9683963	Arg	CCG	0	0	66.0	50.50	15.50	Inf	Arg	94.3	high confidence set
2	17	10763246	10763318	Ala	CGC	0	0	68.3	44.10	24.20	Inf	Ala	99.2	high confidence set
2	18	13291956	13292029	Val	CAC	0	0	79.3	48.30	31.00	Inf	Val	104.5	high confidence set
2	21	17194024	17194096	Val	TAC	0	0	71.2	38.40	32.80	Inf	Val	101.5	high confidence set
2	25	32866885	32866958	Ile	AAT	0	0	75.8	56.20	19.60	Inf	Ile	101.0	high confidence set
2	26	34439532	34439605	Val	CAC	0	0	75.0	44.20	30.80	Inf	Val	101.5	high confidence set
2	27	38436181	38436253	Phe	GAA	0	0	78.3	58.40	19.90	Inf	Phe	113.2	high confidence set
2	29	41026233	41026306	Ile	AAT	0	0	81.8	58.30	23.50	Inf	Ile	106.8	high confidence set
2	30	43576904	43576975	Trp	CCA	0	0	75.8	51.20	24.60	Inf	Trp	105.6	high confidence set
2	31	43589428	43589499	Trp	CCA	0	0	75.8	51.20	24.60	Inf	Trp	105.6	high confidence set
2	33	44525477	44525548	Trp	CCA	0	0	75.8	51.20	24.60	Inf	Trp	105.6	high confidence set
2	43	78119130	78119202	Lys	CTT	0	0	78.8	57.10	21.70	Inf	Lys	96.2	high confidence set
2	45	79977514	79977587	Trp	CCA	0	0	72.3	42.90	29.40	Inf	Thr	75.0	IPD:-16.70,isotype mismatch
2	47	86182484	86182556	Asn	GTT	0	0	70.7	52.10	18.60	Inf	Asn	76.0	high confidence set
2	57	118171645	118171718	Val	AAC	0	0	62.9	44.00	18.90	Inf	Val	89.6	high confidence set
2	58	118174885	118174958	Val	AAC	0	0	73.3	43.60	29.70	Inf	Val	101.5	high confidence set
2	63	145384186	145384257	Pro	AGG	0	0	64.1	34.40	29.70	Inf	Pro	107.3	high confidence set
2	66	152228198	152228270	Thr	TGT	0	0	58.8	41.50	17.30	Inf	Thr	72.4	high confidence set
2	67	153782926	153782998	Ala	TGC	0	0	70.7	46.40	24.30	Inf	Ala	97.1	high confidence set
2	68	157612770	157612842	Lys	CTT	0	0	87.7	67.60	20.10	Inf	Lys	106.7	high confidence set
2	76	171148954	171149026	Arg	CCG	0	0	66.0	50.50	15.50	Inf	Arg	94.3	high confidence set
2	79	176904689	176904766	Arg	ACG	0	0	57.0	44.90	12.10	Inf	Ile	73.7	IPD:-23.30,isotype mismatch
2	81	178354559	178354632	Val	AAC	0	0	74.3	44.70	29.60	Inf	Val	104.3	high confidence set
2	82	178368032	178368105	Val	AAC	0	0	74.3	44.70	29.60	Inf	Val	104.3	high confidence set
2	83	181064036	181064107	Asp	GTC	0	0	69.8	46.80	23.00	Inf	Asp	95.8	high confidence set
2	84	183507641	183507713	Lys	CTT	0	0	87.7	67.60	20.10	Inf	Lys	106.7	high confidence set
2	97	205707216	205707288	Glu	CTC	0	0	77.5	51.70	25.80	Inf	Glu	93.6	high confidence set
2	98	209804973	209805046	Asp	GTC	0	0	72.0	53.20	18.80	Inf	Ala	72.8	IPD:-22.40,isotype mismatch
2	102	217246881	217246952	Asp	GTC	0	0	69.8	46.80	23.00	Inf	Asp	95.8	high confidence set
2	103	217255128	217255199	Asp	GTC	0	0	69.8	46.80	23.00	Inf	Asp	95.8	high confidence set
2	106	219037552	219037639	Met	CAT	219037590	219037603	68.6	45.10	23.50	Inf	Met	104.3	high confidence set
2	107	219354248	219354319	Trp	CCA	0	0	75.8	51.20	24.60	Inf	Trp	105.6	high confidence set
2	109	220382167	220382239	Ala	AGC	0	0	63.4	38.20	25.20	Inf	Ala	98.3	high confidence set
2	111	222362251	222362322	Pro	TGG	0	0	68.5	35.70	32.80	Inf	Pro	111.2	high confidence set
2	113	223153770	223153843	Trp	CCA	0	0	72.3	42.90	29.40	Inf	Thr	75.0	IPD:-16.70,isotype mismatch
2	114	223632804	223632885	Ser	TGA	0	0	78.3	44.40	33.90	Inf	Ser	115.8	high confidence set
2	120	230795256	230795340	Met	CAT	230795294	230795304	64.2	40.80	23.40	Inf	Met	104.0	high confidence set
2	122	232677589	232677662	Glu	TTC	0	0	64.3	38.20	26.10	Inf	Glu	90.4	high confidence set
2	123	233732176	233732247	Gln	CTG	0	0	72.9	48.70	24.20	Inf	Gln	103.4	high confidence set
2	124	235111439	235111510	Pro	TGG	0	0	68.9	36.50	32.40	Inf	Pro	109.4	high confidence set
2	125	235122953	235123024	Pro	TGG	0	0	68.9	36.50	32.40	Inf	Pro	109.4	high confidence set
2	126	235976423	235976496	Val	CAC	0	0	79.3	48.30	31.00	Inf	Val	104.5	high confidence set
2	127	236205542	236205614	Ala	AGC	0	0	56.6	27.20	29.40	Inf	Ala	93.0	high confidence set
2	128	236211091	236211163	Ala	AGC	0	0	61.8	35.00	26.80	Inf	Ala	96.7	high confidence set
2	130	236432776	236432847	Pro	AGG	0	0	67.4	34.70	32.70	Inf	Pro	112.3	high confidence set
2	131	236787421	236787503	Leu	TAA	0	0	67.1	39.40	27.70	Inf	Leu	91.2	high confidence set
2	133	237257891	237257964	Asn	GTT	0	0	84.5	59.40	25.10	Inf	Asn	95.9	high confidence set
2	134	240477322	240477394	Phe	GAA	0	0	78.3	58.40	19.90	Inf	Phe	113.2	high confidence set
2	136	240834597	240834670	Thr	AGT	0	0	74.0	45.80	28.20	Inf	Thr	89.0	high confidence set
2	137	241037989	241038075	Met	CAT	241038027	241038039	64.2	40.70	23.50	Inf	Met	104.0	high confidence set
2	138	241903099	241903169	Gly	GCC	0	0	66.5	44.80	21.70	Inf	Gly	94.4	high confidence set
2	140	244404199	244404272	Glu	TTC	0	0	66.6	39.10	27.50	Inf	Glu	88.4	high confidence set
2	141	242365784	242365713	Cys	GCA	0	0	81.7	56.10	25.60	Inf	Cys	104.3	high confidence set
2	142	242237160	242237089	Gly	TCC	0	0	71.0	46.70	24.30	Inf	Gly	82.3	high confidence set
2	149	222815693	222815623	Gly	CCC	0	0	66.3	29.50	36.80	Inf	Gly	89.7	high confidence set
2	152	220077049	220076976	Ile	AAT	0	0	74.3	58.00	16.30	Inf	Ile	97.6	high confidence set
2	153	220076578	220076505	Ile	AAT	0	0	81.8	58.30	23.50	Inf	Ile	106.8	high confidence set
2	155	220066760	220066687	Ile	AAT	0	0	77.4	54.70	22.70	Inf	Ile	101.0	high confidence set
2	156	220066290	220066217	Ile	AAT	0	0	77.4	54.70	22.70	Inf	Ile	101.0	high confidence set
2	157	220065818	220065745	Ile	AAT	0	0	74.5	55.10	19.40	Inf	Ile	101.7	high confidence set
2	159	220064875	220064802	Ile	AAT	0	0	75.7	55.50	20.20	Inf	Ile	98.6	high confidence set
2	163	220062988	220062915	Ile	AAT	0	0	81.8	58.30	23.50	Inf	Ile	106.8	high confidence set
2	164	220062517	220062444	Ile	AAT	0	0	77.3	53.80	23.50	Inf	Ile	101.9	high confidence set
2	165	220062038	220061965	Ile	AAT	0	0	79.9	57.80	22.10	Inf	Ile	102.5	high confidence set
2	166	220054165	220054092	Ile	AAT	0	0	81.8	58.30	23.50	Inf	Ile	106.8	high confidence set
2	167	220053693	220053620	Ile	AAT	0	0	81.8	58.30	23.50	Inf	Ile	106.8	high confidence set
2	168	220053222	220053149	Ile	AAT	0	0	80.5	57.10	23.40	Inf	Ile	104.8	high confidence set
2	169	220052743	220052670	Ile	AAT	0	0	79.9	57.80	22.10	Inf	Ile	102.5	high confidence set
2	170	220052271	220052198	Ile	AAT	0	0	78.4	58.00	20.40	Inf	Ile	102.5	high confidence set
2	173	220050855	220050782	Ile	AAT	0	0	73.1	55.40	17.70	Inf	Ile	97.1	high confidence set
2	175	220049912	220049839	Ile	AAT	0	0	78.4	58.00	20.40	Inf	Ile	102.5	high confidence set
2	177	220048967	220048894	Ile	AAT	0	0	81.8	58.30	23.50	Inf	Ile	106.8	high confidence set
2	178	220048495	220048422	Ile	AAT	0	0	71.6	53.50	18.10	Inf	Ile	96.2	high confidence set
2	179	220048023	220047950	Ile	AAT	0	0	81.8	58.30	23.50	Inf	Ile	106.8	high confidence set
2	181	220047079	220047006	Ile	AAT	0	0	79.0	55.80	23.20	Inf	Ile	102.9	high confidence set
2	182	220046607	220046534	Ile	AAT	0	0	76.0	58.10	17.90	Inf	Ile	99.6	high confidence set
2	183	220046135	220046062	Ile	AAT	0	0	81.8	58.30	23.50	Inf	Ile	106.8	high confidence set
2	185	220045191	220045118	Ile	AAT	0	0	81.8	58.30	23.50	Inf	Ile	106.8	high confidence set
2	186	220044719	220044646	Ile	AAT	0	0	81.8	58.30	23.50	Inf	Ile	106.8	high confidence set
2	187	220044247	220044174	Ile	AAT	0	0	81.8	58.30	23.50	Inf	Ile	106.8	high confidence set
2	188	220043775	220043702	Ile	AAT	0	0	81.8	58.30	23.50	Inf	Ile	106.8	high confidence set
2	189	220043303	220043230	Ile	AAT	0	0	80.7	57.30	23.40	Inf	Ile	105.8	high confidence set
2	190	220042831	220042758	Ile	AAT	0	0	81.8	58.30	23.50	Inf	Ile	106.8	high confidence set
2	191	220042359	220042286	Ile	AAT	0	0	81.8	58.30	23.50	Inf	Ile	106.8	high confidence set
2	192	220041887	220041814	Ile	AAT	0	0	81.8	58.30	23.50	Inf	Ile	106.8	high confidence set
2	193	220041415	220041342	Ile	AAT	0	0	80.7	57.30	23.40	Inf	Ile	105.8	high confidence set
2	194	220040943	220040870	Ile	AAT	0	0	81.8	58.30	23.50	Inf	Ile	106.8	high confidence set
2	195	220040471	220040398	Ile	AAT	0	0	81.8	58.30	23.50	Inf	Ile	106.8	high confidence set
2	196	220039999	220039926	Ile	AAT	0	0	81.8	58.30	23.50	Inf	Ile	106.8	high confidence set
2	197	220039527	220039454	Ile	AAT	0	0	71.4	47.50	23.90	Inf	Ile	95.0	high confidence set
2	198	220039055	220038982	Ile	AAT	0	0	81.8	58.30	23.50	Inf	Ile	106.8	high confidence set
2	199	220038583	220038510	Ile	AAT	0	0	79.0	55.80	23.20	Inf	Ile	102.9	high confidence set
2	200	220038111	220038038	Ile	AAT	0	0	81.8	58.30	23.50	Inf	Ile	106.8	high confidence set
2	201	220037639	220037566	Ile	AAT	0	0	73.9	50.40	23.50	Inf	Ile	99.1	high confidence set
2	202	220037167	220037094	Ile	AAT	0	0	73.8	58.00	15.80	Inf	Ile	99.1	high confidence set
2	203	220036695	220036622	Ile	AAT	0	0	79.0	55.80	23.20	Inf	Ile	102.9	high confidence set
2	204	220036223	220036150	Ile	AAT	0	0	75.5	56.00	19.50	Inf	Ile	97.4	high confidence set
2	206	220004931	220004860	His	GTG	0	0	63.0	33.70	29.30	Inf	His	87.1	high confidence set
2	208	219594719	219594639	Leu	CAG	0	0	69.5	46.80	22.70	Inf	Leu	109.7	high confidence set
2	210	217455667	217455594	Asn	GTT	0	0	84.5	59.40	25.10	Inf	Asn	95.9	high confidence set
2	211	217009668	217009595	Asn	GTT	0	0	84.5	59.40	25.10	Inf	Asn	95.9	high confidence set
2	212	216504704	216504631	Asn	GTT	0	0	84.5	59.40	25.10	Inf	Asn	95.9	high confidence set
2	213	216504537	216504464	Asn	GTT	0	0	84.5	59.40	25.10	Inf	Asn	95.9	high confidence set
2	214	215829060	215828983	Arg	ACG	0	0	57.0	44.90	12.10	Inf	Ile	73.7	IPD:-23.30,isotype mismatch
2	218	204943599	204943527	Glu	CTC	0	0	77.7	52.00	25.70	Inf	Glu	93.0	high confidence set
2	221	200782420	200782349	Lys	TTT	0	0	91.9	68.20	23.70	Inf	Lys	98.4	high confidence set
2	222	199719165	199719088	Arg	ACG	0	0	57.0	44.90	12.10	Inf	Ile	73.7	IPD:-23.30,isotype mismatch
2	223	199688355	199688278	Arg	ACG	0	0	57.0	44.90	12.10	Inf	Ile	73.7	IPD:-23.30,isotype mismatch
2	224	199183569	199183498	Thr	TGT	0	0	84.5	58.50	26.00	Inf	Thr	95.0	high confidence set
2	228	194919257	194919186	Trp	CCA	0	0	66.2	41.80	24.40	Inf	Trp	97.1	high confidence set
2	229	194744490	194744417	Ile	AAT	0	0	81.8	58.30	23.50	Inf	Ile	106.8	high confidence set
2	231	193872495	193872411	Tyr	GTA	193872458	193872447	74.5	43.00	31.50	Inf	Tyr	111.8	high confidence set
2	240	183511820	183511748	Lys	CTT	0	0	87.7	67.60	20.10	Inf	Lys	106.7	high confidence set
2	241	180667316	180667243	Val	CAC	0	0	79.3	48.30	31.00	Inf	Val	104.5	high confidence set
2	245	176905091	176905020	Asn	GTT	0	0	76.1	53.10	23.00	Inf	Asn	83.1	high confidence set
2	247	175598545	175598472	Val	AAC	0	0	72.2	47.80	24.40	Inf	Val	98.2	high confidence set
2	248	175171489	175171417	Glu	CTC	0	0	77.5	51.70	25.80	Inf	Glu	93.6	high confidence set
2	254	163611497	163611414	Leu	CAA	0	0	74.5	54.60	19.90	Inf	Leu	118.3	high confidence set
2	255	161420339	161420268	Lys	TTT	0	0	91.9	68.20	23.70	Inf	Lys	98.4	high confidence set
2	256	161420202	161420131	Lys	TTT	0	0	90.9	67.20	23.70	Inf	Lys	97.5	high confidence set
2	259	157768293	157768220	Ile	AAT	0	0	81.8	58.30	23.50	Inf	Ile	106.8	high confidence set
2	260	157732759	157732688	Pro	CGG	0	0	68.5	36.10	32.40	Inf	Pro	108.5	high confidence set
2	261	152229562	152229476	Ser	GGA	0	0	62.4	32.70	29.70	Inf	Ser	81.3	high confidence set
2	274	98043499	98043428	Asn	GTT	0	0	75.1	52.10	23.00	Inf	Asn	81.9	high confidence set
2	275	98034296	98034225	Asn	GTT	0	0	64.1	48.50	15.60	Inf	Asn	72.6	high confidence set
2	282	70263848	70263777	Gly	TCC	0	0	74.1	46.70	27.40	Inf	Gly	84.2	high confidence set
2	287	51782573	51782502	iMet	CAT	0	0	59.7	30.20	29.50	Inf	iMet	115.9	high confidence set
2	288	51142858	51142778	Leu	AAG	0	0	74.3	53.30	21.00	Inf	Leu	109.7	high confidence set
2	289	50750401	50750329	Phe	GAA	0	0	76.1	54.40	21.70	Inf	Phe	115.3	high confidence set
2	292	45215545	45215473	Arg	ACG	0	0	71.3	48.60	22.70	Inf	Arg	93.4	high confidence set
2	295	36858779	36858697	Leu	TAA	0	0	71.9	38.80	33.10	Inf	Leu	98.7	high confidence set
2	298	30055025	30054952	Ile	AAT	0	0	81.8	58.30	23.50	Inf	Ile	106.8	high confidence set
2	301	28208127	28208055	Lys	CTT	0	0	75.6	57.80	17.80	Inf	Lys	99.5	high confidence set
2	302	28092560	28092488	Ala	TGC	0	0	70.0	45.30	24.70	Inf	Ala	100.6	high confidence set
2	303	25541605	25541532	Val	CAC	0	0	79.3	48.30	31.00	Inf	Val	104.5	high confidence set
2	305	23330508	23330437	Pro	CGG	0	0	68.5	36.10	32.40	Inf	Pro	108.5	high confidence set
2	309	13763512	13763426	Met	CAT	13763474	13763462	64.2	40.70	23.50	Inf	Met	104.0	high confidence set
3	1	921341	921412	Gln	CTG	0	0	71.8	47.10	24.70	Inf	Gln	103.5	high confidence set
3	2	1288605	1288686	Ser	AGA	0	0	80.3	44.00	36.30	Inf	Ser	115.3	high confidence set
3	3	2017886	2017958	Lys	CTT	0	0	87.7	67.60	20.10	Inf	Lys	106.7	high confidence set
3	8	16006652	16006723	iMet	CAT	0	0	57.8	27.70	30.10	Inf	iMet	116.1	high confidence set
3	9	17378339	17378419	Leu	CAG	0	0	68.4	45.70	22.70	Inf	Leu	107.6	high confidence set
3	14	33394894	33394967	Ile	TAT	0	0	84.6	69.30	15.30	Inf	Ile	98.4	high confidence set
3	18	48427521	48427592	Asn	GTT	0	0	70.6	49.30	21.30	Inf	Asn	78.6	high confidence set
3	19	58020902	58020973	His	GTG	0	0	63.0	33.70	29.30	Inf	His	87.1	high confidence set
3	21	64059995	64060068	Asn	GTT	0	0	83.9	58.50	25.40	Inf	Asn	97.4	high confidence set
3	22	67151111	67151191	Leu	AAG	0	0	74.0	52.20	21.80	Inf	Leu	110.4	high confidence set
3	27	81494514	81494587	Asp	GTC	0	0	72.0	53.20	18.80	Inf	Ala	72.8	IPD:-22.40,isotype mismatch
3	31	120514659	120514731	Ala	AGC	0	0	63.4	38.70	24.70	Inf	Ala	96.4	high confidence set
3	32	122111019	122111092	Val	AAC	0	0	74.9	45.30	29.60	Inf	Val	104.6	high confidence set
3	33	122398508	122398595	Met	CAT	122398546	122398559	64.1	40.70	23.40	Inf	Met	104.0	high confidence set
3	35	126364494	126364566	Lys	CTT	0	0	80.5	64.80	15.70	Inf	Lys	100.5	high confidence set
3	36	133866998	133867069	Pro	AGG	0	0	67.4	34.70	32.70	Inf	Pro	112.3	high confidence set
3	38	139489262	139489333	Lys	TTT	0	0	91.1	67.20	23.90	Inf	Lys	97.8	high confidence set
3	39	140591749	140591821	Arg	TCT	0	0	69.9	49.40	20.50	Inf	Arg	99.6	high confidence set
3	40	142492881	142492954	Thr	AGT	0	0	73.6	45.20	28.40	Inf	Thr	88.6	high confidence set
3	41	142512460	142512533	Thr	AGT	0	0	71.1	45.70	25.40	Inf	Thr	85.6	high confidence set
3	42	142524514	142524587	Thr	AGT	0	0	64.6	41.00	23.60	Inf	Thr	80.2	high confidence set
3	43	142526410	142526483	Thr	AGT	0	0	74.0	45.80	28.20	Inf	Thr	89.0	high confidence set
3	44	142558742	142558815	Thr	AGT	0	0	71.4	43.20	28.20	Inf	Thr	84.9	high confidence set
3	45	142564023	142564096	Thr	AGT	0	0	65.4	37.30	28.10	Inf	Thr	81.7	high confidence set
3	48	147922187	147922259	Arg	TCT	0	0	68.5	50.60	17.90	Inf	Arg	98.8	high confidence set
3	49	148108082	148108154	Phe	GAA	0	0	78.3	58.40	19.90	Inf	Phe	113.2	high confidence set
3	51	158649813	158649885	Phe	GAA	0	0	78.3	58.40	19.90	Inf	Phe	113.2	high confidence set
3	52	169466904	169466984	Leu	AAG	0	0	74.3	53.30	21.00	Inf	Leu	109.7	high confidence set
3	53	170521599	170521685	Ser	GGA	0	0	60.4	31.70	28.70	Inf	Ser	82.7	high confidence set
3	55	173184614	173184695	Ser	AGA	0	0	80.3	44.00	36.30	Inf	Ser	115.3	high confidence set
3	57	177342233	177342304	Gln	TTG	0	0	76.2	56.20	20.00	Inf	Gln	105.4	high confidence set
3	67	187059971	187060051	Leu	AAG	0	0	74.0	52.20	21.80	Inf	Leu	110.4	high confidence set
3	68	187067978	187068058	Leu	AAG	0	0	73.5	53.40	20.10	Inf	Leu	107.4	high confidence set
3	70	198369675	198369760	Tyr	GTA	198369712	198369724	74.5	42.90	31.60	Inf	Tyr	111.8	high confidence set
3	73	201663585	201663657	Arg	ACG	0	0	72.0	49.70	22.30	Inf	Arg	93.9	high confidence set
3	74	203279322	203279394	Lys	CTT	0	0	87.7	67.60	20.10	Inf	Lys	106.7	high confidence set
3	75	204427429	204427515	Ser	GGA	0	0	56.9	27.20	29.70	Inf	Ser	76.0	high confidence set
3	80	213107847	213107928	Ser	CGA	0	0	78.9	46.60	32.30	Inf	Ser	122.0	high confidence set
3	83	218263376	218263449	Ile	AAT	0	0	79.5	54.30	25.20	Inf	Ile	104.6	high confidence set
3	84	218264603	218264676	Ile	AAT	0	0	77.0	51.80	25.20	Inf	Ile	102.1	high confidence set
3	92	233460987	233461060	Ile	AAT	0	0	80.5	57.10	23.40	Inf	Ile	104.8	high confidence set
3	93	233462748	233462819	Pro	CGG	0	0	68.5	36.10	32.40	Inf	Pro	108.5	high confidence set
3	96	234239072	234238988	Tyr	GTA	234239035	234239024	74.5	43.00	31.50	Inf	Tyr	111.8	high confidence set
3	97	234079174	234079101	Val	CAC	0	0	79.3	48.30	31.00	Inf	Val	104.5	high confidence set
3	108	210771504	210771432	Lys	CTT	0	0	77.7	59.90	17.80	Inf	Lys	100.0	high confidence set
3	110	205578704	205578632	Val	TAC	0	0	71.9	39.50	32.40	Inf	Val	103.9	high confidence set
3	112	204721769	204721697	Lys	CTT	0	0	79.7	67.60	12.10	Inf	Lys	101.5	high confidence set
3	113	202070321	202070249	Lys	CTT	0	0	77.3	60.10	17.20	Inf	Lys	95.8	high confidence set
3	115	196938446	196938375	Gln	CTG	0	0	75.3	51.20	24.10	Inf	Gln	106.0	high confidence set
3	119	186337528	186337457	Gly	TCC	0	0	74.1	46.70	27.40	Inf	Gly	84.2	high confidence set
3	128	171735364	171735291	Ile	AAT	0	0	76.2	50.10	26.10	Inf	Ile	103.1	high confidence set
3	129	169004961	169004888	Ile	AAT	0	0	81.8	58.30	23.50	Inf	Ile	106.8	high confidence set
3	130	158531391	158531320	Lys	TTT	0	0	91.9	68.20	23.70	Inf	Lys	98.4	high confidence set
3	132	148106613	148106534	Leu	TAG	0	0	69.5	48.50	21.00	Inf	Leu	111.5	high confidence set
3	133	146851581	146851502	Leu	TAG	0	0	69.5	48.50	21.00	Inf	Leu	111.5	high confidence set
3	134	146474231	146474148	Leu	TAA	0	0	70.1	37.60	32.50	Inf	Leu	89.2	high confidence set
3	136	135589740	135589668	Lys	CTT	0	0	88.3	68.20	20.10	Inf	Lys	101.1	high confidence set
3	138	129404110	129404039	Pro	AGG	0	0	67.4	34.70	32.70	Inf	Pro	112.3	high confidence set
3	139	125970085	125970013	Arg	ACG	0	0	68.2	45.90	22.30	Inf	Arg	82.3	high confidence set
3	143	115652906	115652833	Glu	TTC	0	0	64.2	36.60	27.60	Inf	Glu	86.5	high confidence set
3	150	81488751	81488677	Pro	TGG	0	0	62.8	32.80	30.00	Inf	Trp	73.3	IPD:-42.40,isotype mismatch
3	153	62236188	62236115	Trp	CCA	0	0	69.1	39.60	29.50	Inf	Thr	75.0	IPD:-16.70,isotype mismatch
3	158	38316361	38316290	iMet	CAT	0	0	57.5	26.90	30.60	Inf	iMet	115.2	high confidence set
3	159	38315024	38314953	iMet	CAT	0	0	54.2	20.40	33.80	Inf	iMet	110.3	high confidence set
3	161	31711211	31711131	Leu	AAG	0	0	63.2	48.20	15.00	Inf	Leu	97.7	high confidence set
3	162	31710378	31710296	Ser	AGA	0	0	79.9	44.70	35.20	Inf	Ser	109.6	high confidence set
3	163	29585642	29585570	Glu	CTC	0	0	80.0	54.10	25.90	Inf	Glu	95.5	high confidence set
3	166	21807515	21807442	Thr	AGT	0	0	75.0	46.80	28.20	Inf	Thr	89.8	high confidence set
3	167	21798690	21798617	Thr	AGT	0	0	74.0	45.80	28.20	Inf	Thr	89.0	high confidence set
3	171	17271009	17270936	Trp	CCA	0	0	72.1	42.60	29.50	Inf	Thr	75.4	IPD:-18.90,isotype mismatch
3	173	12983035	12982954	Ser	TGA	0	0	78.3	44.40	33.90	Inf	Ser	115.8	high confidence set
3	176	4599187	4599115	Glu	CTC	0	0	77.7	52.00	25.70	Inf	Glu	93.0	high confidence set
4	3	5094477	5094559	Leu	TAA	0	0	71.9	38.80	33.10	Inf	Leu	98.7	high confidence set
4	6	13883476	13883548	Ala	TGC	0	0	70.0	44.80	25.20	Inf	Ala	102.4	high confidence set
4	14	28937209	28937282	Val	AAC	0	0	72.5	48.10	24.40	Inf	Val	100.2	high confidence set
4	17	35299401	35299473	Arg	TCT	0	0	68.1	50.00	18.10	Inf	Arg	96.3	high confidence set
4	20	42105373	42105445	Arg	TCT	0	0	70.7	50.70	20.00	Inf	Arg	97.1	high confidence set
4	23	56278681	56278753	Arg	CCG	0	0	64.5	50.20	14.30	Inf	Arg	92.0	high confidence set
4	27	80309756	80309828	Lys	CTT	0	0	86.2	67.30	18.90	Inf	Lys	105.7	high confidence set
4	31	112075504	112075575	Cys	GCA	0	0	71.6	42.60	29.00	Inf	Cys	94.6	high confidence set
4	35	125465469	125465550	Ser	AGA	0	0	80.3	44.00	36.30	Inf	Ser	115.3	high confidence set
4	38	138206089	138206170	Ser	AGA	0	0	73.2	43.20	30.00	Inf	Ser	106.2	high confidence set
4	39	138316033	138316105	Lys	CTT	0	0	87.7	67.60	20.10	Inf	Lys	106.7	high confidence set
4	40	148973560	148973632	Phe	GAA	0	0	78.3	58.40	19.90	Inf	Phe	113.2	high confidence set
4	41	149086995	149087075	Leu	AAG	0	0	74.3	53.30	21.00	Inf	Leu	109.7	high confidence set
4	42	149175176	149175248	Ala	TGC	0	0	70.0	45.30	24.70	Inf	Ala	100.6	high confidence set
4	44	151039302	151039382	Leu	AAG	0	0	74.3	53.30	21.00	Inf	Leu	109.7	high confidence set
4	45	151412226	151412297	Pro	TGG	0	0	63.7	34.40	29.30	Inf	Pro	104.6	high confidence set
4	46	151412607	151412678	Pro	CGG	0	0	63.2	26.30	36.90	Inf	Pro	106.2	high confidence set
4	47	151468992	151469063	Pro	TGG	0	0	61.8	31.00	30.80	Inf	Pro	103.3	high confidence set
4	48	151469191	151469262	Pro	TGG	0	0	51.5	30.80	20.70	Inf	Pro	92.3	high confidence set
4	49	151573350	151573421	Pro	TGG	0	0	52.7	33.80	18.90	Inf	Pro	98.5	high confidence set
4	50	151573744	151573815	Pro	TGG	0	0	51.6	25.90	25.70	Inf	Pro	92.8	high confidence set
4	51	151574140	151574211	Pro	TGG	0	0	63.2	26.30	36.90	Inf	Pro	106.2	high confidence set
4	55	156464062	156464133	Asp	GTC	0	0	69.8	46.80	23.00	Inf	Asp	95.8	high confidence set
4	56	156466299	156466370	Asp	GTC	0	0	69.8	46.80	23.00	Inf	Asp	95.8	high confidence set
4	57	158193863	158193934	Thr	CGT	0	0	80.5	54.30	26.20	Inf	Thr	87.3	high confidence set
4	62	171125040	171125111	Thr	CGT	0	0	82.2	57.60	24.60	Inf	Thr	90.2	high confidence set
4	63	172535377	172535448	Cys	GCA	0	0	78.4	49.90	28.50	Inf	Cys	102.6	high confidence set
4	64	174849109	174849195	Met	CAT	174849147	174849159	64.2	40.70	23.50	Inf	Met	104.0	high confidence set
4	66	177830270	177830342	Glu	CTC	0	0	75.7	49.90	25.80	Inf	Glu	97.4	high confidence set
4	69	181556584	181556656	Ala	CGC	0	0	68.2	44.00	24.20	Inf	Ala	95.8	high confidence set
4	72	186760572	186760645	Ile	AAT	0	0	81.8	58.30	23.50	Inf	Ile	106.8	high confidence set
4	73	186821844	186821915	Pro	CGG	0	0	64.1	31.60	32.50	Inf	Pro	102.6	high confidence set
4	74	187363616	187363697	Ser	TGA	0	0	78.3	44.40	33.90	Inf	Ser	115.8	high confidence set
4	80	211194967	211195038	Asn	GTT	0	0	76.1	53.10	23.00	Inf	Asn	83.1	high confidence set
4	81	214600295	214600368	Glu	TTC	0	0	66.6	39.10	27.50	Inf	Glu	88.4	high confidence set
4	82	224517980	224518051	Pro	TGG	0	0	65.2	35.80	29.40	Inf	Pro	103.5	high confidence set
4	83	224556098	224556169	Pro	CGG	0	0	64.2	32.00	32.20	Inf	Pro	105.3	high confidence set
4	84	230829447	230829518	Gln	TTG	0	0	70.5	47.60	22.90	Inf	Gln	102.4	high confidence set
4	85	230840419	230840490	Gln	TTG	0	0	72.0	49.00	23.00	Inf	Gln	104.4	high confidence set
4	86	230847625	230847696	Gln	TTG	0	0	78.8	52.70	26.10	Inf	Gln	105.7	high confidence set
4	87	230848564	230848635	Gln	TTG	0	0	72.0	49.00	23.00	Inf	Gln	104.4	high confidence set
4	88	230850821	230850892	Gln	TTG	0	0	75.2	48.80	26.40	Inf	Gln	105.9	high confidence set
4	89	230851761	230851832	Gln	TTG	0	0	72.0	49.00	23.00	Inf	Gln	104.4	high confidence set
4	92	232475076	232475148	Ala	AGC	0	0	61.8	35.50	26.30	Inf	Ala	94.9	high confidence set
4	93	233602099	233602170	Gln	CTG	0	0	72.6	48.30	24.30	Inf	Gln	100.8	high confidence set
4	97	243336457	243336538	Ser	GCT	0	0	79.0	43.10	35.90	Inf	Ser	108.6	high confidence set
4	99	244767767	244767853	Ser	GGA	0	0	56.0	28.00	28.00	Inf	Ser	75.2	high confidence set
4	100	244782794	244782880	Ser	GGA	0	0	56.0	28.00	28.00	Inf	Ser	75.2	high confidence set
4	101	245046456	245046528	Ala	AGC	0	0	63.4	38.70	24.70	Inf	Ala	96.4	high confidence set
4	102	245433648	245433720	Arg	CCT	0	0	71.3	54.20	17.10	Inf	Arg	85.7	high confidence set
4	104	245578581	245578510	iMet	CAT	0	0	60.7	30.50	30.20	Inf	iMet	117.2	high confidence set
4	105	245462140	245462067	Val	AAC	0	0	72.5	48.10	24.40	Inf	Val	100.2	high confidence set
4	108	245301315	245301243	Ala	CGC	0	0	62.8	39.00	23.80	Inf	Ala	97.5	high confidence set
4	110	245299809	245299737	Ala	CGC	0	0	67.2	43.10	24.10	Inf	Ala	98.5	high confidence set
4	111	245299042	245298970	Ala	TGC	0	0	67.3	43.10	24.20	Inf	Ala	98.5	high confidence set
4	114	245296777	245296705	Ala	CGC	0	0	67.2	43.10	24.10	Inf	Ala	98.5	high confidence set
4	117	244500800	244500719	Ser	GCT	0	0	79.0	43.10	35.90	Inf	Ser	108.6	high confidence set
4	120	238239871	238239791	Leu	AAG	0	0	74.3	53.30	21.00	Inf	Leu	109.7	high confidence set
4	121	238237543	238237463	Leu	AAG	0	0	72.5	50.10	22.40	Inf	Leu	107.4	high confidence set
4	122	238152353	238152283	Gly	CCC	0	0	66.3	29.50	36.80	Inf	Gly	89.7	high confidence set
4	128	232517118	232517046	Ala	AGC	0	0	61.8	35.50	26.30	Inf	Ala	94.9	high confidence set
4	131	232516007	232515935	Ala	AGC	0	0	59.1	33.10	26.00	Inf	Ala	93.6	high confidence set
4	138	232513398	232513326	Ala	AGC	0	0	61.8	35.50	26.30	Inf	Ala	94.9	high confidence set
4	140	232494620	232494548	Ala	AGC	0	0	61.8	35.50	26.30	Inf	Ala	94.9	high confidence set
4	144	232493133	232493061	Ala	AGC	0	0	61.8	35.50	26.30	Inf	Ala	94.9	high confidence set
4	145	232492762	232492690	Ala	AGC	0	0	59.1	33.10	26.00	Inf	Ala	93.6	high confidence set
4	149	232491267	232491195	Ala	AGC	0	0	61.8	35.50	26.30	Inf	Ala	94.9	high confidence set
4	156	232488685	232488613	Ala	AGC	0	0	58.0	34.80	23.20	Inf	Ala	93.0	high confidence set
4	165	232485407	232485335	Ala	AGC	0	0	61.8	35.50	26.30	Inf	Ala	94.9	high confidence set
4	170	232445924	232445852	Ala	AGC	0	0	61.8	35.50	26.30	Inf	Ala	94.9	high confidence set
4	172	232445185	232445113	Ala	AGC	0	0	61.8	35.50	26.30	Inf	Ala	94.9	high confidence set
4	176	232443697	232443625	Ala	AGC	0	0	61.8	35.50	26.30	Inf	Ala	94.9	high confidence set
4	177	232443324	232443252	Ala	AGC	0	0	57.4	31.40	26.00	Inf	Ala	93.9	high confidence set
4	179	232442584	232442512	Ala	AGC	0	0	59.1	33.10	26.00	Inf	Ala	93.6	high confidence set
4	181	199989853	199989766	Tyr	GTA	199989816	199989802	74.4	42.90	31.50	Inf	Tyr	111.8	high confidence set
4	187	193404092	193404021	iMet	CAT	0	0	51.4	25.70	25.70	Inf	iMet	113.7	high confidence set
4	188	192858200	192858114	Ser	GGA	0	0	56.9	27.20	29.70	Inf	Ser	76.0	high confidence set
4	191	189766135	189766062	Val	CAC	0	0	79.3	48.30	31.00	Inf	Val	104.5	high confidence set
4	192	189764673	189764602	iMet	CAT	0	0	57.5	26.90	30.60	Inf	iMet	115.2	high confidence set
4	193	189198163	189198091	Ala	TGC	0	0	70.0	45.30	24.70	Inf	Ala	100.6	high confidence set
4	195	187327609	187327538	Pro	CGG	0	0	68.5	36.10	32.40	Inf	Pro	108.5	high confidence set
4	196	186096587	186096514	Val	CAC	0	0	79.3	48.30	31.00	Inf	Val	104.5	high confidence set
4	198	184371841	184371770	Trp	CCA	0	0	75.8	51.20	24.60	Inf	Trp	105.6	high confidence set
4	199	183197111	183197026	Tyr	GTA	183197074	183197062	74.5	43.00	31.50	Inf	Tyr	111.8	high confidence set
4	202	180318491	180318410	Ser	GCT	0	0	79.0	43.10	35.90	Inf	Ser	108.6	high confidence set
4	209	168572922	168572851	iMet	CAT	0	0	59.7	30.20	29.50	Inf	iMet	115.9	high confidence set
4	210	160456728	160456658	Gly	GCC	0	0	69.2	41.50	27.70	Inf	Gly	72.3	high confidence set
4	213	148975171	148975100	Thr	TGT	0	0	79.3	49.30	30.00	Inf	Thr	92.3	high confidence set
4	221	122502324	122502243	Ser	AGA	0	0	80.3	44.00	36.30	Inf	Ser	115.3	high confidence set
4	231	83056957	83056887	Gly	CCC	0	0	66.3	29.50	36.80	Inf	Gly	89.7	high confidence set
4	238	58846295	58846224	Thr	GGT	0	0	61.4	29.40	32.00	Inf	Thr	73.1	unexpected anticodon
4	240	49010918	49010832	Ser	GGA	0	0	56.9	27.20	29.70	Inf	Ser	76.0	high confidence set
4	243	38955614	38955534	Leu	CAG	0	0	68.4	45.70	22.70	Inf	Leu	107.6	high confidence set
4	248	31727879	31727808	Trp	CCA	0	0	75.8	51.20	24.60	Inf	Trp	105.6	high confidence set
4	249	28447653	28447581	Arg	CCG	0	0	66.0	50.50	15.50	Inf	Arg	94.3	high confidence set
4	256	7259334	7259261	Val	CAC	0	0	79.3	48.30	31.00	Inf	Val	104.5	high confidence set
4	257	6770984	6770898	Tyr	GTA	6770947	6770934	74.4	42.90	31.50	Inf	Tyr	111.8	high confidence set
4	258	6486023	6485951	Ala	AGC	0	0	61.8	35.00	26.80	Inf	Ala	96.7	high confidence set
4	259	6037539	6037468	Pro	AGG	0	0	71.7	39.40	32.30	Inf	Ala	82.7	IPD:-0.70,isotype mismatch
4	262	4476404	4476331	Asn	GTT	0	0	84.5	59.40	25.10	Inf	Asn	95.9	high confidence set
4	264	3045362	3045291	Pro	AGG	0	0	67.4	34.70	32.70	Inf	Pro	112.3	high confidence set
5	1	1485828	1485909	Ser	CGA	0	0	78.9	46.60	32.30	Inf	Ser	122.0	high confidence set
5	2	1508136	1508209	Val	AAC	0	0	72.5	48.10	24.40	Inf	Val	100.2	high confidence set
5	3	1535546	1535619	Val	AAC	0	0	72.5	48.10	24.40	Inf	Val	100.2	high confidence set
5	4	4686835	4686905	Gly	GCC	0	0	66.5	44.80	21.70	Inf	Gly	94.4	high confidence set
5	5	5149527	5149599	Ala	AGC	0	0	61.8	35.00	26.80	Inf	Ala	96.7	high confidence set
5	6	5226300	5226373	Val	AAC	0	0	71.9	47.50	24.40	Inf	Val	99.9	high confidence set
5	7	5313191	5313263	Ala	AGC	0	0	61.8	35.00	26.80	Inf	Ala	96.7	high confidence set
5	8	5555070	5555143	Thr	AGT	0	0	72.0	43.90	28.10	Inf	Thr	87.9	high confidence set
5	9	5559577	5559650	Thr	AGT	0	0	74.0	45.80	28.20	Inf	Thr	89.0	high confidence set
5	13	9440110	9440190	Leu	AAG	0	0	67.7	49.90	17.80	Inf	Leu	104.2	high confidence set
5	14	9441432	9441512	Leu	AAG	0	0	74.0	52.20	21.80	Inf	Leu	110.4	high confidence set
5	15	9442720	9442800	Leu	AAG	0	0	74.0	52.20	21.80	Inf	Leu	110.4	high confidence set
5	22	19207446	19207518	Arg	ACG	0	0	72.0	49.70	22.30	Inf	Arg	93.9	high confidence set
5	26	25109933	25110005	Glu	CTC	0	0	77.7	52.00	25.70	Inf	Glu	93.0	high confidence set
5	27	26707609	26707681	Ala	AGC	0	0	63.4	38.70	24.70	Inf	Ala	96.4	high confidence set
5	29	31253375	31253445	Gly	GCC	0	0	66.5	44.80	21.70	Inf	Gly	94.4	high confidence set
5	37	53093548	53093620	Glu	CTC	0	0	59.2	44.00	15.20	Inf	Glu	78.5	high confidence set
5	42	64972792	64972865	Asn	GTT	0	0	84.5	59.40	25.10	Inf	Asn	95.9	high confidence set
5	45	71084963	71085034	iMet	CAT	0	0	58.6	28.90	29.70	Inf	iMet	119.7	high confidence set
5	46	71947562	71947634	Ala	CGC	0	0	68.3	44.10	24.20	Inf	Ala	99.2	high confidence set
5	47	72868224	72868296	Arg	CCT	0	0	74.8	55.90	18.90	Inf	Arg	84.6	high confidence set
5	49	76835768	76835840	Thr	TGT	0	0	65.7	46.40	19.30	Inf	Thr	80.1	high confidence set
5	51	78728803	78728875	Phe	GAA	0	0	78.3	58.40	19.90	Inf	Phe	113.2	high confidence set
5	52	80675242	80675313	His	GTG	0	0	63.0	33.70	29.30	Inf	His	91.2	high confidence set
5	54	85751880	85751951	Asp	GTC	0	0	68.0	45.30	22.70	Inf	Asp	90.5	high confidence set
5	68	139322578	139322650	Glu	CTC	0	0	55.3	37.50	17.80	Inf	Glu	77.2	high confidence set
5	71	145714499	145714570	Gln	TTG	0	0	73.0	50.10	22.90	Inf	Gln	105.0	high confidence set
5	72	145716134	145716205	Gln	TTG	0	0	73.4	50.70	22.70	Inf	Gln	106.2	high confidence set
5	74	145725979	145726050	Gln	TTG	0	0	65.5	43.00	22.50	Inf	Gln	97.7	high confidence set
5	79	164734726	164734798	Thr	TGT	0	0	65.7	46.40	19.30	Inf	Thr	80.1	high confidence set
5	81	170046562	170046633	Asn	GTT	0	0	76.1	53.10	23.00	Inf	Asn	83.1	high confidence set
5	83	173180939	173181010	Cys	GCA	0	0	78.0	49.10	28.90	Inf	Cys	100.1	high confidence set
5	85	175958964	175959035	Gln	TTG	0	0	76.6	54.90	21.70	Inf	Gln	104.6	high confidence set
5	86	178313414	178313494	Ser	AGA	0	0	79.6	43.00	36.60	Inf	Ser	107.6	high confidence set
5	87	179025136	179025208	Ala	CGC	0	0	68.2	44.00	24.20	Inf	Ala	95.8	high confidence set
5	88	179268456	179268537	Ser	AGA	0	0	80.3	44.00	36.30	Inf	Ser	115.3	high confidence set
5	89	181558918	181558989	Cys	GCA	0	0	75.3	49.90	25.40	Inf	Cys	99.5	high confidence set
5	90	182985139	182985212	Ile	AAT	0	0	81.8	58.30	23.50	Inf	Ile	106.8	high confidence set
5	92	187209882	187209963	Ser	AGA	0	0	80.3	44.00	36.30	Inf	Ser	115.3	high confidence set
5	95	193474230	193474301	Thr	TGT	0	0	79.3	49.30	30.00	Inf	Thr	92.3	high confidence set
5	97	193523222	193523294	Ala	TGC	0	0	70.0	45.30	24.70	Inf	Ala	100.6	high confidence set
5	98	194086356	194086427	Pro	TGG	0	0	68.5	35.70	32.80	Inf	Pro	111.2	high confidence set
5	101	199474430	199474501	Thr	CGT	0	0	80.5	54.30	26.20	Inf	Thr	87.3	high confidence set
5	102	204104020	204104091	Asp	GTC	0	0	69.8	46.80	23.00	Inf	Asp	95.8	high confidence set
5	104	204308744	204308828	Met	CAT	204308782	204308792	68.7	45.30	23.40	Inf	Met	104.3	high confidence set
5	108	208266453	208266524	Gln	CTG	0	0	75.3	51.20	24.10	Inf	Gln	106.0	high confidence set
5	114	214480485	214480569	Tyr	GTA	214480522	214480533	74.5	43.00	31.50	Inf	Tyr	111.8	high confidence set
5	115	215771943	215772016	Pro	TGG	0	0	63.6	30.20	33.40	Inf	Trp	70.3	IPD:-10.80,isotype mismatch
5	116	215772153	215772226	Trp	CCA	0	0	68.6	40.80	27.80	Inf	Thr	72.1	IPD:-13.10,isotype mismatch
5	117	215840129	215840206	Arg	ACG	0	0	57.0	44.90	12.10	Inf	Ile	73.7	IPD:-23.30,isotype mismatch
5	118	215848444	215848514	Gly	GCC	0	0	69.2	41.50	27.70	Inf	Gly	72.3	high confidence set
5	119	215851807	215851878	Thr	GGT	0	0	61.4	29.40	32.00	Inf	Thr	73.1	unexpected anticodon
5	121	215852537	215852620	Tyr	GTA	0	0	56.2	30.90	25.30	Inf	Tyr	72.5	high confidence set
5	124	217263619	217263700	Ser	GCT	0	0	79.0	43.10	35.90	Inf	Ser	108.6	high confidence set
5	125	217263838	217263919	Ser	GCT	0	0	79.0	43.10	35.90	Inf	Ser	108.6	high confidence set
5	129	222622259	222622330	Pro	AGG	0	0	67.4	34.70	32.70	Inf	Pro	112.3	high confidence set
5	133	221144427	221144338	Met	CAT	221144389	221144374	64.1	40.60	23.50	Inf	Met	104.0	high confidence set
5	135	219582753	219582681	Glu	CTC	0	0	79.2	53.50	25.70	Inf	Glu	94.2	high confidence set
5	136	219058048	219057976	Glu	CTC	0	0	79.2	53.50	25.70	Inf	Glu	94.2	high confidence set
5	137	218088671	218088599	Ala	CGC	0	0	68.2	44.00	24.20	Inf	Ala	95.8	high confidence set
5	139	215856105	215856035	Cys	GCA	0	0	66.7	40.20	26.50	Inf	Cys	75.0	high confidence set
5	142	215840531	215840460	Asn	GTT	0	0	76.1	53.10	23.00	Inf	Asn	83.1	high confidence set
5	143	215725406	215725334	Ala	CGC	0	0	68.2	44.00	24.20	Inf	Ala	95.8	high confidence set
5	148	210455123	210455043	Leu	CAG	0	0	68.4	45.70	22.70	Inf	Leu	107.6	high confidence set
5	150	209998645	209998574	iMet	CAT	0	0	57.9	27.40	30.50	Inf	iMet	113.9	high confidence set
5	151	209496181	209496108	Glu	TTC	0	0	59.7	33.70	26.00	Inf	Glu	85.2	high confidence set
5	153	206963201	206963117	Met	CAT	206963163	206963153	68.7	45.30	23.40	Inf	Met	104.3	high confidence set
5	156	203219016	203218945	iMet	CAT	0	0	60.7	30.50	30.20	Inf	iMet	117.2	high confidence set
5	160	193669528	193669455	Thr	AGT	0	0	75.0	46.80	28.20	Inf	Thr	89.8	high confidence set
5	163	181018221	181018150	Trp	CCA	0	0	75.8	51.20	24.60	Inf	Trp	105.6	high confidence set
5	164	180147631	180147560	Trp	CCA	0	0	75.8	51.20	24.60	Inf	Trp	105.6	high confidence set
5	165	179267365	179267285	Leu	AAG	0	0	74.3	53.30	21.00	Inf	Leu	109.7	high confidence set
5	166	176884010	176883938	Phe	GAA	0	0	78.3	58.40	19.90	Inf	Phe	113.2	high confidence set
5	169	170046964	170046887	Arg	ACG	0	0	57.0	44.90	12.10	Inf	Ile	73.7	IPD:-23.30,isotype mismatch
5	173	150980289	150980218	Gln	CTG	0	0	72.2	47.60	24.60	Inf	Gln	102.6	high confidence set
5	179	120516378	120516298	Leu	AAG	0	0	72.0	55.10	16.90	Inf	Leu	98.3	high confidence set
5	180	119215068	119214998	Gly	CCC	0	0	66.3	29.50	36.80	Inf	Gly	89.7	high confidence set
5	184	92676194	92676122	Glu	CTC	0	0	59.4	45.20	14.20	Inf	Glu	75.0	high confidence set
5	192	76837123	76837037	Ser	GGA	0	0	58.0	29.90	28.10	Inf	Ser	75.2	high confidence set
5	193	76475148	76475067	Ser	GCT	0	0	79.0	43.10	35.90	Inf	Ser	108.6	high confidence set
5	194	76338741	76338670	His	GTG	0	0	63.0	33.70	29.30	Inf	His	87.1	high confidence set
5	195	72859763	72859691	Ala	AGC	0	0	63.4	38.20	25.20	Inf	Ala	98.3	high confidence set
5	196	71502797	71502725	Arg	CCT	0	0	79.3	57.50	21.80	Inf	Arg	90.1	high confidence set
5	197	67007451	67007380	Pro	AGG	0	0	67.4	34.70	32.70	Inf	Pro	112.3	high confidence set
5	198	66874860	66874789	Pro	AGG	0	0	67.4	34.70	32.70	Inf	Pro	112.3	high confidence set
5	204	48009258	48009187	Thr	GGT	0	0	61.4	29.40	32.00	Inf	Thr	73.1	unexpected anticodon
5	214	26883950	26883879	Thr	TGT	0	0	79.3	49.30	30.00	Inf	Thr	92.3	high confidence set
5	217	24686404	24686332	Glu	CTC	0	0	77.7	52.00	25.70	Inf	Glu	97.3	high confidence set
5	219	19463649	19463578	Asp	GTC	0	0	69.8	46.80	23.00	Inf	Asp	95.8	high confidence set
5	220	19206907	19206835	Arg	ACG	0	0	72.0	49.70	22.30	Inf	Arg	93.9	high confidence set
5	223	15982960	15982890	Gly	GCC	0	0	66.5	44.80	21.70	Inf	Gly	94.4	high confidence set
5	227	7470748	7470676	Arg	CCT	0	0	74.8	55.90	18.90	Inf	Arg	84.6	high confidence set
5	229	4767585	4767514	Cys	GCA	0	0	81.7	56.10	25.60	Inf	Cys	104.3	high confidence set
5	230	2893745	2893662	Leu	CAA	0	0	79.3	56.30	23.00	Inf	Leu	123.2	high confidence set
6	1	1586852	1586924	Arg	TCT	0	0	70.0	49.90	20.10	Inf	Arg	100.1	high confidence set
6	2	6136705	6136778	Ile	AAT	0	0	79.5	54.30	25.20	Inf	Ile	104.6	high confidence set
6	3	6230740	6230820	Leu	CAG	0	0	68.4	45.70	22.70	Inf	Leu	107.6	high confidence set
6	4	6233627	6233707	Leu	CAG	0	0	69.5	46.80	22.70	Inf	Leu	109.7	high confidence set
6	5	6262346	6262417	Gly	TCC	0	0	73.9	46.20	27.70	Inf	Gly	85.6	high confidence set
6	11	39843661	39843744	Met	CAT	39843699	39843708	60.2	36.70	23.50	Inf	Met	97.9	high confidence set
6	12	41676928	41677000	Ala	TGC	0	0	70.0	45.30	24.70	Inf	Ala	100.6	high confidence set
6	13	43846364	43846435	Cys	GCA	0	0	78.4	49.90	28.50	Inf	Cys	102.6	high confidence set
6	14	43847391	43847470	Leu	TAG	0	0	69.5	48.50	21.00	Inf	Leu	111.5	high confidence set
6	17	60144508	60144579	Asp	GTC	0	0	69.8	46.80	23.00	Inf	Asp	95.8	high confidence set
6	18	61526035	61526106	His	GTG	0	0	63.0	33.70	29.30	Inf	His	87.1	high confidence set
6	19	61557008	61557079	Asp	GTC	0	0	69.8	46.80	23.00	Inf	Asp	95.8	high confidence set
6	20	61617099	61617170	His	GTG	0	0	63.0	33.70	29.30	Inf	His	87.1	high confidence set
6	22	74749514	74749584	Gly	GCC	0	0	66.5	44.80	21.70	Inf	Gly	94.4	high confidence set
6	23	74783894	74783964	Gly	GCC	0	0	66.5	44.80	21.70	Inf	Gly	94.4	high confidence set
6	24	74850633	74850703	Gly	GCC	0	0	66.5	44.80	21.70	Inf	Gly	94.4	high confidence set
6	25	74853026	74853096	Gly	GCC	0	0	66.5	44.80	21.70	Inf	Gly	94.4	high confidence set
6	26	79965748	79965820	Lys	CTT	0	0	86.8	66.60	20.20	Inf	Lys	107.7	high confidence set
6	27	81184945	81185016	Pro	TGG	0	0	69.6	37.70	31.90	Inf	Pro	108.3	high confidence set
6	28	81277235	81277306	Pro	TGG	0	0	69.6	37.70	31.90	Inf	Pro	108.3	high confidence set
6	29	85021282	85021353	Pro	AGG	0	0	67.4	34.70	32.70	Inf	Pro	112.3	high confidence set
6	30	86342555	86342627	Ala	AGC	0	0	63.4	38.20	25.20	Inf	Ala	98.3	high confidence set
6	37	115551475	115551546	Asp	GTC	0	0	65.8	45.30	20.50	Inf	Asp	89.3	high confidence set
6	47	141421821	141421893	Ala	AGC	0	0	61.8	35.00	26.80	Inf	Ala	96.7	high confidence set
6	48	151754060	151754133	Ile	TAT	0	0	87.1	72.60	14.50	Inf	Ile	104.3	high confidence set
6	49	152238488	152238571	Met	CAT	152238526	152238535	64.3	40.80	23.50	Inf	Met	104.0	high confidence set
6	50	152255176	152255259	Met	CAT	152255214	152255223	64.3	40.80	23.50	Inf	Met	104.0	high confidence set
6	51	152291517	152291600	Val	CAC	152291555	152291564	64.3	40.80	23.50	Inf	Met	104.0	IPD:-43.20,isotype mismatch
6	52	152695567	152695640	Glu	TTC	0	0	64.3	38.20	26.10	Inf	Glu	90.4	high confidence set
6	59	161064153	161064224	Asp	GTC	0	0	69.8	46.80	23.00	Inf	Asp	95.8	high confidence set
6	60	163587524	163587596	Val	TAC	0	0	71.2	38.40	32.80	Inf	Val	101.5	high confidence set
6	61	164608651	164608723	Lys	CTT	0	0	87.7	67.60	20.10	Inf	Lys	106.7	high confidence set
6	62	166769418	166769490	Phe	GAA	0	0	78.3	58.40	19.90	Inf	Phe	113.2	high confidence set
6	63	167335041	167335112	Asp	GTC	0	0	69.8	46.80	23.00	Inf	Asp	95.8	high confidence set
6	64	167391385	167391456	Asp	GTC	0	0	69.8	46.80	23.00	Inf	Asp	95.8	high confidence set
6	65	168196692	168196773	Ser	CGA	0	0	73.5	44.80	28.70	Inf	Ser	108.8	high confidence set
6	66	168841264	168841334	Gly	CCC	0	0	65.4	28.10	37.30	Inf	Gly	85.4	high confidence set
6	67	170776692	170776764	Arg	CCT	0	0	74.8	55.90	18.90	Inf	Arg	87.5	high confidence set
6	72	168883340	168883268	Arg	ACG	0	0	72.0	49.70	22.30	Inf	Arg	93.9	high confidence set
6	73	167402089	167402017	Glu	CTC	0	0	77.7	52.00	25.70	Inf	Glu	93.0	high confidence set
6	74	166158781	166158697	Met	CAT	166158743	166158733	64.3	40.80	23.50	Inf	Met	104.0	high confidence set
6	76	164161161	164161090	Asp	GTC	0	0	61.8	39.00	22.80	Inf	Asp	86.1	high confidence set
6	78	163081850	163081778	Arg	ACG	0	0	72.0	49.70	22.30	Inf	Arg	93.9	high confidence set
6	79	162280155	162280071	Met	CAT	162280117	162280107	64.2	40.80	23.40	Inf	Met	104.0	high confidence set
6	80	162278064	162277981	Met	CAT	162278026	162278017	64.3	40.80	23.50	Inf	Met	104.0	high confidence set
6	81	160948437	160948365	Lys	CTT	0	0	86.8	66.60	20.20	Inf	Lys	107.7	high confidence set
6	82	160172526	160172455	Asp	GTC	0	0	69.8	46.80	23.00	Inf	Asp	95.8	high confidence set
6	87	152674440	152674368	Lys	CTT	0	0	86.8	66.60	20.20	Inf	Lys	107.7	high confidence set
6	88	152169979	152169898	Ser	TGA	0	0	73.5	44.80	28.70	Inf	Ser	108.8	high confidence set
6	89	152168820	152168739	Ser	CGA	0	0	73.5	44.80	28.70	Inf	Ser	108.8	high confidence set
6	91	141662520	141662449	iMet	CAT	0	0	58.6	28.90	29.70	Inf	iMet	119.7	high confidence set
6	92	137841387	137841316	Gln	CTG	0	0	74.3	49.60	24.70	Inf	Gln	106.1	high confidence set
6	101	111803435	111803363	Lys	TTT	0	0	89.5	64.70	24.80	Inf	Lys	95.5	high confidence set
6	103	111096764	111096691	Trp	CCA	0	0	72.3	42.90	29.40	Inf	Thr	75.0	IPD:-16.70,isotype mismatch
6	105	105557901	105557818	Leu	CAA	0	0	78.6	55.60	23.00	Inf	Leu	123.0	high confidence set
6	106	100877485	100877405	Leu	CAG	0	0	68.4	45.70	22.70	Inf	Leu	107.6	high confidence set
6	108	97587169	97587097	Lys	CTT	0	0	86.8	66.60	20.20	Inf	Lys	107.7	high confidence set
6	110	94220675	94220603	Arg	CCT	0	0	71.7	55.90	15.80	Inf	Arg	81.4	high confidence set
6	111	94216331	94216259	Arg	CCT	0	0	71.7	55.90	15.80	Inf	Arg	81.4	high confidence set
6	112	94216174	94216102	Arg	CCT	0	0	74.8	55.90	18.90	Inf	Arg	84.6	high confidence set
6	115	89232846	89232775	His	GTG	0	0	63.0	33.70	29.30	Inf	His	87.1	high confidence set
6	119	75124023	75123953	Gly	GCC	0	0	66.5	44.80	21.70	Inf	Gly	94.4	high confidence set
6	120	72647107	72647036	Cys	GCA	0	0	81.7	56.10	25.60	Inf	Cys	104.3	high confidence set
6	121	72618346	72618275	Cys	GCA	0	0	81.7	56.10	25.60	Inf	Cys	104.3	high confidence set
6	123	70690975	70690902	Trp	CCA	0	0	72.3	42.90	29.40	Inf	Thr	75.0	IPD:-16.70,isotype mismatch
6	126	61325306	61325235	Asp	GTC	0	0	69.8	46.80	23.00	Inf	Asp	95.8	high confidence set
6	127	60307715	60307644	Asp	GTC	0	0	69.8	46.80	23.00	Inf	Asp	95.8	high confidence set
6	128	54308604	54308532	Thr	TGT	0	0	65.7	46.40	19.30	Inf	Thr	80.1	high confidence set
6	131	34698328	34698255	Arg	TCG	0	0	81.9	60.40	21.50	Inf	Arg	92.9	high confidence set
6	133	29667599	29667526	Asn	GTT	0	0	84.5	59.40	25.10	Inf	Asn	95.9	high confidence set
6	134	29658614	29658541	Asn	GTT	0	0	84.5	59.40	25.10	Inf	Asn	95.9	high confidence set
6	135	28057743	28057672	Cys	GCA	0	0	75.3	49.90	25.40	Inf	Cys	99.5	high confidence set
6	137	21753693	21753622	iMet	CAT	0	0	60.1	30.30	29.80	Inf	iMet	114.3	high confidence set
6	140	785701	785616	Tyr	GTA	785664	785652	74.5	42.90	31.60	Inf	Tyr	111.8	high confidence set
7	2	3127715	3127788	Glu	TTC	0	0	64.3	38.20	26.10	Inf	Glu	90.4	high confidence set
7	3	6968192	6968263	Cys	GCA	0	0	78.6	56.10	22.50	Inf	Cys	101.1	high confidence set
7	4	6968337	6968408	Cys	GCA	0	0	81.7	56.10	25.60	Inf	Cys	104.3	high confidence set
7	5	7503361	7503432	Gly	TCC	0	0	73.9	46.20	27.70	Inf	Gly	85.6	high confidence set
7	6	8979948	8980020	Lys	CTT	0	0	86.8	66.60	20.20	Inf	Lys	107.7	high confidence set
7	7	9545153	9545225	Phe	GAA	0	0	78.3	58.40	19.90	Inf	Phe	113.2	high confidence set
7	11	20469458	20469546	Met	CAT	20469496	20469510	64.1	40.60	23.50	Inf	Met	104.0	high confidence set
7	12	20498091	20498180	Met	CAT	20498129	20498144	64.1	40.60	23.50	Inf	Met	104.0	high confidence set
7	14	21947666	21947749	Leu	CAA	0	0	78.6	55.60	23.00	Inf	Leu	123.0	high confidence set
7	15	26386466	26386538	Glu	CTC	0	0	77.7	52.00	25.70	Inf	Glu	93.0	high confidence set
7	16	26450065	26450137	Sup	CTA	0	0	64.8	45.40	19.40	Inf	Glu	82.6	IPD:-82.60,unexpected anticodon
7	18	33314995	33315076	Ser	TGA	0	0	78.3	44.40	33.90	Inf	Ser	115.8	high confidence set
7	19	36807383	36807464	Ser	GCT	0	0	79.0	43.10	35.90	Inf	Ser	108.6	high confidence set
7	25	46270034	46270111	Arg	ACG	0	0	57.0	44.90	12.10	Inf	Ile	73.7	IPD:-23.30,isotype mismatch
7	30	72712973	72713045	Lys	CTT	0	0	83.6	66.30	17.30	Inf	Lys	99.6	high confidence set
7	36	97827031	97827103	Lys	CTT	0	0	80.8	61.50	19.30	Inf	Lys	101.0	high confidence set
7	37	103972666	103972738	Lys	CTT	0	0	87.7	67.60	20.10	Inf	Lys	106.7	high confidence set
7	40	107148470	107148542	Lys	CTT	0	0	83.6	63.80	19.80	Inf	Lys	98.7	high confidence set
7	46	135068706	135068779	Ile	AAT	0	0	81.8	58.30	23.50	Inf	Ile	106.8	high confidence set
7	54	150473486	150473558	Glu	CTC	0	0	77.7	52.00	25.70	Inf	Glu	93.0	high confidence set
7	60	165347244	165347315	Trp	CCA	0	0	75.8	51.20	24.60	Inf	Trp	105.6	high confidence set
7	63	170772461	170772542	Ser	GCT	0	0	79.0	43.10	35.90	Inf	Ser	108.6	high confidence set
7	64	170793486	170793567	Ser	GCT	0	0	79.0	43.10	35.90	Inf	Ser	108.6	high confidence set
7	65	172165247	172165334	Met	CAT	172165285	172165298	64.1	40.70	23.40	Inf	Met	104.0	high confidence set
7	66	172900746	172900817	Trp	CCA	0	0	75.8	51.20	24.60	Inf	Trp	105.6	high confidence set
7	67	173375853	173375926	Ile	AAT	0	0	81.8	58.30	23.50	Inf	Ile	106.8	high confidence set
7	68	173751066	173751137	His	GTG	0	0	63.0	33.70	29.30	Inf	His	87.1	high confidence set
7	70	174824010	174824082	Ala	AGC	0	0	61.8	35.00	26.80	Inf	Ala	96.7	high confidence set
7	76	179726523	179726596	Trp	CCA	0	0	72.3	42.90	29.40	Inf	Thr	75.0	IPD:-16.70,isotype mismatch
7	77	179754361	179754433	Ala	CGC	0	0	63.6	44.60	19.00	Inf	Ala	94.0	high confidence set
7	78	180137516	180137596	Leu	AAG	0	0	74.0	52.20	21.80	Inf	Leu	110.4	high confidence set
7	79	180849704	180849776	Ala	AGC	0	0	63.4	38.20	25.20	Inf	Ala	98.3	high confidence set
7	81	180311378	180311307	His	GTG	0	0	63.3	34.30	29.00	Inf	His	90.4	high confidence set
7	82	179792114	179792042	Glu	CTC	0	0	74.4	48.60	25.80	Inf	Glu	96.7	high confidence set
7	84	178013967	178013886	Ser	TGA	0	0	78.3	44.40	33.90	Inf	Ser	115.8	high confidence set
7	91	169779631	169779560	Asp	GTC	0	0	69.8	46.80	23.00	Inf	Asp	95.8	high confidence set
7	92	169201676	169201603	Asn	GTT	0	0	84.5	59.40	25.10	Inf	Asn	95.9	high confidence set
7	94	168307580	168307507	Trp	CCA	0	0	72.1	42.60	29.50	Inf	Thr	75.4	IPD:-18.90,isotype mismatch
7	96	162862499	162862428	Gly	TCC	0	0	73.9	46.20	27.70	Inf	Gly	85.6	high confidence set
7	101	155640740	155640654	Ser	GGA	0	0	50.8	26.90	23.90	Inf	Ser	70.5	high confidence set
7	106	149058748	149058675	Ile	AAT	0	0	81.8	58.30	23.50	Inf	Ile	106.8	high confidence set
7	107	147560468	147560382	Ser	GGA	0	0	53.2	23.70	29.50	Inf	Ser	70.2	high confidence set
7	110	146607569	146607498	Lys	TTT	0	0	91.9	68.20	23.70	Inf	Lys	98.4	high confidence set
7	114	134489958	134489886	Glu	CTC	0	0	80.0	54.10	25.90	Inf	Glu	95.5	high confidence set
7	117	133883393	133883308	Tyr	GTA	133883356	133883344	74.5	43.00	31.50	Inf	Tyr	111.8	high confidence set
7	124	114375243	114375170	Ile	AAT	0	0	81.8	58.30	23.50	Inf	Ile	106.8	high confidence set
7	125	111139214	111139144	Gly	CCC	0	0	66.3	29.50	36.80	Inf	Gly	89.7	high confidence set
7	127	98665306	98665230	Lys	CTT	0	0	79.7	60.00	19.70	Inf	Lys	101.9	high confidence set
7	138	46611429	46611357	Sup	CTA	0	0	55.4	44.80	10.60	Inf	Lys	70.1	IPD:-70.10,unexpected anticodon
7	140	46270436	46270365	Asn	GTT	0	0	76.1	53.10	23.00	Inf	Asn	83.1	high confidence set
7	144	34305788	34305717	Lys	TTT	0	0	86.6	62.90	23.70	Inf	Lys	94.0	high confidence set
7	146	28621177	28621096	Ser	CGA	0	0	78.2	45.90	32.30	Inf	Ser	121.6	high confidence set
7	150	9634890	9634818	Phe	GAA	0	0	78.3	58.40	19.90	Inf	Phe	113.2	high confidence set
7	153	2118472	2118401	Asp	GTC	0	0	69.8	46.80	23.00	Inf	Asp	95.8	high confidence set
8	4	3858738	3858810	Val	TAC	0	0	71.2	38.40	32.80	Inf	Val	101.5	high confidence set
8	7	8652545	8652616	Asp	GTC	0	0	69.8	46.80	23.00	Inf	Asp	95.8	high confidence set
8	9	12684826	12684899	Thr	AGT	0	0	75.0	46.80	28.20	Inf	Thr	89.8	high confidence set
8	10	13145278	13145351	Thr	AGT	0	0	74.0	45.80	28.20	Inf	Thr	89.0	high confidence set
8	11	13356981	13357052	Asp	GTC	0	0	69.8	46.80	23.00	Inf	Asp	95.8	high confidence set
8	13	17970589	17970660	Pro	AGG	0	0	67.4	34.70	32.70	Inf	Pro	112.3	high confidence set
8	14	21839588	21839658	Gly	GCC	0	0	66.5	44.80	21.70	Inf	Gly	94.4	high confidence set
8	15	21977814	21977884	Gly	GCC	0	0	66.5	44.80	21.70	Inf	Gly	94.4	high confidence set
8	23	47206440	47206513	Trp	CCA	0	0	67.9	41.30	26.60	Inf	Ile	70.8	IPD:-17.90,isotype mismatch
8	28	65757753	65757825	Phe	GAA	0	0	78.3	58.40	19.90	Inf	Phe	113.2	high confidence set
8	29	67488186	67488257	Asp	GTC	0	0	69.8	46.80	23.00	Inf	Asp	95.8	high confidence set
8	32	75511484	75511556	Arg	CCT	0	0	74.8	55.90	18.90	Inf	Arg	87.5	high confidence set
8	35	91348535	91348606	iMet	CAT	0	0	60.7	30.50	30.20	Inf	iMet	117.2	high confidence set
8	37	93167362	93167445	Tyr	GTA	0	0	56.2	30.90	25.30	Inf	Tyr	72.5	high confidence set
8	40	104632188	104632269	Ser	CGA	0	0	73.5	44.80	28.70	Inf	Ser	108.8	high confidence set
8	43	105883210	105883283	Ile	TAT	0	0	87.1	72.60	14.50	Inf	Ile	104.3	high confidence set
8	52	120361102	120361174	Glu	CTC	0	0	77.5	51.70	25.80	Inf	Glu	93.6	high confidence set
8	55	124973719	124973790	Asp	GTC	0	0	62.0	43.60	18.40	Inf	Asp	87.7	high confidence set
8	56	129186160	129186233	Arg	TCG	0	0	81.9	60.40	21.50	Inf	Arg	92.9	high confidence set
8	58	132230981	132231054	Asn	GTT	0	0	84.5	59.40	25.10	Inf	Asn	95.9	high confidence set
8	60	138435781	138435853	Ala	TGC	0	0	70.0	45.30	24.70	Inf	Ala	100.6	high confidence set
8	61	138659555	138659634	Leu	TAG	0	0	69.5	48.50	21.00	Inf	Leu	111.5	high confidence set
8	64	145578178	145578264	Ser	GGA	0	0	52.5	23.60	28.90	Inf	Ser	70.5	high confidence set
8	67	149120839	149120912	Pro	TGG	0	0	63.6	30.20	33.40	Inf	Trp	70.3	IPD:-10.80,isotype mismatch
8	68	149218006	149218079	Pro	TGG	0	0	63.6	30.20	33.40	Inf	Trp	70.3	IPD:-10.80,isotype mismatch
8	69	153644673	153644746	Arg	ACG	0	0	65.2	43.10	22.10	Inf	Arg	83.8	high confidence set
8	72	162133038	162133110	Arg	TCT	0	0	68.5	50.60	17.90	Inf	Arg	98.8	high confidence set
8	73	162158109	162158181	Phe	GAA	0	0	78.3	58.40	19.90	Inf	Phe	113.2	high confidence set
8	75	165244589	165244661	Phe	GAA	0	0	78.3	58.40	19.90	Inf	Phe	113.2	high confidence set
8	81	170079284	170079365	Ser	AGA	0	0	80.3	44.00	36.30	Inf	Ser	115.3	high confidence set
8	82	170088068	170088149	Ser	AGA	0	0	80.3	44.00	36.30	Inf	Ser	115.3	high confidence set
8	84	171473188	171473259	Gln	TTG	0	0	76.6	54.90	21.70	Inf	Gln	104.6	high confidence set
8	85	171913678	171913757	Leu	TAG	0	0	69.8	48.90	20.90	Inf	Leu	112.1	high confidence set
8	88	174161683	174161763	Leu	CAG	0	0	69.5	46.80	22.70	Inf	Leu	109.7	high confidence set
8	89	174611011	174611083	Glu	CTC	0	0	72.3	47.80	24.50	Inf	Glu	86.2	high confidence set
8	91	175422416	175422496	Leu	AAG	0	0	62.5	43.30	19.20	Inf	Leu	88.7	high confidence set
8	92	175439041	175439121	Leu	AAG	0	0	74.0	52.20	21.80	Inf	Leu	110.4	high confidence set
8	94	177282458	177282529	Asp	GTC	0	0	69.8	46.80	23.00	Inf	Asp	95.8	high confidence set
8	95	178331188	178331259	Gln	CTG	0	0	75.3	51.20	24.10	Inf	Gln	106.0	high confidence set
8	96	178710850	178710935	Tyr	GTA	178710887	178710899	74.5	43.00	31.50	Inf	Tyr	111.8	high confidence set
8	97	180219555	180219627	Phe	GAA	0	0	74.0	54.80	19.20	Inf	Phe	106.9	high confidence set
8	99	179536192	179536120	Arg	ACG	0	0	72.0	49.70	22.30	Inf	Arg	93.9	high confidence set
8	101	178075974	178075903	Asp	GTC	0	0	69.8	46.80	23.00	Inf	Asp	95.8	high confidence set
8	102	178063058	178062987	Asp	GTC	0	0	69.8	46.80	23.00	Inf	Asp	95.8	high confidence set
8	105	174237026	174236954	Arg	CCG	0	0	75.3	54.50	20.80	Inf	Arg	78.6	high confidence set
8	107	169614357	169614284	Ile	AAT	0	0	84.0	56.60	27.40	Inf	Ile	110.3	high confidence set
8	110	165200361	165200290	Lys	TTT	0	0	91.9	68.20	23.70	Inf	Lys	98.4	high confidence set
8	111	164857861	164857781	Leu	AAG	0	0	74.0	52.20	21.80	Inf	Leu	110.4	high confidence set
8	113	161712690	161712611	Leu	TAG	0	0	69.5	48.50	21.00	Inf	Leu	111.5	high confidence set
8	115	155867657	155867586	Asp	GTC	0	0	69.8	46.80	23.00	Inf	Asp	95.8	high confidence set
8	119	150443874	150443802	Arg	CCT	0	0	74.8	55.90	18.90	Inf	Arg	84.6	high confidence set
8	121	148838829	148838757	Lys	CTT	0	0	83.3	64.00	19.30	Inf	Lys	103.2	high confidence set
8	124	137014499	137014426	Arg	TCG	0	0	64.1	52.00	12.10	Inf	Arg	81.1	high confidence set
8	125	137005315	137005242	Arg	TCG	0	0	67.2	46.90	20.30	Inf	Arg	70.2	high confidence set
8	126	136946598	136946525	Arg	TCG	0	0	63.4	47.60	15.80	Inf	Arg	77.4	high confidence set
8	127	136862496	136862423	Arg	TCG	0	0	81.9	60.40	21.50	Inf	Arg	92.9	high confidence set
8	129	135871560	135871487	Asn	GTT	0	0	84.5	59.40	25.10	Inf	Asn	95.9	high confidence set
8	131	128732976	128732904	Val	TAC	0	0	71.2	38.40	32.80	Inf	Val	101.5	high confidence set
8	132	128725663	128725591	Lys	CTT	0	0	86.8	66.60	20.20	Inf	Lys	107.7	high confidence set
8	133	127834221	127834149	Lys	CTT	0	0	86.8	66.60	20.20	Inf	Lys	107.7	high confidence set
8	134	125885535	125885464	Asp	GTC	0	0	68.8	45.80	23.00	Inf	Asp	96.4	high confidence set
8	136	121406244	121406173	Gly	TCC	0	0	74.1	46.70	27.40	Inf	Gly	84.2	high confidence set
8	147	92375602	92375530	Lys	CTT	0	0	86.5	66.30	20.20	Inf	Lys	107.4	high confidence set
8	150	77933129	77933059	Gly	GCC	0	0	66.5	44.80	21.70	Inf	Gly	94.4	high confidence set
8	154	71630195	71630123	Arg	ACG	0	0	72.0	49.70	22.30	Inf	Arg	93.9	high confidence set
8	157	39941576	39941505	His	GTG	0	0	52.4	27.10	25.30	Inf	His	79.3	high confidence set
8	160	30165915	30165844	Gln	CTG	0	0	71.8	47.10	24.70	Inf	Gln	103.5	high confidence set
8	161	29525087	29525006	Ser	AGA	0	0	79.6	43.50	36.10	Inf	Ser	114.9	high confidence set
8	162	25301199	25301127	Lys	CTT	0	0	79.9	60.90	19.00	Inf	Lys	100.4	high confidence set
8	169	16887522	16887452	Gly	GCC	0	0	66.5	44.80	21.70	Inf	Gly	94.4	high confidence set
8	171	8318266	8318194	Glu	CTC	0	0	77.7	52.00	25.70	Inf	Glu	93.0	high confidence set
8	172	6704816	6704743	Ile	TAT	0	0	83.4	68.10	15.30	Inf	Ile	101.9	high confidence set
9	7	6538573	6538646	Asp	GTC	0	0	72.0	53.20	18.80	Inf	Ala	72.8	IPD:-22.40,isotype mismatch
9	9	6554835	6554908	Asp	GTC	0	0	72.0	53.20	18.80	Inf	Ala	72.8	IPD:-22.40,isotype mismatch
9	27	77039417	77039490	Trp	CCA	0	0	72.3	42.90	29.40	Inf	Thr	75.0	IPD:-16.70,isotype mismatch
9	30	89617862	89617934	Glu	CTC	0	0	57.3	38.60	18.70	Inf	Glu	75.5	high confidence set
9	33	91945925	91945995	Gly	GCC	0	0	66.5	44.80	21.70	Inf	Gly	94.4	high confidence set
9	36	93919377	93919450	Val	AAC	0	0	71.5	47.10	24.40	Inf	Val	97.5	high confidence set
9	42	105390271	105390343	Lys	CTT	0	0	83.3	64.00	19.30	Inf	Lys	103.2	high confidence set
9	43	106514232	106514313	Ser	AGA	0	0	80.3	44.00	36.30	Inf	Ser	115.3	high confidence set
9	45	108429334	108429406	Glu	CTC	0	0	77.7	52.00	25.70	Inf	Glu	93.0	high confidence set
9	48	110610388	110610460	Sup	CTA	0	0	59.1	48.80	10.30	Inf	Lys	73.1	IPD:-73.10,unexpected anticodon
9	50	120175454	120175526	Phe	GAA	0	0	78.3	58.40	19.90	Inf	Phe	113.2	high confidence set
9	51	121082675	121082755	Leu	CAG	0	0	69.5	46.80	22.70	Inf	Leu	109.7	high confidence set
9	57	133089273	133089343	Gly	CCC	0	0	65.4	28.10	37.30	Inf	Gly	85.4	high confidence set
9	63	136438992	136439064	Ala	CGC	0	0	68.3	44.10	24.20	Inf	Ala	99.2	high confidence set
9	73	151309104	151309175	Thr	CGT	0	0	82.2	57.60	24.60	Inf	Thr	90.2	high confidence set
9	76	155194147	155194217	Gly	GCC	0	0	66.5	44.80	21.70	Inf	Gly	94.4	high confidence set
9	77	155993079	155993162	Leu	CAA	0	0	78.8	55.90	22.90	Inf	Leu	121.7	high confidence set
9	79	157921534	157921607	Asn	GTT	0	0	84.5	59.40	25.10	Inf	Asn	95.9	high confidence set
9	81	155583307	155583237	Gly	GCC	0	0	66.5	44.80	21.70	Inf	Gly	94.4	high confidence set
9	84	152678413	152678327	Tyr	GTA	152678376	152678363	74.4	42.90	31.50	Inf	Tyr	111.8	high confidence set
9	86	149385433	149385361	Lys	CTT	0	0	78.2	60.40	17.80	Inf	Lys	96.0	high confidence set
9	87	149328103	149328023	Leu	CAG	0	0	68.4	45.70	22.70	Inf	Leu	107.6	high confidence set
9	88	149326261	149326181	Leu	CAG	0	0	68.4	45.70	22.70	Inf	Leu	107.6	high confidence set
9	89	149323254	149323183	Gly	TCC	0	0	73.9	46.20	27.70	Inf	Gly	85.6	high confidence set
9	92	147309979	147309906	Glu	TTC	0	0	64.3	38.20	26.10	Inf	Glu	90.4	high confidence set
9	95	141471948	141471875	Arg	TCG	0	0	81.9	60.40	21.50	Inf	Arg	92.9	high confidence set
9	97	140010504	140010433	His	GTG	0	0	63.3	34.30	29.00	Inf	His	87.4	high confidence set
9	101	129430195	129430125	Gly	GCC	0	0	66.5	44.80	21.70	Inf	Gly	94.4	high confidence set
9	102	124807773	124807692	Ser	GCT	0	0	79.0	43.10	35.90	Inf	Ser	108.6	high confidence set
9	106	118810358	118810288	Gly	GCC	0	0	66.5	44.80	21.70	Inf	Gly	94.4	high confidence set
9	107	118586739	118586659	Leu	AAG	0	0	54.1	42.70	11.40	Inf	Leu	82.4	high confidence set
9	108	118571523	118571443	Leu	AAG	0	0	74.3	53.30	21.00	Inf	Leu	109.7	high confidence set
9	109	118532560	118532480	Leu	AAG	0	0	74.3	53.30	21.00	Inf	Leu	109.7	high confidence set
9	111	116296696	116296606	Met	CAT	116296658	116296642	64.0	40.60	23.40	Inf	Met	104.0	high confidence set
9	112	115420151	115420081	Gly	GCC	0	0	66.5	44.80	21.70	Inf	Gly	94.4	high confidence set
9	118	108267260	108267188	Glu	CTC	0	0	77.7	52.00	25.70	Inf	Glu	93.0	high confidence set
9	119	108264497	108264425	Glu	CTC	0	0	77.7	52.00	25.70	Inf	Glu	93.0	high confidence set
9	123	103144455	103144375	Leu	CAG	0	0	68.4	45.70	22.70	Inf	Leu	107.6	high confidence set
9	125	102350934	102350854	Leu	CAG	0	0	69.5	46.80	22.70	Inf	Leu	109.7	high confidence set
9	128	93196550	93196467	Leu	CAA	0	0	78.6	55.60	23.00	Inf	Leu	123.0	high confidence set
9	130	92375976	92375905	Pro	AGG	0	0	67.4	34.70	32.70	Inf	Pro	112.3	high confidence set
9	147	47372455	47372375	Leu	AAG	0	0	74.3	53.30	21.00	Inf	Leu	109.7	high confidence set
9	151	25862770	25862699	His	GTG	0	0	63.0	33.70	29.30	Inf	His	87.1	high confidence set
9	152	22804367	22804281	Ser	GGA	0	0	56.9	27.20	29.70	Inf	Ser	76.0	high confidence set
9	154	16750022	16749951	Pro	TGG	0	0	69.6	37.70	31.90	Inf	Pro	108.3	high confidence set
9	159	6555607	6555536	Asn	GTT	0	0	76.1	53.10	23.00	Inf	Asn	83.1	high confidence set
9	161	6549070	6548996	Pro	TGG	0	0	62.5	32.60	29.90	Inf	Trp	74.0	IPD:-41.90,isotype mismatch
9	163	6532810	6532736	Pro	TGG	0	0	62.8	32.80	30.00	Inf	Trp	73.3	IPD:-42.40,isotype mismatch
10	1	699795	699868	Ile	AAT	0	0	77.2	53.30	23.90	Inf	Ile	103.1	high confidence set
10	2	706260	706331	Pro	CGG	0	0	68.5	36.10	32.40	Inf	Pro	108.5	high confidence set
10	3	826264	826336	Lys	CTT	0	0	86.8	66.60	20.20	Inf	Lys	107.7	high confidence set
10	11	19253762	19253833	Pro	AGG	0	0	61.2	32.80	28.40	Inf	Pro	107.0	high confidence set
10	13	22715893	22715966	Thr	AGT	0	0	76.0	48.40	27.60	Inf	Thr	90.6	high confidence set
10	14	23864641	23864711	Gly	CCC	0	0	66.3	29.50	36.80	Inf	Gly	89.7	high confidence set
10	29	89571046	89571119	Asn	GTT	0	0	84.5	59.40	25.10	Inf	Asn	95.9	high confidence set
10	39	110851702	110851773	Gly	TCC	0	0	73.9	46.20	27.70	Inf	Gly	85.6	high confidence set
10	40	118611866	118611937	iMet	CAT	0	0	59.7	30.20	29.50	Inf	iMet	115.9	high confidence set
10	41	118861516	118861588	Phe	GAA	0	0	53.4	40.20	13.20	Inf	Phe	81.0	high confidence set
10	43	120316978	120317058	Leu	AAG	0	0	72.4	50.80	21.60	Inf	Leu	99.9	high confidence set
10	44	120355248	120355328	Leu	AAG	0	0	72.5	50.10	22.40	Inf	Leu	107.4	high confidence set
10	49	133410372	133410444	Ala	TGC	0	0	70.0	45.30	24.70	Inf	Ala	100.6	high confidence set
10	51	134648350	134648421	Pro	CGG	0	0	68.5	36.10	32.40	Inf	Pro	108.5	high confidence set
10	56	145955185	145955256	Asp	GTC	0	0	68.0	45.30	22.70	Inf	Asp	90.5	high confidence set
10	60	149953434	149953363	Gln	TTG	0	0	74.0	54.60	19.40	Inf	Gln	102.2	high confidence set
10	61	149715210	149715137	Val	CAC	0	0	79.3	48.30	31.00	Inf	Val	104.5	high confidence set
10	63	148383621	148383549	Ala	CGC	0	0	68.3	44.10	24.20	Inf	Ala	99.2	high confidence set
10	66	145718985	145718912	Glu	TTC	0	0	64.3	38.20	26.10	Inf	Glu	90.4	high confidence set
10	67	145259224	145259153	Trp	CCA	0	0	75.8	51.20	24.60	Inf	Trp	105.6	high confidence set
10	70	143564994	143564921	Val	AAC	0	0	73.2	49.00	24.20	Inf	Val	95.8	high confidence set
10	71	143390161	143390088	Val	CAC	0	0	79.3	48.30	31.00	Inf	Val	104.5	high confidence set
10	73	138970258	138970187	Thr	CGT	0	0	80.5	54.30	26.20	Inf	Thr	87.3	high confidence set
10	75	137978936	137978864	Lys	CTT	0	0	87.7	67.60	20.10	Inf	Lys	106.7	high confidence set
10	76	135672665	135672593	Lys	CTT	0	0	87.7	67.60	20.10	Inf	Lys	106.7	high confidence set
10	77	135014624	135014550	Glu	TTC	0	0	67.1	41.80	25.30	Inf	Glu	92.6	high confidence set
10	78	134998985	134998898	Met	CAT	134998947	134998934	64.1	40.70	23.40	Inf	Met	104.0	high confidence set
10	79	131304088	131304015	Ile	AAT	0	0	81.8	58.30	23.50	Inf	Ile	106.8	high confidence set
10	84	122850793	122850722	Trp	CCA	0	0	75.8	51.20	24.60	Inf	Trp	105.6	high confidence set
10	85	118293838	118293767	Gln	TTG	0	0	76.2	56.20	20.00	Inf	Gln	105.4	high confidence set
10	87	107624655	107624584	iMet	CAT	0	0	52.4	22.90	29.50	Inf	iMet	108.5	high confidence set
10	94	100533671	100533599	Phe	GAA	0	0	68.7	44.80	23.90	Inf	Tyr	76.6	IPD:-5.10,isotype mismatch
10	96	91497126	91497053	Val	AAC	0	0	72.4	42.70	29.70	Inf	Val	103.5	high confidence set
10	97	83720775	83720704	Asn	GTT	0	0	69.9	56.00	13.90	Inf	Asn	71.1	high confidence set
10	103	60226707	60226634	Val	AAC	0	0	72.5	48.10	24.40	Inf	Val	100.2	high confidence set
10	109	26718036	26717965	Pro	AGG	0	0	67.4	34.70	32.70	Inf	Pro	112.3	high confidence set
10	110	25327282	25327212	Gly	CCC	0	0	66.3	29.50	36.80	Inf	Gly	89.7	high confidence set
10	112	23415777	23415704	Thr	AGT	0	0	66.9	42.60	24.30	Inf	Thr	82.2	high confidence set
10	118	8780639	8780566	Thr	AGT	0	0	66.4	43.90	22.50	Inf	Thr	79.2	high confidence set
10	119	8777223	8777149	Thr	AGT	0	0	64.7	39.20	25.50	Inf	Thr	79.7	high confidence set
10	120	8777073	8777000	Thr	AGT	0	0	74.0	45.80	28.20	Inf	Thr	89.0	high confidence set
10	121	6422955	6422882	Val	CAC	0	0	79.3	48.30	31.00	Inf	Val	104.5	high confidence set
10	122	5013743	5013671	Ala	AGC	0	0	63.4	38.70	24.70	Inf	Ala	96.4	high confidence set
10	123	4679532	4679460	Ala	AGC	0	0	63.4	38.70	24.70	Inf	Ala	96.4	high confidence set
10	125	2006477	2006392	Tyr	GTA	2006440	2006428	74.5	43.00	31.50	Inf	Tyr	111.8	high confidence set
10	126	1689643	1689570	Val	CAC	0	0	79.3	48.30	31.00	Inf	Val	104.5	high confidence set
B73V4_ctg182	1	342577	342658	Ser	GCT	0	0	80.5	45.20	35.30	Inf	Ser	109.5	high confidence set
B73V4_ctg129	1	52646	52716	Gly	GCC	0	0	66.5	44.80	21.70	Inf	Gly	94.4	high confidence set
B73V4_ctg129	2	120345	120415	Gly	GCC	0	0	66.5	44.80	21.70	Inf	Gly	94.4	high confidence set
B73V4_ctg134	1	8622	8692	Gly	GCC	0	0	69.2	41.50	27.70	Inf	Gly	72.3	high confidence set
B73V4_ctg134	2	11997	12068	Thr	GGT	0	0	61.4	29.40	32.00	Inf	Thr	73.1	unexpected anticodon
B73V4_ctg134	4	12732	12815	Tyr	GTA	0	0	56.2	30.90	25.30	Inf	Tyr	72.5	high confidence set
B73V4_ctg134	6	42898	42984	Ser	GGA	0	0	62.4	32.70	29.70	Inf	Ser	81.3	high confidence set
B73V4_ctg134	7	45979	46051	Phe	GAA	0	0	68.7	44.80	23.90	Inf	Tyr	76.6	IPD:-5.10,isotype mismatch
B73V4_ctg134	12	62262	62189	Pro	TGG	0	0	63.6	30.20	33.40	Inf	Trp	70.3	IPD:-10.80,isotype mismatch
B73V4_ctg134	13	62051	61978	Trp	CCA	0	0	72.1	42.60	29.50	Inf	Thr	75.4	IPD:-18.90,isotype mismatch
B73V4_ctg134	14	44262	44190	Thr	TGT	0	0	65.7	46.40	19.30	Inf	Thr	80.1	high confidence set
B73V4_ctg134	15	34414	34343	Arg	TCT	0	0	58.3	25.60	32.70	Inf	Gln	70.8	IPD:-24.50,isotype mismatch
B73V4_ctg134	16	16308	16238	Cys	GCA	0	0	66.7	40.20	26.50	Inf	Cys	75.0	high confidence set
B73V4_ctg134	19	4213	4126	Ser	GCT	0	0	69.2	39.20	30.00	Inf	Ser	84.1	high confidence set
B73V4_ctg147	1	45520	45448	Ala	CGC	0	0	68.3	44.10	24.20	Inf	Ala	99.2	high confidence set
