EukHighConfidenceFilter v1.0 Summary
Completed Time: Mon Sep 19 23:43:34 2022

Inputs
------------------------------------------------------
tRNAscan-SE output file: Jascendens_587_v1.0_trnascan-se.output
tRNAscan-SE ss file: Jascendens_587_v1.0_trnascan-se.struct
Secondary filtering domain-specific model score cutoff: 50
Secondary filtering secondary structure score cutoff: 10
Secondary filtering isotype-specific model score cutoff: 70
Tertiary filtering isotype-specific model starting score cutoff: 70
Tertiary filtering maximum isotype-specific model score cutoff: 95
Remove filtered hits: Yes

Outputs
------------------------------------------------------
tRNAscan-SE output file: hi_conf_Jascendens/Jascendens_587_v1.0.out
tRNAscan-SE ss file: hi_conf_Jascendens/Jascendens_587_v1.0.ss
Summary file: hi_conf_Jascendens/Jascendens_587_v1.0.log

Summary statistics
------------------------------------------------------
Total tRNA predictions:                                985
Possible pseudogenes:                                  252
tRNAs with scores lower than secondary cutoffs:        386
tRNAs failed tertiary filter:                          0

tRNAs after filtering:                                 347

tRNAs with mismatched isotype:                         28
tRNAs with undetermined isotype:                       0
tRNAs with unexpected anticodon:                       7

High confidence set:                                   312

Isotype / Anticodon Counts After Filtering
------------------------------------------------------

Ala     : 21	  AGC: 9       GGC: 0       CGC: 5       TGC: 7     
Gly     : 21	  ACC: 0       GCC: 11      CCC: 4       TCC: 6     
Pro     : 26	  AGG: 10      GGG: 0       CGG: 4       TGG: 12    
Thr     : 17	  AGT: 6       GGT: 1       CGT: 4       TGT: 6     
Val     : 20	  AAC: 9       GAC: 0       CAC: 7       TAC: 4     
Ser     : 26	  AGA: 6       GGA: 5       CGA: 3       TGA: 3       ACT: 0       GCT: 9                               
Arg     : 32	  ACG: 11      GCG: 0       CCG: 6       TCG: 4                                 CCT: 5       TCT: 6     
Leu     : 22	  AAG: 7       GAG: 0       CAG: 5       TAG: 3                                 CAA: 5       TAA: 2     
Phe     : 13	  AAA: 0       GAA: 13                              
Asn     : 19	  ATT: 0       GTT: 19                              
Lys     : 15	                            CTT: 9       TTT: 6     
Asp     : 21	  ATC: 1       GTC: 20                              
Glu     : 17	                            CTC: 12      TTC: 5     
His     : 6	  ATG: 0       GTG: 6                               
Gln     : 9	                            CTG: 6       TTG: 3     
Ile     : 12	  AAT: 9       GAT: 0                    TAT: 3     
Met     : 18	                            CAT: 18                 
Tyr     : 9	  ATA: 0       GTA: 9                               
Supres  : 0	                            CTA: 0       TTA: 0     
Cys     : 10	  ACA: 0       GCA: 10                              
Trp     : 13	                            CCA: 13                 
SelCys  : 0	                                         TCA: 0     

