Sequence       		tRNA     	Bounds   	tRNA	Anti	Intron Bounds	Inf	HMM	2'Str	Hit	Isotype	Isotype	      
Name           	tRNA#	Begin    	End      	Type	Codon	Begin	End	Score	Score	Score	Origin	CM	Score	Note
--------       	------	-----    	------   	----	-----	-----	----	------	-----	-----	------	-------	-------	------
AsparagusV1_01	1	327560	327632	Glu	CTC	0	0	78.9	53.10	25.80	Inf	Glu	99.2	high confidence set
AsparagusV1_01	3	1095593	1095666	Val	AAC	0	0	75.2	45.70	29.50	Inf	Val	103.0	high confidence set
AsparagusV1_01	4	1095731	1095802	Asp	GTC	0	0	69.8	46.80	23.00	Inf	Asp	95.8	high confidence set
AsparagusV1_01	5	1559886	1559973	Tyr	GTA	1559923	1559937	74.4	42.90	31.50	Inf	Tyr	111.8	high confidence set
AsparagusV1_01	6	2013454	2013526	Glu	CTC	0	0	78.9	53.10	25.80	Inf	Glu	99.2	high confidence set
AsparagusV1_01	7	2014953	2015024	Asp	GTC	0	0	69.8	46.80	23.00	Inf	Asp	95.8	high confidence set
AsparagusV1_01	8	4774497	4774569	Phe	GAA	0	0	78.3	58.40	19.90	Inf	Phe	113.2	high confidence set
AsparagusV1_01	10	7832047	7832119	Phe	GAA	0	0	78.3	58.40	19.90	Inf	Phe	113.2	high confidence set
AsparagusV1_01	11	9818109	9818181	Glu	CTC	0	0	78.9	53.10	25.80	Inf	Glu	94.8	high confidence set
AsparagusV1_01	12	12368532	12368603	Trp	CCA	0	0	75.8	51.20	24.60	Inf	Trp	105.6	high confidence set
AsparagusV1_01	13	13039140	13039225	Tyr	GTA	13039177	13039189	74.5	42.90	31.60	Inf	Tyr	111.8	high confidence set
AsparagusV1_01	15	16566264	16566335	iMet	CAT	0	0	58.3	28.10	30.20	Inf	iMet	118.7	high confidence set
AsparagusV1_01	18	47682954	47683024	Gly	GCC	0	0	66.5	44.80	21.70	Inf	Gly	94.4	high confidence set
AsparagusV1_01	19	48838141	48838213	Glu	CTC	0	0	60.1	48.90	11.20	Inf	Glu	77.6	high confidence set
AsparagusV1_01	20	48838317	48838389	Glu	CTC	0	0	78.9	53.10	25.80	Inf	Glu	99.2	high confidence set
AsparagusV1_01	27	88889937	88890007	Gly	GCC	0	0	59.3	37.50	21.80	Inf	Gly	86.8	high confidence set
AsparagusV1_01	28	89834982	89835062	Leu	CAG	0	0	69.5	46.80	22.70	Inf	Leu	109.7	high confidence set
AsparagusV1_01	29	106275502	106275573	Cys	GCA	0	0	81.7	56.10	25.60	Inf	Cys	104.3	high confidence set
AsparagusV1_01	30	111583704	111583775	Gly	TCC	0	0	73.9	46.20	27.70	Inf	Gly	85.6	high confidence set
AsparagusV1_01	31	111585884	111585955	Gly	TCC	0	0	73.9	46.20	27.70	Inf	Gly	85.6	high confidence set
AsparagusV1_01	32	114561871	114561944	Val	AAC	0	0	72.2	47.80	24.40	Inf	Val	98.2	high confidence set
AsparagusV1_01	33	118890226	118890306	Ser	CGA	0	0	78.0	45.90	32.10	Inf	Ser	114.3	high confidence set
AsparagusV1_01	34	121188796	121188868	Arg	ACG	0	0	72.5	49.90	22.60	Inf	Arg	93.8	high confidence set
AsparagusV1_01	35	123605721	123605792	Asp	GTC	0	0	69.8	46.80	23.00	Inf	Asp	95.8	high confidence set
AsparagusV1_01	36	125356455	125356528	Arg	TCG	0	0	81.9	60.40	21.50	Inf	Arg	92.9	high confidence set
AsparagusV1_01	39	127691033	127691104	Gln	TTG	0	0	73.5	53.70	19.80	Inf	Gln	104.8	high confidence set
AsparagusV1_01	41	129173185	129173257	Arg	TCT	0	0	68.5	50.60	17.90	Inf	Arg	98.8	high confidence set
AsparagusV1_01	43	130377826	130377746	Leu	AAG	0	0	74.0	52.20	21.80	Inf	Leu	110.4	high confidence set
AsparagusV1_01	44	129212370	129212298	Glu	CTC	0	0	78.9	53.10	25.80	Inf	Glu	99.2	high confidence set
AsparagusV1_01	45	127699572	127699501	Pro	TGG	0	0	68.5	35.70	32.80	Inf	Pro	111.2	high confidence set
AsparagusV1_01	46	123627287	123627215	Ala	TGC	0	0	69.1	43.30	25.80	Inf	Ala	101.9	high confidence set
AsparagusV1_01	47	122914979	122914908	Lys	TTT	0	0	83.8	71.00	12.80	Inf	Lys	83.9	high confidence set
AsparagusV1_01	48	121647170	121647099	Gln	CTG	0	0	71.8	47.10	24.70	Inf	Gln	103.5	high confidence set
AsparagusV1_01	49	119518127	119518055	Glu	CTC	0	0	78.9	53.10	25.80	Inf	Glu	99.2	high confidence set
AsparagusV1_01	50	111693676	111693597	Leu	TAG	0	0	69.5	48.50	21.00	Inf	Leu	111.5	high confidence set
AsparagusV1_01	51	100123822	100123751	Pro	AGG	0	0	67.4	34.70	32.70	Inf	Pro	112.3	high confidence set
AsparagusV1_01	55	80166083	80166011	Val	TAC	0	0	78.5	44.50	34.00	Inf	Val	104.8	high confidence set
AsparagusV1_01	60	54519854	54519783	Arg	TCT	0	0	58.3	25.60	32.70	Inf	Gln	70.8	IPD:-24.50,isotype mismatch
AsparagusV1_01	63	27045428	27045347	Ser	GCT	0	0	79.8	44.50	35.30	Inf	Ser	109.1	high confidence set
AsparagusV1_01	64	26777471	26777399	Ala	AGC	0	0	63.4	38.20	25.20	Inf	Ala	98.3	high confidence set
AsparagusV1_01	65	21418137	21418065	Ala	CGC	0	0	68.3	44.10	24.20	Inf	Ala	99.2	high confidence set
AsparagusV1_01	66	19456907	19456835	Ala	AGC	0	0	63.4	38.20	25.20	Inf	Ala	98.3	high confidence set
AsparagusV1_01	67	16740323	16740250	Val	CAC	0	0	79.1	48.00	31.10	Inf	Val	101.8	high confidence set
AsparagusV1_01	68	14409395	14409324	Thr	CGT	0	0	80.5	54.30	26.20	Inf	Thr	87.3	high confidence set
AsparagusV1_01	69	13732416	13732331	Met	CAT	13732378	13732367	64.2	40.70	23.50	Inf	Met	104.0	high confidence set
AsparagusV1_01	70	13395467	13395387	Leu	AAG	0	0	74.0	52.20	21.80	Inf	Leu	110.4	high confidence set
AsparagusV1_01	71	10784375	10784302	Asn	GTT	0	0	83.9	58.50	25.40	Inf	Asn	97.4	high confidence set
AsparagusV1_01	72	10696615	10696542	Ile	TAT	0	0	85.9	70.60	15.30	Inf	Ile	103.9	high confidence set
AsparagusV1_01	73	8525308	8525227	Ser	CGA	0	0	78.2	45.90	32.30	Inf	Ser	121.6	high confidence set
AsparagusV1_01	74	8191406	8191334	Glu	CTC	0	0	78.9	53.10	25.80	Inf	Glu	99.2	high confidence set
AsparagusV1_01	75	4483851	4483778	Glu	TTC	0	0	65.8	40.30	25.50	Inf	Glu	94.6	high confidence set
AsparagusV1_01	76	2880106	2880035	Gln	CTG	0	0	64.2	44.20	20.00	Inf	Gln	89.3	high confidence set
AsparagusV1_01	77	1962585	1962513	Val	TAC	0	0	61.5	38.90	22.60	Inf	Val	84.0	high confidence set
AsparagusV1_01	78	1481221	1481150	Gly	TCC	0	0	73.9	46.20	27.70	Inf	Gly	85.6	high confidence set
AsparagusV1_01	79	1404639	1404567	Lys	CTT	0	0	87.7	67.60	20.10	Inf	Lys	106.7	high confidence set
AsparagusV1_01	80	1373864	1373783	Ser	AGA	0	0	80.3	44.00	36.30	Inf	Ser	115.3	high confidence set
AsparagusV1_01	81	1246019	1245947	Arg	TCT	0	0	68.5	50.60	17.90	Inf	Arg	98.8	high confidence set
AsparagusV1_01	82	1117415	1117344	Lys	TTT	0	0	83.8	71.00	12.80	Inf	Lys	87.9	high confidence set
AsparagusV1_01	83	1030388	1030302	Tyr	GTA	1030351	1030338	74.4	42.90	31.50	Inf	Tyr	111.8	high confidence set
AsparagusV1_01	84	863239	863169	Gly	CCC	0	0	55.5	24.80	30.70	Inf	Gly	76.9	high confidence set
AsparagusV1_02	1	805791	805862	iMet	CAT	0	0	58.3	28.10	30.20	Inf	iMet	118.7	high confidence set
AsparagusV1_02	4	3074659	3074732	Arg	TCG	0	0	81.9	60.40	21.50	Inf	Arg	92.9	high confidence set
AsparagusV1_02	5	7124652	7124723	Trp	CCA	0	0	75.8	51.20	24.60	Inf	Trp	105.6	high confidence set
AsparagusV1_02	6	7781391	7781472	Ser	GCT	0	0	80.5	45.20	35.30	Inf	Ser	109.5	high confidence set
AsparagusV1_02	7	11535984	11536065	Ser	CGA	0	0	78.9	46.60	32.30	Inf	Ser	122.0	high confidence set
AsparagusV1_02	8	12828483	12828555	Arg	TCT	0	0	68.5	50.60	17.90	Inf	Arg	98.8	high confidence set
AsparagusV1_02	10	15033179	15033250	Gln	TTG	0	0	75.8	55.40	20.40	Inf	Gln	105.2	high confidence set
AsparagusV1_02	13	19135146	19135229	Leu	TAA	0	0	61.1	26.10	35.00	Inf	Leu	78.0	high confidence set
AsparagusV1_02	14	23327899	23327969	Gly	CCC	0	0	65.4	28.10	37.30	Inf	Gly	85.4	high confidence set
AsparagusV1_02	15	39897728	39897800	Ala	TGC	0	0	69.1	43.30	25.80	Inf	Ala	101.9	high confidence set
AsparagusV1_02	16	54403415	54403487	Val	TAC	0	0	76.0	41.60	34.40	Inf	Val	100.7	high confidence set
AsparagusV1_02	17	58140374	58140446	Lys	TTT	0	0	88.3	63.60	24.70	Inf	Lys	92.6	high confidence set
AsparagusV1_02	18	68089405	68089477	Ala	TGC	0	0	69.1	43.30	25.80	Inf	Ala	101.9	high confidence set
AsparagusV1_02	19	76742181	76742253	Ala	TGC	0	0	69.1	43.30	25.80	Inf	Ala	101.9	high confidence set
AsparagusV1_02	20	76767371	76767442	Gln	CTG	0	0	71.2	46.50	24.70	Inf	Gln	101.3	high confidence set
AsparagusV1_02	22	78499768	78499840	Ala	CGC	0	0	68.3	44.10	24.20	Inf	Ala	99.2	high confidence set
AsparagusV1_02	23	80805608	80805681	Val	AAC	0	0	72.2	47.80	24.40	Inf	Val	98.2	high confidence set
AsparagusV1_02	24	83523581	83523651	Gly	GCC	0	0	66.5	44.80	21.70	Inf	Gly	94.4	high confidence set
AsparagusV1_02	25	83523738	83523818	Leu	AAG	0	0	74.0	52.20	21.80	Inf	Leu	110.4	high confidence set
AsparagusV1_02	26	82635479	82635407	Ala	AGC	0	0	63.4	38.20	25.20	Inf	Ala	98.3	high confidence set
AsparagusV1_02	27	82632254	82632183	Pro	CGG	0	0	68.5	36.10	32.40	Inf	Pro	108.5	high confidence set
AsparagusV1_02	28	82426073	82426000	Thr	AGT	0	0	75.0	46.80	28.20	Inf	Thr	89.8	high confidence set
AsparagusV1_02	29	81024535	81024462	Asn	GTT	0	0	83.9	58.50	25.40	Inf	Asn	97.4	high confidence set
AsparagusV1_02	30	80169944	80169873	Pro	TGG	0	0	68.5	35.70	32.80	Inf	Pro	111.2	high confidence set
AsparagusV1_02	31	78499177	78499104	Asn	GTT	0	0	79.9	59.30	20.60	Inf	Asn	86.4	high confidence set
AsparagusV1_02	32	76908171	76908099	Ala	TGC	0	0	69.1	43.30	25.80	Inf	Ala	101.9	high confidence set
AsparagusV1_02	34	23990202	23990120	Leu	TAA	0	0	68.4	29.10	39.30	Inf	Leu	90.1	high confidence set
AsparagusV1_02	35	11491401	11491330	Pro	TGG	0	0	68.5	35.70	32.80	Inf	Pro	111.2	high confidence set
AsparagusV1_02	36	11387264	11387191	Thr	AGT	0	0	73.6	45.20	28.40	Inf	Thr	88.6	high confidence set
AsparagusV1_02	37	10118149	10118076	Ile	TAT	0	0	81.1	62.80	18.30	Inf	Ile	98.7	high confidence set
AsparagusV1_02	38	9296523	9296442	Ser	AGA	0	0	79.4	43.10	36.30	Inf	Ser	115.0	high confidence set
AsparagusV1_02	39	7857828	7857756	Arg	ACG	0	0	72.5	49.90	22.60	Inf	Arg	93.8	high confidence set
AsparagusV1_02	41	4458938	4458857	Ser	TGA	0	0	80.7	46.00	34.70	Inf	Ser	111.5	high confidence set
AsparagusV1_02	42	4402355	4402282	Glu	TTC	0	0	64.1	37.70	26.40	Inf	Glu	91.0	high confidence set
AsparagusV1_02	43	2486555	2486484	His	GTG	0	0	63.2	34.00	29.20	Inf	His	86.1	high confidence set
AsparagusV1_02	44	2486185	2486113	Arg	CCG	0	0	74.4	52.40	22.00	Inf	Arg	82.6	high confidence set
AsparagusV1_02	45	1527040	1526960	Leu	CAG	0	0	69.5	46.80	22.70	Inf	Leu	109.7	high confidence set
AsparagusV1_02	46	458176	458105	Asp	GTC	0	0	69.8	46.80	23.00	Inf	Asp	95.8	high confidence set
AsparagusV1_03	4	2910163	2910234	Trp	CCA	0	0	75.8	51.20	24.60	Inf	Trp	105.6	high confidence set
AsparagusV1_03	5	3398882	3398967	Tyr	GTA	3398919	3398931	74.5	42.90	31.60	Inf	Tyr	111.8	high confidence set
AsparagusV1_03	6	4100888	4100958	Gly	GCC	0	0	54.8	37.40	17.40	Inf	Gly	85.1	high confidence set
AsparagusV1_03	7	4162373	4162443	Gly	GCC	0	0	66.5	44.80	21.70	Inf	Gly	94.4	high confidence set
AsparagusV1_03	8	4263441	4263513	Lys	CTT	0	0	87.7	67.60	20.10	Inf	Lys	106.7	high confidence set
AsparagusV1_03	9	9439177	9439248	Cys	GCA	0	0	72.4	51.30	21.10	Inf	Cys	94.2	high confidence set
AsparagusV1_03	11	11233332	11233404	Ala	AGC	0	0	63.4	38.20	25.20	Inf	Ala	98.3	high confidence set
AsparagusV1_03	12	12166831	12166918	Met	CAT	12166869	12166882	64.1	40.70	23.40	Inf	Met	104.0	high confidence set
AsparagusV1_03	13	13019329	13019399	Gly	GCC	0	0	66.5	44.80	21.70	Inf	Gly	94.4	high confidence set
AsparagusV1_03	14	13164862	13164943	Ser	AGA	0	0	80.3	44.00	36.30	Inf	Ser	115.3	high confidence set
AsparagusV1_03	15	13315289	13315375	Tyr	GTA	13315326	13315339	74.4	42.90	31.50	Inf	Tyr	111.8	high confidence set
AsparagusV1_03	16	13794594	13794666	Arg	CCG	0	0	65.5	47.30	18.20	Inf	Arg	91.7	high confidence set
AsparagusV1_03	17	14224467	14224539	Phe	GAA	0	0	78.3	58.40	19.90	Inf	Phe	113.2	high confidence set
AsparagusV1_03	18	15269563	15269634	Gln	CTG	0	0	72.9	48.70	24.20	Inf	Gln	103.4	high confidence set
AsparagusV1_03	21	20945002	20945085	Leu	CAA	0	0	81.0	54.60	26.40	Inf	Leu	125.6	high confidence set
AsparagusV1_03	22	24327184	24327255	Trp	CCA	0	0	75.8	51.20	24.60	Inf	Trp	105.6	high confidence set
AsparagusV1_03	23	27743007	27743079	Ala	TGC	0	0	69.1	43.30	25.80	Inf	Ala	101.9	high confidence set
AsparagusV1_03	25	30210349	30210421	Ala	CGC	0	0	67.5	42.90	24.60	Inf	Ala	99.2	high confidence set
AsparagusV1_03	27	31035987	31036058	His	GTG	0	0	60.9	31.90	29.00	Inf	His	81.3	high confidence set
AsparagusV1_03	29	38993389	38993469	Leu	CAG	0	0	69.5	46.80	22.70	Inf	Leu	109.7	high confidence set
AsparagusV1_03	30	39249079	39249152	Glu	TTC	0	0	64.4	41.50	22.90	Inf	Glu	89.9	high confidence set
AsparagusV1_03	31	39871543	39871614	Trp	CCA	0	0	75.8	51.20	24.60	Inf	Trp	105.6	high confidence set
AsparagusV1_03	33	40441865	40441932	Trp	CCA	0	0	58.4	35.90	22.50	Inf	Trp	74.9	high confidence set
AsparagusV1_03	34	40442180	40442251	Trp	CCA	0	0	75.8	51.20	24.60	Inf	Trp	105.6	high confidence set
AsparagusV1_03	36	62947471	62947556	Tyr	GTA	62947508	62947520	74.5	42.90	31.60	Inf	Tyr	111.8	high confidence set
AsparagusV1_03	37	67960879	67960950	Asp	GTC	0	0	69.8	46.80	23.00	Inf	Asp	95.8	high confidence set
AsparagusV1_03	38	74173600	74173671	His	GTG	0	0	57.5	34.70	22.80	Inf	His	78.5	high confidence set
AsparagusV1_03	40	105615504	105615584	Leu	CAG	0	0	69.5	46.80	22.70	Inf	Leu	109.7	high confidence set
AsparagusV1_03	41	106663052	106663124	Phe	GAA	0	0	78.3	58.40	19.90	Inf	Phe	113.2	high confidence set
AsparagusV1_03	42	106904544	106904615	iMet	CAT	0	0	56.4	24.80	31.60	Inf	iMet	116.1	high confidence set
AsparagusV1_03	43	107036268	107036196	Arg	CCT	0	0	69.1	50.30	18.80	Inf	Arg	81.2	high confidence set
AsparagusV1_03	44	105304047	105303976	Gln	CTG	0	0	71.8	47.10	24.70	Inf	Gln	103.5	high confidence set
AsparagusV1_03	45	104918558	104918485	Arg	TCG	0	0	82.3	61.00	21.30	Inf	Arg	91.9	high confidence set
AsparagusV1_03	46	104801554	104801484	Gly	GCC	0	0	66.5	44.80	21.70	Inf	Gly	94.4	high confidence set
AsparagusV1_03	50	68256696	68256623	Thr	AGT	0	0	75.0	46.80	28.20	Inf	Thr	89.8	high confidence set
AsparagusV1_03	51	62380825	62380754	Arg	TCT	0	0	58.3	25.60	32.70	Inf	Gln	70.8	IPD:-24.50,isotype mismatch
AsparagusV1_03	53	52586968	52586896	Lys	CTT	0	0	87.7	67.60	20.10	Inf	Lys	106.7	high confidence set
AsparagusV1_03	55	49718050	49717979	His	GTG	0	0	63.3	34.30	29.00	Inf	His	87.6	high confidence set
AsparagusV1_03	57	42430489	42430417	Arg	ACG	0	0	72.0	49.70	22.30	Inf	Arg	93.9	high confidence set
AsparagusV1_03	58	40597819	40597746	Val	CAC	0	0	79.1	48.00	31.10	Inf	Val	98.4	high confidence set
AsparagusV1_03	59	35657926	35657855	Asp	GTC	0	0	69.8	46.80	23.00	Inf	Asp	95.8	high confidence set
AsparagusV1_03	60	27522624	27522551	Glu	TTC	0	0	62.5	38.00	24.50	Inf	Glu	87.0	high confidence set
AsparagusV1_03	62	20566713	20566642	Gly	TCC	0	0	73.9	46.20	27.70	Inf	Gly	85.6	high confidence set
AsparagusV1_03	63	19775944	19775873	Asp	GTC	0	0	69.8	46.80	23.00	Inf	Asp	95.8	high confidence set
AsparagusV1_03	64	19596928	19596847	Ser	TGA	0	0	51.1	25.20	25.90	Inf	Ser	83.8	high confidence set
AsparagusV1_03	65	15782865	15782792	Thr	AGT	0	0	75.0	46.80	28.20	Inf	Thr	89.8	high confidence set
AsparagusV1_03	66	15710499	15710428	Gln	CTG	0	0	72.9	48.70	24.20	Inf	Gln	103.4	high confidence set
AsparagusV1_03	67	15494702	15494631	iMet	CAT	0	0	58.3	28.10	30.20	Inf	iMet	118.7	high confidence set
AsparagusV1_03	68	13916809	13916738	Asp	GTC	0	0	67.9	47.30	20.60	Inf	Asp	94.4	high confidence set
AsparagusV1_03	69	12997272	12997202	Gly	GCC	0	0	66.5	44.80	21.70	Inf	Gly	94.4	high confidence set
AsparagusV1_03	70	9610875	9610803	Arg	CCT	0	0	72.2	51.10	21.10	Inf	Arg	81.7	high confidence set
AsparagusV1_03	71	4346106	4346034	Arg	ACG	0	0	72.0	49.70	22.30	Inf	Arg	93.9	high confidence set
AsparagusV1_03	72	4091999	4091929	Gly	GCC	0	0	66.5	44.80	21.70	Inf	Gly	94.4	high confidence set
AsparagusV1_03	73	1885313	1885240	Glu	TTC	0	0	65.8	40.30	25.50	Inf	Glu	94.6	high confidence set
AsparagusV1_04	3	3811254	3811324	Gly	GCC	0	0	66.5	44.80	21.70	Inf	Gly	94.4	high confidence set
AsparagusV1_04	4	3854747	3854817	Gly	GCC	0	0	50.1	34.90	15.20	Inf	Gly	78.2	high confidence set
AsparagusV1_04	5	4791669	4791739	Gly	GCC	0	0	66.5	44.80	21.70	Inf	Gly	94.4	high confidence set
AsparagusV1_04	6	5514245	5514318	Asn	GTT	0	0	83.9	56.80	27.10	Inf	Asn	92.8	high confidence set
AsparagusV1_04	7	5517254	5517327	Asn	GTT	0	0	83.9	58.50	25.40	Inf	Asn	97.4	high confidence set
AsparagusV1_04	8	5529552	5529625	Asn	GTT	0	0	83.9	58.50	25.40	Inf	Asn	97.4	high confidence set
AsparagusV1_04	9	6131624	6131694	Gly	GCC	0	0	62.2	41.20	21.00	Inf	Gly	88.8	high confidence set
AsparagusV1_04	10	6410025	6410098	Val	CAC	0	0	79.1	48.00	31.10	Inf	Val	98.4	high confidence set
AsparagusV1_04	11	8626503	8626574	Gln	TTG	0	0	75.8	55.40	20.40	Inf	Gln	105.2	high confidence set
AsparagusV1_04	12	9299830	9299903	Asn	GTT	0	0	83.9	58.50	25.40	Inf	Asn	97.4	high confidence set
AsparagusV1_04	15	17731145	17731216	Cys	GCA	0	0	81.7	56.10	25.60	Inf	Cys	104.3	high confidence set
AsparagusV1_04	17	19362292	19362362	Gly	CCC	0	0	65.4	28.10	37.30	Inf	Gly	85.4	high confidence set
AsparagusV1_04	18	21568297	21568369	Phe	GAA	0	0	78.3	58.40	19.90	Inf	Phe	113.2	high confidence set
AsparagusV1_04	19	23786557	23786629	Lys	TTT	0	0	88.3	63.60	24.70	Inf	Lys	92.6	high confidence set
AsparagusV1_04	20	34417334	34417405	iMet	CAT	0	0	58.3	28.10	30.20	Inf	iMet	118.7	high confidence set
AsparagusV1_04	21	36681682	36681755	Val	CAC	0	0	79.1	48.00	31.10	Inf	Val	98.4	high confidence set
AsparagusV1_04	22	37240205	37240277	Thr	TGT	0	0	77.7	50.80	26.90	Inf	Thr	88.9	high confidence set
AsparagusV1_04	23	38081443	38081515	Arg	ACG	0	0	66.5	40.80	25.70	Inf	Arg	87.7	high confidence set
AsparagusV1_04	24	41345899	41345972	Val	CAC	0	0	74.3	47.90	26.40	Inf	Val	97.1	high confidence set
AsparagusV1_04	25	41377879	41377951	Lys	CTT	0	0	87.7	67.60	20.10	Inf	Lys	106.7	high confidence set
AsparagusV1_04	26	47540990	47541071	Ser	AGA	0	0	79.4	43.10	36.30	Inf	Ser	115.0	high confidence set
AsparagusV1_04	29	59205192	59205262	Gly	GCC	0	0	66.5	44.80	21.70	Inf	Gly	94.4	high confidence set
AsparagusV1_04	31	65766284	65766355	Thr	TGT	0	0	84.3	58.00	26.30	Inf	Thr	93.3	high confidence set
AsparagusV1_04	32	69181917	69181990	Thr	AGT	0	0	74.0	45.80	28.20	Inf	Thr	89.0	high confidence set
AsparagusV1_04	35	103216406	103216487	Ser	AGA	0	0	80.3	44.00	36.30	Inf	Ser	115.3	high confidence set
AsparagusV1_04	37	113479471	113479544	Ile	TAT	0	0	81.1	62.80	18.30	Inf	Ile	98.7	high confidence set
AsparagusV1_04	40	138924498	138924570	Phe	GAA	0	0	78.3	58.40	19.90	Inf	Phe	113.2	high confidence set
AsparagusV1_04	41	144141782	144141710	Ala	AGC	0	0	63.4	38.20	25.20	Inf	Ala	98.3	high confidence set
AsparagusV1_04	42	143229565	143229493	Lys	TTT	0	0	88.3	63.60	24.70	Inf	Lys	92.6	high confidence set
AsparagusV1_04	43	140857836	140857763	Val	AAC	0	0	72.9	48.60	24.30	Inf	Val	93.8	high confidence set
AsparagusV1_04	44	138931639	138931568	Thr	TGT	0	0	84.3	58.00	26.30	Inf	Thr	93.3	high confidence set
AsparagusV1_04	45	129737017	129736945	Arg	TCT	0	0	66.9	47.70	19.20	Inf	Arg	92.1	high confidence set
AsparagusV1_04	47	118227366	118227287	Leu	TAG	0	0	61.4	50.00	11.40	Inf	Leu	100.1	high confidence set
AsparagusV1_04	49	68779744	68779673	Pro	TGG	0	0	68.5	35.70	32.80	Inf	Pro	111.2	high confidence set
AsparagusV1_04	50	66613133	66613061	Arg	CCT	0	0	69.1	50.30	18.80	Inf	Arg	81.2	high confidence set
AsparagusV1_04	51	65922539	65922456	Leu	CAA	0	0	76.7	54.50	22.20	Inf	Leu	123.1	high confidence set
AsparagusV1_04	52	63062401	63062329	Lys	CTT	0	0	87.7	67.60	20.10	Inf	Lys	106.7	high confidence set
AsparagusV1_04	53	51352080	51351994	Met	CAT	51352042	51352030	64.2	40.70	23.50	Inf	Met	104.0	high confidence set
AsparagusV1_04	54	46807599	46807519	Leu	AAG	0	0	74.0	52.20	21.80	Inf	Leu	110.4	high confidence set
AsparagusV1_04	55	38388716	38388644	Ala	AGC	0	0	63.4	38.20	25.20	Inf	Ala	98.3	high confidence set
AsparagusV1_04	56	38251742	38251670	Lys	TTT	0	0	88.3	63.60	24.70	Inf	Lys	92.6	high confidence set
AsparagusV1_04	57	37092438	37092365	Val	CAC	0	0	79.1	48.00	31.10	Inf	Val	101.8	high confidence set
AsparagusV1_04	58	33192650	33192570	Leu	AAG	0	0	74.0	52.20	21.80	Inf	Leu	110.4	high confidence set
AsparagusV1_04	59	22837567	22837486	Ser	GCT	0	0	80.5	45.20	35.30	Inf	Ser	109.5	high confidence set
AsparagusV1_04	60	19142789	19142718	Asp	GTC	0	0	69.8	46.80	23.00	Inf	Asp	95.8	high confidence set
AsparagusV1_04	61	18867482	18867411	Pro	AGG	0	0	67.4	34.70	32.70	Inf	Pro	112.3	high confidence set
AsparagusV1_04	62	17876561	17876482	Leu	TAG	0	0	69.5	48.50	21.00	Inf	Leu	111.5	high confidence set
AsparagusV1_04	63	17521333	17521262	Pro	CGG	0	0	69.2	36.90	32.30	Inf	Pro	112.8	high confidence set
AsparagusV1_04	64	15260852	15260780	Ala	AGC	0	0	63.4	38.20	25.20	Inf	Ala	98.3	high confidence set
AsparagusV1_04	66	13791164	13791082	Leu	TAA	0	0	68.4	29.10	39.30	Inf	Leu	90.1	high confidence set
AsparagusV1_04	68	8455624	8455551	Asn	GTT	0	0	79.5	54.00	25.50	Inf	Asn	94.5	high confidence set
AsparagusV1_04	69	7022848	7022776	Phe	GAA	0	0	71.4	44.50	26.90	Inf	Thr	74.5	IPD:-2.90,isotype mismatch
AsparagusV1_04	70	6955656	6955586	Gly	GCC	0	0	66.5	44.80	21.70	Inf	Gly	94.4	high confidence set
AsparagusV1_04	71	6184749	6184669	Leu	AAG	0	0	74.0	52.20	21.80	Inf	Leu	110.4	high confidence set
AsparagusV1_04	72	6129690	6129620	Gly	GCC	0	0	66.5	44.80	21.70	Inf	Gly	94.4	high confidence set
AsparagusV1_04	73	4968247	4968175	Phe	GAA	0	0	78.3	58.40	19.90	Inf	Phe	113.2	high confidence set
AsparagusV1_04	74	3803862	3803792	Gly	GCC	0	0	66.5	44.80	21.70	Inf	Gly	94.4	high confidence set
AsparagusV1_04	76	1881159	1881087	Arg	CCG	0	0	65.5	47.30	18.20	Inf	Arg	91.7	high confidence set
AsparagusV1_04	77	1824051	1823981	Gly	GCC	0	0	66.5	44.80	21.70	Inf	Gly	94.4	high confidence set
AsparagusV1_05	1	3773886	3773957	Gly	TCC	0	0	73.9	46.20	27.70	Inf	Gly	85.6	high confidence set
AsparagusV1_05	2	5835035	5835106	Asp	GTC	0	0	69.8	46.80	23.00	Inf	Asp	95.8	high confidence set
AsparagusV1_05	3	8364915	8364988	Arg	TCG	0	0	81.9	60.40	21.50	Inf	Arg	92.9	high confidence set
AsparagusV1_05	4	13332101	13332180	Leu	TAG	0	0	69.2	49.00	20.20	Inf	Leu	109.5	high confidence set
AsparagusV1_05	5	14565576	14565649	Ile	AAT	0	0	81.8	58.30	23.50	Inf	Ile	106.8	high confidence set
AsparagusV1_05	6	20231336	20231408	Glu	CTC	0	0	79.6	53.70	25.90	Inf	Glu	98.4	high confidence set
AsparagusV1_05	8	23968672	23968743	Asp	GTC	0	0	58.9	43.50	15.40	Inf	Asp	80.0	high confidence set
AsparagusV1_05	13	79320666	79320737	Asp	GTC	0	0	69.8	46.80	23.00	Inf	Asp	95.8	high confidence set
AsparagusV1_05	15	83329323	83329404	Ser	CGA	0	0	78.9	46.60	32.30	Inf	Ser	122.0	high confidence set
AsparagusV1_05	17	94481995	94482066	Asp	GTC	0	0	69.8	46.80	23.00	Inf	Asp	95.8	high confidence set
AsparagusV1_05	19	95694171	95694252	Ser	TGA	0	0	80.0	45.30	34.70	Inf	Ser	119.3	high confidence set
AsparagusV1_05	21	103138505	103138575	Gly	CCC	0	0	65.4	28.10	37.30	Inf	Gly	85.4	high confidence set
AsparagusV1_05	22	104166168	104166240	Arg	TCT	0	0	68.5	50.60	17.90	Inf	Arg	98.8	high confidence set
AsparagusV1_05	23	120837792	120837863	Gln	CTG	0	0	72.9	48.70	24.20	Inf	Gln	103.4	high confidence set
AsparagusV1_05	24	124078699	124078769	Gly	GCC	0	0	66.5	44.80	21.70	Inf	Gly	94.4	high confidence set
AsparagusV1_05	25	125388091	125388163	Glu	CTC	0	0	78.9	53.10	25.80	Inf	Glu	99.2	high confidence set
AsparagusV1_05	26	125404013	125404084	Asp	GTC	0	0	69.8	46.80	23.00	Inf	Asp	95.8	high confidence set
AsparagusV1_05	27	126429036	126429122	Tyr	GTA	126429073	126429086	74.4	42.90	31.50	Inf	Tyr	111.8	high confidence set
AsparagusV1_05	28	126597309	126597380	Gly	TCC	0	0	73.9	46.20	27.70	Inf	Gly	85.6	high confidence set
AsparagusV1_05	29	126958226	126958297	Pro	TGG	0	0	59.5	34.70	24.80	Inf	Pro	85.4	high confidence set
AsparagusV1_05	30	127362765	127362846	Ser	AGA	0	0	79.6	43.50	36.10	Inf	Ser	114.9	high confidence set
AsparagusV1_05	31	127461330	127461416	Tyr	GTA	127461367	127461380	74.4	42.90	31.50	Inf	Tyr	111.8	high confidence set
AsparagusV1_05	32	128792495	128792567	Glu	CTC	0	0	78.9	53.10	25.80	Inf	Glu	99.2	high confidence set
AsparagusV1_05	33	129461871	129461943	Arg	TCT	0	0	68.5	50.60	17.90	Inf	Arg	95.9	high confidence set
AsparagusV1_05	34	129640794	129640867	Asn	GTT	0	0	83.9	58.50	25.40	Inf	Asn	97.4	high confidence set
AsparagusV1_05	35	130535989	130535908	Ser	GCT	0	0	80.5	45.20	35.30	Inf	Ser	109.5	high confidence set
AsparagusV1_05	36	119997261	119997189	Phe	GAA	0	0	78.3	58.40	19.90	Inf	Phe	113.2	high confidence set
AsparagusV1_05	37	117722720	117722647	Asn	GTT	0	0	81.4	54.30	27.10	Inf	Asn	93.2	high confidence set
AsparagusV1_05	38	117719633	117719560	Asn	GTT	0	0	83.9	58.50	25.40	Inf	Asn	97.4	high confidence set
AsparagusV1_05	39	116103366	116103286	Leu	AAG	0	0	74.0	52.20	21.80	Inf	Leu	110.4	high confidence set
AsparagusV1_05	40	108050250	108050178	Lys	CTT	0	0	87.7	67.60	20.10	Inf	Lys	106.7	high confidence set
AsparagusV1_05	41	108045123	108045051	Lys	CTT	0	0	87.7	67.60	20.10	Inf	Lys	106.7	high confidence set
AsparagusV1_05	43	106185547	106185475	Glu	CTC	0	0	78.9	53.10	25.80	Inf	Glu	99.2	high confidence set
AsparagusV1_05	44	97859075	97859002	Asn	GTT	0	0	83.9	58.50	25.40	Inf	Asn	97.4	high confidence set
AsparagusV1_05	45	92406602	92406529	Val	AAC	0	0	75.2	45.70	29.50	Inf	Val	103.0	high confidence set
AsparagusV1_05	46	86513387	86513316	Gln	CTG	0	0	72.2	48.10	24.10	Inf	Gln	101.2	high confidence set
AsparagusV1_05	48	78718801	78718730	Asn	GTT	0	0	72.2	53.90	18.30	Inf	Asn	74.0	high confidence set
AsparagusV1_05	49	75687492	75687420	Phe	GAA	0	0	78.3	58.40	19.90	Inf	Phe	113.2	high confidence set
AsparagusV1_05	50	72161078	72161007	Cys	GCA	0	0	81.7	56.10	25.60	Inf	Cys	104.3	high confidence set
AsparagusV1_05	53	38038892	38038812	Ser	AGA	0	0	79.6	43.00	36.60	Inf	Ser	107.6	high confidence set
AsparagusV1_05	55	12312239	12312168	His	GTG	0	0	63.0	33.70	29.30	Inf	His	91.2	high confidence set
AsparagusV1_05	56	12027419	12027348	Cys	GCA	0	0	81.7	56.10	25.60	Inf	Cys	104.3	high confidence set
AsparagusV1_05	57	11507926	11507856	Gly	GCC	0	0	65.1	44.50	20.60	Inf	Gly	91.6	high confidence set
AsparagusV1_05	58	10752096	10752015	Ser	TGA	0	0	78.3	44.40	33.90	Inf	Ser	115.8	high confidence set
AsparagusV1_05	60	7978246	7978174	Glu	CTC	0	0	78.9	53.10	25.80	Inf	Glu	99.2	high confidence set
AsparagusV1_05	61	7183641	7183570	His	GTG	0	0	63.2	34.00	29.20	Inf	His	86.3	high confidence set
AsparagusV1_05	62	6105736	6105656	Leu	CAG	0	0	62.8	40.10	22.70	Inf	Leu	100.7	high confidence set
AsparagusV1_05	64	3526389	3526318	Gly	TCC	0	0	73.9	46.20	27.70	Inf	Gly	85.6	high confidence set
AsparagusV1_05	65	2690658	2690586	Ala	AGC	0	0	63.4	38.20	25.20	Inf	Ala	98.3	high confidence set
AsparagusV1_05	66	2599088	2599015	Thr	AGT	0	0	75.0	46.80	28.20	Inf	Thr	89.8	high confidence set
AsparagusV1_05	67	2205750	2205671	Leu	AAG	0	0	62.1	38.60	23.50	Inf	Leu	86.8	high confidence set
AsparagusV1_05	68	2133897	2133826	Cys	GCA	0	0	81.7	56.10	25.60	Inf	Cys	104.3	high confidence set
AsparagusV1_05	69	2119388	2119317	Pro	TGG	0	0	68.5	35.70	32.80	Inf	Pro	111.2	high confidence set
AsparagusV1_06	1	566192	566265	Val	AAC	0	0	71.9	47.60	24.30	Inf	Val	91.0	high confidence set
AsparagusV1_06	2	1740724	1740797	Glu	TTC	0	0	64.1	37.70	26.40	Inf	Glu	91.0	high confidence set
AsparagusV1_06	3	1838950	1839021	Asp	GTC	0	0	69.8	46.80	23.00	Inf	Asp	95.8	high confidence set
AsparagusV1_06	4	4710333	4710405	Phe	GAA	0	0	78.3	58.40	19.90	Inf	Phe	113.2	high confidence set
AsparagusV1_06	5	4726148	4726219	Asp	GTC	0	0	69.8	46.80	23.00	Inf	Asp	95.8	high confidence set
AsparagusV1_06	6	4810257	4810339	Leu	TAA	0	0	67.5	28.70	38.80	Inf	Leu	86.5	high confidence set
AsparagusV1_06	7	6782714	6782785	iMet	CAT	0	0	58.3	28.10	30.20	Inf	iMet	118.7	high confidence set
AsparagusV1_06	8	6851238	6851318	Leu	CAG	0	0	69.5	46.80	22.70	Inf	Leu	109.7	high confidence set
AsparagusV1_06	10	12438087	12438159	Glu	CTC	0	0	78.9	53.10	25.80	Inf	Glu	99.2	high confidence set
AsparagusV1_06	11	13733400	13733473	Val	AAC	0	0	71.9	47.50	24.40	Inf	Val	99.9	high confidence set
AsparagusV1_06	12	13862226	13862314	Met	CAT	13862264	13862278	64.1	40.60	23.50	Inf	Met	104.0	high confidence set
AsparagusV1_06	13	17078301	17078372	Cys	GCA	0	0	81.7	56.10	25.60	Inf	Cys	104.3	high confidence set
AsparagusV1_06	14	17082761	17082832	Cys	GCA	0	0	81.7	56.10	25.60	Inf	Cys	104.3	high confidence set
AsparagusV1_06	15	18069090	18069160	Gly	GCC	0	0	66.5	44.80	21.70	Inf	Gly	94.4	high confidence set
AsparagusV1_06	16	20641646	20641716	Gly	CCC	0	0	61.8	28.10	33.70	Inf	Gly	82.3	high confidence set
AsparagusV1_06	18	25088200	25088273	Trp	CCA	0	0	72.0	42.50	29.50	Inf	Thr	75.4	IPD:-18.90,isotype mismatch
AsparagusV1_06	19	28384656	28384728	Glu	CTC	0	0	78.9	53.10	25.80	Inf	Glu	99.2	high confidence set
AsparagusV1_06	20	32613448	32613520	Val	TAC	0	0	78.7	45.00	33.70	Inf	Val	106.8	high confidence set
AsparagusV1_06	23	75711820	75711892	Lys	CTT	0	0	87.7	67.60	20.10	Inf	Lys	106.7	high confidence set
AsparagusV1_06	27	77355829	77355758	Asp	GTC	0	0	58.5	44.10	14.40	Inf	Asp	87.0	high confidence set
AsparagusV1_06	30	29845004	29844932	Phe	GAA	0	0	78.3	58.40	19.90	Inf	Phe	113.2	high confidence set
AsparagusV1_06	31	29844307	29844235	Phe	GAA	0	0	78.3	58.40	19.90	Inf	Phe	113.2	high confidence set
AsparagusV1_06	32	29419534	29419462	Arg	ACG	0	0	71.3	48.60	22.70	Inf	Arg	93.4	high confidence set
AsparagusV1_06	33	25798252	25798181	Pro	AGG	0	0	67.4	34.70	32.70	Inf	Pro	112.3	high confidence set
AsparagusV1_06	34	25702334	25702262	Arg	CCT	0	0	73.8	54.30	19.50	Inf	Arg	86.0	high confidence set
AsparagusV1_06	38	5723605	5723534	Pro	AGG	0	0	67.4	34.70	32.70	Inf	Pro	112.3	high confidence set
AsparagusV1_06	39	4790514	4790442	Lys	CTT	0	0	87.7	67.60	20.10	Inf	Lys	106.7	high confidence set
AsparagusV1_06	40	3469525	3469454	Arg	TCT	0	0	58.3	25.60	32.70	Inf	Gln	70.8	IPD:-24.50,isotype mismatch
AsparagusV1_06	41	2015911	2015839	Lys	TTT	0	0	91.0	68.00	23.00	Inf	Lys	93.6	high confidence set
AsparagusV1_06	42	877116	877044	Arg	CCG	0	0	65.5	47.30	18.20	Inf	Arg	91.7	high confidence set
AsparagusV1_07	1	1146411	1146482	iMet	CAT	0	0	58.3	28.10	30.20	Inf	iMet	118.7	high confidence set
AsparagusV1_07	2	7492713	7492785	Glu	CTC	0	0	78.9	53.10	25.80	Inf	Glu	99.2	high confidence set
AsparagusV1_07	4	15623775	15623845	Gly	GCC	0	0	66.5	44.80	21.70	Inf	Gly	94.4	high confidence set
AsparagusV1_07	5	18543859	18543931	Lys	CTT	0	0	87.7	67.60	20.10	Inf	Lys	106.7	high confidence set
AsparagusV1_07	8	37748290	37748361	Gly	TCC	0	0	73.9	46.20	27.70	Inf	Gly	85.6	high confidence set
AsparagusV1_07	9	43577775	43577848	Thr	AGT	0	0	75.0	46.80	28.20	Inf	Thr	89.8	high confidence set
AsparagusV1_07	10	46440442	46440515	Glu	TTC	0	0	50.0	31.60	18.40	Inf	Glu	71.5	high confidence set
AsparagusV1_07	11	47072571	47072642	Asp	GTC	0	0	53.1	32.80	20.30	Inf	Asp	74.6	high confidence set
AsparagusV1_07	12	54565703	54565775	Lys	CTT	0	0	87.7	67.60	20.10	Inf	Lys	106.7	high confidence set
AsparagusV1_07	13	68923304	68923377	Undet	NNN	0	0	60.2	46.30	13.90	Inf	Ile	77.2	undetermined isotype
AsparagusV1_07	16	72936005	72936076	iMet	CAT	0	0	58.3	28.10	30.20	Inf	iMet	118.7	high confidence set
AsparagusV1_07	17	100158311	100158383	Arg	ACG	0	0	73.2	50.90	22.30	Inf	Arg	94.3	high confidence set
AsparagusV1_07	19	118803991	118804063	Ala	TGC	0	0	69.1	43.30	25.80	Inf	Ala	101.9	high confidence set
AsparagusV1_07	21	131876929	131877000	Gln	CTG	0	0	72.9	48.70	24.20	Inf	Gln	103.4	high confidence set
AsparagusV1_07	22	132130661	132130748	Ser	GCT	0	0	62.6	38.50	24.10	Inf	Ser	75.6	high confidence set
AsparagusV1_07	23	132442358	132442431	Ile	AAT	0	0	81.8	58.30	23.50	Inf	Ile	106.8	high confidence set
AsparagusV1_07	24	132693693	132693764	Asp	GTC	0	0	69.8	46.80	23.00	Inf	Asp	95.8	high confidence set
AsparagusV1_07	25	133028888	133028971	Leu	CAA	0	0	79.5	54.50	25.00	Inf	Leu	126.8	high confidence set
AsparagusV1_07	26	137428199	137428282	Leu	CAA	0	0	77.7	54.90	22.80	Inf	Leu	123.7	high confidence set
AsparagusV1_07	28	139100469	139100540	Gly	TCC	0	0	73.9	46.20	27.70	Inf	Gly	85.6	high confidence set
AsparagusV1_07	29	140885837	140885910	Val	AAC	0	0	71.9	47.50	24.40	Inf	Val	99.9	high confidence set
AsparagusV1_07	30	141903826	141903898	Lys	CTT	0	0	87.7	67.60	20.10	Inf	Lys	106.7	high confidence set
AsparagusV1_07	31	144276899	144276971	Ala	TGC	0	0	69.1	43.30	25.80	Inf	Ala	101.9	high confidence set
AsparagusV1_07	33	149938159	149938242	Leu	CAA	0	0	81.1	54.70	26.40	Inf	Leu	121.5	high confidence set
AsparagusV1_07	34	150275726	150275807	Ser	TGA	0	0	80.7	46.10	34.60	Inf	Ser	119.7	high confidence set
AsparagusV1_07	35	150389760	150389841	Ser	AGA	0	0	78.7	42.50	36.20	Inf	Ser	114.6	high confidence set
AsparagusV1_07	36	151041185	151041257	Phe	GAA	0	0	76.1	54.40	21.70	Inf	Phe	115.3	high confidence set
AsparagusV1_07	37	151195404	151195333	Asp	GTC	0	0	69.8	46.80	23.00	Inf	Asp	95.8	high confidence set
AsparagusV1_07	38	148595441	148595370	Cys	GCA	0	0	81.7	56.10	25.60	Inf	Cys	104.3	high confidence set
AsparagusV1_07	40	145846031	145845960	His	GTG	0	0	63.3	34.30	29.00	Inf	His	91.7	high confidence set
AsparagusV1_07	41	145670017	145669945	Ala	CGC	0	0	67.5	42.90	24.60	Inf	Ala	99.2	high confidence set
AsparagusV1_07	42	145655788	145655716	Ala	TGC	0	0	55.5	37.90	17.60	Inf	Ala	86.6	high confidence set
AsparagusV1_07	43	145361498	145361417	Ser	GCT	0	0	80.5	45.20	35.30	Inf	Ser	109.5	high confidence set
AsparagusV1_07	44	143081241	143081168	Glu	TTC	0	0	65.8	40.30	25.50	Inf	Glu	94.6	high confidence set
AsparagusV1_07	45	142717083	142717012	Trp	CCA	0	0	75.8	51.20	24.60	Inf	Trp	105.6	high confidence set
AsparagusV1_07	46	142336994	142336907	Met	CAT	142336956	142336943	64.1	40.70	23.40	Inf	Met	104.0	high confidence set
AsparagusV1_07	47	142258578	142258491	Met	CAT	142258540	142258527	64.1	40.70	23.40	Inf	Met	104.0	high confidence set
AsparagusV1_07	48	142256053	142255966	Met	CAT	142256015	142256002	51.3	35.00	16.30	Inf	Met	92.7	high confidence set
AsparagusV1_07	49	139163675	139163603	Arg	CCT	0	0	72.2	51.10	21.10	Inf	Arg	81.7	high confidence set
AsparagusV1_07	51	136369013	136368941	Ala	AGC	0	0	63.4	38.20	25.20	Inf	Ala	98.3	high confidence set
AsparagusV1_07	52	134873580	134873509	Gly	TCC	0	0	73.9	46.20	27.70	Inf	Gly	85.6	high confidence set
AsparagusV1_07	53	132947515	132947429	Tyr	GTA	132947478	132947465	74.4	42.90	31.50	Inf	Tyr	111.8	high confidence set
AsparagusV1_07	54	132760426	132760354	Arg	CCG	0	0	65.5	47.30	18.20	Inf	Arg	91.7	high confidence set
AsparagusV1_07	55	132413736	132413664	Phe	GAA	0	0	78.3	58.40	19.90	Inf	Phe	113.2	high confidence set
AsparagusV1_07	56	132352718	132352645	Glu	TTC	0	0	64.1	37.70	26.40	Inf	Glu	91.0	high confidence set
AsparagusV1_07	57	131876278	131876206	Arg	CCT	0	0	69.1	50.30	18.80	Inf	Arg	81.2	high confidence set
AsparagusV1_07	58	131598681	131598603	Thr	AGT	0	0	57.3	42.60	14.70	Inf	Thr	71.8	high confidence set
AsparagusV1_07	59	129732757	129732684	Glu	TTC	0	0	64.1	37.70	26.40	Inf	Glu	91.0	high confidence set
AsparagusV1_07	60	125765175	125765089	Tyr	GTA	125765138	125765125	54.9	37.90	17.00	Inf	Tyr	82.4	high confidence set
AsparagusV1_07	61	118579583	118579511	Lys	CTT	0	0	87.7	67.60	20.10	Inf	Lys	106.7	high confidence set
AsparagusV1_07	64	89203531	89203459	Ala	AGC	0	0	63.4	38.20	25.20	Inf	Ala	98.3	high confidence set
AsparagusV1_07	66	76251763	76251693	Gly	CCC	0	0	65.4	28.10	37.30	Inf	Gly	85.4	high confidence set
AsparagusV1_07	67	73136849	73136778	iMet	CAT	0	0	58.3	28.10	30.20	Inf	iMet	118.7	high confidence set
AsparagusV1_07	68	73073999	73073926	Val	CAC	0	0	79.1	48.00	31.10	Inf	Val	101.8	high confidence set
AsparagusV1_07	70	68928578	68928507	Thr	CGT	0	0	80.5	54.30	26.20	Inf	Thr	87.3	high confidence set
AsparagusV1_07	71	68048415	68048328	Met	CAT	68048377	68048364	64.1	40.70	23.40	Inf	Met	104.0	high confidence set
AsparagusV1_07	72	63573896	63573813	Leu	CAA	0	0	77.0	52.80	24.20	Inf	Leu	114.2	high confidence set
AsparagusV1_07	73	58077621	58077548	Asn	GTT	0	0	83.9	58.50	25.40	Inf	Asn	97.4	high confidence set
AsparagusV1_07	74	45987072	45986992	Leu	AAG	0	0	74.0	52.20	21.80	Inf	Leu	110.4	high confidence set
AsparagusV1_07	75	45235675	45235604	Cys	GCA	0	0	81.7	56.10	25.60	Inf	Cys	104.3	high confidence set
AsparagusV1_07	78	34820706	34820634	Val	TAC	0	0	58.6	38.70	19.90	Inf	Val	80.0	high confidence set
AsparagusV1_07	79	34200608	34200536	Ala	TGC	0	0	69.1	43.30	25.80	Inf	Ala	101.9	high confidence set
AsparagusV1_07	82	10214689	10214608	Ser	TGA	0	0	80.7	46.10	34.60	Inf	Ser	119.7	high confidence set
AsparagusV1_07	84	7494005	7493932	Arg	TCG	0	0	81.9	60.40	21.50	Inf	Arg	92.9	high confidence set
AsparagusV1_07	87	5389354	5389283	His	GTG	0	0	63.2	34.00	29.20	Inf	His	86.3	high confidence set
AsparagusV1_07	88	3065521	3065449	Phe	GAA	0	0	78.3	58.40	19.90	Inf	Phe	113.2	high confidence set
AsparagusV1_07	89	865314	865243	Asp	GTC	0	0	69.8	46.80	23.00	Inf	Asp	95.8	high confidence set
AsparagusV1_08	1	3537981	3538061	Leu	AAG	0	0	74.0	52.20	21.80	Inf	Leu	110.4	high confidence set
AsparagusV1_08	2	3574126	3574197	Thr	CGT	0	0	80.5	54.30	26.20	Inf	Thr	87.3	high confidence set
AsparagusV1_08	3	4120469	4120542	Asn	GTT	0	0	83.9	58.50	25.40	Inf	Asn	97.4	high confidence set
AsparagusV1_08	5	14262790	14262861	iMet	CAT	0	0	58.3	28.10	30.20	Inf	iMet	118.7	high confidence set
AsparagusV1_08	7	73938617	73938688	Asp	GTC	0	0	54.2	39.50	14.70	Inf	Asp	82.4	high confidence set
AsparagusV1_08	9	88859545	88859625	Leu	AAG	0	0	74.0	52.20	21.80	Inf	Leu	110.4	high confidence set
AsparagusV1_08	10	96202555	96202627	Lys	TTT	0	0	88.3	63.60	24.70	Inf	Lys	92.6	high confidence set
AsparagusV1_08	11	103639673	103639753	Ser	AGA	0	0	79.6	43.00	36.60	Inf	Ser	107.6	high confidence set
AsparagusV1_08	12	106428594	106428665	Pro	AGG	0	0	67.4	34.70	32.70	Inf	Pro	112.3	high confidence set
AsparagusV1_08	13	114277455	114277526	Pro	TGG	0	0	68.5	35.70	32.80	Inf	Pro	111.2	high confidence set
AsparagusV1_08	14	117537534	117537605	Gly	TCC	0	0	73.9	46.20	27.70	Inf	Gly	85.6	high confidence set
AsparagusV1_08	15	118648781	118648861	Ser	TGA	0	0	78.9	44.90	34.00	Inf	Ser	113.3	high confidence set
AsparagusV1_08	16	118718288	118718359	Trp	CCA	0	0	75.8	51.20	24.60	Inf	Trp	105.6	high confidence set
AsparagusV1_08	17	119571745	119571816	Cys	GCA	0	0	81.7	56.10	25.60	Inf	Cys	104.3	high confidence set
AsparagusV1_08	18	120308845	120308916	Pro	AGG	0	0	67.4	34.70	32.70	Inf	Pro	112.3	high confidence set
AsparagusV1_08	19	123144150	123144222	Ala	TGC	0	0	69.1	43.30	25.80	Inf	Ala	101.9	high confidence set
AsparagusV1_08	20	128693804	128693891	Met	CAT	128693842	128693855	64.1	40.70	23.40	Inf	Met	104.0	high confidence set
AsparagusV1_08	21	129377635	129377707	Lys	CTT	0	0	87.7	67.60	20.10	Inf	Lys	106.7	high confidence set
AsparagusV1_08	22	129895237	129895317	Leu	CAG	0	0	69.5	46.80	22.70	Inf	Leu	109.7	high confidence set
AsparagusV1_08	23	128881528	128881445	Leu	CAA	0	0	81.0	54.60	26.40	Inf	Leu	125.6	high confidence set
AsparagusV1_08	24	128846819	128846748	His	GTG	0	0	60.8	31.60	29.20	Inf	His	80.0	high confidence set
AsparagusV1_08	26	128164845	128164773	Glu	CTC	0	0	78.9	53.10	25.80	Inf	Glu	99.2	high confidence set
AsparagusV1_08	27	127112921	127112851	Gly	GCC	0	0	58.6	36.80	21.80	Inf	Gly	87.5	high confidence set
AsparagusV1_08	28	126673121	126673040	Ser	TGA	0	0	80.7	46.10	34.60	Inf	Ser	119.7	high confidence set
AsparagusV1_08	29	126672942	126672869	Glu	TTC	0	0	64.1	37.70	26.40	Inf	Glu	91.0	high confidence set
AsparagusV1_08	30	122236764	122236693	Pro	CGG	0	0	68.5	36.10	32.40	Inf	Pro	108.5	high confidence set
AsparagusV1_08	32	121021089	121021019	Gly	CCC	0	0	65.4	28.10	37.30	Inf	Gly	85.4	high confidence set
AsparagusV1_08	33	120683484	120683411	Val	AAC	0	0	72.2	47.80	24.40	Inf	Val	98.2	high confidence set
AsparagusV1_08	34	120312171	120312100	Pro	TGG	0	0	68.5	35.70	32.80	Inf	Pro	111.2	high confidence set
AsparagusV1_08	35	120149472	120149399	Asn	GTT	0	0	81.1	58.40	22.70	Inf	Asn	93.7	high confidence set
AsparagusV1_08	36	119539778	119539705	Asn	GTT	0	0	83.9	58.50	25.40	Inf	Asn	97.4	high confidence set
AsparagusV1_08	37	118301787	118301715	Ala	CGC	0	0	68.3	44.10	24.20	Inf	Ala	99.2	high confidence set
AsparagusV1_08	38	112207645	112207573	Val	TAC	0	0	78.2	43.80	34.40	Inf	Val	106.2	high confidence set
AsparagusV1_08	39	106103420	106103340	Ser	GCT	0	0	76.0	41.00	35.00	Inf	Ser	101.1	high confidence set
AsparagusV1_08	40	100129362	100129290	Lys	TTT	0	0	88.3	63.60	24.70	Inf	Lys	92.6	high confidence set
AsparagusV1_08	41	94344168	94344088	Leu	CAG	0	0	69.5	46.80	22.70	Inf	Leu	109.7	high confidence set
AsparagusV1_08	43	84820190	84820119	Trp	CCA	0	0	75.8	51.20	24.60	Inf	Trp	105.6	high confidence set
AsparagusV1_08	46	18470621	18470550	Gly	TCC	0	0	73.9	46.20	27.70	Inf	Gly	85.6	high confidence set
AsparagusV1_08	47	14400028	14399957	Pro	AGG	0	0	67.4	34.70	32.70	Inf	Pro	112.3	high confidence set
AsparagusV1_08	48	14392510	14392438	Arg	CCT	0	0	69.1	50.30	18.80	Inf	Arg	81.2	high confidence set
AsparagusV1_08	49	7055581	7055508	Val	AAC	0	0	71.1	46.70	24.40	Inf	Val	95.4	high confidence set
AsparagusV1_08	50	3140058	3139986	Ala	AGC	0	0	63.4	38.20	25.20	Inf	Ala	98.3	high confidence set
AsparagusV1_08	51	2047660	2047573	Met	CAT	2047622	2047609	64.1	40.70	23.40	Inf	Met	104.0	high confidence set
AsparagusV1_08	52	1997922	1997836	Met	CAT	1997884	1997872	64.2	40.70	23.50	Inf	Met	104.0	high confidence set
AsparagusV1_08	54	762427	762347	Leu	AAG	0	0	74.0	52.20	21.80	Inf	Leu	110.4	high confidence set
AsparagusV1_09	1	289854	289936	Leu	TAA	0	0	72.7	34.20	38.50	Inf	Leu	95.9	high confidence set
AsparagusV1_09	2	1097718	1097797	Leu	TAG	0	0	69.5	48.50	21.00	Inf	Leu	111.5	high confidence set
AsparagusV1_09	3	3763326	3763407	Ser	GCT	0	0	79.0	43.10	35.90	Inf	Ser	108.6	high confidence set
AsparagusV1_09	4	4704541	4704612	Pro	TGG	0	0	68.5	35.70	32.80	Inf	Pro	111.2	high confidence set
AsparagusV1_09	5	4965670	4965743	Thr	AGT	0	0	73.6	45.20	28.40	Inf	Thr	88.6	high confidence set
AsparagusV1_09	6	6463066	6463139	Val	AAC	0	0	72.2	47.80	24.40	Inf	Val	98.2	high confidence set
AsparagusV1_09	8	17246804	17246876	Arg	TCT	0	0	68.8	51.20	17.60	Inf	Arg	94.8	high confidence set
AsparagusV1_09	10	34288650	34288723	Val	AAC	0	0	75.8	46.30	29.50	Inf	Val	103.3	high confidence set
AsparagusV1_09	11	34306093	34306166	Val	AAC	0	0	65.4	40.50	24.90	Inf	Val	90.8	high confidence set
AsparagusV1_09	12	45124474	45124546	Val	TAC	0	0	68.9	40.80	28.10	Inf	Val	97.7	high confidence set
AsparagusV1_09	14	66212056	66212136	Leu	AAG	0	0	74.0	52.20	21.80	Inf	Leu	110.4	high confidence set
AsparagusV1_09	16	65736935	65736855	Ser	GCT	0	0	76.0	41.00	35.00	Inf	Ser	101.1	high confidence set
AsparagusV1_09	17	65512514	65512434	Leu	CAG	0	0	69.5	46.80	22.70	Inf	Leu	109.7	high confidence set
AsparagusV1_09	18	63966752	63966681	Pro	AGG	0	0	67.4	34.70	32.70	Inf	Pro	112.3	high confidence set
AsparagusV1_09	19	61825975	61825902	Thr	AGT	0	0	73.6	45.20	28.40	Inf	Thr	88.6	high confidence set
AsparagusV1_09	21	35549879	35549808	Gln	TTG	0	0	75.8	55.40	20.40	Inf	Gln	105.2	high confidence set
AsparagusV1_09	22	33943586	33943514	Arg	ACG	0	0	72.5	49.90	22.60	Inf	Arg	93.8	high confidence set
AsparagusV1_09	26	6696876	6696803	Ile	TAT	0	0	85.9	70.60	15.30	Inf	Ile	103.9	high confidence set
AsparagusV1_09	28	6465049	6464968	Ser	AGA	0	0	79.4	43.10	36.30	Inf	Ser	115.0	high confidence set
AsparagusV1_09	29	1852391	1852320	Pro	AGG	0	0	67.4	34.70	32.70	Inf	Pro	112.3	high confidence set
AsparagusV1_09	30	927183	927112	Pro	CGG	0	0	68.5	36.10	32.40	Inf	Pro	108.5	high confidence set
AsparagusV1_09	31	924309	924238	Pro	CGG	0	0	68.5	36.10	32.40	Inf	Pro	108.5	high confidence set
AsparagusV1_10	2	1122000	1122081	Ser	GCT	0	0	79.0	43.10	35.90	Inf	Ser	108.6	high confidence set
AsparagusV1_10	4	1714281	1714367	Tyr	GTA	1714318	1714331	72.2	38.90	33.30	Inf	Tyr	110.0	high confidence set
AsparagusV1_10	5	2767004	2767083	Leu	TAG	0	0	69.5	48.50	21.00	Inf	Leu	111.5	high confidence set
AsparagusV1_10	6	5468094	5468180	Met	CAT	5468132	5468144	64.2	40.70	23.50	Inf	Met	104.0	high confidence set
AsparagusV1_10	8	10499936	10500008	Ala	AGC	0	0	55.7	30.40	25.30	Inf	Ala	89.3	high confidence set
AsparagusV1_10	9	11698178	11698250	Arg	TCT	0	0	68.5	50.60	17.90	Inf	Arg	98.8	high confidence set
AsparagusV1_10	10	27497049	27497122	Ile	TAT	0	0	85.9	70.60	15.30	Inf	Ile	103.9	high confidence set
AsparagusV1_10	11	35758754	35758825	Tyr	GTA	0	0	59.3	39.40	19.90	Inf	Asp	80.4	IPD:-73.30,isotype mismatch
AsparagusV1_10	12	58153517	58153593	Ala	AGC	0	0	53.6	33.60	20.00	Inf	Ala	88.3	high confidence set
AsparagusV1_10	13	58156865	58156941	Ala	AGC	0	0	53.6	33.60	20.00	Inf	Ala	88.3	high confidence set
AsparagusV1_10	15	63231937	63232010	Val	CAC	0	0	79.1	48.00	31.10	Inf	Val	98.4	high confidence set
AsparagusV1_10	16	63814925	63814996	His	GTG	0	0	63.3	34.30	29.00	Inf	His	91.7	high confidence set
AsparagusV1_10	17	66200834	66200905	Trp	CCA	0	0	75.1	50.10	25.00	Inf	Trp	105.0	high confidence set
AsparagusV1_10	18	67285468	67285538	Gly	CCC	0	0	65.4	28.10	37.30	Inf	Gly	85.4	high confidence set
AsparagusV1_10	19	67317823	67317894	Asp	GTC	0	0	69.8	46.80	23.00	Inf	Asp	95.8	high confidence set
AsparagusV1_10	20	67337104	67337175	Asp	GTC	0	0	61.0	40.80	20.20	Inf	Asp	87.8	high confidence set
AsparagusV1_10	22	68991268	68991339	Pro	AGG	0	0	67.4	34.70	32.70	Inf	Pro	112.3	high confidence set
AsparagusV1_10	23	69261776	69261855	Leu	TAG	0	0	69.5	48.50	21.00	Inf	Leu	111.5	high confidence set
AsparagusV1_10	24	69336916	69336987	Pro	CGG	0	0	69.2	36.90	32.30	Inf	Pro	112.8	high confidence set
AsparagusV1_10	25	69386672	69386743	Cys	GCA	0	0	81.7	56.10	25.60	Inf	Cys	104.3	high confidence set
AsparagusV1_10	26	71016004	71016076	Ala	TGC	0	0	65.6	39.80	25.80	Inf	Ala	97.7	high confidence set
AsparagusV1_10	27	71356000	71356073	Asn	GTT	0	0	83.9	58.50	25.40	Inf	Asn	97.4	high confidence set
AsparagusV1_10	29	72214584	72214655	Thr	CGT	0	0	80.5	54.30	26.20	Inf	Thr	87.3	high confidence set
AsparagusV1_10	31	71290512	71290441	Gln	TTG	0	0	75.8	55.40	20.40	Inf	Gln	105.2	high confidence set
AsparagusV1_10	32	71057395	71057322	Asn	GTT	0	0	83.9	58.50	25.40	Inf	Asn	97.4	high confidence set
AsparagusV1_10	33	69502884	69502797	Ser	GCT	0	0	64.9	39.10	25.80	Inf	Ser	75.6	high confidence set
AsparagusV1_10	36	59630129	59630046	Leu	CAA	0	0	76.7	54.50	22.20	Inf	Leu	123.1	high confidence set
AsparagusV1_10	37	58747411	58747328	Leu	CAA	0	0	81.0	54.60	26.40	Inf	Leu	125.6	high confidence set
AsparagusV1_10	40	35404861	35404790	Asn	GTT	0	0	69.0	52.20	16.80	Inf	Asn	70.4	high confidence set
AsparagusV1_10	41	34487788	34487717	Thr	TGT	0	0	84.3	58.00	26.30	Inf	Thr	93.3	high confidence set
AsparagusV1_10	43	22571672	22571601	Trp	CCA	0	0	75.8	51.20	24.60	Inf	Trp	105.6	high confidence set
AsparagusV1_10	44	22569604	22569533	Trp	CCA	0	0	75.8	51.20	24.60	Inf	Trp	105.6	high confidence set
AsparagusV1_10	45	22036429	22036356	Val	AAC	0	0	64.2	40.00	24.20	Inf	Val	87.0	high confidence set
AsparagusV1_10	46	10565503	10565431	Ala	AGC	0	0	63.4	38.20	25.20	Inf	Ala	98.3	high confidence set
AsparagusV1_10	47	10532078	10532006	Ala	AGC	0	0	63.4	38.20	25.20	Inf	Ala	98.3	high confidence set
AsparagusV1_10	48	9839692	9839620	Ala	AGC	0	0	63.4	38.20	25.20	Inf	Ala	98.3	high confidence set
AsparagusV1_10	49	7503368	7503288	Leu	AAG	0	0	74.0	52.20	21.80	Inf	Leu	110.4	high confidence set
AsparagusV1_10	50	6959903	6959822	Ser	AGA	0	0	79.4	43.10	36.30	Inf	Ser	115.0	high confidence set
AsparagusV1_10	51	4577885	4577814	iMet	CAT	0	0	58.3	28.10	30.20	Inf	iMet	118.7	high confidence set
AsparagusV1_10	52	4043863	4043792	Val	AAC	0	0	57.9	33.60	24.30	Inf	Val	73.9	high confidence set
AsparagusV1_10	53	3225634	3225549	Tyr	GTA	3225597	3225585	74.5	42.90	31.60	Inf	Tyr	111.8	high confidence set
AsparagusV1_10	54	1737515	1737428	Met	CAT	1737477	1737464	64.1	40.70	23.40	Inf	Met	104.0	high confidence set
AsparagusV1_10	55	1509394	1509321	Val	AAC	0	0	72.2	47.80	24.40	Inf	Val	98.2	high confidence set
AsparagusV1_10	56	1141682	1141612	Gly	GCC	0	0	66.5	44.80	21.70	Inf	Gly	94.4	high confidence set
AsparagusV1_Un61	1	9754	9674	Ser	GCT	0	0	76.0	41.00	35.00	Inf	Ser	101.1	high confidence set
AsparagusV1_Un162	1	97626	97697	Gln	CTG	0	0	71.8	47.10	24.70	Inf	Gln	103.5	high confidence set
AsparagusV1_Un208	1	2433	2506	Glu	TTC	0	0	64.1	37.70	26.40	Inf	Glu	91.0	high confidence set
AsparagusV1_Un248	1	17351	17278	Val	CAC	0	0	82.4	54.40	28.00	Inf	Val	100.3	high confidence set
AsparagusV1_Un281	1	5818	5890	Ala	CGC	0	0	68.3	44.10	24.20	Inf	Ala	99.2	high confidence set
AsparagusV1_Un406	1	35325	35396	Gln	TTG	0	0	71.4	51.50	19.90	Inf	Gln	104.5	high confidence set
AsparagusV1_Un470	1	93684	93755	Asp	GTC	0	0	69.8	46.80	23.00	Inf	Asp	95.8	high confidence set
AsparagusV1_Un812	1	35633	35562	Thr	TGT	0	0	84.3	58.00	26.30	Inf	Thr	93.3	high confidence set
AsparagusV1_Un880	1	19329	19257	Ala	AGC	0	0	55.1	39.00	16.10	Inf	Ala	91.3	high confidence set
AsparagusV1_Un1230	1	3720	3647	Asn	GTT	0	0	83.9	58.50	25.40	Inf	Asn	97.4	high confidence set
