Sequence   		tRNA    	Bounds  	tRNA	Anti	Intron Bounds	Inf	HMM	2'Str	Hit	Isotype	Isotype	      
Name       	tRNA#	Begin   	End     	Type	Codon	Begin	End	Score	Score	Score	Origin	CM	Score	Note
--------   	------	-----   	------  	----	-----	-----	----	------	-----	-----	------	-------	-------	------
CM021244.1	1	146927	146999	Lys	CTT	0	0	87.7	67.60	20.10	Inf	Lys	106.7	high confidence set
CM021244.1	2	390291	390362	Gln	CTG	0	0	70.5	45.40	25.10	Inf	Gln	100.6	high confidence set
CM021244.1	3	476851	476923	Ala	AGC	0	0	63.4	38.20	25.20	Inf	Ala	98.3	high confidence set
CM021244.1	4	704473	704545	Phe	GAA	0	0	77.1	57.20	19.90	Inf	Phe	110.5	high confidence set
CM021244.1	5	730463	730534	His	GTG	0	0	63.0	33.70	29.30	Inf	His	86.8	high confidence set
CM021244.1	6	795086	795158	Lys	CTT	0	0	87.7	67.60	20.10	Inf	Lys	106.7	high confidence set
CM021244.1	7	1077892	1077963	Asp	GTC	0	0	69.8	46.80	23.00	Inf	Asp	94.5	high confidence set
CM021244.1	8	1091191	1091262	Gln	CTG	0	0	66.5	49.10	17.40	Inf	Gln	95.2	high confidence set
CM021244.1	9	1409667	1409737	Gly	GCC	0	0	66.5	44.80	21.70	Inf	Gly	94.4	high confidence set
CM021244.1	10	1614254	1614338	Met	CAT	1614292	1614302	64.2	40.80	23.40	Inf	Met	104.0	high confidence set
CM021244.1	11	1718974	1719046	Glu	CTC	0	0	76.3	50.40	25.90	Inf	Glu	91.1	high confidence set
CM021244.1	12	2210075	2210146	Thr	TGT	0	0	83.0	58.30	24.70	Inf	Thr	92.4	high confidence set
CM021244.1	13	2371787	2371860	Ile	AAT	0	0	85.5	59.00	26.50	Inf	Ile	109.4	high confidence set
CM021244.1	14	2423245	2423317	Ala	AGC	0	0	63.4	38.20	25.20	Inf	Ala	98.3	high confidence set
CM021244.1	15	2496423	2496496	Asn	GTT	0	0	72.2	50.00	22.20	Inf	Asn	85.1	high confidence set
CM021244.1	16	2593175	2593248	Ile	TAT	0	0	85.9	70.60	15.30	Inf	Ile	103.9	high confidence set
CM021244.1	17	2864746	2864817	His	GTG	0	0	63.0	33.70	29.30	Inf	His	86.8	high confidence set
CM021244.1	18	3114137	3114208	Gly	TCC	0	0	74.1	46.70	27.40	Inf	Gly	84.2	high confidence set
CM021244.1	19	3303262	3303334	Arg	CCG	0	0	67.0	47.10	19.90	Inf	Arg	89.0	high confidence set
CM021244.1	20	3443358	3443429	Pro	AGG	0	0	67.4	34.70	32.70	Inf	Pro	112.3	high confidence set
CM021244.1	21	3524383	3524454	Glu	TTC	0	0	70.8	46.30	24.50	Inf	Glu	99.2	high confidence set
CM021244.1	24	4471721	4471805	Met	CAT	4471759	4471769	65.9	39.90	26.00	Inf	Met	105.8	high confidence set
CM021244.1	25	4723223	4723302	Leu	TAG	0	0	69.5	48.50	21.00	Inf	Leu	111.5	high confidence set
CM021244.1	26	5459130	5459202	Arg	ACG	0	0	72.6	49.80	22.80	Inf	Arg	89.8	high confidence set
CM021244.1	27	5834439	5834510	Thr	CGT	0	0	82.3	55.00	27.30	Inf	Thr	83.7	high confidence set
CM021244.1	28	5885182	5885254	Ala	TGC	0	0	70.0	45.30	24.70	Inf	Ala	100.6	high confidence set
CM021244.1	29	6674237	6674318	Ser	AGA	0	0	74.1	39.40	34.70	Inf	Ser	104.7	high confidence set
CM021244.1	30	6777085	6777165	Leu	CAG	0	0	62.6	45.90	16.70	Inf	Leu	102.3	high confidence set
CM021244.1	31	7465460	7465541	Ser	AGA	0	0	77.8	43.40	34.40	Inf	Ser	110.9	high confidence set
CM021244.1	32	7505863	7505934	Asp	GTC	0	0	69.8	46.80	23.00	Inf	Asp	94.5	high confidence set
CM021244.1	33	7803451	7803522	Asp	GTC	0	0	69.8	46.80	23.00	Inf	Asp	94.5	high confidence set
CM021244.1	34	7803602	7803673	Asp	GTC	0	0	69.8	46.80	23.00	Inf	Asp	94.5	high confidence set
CM021244.1	35	7981773	7981853	Leu	CAG	0	0	68.4	45.70	22.70	Inf	Leu	107.6	high confidence set
CM021244.1	36	8429822	8429894	Glu	CTC	0	0	76.3	50.40	25.90	Inf	Glu	91.1	high confidence set
CM021244.1	37	8540771	8540842	Asp	GTC	0	0	69.8	46.80	23.00	Inf	Asp	94.5	high confidence set
CM021244.1	38	8549487	8549559	Lys	CTT	0	0	87.7	67.60	20.10	Inf	Lys	106.7	high confidence set
CM021244.1	39	8603533	8603604	Pro	TGG	0	0	69.2	36.90	32.30	Inf	Pro	112.8	high confidence set
CM021244.1	40	9291617	9291688	Gln	TTG	0	0	73.5	53.70	19.80	Inf	Gln	104.8	high confidence set
CM021244.1	41	11412860	11412942	Leu	TAA	0	0	72.9	35.60	37.30	Inf	Leu	100.3	high confidence set
CM021244.1	42	12124706	12124777	Gln	TTG	0	0	76.9	54.00	22.90	Inf	Gln	109.0	high confidence set
CM021244.1	43	12797678	12797749	Pro	TGG	0	0	68.5	35.70	32.80	Inf	Pro	111.2	high confidence set
CM021244.1	45	12798439	12798510	Pro	AGG	0	0	67.4	34.70	32.70	Inf	Pro	112.3	high confidence set
CM021244.1	46	12799531	12799602	Pro	TGG	0	0	68.5	35.70	32.80	Inf	Pro	111.2	high confidence set
CM021244.1	47	12800187	12800258	Pro	TGG	0	0	68.5	35.70	32.80	Inf	Pro	111.2	high confidence set
CM021244.1	49	12801275	12801346	Pro	TGG	0	0	68.5	35.70	32.80	Inf	Pro	111.2	high confidence set
CM021244.1	51	12803122	12803193	Pro	TGG	0	0	68.5	35.70	32.80	Inf	Pro	111.2	high confidence set
CM021244.1	52	12803408	12803479	Pro	TGG	0	0	68.5	35.70	32.80	Inf	Pro	111.2	high confidence set
CM021244.1	53	12803763	12803834	Pro	TGG	0	0	60.8	35.60	25.20	Inf	Pro	97.9	high confidence set
CM021244.1	54	12804274	12804345	Pro	TGG	0	0	68.5	35.70	32.80	Inf	Pro	111.2	high confidence set
CM021244.1	55	12804777	12804848	Pro	TGG	0	0	68.5	35.70	32.80	Inf	Pro	111.2	high confidence set
CM021244.1	56	12805279	12805350	Pro	TGG	0	0	68.5	35.70	32.80	Inf	Pro	111.2	high confidence set
CM021244.1	57	12805781	12805852	Pro	TGG	0	0	68.5	35.70	32.80	Inf	Pro	111.2	high confidence set
CM021244.1	58	12806283	12806354	Pro	TGG	0	0	68.5	35.70	32.80	Inf	Pro	111.2	high confidence set
CM021244.1	59	12806785	12806856	Pro	TGG	0	0	68.5	35.70	32.80	Inf	Pro	111.2	high confidence set
CM021244.1	60	12810525	12810596	Pro	TGG	0	0	61.8	31.00	30.80	Inf	Pro	103.3	high confidence set
CM021244.1	61	12811668	12811739	Pro	TGG	0	0	68.5	35.70	32.80	Inf	Pro	111.2	high confidence set
CM021244.1	64	12812827	12812898	Pro	TGG	0	0	68.5	35.70	32.80	Inf	Pro	111.2	high confidence set
CM021244.1	67	12813988	12814059	Pro	TGG	0	0	68.5	35.70	32.80	Inf	Pro	111.2	high confidence set
CM021244.1	68	12814489	12814560	Pro	TGG	0	0	68.5	35.70	32.80	Inf	Pro	111.2	high confidence set
CM021244.1	69	12815643	12815714	Pro	TGG	0	0	60.6	27.80	32.80	Inf	Pro	100.3	high confidence set
CM021244.1	70	12815998	12816069	Pro	TGG	0	0	68.5	35.70	32.80	Inf	Pro	111.2	high confidence set
CM021244.1	71	12816547	12816618	Pro	TGG	0	0	68.5	35.70	32.80	Inf	Pro	111.2	high confidence set
CM021244.1	72	12816977	12817048	Pro	TGG	0	0	53.7	25.90	27.80	Inf	Pro	96.4	high confidence set
CM021244.1	73	12817203	12817274	Pro	TGG	0	0	65.1	35.40	29.70	Inf	Pro	106.1	high confidence set
CM021244.1	74	12817609	12817680	Pro	TGG	0	0	68.5	35.70	32.80	Inf	Pro	111.2	high confidence set
CM021244.1	75	12818118	12818189	Pro	TGG	0	0	68.5	35.70	32.80	Inf	Pro	111.2	high confidence set
CM021244.1	76	12818682	12818753	Pro	TGG	0	0	68.5	35.70	32.80	Inf	Pro	111.2	high confidence set
CM021244.1	77	12819247	12819318	Pro	TGG	0	0	68.5	35.70	32.80	Inf	Pro	111.2	high confidence set
CM021244.1	78	12822151	12822222	Pro	TGG	0	0	68.5	35.70	32.80	Inf	Pro	111.2	high confidence set
CM021244.1	79	12822596	12822667	Pro	TGG	0	0	68.5	35.70	32.80	Inf	Pro	111.2	high confidence set
CM021244.1	80	12822983	12823054	Pro	TGG	0	0	62.2	33.80	28.40	Inf	Pro	105.8	high confidence set
CM021244.1	81	12823783	12823854	Pro	TGG	0	0	68.5	35.70	32.80	Inf	Pro	111.2	high confidence set
CM021244.1	82	12824351	12824422	Pro	TGG	0	0	68.5	35.70	32.80	Inf	Pro	111.2	high confidence set
CM021244.1	83	13863172	13863242	Gly	GCC	0	0	66.5	44.80	21.70	Inf	Gly	94.4	high confidence set
CM021244.1	84	13970439	13970511	Glu	CTC	0	0	76.3	50.40	25.90	Inf	Glu	91.1	high confidence set
CM021244.1	85	14253804	14253875	His	GTG	0	0	63.0	33.70	29.30	Inf	His	86.8	high confidence set
CM021244.1	86	19928846	19928918	Ala	TGC	0	0	70.0	45.30	24.70	Inf	Ala	100.6	high confidence set
CM021244.1	87	29995744	29995815	Pro	TGG	0	0	68.5	35.70	32.80	Inf	Pro	111.2	high confidence set
CM021244.1	88	30016363	30016434	Pro	TGG	0	0	68.5	35.70	32.80	Inf	Pro	111.2	high confidence set
CM021244.1	90	32813285	32813369	Tyr	GTA	32813322	32813333	74.2	42.50	31.70	Inf	Tyr	108.6	high confidence set
CM021244.1	91	33007888	33007960	Arg	CCT	0	0	74.8	55.90	18.90	Inf	Arg	84.6	high confidence set
CM021244.1	92	33298261	33298340	Leu	TAG	0	0	69.5	48.50	21.00	Inf	Leu	111.5	high confidence set
CM021244.1	93	33310687	33310766	Leu	TAG	0	0	69.5	48.50	21.00	Inf	Leu	111.5	high confidence set
CM021244.1	95	35376217	35376290	Asn	GTT	0	0	84.4	60.80	23.60	Inf	Asn	93.7	high confidence set
CM021244.1	96	35380743	35380816	Asn	GTT	0	0	85.4	62.40	23.00	Inf	Ile	96.6	IPD:-1.80,isotype mismatch
CM021244.1	97	36048417	36048490	Ile	TAT	0	0	85.9	70.60	15.30	Inf	Ile	103.9	high confidence set
CM021244.1	98	36206829	36206900	Cys	GCA	0	0	80.8	53.70	27.10	Inf	Cys	103.2	high confidence set
CM021244.1	99	36207018	36207089	Cys	GCA	0	0	80.5	53.40	27.10	Inf	Cys	101.8	high confidence set
CM021244.1	100	36207210	36207281	Cys	GCA	0	0	80.2	52.90	27.30	Inf	Cys	101.1	high confidence set
CM021244.1	101	37443712	37443793	Ser	TGA	0	0	80.7	46.10	34.60	Inf	Ser	119.7	high confidence set
CM021244.1	102	36297885	36297814	Cys	GCA	0	0	80.8	53.70	27.10	Inf	Cys	103.2	high confidence set
CM021244.1	103	36297696	36297625	Cys	GCA	0	0	80.5	53.40	27.10	Inf	Cys	101.8	high confidence set
CM021244.1	104	36297506	36297435	Cys	GCA	0	0	80.2	52.90	27.30	Inf	Cys	101.1	high confidence set
CM021244.1	105	35790599	35790514	Tyr	GTA	35790562	35790550	74.2	42.50	31.70	Inf	Tyr	108.6	high confidence set
CM021244.1	106	35518344	35518271	Arg	TCG	0	0	81.9	60.40	21.50	Inf	Arg	92.9	high confidence set
CM021244.1	107	32655596	32655523	Thr	AGT	0	0	70.2	46.10	24.10	Inf	Thr	83.6	high confidence set
CM021244.1	108	32547564	32547493	Asp	GTC	0	0	69.8	46.80	23.00	Inf	Asp	94.5	high confidence set
CM021244.1	111	18760376	18760304	Ala	AGC	0	0	63.4	38.20	25.20	Inf	Ala	98.3	high confidence set
CM021244.1	112	15846803	15846716	Met	CAT	15846765	15846752	64.1	40.70	23.40	Inf	Met	104.0	high confidence set
CM021244.1	113	14451428	14451355	Val	AAC	0	0	72.5	48.10	24.40	Inf	Val	100.2	high confidence set
CM021244.1	114	14450977	14450904	Val	AAC	0	0	67.7	38.40	29.30	Inf	Val	94.6	high confidence set
CM021244.1	116	12800565	12800494	Pro	AGG	0	0	67.4	34.70	32.70	Inf	Pro	112.3	high confidence set
CM021244.1	118	11207294	11207221	Asn	GTT	0	0	83.3	58.10	25.20	Inf	Asn	93.9	high confidence set
CM021244.1	119	11175879	11175807	Ala	TGC	0	0	70.0	45.30	24.70	Inf	Ala	100.6	high confidence set
CM021244.1	120	11175714	11175642	Ala	TGC	0	0	63.8	39.10	24.70	Inf	Ala	97.7	high confidence set
CM021244.1	121	10580584	10580511	Val	AAC	0	0	72.5	48.10	24.40	Inf	Val	100.2	high confidence set
CM021244.1	122	9553784	9553700	Met	CAT	9553746	9553736	64.5	41.30	23.20	Inf	Met	104.0	high confidence set
CM021244.1	123	9042718	9042647	Gln	TTG	0	0	73.5	53.70	19.80	Inf	Gln	104.8	high confidence set
CM021244.1	124	8767800	8767729	Trp	CCA	0	0	75.8	51.20	24.60	Inf	Trp	105.6	high confidence set
CM021244.1	125	8526549	8526478	Glu	TTC	0	0	69.9	45.30	24.60	Inf	Glu	99.4	high confidence set
CM021244.1	126	8526249	8526178	Glu	TTC	0	0	67.4	43.00	24.40	Inf	Glu	96.4	high confidence set
CM021244.1	127	8470591	8470508	Leu	CAA	0	0	79.5	54.50	25.00	Inf	Leu	126.8	high confidence set
CM021244.1	128	8465113	8465041	Glu	CTC	0	0	76.3	50.40	25.90	Inf	Glu	91.1	high confidence set
CM021244.1	129	7506068	7505995	Val	AAC	0	0	72.5	48.10	24.40	Inf	Val	100.2	high confidence set
CM021244.1	130	6973280	6973208	Arg	CCG	0	0	69.5	52.30	17.20	Inf	Arg	96.0	high confidence set
CM021244.1	131	6856526	6856454	Lys	CTT	0	0	87.7	67.60	20.10	Inf	Lys	106.7	high confidence set
CM021244.1	132	6844018	6843946	Lys	CTT	0	0	87.7	67.60	20.10	Inf	Lys	106.7	high confidence set
CM021244.1	133	6592771	6592700	Trp	CCA	0	0	75.8	51.20	24.60	Inf	Trp	105.6	high confidence set
CM021244.1	134	5985421	5985340	Ser	TGA	0	0	79.2	43.90	35.30	Inf	Ser	118.5	high confidence set
CM021244.1	135	5584375	5584302	Ile	AAT	0	0	85.5	59.00	26.50	Inf	Ile	109.4	high confidence set
CM021244.1	136	5270074	5270003	Gly	TCC	0	0	74.1	46.70	27.40	Inf	Gly	84.2	high confidence set
CM021244.1	138	5236124	5236051	Val	AAC	0	0	72.5	48.10	24.40	Inf	Val	100.2	high confidence set
CM021244.1	139	4774054	4773983	Trp	CCA	0	0	75.8	51.20	24.60	Inf	Trp	105.6	high confidence set
CM021244.1	140	4473774	4473701	Arg	TCG	0	0	81.9	60.40	21.50	Inf	Arg	92.9	high confidence set
CM021244.1	141	4152537	4152466	Pro	AGG	0	0	67.4	34.70	32.70	Inf	Pro	112.3	high confidence set
CM021244.1	142	4030890	4030809	Ser	AGA	0	0	77.0	42.20	34.80	Inf	Ser	112.5	high confidence set
CM021244.1	143	3411208	3411136	Ala	TGC	0	0	69.1	43.70	25.40	Inf	Ala	100.1	high confidence set
CM021244.1	144	2570680	2570610	Gly	GCC	0	0	66.5	44.80	21.70	Inf	Gly	94.4	high confidence set
CM021244.1	146	2516722	2516652	Gly	GCC	0	0	66.5	44.80	21.70	Inf	Gly	94.4	high confidence set
CM021244.1	147	2513237	2513165	Arg	CCT	0	0	74.8	55.90	18.90	Inf	Arg	84.6	high confidence set
CM021244.1	148	1939128	1939055	Asn	GTT	0	0	83.3	58.10	25.20	Inf	Asn	93.9	high confidence set
CM021244.1	149	1114301	1114229	Phe	GAA	0	0	78.3	58.40	19.90	Inf	Phe	113.2	high confidence set
CM021244.1	150	149803	149731	Val	TAC	0	0	74.4	44.00	30.40	Inf	Val	103.3	high confidence set
CM021245.1	1	260357	260438	Ser	AGA	0	0	76.3	41.60	34.70	Inf	Ser	112.1	high confidence set
CM021245.1	2	263813	263894	Ser	AGA	0	0	77.0	42.20	34.80	Inf	Ser	112.5	high confidence set
CM021245.1	3	1192025	1192109	Met	CAT	1192063	1192073	64.2	40.80	23.40	Inf	Met	104.0	high confidence set
CM021245.1	4	1488419	1488489	Gly	CCC	0	0	65.4	28.10	37.30	Inf	Gly	85.4	high confidence set
CM021245.1	5	1617560	1617631	Gln	TTG	0	0	73.5	53.70	19.80	Inf	Gln	104.8	high confidence set
CM021245.1	6	1870924	1870995	Gln	TTG	0	0	73.5	53.70	19.80	Inf	Gln	104.8	high confidence set
CM021245.1	7	2467058	2467139	Ser	TGA	0	0	79.2	43.90	35.30	Inf	Ser	118.5	high confidence set
CM021245.1	8	2618850	2618921	Glu	TTC	0	0	69.9	45.30	24.60	Inf	Glu	99.4	high confidence set
CM021245.1	9	2892562	2892634	Glu	CTC	0	0	76.3	50.40	25.90	Inf	Glu	91.1	high confidence set
CM021245.1	10	3399283	3399363	Leu	AAG	0	0	71.4	51.10	20.30	Inf	Leu	108.5	high confidence set
CM021245.1	11	5196313	5196385	Lys	CTT	0	0	80.0	67.70	12.30	Inf	Lys	98.2	high confidence set
CM021245.1	12	6198321	6198392	Pro	AGG	0	0	67.4	34.70	32.70	Inf	Pro	112.3	high confidence set
CM021245.1	14	22350359	22350432	Val	AAC	0	0	72.5	48.10	24.40	Inf	Val	100.2	high confidence set
CM021245.1	15	22352068	22352141	Val	AAC	0	0	72.5	48.10	24.40	Inf	Val	100.2	high confidence set
CM021245.1	16	22374517	22374590	Val	AAC	0	0	72.5	48.10	24.40	Inf	Val	100.2	high confidence set
CM021245.1	17	23095319	23095390	Gly	TCC	0	0	74.1	46.70	27.40	Inf	Gly	84.2	high confidence set
CM021245.1	18	23291759	23291840	Ser	AGA	0	0	77.8	43.40	34.40	Inf	Ser	110.9	high confidence set
CM021245.1	19	23324030	23324111	Ser	AGA	0	0	59.6	40.00	19.60	Inf	Ser	90.7	high confidence set
CM021245.1	20	24801045	24801116	Thr	TGT	0	0	84.3	58.00	26.30	Inf	Thr	93.3	high confidence set
CM021245.1	21	25174595	25174666	Gln	TTG	0	0	73.5	53.70	19.80	Inf	Gln	104.8	high confidence set
CM021245.1	22	26063268	26063366	Val	AAC	26063306	26063330	62.4	42.40	20.00	Inf	Val	96.4	high confidence set
CM021245.1	23	26438822	26438893	Asp	GTC	0	0	69.8	46.80	23.00	Inf	Asp	94.5	high confidence set
CM021245.1	24	26609162	26609233	Glu	TTC	0	0	69.9	45.30	24.60	Inf	Glu	99.4	high confidence set
CM021245.1	25	26740502	26740574	Val	TAC	0	0	74.4	44.00	30.40	Inf	Val	103.3	high confidence set
CM021245.1	26	26772996	26773069	Asn	GTT	0	0	83.3	58.10	25.20	Inf	Asn	93.9	high confidence set
CM021245.1	27	26962976	26963049	Val	AAC	0	0	72.5	48.10	24.40	Inf	Val	100.2	high confidence set
CM021245.1	28	27814729	27814808	Leu	TAG	0	0	69.5	48.50	21.00	Inf	Leu	111.5	high confidence set
CM021245.1	29	28054108	28054190	Leu	TAA	0	0	66.6	30.50	36.10	Inf	Leu	90.6	high confidence set
CM021245.1	30	28519890	28519961	Lys	TTT	0	0	83.8	71.00	12.80	Inf	Lys	83.9	high confidence set
CM021245.1	31	28593099	28593169	Gly	GCC	0	0	66.5	44.80	21.70	Inf	Gly	94.4	high confidence set
CM021245.1	32	29603972	29604043	iMet	CAT	0	0	58.3	28.10	30.20	Inf	iMet	118.7	high confidence set
CM021245.1	33	30947276	30947357	Ser	GCT	0	0	80.5	45.20	35.30	Inf	Ser	109.5	high confidence set
CM021245.1	34	31020141	31020211	Gly	GCC	0	0	66.5	44.80	21.70	Inf	Gly	94.4	high confidence set
CM021245.1	35	31124226	31124302	Asp	GTC	0	0	56.3	42.40	13.90	Inf	Asp	83.4	high confidence set
CM021245.1	36	31559313	31559384	Thr	TGT	0	0	83.0	58.30	24.70	Inf	Thr	92.4	high confidence set
CM021245.1	37	31774133	31774206	Val	AAC	0	0	72.5	48.10	24.40	Inf	Val	100.2	high confidence set
CM021245.1	38	31774592	31774663	Asp	GTC	0	0	69.8	46.80	23.00	Inf	Asp	94.5	high confidence set
CM021245.1	39	32268463	32268543	Leu	AAG	0	0	71.4	51.10	20.30	Inf	Leu	108.5	high confidence set
CM021245.1	40	32511796	32511868	Glu	CTC	0	0	76.3	50.40	25.90	Inf	Glu	91.1	high confidence set
CM021245.1	41	32628158	32628228	Gly	GCC	0	0	66.5	44.80	21.70	Inf	Gly	94.4	high confidence set
CM021245.1	42	32647627	32647699	Ala	CGC	0	0	67.5	42.90	24.60	Inf	Ala	99.2	high confidence set
CM021245.1	43	32669433	32669504	Gln	CTG	0	0	73.7	48.90	24.80	Inf	Gln	101.0	high confidence set
CM021245.1	44	32918938	32919010	Ala	TGC	0	0	66.6	41.40	25.20	Inf	Ala	98.8	high confidence set
CM021245.1	45	33074171	33074241	Gly	CCC	0	0	65.4	28.10	37.30	Inf	Gly	85.4	high confidence set
CM021245.1	46	33085374	33085444	Gly	CCC	0	0	65.4	28.10	37.30	Inf	Gly	85.4	high confidence set
CM021245.1	47	33132801	33132873	Arg	ACG	0	0	72.6	49.80	22.80	Inf	Arg	89.8	high confidence set
CM021245.1	48	33165318	33165246	Ala	TGC	0	0	72.4	47.70	24.70	Inf	Ala	104.1	high confidence set
CM021245.1	49	32943650	32943578	Phe	GAA	0	0	78.3	58.40	19.90	Inf	Phe	113.2	high confidence set
CM021245.1	50	32168020	32167948	Lys	CTT	0	0	87.7	67.60	20.10	Inf	Lys	106.7	high confidence set
CM021245.1	51	31807169	31807088	Ser	GCT	0	0	79.9	45.00	34.90	Inf	Ser	109.4	high confidence set
CM021245.1	52	31774803	31774729	Val	AAC	0	0	63.1	45.20	17.90	Inf	Val	87.9	high confidence set
CM021245.1	53	29728751	29728679	Lys	CTT	0	0	87.7	67.60	20.10	Inf	Lys	106.7	high confidence set
CM021245.1	56	27408902	27408831	Pro	AGG	0	0	67.4	34.70	32.70	Inf	Pro	112.3	high confidence set
CM021245.1	57	26963166	26963095	Asp	GTC	0	0	69.8	46.80	23.00	Inf	Asp	94.5	high confidence set
CM021245.1	58	26927329	26927257	Glu	CTC	0	0	77.0	51.50	25.50	Inf	Glu	91.5	high confidence set
CM021245.1	61	25027307	25027222	Tyr	GTA	25027270	25027258	74.2	42.50	31.70	Inf	Tyr	108.6	high confidence set
CM021245.1	62	23572426	23572355	Gly	TCC	0	0	70.8	46.40	24.40	Inf	Gly	80.1	high confidence set
CM021245.1	63	23472267	23472196	Gly	TCC	0	0	74.1	46.70	27.40	Inf	Gly	84.2	high confidence set
CM021245.1	64	21130963	21130892	Gly	TCC	0	0	74.1	46.70	27.40	Inf	Gly	84.2	high confidence set
CM021245.1	68	7322972	7322901	Pro	AGG	0	0	67.4	34.70	32.70	Inf	Pro	112.3	high confidence set
CM021245.1	69	7098135	7098062	Ile	AAT	0	0	85.5	59.00	26.50	Inf	Ile	109.4	high confidence set
CM021245.1	70	7026776	7026702	Phe	GAA	0	0	70.1	57.50	12.60	Inf	Phe	96.8	high confidence set
CM021245.1	71	7023390	7023318	Phe	GAA	0	0	78.3	58.40	19.90	Inf	Phe	113.2	high confidence set
CM021245.1	72	7014640	7014569	iMet	CAT	0	0	58.3	28.10	30.20	Inf	iMet	118.7	high confidence set
CM021245.1	73	6953026	6952953	Ile	AAT	0	0	83.0	54.40	28.60	Inf	Ile	104.3	high confidence set
CM021245.1	74	6827943	6827870	Asn	GTT	0	0	83.3	58.10	25.20	Inf	Asn	93.9	high confidence set
CM021245.1	75	5010849	5010779	Gly	GCC	0	0	66.5	44.80	21.70	Inf	Gly	94.4	high confidence set
CM021245.1	76	4320393	4320312	Ser	AGA	0	0	76.3	41.60	34.70	Inf	Ser	112.1	high confidence set
CM021245.1	77	3761143	3761072	Asp	GTC	0	0	69.8	46.80	23.00	Inf	Asp	94.5	high confidence set
CM021245.1	78	3761003	3760932	Asp	GTC	0	0	69.8	46.80	23.00	Inf	Asp	94.5	high confidence set
CM021245.1	79	3391648	3391568	Leu	CAG	0	0	68.4	45.70	22.70	Inf	Leu	107.6	high confidence set
CM021245.1	80	3167171	3167100	Asp	GTC	0	0	69.8	46.80	23.00	Inf	Asp	94.5	high confidence set
CM021245.1	81	2825410	2825338	Glu	CTC	0	0	76.3	50.40	25.90	Inf	Glu	91.1	high confidence set
CM021245.1	82	2789465	2789394	Thr	CGT	0	0	82.3	55.00	27.30	Inf	Thr	83.7	high confidence set
CM021245.1	83	2611779	2611708	Asp	GTC	0	0	69.8	46.80	23.00	Inf	Asp	94.5	high confidence set
CM021245.1	84	2556441	2556370	Pro	TGG	0	0	68.5	35.70	32.80	Inf	Pro	111.2	high confidence set
CM021245.1	85	775830	775758	Arg	CCG	0	0	69.5	52.30	17.20	Inf	Arg	96.0	high confidence set
CM021245.1	86	740172	740101	Lys	TTT	0	0	83.8	71.00	12.80	Inf	Lys	83.9	high confidence set
CM021245.1	87	736463	736392	Lys	TTT	0	0	83.8	71.00	12.80	Inf	Lys	83.9	high confidence set
CM021245.1	88	278585	278514	Cys	GCA	0	0	81.7	56.10	25.60	Inf	Cys	104.3	high confidence set
CM021245.1	89	194100	194029	Trp	CCA	0	0	75.8	51.20	24.60	Inf	Trp	105.6	high confidence set
CM021245.1	90	100463	100390	Arg	TCG	0	0	82.3	61.00	21.30	Inf	Arg	91.9	high confidence set
CM021246.1	1	752166	752247	Ser	GCT	0	0	80.5	45.20	35.30	Inf	Ser	109.5	high confidence set
CM021246.1	2	1588667	1588739	Phe	GAA	0	0	78.3	58.40	19.90	Inf	Phe	113.2	high confidence set
CM021246.1	4	2162535	2162608	Asn	GTT	0	0	81.4	54.70	26.70	Inf	Asn	91.8	high confidence set
CM021246.1	5	2464741	2464812	His	GTG	0	0	63.0	33.70	29.30	Inf	His	86.8	high confidence set
CM021246.1	6	2575062	2575133	His	GTG	0	0	63.0	33.70	29.30	Inf	His	86.8	high confidence set
CM021246.1	7	2669207	2669278	Lys	TTT	0	0	83.8	71.00	12.80	Inf	Lys	83.9	high confidence set
CM021246.1	8	4732675	4732746	Lys	TTT	0	0	93.3	70.60	22.70	Inf	Lys	95.1	high confidence set
CM021246.1	9	4897723	4897795	Glu	CTC	0	0	76.3	50.40	25.90	Inf	Glu	91.1	high confidence set
CM021246.1	10	5215004	5215075	Gln	CTG	0	0	71.1	46.00	25.10	Inf	Gln	100.8	high confidence set
CM021246.1	11	5433970	5434055	Tyr	GTA	5434007	5434019	74.2	42.50	31.70	Inf	Tyr	108.6	high confidence set
CM021246.1	13	16791594	16791666	Thr	TGT	0	0	69.1	50.20	18.90	Inf	Thr	82.6	high confidence set
CM021246.1	15	21529057	21529137	Leu	AAG	0	0	71.4	51.10	20.30	Inf	Leu	108.5	high confidence set
CM021246.1	16	21533507	21533587	Leu	AAG	0	0	68.6	48.70	19.90	Inf	Leu	103.5	high confidence set
CM021246.1	17	21533982	21534062	Leu	AAG	0	0	63.2	48.70	14.50	Inf	Leu	90.4	high confidence set
CM021246.1	18	21537925	21538005	Leu	AAG	0	0	71.4	51.10	20.30	Inf	Leu	108.5	high confidence set
CM021246.1	20	24523045	24523116	Pro	AGG	0	0	68.2	35.90	32.30	Inf	Pro	113.9	high confidence set
CM021246.1	21	24523764	24523835	Pro	AGG	0	0	67.4	34.70	32.70	Inf	Pro	112.3	high confidence set
CM021246.1	22	25050887	25050959	Arg	ACG	0	0	71.4	49.50	21.90	Inf	Arg	91.0	high confidence set
CM021246.1	23	26216812	26216885	Thr	AGT	0	0	76.0	48.40	27.60	Inf	Thr	90.6	high confidence set
CM021246.1	24	28159113	28159186	Ile	TAT	0	0	85.9	70.60	15.30	Inf	Ile	103.9	high confidence set
CM021246.1	25	28898196	28898267	Trp	CCA	0	0	75.8	51.20	24.60	Inf	Trp	105.6	high confidence set
CM021246.1	26	29510735	29510807	Arg	CCG	0	0	83.1	61.00	22.10	Inf	Arg	85.6	high confidence set
CM021246.1	27	29779336	29779408	Arg	CCT	0	0	74.8	55.90	18.90	Inf	Arg	84.6	high confidence set
CM021246.1	28	29973062	29973133	Pro	CGG	0	0	68.2	35.30	32.90	Inf	Pro	113.0	high confidence set
CM021246.1	29	30518337	30518426	Tyr	GTA	30518374	30518390	74.0	42.30	31.70	Inf	Tyr	108.6	high confidence set
CM021246.1	30	30743298	30743370	Phe	GAA	0	0	78.3	58.40	19.90	Inf	Phe	113.2	high confidence set
CM021246.1	31	30863552	30863633	Ser	TGA	0	0	80.7	46.10	34.60	Inf	Ser	119.7	high confidence set
CM021246.1	32	30896869	30896942	Arg	TCG	0	0	72.7	55.90	16.80	Inf	Arg	82.1	high confidence set
CM021246.1	33	31032679	31032751	Glu	CTC	0	0	76.3	50.40	25.90	Inf	Glu	91.1	high confidence set
CM021246.1	34	31725424	31725505	Ser	TGA	0	0	79.2	43.90	35.30	Inf	Ser	118.5	high confidence set
CM021246.1	35	31751447	31751535	Met	CAT	31751485	31751499	64.1	40.60	23.50	Inf	Met	104.0	high confidence set
CM021246.1	36	31901533	31901604	His	GTG	0	0	63.0	33.70	29.30	Inf	His	86.8	high confidence set
CM021246.1	37	32110263	32110334	Pro	TGG	0	0	68.5	35.70	32.80	Inf	Pro	111.2	high confidence set
CM021246.1	38	32235940	32236010	Gly	GCC	0	0	66.5	44.80	21.70	Inf	Gly	94.4	high confidence set
CM021246.1	39	32426511	32426582	Pro	CGG	0	0	69.2	36.90	32.30	Inf	Pro	112.8	high confidence set
CM021246.1	40	32564906	32564977	Glu	TTC	0	0	70.8	46.30	24.50	Inf	Glu	99.2	high confidence set
CM021246.1	41	33994873	33994800	Ile	AAT	0	0	85.5	59.00	26.50	Inf	Ile	109.4	high confidence set
CM021246.1	42	33987898	33987827	Asp	GTC	0	0	69.8	46.80	23.00	Inf	Asp	94.5	high confidence set
CM021246.1	43	33884260	33884179	Ser	AGA	0	0	76.3	41.60	34.70	Inf	Ser	112.1	high confidence set
CM021246.1	44	33884091	33884010	Ser	AGA	0	0	76.3	41.60	34.70	Inf	Ser	112.1	high confidence set
CM021246.1	45	33323051	33322980	Trp	CCA	0	0	75.8	51.20	24.60	Inf	Trp	105.6	high confidence set
CM021246.1	46	33316944	33316873	Trp	CCA	0	0	75.8	51.20	24.60	Inf	Trp	105.6	high confidence set
CM021246.1	47	33003888	33003816	Arg	CCG	0	0	66.7	50.30	16.40	Inf	Arg	89.5	high confidence set
CM021246.1	48	32443761	32443690	Pro	CGG	0	0	69.2	36.90	32.30	Inf	Pro	112.8	high confidence set
CM021246.1	49	32383488	32383415	Ile	TAT	0	0	85.9	70.60	15.30	Inf	Ile	103.9	high confidence set
CM021246.1	50	31763366	31763294	Val	TAC	0	0	74.4	44.00	30.40	Inf	Val	103.3	high confidence set
CM021246.1	51	31690980	31690909	Lys	TTT	0	0	83.8	71.00	12.80	Inf	Lys	83.9	high confidence set
CM021246.1	52	31540316	31540244	Lys	CTT	0	0	87.7	67.60	20.10	Inf	Lys	106.7	high confidence set
CM021246.1	53	30864966	30864885	Ser	CGA	0	0	77.5	44.40	33.10	Inf	Ser	120.8	high confidence set
CM021246.1	54	30680076	30679994	Leu	TAA	0	0	67.5	30.20	37.30	Inf	Leu	94.2	high confidence set
CM021246.1	55	30674201	30674129	Arg	TCT	0	0	71.3	51.70	19.60	Inf	Arg	95.1	high confidence set
CM021246.1	56	30674033	30673961	Arg	TCT	0	0	68.8	51.30	17.50	Inf	Arg	97.8	high confidence set
CM021246.1	57	30087258	30087186	Arg	CCT	0	0	74.8	55.90	18.90	Inf	Arg	84.6	high confidence set
CM021246.1	58	30044201	30044128	Val	CAC	0	0	81.5	53.50	28.00	Inf	Val	103.7	high confidence set
CM021246.1	59	29225679	29225599	Leu	AAG	0	0	71.4	51.10	20.30	Inf	Leu	108.5	high confidence set
CM021246.1	60	29170796	29170725	Asp	GTC	0	0	69.8	46.80	23.00	Inf	Asp	94.5	high confidence set
CM021246.1	61	29169793	29169722	Asp	GTC	0	0	69.8	46.80	23.00	Inf	Asp	94.5	high confidence set
CM021246.1	62	28032028	28031957	Lys	TTT	0	0	93.3	70.60	22.70	Inf	Lys	95.1	high confidence set
CM021246.1	63	27871233	27871161	Phe	GAA	0	0	78.3	58.40	19.90	Inf	Phe	113.2	high confidence set
CM021246.1	64	27400509	27400438	Lys	CTT	0	0	76.4	59.60	16.80	Inf	Lys	93.7	high confidence set
CM021246.1	65	26113327	26113243	Tyr	GTA	26113290	26113279	74.2	42.50	31.70	Inf	Tyr	108.6	high confidence set
CM021246.1	66	25894586	25894514	Arg	CCT	0	0	74.8	55.90	18.90	Inf	Arg	81.2	high confidence set
CM021246.1	67	25637440	25637361	Leu	TAG	0	0	69.5	48.50	21.00	Inf	Leu	111.5	high confidence set
CM021246.1	68	22171526	22171441	Met	CAT	22171488	22171477	64.5	41.20	23.30	Inf	Met	104.0	high confidence set
CM021246.1	69	16793025	16792939	Ser	GGA	0	0	64.6	34.80	29.80	Inf	Ser	83.2	unexpected anticodon
CM021246.1	71	16790082	16790010	Phe	GAA	0	0	72.0	48.00	24.00	Inf	Thr	76.1	IPD:-0.90,isotype mismatch
CM021246.1	73	4674263	4674168	Lys	CTT	4674226	4674204	64.2	44.30	19.90	Inf	Lys	85.2	high confidence set
CM021246.1	74	2882969	2882896	Ile	AAT	0	0	83.2	54.90	28.30	Inf	Ile	107.2	high confidence set
CM021246.1	75	1244336	1244265	Lys	TTT	0	0	83.8	71.00	12.80	Inf	Lys	83.9	high confidence set
CM021247.1	1	732322	732394	Ala	TGC	0	0	70.0	45.30	24.70	Inf	Ala	100.6	high confidence set
CM021247.1	2	1986808	1986889	Ser	GCT	0	0	80.5	45.20	35.30	Inf	Ser	109.5	high confidence set
CM021247.1	3	2387665	2387736	Thr	TGT	0	0	83.0	58.30	24.70	Inf	Thr	92.4	high confidence set
CM021247.1	4	3061545	3061626	Ser	GCT	0	0	80.5	45.20	35.30	Inf	Ser	109.5	high confidence set
CM021247.1	5	4058545	4058616	iMet	CAT	0	0	58.3	28.10	30.20	Inf	iMet	118.7	high confidence set
CM021247.1	6	4246599	4246670	Asp	GTC	0	0	69.8	46.80	23.00	Inf	Asp	94.5	high confidence set
CM021247.1	7	4424014	4424085	Cys	GCA	0	0	81.7	56.10	25.60	Inf	Cys	104.3	high confidence set
CM021247.1	9	6205666	6205750	Tyr	GTA	6205703	6205714	74.2	42.50	31.70	Inf	Tyr	108.6	high confidence set
CM021247.1	11	6438557	6438639	Leu	TAA	0	0	67.5	30.20	37.30	Inf	Leu	94.2	high confidence set
CM021247.1	12	6615279	6615362	Tyr	GTA	6615316	6615326	74.4	41.70	32.70	Inf	Tyr	105.0	high confidence set
CM021247.1	13	7305399	7305472	Thr	AGT	0	0	73.6	45.20	28.40	Inf	Thr	88.6	high confidence set
CM021247.1	14	8388480	8388564	Met	CAT	8388518	8388528	62.3	39.70	22.60	Inf	Met	100.3	high confidence set
CM021247.1	16	9888776	9888848	Ala	AGC	0	0	63.4	38.20	25.20	Inf	Ala	98.3	high confidence set
CM021247.1	17	10145289	10145359	Gly	GCC	0	0	66.5	44.80	21.70	Inf	Gly	94.4	high confidence set
CM021247.1	19	10819331	10819403	Val	TAC	0	0	74.4	44.00	30.40	Inf	Val	103.3	high confidence set
CM021247.1	20	11188411	11188482	Gly	TCC	0	0	74.1	46.70	27.40	Inf	Gly	84.2	high confidence set
CM021247.1	21	11581652	11581724	Ala	TGC	0	0	70.0	45.30	24.70	Inf	Ala	100.6	high confidence set
CM021247.1	22	13016923	13016994	Gly	TCC	0	0	74.1	46.70	27.40	Inf	Gly	84.2	high confidence set
CM021247.1	23	22966902	22966982	Leu	AAG	0	0	71.4	51.10	20.30	Inf	Leu	108.5	high confidence set
CM021247.1	24	30518899	30518970	iMet	CAT	0	0	58.3	28.10	30.20	Inf	iMet	118.7	high confidence set
CM021247.1	25	30519696	30519767	iMet	CAT	0	0	58.3	28.10	30.20	Inf	iMet	118.7	high confidence set
CM021247.1	26	31071448	31071529	Ser	GCT	0	0	80.5	45.20	35.30	Inf	Ser	109.5	high confidence set
CM021247.1	27	31071625	31071706	Ser	GCT	0	0	75.6	43.00	32.60	Inf	Ser	106.1	high confidence set
CM021247.1	28	31111290	31111371	Ser	GCT	0	0	80.5	45.20	35.30	Inf	Ser	109.5	high confidence set
CM021247.1	29	31111451	31111532	Ser	GCT	0	0	79.9	45.00	34.90	Inf	Ser	109.4	high confidence set
CM021247.1	30	31240059	31240130	iMet	CAT	0	0	58.3	28.10	30.20	Inf	iMet	118.7	high confidence set
CM021247.1	31	32072382	32072466	Met	CAT	32072420	32072430	64.2	40.80	23.40	Inf	Met	104.0	high confidence set
CM021247.1	32	32074904	32074988	Met	CAT	32074942	32074952	64.2	40.80	23.40	Inf	Met	104.0	high confidence set
CM021247.1	33	32078966	32079039	Ile	AAT	0	0	83.0	54.40	28.60	Inf	Ile	104.3	high confidence set
CM021247.1	34	32154164	32154236	Arg	ACG	0	0	72.9	50.30	22.60	Inf	Arg	88.9	high confidence set
CM021247.1	35	32174661	32174734	Ile	AAT	0	0	83.0	54.40	28.60	Inf	Ile	104.3	high confidence set
CM021247.1	36	32611466	32611537	Gln	CTG	0	0	71.6	46.60	25.00	Inf	Gln	98.9	high confidence set
CM021247.1	37	32622948	32623028	Leu	AAG	0	0	71.4	51.10	20.30	Inf	Leu	108.5	high confidence set
CM021247.1	38	32890400	32890329	Pro	CGG	0	0	68.2	35.30	32.90	Inf	Pro	113.0	high confidence set
CM021247.1	39	32877737	32877666	Pro	CGG	0	0	68.2	35.30	32.90	Inf	Pro	113.0	high confidence set
CM021247.1	40	32825429	32825358	Pro	CGG	0	0	68.2	35.30	32.90	Inf	Pro	113.0	high confidence set
CM021247.1	41	32509691	32509620	His	GTG	0	0	63.0	33.70	29.30	Inf	His	87.1	high confidence set
CM021247.1	42	32497951	32497880	His	GTG	0	0	63.0	33.70	29.30	Inf	His	87.1	high confidence set
CM021247.1	43	32311289	32311216	Val	CAC	0	0	81.5	53.50	28.00	Inf	Val	103.7	high confidence set
CM021247.1	44	32070688	32070615	Ile	AAT	0	0	80.5	52.00	28.50	Inf	Ile	101.8	high confidence set
CM021247.1	45	32004624	32004551	Ile	AAT	0	0	86.4	57.90	28.50	Inf	Ile	108.4	high confidence set
CM021247.1	46	31745725	31745653	Ala	CGC	0	0	68.3	44.10	24.20	Inf	Ala	99.2	high confidence set
CM021247.1	47	31067497	31067416	Ser	GCT	0	0	79.9	45.00	34.90	Inf	Ser	109.4	high confidence set
CM021247.1	48	29742622	29742550	Arg	ACG	0	0	72.2	49.20	23.00	Inf	Arg	94.8	high confidence set
CM021247.1	49	29303551	29303480	Gln	CTG	0	0	71.1	46.00	25.10	Inf	Gln	100.8	high confidence set
CM021247.1	50	27270805	27270733	Arg	TCT	0	0	71.3	51.40	19.90	Inf	Arg	88.7	high confidence set
CM021247.1	52	23020668	23020597	Glu	TTC	0	0	62.9	38.40	24.50	Inf	Glu	91.6	high confidence set
CM021247.1	54	13124849	13124778	Gly	TCC	0	0	74.1	46.70	27.40	Inf	Gly	84.2	high confidence set
CM021247.1	55	11536213	11536142	Cys	GCA	0	0	80.8	53.70	27.10	Inf	Cys	103.2	high confidence set
CM021247.1	56	11535325	11535254	Cys	GCA	0	0	80.8	53.70	27.10	Inf	Cys	103.2	high confidence set
CM021247.1	57	11529549	11529478	His	GTG	0	0	51.7	31.90	19.80	Inf	His	71.7	high confidence set
CM021247.1	58	10373525	10373455	Gly	GCC	0	0	66.5	44.80	21.70	Inf	Gly	94.4	high confidence set
CM021247.1	59	10331818	10331748	Gly	GCC	0	0	52.4	35.00	17.40	Inf	Gly	82.5	high confidence set
CM021247.1	60	10331496	10331426	Gly	GCC	0	0	58.8	37.00	21.80	Inf	Gly	88.4	high confidence set
CM021247.1	61	8996225	8996152	Asn	GTT	0	0	83.3	58.10	25.20	Inf	Asn	93.9	high confidence set
CM021247.1	62	8104082	8104011	Asp	GTC	0	0	69.8	46.80	23.00	Inf	Asp	94.5	high confidence set
CM021247.1	63	8009440	8009369	Lys	TTT	0	0	92.5	69.70	22.80	Inf	Lys	94.5	high confidence set
CM021247.1	65	7921229	7921158	Pro	TGG	0	0	58.3	31.70	26.60	Inf	Pro	97.1	high confidence set
CM021247.1	66	7919059	7918988	Pro	TGG	0	0	68.5	35.70	32.80	Inf	Pro	111.2	high confidence set
CM021247.1	67	7917023	7916952	Pro	TGG	0	0	68.5	35.70	32.80	Inf	Pro	111.2	high confidence set
CM021247.1	68	7916712	7916641	Pro	TGG	0	0	68.5	35.70	32.80	Inf	Pro	111.2	high confidence set
CM021247.1	69	7916005	7915934	Pro	AGG	0	0	67.4	34.70	32.70	Inf	Pro	112.3	high confidence set
CM021247.1	70	7915466	7915395	Pro	TGG	0	0	68.5	35.70	32.80	Inf	Pro	111.2	high confidence set
CM021247.1	71	7914832	7914761	Pro	TGG	0	0	68.5	35.70	32.80	Inf	Pro	111.2	high confidence set
CM021247.1	72	7913670	7913599	Pro	CGG	0	0	69.5	36.80	32.70	Inf	Pro	108.6	high confidence set
CM021247.1	73	7912729	7912658	Pro	AGG	0	0	67.4	34.70	32.70	Inf	Pro	112.3	high confidence set
CM021247.1	74	7912396	7912325	Pro	TGG	0	0	68.5	35.70	32.80	Inf	Pro	111.2	high confidence set
CM021247.1	75	7298401	7298318	Leu	CAA	0	0	79.5	54.50	25.00	Inf	Leu	126.8	high confidence set
CM021247.1	76	7199966	7199882	Met	CAT	7199928	7199918	64.2	40.80	23.40	Inf	Met	104.0	high confidence set
CM021247.1	77	6658928	6658855	Asn	GTT	0	0	83.3	58.10	25.20	Inf	Asn	93.9	high confidence set
CM021247.1	78	6658106	6658027	Leu	TAG	0	0	69.5	48.50	21.00	Inf	Leu	111.5	high confidence set
CM021247.1	79	6438915	6438833	Leu	TAA	0	0	61.3	24.00	37.30	Inf	Leu	87.6	high confidence set
CM021247.1	80	6373386	6373314	Arg	TCT	0	0	68.1	50.50	17.60	Inf	Arg	100.7	high confidence set
CM021247.1	81	5429094	5429023	iMet	CAT	0	0	58.3	28.10	30.20	Inf	iMet	118.7	high confidence set
CM021247.1	82	5402819	5402747	Glu	CTC	0	0	76.3	50.40	25.90	Inf	Glu	91.1	high confidence set
CM021247.1	83	2928889	2928819	Gly	GCC	0	0	66.5	44.80	21.70	Inf	Gly	94.4	high confidence set
CM021247.1	84	2580136	2580064	Arg	ACG	0	0	72.9	50.30	22.60	Inf	Arg	88.9	high confidence set
CM021247.1	85	1556794	1556722	Arg	TCT	0	0	71.0	51.20	19.80	Inf	Arg	99.1	high confidence set
CM021247.1	86	1023128	1023056	Glu	CTC	0	0	76.9	51.10	25.80	Inf	Glu	90.4	high confidence set
CM021247.1	87	728778	728706	Phe	GAA	0	0	78.3	58.40	19.90	Inf	Phe	113.2	high confidence set
CM021247.1	88	498839	498765	Asp	GTC	0	0	53.1	39.70	13.40	Inf	Asp	71.1	trunc_start:3,high confidence set
CM021247.1	89	437667	437595	Ala	CGC	0	0	68.3	44.10	24.20	Inf	Ala	99.2	high confidence set
CM021247.1	90	381299	381227	Ala	CGC	0	0	68.3	44.10	24.20	Inf	Ala	99.2	high confidence set
CM021248.1	2	602508	602579	Cys	GCA	0	0	81.7	59.20	22.50	Inf	Cys	104.2	high confidence set
CM021248.1	3	1553640	1553711	Asp	GTC	0	0	69.8	46.80	23.00	Inf	Asp	94.5	high confidence set
CM021248.1	4	1557143	1557214	Asp	GTC	0	0	69.8	46.80	23.00	Inf	Asp	94.5	high confidence set
CM021248.1	6	2998337	2998408	Pro	AGG	0	0	67.4	34.70	32.70	Inf	Pro	112.3	high confidence set
CM021248.1	7	4774195	4774268	Asn	GTT	0	0	83.3	58.10	25.20	Inf	Asn	93.9	high confidence set
CM021248.1	14	23180656	23180727	Pro	AGG	0	0	67.4	34.70	32.70	Inf	Pro	112.3	high confidence set
CM021248.1	15	23422638	23422710	Lys	CTT	0	0	87.7	67.60	20.10	Inf	Lys	106.7	high confidence set
CM021248.1	16	23738583	23738656	Thr	AGT	0	0	65.7	49.30	16.40	Inf	Thr	77.5	high confidence set
CM021248.1	17	23858242	23858314	Val	TAC	0	0	69.6	42.80	26.80	Inf	Val	99.4	high confidence set
CM021248.1	18	24027951	24028024	Thr	AGT	0	0	73.6	45.20	28.40	Inf	Thr	88.6	high confidence set
CM021248.1	19	24034110	24034190	Leu	CAG	0	0	72.4	51.00	21.40	Inf	Leu	105.7	high confidence set
CM021248.1	20	25461010	25461089	Leu	TAG	0	0	69.5	48.50	21.00	Inf	Leu	111.5	high confidence set
CM021248.1	21	25659540	25659612	Glu	CTC	0	0	71.6	51.50	20.10	Inf	Glu	86.3	high confidence set
CM021248.1	22	25813095	25813167	Glu	CTC	0	0	76.3	50.40	25.90	Inf	Glu	91.1	high confidence set
CM021248.1	23	28135181	28135254	Asn	GTT	0	0	83.6	58.80	24.80	Inf	Asn	96.8	high confidence set
CM021248.1	24	28137702	28137775	Asn	GTT	0	0	84.0	60.60	23.40	Inf	Asn	96.9	high confidence set
CM021248.1	25	28288771	28288843	Lys	CTT	0	0	87.7	67.60	20.10	Inf	Lys	106.7	high confidence set
CM021248.1	26	28289181	28289253	Lys	CTT	0	0	87.7	67.60	20.10	Inf	Lys	106.7	high confidence set
CM021248.1	27	29113155	29113237	Leu	CAA	0	0	82.5	55.70	26.80	Inf	Leu	127.0	high confidence set
CM021248.1	28	29333415	29333487	Ala	CGC	0	0	68.3	44.10	24.20	Inf	Ala	99.2	high confidence set
CM021248.1	29	29824849	29824930	Ser	GCT	0	0	82.2	46.20	36.00	Inf	Ser	104.2	high confidence set
CM021248.1	30	30928809	30928881	Ala	AGC	0	0	63.4	38.20	25.20	Inf	Ala	98.3	high confidence set
CM021248.1	31	31089939	31090010	iMet	CAT	0	0	58.3	28.10	30.20	Inf	iMet	118.7	high confidence set
CM021248.1	32	31289443	31289515	Phe	GAA	0	0	78.3	58.40	19.90	Inf	Phe	113.2	high confidence set
CM021248.1	33	31794752	31794822	Gly	GCC	0	0	66.5	44.80	21.70	Inf	Gly	94.4	high confidence set
CM021248.1	34	32144452	32144533	Ser	GCT	0	0	80.5	45.20	35.30	Inf	Ser	109.5	high confidence set
CM021248.1	35	32465326	32465397	Pro	TGG	0	0	69.2	36.90	32.30	Inf	Pro	112.8	high confidence set
CM021248.1	36	33399102	33399174	Arg	TCT	0	0	70.7	50.70	20.00	Inf	Arg	91.3	high confidence set
CM021248.1	37	33485103	33485175	Arg	ACG	0	0	72.9	50.30	22.60	Inf	Arg	88.9	high confidence set
CM021248.1	38	34003739	34003811	Arg	TCT	0	0	70.7	50.70	20.00	Inf	Arg	91.3	high confidence set
CM021248.1	39	34298155	34298236	Ser	CGA	0	0	79.4	41.80	37.60	Inf	Ser	120.5	high confidence set
CM021248.1	40	34924809	34924881	Arg	TCT	0	0	70.9	52.60	18.30	Inf	Arg	92.3	high confidence set
CM021248.1	41	35278410	35278482	Glu	CTC	0	0	76.3	50.40	25.90	Inf	Glu	91.1	high confidence set
CM021248.1	42	36008385	36008457	Glu	CTC	0	0	76.3	50.40	25.90	Inf	Glu	91.1	high confidence set
CM021248.1	43	36094211	36094283	Glu	CTC	0	0	76.3	50.40	25.90	Inf	Glu	91.1	high confidence set
CM021248.1	44	36136632	36136704	Glu	CTC	0	0	76.3	50.40	25.90	Inf	Glu	91.1	high confidence set
CM021248.1	45	36167791	36167862	Pro	CGG	0	0	68.2	35.30	32.90	Inf	Pro	113.0	high confidence set
CM021248.1	46	36590153	36590224	Glu	TTC	0	0	70.8	46.30	24.50	Inf	Glu	99.2	high confidence set
CM021248.1	47	36618392	36618465	Asn	GTT	0	0	83.7	58.60	25.10	Inf	Asn	90.4	high confidence set
CM021248.1	48	37386606	37386678	Arg	ACG	0	0	72.6	49.80	22.80	Inf	Arg	89.8	high confidence set
CM021248.1	49	37794094	37794177	Tyr	GTA	37794131	37794141	74.3	42.50	31.80	Inf	Tyr	108.6	high confidence set
CM021248.1	50	37743854	37743783	His	GTG	0	0	63.0	33.70	29.30	Inf	His	86.8	high confidence set
CM021248.1	51	37562114	37562043	Trp	CCA	0	0	75.8	51.20	24.60	Inf	Trp	105.6	high confidence set
CM021248.1	52	37537770	37537697	Val	CAC	0	0	78.2	54.60	23.60	Inf	Val	97.1	high confidence set
CM021248.1	53	37332535	37332462	Ile	AAT	0	0	83.0	56.50	26.50	Inf	Ile	106.9	high confidence set
CM021248.1	54	37332382	37332309	Ile	AAT	0	0	85.5	59.00	26.50	Inf	Ile	109.4	high confidence set
CM021248.1	56	36391001	36390928	Ile	TAT	0	0	85.9	70.60	15.30	Inf	Ile	103.9	high confidence set
CM021248.1	57	35140110	35140038	Arg	CCT	0	0	66.6	45.40	21.20	Inf	Arg	78.6	high confidence set
CM021248.1	58	33828385	33828312	Thr	AGT	0	0	73.6	45.20	28.40	Inf	Thr	88.6	high confidence set
CM021248.1	59	33708101	33708017	Met	CAT	33708063	33708053	64.2	40.80	23.40	Inf	Met	104.0	high confidence set
CM021248.1	61	31595221	31595149	Ala	CGC	0	0	68.3	44.10	24.20	Inf	Ala	99.2	high confidence set
CM021248.1	62	31592744	31592673	Gln	CTG	0	0	71.1	46.00	25.10	Inf	Gln	100.8	high confidence set
CM021248.1	63	30795713	30795640	Ile	AAT	0	0	83.0	54.40	28.60	Inf	Ile	104.3	high confidence set
CM021248.1	64	30795550	30795477	Ile	AAT	0	0	83.0	54.40	28.60	Inf	Ile	104.3	high confidence set
CM021248.1	65	30795392	30795319	Ile	AAT	0	0	83.0	54.40	28.60	Inf	Ile	104.3	high confidence set
CM021248.1	66	30758138	30758067	Pro	TGG	0	0	69.2	36.90	32.30	Inf	Pro	112.8	high confidence set
CM021248.1	67	30420540	30420457	Leu	CAA	0	0	77.6	52.60	25.00	Inf	Leu	118.0	high confidence set
CM021248.1	68	30413699	30413616	Leu	CAA	0	0	76.7	54.50	22.20	Inf	Leu	116.5	high confidence set
CM021248.1	69	30393180	30393099	Ser	TGA	0	0	80.7	46.10	34.60	Inf	Ser	119.7	high confidence set
CM021248.1	70	30324609	30324537	Lys	CTT	0	0	87.7	67.60	20.10	Inf	Lys	106.7	high confidence set
CM021248.1	71	29421636	29421566	Gly	CCC	0	0	65.4	28.10	37.30	Inf	Gly	85.4	high confidence set
CM021248.1	73	28230230	28230158	Lys	CTT	0	0	87.7	67.60	20.10	Inf	Lys	106.7	high confidence set
CM021248.1	74	27864918	27864833	Tyr	GTA	27864881	27864869	74.2	42.50	31.70	Inf	Tyr	108.6	high confidence set
CM021248.1	75	26550463	26550390	Thr	AGT	0	0	74.7	46.20	28.50	Inf	Thr	89.4	high confidence set
CM021248.1	76	26550281	26550208	Thr	AGT	0	0	73.6	45.20	28.40	Inf	Thr	88.6	high confidence set
CM021248.1	77	25843789	25843718	Gly	TCC	0	0	74.1	46.70	27.40	Inf	Gly	84.2	high confidence set
CM021248.1	78	25180128	25180057	Cys	GCA	0	0	81.7	56.10	25.60	Inf	Cys	104.3	high confidence set
CM021248.1	79	24983027	24982956	Trp	CCA	0	0	75.8	51.20	24.60	Inf	Trp	105.6	high confidence set
CM021248.1	80	24662520	24662440	Leu	CAG	0	0	72.4	51.00	21.40	Inf	Leu	105.7	high confidence set
CM021248.1	84	21341574	21341501	Thr	AGT	0	0	76.0	48.40	27.60	Inf	Thr	90.6	high confidence set
CM021248.1	86	18223678	18223598	Leu	AAG	0	0	69.9	49.30	20.60	Inf	Leu	105.0	high confidence set
CM021248.1	87	17986793	17986713	Leu	AAG	0	0	69.9	49.30	20.60	Inf	Leu	105.0	high confidence set
CM021248.1	90	4196603	4196530	Val	CAC	0	0	81.5	53.50	28.00	Inf	Val	103.7	high confidence set
CM021248.1	91	4193619	4193546	Val	CAC	0	0	80.2	53.50	26.70	Inf	Val	101.5	high confidence set
CM021248.1	92	4163649	4163576	Val	CAC	0	0	81.5	53.50	28.00	Inf	Val	103.7	high confidence set
CM021248.1	93	3510885	3510812	Ile	AAT	0	0	83.0	54.40	28.60	Inf	Ile	104.3	high confidence set
CM021248.1	94	3505326	3505253	Ile	AAT	0	0	83.0	54.40	28.60	Inf	Ile	104.3	high confidence set
CM021248.1	95	2579270	2579198	Ala	AGC	0	0	63.4	38.20	25.20	Inf	Ala	98.3	high confidence set
CM021248.1	96	308343	308260	Leu	CAA	0	0	80.2	53.70	26.50	Inf	Leu	122.5	high confidence set
CM021249.1	1	321652	321724	Ala	AGC	0	0	63.4	38.20	25.20	Inf	Ala	98.3	high confidence set
CM021249.1	2	663383	663456	Val	AAC	0	0	72.5	48.10	24.40	Inf	Val	100.2	high confidence set
CM021249.1	3	771249	771330	Ser	CGA	0	0	78.9	46.60	32.30	Inf	Ser	122.0	high confidence set
CM021249.1	4	1086227	1086320	Tyr	GTA	1086264	1086284	73.9	42.20	31.70	Inf	Tyr	108.6	high confidence set
CM021249.1	5	1263684	1263766	Leu	TAA	0	0	72.9	35.60	37.30	Inf	Leu	100.3	high confidence set
CM021249.1	6	1279630	1279702	Arg	TCT	0	0	71.0	51.20	19.80	Inf	Arg	99.1	high confidence set
CM021249.1	7	2234415	2234487	Arg	CCT	0	0	74.8	55.90	18.90	Inf	Arg	84.6	high confidence set
CM021249.1	8	2312305	2312376	Asp	GTC	0	0	69.8	46.80	23.00	Inf	Asp	94.5	high confidence set
CM021249.1	9	2328932	2329005	Val	CAC	0	0	81.5	53.50	28.00	Inf	Val	103.7	high confidence set
CM021249.1	10	3145675	3145758	Leu	CAA	0	0	76.7	54.50	22.20	Inf	Leu	123.1	high confidence set
CM021249.1	11	3864341	3864414	Val	AAC	0	0	72.5	48.10	24.40	Inf	Val	100.2	high confidence set
CM021249.1	12	3997919	3997999	Leu	AAG	0	0	71.4	51.10	20.30	Inf	Leu	108.5	high confidence set
CM021249.1	13	4296537	4296609	Arg	CCT	0	0	74.8	55.90	18.90	Inf	Arg	84.6	high confidence set
CM021249.1	14	4670777	4670847	Gly	TCC	0	0	61.1	40.20	20.90	Inf	Gly	72.2	high confidence set
CM021249.1	15	4675362	4675434	Gly	TCC	0	0	66.2	43.80	22.40	Inf	Gly	76.2	high confidence set
CM021249.1	17	5679901	5679972	Lys	TTT	0	0	83.8	71.00	12.80	Inf	Lys	83.9	high confidence set
CM021249.1	18	5745701	5745773	Lys	CTT	0	0	87.7	67.60	20.10	Inf	Lys	106.7	high confidence set
CM021249.1	19	5992519	5992590	Asp	GTC	0	0	60.8	47.00	13.80	Inf	Asp	80.4	high confidence set
CM021249.1	20	6268544	6268617	Val	CAC	0	0	81.5	53.50	28.00	Inf	Val	103.7	high confidence set
CM021249.1	21	6608148	6608221	Ile	AAT	0	0	83.0	54.40	28.60	Inf	Ile	104.3	high confidence set
CM021249.1	22	6608307	6608380	Ile	AAT	0	0	83.0	54.40	28.60	Inf	Ile	104.3	high confidence set
CM021249.1	23	6612417	6612488	Asp	GTC	0	0	69.8	46.80	23.00	Inf	Asp	94.5	high confidence set
CM021249.1	24	6838268	6838349	Ser	AGA	0	0	77.0	42.20	34.80	Inf	Ser	112.5	high confidence set
CM021249.1	25	7708717	7708788	Trp	CCA	0	0	75.8	51.20	24.60	Inf	Trp	105.6	high confidence set
CM021249.1	26	8035812	8035883	Pro	TGG	0	0	69.2	36.90	32.30	Inf	Pro	112.8	high confidence set
CM021249.1	27	8209433	8209503	Gly	GCC	0	0	66.5	44.80	21.70	Inf	Gly	94.4	high confidence set
CM021249.1	28	9479933	9480004	Gln	CTG	0	0	74.7	50.50	24.20	Inf	Gln	100.9	high confidence set
CM021249.1	29	10345222	10345295	Val	AAC	0	0	67.0	48.40	18.60	Inf	Val	91.1	high confidence set
CM021249.1	31	10731131	10731202	Asp	GTC	0	0	69.8	46.80	23.00	Inf	Asp	94.5	high confidence set
CM021249.1	32	11964356	11964429	Val	CAC	0	0	81.5	53.50	28.00	Inf	Val	103.7	high confidence set
CM021249.1	34	13268695	13268767	Phe	GAA	0	0	75.0	58.10	16.90	Inf	Phe	108.7	high confidence set
CM021249.1	35	13278151	13278222	Phe	GAA	0	0	53.5	37.00	16.50	Inf	Phe	83.3	high confidence set
CM021249.1	36	13362610	13362682	Phe	GAA	0	0	78.3	58.40	19.90	Inf	Phe	113.2	high confidence set
CM021249.1	37	13451467	13451538	iMet	CAT	0	0	56.4	24.80	31.60	Inf	iMet	116.1	high confidence set
CM021249.1	38	14029250	14029322	Phe	GAA	0	0	78.3	58.40	19.90	Inf	Phe	113.2	high confidence set
CM021249.1	39	14482656	14482726	Gly	CCC	0	0	65.4	28.10	37.30	Inf	Gly	85.4	high confidence set
CM021249.1	40	15630350	15630433	Leu	CAA	0	0	71.9	53.70	18.20	Inf	Leu	116.1	high confidence set
CM021249.1	41	15634275	15634358	Leu	CAA	0	0	78.5	55.10	23.40	Inf	Leu	119.0	high confidence set
CM021249.1	42	15881394	15881475	Ser	TGA	0	0	71.5	44.50	27.00	Inf	Ser	113.3	high confidence set
CM021249.1	45	29898367	29898438	Cys	GCA	0	0	81.7	59.20	22.50	Inf	Cys	104.2	high confidence set
CM021249.1	46	30290143	30290226	Tyr	GTA	30290180	30290190	74.3	42.60	31.70	Inf	Tyr	108.6	high confidence set
CM021249.1	47	30290681	30290764	Tyr	GTA	30290718	30290728	74.3	42.50	31.80	Inf	Tyr	108.6	high confidence set
CM021249.1	48	30294975	30295060	Tyr	GTA	30295012	30295024	74.2	42.50	31.70	Inf	Tyr	108.6	high confidence set
CM021249.1	49	30583403	30583474	Thr	TGT	0	0	83.0	58.30	24.70	Inf	Thr	92.4	high confidence set
CM021249.1	50	31081945	31082018	Val	AAC	0	0	70.3	50.20	20.10	Inf	Val	96.4	high confidence set
CM021249.1	51	31268069	31268141	Lys	CTT	0	0	87.7	67.60	20.10	Inf	Lys	106.7	high confidence set
CM021249.1	53	33861246	33861318	Phe	GAA	0	0	78.3	58.40	19.90	Inf	Phe	113.2	high confidence set
CM021249.1	54	34945348	34945420	Phe	GAA	0	0	78.3	58.40	19.90	Inf	Phe	113.2	high confidence set
CM021249.1	55	34948626	34948698	Phe	GAA	0	0	59.9	42.40	17.50	Inf	Phe	91.8	high confidence set
CM021249.1	56	36094336	36094264	Lys	CTT	0	0	87.7	67.60	20.10	Inf	Lys	106.7	high confidence set
CM021249.1	57	35380084	35380013	Gln	CTG	0	0	71.2	46.50	24.70	Inf	Gln	101.3	high confidence set
CM021249.1	58	34776515	34776444	His	GTG	0	0	63.0	33.70	29.30	Inf	His	87.1	high confidence set
CM021249.1	59	34028620	34028549	Pro	AGG	0	0	67.4	34.70	32.70	Inf	Pro	112.3	high confidence set
CM021249.1	60	33963822	33963751	Thr	TGT	0	0	83.0	58.30	24.70	Inf	Thr	92.4	high confidence set
CM021249.1	62	33903002	33902931	Gln	CTG	0	0	63.3	48.40	14.90	Inf	Gln	93.4	high confidence set
CM021249.1	64	31460092	31460019	Asn	GTT	0	0	82.0	58.30	23.70	Inf	Asn	90.3	high confidence set
CM021249.1	65	30531683	30531611	Ala	AGC	0	0	63.4	38.20	25.20	Inf	Ala	98.3	high confidence set
CM021249.1	66	30335508	30335425	Leu	CAA	0	0	82.0	55.00	27.00	Inf	Leu	127.3	high confidence set
CM021249.1	67	20497250	20497179	Asp	GTC	0	0	54.7	38.90	15.80	Inf	Asp	82.8	high confidence set
CM021249.1	69	18511474	18511403	Gln	TTG	0	0	73.5	53.70	19.80	Inf	Gln	104.8	high confidence set
CM021249.1	70	17811392	17811311	Ser	AGA	0	0	76.0	39.60	36.40	Inf	Ser	109.8	high confidence set
CM021249.1	71	15401030	15400959	Lys	TTT	0	0	83.8	71.00	12.80	Inf	Lys	83.9	high confidence set
CM021249.1	72	14065368	14065289	Leu	TAG	0	0	69.5	48.50	21.00	Inf	Leu	111.5	high confidence set
CM021249.1	73	13860278	13860206	Phe	GAA	0	0	78.3	58.40	19.90	Inf	Phe	113.2	high confidence set
CM021249.1	74	13762274	13762202	Phe	GAA	0	0	78.3	58.40	19.90	Inf	Phe	113.2	high confidence set
CM021249.1	75	13758180	13758108	Phe	GAA	0	0	78.3	58.40	19.90	Inf	Phe	113.2	high confidence set
CM021249.1	76	12883532	12883461	Pro	CGG	0	0	68.2	35.30	32.90	Inf	Pro	113.0	high confidence set
CM021249.1	77	12344562	12344489	Ile	AAT	0	0	85.5	59.00	26.50	Inf	Ile	109.4	high confidence set
CM021249.1	78	12166317	12166236	Ser	CGA	0	0	83.5	48.90	34.60	Inf	Ser	128.4	high confidence set
CM021249.1	79	12148505	12148434	Pro	TGG	0	0	69.2	36.90	32.30	Inf	Pro	112.8	high confidence set
CM021249.1	80	11377902	11377831	iMet	CAT	0	0	58.3	28.10	30.20	Inf	iMet	118.7	high confidence set
CM021249.1	81	11146491	11146410	Ser	CGA	0	0	81.0	46.40	34.60	Inf	Ser	125.2	high confidence set
CM021249.1	82	11041184	11041112	Glu	CTC	0	0	76.3	50.40	25.90	Inf	Glu	91.1	high confidence set
CM021249.1	83	10654390	10654319	Gly	TCC	0	0	74.1	46.70	27.40	Inf	Gly	84.2	high confidence set
CM021249.1	84	10647529	10647458	Gly	TCC	0	0	74.1	46.70	27.40	Inf	Gly	84.2	high confidence set
CM021249.1	85	9259415	9259344	Asp	GTC	0	0	60.8	47.00	13.80	Inf	Asp	80.4	high confidence set
CM021249.1	86	9029129	9029058	Cys	GCA	0	0	81.7	56.10	25.60	Inf	Cys	104.3	high confidence set
CM021249.1	87	9025755	9025684	Cys	GCA	0	0	81.7	56.10	25.60	Inf	Cys	104.3	high confidence set
CM021249.1	88	8892643	8892562	Ser	AGA	0	0	72.6	38.10	34.50	Inf	Ser	107.3	high confidence set
CM021249.1	89	7697145	7697074	Trp	CCA	0	0	75.8	51.20	24.60	Inf	Trp	105.6	high confidence set
CM021249.1	91	7282606	7282535	Glu	TTC	0	0	70.8	46.30	24.50	Inf	Glu	99.2	high confidence set
CM021249.1	92	4719226	4719154	Phe	GAA	0	0	78.3	58.40	19.90	Inf	Phe	113.2	high confidence set
CM021249.1	93	4620748	4620677	Gly	TCC	0	0	74.1	46.70	27.40	Inf	Gly	84.2	high confidence set
CM021249.1	94	4258095	4258014	Ser	GCT	0	0	80.5	45.20	35.30	Inf	Ser	109.5	high confidence set
CM021249.1	95	4171203	4171131	Arg	ACG	0	0	72.5	49.90	22.60	Inf	Arg	90.9	high confidence set
CM021249.1	96	3430266	3430194	Ala	AGC	0	0	63.4	38.20	25.20	Inf	Ala	98.3	high confidence set
CM021249.1	97	3378454	3378382	Ala	CGC	0	0	61.1	39.40	21.70	Inf	Ala	91.1	high confidence set
CM021249.1	98	3165824	3165752	Ala	AGC	0	0	63.4	38.20	25.20	Inf	Ala	98.3	high confidence set
CM021249.1	99	2980205	2980120	Tyr	GTA	2980168	2980156	74.2	42.50	31.70	Inf	Tyr	108.6	high confidence set
CM021249.1	100	2853191	2853121	Gly	GCC	0	0	66.5	44.80	21.70	Inf	Gly	94.4	high confidence set
CM021249.1	101	2642554	2642473	Ser	GCT	0	0	80.5	45.20	35.30	Inf	Ser	109.5	high confidence set
CM021249.1	102	2378693	2378614	Leu	TAG	0	0	69.5	48.50	21.00	Inf	Leu	111.5	high confidence set
CM021249.1	103	1237559	1237479	Leu	AAG	0	0	71.4	51.10	20.30	Inf	Leu	108.5	high confidence set
CM021249.1	104	1090564	1090492	Phe	GAA	0	0	78.3	58.40	19.90	Inf	Phe	113.2	high confidence set
CM021249.1	105	827311	827230	Ser	TGA	0	0	81.1	46.70	34.40	Inf	Ser	122.5	high confidence set
CM021249.1	106	758161	758088	Arg	TCG	0	0	82.3	61.00	21.30	Inf	Arg	91.9	high confidence set
CM021249.1	107	712673	712602	His	GTG	0	0	53.7	30.70	23.00	Inf	His	77.4	high confidence set
CM021249.1	108	633071	632999	Lys	CTT	0	0	87.7	67.60	20.10	Inf	Lys	106.7	high confidence set
CM021249.1	109	481743	481673	Gly	GCC	0	0	66.5	44.80	21.70	Inf	Gly	94.4	high confidence set
CM021250.1	1	323093	323166	Ile	AAT	0	0	85.5	59.00	26.50	Inf	Ile	109.4	high confidence set
CM021250.1	2	766691	766762	iMet	CAT	0	0	58.3	28.10	30.20	Inf	iMet	118.7	high confidence set
CM021250.1	3	1020577	1020650	Asn	GTT	0	0	83.3	58.10	25.20	Inf	Asn	93.9	high confidence set
CM021250.1	4	1096470	1096551	Ser	GCT	0	0	80.5	45.20	35.30	Inf	Ser	109.5	high confidence set
CM021250.1	5	1187848	1187932	Met	CAT	1187886	1187896	64.2	40.80	23.40	Inf	Met	104.0	high confidence set
CM021250.1	6	1207623	1207707	Met	CAT	1207661	1207671	64.5	41.30	23.20	Inf	Met	104.0	high confidence set
CM021250.1	7	1473820	1473891	His	GTG	0	0	63.0	33.70	29.30	Inf	His	91.2	high confidence set
CM021250.1	8	3808698	3808769	Gln	TTG	0	0	73.5	53.70	19.80	Inf	Gln	104.8	high confidence set
CM021250.1	9	4767839	4767922	Leu	CAA	0	0	78.5	55.10	23.40	Inf	Leu	119.0	high confidence set
CM021250.1	10	5367699	5367770	Glu	TTC	0	0	69.9	45.30	24.60	Inf	Glu	99.4	high confidence set
CM021250.1	11	6288971	6289042	Lys	TTT	0	0	83.8	71.00	12.80	Inf	Lys	83.9	high confidence set
CM021250.1	12	7231224	7231296	Ala	AGC	0	0	63.4	38.20	25.20	Inf	Ala	98.3	high confidence set
CM021250.1	13	7776879	7776952	Val	AAC	0	0	72.5	48.10	24.40	Inf	Val	100.2	high confidence set
CM021250.1	14	7919118	7919198	Leu	AAG	0	0	69.9	49.30	20.60	Inf	Leu	105.0	high confidence set
CM021250.1	15	8550641	8550714	Ile	AAT	0	0	85.2	58.50	26.70	Inf	Ile	106.5	high confidence set
CM021250.1	16	8580458	8580542	Tyr	GTA	8580495	8580506	74.2	42.50	31.70	Inf	Tyr	108.6	high confidence set
CM021250.1	17	8932500	8932571	Thr	CGT	0	0	82.3	55.00	27.30	Inf	Thr	83.7	high confidence set
CM021250.1	18	8945583	8945654	Thr	CGT	0	0	78.9	54.70	24.20	Inf	Thr	87.3	high confidence set
CM021250.1	19	8989172	8989244	Ala	TGC	0	0	70.0	45.30	24.70	Inf	Ala	100.6	high confidence set
CM021250.1	22	9197604	9197676	Ala	AGC	0	0	63.4	38.20	25.20	Inf	Ala	98.3	high confidence set
CM021250.1	23	9197745	9197817	Ala	AGC	0	0	63.4	38.20	25.20	Inf	Ala	98.3	high confidence set
CM021250.1	24	9197886	9197958	Ala	AGC	0	0	59.3	34.10	25.20	Inf	Ala	95.0	high confidence set
CM021250.1	26	11457662	11457733	Pro	TGG	0	0	69.2	36.90	32.30	Inf	Pro	112.8	high confidence set
CM021250.1	27	11860351	11860422	Glu	TTC	0	0	72.9	46.10	26.80	Inf	Glu	99.8	high confidence set
CM021250.1	29	13685105	13685176	Lys	TTT	0	0	93.3	70.60	22.70	Inf	Lys	95.1	high confidence set
CM021250.1	30	14858458	14858530	Arg	ACG	0	0	72.6	49.80	22.80	Inf	Arg	89.8	high confidence set
CM021250.1	31	15257310	15257380	Gly	GCC	0	0	66.5	44.80	21.70	Inf	Gly	94.4	high confidence set
CM021250.1	32	15996360	15996430	Gly	GCC	0	0	66.5	44.80	21.70	Inf	Gly	94.4	high confidence set
CM021250.1	33	15998431	15998504	Thr	AGT	0	0	73.6	45.20	28.40	Inf	Thr	88.6	high confidence set
CM021250.1	34	16089182	16089254	Ala	AGC	0	0	63.4	38.20	25.20	Inf	Ala	98.3	high confidence set
CM021250.1	35	16093358	16093430	Ala	AGC	0	0	63.4	38.20	25.20	Inf	Ala	98.3	high confidence set
CM021250.1	36	16400856	16400928	Ala	AGC	0	0	63.4	38.20	25.20	Inf	Ala	98.3	high confidence set
CM021250.1	38	18501908	18501979	Glu	TTC	0	0	70.8	46.30	24.50	Inf	Glu	99.2	high confidence set
CM021250.1	41	30683522	30683603	Ser	AGA	0	0	75.9	40.90	35.00	Inf	Ser	108.3	high confidence set
CM021250.1	42	32085001	32085071	Gly	GCC	0	0	61.0	39.20	21.80	Inf	Gly	90.0	high confidence set
CM021250.1	43	32094251	32094321	Gly	GCC	0	0	58.2	42.80	15.40	Inf	Gly	87.9	high confidence set
CM021250.1	44	32096485	32096555	Gly	GCC	0	0	64.1	42.30	21.80	Inf	Gly	91.2	high confidence set
CM021250.1	45	32672146	32672216	Gly	GCC	0	0	66.5	44.80	21.70	Inf	Gly	94.4	high confidence set
CM021250.1	46	32674522	32674592	Gly	GCC	0	0	66.5	44.80	21.70	Inf	Gly	94.4	high confidence set
CM021250.1	47	33970879	33970960	Ser	TGA	0	0	79.2	43.90	35.30	Inf	Ser	118.5	high confidence set
CM021250.1	48	33971846	33971927	Ser	TGA	0	0	79.2	43.90	35.30	Inf	Ser	118.5	high confidence set
CM021250.1	49	34745842	34745914	Lys	TTT	0	0	80.3	61.50	18.80	Inf	Lys	78.3	high confidence set
CM021250.1	50	36687685	36687768	Leu	TAA	0	0	68.1	46.60	21.50	Inf	Leu	118.3	high confidence set
CM021250.1	51	36709206	36709288	Leu	CAA	0	0	76.5	53.60	22.90	Inf	Leu	119.8	high confidence set
CM021250.1	52	36709956	36710039	Leu	TAA	0	0	73.9	53.90	20.00	Inf	Leu	117.3	high confidence set
CM021250.1	53	36910962	36911034	Ala	CGC	0	0	67.0	44.10	22.90	Inf	Ala	97.2	high confidence set
CM021250.1	54	36186315	36186244	Thr	TGT	0	0	76.7	57.20	19.50	Inf	Thr	87.4	high confidence set
CM021250.1	55	35979066	35978995	Cys	GCA	0	0	81.7	59.20	22.50	Inf	Cys	104.2	high confidence set
CM021250.1	57	34371825	34371754	Trp	CCA	0	0	75.8	51.20	24.60	Inf	Trp	105.6	high confidence set
CM021250.1	58	33249139	33249066	Arg	TCG	0	0	81.9	60.40	21.50	Inf	Arg	92.9	high confidence set
CM021250.1	59	32900047	32899977	Gly	GCC	0	0	66.5	44.80	21.70	Inf	Gly	94.4	high confidence set
CM021250.1	61	32273584	32273514	Gly	GCC	0	0	66.5	44.80	21.70	Inf	Gly	94.4	high confidence set
CM021250.1	62	32243229	32243159	Gly	GCC	0	0	57.3	41.80	15.50	Inf	Gly	86.0	high confidence set
CM021250.1	63	32242589	32242519	Cys	GCA	0	0	52.7	31.00	21.70	Inf	Gly	78.5	IPD:-50.60,isotype mismatch
CM021250.1	64	32193881	32193811	Gly	GCC	0	0	66.5	44.80	21.70	Inf	Gly	94.4	high confidence set
CM021250.1	66	31477712	31477641	Pro	AGG	0	0	67.4	34.70	32.70	Inf	Pro	112.3	high confidence set
CM021250.1	68	28827236	28827155	Thr	AGT	0	0	56.5	29.60	26.90	Inf	Ser	86.2	IPD:-68.90,isotype mismatch
CM021250.1	69	28826916	28826832	Tyr	GTA	28826879	28826868	63.8	39.30	24.50	Inf	Tyr	95.6	high confidence set
CM021250.1	70	28826193	28826109	Tyr	GTA	28826156	28826145	65.4	33.30	32.10	Inf	Tyr	99.8	high confidence set
CM021250.1	71	28812306	28812225	Ser	AGA	0	0	70.0	41.10	28.90	Inf	Ser	103.0	high confidence set
CM021250.1	73	28811429	28811345	Tyr	GTA	28811392	28811381	72.2	39.00	33.20	Inf	Tyr	110.0	high confidence set
CM021250.1	74	28810707	28810623	Tyr	GTA	28810670	28810659	65.2	31.90	33.30	Inf	Tyr	102.4	high confidence set
CM021250.1	75	28809919	28809838	Ser	AGA	0	0	56.5	27.50	29.00	Inf	Ser	89.2	high confidence set
CM021250.1	77	28808873	28808789	Tyr	GTA	28808836	28808825	56.6	32.40	24.20	Inf	Tyr	96.1	high confidence set
CM021250.1	78	28808085	28808004	Ser	AGA	0	0	52.8	23.20	29.60	Inf	Ser	84.3	high confidence set
CM021250.1	80	28807043	28806959	Tyr	GTA	28807006	28806995	67.5	38.80	28.70	Inf	Tyr	103.3	high confidence set
CM021250.1	81	28806259	28806178	Ser	AGA	0	0	60.3	41.10	19.20	Inf	Ser	90.3	high confidence set
CM021250.1	82	28805938	28805854	Tyr	GTA	28805901	28805890	62.4	38.60	23.80	Inf	Tyr	100.7	high confidence set
CM021250.1	83	28805230	28805146	Tyr	GTA	28805193	28805182	64.3	31.00	33.30	Inf	Tyr	102.5	high confidence set
CM021250.1	84	28804442	28804361	Ser	AGA	0	0	77.0	42.20	34.80	Inf	Ser	112.5	high confidence set
CM021250.1	85	28804121	28804037	Tyr	GTA	28804084	28804073	72.2	39.00	33.20	Inf	Tyr	110.0	high confidence set
CM021250.1	87	28802612	28802531	Ser	AGA	0	0	68.4	34.80	33.60	Inf	Ser	102.3	high confidence set
CM021250.1	88	28802291	28802207	Tyr	GTA	28802254	28802243	72.2	39.00	33.20	Inf	Tyr	110.0	high confidence set
CM021250.1	90	28797659	28797578	Ser	AGA	0	0	77.0	42.20	34.80	Inf	Ser	112.5	high confidence set
CM021250.1	91	28797338	28797254	Tyr	GTA	28797301	28797290	72.2	39.00	33.20	Inf	Tyr	110.0	high confidence set
CM021250.1	92	28796617	28796533	Tyr	GTA	28796580	28796569	67.8	37.30	30.50	Inf	Tyr	103.4	high confidence set
CM021250.1	93	28795830	28795749	Ser	AGA	0	0	68.1	39.00	29.10	Inf	Ser	96.8	high confidence set
CM021250.1	94	28795509	28795425	Tyr	GTA	28795472	28795461	64.5	38.00	26.50	Inf	Tyr	102.6	high confidence set
CM021250.1	95	28794788	28794704	Tyr	GTA	28794751	28794740	72.2	39.00	33.20	Inf	Tyr	110.0	high confidence set
CM021250.1	96	28794001	28793920	Ser	AGA	0	0	68.1	39.00	29.10	Inf	Ser	96.8	high confidence set
CM021250.1	97	28793680	28793596	Tyr	GTA	28793643	28793632	64.5	38.00	26.50	Inf	Tyr	102.6	high confidence set
CM021250.1	98	28792958	28792874	Tyr	GTA	28792921	28792910	68.1	37.70	30.40	Inf	Tyr	98.6	high confidence set
CM021250.1	99	28792186	28792105	Ser	AGA	0	0	75.9	42.20	33.70	Inf	Ser	102.5	high confidence set
CM021250.1	100	28791866	28791782	Tyr	GTA	28791829	28791818	72.2	39.00	33.20	Inf	Tyr	110.0	high confidence set
CM021250.1	101	28791145	28791061	Tyr	GTA	28791108	28791097	68.2	40.70	27.50	Inf	Tyr	105.9	high confidence set
CM021250.1	102	28790357	28790276	Ser	AGA	0	0	77.0	42.20	34.80	Inf	Ser	112.5	high confidence set
CM021250.1	103	28790037	28789953	Tyr	GTA	28790000	28789989	72.2	39.00	33.20	Inf	Tyr	110.0	high confidence set
CM021250.1	104	28789319	28789235	Tyr	GTA	28789282	28789271	68.2	40.70	27.50	Inf	Tyr	105.9	high confidence set
CM021250.1	105	28788533	28788453	Ser	AGA	0	0	69.5	40.80	28.70	Inf	Ser	100.4	high confidence set
CM021250.1	106	28788214	28788130	Tyr	GTA	28788177	28788166	72.2	39.00	33.20	Inf	Tyr	110.0	high confidence set
CM021250.1	107	28787493	28787409	Tyr	GTA	28787456	28787445	65.0	35.70	29.30	Inf	Tyr	104.1	high confidence set
CM021250.1	108	28786706	28786625	Ser	AGA	0	0	77.0	42.20	34.80	Inf	Ser	112.5	high confidence set
CM021250.1	109	28786386	28786302	Tyr	GTA	28786349	28786338	72.2	39.00	33.20	Inf	Tyr	110.0	high confidence set
CM021250.1	110	28785668	28785585	Tyr	GTA	28785631	28785621	72.3	39.00	33.30	Inf	Tyr	110.0	high confidence set
CM021250.1	111	28784886	28784805	Ser	AGA	0	0	77.0	42.20	34.80	Inf	Ser	112.5	high confidence set
CM021250.1	112	28784565	28784481	Tyr	GTA	28784528	28784517	72.2	39.00	33.20	Inf	Tyr	110.0	high confidence set
CM021250.1	113	28783847	28783763	Tyr	GTA	28783810	28783799	65.0	35.70	29.30	Inf	Tyr	104.1	high confidence set
CM021250.1	114	28783060	28782979	Ser	AGA	0	0	77.0	42.20	34.80	Inf	Ser	112.5	high confidence set
CM021250.1	115	28782739	28782655	Tyr	GTA	28782702	28782691	71.3	38.10	33.20	Inf	Tyr	104.7	high confidence set
CM021250.1	116	28782018	28781934	Tyr	GTA	28781981	28781970	65.4	38.70	26.70	Inf	Tyr	101.7	high confidence set
CM021250.1	117	28781249	28781168	Ser	AGA	0	0	77.0	42.20	34.80	Inf	Ser	112.5	high confidence set
CM021250.1	118	28780929	28780845	Tyr	GTA	28780892	28780881	62.8	30.40	32.40	Inf	Tyr	101.2	high confidence set
CM021250.1	119	28780207	28780123	Tyr	GTA	28780170	28780159	72.2	39.00	33.20	Inf	Tyr	110.0	high confidence set
CM021250.1	120	28779420	28779339	Ser	AGA	0	0	77.0	42.20	34.80	Inf	Ser	112.5	high confidence set
CM021250.1	121	28779100	28779016	Tyr	GTA	28779063	28779052	72.2	39.00	33.20	Inf	Tyr	110.0	high confidence set
CM021250.1	122	28778379	28778295	Tyr	GTA	28778342	28778331	72.2	39.00	33.20	Inf	Tyr	110.0	high confidence set
CM021250.1	123	28777590	28777509	Ser	AGA	0	0	69.7	35.00	34.70	Inf	Ser	103.5	high confidence set
CM021250.1	125	28776073	28775989	Tyr	GTA	28776036	28776025	72.2	39.00	33.20	Inf	Tyr	110.0	high confidence set
CM021250.1	127	28774889	28774805	Tyr	GTA	28774852	28774841	64.0	37.80	26.20	Inf	Tyr	96.4	high confidence set
CM021250.1	128	28773705	28773621	Tyr	GTA	28773668	28773657	70.3	36.00	34.30	Inf	Tyr	102.9	high confidence set
CM021250.1	130	28772515	28772431	Tyr	GTA	28772478	28772467	72.2	39.00	33.20	Inf	Tyr	110.0	high confidence set
CM021250.1	132	28771327	28771243	Tyr	GTA	28771290	28771279	70.3	36.00	34.30	Inf	Tyr	102.9	high confidence set
CM021250.1	134	28770138	28770054	Tyr	GTA	28770101	28770090	72.2	39.00	33.20	Inf	Tyr	110.0	high confidence set
CM021250.1	136	28768631	28768550	Ser	AGA	0	0	77.0	42.20	34.80	Inf	Ser	112.5	high confidence set
CM021250.1	138	28740778	28740697	Ser	AGA	0	0	51.8	29.00	22.80	Inf	Ser	74.4	high confidence set
CM021250.1	139	28740461	28740377	Tyr	GTA	28740424	28740413	62.4	36.70	25.70	Inf	Tyr	100.5	high confidence set
CM021250.1	142	28638897	28638824	Ile	TAT	0	0	85.9	70.60	15.30	Inf	Ile	103.9	high confidence set
CM021250.1	143	27924231	27924144	Ser	GCT	0	0	56.5	36.60	19.90	Inf	Ser	73.7	high confidence set
CM021250.1	144	27834328	27834241	Ser	GCT	0	0	56.5	36.60	19.90	Inf	Ser	73.7	high confidence set
CM021250.1	145	24708854	24708782	Ala	TGC	0	0	69.1	43.70	25.40	Inf	Ala	100.1	high confidence set
CM021250.1	147	13836503	13836430	Thr	AGT	0	0	73.6	45.20	28.40	Inf	Thr	88.6	high confidence set
CM021250.1	148	11849382	11849311	Gly	TCC	0	0	74.1	46.70	27.40	Inf	Gly	84.2	high confidence set
CM021250.1	149	11849214	11849143	Gly	TCC	0	0	74.1	46.70	27.40	Inf	Gly	84.2	high confidence set
CM021250.1	150	11279771	11279692	Leu	TAG	0	0	69.5	48.50	21.00	Inf	Leu	111.5	high confidence set
CM021250.1	151	10995400	10995329	Cys	GCA	0	0	81.7	56.10	25.60	Inf	Cys	104.3	high confidence set
CM021250.1	152	10137986	10137913	Asn	GTT	0	0	82.3	57.10	25.20	Inf	Asn	92.8	high confidence set
CM021250.1	153	9285736	9285664	Ala	AGC	0	0	63.4	38.20	25.20	Inf	Ala	98.3	high confidence set
CM021250.1	154	8883929	8883857	Val	TAC	0	0	74.4	44.00	30.40	Inf	Val	103.3	high confidence set
CM021250.1	155	7662264	7662193	Asp	GTC	0	0	69.8	46.80	23.00	Inf	Asp	94.5	high confidence set
CM021250.1	156	7515125	7515054	Pro	TGG	0	0	69.2	36.90	32.30	Inf	Pro	112.8	high confidence set
CM021250.1	157	7513195	7513124	Pro	TGG	0	0	69.2	36.90	32.30	Inf	Pro	112.8	high confidence set
CM021250.1	158	7236752	7236680	Ala	AGC	0	0	63.4	38.20	25.20	Inf	Ala	98.3	high confidence set
CM021250.1	159	6989315	6989244	Pro	AGG	0	0	67.4	34.70	32.70	Inf	Pro	112.3	high confidence set
CM021250.1	160	6715360	6715288	Lys	CTT	0	0	87.7	67.60	20.10	Inf	Lys	106.7	high confidence set
CM021250.1	161	6387463	6387392	Lys	TTT	0	0	93.3	70.60	22.70	Inf	Lys	95.1	high confidence set
CM021250.1	163	5905664	5905593	His	GTG	0	0	63.0	33.70	29.30	Inf	His	86.8	high confidence set
CM021250.1	164	4814440	4814368	Phe	GAA	0	0	78.3	58.40	19.90	Inf	Phe	113.2	high confidence set
CM021250.1	165	3373335	3373263	Ala	CGC	0	0	67.5	42.90	24.60	Inf	Ala	99.2	high confidence set
CM021250.1	166	3370439	3370368	Thr	CGT	0	0	82.3	55.00	27.30	Inf	Thr	83.7	high confidence set
CM021250.1	167	3140786	3140714	Ala	AGC	0	0	63.4	38.70	24.70	Inf	Ala	96.4	high confidence set
CM021250.1	168	2206470	2206399	Thr	TGT	0	0	83.0	58.30	24.70	Inf	Thr	92.4	high confidence set
CM021250.1	169	1661703	1661632	Lys	TTT	0	0	83.8	71.00	12.80	Inf	Lys	83.9	high confidence set
CM021250.1	170	1574610	1574537	Val	AAC	0	0	72.5	48.10	24.40	Inf	Val	100.2	high confidence set
CM021250.1	171	1404189	1404109	Leu	AAG	0	0	71.4	51.10	20.30	Inf	Leu	108.5	high confidence set
CM021250.1	172	1348626	1348554	Arg	ACG	0	0	66.1	50.00	16.10	Inf	Arg	80.3	high confidence set
CM021250.1	173	1047801	1047729	Arg	CCT	0	0	72.3	51.10	21.20	Inf	Arg	81.9	high confidence set
CM021250.1	174	437000	436929	Glu	TTC	0	0	70.8	46.30	24.50	Inf	Glu	99.2	high confidence set
CM021250.1	175	308428	308355	Asn	GTT	0	0	83.6	58.80	24.80	Inf	Asn	96.8	high confidence set
VHIU01000466.1	1	12932	13004	Arg	ACG	0	0	72.5	49.90	22.60	Inf	Arg	93.8	high confidence set
VHIU01000371.1	1	29250	29323	Ile	TAT	0	0	85.9	70.60	15.30	Inf	Ile	103.9	high confidence set
VHIU01000533.1	1	35147	35218	Asn	GTT	0	0	79.0	56.70	22.30	Inf	Asn	79.2	high confidence set
VHIU01000533.1	2	35932	35859	Arg	ACG	0	0	57.0	44.90	12.10	Inf	Ile	71.4	IPD:-19.50,isotype mismatch
VHIU01000194.1	1	12040	11969	Lys	TTT	0	0	83.8	71.00	12.80	Inf	Lys	83.9	high confidence set
VHIU01000356.1	1	29642	29547	Lys	CTT	29605	29583	64.2	44.30	19.90	Inf	Lys	85.2	high confidence set
VHIU01000075.1	1	685	766	Ser	TGA	0	0	79.2	43.90	35.30	Inf	Ser	118.5	high confidence set
VHIU01000085.1	1	27558	27631	Ile	TAT	0	0	85.9	70.60	15.30	Inf	Ile	103.9	high confidence set
VHIU01000787.1	1	8673	8601	Lys	CTT	0	0	72.0	52.00	20.00	Inf	Lys	85.2	high confidence set
VHIU01000706.1	2	9998	10071	Trp	CCA	0	0	72.3	42.90	29.40	Inf	Thr	75.0	IPD:-16.70,isotype mismatch
VHIU01000481.1	1	152611	152681	Gly	CCC	0	0	65.4	28.10	37.30	Inf	Gly	85.4	high confidence set
VHIU01000366.1	1	129533	129462	Pro	AGG	0	0	67.4	34.70	32.70	Inf	Pro	112.3	high confidence set
VHIU01000265.1	1	11829	11901	Ala	TGC	0	0	70.0	45.30	24.70	Inf	Ala	100.6	high confidence set
VHIU01000083.1	1	10906	10834	Arg	ACG	0	0	72.6	49.80	22.80	Inf	Arg	89.8	high confidence set
VHIU01000080.1	1	12623	12551	Arg	ACG	0	0	72.6	49.80	22.80	Inf	Arg	89.8	high confidence set
VHIU01000625.1	1	50422	50494	Ala	TGC	0	0	66.6	41.40	25.20	Inf	Ala	98.8	high confidence set
VHIU01000621.1	1	3642	3715	Ile	AAT	0	0	83.0	54.40	28.60	Inf	Ile	104.3	high confidence set
VHIU01000365.1	1	59003	58931	Glu	CTC	0	0	76.3	50.40	25.90	Inf	Glu	91.1	high confidence set
VHIU01000497.1	1	39007	39078	Asp	GTC	0	0	62.9	47.10	15.80	Inf	Asp	87.8	high confidence set
VHIU01000497.1	2	41679	41750	Asp	GTC	0	0	69.8	46.80	23.00	Inf	Asp	94.5	high confidence set
VHIU01000195.1	1	24709	24638	Asp	GTC	0	0	62.9	47.10	15.80	Inf	Asp	87.8	high confidence set
VHIU01000432.1	1	809	881	Arg	ACG	0	0	72.5	49.90	22.60	Inf	Arg	93.8	high confidence set
VHIU01000441.1	1	13485	13556	Thr	TGT	0	0	83.0	58.30	24.70	Inf	Thr	92.4	high confidence set
VHIU01000408.1	1	49167	49096	Gly	TCC	0	0	74.1	46.70	27.40	Inf	Gly	84.2	high confidence set
VHIU01000517.1	1	59232	59159	Val	CAC	0	0	81.5	53.50	28.00	Inf	Val	103.7	high confidence set
VHIU01000573.1	1	1414	1487	Val	CAC	0	0	81.5	53.50	28.00	Inf	Val	103.7	high confidence set
VHIU01000207.1	1	35306	35378	Phe	GAA	0	0	78.3	58.40	19.90	Inf	Phe	113.2	high confidence set
VHIU01000207.1	2	38583	38655	Phe	GAA	0	0	59.9	42.40	17.50	Inf	Phe	91.8	high confidence set
VHIU01000033.1	1	15136	15063	Ile	TAT	0	0	85.9	70.60	15.30	Inf	Ile	103.9	high confidence set
VHIU01000180.1	1	27041	26960	Ser	AGA	0	0	76.0	39.60	36.40	Inf	Ser	109.8	high confidence set
VHIU01000733.1	1	48369	48298	Pro	TGG	0	0	68.5	35.70	32.80	Inf	Pro	111.2	high confidence set
VHIU01000733.1	2	46200	46129	Pro	TGG	0	0	55.8	24.20	31.60	Inf	Pro	96.0	high confidence set
VHIU01000733.1	3	45587	45516	Pro	TGG	0	0	68.5	35.70	32.80	Inf	Pro	111.2	high confidence set
VHIU01000733.1	4	44595	44524	Pro	AGG	0	0	67.4	34.70	32.70	Inf	Pro	112.3	high confidence set
VHIU01000733.1	5	44054	43983	Pro	TGG	0	0	68.5	35.70	32.80	Inf	Pro	111.2	high confidence set
VHIU01000733.1	6	43422	43351	Pro	TGG	0	0	68.5	35.70	32.80	Inf	Pro	111.2	high confidence set
VHIU01000733.1	7	42284	42213	Pro	CGG	0	0	69.5	36.80	32.70	Inf	Pro	108.6	high confidence set
VHIU01000733.1	8	41343	41272	Pro	AGG	0	0	67.4	34.70	32.70	Inf	Pro	112.3	high confidence set
VHIU01000733.1	9	41010	40939	Pro	TGG	0	0	68.5	35.70	32.80	Inf	Pro	111.2	high confidence set
VHIU01000423.1	1	46567	46639	Arg	TCT	0	0	71.3	51.40	19.90	Inf	Arg	88.7	high confidence set
VHIU01000336.1	1	22215	22144	His	GTG	0	0	63.0	33.70	29.30	Inf	His	86.8	high confidence set
VHIU01000253.1	1	31715	31786	Pro	TGG	0	0	68.5	35.70	32.80	Inf	Pro	111.2	high confidence set
VHIU01000253.1	3	32482	32553	Pro	AGG	0	0	67.4	34.70	32.70	Inf	Pro	112.3	high confidence set
VHIU01000253.1	4	33574	33645	Pro	TGG	0	0	68.5	35.70	32.80	Inf	Pro	111.2	high confidence set
VHIU01000253.1	5	34230	34301	Pro	TGG	0	0	68.5	35.70	32.80	Inf	Pro	111.2	high confidence set
VHIU01000253.1	7	35317	35388	Pro	TGG	0	0	68.5	35.70	32.80	Inf	Pro	111.2	high confidence set
VHIU01000253.1	9	37164	37235	Pro	TGG	0	0	68.5	35.70	32.80	Inf	Pro	111.2	high confidence set
VHIU01000253.1	11	37812	37883	Pro	TGG	0	0	60.1	33.80	26.30	Inf	Pro	103.6	high confidence set
VHIU01000253.1	12	38330	38401	Pro	TGG	0	0	68.5	35.70	32.80	Inf	Pro	111.2	high confidence set
VHIU01000253.1	13	38832	38903	Pro	TGG	0	0	68.5	35.70	32.80	Inf	Pro	111.2	high confidence set
VHIU01000253.1	14	39334	39405	Pro	TGG	0	0	68.5	35.70	32.80	Inf	Pro	111.2	high confidence set
VHIU01000253.1	15	39836	39907	Pro	TGG	0	0	68.5	35.70	32.80	Inf	Pro	111.2	high confidence set
VHIU01000253.1	16	40338	40409	Pro	TGG	0	0	68.5	35.70	32.80	Inf	Pro	111.2	high confidence set
VHIU01000253.1	17	40840	40911	Pro	TGG	0	0	68.5	35.70	32.80	Inf	Pro	111.2	high confidence set
VHIU01000253.1	18	34608	34537	Pro	AGG	0	0	67.4	34.70	32.70	Inf	Pro	112.3	high confidence set
