Sequence       		tRNA  	Bounds	tRNA	Anti	Intron Bounds	Inf	HMM	2'Str	Hit	Isotype	Isotype	      
Name           	tRNA#	Begin 	End   	Type	Codon	Begin	End	Score	Score	Score	Origin	CM	Score	Note
--------       	------	----- 	------	----	-----	-----	----	------	-----	-----	------	-------	-------	------
Caki_scaffold1	1	464362	464435	Ile	AAT	0	0	70.4	48.30	22.10	Inf	Ile	92.9	high confidence set
Caki_scaffold1	2	145250	145178	Ala	AGC	0	0	63.4	38.20	25.20	Inf	Ala	98.3	high confidence set
Caki_scaffold2	1	113912	113985	Ile	AAT	0	0	83.0	54.40	28.60	Inf	Ile	104.3	high confidence set
Caki_scaffold2	2	400937	401010	Val	AAC	0	0	66.7	47.60	19.10	Inf	Val	90.8	high confidence set
Caki_scaffold3	1	281136	281208	Lys	CTT	0	0	87.7	67.60	20.10	Inf	Lys	106.7	high confidence set
Caki_scaffold3	5	44328	44257	Gln	CTG	0	0	72.2	48.10	24.10	Inf	Gln	101.2	high confidence set
Caki_scaffold4	1	13550	13622	Ala	TGC	0	0	70.0	45.30	24.70	Inf	Ala	100.6	high confidence set
Caki_scaffold4	2	36974	37044	Gly	GCC	0	0	66.5	44.80	21.70	Inf	Gly	94.4	high confidence set
Caki_scaffold4	3	64946	65016	Gly	GCC	0	0	66.5	44.80	21.70	Inf	Gly	94.4	high confidence set
Caki_scaffold4	4	178781	178852	His	GTG	0	0	63.0	33.70	29.30	Inf	His	87.1	high confidence set
Caki_scaffold4	7	440698	440769	Pro	AGG	0	0	67.4	34.70	32.70	Inf	Pro	112.3	high confidence set
Caki_scaffold4	8	75027	74955	Ala	AGC	0	0	63.4	38.20	25.20	Inf	Ala	98.3	high confidence set
Caki_scaffold5	1	102767	102838	Pro	AGG	0	0	67.4	34.70	32.70	Inf	Pro	112.3	high confidence set
Caki_scaffold5	2	161998	162079	Ser	AGA	0	0	77.0	42.20	34.80	Inf	Ser	112.5	high confidence set
Caki_scaffold6	1	146975	146905	Gly	CCC	0	0	65.4	28.10	37.30	Inf	Gly	85.4	high confidence set
Caki_scaffold7	1	147517	147589	Phe	GAA	0	0	78.3	58.40	19.90	Inf	Phe	113.2	high confidence set
Caki_scaffold7	3	213361	213432	iMet	CAT	0	0	58.3	28.10	30.20	Inf	iMet	118.7	high confidence set
Caki_scaffold8	1	83156	83237	Ser	CGA	0	0	83.5	48.90	34.60	Inf	Ser	128.4	high confidence set
Caki_scaffold8	2	96149	96220	Pro	TGG	0	0	69.2	36.90	32.30	Inf	Pro	112.8	high confidence set
Caki_scaffold8	3	213701	213628	Val	CAC	0	0	81.5	53.50	28.00	Inf	Val	103.7	high confidence set
Caki_scaffold9	1	198172	198101	Gln	TTG	0	0	72.5	52.60	19.90	Inf	Gln	104.2	high confidence set
Caki_scaffold11	1	173271	173342	Thr	TGT	0	0	83.0	58.30	24.70	Inf	Thr	92.4	high confidence set
Caki_scaffold11	2	317798	317871	Ile	AAT	0	0	85.5	59.00	26.50	Inf	Ile	109.4	high confidence set
Caki_scaffold11	3	355812	355884	Ala	AGC	0	0	63.4	38.20	25.20	Inf	Ala	98.3	high confidence set
Caki_scaffold11	4	670677	670748	His	GTG	0	0	63.0	33.70	29.30	Inf	His	86.8	high confidence set
Caki_scaffold11	5	463309	463239	Gly	GCC	0	0	66.5	44.80	21.70	Inf	Gly	94.4	high confidence set
Caki_scaffold11	6	422277	422207	Gly	GCC	0	0	58.2	42.80	15.40	Inf	Gly	87.9	high confidence set
Caki_scaffold11	7	417824	417754	Gly	GCC	0	0	66.5	44.80	21.70	Inf	Gly	94.4	high confidence set
Caki_scaffold11	8	414948	414876	Arg	CCT	0	0	74.8	55.90	18.90	Inf	Arg	84.6	high confidence set
Caki_scaffold12	1	205012	204939	Asn	GTT	0	0	83.3	58.10	25.20	Inf	Asn	93.9	high confidence set
Caki_scaffold12	2	105089	105018	Glu	TTC	0	0	69.9	45.30	24.60	Inf	Glu	99.4	high confidence set
Caki_scaffold13	1	271970	272041	iMet	CAT	0	0	58.3	28.10	30.20	Inf	iMet	118.7	high confidence set
Caki_scaffold13	3	335443	335516	Val	CAC	0	0	81.5	53.50	28.00	Inf	Val	103.7	high confidence set
Caki_scaffold13	4	358526	358455	Pro	CGG	0	0	68.2	35.30	32.90	Inf	Pro	113.0	high confidence set
Caki_scaffold14	1	251041	251130	Tyr	GTA	251078	251094	74.0	42.40	31.60	Inf	Tyr	108.6	high confidence set
Caki_scaffold14	2	420726	420798	Phe	GAA	0	0	78.3	58.40	19.90	Inf	Phe	113.2	high confidence set
Caki_scaffold14	3	518401	518482	Ser	TGA	0	0	80.7	46.10	34.60	Inf	Ser	119.7	high confidence set
Caki_scaffold14	4	548463	548537	Arg	TCG	0	0	65.9	50.10	15.80	Inf	Arg	70.3	high confidence set
Caki_scaffold14	6	372283	372201	Leu	TAA	0	0	67.5	30.20	37.30	Inf	Leu	94.2	high confidence set
Caki_scaffold14	7	365539	365467	Arg	TCT	0	0	60.5	49.90	10.60	Inf	Arg	83.9	high confidence set
Caki_scaffold15	1	276155	276084	Cys	GCA	0	0	50.1	34.40	15.70	Inf	Cys	70.3	high confidence set
Caki_scaffold19	1	136778	136850	Val	TAC	0	0	70.4	40.00	30.40	Inf	Val	97.9	high confidence set
Caki_scaffold19	2	179403	179476	Asn	GTT	0	0	83.3	58.10	25.20	Inf	Asn	93.9	high confidence set
Caki_scaffold19	3	296600	296673	Val	AAC	0	0	72.5	48.10	24.40	Inf	Val	100.2	high confidence set
Caki_scaffold22	1	89126	89198	Glu	CTC	0	0	76.3	50.40	25.90	Inf	Glu	91.1	high confidence set
Caki_scaffold22	2	227740	227812	Glu	CTC	0	0	76.3	50.40	25.90	Inf	Glu	91.1	high confidence set
Caki_scaffold22	4	15086	15007	Leu	TAG	0	0	69.5	48.50	21.00	Inf	Leu	111.5	high confidence set
Caki_scaffold23	1	7042	7113	Cys	GCA	0	0	82.5	60.30	22.20	Inf	Cys	108.1	high confidence set
Caki_scaffold23	2	374524	374440	Met	CAT	374486	374476	64.2	40.80	23.40	Inf	Met	104.0	high confidence set
Caki_scaffold26	1	219754	219824	Gly	GCC	0	0	66.5	44.80	21.70	Inf	Gly	94.4	high confidence set
Caki_scaffold28	1	3196	3267	Lys	TTT	0	0	75.0	59.90	15.10	Inf	Lys	74.0	high confidence set
Caki_scaffold28	2	36856	36927	Pro	AGG	0	0	67.4	34.70	32.70	Inf	Pro	112.3	high confidence set
Caki_scaffold28	5	40393	40464	Pro	TGG	0	0	68.5	35.70	32.80	Inf	Pro	111.2	high confidence set
Caki_scaffold28	6	41187	41258	Pro	TGG	0	0	59.0	36.30	22.70	Inf	Pro	102.6	high confidence set
Caki_scaffold28	7	41683	41754	Pro	AGG	0	0	52.5	29.90	22.60	Inf	Pro	97.9	high confidence set
Caki_scaffold28	8	42114	42185	Pro	TGG	0	0	68.5	35.70	32.80	Inf	Pro	111.2	high confidence set
Caki_scaffold28	10	43918	43989	Pro	TGG	0	0	68.5	35.70	32.80	Inf	Pro	111.2	high confidence set
Caki_scaffold28	11	44495	44566	Pro	AGG	0	0	68.4	35.70	32.70	Inf	Pro	111.2	high confidence set
Caki_scaffold28	12	44864	44935	Pro	TGG	0	0	68.5	35.70	32.80	Inf	Pro	111.2	high confidence set
Caki_scaffold29	4	140277	140204	Val	AAC	0	0	72.5	48.10	24.40	Inf	Val	100.2	high confidence set
Caki_scaffold30	1	36685	36766	Ser	GCT	0	0	80.5	45.20	35.30	Inf	Ser	109.5	high confidence set
Caki_scaffold31	1	238692	238621	Thr	TGT	0	0	83.0	58.30	24.70	Inf	Thr	92.4	high confidence set
Caki_scaffold32	1	138380	138462	Leu	TAA	0	0	72.9	35.60	37.30	Inf	Leu	100.3	high confidence set
Caki_scaffold32	2	67078	67005	Asn	GTT	0	0	83.3	58.10	25.20	Inf	Asn	93.9	high confidence set
Caki_scaffold33	1	128077	128004	Val	AAC	0	0	69.6	48.00	21.60	Inf	Val	96.1	high confidence set
Caki_scaffold35	1	239829	239908	Leu	TAG	0	0	69.5	48.50	21.00	Inf	Leu	111.5	high confidence set
Caki_scaffold36	1	896	968	Val	TAC	0	0	74.4	44.00	30.40	Inf	Val	103.3	high confidence set
Caki_scaffold36	2	241540	241467	Ile	AAT	0	0	85.2	58.50	26.70	Inf	Ile	106.5	high confidence set
Caki_scaffold37	1	133789	133860	Thr	TGT	0	0	83.0	58.30	24.70	Inf	Thr	92.4	high confidence set
Caki_scaffold37	2	383106	383177	Lys	TTT	0	0	83.8	71.00	12.80	Inf	Lys	83.9	high confidence set
Caki_scaffold37	3	394893	394966	Val	AAC	0	0	72.5	48.10	24.40	Inf	Val	100.2	high confidence set
Caki_scaffold37	4	507507	507436	His	GTG	0	0	63.0	33.70	29.30	Inf	His	87.1	high confidence set
Caki_scaffold38	1	68636	68565	Glu	TTC	0	0	69.9	45.30	24.60	Inf	Glu	99.4	high confidence set
Caki_scaffold42	1	249922	249994	Phe	GAA	0	0	78.3	58.40	19.90	Inf	Phe	113.2	high confidence set
Caki_scaffold42	2	310491	310564	Arg	TCG	0	0	80.9	60.70	20.20	Inf	Arg	89.6	high confidence set
Caki_scaffold42	3	213263	213191	Arg	TCT	0	0	71.3	51.70	19.60	Inf	Arg	95.1	high confidence set
Caki_scaffold44	1	309963	309892	Glu	TTC	0	0	67.2	43.90	23.30	Inf	Glu	101.0	high confidence set
Caki_scaffold44	2	306029	305956	Asn	GTT	0	0	83.3	58.10	25.20	Inf	Asn	93.9	high confidence set
Caki_scaffold45	1	224277	224204	Asn	GTT	0	0	83.3	58.10	25.20	Inf	Asn	93.9	high confidence set
Caki_scaffold46	1	167721	167793	Arg	CCT	0	0	74.8	55.90	18.90	Inf	Arg	84.6	high confidence set
Caki_scaffold47	4	368722	368793	Cys	GCA	0	0	72.1	50.90	21.20	Inf	Cys	96.1	high confidence set
Caki_scaffold48	1	42746	42675	Lys	TTT	0	0	83.8	71.00	12.80	Inf	Lys	83.9	high confidence set
Caki_scaffold52	1	238516	238445	Gln	TTG	0	0	73.5	53.70	19.80	Inf	Gln	104.8	high confidence set
Caki_scaffold54	1	88917	88990	Asn	GTT	0	0	81.4	54.70	26.70	Inf	Asn	91.8	high confidence set
Caki_scaffold54	2	259114	259041	Ile	AAT	0	0	83.0	54.40	28.60	Inf	Ile	104.3	high confidence set
Caki_scaffold57	1	49955	50025	Gly	GCC	0	0	66.5	44.80	21.70	Inf	Gly	94.4	high confidence set
Caki_scaffold59	1	103078	103007	Glu	TTC	0	0	69.9	45.30	24.60	Inf	Glu	99.4	high confidence set
Caki_scaffold60	1	153621	153550	Pro	TGG	0	0	68.5	35.70	32.80	Inf	Pro	111.2	high confidence set
Caki_scaffold60	2	151912	151841	Pro	TGG	0	0	68.5	35.70	32.80	Inf	Pro	111.2	high confidence set
Caki_scaffold60	3	151482	151411	Pro	TGG	0	0	68.5	35.70	32.80	Inf	Pro	111.2	high confidence set
Caki_scaffold60	4	150761	150690	Pro	TGG	0	0	68.5	35.70	32.80	Inf	Pro	111.2	high confidence set
Caki_scaffold60	5	149125	149054	Pro	TGG	0	0	68.5	35.70	32.80	Inf	Pro	111.2	high confidence set
Caki_scaffold60	6	148372	148301	Pro	TGG	0	0	68.5	35.70	32.80	Inf	Pro	111.2	high confidence set
Caki_scaffold60	7	145989	145918	Pro	TGG	0	0	68.5	35.70	32.80	Inf	Pro	111.2	high confidence set
Caki_scaffold60	8	145254	145183	Pro	TGG	0	0	68.5	35.70	32.80	Inf	Pro	111.2	high confidence set
Caki_scaffold60	9	144833	144762	Pro	TGG	0	0	68.5	35.70	32.80	Inf	Pro	111.2	high confidence set
Caki_scaffold60	10	144410	144339	Pro	TGG	0	0	68.5	35.70	32.80	Inf	Pro	111.2	high confidence set
Caki_scaffold60	11	143989	143918	Pro	TGG	0	0	68.5	35.70	32.80	Inf	Pro	111.2	high confidence set
Caki_scaffold61	1	137141	137070	Pro	TGG	0	0	69.2	36.90	32.30	Inf	Pro	112.8	high confidence set
Caki_scaffold61	2	48810	48740	Gly	GCC	0	0	66.5	44.80	21.70	Inf	Gly	94.4	high confidence set
Caki_scaffold64	1	128735	128806	Lys	CTT	0	0	66.1	49.30	16.80	Inf	Lys	84.2	high confidence set
Caki_scaffold65	1	283926	283996	Gly	GCC	0	0	66.5	44.80	21.70	Inf	Gly	94.4	high confidence set
Caki_scaffold65	2	196139	196058	Ser	GCT	0	0	80.5	45.20	35.30	Inf	Ser	109.5	high confidence set
Caki_scaffold66	1	275020	275100	Leu	CAG	0	0	72.4	51.00	21.40	Inf	Leu	105.7	high confidence set
Caki_scaffold67	1	257448	257519	Glu	TTC	0	0	60.1	41.60	18.50	Inf	Glu	94.4	high confidence set
Caki_scaffold70	1	110161	110232	Pro	AGG	0	0	68.2	35.90	32.30	Inf	Pro	113.9	high confidence set
Caki_scaffold72	1	309848	309931	Tyr	GTA	309885	309895	74.3	42.60	31.70	Inf	Tyr	108.6	high confidence set
Caki_scaffold75	1	230231	230303	Glu	CTC	0	0	76.3	50.40	25.90	Inf	Glu	91.1	high confidence set
Caki_scaffold75	3	275113	275185	Lys	CTT	0	0	88.0	67.90	20.10	Inf	Lys	105.1	high confidence set
Caki_scaffold75	4	379148	379077	Trp	CCA	0	0	75.8	51.20	24.60	Inf	Trp	105.6	high confidence set
Caki_scaffold75	5	261231	261160	Glu	TTC	0	0	69.9	45.30	24.60	Inf	Glu	99.4	high confidence set
Caki_scaffold75	6	246668	246585	Leu	CAA	0	0	79.5	54.50	25.00	Inf	Leu	126.8	high confidence set
Caki_scaffold76	1	22878	22958	Leu	CAG	0	0	72.4	51.00	21.40	Inf	Leu	105.7	high confidence set
Caki_scaffold78	1	11434	11506	Lys	CTT	0	0	87.7	67.60	20.10	Inf	Lys	106.7	high confidence set
Caki_scaffold78	2	209367	209452	Tyr	GTA	209404	209416	74.2	42.50	31.70	Inf	Tyr	108.6	high confidence set
Caki_scaffold78	3	889042	889115	Thr	AGT	0	0	73.6	45.20	28.40	Inf	Thr	88.6	high confidence set
Caki_scaffold78	4	889235	889308	Thr	AGT	0	0	73.6	45.20	28.40	Inf	Thr	88.6	high confidence set
Caki_scaffold78	6	62626	62553	Asn	GTT	0	0	73.4	53.10	20.30	Inf	Asn	85.5	high confidence set
Caki_scaffold80	1	278702	278785	Leu	CAA	0	0	79.5	54.50	25.00	Inf	Leu	126.8	high confidence set
Caki_scaffold80	2	285627	285710	Leu	CAA	0	0	79.5	54.50	25.00	Inf	Leu	126.8	high confidence set
Caki_scaffold81	1	135225	135152	Lys	TTT	0	0	75.4	64.10	11.30	Inf	Lys	73.2	high confidence set
Caki_scaffold83	1	3512	3595	Tyr	GTA	3549	3559	74.3	42.50	31.80	Inf	Tyr	108.6	high confidence set
Caki_scaffold83	2	94952	95034	Leu	TAA	0	0	72.9	35.60	37.30	Inf	Leu	100.3	high confidence set
Caki_scaffold83	3	112809	112881	Arg	TCT	0	0	71.3	51.70	19.60	Inf	Arg	95.1	high confidence set
Caki_scaffold83	4	74019	73939	Leu	AAG	0	0	71.4	51.10	20.30	Inf	Leu	108.5	high confidence set
Caki_scaffold83	5	3748	3676	Phe	GAA	0	0	78.3	58.40	19.90	Inf	Phe	113.2	high confidence set
Caki_scaffold85	1	228992	228919	Val	CAC	0	0	82.4	54.40	28.00	Inf	Val	103.7	high confidence set
Caki_scaffold87	1	66426	66509	Tyr	GTA	66463	66473	74.3	42.60	31.70	Inf	Tyr	108.6	high confidence set
Caki_scaffold87	2	180202	180284	Leu	TAA	0	0	72.9	35.60	37.30	Inf	Leu	100.3	high confidence set
Caki_scaffold87	3	174408	174336	Arg	TCT	0	0	71.0	51.20	19.80	Inf	Arg	99.1	high confidence set
Caki_scaffold89	1	21710	21791	Ser	GCT	0	0	80.5	45.20	35.30	Inf	Ser	109.5	high confidence set
Caki_scaffold89	2	133343	133414	Pro	TGG	0	0	69.2	36.90	32.30	Inf	Pro	112.8	high confidence set
Caki_scaffold90	1	284453	284526	Thr	AGT	0	0	73.6	45.20	28.40	Inf	Thr	88.6	high confidence set
Caki_scaffold90	2	279745	279662	Leu	CAA	0	0	79.5	54.50	25.00	Inf	Leu	126.8	high confidence set
Caki_scaffold90	3	201271	201187	Met	CAT	201233	201223	58.7	35.20	23.50	Inf	Met	99.0	high confidence set
Caki_scaffold91	1	200737	200808	Trp	CCA	0	0	66.1	43.60	22.50	Inf	Trp	97.3	high confidence set
Caki_scaffold91	2	127964	127883	Ser	AGA	0	0	77.0	42.20	34.80	Inf	Ser	112.5	high confidence set
Caki_scaffold92	1	203402	203321	Ser	TGA	0	0	80.7	46.10	34.60	Inf	Ser	119.7	high confidence set
Caki_scaffold92	2	185988	185916	Lys	CTT	0	0	87.7	67.60	20.10	Inf	Lys	106.7	high confidence set
Caki_scaffold94	1	18420	18493	Ile	AAT	0	0	72.9	59.90	13.00	Inf	Ile	89.6	high confidence set
Caki_scaffold94	2	257120	257047	Val	CAC	0	0	81.5	53.50	28.00	Inf	Val	103.7	high confidence set
Caki_scaffold94	3	56326	56246	Leu	CAG	0	0	72.4	51.00	21.40	Inf	Leu	105.7	high confidence set
Caki_scaffold95	1	214053	213982	Pro	AGG	0	0	68.2	35.90	32.30	Inf	Pro	113.9	high confidence set
Caki_scaffold95	2	165047	164976	Thr	TGT	0	0	83.0	58.30	24.70	Inf	Thr	92.4	high confidence set
Caki_scaffold96	1	281632	281703	Gln	CTG	0	0	74.7	50.50	24.20	Inf	Gln	103.8	high confidence set
Caki_scaffold96	2	187138	187065	Val	AAC	0	0	70.6	36.90	33.70	Inf	Val	98.8	high confidence set
Caki_scaffold98	1	19906	19978	Phe	GAA	0	0	78.3	58.40	19.90	Inf	Phe	113.2	high confidence set
Caki_scaffold98	2	27056	27127	iMet	CAT	0	0	58.3	28.10	30.20	Inf	iMet	118.7	high confidence set
Caki_scaffold98	3	267613	267684	Trp	CCA	0	0	73.5	51.10	22.40	Inf	Trp	103.7	high confidence set
Caki_scaffold98	4	259541	259470	Trp	CCA	0	0	75.8	51.20	24.60	Inf	Trp	105.6	high confidence set
Caki_scaffold98	5	258076	258005	Trp	CCA	0	0	75.8	51.20	24.60	Inf	Trp	105.6	high confidence set
Caki_scaffold99	1	40521	40592	iMet	CAT	0	0	58.3	28.10	30.20	Inf	iMet	118.7	high confidence set
Caki_scaffold99	2	205131	205212	Ser	CGA	0	0	83.5	48.90	34.60	Inf	Ser	128.4	high confidence set
Caki_scaffold101	1	224992	225074	Leu	TAA	0	0	72.9	35.60	37.30	Inf	Leu	100.3	high confidence set
Caki_scaffold101	2	141661	141588	Asn	GTT	0	0	83.3	58.10	25.20	Inf	Asn	93.9	high confidence set
Caki_scaffold101	3	124415	124343	Ala	TGC	0	0	53.6	36.60	17.00	Inf	Ala	88.6	high confidence set
Caki_scaffold102	1	154073	154144	iMet	CAT	0	0	58.3	28.10	30.20	Inf	iMet	118.7	high confidence set
Caki_scaffold104	1	139168	139253	Tyr	GTA	139205	139217	74.2	42.50	31.70	Inf	Tyr	108.6	high confidence set
Caki_scaffold105	1	203528	203598	Gly	GCC	0	0	66.5	44.80	21.70	Inf	Gly	94.4	high confidence set
Caki_scaffold106	1	239072	239000	Glu	CTC	0	0	61.1	42.10	19.00	Inf	Glu	78.3	high confidence set
Caki_scaffold106	2	188421	188350	Trp	CCA	0	0	75.8	51.20	24.60	Inf	Trp	105.6	high confidence set
Caki_scaffold107	1	182393	182474	Ser	GCT	0	0	80.5	45.20	35.30	Inf	Ser	109.5	high confidence set
Caki_scaffold108	1	96665	96737	Phe	GAA	0	0	75.9	55.90	20.00	Inf	Phe	109.4	high confidence set
Caki_scaffold109	1	130776	130847	Pro	CGG	0	0	68.2	35.30	32.90	Inf	Pro	113.0	high confidence set
Caki_scaffold111	1	192615	192686	Ala	AGC	0	0	54.4	31.20	23.20	Inf	Ala	83.1	trunc_start:1,high confidence set
Caki_scaffold111	2	25417	25344	Ile	AAT	0	0	69.9	52.20	17.70	Inf	Ile	89.6	high confidence set
Caki_scaffold112	2	60592	60511	Ser	GCT	0	0	71.3	35.80	35.50	Inf	Ser	101.3	high confidence set
Caki_scaffold113	1	127340	127268	Arg	CCG	0	0	83.1	61.00	22.10	Inf	Arg	85.6	high confidence set
Caki_scaffold114	1	3692	3609	Leu	CAA	0	0	74.1	47.00	27.10	Inf	Leu	119.4	high confidence set
Caki_scaffold127	1	324120	324050	Gly	GCC	0	0	64.1	42.30	21.80	Inf	Gly	91.2	high confidence set
Caki_scaffold127	2	234569	234485	Met	CAT	234531	234521	64.2	40.80	23.40	Inf	Met	104.0	high confidence set
Caki_scaffold127	3	59007	58936	Thr	TGT	0	0	83.0	58.30	24.70	Inf	Thr	92.4	high confidence set
Caki_scaffold136	1	91685	91613	Arg	CCT	0	0	74.8	55.90	18.90	Inf	Arg	84.6	high confidence set
Caki_scaffold136	2	61335	61262	Val	CAC	0	0	81.5	53.50	28.00	Inf	Val	103.7	high confidence set
Caki_scaffold137	1	140341	140270	Trp	CCA	0	0	75.8	51.20	24.60	Inf	Trp	105.6	high confidence set
Caki_scaffold138	1	179160	179231	Thr	TGT	0	0	83.0	58.30	24.70	Inf	Thr	92.4	high confidence set
Caki_scaffold141	2	232978	232906	Phe	GAA	0	0	78.3	58.40	19.90	Inf	Phe	113.2	high confidence set
Caki_scaffold142	1	254766	254847	Ser	AGA	0	0	74.1	42.10	32.00	Inf	Ser	108.6	high confidence set
Caki_scaffold145	1	139768	139697	Cys	GCA	0	0	81.7	56.10	25.60	Inf	Cys	104.3	high confidence set
Caki_scaffold147	1	124236	124308	Arg	CCG	0	0	69.5	52.30	17.20	Inf	Arg	96.0	high confidence set
Caki_scaffold147	2	145044	145115	Lys	TTT	0	0	92.5	69.70	22.80	Inf	Lys	94.5	high confidence set
Caki_scaffold148	1	151557	151639	Leu	TAA	0	0	72.9	35.60	37.30	Inf	Leu	100.3	high confidence set
Caki_scaffold151	1	74642	74713	His	GTG	0	0	63.0	33.70	29.30	Inf	His	87.1	high confidence set
Caki_scaffold151	2	181777	181848	Trp	CCA	0	0	69.6	49.40	20.20	Inf	Trp	101.7	high confidence set
Caki_scaffold151	3	207869	207942	Val	CAC	0	0	81.5	53.50	28.00	Inf	Val	103.7	high confidence set
Caki_scaffold154	1	105002	105074	Arg	ACG	0	0	68.4	43.90	24.50	Inf	Arg	88.5	high confidence set
Caki_scaffold155	1	208476	208549	Ile	AAT	0	0	85.5	59.00	26.50	Inf	Ile	109.4	high confidence set
Caki_scaffold161	1	74324	74396	Ala	AGC	0	0	63.4	38.20	25.20	Inf	Ala	98.3	high confidence set
Caki_scaffold161	2	138870	138941	iMet	CAT	0	0	58.3	28.10	30.20	Inf	iMet	118.7	high confidence set
Caki_scaffold161	3	172645	172717	Phe	GAA	0	0	78.3	58.40	19.90	Inf	Phe	113.2	high confidence set
Caki_scaffold161	4	212325	212253	Ala	CGC	0	0	68.3	44.10	24.20	Inf	Ala	99.2	high confidence set
Caki_scaffold161	5	209983	209912	Gln	CTG	0	0	63.1	38.10	25.00	Inf	Gln	93.9	high confidence set
Caki_scaffold161	6	42841	42768	Ile	AAT	0	0	83.0	54.40	28.60	Inf	Ile	104.3	high confidence set
Caki_scaffold161	7	34512	34441	Pro	TGG	0	0	69.2	36.90	32.30	Inf	Pro	112.8	high confidence set
Caki_scaffold162	2	392182	392101	Ser	CGA	0	0	83.5	48.90	34.60	Inf	Ser	128.4	high confidence set
Caki_scaffold162	3	338195	338123	Ala	AGC	0	0	63.4	38.20	25.20	Inf	Ala	98.3	high confidence set
Caki_scaffold162	4	206208	206135	Val	AAC	0	0	65.3	44.90	20.40	Inf	Val	94.4	high confidence set
Caki_scaffold163	1	123787	123860	Thr	AGT	0	0	73.6	45.20	28.40	Inf	Thr	88.6	high confidence set
Caki_scaffold164	1	121196	121125	His	GTG	0	0	63.0	33.70	29.30	Inf	His	86.8	high confidence set
Caki_scaffold170	1	124701	124628	Ile	TAT	0	0	87.1	72.60	14.50	Inf	Ile	104.3	high confidence set
Caki_scaffold170	2	123279	123207	Glu	CTC	0	0	77.0	51.50	25.50	Inf	Glu	91.5	high confidence set
Caki_scaffold171	1	195646	195718	Arg	CCT	0	0	74.8	55.90	18.90	Inf	Arg	84.6	high confidence set
Caki_scaffold171	2	147367	147286	Ser	GCT	0	0	80.5	45.20	35.30	Inf	Ser	109.5	high confidence set
Caki_scaffold171	3	31788	31716	Arg	ACG	0	0	72.5	49.90	22.60	Inf	Arg	93.8	high confidence set
Caki_scaffold178	1	201113	201186	Arg	TCG	0	0	82.3	61.00	21.30	Inf	Arg	91.9	high confidence set
Caki_scaffold178	2	336103	336175	Ala	TGC	0	0	70.0	45.30	24.70	Inf	Ala	100.6	high confidence set
Caki_scaffold178	3	85826	85745	Ser	AGA	0	0	77.0	42.20	34.80	Inf	Ser	112.5	high confidence set
Caki_scaffold184	1	185626	185553	Asn	GTT	0	0	83.3	58.10	25.20	Inf	Asn	93.9	high confidence set
Caki_scaffold185	1	207348	207276	Arg	ACG	0	0	72.6	49.80	22.80	Inf	Arg	89.8	high confidence set
Caki_scaffold188	1	6946	7017	Lys	TTT	0	0	83.8	71.00	12.80	Inf	Lys	83.9	high confidence set
Caki_scaffold189	1	202868	202940	Ala	TGC	0	0	70.0	45.30	24.70	Inf	Ala	100.6	high confidence set
Caki_scaffold189	2	199581	199509	Phe	GAA	0	0	78.3	58.40	19.90	Inf	Phe	113.2	high confidence set
Caki_scaffold190	1	20754	20835	Ser	TGA	0	0	79.2	43.90	35.30	Inf	Ser	118.5	high confidence set
Caki_scaffold192	1	207876	207804	Pro	AGG	0	0	52.0	21.50	30.50	Inf	Pro	97.1	high confidence set
Caki_scaffold193	1	133303	133223	Leu	AAG	0	0	67.8	49.40	18.40	Inf	Leu	104.9	high confidence set
Caki_scaffold199	1	27586	27502	Met	CAT	27548	27538	64.2	40.80	23.40	Inf	Met	104.0	high confidence set
Caki_scaffold201	1	171100	171181	Ser	TGA	0	0	79.2	43.90	35.30	Inf	Ser	118.5	high confidence set
Caki_scaffold207	1	57168	57087	Ser	TGA	0	0	80.7	46.10	34.60	Inf	Ser	119.7	high confidence set
Caki_scaffold212	1	76736	76816	Leu	CAG	0	0	72.4	51.00	21.40	Inf	Leu	105.7	high confidence set
Caki_scaffold213	1	184897	184812	Tyr	GTA	184860	184848	74.2	42.60	31.60	Inf	Tyr	108.6	high confidence set
Caki_scaffold217	1	44365	44295	Thr	CGT	0	0	61.5	41.60	19.90	Inf	Thr	70.1	high confidence set
Caki_scaffold218	1	23584	23656	Ala	AGC	0	0	58.7	38.60	20.10	Inf	Ala	93.1	high confidence set
Caki_scaffold218	2	94839	94767	Ala	AGC	0	0	63.4	38.20	25.20	Inf	Ala	98.3	high confidence set
Caki_scaffold219	1	192655	192738	Leu	CAA	0	0	78.5	55.10	23.40	Inf	Leu	119.0	high confidence set
Caki_scaffold219	2	23116	23044	Glu	CTC	0	0	75.2	49.40	25.80	Inf	Glu	90.4	high confidence set
Caki_scaffold223	1	8617	8689	Lys	CTT	0	0	87.7	67.60	20.10	Inf	Lys	106.7	high confidence set
Caki_scaffold231	1	6614	6530	Met	CAT	6576	6566	64.2	40.80	23.40	Inf	Met	104.0	high confidence set
Caki_scaffold232	2	6767	6694	Val	AAC	0	0	72.5	48.10	24.40	Inf	Val	100.2	high confidence set
Caki_scaffold239	1	60304	60385	Ser	AGA	0	0	76.3	41.60	34.70	Inf	Ser	112.1	high confidence set
Caki_scaffold239	2	125589	125517	Arg	CCG	0	0	69.7	54.70	15.00	Inf	Arg	97.7	high confidence set
Caki_scaffold239	3	100721	100649	Lys	CTT	0	0	87.7	67.60	20.10	Inf	Lys	106.7	high confidence set
Caki_scaffold239	4	56325	56254	Trp	CCA	0	0	65.7	48.50	17.20	Inf	Trp	99.3	high confidence set
Caki_scaffold240	1	171682	171753	Pro	TGG	0	0	69.2	36.90	32.30	Inf	Pro	112.8	high confidence set
Caki_scaffold243	1	284926	284841	Tyr	GTA	284889	284877	74.2	42.50	31.70	Inf	Tyr	108.6	high confidence set
Caki_scaffold245	1	88353	88424	Glu	TTC	0	0	69.9	45.30	24.60	Inf	Glu	99.4	high confidence set
Caki_scaffold249	1	116110	116189	Leu	TAG	0	0	69.5	48.50	21.00	Inf	Leu	111.5	high confidence set
Caki_scaffold249	2	122242	122171	Trp	CCA	0	0	75.8	51.20	24.60	Inf	Trp	105.6	high confidence set
Caki_scaffold250	1	190720	190804	Tyr	GTA	190757	190768	74.2	42.50	31.70	Inf	Tyr	108.6	high confidence set
Caki_scaffold250	2	106489	106416	Thr	AGT	0	0	76.0	48.40	27.60	Inf	Thr	90.6	high confidence set
Caki_scaffold251	1	200067	200148	Ser	AGA	0	0	71.8	40.40	31.40	Inf	Ser	103.0	high confidence set
Caki_scaffold253	1	162532	162604	Arg	ACG	0	0	72.6	49.80	22.80	Inf	Arg	89.8	high confidence set
Caki_scaffold261	1	138773	138845	Ala	TGC	0	0	66.6	41.40	25.20	Inf	Ala	98.8	high confidence set
Caki_scaffold261	2	259660	259730	Gly	CCC	0	0	65.4	28.10	37.30	Inf	Gly	85.4	high confidence set
Caki_scaffold261	3	300781	300853	Arg	ACG	0	0	72.6	49.80	22.80	Inf	Arg	89.8	high confidence set
Caki_scaffold263	1	50855	50926	Trp	CCA	0	0	67.8	43.30	24.50	Inf	Trp	93.9	high confidence set
Caki_scaffold263	2	55524	55595	Trp	CCA	0	0	68.1	50.30	17.80	Inf	Trp	100.9	high confidence set
Caki_scaffold263	3	32419	32348	Trp	CCA	0	0	66.1	46.20	19.90	Inf	Trp	99.1	high confidence set
Caki_scaffold266	2	3392	3320	Ala	CGC	0	0	68.3	44.10	24.20	Inf	Ala	99.2	high confidence set
Caki_scaffold283	1	185469	185399	Gly	GCC	0	0	66.5	44.80	21.70	Inf	Gly	94.4	high confidence set
Caki_scaffold284	1	162864	162937	Asn	GTT	0	0	75.5	56.70	18.80	Inf	Asn	84.5	high confidence set
Caki_scaffold284	2	163206	163285	Leu	TAG	0	0	69.5	48.50	21.00	Inf	Leu	111.5	high confidence set
Caki_scaffold286	1	128760	128831	Cys	GCA	0	0	81.7	56.10	25.60	Inf	Cys	104.3	high confidence set
Caki_scaffold287	1	93522	93595	Asn	GTT	0	0	83.3	58.10	25.20	Inf	Asn	93.9	high confidence set
Caki_scaffold288	1	98865	98937	Arg	TCT	0	0	70.7	50.70	20.00	Inf	Arg	91.3	high confidence set
Caki_scaffold291	1	98462	98391	Pro	CGG	0	0	68.2	35.30	32.90	Inf	Pro	113.0	high confidence set
Caki_scaffold292	1	165019	164947	Ala	CGC	0	0	68.3	44.10	24.20	Inf	Ala	99.2	high confidence set
Caki_scaffold292	2	83613	83532	Ser	GCT	0	0	80.5	45.20	35.30	Inf	Ser	109.5	high confidence set
Caki_scaffold293	2	187808	187881	Val	AAC	0	0	72.5	48.10	24.40	Inf	Val	100.2	high confidence set
Caki_scaffold296	1	83529	83601	Phe	GAA	0	0	68.7	50.80	17.90	Inf	Phe	106.0	high confidence set
Caki_scaffold296	2	135862	135779	Leu	CAA	0	0	78.5	55.10	23.40	Inf	Leu	119.0	high confidence set
Caki_scaffold298	1	12849	12921	Lys	CTT	0	0	87.7	67.60	20.10	Inf	Lys	106.7	high confidence set
Caki_scaffold303	1	45847	45919	Phe	GAA	0	0	78.3	58.40	19.90	Inf	Phe	113.2	high confidence set
Caki_scaffold303	2	92011	91939	Arg	TCT	0	0	70.7	50.70	20.00	Inf	Arg	91.3	high confidence set
Caki_scaffold304	1	108078	108006	Arg	TCT	0	0	70.7	50.70	20.00	Inf	Arg	91.3	high confidence set
Caki_scaffold304	2	76731	76659	Arg	ACG	0	0	64.7	41.90	22.80	Inf	Arg	82.0	high confidence set
Caki_scaffold305	1	7390	7471	Ser	AGA	0	0	77.0	42.20	34.80	Inf	Ser	112.5	high confidence set
Caki_scaffold308	1	64631	64712	Ser	AGA	0	0	77.0	42.20	34.80	Inf	Ser	112.5	high confidence set
Caki_scaffold308	2	76950	76879	Cys	GCA	0	0	81.7	56.10	25.60	Inf	Cys	104.3	high confidence set
Caki_scaffold309	1	202422	202493	Thr	CGT	0	0	82.3	55.00	27.30	Inf	Thr	83.7	high confidence set
Caki_scaffold310	1	10044	10117	Val	AAC	0	0	61.9	38.60	23.30	Inf	Val	91.2	high confidence set
Caki_scaffold311	1	164246	164325	Leu	TAG	0	0	69.5	48.50	21.00	Inf	Leu	111.5	high confidence set
Caki_scaffold312	2	173890	173962	Val	TAC	0	0	64.9	37.00	27.90	Inf	Val	94.9	high confidence set
Caki_scaffold312	3	192638	192553	Met	CAT	192600	192589	66.8	41.40	25.40	Inf	Met	102.7	high confidence set
Caki_scaffold312	4	189731	189646	Met	CAT	189693	189682	71.2	45.90	25.30	Inf	Met	103.1	high confidence set
Caki_scaffold317	1	123824	123897	Thr	AGT	0	0	70.2	46.10	24.10	Inf	Thr	83.6	high confidence set
Caki_scaffold321	2	55344	55271	Val	AAC	0	0	72.5	48.10	24.40	Inf	Val	100.2	high confidence set
Caki_scaffold326	1	20975	20892	Tyr	GTA	20938	20928	74.3	42.60	31.70	Inf	Tyr	108.6	high confidence set
Caki_scaffold327	1	81187	81116	His	GTG	0	0	63.0	33.70	29.30	Inf	His	87.1	high confidence set
Caki_scaffold329	1	306168	306239	Gln	CTG	0	0	71.1	46.00	25.10	Inf	Gln	100.8	high confidence set
Caki_scaffold329	2	283970	283885	Tyr	GTA	283933	283921	74.2	42.50	31.70	Inf	Tyr	108.6	high confidence set
Caki_scaffold338	1	7973	8045	Ala	TGC	0	0	70.0	45.30	24.70	Inf	Ala	100.6	high confidence set
Caki_scaffold338	2	153899	153971	Ala	AGC	0	0	63.4	38.20	25.20	Inf	Ala	98.3	high confidence set
Caki_scaffold341	1	83851	83922	Pro	AGG	0	0	67.4	34.70	32.70	Inf	Pro	112.3	high confidence set
Caki_scaffold342	1	174477	174562	Met	CAT	174515	174526	66.8	41.40	25.40	Inf	Met	102.7	high confidence set
Caki_scaffold343	1	65999	66070	Pro	AGG	0	0	68.2	35.90	32.30	Inf	Pro	113.9	high confidence set
Caki_scaffold343	2	67034	67106	Pro	AGG	0	0	61.6	29.90	31.70	Inf	Pro	106.7	high confidence set
Caki_scaffold355	1	155075	155003	Lys	CTT	0	0	79.2	59.00	20.20	Inf	Lys	99.2	high confidence set
Caki_scaffold356	4	59875	59948	Trp	CCA	0	0	72.3	42.90	29.40	Inf	Thr	75.0	IPD:-16.70,isotype mismatch
Caki_scaffold356	5	80067	80139	Thr	TGT	0	0	69.1	50.20	18.90	Inf	Thr	82.6	high confidence set
Caki_scaffold356	11	121208	121295	Ser	GCT	0	0	56.5	36.60	19.90	Inf	Ser	73.7	high confidence set
Caki_scaffold356	14	129608	129695	Ser	GCT	0	0	56.5	36.60	19.90	Inf	Ser	73.7	high confidence set
Caki_scaffold356	15	137496	137567	Thr	GGT	0	0	58.2	29.20	29.00	Inf	Thr	73.0	unexpected anticodon
Caki_scaffold356	22	100171	100101	Cys	GCA	0	0	64.9	46.30	18.60	Inf	Cys	73.4	high confidence set
Caki_scaffold356	23	96402	96331	Thr	GGT	0	0	58.2	29.20	29.00	Inf	Thr	73.0	unexpected anticodon
Caki_scaffold356	25	81407	81321	Ser	GGA	0	0	64.6	34.80	29.80	Inf	Ser	83.2	unexpected anticodon
Caki_scaffold356	27	78250	78178	Phe	GAA	0	0	72.0	48.00	24.00	Inf	Thr	76.1	IPD:-0.90,isotype mismatch
Caki_scaffold358	1	179988	179917	Gln	TTG	0	0	73.5	53.70	19.80	Inf	Gln	104.8	high confidence set
Caki_scaffold358	2	69111	69030	Ser	GCT	0	0	80.5	45.20	35.30	Inf	Ser	109.5	high confidence set
Caki_scaffold358	3	52633	52562	Gln	TTG	0	0	73.5	53.70	19.80	Inf	Gln	104.8	high confidence set
Caki_scaffold361	1	130734	130805	iMet	CAT	0	0	58.3	28.10	30.20	Inf	iMet	118.7	high confidence set
Caki_scaffold361	2	146706	146778	Glu	TTC	0	0	72.4	51.60	20.80	Inf	Glu	87.8	high confidence set
Caki_scaffold362	1	80266	80336	Gly	GCC	0	0	66.5	44.80	21.70	Inf	Gly	94.4	high confidence set
Caki_scaffold364	1	5965	6038	Ile	AAT	0	0	76.3	55.30	21.00	Inf	Ile	97.4	high confidence set
Caki_scaffold366	1	16429	16356	Val	AAC	0	0	72.5	48.10	24.40	Inf	Val	100.2	high confidence set
Caki_scaffold368	1	122101	122028	Thr	AGT	0	0	76.0	48.40	27.60	Inf	Thr	90.6	high confidence set
Caki_scaffold374	1	49033	49106	Ile	TAT	0	0	85.9	70.60	15.30	Inf	Ile	103.9	high confidence set
Caki_scaffold374	2	179473	179401	Cys	GCA	0	0	73.1	48.40	24.70	Inf	Cys	93.8	high confidence set
Caki_scaffold376	1	129985	129914	Glu	TTC	0	0	62.0	37.40	24.60	Inf	Glu	92.1	high confidence set
Caki_scaffold377	1	12098	12026	Arg	CCT	0	0	74.8	55.90	18.90	Inf	Arg	84.6	high confidence set
Caki_scaffold384	1	81072	81144	Glu	CTC	0	0	76.3	50.40	25.90	Inf	Glu	91.1	high confidence set
Caki_scaffold384	2	160274	160201	Val	AAC	0	0	67.8	34.40	33.40	Inf	Val	95.6	high confidence set
Caki_scaffold393	1	91080	90996	Met	CAT	91042	91032	64.2	40.80	23.40	Inf	Met	104.0	high confidence set
Caki_scaffold396	1	45006	45077	Gly	TCC	0	0	74.4	46.60	27.80	Inf	Gly	86.0	high confidence set
Caki_scaffold397	2	72000	71927	Ile	TAT	0	0	87.1	72.60	14.50	Inf	Ile	104.3	high confidence set
Caki_scaffold398	1	104577	104660	Leu	CAA	0	0	76.7	54.50	22.20	Inf	Leu	123.1	high confidence set
Caki_scaffold398	2	140603	140684	Ser	TGA	0	0	79.2	43.90	35.30	Inf	Ser	118.5	high confidence set
Caki_scaffold400	1	76766	76839	Asn	GTT	0	0	83.3	58.10	25.20	Inf	Asn	93.9	high confidence set
Caki_scaffold400	2	133083	133000	Tyr	GTA	133046	133036	74.3	42.60	31.70	Inf	Tyr	108.6	high confidence set
Caki_scaffold405	1	172582	172509	Ile	AAT	0	0	83.0	54.40	28.60	Inf	Ile	101.3	high confidence set
Caki_scaffold408	2	172835	172763	Lys	CTT	0	0	88.3	68.20	20.10	Inf	Lys	101.1	high confidence set
Caki_scaffold411	1	140165	140238	Ile	AAT	0	0	83.0	54.40	28.60	Inf	Ile	104.3	high confidence set
Caki_scaffold412	1	117146	117217	Pro	AGG	0	0	68.2	35.90	32.30	Inf	Pro	113.9	high confidence set
Caki_scaffold412	2	90720	90648	Ala	TGC	0	0	65.6	39.80	25.80	Inf	Ala	97.7	high confidence set
Caki_scaffold417	1	121673	121600	Asn	GTT	0	0	83.3	58.10	25.20	Inf	Asn	93.9	high confidence set
Caki_scaffold417	2	118909	118837	Ala	TGC	0	0	70.0	44.80	25.20	Inf	Ala	102.4	high confidence set
Caki_scaffold420	1	88649	88721	Phe	GAA	0	0	65.7	53.00	12.70	Inf	Phe	87.3	high confidence set
Caki_scaffold420	2	119712	119629	Leu	CAA	0	0	72.4	54.80	17.60	Inf	Leu	114.0	high confidence set
Caki_scaffold421	1	42661	42588	Ile	TAT	0	0	85.9	70.60	15.30	Inf	Ile	103.9	high confidence set
Caki_scaffold424	1	23580	23509	Glu	TTC	0	0	69.9	45.30	24.60	Inf	Glu	99.4	high confidence set
Caki_scaffold429	1	753852	753771	Ser	TGA	0	0	80.7	46.10	34.60	Inf	Ser	119.7	high confidence set
Caki_scaffold432	1	34113	34185	Glu	CTC	0	0	76.3	50.40	25.90	Inf	Glu	91.1	high confidence set
Caki_scaffold432	3	102922	102994	Lys	CTT	0	0	79.7	59.60	20.10	Inf	Lys	99.2	high confidence set
Caki_scaffold432	4	147025	147096	Pro	TGG	0	0	69.2	36.90	32.30	Inf	Pro	112.8	high confidence set
Caki_scaffold432	5	57032	56949	Leu	CAA	0	0	75.1	52.70	22.40	Inf	Leu	118.5	high confidence set
Caki_scaffold434	1	629	709	Leu	AAG	0	0	71.4	51.10	20.30	Inf	Leu	108.5	high confidence set
Caki_scaffold434	2	160836	160908	Arg	CCT	0	0	72.3	51.10	21.20	Inf	Arg	81.9	high confidence set
Caki_scaffold434	3	153676	153595	Ser	GCT	0	0	80.5	45.20	35.30	Inf	Ser	109.5	high confidence set
Caki_scaffold434	4	98817	98733	Met	CAT	98779	98769	58.7	35.20	23.50	Inf	Met	99.0	high confidence set
Caki_scaffold438	1	22225	22154	Gln	TTG	0	0	73.5	53.70	19.80	Inf	Gln	104.8	high confidence set
Caki_scaffold442	1	39777	39697	Leu	AAG	0	0	71.4	51.10	20.30	Inf	Leu	108.5	high confidence set
Caki_scaffold443	1	120238	120309	Trp	CCA	0	0	62.6	44.20	18.40	Inf	Trp	88.8	high confidence set
Caki_scaffold444	1	68576	68647	Thr	CGT	0	0	82.3	55.00	27.30	Inf	Thr	83.7	high confidence set
Caki_scaffold445	1	92647	92719	Val	TAC	0	0	74.4	44.00	30.40	Inf	Val	103.3	high confidence set
Caki_scaffold446	1	112694	112612	Leu	TAA	0	0	72.9	35.60	37.30	Inf	Leu	100.3	high confidence set
Caki_scaffold452	1	56121	56048	Thr	AGT	0	0	71.6	44.30	27.30	Inf	Thr	87.0	high confidence set
Caki_scaffold455	1	116848	116767	Ser	AGA	0	0	77.0	42.20	34.80	Inf	Ser	112.5	high confidence set
Caki_scaffold462	1	112346	112419	Val	AAC	0	0	63.1	39.50	23.60	Inf	Val	91.3	high confidence set
Caki_scaffold462	2	160281	160361	Leu	AAG	0	0	71.4	51.10	20.30	Inf	Leu	108.5	high confidence set
Caki_scaffold463	1	145355	145282	Val	AAC	0	0	72.5	48.10	24.40	Inf	Val	100.2	high confidence set
Caki_scaffold464	1	23502	23432	Gly	CCC	0	0	65.4	28.10	37.30	Inf	Gly	85.4	high confidence set
Caki_scaffold467	1	89483	89554	Cys	GCA	0	0	80.8	53.70	27.10	Inf	Cys	103.2	high confidence set
Caki_scaffold472	1	87148	87077	Gln	TTG	0	0	58.2	37.20	21.00	Inf	Gln	85.0	high confidence set
Caki_scaffold477	1	91701	91772	Pro	CGG	0	0	68.2	35.30	32.90	Inf	Pro	113.0	high confidence set
Caki_scaffold477	2	252276	252204	Arg	CCT	0	0	74.8	55.90	18.90	Inf	Arg	84.6	high confidence set
Caki_scaffold477	3	219569	219496	Val	CAC	0	0	81.5	53.50	28.00	Inf	Val	103.7	high confidence set
Caki_scaffold480	1	72879	72806	Thr	AGT	0	0	76.0	48.40	27.60	Inf	Thr	90.6	high confidence set
Caki_scaffold485	1	5333	5414	Ser	GCT	0	0	80.5	45.20	35.30	Inf	Ser	109.5	high confidence set
Caki_scaffold488	1	18174	18247	Arg	TCG	0	0	82.3	61.00	21.30	Inf	Arg	91.9	high confidence set
Caki_scaffold488	2	43484	43555	His	GTG	0	0	63.0	33.70	29.30	Inf	His	91.2	high confidence set
Caki_scaffold491	1	30958	30877	Ser	AGA	0	0	77.0	42.20	34.80	Inf	Ser	112.5	high confidence set
Caki_scaffold492	1	75877	75956	Leu	CAG	0	0	67.8	46.90	20.90	Inf	Leu	114.1	high confidence set
Caki_scaffold492	2	159316	159244	Arg	CCG	0	0	69.5	52.30	17.20	Inf	Arg	96.0	high confidence set
Caki_scaffold492	3	105926	105854	Lys	CTT	0	0	87.7	67.60	20.10	Inf	Lys	106.7	high confidence set
Caki_scaffold493	3	152853	152925	Ala	CGC	0	0	67.5	42.90	24.60	Inf	Ala	99.2	high confidence set
Caki_scaffold499	1	159760	159680	Leu	AAG	0	0	71.4	51.10	20.30	Inf	Leu	108.5	high confidence set
Caki_scaffold501	1	47821	47893	Lys	CTT	0	0	87.7	67.60	20.10	Inf	Lys	106.7	high confidence set
Caki_scaffold504	1	70502	70431	Gln	TTG	0	0	73.5	53.70	19.80	Inf	Gln	104.8	high confidence set
Caki_scaffold509	1	11114	11043	His	GTG	0	0	63.0	33.70	29.30	Inf	His	87.1	high confidence set
Caki_scaffold512	1	37584	37668	Tyr	GTA	37621	37632	74.2	42.50	31.70	Inf	Tyr	108.6	high confidence set
Caki_scaffold515	1	26097	26178	Ser	AGA	0	0	77.0	42.20	34.80	Inf	Ser	112.5	high confidence set
Caki_scaffold518	1	119272	119344	Ala	CGC	0	0	68.3	44.10	24.20	Inf	Ala	99.2	high confidence set
Caki_scaffold520	1	139773	139702	iMet	CAT	0	0	58.3	28.10	30.20	Inf	iMet	118.7	high confidence set
Caki_scaffold524	1	154695	154766	Asn	GTT	0	0	79.0	56.70	22.30	Inf	Asn	79.2	high confidence set
Caki_scaffold528	1	148389	148469	Leu	AAG	0	0	71.4	51.10	20.30	Inf	Leu	108.5	high confidence set
Caki_scaffold533	1	137062	136991	Pro	AGG	0	0	68.2	35.90	32.30	Inf	Pro	113.9	high confidence set
Caki_scaffold536	1	24311	24240	Lys	TTT	0	0	83.8	71.00	12.80	Inf	Lys	83.9	high confidence set
Caki_scaffold537	1	104551	104480	Gln	CTG	0	0	71.2	46.50	24.70	Inf	Gln	101.3	high confidence set
Caki_scaffold537	2	58477	58405	Ala	AGC	0	0	63.4	38.20	25.20	Inf	Ala	98.3	high confidence set
Caki_scaffold544	1	52934	52864	Gly	GCC	0	0	66.5	44.80	21.70	Inf	Gly	94.4	high confidence set
Caki_scaffold545	1	84549	84478	Pro	AGG	0	0	67.4	34.70	32.70	Inf	Pro	112.3	high confidence set
Caki_scaffold547	1	28890	28963	Asn	GTT	0	0	77.2	59.20	18.00	Inf	Asn	91.2	high confidence set
Caki_scaffold549	3	71345	71264	Ser	TGA	0	0	78.5	43.10	35.40	Inf	Ser	118.1	high confidence set
Caki_scaffold550	1	88747	88819	Arg	CCG	0	0	69.5	52.30	17.20	Inf	Arg	96.0	high confidence set
Caki_scaffold550	2	132375	132446	Lys	TTT	0	0	83.8	71.00	12.80	Inf	Lys	83.9	high confidence set
Caki_scaffold556	1	156107	156036	Cys	GCA	0	0	79.8	52.70	27.10	Inf	Cys	103.9	high confidence set
Caki_scaffold556	2	155918	155847	Cys	GCA	0	0	80.8	53.70	27.10	Inf	Cys	103.2	high confidence set
Caki_scaffold558	1	152674	152604	Gly	GCC	0	0	66.5	44.80	21.70	Inf	Gly	94.4	high confidence set
Caki_scaffold559	2	49144	49072	Cys	GCA	0	0	69.3	51.10	18.20	Inf	Phe	104.7	IPD:-39.50,isotype mismatch
Caki_scaffold561	1	68412	68483	Cys	GCA	0	0	81.7	56.10	25.60	Inf	Cys	104.3	high confidence set
Caki_scaffold562	1	31289	31362	Thr	AGT	0	0	76.0	48.40	27.60	Inf	Thr	90.6	high confidence set
Caki_scaffold567	1	145686	145614	Arg	ACG	0	0	72.5	49.90	22.60	Inf	Arg	93.8	high confidence set
Caki_scaffold569	1	22261	22189	Glu	CTC	0	0	76.3	50.40	25.90	Inf	Glu	91.1	high confidence set
Caki_scaffold574	2	150651	150724	Ile	TAT	0	0	87.1	72.60	14.50	Inf	Ile	104.3	high confidence set
Caki_scaffold583	1	88126	88198	Glu	CTC	0	0	76.3	50.40	25.90	Inf	Glu	91.1	high confidence set
Caki_scaffold591	1	26579	26498	Ser	GCT	0	0	71.4	36.50	34.90	Inf	Ser	100.7	high confidence set
Caki_scaffold601	1	122367	122440	Thr	AGT	0	0	73.6	45.20	28.40	Inf	Thr	88.6	high confidence set
Caki_scaffold602	1	54129	54202	Thr	AGT	0	0	73.6	45.20	28.40	Inf	Thr	88.6	high confidence set
Caki_scaffold603	1	150224	150296	Lys	CTT	0	0	79.8	59.70	20.10	Inf	Lys	98.8	high confidence set
Caki_scaffold604	10	136179	136107	Lys	TTT	0	0	80.3	61.50	18.80	Inf	Lys	78.3	high confidence set
Caki_scaffold604	11	128156	128070	Ser	GGA	0	0	61.6	35.50	26.10	Inf	Ser	87.5	unexpected anticodon
Caki_scaffold606	2	192745	192675	Gly	GCC	0	0	66.5	44.80	21.70	Inf	Gly	94.4	high confidence set
Caki_scaffold608	1	116135	116054	Ser	TGA	0	0	79.2	43.90	35.30	Inf	Ser	118.5	high confidence set
Caki_scaffold611	1	93735	93808	Asn	GTT	0	0	83.3	58.10	25.20	Inf	Asn	93.9	high confidence set
Caki_scaffold622	1	81791	81874	Tyr	GTA	81828	81838	74.3	42.60	31.70	Inf	Tyr	108.6	high confidence set
Caki_scaffold622	2	104983	105064	Ser	GCT	0	0	80.5	45.20	35.30	Inf	Ser	109.5	high confidence set
Caki_scaffold627	1	52700	52781	Ser	GCT	0	0	80.5	45.20	35.30	Inf	Ser	109.5	high confidence set
Caki_scaffold635	1	88190	88261	Cys	GCA	0	0	78.4	58.90	19.50	Inf	Cys	100.9	high confidence set
Caki_scaffold643	1	125710	125782	Ala	AGC	0	0	63.4	38.20	25.20	Inf	Ala	98.3	high confidence set
Caki_scaffold652	1	91091	91164	Phe	GAA	0	0	71.7	55.10	16.60	Inf	Phe	99.0	high confidence set
Caki_scaffold654	1	9417	9346	Gln	CTG	0	0	61.1	39.40	21.70	Inf	Gln	95.1	high confidence set
Caki_scaffold662	1	17654	17725	Asp	GTC	0	0	70.7	47.80	22.90	Inf	Asp	96.3	high confidence set
Caki_scaffold666	1	117971	118043	Lys	CTT	0	0	87.7	67.60	20.10	Inf	Lys	106.7	high confidence set
Caki_scaffold676	1	118822	118893	Thr	TGT	0	0	82.0	57.30	24.70	Inf	Thr	91.6	high confidence set
Caki_scaffold681	1	16204	16276	Ala	AGC	0	0	58.2	33.10	25.10	Inf	Ala	93.5	high confidence set
Caki_scaffold681	2	23261	23189	Ala	AGC	0	0	55.2	30.10	25.10	Inf	Ala	91.0	high confidence set
Caki_scaffold685	2	69088	69015	Val	AAC	0	0	70.6	36.90	33.70	Inf	Val	98.8	high confidence set
Caki_scaffold687	1	30042	29972	Gly	GCC	0	0	66.5	44.80	21.70	Inf	Gly	94.4	high confidence set
Caki_scaffold690	1	100740	100811	His	GTG	0	0	63.0	33.70	29.30	Inf	His	87.1	high confidence set
Caki_scaffold690	2	57469	57389	Leu	AAG	0	0	71.4	51.10	20.30	Inf	Leu	108.5	high confidence set
Caki_scaffold690	3	37276	37204	Arg	ACG	0	0	73.2	50.90	22.30	Inf	Arg	94.3	high confidence set
Caki_scaffold691	1	96222	96150	Val	TAC	0	0	74.4	44.00	30.40	Inf	Val	103.3	high confidence set
Caki_scaffold692	1	99930	100002	Glu	CTC	0	0	76.3	50.40	25.90	Inf	Glu	91.1	high confidence set
Caki_scaffold692	2	123162	123079	Leu	CAA	0	0	79.5	54.50	25.00	Inf	Leu	126.8	high confidence set
Caki_scaffold693	1	78916	78987	Trp	CCA	0	0	72.9	51.10	21.80	Inf	Trp	101.6	high confidence set
Caki_scaffold693	2	63351	63280	Trp	CCA	0	0	75.8	51.20	24.60	Inf	Trp	105.6	high confidence set
Caki_scaffold694	1	100663	100735	Phe	GAA	0	0	73.9	54.30	19.60	Inf	Phe	107.4	high confidence set
Caki_scaffold694	2	28657	28586	His	GTG	0	0	57.5	24.20	33.30	Inf	His	91.8	high confidence set
Caki_scaffold695	1	85502	85574	Ala	AGC	0	0	63.4	38.20	25.20	Inf	Ala	98.3	high confidence set
Caki_scaffold696	1	45163	45082	Ser	AGA	0	0	77.0	42.20	34.80	Inf	Ser	112.5	high confidence set
Caki_scaffold700	1	120708	120780	Glu	CTC	0	0	76.3	50.40	25.90	Inf	Glu	91.1	high confidence set
Caki_scaffold702	1	106258	106330	Arg	CCT	0	0	74.8	55.90	18.90	Inf	Arg	84.6	high confidence set
Caki_scaffold702	2	84231	84150	Ser	GCT	0	0	80.5	45.20	35.30	Inf	Ser	109.5	high confidence set
Caki_scaffold702	3	21049	20977	Arg	ACG	0	0	72.5	49.90	22.60	Inf	Arg	93.8	high confidence set
Caki_scaffold711	1	32170	32098	Ala	TGC	0	0	66.6	41.40	25.20	Inf	Ala	98.8	high confidence set
Caki_scaffold713	1	101433	101505	Arg	CCT	0	0	74.8	55.90	18.90	Inf	Arg	84.6	high confidence set
Caki_scaffold719	1	29723	29796	Thr	AGT	0	0	73.6	45.20	28.40	Inf	Thr	88.6	high confidence set
Caki_scaffold729	1	102605	102525	Leu	AAG	0	0	71.4	51.10	20.30	Inf	Leu	108.5	high confidence set
Caki_scaffold734	1	77956	78027	Lys	TTT	0	0	86.2	63.50	22.70	Inf	Lys	85.9	high confidence set
Caki_scaffold734	2	11794	11709	Met	CAT	11756	11745	64.2	40.80	23.40	Inf	Met	104.0	high confidence set
Caki_scaffold740	1	13248	13321	Asn	GTT	0	0	80.1	54.80	25.30	Inf	Asn	90.5	high confidence set
Caki_scaffold743	1	85198	85125	Val	AAC	0	0	67.7	48.00	19.70	Inf	Val	95.6	high confidence set
Caki_scaffold753	1	17726	17654	Lys	CTT	0	0	84.8	64.70	20.10	Inf	Lys	93.8	high confidence set
Caki_scaffold765	1	34860	34779	Ser	AGA	0	0	77.0	42.20	34.80	Inf	Ser	112.5	high confidence set
Caki_scaffold774	2	92345	92274	Lys	TTT	0	0	92.5	69.70	22.80	Inf	Lys	94.5	high confidence set
Caki_scaffold774	3	26017	25932	Met	CAT	25979	25968	71.2	45.90	25.30	Inf	Met	103.1	high confidence set
Caki_scaffold776	1	110098	110171	Asn	GTT	0	0	83.3	58.10	25.20	Inf	Asn	93.9	high confidence set
Caki_scaffold784	1	55676	55756	Leu	AAG	0	0	73.6	51.30	22.30	Inf	Leu	108.5	high confidence set
Caki_scaffold790	1	11075	11004	Thr	TGT	0	0	70.2	51.80	18.40	Inf	Thr	77.9	high confidence set
Caki_scaffold799	1	56786	56857	Cys	GCA	0	0	81.7	56.10	25.60	Inf	Cys	104.3	high confidence set
Caki_scaffold799	2	60606	60677	Cys	GCA	0	0	74.0	52.90	21.10	Inf	Cys	97.0	high confidence set
Caki_scaffold800	1	127656	127729	Ile	AAT	0	0	83.2	54.90	28.30	Inf	Ile	107.2	high confidence set
Caki_scaffold800	2	121824	121751	Ile	AAT	0	0	83.0	54.40	28.60	Inf	Ile	104.3	high confidence set
Caki_scaffold801	1	99861	99933	Phe	GAA	0	0	78.3	58.40	19.90	Inf	Phe	113.2	high confidence set
Caki_scaffold801	2	100096	100013	Tyr	GTA	100059	100049	74.3	42.60	31.70	Inf	Tyr	108.6	high confidence set
Caki_scaffold804	2	43728	43655	Thr	AGT	0	0	73.6	45.20	28.40	Inf	Thr	88.6	high confidence set
Caki_scaffold806	1	48881	48810	Lys	TTT	0	0	75.3	62.40	12.90	Inf	Lys	76.5	high confidence set
Caki_scaffold812	1	104478	104550	Phe	GAA	0	0	78.3	58.40	19.90	Inf	Phe	113.2	high confidence set
Caki_scaffold814	1	17005	16934	iMet	CAT	0	0	58.3	28.10	30.20	Inf	iMet	118.7	high confidence set
Caki_scaffold816	1	45843	45915	Arg	ACG	0	0	72.9	50.30	22.60	Inf	Arg	88.9	high confidence set
Caki_scaffold816	2	111299	111226	Ile	AAT	0	0	85.5	59.00	26.50	Inf	Ile	109.4	high confidence set
Caki_scaffold819	1	73113	73184	Pro	AGG	0	0	67.4	34.70	32.70	Inf	Pro	112.3	high confidence set
Caki_scaffold826	1	31593	31665	Glu	CTC	0	0	77.0	51.50	25.50	Inf	Glu	91.5	high confidence set
Caki_scaffold838	1	69890	69820	Gly	GCC	0	0	66.5	44.80	21.70	Inf	Gly	94.4	high confidence set
Caki_scaffold845	1	40528	40601	Val	AAC	0	0	72.5	48.10	24.40	Inf	Val	100.2	high confidence set
Caki_scaffold852	1	37285	37212	Ile	AAT	0	0	83.0	54.40	28.60	Inf	Ile	104.3	high confidence set
Caki_scaffold855	1	48121	48205	Met	CAT	48159	48169	64.5	41.30	23.20	Inf	Met	104.0	high confidence set
Caki_scaffold855	2	124558	124637	Leu	TAG	0	0	69.5	48.50	21.00	Inf	Leu	111.5	high confidence set
Caki_scaffold855	4	50802	50729	Arg	TCG	0	0	81.9	60.40	21.50	Inf	Arg	92.9	high confidence set
Caki_scaffold856	1	69354	69282	Phe	GAA	0	0	78.3	58.40	19.90	Inf	Phe	113.2	high confidence set
Caki_scaffold857	1	48576	48504	Glu	CTC	0	0	77.0	51.50	25.50	Inf	Glu	91.5	high confidence set
Caki_scaffold858	1	97152	97080	Ala	CGC	0	0	68.3	44.10	24.20	Inf	Ala	99.2	high confidence set
Caki_scaffold870	1	96764	96692	Phe	GAA	0	0	78.3	58.40	19.90	Inf	Phe	113.2	high confidence set
Caki_scaffold876	1	138554	138637	Leu	CAA	0	0	77.6	54.00	23.60	Inf	Leu	118.8	high confidence set
Caki_scaffold878	1	93497	93578	Ser	GCT	0	0	80.5	45.20	35.30	Inf	Ser	109.5	high confidence set
Caki_scaffold882	1	50473	50554	Ser	GCT	0	0	80.5	45.20	35.30	Inf	Ser	109.5	high confidence set
Caki_scaffold886	1	101172	101252	Leu	AAG	0	0	71.4	51.10	20.30	Inf	Leu	108.5	high confidence set
Caki_scaffold886	2	112261	112341	Leu	AAG	0	0	65.2	46.90	18.30	Inf	Leu	100.1	high confidence set
Caki_scaffold886	3	69235	69163	Lys	CTT	0	0	83.2	63.10	20.10	Inf	Lys	102.4	high confidence set
Caki_scaffold902	1	10980	11051	Cys	GCA	0	0	81.7	56.10	25.60	Inf	Cys	104.3	high confidence set
Caki_scaffold905	1	29793	29874	Ser	TGA	0	0	79.2	43.90	35.30	Inf	Ser	118.5	high confidence set
Caki_scaffold907	1	63174	63101	Ile	TAT	0	0	85.9	70.60	15.30	Inf	Ile	103.9	high confidence set
Caki_scaffold909	1	112446	112375	Glu	TTC	0	0	67.3	43.90	23.40	Inf	Glu	96.8	high confidence set
Caki_scaffold909	2	91976	91903	Asn	GTT	0	0	83.3	58.10	25.20	Inf	Asn	93.9	high confidence set
Caki_scaffold915	1	99452	99536	Met	CAT	99490	99500	64.9	41.40	23.50	Inf	Met	103.3	high confidence set
Caki_scaffold917	1	96732	96816	Met	CAT	96770	96780	64.5	41.30	23.20	Inf	Met	104.0	high confidence set
Caki_scaffold920	1	12538	12609	Thr	TGT	0	0	58.4	38.60	19.80	Inf	Ala	88.9	IPD:-44.70,isotype mismatch
Caki_scaffold920	3	58635	58563	Arg	ACG	0	0	72.6	49.80	22.80	Inf	Arg	89.8	high confidence set
Caki_scaffold924	1	108658	108729	iMet	CAT	0	0	58.3	28.10	30.20	Inf	iMet	118.7	high confidence set
Caki_scaffold925	1	995	924	Pro	TGG	0	0	62.6	32.20	30.40	Inf	Pro	104.9	high confidence set
Caki_scaffold930	1	41215	41143	Phe	GAA	0	0	78.3	58.40	19.90	Inf	Phe	113.2	high confidence set
Caki_scaffold942	1	51405	51476	Cys	GCA	0	0	81.7	56.10	25.60	Inf	Cys	104.3	high confidence set
Caki_scaffold945	1	55681	55764	Leu	CAA	0	0	75.1	55.40	19.70	Inf	Leu	117.1	high confidence set
Caki_scaffold946	1	90129	90200	Trp	CCA	0	0	75.8	51.20	24.60	Inf	Trp	105.6	high confidence set
Caki_scaffold948	1	83441	83512	Asp	GTC	0	0	68.8	45.80	23.00	Inf	Asp	95.0	high confidence set
Caki_scaffold954	1	9842	9771	Gln	TTG	0	0	70.2	47.20	23.00	Inf	Gln	104.5	high confidence set
Caki_scaffold955	1	107010	107089	Leu	TAG	0	0	61.3	48.20	13.10	Inf	Leu	97.7	high confidence set
Caki_scaffold958	1	116837	116765	Ala	AGC	0	0	63.4	38.20	25.20	Inf	Ala	98.3	high confidence set
Caki_scaffold962	1	74014	73943	Lys	TTT	0	0	83.8	71.00	12.80	Inf	Lys	83.9	high confidence set
Caki_scaffold962	2	23696	23626	Gly	GCC	0	0	66.5	44.80	21.70	Inf	Gly	94.4	high confidence set
Caki_scaffold972	1	112785	112714	iMet	CAT	0	0	58.3	28.10	30.20	Inf	iMet	118.7	high confidence set
Caki_scaffold996	1	12863	12936	Asn	GTT	0	0	82.0	58.30	23.70	Inf	Asn	90.3	high confidence set
Caki_scaffold999	1	26968	27040	Arg	ACG	0	0	71.9	49.40	22.50	Inf	Arg	90.6	high confidence set
Caki_scaffold999	2	67691	67618	Ile	AAT	0	0	80.9	57.40	23.50	Inf	Ile	104.8	high confidence set
Caki_scaffold1000	1	21499	21583	Met	CAT	21537	21547	60.5	37.60	22.90	Inf	Met	95.9	high confidence set
Caki_scaffold1000	2	39029	39113	Met	CAT	39067	39077	70.7	49.00	21.70	Inf	Met	105.8	high confidence set
Caki_scaffold1007	1	17356	17284	Arg	ACG	0	0	72.6	49.80	22.80	Inf	Arg	89.8	high confidence set
Caki_scaffold1010	1	97772	97699	Ile	AAT	0	0	85.5	59.00	26.50	Inf	Ile	109.4	high confidence set
Caki_scaffold1019	1	93401	93329	Phe	GAA	0	0	72.8	52.80	20.00	Inf	Phe	107.7	high confidence set
Caki_scaffold1031	1	22401	22329	Lys	CTT	0	0	87.7	67.60	20.10	Inf	Lys	106.7	high confidence set
Caki_scaffold1045	1	2090	2018	Lys	CTT	0	0	87.7	67.60	20.10	Inf	Lys	106.7	high confidence set
Caki_scaffold1046	1	155205	155276	Gln	TTG	0	0	73.5	53.70	19.80	Inf	Gln	104.8	high confidence set
Caki_scaffold1046	2	59931	59859	Arg	TCT	0	0	71.3	51.70	19.60	Inf	Arg	95.1	high confidence set
Caki_scaffold1050	1	80422	80351	His	GTG	0	0	63.0	33.70	29.30	Inf	His	86.8	high confidence set
Caki_scaffold1057	1	85176	85104	Glu	CTC	0	0	76.3	50.40	25.90	Inf	Glu	91.1	high confidence set
Caki_scaffold1070	1	73235	73308	Val	AAC	0	0	64.1	39.70	24.40	Inf	Val	91.1	high confidence set
Caki_scaffold1071	1	106877	106805	Lys	CTT	0	0	87.7	67.60	20.10	Inf	Lys	106.7	high confidence set
Caki_scaffold1075	1	96324	96395	Glu	TTC	0	0	52.2	34.30	17.90	Inf	Glu	85.4	high confidence set
Caki_scaffold1077	1	17888	17815	Asn	GTT	0	0	83.3	58.10	25.20	Inf	Asn	93.9	high confidence set
Caki_scaffold1080	1	22953	22868	Tyr	GTA	22916	22904	75.1	44.10	31.00	Inf	Tyr	103.8	high confidence set
Caki_scaffold1083	1	49037	48953	Met	CAT	48999	48989	64.2	40.80	23.40	Inf	Met	104.0	high confidence set
Caki_scaffold1084	1	60449	60369	Leu	AAG	0	0	71.4	51.10	20.30	Inf	Leu	108.5	high confidence set
Caki_scaffold1110	1	27637	27710	Arg	TCG	0	0	72.1	58.90	13.20	Inf	Arg	82.7	high confidence set
Caki_scaffold1115	1	98772	98701	Pro	AGG	0	0	67.4	34.70	32.70	Inf	Pro	112.3	high confidence set
Caki_scaffold1115	2	97317	97246	Pro	TGG	0	0	60.1	33.80	26.30	Inf	Pro	103.6	high confidence set
Caki_scaffold1115	3	96388	96317	Pro	TGG	0	0	68.5	35.70	32.80	Inf	Pro	111.2	high confidence set
Caki_scaffold1115	4	95736	95665	Pro	TGG	0	0	61.6	35.40	26.20	Inf	Pro	102.7	high confidence set
Caki_scaffold1115	5	95084	95014	Pro	TGG	0	0	55.4	29.80	25.60	Inf	Pro	95.1	high confidence set
Caki_scaffold1115	6	93513	93442	Pro	TGG	0	0	68.5	35.70	32.80	Inf	Pro	111.2	high confidence set
Caki_scaffold1115	7	92832	92761	Pro	TGG	0	0	68.5	35.70	32.80	Inf	Pro	111.2	high confidence set
Caki_scaffold1122	1	91391	91319	Arg	ACG	0	0	72.6	49.80	22.80	Inf	Arg	89.8	high confidence set
Caki_scaffold1127	1	65661	65732	Pro	AGG	0	0	67.4	34.70	32.70	Inf	Pro	109.7	high confidence set
Caki_scaffold1130	1	85844	85773	Gln	CTG	0	0	73.1	45.50	27.60	Inf	Gln	100.2	high confidence set
Caki_scaffold1130	2	78649	78569	Leu	AAG	0	0	55.0	41.30	13.70	Inf	Leu	92.2	high confidence set
Caki_scaffold1139	1	72023	72094	Phe	GAA	0	0	66.5	47.20	19.30	Inf	Phe	97.4	high confidence set
Caki_scaffold1139	2	98138	98210	Phe	GAA	0	0	78.3	58.40	19.90	Inf	Phe	113.2	high confidence set
Caki_scaffold1141	1	43169	43098	Thr	TGT	0	0	79.8	53.60	26.20	Inf	Thr	91.3	high confidence set
Caki_scaffold1142	1	92105	92024	Ser	AGA	0	0	77.0	42.20	34.80	Inf	Ser	112.5	high confidence set
Caki_scaffold1148	2	41520	41448	Ala	TGC	0	0	64.1	47.90	16.20	Inf	Ala	90.3	high confidence set
Caki_scaffold1148	3	41039	40967	Ala	TGC	0	0	70.0	45.30	24.70	Inf	Ala	100.6	high confidence set
Caki_scaffold1149	1	90695	90622	Asn	GTT	0	0	83.3	58.10	25.20	Inf	Asn	93.9	high confidence set
Caki_scaffold1162	1	75356	75285	iMet	CAT	0	0	58.3	28.10	30.20	Inf	iMet	118.7	high confidence set
Caki_scaffold1162	2	26858	26786	Glu	CTC	0	0	76.3	50.40	25.90	Inf	Glu	91.1	high confidence set
Caki_scaffold1182	1	1145	1074	Cys	GCA	0	0	81.7	56.10	25.60	Inf	Cys	102.7	high confidence set
Caki_scaffold1186	1	35076	35147	Trp	CCA	0	0	75.8	51.20	24.60	Inf	Trp	105.6	high confidence set
Caki_scaffold1190	1	53033	53113	Leu	AAG	0	0	69.9	49.30	20.60	Inf	Leu	105.0	high confidence set
Caki_scaffold1197	1	43687	43758	Pro	TGG	0	0	64.5	37.40	27.10	Inf	Pro	108.3	high confidence set
Caki_scaffold1211	1	58490	58563	Val	AAC	0	0	72.5	48.10	24.40	Inf	Val	100.2	high confidence set
Caki_scaffold1211	2	58689	58618	Asp	GTC	0	0	69.8	46.80	23.00	Inf	Asp	95.8	high confidence set
Caki_scaffold1211	3	25279	25207	Glu	CTC	0	0	69.0	50.90	18.10	Inf	Glu	84.5	high confidence set
Caki_scaffold1211	4	25126	25054	Glu	TTC	0	0	61.2	35.80	25.40	Inf	Glu	76.5	high confidence set
Caki_scaffold1211	5	24980	24908	Glu	TTC	0	0	72.4	51.60	20.80	Inf	Glu	87.8	high confidence set
Caki_scaffold1211	6	24586	24514	Glu	TTC	0	0	72.4	51.60	20.80	Inf	Glu	87.8	high confidence set
Caki_scaffold1212	1	56554	56483	Glu	CTC	0	0	64.0	40.80	23.20	Inf	Glu	74.6	high confidence set
Caki_scaffold1216	1	43822	43893	Gln	CTG	0	0	71.1	46.00	25.10	Inf	Gln	100.8	high confidence set
Caki_scaffold1219	1	46724	46795	Thr	TGT	0	0	83.0	58.30	24.70	Inf	Thr	92.4	high confidence set
Caki_scaffold1219	2	27834	27762	Ala	AGC	0	0	63.4	38.20	25.20	Inf	Ala	98.3	high confidence set
Caki_scaffold1220	1	39532	39462	Gly	CCC	0	0	65.4	28.10	37.30	Inf	Gly	85.4	high confidence set
Caki_scaffold1223	2	26267	26338	Asn	GTT	0	0	67.7	48.20	19.50	Inf	Asn	72.4	high confidence set
Caki_scaffold1228	1	73710	73639	Pro	TGG	0	0	69.2	36.90	32.30	Inf	Pro	112.8	high confidence set
Caki_scaffold1230	1	18012	17929	Leu	AAG	0	0	56.1	37.00	19.10	Inf	Leu	89.6	high confidence set
Caki_scaffold1234	1	54443	54515	Phe	GAA	0	0	78.3	58.40	19.90	Inf	Phe	113.2	high confidence set
Caki_scaffold1234	2	86759	86688	Gln	CTG	0	0	74.6	50.10	24.50	Inf	Gln	102.4	high confidence set
Caki_scaffold1235	1	43360	43431	Glu	TTC	0	0	62.0	42.00	20.00	Inf	Glu	91.3	high confidence set
Caki_scaffold1235	2	63405	63478	Asn	GTT	0	0	83.3	58.10	25.20	Inf	Asn	93.9	high confidence set
Caki_scaffold1258	1	16384	16456	Ala	AGC	0	0	63.4	38.20	25.20	Inf	Ala	98.3	high confidence set
Caki_scaffold1258	2	98426	98511	Tyr	GTA	98463	98475	74.2	42.50	31.70	Inf	Tyr	108.6	high confidence set
Caki_scaffold1258	3	22315	22232	Leu	CAA	0	0	79.5	54.50	25.00	Inf	Leu	126.8	high confidence set
Caki_scaffold1263	1	63055	63126	Lys	TTT	0	0	92.8	70.00	22.80	Inf	Lys	93.0	high confidence set
Caki_scaffold1270	1	96240	96312	Glu	CTC	0	0	76.3	50.40	25.90	Inf	Glu	91.1	high confidence set
Caki_scaffold1271	1	38460	38388	Arg	TCT	0	0	70.7	50.70	20.00	Inf	Arg	91.3	high confidence set
Caki_scaffold1272	1	92372	92300	Ala	AGC	0	0	60.6	35.30	25.30	Inf	Ala	94.4	high confidence set
Caki_scaffold1273	1	61893	61966	Val	AAC	0	0	69.3	44.80	24.50	Inf	Val	94.1	high confidence set
Caki_scaffold1280	1	54291	54363	Phe	GAA	0	0	68.8	56.60	12.20	Inf	Phe	101.8	high confidence set
Caki_scaffold1297	1	9779	9858	Leu	TAG	0	0	71.0	48.60	22.40	Inf	Leu	111.9	high confidence set
Caki_scaffold1297	2	18717	18796	Leu	TAG	0	0	69.5	48.50	21.00	Inf	Leu	111.5	high confidence set
Caki_scaffold1299	1	38321	38392	Lys	TTT	0	0	83.8	71.00	12.80	Inf	Lys	83.9	high confidence set
Caki_scaffold1299	2	69288	69361	Val	AAC	0	0	72.5	48.10	24.40	Inf	Val	100.2	high confidence set
Caki_scaffold1302	1	74250	74179	Gln	CTG	0	0	62.0	45.80	16.20	Inf	Gln	93.8	high confidence set
Caki_scaffold1303	1	73404	73320	Met	CAT	73366	73356	64.5	41.30	23.20	Inf	Met	104.0	high confidence set
Caki_scaffold1310	1	37569	37498	Glu	CTC	0	0	57.3	39.90	17.40	Inf	Glu	70.1	high confidence set
Caki_scaffold1311	1	76909	76992	Leu	CAA	0	0	76.7	54.50	22.20	Inf	Leu	123.1	high confidence set
Caki_scaffold1311	2	93230	93158	Ala	AGC	0	0	63.4	38.20	25.20	Inf	Ala	98.3	high confidence set
Caki_scaffold1319	1	80056	79985	Pro	TGG	0	0	69.2	36.90	32.30	Inf	Pro	112.8	high confidence set
Caki_scaffold1323	1	49227	49298	Pro	TGG	0	0	69.2	36.90	32.30	Inf	Pro	112.8	high confidence set
Caki_scaffold1327	1	62442	62522	Leu	AAG	0	0	61.1	47.90	13.20	Inf	Leu	91.0	high confidence set
Caki_scaffold1331	1	88200	88273	Ile	AAT	0	0	85.5	59.00	26.50	Inf	Ile	109.4	high confidence set
Caki_scaffold1333	1	62873	62945	Phe	GAA	0	0	78.3	58.40	19.90	Inf	Phe	113.2	high confidence set
Caki_scaffold1333	3	65891	65820	Gln	CTG	0	0	73.9	47.20	26.70	Inf	Gln	101.0	high confidence set
Caki_scaffold1341	1	22796	22869	Val	CAC	0	0	81.5	53.50	28.00	Inf	Val	103.7	high confidence set
Caki_scaffold1356	1	87364	87436	Ala	CGC	0	0	67.5	42.90	24.60	Inf	Ala	99.2	high confidence set
Caki_scaffold1356	2	90029	90100	Thr	CGT	0	0	82.3	55.00	27.30	Inf	Thr	83.7	high confidence set
Caki_scaffold1359	1	43222	43151	Pro	CGG	0	0	68.2	35.30	32.90	Inf	Pro	113.0	high confidence set
Caki_scaffold1377	2	84122	84041	Ser	AGA	0	0	77.0	42.20	34.80	Inf	Ser	112.5	high confidence set
Caki_scaffold1381	1	90350	90280	Gly	GCC	0	0	66.5	44.80	21.70	Inf	Gly	94.4	high confidence set
Caki_scaffold1385	1	58860	58943	Leu	CAA	0	0	79.5	54.50	25.00	Inf	Leu	126.8	high confidence set
Caki_scaffold1385	2	55129	55056	Thr	AGT	0	0	73.6	45.20	28.40	Inf	Thr	88.6	high confidence set
Caki_scaffold1390	1	82295	82223	Ala	TGC	0	0	58.6	33.40	25.20	Inf	Ala	91.0	high confidence set
Caki_scaffold1397	1	20506	20435	Gln	TTG	0	0	70.2	47.20	23.00	Inf	Gln	104.5	high confidence set
Caki_scaffold1401	1	65404	65332	Arg	ACG	0	0	68.4	43.90	24.50	Inf	Arg	88.5	high confidence set
Caki_scaffold1416	1	76827	76898	Glu	TTC	0	0	69.9	45.30	24.60	Inf	Glu	99.4	high confidence set
Caki_scaffold1418	1	88631	88550	Ser	TGA	0	0	79.2	43.90	35.30	Inf	Ser	118.5	high confidence set
Caki_scaffold1418	2	67846	67775	Lys	TTT	0	0	83.8	71.00	12.80	Inf	Lys	83.9	high confidence set
Caki_scaffold1421	1	81396	81324	Ala	CGC	0	0	68.3	44.10	24.20	Inf	Ala	99.2	high confidence set
Caki_scaffold1426	1	36973	36888	Tyr	GTA	36936	36924	74.2	42.50	31.70	Inf	Tyr	108.6	high confidence set
Caki_scaffold1427	1	30919	30991	Lys	CTT	0	0	87.7	67.60	20.10	Inf	Lys	106.7	high confidence set
Caki_scaffold1434	1	25416	25486	Gly	GCC	0	0	66.5	44.80	21.70	Inf	Gly	94.4	high confidence set
Caki_scaffold1441	1	64388	64460	Glu	CTC	0	0	76.3	50.40	25.90	Inf	Glu	91.1	high confidence set
Caki_scaffold1444	1	76452	76372	Leu	AAG	0	0	69.9	49.30	20.60	Inf	Leu	105.0	high confidence set
Caki_scaffold1447	2	48372	48300	Lys	CTT	0	0	69.8	50.50	19.30	Inf	Lys	90.8	high confidence set
Caki_scaffold1458	1	84756	84840	Met	CAT	84794	84804	64.2	40.80	23.40	Inf	Met	104.0	high confidence set
Caki_scaffold1458	2	76694	76621	Ile	AAT	0	0	86.4	57.90	28.50	Inf	Ile	108.4	high confidence set
Caki_scaffold1465	1	7507	7579	Arg	TCT	0	0	70.9	52.60	18.30	Inf	Arg	92.3	high confidence set
Caki_scaffold1466	1	14891	14962	Trp	CCA	0	0	75.8	51.20	24.60	Inf	Trp	105.6	high confidence set
Caki_scaffold1476	1	53857	53929	Ala	AGC	0	0	63.4	38.20	25.20	Inf	Ala	98.3	high confidence set
Caki_scaffold1485	1	15049	15120	Glu	TTC	0	0	69.9	45.30	24.60	Inf	Glu	99.4	high confidence set
Caki_scaffold1490	1	68867	68940	Val	AAC	0	0	72.5	48.10	24.40	Inf	Val	100.2	high confidence set
Caki_scaffold1518	1	25562	25490	Lys	CTT	0	0	87.7	67.60	20.10	Inf	Lys	106.7	high confidence set
Caki_scaffold1528	1	64010	63939	iMet	CAT	0	0	58.3	28.10	30.20	Inf	iMet	118.7	high confidence set
Caki_scaffold1538	1	39939	39867	Phe	GAA	0	0	78.3	58.40	19.90	Inf	Phe	113.2	high confidence set
Caki_scaffold1542	1	45935	46024	Tyr	GTA	45972	45988	74.0	42.30	31.70	Inf	Tyr	108.6	high confidence set
Caki_scaffold1546	1	82395	82324	His	GTG	0	0	63.0	33.70	29.30	Inf	His	87.1	high confidence set
Caki_scaffold1553	1	31405	31477	Arg	ACG	0	0	64.7	42.00	22.70	Inf	Arg	85.0	high confidence set
Caki_scaffold1553	2	62393	62313	Leu	AAG	0	0	71.4	51.10	20.30	Inf	Leu	108.5	high confidence set
Caki_scaffold1554	1	18858	18785	Ile	AAT	0	0	86.4	57.90	28.50	Inf	Ile	108.4	high confidence set
Caki_scaffold1554	2	18695	18622	Ile	AAT	0	0	83.0	54.40	28.60	Inf	Ile	104.3	high confidence set
Caki_scaffold1559	1	21022	21093	His	GTG	0	0	63.0	33.70	29.30	Inf	His	87.1	high confidence set
Caki_scaffold1567	1	48971	49042	Pro	AGG	0	0	68.2	35.90	32.30	Inf	Pro	113.9	high confidence set
Caki_scaffold1581	1	65006	65077	Cys	GCA	0	0	81.7	56.10	25.60	Inf	Cys	104.3	high confidence set
Caki_scaffold1581	2	68706	68777	Cys	GCA	0	0	81.7	56.10	25.60	Inf	Cys	104.3	high confidence set
Caki_scaffold1599	1	24781	24710	Glu	TTC	0	0	69.9	45.30	24.60	Inf	Glu	99.4	high confidence set
Caki_scaffold1621	1	80432	80502	Gly	GCC	0	0	58.9	43.20	15.70	Inf	Gly	89.1	high confidence set
Caki_scaffold1659	1	23442	23513	Thr	CGT	0	0	77.5	51.20	26.30	Inf	Thr	85.4	high confidence set
Caki_scaffold1659	2	61026	61098	Ala	TGC	0	0	70.0	45.30	24.70	Inf	Ala	100.6	high confidence set
Caki_scaffold1663	2	57154	57226	Glu	CTC	0	0	77.0	51.50	25.50	Inf	Glu	91.5	high confidence set
Caki_scaffold1663	3	35151	35078	Val	AAC	0	0	72.5	48.10	24.40	Inf	Val	100.2	high confidence set
Caki_scaffold1667	1	20722	20794	Lys	CTT	0	0	87.7	67.60	20.10	Inf	Lys	106.7	high confidence set
Caki_scaffold1671	1	32339	32267	Arg	CCG	0	0	65.3	51.10	14.20	Inf	Arg	96.5	high confidence set
Caki_scaffold1672	1	64858	64931	Ile	AAT	0	0	83.0	54.40	28.60	Inf	Ile	104.3	high confidence set
Caki_scaffold1674	1	59435	59364	Lys	TTT	0	0	83.8	71.00	12.80	Inf	Lys	83.9	high confidence set
Caki_scaffold1680	1	36859	36779	Leu	AAG	0	0	71.4	51.10	20.30	Inf	Leu	108.5	high confidence set
Caki_scaffold1681	1	15671	15601	Gly	GCC	0	0	66.5	44.80	21.70	Inf	Gly	94.4	high confidence set
Caki_scaffold1688	1	56140	56221	Ser	GCT	0	0	80.5	45.20	35.30	Inf	Ser	109.5	high confidence set
Caki_scaffold1697	1	4549	4621	Glu	TTC	0	0	66.3	49.50	16.80	Inf	Glu	83.0	high confidence set
Caki_scaffold1702	1	69498	69415	Leu	CAA	0	0	77.0	55.00	22.00	Inf	Leu	120.1	high confidence set
Caki_scaffold1702	2	40496	40428	Lys	CTT	0	0	57.0	41.40	15.60	Inf	Lys	73.7	high confidence set
Caki_scaffold1717	1	44687	44759	Val	TAC	0	0	74.4	44.00	30.40	Inf	Val	103.3	high confidence set
Caki_scaffold1731	1	90396	90325	Lys	TTT	0	0	70.3	59.90	10.40	Inf	Lys	73.5	high confidence set
Caki_scaffold1734	2	75918	75847	Thr	CGT	0	0	82.3	55.00	27.30	Inf	Thr	83.7	high confidence set
Caki_scaffold1741	1	8906	8977	Lys	TTT	0	0	83.8	71.00	12.80	Inf	Lys	83.9	high confidence set
Caki_scaffold1775	1	42672	42743	Pro	AGG	0	0	68.2	35.90	32.30	Inf	Pro	113.9	high confidence set
Caki_scaffold1784	1	49857	49927	Gly	GCC	0	0	66.5	44.80	21.70	Inf	Gly	94.4	high confidence set
Caki_scaffold1795	1	69699	69772	Ile	AAT	0	0	85.5	59.00	26.50	Inf	Ile	109.4	high confidence set
Caki_scaffold1798	1	40659	40574	Tyr	GTA	40622	40610	68.6	40.60	28.00	Inf	Tyr	103.6	high confidence set
Caki_scaffold1802	1	21297	21216	Leu	CAA	0	0	69.7	46.80	22.90	Inf	Ser	112.3	IPD:-49.30,isotype mismatch
Caki_scaffold1805	1	75637	75708	Cys	GCA	0	0	72.1	46.70	25.40	Inf	Cys	95.8	high confidence set
Caki_scaffold1807	1	79984	80068	Tyr	GTA	80021	80032	66.9	42.10	24.80	Inf	Tyr	102.8	high confidence set
Caki_scaffold1809	1	62240	62169	Pro	AGG	0	0	68.2	35.90	32.30	Inf	Pro	113.9	high confidence set
Caki_scaffold1814	1	4950	5022	Ala	CGC	0	0	67.5	42.90	24.60	Inf	Ala	99.2	high confidence set
Caki_scaffold1817	1	71576	71649	Val	AAC	0	0	69.3	44.80	24.50	Inf	Val	94.1	high confidence set
Caki_scaffold1818	1	44999	44927	Arg	CCT	0	0	63.0	43.70	19.30	Inf	Arg	76.8	high confidence set
Caki_scaffold1821	1	6272	6354	Leu	TAA	0	0	72.9	35.60	37.30	Inf	Leu	100.3	high confidence set
Caki_scaffold1828	2	16857	16929	Lys	CTT	0	0	87.7	67.60	20.10	Inf	Lys	106.7	high confidence set
Caki_scaffold1828	3	41563	41634	Pro	TGG	0	0	69.2	36.90	32.30	Inf	Pro	112.8	high confidence set
Caki_scaffold1828	4	6511	6440	Glu	TTC	0	0	69.9	45.30	24.60	Inf	Glu	99.4	high confidence set
Caki_scaffold1843	1	34260	34332	Ala	AGC	0	0	63.4	38.20	25.20	Inf	Ala	98.3	high confidence set
Caki_scaffold1854	1	42893	42812	Ser	TGA	0	0	80.7	46.10	34.60	Inf	Ser	119.7	high confidence set
Caki_scaffold1882	1	48890	48819	Gln	TTG	0	0	73.5	53.70	19.80	Inf	Gln	104.8	high confidence set
Caki_scaffold1899	1	60502	60429	Ile	AAT	0	0	84.0	55.40	28.60	Inf	Ile	105.9	high confidence set
Caki_scaffold1909	1	58172	58101	Thr	TGT	0	0	76.7	52.20	24.50	Inf	Thr	85.1	high confidence set
Caki_scaffold1924	1	23254	23181	Arg	TCG	0	0	81.9	60.40	21.50	Inf	Arg	92.9	high confidence set
Caki_scaffold1931	1	30664	30592	Ala	CGC	0	0	67.5	42.90	24.60	Inf	Ala	99.2	high confidence set
Caki_scaffold1954	1	46867	46796	Gln	TTG	0	0	73.5	53.70	19.80	Inf	Gln	104.8	high confidence set
Caki_scaffold1956	1	72661	72734	Val	CAC	0	0	81.5	53.50	28.00	Inf	Val	103.7	high confidence set
Caki_scaffold1957	1	26717	26789	Val	TAC	0	0	74.4	44.00	30.40	Inf	Val	103.3	high confidence set
Caki_scaffold1964	1	61727	61656	Pro	TGG	0	0	69.2	36.90	32.30	Inf	Pro	112.8	high confidence set
Caki_scaffold1966	2	52428	52501	Ile	TAT	0	0	87.1	72.60	14.50	Inf	Ile	104.3	high confidence set
Caki_scaffold1967	1	65216	65287	Trp	CCA	0	0	75.8	51.20	24.60	Inf	Trp	105.6	high confidence set
Caki_scaffold1978	1	9745	9828	Tyr	GTA	9782	9792	74.3	42.60	31.70	Inf	Tyr	108.6	high confidence set
Caki_scaffold1978	2	17676	17593	Leu	CAA	0	0	82.0	55.00	27.00	Inf	Leu	127.3	high confidence set
Caki_scaffold1987	1	31545	31617	Ala	AGC	0	0	63.4	38.20	25.20	Inf	Ala	98.3	high confidence set
Caki_scaffold1991	1	70219	70290	Gln	CTG	0	0	71.1	46.00	25.10	Inf	Gln	100.8	high confidence set
Caki_scaffold2003	1	53231	53312	Ser	GCT	0	0	80.5	45.20	35.30	Inf	Ser	109.5	high confidence set
Caki_scaffold2011	1	65693	65621	Lys	CTT	0	0	87.7	67.60	20.10	Inf	Lys	106.7	high confidence set
Caki_scaffold2012	1	15498	15426	Arg	CCT	0	0	72.3	51.10	21.20	Inf	Arg	81.9	high confidence set
Caki_scaffold2019	1	32886	32815	Asn	GTT	0	0	79.0	56.70	22.30	Inf	Asn	79.2	high confidence set
Caki_scaffold2021	1	24696	24767	Gln	CTG	0	0	69.1	44.90	24.20	Inf	Gln	94.2	high confidence set
Caki_scaffold2054	1	58882	58811	Pro	TGG	0	0	69.2	36.90	32.30	Inf	Pro	112.8	high confidence set
Caki_scaffold2064	1	784	712	Ala	AGC	0	0	63.4	38.20	25.20	Inf	Ala	98.3	high confidence set
Caki_scaffold2077	1	21082	21167	Tyr	GTA	21119	21131	74.2	42.50	31.70	Inf	Tyr	108.6	high confidence set
Caki_scaffold2100	1	33186	33113	Asn	GTT	0	0	83.3	58.10	25.20	Inf	Asn	93.9	high confidence set
Caki_scaffold2103	1	58402	58474	Arg	TCT	0	0	70.3	51.80	18.50	Inf	Arg	99.4	high confidence set
Caki_scaffold2106	1	40398	40471	Val	CAC	0	0	81.5	53.50	28.00	Inf	Val	103.7	high confidence set
Caki_scaffold2110	1	1478	1407	Thr	CGT	0	0	82.3	55.00	27.30	Inf	Thr	83.7	high confidence set
Caki_scaffold2113	1	31570	31640	Gly	GCC	0	0	66.5	44.80	21.70	Inf	Gly	94.4	high confidence set
Caki_scaffold2113	2	42741	42813	Ala	CGC	0	0	59.5	35.00	24.50	Inf	Ala	91.4	high confidence set
Caki_scaffold2128	1	14259	14329	Gly	GCC	0	0	66.5	44.80	21.70	Inf	Gly	94.4	high confidence set
Caki_scaffold2128	2	18357	18427	Gly	GCC	0	0	66.5	44.80	21.70	Inf	Gly	94.4	high confidence set
Caki_scaffold2128	3	58051	57979	Ala	AGC	0	0	63.4	38.20	25.20	Inf	Ala	98.3	high confidence set
Caki_scaffold2141	1	35652	35568	Tyr	GTA	35615	35604	74.2	42.50	31.70	Inf	Tyr	108.6	high confidence set
Caki_scaffold2168	1	35331	35260	Thr	TGT	0	0	83.0	58.30	24.70	Inf	Thr	92.4	high confidence set
Caki_scaffold2170	1	31418	31346	Arg	CCG	0	0	69.7	54.70	15.00	Inf	Arg	97.7	high confidence set
Caki_scaffold2170	2	11446	11375	Lys	TTT	0	0	81.3	68.50	12.80	Inf	Lys	81.7	high confidence set
Caki_scaffold2172	1	35124	35195	Cys	GCA	0	0	77.8	57.20	20.60	Inf	Cys	102.3	high confidence set
Caki_scaffold2176	1	54072	54142	Gly	GCC	0	0	66.5	44.80	21.70	Inf	Gly	94.4	high confidence set
Caki_scaffold2176	2	59405	59475	Gly	GCC	0	0	66.5	44.80	21.70	Inf	Gly	94.4	high confidence set
Caki_scaffold2187	1	54041	53970	Glu	TTC	0	0	69.9	45.30	24.60	Inf	Glu	99.4	high confidence set
Caki_scaffold2197	1	38256	38338	Ser	AGA	0	0	63.9	39.50	24.40	Inf	Ser	100.9	high confidence set
Caki_scaffold2210	1	8510	8427	Tyr	GTA	8473	8463	70.3	42.20	28.10	Inf	Tyr	100.3	high confidence set
Caki_scaffold2242	1	51714	51787	Ile	AAT	0	0	83.0	54.40	28.60	Inf	Ile	104.3	high confidence set
Caki_scaffold2243	1	22433	22505	Glu	CTC	0	0	76.9	51.10	25.80	Inf	Glu	90.4	high confidence set
Caki_scaffold2259	1	15864	15793	Cys	GCA	0	0	73.5	53.20	20.30	Inf	Cys	95.0	high confidence set
Caki_scaffold2274	1	24107	24036	Cys	GCA	0	0	81.7	56.10	25.60	Inf	Cys	104.3	high confidence set
Caki_scaffold2313	1	576	504	Lys	CTT	0	0	77.1	58.50	18.60	Inf	Lys	96.8	high confidence set
Caki_scaffold2316	1	49149	49077	Ala	AGC	0	0	63.4	38.20	25.20	Inf	Ala	98.3	high confidence set
Caki_scaffold2321	2	19291	19364	Val	AAC	0	0	66.8	43.40	23.40	Inf	Val	91.7	high confidence set
Caki_scaffold2324	2	40726	40655	Pro	TGG	0	0	68.5	35.70	32.80	Inf	Pro	111.2	high confidence set
Caki_scaffold2324	4	31401	31330	Pro	AGG	0	0	67.4	34.70	32.70	Inf	Pro	112.3	high confidence set
Caki_scaffold2324	5	31113	31042	Pro	TGG	0	0	68.5	35.70	32.80	Inf	Pro	111.2	high confidence set
Caki_scaffold2324	7	29766	29695	Pro	TGG	0	0	68.5	35.70	32.80	Inf	Pro	111.2	high confidence set
Caki_scaffold2324	8	28923	28852	Pro	CGG	0	0	65.2	32.70	32.50	Inf	Pro	105.4	high confidence set
Caki_scaffold2324	9	27820	27749	Pro	TGG	0	0	68.5	35.70	32.80	Inf	Pro	111.2	high confidence set
Caki_scaffold2330	1	64211	64294	Tyr	GTA	64248	64258	62.1	37.10	25.00	Inf	Tyr	97.8	high confidence set
Caki_scaffold2352	1	29357	29285	Lys	TTT	0	0	80.3	61.50	18.80	Inf	Lys	78.3	high confidence set
Caki_scaffold2362	1	35761	35832	His	GTG	0	0	55.6	19.90	35.70	Inf	His	91.3	high confidence set
Caki_scaffold2372	1	1716	1797	Ser	GCT	0	0	80.5	45.20	35.30	Inf	Ser	109.5	high confidence set
Caki_scaffold2372	2	54076	54146	Gly	GCC	0	0	66.5	44.80	21.70	Inf	Gly	94.4	high confidence set
Caki_scaffold2392	1	29227	29156	Pro	TGG	0	0	68.5	35.70	32.80	Inf	Pro	111.2	high confidence set
Caki_scaffold2398	1	50051	50122	Pro	AGG	0	0	68.2	35.90	32.30	Inf	Pro	113.9	high confidence set
Caki_scaffold2430	1	7698	7779	Ser	AGA	0	0	76.3	41.60	34.70	Inf	Ser	112.1	high confidence set
Caki_scaffold2437	1	59019	59091	Lys	CTT	0	0	78.3	58.50	19.80	Inf	Lys	81.8	high confidence set
Caki_scaffold2441	1	48636	48709	Ile	TAT	0	0	85.2	69.20	16.00	Inf	Ile	99.5	high confidence set
Caki_scaffold2448	1	52953	53024	Gln	TTG	0	0	73.5	53.70	19.80	Inf	Gln	104.8	high confidence set
Caki_scaffold2457	2	112522	112450	Glu	CTC	0	0	76.3	50.40	25.90	Inf	Glu	91.1	high confidence set
Caki_scaffold2457	3	52886	52815	Asn	GTT	0	0	79.0	56.70	22.30	Inf	Asn	79.2	high confidence set
Caki_scaffold2457	5	35942	35869	Trp	CCA	0	0	72.3	42.90	29.40	Inf	Thr	75.0	IPD:-16.70,isotype mismatch
Caki_scaffold2459	2	2918	3002	Tyr	GTA	2955	2966	72.2	39.00	33.20	Inf	Tyr	110.0	high confidence set
Caki_scaffold2459	7	8881	8965	Tyr	GTA	8918	8929	72.2	39.00	33.20	Inf	Tyr	110.0	high confidence set
Caki_scaffold2459	8	9975	10059	Tyr	GTA	10012	10023	72.2	39.00	33.20	Inf	Tyr	110.0	high confidence set
Caki_scaffold2459	11	13109	13193	Tyr	GTA	13146	13157	72.2	38.90	33.30	Inf	Tyr	110.0	high confidence set
Caki_scaffold2459	12	14213	14297	Tyr	GTA	14250	14261	72.2	39.00	33.20	Inf	Tyr	110.0	high confidence set
Caki_scaffold2459	14	26188	26272	Tyr	GTA	26225	26236	72.2	39.00	33.20	Inf	Tyr	110.0	high confidence set
Caki_scaffold2459	19	31723	31807	Tyr	GTA	31760	31771	65.4	38.70	26.70	Inf	Tyr	101.7	high confidence set
Caki_scaffold2489	1	14640	14567	Thr	AGT	0	0	73.6	45.20	28.40	Inf	Thr	88.6	high confidence set
Caki_scaffold2491	1	60638	60566	Arg	TCT	0	0	71.0	51.20	19.80	Inf	Arg	99.1	high confidence set
Caki_scaffold2495	1	15874	15955	Ser	TGA	0	0	81.1	46.70	34.40	Inf	Ser	122.5	high confidence set
Caki_scaffold2495	2	51809	51882	Arg	TCG	0	0	82.3	61.00	21.30	Inf	Arg	91.9	high confidence set
Caki_scaffold2537	1	54475	54546	iMet	CAT	0	0	58.3	28.10	30.20	Inf	iMet	118.7	high confidence set
Caki_scaffold2576	1	6690	6620	Gly	GCC	0	0	59.1	44.70	14.40	Inf	Gly	88.9	high confidence set
Caki_scaffold2585	1	15879	15800	Leu	TAG	0	0	69.5	48.50	21.00	Inf	Leu	111.5	high confidence set
Caki_scaffold2591	1	20937	21009	Arg	TCT	0	0	70.3	51.80	18.50	Inf	Arg	99.4	high confidence set
Caki_scaffold2593	1	44285	44355	Gly	CCC	0	0	65.4	28.10	37.30	Inf	Gly	85.4	high confidence set
Caki_scaffold2616	1	9436	9506	Gly	GCC	0	0	66.5	44.80	21.70	Inf	Gly	94.4	high confidence set
Caki_scaffold2621	1	59035	59119	Met	CAT	59073	59083	64.2	40.80	23.40	Inf	Met	104.0	high confidence set
Caki_scaffold2626	1	50287	50358	Lys	TTT	0	0	83.8	71.00	12.80	Inf	Lys	83.9	high confidence set
Caki_scaffold2630	1	17826	17899	Asn	GTT	0	0	86.2	61.00	25.20	Inf	Asn	93.9	high confidence set
Caki_scaffold2649	1	19721	19793	Arg	TCT	0	0	70.7	50.70	20.00	Inf	Arg	91.3	high confidence set
Caki_scaffold2656	1	19653	19724	Pro	TGG	0	0	69.2	36.90	32.30	Inf	Pro	112.8	high confidence set
Caki_scaffold2661	1	37660	37579	Ser	AGA	0	0	76.3	41.60	34.70	Inf	Ser	112.1	high confidence set
Caki_scaffold2668	1	7704	7633	Thr	TGT	0	0	83.0	58.30	24.70	Inf	Thr	92.4	high confidence set
Caki_scaffold2687	1	25636	25563	Thr	AGT	0	0	75.0	47.40	27.60	Inf	Thr	89.8	high confidence set
Caki_scaffold2690	1	40006	40078	Ala	TGC	0	0	70.3	45.60	24.70	Inf	Ala	100.4	high confidence set
Caki_scaffold2690	2	17416	17345	Pro	AGG	0	0	54.8	38.80	16.00	Inf	Pro	103.2	high confidence set
Caki_scaffold2702	1	48804	48887	Leu	CAA	0	0	79.5	54.50	25.00	Inf	Leu	126.8	high confidence set
Caki_scaffold2726	2	55468	55396	Glu	CTC	0	0	76.3	50.40	25.90	Inf	Glu	91.1	high confidence set
Caki_scaffold2746	1	44536	44609	Asn	GTT	0	0	86.2	61.00	25.20	Inf	Asn	93.9	high confidence set
Caki_scaffold2754	1	2012	1932	Leu	AAG	0	0	71.4	51.10	20.30	Inf	Leu	108.5	high confidence set
Caki_scaffold2773	1	10616	10689	Val	AAC	0	0	72.5	48.10	24.40	Inf	Val	100.2	high confidence set
Caki_scaffold2801	2	51061	51134	Val	CAC	0	0	81.1	52.80	28.30	Inf	Val	104.0	high confidence set
Caki_scaffold2804	1	22829	22756	Val	AAC	0	0	72.5	48.10	24.40	Inf	Val	100.2	high confidence set
Caki_scaffold2828	1	16889	16818	Cys	GCA	0	0	80.8	53.70	27.10	Inf	Cys	103.2	high confidence set
Caki_scaffold2828	2	10545	10474	His	GTG	0	0	63.0	33.70	29.30	Inf	His	86.8	high confidence set
Caki_scaffold2830	1	33574	33645	Gln	CTG	0	0	71.1	46.00	25.10	Inf	Gln	100.8	high confidence set
Caki_scaffold2834	1	27330	27401	Gln	TTG	0	0	73.5	53.70	19.80	Inf	Gln	104.8	high confidence set
Caki_scaffold2835	1	35363	35435	Val	TAC	0	0	72.4	42.90	29.50	Inf	Val	103.5	high confidence set
Caki_scaffold2852	4	11466	11396	Gly	GCC	0	0	66.5	44.80	21.70	Inf	Gly	94.4	high confidence set
Caki_scaffold2871	1	42767	42839	Lys	CTT	0	0	87.7	67.60	20.10	Inf	Lys	106.7	high confidence set
Caki_scaffold2879	1	29466	29393	Asn	GTT	0	0	83.3	58.10	25.20	Inf	Asn	93.9	high confidence set
Caki_scaffold2944	1	16446	16530	Tyr	GTA	16483	16494	72.2	39.00	33.20	Inf	Tyr	110.0	high confidence set
Caki_scaffold2944	2	43228	43312	Tyr	GTA	43265	43276	72.2	39.00	33.20	Inf	Tyr	110.0	high confidence set
Caki_scaffold2967	1	15121	15048	Ile	AAT	0	0	84.0	55.40	28.60	Inf	Ile	105.9	high confidence set
Caki_scaffold2967	2	12891	12818	Ile	AAT	0	0	86.4	57.90	28.50	Inf	Ile	108.4	high confidence set
Caki_scaffold2968	1	39599	39671	Phe	GAA	0	0	68.3	55.00	13.30	Inf	Phe	106.2	high confidence set
Caki_scaffold2968	2	44077	44149	Phe	GAA	0	0	72.5	57.90	14.60	Inf	Phe	105.2	high confidence set
Caki_scaffold2984	1	39554	39626	Lys	CTT	0	0	87.7	67.60	20.10	Inf	Lys	106.7	high confidence set
Caki_scaffold2987	1	52972	52892	Leu	AAG	0	0	71.4	51.10	20.30	Inf	Leu	108.5	high confidence set
Caki_scaffold2992	1	27187	27258	iMet	CAT	0	0	58.3	28.10	30.20	Inf	iMet	118.7	high confidence set
Caki_scaffold3038	1	19195	19265	Gly	GCC	0	0	66.5	44.80	21.70	Inf	Gly	94.4	high confidence set
Caki_scaffold3038	2	33959	34031	Ala	CGC	0	0	56.9	38.90	18.00	Inf	Ala	88.9	high confidence set
Caki_scaffold3090	1	26293	26221	Glu	CTC	0	0	74.5	50.70	23.80	Inf	Glu	86.8	high confidence set
Caki_scaffold3094	1	41672	41599	Arg	TCG	0	0	82.3	61.00	21.30	Inf	Arg	91.9	high confidence set
Caki_scaffold3094	2	9787	9716	His	GTG	0	0	63.0	33.70	29.30	Inf	His	86.8	high confidence set
Caki_scaffold3136	1	20200	20129	Trp	CCA	0	0	67.9	51.20	16.70	Inf	Trp	98.3	high confidence set
Caki_scaffold3142	1	38383	38454	Thr	CGT	0	0	82.3	55.00	27.30	Inf	Thr	83.7	high confidence set
Caki_scaffold3142	2	42728	42800	Ala	TGC	0	0	63.8	39.10	24.70	Inf	Ala	97.7	high confidence set
Caki_scaffold3153	1	5944	6014	Gly	CCC	0	0	65.4	28.10	37.30	Inf	Gly	85.4	high confidence set
Caki_scaffold3177	1	16001	16073	Phe	GAA	0	0	70.4	50.50	19.90	Inf	Phe	105.2	high confidence set
Caki_scaffold3189	1	46938	46867	Arg	ACG	0	0	61.1	39.50	21.60	Inf	Arg	75.2	high confidence set
Caki_scaffold3190	1	34045	33961	Met	CAT	34007	33997	64.5	41.30	23.20	Inf	Met	104.0	high confidence set
Caki_scaffold3201	1	30806	30733	Thr	AGT	0	0	73.6	45.20	28.40	Inf	Thr	88.6	high confidence set
Caki_scaffold3255	1	18488	18561	Asn	GTT	0	0	83.3	58.10	25.20	Inf	Asn	93.9	high confidence set
Caki_scaffold3294	1	48632	48713	Ser	AGA	0	0	77.8	43.40	34.40	Inf	Ser	110.9	high confidence set
Caki_scaffold3296	1	3008	3081	Thr	AGT	0	0	76.0	48.40	27.60	Inf	Thr	90.6	high confidence set
Caki_scaffold3297	1	42669	42754	Tyr	GTA	42706	42718	74.2	42.50	31.70	Inf	Tyr	108.6	high confidence set
Caki_scaffold3321	1	42803	42884	Ser	GCT	0	0	71.4	40.60	30.80	Inf	Ser	94.6	high confidence set
Caki_scaffold3337	1	32869	32790	Leu	TAG	0	0	56.9	39.00	17.90	Inf	Leu	100.9	high confidence set
Caki_scaffold3385	1	5371	5442	Trp	CCA	0	0	73.5	51.10	22.40	Inf	Trp	103.7	high confidence set
Caki_scaffold3388	1	29815	29744	Pro	AGG	0	0	68.2	35.90	32.30	Inf	Pro	113.9	high confidence set
Caki_scaffold3436	1	17026	17098	Glu	CTC	0	0	76.3	50.40	25.90	Inf	Glu	91.1	high confidence set
Caki_scaffold3449	1	16651	16578	Arg	TCG	0	0	82.3	61.00	21.30	Inf	Arg	91.9	high confidence set
Caki_scaffold3503	1	1967	1883	Tyr	GTA	1930	1919	66.4	33.10	33.30	Inf	Tyr	100.5	high confidence set
Caki_scaffold3524	1	24059	24131	Ala	AGC	0	0	63.4	38.20	25.20	Inf	Ala	98.3	high confidence set
Caki_scaffold3580	1	19725	19798	Asn	GTT	0	0	83.3	58.10	25.20	Inf	Asn	93.9	high confidence set
Caki_scaffold3603	1	33476	33548	Val	TAC	0	0	74.4	44.00	30.40	Inf	Val	103.3	high confidence set
Caki_scaffold3638	1	26251	26323	Arg	CCT	0	0	74.8	55.90	18.90	Inf	Arg	84.6	high confidence set
Caki_scaffold3638	2	30127	30199	Arg	CCT	0	0	74.8	55.90	18.90	Inf	Arg	84.6	high confidence set
Caki_scaffold3665	1	2769	2689	Leu	CAG	0	0	72.4	51.00	21.40	Inf	Leu	105.7	high confidence set
Caki_scaffold3689	1	30788	30860	Phe	GAA	0	0	78.3	58.40	19.90	Inf	Phe	113.2	high confidence set
Caki_scaffold3718	2	38048	38121	Val	CAC	0	0	72.4	54.60	17.80	Inf	Val	96.5	high confidence set
Caki_scaffold3729	1	36922	36840	Leu	TAA	0	0	72.9	35.60	37.30	Inf	Leu	100.3	high confidence set
Caki_scaffold3774	1	55942	55869	Val	AAC	0	0	72.5	48.10	24.40	Inf	Val	100.2	high confidence set
Caki_scaffold3776	1	21947	22031	Met	CAT	21985	21995	70.4	48.50	21.90	Inf	Met	105.8	high confidence set
Caki_scaffold3776	2	24304	24231	Arg	TCG	0	0	81.9	60.40	21.50	Inf	Arg	92.9	high confidence set
Caki_scaffold3777	1	14403	14330	Ile	AAT	0	0	86.4	57.90	28.50	Inf	Ile	108.4	high confidence set
Caki_scaffold3779	1	8348	8431	Leu	CAA	0	0	79.5	54.50	25.00	Inf	Leu	126.8	high confidence set
Caki_scaffold3779	2	14283	14211	Ala	AGC	0	0	63.4	38.20	25.20	Inf	Ala	98.3	high confidence set
Caki_scaffold3835	1	6372	6301	Thr	CGT	0	0	82.3	55.00	27.30	Inf	Thr	83.7	high confidence set
Caki_scaffold3865	1	552	622	Gly	GCC	0	0	66.5	44.80	21.70	Inf	Gly	94.4	high confidence set
Caki_scaffold3923	1	5985	5913	Arg	ACG	0	0	64.9	48.90	16.00	Inf	Arg	80.8	high confidence set
Caki_scaffold3946	1	6409	6480	Trp	CCA	0	0	75.8	51.20	24.60	Inf	Trp	105.6	high confidence set
Caki_scaffold3953	1	24691	24762	Gln	TTG	0	0	73.5	53.70	19.80	Inf	Gln	104.8	high confidence set
Caki_scaffold3979	4	11946	11862	Tyr	GTA	11909	11898	71.2	37.90	33.30	Inf	Tyr	109.4	high confidence set
Caki_scaffold3979	6	9780	9696	Tyr	GTA	9743	9732	61.4	37.60	23.80	Inf	Tyr	100.2	high confidence set
Caki_scaffold3984	1	27339	27411	Phe	GAA	0	0	78.3	58.40	19.90	Inf	Phe	113.2	high confidence set
Caki_scaffold3992	1	32188	32259	Pro	TGG	0	0	68.5	35.70	32.80	Inf	Pro	111.2	high confidence set
Caki_scaffold3992	2	32751	32822	Pro	TGG	0	0	68.5	35.70	32.80	Inf	Pro	111.2	high confidence set
Caki_scaffold3992	3	33329	33400	Pro	TGG	0	0	68.5	35.70	32.80	Inf	Pro	111.2	high confidence set
Caki_scaffold3992	5	34473	34549	Ser	TGA	0	0	50.9	25.50	25.40	Inf	Pro	89.8	IPD:-89.80,isotype mismatch
Caki_scaffold4009	1	20361	20434	Val	CAC	0	0	70.3	45.20	25.10	Inf	Val	94.5	high confidence set
Caki_scaffold4014	1	9248	9165	Leu	CAA	0	0	82.0	55.00	27.00	Inf	Leu	127.3	high confidence set
Caki_scaffold4056	1	27160	27234	Ala	TGC	0	0	55.8	38.00	17.80	Inf	Ala	78.5	high confidence set
Caki_scaffold4056	2	27357	27429	Ala	TGC	0	0	70.0	45.30	24.70	Inf	Ala	100.6	high confidence set
Caki_scaffold4059	1	5363	5435	Lys	CTT	0	0	87.0	66.90	20.10	Inf	Lys	105.9	high confidence set
Caki_scaffold4063	1	37083	37011	Arg	CCT	0	0	66.6	45.40	21.20	Inf	Arg	78.6	high confidence set
Caki_scaffold4071	1	14017	14088	Pro	CGG	0	0	68.2	35.30	32.90	Inf	Pro	113.0	high confidence set
Caki_scaffold4111	1	74658	74585	Ile	AAT	0	0	85.5	59.00	26.50	Inf	Ile	109.4	high confidence set
Caki_scaffold4133	1	22480	22552	Ala	AGC	0	0	63.4	38.20	25.20	Inf	Ala	98.3	high confidence set
Caki_scaffold4135	1	35212	35282	Gly	GCC	0	0	66.5	44.80	21.70	Inf	Gly	94.4	high confidence set
Caki_scaffold4165	1	29083	29156	Thr	AGT	0	0	75.0	47.40	27.60	Inf	Thr	89.8	high confidence set
Caki_scaffold4202	1	5132	5212	Leu	AAG	0	0	69.9	49.30	20.60	Inf	Leu	105.0	high confidence set
Caki_scaffold4255	1	5192	5265	Val	AAC	0	0	72.5	48.10	24.40	Inf	Val	100.2	high confidence set
Caki_scaffold4331	1	3135	3062	Thr	AGT	0	0	73.6	45.20	28.40	Inf	Thr	88.6	high confidence set
Caki_scaffold4333	1	29595	29668	Ile	AAT	0	0	75.5	58.10	17.40	Inf	Ile	101.0	high confidence set
Caki_scaffold4468	1	111	38	Arg	ACG	0	0	57.0	44.90	12.10	Inf	Ile	71.4	IPD:-19.50,isotype mismatch
Caki_scaffold4497	1	27294	27223	Pro	AGG	0	0	68.2	35.90	32.30	Inf	Pro	113.9	high confidence set
Caki_scaffold4498	1	5022	5094	Arg	CCT	0	0	74.8	55.90	18.90	Inf	Arg	84.6	high confidence set
Caki_scaffold4565	1	19928	19856	Glu	CTC	0	0	76.3	50.40	25.90	Inf	Glu	91.1	high confidence set
Caki_scaffold4574	1	19770	19840	Gly	CCC	0	0	65.4	28.10	37.30	Inf	Gly	85.4	high confidence set
Caki_scaffold4599	1	25997	25918	Leu	TAG	0	0	69.5	48.50	21.00	Inf	Leu	111.5	high confidence set
Caki_scaffold4638	1	24004	23932	Ala	TGC	0	0	70.3	45.60	24.70	Inf	Ala	100.4	high confidence set
Caki_scaffold4693	1	7828	7900	Ala	CGC	0	0	68.3	44.10	24.20	Inf	Ala	99.2	high confidence set
Caki_scaffold4704	1	5310	5382	Val	TAC	0	0	74.4	44.00	30.40	Inf	Val	103.3	high confidence set
Caki_scaffold4704	2	31408	31481	Asn	GTT	0	0	75.5	54.90	20.60	Inf	Asn	86.1	high confidence set
Caki_scaffold4707	1	13008	13080	Arg	CCT	0	0	74.8	55.90	18.90	Inf	Arg	84.6	high confidence set
Caki_scaffold4713	1	28964	28893	Lys	TTT	0	0	79.4	67.40	12.00	Inf	Lys	80.4	high confidence set
Caki_scaffold4720	1	25048	25129	Ser	TGA	0	0	79.2	43.90	35.30	Inf	Ser	118.5	high confidence set
Caki_scaffold4789	1	10568	10495	Ile	AAT	0	0	85.5	59.00	26.50	Inf	Ile	109.4	high confidence set
Caki_scaffold4830	1	8822	8893	Pro	CGG	0	0	68.2	35.30	32.90	Inf	Pro	113.0	high confidence set
Caki_scaffold4840	1	14151	14078	Ile	AAT	0	0	76.7	51.30	25.40	Inf	Ile	98.0	high confidence set
Caki_scaffold4881	1	13444	13517	Ile	AAT	0	0	85.5	59.00	26.50	Inf	Ile	109.4	high confidence set
Caki_scaffold4897	1	24581	24501	Leu	AAG	0	0	71.4	51.10	20.30	Inf	Leu	108.5	high confidence set
Caki_scaffold4943	1	8336	8409	Thr	AGT	0	0	73.6	45.20	28.40	Inf	Thr	88.6	high confidence set
Caki_scaffold4999	1	20643	20714	iMet	CAT	0	0	58.3	28.10	30.20	Inf	iMet	118.7	high confidence set
Caki_scaffold5034	1	6037	6117	Leu	AAG	0	0	69.6	49.50	20.10	Inf	Leu	103.0	high confidence set
Caki_scaffold5040	1	14600	14528	Arg	ACG	0	0	72.6	49.80	22.80	Inf	Arg	89.8	high confidence set
Caki_scaffold5061	1	4068	4140	Phe	GAA	0	0	78.3	58.40	19.90	Inf	Phe	113.2	high confidence set
Caki_scaffold5061	2	19021	18949	Ala	TGC	0	0	66.6	41.40	25.20	Inf	Ala	98.8	high confidence set
Caki_scaffold5067	1	16216	16146	Gly	GCC	0	0	66.5	44.80	21.70	Inf	Gly	94.4	high confidence set
Caki_scaffold5087	1	4363	4442	Leu	TAG	0	0	56.9	40.10	16.80	Inf	Leu	96.0	high confidence set
Caki_scaffold5090	1	20638	20711	Arg	TCG	0	0	72.6	54.70	17.90	Inf	Arg	84.2	high confidence set
Caki_scaffold5134	1	12531	12603	Val	TAC	0	0	74.4	44.00	30.40	Inf	Val	103.3	high confidence set
Caki_scaffold5248	1	11072	11143	Lys	TTT	0	0	83.8	71.00	12.80	Inf	Lys	83.9	high confidence set
Caki_scaffold5253	2	18617	18546	iMet	CAT	0	0	58.3	28.10	30.20	Inf	iMet	118.7	high confidence set
Caki_scaffold5256	1	19650	19721	Pro	TGG	0	0	68.5	35.70	32.80	Inf	Pro	111.2	high confidence set
Caki_scaffold5256	2	20214	20285	Pro	TGG	0	0	68.5	35.70	32.80	Inf	Pro	111.2	high confidence set
Caki_scaffold5256	4	21358	21434	Ser	TGA	0	0	50.9	25.50	25.40	Inf	Pro	89.8	IPD:-89.80,isotype mismatch
Caki_scaffold5281	1	719	647	Ala	CGC	0	0	57.4	44.40	13.00	Inf	Ala	86.6	high confidence set
Caki_scaffold5284	1	23726	23645	Ser	AGA	0	0	77.0	42.20	34.80	Inf	Ser	112.5	high confidence set
Caki_scaffold5354	1	9916	9988	Glu	CTC	0	0	76.3	50.40	25.90	Inf	Glu	91.1	high confidence set
Caki_scaffold5371	1	16225	16297	Lys	CTT	0	0	88.3	68.20	20.10	Inf	Lys	101.1	high confidence set
Caki_scaffold5524	1	513	585	Pro	TGG	0	0	61.0	33.30	27.70	Inf	Pro	104.0	high confidence set
Caki_scaffold5537	1	19876	19960	Met	CAT	19914	19924	70.4	48.50	21.90	Inf	Met	105.8	high confidence set
Caki_scaffold5537	2	22142	22069	Arg	TCG	0	0	81.9	60.40	21.50	Inf	Arg	92.9	high confidence set
Caki_scaffold5654	1	743	671	Arg	TCT	0	0	71.3	51.70	19.60	Inf	Arg	95.1	high confidence set
Caki_scaffold5673	1	6026	5956	Lys	TTT	0	0	71.9	59.80	12.10	Inf	Lys	73.0	high confidence set
Caki_scaffold5705	1	22600	22673	Ile	AAT	0	0	82.6	56.10	26.50	Inf	Ile	107.5	high confidence set
Caki_scaffold5755	1	19260	19178	Leu	TAA	0	0	72.9	35.60	37.30	Inf	Leu	100.3	high confidence set
Caki_scaffold5821	1	7778	7697	Ser	GCT	0	0	80.5	45.20	35.30	Inf	Ser	109.5	high confidence set
Caki_scaffold5874	1	18126	18054	Ala	AGC	0	0	63.4	38.20	25.20	Inf	Ala	98.3	high confidence set
Caki_scaffold5881	4	9728	9658	Gly	GCC	0	0	66.5	44.80	21.70	Inf	Gly	94.4	high confidence set
Caki_scaffold5947	1	12606	12677	His	GTG	0	0	57.5	24.20	33.30	Inf	His	91.8	high confidence set
Caki_scaffold5961	1	5393	5320	Val	AAC	0	0	72.5	48.10	24.40	Inf	Val	100.2	high confidence set
Caki_scaffold6000	1	11155	11227	Lys	CTT	0	0	87.7	67.60	20.10	Inf	Lys	106.7	high confidence set
Caki_scaffold6064	1	3262	3191	iMet	CAT	0	0	58.3	28.10	30.20	Inf	iMet	118.7	high confidence set
Caki_scaffold6103	1	15313	15394	Ser	AGA	0	0	77.8	43.40	34.40	Inf	Ser	110.9	high confidence set
Caki_scaffold6115	1	3173	3088	Tyr	GTA	3136	3124	71.0	39.30	31.70	Inf	Tyr	106.8	high confidence set
Caki_scaffold6161	1	3985	3912	Val	AAC	0	0	72.5	48.10	24.40	Inf	Val	100.2	high confidence set
Caki_scaffold6175	1	17274	17346	Phe	GAA	0	0	62.3	49.00	13.30	Inf	Phe	89.9	high confidence set
Caki_scaffold6460	1	4603	4674	Asn	GTT	0	0	76.1	53.10	23.00	Inf	Asn	83.1	high confidence set
Caki_scaffold6460	2	5005	4928	Arg	ACG	0	0	57.0	44.90	12.10	Inf	Ile	73.7	IPD:-23.30,isotype mismatch
Caki_scaffold6493	1	6803	6875	Ala	TGC	0	0	63.8	39.10	24.70	Inf	Ala	97.7	high confidence set
Caki_scaffold6503	1	13985	14057	Glu	CTC	0	0	76.3	50.40	25.90	Inf	Glu	95.5	high confidence set
Caki_scaffold6678	1	301	385	Tyr	GTA	338	349	66.9	42.10	24.80	Inf	Tyr	102.8	high confidence set
Caki_scaffold6681	1	4843	4771	Ala	AGC	0	0	63.4	38.20	25.20	Inf	Ala	98.3	high confidence set
Caki_scaffold6749	1	6454	6537	Tyr	GTA	6491	6501	74.3	42.60	31.70	Inf	Tyr	108.6	high confidence set
Caki_scaffold6763	1	9503	9575	Lys	CTT	0	0	84.8	66.40	18.40	Inf	Lys	97.5	high confidence set
Caki_scaffold6772	1	7952	8025	Val	CAC	0	0	81.5	53.50	28.00	Inf	Val	103.7	high confidence set
Caki_scaffold6857	1	5446	5527	Ser	CGA	0	0	82.7	48.30	34.40	Inf	Ser	128.1	high confidence set
Caki_scaffold6857	2	10574	10645	Pro	TGG	0	0	69.2	36.90	32.30	Inf	Pro	112.8	high confidence set
Caki_scaffold6879	1	14009	14080	iMet	CAT	0	0	58.3	28.10	30.20	Inf	iMet	118.7	high confidence set
Caki_scaffold6900	1	14362	14447	Tyr	GTA	14399	14411	74.2	42.50	31.70	Inf	Tyr	108.6	high confidence set
Caki_scaffold6951	1	7619	7690	Pro	AGG	0	0	67.4	34.70	32.70	Inf	Pro	112.3	high confidence set
Caki_scaffold6971	1	10710	10631	Leu	TAG	0	0	64.7	42.30	22.40	Inf	Leu	103.4	high confidence set
Caki_scaffold7085	1	15114	15043	Cys	GCA	0	0	81.7	56.10	25.60	Inf	Cys	104.3	high confidence set
Caki_scaffold7106	1	1112	1040	Phe	GAA	0	0	78.3	58.40	19.90	Inf	Phe	113.2	high confidence set
Caki_scaffold7113	1	2754	2826	Glu	CTC	0	0	76.3	50.40	25.90	Inf	Glu	91.1	high confidence set
Caki_scaffold7143	1	4410	4482	Phe	GAA	0	0	78.3	58.40	19.90	Inf	Phe	113.2	high confidence set
Caki_scaffold7143	2	10845	10773	Ala	TGC	0	0	66.6	41.40	25.20	Inf	Ala	98.8	high confidence set
Caki_scaffold7195	1	10290	10206	Met	CAT	10252	10242	64.9	41.40	23.50	Inf	Met	103.3	high confidence set
Caki_scaffold7568	1	9711	9640	Lys	TTT	0	0	78.3	65.40	12.90	Inf	Lys	79.0	high confidence set
Caki_scaffold7704	1	12063	11992	Cys	GCA	0	0	81.7	56.10	25.60	Inf	Cys	104.3	high confidence set
Caki_scaffold7746	1	12046	11973	Thr	AGT	0	0	73.6	45.20	28.40	Inf	Thr	88.6	high confidence set
Caki_scaffold7746	2	11908	11832	Thr	AGT	0	0	66.6	38.20	28.40	Inf	Thr	73.5	high confidence set
Caki_scaffold8217	1	6931	7002	Pro	AGG	0	0	67.4	34.70	32.70	Inf	Pro	112.3	high confidence set
Caki_scaffold8234	1	136	207	Sup	CTA	0	0	63.2	43.50	19.70	Inf	Trp	93.4	IPD:-93.40,unexpected anticodon
Caki_scaffold8557	1	2037	2123	Ser	GGA	0	0	64.6	34.80	29.80	Inf	Ser	83.2	unexpected anticodon
Caki_scaffold8769	1	1734	1807	Arg	TCG	0	0	81.9	60.40	21.50	Inf	Arg	92.9	high confidence set
Caki_scaffold8773	1	5625	5553	Glu	CTC	0	0	77.0	51.50	25.50	Inf	Glu	91.5	high confidence set
Caki_scaffold8773	2	5476	5404	Glu	TTC	0	0	72.4	51.60	20.80	Inf	Glu	87.8	high confidence set
Caki_scaffold8840	1	1313	1395	Leu	TAA	0	0	72.9	35.60	37.30	Inf	Leu	100.3	high confidence set
Caki_scaffold8843	1	7415	7336	Leu	TAG	0	0	58.9	37.10	21.80	Inf	Leu	98.9	high confidence set
Caki_scaffold9120	1	2180	2099	Ser	GCT	0	0	80.5	45.20	35.30	Inf	Ser	109.5	high confidence set
Caki_scaffold9124	1	2020	1947	Thr	AGT	0	0	76.0	48.40	27.60	Inf	Thr	90.6	high confidence set
Caki_scaffold9211	1	8714	8642	Glu	CTC	0	0	77.0	51.50	25.50	Inf	Glu	91.5	high confidence set
Caki_scaffold9390	1	418	346	Phe	GAA	0	0	78.3	58.40	19.90	Inf	Phe	113.2	high confidence set
Caki_scaffold9467	1	2435	2507	Arg	CCG	0	0	69.5	52.30	17.20	Inf	Arg	96.0	high confidence set
Caki_scaffold9521	1	3607	3677	Gly	GCC	0	0	61.0	39.20	21.80	Inf	Gly	90.0	high confidence set
Caki_scaffold9551	1	4748	4677	Glu	TTC	0	0	72.4	47.80	24.60	Inf	Glu	101.4	high confidence set
Caki_scaffold9584	1	1501	1420	Ser	CGA	0	0	83.5	48.90	34.60	Inf	Ser	128.4	high confidence set
Caki_scaffold9730	1	5804	5731	Ile	AAT	0	0	85.5	59.00	26.50	Inf	Ile	109.4	high confidence set
Caki_scaffold9887	1	320	248	Arg	TCT	0	0	71.0	51.20	19.80	Inf	Arg	99.1	high confidence set
Caki_scaffold9946	1	292	364	Arg	TCT	0	0	71.3	51.70	19.60	Inf	Arg	95.1	high confidence set
Caki_scaffold10037	1	6233	6160	Thr	AGT	0	0	54.8	40.40	14.40	Inf	Thr	70.1	high confidence set
Caki_scaffold10143	1	4109	4022	Ser	GCT	0	0	69.2	39.20	30.00	Inf	Ser	84.1	high confidence set
Caki_scaffold10198	1	815	897	Leu	TAA	0	0	50.5	21.60	28.90	Inf	Leu	73.2	high confidence set
Caki_scaffold10456	1	1510	1429	Ser	CGA	0	0	83.5	48.90	34.60	Inf	Ser	128.4	high confidence set
Caki_scaffold10483	1	1010	938	Val	TAC	0	0	74.4	44.00	30.40	Inf	Val	103.3	high confidence set
Caki_scaffold10641	1	338	256	Leu	TAA	0	0	72.9	35.60	37.30	Inf	Leu	100.3	high confidence set
Caki_scaffold10648	3	2744	2673	Thr	GGT	0	0	61.4	29.40	32.00	Inf	Thr	73.1	unexpected anticodon
Caki_scaffold10926	1	4628	4700	Ala	AGC	0	0	59.4	34.10	25.30	Inf	Ala	91.7	high confidence set
Caki_scaffold10970	1	3663	3733	Gly	GCC	0	0	66.5	44.80	21.70	Inf	Gly	94.4	high confidence set
Caki_scaffold11116	1	1378	1449	Thr	TGT	0	0	83.0	58.30	24.70	Inf	Thr	92.4	high confidence set
Caki_scaffold11598	1	1176	1104	Ala	TGC	0	0	66.2	46.30	19.90	Inf	Ala	93.1	high confidence set
Caki_scaffold11938	1	311	383	Thr	TGT	0	0	65.7	46.40	19.30	Inf	Thr	80.1	high confidence set
Caki_scaffold11938	2	1675	1589	Ser	GGA	0	0	62.4	32.70	29.70	Inf	Ser	81.3	unexpected anticodon
Caki_scaffold12210	1	3496	3424	Arg	ACG	0	0	72.6	49.80	22.80	Inf	Arg	89.8	high confidence set
Caki_scaffold12429	1	2368	2296	Glu	CTC	0	0	66.6	42.90	23.70	Inf	Glu	82.6	high confidence set
Caki_scaffold12474	1	2806	2879	Thr	AGT	0	0	73.6	45.20	28.40	Inf	Thr	88.6	high confidence set
Caki_scaffold12517	1	2962	3033	Cys	GCA	0	0	82.1	56.40	25.70	Inf	Cys	105.7	high confidence set
Caki_scaffold12609	1	3185	3264	Leu	TAG	0	0	69.5	48.50	21.00	Inf	Leu	111.5	high confidence set
Caki_scaffold12730	1	656	585	Arg	TCT	0	0	58.3	25.60	32.70	Inf	Gln	70.8	IPD:-24.50,isotype mismatch
Caki_scaffold12804	1	558	638	Leu	CAG	0	0	72.4	51.00	21.40	Inf	Leu	105.7	high confidence set
Caki_scaffold12929	1	437	509	Ala	TGC	0	0	70.0	45.30	24.70	Inf	Ala	100.6	high confidence set
Caki_scaffold13051	1	1906	1825	Ser	GCT	0	0	80.5	45.20	35.30	Inf	Ser	109.5	high confidence set
Caki_scaffold13403	1	2555	2627	Arg	TCT	0	0	71.0	51.20	19.80	Inf	Arg	99.1	high confidence set
Caki_scaffold13558	1	1625	1696	Pro	CGG	0	0	68.2	35.30	32.90	Inf	Pro	113.0	high confidence set
Caki_scaffold13661	2	1566	1639	Trp	CCA	0	0	72.1	42.60	29.50	Inf	Thr	75.4	IPD:-18.90,isotype mismatch
Caki_scaffold13743	1	1536	1463	Thr	AGT	0	0	67.3	39.60	27.70	Inf	Thr	81.3	high confidence set
Caki_scaffold13864	1	1087	1159	Phe	GAA	0	0	68.7	44.80	23.90	Inf	Tyr	76.6	IPD:-5.10,isotype mismatch
Caki_scaffold15588	1	258	187	Trp	CCA	0	0	69.2	44.70	24.50	Inf	Trp	92.1	high confidence set
Caki_scaffold15690	1	1627	1543	Tyr	GTA	1590	1579	74.2	42.50	31.70	Inf	Tyr	108.6	high confidence set
Caki_scaffold16111	1	405	475	Cys	GCA	0	0	66.7	40.20	26.50	Inf	Cys	75.0	high confidence set
Caki_scaffold16644	1	725	805	Leu	AAG	0	0	64.8	44.60	20.20	Inf	Leu	100.0	high confidence set
Caki_scaffold17267	1	1000	929	Gln	CTG	0	0	71.1	46.00	25.10	Inf	Gln	100.8	high confidence set
Caki_scaffold20072	1	801	872	Pro	AGG	0	0	67.4	34.70	32.70	Inf	Pro	112.3	high confidence set
Caki_scaffold20424	2	250	178	Cys	GCA	0	0	69.3	51.10	18.20	Inf	Phe	104.7	IPD:-39.50,isotype mismatch
Caki_scaffold20922	1	958	1031	Val	AAC	0	0	70.6	36.90	33.70	Inf	Val	98.8	high confidence set
Caki_scaffold21240	1	509	439	Gly	CCC	0	0	65.4	28.10	37.30	Inf	Gly	85.4	high confidence set
Caki_scaffold25838	1	338	267	Pro	AGG	0	0	67.4	34.70	32.70	Inf	Pro	112.3	high confidence set
