Sequence    		tRNA  	Bounds	tRNA	Anti	Intron Bounds	Inf	HMM	2'Str	Hit	      
Name        	tRNA #	Begin 	End   	Type	Codon	Begin	End	Score	Score	Score	Origin	Note
--------    	------	----- 	------	----	-----	-----	----	------	-----	-----	------	------
NC_037468.1 	1	69425 	69496 	Glu	TTC	0	0	59.0	35.60	23.40	Inf	
NC_037468.1 	2	300512	300585	Pro	TGG	0	0	58.8	34.10	24.70	Inf	
NC_037468.1 	3	300729	300802	Trp	CCA	0	0	71.9	42.90	29.00	Inf	
NC_037468.1 	4	449266	449337	Gln	TTG	0	0	53.7	36.60	17.10	Inf	
NC_037468.1 	5	498627	498699	Trp	CCA	0	0	61.3	39.30	22.00	Inf	
NC_037468.1 	6	593833	593761	Phe	GAA	0	0	58.9	36.40	22.50	Inf	
NC_037468.1 	7	571925	571839	Ser	TGA	0	0	73.8	45.70	28.10	Inf	
NC_037468.1 	8	409095	409021	Pro	TGG	0	0	62.8	38.30	24.50	Inf	
NC_037468.1 	9	397936	397863	His	GTG	0	0	58.5	40.50	18.00	Inf	
NC_037468.1 	10	392763	392690	Met	CAT	0	0	60.4	36.40	24.00	Inf	
NC_037468.1 	11	367101	367030	Gly	GCC	0	0	63.4	48.20	15.20	Inf	
NC_037468.1 	12	366825	366749	Ser	GCT	0	0	22.8	21.60	1.20	Inf	
NC_037468.1 	13	366447	366374	Phe	GAA	0	0	61.0	47.10	13.90	Inf	
NC_037468.1 	14	283188	283108	Leu	CAA	0	0	50.8	34.60	16.20	Inf	
NC_037468.1 	15	188956	188883	Asp	GTC	0	0	71.8	52.80	19.00	Inf	
NC_037468.1 	16	187622	187552	Cys	GCA	0	0	49.0	34.00	15.00	Inf	
NC_037468.1 	17	174728	174656	Lys	TTT	0	0	75.0	59.70	15.30	Inf	
NC_037468.1 	18	169411	169329	Tyr	GTA	0	0	70.5	54.50	16.00	Inf	
NC_037468.1 	19	167720	167647	Met	CAT	0	0	60.1	35.30	24.80	Inf	
NC_037468.1 	20	167498	167442	Gln	CTG	0	0	21.3	0.00	21.30	Inf	
NC_037468.1 	21	135095	135024	Asn	GTT	0	0	68.2	44.70	23.50	Inf	
NC_037468.1 	22	132541	132469	Met	CAT	0	0	64.6	33.80	30.80	Inf	
NC_037468.1 	23	1252  	1184  	Undet	NNN	0	0	18.1	0.00	18.10	Inf	
