Sequence		tRNA    	Bounds  	tRNA	Anti	Intron Bounds	Inf	HMM	2'Str	Hit	Isotype	Isotype	      
Name    	tRNA#	Begin   	End     	Type	Codon	Begin	End	Score	Score	Score	Origin	CM	Score	Note
--------	------	-----   	------  	----	-----	-----	----	------	-----	-----	------	-------	-------	------
gi|1	3	2098016	2098087	His	GTG	0	0	56.9	29.40	27.50	Inf	His	80.6	high confidence set
gi|1	4	3191023	3191098	Ile	AAT	0	0	74.4	50.90	23.50	Inf	Ile	96.5	high confidence set
gi|1	5	3298430	3298501	iMet	CAT	0	0	58.3	28.10	30.20	Inf	iMet	118.7	high confidence set
gi|1	7	6841121	6841194	Asn	GTT	0	0	83.1	56.90	26.20	Inf	Asn	96.3	high confidence set
gi|1	8	6896447	6896528	Ser	AGA	0	0	77.0	41.00	36.00	Inf	Ser	111.1	high confidence set
gi|1	9	7251979	7252052	Val	AAC	0	0	69.6	42.20	27.40	Inf	Val	91.8	high confidence set
gi|1	11	8381574	8381655	Ser	AGA	0	0	71.1	43.20	27.90	Inf	Ser	105.6	high confidence set
gi|1	12	9107846	9107917	Gly	TCC	0	0	73.9	46.20	27.70	Inf	Gly	85.6	high confidence set
gi|1	13	9126311	9126382	Gly	TCC	0	0	71.0	46.70	24.30	Inf	Gly	82.3	high confidence set
gi|1	14	11799839	11799910	Cys	GCA	0	0	78.8	59.70	19.10	Inf	Cys	103.4	high confidence set
gi|1	15	13916860	13916932	Arg	TCT	0	0	68.8	51.20	17.60	Inf	Arg	94.8	high confidence set
gi|1	16	18595796	18595869	Glu	TTC	0	0	63.6	40.40	23.20	Inf	Glu	93.9	high confidence set
gi|1	18	28757240	28757320	Leu	AAG	0	0	74.0	52.20	21.80	Inf	Leu	110.4	high confidence set
gi|1	19	29044559	29044630	Asp	GTC	0	0	69.8	46.80	23.00	Inf	Asp	95.8	high confidence set
gi|1	20	29045940	29046011	Asp	GTC	0	0	69.8	46.80	23.00	Inf	Asp	95.8	high confidence set
gi|1	21	29087312	29087379	Phe	GAA	0	0	54.4	37.40	17.00	Inf	Phe	86.0	high confidence set
gi|1	22	29088575	29088647	Phe	GAA	0	0	78.3	58.40	19.90	Inf	Phe	113.2	high confidence set
gi|1	23	29343041	29343114	Val	AAC	0	0	72.9	48.60	24.30	Inf	Val	93.8	high confidence set
gi|1	24	30716797	30716877	Leu	AAG	0	0	64.3	44.60	19.70	Inf	Leu	102.1	high confidence set
gi|1	25	30945136	30945208	Lys	TTT	0	0	90.5	66.90	23.60	Inf	Lys	95.4	high confidence set
gi|1	26	32292978	32293050	Glu	CTC	0	0	80.0	54.10	25.90	Inf	Glu	99.8	high confidence set
gi|1	28	35351477	35351561	Tyr	GTA	35351514	35351525	75.2	44.10	31.10	Inf	Tyr	105.0	high confidence set
gi|1	29	35405648	35405718	Gly	GCC	0	0	66.5	44.80	21.70	Inf	Gly	94.4	high confidence set
gi|1	30	34978234	34978161	Ile	AAT	0	0	81.8	58.30	23.50	Inf	Ile	106.8	high confidence set
gi|1	31	29092241	29092170	Thr	TGT	0	0	80.6	47.80	32.80	Inf	Thr	93.0	high confidence set
gi|1	34	20406063	20405992	Asn	GTT	0	0	79.0	56.70	22.30	Inf	Asn	79.2	high confidence set
gi|1	35	18572112	18572040	Lys	TTT	0	0	89.7	65.30	24.40	Inf	Lys	92.7	high confidence set
gi|1	37	13850141	13850048	Tyr	GTA	13850104	13850084	64.4	37.00	27.40	Inf	Tyr	103.1	high confidence set
gi|1	38	13849956	13849863	Tyr	GTA	13849919	13849899	65.6	43.70	21.90	Inf	Tyr	104.4	high confidence set
gi|1	39	13849760	13849667	Tyr	GTA	13849723	13849703	74.2	42.70	31.50	Inf	Tyr	111.8	high confidence set
gi|1	40	13469396	13469315	Ser	GCT	0	0	76.6	41.20	35.40	Inf	Ser	104.7	high confidence set
gi|1	42	12275567	12275482	Met	CAT	12275529	12275518	64.2	40.70	23.50	Inf	Met	104.0	high confidence set
gi|1	43	12261172	12261087	Met	CAT	12261134	12261123	64.2	40.70	23.50	Inf	Met	104.0	high confidence set
gi|1	44	11151642	11151570	Ala	AGC	0	0	63.4	38.20	25.20	Inf	Ala	98.3	high confidence set
gi|1	47	9134533	9134461	Glu	CTC	0	0	80.6	54.80	25.80	Inf	Glu	99.1	high confidence set
gi|1	48	9081250	9081179	Gly	TCC	0	0	73.9	46.20	27.70	Inf	Gly	85.6	high confidence set
gi|1	49	6564204	6564131	Thr	AGT	0	0	76.5	48.00	28.50	Inf	Thr	90.4	high confidence set
gi|1	50	6447967	6447894	His	GTG	0	0	52.5	28.50	24.00	Inf	His	70.9	high confidence set
gi|1	51	6205948	6205877	Asp	GTC	0	0	69.8	46.80	23.00	Inf	Asp	98.0	high confidence set
gi|1	52	6001503	6001430	Asn	GTT	0	0	84.5	59.40	25.10	Inf	Asn	95.9	high confidence set
gi|1	53	3237567	3237487	Ser	TGA	0	0	82.2	47.10	35.10	Inf	Ser	113.7	high confidence set
gi|1	54	2868068	2867995	Asn	GTT	0	0	76.9	52.70	24.20	Inf	Asn	89.3	high confidence set
gi|1	55	2867713	2867642	Gln	CTG	0	0	75.3	51.20	24.10	Inf	Gln	106.0	high confidence set
gi|1	56	2535763	2535692	Pro	TGG	0	0	68.5	35.70	32.80	Inf	Pro	111.2	high confidence set
gi|1	57	1609141	1609058	Leu	CAA	0	0	87.4	57.00	30.40	Inf	Leu	123.2	high confidence set
gi|2	1	192216	192299	Leu	CAA	0	0	79.4	54.40	25.00	Inf	Leu	125.3	high confidence set
gi|2	2	1523691	1523762	His	GTG	0	0	63.3	34.30	29.00	Inf	His	87.4	high confidence set
gi|2	3	1847516	1847587	Pro	AGG	0	0	67.4	34.70	32.70	Inf	Pro	112.3	high confidence set
gi|2	5	2283755	2283828	Asn	GTT	0	0	77.6	58.00	19.60	Inf	Asn	88.4	high confidence set
gi|2	6	2391865	2391936	iMet	CAT	0	0	56.4	24.80	31.60	Inf	iMet	116.1	high confidence set
gi|2	7	2650318	2650398	Leu	AAG	0	0	74.0	52.20	21.80	Inf	Leu	110.4	high confidence set
gi|2	8	2954392	2954465	Ile	TAT	0	0	85.7	70.10	15.60	Inf	Ile	101.0	high confidence set
gi|2	10	3948508	3948580	Arg	CCT	0	0	69.1	50.30	18.80	Inf	Arg	81.2	high confidence set
gi|2	12	7741030	7741102	Ala	AGC	0	0	55.7	35.10	20.60	Inf	Ala	90.5	high confidence set
gi|2	14	14562218	14562289	Trp	CCA	0	0	75.8	51.20	24.60	Inf	Trp	105.6	high confidence set
gi|2	15	14676406	14676478	Lys	TTT	0	0	89.7	65.30	24.40	Inf	Lys	92.7	high confidence set
gi|2	16	16187915	16187987	Lys	TTT	0	0	90.5	66.90	23.60	Inf	Lys	95.4	high confidence set
gi|2	18	23614831	23614903	Arg	CCG	0	0	65.1	49.10	16.00	Inf	Arg	91.5	high confidence set
gi|2	19	24230281	24230351	Gly	GCC	0	0	66.5	44.80	21.70	Inf	Gly	94.4	high confidence set
gi|2	20	29994893	29994964	Asp	GTC	0	0	69.8	46.80	23.00	Inf	Asp	95.8	high confidence set
gi|2	21	31571257	31571330	Ile	AAT	0	0	81.8	58.30	23.50	Inf	Ile	106.8	high confidence set
gi|2	22	31613000	31613070	Gly	GCC	0	0	66.5	44.80	21.70	Inf	Gly	94.4	high confidence set
gi|2	23	31674810	31674881	Asp	GTC	0	0	61.6	38.60	23.00	Inf	Asp	88.3	high confidence set
gi|2	25	33064048	33063977	Thr	GGT	0	0	58.6	26.30	32.30	Inf	Thr	70.4	unexpected anticodon
gi|2	27	32177738	32177657	Ser	AGA	0	0	77.6	43.30	34.30	Inf	Ser	112.6	high confidence set
gi|2	28	31951575	31951494	Ser	AGA	0	0	79.4	43.10	36.30	Inf	Ser	115.0	high confidence set
gi|2	35	13692782	13692701	Ser	TGA	0	0	77.4	45.80	31.60	Inf	Ser	117.9	high confidence set
gi|2	36	13611595	13611524	iMet	CAT	0	0	58.3	28.10	30.20	Inf	iMet	118.7	high confidence set
gi|2	38	12770627	12770555	Arg	CCT	0	0	69.1	50.30	18.80	Inf	Arg	81.2	high confidence set
gi|2	40	6811351	6811272	Leu	TAG	0	0	69.5	48.50	21.00	Inf	Leu	111.5	high confidence set
gi|2	43	3926162	3926089	Val	CAC	0	0	82.4	54.40	28.00	Inf	Val	103.7	high confidence set
gi|2	44	3809222	3809150	Ala	CGC	0	0	67.5	42.90	24.60	Inf	Ala	99.2	high confidence set
gi|2	45	3133686	3133614	Glu	CTC	0	0	80.0	54.10	25.90	Inf	Glu	99.8	high confidence set
gi|2	47	2424443	2424372	Gln	CTG	0	0	75.3	51.20	24.10	Inf	Gln	106.0	high confidence set
gi|2	48	884226	884156	Gly	CCC	0	0	66.3	29.50	36.80	Inf	Gly	89.7	high confidence set
gi|3	1	1194384	1194463	Leu	TAG	0	0	69.5	48.50	21.00	Inf	Leu	111.5	high confidence set
gi|3	2	3648334	3648407	Val	CAC	0	0	82.4	54.40	28.00	Inf	Val	100.3	high confidence set
gi|3	3	3759107	3759179	Ala	CGC	0	0	67.5	42.90	24.60	Inf	Ala	99.2	high confidence set
gi|3	5	4444019	4444091	Glu	CTC	0	0	80.0	54.10	25.90	Inf	Glu	99.8	high confidence set
gi|3	6	5221983	5222054	Gln	CTG	0	0	75.3	51.20	24.10	Inf	Gln	106.0	high confidence set
gi|3	8	5915733	5915804	Pro	TGG	0	0	68.5	35.70	32.80	Inf	Pro	111.2	high confidence set
gi|3	9	10787653	10787733	Leu	AAG	0	0	74.0	52.20	21.80	Inf	Leu	110.4	high confidence set
gi|3	10	10982558	10982629	Asp	GTC	0	0	69.8	46.80	23.00	Inf	Asp	95.8	high confidence set
gi|3	11	10984194	10984265	Asp	GTC	0	0	69.8	46.80	23.00	Inf	Asp	94.5	high confidence set
gi|3	13	11016470	11016542	Phe	GAA	0	0	78.3	58.40	19.90	Inf	Phe	113.2	high confidence set
gi|3	14	11158434	11158509	Val	AAC	0	0	59.8	46.10	13.70	Inf	Val	79.3	high confidence set
gi|3	18	24157971	24158043	Ala	AGC	0	0	63.4	38.20	25.20	Inf	Ala	98.3	high confidence set
gi|3	20	31113718	31113789	Gly	TCC	0	0	73.9	46.20	27.70	Inf	Gly	85.6	high confidence set
gi|3	22	31989948	31990020	Ala	AGC	0	0	63.4	38.20	25.20	Inf	Ala	98.3	high confidence set
gi|3	23	32030636	32030564	Ala	AGC	0	0	63.4	38.20	25.20	Inf	Ala	98.3	high confidence set
gi|3	24	24767472	24767400	Ala	AGC	0	0	63.4	38.20	25.20	Inf	Ala	98.3	high confidence set
gi|3	25	24389910	24389838	Ala	AGC	0	0	63.4	38.20	25.20	Inf	Ala	98.3	high confidence set
gi|3	26	22628641	22628568	Val	CAC	0	0	82.4	54.40	28.00	Inf	Val	100.3	high confidence set
gi|3	28	11366325	11366245	Leu	AAG	0	0	74.0	52.20	21.80	Inf	Leu	110.4	high confidence set
gi|3	29	11329865	11329785	Leu	AAG	0	0	74.0	52.20	21.80	Inf	Leu	110.4	high confidence set
gi|3	30	11021417	11021346	Thr	TGT	0	0	77.5	47.70	29.80	Inf	Thr	90.5	high confidence set
gi|3	31	9143729	9143656	Val	AAC	0	0	72.9	48.60	24.30	Inf	Val	93.8	high confidence set
gi|3	32	7824802	7824719	Leu	CAA	0	0	79.4	54.40	25.00	Inf	Leu	125.3	high confidence set
gi|3	33	6224511	6224440	His	GTG	0	0	63.3	34.30	29.00	Inf	His	87.4	high confidence set
gi|3	34	5916186	5916116	Pro	AGG	0	0	50.6	17.60	33.00	Inf	Pro	96.3	high confidence set
gi|3	35	5356319	5356246	Ile	AAT	0	0	81.8	58.30	23.50	Inf	Ile	106.8	high confidence set
gi|3	36	4497526	4497453	Ile	TAT	0	0	85.9	70.60	15.30	Inf	Ile	103.9	high confidence set
gi|3	37	3617001	3616929	Arg	CCT	0	0	69.1	50.30	18.80	Inf	Arg	81.2	high confidence set
gi|4	3	1914400	1914470	Gly	CCC	0	0	66.3	29.50	36.80	Inf	Gly	89.7	high confidence set
gi|4	4	3716038	3716110	Ala	CGC	0	0	68.2	44.00	24.20	Inf	Ala	95.8	high confidence set
gi|4	5	7503278	7503349	Gly	TCC	0	0	71.4	43.70	27.70	Inf	Gly	82.5	high confidence set
gi|4	10	21599732	21599805	Val	AAC	0	0	72.9	48.60	24.30	Inf	Val	93.8	high confidence set
gi|4	13	28574397	28574470	Val	CAC	0	0	82.4	54.40	28.00	Inf	Val	103.7	high confidence set
gi|4	14	28683690	28683762	Ala	CGC	0	0	67.5	42.90	24.60	Inf	Ala	99.2	high confidence set
gi|4	16	30025660	30025580	Leu	AAG	0	0	74.0	52.20	21.80	Inf	Leu	110.4	high confidence set
gi|4	18	29615207	29615134	Ile	TAT	0	0	85.9	70.60	15.30	Inf	Ile	103.9	high confidence set
gi|4	19	28544655	28544583	Arg	CCT	0	0	69.1	50.30	18.80	Inf	Arg	81.2	high confidence set
gi|4	20	24805428	24805356	Ala	AGC	0	0	56.9	37.30	19.60	Inf	Ala	90.7	high confidence set
gi|4	21	24359895	24359824	Pro	AGG	0	0	67.4	34.70	32.70	Inf	Pro	112.3	high confidence set
gi|4	26	15665904	15665833	Trp	CCA	0	0	75.8	51.20	24.60	Inf	Trp	105.6	high confidence set
gi|4	28	12386512	12386429	Tyr	GTA	0	0	53.8	32.50	21.30	Inf	Tyr	72.5	high confidence set
gi|4	33	12282674	12282591	Tyr	GTA	0	0	53.8	32.50	21.30	Inf	Tyr	72.5	high confidence set
gi|4	37	7504100	7504018	Leu	TAA	0	0	75.9	39.10	36.80	Inf	Leu	101.1	high confidence set
gi|4	38	7290130	7290058	Arg	TCT	0	0	65.6	47.90	17.70	Inf	Arg	88.7	high confidence set
gi|4	39	6991694	6991614	Leu	AAG	0	0	74.0	52.20	21.80	Inf	Leu	110.4	high confidence set
gi|4	40	5850993	5850922	Pro	AGG	0	0	67.4	34.70	32.70	Inf	Pro	112.3	high confidence set
gi|4	41	1362146	1362075	His	GTG	0	0	63.3	34.30	29.00	Inf	His	87.4	high confidence set
gi|4	42	1022563	1022492	Pro	AGG	0	0	67.4	34.70	32.70	Inf	Pro	112.3	high confidence set
gi|4	43	748525	748452	Asn	GTT	0	0	83.9	58.50	25.40	Inf	Asn	97.4	high confidence set
gi|4	44	343083	343010	Ile	AAT	0	0	81.8	58.30	23.50	Inf	Ile	106.8	high confidence set
gi|4	45	261707	261636	Gln	CTG	0	0	75.3	51.20	24.10	Inf	Gln	106.0	high confidence set
gi|5	1	1293280	1293365	Met	CAT	1293318	1293329	64.2	40.70	23.50	Inf	Met	104.0	high confidence set
gi|5	2	2300016	2300089	Asn	GTT	0	0	84.5	59.40	25.10	Inf	Asn	91.0	high confidence set
gi|5	4	3710687	3710759	Lys	TTT	0	0	90.5	66.90	23.60	Inf	Lys	95.4	high confidence set
gi|5	5	6412579	6412659	Ser	TGA	0	0	82.2	47.10	35.10	Inf	Ser	113.7	high confidence set
gi|5	6	6876447	6876520	Asn	GTT	0	0	83.1	56.90	26.20	Inf	Asn	96.3	high confidence set
gi|5	7	8651454	8651525	His	GTG	0	0	63.3	34.30	29.00	Inf	His	87.4	high confidence set
gi|5	8	9243884	9243967	Leu	CAA	0	0	79.4	54.40	25.00	Inf	Leu	125.3	high confidence set
gi|5	9	9584205	9584275	Gly	CCC	0	0	65.4	28.10	37.30	Inf	Gly	85.4	high confidence set
gi|5	11	11607104	11607187	Leu	CAA	0	0	81.0	54.60	26.40	Inf	Leu	125.6	high confidence set
gi|5	14	20537875	20537948	Val	CAC	0	0	77.0	49.00	28.00	Inf	Val	97.5	high confidence set
gi|5	15	23647837	23647908	Cys	GCA	0	0	82.1	59.90	22.20	Inf	Cys	106.6	high confidence set
gi|5	17	26312543	26312616	Asn	GTT	0	0	85.5	60.40	25.10	Inf	Asn	97.0	high confidence set
gi|5	21	15299833	15299752	Ser	AGA	0	0	79.4	43.10	36.30	Inf	Ser	115.0	high confidence set
gi|5	25	9152483	9152412	Pro	TGG	0	0	68.5	35.70	32.80	Inf	Pro	111.2	high confidence set
gi|5	27	6836243	6836170	Val	CAC	0	0	82.4	54.40	28.00	Inf	Val	100.3	high confidence set
gi|5	28	6465083	6465010	Ile	AAT	0	0	81.8	58.30	23.50	Inf	Ile	106.8	high confidence set
gi|5	29	6320786	6320715	iMet	CAT	0	0	58.3	28.10	30.20	Inf	iMet	118.7	high confidence set
gi|5	30	1312994	1312907	Tyr	GTA	1312957	1312943	74.4	42.90	31.50	Inf	Tyr	111.8	high confidence set
gi|6	1	954581	954653	Lys	TTT	0	0	89.7	65.30	24.40	Inf	Lys	92.7	high confidence set
gi|6	3	10503679	10503760	Ser	GCT	0	0	68.4	41.20	27.20	Inf	Ser	95.4	high confidence set
gi|6	6	10523567	10523648	Ser	GCT	0	0	79.0	43.10	35.90	Inf	Ser	108.6	high confidence set
gi|6	7	10526920	10527001	Ser	GCT	0	0	79.0	43.10	35.90	Inf	Ser	108.6	high confidence set
gi|6	8	12383977	12384062	Met	CAT	12384015	12384026	64.2	40.70	23.50	Inf	Met	104.0	high confidence set
gi|6	9	13178159	13178231	Arg	TCT	0	0	68.5	50.60	17.90	Inf	Arg	98.8	high confidence set
gi|6	10	18580932	18581004	Arg	TCT	0	0	68.8	51.20	17.60	Inf	Arg	94.8	high confidence set
gi|6	11	18581649	18581722	Ile	AAT	0	0	81.8	58.30	23.50	Inf	Ile	106.8	high confidence set
gi|6	12	18654961	18655042	Ser	CGA	0	0	78.9	46.60	32.30	Inf	Ser	122.0	high confidence set
gi|6	13	19289529	19289609	Leu	CAG	0	0	69.5	46.80	22.70	Inf	Leu	109.7	high confidence set
gi|6	14	21071690	21071770	Leu	AAG	0	0	74.0	52.20	21.80	Inf	Leu	110.4	high confidence set
gi|6	15	23140119	23140199	Leu	AAG	0	0	74.0	52.20	21.80	Inf	Leu	110.4	high confidence set
gi|6	16	26299382	26299296	Ser	GGA	0	0	62.2	32.90	29.30	Inf	Ser	84.0	unexpected anticodon
gi|6	18	23550810	23550738	Phe	GAA	0	0	78.3	58.40	19.90	Inf	Phe	113.2	high confidence set
gi|6	19	23549121	23549049	Phe	GAA	0	0	78.3	58.40	19.90	Inf	Phe	113.2	high confidence set
gi|6	20	23405281	23405208	Val	AAC	0	0	72.9	48.60	24.30	Inf	Val	93.8	high confidence set
gi|6	22	21738987	21738915	Lys	TTT	0	0	84.3	65.00	19.30	Inf	Lys	88.2	high confidence set
gi|6	24	20549882	20549810	Glu	CTC	0	0	80.0	54.10	25.90	Inf	Glu	99.8	high confidence set
gi|6	25	20145106	20145033	Val	TAC	0	0	77.4	43.40	34.00	Inf	Val	103.5	high confidence set
gi|6	27	19022271	19022190	Ser	AGA	0	0	78.7	42.50	36.20	Inf	Ser	114.6	high confidence set
gi|6	28	18194892	18194808	Tyr	GTA	18194855	18194844	75.2	44.10	31.10	Inf	Tyr	105.0	high confidence set
gi|6	29	18130701	18130631	Gly	GCC	0	0	66.5	44.80	21.70	Inf	Gly	94.4	high confidence set
gi|7	1	547081	547153	Arg	ACG	0	0	59.8	39.50	20.30	Inf	Arg	77.8	high confidence set
gi|7	2	2875580	2875665	Met	CAT	2875618	2875629	68.7	45.20	23.50	Inf	Met	104.3	high confidence set
gi|7	3	2916444	2916514	Gly	GCC	0	0	66.5	44.80	21.70	Inf	Gly	94.4	high confidence set
gi|7	4	3425197	3425269	Lys	CTT	0	0	87.7	67.60	20.10	Inf	Lys	106.7	high confidence set
gi|7	5	5317833	5317905	Lys	CTT	0	0	87.7	67.60	20.10	Inf	Lys	106.7	high confidence set
gi|7	6	8789802	8789873	Thr	TGT	0	0	84.5	58.50	26.00	Inf	Thr	95.0	high confidence set
gi|7	7	9866477	9866557	Leu	AAG	0	0	74.0	52.20	21.80	Inf	Leu	110.4	high confidence set
gi|7	8	10049972	10050044	Lys	CTT	0	0	85.2	65.10	20.10	Inf	Lys	101.9	high confidence set
gi|7	9	10664279	10664350	Thr	TGT	0	0	84.5	58.50	26.00	Inf	Thr	95.0	high confidence set
gi|7	10	11867766	11867838	Glu	CTC	0	0	80.0	54.10	25.90	Inf	Glu	99.8	high confidence set
gi|7	11	12345498	12345571	Val	AAC	0	0	72.9	48.60	24.30	Inf	Val	93.8	high confidence set
gi|7	12	13037919	13037991	Arg	ACG	0	0	71.4	48.60	22.80	Inf	Arg	89.4	high confidence set
gi|7	13	13046143	13046215	Arg	ACG	0	0	74.9	52.30	22.60	Inf	Arg	91.6	high confidence set
gi|7	16	13838857	13838937	Leu	CAG	0	0	62.2	46.80	15.40	Inf	Leu	95.9	high confidence set
gi|7	17	15146860	15146931	Asp	GTC	0	0	69.8	46.80	23.00	Inf	Asp	95.8	high confidence set
gi|7	20	18233137	18233209	Lys	CTT	0	0	87.7	67.60	20.10	Inf	Lys	106.7	high confidence set
gi|7	21	18233322	18233394	Lys	CTT	0	0	85.2	65.10	20.10	Inf	Lys	101.9	high confidence set
gi|7	22	20811390	20811463	Ile	AAT	0	0	71.5	53.30	18.20	Inf	Ile	92.0	high confidence set
gi|7	24	24569661	24569732	Gln	TTG	0	0	76.2	50.30	25.90	Inf	Gln	96.7	high confidence set
gi|7	25	25601351	25601434	Leu	CAA	0	0	83.7	55.90	27.80	Inf	Leu	127.9	high confidence set
gi|7	27	28206707	28206779	Phe	GAA	0	0	78.3	58.40	19.90	Inf	Phe	113.2	high confidence set
gi|7	28	26567762	26567690	Glu	CTC	0	0	73.4	52.20	21.20	Inf	Glu	89.1	high confidence set
gi|7	29	25517561	25517490	Thr	CGT	0	0	70.3	50.40	19.90	Inf	Thr	77.0	high confidence set
gi|7	30	13663867	13663796	iMet	CAT	0	0	58.3	28.10	30.20	Inf	iMet	118.7	high confidence set
gi|7	32	9986985	9986901	Met	CAT	9986947	9986937	64.3	40.80	23.50	Inf	Met	104.0	high confidence set
gi|7	33	8111281	8111210	Pro	CGG	0	0	56.4	34.00	22.40	Inf	Pro	92.9	high confidence set
gi|7	34	2463451	2463380	Thr	TGT	0	0	84.5	58.50	26.00	Inf	Thr	95.0	high confidence set
gi|8	1	17823	17894	Gln	CTG	0	0	74.3	49.60	24.70	Inf	Gln	106.1	high confidence set
gi|8	2	533332	533413	Ser	TGA	0	0	80.7	46.10	34.60	Inf	Ser	119.7	high confidence set
gi|8	3	1022364	1022435	Pro	TGG	0	0	68.5	35.70	32.80	Inf	Pro	111.2	high confidence set
gi|8	4	1050595	1050676	Ser	CGA	0	0	78.9	46.60	32.30	Inf	Ser	122.0	high confidence set
gi|8	5	1152334	1152406	Ala	TGC	0	0	67.2	45.20	22.00	Inf	Ala	96.6	high confidence set
gi|8	6	1153491	1153563	Ala	TGC	0	0	70.0	45.30	24.70	Inf	Ala	100.6	high confidence set
gi|8	7	14543038	14543109	Thr	TGT	0	0	84.5	58.50	26.00	Inf	Thr	95.0	high confidence set
gi|8	9	23252345	23252426	Ser	GCT	0	0	79.0	43.10	35.90	Inf	Ser	108.6	high confidence set
gi|8	10	23257041	23257122	Ser	GCT	0	0	79.0	43.10	35.90	Inf	Ser	108.6	high confidence set
gi|8	11	23591583	23591676	Tyr	GTA	23591620	23591640	74.2	42.70	31.50	Inf	Tyr	111.8	high confidence set
gi|8	12	23591758	23591850	Tyr	GTA	23591795	23591814	74.2	42.70	31.50	Inf	Tyr	111.8	high confidence set
gi|8	13	23795430	23795502	Ala	AGC	0	0	63.4	38.20	25.20	Inf	Ala	98.3	high confidence set
gi|8	14	25699131	25699203	Arg	CCG	0	0	80.4	58.30	22.10	Inf	Arg	84.6	high confidence set
gi|8	17	26680805	26680734	Thr	CGT	0	0	80.2	53.70	26.50	Inf	Thr	86.8	high confidence set
gi|8	18	26252737	26252656	Ser	AGA	0	0	79.4	43.10	36.30	Inf	Ser	115.0	high confidence set
gi|8	20	23340874	23340793	Ser	GCT	0	0	73.6	41.50	32.10	Inf	Ser	101.2	high confidence set
gi|8	21	21612792	21612707	Met	CAT	21612754	21612743	68.7	45.20	23.50	Inf	Met	104.3	high confidence set
gi|8	22	18492521	18492438	Leu	CAA	0	0	82.0	55.50	26.50	Inf	Leu	127.6	high confidence set
gi|8	26	13235055	13234983	Glu	CTC	0	0	80.0	54.10	25.90	Inf	Glu	99.8	high confidence set
gi|8	27	13234345	13234273	Glu	CTC	0	0	77.5	51.70	25.80	Inf	Glu	97.9	high confidence set
gi|8	28	12835866	12835795	Pro	CGG	0	0	66.2	37.40	28.80	Inf	Pro	103.3	high confidence set
gi|8	31	11353117	11353044	Val	AAC	0	0	72.9	48.60	24.30	Inf	Val	93.8	high confidence set
gi|8	32	10633301	10633229	Arg	ACG	0	0	71.7	49.10	22.60	Inf	Arg	91.4	high confidence set
gi|8	33	10209520	10209447	Glu	TTC	0	0	58.8	32.50	26.30	Inf	Glu	85.9	high confidence set
gi|8	34	10077803	10077723	Leu	CAG	0	0	58.3	35.60	22.70	Inf	Leu	95.5	high confidence set
gi|8	38	2594899	2594828	Pro	CGG	0	0	69.6	37.70	31.90	Inf	Pro	108.3	high confidence set
gi|8	39	1367415	1367344	Trp	CCA	0	0	75.8	51.20	24.60	Inf	Trp	105.6	high confidence set
gi|8	40	183527	183456	Gln	CTG	0	0	74.3	49.60	24.70	Inf	Gln	106.1	high confidence set
gi|8	41	94358	94287	Gln	CTG	0	0	74.3	49.60	24.70	Inf	Gln	106.1	high confidence set
gi|9	1	1079963	1080034	Asp	GTC	0	0	69.8	46.80	23.00	Inf	Asp	95.8	high confidence set
gi|9	2	3743160	3743232	Lys	CTT	0	0	87.7	67.60	20.10	Inf	Lys	106.7	high confidence set
gi|9	6	5957574	5957644	Gly	GCC	0	0	66.5	44.80	21.70	Inf	Gly	94.4	high confidence set
gi|9	7	6031246	6031317	Pro	TGG	0	0	68.5	35.70	32.80	Inf	Pro	111.2	high confidence set
gi|9	12	11340016	11340087	Pro	CGG	0	0	69.6	37.70	31.90	Inf	Pro	108.3	high confidence set
gi|9	15	17520125	17520196	Arg	TCT	0	0	58.3	25.60	32.70	Inf	Gln	70.8	IPD:-24.50,isotype mismatch
gi|9	18	23925081	23925151	Gly	GCC	0	0	66.5	44.80	21.70	Inf	Gly	94.4	high confidence set
gi|9	19	24918169	24918240	Gly	TCC	0	0	71.0	46.70	24.30	Inf	Gly	82.3	high confidence set
gi|9	20	25272583	25272654	His	GTG	0	0	63.0	33.70	29.30	Inf	His	86.8	high confidence set
gi|9	21	25872699	25872770	iMet	CAT	0	0	58.3	28.10	30.20	Inf	iMet	118.7	high confidence set
gi|9	22	26099523	26099596	Val	CAC	0	0	82.4	54.40	28.00	Inf	Val	103.7	high confidence set
gi|9	24	23541046	23540973	Arg	TCG	0	0	82.3	61.00	21.30	Inf	Arg	91.9	high confidence set
gi|9	27	23451358	23451287	Thr	GGT	0	0	58.6	26.30	32.30	Inf	Thr	70.4	unexpected anticodon
gi|9	34	7260309	7260238	Asn	GTT	0	0	73.4	51.10	22.30	Inf	Asn	73.1	high confidence set
gi|9	36	5706674	5706602	Arg	CCT	0	0	69.1	50.30	18.80	Inf	Arg	81.2	high confidence set
gi|9	37	626549	626470	Leu	TAG	0	0	69.5	48.50	21.00	Inf	Leu	111.5	high confidence set
gi|9	38	625756	625677	Leu	TAG	0	0	69.5	48.50	21.00	Inf	Leu	103.2	high confidence set
gi|9	39	522311	522239	Ala	TGC	0	0	70.0	45.30	24.70	Inf	Ala	100.6	high confidence set
gi|10	1	602221	602293	Ala	TGC	0	0	70.0	45.30	24.70	Inf	Ala	100.6	high confidence set
gi|10	2	3857694	3857767	Asn	GTT	0	0	83.9	58.50	25.40	Inf	Asn	97.4	high confidence set
gi|10	3	3862520	3862593	Asn	GTT	0	0	83.9	58.50	25.40	Inf	Asn	97.4	high confidence set
gi|10	4	5220986	5221058	Glu	CTC	0	0	80.0	54.10	25.90	Inf	Glu	99.8	high confidence set
gi|10	5	5249058	5249129	Gly	TCC	0	0	73.9	46.20	27.70	Inf	Gly	85.6	high confidence set
gi|10	6	6588107	6588179	Arg	CCT	0	0	69.1	50.30	18.80	Inf	Arg	81.2	high confidence set
gi|10	9	9494612	9494685	Glu	TTC	0	0	63.6	40.40	23.20	Inf	Glu	93.9	high confidence set
gi|10	12	22683076	22683148	Arg	TCT	0	0	68.5	50.60	17.90	Inf	Arg	98.8	high confidence set
gi|10	14	24097094	24097165	Pro	TGG	0	0	68.5	35.70	32.80	Inf	Pro	111.2	high confidence set
gi|10	15	25251902	25251984	Leu	TAA	0	0	70.4	39.30	31.10	Inf	Leu	94.6	high confidence set
gi|10	18	22059297	22059226	Gln	TTG	0	0	73.5	53.70	19.80	Inf	Gln	104.8	high confidence set
gi|10	19	8191059	8190980	Leu	TAG	0	0	69.5	48.50	21.00	Inf	Leu	111.5	high confidence set
gi|10	21	7077317	7077247	Gly	GCC	0	0	61.5	40.20	21.30	Inf	Gly	86.3	high confidence set
gi|10	22	6716399	6716327	Arg	CCT	0	0	69.1	50.30	18.80	Inf	Arg	81.2	high confidence set
gi|10	24	4659170	4659099	His	GTG	0	0	63.0	33.70	29.30	Inf	His	86.8	high confidence set
gi|10	25	3413216	3413143	Val	CAC	0	0	82.4	54.40	28.00	Inf	Val	103.7	high confidence set
gi|10	27	151315	151244	Asp	GTC	0	0	69.8	46.80	23.00	Inf	Asp	95.8	high confidence set
gi|11	2	4672917	4672987	Gly	GCC	0	0	50.5	28.20	22.30	Inf	Gly	78.3	high confidence set
gi|11	3	5090755	5090847	Tyr	GTA	5090792	5090811	74.2	42.70	31.50	Inf	Tyr	111.8	high confidence set
gi|11	4	6130773	6130845	Lys	CTT	0	0	87.7	67.60	20.10	Inf	Lys	106.7	high confidence set
gi|11	5	6594255	6594338	Leu	CAA	0	0	80.9	54.70	26.20	Inf	Leu	128.2	high confidence set
gi|11	6	8175507	8175587	Leu	CAG	0	0	69.5	46.80	22.70	Inf	Leu	109.7	high confidence set
gi|11	7	8470934	8471006	Ala	CGC	0	0	68.3	44.10	24.20	Inf	Ala	99.2	high confidence set
gi|11	8	8529302	8529373	Trp	CCA	0	0	70.4	49.70	20.70	Inf	Trp	98.0	high confidence set
gi|11	11	9341063	9341134	Pro	AGG	0	0	67.4	34.70	32.70	Inf	Pro	112.3	high confidence set
gi|11	12	9341836	9341907	Pro	TGG	0	0	68.5	35.70	32.80	Inf	Pro	111.2	high confidence set
gi|11	13	9768468	9768539	Cys	GCA	0	0	82.1	59.90	22.20	Inf	Cys	106.6	high confidence set
gi|11	16	17031514	17031585	Asp	GTC	0	0	69.8	46.80	23.00	Inf	Asp	95.8	high confidence set
gi|11	21	12303800	12303729	Gln	TTG	0	0	73.5	53.70	19.80	Inf	Gln	104.8	high confidence set
gi|11	23	8530006	8529934	Phe	GAA	0	0	78.3	58.40	19.90	Inf	Phe	113.2	high confidence set
gi|11	24	8329120	8329047	Glu	TTC	0	0	63.6	40.40	23.20	Inf	Glu	93.9	high confidence set
gi|11	25	7303328	7303245	Leu	CAA	0	0	66.8	50.10	16.70	Inf	Leu	103.3	high confidence set
gi|11	26	6845451	6845380	iMet	CAT	0	0	58.3	28.10	30.20	Inf	iMet	118.7	high confidence set
gi|12	1	2756574	2756646	Phe	GAA	0	0	78.3	58.40	19.90	Inf	Phe	113.2	high confidence set
gi|12	5	16092030	16092101	iMet	CAT	0	0	58.3	28.10	30.20	Inf	iMet	118.7	high confidence set
gi|12	7	23123199	23123281	Leu	TAA	0	0	75.9	39.10	36.80	Inf	Leu	101.1	high confidence set
gi|12	8	23969287	23969360	Asn	GTT	0	0	83.9	58.50	25.40	Inf	Asn	97.4	high confidence set
gi|12	10	23203135	23203063	Ala	AGC	0	0	63.4	38.20	25.20	Inf	Ala	98.3	high confidence set
gi|12	11	23123940	23123869	Gly	TCC	0	0	67.3	47.00	20.30	Inf	Gly	76.2	high confidence set
gi|12	12	21873733	21873662	Gln	TTG	0	0	76.2	50.30	25.90	Inf	Gln	96.7	high confidence set
gi|12	13	21168347	21168265	Leu	CAA	0	0	83.3	55.60	27.70	Inf	Leu	126.2	high confidence set
gi|12	15	18809610	18809539	Thr	TGT	0	0	84.3	58.00	26.30	Inf	Thr	93.3	high confidence set
gi|12	18	17531236	17531164	Glu	CTC	0	0	69.5	45.90	23.60	Inf	Glu	90.7	high confidence set
gi|12	19	17529415	17529343	Glu	CTC	0	0	80.0	54.10	25.90	Inf	Glu	99.8	high confidence set
gi|12	20	17039896	17039824	Arg	TCT	0	0	68.8	51.20	17.60	Inf	Arg	94.8	high confidence set
gi|12	21	17039750	17039677	Val	AAC	0	0	72.9	48.60	24.30	Inf	Val	93.8	high confidence set
gi|12	22	16458552	16458480	Arg	ACG	0	0	71.7	49.10	22.60	Inf	Arg	91.4	high confidence set
gi|12	23	16080442	16080369	Glu	TTC	0	0	64.1	37.70	26.40	Inf	Glu	91.0	high confidence set
gi|12	24	16019841	16019761	Leu	CAG	0	0	69.5	46.80	22.70	Inf	Leu	109.7	high confidence set
gi|12	25	16019537	16019457	Leu	CAG	0	0	69.5	46.80	22.70	Inf	Leu	109.7	high confidence set
gi|12	29	2847251	2847178	Ile	AAT	0	0	75.1	52.30	22.80	Inf	Ile	90.8	high confidence set
gi|12	30	2810395	2810324	Asp	GTC	0	0	69.8	46.80	23.00	Inf	Asp	95.8	high confidence set
gi|13	6	2838479	2838550	Asp	GTC	0	0	69.8	46.80	23.00	Inf	Asp	95.8	high confidence set
gi|13	7	5179791	5179864	Thr	AGT	0	0	77.5	49.10	28.40	Inf	Thr	91.2	high confidence set
gi|13	8	6150618	6150689	iMet	CAT	0	0	58.3	28.10	30.20	Inf	iMet	118.7	high confidence set
gi|13	9	7407726	7407798	Lys	CTT	0	0	85.2	65.10	20.10	Inf	Lys	101.9	high confidence set
gi|13	10	11054641	11054713	Arg	ACG	0	0	71.7	49.10	22.60	Inf	Arg	91.4	high confidence set
gi|13	11	11055433	11055506	Val	AAC	0	0	72.9	48.60	24.30	Inf	Val	93.8	high confidence set
gi|13	14	16762177	16762248	Asp	GTC	0	0	69.8	46.80	23.00	Inf	Asp	95.8	high confidence set
gi|13	15	21959309	21959390	Ser	CGA	0	0	78.9	46.60	32.30	Inf	Ser	122.0	high confidence set
gi|13	16	22033002	22032931	Pro	AGG	0	0	67.4	34.70	32.70	Inf	Pro	112.3	high confidence set
gi|13	17	21818401	21818329	Ala	TGC	0	0	65.0	42.00	23.00	Inf	Ala	93.9	high confidence set
gi|13	18	21786596	21786524	Ala	TGC	0	0	65.0	42.00	23.00	Inf	Ala	93.9	high confidence set
gi|13	19	21728725	21728653	Ala	TGC	0	0	65.0	42.00	23.00	Inf	Ala	93.9	high confidence set
gi|13	21	13431898	13431825	Asn	GTT	0	0	84.5	59.40	25.10	Inf	Asn	95.9	high confidence set
gi|13	22	10035904	10035831	Asn	GTT	0	0	65.7	47.70	18.00	Inf	Asn	81.0	high confidence set
gi|13	23	9536239	9536158	Ser	GCT	0	0	80.5	45.20	35.30	Inf	Ser	109.5	high confidence set
gi|13	24	8951936	8951865	Cys	GCA	0	0	78.3	59.70	18.60	Inf	Cys	102.2	high confidence set
gi|13	25	8640783	8640712	Trp	CCA	0	0	75.8	51.20	24.60	Inf	Trp	105.6	high confidence set
gi|13	26	7454655	7454574	Ser	GCT	0	0	78.3	42.40	35.90	Inf	Ser	108.3	high confidence set
gi|13	27	7449714	7449633	Ser	GCT	0	0	79.0	43.10	35.90	Inf	Ser	108.6	high confidence set
gi|13	28	6869909	6869825	Met	CAT	6869871	6869861	64.3	40.80	23.50	Inf	Met	104.0	high confidence set
gi|13	29	6746439	6746367	Lys	CTT	0	0	87.7	67.60	20.10	Inf	Lys	106.7	high confidence set
gi|13	30	6327942	6327871	Thr	CGT	0	0	76.1	54.60	21.50	Inf	Thr	76.7	high confidence set
gi|13	32	5387248	5387176	Phe	GAA	0	0	75.0	58.10	16.90	Inf	Phe	108.7	high confidence set
gi|13	33	5226168	5226089	Leu	TAG	0	0	69.2	49.00	20.20	Inf	Leu	109.5	high confidence set
gi|13	34	5198899	5198827	Lys	CTT	0	0	87.7	67.60	20.10	Inf	Lys	106.7	high confidence set
gi|13	35	4597089	4597018	Thr	CGT	0	0	80.2	53.70	26.50	Inf	Thr	86.8	high confidence set
gi|13	38	2062853	2062782	Pro	AGG	0	0	67.4	34.70	32.70	Inf	Pro	112.3	high confidence set
gi|13	39	1094497	1094427	Gly	CCC	0	0	66.3	29.50	36.80	Inf	Gly	89.7	high confidence set
gi|14	1	4109	4195	Ser	GGA	0	0	66.6	36.50	30.10	Inf	Ser	89.5	unexpected anticodon
gi|14	2	7057	7129	Phe	GAA	0	0	66.3	44.70	21.60	Inf	Phe	70.6	high confidence set
gi|14	4	48344	48422	Arg	ACG	0	0	56.5	44.90	11.60	Inf	Ile	73.7	IPD:-23.30,isotype mismatch
gi|14	5	69729	69800	Asn	GTT	0	0	79.0	56.70	22.30	Inf	Asn	79.2	high confidence set
gi|14	8	105853	105924	Arg	TCT	0	0	58.3	25.60	32.70	Inf	Gln	70.8	IPD:-24.50,isotype mismatch
gi|14	10	131089	131175	Ser	GGA	0	0	66.6	36.50	30.10	Inf	Ser	89.5	unexpected anticodon
gi|14	11	134018	134090	Phe	GAA	0	0	66.3	44.70	21.60	Inf	Phe	70.6	high confidence set
gi|14	13	194752	194830	Arg	ACG	0	0	56.5	44.90	11.60	Inf	Ile	73.7	IPD:-23.30,isotype mismatch
gi|14	15	216170	216241	Asn	GTT	0	0	79.0	56.70	22.30	Inf	Asn	79.2	high confidence set
gi|14	18	252301	252372	Arg	TCT	0	0	58.3	25.60	32.70	Inf	Gln	70.8	IPD:-24.50,isotype mismatch
gi|14	21	334015	334089	Pro	TGG	0	0	62.8	32.80	30.00	Inf	Trp	73.3	IPD:-42.40,isotype mismatch
gi|14	24	386452	386526	Pro	TGG	0	0	62.8	32.80	30.00	Inf	Trp	73.3	IPD:-42.40,isotype mismatch
gi|14	28	480434	480506	Thr	TGT	0	0	66.2	47.40	18.80	Inf	Thr	80.6	high confidence set
gi|14	32	522876	522948	Phe	GAA	0	0	66.3	44.70	21.60	Inf	Phe	70.6	high confidence set
gi|14	33	1544728	1544800	Lys	TTT	0	0	80.3	61.50	18.80	Inf	Lys	78.3	high confidence set
gi|14	37	1582838	1582911	Asp	GTC	0	0	71.1	52.30	18.80	Inf	Ala	72.8	IPD:-22.40,isotype mismatch
gi|14	39	1611988	1612059	Asn	GTT	0	0	75.1	52.10	23.00	Inf	Asn	81.9	high confidence set
gi|14	41	2541885	2541956	Gly	TCC	0	0	73.9	46.20	27.70	Inf	Gly	85.6	high confidence set
gi|14	42	2925066	2925138	Arg	CCT	0	0	69.1	50.30	18.80	Inf	Arg	81.2	high confidence set
gi|14	43	3700835	3700908	Arg	TCG	0	0	82.3	61.00	21.30	Inf	Arg	91.9	high confidence set
gi|14	45	5249828	5249901	Glu	TTC	0	0	63.6	40.40	23.20	Inf	Glu	93.9	high confidence set
gi|14	48	17392692	17392763	Pro	TGG	0	0	68.5	35.70	32.80	Inf	Pro	111.2	high confidence set
gi|14	51	22030951	22031030	Leu	TAG	0	0	69.5	48.50	21.00	Inf	Leu	111.5	high confidence set
gi|14	52	22032291	22032370	Leu	TAG	0	0	62.9	48.50	14.40	Inf	Leu	103.9	high confidence set
gi|14	53	22161314	22161386	Ala	TGC	0	0	69.0	44.30	24.70	Inf	Ala	99.8	high confidence set
gi|14	54	24335721	24335648	Asn	GTT	0	0	80.9	54.00	26.90	Inf	Ile	86.1	IPD:-3.60,isotype mismatch
gi|14	55	23709460	23709378	Leu	TAA	0	0	73.2	38.80	34.40	Inf	Leu	99.2	high confidence set
gi|14	56	21619239	21619168	Asp	GTC	0	0	69.8	46.80	23.00	Inf	Asp	95.8	high confidence set
gi|14	58	17310347	17310277	Gly	GCC	0	0	66.5	44.80	21.70	Inf	Gly	94.4	high confidence set
gi|14	59	16697639	16697567	Arg	CCT	0	0	69.1	50.30	18.80	Inf	Arg	81.2	high confidence set
gi|14	60	14293576	14293505	Pro	CGG	0	0	69.6	37.70	31.90	Inf	Pro	108.3	high confidence set
gi|14	64	3321635	3321565	Gly	GCC	0	0	66.5	44.80	21.70	Inf	Gly	94.4	high confidence set
gi|14	65	2542254	2542182	Glu	CTC	0	0	80.0	54.10	25.90	Inf	Glu	99.8	high confidence set
gi|14	70	1578825	1578752	Phe	GAA	0	0	61.5	43.60	17.90	Inf	Tyr	71.1	IPD:-23.60,isotype mismatch
gi|14	71	1569379	1569293	Ser	GGA	0	0	66.6	36.50	30.10	Inf	Ser	89.5	unexpected anticodon
gi|14	74	1425144	1425071	Asp	GTC	0	0	71.1	52.30	18.80	Inf	Ala	72.8	IPD:-22.40,isotype mismatch
gi|14	76	524574	524502	Thr	TGT	0	0	66.2	47.40	18.80	Inf	Thr	80.6	high confidence set
gi|14	80	498615	498542	Phe	GAA	0	0	61.5	43.60	17.90	Inf	Tyr	71.1	IPD:-23.60,isotype mismatch
gi|14	81	482133	482061	Phe	GAA	0	0	66.3	44.70	21.60	Inf	Phe	70.6	high confidence set
gi|14	84	402683	402612	Arg	TCT	0	0	58.3	25.60	32.70	Inf	Gln	70.8	IPD:-24.50,isotype mismatch
gi|14	91	250580	250493	Ser	GCT	0	0	67.3	36.90	30.40	Inf	Ser	80.7	high confidence set
gi|14	95	216886	216808	Arg	ACG	0	0	56.5	44.90	11.60	Inf	Ile	73.7	IPD:-23.30,isotype mismatch
gi|14	96	195468	195397	Asn	GTT	0	0	79.0	56.70	22.30	Inf	Asn	79.2	high confidence set
gi|14	100	154045	153972	Trp	CCA	0	0	72.1	42.60	29.50	Inf	Thr	75.4	IPD:-18.90,isotype mismatch
gi|14	101	132564	132492	Thr	TGT	0	0	66.2	47.40	18.80	Inf	Thr	80.6	high confidence set
gi|14	106	70445	70367	Arg	ACG	0	0	56.5	44.90	11.60	Inf	Ile	73.7	IPD:-23.30,isotype mismatch
gi|14	108	49055	48984	Asn	GTT	0	0	79.0	56.70	22.30	Inf	Asn	79.2	high confidence set
gi|14	111	27170	27097	Trp	CCA	0	0	72.1	42.60	29.50	Inf	Thr	75.4	IPD:-18.90,isotype mismatch
gi|14	112	5584	5512	Thr	TGT	0	0	66.2	47.40	18.80	Inf	Thr	80.6	high confidence set
gi|15	2	2590079	2590149	Gly	GCC	0	0	66.5	44.80	21.70	Inf	Gly	94.4	high confidence set
gi|15	3	3214641	3214714	Ile	TAT	0	0	85.9	70.60	15.30	Inf	Ile	103.9	high confidence set
gi|15	5	6435082	6435147	Undet	NNN	0	0	51.9	30.80	21.10	Inf	Leu	73.5	undetermined isotype
gi|15	6	6435267	6435347	Leu	CAG	0	0	69.5	46.80	22.70	Inf	Leu	109.7	high confidence set
gi|15	7	6435467	6435547	Leu	CAG	0	0	69.5	46.80	22.70	Inf	Leu	109.7	high confidence set
gi|15	8	6550926	6550999	Glu	TTC	0	0	63.6	40.40	23.20	Inf	Glu	93.9	high confidence set
gi|15	9	6872273	6872344	Trp	CCA	0	0	75.8	51.20	24.60	Inf	Trp	105.6	high confidence set
gi|15	10	8137351	8137422	His	GTG	0	0	63.0	33.70	29.30	Inf	His	86.8	high confidence set
gi|15	11	8137760	8137831	Cys	GCA	0	0	82.1	59.90	22.20	Inf	Cys	106.6	high confidence set
gi|15	12	9074463	9074536	Ile	AAT	0	0	81.8	58.30	23.50	Inf	Ile	106.8	high confidence set
gi|15	14	13653501	13653574	Ile	AAT	0	0	82.4	58.90	23.50	Inf	Ile	107.0	high confidence set
gi|15	16	22032499	22032570	Cys	GCA	0	0	82.1	59.90	22.20	Inf	Cys	106.6	high confidence set
gi|15	17	23302148	23302077	Gln	CTG	0	0	74.3	49.60	24.70	Inf	Gln	106.1	high confidence set
gi|15	18	20759075	20759003	Ala	TGC	0	0	70.0	45.30	24.70	Inf	Ala	100.6	high confidence set
gi|15	20	12661823	12661752	Gln	TTG	0	0	73.5	53.70	19.80	Inf	Gln	104.8	high confidence set
gi|15	23	9077035	9076962	Ile	AAT	0	0	67.9	48.50	19.40	Inf	Ile	90.8	high confidence set
gi|15	24	7106610	7106537	Glu	TTC	0	0	63.6	40.40	23.20	Inf	Glu	93.9	high confidence set
gi|15	25	6593584	6593511	Glu	TTC	0	0	63.6	40.40	23.20	Inf	Glu	93.9	high confidence set
gi|15	26	5088781	5088709	Glu	CTC	0	0	74.1	51.40	22.70	Inf	Glu	93.8	high confidence set
gi|15	27	4506256	4506184	Ala	AGC	0	0	59.6	37.50	22.10	Inf	Ala	96.4	high confidence set
gi|15	28	3227130	3227038	Tyr	GTA	3227093	3227074	74.2	42.70	31.50	Inf	Tyr	111.8	high confidence set
gi|16	1	926077	926148	iMet	CAT	0	0	56.4	24.80	31.60	Inf	iMet	116.1	high confidence set
gi|16	2	3742360	3742431	Trp	CCA	0	0	75.8	51.20	24.60	Inf	Trp	105.6	high confidence set
gi|16	4	7392982	7393055	Thr	AGT	0	0	77.5	49.10	28.40	Inf	Thr	91.2	high confidence set
gi|16	5	8556332	8556417	Met	CAT	8556370	8556381	68.7	45.20	23.50	Inf	Met	104.3	high confidence set
gi|16	6	8701382	8701455	Thr	AGT	0	0	77.5	49.10	28.40	Inf	Thr	91.2	high confidence set
gi|16	7	9906121	9906192	Trp	CCA	0	0	75.8	51.20	24.60	Inf	Trp	105.6	high confidence set
gi|16	8	9914589	9914661	Arg	ACG	0	0	71.7	49.10	22.60	Inf	Arg	91.4	high confidence set
gi|16	9	9915416	9915489	Val	AAC	0	0	72.9	48.60	24.30	Inf	Val	93.8	high confidence set
gi|16	11	19350665	19350737	Ala	AGC	0	0	63.4	38.20	25.20	Inf	Ala	98.3	high confidence set
gi|16	12	19957261	19957332	Cys	GCA	0	0	79.0	59.90	19.10	Inf	Cys	103.5	high confidence set
gi|16	15	18261266	18261195	Cys	GCA	0	0	65.6	44.50	21.10	Inf	Cys	92.5	high confidence set
gi|16	17	11791734	11791661	Val	AAC	0	0	72.9	48.60	24.30	Inf	Val	93.8	high confidence set
gi|16	20	8026770	8026697	Asn	GTT	0	0	84.5	59.40	25.10	Inf	Asn	95.9	high confidence set
gi|16	21	7649262	7649191	His	GTG	0	0	63.3	34.30	29.00	Inf	His	91.7	high confidence set
gi|16	23	4188907	4188836	Pro	AGG	0	0	67.4	34.70	32.70	Inf	Pro	112.3	high confidence set
gi|16	24	4188109	4188038	Pro	TGG	0	0	68.5	35.70	32.80	Inf	Pro	111.2	high confidence set
gi|16	26	3983623	3983551	Ala	TGC	0	0	70.0	45.30	24.70	Inf	Ala	100.6	high confidence set
gi|17	3	4918530	4918603	Ile	AAT	0	0	81.8	58.30	23.50	Inf	Ile	106.8	high confidence set
gi|17	4	4984357	4984427	Gly	GCC	0	0	66.5	44.80	21.70	Inf	Gly	94.4	high confidence set
gi|17	6	11270676	11270748	Lys	TTT	0	0	83.0	66.00	17.00	Inf	Lys	88.5	high confidence set
gi|17	8	17788064	17788136	Phe	GAA	0	0	78.3	58.40	19.90	Inf	Phe	113.2	high confidence set
gi|17	9	17792837	17792908	Asp	GTC	0	0	69.8	46.80	23.00	Inf	Asp	95.8	high confidence set
gi|17	10	22503366	22503294	Phe	GAA	0	0	78.3	58.40	19.90	Inf	Phe	113.2	high confidence set
gi|17	12	17926501	17926428	Ile	AAT	0	0	82.4	58.90	23.50	Inf	Ile	107.0	high confidence set
gi|17	13	17860319	17860249	Gly	GCC	0	0	66.5	44.80	21.70	Inf	Gly	94.4	high confidence set
gi|17	14	17820258	17820187	Asp	GTC	0	0	69.8	46.80	23.00	Inf	Asp	95.8	high confidence set
gi|17	16	5834523	5834452	Cys	GCA	0	0	82.1	59.90	22.20	Inf	Cys	106.6	high confidence set
gi|17	17	5584342	5584261	Ser	AGA	0	0	79.4	43.10	36.30	Inf	Ser	115.0	high confidence set
gi|17	18	5274481	5274400	Ser	AGA	0	0	79.4	43.10	36.30	Inf	Ser	115.0	high confidence set
gi|17	19	5273596	5273515	Ser	AGA	0	0	79.4	43.10	36.30	Inf	Ser	115.0	high confidence set
gi|17	24	193694	193624	Gly	GCC	0	0	63.5	44.70	18.80	Inf	Gly	92.5	high confidence set
gi|18	2	5425712	5425783	Asn	GTT	0	0	72.7	54.40	18.30	Inf	Asn	72.1	high confidence set
gi|18	5	13396418	13396491	Thr	AGT	0	0	65.1	49.40	15.70	Inf	Thr	81.5	high confidence set
gi|18	6	13659804	13659896	Tyr	GTA	13659841	13659860	74.2	42.70	31.50	Inf	Tyr	111.8	high confidence set
gi|18	7	15027870	15027942	Lys	CTT	0	0	82.8	70.40	12.40	Inf	Lys	91.3	high confidence set
gi|18	8	15545289	15545372	Leu	CAA	0	0	81.0	54.60	26.40	Inf	Leu	125.6	high confidence set
gi|18	9	17862472	17862552	Leu	CAG	0	0	69.5	46.80	22.70	Inf	Leu	109.7	high confidence set
gi|18	10	17978836	17978909	Glu	TTC	0	0	63.6	40.40	23.20	Inf	Glu	93.9	high confidence set
gi|18	11	18370534	18370606	Ala	CGC	0	0	68.3	44.10	24.20	Inf	Ala	99.2	high confidence set
gi|18	12	18430274	18430345	Trp	CCA	0	0	75.8	51.20	24.60	Inf	Trp	105.6	high confidence set
gi|18	13	18550298	18550384	Ser	GGA	0	0	62.2	32.90	29.30	Inf	Ser	84.0	unexpected anticodon
gi|18	14	19934137	19934208	His	GTG	0	0	63.0	33.70	29.30	Inf	His	86.8	high confidence set
gi|18	15	19934695	19934766	Cys	GCA	0	0	82.1	59.90	22.20	Inf	Cys	106.6	high confidence set
gi|18	16	20626229	20626156	Ile	AAT	0	0	81.8	58.30	23.50	Inf	Ile	106.8	high confidence set
gi|18	17	18430758	18430686	Phe	GAA	0	0	78.3	58.40	19.90	Inf	Phe	113.2	high confidence set
gi|18	18	18058803	18058730	Glu	TTC	0	0	63.6	40.40	23.20	Inf	Glu	93.9	high confidence set
gi|18	19	16581521	16581438	Leu	CAA	0	0	79.4	54.40	25.00	Inf	Leu	125.3	high confidence set
gi|18	20	16091321	16091249	Glu	CTC	0	0	80.0	54.10	25.90	Inf	Glu	99.8	high confidence set
gi|18	21	15362013	15361941	Ala	AGC	0	0	63.4	38.20	25.20	Inf	Ala	98.3	high confidence set
gi|18	24	13672875	13672802	Ile	TAT	0	0	80.6	65.30	15.30	Inf	Ile	100.8	high confidence set
gi|18	25	13672739	13672666	Ile	TAT	0	0	85.9	70.60	15.30	Inf	Ile	103.9	high confidence set
gi|18	27	6244389	6244317	Ala	TGC	0	0	70.0	45.30	24.70	Inf	Ala	100.6	high confidence set
gi|18	32	1631284	1631213	Gln	TTG	0	0	70.0	49.80	20.20	Inf	Gln	104.9	high confidence set
gi|18	33	1628966	1628895	Gln	TTG	0	0	73.5	53.70	19.80	Inf	Gln	104.8	high confidence set
gi|19	1	646532	646604	Ala	CGC	0	0	65.3	43.90	21.40	Inf	Ala	91.9	high confidence set
gi|19	3	2752264	2752335	Pro	AGG	0	0	67.4	34.70	32.70	Inf	Pro	112.3	high confidence set
gi|19	4	2752519	2752590	Pro	TGG	0	0	68.5	35.70	32.80	Inf	Pro	111.2	high confidence set
gi|19	5	5067791	5067873	Leu	TAA	0	0	75.9	39.10	36.80	Inf	Leu	101.1	high confidence set
gi|19	9	15233015	15233087	Lys	TTT	0	0	74.0	49.60	24.40	Inf	Lys	75.8	high confidence set
gi|19	10	15560873	15560945	Lys	TTT	0	0	80.3	61.50	18.80	Inf	Lys	78.3	high confidence set
gi|19	11	15774394	15774466	Lys	TTT	0	0	90.5	66.90	23.60	Inf	Lys	95.4	high confidence set
gi|19	14	19717011	19716939	Ala	CGC	0	0	68.3	44.10	24.20	Inf	Ala	99.2	high confidence set
gi|19	17	7267292	7267222	Gly	GCC	0	0	66.5	44.80	21.70	Inf	Gly	94.4	high confidence set
gi|19	18	4864138	4864066	Arg	TCT	0	0	68.5	50.60	17.90	Inf	Arg	98.8	high confidence set
gi|20	2	925660	925741	Ser	TGA	0	0	80.7	46.10	34.60	Inf	Ser	119.7	high confidence set
gi|20	3	1772287	1772368	Ser	TGA	0	0	64.4	40.00	24.40	Inf	Ser	102.2	high confidence set
gi|20	4	1803259	1803330	Pro	AGG	0	0	67.4	34.70	32.70	Inf	Pro	112.3	high confidence set
gi|20	5	1827895	1827976	Ser	CGA	0	0	78.9	46.60	32.30	Inf	Ser	122.0	high confidence set
gi|20	6	5080397	5080483	Ser	GGA	0	0	66.6	36.50	30.10	Inf	Ser	89.5	unexpected anticodon
gi|20	7	5813652	5813725	Thr	AGT	0	0	77.5	49.10	28.40	Inf	Thr	91.2	high confidence set
gi|20	10	14237934	14238005	Trp	CCA	0	0	75.8	51.20	24.60	Inf	Trp	105.6	high confidence set
gi|20	11	14255249	14255321	Arg	ACG	0	0	71.7	49.10	22.60	Inf	Arg	91.4	high confidence set
gi|20	12	14256095	14256168	Val	AAC	0	0	72.9	48.60	24.30	Inf	Val	93.8	high confidence set
gi|20	13	16637097	16637170	Val	AAC	0	0	72.9	48.60	24.30	Inf	Val	93.8	high confidence set
gi|20	14	18563730	18563807	Leu	TAG	0	0	65.7	47.30	18.40	Inf	Leu	100.8	high confidence set
gi|20	16	20797666	20797753	Tyr	GTA	20797703	20797717	74.4	43.00	31.40	Inf	Tyr	111.8	high confidence set
gi|20	17	20818395	20818309	Met	CAT	20818357	20818345	68.6	45.20	23.40	Inf	Met	104.3	high confidence set
gi|20	18	19698136	19698063	Asn	GTT	0	0	84.5	59.40	25.10	Inf	Asn	95.9	high confidence set
gi|20	20	18180384	18180311	Thr	AGT	0	0	62.3	37.20	25.10	Inf	Thr	75.1	high confidence set
gi|20	21	13937522	13937450	Ala	AGC	0	0	63.4	38.20	25.20	Inf	Ala	98.3	high confidence set
gi|20	22	13598372	13598301	iMet	CAT	0	0	58.3	28.10	30.20	Inf	iMet	118.7	high confidence set
gi|20	25	2188946	2188873	Leu	CAG	0	0	77.3	55.50	21.80	Inf	Arg	81.6	IPD:-62.80,isotype mismatch
gi|20	26	1829018	1828937	Ser	CGA	0	0	78.9	46.60	32.30	Inf	Ser	122.0	high confidence set
gi|20	30	1260700	1260629	Gln	CTG	0	0	69.9	45.50	24.40	Inf	Gln	99.1	high confidence set
gi|21	4	13791276	13791347	Gly	TCC	0	0	73.9	46.20	27.70	Inf	Gly	85.6	high confidence set
gi|21	5	13797834	13797905	Gly	TCC	0	0	73.9	46.20	27.70	Inf	Gly	85.6	high confidence set
gi|21	6	14526919	14526992	Thr	AGT	0	0	77.5	49.10	28.40	Inf	Thr	91.2	high confidence set
gi|21	7	15161297	15161370	Asn	GTT	0	0	84.5	59.40	25.10	Inf	Asn	95.9	high confidence set
gi|21	9	18522536	18522607	Gln	CTG	0	0	75.3	51.20	24.10	Inf	Gln	106.0	high confidence set
gi|21	10	18576112	18576185	Val	CAC	0	0	82.4	54.40	28.00	Inf	Val	103.7	high confidence set
gi|21	12	19971702	19971785	Leu	CAA	0	0	79.4	54.40	25.00	Inf	Leu	125.3	high confidence set
gi|21	13	20196651	20196721	Gly	CCC	0	0	66.3	29.50	36.80	Inf	Gly	89.7	high confidence set
gi|21	14	19065425	19065354	Pro	AGG	0	0	67.4	34.70	32.70	Inf	Pro	112.3	high confidence set
gi|21	15	18553490	18553417	Val	CAC	0	0	72.7	46.80	25.90	Inf	Val	94.5	high confidence set
gi|21	16	18153809	18153736	Ile	AAT	0	0	81.8	58.30	23.50	Inf	Ile	106.8	high confidence set
gi|21	20	14727013	14726942	His	GTG	0	0	63.3	34.30	29.00	Inf	His	87.4	high confidence set
gi|21	21	13754644	13754573	Gly	TCC	0	0	73.9	46.20	27.70	Inf	Gly	85.6	high confidence set
gi|21	23	10435426	10435345	Ser	AGA	0	0	54.8	40.40	14.40	Inf	Ser	87.2	high confidence set
gi|21	26	3882588	3882496	Tyr	GTA	3882551	3882532	74.2	42.70	31.50	Inf	Tyr	111.8	high confidence set
gi|22	1	4207171	4207243	Lys	TTT	0	0	90.5	66.90	23.60	Inf	Lys	95.4	high confidence set
gi|22	2	6627610	6627682	Glu	CTC	0	0	80.6	54.80	25.80	Inf	Glu	99.1	high confidence set
gi|22	5	6997784	6997856	Arg	TCT	0	0	68.8	51.20	17.60	Inf	Arg	94.8	high confidence set
gi|22	6	6998190	6998263	Val	AAC	0	0	72.9	48.60	24.30	Inf	Val	93.8	high confidence set
gi|22	7	8016489	8016560	Cys	GCA	0	0	82.1	59.90	22.20	Inf	Cys	106.6	high confidence set
gi|22	9	12404104	12404176	Lys	CTT	0	0	74.0	61.70	12.30	Inf	Lys	94.0	high confidence set
gi|22	11	18181210	18181282	Glu	CTC	0	0	69.2	46.30	22.90	Inf	Glu	80.2	high confidence set
gi|22	15	11598415	11598344	Cys	GCA	0	0	51.7	40.00	11.70	Inf	Cys	81.7	high confidence set
gi|22	16	11505150	11505079	Gln	CTG	0	0	74.3	49.60	24.70	Inf	Gln	106.1	high confidence set
gi|22	18	7626645	7626573	Ala	AGC	0	0	63.4	38.20	25.20	Inf	Ala	98.3	high confidence set
gi|22	19	7268534	7268462	Ala	AGC	0	0	63.4	38.20	25.20	Inf	Ala	98.3	high confidence set
gi|22	20	5147045	5146973	Ala	TGC	0	0	70.0	45.30	24.70	Inf	Ala	100.6	high confidence set
gi|22	21	3473313	3473242	Thr	TGT	0	0	78.3	47.60	30.70	Inf	Thr	91.5	high confidence set
gi|22	22	2634974	2634901	Glu	TTC	0	0	64.1	37.70	26.40	Inf	Glu	91.0	high confidence set
gi|23	2	2947633	2947703	Gly	GCC	0	0	66.5	44.80	21.70	Inf	Gly	94.4	high confidence set
gi|23	3	4583882	4583953	iMet	CAT	0	0	58.3	28.10	30.20	Inf	iMet	118.7	high confidence set
gi|23	7	5565599	5565670	Trp	CCA	0	0	75.8	51.20	24.60	Inf	Trp	105.6	high confidence set
gi|23	9	5756803	5756876	Ile	AAT	0	0	81.8	58.30	23.50	Inf	Ile	106.8	high confidence set
gi|23	10	5990273	5990346	Arg	ACG	0	0	56.6	45.00	11.60	Inf	Ile	70.5	IPD:-20.70,isotype mismatch
gi|23	11	7390128	7390200	Lys	TTT	0	0	90.5	66.90	23.60	Inf	Lys	95.4	high confidence set
gi|23	12	8717113	8717185	Arg	CCG	0	0	66.5	49.40	17.10	Inf	Arg	93.8	high confidence set
gi|23	14	13156975	13157060	Met	CAT	13157013	13157024	64.2	40.70	23.50	Inf	Met	104.0	high confidence set
gi|23	15	13454920	13454993	Val	TAC	0	0	78.0	44.10	33.90	Inf	Val	103.9	high confidence set
gi|23	16	13781945	13782030	Met	CAT	13781983	13781994	64.2	40.70	23.50	Inf	Met	104.0	high confidence set
gi|23	17	14521687	14521768	Ser	AGA	0	0	79.4	43.10	36.30	Inf	Ser	115.0	high confidence set
gi|23	18	15189942	15190026	Tyr	GTA	15189979	15189990	75.2	44.10	31.10	Inf	Tyr	105.0	high confidence set
gi|23	19	15257951	15258021	Gly	GCC	0	0	66.5	44.80	21.70	Inf	Gly	94.4	high confidence set
gi|23	20	15729151	15729221	Gly	GCC	0	0	66.5	44.80	21.70	Inf	Gly	94.4	high confidence set
gi|23	21	18731915	18731986	Asp	GTC	0	0	61.0	40.80	20.20	Inf	Asp	87.8	high confidence set
gi|23	25	16324842	16324761	Ser	AGA	0	0	79.4	43.10	36.30	Inf	Ser	115.0	high confidence set
gi|23	26	16079757	16079676	Ser	AGA	0	0	78.7	42.50	36.20	Inf	Ser	114.6	high confidence set
gi|23	27	16079001	16078921	Ser	AGA	0	0	76.5	41.90	34.60	Inf	Ser	106.8	high confidence set
gi|23	28	15785837	15785765	Phe	GAA	0	0	78.3	58.40	19.90	Inf	Phe	113.2	high confidence set
gi|23	29	14865256	14865183	Ile	AAT	0	0	81.8	58.30	23.50	Inf	Ile	106.8	high confidence set
gi|23	30	14164306	14164226	Leu	CAG	0	0	69.5	46.80	22.70	Inf	Leu	109.7	high confidence set
gi|23	34	10970703	10970631	Phe	GAA	0	0	66.3	44.70	21.60	Inf	Phe	70.6	high confidence set
gi|23	37	5734900	5734828	Lys	TTT	0	0	88.7	64.40	24.30	Inf	Lys	93.7	high confidence set
gi|23	38	5566820	5566748	Phe	GAA	0	0	72.3	55.60	16.70	Inf	Phe	97.9	high confidence set
gi|23	42	3661256	3661184	Phe	GAA	0	0	78.3	58.40	19.90	Inf	Phe	113.2	high confidence set
gi|23	44	1537241	1537171	Gly	GCC	0	0	66.5	44.80	21.70	Inf	Gly	94.4	high confidence set
gi|24	3	9990370	9990441	Asp	GTC	0	0	69.8	46.80	23.00	Inf	Asp	95.8	high confidence set
gi|24	4	10614617	10614688	Pro	TGG	0	0	68.5	35.70	32.80	Inf	Pro	111.2	high confidence set
gi|24	5	13109088	13109162	Asn	GTT	0	0	76.5	52.00	24.50	Inf	Asn	80.0	high confidence set
gi|24	6	14066676	14066746	Gly	CCC	0	0	66.3	29.50	36.80	Inf	Gly	89.7	high confidence set
gi|24	7	14844916	14844987	Trp	CCA	0	0	75.8	51.20	24.60	Inf	Trp	105.6	high confidence set
gi|24	9	16574336	16574417	Ser	GCT	0	0	79.0	43.10	35.90	Inf	Ser	108.6	high confidence set
gi|24	10	17331585	17331657	Lys	CTT	0	0	84.2	64.00	20.20	Inf	Lys	99.4	high confidence set
gi|24	12	19037671	19037743	Lys	CTT	0	0	87.7	67.60	20.10	Inf	Lys	106.7	high confidence set
gi|24	13	19581920	19581849	Pro	TGG	0	0	68.5	35.70	32.80	Inf	Pro	111.2	high confidence set
gi|24	14	19066877	19066804	Thr	AGT	0	0	69.7	49.10	20.60	Inf	Thr	81.1	high confidence set
gi|24	15	18906377	18906305	Phe	GAA	0	0	78.3	58.40	19.90	Inf	Phe	113.2	high confidence set
gi|24	16	18097880	18097808	Ala	AGC	0	0	51.4	30.70	20.70	Inf	Ala	88.2	high confidence set
gi|24	19	14685334	14685261	Asn	GTT	0	0	84.5	59.40	25.10	Inf	Asn	95.9	high confidence set
gi|24	20	13687458	13687377	Ser	GCT	0	0	80.5	45.20	35.30	Inf	Ser	109.5	high confidence set
gi|24	21	12475914	12475842	Arg	CCG	0	0	65.0	50.80	14.20	Inf	Arg	88.2	high confidence set
gi|24	22	12475643	12475571	Arg	CCG	0	0	68.0	51.50	16.50	Inf	Arg	95.2	high confidence set
gi|24	23	11448298	11448227	Gln	CTG	0	0	74.3	49.60	24.70	Inf	Gln	106.1	high confidence set
gi|24	24	10641932	10641852	Ser	TGA	0	0	82.2	47.10	35.10	Inf	Ser	113.7	high confidence set
gi|24	25	10567178	10567096	Ser	CGA	0	0	78.4	46.30	32.10	Inf	Ser	111.8	high confidence set
gi|24	26	10515329	10515256	Arg	TCG	0	0	82.0	60.20	21.80	Inf	Arg	90.2	high confidence set
gi|24	27	10486991	10486919	Ala	TGC	0	0	65.5	40.70	24.80	Inf	Ala	96.0	high confidence set
gi|24	29	9130810	9130739	Asp	GTC	0	0	69.8	46.80	23.00	Inf	Asp	95.8	high confidence set
gi|24	30	7509176	7509103	Ile	AAT	0	0	81.8	58.30	23.50	Inf	Ile	106.8	high confidence set
gi|24	32	3515815	3515742	Thr	AGT	0	0	77.5	49.10	28.40	Inf	Thr	91.2	high confidence set
gi|25	1	3316867	3316938	Asp	GTC	0	0	69.8	46.80	23.00	Inf	Asp	95.8	high confidence set
gi|25	2	8994409	8994482	Val	CAC	0	0	81.2	54.40	26.80	Inf	Val	101.5	high confidence set
gi|25	3	9605062	9605135	Val	TAC	0	0	77.8	44.10	33.70	Inf	Val	103.2	high confidence set
gi|25	6	16878100	16878171	Thr	GGT	0	0	58.6	26.30	32.30	Inf	Thr	70.4	unexpected anticodon
gi|25	11	16772682	16772611	Thr	GGT	0	0	58.6	26.30	32.30	Inf	Thr	70.4	unexpected anticodon
gi|25	12	12020592	12020520	Ala	TGC	0	0	66.5	41.80	24.70	Inf	Ala	96.3	high confidence set
gi|25	13	11756660	11756575	Met	CAT	11756622	11756611	64.2	40.70	23.50	Inf	Met	104.0	high confidence set
gi|25	15	6900047	6899976	Asp	GTC	0	0	56.4	41.70	14.70	Inf	Asp	88.0	high confidence set
gi|25	18	1813777	1813705	Arg	ACG	0	0	71.7	49.10	22.60	Inf	Arg	91.4	high confidence set
gi|26	3	8035864	8035937	Thr	AGT	0	0	77.5	49.10	28.40	Inf	Thr	91.2	high confidence set
gi|26	6	11845265	11845337	Lys	CTT	0	0	87.7	67.60	20.10	Inf	Lys	106.7	high confidence set
gi|26	7	12335579	12335659	Leu	AAG	0	0	74.0	52.20	21.80	Inf	Leu	110.4	high confidence set
gi|26	8	12534275	12534347	Lys	CTT	0	0	87.7	67.60	20.10	Inf	Lys	106.7	high confidence set
gi|26	9	12929689	12929770	Ser	TGA	0	0	80.7	46.10	34.60	Inf	Ser	119.7	high confidence set
gi|26	10	14426804	14426877	Val	TAC	0	0	78.4	44.70	33.70	Inf	Val	103.6	high confidence set
gi|26	11	16429038	16429110	Lys	TTT	0	0	88.7	64.40	24.30	Inf	Lys	93.7	high confidence set
gi|26	12	18866199	18866128	Arg	TCT	0	0	58.3	25.60	32.70	Inf	Gln	70.8	IPD:-24.50,isotype mismatch
gi|26	13	14562131	14562058	Val	TAC	0	0	78.4	44.70	33.70	Inf	Val	103.6	high confidence set
gi|26	15	9295235	9295164	Pro	CGG	0	0	66.2	37.40	28.80	Inf	Pro	103.3	high confidence set
gi|26	17	5772762	5772690	Ala	TGC	0	0	61.7	40.10	21.60	Inf	Ala	94.1	high confidence set
gi|26	18	5362636	5362564	Lys	CTT	0	0	87.7	67.60	20.10	Inf	Lys	106.7	high confidence set
gi|27	3	13184809	13184881	Ala	AGC	0	0	63.4	38.20	25.20	Inf	Ala	98.3	high confidence set
gi|27	5	18144532	18144604	Lys	TTT	0	0	90.5	66.90	23.60	Inf	Lys	95.4	high confidence set
gi|27	6	18593181	18593261	Leu	AAG	0	0	74.0	52.20	21.80	Inf	Leu	110.4	high confidence set
gi|27	7	17308442	17308362	Leu	AAG	0	0	74.0	52.20	21.80	Inf	Leu	110.4	high confidence set
gi|27	8	16578003	16577930	Glu	TTC	0	0	64.1	37.70	26.40	Inf	Glu	91.0	high confidence set
gi|27	10	14031146	14031074	Arg	TCT	0	0	68.8	51.20	17.60	Inf	Arg	94.8	high confidence set
gi|27	11	14030773	14030700	Val	AAC	0	0	72.9	48.60	24.30	Inf	Val	93.8	high confidence set
gi|27	12	13942304	13942232	Ala	AGC	0	0	53.4	34.80	18.60	Inf	Ala	83.8	high confidence set
gi|27	13	12598471	12598400	Cys	GCA	0	0	82.1	59.90	22.20	Inf	Cys	106.6	high confidence set
gi|27	16	6245429	6245358	Gln	CTG	0	0	62.9	46.60	16.30	Inf	Gln	85.0	high confidence set
gi|28	1	950039	950131	Tyr	GTA	950076	950095	74.2	42.70	31.50	Inf	Tyr	111.8	high confidence set
gi|28	2	1052232	1052303	Thr	CGT	0	0	80.2	53.70	26.50	Inf	Thr	86.8	high confidence set
gi|28	5	4273399	4273471	Lys	CTT	0	0	84.1	65.80	18.30	Inf	Lys	103.0	high confidence set
gi|28	6	7810572	7810644	Arg	CCG	0	0	67.8	49.10	18.70	Inf	Arg	93.5	high confidence set
gi|28	7	12805274	12805345	Asp	GTC	0	0	60.8	47.00	13.80	Inf	Asp	81.7	high confidence set
gi|28	9	16134395	16134466	Asn	GTT	0	0	71.6	56.20	15.40	Inf	Asn	71.6	high confidence set
gi|28	10	17938356	17938435	Leu	TAG	0	0	69.2	49.00	20.20	Inf	Leu	109.5	high confidence set
gi|28	11	18415267	18415194	Ile	AAT	0	0	81.8	58.30	23.50	Inf	Ile	106.8	high confidence set
gi|28	13	16998486	16998415	Asp	GTC	0	0	69.8	46.80	23.00	Inf	Asp	95.8	high confidence set
gi|28	14	13502128	13502055	Arg	TCG	0	0	82.0	60.20	21.80	Inf	Arg	90.2	high confidence set
gi|28	16	13221886	13221805	Ser	CGA	0	0	75.2	45.50	29.70	Inf	Ser	114.5	high confidence set
gi|28	17	6585272	6585191	Ser	GCT	0	0	80.5	45.20	35.30	Inf	Ser	109.5	high confidence set
gi|28	18	6400877	6400807	Gly	CCC	0	0	66.3	29.50	36.80	Inf	Gly	89.7	high confidence set
gi|28	19	6116111	6116040	Cys	GCA	0	0	82.1	59.90	22.20	Inf	Cys	106.6	high confidence set
gi|28	20	5941925	5941854	Cys	GCA	0	0	82.1	59.90	22.20	Inf	Cys	106.6	high confidence set
gi|28	21	5553526	5553455	Trp	CCA	0	0	75.8	51.20	24.60	Inf	Trp	105.6	high confidence set
gi|28	22	4290931	4290850	Ser	GCT	0	0	70.1	40.40	29.70	Inf	Ser	97.3	high confidence set
gi|28	23	4290628	4290548	Ser	GCT	0	0	66.1	31.00	35.10	Inf	Ser	90.0	high confidence set
gi|28	25	3511119	3511047	Lys	CTT	0	0	65.9	54.90	11.00	Inf	Lys	78.7	high confidence set
gi|28	26	3066659	3066588	Thr	CGT	0	0	78.3	51.80	26.50	Inf	Thr	80.6	high confidence set
gi|28	31	1965219	1965147	Lys	CTT	0	0	83.0	68.60	14.40	Inf	Lys	100.0	high confidence set
gi|29	3	4361623	4361696	Glu	TTC	0	0	58.1	35.20	22.90	Inf	Glu	80.0	high confidence set
gi|29	5	6793740	6793812	Glu	CTC	0	0	80.0	54.10	25.90	Inf	Glu	99.8	high confidence set
gi|29	6	7121508	7121580	Arg	TCT	0	0	68.8	51.20	17.60	Inf	Arg	94.8	high confidence set
gi|29	7	7121787	7121860	Val	AAC	0	0	72.9	48.60	24.30	Inf	Val	93.8	high confidence set
gi|29	9	10981886	10981815	iMet	CAT	0	0	58.3	28.10	30.20	Inf	iMet	118.7	high confidence set
gi|29	11	7777493	7777421	Ala	AGC	0	0	63.4	38.20	25.20	Inf	Ala	98.3	high confidence set
gi|29	12	6204569	6204497	Ala	AGC	0	0	59.6	37.50	22.10	Inf	Ala	96.4	high confidence set
gi|29	14	2586761	2586689	Lys	TTT	0	0	90.5	66.90	23.60	Inf	Lys	95.4	high confidence set
gi|29	15	1831549	1831469	Leu	AAG	0	0	74.0	52.20	21.80	Inf	Leu	110.4	high confidence set
