Sequence   		tRNA    	Bounds  	tRNA	Anti	Intron Bounds	Inf	HMM	2'Str	Hit	Isotype	Isotype	      
Name       	tRNA#	Begin   	End     	Type	Codon	Begin	End	Score	Score	Score	Origin	CM	Score	Note
--------   	------	-----   	------  	----	-----	-----	----	------	-----	-----	------	-------	-------	------
scaffold_1	2	2018259	2018330	Asn	GTT	0	0	71.7	55.00	16.70	Inf	Asn	71.5	high confidence set
scaffold_1	3	3969740	3969813	Thr	AGT	0	0	73.6	45.20	28.40	Inf	Thr	88.6	high confidence set
scaffold_1	4	4657753	4657824	Gly	TCC	0	0	74.1	46.70	27.40	Inf	Gly	84.2	high confidence set
scaffold_1	5	4657912	4657983	Gly	TCC	0	0	74.1	46.70	27.40	Inf	Gly	84.2	high confidence set
scaffold_1	6	4892615	4892694	Leu	TAG	0	0	69.5	48.50	21.00	Inf	Leu	111.5	high confidence set
scaffold_1	7	5022139	5022210	Cys	GCA	0	0	81.7	56.10	25.60	Inf	Cys	104.3	high confidence set
scaffold_1	8	5564610	5564683	Asn	GTT	0	0	82.3	57.10	25.20	Inf	Asn	92.8	high confidence set
scaffold_1	9	6137182	6137254	Ala	AGC	0	0	63.4	38.20	25.20	Inf	Ala	98.3	high confidence set
scaffold_1	10	6447572	6447644	Val	TAC	0	0	74.4	44.00	30.40	Inf	Val	103.3	high confidence set
scaffold_1	11	7365518	7365589	Asp	GTC	0	0	69.8	46.80	23.00	Inf	Asp	94.5	high confidence set
scaffold_1	12	7455492	7455563	Pro	TGG	0	0	68.5	35.70	32.80	Inf	Pro	111.2	high confidence set
scaffold_1	13	7457216	7457287	Pro	TGG	0	0	69.2	36.90	32.30	Inf	Pro	112.8	high confidence set
scaffold_1	14	7641194	7641266	Ala	AGC	0	0	63.4	38.20	25.20	Inf	Ala	98.3	high confidence set
scaffold_1	15	7852410	7852481	Pro	AGG	0	0	67.4	34.70	32.70	Inf	Pro	112.3	high confidence set
scaffold_1	16	8036738	8036810	Lys	CTT	0	0	87.7	67.60	20.10	Inf	Lys	106.7	high confidence set
scaffold_1	17	8337091	8337162	Lys	TTT	0	0	83.8	71.00	12.80	Inf	Lys	83.9	high confidence set
scaffold_1	18	8465422	8465507	Met	CAT	8465460	8465471	64.2	40.80	23.40	Inf	Met	104.0	high confidence set
scaffold_1	19	8674636	8674707	His	GTG	0	0	63.0	33.70	29.30	Inf	His	86.8	high confidence set
scaffold_1	20	9586775	9586847	Phe	GAA	0	0	78.3	58.40	19.90	Inf	Phe	113.2	high confidence set
scaffold_1	21	10747696	10747768	Ala	CGC	0	0	67.5	42.90	24.60	Inf	Ala	99.2	high confidence set
scaffold_1	22	10750662	10750733	Thr	CGT	0	0	82.3	55.00	27.30	Inf	Thr	83.7	high confidence set
scaffold_1	23	10936701	10936773	Ala	AGC	0	0	63.4	38.70	24.70	Inf	Ala	96.4	high confidence set
scaffold_1	24	11652645	11652716	Thr	TGT	0	0	83.0	58.30	24.70	Inf	Thr	92.4	high confidence set
scaffold_1	25	12087671	12087742	Lys	TTT	0	0	83.8	71.00	12.80	Inf	Lys	83.9	high confidence set
scaffold_1	27	12291033	12291113	Leu	AAG	0	0	64.2	48.80	15.40	Inf	Leu	97.7	high confidence set
scaffold_1	28	12344087	12344159	Arg	ACG	0	0	73.2	50.90	22.30	Inf	Arg	91.4	high confidence set
scaffold_1	29	12601673	12601745	Arg	CCT	0	0	72.3	51.10	21.20	Inf	Arg	81.9	high confidence set
scaffold_1	30	13138364	13138435	Glu	TTC	0	0	70.8	46.30	24.50	Inf	Glu	99.2	high confidence set
scaffold_1	31	13238257	13238330	Asn	GTT	0	0	79.2	57.20	22.00	Inf	Asn	90.6	high confidence set
scaffold_1	32	13220606	13220533	Ile	AAT	0	0	85.5	59.00	26.50	Inf	Ile	109.4	high confidence set
scaffold_1	33	12844109	12844038	iMet	CAT	0	0	58.3	28.10	30.20	Inf	iMet	118.7	high confidence set
scaffold_1	34	12627617	12627544	Asn	GTT	0	0	83.3	58.10	25.20	Inf	Asn	93.9	high confidence set
scaffold_1	35	12557304	12557223	Ser	GCT	0	0	80.5	45.20	35.30	Inf	Ser	109.5	high confidence set
scaffold_1	36	12480854	12480770	Met	CAT	12480816	12480806	64.2	40.80	23.40	Inf	Met	104.0	high confidence set
scaffold_1	37	12460906	12460822	Met	CAT	12460868	12460858	64.5	41.30	23.20	Inf	Met	104.0	high confidence set
scaffold_1	38	12237097	12237026	His	GTG	0	0	63.0	33.70	29.30	Inf	His	87.1	high confidence set
scaffold_1	40	10406118	10406047	Gln	TTG	0	0	73.5	53.70	19.80	Inf	Gln	104.8	high confidence set
scaffold_1	41	9624287	9624204	Leu	CAA	0	0	78.5	55.10	23.40	Inf	Leu	119.0	high confidence set
scaffold_1	42	9147369	9147298	Glu	TTC	0	0	69.9	45.30	24.60	Inf	Glu	99.4	high confidence set
scaffold_1	43	8416664	8416593	Lys	TTT	0	0	83.8	71.00	12.80	Inf	Lys	83.9	high confidence set
scaffold_1	44	7647111	7647039	Ala	AGC	0	0	63.4	38.20	25.20	Inf	Ala	98.3	high confidence set
scaffold_1	45	7257560	7257487	Val	AAC	0	0	72.5	48.10	24.40	Inf	Val	100.2	high confidence set
scaffold_1	46	7166964	7166884	Leu	AAG	0	0	69.9	49.30	20.60	Inf	Leu	105.0	high confidence set
scaffold_1	47	6646179	6646106	Ile	AAT	0	0	85.2	58.50	26.70	Inf	Ile	106.5	high confidence set
scaffold_1	48	6405922	6405851	Thr	CGT	0	0	82.6	55.30	27.30	Inf	Thr	85.1	high confidence set
scaffold_1	49	6395727	6395656	Thr	CGT	0	0	78.9	54.70	24.20	Inf	Thr	87.3	high confidence set
scaffold_1	50	6358390	6358318	Ala	TGC	0	0	70.0	45.30	24.70	Inf	Ala	100.6	high confidence set
scaffold_1	51	6207900	6207828	Ala	AGC	0	0	63.4	38.20	25.20	Inf	Ala	98.3	high confidence set
scaffold_1	52	4815570	4815499	Pro	TGG	0	0	69.2	36.90	32.30	Inf	Pro	112.8	high confidence set
scaffold_1	53	4645582	4645511	Glu	TTC	0	0	70.8	46.30	24.50	Inf	Glu	99.2	high confidence set
scaffold_1	54	4018422	4018351	Lys	TTT	0	0	83.8	71.00	12.80	Inf	Lys	83.9	high confidence set
scaffold_1	55	3723672	3723600	Val	TAC	0	0	74.4	44.00	30.40	Inf	Val	103.3	high confidence set
scaffold_1	56	3262343	3262273	Gly	GCC	0	0	66.5	44.80	21.70	Inf	Gly	94.4	high confidence set
scaffold_1	57	3261282	3261209	Thr	AGT	0	0	73.6	45.20	28.40	Inf	Thr	88.6	high confidence set
scaffold_1	58	3245935	3245863	Ala	AGC	0	0	63.4	38.20	25.20	Inf	Ala	98.3	high confidence set
scaffold_1	59	3215349	3215277	Ala	AGC	0	0	63.4	38.20	25.20	Inf	Ala	98.3	high confidence set
scaffold_1	60	3210794	3210722	Ala	AGC	0	0	63.4	38.20	25.20	Inf	Ala	98.3	high confidence set
scaffold_1	61	3207776	3207704	Ala	AGC	0	0	63.4	38.20	25.20	Inf	Ala	98.3	high confidence set
scaffold_1	62	2605466	2605395	Glu	TTC	0	0	70.8	46.30	24.50	Inf	Glu	99.2	high confidence set
scaffold_2	1	493651	493723	Ala	AGC	0	0	63.4	38.20	25.20	Inf	Ala	98.3	high confidence set
scaffold_2	2	1390598	1390685	Met	CAT	1390636	1390649	64.1	40.70	23.40	Inf	Met	104.0	high confidence set
scaffold_2	3	2099649	2099722	Val	AAC	0	0	69.9	36.30	33.60	Inf	Val	98.4	high confidence set
scaffold_2	4	3110788	3110859	Pro	AGG	0	0	67.4	34.70	32.70	Inf	Pro	112.3	high confidence set
scaffold_2	5	4264944	4265017	Asn	GTT	0	0	83.3	58.10	25.20	Inf	Asn	93.9	high confidence set
scaffold_2	6	4283089	4283161	Ala	TGC	0	0	70.0	45.30	24.70	Inf	Ala	100.6	high confidence set
scaffold_2	7	4283262	4283334	Ala	TGC	0	0	70.0	45.30	24.70	Inf	Ala	100.6	high confidence set
scaffold_2	8	4283425	4283497	Ala	TGC	0	0	62.1	45.80	16.30	Inf	Ala	90.0	high confidence set
scaffold_2	9	4661607	4661680	Val	AAC	0	0	72.5	48.10	24.40	Inf	Val	100.2	high confidence set
scaffold_2	10	5354847	5354931	Met	CAT	5354885	5354895	64.5	41.30	23.20	Inf	Met	104.0	high confidence set
scaffold_2	11	5565135	5565206	Gln	TTG	0	0	73.5	53.70	19.80	Inf	Gln	104.8	high confidence set
scaffold_2	12	5737627	5737698	Gln	TTG	0	0	73.5	53.70	19.80	Inf	Gln	104.8	high confidence set
scaffold_2	13	5969865	5969936	Trp	CCA	0	0	75.8	51.20	24.60	Inf	Trp	105.6	high confidence set
scaffold_2	14	6171983	6172054	Glu	TTC	0	0	69.9	45.30	24.60	Inf	Glu	99.4	high confidence set
scaffold_2	15	6172204	6172275	Glu	TTC	0	0	69.9	45.30	24.60	Inf	Glu	99.4	high confidence set
scaffold_2	16	6229331	6229414	Leu	CAA	0	0	79.5	54.50	25.00	Inf	Leu	126.8	high confidence set
scaffold_2	17	6235392	6235464	Glu	CTC	0	0	76.3	50.40	25.90	Inf	Glu	91.1	high confidence set
scaffold_2	18	7063323	7063396	Val	AAC	0	0	72.5	48.10	24.40	Inf	Val	100.2	high confidence set
scaffold_2	19	7515966	7516038	Arg	CCG	0	0	69.5	52.30	17.20	Inf	Arg	96.0	high confidence set
scaffold_2	20	7606219	7606291	Lys	CTT	0	0	87.7	67.60	20.10	Inf	Lys	106.7	high confidence set
scaffold_2	21	7606911	7606983	Lys	CTT	0	0	87.7	67.60	20.10	Inf	Lys	106.7	high confidence set
scaffold_2	22	7842427	7842498	Trp	CCA	0	0	75.8	51.20	24.60	Inf	Trp	105.6	high confidence set
scaffold_2	23	8366394	8366475	Ser	TGA	0	0	79.2	43.90	35.30	Inf	Ser	118.5	high confidence set
scaffold_2	24	8690894	8690967	Ile	AAT	0	0	85.5	59.00	26.50	Inf	Ile	109.4	high confidence set
scaffold_2	25	8925087	8925158	Gly	TCC	0	0	74.1	46.70	27.40	Inf	Gly	84.2	high confidence set
scaffold_2	26	8958858	8958931	Val	AAC	0	0	72.5	48.10	24.40	Inf	Val	100.2	high confidence set
scaffold_2	27	9349545	9349616	Trp	CCA	0	0	75.8	51.20	24.60	Inf	Trp	105.6	high confidence set
scaffold_2	28	9579023	9579096	Arg	TCG	0	0	81.9	60.40	21.50	Inf	Arg	92.9	high confidence set
scaffold_2	29	9857514	9857585	Pro	AGG	0	0	67.4	34.70	32.70	Inf	Pro	112.3	high confidence set
scaffold_2	30	9961516	9961597	Ser	AGA	0	0	77.0	42.20	34.80	Inf	Ser	112.5	high confidence set
scaffold_2	31	10468206	10468278	Ala	TGC	0	0	69.1	43.30	25.80	Inf	Ala	101.9	high confidence set
scaffold_2	32	11182529	11182599	Gly	GCC	0	0	66.5	44.80	21.70	Inf	Gly	94.4	high confidence set
scaffold_2	33	11231570	11231640	Gly	GCC	0	0	66.5	44.80	21.70	Inf	Gly	94.4	high confidence set
scaffold_2	34	11235444	11235514	Gly	GCC	0	0	66.5	44.80	21.70	Inf	Gly	94.4	high confidence set
scaffold_2	35	11241424	11241496	Arg	CCT	0	0	74.8	55.90	18.90	Inf	Arg	84.6	high confidence set
scaffold_2	36	11743806	11743879	Asn	GTT	0	0	83.3	58.10	25.20	Inf	Asn	93.9	high confidence set
scaffold_2	37	12450439	12450511	Phe	GAA	0	0	78.3	58.40	19.90	Inf	Phe	113.2	high confidence set
scaffold_2	38	13235539	13235611	Val	TAC	0	0	74.4	44.00	30.40	Inf	Val	103.3	high confidence set
scaffold_2	39	13236376	13236304	Lys	CTT	0	0	87.7	67.60	20.10	Inf	Lys	106.7	high confidence set
scaffold_2	40	13034173	13034102	Gln	CTG	0	0	71.2	46.50	24.70	Inf	Gln	101.3	high confidence set
scaffold_2	41	12973863	12973791	Ala	AGC	0	0	63.4	38.20	25.20	Inf	Ala	98.3	high confidence set
scaffold_2	42	12809956	12809884	Phe	GAA	0	0	78.3	58.40	19.90	Inf	Phe	113.2	high confidence set
scaffold_2	43	12787998	12787927	His	GTG	0	0	63.0	33.70	29.30	Inf	His	86.8	high confidence set
scaffold_2	44	12742451	12742379	Lys	CTT	0	0	87.7	67.60	20.10	Inf	Lys	106.7	high confidence set
scaffold_2	45	12480599	12480528	Asp	GTC	0	0	69.8	46.80	23.00	Inf	Asp	94.5	high confidence set
scaffold_2	46	12467366	12467295	Gln	CTG	0	0	71.5	47.00	24.50	Inf	Gln	100.4	high confidence set
scaffold_2	47	12183115	12183045	Gly	GCC	0	0	66.5	44.80	21.70	Inf	Gly	94.4	high confidence set
scaffold_2	48	12002075	12001991	Met	CAT	12002037	12002027	64.2	40.80	23.40	Inf	Met	104.0	high confidence set
scaffold_2	49	11517462	11517391	Thr	TGT	0	0	83.0	58.30	24.70	Inf	Thr	92.4	high confidence set
scaffold_2	50	11366327	11366254	Ile	AAT	0	0	85.5	59.00	26.50	Inf	Ile	109.4	high confidence set
scaffold_2	51	11318402	11318330	Ala	AGC	0	0	63.4	38.20	25.20	Inf	Ala	98.3	high confidence set
scaffold_2	53	11162796	11162723	Ile	TAT	0	0	85.9	70.60	15.30	Inf	Ile	103.9	high confidence set
scaffold_2	54	10940554	10940483	His	GTG	0	0	63.0	33.70	29.30	Inf	His	86.8	high confidence set
scaffold_2	55	10744332	10744261	Gly	TCC	0	0	74.1	46.70	27.40	Inf	Gly	84.2	high confidence set
scaffold_2	56	10561611	10561539	Arg	CCG	0	0	67.0	47.10	19.90	Inf	Arg	89.0	high confidence set
scaffold_2	57	10437175	10437104	Pro	AGG	0	0	67.4	34.70	32.70	Inf	Pro	112.3	high confidence set
scaffold_2	58	10370855	10370784	Glu	TTC	0	0	70.8	46.30	24.50	Inf	Glu	99.2	high confidence set
scaffold_2	60	9581058	9580974	Met	CAT	9581020	9581010	64.2	40.80	23.40	Inf	Met	104.0	high confidence set
scaffold_2	61	9384927	9384848	Leu	TAG	0	0	69.5	48.50	21.00	Inf	Leu	111.5	high confidence set
scaffold_2	62	8779333	8779261	Arg	ACG	0	0	72.6	49.80	22.80	Inf	Arg	89.8	high confidence set
scaffold_2	63	8480204	8480133	Thr	CGT	0	0	82.3	55.00	27.30	Inf	Thr	83.7	high confidence set
scaffold_2	64	8444986	8444914	Ala	TGC	0	0	60.1	41.90	18.20	Inf	Ala	91.3	high confidence set
scaffold_2	65	7761083	7761002	Ser	AGA	0	0	77.0	42.20	34.80	Inf	Ser	112.5	high confidence set
scaffold_2	66	7665732	7665652	Leu	CAG	0	0	70.7	49.80	20.90	Inf	Leu	111.3	high confidence set
scaffold_2	67	7097758	7097677	Ser	AGA	0	0	77.8	43.40	34.40	Inf	Ser	110.9	high confidence set
scaffold_2	68	7063524	7063453	Asp	GTC	0	0	69.8	46.80	23.00	Inf	Asp	94.5	high confidence set
scaffold_2	69	6822111	6822040	Asp	GTC	0	0	69.8	46.80	23.00	Inf	Asp	94.5	high confidence set
scaffold_2	70	6821959	6821888	Asp	GTC	0	0	69.8	46.80	23.00	Inf	Asp	94.5	high confidence set
scaffold_2	71	6671358	6671278	Leu	CAG	0	0	68.4	45.70	22.70	Inf	Leu	107.6	high confidence set
scaffold_2	72	6260844	6260772	Glu	CTC	0	0	76.3	50.40	25.90	Inf	Glu	91.1	high confidence set
scaffold_2	73	6162663	6162592	Asp	GTC	0	0	69.8	46.80	23.00	Inf	Asp	94.5	high confidence set
scaffold_2	74	6154187	6154115	Lys	CTT	0	0	87.7	67.60	20.10	Inf	Lys	106.7	high confidence set
scaffold_2	75	6110155	6110084	Pro	TGG	0	0	69.2	36.90	32.30	Inf	Pro	112.8	high confidence set
scaffold_2	76	4116363	4116281	Leu	TAA	0	0	72.9	35.60	37.30	Inf	Leu	100.3	high confidence set
scaffold_2	77	3585500	3585429	Gln	TTG	0	0	73.5	53.70	19.80	Inf	Gln	104.8	high confidence set
scaffold_2	78	3113054	3112983	Pro	TGG	0	0	68.5	35.70	32.80	Inf	Pro	111.2	high confidence set
scaffold_2	79	3112630	3112559	Pro	TGG	0	0	68.5	35.70	32.80	Inf	Pro	111.2	high confidence set
scaffold_2	80	3112388	3112317	Pro	TGG	0	0	68.5	35.70	32.80	Inf	Pro	111.2	high confidence set
scaffold_2	81	3112011	3111940	Pro	TGG	0	0	68.5	35.70	32.80	Inf	Pro	111.2	high confidence set
scaffold_2	82	3111147	3111076	Pro	TGG	0	0	68.5	35.70	32.80	Inf	Pro	111.2	high confidence set
scaffold_2	83	3110251	3110180	Pro	TGG	0	0	68.5	35.70	32.80	Inf	Pro	111.2	high confidence set
scaffold_2	84	3109799	3109728	Pro	TGG	0	0	68.5	35.70	32.80	Inf	Pro	111.2	high confidence set
scaffold_2	85	3109337	3109266	Pro	TGG	0	0	62.9	35.60	27.30	Inf	Pro	105.9	high confidence set
scaffold_2	86	3108899	3108828	Pro	TGG	0	0	68.5	35.70	32.80	Inf	Pro	111.2	high confidence set
scaffold_2	87	3104916	3104845	Pro	TGG	0	0	68.5	35.70	32.80	Inf	Pro	111.2	high confidence set
scaffold_2	88	3104598	3104527	Pro	TGG	0	0	68.5	35.70	32.80	Inf	Pro	111.2	high confidence set
scaffold_2	89	3104043	3103972	Pro	TGG	0	0	68.5	35.70	32.80	Inf	Pro	111.2	high confidence set
scaffold_2	90	3103624	3103553	Pro	TGG	0	0	57.4	34.30	23.10	Inf	Pro	96.6	high confidence set
scaffold_2	91	3103350	3103279	Pro	TGG	0	0	68.5	35.70	32.80	Inf	Pro	111.2	high confidence set
scaffold_2	92	3102829	3102758	Pro	TGG	0	0	62.9	35.60	27.30	Inf	Pro	105.9	high confidence set
scaffold_2	94	3101904	3101833	Pro	TGG	0	0	68.5	35.70	32.80	Inf	Pro	111.2	high confidence set
scaffold_2	95	3101390	3101319	Pro	TGG	0	0	68.5	35.70	32.80	Inf	Pro	111.2	high confidence set
scaffold_2	96	3101117	3101046	Pro	TGG	0	0	68.5	35.70	32.80	Inf	Pro	111.2	high confidence set
scaffold_2	97	3097964	3097893	Pro	TGG	0	0	68.5	35.70	32.80	Inf	Pro	111.2	high confidence set
scaffold_2	98	3097677	3097606	Pro	TGG	0	0	61.1	31.00	30.10	Inf	Pro	100.7	high confidence set
scaffold_2	99	3097425	3097354	Pro	TGG	0	0	68.5	35.70	32.80	Inf	Pro	111.2	high confidence set
scaffold_2	100	3097173	3097102	Pro	TGG	0	0	68.5	35.70	32.80	Inf	Pro	111.2	high confidence set
scaffold_2	101	3096921	3096850	Pro	TGG	0	0	68.5	35.70	32.80	Inf	Pro	111.2	high confidence set
scaffold_2	102	3096064	3095993	Pro	TGG	0	0	68.5	35.70	32.80	Inf	Pro	111.2	high confidence set
scaffold_2	103	3095568	3095497	Pro	TGG	0	0	68.5	35.70	32.80	Inf	Pro	111.2	high confidence set
scaffold_2	104	2465253	2465183	Gly	GCC	0	0	66.5	44.80	21.70	Inf	Gly	94.4	high confidence set
scaffold_2	105	2378253	2378181	Glu	CTC	0	0	76.3	50.40	25.90	Inf	Glu	91.1	high confidence set
scaffold_2	106	2202858	2202787	His	GTG	0	0	61.4	34.60	26.80	Inf	His	85.6	high confidence set
scaffold_3	2	3719945	3720016	Cys	GCA	0	0	80.8	53.70	27.10	Inf	Cys	103.2	high confidence set
scaffold_3	3	3720924	3720995	Cys	GCA	0	0	80.8	53.70	27.10	Inf	Cys	103.2	high confidence set
scaffold_3	4	3726205	3726276	His	GTG	0	0	63.0	33.70	29.30	Inf	His	86.8	high confidence set
scaffold_3	5	4375312	4375382	Gly	GCC	0	0	66.5	44.80	21.70	Inf	Gly	94.4	high confidence set
scaffold_3	6	5215390	5215463	Asn	GTT	0	0	83.3	58.10	25.20	Inf	Asn	93.9	high confidence set
scaffold_3	7	5875220	5875291	Asp	GTC	0	0	69.8	46.80	23.00	Inf	Asp	94.5	high confidence set
scaffold_3	8	5953490	5953561	Lys	TTT	0	0	83.0	70.00	13.00	Inf	Lys	83.3	high confidence set
scaffold_3	9	5998213	5998284	Pro	AGG	0	0	67.4	34.70	32.70	Inf	Pro	112.3	high confidence set
scaffold_3	10	5998440	5998511	Pro	TGG	0	0	68.5	35.70	32.80	Inf	Pro	111.2	high confidence set
scaffold_3	11	6000813	6000884	Pro	AGG	0	0	67.4	34.70	32.70	Inf	Pro	112.3	high confidence set
scaffold_3	12	6001333	6001404	Pro	TGG	0	0	68.5	35.70	32.80	Inf	Pro	111.2	high confidence set
scaffold_3	13	6001856	6001927	Pro	TGG	0	0	68.5	35.70	32.80	Inf	Pro	111.2	high confidence set
scaffold_3	14	6002194	6002265	Pro	TGG	0	0	68.5	35.70	32.80	Inf	Pro	111.2	high confidence set
scaffold_3	15	6002896	6002967	Pro	AGG	0	0	67.4	34.70	32.70	Inf	Pro	112.3	high confidence set
scaffold_3	16	6003452	6003523	Pro	TGG	0	0	68.5	35.70	32.80	Inf	Pro	111.2	high confidence set
scaffold_3	17	6004015	6004086	Pro	TGG	0	0	68.5	35.70	32.80	Inf	Pro	111.2	high confidence set
scaffold_3	18	6005319	6005390	Pro	CGG	0	0	69.5	36.80	32.70	Inf	Pro	108.6	high confidence set
scaffold_3	19	6006253	6006324	Pro	AGG	0	0	67.4	34.70	32.70	Inf	Pro	112.3	high confidence set
scaffold_3	20	6006552	6006623	Pro	TGG	0	0	68.5	35.70	32.80	Inf	Pro	111.2	high confidence set
scaffold_3	21	6440856	6440939	Leu	CAA	0	0	76.7	54.50	22.20	Inf	Leu	123.1	high confidence set
scaffold_3	22	6525665	6525749	Met	CAT	6525703	6525713	64.2	40.80	23.40	Inf	Met	104.0	high confidence set
scaffold_3	23	6910889	6910962	Asn	GTT	0	0	83.3	58.10	25.20	Inf	Asn	93.9	high confidence set
scaffold_3	24	6911690	6911769	Leu	TAG	0	0	69.5	48.50	21.00	Inf	Leu	111.5	high confidence set
scaffold_3	25	7104150	7104232	Leu	TAA	0	0	67.5	30.20	37.30	Inf	Leu	94.2	high confidence set
scaffold_3	26	7136597	7136669	Arg	TCT	0	0	69.1	51.80	17.30	Inf	Arg	93.8	high confidence set
scaffold_3	27	7832881	7832952	iMet	CAT	0	0	58.3	28.10	30.20	Inf	iMet	118.7	high confidence set
scaffold_3	28	7857068	7857140	Glu	CTC	0	0	76.3	50.40	25.90	Inf	Glu	91.1	high confidence set
scaffold_3	29	8758489	8758418	Asp	GTC	0	0	69.8	46.80	23.00	Inf	Asp	94.5	high confidence set
scaffold_3	30	8611772	8611701	Cys	GCA	0	0	81.7	56.10	25.60	Inf	Cys	104.3	high confidence set
scaffold_3	32	7278359	7278275	Tyr	GTA	7278322	7278311	74.2	42.50	31.70	Inf	Tyr	108.6	high confidence set
scaffold_3	33	7104567	7104485	Leu	TAA	0	0	72.9	35.60	37.30	Inf	Leu	100.3	high confidence set
scaffold_3	34	6953967	6953884	Tyr	GTA	6953930	6953920	74.3	42.50	31.80	Inf	Tyr	108.6	high confidence set
scaffold_3	35	6432829	6432756	Thr	AGT	0	0	73.6	45.20	28.40	Inf	Thr	88.6	high confidence set
scaffold_3	36	5644296	5644212	Met	CAT	5644258	5644248	64.2	40.80	23.40	Inf	Met	104.0	high confidence set
scaffold_3	37	4642636	4642564	Ala	AGC	0	0	63.4	38.20	25.20	Inf	Ala	98.3	high confidence set
scaffold_3	38	4480529	4480459	Gly	GCC	0	0	58.8	43.00	15.80	Inf	Gly	84.7	high confidence set
scaffold_3	39	4477601	4477531	Gly	GCC	0	0	66.5	44.80	21.70	Inf	Gly	94.4	high confidence set
scaffold_3	41	4476911	4476841	Gly	GCC	0	0	66.5	44.80	21.70	Inf	Gly	94.4	high confidence set
scaffold_3	42	4364015	4363945	Gly	GCC	0	0	66.5	44.80	21.70	Inf	Gly	94.4	high confidence set
scaffold_3	43	4128646	4128574	Val	TAC	0	0	74.4	44.00	30.40	Inf	Val	103.3	high confidence set
scaffold_3	44	3909443	3909372	Gly	TCC	0	0	74.1	46.70	27.40	Inf	Gly	84.2	high confidence set
scaffold_3	45	3689096	3689024	Ala	TGC	0	0	70.0	45.30	24.70	Inf	Ala	100.6	high confidence set
scaffold_3	46	3101852	3101781	Gly	TCC	0	0	74.1	46.70	27.40	Inf	Gly	84.2	high confidence set
scaffold_4	1	244335	244407	Ala	AGC	0	0	63.4	38.20	25.20	Inf	Ala	98.3	high confidence set
scaffold_4	2	524364	524437	Val	AAC	0	0	72.5	48.10	24.40	Inf	Val	100.2	high confidence set
scaffold_4	3	608758	608839	Ser	CGA	0	0	78.9	46.60	32.30	Inf	Ser	122.0	high confidence set
scaffold_4	4	832339	832432	Tyr	GTA	832376	832396	73.9	42.20	31.70	Inf	Tyr	108.6	high confidence set
scaffold_4	5	998140	998222	Leu	TAA	0	0	72.9	35.60	37.30	Inf	Leu	100.3	high confidence set
scaffold_4	6	1012197	1012269	Arg	TCT	0	0	71.0	51.20	19.80	Inf	Arg	99.1	high confidence set
scaffold_4	7	1767088	1767160	Arg	CCT	0	0	74.8	55.90	18.90	Inf	Arg	84.6	high confidence set
scaffold_4	8	1823471	1823542	Asp	GTC	0	0	69.8	46.80	23.00	Inf	Asp	94.5	high confidence set
scaffold_4	9	1839803	1839876	Val	CAC	0	0	81.5	53.50	28.00	Inf	Val	103.7	high confidence set
scaffold_4	10	2473153	2473236	Leu	CAA	0	0	76.7	54.50	22.20	Inf	Leu	123.1	high confidence set
scaffold_4	11	3088468	3088541	Val	AAC	0	0	72.5	48.10	24.40	Inf	Val	100.2	high confidence set
scaffold_4	12	3193512	3193592	Leu	AAG	0	0	71.4	51.10	20.30	Inf	Leu	108.5	high confidence set
scaffold_4	13	3428585	3428657	Arg	CCT	0	0	74.8	55.90	18.90	Inf	Arg	84.6	high confidence set
scaffold_4	14	3734803	3734874	Gly	TCC	0	0	74.1	46.70	27.40	Inf	Gly	84.2	high confidence set
scaffold_4	15	3739389	3739460	Gly	TCC	0	0	74.1	46.70	27.40	Inf	Gly	84.2	high confidence set
scaffold_4	16	4601449	4601520	Lys	TTT	0	0	83.8	71.00	12.80	Inf	Lys	83.9	high confidence set
scaffold_4	17	4659025	4659097	Lys	CTT	0	0	87.7	67.60	20.10	Inf	Lys	106.7	high confidence set
scaffold_4	18	4813579	4813650	Asp	GTC	0	0	69.8	46.80	23.00	Inf	Asp	94.5	high confidence set
scaffold_4	19	5065539	5065612	Val	CAC	0	0	81.5	53.50	28.00	Inf	Val	103.7	high confidence set
scaffold_4	20	5304835	5304908	Ile	AAT	0	0	83.0	54.40	28.60	Inf	Ile	104.3	high confidence set
scaffold_4	21	5304987	5305060	Ile	AAT	0	0	83.0	54.40	28.60	Inf	Ile	104.3	high confidence set
scaffold_4	22	5309360	5309431	Asp	GTC	0	0	69.8	46.80	23.00	Inf	Asp	94.5	high confidence set
scaffold_4	23	5510467	5510548	Ser	AGA	0	0	77.0	42.20	34.80	Inf	Ser	112.5	high confidence set
scaffold_4	24	6193098	6193169	Trp	CCA	0	0	75.8	51.20	24.60	Inf	Trp	105.6	high confidence set
scaffold_4	25	6454272	6454343	Pro	TGG	0	0	69.2	36.90	32.30	Inf	Pro	112.8	high confidence set
scaffold_4	26	6601058	6601128	Gly	GCC	0	0	66.5	44.80	21.70	Inf	Gly	94.4	high confidence set
scaffold_4	27	7591094	7591165	Gln	CTG	0	0	74.7	50.50	24.20	Inf	Gln	100.9	high confidence set
scaffold_4	28	8296495	8296568	Val	AAC	0	0	70.2	48.00	22.20	Inf	Val	97.5	high confidence set
scaffold_4	29	8577950	8578021	Asp	GTC	0	0	69.8	46.80	23.00	Inf	Asp	94.5	high confidence set
scaffold_4	30	8893070	8892989	Ser	CGA	0	0	81.0	46.40	34.60	Inf	Ser	125.2	high confidence set
scaffold_4	31	8815848	8815776	Glu	CTC	0	0	70.6	45.20	25.40	Inf	Glu	84.4	high confidence set
scaffold_4	32	8510385	8510314	Gly	TCC	0	0	74.1	46.70	27.40	Inf	Gly	84.2	high confidence set
scaffold_4	33	8506588	8506517	Gly	TCC	0	0	74.1	46.70	27.40	Inf	Gly	84.2	high confidence set
scaffold_4	34	7417856	7417785	Asp	GTC	0	0	69.8	46.80	23.00	Inf	Asp	94.5	high confidence set
scaffold_4	35	7283810	7283739	Cys	GCA	0	0	80.7	56.90	23.80	Inf	Cys	99.8	high confidence set
scaffold_4	36	7279928	7279857	Cys	GCA	0	0	81.7	56.10	25.60	Inf	Cys	104.3	high confidence set
scaffold_4	37	6180179	6180108	Trp	CCA	0	0	75.8	51.20	24.60	Inf	Trp	105.6	high confidence set
scaffold_4	38	6163908	6163837	Trp	CCA	0	0	75.8	51.20	24.60	Inf	Trp	105.6	high confidence set
scaffold_4	39	5824934	5824863	Glu	TTC	0	0	70.8	46.30	24.50	Inf	Glu	99.2	high confidence set
scaffold_4	40	3782938	3782866	Phe	GAA	0	0	78.3	58.40	19.90	Inf	Phe	113.2	high confidence set
scaffold_4	41	3692512	3692441	Gly	TCC	0	0	74.1	46.70	27.40	Inf	Gly	84.2	high confidence set
scaffold_4	42	3388174	3388093	Ser	GCT	0	0	80.5	45.20	35.30	Inf	Ser	109.5	high confidence set
scaffold_4	43	3304058	3303986	Arg	ACG	0	0	72.5	49.90	22.60	Inf	Arg	93.8	high confidence set
scaffold_4	44	2693727	2693655	Ala	AGC	0	0	63.4	38.20	25.20	Inf	Ala	98.3	high confidence set
scaffold_4	45	2643962	2643890	Ala	CGC	0	0	68.3	44.10	24.20	Inf	Ala	99.2	high confidence set
scaffold_4	46	2487889	2487817	Ala	AGC	0	0	59.6	37.50	22.10	Inf	Ala	96.4	high confidence set
scaffold_4	47	2359981	2359896	Tyr	GTA	2359944	2359932	74.2	42.50	31.70	Inf	Tyr	108.6	high confidence set
scaffold_4	48	2269812	2269742	Gly	GCC	0	0	63.2	44.50	18.70	Inf	Gly	90.3	high confidence set
scaffold_4	49	2104152	2104071	Ser	GCT	0	0	80.5	45.20	35.30	Inf	Ser	109.5	high confidence set
scaffold_4	50	1886995	1886916	Leu	TAG	0	0	69.5	48.50	21.00	Inf	Leu	111.5	high confidence set
scaffold_4	51	1885020	1884949	Pro	CGG	0	0	68.2	35.30	32.90	Inf	Pro	113.0	high confidence set
scaffold_4	52	978382	978302	Leu	AAG	0	0	71.4	51.10	20.30	Inf	Leu	108.5	high confidence set
scaffold_4	53	836809	836737	Phe	GAA	0	0	78.3	58.40	19.90	Inf	Phe	113.2	high confidence set
scaffold_4	54	644182	644101	Ser	TGA	0	0	81.1	46.70	34.40	Inf	Ser	122.5	high confidence set
scaffold_4	55	595048	594975	Arg	TCG	0	0	82.3	61.00	21.30	Inf	Arg	91.9	high confidence set
scaffold_4	57	500513	500441	Lys	CTT	0	0	87.7	67.60	20.10	Inf	Lys	106.7	high confidence set
scaffold_4	58	379785	379715	Gly	GCC	0	0	66.5	44.80	21.70	Inf	Gly	94.4	high confidence set
scaffold_5	1	3059	3131	Ala	TGC	0	0	70.0	45.30	24.70	Inf	Ala	100.6	high confidence set
scaffold_5	2	3392	3464	Ala	TGC	0	0	70.0	45.30	24.70	Inf	Ala	100.6	high confidence set
scaffold_5	3	214446	214518	Phe	GAA	0	0	78.3	58.40	19.90	Inf	Phe	113.2	high confidence set
scaffold_5	4	793235	793307	Lys	CTT	0	0	87.7	67.60	20.10	Inf	Lys	106.7	high confidence set
scaffold_5	5	1099723	1099804	Ser	GCT	0	0	77.0	45.80	31.20	Inf	Ser	107.3	high confidence set
scaffold_5	6	1130363	1130436	Val	AAC	0	0	72.5	48.10	24.40	Inf	Val	100.2	high confidence set
scaffold_5	7	1131815	1131886	Asp	GTC	0	0	69.8	46.80	23.00	Inf	Asp	94.5	high confidence set
scaffold_5	8	2501023	2501095	Lys	CTT	0	0	87.7	67.60	20.10	Inf	Lys	106.7	high confidence set
scaffold_5	10	4085571	4085642	Cys	GCA	0	0	82.1	59.90	22.20	Inf	Cys	106.6	high confidence set
scaffold_5	11	4107512	4107583	Pro	AGG	0	0	67.4	34.70	32.70	Inf	Pro	112.3	high confidence set
scaffold_5	12	4497659	4497730	Asp	GTC	0	0	69.8	46.80	23.00	Inf	Asp	94.5	high confidence set
scaffold_5	13	4541913	4541985	Glu	CTC	0	0	77.0	51.50	25.50	Inf	Glu	91.5	high confidence set
scaffold_5	14	4961764	4961835	Lys	TTT	0	0	83.8	71.00	12.80	Inf	Lys	83.9	high confidence set
scaffold_5	15	5636174	5636259	Tyr	GTA	5636211	5636223	74.2	42.50	31.70	Inf	Tyr	108.6	high confidence set
scaffold_5	16	6336334	6336405	Gly	TCC	0	0	74.1	46.70	27.40	Inf	Gly	84.2	high confidence set
scaffold_5	17	7082413	7082484	Gly	TCC	0	0	71.0	46.70	24.30	Inf	Gly	82.3	high confidence set
scaffold_5	18	6675299	6675226	Val	AAC	0	0	72.5	48.10	24.40	Inf	Val	100.2	high confidence set
scaffold_5	19	6673348	6673275	Val	AAC	0	0	72.5	48.10	24.40	Inf	Val	100.2	high confidence set
scaffold_5	20	6430961	6430890	Gly	TCC	0	0	74.1	46.70	27.40	Inf	Gly	84.2	high confidence set
scaffold_5	21	6349374	6349293	Ser	AGA	0	0	77.8	43.40	34.40	Inf	Ser	110.9	high confidence set
scaffold_5	22	5740329	5740258	Thr	TGT	0	0	84.3	58.00	26.30	Inf	Thr	93.3	high confidence set
scaffold_5	23	5533497	5533426	Gln	TTG	0	0	73.5	53.70	19.80	Inf	Gln	104.8	high confidence set
scaffold_5	24	5078767	5078694	Val	AAC	0	0	72.8	48.40	24.40	Inf	Val	98.5	high confidence set
scaffold_5	25	4870761	4870690	Asp	GTC	0	0	69.8	46.80	23.00	Inf	Asp	94.5	high confidence set
scaffold_5	26	4745306	4745235	Glu	TTC	0	0	64.1	39.50	24.60	Inf	Glu	91.5	high confidence set
scaffold_5	27	4675944	4675872	Val	TAC	0	0	74.4	44.00	30.40	Inf	Val	103.3	high confidence set
scaffold_5	28	4653303	4653230	Asn	GTT	0	0	83.3	58.10	25.20	Inf	Asn	93.9	high confidence set
scaffold_5	29	4497851	4497778	Val	AAC	0	0	72.5	48.10	24.40	Inf	Val	100.2	high confidence set
scaffold_5	30	3967988	3967909	Leu	TAG	0	0	69.5	48.50	21.00	Inf	Leu	111.5	high confidence set
scaffold_5	31	3808405	3808323	Leu	TAA	0	0	67.5	30.20	37.30	Inf	Leu	94.2	high confidence set
scaffold_5	32	3477816	3477745	Lys	TTT	0	0	83.8	71.00	12.80	Inf	Lys	83.9	high confidence set
scaffold_5	33	3418335	3418265	Gly	GCC	0	0	66.5	44.80	21.70	Inf	Gly	94.4	high confidence set
scaffold_5	34	2601762	2601691	iMet	CAT	0	0	58.3	28.10	30.20	Inf	iMet	118.7	high confidence set
scaffold_5	35	1744926	1744845	Ser	GCT	0	0	80.5	45.20	35.30	Inf	Ser	109.5	high confidence set
scaffold_5	36	1679030	1678960	Gly	GCC	0	0	66.5	44.80	21.70	Inf	Gly	94.4	high confidence set
scaffold_5	37	1316801	1316730	Thr	TGT	0	0	83.0	58.30	24.70	Inf	Thr	92.4	high confidence set
scaffold_5	38	1132016	1131943	Val	AAC	0	0	72.5	48.10	24.40	Inf	Val	100.2	high confidence set
scaffold_5	39	1130561	1130490	Asp	GTC	0	0	59.3	40.20	19.10	Inf	Asp	78.6	high confidence set
scaffold_5	41	720341	720261	Leu	AAG	0	0	71.4	51.10	20.30	Inf	Leu	108.5	high confidence set
scaffold_5	42	555343	555271	Glu	CTC	0	0	76.3	50.40	25.90	Inf	Glu	91.1	high confidence set
scaffold_5	43	471329	471259	Gly	GCC	0	0	66.5	44.80	21.70	Inf	Gly	94.4	high confidence set
scaffold_5	44	452561	452489	Ala	CGC	0	0	67.5	42.90	24.60	Inf	Ala	99.2	high confidence set
scaffold_5	45	430671	430600	Gln	CTG	0	0	73.7	48.90	24.80	Inf	Gln	101.0	high confidence set
scaffold_5	46	242397	242325	Ala	TGC	0	0	66.6	41.40	25.20	Inf	Ala	98.8	high confidence set
scaffold_5	47	91314	91244	Gly	CCC	0	0	65.4	28.10	37.30	Inf	Gly	85.4	high confidence set
scaffold_5	48	83036	82966	Gly	CCC	0	0	65.4	28.10	37.30	Inf	Gly	85.4	high confidence set
scaffold_5	49	32722	32650	Arg	ACG	0	0	72.6	49.80	22.80	Inf	Arg	89.8	high confidence set
scaffold_6	1	453586	453659	Ile	AAT	0	0	83.0	54.40	28.60	Inf	Ile	104.3	high confidence set
scaffold_6	2	453747	453820	Ile	AAT	0	0	83.0	54.40	28.60	Inf	Ile	104.3	high confidence set
scaffold_6	3	486927	486998	Pro	TGG	0	0	69.2	36.90	32.30	Inf	Pro	112.8	high confidence set
scaffold_6	4	750586	750669	Leu	CAA	0	0	76.7	54.50	22.20	Inf	Leu	123.1	high confidence set
scaffold_6	5	775585	775666	Ser	TGA	0	0	80.7	46.10	34.60	Inf	Ser	119.7	high confidence set
scaffold_6	6	825217	825289	Lys	CTT	0	0	87.7	67.60	20.10	Inf	Lys	106.7	high confidence set
scaffold_6	7	1449838	1449908	Gly	CCC	0	0	65.4	28.10	37.30	Inf	Gly	85.4	high confidence set
scaffold_6	9	2081541	2081613	Lys	CTT	0	0	87.7	67.60	20.10	Inf	Lys	106.7	high confidence set
scaffold_6	10	2267016	2267101	Tyr	GTA	2267053	2267065	74.2	42.50	31.70	Inf	Tyr	108.6	high confidence set
scaffold_6	11	3118319	3118392	Thr	AGT	0	0	73.6	45.20	28.40	Inf	Thr	88.6	high confidence set
scaffold_6	12	3118486	3118559	Thr	AGT	0	0	69.9	45.40	24.50	Inf	Thr	83.2	high confidence set
scaffold_6	13	3118667	3118740	Thr	AGT	0	0	73.6	45.20	28.40	Inf	Thr	88.6	high confidence set
scaffold_6	14	3618822	3618893	Gly	TCC	0	0	74.1	46.70	27.40	Inf	Gly	84.2	high confidence set
scaffold_6	15	3877151	3877230	Leu	TAG	0	0	69.5	48.50	21.00	Inf	Leu	111.5	high confidence set
scaffold_6	16	4037745	4037816	Cys	GCA	0	0	81.7	56.10	25.60	Inf	Cys	104.3	high confidence set
scaffold_6	17	4150071	4150142	Trp	CCA	0	0	75.8	51.20	24.60	Inf	Trp	105.6	high confidence set
scaffold_6	18	4370403	4370483	Leu	CAG	0	0	72.4	51.00	21.40	Inf	Leu	105.7	high confidence set
scaffold_6	19	5888794	5888867	Thr	AGT	0	0	76.0	48.40	27.60	Inf	Thr	90.6	high confidence set
scaffold_6	20	6677821	6677901	Leu	AAG	0	0	69.9	49.30	20.60	Inf	Leu	105.0	high confidence set
scaffold_6	21	5201086	5201015	Pro	AGG	0	0	67.4	34.70	32.70	Inf	Pro	112.3	high confidence set
scaffold_6	22	5090939	5090867	Lys	CTT	0	0	87.7	67.60	20.10	Inf	Lys	106.7	high confidence set
scaffold_6	23	4936040	4935967	Thr	AGT	0	0	70.2	46.10	24.10	Inf	Thr	83.6	high confidence set
scaffold_6	24	4841728	4841656	Val	TAC	0	0	69.6	42.80	26.80	Inf	Val	99.4	high confidence set
scaffold_6	25	4727125	4727045	Leu	CAG	0	0	72.4	51.00	21.40	Inf	Leu	105.7	high confidence set
scaffold_6	26	3768276	3768204	Glu	CTC	0	0	76.3	50.40	25.90	Inf	Glu	91.1	high confidence set
scaffold_6	27	3645528	3645456	Glu	CTC	0	0	76.3	50.40	25.90	Inf	Glu	91.1	high confidence set
scaffold_6	28	2139533	2139460	Asn	GTT	0	0	83.6	58.80	24.80	Inf	Asn	96.8	high confidence set
scaffold_6	29	2136562	2136489	Asn	GTT	0	0	84.0	60.60	23.40	Inf	Asn	96.9	high confidence set
scaffold_6	30	2054509	2054437	Lys	CTT	0	0	82.3	66.00	16.30	Inf	Lys	100.6	high confidence set
scaffold_6	31	2054206	2054134	Lys	CTT	0	0	87.7	67.60	20.10	Inf	Lys	106.7	high confidence set
scaffold_6	32	1659032	1658949	Leu	CAA	0	0	78.5	55.10	23.40	Inf	Leu	119.0	high confidence set
scaffold_6	33	1524286	1524214	Ala	CGC	0	0	68.3	44.10	24.20	Inf	Ala	99.2	high confidence set
scaffold_6	34	1211920	1211839	Ser	GCT	0	0	80.5	45.20	35.30	Inf	Ser	109.5	high confidence set
scaffold_6	35	326205	326133	Ala	AGC	0	0	53.8	30.60	23.20	Inf	Ala	89.0	high confidence set
scaffold_6	36	195609	195538	iMet	CAT	0	0	58.3	28.10	30.20	Inf	iMet	118.7	high confidence set
scaffold_6	37	64663	64591	Phe	GAA	0	0	78.3	58.40	19.90	Inf	Phe	113.2	high confidence set
scaffold_7	1	43159	43238	Leu	TAG	0	0	69.5	48.50	21.00	Inf	Leu	111.5	high confidence set
scaffold_7	3	2855939	2856010	Asp	GTC	0	0	69.8	46.80	23.00	Inf	Asp	94.5	high confidence set
scaffold_7	4	3557742	3557813	Lys	TTT	0	0	83.8	71.00	12.80	Inf	Lys	83.9	high confidence set
scaffold_7	5	3821076	3821005	Pro	TGG	0	0	64.1	31.60	32.50	Inf	Pro	108.0	high confidence set
scaffold_7	6	2707169	2707085	Tyr	GTA	2707132	2707121	74.2	42.50	31.70	Inf	Tyr	108.6	high confidence set
scaffold_7	7	2608638	2608566	Arg	CCT	0	0	76.1	57.20	18.90	Inf	Arg	83.5	high confidence set
scaffold_7	8	2319732	2319652	Leu	AAG	0	0	71.4	51.10	20.30	Inf	Leu	108.5	high confidence set
scaffold_7	9	2316230	2316150	Leu	AAG	0	0	71.4	51.10	20.30	Inf	Leu	108.5	high confidence set
scaffold_7	10	2034298	2034213	Met	CAT	2034260	2034249	64.5	41.20	23.30	Inf	Met	104.0	high confidence set
scaffold_7	11	770240	770169	Pro	AGG	0	0	67.4	34.70	32.70	Inf	Pro	112.3	high confidence set
scaffold_7	12	769367	769296	Pro	AGG	0	0	67.4	34.70	32.70	Inf	Pro	112.3	high confidence set
scaffold_7	13	420812	420740	Arg	ACG	0	0	71.4	49.50	21.90	Inf	Arg	91.0	high confidence set
scaffold_8	1	3359226	3359298	Lys	CTT	0	0	87.7	67.60	20.10	Inf	Lys	106.7	high confidence set
scaffold_8	2	3978827	3978900	Ile	AAT	0	0	83.2	54.90	28.30	Inf	Ile	107.2	high confidence set
scaffold_8	3	4686428	4686499	Lys	TTT	0	0	83.8	71.00	12.80	Inf	Lys	83.9	high confidence set
scaffold_8	4	4903273	4903192	Ser	GCT	0	0	80.5	45.20	35.30	Inf	Ser	109.5	high confidence set
scaffold_8	5	4460462	4460390	Phe	GAA	0	0	78.3	58.40	19.90	Inf	Phe	113.2	high confidence set
scaffold_8	7	4200740	4200667	Asn	GTT	0	0	81.4	54.70	26.70	Inf	Asn	91.8	high confidence set
scaffold_8	8	4142228	4142157	His	GTG	0	0	63.0	33.70	29.30	Inf	His	86.8	high confidence set
scaffold_8	9	4089082	4089011	Lys	TTT	0	0	83.8	71.00	12.80	Inf	Lys	83.9	high confidence set
scaffold_8	10	3327415	3327344	Lys	TTT	0	0	83.8	71.00	12.80	Inf	Lys	83.9	high confidence set
scaffold_8	11	3255898	3255826	Glu	CTC	0	0	76.3	50.40	25.90	Inf	Glu	91.1	high confidence set
scaffold_8	12	3207526	3207455	Gln	CTG	0	0	71.1	46.00	25.10	Inf	Gln	100.8	high confidence set
scaffold_8	13	3137195	3137110	Tyr	GTA	3137158	3137146	74.2	42.50	31.70	Inf	Tyr	108.6	high confidence set
scaffold_9	1	268216	268288	Val	TAC	0	0	74.4	44.00	30.40	Inf	Val	103.3	high confidence set
scaffold_9	2	330050	330121	Lys	TTT	0	0	83.8	71.00	12.80	Inf	Lys	83.9	high confidence set
scaffold_9	3	440932	441004	Lys	CTT	0	0	87.7	67.60	20.10	Inf	Lys	106.7	high confidence set
scaffold_9	4	1004256	1004337	Ser	CGA	0	0	77.5	44.40	33.10	Inf	Ser	120.8	high confidence set
scaffold_9	5	1154887	1154969	Leu	TAA	0	0	67.5	30.20	37.30	Inf	Leu	94.2	high confidence set
scaffold_9	6	1161169	1161241	Arg	TCT	0	0	69.1	51.80	17.30	Inf	Arg	93.8	high confidence set
scaffold_9	7	1161317	1161389	Arg	TCT	0	0	71.0	51.20	19.80	Inf	Arg	99.1	high confidence set
scaffold_9	8	1608112	1608184	Arg	CCT	0	0	74.8	55.90	18.90	Inf	Arg	84.6	high confidence set
scaffold_9	9	1625998	1626069	Asp	GTC	0	0	69.8	46.80	23.00	Inf	Asp	94.5	high confidence set
scaffold_9	10	1633240	1633313	Val	CAC	0	0	81.5	53.50	28.00	Inf	Val	103.7	high confidence set
scaffold_9	11	2337328	2337408	Leu	AAG	0	0	71.4	51.10	20.30	Inf	Leu	108.5	high confidence set
scaffold_9	12	2391644	2391715	Asp	GTC	0	0	69.8	46.80	23.00	Inf	Asp	94.5	high confidence set
scaffold_9	13	2392355	2392429	Asp	GTC	0	0	58.1	39.80	18.30	Inf	Asp	84.7	high confidence set
scaffold_9	14	3308151	3308222	Lys	TTT	0	0	83.8	71.00	12.80	Inf	Lys	83.9	high confidence set
scaffold_9	15	3420522	3420594	Phe	GAA	0	0	73.9	56.80	17.10	Inf	Phe	105.8	high confidence set
scaffold_9	16	3803162	3803234	Lys	CTT	0	0	87.7	67.60	20.10	Inf	Lys	106.7	high confidence set
scaffold_9	17	4723794	4723878	Tyr	GTA	4723831	4723842	74.2	42.50	31.70	Inf	Tyr	108.6	high confidence set
scaffold_9	18	4849823	4849895	Arg	CCT	0	0	74.8	55.90	18.90	Inf	Arg	84.6	high confidence set
scaffold_9	19	4667128	4667055	Thr	AGT	0	0	76.0	48.40	27.60	Inf	Thr	90.6	high confidence set
scaffold_9	21	3200270	3200197	Ile	TAT	0	0	85.9	70.60	15.30	Inf	Ile	103.9	high confidence set
scaffold_9	22	2611793	2611722	Trp	CCA	0	0	75.8	51.20	24.60	Inf	Trp	105.6	high confidence set
scaffold_9	23	2072775	2072703	Arg	CCG	0	0	83.1	61.00	22.10	Inf	Arg	85.6	high confidence set
scaffold_9	24	1848755	1848683	Arg	CCT	0	0	74.8	55.90	18.90	Inf	Arg	84.6	high confidence set
scaffold_9	25	1698421	1698350	Pro	CGG	0	0	68.2	35.30	32.90	Inf	Pro	113.0	high confidence set
scaffold_9	26	1295110	1295021	Tyr	GTA	1295073	1295057	74.0	42.30	31.70	Inf	Tyr	108.6	high confidence set
scaffold_9	27	1098625	1098553	Phe	GAA	0	0	78.3	58.40	19.90	Inf	Phe	113.2	high confidence set
scaffold_9	28	1005705	1005624	Ser	TGA	0	0	80.7	46.10	34.60	Inf	Ser	119.7	high confidence set
scaffold_9	29	974706	974633	Arg	TCG	0	0	82.3	61.00	21.30	Inf	Arg	91.9	high confidence set
scaffold_9	30	855085	855013	Glu	CTC	0	0	70.7	50.30	20.40	Inf	Glu	85.5	high confidence set
scaffold_9	31	299108	299027	Ser	TGA	0	0	79.2	43.90	35.30	Inf	Ser	118.5	high confidence set
scaffold_9	32	276947	276859	Met	CAT	276909	276895	64.1	40.60	23.50	Inf	Met	104.0	high confidence set
scaffold_9	33	149557	149486	His	GTG	0	0	63.0	33.70	29.30	Inf	His	86.8	high confidence set
scaffold_10	1	1508545	1508616	Gln	TTG	0	0	73.5	53.70	19.80	Inf	Gln	104.8	high confidence set
scaffold_10	2	1634401	1634482	Ser	AGA	0	0	77.0	42.20	34.80	Inf	Ser	112.5	high confidence set
scaffold_10	3	2433610	2433681	Lys	TTT	0	0	83.8	71.00	12.80	Inf	Lys	83.9	high confidence set
scaffold_10	4	3046693	3046772	Leu	TAG	0	0	69.5	48.50	21.00	Inf	Leu	111.5	high confidence set
scaffold_10	5	3218438	3218510	Phe	GAA	0	0	78.3	58.40	19.90	Inf	Phe	113.2	high confidence set
scaffold_10	6	3224463	3224535	Phe	GAA	0	0	78.3	58.40	19.90	Inf	Phe	113.2	high confidence set
scaffold_10	7	4063256	4063329	Ile	AAT	0	0	85.5	59.00	26.50	Inf	Ile	109.4	high confidence set
scaffold_10	8	4180064	4180145	Ser	CGA	0	0	83.5	48.90	34.60	Inf	Ser	128.4	high confidence set
scaffold_10	9	4193411	4193482	Pro	TGG	0	0	69.2	36.90	32.30	Inf	Pro	112.8	high confidence set
scaffold_10	10	4792181	4792252	iMet	CAT	0	0	58.3	28.10	30.20	Inf	iMet	118.7	high confidence set
scaffold_10	11	4322131	4322058	Val	CAC	0	0	81.5	53.50	28.00	Inf	Val	103.7	high confidence set
scaffold_10	12	3522800	3522728	Phe	GAA	0	0	78.3	58.40	19.90	Inf	Phe	113.2	high confidence set
scaffold_10	13	3515793	3515721	Phe	GAA	0	0	78.3	58.40	19.90	Inf	Phe	113.2	high confidence set
scaffold_10	14	3442058	3441987	iMet	CAT	0	0	56.4	24.80	31.60	Inf	iMet	116.1	high confidence set
scaffold_10	15	3080220	3080148	Phe	GAA	0	0	78.3	58.40	19.90	Inf	Phe	113.2	high confidence set
scaffold_10	16	2828311	2828241	Gly	CCC	0	0	65.4	28.10	37.30	Inf	Gly	85.4	high confidence set
scaffold_10	17	2316351	2316268	Leu	CAA	0	0	78.5	55.10	23.40	Inf	Leu	119.0	high confidence set
scaffold_10	18	2231557	2231476	Ser	TGA	0	0	81.1	46.70	34.40	Inf	Ser	122.5	high confidence set
scaffold_11	1	47285	47357	Lys	CTT	0	0	87.7	67.60	20.10	Inf	Lys	106.7	high confidence set
scaffold_11	2	425138	425209	Gln	CTG	0	0	71.2	46.50	24.70	Inf	Gln	101.3	high confidence set
scaffold_11	3	803276	803347	His	GTG	0	0	63.0	33.70	29.30	Inf	His	87.1	high confidence set
scaffold_11	4	1326938	1327009	Pro	AGG	0	0	67.4	34.70	32.70	Inf	Pro	112.3	high confidence set
scaffold_11	5	1372948	1373019	Thr	TGT	0	0	83.0	58.30	24.70	Inf	Thr	92.4	high confidence set
scaffold_11	6	1415527	1415598	Gln	CTG	0	0	74.6	50.10	24.50	Inf	Gln	102.4	high confidence set
scaffold_11	7	1416494	1416565	Gln	CTG	0	0	74.6	50.10	24.50	Inf	Gln	102.4	high confidence set
scaffold_11	8	2249028	2249101	Asn	GTT	0	0	82.0	58.30	23.70	Inf	Asn	90.3	high confidence set
scaffold_11	9	2723664	2723736	Ala	AGC	0	0	63.4	38.20	25.20	Inf	Ala	98.3	high confidence set
scaffold_11	10	2808781	2808864	Leu	CAA	0	0	82.0	55.00	27.00	Inf	Leu	127.3	high confidence set
scaffold_11	12	3040364	3040294	Gly	CCC	0	0	60.8	23.40	37.40	Inf	Gly	80.0	high confidence set
scaffold_11	13	2994850	2994779	Cys	GCA	0	0	81.7	59.20	22.50	Inf	Cys	104.2	high confidence set
scaffold_11	14	2838160	2838074	Tyr	GTA	2838123	2838110	74.2	42.50	31.70	Inf	Tyr	108.6	high confidence set
scaffold_11	15	2837705	2837622	Tyr	GTA	2837668	2837658	73.2	43.40	29.80	Inf	Tyr	101.5	high confidence set
scaffold_11	16	2833452	2833369	Tyr	GTA	2833415	2833405	74.3	42.50	31.80	Inf	Tyr	108.6	high confidence set
scaffold_11	17	2706522	2706451	Thr	TGT	0	0	83.0	58.30	24.70	Inf	Thr	92.4	high confidence set
scaffold_11	18	2463307	2463234	Val	AAC	0	0	72.5	48.10	24.40	Inf	Val	100.2	high confidence set
scaffold_11	19	2387951	2387879	Lys	CTT	0	0	87.7	67.60	20.10	Inf	Lys	106.7	high confidence set
scaffold_11	20	1441089	1441017	Phe	GAA	0	0	71.5	51.50	20.00	Inf	Phe	107.2	high confidence set
scaffold_11	21	728409	728337	Phe	GAA	0	0	78.3	58.40	19.90	Inf	Phe	113.2	high confidence set
scaffold_11	22	725341	725269	Phe	GAA	0	0	78.3	58.40	19.90	Inf	Phe	113.2	high confidence set
scaffold_12	1	168482	168553	Pro	CGG	0	0	68.2	35.30	32.90	Inf	Pro	113.0	high confidence set
scaffold_12	2	330826	330897	His	GTG	0	0	63.0	33.70	29.30	Inf	His	87.1	high confidence set
scaffold_12	3	424431	424504	Val	CAC	0	0	81.5	53.50	28.00	Inf	Val	103.7	high confidence set
scaffold_12	4	528446	528519	Ile	AAT	0	0	83.0	54.40	28.60	Inf	Ile	104.3	high confidence set
scaffold_12	5	531054	531127	Ile	AAT	0	0	83.0	54.40	28.60	Inf	Ile	104.3	high confidence set
scaffold_12	6	655226	655298	Ala	CGC	0	0	68.3	44.10	24.20	Inf	Ala	99.2	high confidence set
scaffold_12	7	1574915	1574987	Arg	ACG	0	0	72.5	49.90	22.60	Inf	Arg	93.8	high confidence set
scaffold_12	8	2179497	2179569	Arg	TCT	0	0	71.3	51.40	19.90	Inf	Arg	88.7	high confidence set
scaffold_12	9	2962562	2962633	Glu	TTC	0	0	70.8	46.30	24.50	Inf	Glu	99.2	high confidence set
scaffold_12	12	2978881	2978801	Leu	AAG	0	0	71.4	51.10	20.30	Inf	Leu	108.5	high confidence set
scaffold_12	13	1179807	1179736	iMet	CAT	0	0	50.0	19.90	30.10	Inf	iMet	106.8	high confidence set
scaffold_12	14	1178199	1178128	iMet	CAT	0	0	58.3	28.10	30.20	Inf	iMet	118.7	high confidence set
scaffold_12	15	973929	973848	Ser	GCT	0	0	79.9	45.00	34.90	Inf	Ser	109.4	high confidence set
scaffold_12	16	970998	970917	Ser	GCT	0	0	80.5	45.20	35.30	Inf	Ser	109.5	high confidence set
scaffold_12	17	903273	903202	iMet	CAT	0	0	58.3	28.10	30.20	Inf	iMet	118.7	high confidence set
scaffold_12	19	526753	526669	Met	CAT	526715	526705	64.2	40.80	23.40	Inf	Met	104.0	high confidence set
scaffold_12	20	524880	524796	Met	CAT	524842	524832	64.2	40.80	23.40	Inf	Met	104.0	high confidence set
scaffold_12	21	520187	520114	Ile	AAT	0	0	83.0	54.40	28.60	Inf	Ile	104.3	high confidence set
scaffold_12	22	490674	490602	Arg	ACG	0	0	72.9	50.30	22.60	Inf	Arg	88.9	high confidence set
scaffold_12	23	474303	474228	Ile	AAT	0	0	74.4	49.70	24.70	Inf	Ile	86.8	high confidence set
scaffold_12	24	304661	304590	Gln	CTG	0	0	71.6	46.60	25.00	Inf	Gln	98.9	high confidence set
scaffold_12	25	297435	297355	Leu	AAG	0	0	71.4	51.10	20.30	Inf	Leu	108.5	high confidence set
scaffold_12	26	264304	264221	Tyr	GTA	264267	264257	65.0	39.80	25.20	Inf	Tyr	95.0	high confidence set
scaffold_13	1	247361	247442	Ser	AGA	0	0	77.0	42.20	34.80	Inf	Ser	112.5	high confidence set
scaffold_13	2	248545	248626	Ser	AGA	0	0	74.8	40.10	34.70	Inf	Ser	110.8	high confidence set
scaffold_13	3	1034885	1034969	Met	CAT	1034923	1034933	63.3	40.80	22.50	Inf	Met	98.6	high confidence set
scaffold_13	4	1392107	1392178	Gln	TTG	0	0	73.5	53.70	19.80	Inf	Gln	104.8	high confidence set
scaffold_13	5	1592417	1592488	Gln	TTG	0	0	73.5	53.70	19.80	Inf	Gln	104.8	high confidence set
scaffold_13	6	1939005	1939086	Ser	TGA	0	0	79.2	43.90	35.30	Inf	Ser	118.5	high confidence set
scaffold_13	7	2062667	2062738	Glu	TTC	0	0	70.8	46.30	24.50	Inf	Glu	99.2	high confidence set
scaffold_13	8	2242513	2242585	Glu	CTC	0	0	76.3	50.40	25.90	Inf	Glu	91.1	high confidence set
scaffold_13	9	2656597	2656677	Leu	AAG	0	0	71.4	51.10	20.30	Inf	Leu	108.5	high confidence set
scaffold_13	10	3891914	3891984	Gly	GCC	0	0	65.3	43.50	21.80	Inf	Gly	88.9	high confidence set
scaffold_13	11	4508620	4508691	Pro	AGG	0	0	68.2	35.90	32.30	Inf	Pro	113.9	high confidence set
scaffold_13	12	3788433	3788361	Lys	CTT	0	0	87.7	67.60	20.10	Inf	Lys	106.7	high confidence set
scaffold_13	13	3313049	3312968	Ser	AGA	0	0	77.0	42.20	34.80	Inf	Ser	112.5	high confidence set
scaffold_13	14	2900397	2900326	Asp	GTC	0	0	69.8	46.80	23.00	Inf	Asp	94.5	high confidence set
scaffold_13	15	2900251	2900180	Asp	GTC	0	0	69.8	46.80	23.00	Inf	Asp	94.5	high confidence set
scaffold_13	16	2649142	2649062	Leu	CAG	0	0	68.4	45.70	22.70	Inf	Leu	107.6	high confidence set
scaffold_13	17	2475968	2475897	Asp	GTC	0	0	69.8	46.80	23.00	Inf	Asp	94.5	high confidence set
scaffold_13	18	2190143	2190071	Glu	CTC	0	0	76.3	50.40	25.90	Inf	Glu	95.5	high confidence set
scaffold_13	19	2155379	2155308	Thr	CGT	0	0	82.3	55.00	27.30	Inf	Thr	83.7	high confidence set
scaffold_13	20	2055019	2054948	Asp	GTC	0	0	69.8	46.80	23.00	Inf	Asp	94.5	high confidence set
scaffold_13	21	1998737	1998666	Pro	TGG	0	0	68.5	35.70	32.80	Inf	Pro	111.2	high confidence set
scaffold_13	22	685681	685609	Arg	CCG	0	0	69.5	52.30	17.20	Inf	Arg	96.0	high confidence set
scaffold_13	23	650124	650053	Lys	TTT	0	0	83.8	71.00	12.80	Inf	Lys	83.9	high confidence set
scaffold_13	24	258400	258329	Cys	GCA	0	0	81.7	56.10	25.60	Inf	Cys	104.3	high confidence set
scaffold_13	25	182199	182128	Trp	CCA	0	0	75.8	51.20	24.60	Inf	Trp	105.6	high confidence set
scaffold_13	26	86199	86126	Arg	TCG	0	0	82.3	61.00	21.30	Inf	Arg	91.9	high confidence set
scaffold_14	2	1564526	1564596	Gly	GCC	0	0	66.5	44.80	21.70	Inf	Gly	94.4	high confidence set
scaffold_14	4	1569639	1569709	Gly	GCC	0	0	66.5	44.80	21.70	Inf	Gly	94.4	high confidence set
scaffold_14	5	1777191	1777261	Gly	GCC	0	0	69.1	46.10	23.00	Inf	Gly	95.6	high confidence set
scaffold_14	6	2283407	2283488	Ser	TGA	0	0	79.2	43.90	35.30	Inf	Ser	118.5	high confidence set
scaffold_14	7	2284341	2284422	Ser	TGA	0	0	79.2	43.90	35.30	Inf	Ser	118.5	high confidence set
scaffold_14	9	3426980	3427063	Leu	CAA	0	0	79.5	54.50	25.00	Inf	Leu	126.8	high confidence set
scaffold_14	10	3561469	3561541	Ala	CGC	0	0	68.3	44.10	24.20	Inf	Ala	99.2	high confidence set
scaffold_14	11	3256975	3256904	Thr	TGT	0	0	84.3	58.00	26.30	Inf	Thr	93.3	high confidence set
scaffold_14	12	2408543	2408472	Trp	CCA	0	0	75.8	51.20	24.60	Inf	Trp	105.6	high confidence set
scaffold_14	13	1980377	1980304	Arg	TCG	0	0	81.9	60.40	21.50	Inf	Arg	92.9	high confidence set
scaffold_14	14	1846585	1846515	Gly	GCC	0	0	66.5	44.80	21.70	Inf	Gly	94.4	high confidence set
scaffold_14	15	1629329	1629259	Gly	GCC	0	0	66.5	44.80	21.70	Inf	Gly	94.4	high confidence set
scaffold_14	16	1627965	1627895	Gly	GCC	0	0	66.5	44.80	21.70	Inf	Gly	94.4	high confidence set
scaffold_14	18	1411680	1411609	Pro	AGG	0	0	67.4	34.70	32.70	Inf	Pro	112.3	high confidence set
scaffold_14	19	1239815	1239734	Ser	AGA	0	0	77.0	42.20	34.80	Inf	Ser	112.5	high confidence set
scaffold_14	20	563802	563718	Tyr	GTA	563765	563754	69.1	38.90	30.20	Inf	Tyr	105.3	high confidence set
scaffold_14	21	563063	562979	Tyr	GTA	563026	563015	72.2	39.00	33.20	Inf	Tyr	110.0	high confidence set
scaffold_14	22	562299	562218	Ser	AGA	0	0	77.0	42.20	34.80	Inf	Ser	112.5	high confidence set
scaffold_14	23	561986	561902	Tyr	GTA	561949	561938	58.0	40.80	17.20	Inf	Tyr	89.0	high confidence set
scaffold_14	24	561245	561161	Tyr	GTA	561208	561197	66.5	38.80	27.70	Inf	Tyr	102.8	high confidence set
scaffold_14	25	560477	560396	Ser	AGA	0	0	77.0	42.20	34.80	Inf	Ser	112.5	high confidence set
scaffold_14	26	560164	560080	Tyr	GTA	560127	560116	72.2	39.00	33.20	Inf	Tyr	110.0	high confidence set
scaffold_14	27	559425	559339	Tyr	GTA	559387	559376	64.9	38.30	26.60	Inf	Tyr	101.3	high confidence set
scaffold_14	28	558663	558582	Ser	AGA	0	0	77.0	42.20	34.80	Inf	Ser	112.5	high confidence set
scaffold_14	29	558350	558266	Tyr	GTA	558313	558302	72.2	39.00	33.20	Inf	Tyr	110.0	high confidence set
scaffold_14	30	557541	557457	Tyr	GTA	557504	557493	72.2	39.00	33.20	Inf	Tyr	110.0	high confidence set
scaffold_14	31	556775	556694	Ser	AGA	0	0	77.0	42.20	34.80	Inf	Ser	112.5	high confidence set
scaffold_14	32	556461	556377	Tyr	GTA	556424	556413	62.8	31.70	31.10	Inf	Tyr	101.7	high confidence set
scaffold_14	33	555721	555637	Tyr	GTA	555684	555673	72.2	39.00	33.20	Inf	Tyr	110.0	high confidence set
scaffold_14	34	554958	554877	Ser	AGA	0	0	70.6	44.10	26.50	Inf	Ser	99.6	high confidence set
scaffold_14	35	554646	554562	Tyr	GTA	554609	554598	69.1	38.90	30.20	Inf	Tyr	105.3	high confidence set
scaffold_14	36	553906	553822	Tyr	GTA	553869	553858	72.2	39.00	33.20	Inf	Tyr	110.0	high confidence set
scaffold_14	37	553140	553059	Ser	AGA	0	0	77.0	42.20	34.80	Inf	Ser	112.5	high confidence set
scaffold_14	38	552827	552743	Tyr	GTA	552790	552779	69.1	38.90	30.20	Inf	Tyr	105.3	high confidence set
scaffold_14	39	552087	552003	Tyr	GTA	552050	552039	63.8	30.50	33.30	Inf	Tyr	104.1	high confidence set
scaffold_14	40	551319	551238	Ser	AGA	0	0	74.5	39.80	34.70	Inf	Ser	107.1	high confidence set
scaffold_14	41	551014	550930	Tyr	ATA	550977	550966	72.2	38.90	33.30	Inf	Tyr	110.0	unexpected anticodon
scaffold_14	42	550273	550189	Tyr	GTA	550236	550225	52.5	26.30	26.20	Inf	Tyr	77.1	high confidence set
scaffold_14	44	543020	542947	Ile	TAT	0	0	85.9	70.60	15.30	Inf	Ile	103.9	high confidence set
scaffold_15	1	362173	362245	Arg	TCT	0	0	60.9	43.10	17.80	Inf	Arg	81.3	high confidence set
scaffold_15	2	605722	605803	Ser	CGA	0	0	77.5	44.40	33.10	Inf	Ser	120.8	high confidence set
scaffold_15	3	1146322	1146394	Arg	TCT	0	0	70.9	52.60	18.30	Inf	Arg	92.3	high confidence set
scaffold_15	4	1444699	1444771	Glu	CTC	0	0	76.3	50.40	25.90	Inf	Glu	91.1	high confidence set
scaffold_15	5	1553901	1553974	Thr	AGT	0	0	70.2	46.10	24.10	Inf	Thr	83.6	high confidence set
scaffold_15	6	2085872	2085944	Glu	CTC	0	0	76.3	50.40	25.90	Inf	Glu	91.1	high confidence set
scaffold_15	7	2109720	2109791	Pro	CGG	0	0	68.2	35.30	32.90	Inf	Pro	113.0	high confidence set
scaffold_15	8	2414263	2414334	Glu	TTC	0	0	70.8	46.30	24.50	Inf	Glu	99.2	high confidence set
scaffold_15	9	2439555	2439628	Asn	GTT	0	0	83.7	58.60	25.10	Inf	Asn	90.4	high confidence set
scaffold_15	10	3048784	3048856	Arg	ACG	0	0	72.6	49.80	22.80	Inf	Arg	89.8	high confidence set
scaffold_15	11	3314910	3314993	Tyr	GTA	3314947	3314957	74.3	42.60	31.70	Inf	Tyr	108.6	high confidence set
scaffold_15	12	3278076	3278005	His	GTG	0	0	63.0	33.70	29.30	Inf	His	86.8	high confidence set
scaffold_15	13	3166720	3166649	Trp	CCA	0	0	75.8	51.20	24.60	Inf	Trp	105.6	high confidence set
scaffold_15	14	3148298	3148225	Val	CAC	0	0	81.5	53.50	28.00	Inf	Val	103.7	high confidence set
scaffold_15	15	3005431	3005358	Ile	AAT	0	0	85.5	59.00	26.50	Inf	Ile	109.4	high confidence set
scaffold_15	16	2261972	2261899	Ile	TAT	0	0	85.9	70.60	15.30	Inf	Ile	103.9	high confidence set
scaffold_15	17	1334036	1333964	Arg	CCT	0	0	66.6	45.40	21.20	Inf	Arg	78.6	high confidence set
scaffold_15	18	249380	249307	Thr	AGT	0	0	73.6	45.20	28.40	Inf	Thr	88.6	high confidence set
scaffold_15	19	143346	143262	Met	CAT	143308	143298	64.2	40.80	23.40	Inf	Met	104.0	high confidence set
scaffold_16	1	344	415	Pro	AGG	0	0	68.2	35.90	32.30	Inf	Pro	113.9	high confidence set
scaffold_16	3	2247055	2247136	Ser	AGA	0	0	74.4	39.00	35.40	Inf	Ser	106.4	high confidence set
scaffold_16	4	651964	651893	Pro	AGG	0	0	67.4	34.70	32.70	Inf	Pro	112.3	high confidence set
scaffold_16	5	576350	576277	Ile	AAT	0	0	85.5	59.00	26.50	Inf	Ile	109.4	high confidence set
scaffold_16	6	528669	528597	Phe	GAA	0	0	78.3	58.40	19.90	Inf	Phe	113.2	high confidence set
scaffold_16	7	520095	520024	iMet	CAT	0	0	58.3	28.10	30.20	Inf	iMet	118.7	high confidence set
scaffold_16	8	470996	470923	Ile	AAT	0	0	83.0	54.40	28.60	Inf	Ile	104.3	high confidence set
scaffold_16	9	400345	400272	Asn	GTT	0	0	83.3	58.10	25.20	Inf	Asn	93.9	high confidence set
scaffold_17	1	522309	522379	Gly	GCC	0	0	66.5	44.80	21.70	Inf	Gly	94.4	high confidence set
scaffold_17	2	760206	760278	Arg	ACG	0	0	72.9	50.30	22.60	Inf	Arg	88.9	high confidence set
scaffold_17	3	1553598	1553670	Arg	TCT	0	0	71.0	51.20	19.80	Inf	Arg	99.1	high confidence set
scaffold_17	4	1992273	1992345	Glu	CTC	0	0	76.3	50.40	25.90	Inf	Glu	91.1	high confidence set
scaffold_17	5	2123350	2123422	Ala	CGC	0	0	68.3	44.10	24.20	Inf	Ala	99.2	high confidence set
scaffold_17	6	2391063	2391135	Ala	TGC	0	0	70.0	45.30	24.70	Inf	Ala	100.6	high confidence set
scaffold_17	7	2626922	2626852	Gly	CCC	0	0	65.4	28.10	37.30	Inf	Gly	85.4	high confidence set
scaffold_17	8	2390124	2390052	Phe	GAA	0	0	78.3	58.40	19.90	Inf	Phe	113.2	high confidence set
scaffold_17	9	1250639	1250558	Ser	GCT	0	0	80.5	45.20	35.30	Inf	Ser	109.5	high confidence set
scaffold_17	10	914550	914479	Thr	TGT	0	0	83.0	58.30	24.70	Inf	Thr	92.4	high confidence set
scaffold_17	11	424966	424885	Ser	GCT	0	0	80.5	45.20	35.30	Inf	Ser	109.5	high confidence set
scaffold_18	1	209811	209890	Leu	TAG	0	0	69.5	48.50	21.00	Inf	Leu	111.5	high confidence set
scaffold_18	2	219955	220034	Leu	TAG	0	0	69.5	48.50	21.00	Inf	Leu	111.5	high confidence set
scaffold_18	3	577323	577394	Asp	GTC	0	0	69.8	46.80	23.00	Inf	Asp	94.5	high confidence set
scaffold_18	4	1009211	1009284	Asn	GTT	0	0	84.4	60.80	23.60	Inf	Asn	93.7	high confidence set
scaffold_18	5	1013572	1013645	Asn	GTT	0	0	85.4	62.40	23.00	Inf	Ile	96.6	IPD:-1.80,isotype mismatch
scaffold_18	7	1396286	1396359	Ile	TAT	0	0	85.9	70.60	15.30	Inf	Ile	103.9	high confidence set
scaffold_18	8	2108213	2108294	Ser	TGA	0	0	80.7	46.10	34.60	Inf	Ser	119.7	high confidence set
scaffold_18	9	1478554	1478483	Cys	GCA	0	0	80.5	53.40	27.10	Inf	Cys	101.8	high confidence set
scaffold_18	10	1478364	1478293	Cys	GCA	0	0	80.2	52.90	27.30	Inf	Cys	101.1	high confidence set
scaffold_18	11	1239801	1239716	Tyr	GTA	1239764	1239752	74.2	42.50	31.70	Inf	Tyr	108.6	high confidence set
scaffold_18	12	1080264	1080191	Arg	TCG	0	0	81.9	60.40	21.50	Inf	Arg	92.9	high confidence set
scaffold_19	1	182559	182630	iMet	CAT	0	0	59.0	29.50	29.50	Inf	iMet	122.5	high confidence set
scaffold_19	2	366280	366351	Cys	GCA	0	0	81.7	59.20	22.50	Inf	Cys	104.2	high confidence set
scaffold_19	3	622967	623038	Asp	GTC	0	0	60.8	47.00	13.80	Inf	Asp	80.4	high confidence set
scaffold_19	4	1166116	1166187	Pro	AGG	0	0	67.4	34.70	32.70	Inf	Pro	112.3	high confidence set
scaffold_19	5	1814506	1814579	Asn	GTT	0	0	83.6	58.50	25.10	Inf	Asn	91.8	high confidence set
scaffold_19	6	1669119	1669046	Val	CAC	0	0	81.5	53.50	28.00	Inf	Val	103.7	high confidence set
scaffold_19	7	1666342	1666269	Val	CAC	0	0	81.5	53.50	28.00	Inf	Val	103.7	high confidence set
scaffold_19	8	1662234	1662161	Val	CAC	0	0	81.5	53.50	28.00	Inf	Val	103.7	high confidence set
scaffold_19	9	1390957	1390884	Ile	AAT	0	0	83.0	54.40	28.60	Inf	Ile	104.3	high confidence set
scaffold_19	10	1002128	1002056	Ala	AGC	0	0	63.4	38.20	25.20	Inf	Ala	98.3	high confidence set
scaffold_19	11	471532	471452	Leu	AAG	0	0	71.4	51.10	20.30	Inf	Leu	108.5	high confidence set
scaffold_19	12	208046	207963	Leu	CAA	0	0	80.2	53.70	26.50	Inf	Leu	122.5	high confidence set
scaffold_20	1	510009	510082	Ile	AAT	0	0	85.5	59.00	26.50	Inf	Ile	109.4	high confidence set
scaffold_20	2	516833	516904	Asp	GTC	0	0	69.8	46.80	23.00	Inf	Asp	94.5	high confidence set
scaffold_20	3	620750	620831	Ser	AGA	0	0	76.3	41.60	34.70	Inf	Ser	112.1	high confidence set
scaffold_20	4	620904	620985	Ser	AGA	0	0	76.3	41.60	34.70	Inf	Ser	112.1	high confidence set
scaffold_20	5	1061538	1061609	Trp	CCA	0	0	75.8	51.20	24.60	Inf	Trp	105.6	high confidence set
scaffold_20	6	1066931	1067002	Trp	CCA	0	0	75.8	51.20	24.60	Inf	Trp	105.6	high confidence set
scaffold_20	7	1321597	1321669	Arg	CCG	0	0	66.7	50.30	16.40	Inf	Arg	89.5	high confidence set
scaffold_20	8	1851459	1851532	Ile	TAT	0	0	85.9	70.60	15.30	Inf	Ile	103.9	high confidence set
scaffold_20	9	2058352	2058281	Pro	TGG	0	0	68.5	35.70	32.80	Inf	Pro	111.2	high confidence set
scaffold_20	10	1980550	1980480	Gly	GCC	0	0	66.5	44.80	21.70	Inf	Gly	94.4	high confidence set
scaffold_20	11	1814489	1814418	Pro	CGG	0	0	69.2	36.90	32.30	Inf	Pro	112.8	high confidence set
scaffold_20	12	1705765	1705694	Glu	TTC	0	0	70.8	46.30	24.50	Inf	Glu	99.2	high confidence set
scaffold_20	13	106922	106851	Pro	AGG	0	0	67.4	34.70	32.70	Inf	Pro	112.3	high confidence set
scaffold_22	1	1465704	1465776	Ala	CGC	0	0	68.3	44.10	24.20	Inf	Ala	99.2	high confidence set
scaffold_22	2	1468110	1468181	Gln	CTG	0	0	66.6	49.20	17.40	Inf	Gln	95.3	high confidence set
scaffold_22	3	1316117	1316047	Gly	GCC	0	0	63.7	44.60	19.10	Inf	Gly	92.5	high confidence set
scaffold_22	4	1029062	1028981	Ser	GCT	0	0	80.5	45.20	35.30	Inf	Ser	109.5	high confidence set
scaffold_22	5	814989	814918	Pro	TGG	0	0	69.2	36.90	32.30	Inf	Pro	112.8	high confidence set
scaffold_22	6	9804	9732	Arg	ACG	0	0	72.9	50.30	22.60	Inf	Arg	88.9	high confidence set
scaffold_33	1	878138	878066	Arg	TCT	0	0	71.0	51.20	19.80	Inf	Arg	99.1	high confidence set
scaffold_34	1	216079	216007	Ala	TGC	0	0	65.6	39.80	25.80	Inf	Ala	97.7	high confidence set
scaffold_70	1	209274	209346	Lys	TTT	0	0	80.3	61.50	18.80	Inf	Lys	78.3	high confidence set
scaffold_70	2	217258	217344	Ser	GGA	0	0	55.4	29.60	25.80	Inf	Ser	79.2	unexpected anticodon
scaffold_203	1	14633	14706	Thr	AGT	0	0	73.6	45.20	28.40	Inf	Thr	88.6	high confidence set
scaffold_203	2	6605	6522	Leu	CAA	0	0	76.7	54.50	22.20	Inf	Leu	123.1	high confidence set
