EukHighConfidenceFilter v1.0 Summary
Completed Time: Tue Sep 20 00:16:58 2022

Inputs
------------------------------------------------------
tRNAscan-SE output file: Mperfoliatum_583_v2.0_trnascan-se.output
tRNAscan-SE ss file: Mperfoliatum_583_v2.0_trnascan-se.struct
Secondary filtering domain-specific model score cutoff: 50
Secondary filtering secondary structure score cutoff: 10
Secondary filtering isotype-specific model score cutoff: 70
Tertiary filtering isotype-specific model starting score cutoff: 70
Tertiary filtering maximum isotype-specific model score cutoff: 95
Remove filtered hits: Yes

Outputs
------------------------------------------------------
tRNAscan-SE output file: hi_conf_Mperfoliatum/Mperfoliatum_583_v2.0.out
tRNAscan-SE ss file: hi_conf_Mperfoliatum/Mperfoliatum_583_v2.0.ss
Summary file: hi_conf_Mperfoliatum/Mperfoliatum_583_v2.0.log

Summary statistics
------------------------------------------------------
Total tRNA predictions:                                648
Possible pseudogenes:                                  9
tRNAs with scores lower than secondary cutoffs:        25
tRNAs failed tertiary filter:                          0

tRNAs after filtering:                                 614

tRNAs with mismatched isotype:                         1
tRNAs with undetermined isotype:                       0
tRNAs with unexpected anticodon:                       2

High confidence set:                                   611

Isotype / Anticodon Counts After Filtering
------------------------------------------------------

Ala     : 39	  AGC: 19      GGC: 0       CGC: 8       TGC: 12    
Gly     : 48	  ACC: 0       GCC: 27      CCC: 6       TCC: 15    
Pro     : 68	  AGG: 19      GGG: 0       CGG: 6       TGG: 43    
Thr     : 25	  AGT: 12      GGT: 0       CGT: 5       TGT: 8     
Val     : 31	  AAC: 15      GAC: 0       CAC: 9       TAC: 7     
Ser     : 48	  AGA: 20      GGA: 1       CGA: 5       TGA: 10      ACT: 0       GCT: 12                              
Arg     : 39	  ACG: 10      GCG: 0       CCG: 5       TCG: 6                                 CCT: 9       TCT: 9     
Leu     : 45	  AAG: 13      GAG: 0       CAG: 5       TAG: 10                                CAA: 11      TAA: 6     
Phe     : 20	  AAA: 0       GAA: 20                              
Asn     : 18	  ATT: 0       GTT: 18                              
Lys     : 38	                            CTT: 21      TTT: 17    
Asp     : 28	  ATC: 0       GTC: 28                              
Glu     : 29	                            CTC: 16      TTC: 13    
His     : 11	  ATG: 0       GTG: 11                              
Gln     : 18	                            CTG: 10      TTG: 8     
Ile     : 25	  AAT: 19      GAT: 0                    TAT: 6     
Met     : 26	                            CAT: 26                 
Tyr     : 32	  ATA: 1       GTA: 31                              
Supres  : 0	                            CTA: 0       TTA: 0     
Cys     : 13	  ACA: 0       GCA: 13                              
Trp     : 13	                            CCA: 13                 
SelCys  : 0	                                         TCA: 0     

