Sequence		tRNA     	Bounds   	tRNA	Anti	Intron Bounds	Inf	HMM	2'Str	Hit	Isotype	Isotype	      
Name    	tRNA#	Begin    	End      	Type	Codon	Begin	End	Score	Score	Score	Origin	CM	Score	Note
--------	------	-----    	------   	----	-----	-----	----	------	-----	-----	------	-------	-------	------
chr1H	1	6255574	6255653	Leu	TAG	0	0	69.2	48.20	21.00	Inf	Leu	109.6	high confidence set
chr1H	2	6360553	6360632	Leu	TAG	0	0	69.2	48.20	21.00	Inf	Leu	109.6	high confidence set
chr1H	3	6492293	6492372	Leu	TAG	0	0	59.0	44.20	14.80	Inf	Leu	101.2	high confidence set
chr1H	5	8074498	8074569	iMet	CAT	0	0	58.3	28.10	30.20	Inf	iMet	118.7	high confidence set
chr1H	6	8941697	8941778	Ser	TGA	0	0	78.2	44.40	33.80	Inf	Ser	107.5	high confidence set
chr1H	7	8978812	8978893	Ser	TGA	0	0	78.2	44.40	33.80	Inf	Ser	107.5	high confidence set
chr1H	8	9584921	9584994	Val	CAC	0	0	74.2	51.60	22.60	Inf	Val	98.3	high confidence set
chr1H	9	11195173	11195245	Arg	ACG	0	0	73.2	50.90	22.30	Inf	Arg	94.3	high confidence set
chr1H	12	25405848	25405920	Glu	CTC	0	0	75.1	49.70	25.40	Inf	Glu	92.7	high confidence set
chr1H	14	31964595	31964668	Asn	GTT	0	0	83.0	60.90	22.10	Inf	Asn	96.2	high confidence set
chr1H	15	35918169	35918241	Lys	CTT	0	0	87.7	67.60	20.10	Inf	Lys	106.7	high confidence set
chr1H	21	63236090	63236170	Leu	AAG	0	0	70.1	52.60	17.50	Inf	Leu	105.3	high confidence set
chr1H	22	72480569	72480642	Asn	GTT	0	0	81.1	55.90	25.20	Inf	Asn	91.8	high confidence set
chr1H	24	105680272	105680345	Arg	TCG	0	0	81.9	60.40	21.50	Inf	Arg	92.9	high confidence set
chr1H	31	257404788	257404861	Ile	TAT	0	0	87.1	72.60	14.50	Inf	Ile	104.3	high confidence set
chr1H	42	315070562	315070634	Ala	AGC	0	0	55.8	31.30	24.50	Inf	Ala	92.5	high confidence set
chr1H	45	355688013	355688099	Ser	GGA	0	0	63.4	31.40	32.00	Inf	Ser	82.6	high confidence set
chr1H	49	355718347	355718420	Trp	CCA	0	0	72.0	42.50	29.50	Inf	Thr	75.4	IPD:-18.90,isotype mismatch
chr1H	56	374730235	374730305	Gly	GCC	0	0	66.5	44.80	21.70	Inf	Gly	94.4	high confidence set
chr1H	57	374745869	374745939	Gly	GCC	0	0	66.5	44.80	21.70	Inf	Gly	94.4	high confidence set
chr1H	64	418579998	418580070	Arg	CCT	0	0	68.7	49.50	19.20	Inf	Arg	79.5	high confidence set
chr1H	66	424599403	424599476	Asn	GTT	0	0	80.0	54.90	25.10	Inf	Asn	93.1	high confidence set
chr1H	68	434478418	434478490	Lys	CTT	0	0	74.1	60.20	13.90	Inf	Lys	93.1	high confidence set
chr1H	69	434479030	434479107	Lys	CTT	0	0	81.2	61.00	20.20	Inf	Lys	99.3	high confidence set
chr1H	72	447141605	447141677	Glu	CTC	0	0	75.1	49.70	25.40	Inf	Glu	92.7	high confidence set
chr1H	73	447144119	447144191	Glu	CTC	0	0	68.9	47.80	21.10	Inf	Glu	88.2	high confidence set
chr1H	77	457857177	457857258	Ser	AGA	0	0	80.3	44.00	36.30	Inf	Ser	115.3	high confidence set
chr1H	78	537080882	537080801	Ser	CGA	0	0	78.9	46.60	32.30	Inf	Ser	122.0	high confidence set
chr1H	79	537074863	537074782	Ser	CGA	0	0	78.9	46.60	32.30	Inf	Ser	122.0	high confidence set
chr1H	80	538411502	538411430	Arg	ACG	0	0	73.2	50.90	22.30	Inf	Arg	94.3	high confidence set
chr1H	81	535313213	535313140	Val	CAC	0	0	78.1	48.30	29.80	Inf	Val	102.2	high confidence set
chr1H	82	534533717	534533644	Ile	AAT	0	0	77.0	51.80	25.20	Inf	Ile	102.1	high confidence set
chr1H	83	534512148	534512075	Ile	AAT	0	0	77.0	51.80	25.20	Inf	Ile	102.1	high confidence set
chr1H	84	534508655	534508569	Met	CAT	534508617	534508605	64.2	40.70	23.50	Inf	Met	104.0	high confidence set
chr1H	85	534472994	534472921	Val	AAC	0	0	71.5	47.10	24.40	Inf	Val	97.5	high confidence set
chr1H	86	534446034	534445961	Val	AAC	0	0	72.5	48.10	24.40	Inf	Val	100.2	high confidence set
chr1H	87	534418117	534418044	Ile	AAT	0	0	77.0	51.80	25.20	Inf	Ile	102.1	high confidence set
chr1H	88	534125407	534125335	Glu	CTC	0	0	75.1	49.70	25.40	Inf	Glu	92.7	high confidence set
chr1H	95	532290435	532290364	His	GTG	0	0	63.0	33.70	29.30	Inf	His	87.1	high confidence set
chr1H	96	532288922	532288851	His	GTG	0	0	63.0	33.70	29.30	Inf	His	87.1	high confidence set
chr1H	97	532285653	532285582	His	GTG	0	0	63.0	33.70	29.30	Inf	His	87.1	high confidence set
chr1H	98	467750330	467750411	Ser	CGA	0	0	78.9	46.60	32.30	Inf	Ser	122.0	high confidence set
chr1H	103	525681534	525681463	Lys	TTT	0	0	91.1	67.20	23.90	Inf	Lys	93.8	high confidence set
chr1H	104	525092789	525092700	Met	CAT	525092751	525092736	64.1	40.60	23.50	Inf	Met	104.0	high confidence set
chr1H	105	477635229	477635314	Tyr	GTA	477635266	477635278	72.2	38.90	33.30	Inf	Tyr	110.0	high confidence set
chr1H	106	519189996	519189905	Met	CAT	519189958	519189941	64.0	40.50	23.50	Inf	Met	104.0	high confidence set
chr1H	110	517847786	517847693	Met	CAT	517847748	517847729	63.9	40.40	23.50	Inf	Met	104.0	high confidence set
chr1H	111	517846002	517845909	Met	CAT	517845964	517845945	63.9	40.40	23.50	Inf	Met	104.0	high confidence set
chr1H	112	517534785	517534692	Met	CAT	517534747	517534728	63.9	40.40	23.50	Inf	Met	104.0	high confidence set
chr1H	113	517530082	517529989	Met	CAT	517530044	517530025	63.9	40.40	23.50	Inf	Met	104.0	high confidence set
chr1H	117	517065783	517065690	Met	CAT	517065745	517065726	63.9	40.40	23.50	Inf	Met	104.0	high confidence set
chr1H	118	517028195	517028102	Met	CAT	517028157	517028138	63.9	40.40	23.50	Inf	Met	104.0	high confidence set
chr1H	121	514778813	514778741	Arg	ACG	0	0	73.2	50.90	22.30	Inf	Arg	94.3	high confidence set
chr1H	122	486183396	486183469	Ile	AAT	0	0	77.0	51.80	25.20	Inf	Ile	102.1	high confidence set
chr1H	123	486184925	486184998	Ile	AAT	0	0	77.0	51.80	25.20	Inf	Ile	102.1	high confidence set
chr1H	124	512718333	512718261	Lys	CTT	0	0	87.7	67.60	20.10	Inf	Lys	106.7	high confidence set
chr1H	125	512688738	512688666	Lys	CTT	0	0	87.7	67.60	20.10	Inf	Lys	106.7	high confidence set
chr1H	127	490782609	490782679	Gly	GCC	0	0	66.5	44.80	21.70	Inf	Gly	94.4	high confidence set
chr1H	128	490782785	490782855	Gly	GCC	0	0	66.5	44.80	21.70	Inf	Gly	94.4	high confidence set
chr1H	129	492923302	492923374	Glu	CTC	0	0	75.1	49.70	25.40	Inf	Glu	92.7	high confidence set
chr1H	134	496517130	496517203	Val	AAC	0	0	71.3	46.90	24.40	Inf	Val	93.4	high confidence set
chr1H	135	496529611	496529684	Val	AAC	0	0	71.3	46.90	24.40	Inf	Val	93.4	high confidence set
chr1H	136	497206289	497206361	Lys	CTT	0	0	87.7	67.60	20.10	Inf	Lys	106.7	high confidence set
chr1H	137	498575029	498575114	Tyr	GTA	498575066	498575078	72.2	38.90	33.30	Inf	Tyr	110.0	high confidence set
chr1H	138	542133362	542133289	Arg	TCG	0	0	81.9	60.40	21.50	Inf	Arg	92.9	high confidence set
chr1H	139	498581012	498581097	Tyr	GTA	498581049	498581061	72.2	38.90	33.30	Inf	Tyr	110.0	high confidence set
chr1H	142	498358703	498358623	Leu	CAG	0	0	70.7	49.80	20.90	Inf	Leu	111.3	high confidence set
chr1H	143	496450935	496450862	Val	AAC	0	0	71.3	46.90	24.40	Inf	Val	93.4	high confidence set
chr1H	144	505144290	505144369	Leu	TAG	0	0	69.5	48.50	21.00	Inf	Leu	111.5	high confidence set
chr1H	149	509569286	509569356	Gly	GCC	0	0	66.5	44.80	21.70	Inf	Gly	94.4	high confidence set
chr1H	150	490257271	490257200	Gly	TCC	0	0	74.1	46.70	27.40	Inf	Gly	84.2	high confidence set
chr1H	151	509776082	509776153	Pro	AGG	0	0	67.4	34.70	32.70	Inf	Pro	112.3	high confidence set
chr1H	152	489297367	489297294	Val	AAC	0	0	72.5	48.10	24.40	Inf	Val	100.2	high confidence set
chr1H	154	545010958	545010887	Gln	CTG	0	0	74.7	50.50	24.20	Inf	Gln	103.8	high confidence set
chr1H	155	489295006	489294933	Val	AAC	0	0	71.5	47.10	24.40	Inf	Val	97.5	high confidence set
chr1H	156	512691692	512691764	Phe	GAA	0	0	78.3	58.40	19.90	Inf	Phe	113.2	high confidence set
chr1H	157	512722162	512722234	Phe	GAA	0	0	78.3	58.40	19.90	Inf	Phe	113.2	high confidence set
chr1H	158	512863771	512863842	Thr	CGT	0	0	78.4	50.50	27.90	Inf	Thr	89.5	high confidence set
chr1H	159	514886428	514886500	Arg	ACG	0	0	71.0	50.80	20.20	Inf	Arg	89.1	high confidence set
chr1H	161	517670850	517670943	Met	CAT	517670888	517670907	63.9	40.40	23.50	Inf	Met	104.0	high confidence set
chr1H	162	550418454	550418367	Ser	GCT	0	0	69.2	39.20	30.00	Inf	Ser	84.1	high confidence set
chr1H	163	518223682	518223774	Met	CAT	518223720	518223738	63.9	40.50	23.40	Inf	Met	104.0	high confidence set
chr1H	164	545200981	545200910	Gln	CTG	0	0	74.7	50.50	24.20	Inf	Gln	103.8	high confidence set
chr1H	166	475045207	475045135	Ala	AGC	0	0	55.8	31.30	24.50	Inf	Ala	92.5	high confidence set
chr1H	167	525092462	525092535	Val	AAC	0	0	71.9	47.50	24.40	Inf	Val	99.9	high confidence set
chr1H	168	473805785	473805712	Asn	GTT	0	0	81.1	55.90	25.20	Inf	Asn	91.8	high confidence set
chr1H	170	526825589	526825661	Val	TAC	0	0	76.3	48.30	28.00	Inf	Val	102.5	high confidence set
chr1H	171	527323598	527323670	Ala	TGC	0	0	69.6	44.70	24.90	Inf	Ala	98.6	high confidence set
chr1H	172	545213447	545213376	Gln	CTG	0	0	74.7	50.50	24.20	Inf	Gln	103.8	high confidence set
chr1H	174	471001049	471000978	Asp	GTC	0	0	69.8	46.80	23.00	Inf	Asp	95.8	high confidence set
chr1H	175	532217074	532217145	His	GTG	0	0	63.0	33.70	29.30	Inf	His	87.1	high confidence set
chr1H	180	545218894	545218823	Gln	CTG	0	0	74.7	50.50	24.20	Inf	Gln	103.8	high confidence set
chr1H	181	533930541	533930613	Glu	CTC	0	0	75.1	49.70	25.40	Inf	Glu	92.7	high confidence set
chr1H	182	534445820	534445893	Ile	AAT	0	0	77.0	51.80	25.20	Inf	Ile	102.1	high confidence set
chr1H	183	534448886	534448972	Met	CAT	534448924	534448936	64.2	40.70	23.50	Inf	Met	104.0	high confidence set
chr1H	184	534472777	534472850	Ile	AAT	0	0	77.0	51.80	25.20	Inf	Ile	102.1	high confidence set
chr1H	185	534484661	534484734	Ile	AAT	0	0	77.0	51.80	25.20	Inf	Ile	102.1	high confidence set
chr1H	188	534511938	534512011	Val	AAC	0	0	72.5	48.10	24.40	Inf	Val	100.2	high confidence set
chr1H	190	535189459	535189532	Val	CAC	0	0	78.1	48.30	29.80	Inf	Val	102.2	high confidence set
chr1H	191	535270163	535270236	Val	CAC	0	0	69.0	40.70	28.30	Inf	Val	94.4	high confidence set
chr1H	192	546280715	546280644	Pro	AGG	0	0	74.2	44.10	30.10	Inf	Pro	87.4	high confidence set
chr1H	193	535284079	535284152	Val	CAC	0	0	78.1	48.30	29.80	Inf	Val	102.2	high confidence set
chr1H	194	535416991	535417064	Val	CAC	0	0	78.1	48.30	29.80	Inf	Val	102.2	high confidence set
chr1H	195	535925846	535925918	Arg	TCT	0	0	69.9	49.90	20.00	Inf	Arg	96.6	high confidence set
chr1H	197	540984889	540984961	Arg	ACG	0	0	73.2	50.90	22.30	Inf	Arg	94.3	high confidence set
chr1H	198	541001211	541001283	Arg	ACG	0	0	73.2	50.90	22.30	Inf	Arg	94.3	high confidence set
chr1H	199	541004251	541004323	Arg	ACG	0	0	73.2	50.90	22.30	Inf	Arg	94.3	high confidence set
chr1H	200	541122653	541122725	Arg	ACG	0	0	73.2	50.90	22.30	Inf	Arg	94.3	high confidence set
chr1H	203	545169622	545169693	Gln	CTG	0	0	74.7	50.50	24.20	Inf	Gln	103.8	high confidence set
chr1H	204	546702563	546702649	Met	CAT	546702601	546702613	64.2	40.70	23.50	Inf	Met	104.0	high confidence set
chr1H	205	547450765	547450835	Gly	GCC	0	0	66.5	44.80	21.70	Inf	Gly	94.4	high confidence set
chr1H	206	547458276	547458346	Gly	GCC	0	0	66.5	44.80	21.70	Inf	Gly	94.4	high confidence set
chr1H	207	548894191	548894263	Arg	CCT	0	0	74.8	55.90	18.90	Inf	Arg	84.6	high confidence set
chr1H	218	554268660	554268732	Val	TAC	0	0	73.0	41.80	31.20	Inf	Val	100.5	high confidence set
chr1H	219	554272726	554272798	Val	TAC	0	0	71.2	38.40	32.80	Inf	Val	101.5	high confidence set
chr1H	220	554283939	554284011	Val	TAC	0	0	73.0	41.80	31.20	Inf	Val	100.5	high confidence set
chr1H	222	438578307	438578235	Lys	CTT	0	0	87.7	67.60	20.10	Inf	Lys	106.7	high confidence set
chr1H	226	406533935	406533854	Ser	GCT	0	0	80.5	45.20	35.30	Inf	Ser	109.5	high confidence set
chr1H	227	400083261	400083181	Leu	AAG	0	0	70.1	52.60	17.50	Inf	Leu	105.3	high confidence set
chr1H	228	399921821	399921741	Leu	AAG	0	0	70.1	52.60	17.50	Inf	Leu	105.3	high confidence set
chr1H	229	397861827	397861757	Gly	GCC	0	0	66.5	44.80	21.70	Inf	Gly	94.4	high confidence set
chr1H	234	374863634	374863564	Gly	GCC	0	0	66.5	44.80	21.70	Inf	Gly	94.4	high confidence set
chr1H	236	370525287	370525214	Val	AAC	0	0	72.5	48.10	24.40	Inf	Val	100.2	high confidence set
chr1H	237	369371426	369371354	Ala	TGC	0	0	70.0	45.30	24.70	Inf	Ala	100.6	high confidence set
chr1H	238	366510819	366510748	His	GTG	0	0	63.0	33.70	29.30	Inf	His	87.1	high confidence set
chr1H	239	365116480	365116407	Asn	GTT	0	0	80.2	54.40	25.80	Inf	Asn	93.2	high confidence set
chr1H	246	355689387	355689315	Thr	TGT	0	0	65.7	46.40	19.30	Inf	Thr	80.1	high confidence set
chr1H	252	314301288	314301217	Thr	TGT	0	0	79.3	49.30	30.00	Inf	Thr	92.3	high confidence set
chr1H	257	291597006	291596933	Asn	GTT	0	0	81.1	55.90	25.20	Inf	Asn	91.8	high confidence set
chr1H	271	123665222	123665151	Pro	AGG	0	0	67.4	34.70	32.70	Inf	Pro	112.3	high confidence set
chr1H	272	114040379	114040298	Ser	TGA	0	0	78.2	44.40	33.80	Inf	Ser	107.5	high confidence set
chr1H	275	98557833	98557760	Thr	AGT	0	0	75.0	47.40	27.60	Inf	Thr	89.8	high confidence set
chr1H	280	36072851	36072779	Lys	CTT	0	0	87.7	67.60	20.10	Inf	Lys	106.7	high confidence set
chr1H	281	36066230	36066158	Lys	CTT	0	0	87.7	67.60	20.10	Inf	Lys	106.7	high confidence set
chr1H	282	18812035	18811962	Glu	TTC	0	0	62.9	35.40	27.50	Inf	Glu	84.0	high confidence set
chr1H	283	18808185	18808112	Glu	TTC	0	0	62.9	35.40	27.50	Inf	Glu	84.0	high confidence set
chr1H	285	18790268	18790195	Glu	TTC	0	0	62.9	35.40	27.50	Inf	Glu	84.0	high confidence set
chr1H	286	18782346	18782273	Glu	TTC	0	0	62.9	35.40	27.50	Inf	Glu	84.0	high confidence set
chr1H	287	18764723	18764650	Glu	TTC	0	0	62.9	35.40	27.50	Inf	Glu	84.0	high confidence set
chr1H	288	18599664	18599591	Glu	TTC	0	0	62.9	35.40	27.50	Inf	Glu	84.0	high confidence set
chr1H	289	18596086	18596013	Glu	TTC	0	0	62.9	35.40	27.50	Inf	Glu	84.0	high confidence set
chr1H	290	18594770	18594697	Glu	TTC	0	0	62.9	35.40	27.50	Inf	Glu	84.0	high confidence set
chr1H	291	15704287	15704214	Arg	TCG	0	0	81.9	60.40	21.50	Inf	Arg	92.9	high confidence set
chr1H	292	9656084	9656011	Val	CAC	0	0	78.1	48.30	29.80	Inf	Val	102.2	high confidence set
chr1H	293	8928872	8928791	Ser	TGA	0	0	78.2	44.40	33.80	Inf	Ser	107.5	high confidence set
chr1H	294	8925626	8925545	Ser	TGA	0	0	78.2	44.40	33.80	Inf	Ser	107.5	high confidence set
chr1H	295	8047563	8047492	iMet	CAT	0	0	58.3	28.10	30.20	Inf	iMet	118.7	high confidence set
chr1H	296	8031359	8031288	iMet	CAT	0	0	58.3	28.10	30.20	Inf	iMet	118.7	high confidence set
chr1H	297	7951590	7951519	iMet	CAT	0	0	58.3	28.10	30.20	Inf	iMet	118.7	high confidence set
chr1H	298	1403374	1403293	Ser	AGA	0	0	80.3	44.00	36.30	Inf	Ser	115.3	high confidence set
chr2H	6	26993807	26993879	Glu	CTC	0	0	75.1	49.70	25.40	Inf	Glu	92.7	high confidence set
chr2H	7	28771028	28771101	Arg	TCG	0	0	81.9	60.40	21.50	Inf	Arg	92.9	high confidence set
chr2H	10	31863575	31863645	Gly	GCC	0	0	66.5	44.80	21.70	Inf	Gly	94.4	high confidence set
chr2H	13	32428749	32428836	Met	CAT	32428787	32428800	61.4	38.20	23.20	Inf	Met	99.2	high confidence set
chr2H	16	34768925	34768997	Ala	AGC	0	0	55.8	31.30	24.50	Inf	Ala	92.5	high confidence set
chr2H	19	37057292	37057363	Gly	TCC	0	0	74.1	46.70	27.40	Inf	Gly	84.2	high confidence set
chr2H	20	37486251	37486322	Gly	TCC	0	0	74.1	46.70	27.40	Inf	Gly	84.2	high confidence set
chr2H	21	38131342	38131414	Ala	CGC	0	0	68.3	44.10	24.20	Inf	Ala	99.2	high confidence set
chr2H	26	59999196	59999283	Ser	GCT	0	0	66.9	38.50	28.40	Inf	Ser	82.2	high confidence set
chr2H	28	61348461	61348532	Pro	TGG	0	0	53.1	21.50	31.60	Inf	Pro	85.6	high confidence set
chr2H	29	61357952	61358023	Pro	TGG	0	0	63.0	30.60	32.40	Inf	Pro	109.1	high confidence set
chr2H	31	61421457	61421528	Pro	TGG	0	0	63.0	30.60	32.40	Inf	Pro	109.1	high confidence set
chr2H	33	61587308	61587379	Pro	TGG	0	0	63.0	30.60	32.40	Inf	Pro	109.1	high confidence set
chr2H	35	82711527	82711599	Ile	TAT	0	0	63.0	47.30	15.70	Inf	Ile	73.0	high confidence set
chr2H	36	82713168	82713240	Ile	TAT	0	0	63.0	47.30	15.70	Inf	Ile	73.0	high confidence set
chr2H	38	92076883	92076954	His	GTG	0	0	63.0	33.70	29.30	Inf	His	87.1	high confidence set
chr2H	42	108403805	108403892	Met	CAT	108403843	108403856	64.1	40.70	23.40	Inf	Met	104.0	high confidence set
chr2H	43	112101599	112101679	Leu	AAG	0	0	70.1	52.60	17.50	Inf	Leu	105.3	high confidence set
chr2H	45	113483235	113483315	Leu	AAG	0	0	70.9	53.80	17.10	Inf	Leu	107.2	high confidence set
chr2H	46	113483438	113483518	Leu	AAG	0	0	70.9	53.80	17.10	Inf	Leu	107.2	high confidence set
chr2H	49	120916662	120916743	Ser	GCT	0	0	79.0	43.10	35.90	Inf	Ser	108.6	high confidence set
chr2H	50	120919424	120919505	Ser	GCT	0	0	77.6	40.90	36.70	Inf	Ser	107.5	high confidence set
chr2H	57	231043050	231043130	Leu	CAG	0	0	70.7	49.80	20.90	Inf	Leu	111.3	high confidence set
chr2H	73	417021673	417021746	Glu	TTC	0	0	62.9	35.40	27.50	Inf	Glu	84.0	high confidence set
chr2H	79	750324304	750324231	Asn	GTT	0	0	80.0	54.90	25.10	Inf	Asn	90.6	high confidence set
chr2H	80	551300552	551300480	Ala	TGC	0	0	70.0	45.30	24.70	Inf	Ala	100.6	high confidence set
chr2H	81	750460063	750459990	Asn	GTT	0	0	80.0	54.90	25.10	Inf	Asn	90.6	high confidence set
chr2H	87	515708688	515708615	Asn	GTT	0	0	81.1	55.90	25.20	Inf	Asn	91.8	high confidence set
chr2H	90	492749002	492749075	Val	CAC	0	0	79.3	48.30	31.00	Inf	Val	104.5	high confidence set
chr2H	95	612300831	612300749	Leu	TAA	0	0	76.1	38.50	37.60	Inf	Leu	99.9	high confidence set
chr2H	100	582422183	582422103	Leu	CAG	0	0	68.4	45.70	22.70	Inf	Leu	107.6	high confidence set
chr2H	102	497160079	497160008	Gly	TCC	0	0	74.1	46.70	27.40	Inf	Gly	84.2	high confidence set
chr2H	104	545082067	545081995	Arg	ACG	0	0	73.2	50.90	22.30	Inf	Arg	94.3	high confidence set
chr2H	107	653371439	653371368	Pro	CGG	0	0	68.5	36.10	32.40	Inf	Pro	108.5	high confidence set
chr2H	110	633759592	633759519	Ile	AAT	0	0	77.0	51.80	25.20	Inf	Ile	102.1	high confidence set
chr2H	112	545209850	545209778	Arg	ACG	0	0	73.2	50.90	22.30	Inf	Arg	94.3	high confidence set
chr2H	119	592341726	592341653	Ile	AAT	0	0	77.0	51.80	25.20	Inf	Ile	102.1	high confidence set
chr2H	125	550763068	550763140	Phe	GAA	0	0	78.3	58.40	19.90	Inf	Phe	113.2	high confidence set
chr2H	127	554428003	554428075	Lys	TTT	0	0	91.5	67.20	24.30	Inf	Lys	101.0	high confidence set
chr2H	129	558293364	558293445	Ser	AGA	0	0	75.1	35.90	39.20	Inf	Ser	113.9	high confidence set
chr2H	132	440490722	440490629	Met	CAT	440490684	440490665	63.9	40.40	23.50	Inf	Met	104.0	high confidence set
chr2H	137	594618481	594618401	Leu	TAG	0	0	52.6	34.60	18.00	Inf	Leu	86.9	high confidence set
chr2H	139	430600856	430600783	Ile	AAT	0	0	77.0	51.80	25.20	Inf	Ile	102.1	high confidence set
chr2H	140	571074872	571074943	Cys	GCA	0	0	81.7	56.10	25.60	Inf	Cys	104.3	high confidence set
chr2H	141	702093898	702093813	Tyr	GTA	702093861	702093849	74.5	43.00	31.50	Inf	Tyr	111.8	high confidence set
chr2H	144	576903699	576903771	Arg	ACG	0	0	73.2	50.90	22.30	Inf	Arg	94.3	high confidence set
chr2H	145	668116656	668116584	Val	TAC	0	0	73.0	41.80	31.20	Inf	Val	100.5	high confidence set
chr2H	146	702097161	702097076	Tyr	GTA	702097124	702097112	74.5	42.90	31.60	Inf	Tyr	111.8	high confidence set
chr2H	147	751761110	751761029	Tyr	GTA	0	0	57.3	33.20	24.10	Inf	Tyr	73.7	high confidence set
chr2H	153	672001030	672000959	Thr	CGT	0	0	80.6	51.80	28.80	Inf	Thr	80.8	high confidence set
chr2H	159	416948116	416948043	Glu	TTC	0	0	62.9	35.40	27.50	Inf	Glu	84.0	high confidence set
chr2H	160	405597854	405597781	Val	AAC	0	0	72.5	48.10	24.40	Inf	Val	100.2	high confidence set
chr2H	162	751761830	751761759	Thr	GGT	0	0	61.4	29.40	32.00	Inf	Thr	73.1	high confidence set
chr2H	163	703939073	703939002	Trp	CCA	0	0	74.2	47.90	26.30	Inf	Trp	101.5	high confidence set
chr2H	169	614364264	614364346	Leu	TAA	0	0	76.1	38.50	37.60	Inf	Leu	99.9	high confidence set
chr2H	172	619887578	619887651	Val	CAC	0	0	79.3	48.30	31.00	Inf	Val	104.5	high confidence set
chr2H	176	645145238	645145166	Phe	GAA	0	0	68.5	55.10	13.40	Inf	Phe	105.0	high confidence set
chr2H	177	623904829	623904915	Ser	GGA	0	0	64.5	34.70	29.80	Inf	Ser	84.5	high confidence set
chr2H	180	624652520	624652593	Ile	AAT	0	0	77.0	51.80	25.20	Inf	Ile	102.1	high confidence set
chr2H	181	625207105	625207178	Thr	AGT	0	0	73.6	45.20	28.40	Inf	Thr	88.6	high confidence set
chr2H	183	631829486	631829559	Glu	TTC	0	0	62.9	35.40	27.50	Inf	Glu	84.0	high confidence set
chr2H	184	631830691	631830762	Glu	TTC	0	0	68.3	40.70	27.60	Inf	Glu	95.2	high confidence set
chr2H	185	633643685	633643758	Ile	AAT	0	0	77.0	51.80	25.20	Inf	Ile	102.1	high confidence set
chr2H	186	751807069	751806982	Ser	GCT	0	0	69.2	39.20	30.00	Inf	Ser	84.1	high confidence set
chr2H	187	645625761	645625689	Ala	TGC	0	0	67.7	45.10	22.60	Inf	Ala	94.0	high confidence set
chr2H	188	635311356	635311426	Gly	GCC	0	0	66.5	44.80	21.70	Inf	Gly	94.4	high confidence set
chr2H	190	646213313	646213386	Thr	AGT	0	0	67.6	45.30	22.30	Inf	Thr	81.3	high confidence set
chr2H	191	653412032	653412107	Thr	CGT	653412068	653412071	56.0	26.60	29.40	Inf	Pro	95.9	IPD:-44.40,isotype mismatch
chr2H	196	688003226	688003154	Ala	CGC	0	0	68.3	44.10	24.20	Inf	Ala	99.2	high confidence set
chr2H	200	754558850	754558779	Thr	CGT	0	0	78.4	50.50	27.90	Inf	Thr	89.5	high confidence set
chr2H	206	700693155	700693228	Asn	GTT	0	0	81.1	55.90	25.20	Inf	Asn	94.2	high confidence set
chr2H	208	700945623	700945696	Asn	GTT	0	0	81.1	55.90	25.20	Inf	Asn	94.2	high confidence set
chr2H	209	701318095	701318168	Val	AAC	0	0	72.5	48.10	24.40	Inf	Val	100.2	high confidence set
chr2H	217	719196195	719196266	His	GTG	0	0	63.0	33.70	29.30	Inf	His	87.1	high confidence set
chr2H	218	719280009	719280080	His	GTG	0	0	56.8	29.40	27.40	Inf	His	81.9	high confidence set
chr2H	219	719294916	719294987	His	GTG	0	0	63.0	33.70	29.30	Inf	His	87.1	high confidence set
chr2H	222	733368088	733368161	Glu	TTC	0	0	62.9	35.40	27.50	Inf	Glu	84.0	high confidence set
chr2H	223	733369293	733369364	Glu	TTC	0	0	69.2	41.30	27.90	Inf	Glu	97.3	high confidence set
chr2H	226	265049795	265049724	His	GTG	0	0	63.0	33.70	29.30	Inf	His	87.1	high confidence set
chr2H	228	736735013	736735084	Trp	CCA	0	0	74.2	47.90	26.30	Inf	Trp	101.5	high confidence set
chr2H	229	736762974	736763057	Trp	CCA	736763010	736763021	55.2	41.20	14.00	Inf	Trp	92.6	high confidence set
chr2H	231	736778844	736778915	Trp	CCA	0	0	62.0	46.30	15.70	Inf	Trp	93.8	high confidence set
chr2H	232	738710915	738710986	iMet	CAT	0	0	56.1	25.90	30.20	Inf	iMet	113.9	high confidence set
chr2H	234	750642087	750642159	Ala	CGC	0	0	68.3	44.10	24.20	Inf	Ala	99.2	high confidence set
chr2H	235	750661295	750661367	Ala	CGC	0	0	68.3	44.10	24.20	Inf	Ala	99.2	high confidence set
chr2H	236	750665202	750665274	Ala	CGC	0	0	68.3	44.10	24.20	Inf	Ala	99.2	high confidence set
chr2H	237	750756588	750756661	Asn	GTT	0	0	80.0	54.90	25.10	Inf	Asn	90.6	high confidence set
chr2H	240	750794236	750794309	Asn	GTT	0	0	80.0	54.90	25.10	Inf	Asn	90.6	high confidence set
chr2H	246	751752583	751752654	Thr	GGT	0	0	61.4	29.40	32.00	Inf	Thr	73.1	high confidence set
chr2H	248	751753303	751753384	Tyr	ATA	0	0	57.3	33.20	24.10	Inf	Tyr	73.7	unexpected anticodon
chr2H	252	751777423	751777510	Ser	GCT	0	0	69.2	39.20	30.00	Inf	Ser	84.1	high confidence set
chr2H	258	761537769	761537698	Gln	TTG	0	0	75.8	55.40	20.40	Inf	Gln	105.2	high confidence set
chr2H	260	758609602	758609688	Tyr	GTA	758609639	758609652	72.2	38.90	33.30	Inf	Tyr	110.0	high confidence set
chr2H	272	126731808	126731735	Asn	GTT	0	0	75.7	50.60	25.10	Inf	Asn	85.5	high confidence set
chr2H	273	113711459	113711379	Leu	AAG	0	0	65.3	51.30	14.00	Inf	Leu	92.4	high confidence set
chr2H	274	112026530	112026450	Leu	AAG	0	0	70.1	52.60	17.50	Inf	Leu	105.3	high confidence set
chr2H	275	111806425	111806345	Leu	AAG	0	0	70.1	52.60	17.50	Inf	Leu	105.3	high confidence set
chr2H	276	111789729	111789649	Leu	AAG	0	0	70.1	52.60	17.50	Inf	Leu	105.3	high confidence set
chr2H	278	96412790	96412710	Leu	CAG	0	0	70.7	49.80	20.90	Inf	Leu	111.3	high confidence set
chr2H	279	96412251	96412171	Leu	CAG	0	0	70.7	49.80	20.90	Inf	Leu	111.3	high confidence set
chr2H	280	91988874	91988803	His	GTG	0	0	63.0	33.70	29.30	Inf	His	87.1	high confidence set
chr2H	282	81713860	81713788	Ala	AGC	0	0	63.4	38.20	25.20	Inf	Ala	98.3	high confidence set
chr2H	284	65982026	65981955	Gln	CTG	0	0	72.2	48.10	24.10	Inf	Gln	101.2	high confidence set
chr2H	285	61319231	61319160	Pro	TGG	0	0	63.0	30.60	32.40	Inf	Pro	109.1	high confidence set
chr2H	287	61315508	61315437	Pro	TGG	0	0	59.0	28.80	30.20	Inf	Pro	100.3	high confidence set
chr2H	288	61313006	61312935	Pro	TGG	0	0	63.0	30.60	32.40	Inf	Pro	109.1	high confidence set
chr2H	290	61310922	61310851	Pro	TGG	0	0	61.5	34.60	26.90	Inf	Pro	106.2	high confidence set
chr2H	292	61244528	61244457	Pro	TGG	0	0	68.5	35.70	32.80	Inf	Pro	111.2	high confidence set
chr2H	293	59167056	59166985	Pro	AGG	0	0	67.4	34.70	32.70	Inf	Pro	112.3	high confidence set
chr2H	294	52016616	52016546	Gly	CCC	0	0	65.4	28.10	37.30	Inf	Gly	85.4	high confidence set
chr2H	295	52014482	52014412	Gly	CCC	0	0	65.4	28.10	37.30	Inf	Gly	85.4	high confidence set
chr2H	296	46831536	46831455	Ser	TGA	0	0	78.2	44.40	33.80	Inf	Ser	107.5	high confidence set
chr2H	297	38634109	38634037	Glu	CTC	0	0	75.1	49.70	25.40	Inf	Glu	92.7	high confidence set
chr2H	299	34868976	34868904	Ala	AGC	0	0	55.8	31.30	24.50	Inf	Ala	92.5	high confidence set
chr2H	300	34822196	34822124	Ala	AGC	0	0	55.8	31.30	24.50	Inf	Ala	92.5	high confidence set
chr2H	302	34410649	34410577	Ala	AGC	0	0	55.8	31.30	24.50	Inf	Ala	92.5	high confidence set
chr2H	306	29545730	29545658	Ala	AGC	0	0	55.8	31.30	24.50	Inf	Ala	92.5	high confidence set
chr2H	307	29524706	29524634	Ala	AGC	0	0	55.8	31.30	24.50	Inf	Ala	92.5	high confidence set
chr2H	308	29417293	29417221	Ala	AGC	0	0	55.8	31.30	24.50	Inf	Ala	92.5	high confidence set
chr2H	309	29413698	29413626	Ala	AGC	0	0	55.8	31.30	24.50	Inf	Ala	92.5	high confidence set
chr2H	310	14747734	14747661	Asn	GTT	0	0	81.1	55.90	25.20	Inf	Asn	94.2	high confidence set
chr3H	1	574618	574690	Glu	CTC	0	0	75.1	49.70	25.40	Inf	Glu	92.7	high confidence set
chr3H	2	3252999	3253070	iMet	CAT	0	0	58.3	28.10	30.20	Inf	iMet	118.7	high confidence set
chr3H	3	3640225	3640296	iMet	CAT	0	0	58.3	28.10	30.20	Inf	iMet	118.7	high confidence set
chr3H	4	11589229	11589301	Ala	TGC	0	0	69.6	44.70	24.90	Inf	Ala	98.6	high confidence set
chr3H	5	11703820	11703891	iMet	CAT	0	0	58.3	28.10	30.20	Inf	iMet	118.7	high confidence set
chr3H	11	13953378	13953462	Leu	CAA	0	0	75.6	52.20	23.40	Inf	Leu	116.7	high confidence set
chr3H	12	18617925	18617995	Gly	GCC	0	0	66.5	44.80	21.70	Inf	Gly	94.4	high confidence set
chr3H	13	25332751	25332831	Leu	CAG	0	0	70.7	49.80	20.90	Inf	Leu	111.3	high confidence set
chr3H	14	25342699	25342779	Leu	CAG	0	0	70.7	49.80	20.90	Inf	Leu	111.3	high confidence set
chr3H	15	26379442	26379514	Glu	CTC	0	0	75.1	49.70	25.40	Inf	Glu	92.7	high confidence set
chr3H	16	26530192	26530264	Glu	CTC	0	0	75.1	49.70	25.40	Inf	Glu	92.7	high confidence set
chr3H	17	33267311	33267392	Ser	AGA	0	0	80.3	44.00	36.30	Inf	Ser	115.3	high confidence set
chr3H	18	37199409	37199482	Ile	TAT	0	0	87.1	72.60	14.50	Inf	Ile	104.3	high confidence set
chr3H	19	43115771	43115842	Cys	GCA	0	0	81.7	56.10	25.60	Inf	Cys	104.3	high confidence set
chr3H	20	43117842	43117913	Cys	GCA	0	0	59.2	45.20	14.00	Inf	Cys	83.2	high confidence set
chr3H	21	43139615	43139686	Cys	GCA	0	0	81.7	56.10	25.60	Inf	Cys	104.3	high confidence set
chr3H	22	43142554	43142625	Cys	GCA	0	0	81.7	56.10	25.60	Inf	Cys	104.3	high confidence set
chr3H	24	45263029	45263110	Ser	TGA	0	0	78.3	44.40	33.90	Inf	Ser	115.8	high confidence set
chr3H	25	47041760	47041833	Ile	GAT	0	0	78.0	52.30	25.70	Inf	Ile	81.4	high confidence set
chr3H	26	47041939	47042012	Ile	GAT	0	0	80.5	62.30	18.20	Inf	Ile	88.2	high confidence set
chr3H	29	66480674	66480744	Gly	GCC	0	0	66.5	44.80	21.70	Inf	Gly	94.4	high confidence set
chr3H	36	125846259	125846331	Glu	TTC	0	0	58.0	32.80	25.20	Inf	Glu	87.3	high confidence set
chr3H	38	156731027	156731098	Lys	TTT	0	0	91.1	67.20	23.90	Inf	Lys	93.8	high confidence set
chr3H	39	162293121	162293193	Glu	CTC	0	0	75.1	49.70	25.40	Inf	Glu	92.7	high confidence set
chr3H	47	676815327	676815255	Lys	CTT	0	0	81.2	56.40	24.80	Inf	Lys	99.9	high confidence set
chr3H	48	676795470	676795398	Lys	CTT	0	0	62.0	44.80	17.20	Inf	Lys	87.2	high confidence set
chr3H	49	676794600	676794528	Lys	CTT	0	0	82.1	57.30	24.80	Inf	Lys	98.9	high confidence set
chr3H	50	676788638	676788566	Lys	CTT	0	0	82.1	57.30	24.80	Inf	Lys	98.9	high confidence set
chr3H	51	676521835	676521763	Lys	CTT	0	0	72.7	47.90	24.80	Inf	Lys	89.9	high confidence set
chr3H	52	673679054	673678981	Ile	AAT	0	0	77.0	51.80	25.20	Inf	Ile	102.1	high confidence set
chr3H	55	663851251	663851181	Gly	GCC	0	0	66.5	44.80	21.70	Inf	Gly	94.4	high confidence set
chr3H	56	663618807	663618735	Lys	CTT	0	0	87.7	67.60	20.10	Inf	Lys	106.7	high confidence set
chr3H	62	652493998	652493927	Lys	TTT	0	0	91.9	68.20	23.70	Inf	Lys	94.4	high confidence set
chr3H	64	652197799	652197727	Phe	GAA	0	0	78.3	58.40	19.90	Inf	Phe	113.2	high confidence set
chr3H	65	652195995	652195922	Phe	GAA	0	0	70.3	54.60	15.70	Inf	Phe	101.0	high confidence set
chr3H	66	652155729	652155657	Phe	GAA	0	0	78.3	58.40	19.90	Inf	Phe	113.2	high confidence set
chr3H	67	652125552	652125480	Phe	GAA	0	0	78.3	58.40	19.90	Inf	Phe	113.2	high confidence set
chr3H	68	652113189	652113117	Phe	GAA	0	0	75.7	55.70	20.00	Inf	Phe	107.9	high confidence set
chr3H	69	652078254	652078182	Phe	GAA	0	0	78.3	58.40	19.90	Inf	Phe	113.2	high confidence set
chr3H	70	652032997	652032925	Phe	GAA	0	0	78.3	58.40	19.90	Inf	Phe	113.2	high confidence set
chr3H	77	364118705	364118786	Ser	GCT	0	0	71.1	43.90	27.20	Inf	Ser	101.2	high confidence set
chr3H	78	620474601	620474529	Glu	CTC	0	0	75.1	49.70	25.40	Inf	Glu	92.7	high confidence set
chr3H	81	616562729	616562657	Lys	CTT	0	0	87.7	67.60	20.10	Inf	Lys	106.7	high confidence set
chr3H	82	616483056	616482984	Lys	CTT	0	0	87.7	67.60	20.10	Inf	Lys	106.7	high confidence set
chr3H	85	606409608	606409529	Leu	TAG	0	0	69.5	48.50	21.00	Inf	Leu	111.5	high confidence set
chr3H	87	606355090	606355011	Leu	TAG	0	0	69.5	48.50	21.00	Inf	Leu	111.5	high confidence set
chr3H	88	605996810	605996739	Pro	CGG	0	0	65.8	36.70	29.10	Inf	Pro	99.9	high confidence set
chr3H	89	605212672	605212593	Leu	TAG	0	0	69.5	48.50	21.00	Inf	Leu	111.5	high confidence set
chr3H	91	601201581	601201510	Gln	TTG	0	0	76.3	56.30	20.00	Inf	Gln	99.2	high confidence set
chr3H	92	601200358	601200287	Gln	TTG	0	0	76.3	56.30	20.00	Inf	Gln	99.2	high confidence set
chr3H	93	601021933	601021862	Gln	TTG	0	0	68.2	48.30	19.90	Inf	Gln	90.8	high confidence set
chr3H	95	601021061	601020990	Gln	TTG	0	0	76.3	56.30	20.00	Inf	Gln	99.2	high confidence set
chr3H	96	601020270	601020199	Gln	TTG	0	0	76.3	56.30	20.00	Inf	Gln	99.2	high confidence set
chr3H	97	601017265	601017194	Gln	TTG	0	0	71.0	51.10	19.90	Inf	Gln	92.2	high confidence set
chr3H	98	601016288	601016217	Gln	TTG	0	0	76.3	56.30	20.00	Inf	Gln	99.2	high confidence set
chr3H	99	601015063	601014992	Gln	TTG	0	0	76.3	56.30	20.00	Inf	Gln	99.2	high confidence set
chr3H	100	601014088	601014017	Gln	TTG	0	0	76.3	56.30	20.00	Inf	Gln	99.2	high confidence set
chr3H	101	601011812	601011741	Gln	TTG	0	0	76.3	56.30	20.00	Inf	Gln	99.2	high confidence set
chr3H	102	601008806	601008735	Gln	TTG	0	0	76.3	56.30	20.00	Inf	Gln	99.2	high confidence set
chr3H	103	600424311	600424240	Gln	TTG	0	0	76.3	56.30	20.00	Inf	Gln	99.2	high confidence set
chr3H	104	600423443	600423372	Gln	TTG	0	0	76.3	56.30	20.00	Inf	Gln	99.2	high confidence set
chr3H	107	600421151	600421080	Gln	TTG	0	0	68.5	55.40	13.10	Inf	Gln	92.0	high confidence set
chr3H	108	600420171	600420100	Gln	TTG	0	0	72.0	53.40	18.60	Inf	Gln	95.1	high confidence set
chr3H	109	600419646	600419575	Gln	TTG	0	0	76.3	56.30	20.00	Inf	Gln	99.2	high confidence set
chr3H	110	600418639	600418568	Gln	TTG	0	0	68.9	54.80	14.10	Inf	Gln	88.8	high confidence set
chr3H	118	623122460	623122387	Ile	GAT	0	0	80.5	62.30	18.20	Inf	Ile	88.2	high confidence set
chr3H	123	630871757	630871684	Val	CAC	0	0	79.3	48.30	31.00	Inf	Val	104.5	high confidence set
chr3H	124	559498860	559498789	Asp	GTC	0	0	69.8	46.80	23.00	Inf	Asp	95.8	high confidence set
chr3H	125	558953844	558953771	Thr	AGT	0	0	73.6	45.20	28.40	Inf	Thr	88.6	high confidence set
chr3H	126	558953697	558953626	Gln	CTG	0	0	74.7	50.50	24.20	Inf	Gln	103.8	high confidence set
chr3H	127	677247726	677247654	Lys	CTT	0	0	81.2	56.40	24.80	Inf	Lys	99.9	high confidence set
chr3H	129	552682381	552682296	Tyr	GTA	552682344	552682332	72.2	38.90	33.30	Inf	Tyr	110.0	high confidence set
chr3H	130	631057805	631057732	Ile	AAT	0	0	71.5	49.80	21.70	Inf	Ile	98.4	high confidence set
chr3H	133	461618184	461618256	Arg	ACG	0	0	73.2	50.90	22.30	Inf	Arg	94.3	high confidence set
chr3H	134	535786956	535786884	Phe	GAA	0	0	78.3	58.40	19.90	Inf	Phe	113.2	high confidence set
chr3H	135	583923906	583923825	Ser	AGA	0	0	80.3	44.00	36.30	Inf	Ser	115.3	high confidence set
chr3H	137	683994631	683994559	Ala	TGC	0	0	69.6	44.70	24.90	Inf	Ala	98.6	high confidence set
chr3H	141	633640689	633640608	Ser	AGA	0	0	80.3	44.00	36.30	Inf	Ser	115.3	high confidence set
chr3H	142	684354307	684354234	Val	AAC	0	0	72.5	48.10	24.40	Inf	Val	100.2	high confidence set
chr3H	143	519470506	519470434	Val	TAC	0	0	71.2	38.40	32.80	Inf	Val	101.5	high confidence set
chr3H	144	519352945	519352873	Val	TAC	0	0	71.2	38.40	32.80	Inf	Val	101.5	high confidence set
chr3H	145	481648075	481648145	Gly	GCC	0	0	66.5	44.80	21.70	Inf	Gly	94.4	high confidence set
chr3H	147	684356616	684356543	Val	AAC	0	0	71.5	47.10	24.40	Inf	Val	97.5	high confidence set
chr3H	148	515649722	515649652	Gly	CCC	0	0	65.4	28.10	37.30	Inf	Gly	85.4	high confidence set
chr3H	149	590762844	590762771	Ile	AAT	0	0	79.3	55.80	23.50	Inf	Ile	104.3	high confidence set
chr3H	152	687719576	687719505	Cys	GCA	0	0	81.7	56.10	25.60	Inf	Cys	104.3	high confidence set
chr3H	155	482926246	482926174	Glu	CTC	0	0	75.1	49.70	25.40	Inf	Glu	92.7	high confidence set
chr3H	156	688952246	688952163	Leu	TAA	0	0	73.2	37.80	35.40	Inf	Leu	90.1	high confidence set
chr3H	157	521091118	521091190	Phe	GAA	0	0	78.3	58.40	19.90	Inf	Phe	113.2	high confidence set
chr3H	158	521102875	521102947	Lys	CTT	0	0	79.9	64.30	15.60	Inf	Lys	102.2	high confidence set
chr3H	159	594737505	594737420	Tyr	GTA	594737468	594737456	73.7	41.90	31.80	Inf	Tyr	106.6	high confidence set
chr3H	160	688954300	688954217	Leu	TAA	0	0	73.2	37.80	35.40	Inf	Leu	90.1	high confidence set
chr3H	164	473198957	473198876	Ser	CGA	0	0	75.4	44.80	30.60	Inf	Ser	119.4	high confidence set
chr3H	167	594871126	594871045	Ser	GCT	0	0	79.0	43.10	35.90	Inf	Ser	108.6	high confidence set
chr3H	168	688959676	688959593	Leu	TAA	0	0	73.2	37.80	35.40	Inf	Leu	90.1	high confidence set
chr3H	169	536074496	536074568	Lys	CTT	0	0	87.7	67.60	20.10	Inf	Lys	106.7	high confidence set
chr3H	170	635964102	635964018	Tyr	GTA	635964065	635964054	74.5	43.00	31.50	Inf	Tyr	111.8	high confidence set
chr3H	171	543719671	543719743	Arg	ACG	0	0	73.2	50.90	22.30	Inf	Arg	94.3	high confidence set
chr3H	172	594959037	594958965	Lys	CTT	0	0	87.7	67.60	20.10	Inf	Lys	106.7	high confidence set
chr3H	174	543736930	543737002	Arg	ACG	0	0	73.2	50.90	22.30	Inf	Arg	94.3	high confidence set
chr3H	177	636126094	636126022	Lys	CTT	0	0	87.7	67.60	20.10	Inf	Lys	106.7	high confidence set
chr3H	183	595053075	595053003	Lys	CTT	0	0	87.7	67.60	20.10	Inf	Lys	106.7	high confidence set
chr3H	185	636223938	636223857	Ser	GCT	0	0	79.0	43.10	35.90	Inf	Ser	108.6	high confidence set
chr3H	186	559685378	559685450	Arg	CCG	0	0	69.2	51.50	17.70	Inf	Arg	94.3	high confidence set
chr3H	190	595141286	595141213	Val	AAC	0	0	72.5	48.10	24.40	Inf	Val	100.2	high confidence set
chr3H	193	430797439	430797368	Gln	CTG	0	0	70.5	45.40	25.10	Inf	Gln	100.6	high confidence set
chr3H	194	430796513	430796442	Gln	CTG	0	0	73.7	48.90	24.80	Inf	Gln	103.9	high confidence set
chr3H	195	638441513	638441443	Gly	GCC	0	0	66.5	44.80	21.70	Inf	Gly	94.4	high confidence set
chr3H	196	693237233	693237161	Lys	CTT	0	0	81.2	56.40	24.80	Inf	Lys	99.9	high confidence set
chr3H	198	571791514	571791585	His	GTG	0	0	63.0	33.70	29.30	Inf	His	87.1	high confidence set
chr3H	199	409875328	409875242	Ser	GGA	0	0	64.5	34.70	29.80	Inf	Ser	84.5	high confidence set
chr3H	201	694529787	694529714	Val	AAC	0	0	72.5	48.10	24.40	Inf	Val	100.2	high confidence set
chr3H	202	407519054	407518974	Leu	AAG	0	0	70.9	53.80	17.10	Inf	Leu	107.2	high confidence set
chr3H	203	594963354	594963435	Ser	GCT	0	0	79.0	43.10	35.90	Inf	Ser	108.6	high confidence set
chr3H	204	595058391	595058472	Ser	GCT	0	0	79.0	43.10	35.90	Inf	Ser	108.6	high confidence set
chr3H	205	598422370	598422444	Arg	ACG	0	0	60.9	42.80	18.10	Inf	Arg	75.8	high confidence set
chr3H	206	694535780	694535707	Val	AAC	0	0	75.3	46.40	28.90	Inf	Val	105.6	high confidence set
chr3H	208	600342268	600342339	Gln	TTG	0	0	76.3	56.30	20.00	Inf	Gln	99.2	high confidence set
chr3H	209	600343907	600343978	Gln	TTG	0	0	76.3	56.30	20.00	Inf	Gln	99.2	high confidence set
chr3H	210	600346439	600346510	Gln	TTG	0	0	76.3	56.30	20.00	Inf	Gln	99.2	high confidence set
chr3H	212	600351584	600351655	Gln	TTG	0	0	78.3	58.40	19.90	Inf	Gln	99.1	high confidence set
chr3H	213	600352452	600352523	Gln	TTG	0	0	76.3	56.30	20.00	Inf	Gln	99.2	high confidence set
chr3H	214	600354029	600354100	Gln	TTG	0	0	75.6	52.20	23.40	Inf	Gln	101.7	high confidence set
chr3H	215	600354741	600354812	Gln	TTG	0	0	68.5	55.40	13.10	Inf	Gln	92.0	high confidence set
chr3H	216	694562663	694562577	Met	CAT	694562625	694562613	64.4	41.20	23.20	Inf	Met	104.0	high confidence set
chr3H	218	600355721	600355792	Gln	TTG	0	0	72.0	53.40	18.60	Inf	Gln	95.1	high confidence set
chr3H	219	600356246	600356317	Gln	TTG	0	0	76.3	56.30	20.00	Inf	Gln	99.2	high confidence set
chr3H	220	600357255	600357326	Gln	TTG	0	0	68.9	54.80	14.10	Inf	Gln	88.8	high confidence set
chr3H	221	600361882	600361953	Gln	TTG	0	0	76.3	56.30	20.00	Inf	Gln	99.2	high confidence set
chr3H	222	600993842	600993913	Gln	TTG	0	0	75.2	55.30	19.90	Inf	Gln	98.6	high confidence set
chr3H	223	601140977	601141048	Gln	TTG	0	0	68.2	48.30	19.90	Inf	Gln	90.8	high confidence set
chr3H	224	601141849	601141920	Gln	TTG	0	0	76.3	56.30	20.00	Inf	Gln	99.2	high confidence set
chr3H	225	601142640	601142711	Gln	TTG	0	0	76.3	56.30	20.00	Inf	Gln	99.2	high confidence set
chr3H	226	694604796	694604710	Met	CAT	694604758	694604746	64.4	41.20	23.20	Inf	Met	104.0	high confidence set
chr3H	227	601145644	601145715	Gln	TTG	0	0	71.0	51.10	19.90	Inf	Gln	92.2	high confidence set
chr3H	228	601146623	601146694	Gln	TTG	0	0	76.3	56.30	20.00	Inf	Gln	99.2	high confidence set
chr3H	229	601147597	601147668	Gln	TTG	0	0	76.3	56.30	20.00	Inf	Gln	99.2	high confidence set
chr3H	230	601149876	601149947	Gln	TTG	0	0	76.3	56.30	20.00	Inf	Gln	99.2	high confidence set
chr3H	231	601152882	601152953	Gln	TTG	0	0	75.2	55.30	19.90	Inf	Gln	98.6	high confidence set
chr3H	233	606432644	606432723	Leu	TAG	0	0	69.5	48.50	21.00	Inf	Leu	111.5	high confidence set
chr3H	234	694617914	694617828	Met	CAT	694617876	694617864	64.4	41.20	23.20	Inf	Met	104.0	high confidence set
chr3H	237	615566782	615566854	Arg	CCG	0	0	69.2	51.50	17.70	Inf	Arg	94.3	high confidence set
chr3H	238	623133271	623133342	Gly	TCC	0	0	74.1	46.70	27.40	Inf	Gly	84.2	high confidence set
chr3H	239	694696944	694696871	Ile	AAT	0	0	77.0	51.80	25.20	Inf	Ile	102.1	high confidence set
chr3H	240	623133586	623133657	Gly	TCC	0	0	74.1	46.70	27.40	Inf	Gly	84.2	high confidence set
chr3H	242	627063220	627063293	Ile	AAT	0	0	79.3	55.80	23.50	Inf	Ile	104.3	high confidence set
chr3H	244	631051660	631051733	Ile	AAT	0	0	75.2	50.60	24.60	Inf	Ile	102.2	high confidence set
chr3H	245	631054561	631054635	Ile	AAT	0	0	67.3	45.30	22.00	Inf	Ile	91.1	high confidence set
chr3H	246	631083376	631083449	Ile	AAT	0	0	80.7	56.10	24.60	Inf	Ile	103.7	high confidence set
chr3H	247	631105686	631105759	Ile	AAT	0	0	78.2	53.60	24.60	Inf	Ile	101.1	high confidence set
chr3H	248	631105870	631105943	Ile	AAT	0	0	75.2	50.60	24.60	Inf	Ile	102.2	high confidence set
chr3H	249	633064608	633064681	Ile	TAT	0	0	87.1	72.60	14.50	Inf	Ile	104.3	high confidence set
chr3H	251	635605090	635605171	Ser	CGA	0	0	78.9	46.60	32.30	Inf	Ser	122.0	high confidence set
chr3H	252	636043834	636043915	Ser	GCT	0	0	79.0	43.10	35.90	Inf	Ser	108.6	high confidence set
chr3H	255	694828784	694828698	Met	CAT	694828746	694828734	65.0	41.80	23.20	Inf	Met	102.8	high confidence set
chr3H	257	636226245	636226317	Lys	CTT	0	0	87.7	67.60	20.10	Inf	Lys	106.7	high confidence set
chr3H	258	636228002	636228074	Lys	CTT	0	0	87.7	67.60	20.10	Inf	Lys	106.7	high confidence set
chr3H	259	649599120	649599040	Leu	CAG	0	0	70.7	49.80	20.90	Inf	Leu	111.3	high confidence set
chr3H	260	638545613	638545685	Arg	TCT	0	0	68.1	50.00	18.10	Inf	Arg	96.3	high confidence set
chr3H	261	694839022	694838949	Ile	AAT	0	0	77.0	51.80	25.20	Inf	Ile	102.1	high confidence set
chr3H	263	645091765	645091848	Leu	CAA	0	0	74.7	51.70	23.00	Inf	Leu	114.9	high confidence set
chr3H	264	645099458	645099541	Leu	CAA	0	0	78.3	55.30	23.00	Inf	Leu	121.1	high confidence set
chr3H	265	645119961	645120044	Leu	CAA	0	0	78.3	55.30	23.00	Inf	Leu	121.1	high confidence set
chr3H	266	649360687	649360767	Leu	CAG	0	0	70.7	49.80	20.90	Inf	Leu	111.3	high confidence set
chr3H	267	649513801	649513881	Leu	CAG	0	0	70.7	49.80	20.90	Inf	Leu	111.3	high confidence set
chr3H	268	651954764	651954836	Phe	GAA	0	0	78.3	58.40	19.90	Inf	Phe	113.2	high confidence set
chr3H	269	694887238	694887165	Val	AAC	0	0	72.5	48.10	24.40	Inf	Val	100.2	high confidence set
chr3H	271	663352672	663352745	Arg	TCG	0	0	81.9	60.40	21.50	Inf	Arg	92.9	high confidence set
chr3H	272	663634066	663634147	Ser	GCT	0	0	66.2	39.20	27.00	Inf	Ser	87.0	high confidence set
chr3H	274	663638143	663638224	Ser	GCT	0	0	79.0	43.10	35.90	Inf	Ser	108.6	high confidence set
chr3H	276	694915382	694915309	Val	AAC	0	0	72.5	48.10	24.40	Inf	Val	100.2	high confidence set
chr3H	277	676445127	676445207	Leu	CAG	0	0	70.7	49.80	20.90	Inf	Leu	111.3	high confidence set
chr3H	279	676865607	676865679	Lys	CTT	0	0	82.1	57.30	24.80	Inf	Lys	98.9	high confidence set
chr3H	281	695255325	695255252	Ile	AAT	0	0	65.8	45.20	20.60	Inf	Ile	93.6	high confidence set
chr3H	285	682234363	682234435	Arg	TCT	0	0	68.5	50.60	17.90	Inf	Arg	98.8	high confidence set
chr3H	288	683863171	683863243	Ala	TGC	0	0	69.6	44.70	24.90	Inf	Ala	98.6	high confidence set
chr3H	290	684061677	684061749	Ala	TGC	0	0	69.6	44.70	24.90	Inf	Ala	98.6	high confidence set
chr3H	291	684094026	684094098	Ala	TGC	0	0	69.6	44.70	24.90	Inf	Ala	98.6	high confidence set
chr3H	292	684331027	684331100	Val	AAC	0	0	72.5	48.10	24.40	Inf	Val	100.2	high confidence set
chr3H	293	684354097	684354170	Ile	AAT	0	0	77.0	51.80	25.20	Inf	Ile	102.1	high confidence set
chr3H	294	687550768	687550847	Leu	TAG	0	0	69.2	48.20	21.00	Inf	Leu	109.6	high confidence set
chr3H	295	687557562	687557641	Leu	TAG	0	0	69.2	48.20	21.00	Inf	Leu	109.6	high confidence set
chr3H	296	687566522	687566601	Leu	TAG	0	0	69.5	48.50	21.00	Inf	Leu	111.5	high confidence set
chr3H	297	687570052	687570131	Leu	TAG	0	0	69.5	48.50	21.00	Inf	Leu	111.5	high confidence set
chr3H	298	696641641	696641569	Lys	CTT	0	0	87.7	67.60	20.10	Inf	Lys	106.7	high confidence set
chr3H	299	690285731	690285801	Gly	CCC	0	0	65.4	28.10	37.30	Inf	Gly	85.4	high confidence set
chr3H	300	692010202	692010275	Arg	TCG	0	0	81.9	60.40	21.50	Inf	Arg	92.9	high confidence set
chr3H	301	694535570	694535643	Ile	AAT	0	0	77.0	51.80	25.20	Inf	Ile	102.1	high confidence set
chr3H	302	694677219	694677305	Met	CAT	694677257	694677269	64.4	41.20	23.20	Inf	Met	104.0	high confidence set
chr3H	303	694696732	694696805	Val	AAC	0	0	72.5	48.10	24.40	Inf	Val	100.2	high confidence set
chr3H	304	694887026	694887099	Ile	AAT	0	0	77.0	51.80	25.20	Inf	Ile	102.1	high confidence set
chr3H	305	695255116	695255189	Val	AAC	0	0	72.5	48.10	24.40	Inf	Val	100.2	high confidence set
chr3H	306	696218971	696219044	Ile	AAT	0	0	77.0	51.80	25.20	Inf	Ile	102.1	high confidence set
chr3H	319	103989071	103988999	Glu	CTC	0	0	64.1	45.50	18.60	Inf	Glu	84.9	high confidence set
chr3H	320	94797820	94797749	Pro	AGG	0	0	67.4	34.70	32.70	Inf	Pro	112.3	high confidence set
chr3H	321	94792551	94792480	Pro	AGG	0	0	67.4	34.70	32.70	Inf	Pro	112.3	high confidence set
chr3H	322	94784404	94784333	Pro	AGG	0	0	67.4	34.70	32.70	Inf	Pro	112.3	high confidence set
chr3H	323	66851461	66851391	Gly	GCC	0	0	66.5	44.80	21.70	Inf	Gly	94.4	high confidence set
chr3H	326	46962102	46962029	Ile	GAT	0	0	78.0	52.30	25.70	Inf	Ile	81.4	high confidence set
chr3H	327	46961923	46961850	Ile	GAT	0	0	80.5	62.30	18.20	Inf	Ile	88.2	high confidence set
chr3H	328	45301877	45301796	Ser	TGA	0	0	78.3	44.40	33.90	Inf	Ser	115.8	high confidence set
chr3H	330	43201675	43201604	Cys	GCA	0	0	81.7	56.10	25.60	Inf	Cys	104.3	high confidence set
chr3H	331	43162474	43162403	Cys	GCA	0	0	81.7	56.10	25.60	Inf	Cys	104.3	high confidence set
chr3H	332	43143322	43143251	Cys	GCA	0	0	74.0	52.90	21.10	Inf	Cys	97.0	high confidence set
chr3H	333	33147080	33146999	Ser	AGA	0	0	80.3	44.00	36.30	Inf	Ser	115.3	high confidence set
chr3H	334	30733064	30732993	His	GTG	0	0	63.0	33.70	29.30	Inf	His	86.8	high confidence set
chr3H	336	26432868	26432796	Glu	CTC	0	0	75.1	49.70	25.40	Inf	Glu	92.7	high confidence set
chr3H	337	26427707	26427635	Glu	CTC	0	0	75.1	49.70	25.40	Inf	Glu	92.7	high confidence set
chr3H	339	26272100	26272028	Glu	CTC	0	0	75.1	49.70	25.40	Inf	Glu	92.7	high confidence set
chr3H	340	26233219	26233146	Val	CAC	0	0	79.3	48.30	31.00	Inf	Val	104.5	high confidence set
chr3H	341	25281624	25281544	Leu	CAG	0	0	70.7	49.80	20.90	Inf	Leu	111.3	high confidence set
chr3H	342	25268125	25268045	Leu	CAG	0	0	70.7	49.80	20.90	Inf	Leu	111.3	high confidence set
chr3H	343	25264596	25264516	Leu	CAG	0	0	70.7	49.80	20.90	Inf	Leu	111.3	high confidence set
chr3H	344	25169593	25169513	Leu	CAG	0	0	70.7	49.80	20.90	Inf	Leu	111.3	high confidence set
chr3H	349	17515506	17515434	Phe	GAA	0	0	78.3	58.40	19.90	Inf	Phe	113.2	high confidence set
chr3H	350	17508152	17508080	Phe	GAA	0	0	78.3	58.40	19.90	Inf	Phe	113.2	high confidence set
chr3H	351	17429226	17429154	Phe	GAA	0	0	78.3	58.40	19.90	Inf	Phe	113.2	high confidence set
chr3H	352	17421872	17421800	Phe	GAA	0	0	78.3	58.40	19.90	Inf	Phe	113.2	high confidence set
chr3H	353	16953036	16952963	Thr	AGT	0	0	73.6	45.20	28.40	Inf	Thr	88.6	high confidence set
chr3H	361	11525324	11525252	Ala	TGC	0	0	69.6	44.70	24.90	Inf	Ala	98.6	high confidence set
chr3H	362	3545188	3545117	iMet	CAT	0	0	58.3	28.10	30.20	Inf	iMet	118.7	high confidence set
chr3H	365	1510696	1510612	Tyr	GTA	1510659	1510648	73.8	41.90	31.90	Inf	Tyr	106.6	high confidence set
chr4H	1	3643371	3643442	Pro	CGG	0	0	68.2	35.30	32.90	Inf	Pro	113.0	high confidence set
chr4H	3	6140597	6140669	Arg	CCT	0	0	74.4	55.20	19.20	Inf	Arg	82.9	high confidence set
chr4H	4	6303198	6303270	Arg	CCT	0	0	74.4	55.20	19.20	Inf	Arg	82.9	high confidence set
chr4H	5	6516466	6516540	Thr	AGT	0	0	56.0	40.40	15.60	Inf	Thr	72.0	high confidence set
chr4H	6	16809081	16809152	Thr	TGT	0	0	72.6	49.50	23.10	Inf	Thr	86.4	high confidence set
chr4H	7	17356805	17356876	Thr	TGT	0	0	72.6	49.50	23.10	Inf	Thr	86.4	high confidence set
chr4H	9	26505111	26505183	Arg	CCT	0	0	71.8	46.30	25.50	Inf	Thr	79.8	IPD:-6.70,isotype mismatch
chr4H	10	39172135	39172208	Val	AAC	0	0	71.5	47.10	24.40	Inf	Val	97.5	high confidence set
chr4H	12	68420211	68420283	Ala	TGC	0	0	70.0	45.30	24.70	Inf	Ala	100.6	high confidence set
chr4H	15	102440755	102440826	Pro	AGG	0	0	67.4	34.70	32.70	Inf	Pro	112.3	high confidence set
chr4H	16	117069793	117069864	Pro	CGG	0	0	65.2	35.80	29.40	Inf	Pro	103.5	high confidence set
chr4H	18	118207750	118207831	Ser	TGA	0	0	78.2	44.40	33.80	Inf	Ser	107.5	high confidence set
chr4H	19	126996534	126996617	Leu	CAA	0	0	78.3	55.30	23.00	Inf	Leu	121.1	high confidence set
chr4H	22	134600281	134600367	Ser	GGA	0	0	64.5	34.70	29.80	Inf	Ser	84.5	high confidence set
chr4H	28	161297891	161297964	Val	CAC	0	0	71.3	46.70	24.60	Inf	Val	96.2	high confidence set
chr4H	29	162375026	162375098	Ala	TGC	0	0	67.2	43.80	23.40	Inf	Ala	93.2	high confidence set
chr4H	44	295206932	295207005	Trp	CCA	0	0	66.9	46.20	20.70	Inf	Thr	70.5	IPD:-18.80,isotype mismatch
chr4H	45	361452076	361452148	Thr	TGT	0	0	65.7	46.40	19.30	Inf	Thr	80.1	high confidence set
chr4H	47	608366565	608366493	Arg	ACG	0	0	73.2	50.90	22.30	Inf	Arg	94.3	high confidence set
chr4H	48	607926077	607925992	Tyr	GTA	607926040	607926028	72.2	38.90	33.30	Inf	Tyr	110.0	high confidence set
chr4H	49	607919866	607919781	Tyr	GTA	607919829	607919817	72.2	38.90	33.30	Inf	Tyr	110.0	high confidence set
chr4H	54	573062730	573062659	iMet	CAT	0	0	58.3	28.10	30.20	Inf	iMet	118.7	high confidence set
chr4H	55	573060972	573060901	iMet	CAT	0	0	58.3	28.10	30.20	Inf	iMet	118.7	high confidence set
chr4H	56	431444522	431444594	Glu	CTC	0	0	75.1	49.70	25.40	Inf	Glu	92.7	high confidence set
chr4H	60	574146285	574146214	iMet	CAT	0	0	58.3	28.10	30.20	Inf	iMet	118.7	high confidence set
chr4H	62	611216442	611216371	Pro	TGG	0	0	68.5	35.70	32.80	Inf	Pro	111.2	high confidence set
chr4H	64	553584093	553584023	Gly	CCC	0	0	65.4	28.10	37.30	Inf	Gly	85.4	high confidence set
chr4H	66	449125981	449126052	iMet	CAT	0	0	58.3	28.10	30.20	Inf	iMet	118.7	high confidence set
chr4H	68	467094827	467094898	iMet	CAT	0	0	58.3	28.10	30.20	Inf	iMet	118.7	high confidence set
chr4H	70	574167037	574166966	iMet	CAT	0	0	58.3	28.10	30.20	Inf	iMet	118.7	high confidence set
chr4H	77	574186277	574186206	iMet	CAT	0	0	50.5	24.80	25.70	Inf	iMet	109.3	high confidence set
chr4H	82	612125007	612124937	Gly	GCC	0	0	66.5	44.80	21.70	Inf	Gly	94.4	high confidence set
chr4H	85	489407852	489407779	Arg	TCG	0	0	81.9	60.40	21.50	Inf	Arg	92.9	high confidence set
chr4H	86	575142041	575141970	Pro	TGG	0	0	53.1	21.50	31.60	Inf	Pro	85.6	high confidence set
chr4H	89	470943217	470943146	His	GTG	0	0	63.0	33.70	29.30	Inf	His	87.1	high confidence set
chr4H	91	463758165	463758095	Gly	GCC	0	0	66.5	44.80	21.70	Inf	Gly	94.4	high confidence set
chr4H	92	575145926	575145855	Pro	TGG	0	0	63.0	30.60	32.40	Inf	Pro	109.1	high confidence set
chr4H	93	463748827	463748757	Gly	GCC	0	0	66.5	44.80	21.70	Inf	Gly	94.4	high confidence set
chr4H	94	623471733	623471660	Asn	GTT	0	0	81.1	55.90	25.20	Inf	Asn	94.2	high confidence set
chr4H	96	544738546	544738619	Glu	TTC	0	0	64.4	37.10	27.30	Inf	Glu	85.9	high confidence set
chr4H	97	453038254	453038182	Ala	AGC	0	0	55.8	31.30	24.50	Inf	Ala	92.5	high confidence set
chr4H	98	548031138	548031211	Thr	AGT	0	0	73.6	45.20	28.40	Inf	Thr	88.6	high confidence set
chr4H	99	575306712	575306640	Phe	GAA	0	0	78.3	58.40	19.90	Inf	Phe	113.2	high confidence set
chr4H	101	626283566	626283496	Gly	GCC	0	0	66.5	44.80	21.70	Inf	Gly	94.4	high confidence set
chr4H	108	626735197	626735127	Gly	GCC	0	0	66.5	44.80	21.70	Inf	Gly	94.4	high confidence set
chr4H	110	437464635	437464561	Pro	TGG	0	0	62.8	32.80	30.00	Inf	Trp	73.3	IPD:-42.40,isotype mismatch
chr4H	115	595764878	595764805	Ile	GAT	0	0	81.9	55.70	26.20	Inf	Ile	84.9	high confidence set
chr4H	117	575078978	575079049	Pro	TGG	0	0	61.5	34.60	26.90	Inf	Pro	106.2	high confidence set
chr4H	118	575092950	575093021	Pro	TGG	0	0	63.0	30.60	32.40	Inf	Pro	109.1	high confidence set
chr4H	120	575096908	575096979	Pro	TGG	0	0	59.0	28.80	30.20	Inf	Pro	100.3	high confidence set
chr4H	121	575098066	575098137	Pro	TGG	0	0	63.0	30.60	32.40	Inf	Pro	109.1	high confidence set
chr4H	122	575154760	575154831	Pro	TGG	0	0	63.0	30.60	32.40	Inf	Pro	109.1	high confidence set
chr4H	124	576411470	576411550	Leu	AAG	0	0	70.1	52.60	17.50	Inf	Leu	105.3	high confidence set
chr4H	125	576414355	576414435	Leu	AAG	0	0	70.1	52.60	17.50	Inf	Leu	105.3	high confidence set
chr4H	127	577568013	577568085	Phe	GAA	0	0	78.3	58.40	19.90	Inf	Phe	113.2	high confidence set
chr4H	128	577761354	577761426	Phe	GAA	0	0	73.9	54.30	19.60	Inf	Phe	107.4	high confidence set
chr4H	129	577926233	577926305	Phe	GAA	0	0	73.9	54.30	19.60	Inf	Phe	107.4	high confidence set
chr4H	130	644043425	644043354	Thr	TGT	0	0	84.3	58.00	26.30	Inf	Thr	93.3	high confidence set
chr4H	131	586903632	586903715	Leu	CAA	0	0	78.3	55.30	23.00	Inf	Leu	121.1	high confidence set
chr4H	132	590632149	590632230	Ser	GCT	0	0	79.0	43.10	35.90	Inf	Ser	108.6	high confidence set
chr4H	133	591927877	591927962	Tyr	GTA	591927914	591927926	72.2	38.90	33.30	Inf	Tyr	110.0	high confidence set
chr4H	134	591928675	591928760	Tyr	GTA	591928712	591928724	72.2	38.90	33.30	Inf	Tyr	110.0	high confidence set
chr4H	136	644330408	644330335	Asn	GTT	0	0	78.6	53.40	25.20	Inf	Asn	94.6	high confidence set
chr4H	140	645058461	645058380	Ser	GCT	0	0	77.0	40.80	36.20	Inf	Ser	107.4	high confidence set
chr4H	141	612655848	612655918	Gly	GCC	0	0	66.5	44.80	21.70	Inf	Gly	94.4	high confidence set
chr4H	142	614211929	614212000	Lys	TTT	0	0	91.1	67.20	23.90	Inf	Lys	93.8	high confidence set
chr4H	143	621315063	621315143	Leu	AAG	0	0	70.1	52.60	17.50	Inf	Leu	105.3	high confidence set
chr4H	144	621315315	621315395	Leu	AAG	0	0	70.1	52.60	17.50	Inf	Leu	105.3	high confidence set
chr4H	145	621489488	621489568	Leu	AAG	0	0	70.1	52.60	17.50	Inf	Leu	105.3	high confidence set
chr4H	146	645616392	645616320	Lys	CTT	0	0	87.7	67.60	20.10	Inf	Lys	106.7	high confidence set
chr4H	147	376540780	376540708	Ala	CGC	0	0	68.3	44.10	24.20	Inf	Ala	99.2	high confidence set
chr4H	148	625149152	625149223	His	GTG	0	0	63.0	33.70	29.30	Inf	His	87.1	high confidence set
chr4H	149	626405320	626405390	Gly	GCC	0	0	66.5	44.80	21.70	Inf	Gly	94.4	high confidence set
chr4H	150	646738404	646738331	Asn	GTT	0	0	80.0	54.90	25.10	Inf	Asn	93.1	high confidence set
chr4H	151	635007154	635007235	Ser	GCT	0	0	79.0	43.10	35.90	Inf	Ser	108.6	high confidence set
chr4H	152	635066852	635066923	Cys	GCA	0	0	81.7	56.10	25.60	Inf	Cys	104.3	high confidence set
chr4H	153	635070177	635070248	Cys	GCA	0	0	56.2	42.40	13.80	Inf	Cys	84.6	high confidence set
chr4H	154	638070226	638070296	Gly	GCC	0	0	66.5	44.80	21.70	Inf	Gly	94.4	high confidence set
chr4H	158	644982962	644983043	Ser	GCT	0	0	77.0	40.80	36.20	Inf	Ser	107.4	high confidence set
chr4H	159	645033262	645033332	Gly	GCC	0	0	57.2	36.20	21.00	Inf	Gly	86.0	high confidence set
chr4H	160	645739635	645739707	Lys	CTT	0	0	88.0	67.90	20.10	Inf	Lys	105.1	high confidence set
chr4H	161	646832386	646832459	Asn	GTT	0	0	81.1	55.90	25.20	Inf	Asn	91.8	high confidence set
chr4H	177	102321223	102321152	Pro	AGG	0	0	67.4	34.70	32.70	Inf	Pro	112.3	high confidence set
chr4H	178	82510913	82510841	Arg	TCT	0	0	68.8	51.30	17.50	Inf	Arg	97.8	high confidence set
chr4H	179	76240118	76240031	Ser	GCT	0	0	69.2	39.20	30.00	Inf	Ser	84.1	high confidence set
chr4H	180	39172337	39172264	Ile	AAT	0	0	69.8	50.20	19.60	Inf	Ile	93.1	high confidence set
chr4H	183	6300234	6300163	Gln	CTG	0	0	74.0	49.50	24.50	Inf	Gln	103.0	high confidence set
chr4H	184	6137633	6137562	Gln	CTG	0	0	74.0	49.50	24.50	Inf	Gln	103.0	high confidence set
chr4H	185	4251066	4250996	Gly	GCC	0	0	66.5	44.80	21.70	Inf	Gly	94.4	high confidence set
chr4H	187	1790186	1790115	Pro	CGG	0	0	61.3	32.80	28.50	Inf	Pro	105.4	high confidence set
chr4H	188	1788109	1788038	Pro	CGG	0	0	68.2	35.30	32.90	Inf	Pro	113.0	high confidence set
chr5H	1	2758186	2758258	Arg	CCT	0	0	74.4	55.20	19.20	Inf	Arg	82.9	high confidence set
chr5H	3	4893312	4893386	Thr	AGT	0	0	66.9	39.90	27.00	Inf	Thr	81.9	high confidence set
chr5H	4	6369497	6369569	Arg	CCT	0	0	74.4	55.20	19.20	Inf	Arg	82.9	high confidence set
chr5H	5	6373405	6373477	Arg	CCT	0	0	74.4	55.10	19.30	Inf	Arg	85.8	high confidence set
chr5H	12	31295351	31295438	Met	CAT	31295389	31295402	62.2	38.70	23.50	Inf	Met	96.8	high confidence set
chr5H	14	39811642	39811715	Glu	TTC	0	0	62.9	35.40	27.50	Inf	Glu	84.0	high confidence set
chr5H	15	90971637	90971709	Ala	CGC	0	0	68.3	44.10	24.20	Inf	Ala	99.2	high confidence set
chr5H	16	90972857	90972929	Ala	CGC	0	0	67.4	42.50	24.90	Inf	Ala	98.8	high confidence set
chr5H	17	94860717	94860789	Arg	ACG	0	0	73.2	50.90	22.30	Inf	Arg	94.3	high confidence set
chr5H	18	94860865	94860937	Arg	ACG	0	0	73.2	50.90	22.30	Inf	Arg	91.4	high confidence set
chr5H	22	119350181	119350254	Val	TAC	0	0	77.8	44.10	33.70	Inf	Val	103.2	high confidence set
chr5H	23	119823013	119823084	Pro	AGG	0	0	67.4	34.70	32.70	Inf	Pro	112.3	high confidence set
chr5H	25	146526278	146526349	Pro	AGG	0	0	67.4	34.70	32.70	Inf	Pro	112.3	high confidence set
chr5H	42	278423386	278423457	Pro	AGG	0	0	67.4	34.70	32.70	Inf	Pro	112.3	high confidence set
chr5H	52	317436315	317436387	Lys	CTT	0	0	87.7	67.60	20.10	Inf	Lys	106.7	high confidence set
chr5H	53	317445968	317446040	Lys	CTT	0	0	87.7	67.60	20.10	Inf	Lys	106.7	high confidence set
chr5H	64	349450259	349450332	Val	CAC	0	0	79.3	48.30	31.00	Inf	Val	104.5	high confidence set
chr5H	65	359197981	359198064	Leu	CAA	0	0	78.3	55.30	23.00	Inf	Leu	121.1	high confidence set
chr5H	66	365140846	365140917	Pro	CGG	0	0	68.2	35.30	32.90	Inf	Pro	113.0	high confidence set
chr5H	67	371034255	371034326	Pro	CGG	0	0	68.2	35.30	32.90	Inf	Pro	113.0	high confidence set
chr5H	68	654774257	654774184	Val	AAC	0	0	72.5	48.10	24.40	Inf	Val	100.2	high confidence set
chr5H	69	385110507	385110579	Arg	ACG	0	0	73.2	50.90	22.30	Inf	Arg	94.3	high confidence set
chr5H	70	385113839	385113911	Arg	ACG	0	0	73.2	50.90	22.30	Inf	Arg	94.3	high confidence set
chr5H	72	655043584	655043511	Val	AAC	0	0	72.5	48.10	24.40	Inf	Val	100.2	high confidence set
chr5H	73	581985232	581985151	Ser	AGA	0	0	80.3	44.00	36.30	Inf	Ser	115.3	high confidence set
chr5H	74	581980681	581980600	Ser	AGA	0	0	80.3	44.00	36.30	Inf	Ser	115.3	high confidence set
chr5H	75	582881037	582880956	Ser	AGA	0	0	80.3	44.00	36.30	Inf	Ser	115.3	high confidence set
chr5H	79	572443333	572443261	Ala	AGC	0	0	59.6	37.50	22.10	Inf	Ala	96.4	high confidence set
chr5H	80	655259152	655259071	Ser	CGA	0	0	78.9	46.60	32.30	Inf	Ser	122.0	high confidence set
chr5H	81	568646325	568646254	Thr	GGT	0	0	61.4	29.40	32.00	Inf	Thr	73.1	high confidence set
chr5H	83	436178183	436178269	Tyr	GTA	436178220	436178233	72.2	38.90	33.30	Inf	Tyr	110.0	high confidence set
chr5H	84	656464389	656464317	Arg	CCT	0	0	74.4	55.20	19.20	Inf	Arg	82.9	high confidence set
chr5H	85	562303574	562303501	Asn	GTT	0	0	80.0	54.90	25.10	Inf	Asn	90.6	high confidence set
chr5H	86	561954192	561954121	Lys	TTT	0	0	91.9	68.20	23.70	Inf	Lys	94.4	high confidence set
chr5H	87	556168635	556168564	Pro	TGG	0	0	69.6	37.70	31.90	Inf	Pro	108.3	high confidence set
chr5H	88	555382414	555382343	Thr	TGT	0	0	84.3	58.00	26.30	Inf	Thr	93.3	high confidence set
chr5H	89	656472757	656472685	Arg	CCT	0	0	74.4	55.10	19.30	Inf	Arg	85.8	high confidence set
chr5H	91	452448309	452448380	His	GTG	0	0	63.0	33.70	29.30	Inf	His	87.1	high confidence set
chr5H	93	583050844	583050763	Ser	AGA	0	0	80.3	44.00	36.30	Inf	Ser	115.3	high confidence set
chr5H	94	454273109	454273181	Lys	CTT	0	0	87.7	67.60	20.10	Inf	Lys	106.7	high confidence set
chr5H	96	656633112	656633041	His	GTG	0	0	63.0	33.70	29.30	Inf	His	87.1	high confidence set
chr5H	97	463212368	463212440	Lys	CTT	0	0	87.7	67.60	20.10	Inf	Lys	106.7	high confidence set
chr5H	98	486430672	486430744	Ala	CGC	0	0	68.2	44.00	24.20	Inf	Ala	95.8	high confidence set
chr5H	99	656692253	656692181	Arg	CCT	0	0	74.4	55.20	19.20	Inf	Arg	82.9	high confidence set
chr5H	100	504586773	504586693	Leu	CAG	0	0	70.7	49.80	20.90	Inf	Leu	111.3	high confidence set
chr5H	104	584644461	584644389	Glu	CTC	0	0	75.1	49.70	25.40	Inf	Glu	92.7	high confidence set
chr5H	108	498743564	498743637	Trp	CCA	0	0	72.1	42.60	29.50	Inf	Thr	75.4	IPD:-18.90,isotype mismatch
chr5H	112	600462542	600462470	Arg	ACG	0	0	73.2	50.90	22.30	Inf	Arg	94.3	high confidence set
chr5H	114	498623490	498623418	Thr	TGT	0	0	65.7	46.40	19.30	Inf	Thr	80.1	high confidence set
chr5H	116	657405577	657405506	Cys	GCA	0	0	69.0	50.00	19.00	Inf	Cys	90.8	high confidence set
chr5H	117	587044804	587044732	Arg	CCG	0	0	69.2	51.50	17.70	Inf	Arg	94.3	high confidence set
chr5H	118	510678767	510678838	Gly	TCC	0	0	74.1	46.70	27.40	Inf	Gly	84.2	high confidence set
chr5H	120	539862051	539861979	Phe	GAA	0	0	78.3	58.40	19.90	Inf	Phe	113.2	high confidence set
chr5H	121	517610601	517610674	Asn	GTT	0	0	80.0	54.90	25.10	Inf	Asn	93.1	high confidence set
chr5H	122	587382334	587382263	Pro	CGG	0	0	68.2	35.30	32.90	Inf	Pro	113.0	high confidence set
chr5H	124	657411428	657411357	Cys	GCA	0	0	81.7	56.10	25.60	Inf	Cys	104.3	high confidence set
chr5H	127	587900417	587900344	Glu	TTC	0	0	62.9	35.40	27.50	Inf	Glu	84.0	high confidence set
chr5H	129	543228750	543228837	Met	CAT	543228788	543228801	64.1	40.70	23.40	Inf	Met	104.0	high confidence set
chr5H	131	607031825	607031752	Glu	TTC	0	0	62.9	35.40	27.50	Inf	Glu	84.0	high confidence set
chr5H	133	543235017	543235104	Arg	CCT	543235055	543235068	51.5	30.20	21.30	Inf	Met	89.4	IPD:-39.90,isotype mismatch
chr5H	135	453639215	453639131	Tyr	GTA	453639178	453639167	73.8	41.90	31.90	Inf	Tyr	106.6	high confidence set
chr5H	136	657420650	657420579	Cys	GCA	0	0	81.7	56.10	25.60	Inf	Cys	104.3	high confidence set
chr5H	137	553301414	553301487	Asn	GTT	0	0	81.1	55.90	25.20	Inf	Asn	94.2	high confidence set
chr5H	139	555382529	555382600	Thr	TGT	0	0	84.3	58.00	26.30	Inf	Thr	93.3	high confidence set
chr5H	140	555730399	555730470	Pro	TGG	0	0	69.6	37.70	31.90	Inf	Pro	108.3	high confidence set
chr5H	141	555974595	555974666	Pro	TGG	0	0	69.6	37.70	31.90	Inf	Pro	108.3	high confidence set
chr5H	143	556064764	556064835	Pro	TGG	0	0	69.6	37.70	31.90	Inf	Pro	108.3	high confidence set
chr5H	144	657445921	657445850	Cys	GCA	0	0	69.0	50.00	19.00	Inf	Cys	90.8	high confidence set
chr5H	149	562372180	562372253	Asn	GTT	0	0	77.5	52.40	25.10	Inf	Asn	91.0	high confidence set
chr5H	150	617227110	617227039	Cys	GCA	0	0	81.7	56.10	25.60	Inf	Cys	104.3	high confidence set
chr5H	151	566161846	566161917	iMet	CAT	0	0	58.3	28.10	30.20	Inf	iMet	118.7	high confidence set
chr5H	153	571034600	571034671	Pro	TGG	0	0	69.6	37.70	31.90	Inf	Pro	108.3	high confidence set
chr5H	154	657451773	657451702	Cys	GCA	0	0	81.7	56.10	25.60	Inf	Cys	104.3	high confidence set
chr5H	158	581957887	581957968	Ser	AGA	0	0	72.4	44.30	28.10	Inf	Ser	105.4	high confidence set
chr5H	159	581965404	581965485	Ser	AGA	0	0	80.3	44.00	36.30	Inf	Ser	115.3	high confidence set
chr5H	160	582601993	582602065	Arg	TCT	0	0	58.0	47.40	10.60	Inf	Arg	82.3	high confidence set
chr5H	161	597796178	597796106	Arg	CCT	0	0	74.4	55.20	19.20	Inf	Arg	82.9	high confidence set
chr5H	162	582647175	582647247	Arg	TCT	0	0	68.1	50.00	18.10	Inf	Arg	96.3	high confidence set
chr5H	163	657621977	657621906	Cys	GCA	0	0	81.7	56.10	25.60	Inf	Cys	104.3	high confidence set
chr5H	167	635867464	635867392	Glu	CTC	0	0	75.1	49.70	25.40	Inf	Glu	92.7	high confidence set
chr5H	168	597073929	597074000	Lys	TTT	0	0	91.1	67.20	23.90	Inf	Lys	93.8	high confidence set
chr5H	169	597080054	597080125	Lys	TTT	0	0	91.1	67.20	23.90	Inf	Lys	93.8	high confidence set
chr5H	170	657622749	657622678	Cys	GCA	0	0	81.7	56.10	25.60	Inf	Cys	104.3	high confidence set
chr5H	173	608848089	608848160	Gln	CTG	0	0	74.7	50.50	24.20	Inf	Gln	103.8	high confidence set
chr5H	174	609074463	609074536	Thr	AGT	0	0	73.6	45.20	28.40	Inf	Thr	88.6	high confidence set
chr5H	175	609079853	609079926	Thr	AGT	0	0	73.6	45.20	28.40	Inf	Thr	88.6	high confidence set
chr5H	176	639490058	639489986	Glu	CTC	0	0	75.1	49.70	25.40	Inf	Glu	92.7	high confidence set
chr5H	177	609244688	609244761	Thr	AGT	0	0	73.6	45.20	28.40	Inf	Thr	88.6	high confidence set
chr5H	178	609291422	609291495	Thr	AGT	0	0	73.6	45.20	28.40	Inf	Thr	88.6	high confidence set
chr5H	179	390498675	390498604	Trp	CCA	0	0	75.8	51.20	24.60	Inf	Trp	105.6	high confidence set
chr5H	180	657623685	657623614	Cys	GCA	0	0	81.7	56.10	25.60	Inf	Cys	104.3	high confidence set
chr5H	181	609688203	609688274	Lys	TTT	0	0	91.1	67.20	23.90	Inf	Lys	93.8	high confidence set
chr5H	183	614053925	614053998	Val	AAC	0	0	72.5	48.10	24.40	Inf	Val	100.2	high confidence set
chr5H	184	614061794	614061866	Arg	ACG	0	0	73.2	50.90	22.30	Inf	Arg	94.3	high confidence set
chr5H	185	639527114	639527042	Glu	CTC	0	0	75.1	49.70	25.40	Inf	Glu	92.7	high confidence set
chr5H	186	657624621	657624550	Cys	GCA	0	0	81.7	56.10	25.60	Inf	Cys	104.3	high confidence set
chr5H	187	618622781	618622851	Gly	GCC	0	0	66.5	44.80	21.70	Inf	Gly	94.4	high confidence set
chr5H	190	631908536	631908622	Met	CAT	631908574	631908586	64.2	40.70	23.50	Inf	Met	104.0	high confidence set
chr5H	191	365073075	365073004	Pro	CGG	0	0	68.2	35.30	32.90	Inf	Pro	113.0	high confidence set
chr5H	193	635808912	635808984	Arg	CCT	0	0	74.4	55.20	19.20	Inf	Arg	82.9	high confidence set
chr5H	194	363529501	363529420	Ser	TGA	0	0	78.2	44.40	33.80	Inf	Ser	107.5	high confidence set
chr5H	195	636816684	636816767	Leu	CAA	0	0	81.6	58.10	23.50	Inf	Leu	123.8	high confidence set
chr5H	196	639601058	639601130	Glu	CTC	0	0	75.1	49.70	25.40	Inf	Glu	92.7	high confidence set
chr5H	197	639610022	639610094	Glu	CTC	0	0	75.1	49.70	25.40	Inf	Glu	92.7	high confidence set
chr5H	199	652486195	652486267	Lys	CTT	0	0	73.6	54.20	19.40	Inf	Lys	91.3	high confidence set
chr5H	200	652968576	652968647	Gln	TTG	0	0	76.3	56.30	20.00	Inf	Gln	99.2	high confidence set
chr5H	201	655293141	655293222	Ser	CGA	0	0	78.9	46.60	32.30	Inf	Ser	122.0	high confidence set
chr5H	202	655298484	655298564	Ser	CGA	0	0	61.1	36.20	24.90	Inf	Ser	106.6	high confidence set
chr5H	203	657131422	657131503	Ser	AGA	0	0	80.3	44.00	36.30	Inf	Ser	115.3	high confidence set
chr5H	204	659318430	659318357	Val	CAC	0	0	79.3	48.30	31.00	Inf	Val	104.5	high confidence set
chr5H	205	657537744	657537815	Cys	GCA	0	0	81.7	56.10	25.60	Inf	Cys	104.3	high confidence set
chr5H	206	657541489	657541560	Cys	GCA	0	0	81.7	56.10	25.60	Inf	Cys	104.3	high confidence set
chr5H	207	657542421	657542492	Cys	GCA	0	0	81.7	56.10	25.60	Inf	Cys	104.3	high confidence set
chr5H	208	657543355	657543425	Cys	GCA	0	0	66.5	44.50	22.00	Inf	Cys	91.3	high confidence set
chr5H	209	657544355	657544425	Cys	GCA	0	0	66.5	44.50	22.00	Inf	Cys	91.3	high confidence set
chr5H	211	657767507	657767578	Cys	GCA	0	0	81.7	56.10	25.60	Inf	Cys	104.3	high confidence set
chr5H	212	658790070	658790143	Val	CAC	0	0	79.3	48.30	31.00	Inf	Val	104.5	high confidence set
chr5H	213	659324887	659324814	Val	CAC	0	0	79.3	48.30	31.00	Inf	Val	104.5	high confidence set
chr5H	214	658790210	658790282	Val	CAC	0	0	55.7	34.90	20.80	Inf	Val	80.6	high confidence set
chr5H	215	658987140	658987213	Val	CAC	0	0	79.3	48.30	31.00	Inf	Val	104.5	high confidence set
chr5H	216	658990718	658990791	Val	CAC	0	0	70.1	38.80	31.30	Inf	Val	92.1	high confidence set
chr5H	217	659017159	659017232	Val	CAC	0	0	79.3	48.30	31.00	Inf	Val	104.5	high confidence set
chr5H	222	317426961	317426889	Phe	GAA	0	0	78.3	58.40	19.90	Inf	Phe	113.2	high confidence set
chr5H	223	278480973	278480902	Pro	AGG	0	0	67.4	34.70	32.70	Inf	Pro	112.3	high confidence set
chr5H	226	265023805	265023733	Arg	TCT	0	0	69.9	49.40	20.50	Inf	Arg	99.6	high confidence set
chr5H	239	153926807	153926725	Leu	TAA	0	0	76.1	38.50	37.60	Inf	Leu	99.9	high confidence set
chr5H	240	153857070	153856988	Leu	TAA	0	0	76.1	38.50	37.60	Inf	Leu	99.9	high confidence set
chr5H	242	120474687	120474606	Ser	AGA	0	0	80.3	44.00	36.30	Inf	Ser	115.3	high confidence set
chr5H	244	113924718	113924647	Gly	TCC	0	0	74.1	46.70	27.40	Inf	Gly	84.2	high confidence set
chr5H	246	99768660	99768588	Lys	CTT	0	0	87.7	67.60	20.10	Inf	Lys	106.7	high confidence set
chr5H	247	92317870	92317798	Lys	CTT	0	0	68.6	55.10	13.50	Inf	Lys	89.1	high confidence set
chr5H	253	8238334	8238248	Ser	GGA	0	0	57.8	30.20	27.60	Inf	Ser	80.1	high confidence set
chr5H	254	7987964	7987893	Gln	CTG	0	0	74.7	50.50	24.20	Inf	Gln	103.8	high confidence set
chr5H	255	7985713	7985642	Gln	CTG	0	0	74.7	50.50	24.20	Inf	Gln	103.8	high confidence set
chr5H	256	6493382	6493310	Arg	CCT	0	0	74.4	55.20	19.20	Inf	Arg	82.9	high confidence set
chr5H	257	6155778	6155707	Gln	CTG	0	0	74.7	50.50	24.20	Inf	Gln	103.8	high confidence set
chr5H	258	2946045	2945973	Arg	CCT	0	0	74.4	55.20	19.20	Inf	Arg	82.9	high confidence set
chr5H	259	2746469	2746397	Arg	CCT	0	0	74.4	55.20	19.20	Inf	Arg	82.9	high confidence set
chr6H	1	14214797	14214868	Thr	CGT	0	0	78.4	50.50	27.90	Inf	Thr	89.5	high confidence set
chr6H	2	14223518	14223589	Thr	CGT	0	0	78.4	50.50	27.90	Inf	Thr	89.5	high confidence set
chr6H	3	14471283	14471354	iMet	CAT	0	0	58.3	28.10	30.20	Inf	iMet	118.7	high confidence set
chr6H	4	15304436	15304506	Gly	GCC	0	0	58.6	44.10	14.50	Inf	Gly	87.6	high confidence set
chr6H	5	15903598	15903668	Gly	GCC	0	0	66.5	44.80	21.70	Inf	Gly	94.4	high confidence set
chr6H	7	16521005	16521078	Val	AAC	0	0	72.5	48.10	24.40	Inf	Val	100.2	high confidence set
chr6H	9	21805298	21805370	Ala	AGC	0	0	55.8	31.30	24.50	Inf	Ala	92.5	high confidence set
chr6H	10	24993946	24994027	Ser	GCT	0	0	79.0	43.10	35.90	Inf	Ser	108.6	high confidence set
chr6H	11	25313698	25313770	Ala	AGC	0	0	55.8	31.30	24.50	Inf	Ala	92.5	high confidence set
chr6H	12	27776041	27776113	Ala	AGC	0	0	55.8	31.30	24.50	Inf	Ala	92.5	high confidence set
chr6H	13	32389584	32389656	Ala	CGC	0	0	58.0	41.20	16.80	Inf	Ala	84.0	high confidence set
chr6H	15	37677147	37677235	Met	CAT	37677185	37677199	64.1	40.60	23.50	Inf	Met	104.0	high confidence set
chr6H	17	37718896	37718993	Met	CAT	37718934	37718957	63.8	40.30	23.50	Inf	Met	104.0	high confidence set
chr6H	18	37735625	37735713	Met	CAT	37735663	37735677	64.1	40.60	23.50	Inf	Met	104.0	high confidence set
chr6H	19	38237569	38237640	Gly	TCC	0	0	74.1	46.70	27.40	Inf	Gly	84.2	high confidence set
chr6H	20	55617290	55617361	His	GTG	0	0	63.0	33.70	29.30	Inf	His	87.1	high confidence set
chr6H	21	55618899	55618970	His	GTG	0	0	63.0	33.70	29.30	Inf	His	87.1	high confidence set
chr6H	22	56727286	56727356	Gly	GCC	0	0	58.6	44.10	14.50	Inf	Gly	87.6	high confidence set
chr6H	25	115237753	115237834	Ser	AGA	0	0	80.3	44.00	36.30	Inf	Ser	115.3	high confidence set
chr6H	27	133510687	133510758	His	GTG	0	0	50.4	30.00	20.40	Inf	His	72.4	high confidence set
chr6H	30	142525398	142525468	Gly	CCC	0	0	65.4	28.10	37.30	Inf	Gly	85.4	high confidence set
chr6H	34	159316925	159316996	Gln	CTG	0	0	65.5	37.70	27.80	Inf	Gln	109.7	high confidence set
chr6H	35	159317489	159317560	Pro	AGG	0	0	70.2	43.80	26.40	Inf	Pro	121.0	high confidence set
chr6H	44	202457814	202457885	Pro	AGG	0	0	70.2	43.80	26.40	Inf	Pro	121.0	high confidence set
chr6H	50	247644256	247644329	Trp	CCA	0	0	72.2	42.60	29.60	Inf	Thr	73.2	IPD:-19.90,isotype mismatch
chr6H	58	275519722	275519803	Tyr	GTA	0	0	54.7	31.70	23.00	Inf	Tyr	71.2	high confidence set
chr6H	60	282721754	282721827	Val	AAC	0	0	72.5	48.10	24.40	Inf	Val	100.2	high confidence set
chr6H	62	299474969	299475040	Thr	GGT	0	0	61.4	29.40	32.00	Inf	Thr	73.1	high confidence set
chr6H	64	299475691	299475772	Tyr	GTA	0	0	57.3	33.20	24.10	Inf	Tyr	73.7	high confidence set
chr6H	66	299504923	299505009	Ser	GGA	0	0	63.4	31.40	32.00	Inf	Ser	82.6	high confidence set
chr6H	77	378211575	378211645	Gly	GCC	0	0	66.5	44.80	21.70	Inf	Gly	94.4	high confidence set
chr6H	79	396726139	396726210	Thr	TGT	0	0	84.3	58.00	26.30	Inf	Thr	93.3	high confidence set
chr6H	80	397109584	397109656	Ala	TGC	0	0	70.0	45.30	24.70	Inf	Ala	100.6	high confidence set
chr6H	81	397861373	397861446	Thr	AGT	0	0	73.6	45.20	28.40	Inf	Thr	88.6	high confidence set
chr6H	82	419430288	419430359	Pro	AGG	0	0	69.6	43.20	26.40	Inf	Pro	116.4	high confidence set
chr6H	86	441595007	441595078	Thr	CGT	0	0	82.0	52.80	29.20	Inf	Thr	87.7	high confidence set
chr6H	88	461427029	461427100	iMet	CAT	0	0	56.1	23.80	32.30	Inf	iMet	118.3	high confidence set
chr6H	89	532110174	532110101	Asn	GTT	0	0	80.0	54.90	25.10	Inf	Asn	90.6	high confidence set
chr6H	90	532104083	532103998	Tyr	GTA	532104046	532104034	74.5	42.90	31.60	Inf	Tyr	111.8	high confidence set
chr6H	94	518677334	518677263	Trp	CCA	0	0	75.8	51.20	24.60	Inf	Trp	105.6	high confidence set
chr6H	95	513346401	513346320	Leu	AAG	0	0	74.8	55.10	19.70	Inf	Leu	112.2	high confidence set
chr6H	98	503574252	503574181	iMet	CAT	0	0	58.3	28.10	30.20	Inf	iMet	118.7	high confidence set
chr6H	100	488883506	488883435	Gln	CTG	0	0	74.0	49.50	24.50	Inf	Gln	103.0	high confidence set
chr6H	101	518590364	518590435	Trp	CCA	0	0	75.8	51.20	24.60	Inf	Trp	105.6	high confidence set
chr6H	102	571138410	571138325	Met	CAT	571138372	571138361	64.5	41.20	23.30	Inf	Met	104.0	high confidence set
chr6H	103	518724985	518725056	Trp	CCA	0	0	75.8	51.20	24.60	Inf	Trp	105.6	high confidence set
chr6H	107	571145131	571145045	Met	CAT	571145093	571145081	64.2	40.70	23.50	Inf	Met	104.0	high confidence set
chr6H	108	453900096	453900016	Leu	AAG	0	0	70.1	52.60	17.50	Inf	Leu	105.3	high confidence set
chr6H	112	571145357	571145203	Met	CAT	571145319	571145239	61.9	38.60	23.30	Inf	Met	104.0	high confidence set
chr6H	113	560444104	560444184	Leu	AAG	0	0	68.2	53.10	15.10	Inf	Leu	99.9	high confidence set
chr6H	114	570448638	570448711	Val	CAC	0	0	79.3	48.30	31.00	Inf	Val	104.5	high confidence set
chr6H	115	570951928	570952000	Arg	CCT	0	0	74.4	55.20	19.20	Inf	Arg	82.9	high confidence set
chr6H	116	571863512	571863583	Trp	CCA	0	0	75.8	51.20	24.60	Inf	Trp	105.6	high confidence set
chr6H	117	571789811	571789740	Trp	CCA	0	0	75.8	51.20	24.60	Inf	Trp	105.6	high confidence set
chr6H	119	577855754	577855825	Cys	GCA	0	0	81.7	56.10	25.60	Inf	Cys	104.3	high confidence set
chr6H	121	581146367	581146438	Pro	AGG	0	0	67.4	34.70	32.70	Inf	Pro	112.3	high confidence set
chr6H	123	404658005	404657934	Pro	TGG	0	0	68.5	35.70	32.80	Inf	Pro	111.2	high confidence set
chr6H	124	404656853	404656782	Pro	TGG	0	0	68.5	35.70	32.80	Inf	Pro	111.2	high confidence set
chr6H	125	396730354	396730282	Phe	GAA	0	0	78.3	58.40	19.90	Inf	Phe	113.2	high confidence set
chr6H	130	308849250	308849179	Pro	AGG	0	0	70.2	43.80	26.40	Inf	Pro	121.0	high confidence set
chr6H	131	308848792	308848721	Pro	AGG	0	0	70.2	43.80	26.40	Inf	Pro	121.0	high confidence set
chr6H	136	299524719	299524646	Trp	CCA	0	0	72.0	42.50	29.50	Inf	Thr	75.4	IPD:-18.90,isotype mismatch
chr6H	156	238461703	238461630	Trp	CCA	0	0	72.0	42.50	29.50	Inf	Thr	75.4	IPD:-18.90,isotype mismatch
chr6H	162	182840412	182840339	Asn	GTT	0	0	72.5	46.70	25.80	Inf	Asn	107.2	high confidence set
chr6H	164	144014467	144014387	Leu	AAG	0	0	70.1	52.60	17.50	Inf	Leu	105.3	high confidence set
chr6H	171	122525862	122525790	Glu	CTC	0	0	75.1	49.70	25.40	Inf	Glu	92.7	high confidence set
chr6H	173	83655358	83655287	His	GTG	0	0	57.4	28.10	29.30	Inf	His	81.5	high confidence set
chr6H	175	56612896	56612826	Gly	GCC	0	0	58.0	36.20	21.80	Inf	Gly	87.0	high confidence set
chr6H	176	55696120	55696049	His	GTG	0	0	63.0	33.70	29.30	Inf	His	87.1	high confidence set
chr6H	177	55693167	55693096	His	GTG	0	0	63.0	33.70	29.30	Inf	His	87.1	high confidence set
chr6H	179	36030662	36030581	Ser	GCT	0	0	78.5	42.90	35.60	Inf	Ser	108.6	high confidence set
chr6H	182	21436195	21436123	Ala	AGC	0	0	55.8	31.30	24.50	Inf	Ala	92.5	high confidence set
chr6H	183	19260348	19260276	Arg	ACG	0	0	73.2	50.90	22.30	Inf	Arg	91.4	high confidence set
chr6H	184	19227296	19227224	Arg	ACG	0	0	73.2	50.90	22.30	Inf	Arg	91.4	high confidence set
chr6H	185	16517562	16517491	Pro	CGG	0	0	61.3	32.80	28.50	Inf	Pro	105.4	high confidence set
chr6H	186	16416873	16416800	Val	AAC	0	0	69.6	48.00	21.60	Inf	Val	96.1	high confidence set
chr6H	187	16396559	16396486	Val	AAC	0	0	71.9	47.50	24.40	Inf	Val	99.9	high confidence set
chr6H	188	16153591	16153518	Val	AAC	0	0	72.5	48.10	24.40	Inf	Val	100.2	high confidence set
chr6H	190	15838237	15838167	Gly	GCC	0	0	66.5	44.80	21.70	Inf	Gly	94.4	high confidence set
chr6H	191	15819583	15819513	Gly	GCC	0	0	66.5	44.80	21.70	Inf	Gly	94.4	high confidence set
chr6H	192	15553294	15553224	Gly	GCC	0	0	66.5	44.80	21.70	Inf	Gly	94.4	high confidence set
chr6H	193	15552010	15551940	Gly	GCC	0	0	66.5	44.80	21.70	Inf	Gly	94.4	high confidence set
chr6H	194	15548707	15548637	Gly	GCC	0	0	66.5	44.80	21.70	Inf	Gly	94.4	high confidence set
chr6H	195	14570359	14570288	iMet	CAT	0	0	50.7	22.90	27.80	Inf	iMet	91.6	high confidence set
chr6H	198	14354382	14354311	Thr	CGT	0	0	72.8	45.00	27.80	Inf	Thr	84.1	high confidence set
chr6H	200	14338207	14338136	Thr	CGT	0	0	78.4	50.50	27.90	Inf	Thr	89.5	high confidence set
chr6H	201	14263821	14263750	iMet	CAT	0	0	58.3	28.10	30.20	Inf	iMet	118.7	high confidence set
chr7H	1	1733746	1733818	Ala	CGC	0	0	68.3	44.10	24.20	Inf	Ala	99.2	high confidence set
chr7H	6	13531878	13531959	Ser	GCT	0	0	79.0	43.10	35.90	Inf	Ser	108.6	high confidence set
chr7H	7	18703592	18703663	Gly	TCC	0	0	74.1	46.70	27.40	Inf	Gly	84.2	high confidence set
chr7H	9	21516003	21516074	Gly	TCC	0	0	74.1	46.70	27.40	Inf	Gly	84.2	high confidence set
chr7H	10	21564885	21564956	Gly	TCC	0	0	74.1	46.70	27.40	Inf	Gly	84.2	high confidence set
chr7H	12	21570689	21570760	Gly	TCC	0	0	74.1	46.70	27.40	Inf	Gly	84.2	high confidence set
chr7H	13	21795870	21795942	Ala	AGC	0	0	55.8	31.30	24.50	Inf	Ala	92.5	high confidence set
chr7H	22	24246423	24246493	Gly	CCC	0	0	65.4	28.10	37.30	Inf	Gly	85.4	high confidence set
chr7H	23	24250580	24250652	Ala	AGC	0	0	54.8	30.30	24.50	Inf	Ala	91.8	high confidence set
chr7H	25	24278491	24278561	Gly	CCC	0	0	65.4	28.10	37.30	Inf	Gly	85.4	high confidence set
chr7H	27	24300377	24300449	Ala	AGC	0	0	55.8	31.30	24.50	Inf	Ala	92.5	high confidence set
chr7H	28	24300528	24300598	Gly	CCC	0	0	65.4	28.10	37.30	Inf	Gly	85.4	high confidence set
chr7H	29	24387820	24387892	Ala	AGC	0	0	55.8	31.30	24.50	Inf	Ala	92.5	high confidence set
chr7H	30	24682128	24682200	Ala	AGC	0	0	55.8	31.30	24.50	Inf	Ala	92.5	high confidence set
chr7H	31	24683297	24683369	Ala	AGC	0	0	55.8	31.30	24.50	Inf	Ala	92.5	high confidence set
chr7H	32	24688284	24688354	Gly	CCC	0	0	65.4	28.10	37.30	Inf	Gly	85.4	high confidence set
chr7H	33	24688442	24688514	Ala	AGC	0	0	55.8	31.30	24.50	Inf	Ala	92.5	high confidence set
chr7H	34	24696217	24696289	Ala	AGC	0	0	55.8	31.30	24.50	Inf	Ala	92.5	high confidence set
chr7H	35	24710126	24710196	Gly	CCC	0	0	65.4	28.10	37.30	Inf	Gly	85.4	high confidence set
chr7H	36	26195337	26195407	Gly	GCC	0	0	66.5	44.80	21.70	Inf	Gly	94.4	high confidence set
chr7H	37	31456467	31456539	Ala	AGC	0	0	55.8	31.30	24.50	Inf	Ala	92.5	high confidence set
chr7H	41	42674384	42674455	Pro	TGG	0	0	69.6	37.70	31.90	Inf	Pro	108.3	high confidence set
chr7H	42	42715834	42715905	Pro	TGG	0	0	69.6	37.70	31.90	Inf	Pro	108.3	high confidence set
chr7H	44	70267118	70267189	Trp	CCA	0	0	75.8	51.20	24.60	Inf	Trp	105.6	high confidence set
chr7H	45	75224923	75225004	Ser	GCT	0	0	78.5	42.90	35.60	Inf	Ser	108.6	high confidence set
chr7H	46	78399774	78399846	Arg	ACG	0	0	64.2	45.60	18.60	Inf	Arg	98.9	high confidence set
chr7H	48	79251202	79251274	Ala	TGC	0	0	69.6	44.70	24.90	Inf	Ala	98.6	high confidence set
chr7H	49	82946080	82946153	Val	AAC	0	0	54.2	38.90	15.30	Inf	Val	71.9	high confidence set
chr7H	50	87817559	87817631	Ala	TGC	0	0	69.6	44.70	24.90	Inf	Ala	98.6	high confidence set
chr7H	54	134669405	134669478	Ile	TAT	0	0	87.1	72.60	14.50	Inf	Ile	104.3	high confidence set
chr7H	55	134679142	134679214	Arg	CCG	0	0	69.2	51.50	17.70	Inf	Arg	94.3	high confidence set
chr7H	57	139646797	139646868	Gly	TCC	0	0	74.1	46.70	27.40	Inf	Gly	84.2	high confidence set
chr7H	64	191599375	191599461	Ser	GGA	0	0	63.4	31.40	32.00	Inf	Ser	82.6	high confidence set
chr7H	69	226125911	226125991	Leu	AAG	0	0	70.1	52.60	17.50	Inf	Leu	105.3	high confidence set
chr7H	70	250832498	250832569	Pro	TGG	0	0	69.6	37.70	31.90	Inf	Pro	108.3	high confidence set
chr7H	79	620083788	620083716	Arg	CCG	0	0	67.3	50.10	17.20	Inf	Arg	91.1	high confidence set
chr7H	80	609560141	609560070	His	GTG	0	0	56.7	26.30	30.40	Inf	His	76.0	high confidence set
chr7H	83	433050380	433050451	Gly	TCC	0	0	74.1	46.70	27.40	Inf	Gly	84.2	high confidence set
chr7H	85	560238702	560238630	Thr	TGT	0	0	65.7	46.40	19.30	Inf	Thr	80.1	high confidence set
chr7H	87	628364463	628364391	Phe	GAA	0	0	78.3	58.40	19.90	Inf	Phe	113.2	high confidence set
chr7H	88	560230301	560230230	Thr	GGT	0	0	61.4	29.40	32.00	Inf	Thr	73.1	high confidence set
chr7H	90	560229579	560229498	Tyr	GTA	0	0	57.3	33.20	24.10	Inf	Tyr	73.7	high confidence set
chr7H	92	560067408	560067336	Gln	CTG	0	0	67.3	49.00	18.30	Inf	Gln	96.0	high confidence set
chr7H	93	559903447	559903376	Gln	CTG	0	0	74.0	49.50	24.50	Inf	Gln	103.0	high confidence set
chr7H	94	559900833	559900762	Gln	CTG	0	0	74.0	49.50	24.50	Inf	Gln	103.0	high confidence set
chr7H	97	635425892	635425820	Glu	CTC	0	0	72.8	49.60	23.20	Inf	Glu	95.5	high confidence set
chr7H	102	635614517	635614445	Glu	CTC	0	0	75.1	49.70	25.40	Inf	Glu	92.7	high confidence set
chr7H	103	456220755	456220827	Arg	TCT	0	0	63.1	43.00	20.10	Inf	Arg	88.1	high confidence set
chr7H	104	457786652	457786723	Gln	TTG	0	0	75.8	55.40	20.40	Inf	Gln	105.2	high confidence set
chr7H	105	540510461	540510390	Gln	CTG	0	0	74.7	50.50	24.20	Inf	Gln	103.8	high confidence set
chr7H	106	464653655	464653727	Ala	CGC	0	0	68.3	44.10	24.20	Inf	Ala	99.2	high confidence set
chr7H	111	635755657	635755585	Glu	CTC	0	0	59.7	48.40	11.30	Inf	Glu	86.9	high confidence set
chr7H	114	489798703	489798774	Thr	GGT	0	0	61.4	29.40	32.00	Inf	Thr	73.1	high confidence set
chr7H	116	489799425	489799506	Tyr	GTA	0	0	57.3	33.20	24.10	Inf	Tyr	73.7	high confidence set
chr7H	118	635760140	635760068	Glu	CTC	0	0	67.6	46.00	21.60	Inf	Glu	85.6	high confidence set
chr7H	122	635776528	635776456	Glu	CTC	0	0	75.1	49.70	25.40	Inf	Glu	92.7	high confidence set
chr7H	124	569663633	569663553	Leu	CAG	0	0	70.7	49.80	20.90	Inf	Leu	111.3	high confidence set
chr7H	126	489791677	489791590	Ser	GCT	0	0	69.2	39.20	30.00	Inf	Ser	84.1	high confidence set
chr7H	131	517556513	517556583	Gly	GCC	0	0	66.5	44.80	21.70	Inf	Gly	94.4	high confidence set
chr7H	132	517784223	517784295	Phe	GAA	0	0	78.3	58.40	19.90	Inf	Phe	113.2	high confidence set
chr7H	134	547918481	547918398	Leu	CAA	0	0	79.3	56.30	23.00	Inf	Leu	123.2	high confidence set
chr7H	135	480153155	480153084	Lys	TTT	0	0	91.9	68.20	23.70	Inf	Lys	94.4	high confidence set
chr7H	136	636192285	636192213	Glu	CTC	0	0	73.9	48.50	25.40	Inf	Glu	90.3	high confidence set
chr7H	137	529400319	529400390	Pro	AGG	0	0	70.2	43.80	26.40	Inf	Pro	121.0	high confidence set
chr7H	138	593989894	593989822	Glu	CTC	0	0	75.1	49.70	25.40	Inf	Glu	92.7	high confidence set
chr7H	139	459152045	459151961	Tyr	GTA	459152008	459151997	72.2	39.00	33.20	Inf	Tyr	110.0	high confidence set
chr7H	141	454739703	454739631	Phe	GAA	0	0	78.3	58.40	19.90	Inf	Phe	113.2	high confidence set
chr7H	142	546174545	546174616	Pro	AGG	0	0	67.4	34.70	32.70	Inf	Pro	112.3	high confidence set
chr7H	148	594002624	594002552	Glu	CTC	0	0	73.2	50.20	23.00	Inf	Glu	91.5	high confidence set
chr7H	150	636604056	636603984	Ala	AGC	0	0	55.8	31.30	24.50	Inf	Ala	92.5	high confidence set
chr7H	151	557485376	557485449	Val	CAC	0	0	78.1	48.30	29.80	Inf	Val	102.2	high confidence set
chr7H	156	594156387	594156315	Glu	CTC	0	0	75.1	49.70	25.40	Inf	Glu	92.7	high confidence set
chr7H	159	560237327	560237414	Ser	GCT	0	0	69.2	39.20	30.00	Inf	Ser	84.1	high confidence set
chr7H	161	638438536	638438455	Ser	AGA	0	0	80.3	44.00	36.30	Inf	Ser	115.3	high confidence set
chr7H	167	594263770	594263698	Glu	CTC	0	0	75.1	49.70	25.40	Inf	Glu	92.7	high confidence set
chr7H	168	569491207	569491287	Leu	CAG	0	0	70.7	49.80	20.90	Inf	Leu	111.3	high confidence set
chr7H	169	571212441	571212521	Leu	CAG	0	0	70.7	49.80	20.90	Inf	Leu	111.3	high confidence set
chr7H	170	643335786	643335706	Leu	AAG	0	0	70.1	52.60	17.50	Inf	Leu	105.3	high confidence set
chr7H	175	588094759	588094830	His	GTG	0	0	63.0	33.70	29.30	Inf	His	87.1	high confidence set
chr7H	177	407327698	407327614	Tyr	GTA	407327661	407327650	74.5	43.00	31.50	Inf	Tyr	111.8	high confidence set
chr7H	178	593809872	593809944	Glu	CTC	0	0	75.1	49.70	25.40	Inf	Glu	92.7	high confidence set
chr7H	180	651142812	651142741	Pro	AGG	0	0	67.4	34.70	32.70	Inf	Pro	112.3	high confidence set
chr7H	181	607554379	607554450	Lys	TTT	0	0	91.1	67.20	23.90	Inf	Lys	93.8	high confidence set
chr7H	183	611126054	611126126	Lys	CTT	0	0	87.7	67.60	20.10	Inf	Lys	106.7	high confidence set
chr7H	186	651204457	651204386	Pro	AGG	0	0	67.4	34.70	32.70	Inf	Pro	112.3	high confidence set
chr7H	188	627328973	627329044	Pro	AGG	0	0	67.4	34.70	32.70	Inf	Pro	112.3	high confidence set
chr7H	189	628157675	628157747	Phe	GAA	0	0	78.3	58.40	19.90	Inf	Phe	113.2	high confidence set
chr7H	190	628276639	628276711	Phe	GAA	0	0	78.3	58.40	19.90	Inf	Phe	113.2	high confidence set
chr7H	191	628360508	628360580	Phe	GAA	0	0	78.3	58.40	19.90	Inf	Phe	113.2	high confidence set
chr7H	192	628363979	628364051	Phe	GAA	0	0	78.3	58.40	19.90	Inf	Phe	113.2	high confidence set
chr7H	193	651210610	651210539	Pro	AGG	0	0	67.4	34.70	32.70	Inf	Pro	112.3	high confidence set
chr7H	195	630763354	630763426	Lys	CTT	0	0	83.3	64.00	19.30	Inf	Lys	103.2	high confidence set
chr7H	197	632201936	632202007	Pro	CGG	0	0	65.2	35.80	29.40	Inf	Pro	103.5	high confidence set
chr7H	200	636176255	636176327	Glu	CTC	0	0	75.1	49.70	25.40	Inf	Glu	92.7	high confidence set
chr7H	202	646448825	646448753	Phe	GAA	0	0	68.6	45.70	22.90	Inf	Tyr	80.3	IPD:-8.50,isotype mismatch
chr7H	204	641014185	641014256	Trp	CCA	0	0	75.8	51.20	24.60	Inf	Trp	105.6	high confidence set
chr7H	205	642640389	642640460	Trp	CCA	0	0	75.8	51.20	24.60	Inf	Trp	105.6	high confidence set
chr7H	207	650074433	650074504	Pro	TGG	0	0	69.6	37.70	31.90	Inf	Pro	108.3	high confidence set
chr7H	211	651231203	651231274	Pro	AGG	0	0	67.4	34.70	32.70	Inf	Pro	112.3	high confidence set
chr7H	212	651235421	651235492	Pro	AGG	0	0	67.4	34.70	32.70	Inf	Pro	112.3	high confidence set
chr7H	213	654032065	654032136	Thr	CGT	0	0	78.4	50.50	27.90	Inf	Thr	89.5	high confidence set
chr7H	220	260244968	260244896	Arg	CCG	0	0	69.2	51.50	17.70	Inf	Arg	94.3	high confidence set
chr7H	221	233984377	233984306	Thr	TGT	0	0	84.3	58.00	26.30	Inf	Thr	93.3	high confidence set
chr7H	226	194485951	194485879	Glu	CTC	0	0	75.1	49.70	25.40	Inf	Glu	92.7	high confidence set
chr7H	227	193286610	193286538	Arg	TCT	0	0	68.8	51.30	17.50	Inf	Arg	97.8	high confidence set
chr7H	230	186355819	186355749	Phe	GAA	0	0	64.5	48.80	15.70	Inf	Phe	88.6	high confidence set
chr7H	235	167829550	167829478	Arg	ACG	0	0	64.2	45.60	18.60	Inf	Arg	98.9	high confidence set
chr7H	238	128134778	128134707	iMet	CAT	0	0	58.3	28.10	30.20	Inf	iMet	118.7	high confidence set
chr7H	240	90625504	90625433	Trp	CCA	0	0	74.2	47.90	26.30	Inf	Trp	101.5	high confidence set
chr7H	241	90599927	90599856	Trp	CCA	0	0	74.2	47.90	26.30	Inf	Trp	101.5	high confidence set
chr7H	242	90019863	90019792	Trp	CCA	0	0	74.2	47.90	26.30	Inf	Trp	101.5	high confidence set
chr7H	243	66858573	66858500	Thr	AGT	0	0	73.6	45.20	28.40	Inf	Thr	88.6	high confidence set
chr7H	244	66847316	66847243	Thr	AGT	0	0	73.6	45.20	28.40	Inf	Thr	88.6	high confidence set
chr7H	245	66842218	66842146	Ala	AGC	0	0	55.8	31.30	24.50	Inf	Ala	92.5	high confidence set
chr7H	247	64707864	64707792	Lys	TTT	0	0	91.4	66.60	24.80	Inf	Lys	95.4	high confidence set
chr7H	249	52177360	52177288	Ala	TGC	0	0	69.6	44.70	24.90	Inf	Ala	98.6	high confidence set
chr7H	250	47443068	47442996	Ala	AGC	0	0	55.8	31.30	24.50	Inf	Ala	92.5	high confidence set
chr7H	251	47435094	47435022	Ala	AGC	0	0	55.8	31.30	24.50	Inf	Ala	92.5	high confidence set
chr7H	252	44706899	44706828	Pro	TGG	0	0	69.6	37.70	31.90	Inf	Pro	108.3	high confidence set
chr7H	253	42700477	42700406	Pro	TGG	0	0	69.6	37.70	31.90	Inf	Pro	108.3	high confidence set
chr7H	257	31124522	31124450	Ala	TGC	0	0	69.6	44.70	24.90	Inf	Ala	98.6	high confidence set
chr7H	258	30970933	30970861	Ala	TGC	0	0	69.6	44.70	24.90	Inf	Ala	98.6	high confidence set
chr7H	263	24401146	24401074	Ala	AGC	0	0	53.7	34.50	19.20	Inf	Ala	88.1	high confidence set
chr7H	264	24395940	24395868	Ala	AGC	0	0	55.8	31.30	24.50	Inf	Ala	92.5	high confidence set
chr7H	265	24395789	24395719	Gly	CCC	0	0	65.4	28.10	37.30	Inf	Gly	85.4	high confidence set
chr7H	266	24394453	24394381	Ala	AGC	0	0	55.8	31.30	24.50	Inf	Ala	92.5	high confidence set
chr7H	267	24066007	24065935	Ala	AGC	0	0	53.3	30.00	23.30	Inf	Ala	88.0	high confidence set
chr7H	268	24064205	24064133	Ala	AGC	0	0	55.8	31.30	24.50	Inf	Ala	92.5	high confidence set
chr7H	269	21676152	21676080	Ala	AGC	0	0	55.8	31.30	24.50	Inf	Ala	92.5	high confidence set
chr7H	271	21489050	21488979	Gly	TCC	0	0	74.1	46.70	27.40	Inf	Gly	84.2	high confidence set
chr7H	279	1755752	1755680	Ala	CGC	0	0	68.3	44.10	24.20	Inf	Ala	99.2	high confidence set
chrUn	2	10486025	10486098	Ile	AAT	0	0	77.0	51.80	25.20	Inf	Ile	102.1	high confidence set
chrUn	3	10488365	10488438	Ile	AAT	0	0	77.0	51.80	25.20	Inf	Ile	102.1	high confidence set
chrUn	6	34400795	34400866	Pro	AGG	0	0	67.4	34.70	32.70	Inf	Pro	112.3	high confidence set
chrUn	8	76403264	76403332	Thr	TGT	0	0	64.1	49.00	15.10	Inf	Met	71.1	IPD:-6.20,isotype mismatch
chrUn	10	79009870	79009943	Thr	AGT	0	0	73.6	45.20	28.40	Inf	Thr	88.6	high confidence set
chrUn	11	101256036	101256108	Ala	CGC	0	0	68.3	44.10	24.20	Inf	Ala	99.2	high confidence set
chrUn	12	101268496	101268568	Ala	CGC	0	0	68.3	44.10	24.20	Inf	Ala	99.2	high confidence set
chrUn	13	101287776	101287848	Ala	CGC	0	0	68.3	44.10	24.20	Inf	Ala	99.2	high confidence set
chrUn	16	104750318	104750392	Pro	TGG	0	0	62.8	32.80	30.00	Inf	Trp	73.3	IPD:-42.40,isotype mismatch
chrUn	19	113579069	113579149	Leu	AAG	0	0	71.5	51.30	20.20	Inf	Leu	107.1	high confidence set
chrUn	28	127813466	127813553	Ser	GGA	0	0	58.6	31.70	26.90	Inf	Ser	82.1	high confidence set
chrUn	33	127884999	127885072	Trp	CCA	0	0	72.0	42.50	29.50	Inf	Thr	75.4	IPD:-18.90,isotype mismatch
chrUn	34	127903129	127903201	Thr	TGT	0	0	65.7	46.40	19.30	Inf	Thr	80.1	high confidence set
chrUn	40	127941476	127941563	Ser	GCT	0	0	69.2	39.20	30.00	Inf	Ser	84.1	high confidence set
chrUn	45	127979318	127979390	Thr	TGT	0	0	65.7	46.40	19.30	Inf	Thr	80.1	high confidence set
chrUn	49	142280137	142280223	Ser	GGA	0	0	63.4	31.40	32.00	Inf	Ser	82.6	high confidence set
chrUn	52	142299769	142299841	Thr	TGT	0	0	65.7	46.40	19.30	Inf	Thr	80.1	high confidence set
chrUn	61	149754592	149754665	Trp	CCA	0	0	72.0	42.50	29.50	Inf	Thr	75.4	IPD:-18.90,isotype mismatch
chrUn	62	149772713	149772785	Thr	TGT	0	0	65.7	46.40	19.30	Inf	Thr	80.1	high confidence set
chrUn	68	149811054	149811141	Ser	GCT	0	0	69.2	39.20	30.00	Inf	Ser	84.1	high confidence set
chrUn	74	151369028	151369100	Thr	TGT	0	0	64.5	45.20	19.30	Inf	Thr	78.7	high confidence set
chrUn	80	165196729	165196815	Ser	GGA	0	0	63.4	31.40	32.00	Inf	Ser	82.6	high confidence set
chrUn	81	178821476	178821549	Trp	CCA	0	0	72.1	42.60	29.50	Inf	Thr	75.4	IPD:-18.90,isotype mismatch
chrUn	87	186701023	186701094	Thr	GGT	0	0	61.4	29.40	32.00	Inf	Thr	73.1	high confidence set
chrUn	89	186701745	186701826	Tyr	GTA	0	0	57.3	33.20	24.10	Inf	Tyr	73.7	high confidence set
chrUn	91	186737540	186737612	Thr	TGT	0	0	65.7	46.40	19.30	Inf	Thr	80.1	high confidence set
chrUn	104	198145783	198145856	Trp	CCA	0	0	72.0	42.50	29.50	Inf	Thr	75.4	IPD:-18.90,isotype mismatch
chrUn	105	198164202	198164274	Thr	TGT	0	0	65.7	46.40	19.30	Inf	Thr	80.1	high confidence set
chrUn	114	200125829	200125900	Thr	GGT	0	0	61.4	29.40	32.00	Inf	Thr	73.1	high confidence set
chrUn	116	200126551	200126632	Tyr	GTA	0	0	57.3	33.20	24.10	Inf	Tyr	73.7	high confidence set
chrUn	118	200155783	200155869	Ser	GGA	0	0	63.4	31.40	32.00	Inf	Ser	82.6	high confidence set
chrUn	132	205809886	205809959	Trp	CCA	0	0	72.0	42.50	29.50	Inf	Thr	75.4	IPD:-18.90,isotype mismatch
chrUn	133	205828017	205828089	Thr	TGT	0	0	65.7	46.40	19.30	Inf	Thr	80.1	high confidence set
chrUn	138	205866975	205867046	Thr	GGT	0	0	61.4	29.40	32.00	Inf	Thr	73.1	high confidence set
chrUn	140	205867697	205867778	Tyr	GTA	0	0	57.3	33.20	24.10	Inf	Tyr	73.7	high confidence set
chrUn	145	205915526	205915614	Ser	GCT	0	0	68.6	38.80	29.80	Inf	Ser	83.6	high confidence set
chrUn	148	205971770	205971842	Thr	TGT	0	0	65.7	46.40	19.30	Inf	Thr	80.1	high confidence set
chrUn	149	205988388	205988475	Ser	GCT	0	0	69.2	39.20	30.00	Inf	Ser	84.1	high confidence set
chrUn	151	206038098	206038170	Thr	TGT	0	0	65.7	46.40	19.30	Inf	Thr	80.1	high confidence set
chrUn	161	223527266	223527353	Ser	GCT	0	0	69.2	39.20	30.00	Inf	Ser	84.1	high confidence set
chrUn	167	225741450	225741537	Ser	GCT	0	0	69.2	39.20	30.00	Inf	Ser	84.1	high confidence set
chrUn	172	225786559	225786631	Thr	TGT	0	0	65.7	46.40	19.30	Inf	Thr	80.1	high confidence set
chrUn	176	226228144	226228217	Trp	CCA	0	0	72.0	42.50	29.50	Inf	Thr	75.4	IPD:-18.90,isotype mismatch
chrUn	177	226246806	226246878	Thr	TGT	0	0	65.7	46.40	19.30	Inf	Thr	80.1	high confidence set
chrUn	183	226285697	226285784	Ser	GCT	0	0	69.2	39.20	30.00	Inf	Ser	84.1	high confidence set
chrUn	199	235716736	235716822	Ser	GGA	0	0	63.4	31.40	32.00	Inf	Ser	82.6	high confidence set
chrUn	203	235745384	235745457	Trp	CCA	0	0	72.0	42.50	29.50	Inf	Thr	75.4	IPD:-18.90,isotype mismatch
chrUn	207	236070565	236070637	Ala	CGC	0	0	68.3	44.10	24.20	Inf	Ala	99.2	high confidence set
chrUn	212	237949272	237949199	Arg	TCG	0	0	81.9	60.40	21.50	Inf	Arg	92.9	high confidence set
chrUn	221	235718110	235718038	Thr	TGT	0	0	65.7	46.40	19.30	Inf	Thr	80.1	high confidence set
chrUn	228	231025546	231025460	Ser	GGA	0	0	56.5	26.70	29.80	Inf	Ser	76.3	high confidence set
chrUn	239	226278492	226278421	Thr	GGT	0	0	61.4	29.40	32.00	Inf	Thr	73.1	high confidence set
chrUn	241	226277770	226277689	Tyr	GTA	0	0	57.3	33.20	24.10	Inf	Tyr	73.7	high confidence set
chrUn	246	225787933	225787847	Ser	GGA	0	0	63.4	31.40	32.00	Inf	Ser	82.6	high confidence set
chrUn	253	225734424	225734353	Thr	GGT	0	0	61.4	29.40	32.00	Inf	Thr	73.1	high confidence set
chrUn	255	225733702	225733621	Tyr	GTA	0	0	57.3	33.20	24.10	Inf	Tyr	73.7	high confidence set
chrUn	260	223520240	223520169	Thr	GGT	0	0	61.4	29.40	32.00	Inf	Thr	73.1	high confidence set
chrUn	262	223519518	223519437	Tyr	GTA	0	0	57.3	33.20	24.10	Inf	Tyr	73.7	high confidence set
chrUn	270	206054456	206054385	Thr	GGT	0	0	61.4	29.40	32.00	Inf	Thr	73.1	high confidence set
chrUn	276	206037648	206037562	Ser	GGA	0	0	63.4	31.40	32.00	Inf	Ser	82.6	high confidence set
chrUn	277	206036898	206036827	Thr	GGT	0	0	61.4	29.40	32.00	Inf	Thr	73.1	high confidence set
chrUn	285	205970999	205970918	Tyr	GTA	0	0	57.3	33.20	24.10	Inf	Tyr	73.7	high confidence set
chrUn	289	205943608	205943522	Ser	GCT	0	0	68.7	39.50	29.20	Inf	Ser	84.5	high confidence set
chrUn	292	205912598	205912525	Trp	CCA	0	0	72.0	42.50	29.50	Inf	Thr	75.4	IPD:-18.90,isotype mismatch
chrUn	298	205859949	205859862	Ser	GCT	0	0	69.2	39.20	30.00	Inf	Ser	84.1	high confidence set
chrUn	301	205829391	205829305	Ser	GGA	0	0	63.4	31.40	32.00	Inf	Ser	82.6	high confidence set
chrUn	316	200157157	200157085	Thr	TGT	0	0	65.7	46.40	19.30	Inf	Thr	80.1	high confidence set
chrUn	322	200118803	200118716	Ser	GCT	0	0	69.2	39.20	30.00	Inf	Ser	84.1	high confidence set
chrUn	327	198195667	198195596	Thr	GGT	0	0	61.4	29.40	32.00	Inf	Thr	73.1	high confidence set
chrUn	329	198194945	198194864	Tyr	GTA	0	0	57.3	33.20	24.10	Inf	Tyr	73.7	high confidence set
chrUn	345	194916360	194916287	Trp	CCA	0	0	72.0	42.50	29.50	Inf	Thr	75.4	IPD:-18.90,isotype mismatch
chrUn	346	194904999	194904912	Ser	GCT	0	0	69.2	39.20	30.00	Inf	Ser	84.1	high confidence set
chrUn	360	186693997	186693910	Ser	GCT	0	0	69.2	39.20	30.00	Inf	Ser	84.1	high confidence set
chrUn	362	165484868	165484782	Ser	GGA	0	0	59.4	30.60	28.80	Inf	Ser	76.5	high confidence set
chrUn	363	165221218	165221145	Trp	CCA	0	0	72.0	42.50	29.50	Inf	Thr	75.4	IPD:-18.90,isotype mismatch
chrUn	364	165197888	165197816	Thr	TGT	0	0	61.7	46.10	15.60	Inf	Thr	75.6	high confidence set
chrUn	370	165160466	165160379	Ser	GCT	0	0	69.2	39.20	30.00	Inf	Ser	84.1	high confidence set
chrUn	378	149804031	149803960	Thr	GGT	0	0	61.4	29.40	32.00	Inf	Thr	73.1	high confidence set
chrUn	380	149803309	149803228	Tyr	GTA	0	0	57.3	33.20	24.10	Inf	Tyr	73.7	high confidence set
chrUn	382	149774087	149774001	Ser	GGA	0	0	63.4	31.40	32.00	Inf	Ser	82.6	high confidence set
chrUn	390	142281511	142281439	Thr	TGT	0	0	65.7	46.40	19.30	Inf	Thr	80.1	high confidence set
chrUn	397	127980692	127980606	Ser	GGA	0	0	63.4	31.40	32.00	Inf	Ser	82.6	high confidence set
chrUn	402	127934450	127934379	Thr	GGT	0	0	61.4	29.40	32.00	Inf	Thr	73.1	high confidence set
chrUn	404	127933728	127933647	Tyr	GTA	0	0	57.3	33.20	24.10	Inf	Tyr	73.7	high confidence set
chrUn	406	127904502	127904416	Ser	GGA	0	0	63.4	31.40	32.00	Inf	Ser	82.6	high confidence set
chrUn	412	127823312	127823225	Ser	GCT	0	0	69.2	39.20	30.00	Inf	Ser	84.1	high confidence set
chrUn	421	104706471	104706397	Pro	TGG	0	0	62.8	32.80	30.00	Inf	Trp	73.3	IPD:-42.40,isotype mismatch
chrUn	422	103083471	103083399	Ala	TGC	0	0	69.6	44.70	24.90	Inf	Ala	98.6	high confidence set
chrUn	425	94138570	94138499	Trp	CCA	0	0	75.8	51.20	24.60	Inf	Trp	105.6	high confidence set
chrUn	432	61920991	61920919	Arg	TCT	0	0	69.9	49.40	20.50	Inf	Arg	99.6	high confidence set
chrUn	436	34393764	34393693	Pro	AGG	0	0	67.4	34.70	32.70	Inf	Pro	112.3	high confidence set
chrUn	440	7521967	7521895	Lys	CTT	0	0	87.7	67.60	20.10	Inf	Lys	106.7	high confidence set
chrUn	442	696880	696800	Leu	AAG	0	0	70.1	52.60	17.50	Inf	Leu	105.3	high confidence set
