Sequence     		tRNA    	Bounds  	tRNA	Anti	Intron Bounds	Inf	HMM	2'Str	Hit	Isotype	Isotype	      
Name         	tRNA#	Begin   	End     	Type	Codon	Begin	End	Score	Score	Score	Origin	CM	Score	Note
--------     	------	-----   	------  	----	-----	-----	----	------	-----	-----	------	-------	-------	------
Chromosome_1	2	614245	614316	Glu	TTC	0	0	69.7	45.20	24.50	Inf	Glu	100.2	high confidence set
Chromosome_1	3	690863	690936	Ile	AAT	0	0	81.8	58.30	23.50	Inf	Ile	106.8	high confidence set
Chromosome_1	4	1007738	1007810	Glu	CTC	0	0	78.9	53.10	25.80	Inf	Glu	99.2	high confidence set
Chromosome_1	5	1080143	1080214	Pro	CGG	0	0	68.5	36.10	32.40	Inf	Pro	108.5	high confidence set
Chromosome_1	6	1084353	1084425	Phe	GAA	0	0	78.3	58.40	19.90	Inf	Phe	113.2	high confidence set
Chromosome_1	7	1530440	1530511	Asp	GTC	0	0	67.8	44.80	23.00	Inf	Asp	92.9	high confidence set
Chromosome_1	9	2745387	2745459	Arg	TCT	0	0	70.3	50.10	20.20	Inf	Arg	92.3	high confidence set
Chromosome_1	10	4738057	4738138	Ser	GCT	0	0	76.2	41.10	35.10	Inf	Ser	105.6	high confidence set
Chromosome_1	11	4858970	4859041	Gln	CTG	0	0	75.3	51.20	24.10	Inf	Gln	103.1	high confidence set
Chromosome_1	12	5404078	5404150	Arg	ACG	0	0	71.7	49.10	22.60	Inf	Arg	91.4	high confidence set
Chromosome_1	14	12726656	12726729	Ile	AAT	0	0	81.8	58.30	23.50	Inf	Ile	106.8	high confidence set
Chromosome_1	15	17465022	17465094	Lys	TTT	0	0	88.7	64.40	24.30	Inf	Lys	93.7	high confidence set
Chromosome_1	16	29292863	29292935	Arg	CCG	0	0	69.2	51.20	18.00	Inf	Arg	93.1	high confidence set
Chromosome_1	17	32533507	32533588	Ser	TGA	0	0	53.0	29.80	23.20	Inf	Ser	83.5	high confidence set
Chromosome_1	18	32533665	32533746	Ser	TGA	0	0	79.0	44.80	34.20	Inf	Ser	116.0	high confidence set
Chromosome_1	19	32736969	32737040	Pro	AGG	0	0	67.4	34.70	32.70	Inf	Pro	112.3	high confidence set
Chromosome_1	20	34822947	34823019	Phe	GAA	0	0	78.3	58.40	19.90	Inf	Phe	113.2	high confidence set
Chromosome_1	21	35478496	35478567	Cys	GCA	0	0	82.1	59.90	22.20	Inf	Cys	106.6	high confidence set
Chromosome_1	22	35788400	35788473	Val	AAC	0	0	72.9	48.60	24.30	Inf	Val	93.8	high confidence set
Chromosome_1	23	35865052	35865122	Gly	CCC	0	0	60.7	30.60	30.10	Inf	Gly	75.4	high confidence set
Chromosome_1	24	36333625	36333696	iMet	CAT	0	0	58.3	28.10	30.20	Inf	iMet	118.7	high confidence set
Chromosome_1	25	36960981	36961054	Val	CAC	0	0	82.4	54.40	28.00	Inf	Val	103.7	high confidence set
Chromosome_1	26	36974312	36974383	Cys	GCA	0	0	82.1	59.90	22.20	Inf	Cys	106.6	high confidence set
Chromosome_1	27	37212413	37212483	Gly	GCC	0	0	66.5	44.80	21.70	Inf	Gly	94.4	high confidence set
Chromosome_1	28	37754094	37754166	Lys	CTT	0	0	86.8	66.60	20.20	Inf	Lys	107.7	high confidence set
Chromosome_1	29	37865217	37865289	Glu	CTC	0	0	79.2	53.50	25.70	Inf	Glu	94.2	high confidence set
Chromosome_1	30	37970181	37970254	Val	AAC	0	0	72.9	48.60	24.30	Inf	Val	93.8	high confidence set
Chromosome_1	31	38345432	38345505	Asn	GTT	0	0	84.6	58.80	25.80	Inf	Asn	96.0	high confidence set
Chromosome_1	32	38709003	38709074	Trp	CCA	0	0	75.8	51.20	24.60	Inf	Trp	105.6	high confidence set
Chromosome_1	34	39467586	39467514	Ala	TGC	0	0	70.0	45.30	24.70	Inf	Ala	100.6	high confidence set
Chromosome_1	36	37603423	37603350	Val	AAC	0	0	72.9	48.60	24.30	Inf	Val	93.8	high confidence set
Chromosome_1	37	37362644	37362572	Lys	CTT	0	0	86.8	66.60	20.20	Inf	Lys	107.7	high confidence set
Chromosome_1	38	36785770	36785683	Tyr	GTA	36785733	36785719	74.4	42.90	31.50	Inf	Tyr	111.8	high confidence set
Chromosome_1	40	36479223	36479140	Leu	CAA	0	0	79.5	54.50	25.00	Inf	Leu	126.8	high confidence set
Chromosome_1	41	36036910	36036838	Ala	CGC	0	0	68.3	44.10	24.20	Inf	Ala	99.2	high confidence set
Chromosome_1	42	34811231	34811159	Ala	TGC	0	0	70.0	45.30	24.70	Inf	Ala	100.6	high confidence set
Chromosome_1	43	34289524	34289453	His	GTG	0	0	63.3	34.30	29.00	Inf	His	91.7	high confidence set
Chromosome_1	44	33175778	33175708	Gly	CCC	0	0	57.9	27.60	30.30	Inf	Gly	83.3	high confidence set
Chromosome_1	45	32737354	32737283	Pro	TGG	0	0	69.2	36.90	32.30	Inf	Pro	112.8	high confidence set
Chromosome_1	46	32660446	32660374	Ala	TGC	0	0	69.1	43.30	25.80	Inf	Ala	101.9	high confidence set
Chromosome_1	47	29928246	29928176	Gly	GCC	0	0	66.5	44.80	21.70	Inf	Gly	94.4	high confidence set
Chromosome_1	48	28646064	28645979	Met	CAT	28646026	28646015	63.2	39.70	23.50	Inf	Met	100.7	high confidence set
Chromosome_1	49	15862013	15861941	Lys	TTT	0	0	88.7	64.40	24.30	Inf	Lys	93.7	high confidence set
Chromosome_1	50	13130044	13129964	Leu	CAG	0	0	69.5	46.80	22.70	Inf	Leu	109.7	high confidence set
Chromosome_1	51	8294525	8294454	Gln	TTG	0	0	73.5	53.70	19.80	Inf	Gln	104.8	high confidence set
Chromosome_1	52	5964689	5964618	Trp	CCA	0	0	75.8	51.20	24.60	Inf	Trp	105.6	high confidence set
Chromosome_1	53	5668926	5668854	Ala	AGC	0	0	63.4	38.20	25.20	Inf	Ala	98.3	high confidence set
Chromosome_1	54	5468873	5468788	Met	CAT	5468835	5468824	64.2	40.70	23.50	Inf	Met	104.0	high confidence set
Chromosome_1	55	5085388	5085315	Ile	AAT	0	0	82.4	58.90	23.50	Inf	Ile	107.0	high confidence set
Chromosome_1	56	5047304	5047221	Leu	CAA	0	0	80.3	52.20	28.10	Inf	Leu	124.8	high confidence set
Chromosome_1	57	4588227	4588155	Ala	CGC	0	0	68.3	44.10	24.20	Inf	Ala	99.2	high confidence set
Chromosome_1	58	4564262	4564190	Arg	CCT	0	0	74.8	55.90	18.90	Inf	Arg	87.5	high confidence set
Chromosome_1	59	4271993	4271920	Asn	GTT	0	0	84.6	58.80	25.80	Inf	Asn	96.0	high confidence set
Chromosome_1	60	3708543	3708471	Arg	TCT	0	0	70.3	50.10	20.20	Inf	Arg	92.3	high confidence set
Chromosome_1	61	3670346	3670273	Thr	AGT	0	0	75.0	46.80	28.20	Inf	Thr	89.8	high confidence set
Chromosome_1	62	3533656	3533583	Val	AAC	0	0	72.9	48.60	24.30	Inf	Val	93.8	high confidence set
Chromosome_1	63	2607332	2607260	Glu	CTC	0	0	78.9	53.10	25.80	Inf	Glu	99.2	high confidence set
Chromosome_1	64	2331488	2331417	Glu	TTC	0	0	57.3	46.10	11.20	Inf	Glu	81.6	high confidence set
Chromosome_1	65	2056270	2056197	Ile	AAT	0	0	81.8	58.30	23.50	Inf	Ile	106.8	high confidence set
Chromosome_1	67	1604102	1604029	Ile	TAT	0	0	81.6	62.40	19.20	Inf	Ile	96.3	high confidence set
Chromosome_1	69	1487718	1487645	Asn	GTT	0	0	81.8	56.30	25.50	Inf	Asn	94.2	high confidence set
Chromosome_1	70	1264774	1264703	His	GTG	0	0	63.0	33.70	29.30	Inf	His	87.1	high confidence set
Chromosome_1	71	1009324	1009252	Glu	CTC	0	0	60.7	34.90	25.80	Inf	Glu	79.1	high confidence set
Chromosome_2	1	1126684	1126756	Lys	TTT	0	0	89.6	66.00	23.60	Inf	Lys	96.4	high confidence set
Chromosome_2	2	1678282	1678355	Ile	AAT	0	0	81.8	58.30	23.50	Inf	Ile	106.8	high confidence set
Chromosome_2	3	1764187	1764270	Leu	CAA	0	0	79.7	53.90	25.80	Inf	Leu	126.5	high confidence set
Chromosome_2	4	1833068	1833139	Thr	TGT	0	0	84.5	58.50	26.00	Inf	Thr	95.0	high confidence set
Chromosome_2	5	1990816	1990889	Ile	TAT	0	0	81.7	63.20	18.50	Inf	Ile	100.7	high confidence set
Chromosome_2	6	3933394	3933465	Pro	CGG	0	0	68.5	36.10	32.40	Inf	Pro	108.5	high confidence set
Chromosome_2	7	4061913	4061985	Glu	CTC	0	0	78.9	53.10	25.80	Inf	Glu	99.2	high confidence set
Chromosome_2	8	4455049	4455120	Glu	TTC	0	0	70.9	46.40	24.50	Inf	Glu	97.7	high confidence set
Chromosome_2	9	4685775	4685848	Arg	TCG	0	0	81.9	60.40	21.50	Inf	Arg	92.9	high confidence set
Chromosome_2	11	5150836	5150908	Arg	CCT	0	0	68.1	48.70	19.40	Inf	Arg	79.8	high confidence set
Chromosome_2	12	5257216	5257288	Arg	TCT	0	0	66.8	48.40	18.40	Inf	Arg	97.1	high confidence set
Chromosome_2	13	6211491	6211564	Asn	GTT	0	0	81.8	56.30	25.50	Inf	Asn	94.2	high confidence set
Chromosome_2	14	7064248	7064333	Met	CAT	7064286	7064297	64.2	40.70	23.50	Inf	Met	104.0	high confidence set
Chromosome_2	15	7142193	7142278	Met	CAT	7142231	7142242	64.2	40.70	23.50	Inf	Met	104.0	high confidence set
Chromosome_2	16	7639095	7639180	Met	CAT	7639133	7639144	63.2	39.70	23.50	Inf	Met	100.7	high confidence set
Chromosome_2	17	8558217	8558288	Thr	TGT	0	0	79.3	49.30	30.00	Inf	Thr	92.3	high confidence set
Chromosome_2	18	8682950	8683022	Glu	CTC	0	0	68.5	48.00	20.50	Inf	Glu	90.2	high confidence set
Chromosome_2	21	10350895	10350966	Asp	GTC	0	0	69.8	46.80	23.00	Inf	Asp	98.0	high confidence set
Chromosome_2	23	11181348	11181420	Val	TAC	0	0	76.7	41.70	35.00	Inf	Val	103.0	high confidence set
Chromosome_2	24	11417555	11417625	Gly	GCC	0	0	66.5	44.80	21.70	Inf	Gly	94.4	high confidence set
Chromosome_2	25	12879299	12879379	Leu	AAG	0	0	74.0	52.20	21.80	Inf	Leu	106.2	high confidence set
Chromosome_2	27	19879316	19879389	Phe	GAA	0	0	60.5	42.60	17.90	Inf	Tyr	70.5	IPD:-24.00,isotype mismatch
Chromosome_2	29	33353356	33353429	Thr	AGT	0	0	73.7	45.30	28.40	Inf	Thr	89.4	high confidence set
Chromosome_2	30	34892184	34892256	Arg	ACG	0	0	71.7	49.10	22.60	Inf	Arg	91.4	high confidence set
Chromosome_2	31	35948845	35948918	Val	AAC	0	0	72.9	48.60	24.30	Inf	Val	93.8	high confidence set
Chromosome_2	32	36176933	36177015	Leu	TAA	0	0	70.7	32.20	38.50	Inf	Leu	92.8	high confidence set
Chromosome_2	33	40323400	40323471	His	GTG	0	0	63.3	34.30	29.00	Inf	His	87.4	high confidence set
Chromosome_2	34	41012250	41012321	Asp	GTC	0	0	67.8	44.80	23.00	Inf	Asp	92.9	high confidence set
Chromosome_2	35	41166151	41166222	Thr	CGT	0	0	82.2	57.60	24.60	Inf	Thr	90.2	high confidence set
Chromosome_2	36	41220087	41220160	Asn	GTT	0	0	84.5	59.40	25.10	Inf	Asn	95.9	high confidence set
Chromosome_2	37	41336582	41336654	Ala	TGC	0	0	70.0	44.20	25.80	Inf	Ala	100.4	high confidence set
Chromosome_2	38	41430413	41430486	Thr	AGT	0	0	75.0	46.80	28.20	Inf	Thr	89.8	high confidence set
Chromosome_2	39	42199299	42199228	iMet	CAT	0	0	58.3	28.10	30.20	Inf	iMet	118.7	high confidence set
Chromosome_2	41	36814065	36813984	Ser	AGA	0	0	79.5	43.70	35.80	Inf	Ser	113.0	high confidence set
Chromosome_2	42	36162407	36162335	Lys	CTT	0	0	86.8	66.60	20.20	Inf	Lys	107.7	high confidence set
Chromosome_2	43	35237332	35237259	Val	AAC	0	0	70.4	47.80	22.60	Inf	Val	87.0	high confidence set
Chromosome_2	44	35204778	35204708	Thr	TGT	0	0	63.3	45.10	18.20	Inf	Thr	74.3	high confidence set
Chromosome_2	47	26355159	26355072	Tyr	GTA	26355122	26355108	53.1	26.20	26.90	Inf	Tyr	89.7	high confidence set
Chromosome_2	49	14379552	14379481	Gln	TTG	0	0	73.5	53.70	19.80	Inf	Gln	104.8	high confidence set
Chromosome_2	51	12025927	12025854	Asn	GTT	0	0	85.5	60.40	25.10	Inf	Asn	97.0	high confidence set
Chromosome_2	52	11416404	11416332	Phe	GAA	0	0	78.3	58.40	19.90	Inf	Phe	113.2	high confidence set
Chromosome_2	53	11142520	11142448	Phe	GAA	0	0	78.3	58.40	19.90	Inf	Phe	113.2	high confidence set
Chromosome_2	54	9067175	9067103	Ala	AGC	0	0	59.6	39.10	20.50	Inf	Ala	90.8	high confidence set
Chromosome_2	55	6032069	6031998	Pro	TGG	0	0	69.2	36.90	32.30	Inf	Pro	112.8	high confidence set
Chromosome_2	56	6029710	6029639	Pro	TGG	0	0	68.5	35.70	32.80	Inf	Pro	111.2	high confidence set
Chromosome_2	57	6028828	6028757	Pro	TGG	0	0	68.5	35.70	32.80	Inf	Pro	111.2	high confidence set
Chromosome_2	58	6027945	6027874	Pro	TGG	0	0	68.5	35.70	32.80	Inf	Pro	111.2	high confidence set
Chromosome_2	59	6027048	6026977	Pro	TGG	0	0	68.5	35.70	32.80	Inf	Pro	111.2	high confidence set
Chromosome_2	61	6025265	6025194	Pro	TGG	0	0	68.5	35.70	32.80	Inf	Pro	111.2	high confidence set
Chromosome_2	62	6024371	6024300	Pro	TGG	0	0	68.5	35.70	32.80	Inf	Pro	111.2	high confidence set
Chromosome_2	65	5968873	5968800	Asn	GTT	0	0	78.0	55.60	22.40	Inf	Asn	89.1	high confidence set
Chromosome_2	66	5628780	5628709	Glu	TTC	0	0	72.0	47.50	24.50	Inf	Glu	101.6	high confidence set
Chromosome_2	67	5613936	5613865	Glu	TTC	0	0	68.8	44.20	24.60	Inf	Glu	98.3	high confidence set
Chromosome_2	68	4471616	4471543	Thr	AGT	0	0	75.0	47.40	27.60	Inf	Thr	89.8	high confidence set
Chromosome_2	69	4401890	4401819	Gln	CTG	0	0	77.0	50.50	26.50	Inf	Gln	100.6	high confidence set
Chromosome_2	70	4225081	4224989	Tyr	GTA	4225044	4225025	74.2	42.70	31.50	Inf	Tyr	111.8	high confidence set
Chromosome_2	71	3774415	3774343	Glu	CTC	0	0	78.9	53.10	25.80	Inf	Glu	99.2	high confidence set
Chromosome_2	72	3693994	3693911	Leu	CAA	0	0	80.5	54.00	26.50	Inf	Leu	128.6	high confidence set
Chromosome_2	73	3189085	3189012	Thr	AGT	0	0	76.0	48.40	27.60	Inf	Thr	90.6	high confidence set
Chromosome_2	74	1872226	1872153	Val	AAC	0	0	72.9	48.60	24.30	Inf	Val	93.8	high confidence set
Chromosome_2	75	260972	260890	Leu	CAA	0	0	53.3	38.00	15.30	Inf	Leu	93.4	high confidence set
Chromosome_3	1	661404	661483	Leu	TAG	0	0	69.5	48.50	21.00	Inf	Leu	111.5	high confidence set
Chromosome_3	3	1730449	1730521	Ala	TGC	0	0	70.0	45.30	24.70	Inf	Ala	100.6	high confidence set
Chromosome_3	4	1877162	1877234	Phe	GAA	0	0	76.1	56.10	20.00	Inf	Phe	104.4	high confidence set
Chromosome_3	5	2045322	2045393	Asp	GTC	0	0	67.8	44.80	23.00	Inf	Asp	91.6	high confidence set
Chromosome_3	6	3159271	3159351	Leu	CAG	0	0	69.5	46.80	22.70	Inf	Leu	109.7	high confidence set
Chromosome_3	7	20487170	20487243	Ile	AAT	0	0	81.8	58.30	23.50	Inf	Ile	106.8	high confidence set
Chromosome_3	8	23985728	23985799	Thr	TGT	0	0	84.5	58.50	26.00	Inf	Thr	95.0	high confidence set
Chromosome_3	9	24763933	24764014	Ser	TGA	0	0	77.6	45.00	32.60	Inf	Ser	115.8	high confidence set
Chromosome_3	10	25083823	25083894	Gln	TTG	0	0	74.2	54.70	19.50	Inf	Gln	105.6	high confidence set
Chromosome_3	12	25670918	25670990	Glu	CTC	0	0	79.2	53.50	25.70	Inf	Glu	98.6	high confidence set
Chromosome_3	15	28792039	28792111	Ala	CGC	0	0	68.3	44.10	24.20	Inf	Ala	99.2	high confidence set
Chromosome_3	16	28874642	28874713	Gln	CTG	0	0	71.8	47.10	24.70	Inf	Gln	103.5	high confidence set
Chromosome_3	17	29054849	29054921	Arg	TCT	0	0	67.9	47.60	20.30	Inf	Arg	87.1	high confidence set
Chromosome_3	18	29419615	29419700	Met	CAT	29419653	29419664	59.6	43.80	15.80	Inf	Met	96.8	high confidence set
Chromosome_3	19	30284879	30284965	Met	CAT	30284917	30284929	64.2	40.70	23.50	Inf	Met	104.0	high confidence set
Chromosome_3	20	30702911	30702982	iMet	CAT	0	0	58.3	28.10	30.20	Inf	iMet	118.7	high confidence set
Chromosome_3	21	30951244	30951315	Trp	CCA	0	0	75.8	51.20	24.60	Inf	Trp	105.6	high confidence set
Chromosome_3	22	33835180	33835262	Leu	TAA	0	0	69.8	30.70	39.10	Inf	Leu	91.0	high confidence set
Chromosome_3	23	34104337	34104409	Ala	CGC	0	0	68.3	44.10	24.20	Inf	Ala	99.2	high confidence set
Chromosome_3	24	34180929	34181000	Gln	CTG	0	0	74.3	49.60	24.70	Inf	Gln	103.3	high confidence set
Chromosome_3	25	34183389	34183460	Gln	CTG	0	0	74.3	49.60	24.70	Inf	Gln	103.3	high confidence set
Chromosome_3	26	34219324	34219405	Ser	TGA	0	0	79.0	44.80	34.20	Inf	Ser	116.0	high confidence set
Chromosome_3	27	34508138	34508209	Trp	CCA	0	0	75.8	51.20	24.60	Inf	Trp	105.6	high confidence set
Chromosome_3	28	34671584	34671655	Gln	TTG	0	0	73.5	53.70	19.80	Inf	Gln	104.8	high confidence set
Chromosome_3	29	34393274	34393204	Gly	CCC	0	0	66.3	29.50	36.80	Inf	Gly	89.7	high confidence set
Chromosome_3	30	34193091	34193020	Cys	GCA	0	0	82.1	59.90	22.20	Inf	Cys	106.6	high confidence set
Chromosome_3	31	33770282	33770211	iMet	CAT	0	0	58.3	28.10	30.20	Inf	iMet	118.7	high confidence set
Chromosome_3	32	33646409	33646338	Gly	TCC	0	0	73.9	46.20	27.70	Inf	Gly	85.6	high confidence set
Chromosome_3	33	33239698	33239627	Thr	TGT	0	0	84.5	58.50	26.00	Inf	Thr	95.0	high confidence set
Chromosome_3	34	33100161	33100088	Val	CAC	0	0	82.4	54.40	28.00	Inf	Val	103.7	high confidence set
Chromosome_3	35	33093458	33093387	Asp	GTC	0	0	69.8	46.80	23.00	Inf	Asp	94.5	high confidence set
Chromosome_3	36	32659150	32659079	Gly	TCC	0	0	73.9	46.20	27.70	Inf	Gly	85.6	high confidence set
Chromosome_3	37	32611653	32611573	Leu	AAG	0	0	74.0	52.20	21.80	Inf	Leu	110.4	high confidence set
Chromosome_3	38	32419674	32419601	Val	AAC	0	0	77.5	50.20	27.30	Inf	Val	97.1	high confidence set
Chromosome_3	39	32232269	32232197	Lys	CTT	0	0	86.8	66.60	20.20	Inf	Lys	107.7	high confidence set
Chromosome_3	40	31872543	31872473	Gly	GCC	0	0	66.5	44.80	21.70	Inf	Gly	94.4	high confidence set
Chromosome_3	41	31871438	31871368	Gly	GCC	0	0	59.7	37.90	21.80	Inf	Gly	87.7	high confidence set
Chromosome_3	42	31467955	31467884	Pro	AGG	0	0	67.4	34.70	32.70	Inf	Pro	112.3	high confidence set
Chromosome_3	43	30438713	30438642	Cys	GCA	0	0	82.1	59.90	22.20	Inf	Cys	106.6	high confidence set
Chromosome_3	44	29196794	29196715	Leu	TAG	0	0	69.5	48.50	21.00	Inf	Leu	111.5	high confidence set
Chromosome_3	45	29031540	29031470	Gly	CCC	0	0	66.0	29.20	36.80	Inf	Gly	87.4	high confidence set
Chromosome_3	46	28408328	28408257	iMet	CAT	0	0	57.5	26.90	30.60	Inf	iMet	115.2	high confidence set
Chromosome_3	47	27910795	27910712	Leu	CAA	0	0	81.0	54.60	26.40	Inf	Leu	125.6	high confidence set
Chromosome_3	48	27658345	27658274	Cys	GCA	0	0	82.1	59.90	22.20	Inf	Cys	106.6	high confidence set
Chromosome_3	49	25238171	25238100	Asp	GTC	0	0	69.8	46.80	23.00	Inf	Asp	95.8	high confidence set
Chromosome_3	50	24833427	24833355	Ala	AGC	0	0	63.4	38.20	25.20	Inf	Ala	98.3	high confidence set
Chromosome_3	51	22407303	22407232	Thr	CGT	0	0	79.1	57.50	21.60	Inf	Thr	87.7	high confidence set
Chromosome_3	52	19747993	19747913	Leu	CAG	0	0	69.5	46.80	22.70	Inf	Leu	109.7	high confidence set
Chromosome_3	53	19717800	19717720	Leu	AAG	0	0	72.6	49.90	22.70	Inf	Leu	108.7	high confidence set
Chromosome_3	54	18910832	18910760	Ala	TGC	0	0	65.6	39.80	25.80	Inf	Ala	97.7	high confidence set
Chromosome_3	55	4204508	4204423	Met	CAT	4204470	4204459	64.2	40.70	23.50	Inf	Met	104.0	high confidence set
Chromosome_3	56	1972103	1972031	Lys	TTT	0	0	89.7	65.30	24.40	Inf	Lys	92.7	high confidence set
Chromosome_3	57	845230	845159	Pro	TGG	0	0	69.2	36.90	32.30	Inf	Pro	112.8	high confidence set
Chromosome_4	1	1525517	1525588	Pro	AGG	0	0	67.4	34.70	32.70	Inf	Pro	112.3	high confidence set
Chromosome_4	2	2464395	2464475	Ser	TGA	0	0	80.0	45.20	34.80	Inf	Ser	110.4	high confidence set
Chromosome_4	4	2776020	2776091	Glu	TTC	0	0	72.0	47.50	24.50	Inf	Glu	101.6	high confidence set
Chromosome_4	5	2928991	2929062	Asp	GTC	0	0	69.8	46.80	23.00	Inf	Asp	94.5	high confidence set
Chromosome_4	6	13710327	13710399	Ala	AGC	0	0	63.4	38.20	25.20	Inf	Ala	98.3	high confidence set
Chromosome_4	9	20382840	20382912	Val	TAC	0	0	66.8	36.70	30.10	Inf	Val	94.0	high confidence set
Chromosome_4	10	29148409	29148493	Met	CAT	29148447	29148457	64.3	40.80	23.50	Inf	Met	104.0	high confidence set
Chromosome_4	11	31498812	31498882	Gly	GCC	0	0	63.5	44.70	18.80	Inf	Gly	92.5	high confidence set
Chromosome_4	12	32774612	32774683	Pro	AGG	0	0	67.4	34.70	32.70	Inf	Pro	112.3	high confidence set
Chromosome_4	13	33594173	33594246	Thr	AGT	0	0	76.0	48.40	27.60	Inf	Thr	90.6	high confidence set
Chromosome_4	14	34281334	34281263	Gly	TCC	0	0	73.9	46.20	27.70	Inf	Gly	85.6	high confidence set
Chromosome_4	15	33775892	33775821	His	GTG	0	0	63.0	33.70	29.30	Inf	His	86.8	high confidence set
Chromosome_4	16	33164785	33164715	Gly	CCC	0	0	66.3	29.50	36.80	Inf	Gly	89.7	high confidence set
Chromosome_4	17	32774860	32774789	Pro	TGG	0	0	69.2	36.90	32.30	Inf	Pro	112.8	high confidence set
Chromosome_4	18	32386770	32386689	Ser	AGA	0	0	76.3	42.00	34.30	Inf	Ser	106.9	high confidence set
Chromosome_4	19	30651028	30650956	Arg	TCT	0	0	61.7	50.40	11.30	Inf	Arg	86.3	high confidence set
Chromosome_4	20	29595327	29595256	iMet	CAT	0	0	58.3	28.10	30.20	Inf	iMet	118.7	high confidence set
Chromosome_4	21	28695845	28695753	Tyr	GTA	28695808	28695789	74.2	42.70	31.50	Inf	Tyr	111.8	high confidence set
Chromosome_4	22	27289816	27289745	Pro	TGG	0	0	68.5	35.70	32.80	Inf	Pro	111.2	high confidence set
Chromosome_4	23	27288228	27288157	Pro	TGG	0	0	68.5	35.70	32.80	Inf	Pro	111.2	high confidence set
Chromosome_4	26	22949789	22949709	Leu	CAG	0	0	69.5	46.80	22.70	Inf	Leu	109.7	high confidence set
Chromosome_4	27	20129028	20128955	Ile	AAT	0	0	81.8	58.30	23.50	Inf	Ile	106.8	high confidence set
Chromosome_4	29	17777345	17777273	Ala	TGC	0	0	70.0	45.30	24.70	Inf	Ala	100.6	high confidence set
Chromosome_4	30	2776345	2776274	Gln	TTG	0	0	74.2	54.70	19.50	Inf	Gln	105.6	high confidence set
Chromosome_4	31	1256133	1256062	Asp	GTC	0	0	70.4	47.40	23.00	Inf	Asp	93.1	high confidence set
Chromosome_4	32	743060	742989	Pro	TGG	0	0	69.2	36.90	32.30	Inf	Pro	112.8	high confidence set
Chromosome_5	1	419083	419164	Ser	CGA	0	0	73.5	44.80	28.70	Inf	Ser	108.8	high confidence set
Chromosome_5	2	1150288	1150360	Lys	CTT	0	0	86.8	66.60	20.20	Inf	Lys	107.7	high confidence set
Chromosome_5	3	1432681	1432754	Val	CAC	0	0	82.4	54.40	28.00	Inf	Val	103.7	high confidence set
Chromosome_5	4	1884227	1884308	Ser	TGA	0	0	80.4	45.20	35.20	Inf	Ser	119.4	high confidence set
Chromosome_5	5	1993345	1993418	Val	AAC	0	0	72.9	48.60	24.30	Inf	Val	93.8	high confidence set
Chromosome_5	6	2697455	2697526	Pro	AGG	0	0	68.1	35.70	32.40	Inf	Pro	110.6	high confidence set
Chromosome_5	9	9560303	9560383	Leu	AAG	0	0	74.0	52.20	21.80	Inf	Leu	110.4	high confidence set
Chromosome_5	10	30326035	30326116	Ser	GCT	0	0	76.0	41.60	34.40	Inf	Ser	102.9	high confidence set
Chromosome_5	11	30997448	30997520	Arg	CCT	0	0	69.1	50.30	18.80	Inf	Arg	81.2	high confidence set
Chromosome_5	12	34077147	34077218	Cys	GCA	0	0	82.1	59.90	22.20	Inf	Cys	106.6	high confidence set
Chromosome_5	14	37832795	37832867	Arg	CCG	0	0	69.2	51.20	18.00	Inf	Arg	93.1	high confidence set
Chromosome_5	15	38713680	38713750	Gly	GCC	0	0	66.5	44.80	21.70	Inf	Gly	94.4	high confidence set
Chromosome_5	16	40579640	40579713	Thr	AGT	0	0	75.0	46.80	28.20	Inf	Thr	89.8	high confidence set
Chromosome_5	17	40654114	40654042	Ala	AGC	0	0	63.4	38.20	25.20	Inf	Ala	98.3	high confidence set
Chromosome_5	19	40224294	40224223	Glu	TTC	0	0	70.9	46.40	24.50	Inf	Glu	97.7	high confidence set
Chromosome_5	20	38114749	38114678	Asp	GTC	0	0	69.8	46.80	23.00	Inf	Asp	94.5	high confidence set
Chromosome_5	21	33806709	33806638	Gly	TCC	0	0	73.9	46.20	27.70	Inf	Gly	85.6	high confidence set
Chromosome_5	22	33801949	33801878	Gly	TCC	0	0	73.9	46.20	27.70	Inf	Gly	85.6	high confidence set
Chromosome_5	23	32951025	32950952	Thr	AGT	0	0	75.0	47.40	27.60	Inf	Thr	89.8	high confidence set
Chromosome_5	24	32293627	32293554	Asn	GTT	0	0	83.9	58.50	25.40	Inf	Asn	97.4	high confidence set
Chromosome_5	27	29773422	29773350	Lys	TTT	0	0	88.7	64.40	24.30	Inf	Lys	93.7	high confidence set
Chromosome_5	28	29689839	29689757	Leu	TAA	0	0	71.0	33.00	38.00	Inf	Leu	93.8	high confidence set
Chromosome_5	29	10195865	10195785	Ser	TGA	0	0	78.5	43.80	34.70	Inf	Ser	114.4	high confidence set
Chromosome_5	30	6469177	6469098	Leu	TAG	0	0	69.2	49.00	20.20	Inf	Leu	109.5	high confidence set
Chromosome_5	31	6201825	6201754	Pro	CGG	0	0	69.3	37.10	32.20	Inf	Pro	106.8	high confidence set
Chromosome_5	33	4619296	4619214	Leu	TAA	0	0	69.7	31.30	38.40	Inf	Leu	92.9	high confidence set
Chromosome_5	34	4374884	4374812	Arg	TCT	0	0	69.9	49.40	20.50	Inf	Arg	99.6	high confidence set
Chromosome_5	36	2242610	2242537	Arg	TCG	0	0	82.3	61.00	21.30	Inf	Arg	91.9	high confidence set
Chromosome_5	37	2026721	2026650	Cys	GCA	0	0	79.9	59.80	20.10	Inf	Cys	108.3	high confidence set
Chromosome_5	38	1961824	1961753	His	GTG	0	0	63.0	33.70	29.30	Inf	His	86.8	high confidence set
Chromosome_5	39	1784026	1783954	Lys	TTT	0	0	89.6	66.00	23.60	Inf	Lys	96.4	high confidence set
Chromosome_5	40	1353882	1353812	Gly	GCC	0	0	66.5	44.80	21.70	Inf	Gly	94.4	high confidence set
Chromosome_5	41	1347487	1347406	Ser	AGA	0	0	77.1	42.80	34.30	Inf	Ser	110.5	high confidence set
Chromosome_5	42	1133504	1133434	Gly	GCC	0	0	66.5	44.80	21.70	Inf	Gly	94.4	high confidence set
Chromosome_5	43	1124179	1124107	Glu	CTC	0	0	78.9	53.10	25.80	Inf	Glu	99.2	high confidence set
Chromosome_5	44	693439	693367	Ala	AGC	0	0	63.4	38.20	25.20	Inf	Ala	98.3	high confidence set
Chromosome_5	45	692776	692704	Ala	AGC	0	0	63.4	38.20	25.20	Inf	Ala	98.3	high confidence set
Chromosome_5	46	388402	388332	Gly	GCC	0	0	66.5	44.80	21.70	Inf	Gly	94.4	high confidence set
Chromosome_6	1	1291589	1291675	Tyr	GTA	1291626	1291639	69.9	38.40	31.50	Inf	Tyr	108.3	high confidence set
Chromosome_6	2	2868924	2868994	Gly	GCC	0	0	66.5	44.80	21.70	Inf	Gly	94.4	high confidence set
Chromosome_6	6	17242434	17242515	Ser	AGA	0	0	76.3	41.60	34.70	Inf	Ser	112.1	high confidence set
Chromosome_6	7	17922434	17922507	Arg	TCG	0	0	82.3	61.00	21.30	Inf	Arg	91.9	high confidence set
Chromosome_6	9	19682920	19682993	Ile	AAT	0	0	81.8	58.30	23.50	Inf	Ile	106.8	high confidence set
Chromosome_6	10	23339594	23339666	Arg	ACG	0	0	71.7	49.10	22.60	Inf	Arg	91.4	high confidence set
Chromosome_6	11	24051074	24051145	Gly	TCC	0	0	73.9	46.20	27.70	Inf	Gly	85.6	high confidence set
Chromosome_6	12	24087603	24087674	Glu	TTC	0	0	72.0	47.50	24.50	Inf	Glu	101.6	high confidence set
Chromosome_6	13	24201675	24201755	Leu	AAG	0	0	74.0	52.20	21.80	Inf	Leu	110.4	high confidence set
Chromosome_6	14	24992814	24992885	Glu	TTC	0	0	70.9	46.40	24.50	Inf	Glu	97.7	high confidence set
Chromosome_6	15	26437951	26438030	Leu	TAG	0	0	69.5	48.50	21.00	Inf	Leu	111.5	high confidence set
Chromosome_6	16	26712672	26712743	His	GTG	0	0	63.0	33.70	29.30	Inf	His	86.8	high confidence set
Chromosome_6	17	27280000	27280071	Thr	CGT	0	0	80.2	53.70	26.50	Inf	Thr	86.8	high confidence set
Chromosome_6	18	27445187	27445260	Ile	AAT	0	0	81.8	58.30	23.50	Inf	Ile	106.8	high confidence set
Chromosome_6	20	27199471	27199400	Gly	TCC	0	0	73.9	46.20	27.70	Inf	Gly	85.6	high confidence set
Chromosome_6	21	26551636	26551565	Trp	CCA	0	0	75.8	51.20	24.60	Inf	Trp	105.6	high confidence set
Chromosome_6	22	25668038	25667967	Asp	GTC	0	0	69.8	46.80	23.00	Inf	Asp	95.8	high confidence set
Chromosome_6	23	25223521	25223449	Val	TAC	0	0	75.3	43.60	31.70	Inf	Val	102.1	high confidence set
Chromosome_6	24	25182904	25182832	Glu	CTC	0	0	72.6	46.80	25.80	Inf	Glu	96.5	high confidence set
Chromosome_6	25	25180202	25180130	Val	TAC	0	0	77.8	43.10	34.70	Inf	Val	106.5	high confidence set
Chromosome_6	26	25046329	25046259	Gly	GCC	0	0	66.5	44.80	21.70	Inf	Gly	94.4	high confidence set
Chromosome_6	27	25044938	25044849	Tyr	GTA	25044901	25044885	74.3	42.80	31.50	Inf	Tyr	111.8	high confidence set
Chromosome_6	28	24597722	24597649	Ile	TAT	0	0	82.6	64.10	18.50	Inf	Ile	102.3	high confidence set
Chromosome_6	29	24162143	24162071	Glu	CTC	0	0	79.2	53.50	25.70	Inf	Glu	94.2	high confidence set
Chromosome_6	30	24034757	24034684	Ile	AAT	0	0	81.8	58.30	23.50	Inf	Ile	106.8	high confidence set
Chromosome_6	31	23970752	23970681	Glu	TTC	0	0	70.9	46.40	24.50	Inf	Glu	97.7	high confidence set
Chromosome_6	32	23328522	23328450	Arg	ACG	0	0	72.0	49.70	22.30	Inf	Arg	93.9	high confidence set
Chromosome_6	33	22665488	22665416	Lys	TTT	0	0	85.1	64.40	20.70	Inf	Lys	90.3	high confidence set
Chromosome_6	34	22620454	22620382	Lys	TTT	0	0	89.6	66.00	23.60	Inf	Lys	96.4	high confidence set
Chromosome_6	35	22243327	22243246	Ser	AGA	0	0	76.3	41.60	34.70	Inf	Ser	112.1	high confidence set
Chromosome_6	36	21337655	21337574	Ser	GCT	0	0	77.0	41.10	35.90	Inf	Ser	107.0	high confidence set
Chromosome_6	37	19328634	19328562	Lys	CTT	0	0	86.8	66.60	20.20	Inf	Lys	107.7	high confidence set
Chromosome_6	39	19064979	19064898	Ser	CGA	0	0	73.5	44.80	28.70	Inf	Ser	108.8	high confidence set
Chromosome_6	40	231880	231809	Trp	CCA	0	0	75.8	51.20	24.60	Inf	Trp	105.6	high confidence set
Chromosome_7	1	1649507	1649579	Phe	GAA	0	0	76.1	54.40	21.70	Inf	Phe	115.3	high confidence set
Chromosome_7	2	2248425	2248496	iMet	CAT	0	0	58.3	28.10	30.20	Inf	iMet	118.7	high confidence set
Chromosome_7	3	4230046	4230118	Phe	GAA	0	0	78.3	58.40	19.90	Inf	Phe	113.2	high confidence set
Chromosome_7	4	4332509	4332581	Phe	GAA	0	0	78.3	58.40	19.90	Inf	Phe	113.2	high confidence set
Chromosome_7	5	6528780	6528853	Ile	TAT	0	0	82.6	64.10	18.50	Inf	Ile	102.3	high confidence set
Chromosome_7	6	6957946	6958029	Leu	CAA	0	0	79.5	54.50	25.00	Inf	Leu	126.8	high confidence set
Chromosome_7	7	22131227	22131155	Arg	CCG	0	0	65.5	47.30	18.20	Inf	Arg	91.7	high confidence set
Chromosome_7	9	3398529	3398457	Arg	ACG	0	0	69.5	46.90	22.60	Inf	Arg	86.9	high confidence set
Chromosome_7	10	2434265	2434195	Gly	CCC	0	0	64.6	30.40	34.20	Inf	Gly	80.7	high confidence set
Chromosome_8	1	415551	415623	Arg	CCT	0	0	69.1	50.30	18.80	Inf	Arg	81.2	high confidence set
Chromosome_8	3	1263324	1263396	Ala	AGC	0	0	63.4	38.20	25.20	Inf	Ala	98.3	high confidence set
Chromosome_8	4	1263494	1263566	Ala	AGC	0	0	55.2	32.80	22.40	Inf	Ala	89.3	high confidence set
Chromosome_8	5	1450890	1450962	Phe	GAA	0	0	78.3	58.40	19.90	Inf	Phe	113.2	high confidence set
Chromosome_8	6	1693818	1693890	Glu	CTC	0	0	77.7	52.00	25.70	Inf	Glu	93.0	high confidence set
Chromosome_8	7	2718870	2718942	Glu	CTC	0	0	74.4	48.60	25.80	Inf	Glu	96.7	high confidence set
Chromosome_8	8	3229770	3229851	Ser	GCT	0	0	78.4	43.20	35.20	Inf	Ser	107.8	high confidence set
Chromosome_8	9	4059223	4059295	Ala	AGC	0	0	63.4	38.20	25.20	Inf	Ala	98.3	high confidence set
Chromosome_8	11	4636697	4636769	Arg	CCT	0	0	74.8	55.90	18.90	Inf	Arg	87.5	high confidence set
Chromosome_8	12	5220277	5220361	Met	CAT	5220315	5220325	64.3	40.80	23.50	Inf	Met	104.0	high confidence set
Chromosome_8	13	5237686	5237779	Tyr	GTA	5237723	5237743	74.2	42.60	31.60	Inf	Tyr	111.8	high confidence set
Chromosome_8	14	5855802	5855874	Arg	TCT	0	0	69.9	49.40	20.50	Inf	Arg	99.6	high confidence set
Chromosome_8	15	6378334	6378415	Ser	AGA	0	0	73.3	41.00	32.30	Inf	Ser	102.0	high confidence set
Chromosome_8	16	6552788	6552859	Gln	TTG	0	0	74.2	54.70	19.50	Inf	Gln	105.6	high confidence set
Chromosome_8	17	8828114	8828194	Leu	AAG	0	0	74.0	52.20	21.80	Inf	Leu	110.4	high confidence set
Chromosome_8	18	10892835	10892925	Tyr	GTA	10892872	10892889	74.3	42.70	31.60	Inf	Tyr	111.8	high confidence set
Chromosome_8	21	6552271	6552187	Met	CAT	6552233	6552223	64.3	40.80	23.50	Inf	Met	104.0	high confidence set
Chromosome_8	22	5852406	5852335	Trp	CCA	0	0	75.8	51.20	24.60	Inf	Trp	105.6	high confidence set
Chromosome_8	24	4475237	4475165	Lys	CTT	0	0	86.8	66.60	20.20	Inf	Lys	107.7	high confidence set
Chromosome_8	26	2945914	2945843	Trp	CCA	0	0	75.8	51.20	24.60	Inf	Trp	105.6	high confidence set
Chromosome_8	27	2638604	2638525	Leu	TAG	0	0	69.5	48.50	21.00	Inf	Leu	111.5	high confidence set
Chromosome_8	29	2086143	2086060	Leu	CAA	0	0	81.3	52.20	29.10	Inf	Leu	125.3	high confidence set
Chromosome_8	30	1677895	1677823	Glu	CTC	0	0	78.9	53.10	25.80	Inf	Glu	99.2	high confidence set
Chromosome_8	31	1566503	1566423	Leu	AAG	0	0	74.0	52.20	21.80	Inf	Leu	110.4	high confidence set
Chromosome_8	33	1137708	1137637	Glu	TTC	0	0	70.9	46.40	24.50	Inf	Glu	97.7	high confidence set
Chromosome_9	1	155074	155146	Arg	ACG	0	0	71.7	49.10	22.60	Inf	Arg	91.4	high confidence set
Chromosome_9	2	1345859	1345931	Arg	CCT	0	0	69.1	50.30	18.80	Inf	Arg	81.2	high confidence set
Chromosome_9	3	2139137	2139218	Ser	CGA	0	0	80.2	45.70	34.50	Inf	Ser	119.2	high confidence set
Chromosome_9	4	3651704	3651776	Ala	TGC	0	0	70.0	45.30	24.70	Inf	Ala	100.6	high confidence set
Chromosome_9	6	6781894	6781975	Ser	AGA	0	0	78.8	42.90	35.90	Inf	Ser	109.4	high confidence set
Chromosome_9	7	6881420	6881501	Ser	GCT	0	0	75.1	40.40	34.70	Inf	Ser	101.3	high confidence set
Chromosome_9	8	6883960	6884032	Glu	CTC	0	0	78.9	53.10	25.80	Inf	Glu	99.2	high confidence set
Chromosome_9	9	9802929	9803002	Ile	AAT	0	0	55.0	42.30	12.70	Inf	Ile	78.5	high confidence set
Chromosome_9	10	11767021	11767093	Phe	GAA	0	0	78.3	58.40	19.90	Inf	Phe	113.2	high confidence set
Chromosome_9	11	33253919	33253992	Val	CAC	0	0	56.7	39.40	17.30	Inf	Val	79.6	high confidence set
Chromosome_9	13	35660066	35660138	Lys	CTT	0	0	86.8	66.60	20.20	Inf	Lys	107.7	high confidence set
Chromosome_9	14	36546839	36546912	Ile	TAT	0	0	74.9	63.20	11.70	Inf	Ile	94.2	high confidence set
Chromosome_9	15	37430697	37430768	Gln	CTG	0	0	75.3	51.20	24.10	Inf	Gln	103.1	high confidence set
Chromosome_9	16	38420811	38420893	Leu	TAA	0	0	69.1	29.50	39.60	Inf	Leu	94.2	high confidence set
Chromosome_9	17	39383286	39383357	Gly	TCC	0	0	73.9	46.20	27.70	Inf	Gly	85.6	high confidence set
Chromosome_9	18	39581736	39581807	Asp	GTC	0	0	67.0	47.30	19.70	Inf	Asp	95.1	high confidence set
Chromosome_9	19	39626583	39626656	Val	CAC	0	0	82.4	54.40	28.00	Inf	Val	103.7	high confidence set
Chromosome_9	20	40243849	40243922	Val	AAC	0	0	72.9	48.60	24.30	Inf	Val	93.8	high confidence set
Chromosome_9	22	40376090	40376161	His	GTG	0	0	63.3	34.30	29.00	Inf	His	87.4	high confidence set
Chromosome_9	23	41607087	41607181	Tyr	GTA	41607124	41607145	74.1	42.60	31.50	Inf	Tyr	111.8	high confidence set
Chromosome_9	26	42122893	42122822	Gly	GCC	0	0	50.8	36.40	14.40	Inf	Gly	70.5	high confidence set
Chromosome_9	27	41953220	41953147	Asn	GTT	0	0	78.0	55.60	22.40	Inf	Asn	89.1	high confidence set
Chromosome_9	28	41843241	41843160	Ser	CGA	0	0	76.0	44.30	31.70	Inf	Ser	115.2	high confidence set
Chromosome_9	29	40977805	40977722	Leu	CAA	0	0	80.5	54.00	26.50	Inf	Leu	128.6	high confidence set
Chromosome_9	30	40404203	40404130	Arg	TCG	0	0	82.3	61.00	21.30	Inf	Arg	91.9	high confidence set
Chromosome_9	31	40363318	40363248	Gly	GCC	0	0	66.5	44.80	21.70	Inf	Gly	94.4	high confidence set
Chromosome_9	32	40244503	40244432	Cys	GCA	0	0	82.1	59.90	22.20	Inf	Cys	106.6	high confidence set
Chromosome_9	33	40214897	40214826	His	GTG	0	0	56.2	34.00	22.20	Inf	His	76.5	high confidence set
Chromosome_9	34	39969480	39969409	Gly	TCC	0	0	68.2	44.40	23.80	Inf	Gly	80.4	high confidence set
Chromosome_9	35	39589824	39589743	Ser	AGA	0	0	75.6	41.30	34.30	Inf	Ser	109.2	high confidence set
Chromosome_9	36	38868197	38868125	Val	TAC	0	0	77.8	43.10	34.70	Inf	Val	106.5	high confidence set
Chromosome_9	37	38561431	38561359	Ala	TGC	0	0	59.1	39.90	19.20	Inf	Ala	87.5	high confidence set
Chromosome_9	38	38517532	38517451	Ser	GCT	0	0	77.0	41.10	35.90	Inf	Ser	105.6	high confidence set
Chromosome_9	39	38361068	38360988	Leu	AAG	0	0	74.0	52.20	21.80	Inf	Leu	110.4	high confidence set
Chromosome_9	40	37764802	37764712	Tyr	GTA	37764765	37764748	69.8	38.30	31.50	Inf	Tyr	108.3	high confidence set
Chromosome_9	42	35049567	35049496	Trp	CCA	0	0	75.8	51.20	24.60	Inf	Trp	105.6	high confidence set
Chromosome_9	43	32986578	32986497	Ser	GCT	0	0	73.7	38.40	35.30	Inf	Ser	100.4	high confidence set
Chromosome_9	44	14521695	14521624	Pro	AGG	0	0	67.4	34.70	32.70	Inf	Pro	112.3	high confidence set
Chromosome_9	45	14520062	14519991	Pro	TGG	0	0	68.5	35.70	32.80	Inf	Pro	111.2	high confidence set
Chromosome_9	46	14518951	14518880	Pro	AGG	0	0	67.4	34.70	32.70	Inf	Pro	112.3	high confidence set
Chromosome_9	47	14517741	14517670	Pro	AGG	0	0	67.4	34.70	32.70	Inf	Pro	112.3	high confidence set
Chromosome_9	50	14512964	14512893	Pro	TGG	0	0	64.1	34.40	29.70	Inf	Pro	107.3	high confidence set
Chromosome_9	52	8692762	8692689	Val	CAC	0	0	82.4	54.40	28.00	Inf	Val	103.7	high confidence set
Chromosome_9	53	7620683	7620610	Arg	TCG	0	0	82.3	61.00	21.30	Inf	Arg	91.9	high confidence set
Chromosome_9	55	6620282	6620211	Asp	GTC	0	0	58.4	45.30	13.10	Inf	Asp	79.8	high confidence set
Chromosome_9	56	5460631	5460550	Ser	GCT	0	0	80.5	45.20	35.30	Inf	Ser	109.5	high confidence set
Chromosome_9	57	4897985	4897914	Pro	TGG	0	0	70.0	38.00	32.00	Inf	Pro	111.1	high confidence set
Chromosome_9	58	3589656	3589585	Pro	TGG	0	0	69.2	36.90	32.30	Inf	Pro	112.8	high confidence set
Chromosome_9	59	3074510	3074439	Asp	GTC	0	0	69.8	46.80	23.00	Inf	Asp	94.5	high confidence set
Chromosome_9	60	1818776	1818705	Asp	GTC	0	0	67.8	44.80	23.00	Inf	Asp	92.9	high confidence set
Chromosome_9	61	1655773	1655700	Thr	AGT	0	0	74.7	46.20	28.50	Inf	Thr	89.4	high confidence set
Chromosome_9	62	1364810	1364739	Gly	TCC	0	0	73.9	46.20	27.70	Inf	Gly	85.6	high confidence set
Chromosome_10	1	587149	587221	Lys	CTT	0	0	86.8	66.60	20.20	Inf	Lys	107.7	high confidence set
Chromosome_10	2	828143	828215	Phe	GAA	0	0	78.3	58.40	19.90	Inf	Phe	113.2	high confidence set
Chromosome_10	3	1626510	1626581	Asp	GTC	0	0	67.8	44.80	23.00	Inf	Asp	92.9	high confidence set
Chromosome_10	4	1819521	1819594	Val	CAC	0	0	73.8	54.30	19.50	Inf	Val	92.6	high confidence set
Chromosome_10	5	1921388	1921460	Phe	GAA	0	0	78.3	58.40	19.90	Inf	Phe	113.2	high confidence set
Chromosome_10	6	2326466	2326536	Pro	AGG	0	0	55.0	24.30	30.70	Inf	Pro	83.5	high confidence set
Chromosome_10	7	2401558	2401629	Cys	GCA	0	0	82.1	59.90	22.20	Inf	Cys	106.6	high confidence set
Chromosome_10	8	3239028	3239099	His	GTG	0	0	63.0	33.70	29.30	Inf	His	86.8	high confidence set
Chromosome_10	9	3307195	3307266	Pro	AGG	0	0	67.4	34.70	32.70	Inf	Pro	112.3	high confidence set
Chromosome_10	10	3939450	3939521	Pro	AGG	0	0	67.4	34.70	32.70	Inf	Pro	112.3	high confidence set
Chromosome_10	11	5193250	5193340	Tyr	GTA	5193287	5193304	74.3	42.80	31.50	Inf	Tyr	111.8	high confidence set
Chromosome_10	12	5381634	5381706	Lys	TTT	0	0	88.7	64.40	24.30	Inf	Lys	93.7	high confidence set
Chromosome_10	14	22366757	22366830	Asn	GTT	0	0	84.5	59.40	25.10	Inf	Asn	95.9	high confidence set
Chromosome_10	15	25571388	25571317	Thr	TGT	0	0	79.3	49.30	30.00	Inf	Thr	92.3	high confidence set
Chromosome_10	16	24416678	24416606	Arg	ACG	0	0	71.7	49.10	22.60	Inf	Arg	91.4	high confidence set
Chromosome_10	19	2381701	2381630	His	GTG	0	0	63.0	33.70	29.30	Inf	His	86.8	high confidence set
Chromosome_10	20	2381060	2380988	Arg	CCG	0	0	80.4	58.30	22.10	Inf	Arg	84.6	high confidence set
Chromosome_10	21	2229947	2229875	Lys	CTT	0	0	86.8	66.60	20.20	Inf	Lys	107.7	high confidence set
Chromosome_10	22	2141207	2141135	Lys	TTT	0	0	89.9	66.30	23.60	Inf	Lys	93.5	high confidence set
Chromosome_10	23	1624963	1624892	Pro	AGG	0	0	67.4	34.70	32.70	Inf	Pro	112.3	high confidence set
Chromosome_10	24	734431	734359	Ala	AGC	0	0	63.4	38.20	25.20	Inf	Ala	98.3	high confidence set
