Sequence       		tRNA   	Bounds 	tRNA	Anti	Intron Bounds	Inf	HMM	2'Str	Hit	Isotype	Isotype	      
Name           	tRNA#	Begin  	End    	Type	Codon	Begin	End	Score	Score	Score	Origin	CM	Score	Note
--------       	------	-----  	------ 	----	-----	-----	----	------	-----	-----	------	-------	-------	------
Lepi_scaffold1	1	233348	233277	Pro	AGG	0	0	67.4	34.70	32.70	Inf	Pro	112.3	high confidence set
Lepi_scaffold2	1	58665	58738	Ile	AAT	0	0	86.4	57.90	28.50	Inf	Ile	108.4	high confidence set
Lepi_scaffold2	2	59914	59987	Ile	AAT	0	0	86.4	57.90	28.50	Inf	Ile	108.4	high confidence set
Lepi_scaffold2	3	796828	796899	Gly	TCC	0	0	71.0	46.70	24.30	Inf	Gly	82.3	high confidence set
Lepi_scaffold2	4	1170965	1171036	Asp	GTC	0	0	69.8	46.80	23.00	Inf	Asp	94.5	high confidence set
Lepi_scaffold2	6	215503	215430	Val	CAC	0	0	81.5	53.50	28.00	Inf	Val	103.7	high confidence set
Lepi_scaffold3	1	2883864	2883792	Ala	CGC	0	0	68.3	43.60	24.70	Inf	Ala	101.1	high confidence set
Lepi_scaffold3	2	2882447	2882376	Thr	CGT	0	0	82.3	55.00	27.30	Inf	Thr	83.7	high confidence set
Lepi_scaffold3	3	2348451	2348379	Ala	AGC	0	0	55.8	31.30	24.50	Inf	Ala	92.5	high confidence set
Lepi_scaffold3	4	1990131	1990046	Tyr	GTA	1990094	1990082	64.3	36.80	27.50	Inf	Tyr	100.8	high confidence set
Lepi_scaffold3	5	482845	482774	Thr	TGT	0	0	83.0	58.30	24.70	Inf	Thr	92.4	high confidence set
Lepi_scaffold4	1	281471	281542	Pro	AGG	0	0	67.4	34.70	32.70	Inf	Pro	112.3	high confidence set
Lepi_scaffold4	2	281901	281972	Pro	TGG	0	0	68.5	35.70	32.80	Inf	Pro	111.2	high confidence set
Lepi_scaffold4	3	282620	282691	Pro	TGG	0	0	59.4	28.10	31.30	Inf	Pro	102.6	high confidence set
Lepi_scaffold4	4	283390	283461	Pro	TGG	0	0	68.5	35.70	32.80	Inf	Pro	111.2	high confidence set
Lepi_scaffold4	6	287378	287449	Pro	TGG	0	0	68.5	35.70	32.80	Inf	Pro	111.2	high confidence set
Lepi_scaffold4	7	287819	287891	Pro	AGG	0	0	63.2	33.30	29.90	Inf	Pro	99.4	high confidence set
Lepi_scaffold4	8	287989	288060	Pro	TGG	0	0	68.5	35.70	32.80	Inf	Pro	111.2	high confidence set
Lepi_scaffold4	10	289177	289248	Pro	TGG	0	0	68.5	35.70	32.80	Inf	Pro	111.2	high confidence set
Lepi_scaffold4	11	289964	290035	Pro	TGG	0	0	68.5	35.70	32.80	Inf	Pro	111.2	high confidence set
Lepi_scaffold4	12	290758	290829	Pro	TGG	0	0	68.5	35.70	32.80	Inf	Pro	111.2	high confidence set
Lepi_scaffold4	14	291366	291437	Pro	TGG	0	0	68.5	35.70	32.80	Inf	Pro	111.2	high confidence set
Lepi_scaffold4	16	292599	292670	Pro	TGG	0	0	68.5	35.70	32.80	Inf	Pro	111.2	high confidence set
Lepi_scaffold4	17	293385	293456	Pro	TGG	0	0	60.0	36.60	23.40	Inf	Pro	98.7	high confidence set
Lepi_scaffold4	19	298157	298228	Pro	TGG	0	0	68.5	35.70	32.80	Inf	Pro	111.2	high confidence set
Lepi_scaffold4	20	298522	298593	Pro	TGG	0	0	57.6	33.50	24.10	Inf	Pro	98.6	high confidence set
Lepi_scaffold4	23	1805681	1805753	Glu	CTC	0	0	76.3	50.40	25.90	Inf	Glu	91.1	high confidence set
Lepi_scaffold4	24	2341867	2341950	Leu	CAA	0	0	81.0	54.20	26.80	Inf	Leu	125.4	high confidence set
Lepi_scaffold5	1	1684857	1684927	Cys	GCA	0	0	61.0	43.70	17.30	Inf	Cys	82.9	high confidence set
Lepi_scaffold5	2	2202381	2202454	Arg	TCG	0	0	82.3	61.00	21.30	Inf	Arg	91.9	high confidence set
Lepi_scaffold5	3	2017162	2017091	Trp	CCA	0	0	75.8	51.20	24.60	Inf	Trp	105.6	high confidence set
Lepi_scaffold5	4	111594	111522	Phe	GAA	0	0	78.3	58.40	19.90	Inf	Phe	113.2	high confidence set
Lepi_scaffold6	1	192766	192851	Tyr	GTA	192803	192815	74.2	42.50	31.70	Inf	Tyr	108.6	high confidence set
Lepi_scaffold6	2	1743299	1743372	Thr	AGT	0	0	73.6	45.20	28.40	Inf	Thr	88.6	high confidence set
Lepi_scaffold6	3	2521759	2521838	Leu	TAG	0	0	69.5	48.50	21.00	Inf	Leu	111.5	high confidence set
Lepi_scaffold6	4	2824873	2824944	Cys	GCA	0	0	81.7	56.10	25.60	Inf	Cys	104.3	high confidence set
Lepi_scaffold6	5	3061319	3061390	Trp	CCA	0	0	75.8	51.20	24.60	Inf	Trp	105.6	high confidence set
Lepi_scaffold7	1	1711324	1711395	Asp	GTC	0	0	67.0	47.30	19.70	Inf	Asp	95.1	high confidence set
Lepi_scaffold7	2	2063826	2063899	Arg	ACG	0	0	57.0	44.90	12.10	Inf	Ile	71.4	IPD:-19.50,isotype mismatch
Lepi_scaffold7	3	2124570	2124641	Cys	GCA	0	0	81.7	56.10	25.60	Inf	Cys	104.3	high confidence set
Lepi_scaffold8	1	2015240	2015313	Val	AAC	0	0	72.5	48.10	24.40	Inf	Val	100.2	high confidence set
Lepi_scaffold8	2	2019134	2019207	Val	AAC	0	0	72.5	48.10	24.40	Inf	Val	100.2	high confidence set
Lepi_scaffold8	4	1602310	1602239	Gly	TCC	0	0	74.1	46.70	27.40	Inf	Gly	84.2	high confidence set
Lepi_scaffold9	1	360368	360439	His	GTG	0	0	63.0	33.70	29.30	Inf	His	86.8	high confidence set
Lepi_scaffold9	2	454392	454463	Trp	CCA	0	0	75.8	51.20	24.60	Inf	Trp	105.6	high confidence set
Lepi_scaffold9	3	468776	468849	Val	CAC	0	0	81.5	53.50	28.00	Inf	Val	103.7	high confidence set
Lepi_scaffold9	4	597936	598009	Ile	AAT	0	0	85.5	59.00	26.50	Inf	Ile	109.4	high confidence set
Lepi_scaffold9	6	1256905	1256978	Ile	TAT	0	0	85.9	70.60	15.30	Inf	Ile	103.9	high confidence set
Lepi_scaffold9	8	2971521	2971440	Ser	CGA	0	0	77.5	44.40	33.10	Inf	Ser	120.8	high confidence set
Lepi_scaffold9	9	2010859	2010787	Glu	CTC	0	0	77.0	51.50	25.50	Inf	Glu	91.5	high confidence set
Lepi_scaffold9	10	1906336	1906263	Thr	AGT	0	0	76.0	48.40	27.60	Inf	Thr	90.6	high confidence set
Lepi_scaffold9	11	1114231	1114160	Glu	TTC	0	0	69.9	45.30	24.60	Inf	Glu	99.4	high confidence set
Lepi_scaffold9	12	1099858	1099785	Asn	GTT	0	0	83.3	58.10	25.20	Inf	Asn	93.9	high confidence set
Lepi_scaffold9	13	554124	554052	Arg	ACG	0	0	72.9	50.30	22.60	Inf	Arg	88.9	high confidence set
Lepi_scaffold9	14	324892	324809	Tyr	GTA	324855	324845	74.3	42.60	31.70	Inf	Tyr	108.6	high confidence set
Lepi_scaffold10	2	3142015	3142087	Arg	ACG	0	0	72.6	49.80	22.80	Inf	Arg	89.8	high confidence set
Lepi_scaffold10	3	3676088	3676160	Arg	TCT	0	0	70.7	50.70	20.00	Inf	Arg	91.3	high confidence set
Lepi_scaffold10	4	3518216	3518143	Thr	AGT	0	0	73.6	45.20	28.40	Inf	Thr	88.6	high confidence set
Lepi_scaffold10	5	3371444	3371360	Met	CAT	3371406	3371396	64.2	40.80	23.40	Inf	Met	104.0	high confidence set
Lepi_scaffold10	6	2490955	2490884	Asp	GTC	0	0	69.8	46.80	23.00	Inf	Asp	94.5	high confidence set
Lepi_scaffold11	1	322627	322710	Leu	CAA	0	0	78.5	55.10	23.40	Inf	Leu	119.0	high confidence set
Lepi_scaffold11	2	452277	452358	Ser	TGA	0	0	83.3	48.80	34.50	Inf	Ser	124.2	high confidence set
Lepi_scaffold11	3	2645697	2645769	Ala	AGC	0	0	63.4	38.20	25.20	Inf	Ala	98.3	high confidence set
Lepi_scaffold11	5	2865090	2865162	Ala	AGC	0	0	63.4	38.20	25.20	Inf	Ala	98.3	high confidence set
Lepi_scaffold11	6	3413818	3413890	Val	TAC	0	0	74.4	44.00	30.40	Inf	Val	103.3	high confidence set
Lepi_scaffold11	7	3316752	3316681	Thr	CGT	0	0	82.3	55.00	27.30	Inf	Thr	83.7	high confidence set
Lepi_scaffold11	8	3289612	3289541	Thr	CGT	0	0	78.9	54.70	24.20	Inf	Thr	87.3	high confidence set
Lepi_scaffold11	9	3208006	3207934	Ala	TGC	0	0	70.0	45.30	24.70	Inf	Ala	100.6	high confidence set
Lepi_scaffold13	1	512747	512818	Cys	GCA	0	0	82.1	59.90	22.20	Inf	Cys	106.6	high confidence set
Lepi_scaffold13	2	527219	527290	Pro	AGG	0	0	67.4	34.70	32.70	Inf	Pro	112.3	high confidence set
Lepi_scaffold13	3	1203342	1203413	Asp	GTC	0	0	69.8	46.80	23.00	Inf	Asp	94.5	high confidence set
Lepi_scaffold13	4	1262214	1262286	Glu	CTC	0	0	77.0	51.50	25.50	Inf	Glu	91.5	high confidence set
Lepi_scaffold13	5	1755225	1755296	Glu	TTC	0	0	69.9	45.30	24.60	Inf	Glu	99.4	high confidence set
Lepi_scaffold13	6	3287848	3287933	Tyr	GTA	3287885	3287897	74.2	42.50	31.70	Inf	Tyr	108.6	high confidence set
Lepi_scaffold13	7	3129316	3129245	Gln	TTG	0	0	73.5	53.70	19.80	Inf	Gln	104.8	high confidence set
Lepi_scaffold13	8	1621836	1621765	Glu	TTC	0	0	69.9	45.30	24.60	Inf	Glu	99.4	high confidence set
Lepi_scaffold13	10	1465613	1465540	Asn	GTT	0	0	83.3	58.10	25.20	Inf	Asn	93.9	high confidence set
Lepi_scaffold13	11	286212	286133	Leu	TAG	0	0	69.5	48.50	21.00	Inf	Leu	111.5	high confidence set
Lepi_scaffold13	12	184042	183971	Asp	GTC	0	0	69.8	46.80	23.00	Inf	Asp	94.5	high confidence set
Lepi_scaffold13	13	140595	140523	Phe	GAA	0	0	78.3	58.40	19.90	Inf	Phe	113.2	high confidence set
Lepi_scaffold13	14	51889	51807	Leu	TAA	0	0	66.7	29.00	37.70	Inf	Leu	92.3	high confidence set
Lepi_scaffold14	1	575996	576067	Gln	TTG	0	0	73.5	53.70	19.80	Inf	Gln	104.8	high confidence set
Lepi_scaffold14	2	1517486	1517569	Leu	CAA	0	0	78.5	55.10	23.40	Inf	Leu	119.0	high confidence set
Lepi_scaffold14	3	2895386	2895457	Lys	TTT	0	0	92.3	68.60	23.70	Inf	Lys	93.4	high confidence set
Lepi_scaffold14	4	4133857	4133930	Thr	AGT	0	0	73.6	45.20	28.40	Inf	Thr	88.6	high confidence set
Lepi_scaffold14	5	4496081	4496152	Gly	TCC	0	0	74.1	46.70	27.40	Inf	Gly	84.2	high confidence set
Lepi_scaffold14	6	4695646	4695725	Leu	TAG	0	0	69.5	48.50	21.00	Inf	Leu	111.5	high confidence set
Lepi_scaffold14	7	4755791	4755862	Cys	GCA	0	0	81.7	56.10	25.60	Inf	Cys	104.3	high confidence set
Lepi_scaffold14	8	4621188	4621117	Pro	TGG	0	0	69.2	36.90	32.30	Inf	Pro	112.8	high confidence set
Lepi_scaffold14	9	4489877	4489806	Glu	TTC	0	0	69.9	45.30	24.60	Inf	Glu	99.4	high confidence set
Lepi_scaffold14	10	4011620	4011548	Val	TAC	0	0	70.5	42.70	27.80	Inf	Val	97.2	high confidence set
Lepi_scaffold14	11	3690676	3690606	Gly	GCC	0	0	66.5	44.80	21.70	Inf	Gly	94.4	high confidence set
Lepi_scaffold14	12	3676968	3676896	Ala	AGC	0	0	63.4	38.20	25.20	Inf	Ala	98.3	high confidence set
Lepi_scaffold14	13	2966162	2966091	Lys	TTT	0	0	92.3	68.60	23.70	Inf	Lys	93.4	high confidence set
Lepi_scaffold14	14	2854622	2854537	Met	CAT	2854584	2854573	64.2	40.80	23.40	Inf	Met	104.0	high confidence set
Lepi_scaffold14	15	1547408	1547336	Phe	GAA	0	0	78.3	58.40	19.90	Inf	Phe	113.2	high confidence set
Lepi_scaffold14	16	18518	18446	Ala	AGC	0	0	55.8	31.30	24.50	Inf	Ala	92.5	high confidence set
Lepi_scaffold15	1	446463	446547	Met	CAT	446501	446511	64.2	40.80	23.40	Inf	Met	104.0	high confidence set
Lepi_scaffold15	2	926291	926364	Ile	AAT	0	0	54.3	31.80	22.50	Inf	Ile	82.1	high confidence set
Lepi_scaffold15	3	1646030	1646101	Gly	TCC	0	0	74.1	46.70	27.40	Inf	Gly	84.2	high confidence set
Lepi_scaffold15	4	1695042	1695115	Val	AAC	0	0	72.5	48.10	24.40	Inf	Val	100.2	high confidence set
Lepi_scaffold15	6	2859870	2859941	Trp	CCA	0	0	75.8	51.20	24.60	Inf	Trp	105.6	high confidence set
Lepi_scaffold15	7	3843141	3843212	Thr	CGT	0	0	82.3	55.00	27.30	Inf	Thr	83.7	high confidence set
Lepi_scaffold15	8	4059020	4058951	Ala	TGC	0	0	53.0	37.40	15.60	Inf	Ala	72.0	high confidence set
Lepi_scaffold15	9	3042992	3042913	Leu	TAG	0	0	71.0	48.60	22.40	Inf	Leu	111.9	high confidence set
Lepi_scaffold15	10	448575	448502	Arg	TCG	0	0	81.9	60.40	21.50	Inf	Arg	92.9	high confidence set
Lepi_scaffold16	1	13162	13233	Trp	CCA	0	0	75.8	51.20	24.60	Inf	Trp	105.6	high confidence set
Lepi_scaffold16	3	2323114	2323186	Val	TAC	0	0	70.5	42.70	27.80	Inf	Val	97.2	high confidence set
Lepi_scaffold16	4	2387983	2388054	Lys	TTT	0	0	92.3	68.60	23.70	Inf	Lys	93.4	high confidence set
Lepi_scaffold16	5	3545370	3545451	Ser	CGA	0	0	77.5	44.40	33.10	Inf	Ser	120.8	high confidence set
Lepi_scaffold16	6	3836902	3836984	Leu	TAA	0	0	67.5	30.20	37.30	Inf	Leu	94.2	high confidence set
Lepi_scaffold16	7	3896706	3896778	Arg	TCT	0	0	71.3	51.70	19.60	Inf	Arg	95.1	high confidence set
Lepi_scaffold16	8	3490204	3490131	Arg	TCG	0	0	82.3	61.00	21.30	Inf	Arg	91.9	high confidence set
Lepi_scaffold16	9	2357978	2357897	Ser	TGA	0	0	80.5	43.30	37.20	Inf	Ser	117.5	high confidence set
Lepi_scaffold16	10	2329388	2329303	Met	CAT	2329350	2329339	64.2	40.80	23.40	Inf	Met	104.0	high confidence set
Lepi_scaffold16	12	1785196	1785125	Pro	TGG	0	0	68.5	35.70	32.80	Inf	Pro	111.2	high confidence set
Lepi_scaffold16	13	1699932	1699862	Gly	GCC	0	0	66.5	44.80	21.70	Inf	Gly	94.4	high confidence set
Lepi_scaffold17	1	714659	714740	Ser	AGA	0	0	65.6	31.40	34.20	Inf	Ser	92.7	high confidence set
Lepi_scaffold17	2	715388	715472	Tyr	GTA	715425	715436	72.2	39.00	33.20	Inf	Tyr	110.0	high confidence set
Lepi_scaffold17	3	717849	717933	Tyr	GTA	717886	717897	52.7	28.80	23.90	Inf	Tyr	82.7	high confidence set
Lepi_scaffold17	5	719354	719438	Tyr	GTA	719391	719402	65.0	37.30	27.70	Inf	Tyr	99.4	high confidence set
Lepi_scaffold17	6	720150	720231	Ser	AGA	0	0	77.0	42.20	34.80	Inf	Ser	112.5	high confidence set
Lepi_scaffold17	7	720715	720799	Tyr	GTA	720752	720763	66.7	37.10	29.60	Inf	Tyr	105.0	high confidence set
Lepi_scaffold17	8	721495	721576	Ser	AGA	0	0	67.7	39.30	28.40	Inf	Ser	101.8	high confidence set
Lepi_scaffold17	9	722237	722321	Tyr	GTA	722274	722285	66.2	40.80	25.40	Inf	Tyr	94.5	high confidence set
Lepi_scaffold17	11	723755	723839	Tyr	GTA	723792	723803	72.2	39.00	33.20	Inf	Tyr	110.0	high confidence set
Lepi_scaffold17	13	725273	725357	Tyr	GTA	725310	725321	72.2	39.00	33.20	Inf	Tyr	110.0	high confidence set
Lepi_scaffold17	14	726278	726362	Tyr	GTA	726315	726326	71.2	37.90	33.30	Inf	Tyr	109.4	high confidence set
Lepi_scaffold17	15	727056	727138	Ser	AGA	0	0	62.1	36.90	25.20	Inf	Ser	91.7	high confidence set
Lepi_scaffold17	16	727804	727888	Tyr	GTA	727841	727852	60.2	26.90	33.30	Inf	Tyr	96.4	high confidence set
Lepi_scaffold17	18	731847	731931	Tyr	GTA	731884	731895	66.2	40.80	25.40	Inf	Tyr	94.5	high confidence set
Lepi_scaffold17	19	733337	733421	Tyr	GTA	733374	733385	63.3	33.10	30.20	Inf	Tyr	101.0	high confidence set
Lepi_scaffold17	20	736125	736206	Ser	AGA	0	0	77.0	42.20	34.80	Inf	Ser	112.5	high confidence set
Lepi_scaffold17	23	739654	739738	Tyr	GTA	739691	739702	50.5	31.70	18.80	Inf	Tyr	73.0	high confidence set
Lepi_scaffold17	24	740424	740505	Ser	AGA	0	0	54.9	27.10	27.80	Inf	Ser	84.8	high confidence set
Lepi_scaffold17	27	755300	755384	Tyr	GTA	755337	755348	52.5	22.00	30.50	Inf	Tyr	77.0	high confidence set
Lepi_scaffold17	30	1296398	1296470	Lys	CTT	0	0	87.7	67.60	20.10	Inf	Lys	106.7	high confidence set
Lepi_scaffold17	31	1592695	1592767	Glu	CTC	0	0	76.3	50.40	25.90	Inf	Glu	91.1	high confidence set
Lepi_scaffold17	32	2267559	2267489	Gly	CCC	0	0	65.4	28.10	37.30	Inf	Gly	85.4	high confidence set
Lepi_scaffold17	33	940374	940293	Ser	AGA	0	0	76.7	41.60	35.10	Inf	Ser	110.2	high confidence set
Lepi_scaffold17	34	15395	15323	Ala	TGC	0	0	65.6	39.80	25.80	Inf	Ala	97.7	high confidence set
Lepi_scaffold18	1	863322	863394	Ala	AGC	0	0	55.8	31.30	24.50	Inf	Ala	92.5	high confidence set
Lepi_scaffold18	5	3809727	3809654	Val	AAC	0	0	72.5	48.10	24.40	Inf	Val	100.2	high confidence set
Lepi_scaffold18	6	868674	868602	Ala	AGC	0	0	55.8	31.30	24.50	Inf	Ala	92.5	high confidence set
Lepi_scaffold19	1	1104297	1104378	Ser	GCT	0	0	78.3	42.40	35.90	Inf	Ser	108.3	high confidence set
Lepi_scaffold19	2	1359641	1359713	Arg	ACG	0	0	71.2	47.10	24.10	Inf	Arg	89.3	high confidence set
Lepi_scaffold19	3	3075559	3075632	Thr	AGT	0	0	70.2	46.10	24.10	Inf	Thr	83.6	high confidence set
Lepi_scaffold19	4	2705646	2705574	Arg	CCT	0	0	74.8	55.90	18.90	Inf	Arg	84.6	high confidence set
Lepi_scaffold20	1	2033214	2033286	Arg	TCT	0	0	69.1	51.80	17.30	Inf	Arg	93.8	high confidence set
Lepi_scaffold20	2	1610950	1610869	Ser	GCT	0	0	80.5	45.20	35.30	Inf	Ser	109.5	high confidence set
Lepi_scaffold20	3	1217184	1217113	Thr	TGT	0	0	83.0	58.30	24.70	Inf	Thr	92.4	high confidence set
Lepi_scaffold20	4	1185980	1185908	Arg	ACG	0	0	72.6	49.80	22.80	Inf	Arg	89.8	high confidence set
Lepi_scaffold20	5	716108	716027	Ser	GCT	0	0	76.2	41.10	35.10	Inf	Ser	105.6	high confidence set
Lepi_scaffold21	1	275262	275334	Lys	CTT	0	0	87.7	67.60	20.10	Inf	Lys	106.7	high confidence set
Lepi_scaffold22	1	1390349	1390420	Lys	TTT	0	0	92.3	68.60	23.70	Inf	Lys	93.4	high confidence set
Lepi_scaffold22	2	1938894	1938966	Ala	CGC	0	0	68.3	44.10	24.20	Inf	Ala	99.2	high confidence set
Lepi_scaffold22	3	1941192	1941263	Gln	CTG	0	0	71.1	46.00	25.10	Inf	Gln	100.8	high confidence set
Lepi_scaffold22	4	2285552	2285480	Phe	GAA	0	0	78.3	58.40	19.90	Inf	Phe	113.2	high confidence set
Lepi_scaffold22	5	1163039	1162958	Ser	GCT	0	0	80.5	45.20	35.30	Inf	Ser	109.5	high confidence set
Lepi_scaffold22	6	834761	834690	Pro	TGG	0	0	69.2	36.90	32.30	Inf	Pro	112.8	high confidence set
Lepi_scaffold23	1	611734	611817	Leu	CAA	0	0	79.5	54.50	25.00	Inf	Leu	126.8	high confidence set
Lepi_scaffold23	2	1053122	1053194	Lys	CTT	0	0	87.7	67.60	20.10	Inf	Lys	106.7	high confidence set
Lepi_scaffold23	3	1509118	1509189	Asp	GTC	0	0	69.8	46.80	23.00	Inf	Asp	94.5	high confidence set
Lepi_scaffold23	4	1711721	1711802	Ser	GCT	0	0	80.5	45.20	35.30	Inf	Ser	109.5	high confidence set
Lepi_scaffold23	5	1795668	1795739	Asp	GTC	0	0	67.0	47.30	19.70	Inf	Asp	95.1	high confidence set
Lepi_scaffold23	6	2766744	2766817	Asn	GTT	0	0	81.4	54.70	26.70	Inf	Asn	91.8	high confidence set
Lepi_scaffold23	7	2875071	2874999	Lys	CTT	0	0	87.7	67.60	20.10	Inf	Lys	106.7	high confidence set
Lepi_scaffold23	8	2220498	2220427	Thr	TGT	0	0	83.0	58.30	24.70	Inf	Thr	92.4	high confidence set
Lepi_scaffold23	9	1795888	1795815	Val	AAC	0	0	72.5	48.10	24.40	Inf	Val	100.2	high confidence set
Lepi_scaffold23	10	1509334	1509261	Val	AAC	0	0	72.5	48.10	24.40	Inf	Val	100.2	high confidence set
Lepi_scaffold23	11	618158	618086	Ala	AGC	0	0	63.4	38.20	25.20	Inf	Ala	98.3	high confidence set
Lepi_scaffold23	12	45402	45332	Gly	GCC	0	0	66.5	44.80	21.70	Inf	Gly	94.4	high confidence set
Lepi_scaffold24	1	679859	679932	Thr	AGT	0	0	70.2	46.10	24.10	Inf	Thr	83.6	high confidence set
Lepi_scaffold24	2	2426486	2426415	Pro	AGG	0	0	68.2	35.90	32.30	Inf	Pro	113.9	high confidence set
Lepi_scaffold24	3	1854797	1854716	Ser	GCT	0	0	79.0	43.10	35.90	Inf	Ser	108.6	high confidence set
Lepi_scaffold24	4	1628007	1627935	Arg	ACG	0	0	71.2	47.10	24.10	Inf	Arg	89.3	high confidence set
Lepi_scaffold24	5	502373	502286	Tyr	GTA	502336	502326	60.7	38.20	22.50	Inf	Tyr	92.3	high confidence set
Lepi_scaffold24	6	314484	314412	Arg	CCT	0	0	71.3	54.20	17.10	Inf	Arg	85.7	high confidence set
Lepi_scaffold25	1	1837710	1837782	Ala	TGC	0	0	70.0	45.30	24.70	Inf	Ala	100.6	high confidence set
Lepi_scaffold25	2	2356459	2356531	Phe	GAA	0	0	78.3	58.40	19.90	Inf	Phe	113.2	high confidence set
Lepi_scaffold25	3	2703951	2704023	Ala	TGC	0	0	66.6	41.40	25.20	Inf	Ala	98.8	high confidence set
Lepi_scaffold25	4	4825921	4826001	Leu	AAG	0	0	71.2	51.20	20.00	Inf	Leu	106.6	high confidence set
Lepi_scaffold25	5	5577311	5577382	Pro	AGG	0	0	68.2	35.90	32.30	Inf	Pro	113.9	high confidence set
Lepi_scaffold25	6	2614229	2614157	Glu	CTC	0	0	76.3	50.40	25.90	Inf	Glu	91.1	high confidence set
Lepi_scaffold25	7	2402949	2402877	Ala	CGC	0	0	67.5	42.90	24.60	Inf	Ala	99.2	high confidence set
Lepi_scaffold25	8	2270187	2270115	Phe	GAA	0	0	78.3	58.40	19.90	Inf	Phe	113.2	high confidence set
Lepi_scaffold25	10	469866	469795	Gln	CTG	0	0	71.1	46.00	25.10	Inf	Gln	100.8	high confidence set
Lepi_scaffold25	11	25560	25488	Phe	GAA	0	0	78.3	58.40	19.90	Inf	Phe	113.2	high confidence set
Lepi_scaffold26	1	765134	765205	Glu	TTC	0	0	69.9	45.30	24.60	Inf	Glu	99.4	high confidence set
Lepi_scaffold26	2	2627195	2627267	Phe	GAA	0	0	78.3	58.40	19.90	Inf	Phe	113.2	high confidence set
Lepi_scaffold26	3	2771478	2771549	iMet	CAT	0	0	58.3	28.10	30.20	Inf	iMet	118.7	high confidence set
Lepi_scaffold26	4	3584202	3584283	Ser	AGA	0	0	76.3	41.60	34.70	Inf	Ser	112.1	high confidence set
Lepi_scaffold27	1	8453	8524	Pro	TGG	0	0	69.2	36.90	32.30	Inf	Pro	112.8	high confidence set
Lepi_scaffold27	2	175160	175231	Glu	TTC	0	0	69.9	45.30	24.60	Inf	Glu	99.4	high confidence set
Lepi_scaffold27	3	852756	852828	Val	TAC	0	0	74.4	44.00	30.40	Inf	Val	103.3	high confidence set
Lepi_scaffold27	4	888149	888220	Lys	TTT	0	0	92.3	68.60	23.70	Inf	Lys	93.4	high confidence set
Lepi_scaffold27	5	1273024	1273096	Ala	AGC	0	0	55.8	31.30	24.50	Inf	Ala	92.5	high confidence set
Lepi_scaffold27	6	629736	629663	Thr	AGT	0	0	73.6	45.20	28.40	Inf	Thr	88.6	high confidence set
Lepi_scaffold28	1	305640	305711	His	GTG	0	0	63.0	33.70	29.30	Inf	His	87.1	high confidence set
Lepi_scaffold28	2	1581030	1581115	Tyr	GTA	1581067	1581079	74.2	42.50	31.70	Inf	Tyr	108.6	high confidence set
Lepi_scaffold28	3	451690	451617	Val	AAC	0	0	72.5	48.10	24.40	Inf	Val	100.2	high confidence set
Lepi_scaffold28	4	223091	223011	Leu	AAG	0	0	71.4	51.10	20.30	Inf	Leu	108.5	high confidence set
Lepi_scaffold28	5	124873	124792	Ser	GCT	0	0	84.9	50.40	34.50	Inf	Ser	111.8	high confidence set
Lepi_scaffold29	1	164986	165056	Gly	GCC	0	0	66.5	44.80	21.70	Inf	Gly	94.4	high confidence set
Lepi_scaffold29	2	166508	166578	Gly	GCC	0	0	66.5	44.80	21.70	Inf	Gly	94.4	high confidence set
Lepi_scaffold29	3	389991	390061	Gly	GCC	0	0	66.5	44.80	21.70	Inf	Gly	94.4	high confidence set
Lepi_scaffold29	4	393340	393410	Gly	GCC	0	0	66.5	44.80	21.70	Inf	Gly	94.4	high confidence set
Lepi_scaffold29	5	2011629	2011558	Thr	TGT	0	0	84.3	58.00	26.30	Inf	Thr	93.3	high confidence set
Lepi_scaffold29	6	1039336	1039265	Trp	CCA	0	0	75.8	51.20	24.60	Inf	Trp	105.6	high confidence set
Lepi_scaffold29	7	477594	477521	Arg	TCG	0	0	81.9	60.40	21.50	Inf	Arg	92.9	high confidence set
Lepi_scaffold30	1	194456	194528	Glu	CTC	0	0	76.3	50.40	25.90	Inf	Glu	91.1	high confidence set
Lepi_scaffold30	2	606107	606187	Leu	AAG	0	0	71.4	51.10	20.30	Inf	Leu	108.5	high confidence set
Lepi_scaffold30	3	1633130	1633201	Asp	GTC	0	0	69.8	46.80	23.00	Inf	Asp	94.5	high confidence set
Lepi_scaffold30	4	1317893	1317821	Ala	TGC	0	0	70.0	45.30	24.70	Inf	Ala	100.6	high confidence set
Lepi_scaffold30	5	595529	595449	Leu	CAG	0	0	70.7	49.80	20.90	Inf	Leu	111.3	high confidence set
Lepi_scaffold30	6	420675	420604	Asp	GTC	0	0	69.8	46.80	23.00	Inf	Asp	94.5	high confidence set
Lepi_scaffold30	7	120511	120440	Thr	CGT	0	0	82.3	55.00	27.30	Inf	Thr	83.7	high confidence set
Lepi_scaffold31	1	266746	266817	Asp	GTC	0	0	69.8	46.80	23.00	Inf	Asp	94.5	high confidence set
Lepi_scaffold31	4	627284	627355	Pro	AGG	0	0	67.4	34.70	32.70	Inf	Pro	112.3	high confidence set
Lepi_scaffold31	5	627719	627790	Pro	TGG	0	0	68.5	35.70	32.80	Inf	Pro	111.2	high confidence set
Lepi_scaffold31	6	628402	628479	Pro	AGG	0	0	51.5	27.70	23.80	Inf	Pro	96.8	high confidence set
Lepi_scaffold31	8	630069	630140	Pro	TGG	0	0	68.5	35.70	32.80	Inf	Pro	111.2	high confidence set
Lepi_scaffold31	11	631740	631811	Pro	AGG	0	0	67.4	34.70	32.70	Inf	Pro	112.3	high confidence set
Lepi_scaffold31	12	632281	632352	Pro	TGG	0	0	68.5	35.70	32.80	Inf	Pro	111.2	high confidence set
Lepi_scaffold31	13	632975	633046	Pro	AGG	0	0	67.4	34.70	32.70	Inf	Pro	112.3	high confidence set
Lepi_scaffold31	14	633295	633366	Pro	TGG	0	0	60.5	31.10	29.40	Inf	Pro	104.9	high confidence set
Lepi_scaffold31	15	1462996	1463078	Leu	CAA	0	0	67.3	43.10	24.20	Inf	Leu	109.5	high confidence set
Lepi_scaffold31	16	1598162	1598246	Met	CAT	1598200	1598210	64.2	40.80	23.40	Inf	Met	104.0	high confidence set
Lepi_scaffold31	17	2472612	2472685	Asn	GTT	0	0	83.3	58.10	25.20	Inf	Asn	93.9	high confidence set
Lepi_scaffold31	18	2473506	2473585	Leu	TAG	0	0	68.7	47.30	21.40	Inf	Leu	109.7	high confidence set
Lepi_scaffold31	19	2841518	2841590	Arg	TCT	0	0	71.0	51.20	19.80	Inf	Arg	99.1	high confidence set
Lepi_scaffold31	20	4275699	4275771	Glu	CTC	0	0	66.4	47.20	19.20	Inf	Glu	82.8	high confidence set
Lepi_scaffold31	21	6653354	6653425	Asn	GTT	0	0	79.0	56.70	22.30	Inf	Asn	79.2	high confidence set
Lepi_scaffold31	23	6654148	6654075	Arg	ACG	0	0	57.0	44.90	12.10	Inf	Ile	71.4	IPD:-19.50,isotype mismatch
Lepi_scaffold31	24	5703360	5703289	Asp	GTC	0	0	69.8	46.80	23.00	Inf	Asp	94.5	high confidence set
Lepi_scaffold31	26	2788991	2788909	Leu	TAA	0	0	72.9	35.60	37.30	Inf	Leu	100.3	high confidence set
Lepi_scaffold31	27	2553896	2553813	Tyr	GTA	2553859	2553849	74.3	42.60	31.70	Inf	Tyr	108.6	high confidence set
Lepi_scaffold31	28	1451223	1451150	Thr	AGT	0	0	73.6	45.20	28.40	Inf	Thr	88.6	high confidence set
Lepi_scaffold32	1	888578	888650	Ala	CGC	0	0	68.3	44.10	24.20	Inf	Ala	99.2	high confidence set
Lepi_scaffold32	2	2934665	2934737	Ala	AGC	0	0	63.4	38.20	25.20	Inf	Ala	98.3	high confidence set
Lepi_scaffold32	3	3095533	3095604	iMet	CAT	0	0	58.3	28.10	30.20	Inf	iMet	118.7	high confidence set
Lepi_scaffold32	4	2736991	2736918	Ile	AAT	0	0	77.2	50.40	26.80	Inf	Ile	93.0	high confidence set
Lepi_scaffold32	5	2316936	2316853	Leu	CAA	0	0	79.5	54.50	25.00	Inf	Leu	126.8	high confidence set
Lepi_scaffold32	6	2289958	2289877	Ser	TGA	0	0	81.1	46.70	34.40	Inf	Ser	122.5	high confidence set
Lepi_scaffold32	8	1026345	1026275	Gly	CCC	0	0	65.4	28.10	37.30	Inf	Gly	85.4	high confidence set
Lepi_scaffold33	1	1342836	1342908	Ala	AGC	0	0	59.6	37.50	22.10	Inf	Ala	96.4	high confidence set
Lepi_scaffold33	2	2942039	2941967	Val	TAC	0	0	74.4	44.00	30.40	Inf	Val	103.3	high confidence set
Lepi_scaffold34	1	587210	587281	Cys	GCA	0	0	81.7	59.20	22.50	Inf	Cys	104.2	high confidence set
Lepi_scaffold34	2	2443845	2443928	Leu	CAA	0	0	76.7	54.50	22.20	Inf	Leu	123.1	high confidence set
Lepi_scaffold34	3	2611910	2611994	Met	CAT	2611948	2611958	64.2	40.80	23.40	Inf	Met	104.0	high confidence set
Lepi_scaffold34	4	3431838	3431911	Asn	GTT	0	0	83.3	58.10	25.20	Inf	Asn	93.9	high confidence set
Lepi_scaffold34	5	3432485	3432564	Leu	TAG	0	0	58.7	41.60	17.10	Inf	Leu	100.9	high confidence set
Lepi_scaffold34	6	3711420	3711492	Arg	TCT	0	0	71.0	51.20	19.80	Inf	Arg	99.1	high confidence set
Lepi_scaffold34	7	3686441	3686359	Leu	TAA	0	0	72.9	35.60	37.30	Inf	Leu	100.3	high confidence set
Lepi_scaffold34	8	3504705	3504622	Tyr	GTA	3504668	3504658	74.3	42.60	31.70	Inf	Tyr	108.6	high confidence set
Lepi_scaffold34	9	2437479	2437406	Thr	AGT	0	0	73.6	45.20	28.40	Inf	Thr	88.6	high confidence set
Lepi_scaffold34	10	2037655	2037583	Ala	AGC	0	0	63.4	38.20	25.20	Inf	Ala	98.3	high confidence set
Lepi_scaffold34	11	795790	795710	Leu	AAG	0	0	71.4	51.10	20.30	Inf	Leu	108.5	high confidence set
Lepi_scaffold34	12	300789	300706	Leu	CAA	0	0	82.0	55.00	27.00	Inf	Leu	127.3	high confidence set
Lepi_scaffold35	3	1641523	1641596	Asn	GTT	0	0	81.4	54.70	26.70	Inf	Asn	91.8	high confidence set
Lepi_scaffold35	4	1704263	1704334	His	GTG	0	0	63.0	33.70	29.30	Inf	His	86.8	high confidence set
Lepi_scaffold35	5	3073337	3073409	Glu	CTC	0	0	76.3	50.40	25.90	Inf	Glu	95.5	high confidence set
Lepi_scaffold35	6	3264629	3264717	Tyr	GTA	3264666	3264681	74.1	42.40	31.70	Inf	Tyr	108.6	high confidence set
Lepi_scaffold35	7	3202181	3202110	Gln	CTG	0	0	71.1	46.00	25.10	Inf	Gln	100.8	high confidence set
Lepi_scaffold35	9	1925268	1925195	Ile	AAT	0	0	85.5	59.00	26.50	Inf	Ile	109.4	high confidence set
Lepi_scaffold38	1	2048912	2048983	Asp	GTC	0	0	69.8	46.80	23.00	Inf	Asp	94.5	high confidence set
Lepi_scaffold38	2	2257265	2257336	Pro	TGG	0	0	69.2	36.90	32.30	Inf	Pro	112.8	high confidence set
Lepi_scaffold38	3	121742	121669	Ile	AAT	0	0	86.4	57.90	28.50	Inf	Ile	108.4	high confidence set
Lepi_scaffold39	1	456185	456256	Cys	GCA	0	0	80.5	53.40	27.10	Inf	Cys	101.8	high confidence set
Lepi_scaffold39	2	456378	456449	Cys	GCA	0	0	80.8	53.70	27.10	Inf	Cys	103.2	high confidence set
Lepi_scaffold39	3	456566	456637	Cys	GCA	0	0	80.4	53.30	27.10	Inf	Cys	101.7	high confidence set
Lepi_scaffold39	4	832738	832811	Arg	TCG	0	0	81.9	60.40	21.50	Inf	Arg	92.9	high confidence set
Lepi_scaffold39	5	896028	895955	Asn	GTT	0	0	83.5	55.70	27.80	Inf	Ile	92.6	IPD:-3.40,isotype mismatch
Lepi_scaffold39	6	525687	525614	Ile	TAT	0	0	87.1	72.60	14.50	Inf	Ile	104.3	high confidence set
Lepi_scaffold40	5	2345593	2345664	Thr	GGT	0	0	58.2	29.20	29.00	Inf	Thr	73.0	unexpected anticodon
Lepi_scaffold40	7	2359161	2359247	Ser	GGA	0	0	64.6	34.80	29.80	Inf	Ser	83.2	unexpected anticodon
Lepi_scaffold40	11	2367249	2367176	Trp	CCA	0	0	71.9	38.60	33.30	Inf	Thr	74.9	IPD:-15.80,isotype mismatch
Lepi_scaffold40	12	2364028	2363956	Thr	TGT	0	0	69.1	50.20	18.90	Inf	Thr	82.6	high confidence set
Lepi_scaffold40	13	2360614	2360542	Thr	TGT	0	0	69.1	50.20	18.90	Inf	Thr	82.6	high confidence set
Lepi_scaffold40	15	2349550	2349466	Ser	TGA	0	0	66.6	37.90	28.70	Inf	Ser	75.5	high confidence set
Lepi_scaffold40	17	2344646	2344563	Tyr	GTA	0	0	55.6	30.40	25.20	Inf	Tyr	72.5	high confidence set
Lepi_scaffold40	19	2322261	2322174	Ser	GCT	0	0	56.5	36.60	19.90	Inf	Ser	73.7	high confidence set
Lepi_scaffold41	2	145464	145536	Phe	GAA	0	0	73.3	47.90	25.40	Inf	Phe	77.9	high confidence set
Lepi_scaffold41	6	541538	541609	Cys	GCA	0	0	81.7	56.10	25.60	Inf	Cys	104.3	high confidence set
Lepi_scaffold41	7	2500103	2500175	Ala	AGC	0	0	63.4	38.20	25.20	Inf	Ala	98.3	high confidence set
Lepi_scaffold41	8	3214277	3214207	Asp	GTC	0	0	52.6	37.80	14.80	Inf	Asp	79.5	high confidence set
Lepi_scaffold41	9	2054727	2054656	Pro	AGG	0	0	67.4	34.70	32.70	Inf	Pro	112.3	high confidence set
Lepi_scaffold41	14	173504	173431	Trp	CCA	0	0	71.9	38.60	33.30	Inf	Thr	74.9	IPD:-15.80,isotype mismatch
Lepi_scaffold41	16	154925	154852	Trp	CCA	0	0	71.9	38.60	33.30	Inf	Thr	74.9	IPD:-15.80,isotype mismatch
Lepi_scaffold41	17	142389	142317	Thr	TGT	0	0	63.3	44.70	18.60	Inf	Thr	78.3	high confidence set
Lepi_scaffold42	1	117059	117131	Lys	CTT	0	0	82.8	62.60	20.20	Inf	Lys	96.2	high confidence set
Lepi_scaffold42	3	588377	588449	Phe	GAA	0	0	78.3	58.40	19.90	Inf	Phe	113.2	high confidence set
Lepi_scaffold42	4	615450	615521	His	GTG	0	0	63.0	33.70	29.30	Inf	His	86.8	high confidence set
Lepi_scaffold42	5	670272	670344	Lys	CTT	0	0	87.7	67.60	20.10	Inf	Lys	106.7	high confidence set
Lepi_scaffold42	7	936031	936102	Asp	GTC	0	0	69.8	46.80	23.00	Inf	Asp	94.5	high confidence set
Lepi_scaffold42	8	949729	949800	Gln	CTG	0	0	74.7	50.50	24.20	Inf	Gln	103.8	high confidence set
Lepi_scaffold42	11	1487927	1488011	Met	CAT	1487965	1487975	64.2	40.80	23.40	Inf	Met	104.0	high confidence set
Lepi_scaffold42	12	1847824	1847751	Asn	GTT	0	0	83.3	58.10	25.20	Inf	Asn	93.9	high confidence set
Lepi_scaffold42	14	971480	971408	Phe	GAA	0	0	78.3	58.40	19.90	Inf	Phe	113.2	high confidence set
Lepi_scaffold42	15	969317	969245	Phe	GAA	0	0	78.3	58.40	19.90	Inf	Phe	113.2	high confidence set
Lepi_scaffold42	16	119962	119890	Val	TAC	0	0	74.4	44.00	30.40	Inf	Val	103.3	high confidence set
Lepi_scaffold43	2	736017	735946	Pro	AGG	0	0	67.4	34.70	32.70	Inf	Pro	112.3	high confidence set
Lepi_scaffold43	7	729527	729456	Pro	TGG	0	0	68.5	35.70	32.80	Inf	Pro	111.2	high confidence set
Lepi_scaffold43	8	728750	728679	Pro	TGG	0	0	68.5	35.70	32.80	Inf	Pro	111.2	high confidence set
Lepi_scaffold43	9	728326	728255	Pro	TGG	0	0	68.5	35.70	32.80	Inf	Pro	111.2	high confidence set
Lepi_scaffold43	13	719244	719173	Pro	TGG	0	0	52.7	33.40	19.30	Inf	Pro	97.3	high confidence set
Lepi_scaffold43	14	718812	718741	Pro	TGG	0	0	68.5	35.70	32.80	Inf	Pro	111.2	high confidence set
Lepi_scaffold43	16	718121	718050	Leu	TAG	0	0	51.7	21.40	30.30	Inf	Pro	80.9	IPD:-93.90,isotype mismatch
Lepi_scaffold44	1	357149	357221	Ala	TGC	0	0	70.0	45.30	24.70	Inf	Ala	100.6	high confidence set
Lepi_scaffold44	2	369808	369879	Pro	AGG	0	0	68.2	35.90	32.30	Inf	Pro	113.9	high confidence set
Lepi_scaffold44	3	508248	508319	Glu	TTC	0	0	69.9	45.30	24.60	Inf	Glu	99.4	high confidence set
Lepi_scaffold44	5	1270262	1270181	Ser	AGA	0	0	77.0	42.20	34.80	Inf	Ser	112.5	high confidence set
Lepi_scaffold44	6	307194	307122	Ala	TGC	0	0	70.0	45.30	24.70	Inf	Ala	100.6	high confidence set
Lepi_scaffold45	1	843138	843210	Arg	CCT	0	0	74.8	55.90	18.90	Inf	Arg	84.6	high confidence set
Lepi_scaffold45	2	1140770	1140841	Pro	CGG	0	0	68.2	35.30	32.90	Inf	Pro	113.0	high confidence set
Lepi_scaffold45	3	1584446	1584374	Glu	CTC	0	0	66.5	48.70	17.80	Inf	Glu	78.6	high confidence set
Lepi_scaffold45	4	602072	602001	Lys	TTT	0	0	92.3	68.60	23.70	Inf	Lys	93.4	high confidence set
Lepi_scaffold46	1	177727	177799	Arg	CCT	0	0	74.8	55.90	18.90	Inf	Arg	84.6	high confidence set
Lepi_scaffold46	2	198026	198099	Val	CAC	0	0	81.5	53.50	28.00	Inf	Val	103.7	high confidence set
Lepi_scaffold46	3	652873	652944	Lys	TTT	0	0	92.3	68.60	23.70	Inf	Lys	93.4	high confidence set
Lepi_scaffold46	4	995212	995292	Leu	AAG	0	0	71.4	51.10	20.30	Inf	Leu	108.5	high confidence set
Lepi_scaffold46	5	1047683	1047754	Asp	GTC	0	0	69.8	46.80	23.00	Inf	Asp	94.5	high confidence set
Lepi_scaffold46	6	1740186	1740257	Cys	GCA	0	0	80.9	57.20	23.70	Inf	Cys	104.1	high confidence set
Lepi_scaffold46	7	1801660	1801587	Ile	TAT	0	0	85.9	70.60	15.30	Inf	Ile	103.9	high confidence set
Lepi_scaffold46	8	1536200	1536119	Ser	AGA	0	0	76.7	41.60	35.10	Inf	Ser	110.2	high confidence set
Lepi_scaffold46	9	713020	712948	Arg	CCG	0	0	83.1	61.00	22.10	Inf	Arg	85.6	high confidence set
Lepi_scaffold46	10	444201	444129	Arg	CCT	0	0	74.8	55.90	18.90	Inf	Arg	84.6	high confidence set
Lepi_scaffold46	11	276278	276207	Pro	CGG	0	0	68.2	35.30	32.90	Inf	Pro	113.0	high confidence set
Lepi_scaffold47	1	332838	332910	Lys	CTT	0	0	87.7	67.60	20.10	Inf	Lys	106.7	high confidence set
Lepi_scaffold47	2	960456	960541	Tyr	GTA	960493	960505	74.2	42.50	31.70	Inf	Tyr	108.6	high confidence set
Lepi_scaffold47	3	540711	540638	Asn	GTT	0	0	81.4	54.70	26.70	Inf	Asn	91.8	high confidence set
Lepi_scaffold47	4	290521	290449	Lys	CTT	0	0	87.7	67.60	20.10	Inf	Lys	106.7	high confidence set
Lepi_scaffold48	1	292612	292695	Tyr	GTA	292649	292659	74.3	42.50	31.80	Inf	Tyr	108.6	high confidence set
Lepi_scaffold48	3	528543	528614	Thr	TGT	0	0	83.0	58.30	24.70	Inf	Thr	92.4	high confidence set
Lepi_scaffold48	4	908993	909064	Pro	AGG	0	0	67.4	34.70	32.70	Inf	Pro	112.3	high confidence set
Lepi_scaffold48	5	1223425	1223344	Ser	AGA	0	0	76.7	41.60	35.10	Inf	Ser	110.2	high confidence set
Lepi_scaffold48	6	762185	762115	Gly	GCC	0	0	66.5	44.80	21.70	Inf	Gly	94.4	high confidence set
Lepi_scaffold48	7	456098	456026	Ala	AGC	0	0	55.8	31.30	24.50	Inf	Ala	92.5	high confidence set
Lepi_scaffold48	8	312394	312311	Leu	TAA	0	0	80.6	57.10	23.50	Inf	Leu	121.6	high confidence set
Lepi_scaffold49	1	166025	166114	Tyr	GTA	166062	166078	74.0	42.40	31.60	Inf	Tyr	108.6	high confidence set
Lepi_scaffold49	2	500706	500787	Ser	TGA	0	0	80.7	46.10	34.60	Inf	Ser	119.7	high confidence set
Lepi_scaffold49	3	525133	525206	Arg	TCG	0	0	82.3	61.00	21.30	Inf	Arg	91.9	high confidence set
Lepi_scaffold49	4	1294768	1294849	Ser	TGA	0	0	79.2	43.90	35.30	Inf	Ser	110.3	high confidence set
Lepi_scaffold49	6	1678860	1678931	Pro	TGG	0	0	68.5	35.70	32.80	Inf	Pro	111.2	high confidence set
Lepi_scaffold49	7	1763217	1763287	Gly	GCC	0	0	66.5	44.80	21.70	Inf	Gly	94.4	high confidence set
Lepi_scaffold49	8	1332205	1332133	Val	TAC	0	0	74.4	44.00	30.40	Inf	Val	103.3	high confidence set
Lepi_scaffold49	9	1257976	1257905	Lys	TTT	0	0	92.3	68.60	23.70	Inf	Lys	93.4	high confidence set
Lepi_scaffold49	10	501789	501708	Ser	CGA	0	0	77.5	44.40	33.10	Inf	Ser	120.8	high confidence set
Lepi_scaffold49	11	313969	313887	Leu	TAA	0	0	67.5	30.20	37.30	Inf	Leu	94.2	high confidence set
Lepi_scaffold49	12	307471	307399	Arg	TCT	0	0	71.3	51.70	19.60	Inf	Arg	95.1	high confidence set
Lepi_scaffold50	1	851576	851649	Asn	GTT	0	0	72.7	54.10	18.60	Inf	Asn	86.4	high confidence set
Lepi_scaffold50	2	1297354	1297282	Lys	CTT	0	0	87.7	67.60	20.10	Inf	Lys	106.7	high confidence set
Lepi_scaffold51	1	345089	345161	Ala	TGC	0	0	70.0	45.30	24.70	Inf	Ala	100.6	high confidence set
Lepi_scaffold51	2	1533690	1533763	Val	AAC	0	0	72.5	48.10	24.40	Inf	Val	100.2	high confidence set
Lepi_scaffold51	3	2380404	2380476	Ala	CGC	0	0	68.3	44.10	24.20	Inf	Ala	99.2	high confidence set
Lepi_scaffold51	4	2635414	2635495	Ser	TGA	0	0	81.1	46.70	34.40	Inf	Ser	122.5	high confidence set
Lepi_scaffold51	5	3231333	3231405	Ser	GGA	0	0	72.6	47.30	25.30	Inf	Phe	75.3	IPD:-57.90,isotype mismatch
Lepi_scaffold51	6	3429576	3429495	Ser	GCT	0	0	80.5	45.20	35.30	Inf	Ser	109.5	high confidence set
Lepi_scaffold51	7	2534553	2534483	Gly	CCC	0	0	65.4	28.10	37.30	Inf	Gly	85.4	high confidence set
Lepi_scaffold52	1	53381	53452	Cys	GCA	0	0	80.5	53.40	27.10	Inf	Cys	101.8	high confidence set
Lepi_scaffold52	2	308850	308935	Tyr	GTA	308887	308899	74.2	42.50	31.70	Inf	Tyr	108.6	high confidence set
Lepi_scaffold52	3	480828	480901	Arg	TCG	0	0	81.9	60.40	21.50	Inf	Arg	92.9	high confidence set
Lepi_scaffold52	4	1283284	1283363	Leu	TAG	0	0	69.5	48.50	21.00	Inf	Leu	111.5	high confidence set
Lepi_scaffold52	6	1751801	1751872	Asp	GTC	0	0	69.8	46.80	23.00	Inf	Asp	94.5	high confidence set
Lepi_scaffold52	7	1507657	1507585	Arg	CCT	0	0	74.8	55.90	18.90	Inf	Arg	84.6	high confidence set
Lepi_scaffold52	8	134831	134758	Ile	TAT	0	0	85.9	70.60	15.30	Inf	Ile	103.9	high confidence set
Lepi_scaffold53	1	955146	955065	Ser	GCT	0	0	79.0	43.10	35.90	Inf	Ser	108.6	high confidence set
Lepi_scaffold54	1	260180	260261	Ser	GCT	0	0	76.2	41.10	35.10	Inf	Ser	105.6	high confidence set
Lepi_scaffold54	2	353923	353994	Gln	TTG	0	0	73.5	53.70	19.80	Inf	Gln	104.8	high confidence set
Lepi_scaffold54	3	1454759	1454688	Pro	TGG	0	0	69.2	36.90	32.30	Inf	Pro	112.8	high confidence set
Lepi_scaffold54	4	1321601	1321520	Ser	TGA	0	0	79.2	43.90	35.30	Inf	Ser	118.5	high confidence set
Lepi_scaffold55	1	458674	458746	Arg	ACG	0	0	73.2	50.90	22.30	Inf	Arg	94.3	high confidence set
Lepi_scaffold55	2	1399547	1399475	Glu	CTC	0	0	76.3	50.40	25.90	Inf	Glu	91.1	high confidence set
Lepi_scaffold55	3	719921	719841	Leu	AAG	0	0	71.4	51.10	20.30	Inf	Leu	108.5	high confidence set
Lepi_scaffold55	4	648870	648789	Ser	GCT	0	0	81.8	48.00	33.80	Inf	Ser	112.6	high confidence set
Lepi_scaffold55	5	576314	576230	Met	CAT	576276	576266	64.9	41.40	23.50	Inf	Met	103.3	high confidence set
Lepi_scaffold55	6	558218	558134	Met	CAT	558180	558170	64.2	40.80	23.40	Inf	Met	104.0	high confidence set
Lepi_scaffold55	7	341160	341089	iMet	CAT	0	0	58.3	28.10	30.20	Inf	iMet	118.7	high confidence set
Lepi_scaffold56	1	288663	288751	Tyr	GTA	288700	288715	74.1	42.40	31.70	Inf	Tyr	108.6	high confidence set
Lepi_scaffold56	2	2965541	2965611	Gly	CCC	0	0	65.4	28.10	37.30	Inf	Gly	85.4	high confidence set
Lepi_scaffold56	3	2994833	2994904	Cys	GCA	0	0	81.7	59.20	22.50	Inf	Cys	104.2	high confidence set
Lepi_scaffold56	4	3164925	3165008	Tyr	GTA	3164962	3164972	74.3	42.60	31.70	Inf	Tyr	108.6	high confidence set
Lepi_scaffold56	5	3323022	3323093	Thr	TGT	0	0	83.1	57.40	25.70	Inf	Thr	92.6	high confidence set
Lepi_scaffold56	6	3299574	3299502	Ala	AGC	0	0	63.4	38.20	25.20	Inf	Ala	98.3	high confidence set
Lepi_scaffold56	7	3177504	3177421	Leu	TAA	0	0	80.6	57.10	23.50	Inf	Leu	121.6	high confidence set
Lepi_scaffold56	8	464664	464584	Leu	AAG	0	0	64.2	47.90	16.30	Inf	Leu	101.7	high confidence set
Lepi_scaffold56	9	390615	390544	Gln	TTG	0	0	73.5	53.70	19.80	Inf	Gln	104.8	high confidence set
Lepi_scaffold56	10	266759	266678	Ser	AGA	0	0	77.0	42.20	34.80	Inf	Ser	112.5	high confidence set
Lepi_scaffold59	1	742259	742330	Thr	CGT	0	0	82.3	55.00	27.30	Inf	Thr	83.7	high confidence set
Lepi_scaffold59	3	4025654	4025725	iMet	CAT	0	0	58.3	28.10	30.20	Inf	iMet	118.7	high confidence set
Lepi_scaffold59	4	4282384	4282465	Ser	CGA	0	0	78.4	42.10	36.30	Inf	Ser	117.9	high confidence set
Lepi_scaffold59	5	4693204	4693275	Asp	GTC	0	0	69.8	46.80	23.00	Inf	Asp	94.5	high confidence set
Lepi_scaffold59	6	4866476	4866547	Gly	TCC	0	0	74.1	46.70	27.40	Inf	Gly	84.2	high confidence set
Lepi_scaffold59	7	6250523	6250594	Asp	GTC	0	0	60.8	47.00	13.80	Inf	Asp	80.4	high confidence set
Lepi_scaffold59	8	6394032	6394103	Cys	GCA	0	0	72.9	55.70	17.20	Inf	Cys	96.6	high confidence set
Lepi_scaffold59	9	5416851	5416771	Leu	AAG	0	0	71.4	51.10	20.30	Inf	Leu	108.5	high confidence set
Lepi_scaffold59	10	5157713	5157640	Val	AAC	0	0	72.5	48.10	24.40	Inf	Val	100.2	high confidence set
Lepi_scaffold59	11	4709281	4709200	Ser	AGA	0	0	77.0	42.20	34.80	Inf	Ser	112.5	high confidence set
Lepi_scaffold59	12	2882278	2882206	Arg	CCG	0	0	70.0	51.10	18.90	Inf	Arg	94.8	high confidence set
Lepi_scaffold59	14	2723542	2723470	Lys	CTT	0	0	87.7	67.60	20.10	Inf	Lys	106.7	high confidence set
Lepi_scaffold59	15	2208973	2208902	Trp	CCA	0	0	75.8	51.20	24.60	Inf	Trp	105.6	high confidence set
Lepi_scaffold59	17	787165	787093	Ala	TGC	0	0	70.0	45.30	24.70	Inf	Ala	100.6	high confidence set
Lepi_scaffold59	18	22687	22614	Ile	AAT	0	0	85.5	59.00	26.50	Inf	Ile	109.4	high confidence set
Lepi_scaffold60	1	260996	261068	Glu	CTC	0	0	76.3	50.40	25.90	Inf	Glu	91.1	high confidence set
Lepi_scaffold60	2	1254331	1254251	Leu	CAG	0	0	70.7	49.80	20.90	Inf	Leu	111.3	high confidence set
Lepi_scaffold60	3	854135	854064	Asp	GTC	0	0	69.8	46.80	23.00	Inf	Asp	94.5	high confidence set
Lepi_scaffold60	4	131546	131474	Glu	CTC	0	0	76.3	50.40	25.90	Inf	Glu	91.1	high confidence set
Lepi_scaffold61	1	652846	652918	Arg	CCG	0	0	69.5	52.30	17.20	Inf	Arg	96.0	high confidence set
Lepi_scaffold61	2	1197360	1197431	Gln	TTG	0	0	73.5	53.70	19.80	Inf	Gln	104.8	high confidence set
Lepi_scaffold61	3	1324486	1324567	Ser	GCT	0	0	80.5	45.20	35.30	Inf	Ser	109.5	high confidence set
Lepi_scaffold61	4	1373938	1374009	Gln	TTG	0	0	73.5	53.70	19.80	Inf	Gln	104.8	high confidence set
Lepi_scaffold61	5	1785336	1785407	Glu	TTC	0	0	69.9	45.30	24.60	Inf	Glu	99.4	high confidence set
Lepi_scaffold61	6	1780971	1780900	Asp	GTC	0	0	69.8	46.80	23.00	Inf	Asp	94.5	high confidence set
Lepi_scaffold61	7	1728415	1728344	Pro	TGG	0	0	69.2	36.90	32.30	Inf	Pro	112.8	high confidence set
Lepi_scaffold61	8	1669025	1668944	Ser	TGA	0	0	79.2	43.90	35.30	Inf	Ser	118.5	high confidence set
Lepi_scaffold61	9	836305	836221	Met	CAT	836267	836257	64.2	40.80	23.40	Inf	Met	104.0	high confidence set
Lepi_scaffold61	10	532673	532602	Lys	TTT	0	0	92.3	68.60	23.70	Inf	Lys	93.4	high confidence set
Lepi_scaffold61	11	444937	444866	Lys	TTT	0	0	92.3	68.60	23.70	Inf	Lys	93.4	high confidence set
Lepi_scaffold61	12	233594	233513	Ser	AGA	0	0	76.3	41.60	34.70	Inf	Ser	112.1	high confidence set
Lepi_scaffold61	13	140870	140799	Trp	CCA	0	0	75.8	51.20	24.60	Inf	Trp	105.6	high confidence set
Lepi_scaffold62	1	1190178	1190250	Arg	ACG	0	0	72.5	49.90	22.60	Inf	Arg	93.8	high confidence set
Lepi_scaffold63	1	637957	638027	Gly	GCC	0	0	66.5	44.80	21.70	Inf	Gly	94.4	high confidence set
Lepi_scaffold63	2	1423006	1423078	Ala	AGC	0	0	63.4	38.20	25.20	Inf	Ala	98.3	high confidence set
Lepi_scaffold64	1	458921	458840	Ser	GCT	0	0	79.0	43.10	35.90	Inf	Ser	108.6	high confidence set
Lepi_scaffold64	2	210953	210883	Gly	GCC	0	0	66.5	44.80	21.70	Inf	Gly	94.4	high confidence set
Lepi_scaffold66	1	796918	796847	iMet	CAT	0	0	58.3	28.10	30.20	Inf	iMet	118.7	high confidence set
Lepi_scaffold66	2	336115	336034	Ser	CGA	0	0	68.6	45.30	23.30	Inf	Ser	103.6	high confidence set
Lepi_scaffold68	1	28504	28575	Thr	TGT	0	0	83.0	58.30	24.70	Inf	Thr	92.4	high confidence set
Lepi_scaffold68	2	255010	255083	Ile	AAT	0	0	85.2	58.50	26.70	Inf	Ile	106.5	high confidence set
Lepi_scaffold68	3	321805	321877	Ala	AGC	0	0	63.4	38.20	25.20	Inf	Ala	98.3	high confidence set
Lepi_scaffold68	4	606205	606278	Ile	TAT	0	0	81.2	65.60	15.60	Inf	Ile	99.4	high confidence set
Lepi_scaffold68	5	1652461	1652390	Gly	TCC	0	0	74.1	46.70	27.40	Inf	Gly	84.2	high confidence set
Lepi_scaffold68	6	1196338	1196267	His	GTG	0	0	63.0	33.70	29.30	Inf	His	86.8	high confidence set
Lepi_scaffold68	7	563915	563845	Gly	GCC	0	0	66.5	44.80	21.70	Inf	Gly	94.4	high confidence set
Lepi_scaffold68	8	452168	452098	Gly	GCC	0	0	66.5	44.80	21.70	Inf	Gly	94.4	high confidence set
Lepi_scaffold68	9	447241	447171	Gly	GCC	0	0	66.5	44.80	21.70	Inf	Gly	94.4	high confidence set
Lepi_scaffold68	10	437999	437929	Gly	GCC	0	0	66.5	44.80	21.70	Inf	Gly	94.4	high confidence set
Lepi_scaffold68	11	437098	437028	Gly	GCC	0	0	58.3	36.50	21.80	Inf	Gly	83.2	high confidence set
Lepi_scaffold69	1	1010430	1010359	iMet	CAT	0	0	51.3	28.20	23.10	Inf	iMet	107.3	high confidence set
Lepi_scaffold70	2	512498	512569	Asp	GTC	0	0	69.8	46.80	23.00	Inf	Asp	94.5	high confidence set
Lepi_scaffold70	3	679324	679395	Pro	TGG	0	0	69.2	36.90	32.30	Inf	Pro	112.8	high confidence set
Lepi_scaffold70	4	1145269	1145341	Ala	AGC	0	0	63.4	38.20	25.20	Inf	Ala	98.3	high confidence set
Lepi_scaffold70	5	4060889	4060962	Val	AAC	0	0	72.5	48.10	24.40	Inf	Val	100.2	high confidence set
Lepi_scaffold70	6	4064722	4064795	Val	AAC	0	0	72.5	48.10	24.40	Inf	Val	100.2	high confidence set
Lepi_scaffold70	7	4395532	4395603	Gly	TCC	0	0	74.1	46.70	27.40	Inf	Gly	84.2	high confidence set
Lepi_scaffold70	9	5987027	5987098	Thr	TGT	0	0	83.0	58.30	24.70	Inf	Thr	92.4	high confidence set
Lepi_scaffold70	10	6122580	6122652	Glu	CTC	0	0	77.0	51.50	25.50	Inf	Glu	91.5	high confidence set
Lepi_scaffold70	11	6694766	6694837	Glu	TTC	0	0	69.9	45.30	24.60	Inf	Glu	99.4	high confidence set
Lepi_scaffold70	12	7952580	7952652	Glu	CTC	0	0	76.3	50.40	25.90	Inf	Glu	91.1	high confidence set
Lepi_scaffold70	13	8318099	8318027	Lys	CTT	0	0	87.7	67.60	20.10	Inf	Lys	106.7	high confidence set
Lepi_scaffold70	14	8103349	8103278	Asp	GTC	0	0	69.8	46.80	23.00	Inf	Asp	94.5	high confidence set
Lepi_scaffold70	15	7158711	7158638	Val	AAC	0	0	69.9	36.30	33.60	Inf	Val	98.4	high confidence set
Lepi_scaffold70	16	6491409	6491338	Glu	TTC	0	0	69.9	45.30	24.60	Inf	Glu	99.4	high confidence set
Lepi_scaffold70	17	6300847	6300774	Asn	GTT	0	0	83.3	58.10	25.20	Inf	Asn	93.9	high confidence set
Lepi_scaffold70	18	4607553	4607482	Gly	TCC	0	0	74.1	46.70	27.40	Inf	Gly	84.2	high confidence set
Lepi_scaffold71	1	493741	493811	Gly	GCC	0	0	66.5	44.80	21.70	Inf	Gly	94.4	high confidence set
Lepi_scaffold71	2	628004	628074	Gly	GCC	0	0	66.5	44.80	21.70	Inf	Gly	94.4	high confidence set
Lepi_scaffold71	3	1590085	1590014	Cys	GCA	0	0	81.7	59.20	22.50	Inf	Cys	104.2	high confidence set
Lepi_scaffold71	4	1021127	1021056	Trp	CCA	0	0	75.8	51.20	24.60	Inf	Trp	105.6	high confidence set
Lepi_scaffold71	6	607188	607118	Gly	GCC	0	0	66.5	44.80	21.70	Inf	Gly	94.4	high confidence set
Lepi_scaffold71	7	378619	378548	Pro	AGG	0	0	67.4	34.70	32.70	Inf	Pro	112.3	high confidence set
Lepi_scaffold71	8	235323	235242	Ser	AGA	0	0	76.3	41.60	34.70	Inf	Ser	112.1	high confidence set
Lepi_scaffold73	1	3395	3465	Cys	GCA	0	0	64.9	46.30	18.60	Inf	Cys	73.4	high confidence set
Lepi_scaffold73	2	6250	6323	Cys	ACA	0	0	57.0	44.90	12.10	Inf	Ile	71.4	IPD:-26.90,isotype mismatch
Lepi_scaffold73	4	8861	8948	Ser	ACT	0	0	56.5	36.60	19.90	Inf	Ser	73.7	unexpected anticodon
Lepi_scaffold73	9	710098	710026	Arg	ACG	0	0	72.5	49.90	22.60	Inf	Arg	93.8	high confidence set
Lepi_scaffold74	2	767372	767453	Ser	AGA	0	0	77.0	42.20	34.80	Inf	Ser	112.5	high confidence set
Lepi_scaffold74	3	998103	998174	Pro	AGG	0	0	67.4	34.70	32.70	Inf	Pro	112.3	high confidence set
Lepi_scaffold75	4	1179024	1178944	Leu	CAG	0	0	70.7	49.80	20.90	Inf	Leu	111.3	high confidence set
Lepi_scaffold75	5	330774	330694	Leu	AAG	0	0	65.8	49.30	16.50	Inf	Leu	96.3	high confidence set
Lepi_scaffold76	1	584801	584873	Phe	GAA	0	0	69.7	58.00	11.70	Inf	Phe	105.5	high confidence set
Lepi_scaffold76	2	724718	724647	Gly	TCC	0	0	74.1	46.70	27.40	Inf	Gly	84.2	high confidence set
Lepi_scaffold78	1	1121988	1121917	Gln	CTG	0	0	71.1	46.00	25.10	Inf	Gln	100.8	high confidence set
Lepi_scaffold78	2	1003533	1003463	Gly	GCC	0	0	66.5	44.80	21.70	Inf	Gly	94.4	high confidence set
Lepi_scaffold78	3	497492	497422	Gly	CCC	0	0	65.4	28.10	37.30	Inf	Gly	85.4	high confidence set
Lepi_scaffold79	1	2222775	2222847	Arg	ACG	0	0	72.5	49.90	22.60	Inf	Arg	93.8	high confidence set
Lepi_scaffold79	2	2410732	2410652	Leu	AAG	0	0	71.4	51.10	20.30	Inf	Leu	108.5	high confidence set
Lepi_scaffold79	3	1983227	1983155	Arg	CCT	0	0	72.3	51.10	21.20	Inf	Arg	81.9	high confidence set
Lepi_scaffold79	6	1219330	1219258	Val	TAC	0	0	74.4	44.00	30.40	Inf	Val	103.3	high confidence set
Lepi_scaffold79	7	963689	963616	Thr	AGT	0	0	73.6	45.20	28.40	Inf	Thr	88.6	high confidence set
Lepi_scaffold79	8	960258	960178	Leu	CAG	0	0	70.7	49.80	20.90	Inf	Leu	111.3	high confidence set
Lepi_scaffold80	1	275226	275297	Pro	AGG	0	0	67.4	34.70	32.70	Inf	Pro	112.3	high confidence set
Lepi_scaffold80	2	898169	898096	Ile	AAT	0	0	86.4	57.90	28.50	Inf	Ile	108.4	high confidence set
Lepi_scaffold80	3	700063	699990	Asn	GTT	0	0	76.8	57.40	19.40	Inf	Asn	85.3	high confidence set
Lepi_scaffold81	1	409272	409343	Gly	TCC	0	0	74.1	46.70	27.40	Inf	Gly	84.2	high confidence set
Lepi_scaffold82	1	244402	244475	Ile	TAT	0	0	82.8	70.60	12.20	Inf	Ile	101.5	high confidence set
Lepi_scaffold82	2	540808	540880	Ala	TGC	0	0	65.6	39.80	25.80	Inf	Ala	97.7	high confidence set
Lepi_scaffold82	3	423361	423290	Glu	TTC	0	0	69.9	45.30	24.60	Inf	Glu	99.4	high confidence set
Lepi_scaffold83	1	1420302	1420374	Arg	CCG	0	0	69.5	52.30	17.20	Inf	Arg	96.0	high confidence set
Lepi_scaffold83	2	1581158	1581230	Lys	CTT	0	0	87.7	67.60	20.10	Inf	Lys	106.7	high confidence set
Lepi_scaffold85	1	399678	399607	Gly	TCC	0	0	74.1	46.70	27.40	Inf	Gly	84.2	high confidence set
Lepi_scaffold86	6	1267590	1267517	Trp	CCA	0	0	71.9	38.60	33.30	Inf	Thr	74.9	IPD:-15.80,isotype mismatch
Lepi_scaffold86	7	1263471	1263399	Thr	TGT	0	0	69.1	50.20	18.90	Inf	Thr	82.6	high confidence set
Lepi_scaffold86	9	351193	351122	Pro	AGG	0	0	67.4	34.70	32.70	Inf	Pro	112.3	high confidence set
Lepi_scaffold87	1	221030	220959	Lys	TTT	0	0	92.3	68.60	23.70	Inf	Lys	93.4	high confidence set
Lepi_scaffold89	6	2234189	2234105	Met	CAT	2234151	2234141	64.2	40.80	23.40	Inf	Met	104.0	high confidence set
Lepi_scaffold89	8	962135	962064	Gln	TTG	0	0	73.5	53.70	19.80	Inf	Gln	104.8	high confidence set
Lepi_scaffold89	9	88328	88257	Trp	CCA	0	0	75.8	51.20	24.60	Inf	Trp	105.6	high confidence set
Lepi_scaffold91	1	919586	919657	iMet	CAT	0	0	58.3	28.10	30.20	Inf	iMet	118.7	high confidence set
Lepi_scaffold92	1	1054513	1054440	Ile	AAT	0	0	86.4	57.90	28.50	Inf	Ile	108.4	high confidence set
Lepi_scaffold92	2	580377	580305	Ala	CGC	0	0	58.6	41.90	16.70	Inf	Ala	90.4	high confidence set
Lepi_scaffold94	1	712937	712866	Lys	TTT	0	0	92.3	68.60	23.70	Inf	Lys	93.4	high confidence set
Lepi_scaffold95	2	1545541	1545612	Gly	TCC	0	0	74.1	46.70	27.40	Inf	Gly	84.2	high confidence set
Lepi_scaffold95	4	4836704	4836775	Lys	TTT	0	0	82.5	61.00	21.50	Inf	Lys	84.8	high confidence set
Lepi_scaffold95	5	6850076	6850005	His	GTG	0	0	63.0	33.70	29.30	Inf	His	91.2	high confidence set
Lepi_scaffold95	7	6006203	6006132	Pro	AGG	0	0	67.4	34.70	32.70	Inf	Pro	112.3	high confidence set
Lepi_scaffold95	8	5945748	5945677	Thr	TGT	0	0	83.0	58.30	24.70	Inf	Thr	92.4	high confidence set
Lepi_scaffold95	9	5905226	5905155	Gln	CTG	0	0	74.6	50.10	24.50	Inf	Gln	102.4	high confidence set
Lepi_scaffold95	10	4924663	4924592	Lys	TTT	0	0	92.3	68.60	23.70	Inf	Lys	93.4	high confidence set
Lepi_scaffold95	11	4752548	4752463	Met	CAT	4752510	4752499	64.2	40.80	23.40	Inf	Met	104.0	high confidence set
Lepi_scaffold95	12	4358884	4358813	Trp	CCA	0	0	75.8	51.20	24.60	Inf	Trp	103.0	high confidence set
Lepi_scaffold95	13	4010771	4010700	Pro	TGG	0	0	69.2	36.90	32.30	Inf	Pro	112.8	high confidence set
Lepi_scaffold95	14	2703947	2703876	Lys	TTT	0	0	92.3	68.60	23.70	Inf	Lys	93.4	high confidence set
Lepi_scaffold95	15	1617105	1617033	Phe	GAA	0	0	78.3	58.40	19.90	Inf	Phe	113.2	high confidence set
Lepi_scaffold95	16	1511364	1511293	Gly	TCC	0	0	68.8	41.10	27.70	Inf	Gly	81.6	high confidence set
Lepi_scaffold96	1	128174	128254	Leu	AAG	0	0	71.4	51.10	20.30	Inf	Leu	108.5	high confidence set
Lepi_scaffold96	3	925623	925696	Arg	TCG	0	0	82.3	61.00	21.30	Inf	Arg	91.9	high confidence set
Lepi_scaffold96	4	1002320	1002391	His	GTG	0	0	63.0	33.70	29.30	Inf	His	86.8	high confidence set
Lepi_scaffold96	5	1224495	1224567	Lys	CTT	0	0	87.7	67.60	20.10	Inf	Lys	106.7	high confidence set
Lepi_scaffold96	6	1466101	1466171	Gly	GCC	0	0	66.5	44.80	21.70	Inf	Gly	94.4	high confidence set
Lepi_scaffold96	7	1531496	1531568	Ala	TGC	0	0	66.6	41.40	25.20	Inf	Ala	98.8	high confidence set
Lepi_scaffold96	8	1661721	1661793	Phe	GAA	0	0	78.3	58.40	19.90	Inf	Phe	113.2	high confidence set
Lepi_scaffold96	9	1580781	1580709	Phe	GAA	0	0	78.3	58.40	19.90	Inf	Phe	113.2	high confidence set
Lepi_scaffold96	10	1186690	1186617	Val	AAC	0	0	72.5	48.10	24.40	Inf	Val	100.2	high confidence set
Lepi_scaffold96	11	816818	816737	Ser	TGA	0	0	82.7	47.70	35.00	Inf	Ser	121.0	high confidence set
Lepi_scaffold96	12	331370	331287	Tyr	GTA	331333	331323	74.3	42.60	31.70	Inf	Tyr	108.6	high confidence set
Lepi_scaffold96	13	98139	98057	Leu	TAA	0	0	72.9	35.60	37.30	Inf	Leu	100.3	high confidence set
Lepi_scaffold96	14	46848	46776	Arg	TCT	0	0	69.1	51.80	17.30	Inf	Arg	93.8	high confidence set
Lepi_scaffold97	1	346210	346281	Lys	TTT	0	0	92.3	68.60	23.70	Inf	Lys	93.4	high confidence set
Lepi_scaffold97	2	628697	628769	Arg	CCG	0	0	69.5	52.30	17.20	Inf	Arg	96.0	high confidence set
Lepi_scaffold97	3	122119	122048	Lys	TTT	0	0	92.3	68.60	23.70	Inf	Lys	93.4	high confidence set
Lepi_scaffold98	1	141011	140940	Pro	TGG	0	0	68.5	35.70	32.80	Inf	Pro	111.2	high confidence set
Lepi_scaffold98	2	140440	140369	Pro	TGG	0	0	68.5	35.70	32.80	Inf	Pro	111.2	high confidence set
Lepi_scaffold98	3	136094	136023	Pro	TGG	0	0	59.8	27.10	32.70	Inf	Pro	104.9	high confidence set
Lepi_scaffold99	2	605771	605698	Asn	GTT	0	0	81.4	54.70	26.70	Inf	Asn	91.8	high confidence set
Lepi_scaffold99	3	551659	551588	His	GTG	0	0	63.0	33.70	29.30	Inf	His	86.8	high confidence set
Lepi_scaffold100	1	385395	385466	Pro	CGG	0	0	68.2	35.30	32.90	Inf	Pro	113.0	high confidence set
Lepi_scaffold100	3	852324	852253	Gln	CTG	0	0	71.1	46.00	25.10	Inf	Gln	100.8	high confidence set
Lepi_scaffold100	4	852183	852103	Leu	AAG	0	0	71.4	51.10	20.30	Inf	Leu	108.5	high confidence set
Lepi_scaffold100	5	761728	761645	Tyr	GTA	761691	761681	74.3	42.60	31.70	Inf	Tyr	108.6	high confidence set
Lepi_scaffold101	1	1845324	1845396	Glu	CTC	0	0	76.3	50.40	25.90	Inf	Glu	91.1	high confidence set
Lepi_scaffold101	2	4805198	4805271	Ile	AAT	0	0	86.4	57.90	28.50	Inf	Ile	105.4	high confidence set
Lepi_scaffold101	3	4942553	4942624	iMet	CAT	0	0	58.3	28.10	30.20	Inf	iMet	118.7	high confidence set
Lepi_scaffold101	4	5080389	5080462	Ile	AAT	0	0	86.4	57.90	28.50	Inf	Ile	108.4	high confidence set
Lepi_scaffold101	5	5336298	5336371	Asn	GTT	0	0	74.0	55.20	18.80	Inf	Asn	84.2	high confidence set
Lepi_scaffold101	7	3324932	3324859	Thr	AGT	0	0	73.6	45.20	28.40	Inf	Thr	88.6	high confidence set
Lepi_scaffold101	8	1889515	1889444	Gly	TCC	0	0	74.1	46.70	27.40	Inf	Gly	84.2	high confidence set
Lepi_scaffold101	9	881360	881289	Cys	GCA	0	0	81.7	56.10	25.60	Inf	Cys	104.3	high confidence set
Lepi_scaffold101	10	571887	571816	Trp	CCA	0	0	67.4	49.30	18.10	Inf	Trp	96.1	high confidence set
Lepi_scaffold101	11	426092	426021	Trp	CCA	0	0	75.8	51.20	24.60	Inf	Trp	105.6	high confidence set
Lepi_scaffold101	12	130555	130475	Leu	CAG	0	0	70.7	49.80	20.90	Inf	Leu	111.3	high confidence set
Lepi_scaffold102	1	4880	4953	Thr	AGT	0	0	76.0	48.40	27.60	Inf	Thr	90.6	high confidence set
Lepi_scaffold102	2	138505	138576	Asp	GTC	0	0	69.8	46.80	23.00	Inf	Asp	94.5	high confidence set
Lepi_scaffold103	1	94136	94209	Asn	GTT	0	0	81.4	54.70	26.70	Inf	Asn	91.8	high confidence set
Lepi_scaffold103	2	324469	324541	Lys	CTT	0	0	87.7	67.60	20.10	Inf	Lys	106.7	high confidence set
Lepi_scaffold103	3	351201	351273	Lys	CTT	0	0	88.3	68.20	20.10	Inf	Lys	101.1	high confidence set
Lepi_scaffold103	5	273434	273362	Lys	CTT	0	0	87.7	67.60	20.10	Inf	Lys	106.7	high confidence set
Lepi_scaffold106	1	358660	358744	Met	CAT	358698	358708	64.2	40.80	23.40	Inf	Met	104.0	high confidence set
Lepi_scaffold107	3	1262039	1262111	Phe	GAA	0	0	78.3	58.40	19.90	Inf	Phe	113.2	high confidence set
Lepi_scaffold107	4	543293	543220	Ile	AAT	0	0	82.1	58.70	23.40	Inf	Ile	105.1	high confidence set
Lepi_scaffold107	5	491712	491641	Pro	TGG	0	0	69.2	36.90	32.30	Inf	Pro	112.8	high confidence set
Lepi_scaffold108	1	124630	124701	Trp	CCA	0	0	75.8	51.20	24.60	Inf	Trp	105.6	high confidence set
Lepi_scaffold108	4	298065	297986	Leu	TAG	0	0	69.5	48.50	21.00	Inf	Leu	111.5	high confidence set
Lepi_scaffold110	1	270827	270757	Gly	CCC	0	0	59.2	30.90	28.30	Inf	Gly	83.4	high confidence set
Lepi_scaffold111	1	251927	252015	Tyr	GTA	251964	251979	74.1	42.40	31.70	Inf	Tyr	108.6	high confidence set
Lepi_scaffold111	4	487837	487757	Leu	AAG	0	0	71.4	51.10	20.30	Inf	Leu	108.5	high confidence set
Lepi_scaffold111	5	365685	365614	Gln	TTG	0	0	73.5	53.70	19.80	Inf	Gln	104.8	high confidence set
Lepi_scaffold112	1	1891245	1891317	Phe	GAA	0	0	78.3	58.40	19.90	Inf	Phe	113.2	high confidence set
Lepi_scaffold112	2	1913709	1913780	His	GTG	0	0	63.0	33.70	29.30	Inf	His	86.8	high confidence set
Lepi_scaffold112	3	1967621	1967693	Lys	CTT	0	0	87.7	67.60	20.10	Inf	Lys	106.7	high confidence set
Lepi_scaffold112	4	2338525	2338597	Phe	GAA	0	0	78.3	58.40	19.90	Inf	Phe	113.2	high confidence set
Lepi_scaffold112	5	2560459	2560529	Gly	GCC	0	0	66.5	44.80	21.70	Inf	Gly	94.4	high confidence set
Lepi_scaffold112	6	2796442	2796526	Met	CAT	2796480	2796490	64.2	40.80	23.40	Inf	Met	104.0	high confidence set
Lepi_scaffold112	7	3491111	3491182	Thr	TGT	0	0	83.0	58.30	24.70	Inf	Thr	92.4	high confidence set
Lepi_scaffold112	8	3751427	3751500	Ile	AAT	0	0	85.2	58.50	26.70	Inf	Ile	106.5	high confidence set
Lepi_scaffold112	9	4155888	4155961	Ile	TAT	0	0	85.9	70.60	15.30	Inf	Ile	103.9	high confidence set
Lepi_scaffold112	10	4424351	4424423	Ala	AGC	0	0	55.8	31.30	24.50	Inf	Ala	92.5	high confidence set
Lepi_scaffold112	11	5457053	5457124	Pro	AGG	0	0	68.2	35.90	32.30	Inf	Pro	113.9	high confidence set
Lepi_scaffold112	12	5554214	5554285	Glu	TTC	0	0	69.9	45.30	24.60	Inf	Glu	99.4	high confidence set
Lepi_scaffold112	13	6180201	6180120	Ser	AGA	0	0	76.7	41.60	35.10	Inf	Ser	110.2	high confidence set
Lepi_scaffold112	14	5344911	5344839	Ala	TGC	0	0	70.0	45.30	24.70	Inf	Ala	100.6	high confidence set
Lepi_scaffold112	16	4097458	4097388	Gly	GCC	0	0	59.9	40.00	19.90	Inf	Gly	88.2	high confidence set
Lepi_scaffold112	17	4003965	4003895	Gly	GCC	0	0	66.5	44.80	21.70	Inf	Gly	94.4	high confidence set
Lepi_scaffold112	18	4000194	4000124	Gly	GCC	0	0	66.5	44.80	21.70	Inf	Gly	94.4	high confidence set
Lepi_scaffold112	19	3135989	3135916	Asn	GTT	0	0	80.8	58.70	22.10	Inf	Asn	93.1	high confidence set
Lepi_scaffold112	20	2380196	2380125	Asp	GTC	0	0	69.8	46.80	23.00	Inf	Asp	94.5	high confidence set
Lepi_scaffold112	21	2365198	2365127	Gln	CTG	0	0	74.7	50.50	24.20	Inf	Gln	103.8	high confidence set
Lepi_scaffold114	1	597582	597653	Pro	AGG	0	0	68.2	35.90	32.30	Inf	Pro	113.9	high confidence set
Lepi_scaffold114	2	568924	568844	Leu	AAG	0	0	71.4	51.10	20.30	Inf	Leu	108.5	high confidence set
Lepi_scaffold114	3	161784	161701	Leu	CAA	0	0	82.0	55.00	27.00	Inf	Leu	127.3	high confidence set
Lepi_scaffold115	1	1101377	1101297	Leu	AAG	0	0	71.4	51.10	20.30	Inf	Leu	108.5	high confidence set
Lepi_scaffold116	2	195842	195913	Asp	GTC	0	0	69.8	46.80	23.00	Inf	Asp	94.5	high confidence set
Lepi_scaffold116	3	381276	381357	Ser	AGA	0	0	77.0	42.20	34.80	Inf	Ser	112.5	high confidence set
Lepi_scaffold117	1	722530	722602	Arg	TCT	0	0	70.7	50.70	20.00	Inf	Arg	91.3	high confidence set
Lepi_scaffold117	2	815665	815737	Arg	ACG	0	0	72.6	49.80	22.80	Inf	Arg	89.8	high confidence set
Lepi_scaffold117	3	1256394	1256466	Arg	TCT	0	0	70.7	50.70	20.00	Inf	Arg	91.3	high confidence set
Lepi_scaffold117	4	1543519	1543600	Ser	CGA	0	0	77.5	44.40	33.10	Inf	Ser	120.8	high confidence set
Lepi_scaffold117	6	3221439	3221510	Glu	TTC	0	0	69.9	45.30	24.60	Inf	Glu	99.4	high confidence set
Lepi_scaffold117	7	3237140	3237213	Asn	GTT	0	0	86.2	61.00	25.20	Inf	Asn	93.9	high confidence set
Lepi_scaffold117	8	3777344	3777416	Arg	ACG	0	0	72.9	50.30	22.60	Inf	Arg	88.9	high confidence set
Lepi_scaffold117	9	3979100	3979183	Tyr	GTA	3979137	3979147	74.3	42.60	31.70	Inf	Tyr	108.6	high confidence set
Lepi_scaffold117	10	3957256	3957185	His	GTG	0	0	63.0	33.70	29.30	Inf	His	86.8	high confidence set
Lepi_scaffold117	11	3878993	3878922	Trp	CCA	0	0	75.8	51.20	24.60	Inf	Trp	105.6	high confidence set
Lepi_scaffold117	12	3864333	3864260	Val	CAC	0	0	81.5	53.50	28.00	Inf	Val	103.7	high confidence set
Lepi_scaffold117	14	2729557	2729485	Glu	CTC	0	0	77.0	51.50	25.50	Inf	Glu	91.5	high confidence set
Lepi_scaffold117	15	2164334	2164262	Glu	CTC	0	0	76.3	50.40	25.90	Inf	Glu	91.1	high confidence set
Lepi_scaffold117	16	2133459	2133388	Pro	CGG	0	0	68.2	35.30	32.90	Inf	Pro	113.0	high confidence set
Lepi_scaffold117	17	1135812	1135739	Thr	AGT	0	0	73.6	45.20	28.40	Inf	Thr	88.6	high confidence set
Lepi_scaffold117	18	1027453	1027369	Met	CAT	1027415	1027405	64.2	40.80	23.40	Inf	Met	104.0	high confidence set
Lepi_scaffold118	1	211467	211396	Pro	TGG	0	0	69.2	36.90	32.30	Inf	Pro	112.8	high confidence set
Lepi_scaffold119	1	1956258	1956174	Met	CAT	1956220	1956210	64.2	40.80	23.40	Inf	Met	104.0	high confidence set
Lepi_scaffold119	2	833669	833598	Gln	TTG	0	0	73.5	53.70	19.80	Inf	Gln	104.8	high confidence set
Lepi_scaffold120	2	480121	480048	Ile	AAT	0	0	79.2	56.40	22.80	Inf	Ile	99.7	high confidence set
Lepi_scaffold122	1	152900	152973	Ile	AAT	0	0	86.4	57.90	28.50	Inf	Ile	108.4	high confidence set
Lepi_scaffold122	2	360093	360164	Gln	CTG	0	0	71.1	46.00	25.10	Inf	Gln	100.8	high confidence set
Lepi_scaffold122	3	360232	360312	Leu	AAG	0	0	71.4	51.10	20.30	Inf	Leu	108.5	high confidence set
Lepi_scaffold122	4	419398	419481	Tyr	GTA	419435	419445	74.3	42.60	31.70	Inf	Tyr	108.6	high confidence set
Lepi_scaffold122	5	522435	522364	Pro	CGG	0	0	68.2	35.30	32.90	Inf	Pro	113.0	high confidence set
Lepi_scaffold122	6	222757	222684	Val	CAC	0	0	81.5	53.50	28.00	Inf	Val	103.7	high confidence set
Lepi_scaffold122	7	93772	93699	Ile	AAT	0	0	86.4	57.90	28.50	Inf	Ile	108.4	high confidence set
Lepi_scaffold122	8	85909	85836	Ile	AAT	0	0	86.4	57.90	28.50	Inf	Ile	108.4	high confidence set
Lepi_scaffold124	1	115581	115651	Gly	CCC	0	0	65.4	28.10	37.30	Inf	Gly	85.4	high confidence set
Lepi_scaffold124	2	1104075	1104004	Asp	GTC	0	0	69.8	46.80	23.00	Inf	Asp	94.5	high confidence set
Lepi_scaffold124	3	936163	936092	Cys	GCA	0	0	81.7	56.10	25.60	Inf	Cys	104.3	high confidence set
Lepi_scaffold124	4	344771	344699	Ala	TGC	0	0	70.0	45.30	24.70	Inf	Ala	100.6	high confidence set
Lepi_scaffold125	1	2679501	2679572	Trp	CCA	0	0	75.8	51.20	24.60	Inf	Trp	105.6	high confidence set
Lepi_scaffold125	2	2845219	2845291	Ala	TGC	0	0	70.0	45.30	24.70	Inf	Ala	100.6	high confidence set
Lepi_scaffold127	1	519615	519688	Val	CAC	0	0	81.5	53.50	28.00	Inf	Val	103.7	high confidence set
Lepi_scaffold127	5	978613	978540	Ile	AAT	0	0	86.4	57.90	28.50	Inf	Ile	108.4	high confidence set
Lepi_scaffold128	1	420335	420421	Ser	GGA	0	0	56.5	30.80	25.70	Inf	Ser	72.0	unexpected anticodon
Lepi_scaffold130	1	623575	623648	Ile	AAT	0	0	86.4	57.90	28.50	Inf	Ile	108.4	high confidence set
Lepi_scaffold130	2	627461	627532	Asp	GTC	0	0	69.8	46.80	23.00	Inf	Asp	94.5	high confidence set
Lepi_scaffold130	3	984674	984601	Val	CAC	0	0	81.5	53.50	28.00	Inf	Val	103.7	high confidence set
Lepi_scaffold130	4	698050	697977	Ile	AAT	0	0	86.4	57.90	28.50	Inf	Ile	108.4	high confidence set
Lepi_scaffold131	1	172865	172944	Leu	TAG	0	0	69.5	48.50	21.00	Inf	Leu	111.5	high confidence set
Lepi_scaffold131	2	257944	257873	Asp	GTC	0	0	69.8	46.80	23.00	Inf	Asp	94.5	high confidence set
Lepi_scaffold131	3	242135	242062	Val	CAC	0	0	81.5	53.50	28.00	Inf	Val	103.7	high confidence set
Lepi_scaffold134	1	55796	55877	Ser	AGA	0	0	77.0	42.20	34.80	Inf	Ser	112.5	high confidence set
Lepi_scaffold134	3	689018	688947	Gly	TCC	0	0	74.1	46.70	27.40	Inf	Gly	84.2	high confidence set
Lepi_scaffold135	1	320400	320470	Gly	GCC	0	0	66.5	44.80	21.70	Inf	Gly	94.4	high confidence set
Lepi_scaffold135	2	390719	390791	Ala	CGC	0	0	67.5	42.90	24.60	Inf	Ala	99.2	high confidence set
Lepi_scaffold137	1	399780	399708	Glu	CTC	0	0	76.3	50.40	25.90	Inf	Glu	91.1	high confidence set
Lepi_scaffold141	1	607663	607591	Lys	TTT	0	0	77.8	59.00	18.80	Inf	Lys	76.1	high confidence set
Lepi_scaffold141	7	559163	559090	Trp	CCA	0	0	67.9	40.50	27.40	Inf	Thr	71.3	IPD:-17.30,isotype mismatch
Lepi_scaffold145	1	619808	619879	Trp	CCA	0	0	60.1	37.10	23.00	Inf	Trp	76.8	high confidence set
Lepi_scaffold145	2	528116	528045	Trp	CCA	0	0	75.8	51.20	24.60	Inf	Trp	105.6	high confidence set
Lepi_scaffold146	1	967059	967132	Ile	AAT	0	0	86.4	57.90	28.50	Inf	Ile	108.4	high confidence set
Lepi_scaffold146	3	1277872	1277943	Thr	CGT	0	0	78.9	54.70	24.20	Inf	Thr	87.3	high confidence set
Lepi_scaffold146	4	1324563	1324635	Ala	TGC	0	0	70.0	45.30	24.70	Inf	Ala	100.6	high confidence set
Lepi_scaffold146	5	1221512	1221440	Val	TAC	0	0	74.4	44.00	30.40	Inf	Val	103.3	high confidence set
Lepi_scaffold147	1	954207	954136	Cys	GCA	0	0	80.5	53.40	27.10	Inf	Cys	101.8	high confidence set
Lepi_scaffold149	1	428252	428323	Glu	TTC	0	0	66.1	46.30	19.80	Inf	Glu	95.5	high confidence set
Lepi_scaffold149	3	323522	323450	Lys	CTT	0	0	87.7	67.60	20.10	Inf	Lys	106.7	high confidence set
Lepi_scaffold149	4	198978	198907	Pro	TGG	0	0	61.2	33.00	28.20	Inf	Pro	105.3	high confidence set
Lepi_scaffold150	1	111724	111795	Lys	TTT	0	0	82.2	66.00	16.20	Inf	Lys	85.6	high confidence set
Lepi_scaffold151	1	470958	471029	iMet	CAT	0	0	58.3	28.10	30.20	Inf	iMet	118.7	high confidence set
Lepi_scaffold154	1	229747	229818	Gln	TTG	0	0	73.5	53.70	19.80	Inf	Gln	104.8	high confidence set
Lepi_scaffold156	1	184622	184694	Ala	AGC	0	0	63.4	38.20	25.20	Inf	Ala	98.3	high confidence set
Lepi_scaffold156	2	485590	485663	Val	AAC	0	0	72.5	48.10	24.40	Inf	Val	100.2	high confidence set
Lepi_scaffold156	3	842504	842587	Tyr	GTA	842541	842551	74.3	42.60	31.70	Inf	Tyr	108.6	high confidence set
Lepi_scaffold156	4	979617	979699	Leu	TAA	0	0	72.9	35.60	37.30	Inf	Leu	100.3	high confidence set
Lepi_scaffold156	5	1002950	1003022	Arg	TCT	0	0	71.3	51.70	19.60	Inf	Arg	95.1	high confidence set
Lepi_scaffold156	6	958282	958202	Leu	AAG	0	0	71.4	51.10	20.30	Inf	Leu	108.5	high confidence set
Lepi_scaffold156	7	849779	849707	Phe	GAA	0	0	78.3	58.40	19.90	Inf	Phe	113.2	high confidence set
Lepi_scaffold156	8	545970	545899	His	GTG	0	0	63.0	33.70	29.30	Inf	His	86.8	high confidence set
Lepi_scaffold156	9	458099	458027	Lys	CTT	0	0	87.7	67.60	20.10	Inf	Lys	106.7	high confidence set
Lepi_scaffold156	10	313615	313545	Gly	GCC	0	0	66.5	44.80	21.70	Inf	Gly	94.4	high confidence set
Lepi_scaffold161	1	488816	488887	Gly	TCC	0	0	74.1	46.70	27.40	Inf	Gly	84.2	high confidence set
Lepi_scaffold162	1	513453	513380	Thr	AGT	0	0	76.0	48.40	27.60	Inf	Thr	90.6	high confidence set
Lepi_scaffold163	1	521796	521715	Ser	TGA	0	0	81.1	46.70	34.40	Inf	Ser	122.5	high confidence set
Lepi_scaffold165	1	868923	868995	Ala	CGC	0	0	65.8	43.30	22.50	Inf	Ala	93.8	high confidence set
Lepi_scaffold165	2	1132933	1133005	Ala	AGC	0	0	63.4	38.20	25.20	Inf	Ala	98.3	high confidence set
Lepi_scaffold165	3	1551520	1551590	Gly	GCC	0	0	59.2	37.50	21.70	Inf	Gly	87.0	high confidence set
Lepi_scaffold165	4	1904581	1904663	Ser	GCT	0	0	70.9	38.50	32.40	Inf	Ser	93.3	high confidence set
Lepi_scaffold165	5	2267539	2267618	Leu	TAG	0	0	69.5	48.50	21.00	Inf	Leu	111.5	high confidence set
Lepi_scaffold165	6	4536536	4536609	Asn	GTT	0	0	83.3	58.10	25.20	Inf	Asn	93.9	high confidence set
Lepi_scaffold165	7	6134286	6134357	Asp	GTC	0	0	69.8	46.80	23.00	Inf	Asp	94.5	high confidence set
Lepi_scaffold165	8	6492014	6492085	Pro	AGG	0	0	67.4	34.70	32.70	Inf	Pro	112.3	high confidence set
Lepi_scaffold165	9	6527357	6527428	Pro	TGG	0	0	68.5	35.70	32.80	Inf	Pro	111.2	high confidence set
Lepi_scaffold165	10	6527894	6527965	Pro	TGG	0	0	64.0	34.10	29.90	Inf	Pro	101.2	high confidence set
Lepi_scaffold165	12	6529480	6529551	Pro	TGG	0	0	68.5	35.70	32.80	Inf	Pro	111.2	high confidence set
Lepi_scaffold165	13	6530033	6530104	Pro	TGG	0	0	68.5	35.70	32.80	Inf	Pro	111.2	high confidence set
Lepi_scaffold165	14	6530765	6530836	Pro	TGG	0	0	68.5	35.70	32.80	Inf	Pro	111.2	high confidence set
Lepi_scaffold165	15	8291777	8291847	Gly	GCC	0	0	66.5	44.80	21.70	Inf	Gly	94.4	high confidence set
Lepi_scaffold165	16	9449833	9449761	Ala	AGC	0	0	63.4	38.70	24.70	Inf	Ala	96.4	high confidence set
Lepi_scaffold165	18	7552797	7552725	Val	TAC	0	0	74.4	44.00	30.40	Inf	Val	103.3	high confidence set
Lepi_scaffold165	19	5647536	5647452	Met	CAT	5647498	5647488	64.2	40.80	23.40	Inf	Met	104.0	high confidence set
Lepi_scaffold165	20	2543121	2543049	Arg	CCT	0	0	74.8	55.90	18.90	Inf	Arg	84.6	high confidence set
Lepi_scaffold165	21	2362249	2362178	Asp	GTC	0	0	67.0	47.30	19.70	Inf	Asp	95.1	high confidence set
Lepi_scaffold165	22	2346773	2346700	Val	CAC	0	0	81.5	53.50	28.00	Inf	Val	103.7	high confidence set
Lepi_scaffold165	23	1139441	1139358	Leu	CAA	0	0	79.5	54.50	25.00	Inf	Leu	126.8	high confidence set
Lepi_scaffold165	24	161943	161870	Val	AAC	0	0	72.5	48.10	24.40	Inf	Val	100.2	high confidence set
Lepi_scaffold171	1	157102	157030	Lys	CTT	0	0	87.7	67.60	20.10	Inf	Lys	106.7	high confidence set
Lepi_scaffold172	1	139252	139323	Gly	TCC	0	0	74.1	46.70	27.40	Inf	Gly	84.2	high confidence set
Lepi_scaffold172	2	614572	614643	Glu	TTC	0	0	62.8	38.30	24.50	Inf	Glu	91.8	high confidence set
Lepi_scaffold175	1	625731	625803	Phe	GAA	0	0	78.3	58.40	19.90	Inf	Phe	113.2	high confidence set
Lepi_scaffold175	2	629270	629342	Phe	GAA	0	0	78.3	58.40	19.90	Inf	Phe	113.2	high confidence set
Lepi_scaffold178	4	244883	244812	Asn	GTT	0	0	75.9	56.60	19.30	Inf	Asn	74.1	high confidence set
Lepi_scaffold185	1	214910	214982	Arg	ACG	0	0	73.2	50.90	22.30	Inf	Arg	94.3	high confidence set
Lepi_scaffold185	2	178339	178267	Arg	CCT	0	0	72.3	51.10	21.20	Inf	Arg	81.9	high confidence set
Lepi_scaffold185	3	83902	83831	iMet	CAT	0	0	58.3	28.10	30.20	Inf	iMet	118.7	high confidence set
Lepi_scaffold188	1	43415	43487	Ala	AGC	0	0	63.4	38.20	25.20	Inf	Ala	98.3	high confidence set
Lepi_scaffold188	2	115585	115512	Val	AAC	0	0	72.5	48.10	24.40	Inf	Val	100.2	high confidence set
Lepi_scaffold189	1	1457716	1457787	Gly	TCC	0	0	74.1	46.70	27.40	Inf	Gly	84.2	high confidence set
Lepi_scaffold189	2	2540372	2540456	Met	CAT	2540410	2540420	64.2	40.80	23.40	Inf	Met	104.0	high confidence set
Lepi_scaffold189	3	3762524	3762597	Val	AAC	0	0	72.5	48.10	24.40	Inf	Val	100.2	high confidence set
Lepi_scaffold189	4	4439545	4439464	Ser	GCT	0	0	80.5	45.20	35.30	Inf	Ser	109.5	high confidence set
Lepi_scaffold189	6	3908894	3908824	Gly	GCC	0	0	66.5	44.80	21.70	Inf	Gly	94.4	high confidence set
Lepi_scaffold189	7	3661823	3661740	Leu	CAA	0	0	83.4	55.60	27.80	Inf	Leu	126.0	high confidence set
Lepi_scaffold192	1	368792	368876	Tyr	GTA	368829	368840	74.2	42.50	31.70	Inf	Tyr	108.6	high confidence set
Lepi_scaffold192	2	166076	166004	Glu	CTC	0	0	76.3	50.40	25.90	Inf	Glu	91.1	high confidence set
Lepi_scaffold193	1	112319	112391	Arg	CCT	0	0	74.8	55.90	18.90	Inf	Arg	84.6	high confidence set
Lepi_scaffold193	2	157450	157523	Val	CAC	0	0	81.5	53.50	28.00	Inf	Val	103.7	high confidence set
Lepi_scaffold195	1	389410	389481	Lys	TTT	0	0	92.3	68.60	23.70	Inf	Lys	93.4	high confidence set
Lepi_scaffold197	1	236141	236214	Val	AAC	0	0	72.5	48.10	24.40	Inf	Val	100.2	high confidence set
Lepi_scaffold197	2	236343	236272	Asp	GTC	0	0	69.8	46.80	23.00	Inf	Asp	94.5	high confidence set
Lepi_scaffold198	1	50104	50175	Pro	TGG	0	0	68.5	35.70	32.80	Inf	Pro	111.2	high confidence set
Lepi_scaffold198	2	50775	50846	Pro	AGG	0	0	67.4	34.70	32.70	Inf	Pro	112.3	high confidence set
Lepi_scaffold198	3	51466	51537	Pro	TGG	0	0	68.5	35.70	32.80	Inf	Pro	111.2	high confidence set
Lepi_scaffold198	4	52046	52117	Pro	AGG	0	0	67.4	34.70	32.70	Inf	Pro	112.3	high confidence set
Lepi_scaffold198	6	52929	53000	Pro	AGG	0	0	67.4	34.70	32.70	Inf	Pro	112.3	high confidence set
Lepi_scaffold198	7	53205	53276	Pro	TGG	0	0	68.5	35.70	32.80	Inf	Pro	111.2	high confidence set
Lepi_scaffold198	8	53787	53858	Pro	TGG	0	0	68.5	35.70	32.80	Inf	Pro	111.2	high confidence set
Lepi_scaffold200	3	47067	47139	Lys	TTT	0	0	80.3	61.50	18.80	Inf	Lys	78.3	high confidence set
Lepi_scaffold200	8	62270	62341	Asn	GTT	0	0	77.9	55.60	22.30	Inf	Asn	78.1	high confidence set
Lepi_scaffold200	9	63186	63268	Tyr	GTA	0	0	63.5	45.20	18.30	Inf	Leu	71.2	IPD:-4.50,isotype mismatch
Lepi_scaffold200	11	80053	80126	Trp	CCA	0	0	72.3	42.90	29.40	Inf	Thr	75.0	IPD:-16.70,isotype mismatch
Lepi_scaffold200	12	99908	99994	Ser	GGA	0	0	64.5	34.70	29.80	Inf	Ser	89.7	unexpected anticodon
Lepi_scaffold200	14	187995	188067	Lys	TTT	0	0	80.3	61.50	18.80	Inf	Lys	78.3	high confidence set
Lepi_scaffold203	1	235001	234920	Ser	AGA	0	0	76.3	41.60	34.70	Inf	Ser	112.1	high confidence set
Lepi_scaffold206	1	1399397	1399469	Arg	ACG	0	0	72.9	50.30	22.60	Inf	Arg	91.8	high confidence set
Lepi_scaffold206	2	973301	973230	Gly	TCC	0	0	74.1	46.70	27.40	Inf	Gly	84.2	high confidence set
Lepi_scaffold206	3	903657	903584	Val	AAC	0	0	72.5	48.10	24.40	Inf	Val	100.2	high confidence set
Lepi_scaffold211	1	3420	3341	Leu	TAG	0	0	69.5	48.50	21.00	Inf	Leu	111.5	high confidence set
Lepi_scaffold213	1	22555	22626	iMet	CAT	0	0	58.3	28.10	30.20	Inf	iMet	118.7	high confidence set
Lepi_scaffold218	1	583682	583610	Phe	GAA	0	0	78.3	58.40	19.90	Inf	Phe	113.2	high confidence set
Lepi_scaffold218	2	564000	563928	Phe	GAA	0	0	78.3	58.40	19.90	Inf	Phe	113.2	high confidence set
Lepi_scaffold218	3	350604	350533	iMet	CAT	0	0	58.3	28.10	30.20	Inf	iMet	118.7	high confidence set
Lepi_scaffold225	1	99668	99596	Arg	CCT	0	0	74.8	55.90	18.90	Inf	Arg	84.6	high confidence set
Lepi_scaffold228	1	173725	173797	Lys	CTT	0	0	87.7	67.60	20.10	Inf	Lys	106.7	high confidence set
Lepi_scaffold230	1	107710	107629	Ser	GCT	0	0	80.5	45.20	35.30	Inf	Ser	109.5	high confidence set
Lepi_scaffold233	1	64467	64546	Leu	TAG	0	0	64.9	47.00	17.90	Inf	Leu	108.8	high confidence set
Lepi_scaffold233	2	198565	198636	Cys	GCA	0	0	81.7	56.10	25.60	Inf	Cys	104.3	high confidence set
Lepi_scaffold246	1	26396	26315	Ser	AGA	0	0	74.5	40.20	34.30	Inf	Ser	108.6	high confidence set
Lepi_scaffold248	1	164102	164174	Arg	TCT	0	0	71.3	51.70	19.60	Inf	Arg	95.1	high confidence set
Lepi_scaffold248	2	525795	525868	Asn	GTT	0	0	83.3	58.10	25.20	Inf	Asn	93.9	high confidence set
Lepi_scaffold261	1	25243	25314	His	GTG	0	0	63.0	33.70	29.30	Inf	His	86.8	high confidence set
Lepi_scaffold274	1	797075	797158	Leu	CAA	0	0	78.8	52.30	26.50	Inf	Leu	121.6	high confidence set
Lepi_scaffold274	2	581157	581086	Asp	GTC	0	0	69.8	46.80	23.00	Inf	Asp	94.5	high confidence set
Lepi_scaffold274	3	542427	542355	Lys	CTT	0	0	87.7	67.60	20.10	Inf	Lys	106.7	high confidence set
Lepi_scaffold274	4	416636	416565	Pro	TGG	0	0	69.2	36.90	32.30	Inf	Pro	112.8	high confidence set
Lepi_scaffold284	1	207635	207708	Ile	AAT	0	0	85.5	59.00	26.50	Inf	Ile	109.4	high confidence set
Lepi_scaffold284	2	277316	277387	Glu	TTC	0	0	69.9	45.30	24.60	Inf	Glu	99.4	high confidence set
Lepi_scaffold284	3	402253	402323	Gly	GCC	0	0	66.5	44.80	21.70	Inf	Gly	94.4	high confidence set
Lepi_scaffold284	4	1030823	1030894	Thr	TGT	0	0	83.0	58.30	24.70	Inf	Thr	92.4	high confidence set
Lepi_scaffold284	5	1052950	1053022	Arg	ACG	0	0	72.6	49.80	22.80	Inf	Arg	89.8	high confidence set
Lepi_scaffold284	7	195498	195425	Asn	GTT	0	0	81.4	54.70	26.70	Inf	Asn	91.8	high confidence set
Lepi_scaffold298	2	395221	395292	Gln	CTG	0	0	71.1	46.00	25.10	Inf	Gln	100.8	high confidence set
Lepi_scaffold298	3	741024	741096	Phe	GAA	0	0	78.3	58.40	19.90	Inf	Phe	113.2	high confidence set
Lepi_scaffold298	4	831395	831466	His	GTG	0	0	55.2	31.90	23.30	Inf	His	77.3	high confidence set
Lepi_scaffold298	5	1626002	1626073	Gln	CTG	0	0	74.6	50.10	24.50	Inf	Gln	102.4	high confidence set
Lepi_scaffold298	7	2770916	2770989	Asn	GTT	0	0	81.9	55.00	26.90	Inf	Ile	88.1	IPD:-8.00,isotype mismatch
Lepi_scaffold298	8	3057004	3057076	Ala	AGC	0	0	63.4	38.20	25.20	Inf	Ala	98.3	high confidence set
Lepi_scaffold298	9	3116200	3116127	Val	AAC	0	0	72.5	48.10	24.40	Inf	Val	100.2	high confidence set
Lepi_scaffold298	10	2956307	2956235	Lys	CTT	0	0	87.7	67.60	20.10	Inf	Lys	106.7	high confidence set
Lepi_scaffold298	11	1677514	1677441	Asn	GTT	0	0	81.4	54.70	26.70	Inf	Asn	91.8	high confidence set
Lepi_scaffold298	12	1654928	1654856	Phe	GAA	0	0	78.3	58.40	19.90	Inf	Phe	113.2	high confidence set
Lepi_scaffold311	1	375075	374994	Ser	GCT	0	0	78.3	42.40	35.90	Inf	Ser	108.3	high confidence set
Lepi_scaffold339	1	146377	146458	Ser	TGA	0	0	80.6	45.70	34.90	Inf	Ser	119.4	high confidence set
Lepi_scaffold375	1	22925	22998	Asp	GTC	0	0	54.4	41.50	12.90	Inf	Asp	71.1	high confidence set
Lepi_scaffold533	1	132	202	Cys	GCA	0	0	64.9	46.30	18.60	Inf	Cys	73.4	high confidence set
Lepi_scaffold554	1	114632	114551	Ser	TGA	0	0	80.6	45.70	34.90	Inf	Ser	119.4	high confidence set
Lepi_scaffold593	1	1814	1887	Ile	GAT	0	0	73.4	47.20	26.20	Inf	Ile	74.2	high confidence set
Lepi_scaffold593	2	1921	1993	Ala	TGC	0	0	67.1	46.20	20.90	Inf	Ala	77.1	high confidence set
Lepi_scaffold1029	1	187403	187476	Ile	AAT	0	0	85.5	59.00	26.50	Inf	Ile	109.4	high confidence set
Lepi_scaffold1029	2	233562	233633	Glu	TTC	0	0	69.9	45.30	24.60	Inf	Glu	99.4	high confidence set
Lepi_scaffold1029	3	338080	338150	Gly	GCC	0	0	58.8	41.50	17.30	Inf	Gly	87.3	high confidence set
Lepi_scaffold1029	4	171869	171796	Asn	GTT	0	0	81.4	54.70	26.70	Inf	Asn	91.8	high confidence set
