Sequence       		tRNA   	Bounds 	tRNA	Anti	Intron Bounds	Inf	HMM	2'Str	Hit	Isotype	Isotype	      
Name           	tRNA#	Begin  	End    	Type	Codon	Begin	End	Score	Score	Score	Origin	CM	Score	Note
--------       	------	-----  	------ 	----	-----	-----	----	------	-----	-----	------	-------	-------	------
Luna_scaffold1	1	190818	190889	Asp	GTC	0	0	69.8	46.80	23.00	Inf	Asp	94.5	high confidence set
Luna_scaffold1	2	720214	720287	Ile	AAT	0	0	85.5	59.00	26.50	Inf	Ile	109.4	high confidence set
Luna_scaffold1	3	1907791	1907863	Phe	GAA	0	0	68.4	54.40	14.00	Inf	Phe	105.5	high confidence set
Luna_scaffold1	4	1978490	1978561	Gly	TCC	0	0	74.1	46.70	27.40	Inf	Gly	84.2	high confidence set
Luna_scaffold1	5	2237492	2237573	Ser	GCT	0	0	80.5	45.20	35.30	Inf	Ser	109.5	high confidence set
Luna_scaffold1	6	2324617	2324689	Arg	ACG	0	0	72.5	49.90	22.60	Inf	Arg	93.8	high confidence set
Luna_scaffold1	7	2781648	2781720	Ala	AGC	0	0	63.4	38.20	25.20	Inf	Ala	98.3	high confidence set
Luna_scaffold1	8	2811044	2811116	Ala	CGC	0	0	60.2	45.60	14.60	Inf	Ala	91.9	high confidence set
Luna_scaffold1	9	2480568	2480495	Val	AAC	0	0	72.5	48.10	24.40	Inf	Val	100.2	high confidence set
Luna_scaffold1	10	2392445	2392365	Leu	AAG	0	0	61.4	45.50	15.90	Inf	Leu	99.8	high confidence set
Luna_scaffold1	11	2198296	2198224	Arg	CCT	0	0	72.3	51.10	21.20	Inf	Arg	81.9	high confidence set
Luna_scaffold1	12	1948670	1948599	Gly	TCC	0	0	66.9	43.50	23.40	Inf	Gly	78.2	high confidence set
Luna_scaffold1	13	1053307	1053236	Asp	GTC	0	0	69.8	46.80	23.00	Inf	Asp	94.5	high confidence set
Luna_scaffold1	14	130477	130406	Gly	TCC	0	0	74.1	46.70	27.40	Inf	Gly	84.2	high confidence set
Luna_scaffold2	1	147145	147218	Asn	GTT	0	0	81.4	54.70	26.70	Inf	Asn	91.8	high confidence set
Luna_scaffold2	2	224388	224460	Lys	CTT	0	0	87.7	67.60	20.10	Inf	Lys	106.7	high confidence set
Luna_scaffold2	3	562084	562167	Leu	CAA	0	0	79.8	55.80	24.00	Inf	Leu	122.6	high confidence set
Luna_scaffold2	4	899604	899685	Ser	GCT	0	0	79.8	44.50	35.30	Inf	Ser	109.1	high confidence set
Luna_scaffold2	5	1258430	1258500	Gly	CCC	0	0	66.3	29.50	36.80	Inf	Gly	89.7	high confidence set
Luna_scaffold2	6	1373205	1373288	Tyr	GTA	1373242	1373252	74.3	42.60	31.70	Inf	Tyr	108.6	high confidence set
Luna_scaffold2	7	1433124	1433195	Thr	TGT	0	0	83.0	58.30	24.70	Inf	Thr	92.4	high confidence set
Luna_scaffold2	8	1897294	1897377	Leu	CAA	0	0	80.4	53.90	26.50	Inf	Leu	122.2	high confidence set
Luna_scaffold2	9	1912388	1912469	Ser	TGA	0	0	80.1	47.20	32.90	Inf	Ser	117.1	high confidence set
Luna_scaffold2	10	2299324	2299394	Gly	CCC	0	0	65.4	28.10	37.30	Inf	Gly	85.4	high confidence set
Luna_scaffold2	11	2410726	2410643	Leu	CAA	0	0	78.5	55.10	23.40	Inf	Leu	119.0	high confidence set
Luna_scaffold2	12	2347342	2347270	Ala	CGC	0	0	68.3	44.10	24.20	Inf	Ala	99.2	high confidence set
Luna_scaffold2	13	2130587	2130506	Ser	GCT	0	0	71.0	44.10	26.90	Inf	Ser	101.0	high confidence set
Luna_scaffold2	15	1819998	1819915	Leu	CAA	0	0	69.9	54.50	15.40	Inf	Leu	108.3	high confidence set
Luna_scaffold2	16	712381	712311	Gly	CCC	0	0	65.4	28.10	37.30	Inf	Gly	85.4	high confidence set
Luna_scaffold2	17	198405	198333	Lys	CTT	0	0	87.7	67.60	20.10	Inf	Lys	106.7	high confidence set
Luna_scaffold2	18	35222	35137	Tyr	GTA	35185	35173	74.2	42.50	31.70	Inf	Tyr	108.6	high confidence set
Luna_scaffold3	1	640257	640330	Val	AAC	0	0	71.9	47.50	24.40	Inf	Val	99.9	high confidence set
Luna_scaffold3	2	912693	912765	Val	TAC	0	0	72.4	42.90	29.50	Inf	Val	103.5	high confidence set
Luna_scaffold3	3	932251	932324	Asn	GTT	0	0	82.3	57.10	25.20	Inf	Asn	92.8	high confidence set
Luna_scaffold3	4	1456493	1456572	Leu	TAG	0	0	60.3	41.70	18.60	Inf	Leu	103.7	high confidence set
Luna_scaffold3	5	1863394	1863465	Lys	TTT	0	0	83.8	71.00	12.80	Inf	Lys	83.9	high confidence set
Luna_scaffold3	6	1863974	1864045	Lys	TTT	0	0	83.8	71.00	12.80	Inf	Lys	83.9	high confidence set
Luna_scaffold3	7	1919341	1919411	Gly	GCC	0	0	66.5	44.80	21.70	Inf	Gly	94.4	high confidence set
Luna_scaffold3	8	1374917	1374846	Cys	GCA	0	0	82.1	59.90	22.20	Inf	Cys	106.6	high confidence set
Luna_scaffold3	9	1061081	1061010	Asp	GTC	0	0	69.8	46.80	23.00	Inf	Asp	94.5	high confidence set
Luna_scaffold3	10	1025597	1025525	Glu	CTC	0	0	78.4	53.00	25.40	Inf	Glu	92.7	high confidence set
Luna_scaffold3	11	401504	401433	Pro	TGG	0	0	69.2	36.90	32.30	Inf	Pro	112.8	high confidence set
Luna_scaffold4	2	232837	232908	Pro	AGG	0	0	67.4	34.70	32.70	Inf	Pro	112.3	high confidence set
Luna_scaffold4	3	357128	357200	Arg	TCT	0	0	70.7	50.70	20.00	Inf	Arg	91.3	high confidence set
Luna_scaffold4	4	393632	393704	Arg	ACG	0	0	72.9	50.30	22.60	Inf	Arg	91.8	high confidence set
Luna_scaffold4	5	646879	646963	Met	CAT	646917	646927	64.3	40.80	23.50	Inf	Met	104.0	high confidence set
Luna_scaffold4	6	691976	692049	Ile	AAT	0	0	85.5	59.00	26.50	Inf	Ile	109.4	high confidence set
Luna_scaffold4	7	858964	859035	Gln	CTG	0	0	71.2	46.50	24.70	Inf	Gln	101.3	high confidence set
Luna_scaffold4	8	869488	869568	Leu	AAG	0	0	71.4	51.10	20.30	Inf	Leu	108.5	high confidence set
Luna_scaffold4	9	899511	899594	Tyr	GTA	899548	899558	74.3	42.60	31.70	Inf	Tyr	108.6	high confidence set
Luna_scaffold4	10	1248027	1248098	Asp	GTC	0	0	69.8	46.80	23.00	Inf	Asp	94.5	high confidence set
Luna_scaffold4	11	1802671	1802743	Arg	ACG	0	0	72.5	49.90	22.60	Inf	Arg	93.8	high confidence set
Luna_scaffold4	12	2090716	2090788	Ala	AGC	0	0	63.4	38.20	25.20	Inf	Ala	98.3	high confidence set
Luna_scaffold4	13	2202426	2202498	Ala	AGC	0	0	63.4	38.20	25.20	Inf	Ala	98.3	high confidence set
Luna_scaffold4	14	2253766	2253851	Tyr	GTA	2253803	2253815	74.2	42.50	31.70	Inf	Tyr	108.6	high confidence set
Luna_scaffold4	15	2302777	2302847	Gly	GCC	0	0	66.5	44.80	21.70	Inf	Gly	94.4	high confidence set
Luna_scaffold4	16	2380308	2380389	Ser	GCT	0	0	80.5	45.20	35.30	Inf	Ser	109.5	high confidence set
Luna_scaffold4	17	2500918	2500997	Leu	TAG	0	0	69.5	48.50	21.00	Inf	Leu	111.5	high confidence set
Luna_scaffold4	18	2906102	2906030	Ala	AGC	0	0	63.4	38.20	25.20	Inf	Ala	98.3	high confidence set
Luna_scaffold4	19	2528306	2528235	Asp	GTC	0	0	69.8	46.80	23.00	Inf	Asp	94.5	high confidence set
Luna_scaffold4	20	2522158	2522085	Val	CAC	0	0	81.5	53.50	28.00	Inf	Val	103.7	high confidence set
Luna_scaffold4	21	2209118	2209035	Leu	CAA	0	0	79.5	54.50	25.00	Inf	Leu	126.8	high confidence set
Luna_scaffold4	22	1901922	1901849	Val	AAC	0	0	72.5	48.10	24.40	Inf	Val	100.2	high confidence set
Luna_scaffold4	23	1847711	1847631	Leu	AAG	0	0	71.4	51.10	20.30	Inf	Leu	108.5	high confidence set
Luna_scaffold4	24	1607695	1607624	Gly	TCC	0	0	74.1	46.70	27.40	Inf	Gly	84.2	high confidence set
Luna_scaffold4	25	1023343	1023272	Pro	AGG	0	0	67.4	34.70	32.70	Inf	Pro	112.3	high confidence set
Luna_scaffold4	26	972174	972103	Pro	CGG	0	0	68.2	35.30	32.90	Inf	Pro	113.0	high confidence set
Luna_scaffold4	27	844493	844422	His	GTG	0	0	63.0	33.70	29.30	Inf	His	87.1	high confidence set
Luna_scaffold4	28	750391	750318	Val	CAC	0	0	81.5	53.50	28.00	Inf	Val	103.7	high confidence set
Luna_scaffold4	29	645161	645088	Ile	AAT	0	0	83.0	54.40	28.60	Inf	Ile	104.3	high confidence set
Luna_scaffold4	30	112392	112320	Ala	AGC	0	0	63.4	38.20	25.20	Inf	Ala	98.3	high confidence set
Luna_scaffold5	1	1204821	1204894	Val	CAC	0	0	81.5	53.50	28.00	Inf	Val	103.7	high confidence set
Luna_scaffold5	2	1553897	1553968	Asp	GTC	0	0	69.8	46.80	23.00	Inf	Asp	94.5	high confidence set
Luna_scaffold5	3	1888721	1888794	Val	AAC	0	0	67.1	42.70	24.40	Inf	Val	94.0	high confidence set
Luna_scaffold5	4	2096526	2096597	Pro	AGG	0	0	67.4	34.70	32.70	Inf	Pro	112.3	high confidence set
Luna_scaffold5	5	2158984	2159055	Gln	CTG	0	0	74.6	50.10	24.50	Inf	Gln	105.2	high confidence set
Luna_scaffold5	6	2180179	2180107	Phe	GAA	0	0	78.3	58.40	19.90	Inf	Phe	113.2	high confidence set
Luna_scaffold5	7	1319895	1319814	Ser	CGA	0	0	77.6	44.50	33.10	Inf	Ser	119.3	high confidence set
Luna_scaffold6	1	257401	257472	Glu	TTC	0	0	70.8	46.30	24.50	Inf	Glu	99.2	high confidence set
Luna_scaffold6	2	788912	788983	Asp	GTC	0	0	60.8	47.00	13.80	Inf	Asp	80.4	high confidence set
Luna_scaffold6	3	1826704	1826775	Trp	CCA	0	0	73.6	49.10	24.50	Inf	Trp	103.5	high confidence set
Luna_scaffold6	4	1820338	1820267	Trp	CCA	0	0	55.6	39.90	15.70	Inf	Trp	79.3	high confidence set
Luna_scaffold6	5	1626858	1626787	Pro	TGG	0	0	69.2	36.90	32.30	Inf	Pro	112.8	high confidence set
Luna_scaffold6	6	444319	444246	Val	AAC	0	0	75.3	46.40	28.90	Inf	Val	105.6	high confidence set
Luna_scaffold6	7	148284	148212	Val	TAC	0	0	72.4	42.90	29.50	Inf	Val	103.5	high confidence set
Luna_scaffold6	8	122718	122645	Asn	GTT	0	0	83.3	58.10	25.20	Inf	Asn	93.9	high confidence set
Luna_scaffold6	9	34444	34371	Val	AAC	0	0	72.5	48.10	24.40	Inf	Val	100.2	high confidence set
Luna_scaffold7	2	484699	484778	Leu	TAG	0	0	69.5	48.50	21.00	Inf	Leu	111.5	high confidence set
Luna_scaffold7	3	1092547	1092476	Pro	AGG	0	0	59.4	30.80	28.60	Inf	Pro	104.8	high confidence set
Luna_scaffold7	4	906269	906188	Ser	GCT	0	0	80.5	45.20	35.30	Inf	Ser	109.5	high confidence set
Luna_scaffold7	6	378423	378338	Met	CAT	378385	378374	66.4	40.60	25.80	Inf	Met	107.1	high confidence set
Luna_scaffold7	7	163954	163881	Thr	AGT	0	0	76.0	48.40	27.60	Inf	Thr	90.6	high confidence set
Luna_scaffold8	1	91646	91718	Arg	TCT	0	0	70.7	50.70	20.00	Inf	Arg	91.3	high confidence set
Luna_scaffold8	2	143671	143752	Ser	AGA	0	0	72.9	40.40	32.50	Inf	Ser	107.8	high confidence set
Luna_scaffold8	3	564981	565052	Asp	GTC	0	0	69.8	46.80	23.00	Inf	Asp	94.5	high confidence set
Luna_scaffold8	4	731870	731941	Asp	GTC	0	0	69.8	46.80	23.00	Inf	Asp	94.5	high confidence set
Luna_scaffold8	5	814488	814568	Leu	CAG	0	0	64.4	45.70	18.70	Inf	Leu	97.1	high confidence set
Luna_scaffold8	6	565176	565103	Val	AAC	0	0	65.4	48.10	17.30	Inf	Val	98.4	high confidence set
Luna_scaffold8	7	283038	282966	Arg	CCG	0	0	69.5	52.30	17.20	Inf	Arg	96.0	high confidence set
Luna_scaffold8	8	238562	238490	Lys	CTT	0	0	80.8	67.00	13.80	Inf	Lys	99.7	high confidence set
Luna_scaffold9	1	642725	642798	Ile	AAT	0	0	85.5	59.00	26.50	Inf	Ile	109.4	high confidence set
Luna_scaffold9	2	780842	780771	His	GTG	0	0	63.0	33.70	29.30	Inf	His	86.8	high confidence set
Luna_scaffold10	1	32008	32080	Phe	GAA	0	0	78.3	58.40	19.90	Inf	Phe	113.2	high confidence set
Luna_scaffold10	2	202401	202472	Cys	GCA	0	0	81.7	56.10	25.60	Inf	Cys	104.3	high confidence set
Luna_scaffold10	3	1199538	1199623	Tyr	GTA	1199575	1199587	74.2	42.50	31.70	Inf	Tyr	108.6	high confidence set
Luna_scaffold10	4	1319701	1319783	Leu	TAA	0	0	72.9	35.60	37.30	Inf	Leu	100.3	high confidence set
Luna_scaffold10	5	1451598	1451681	Tyr	GTA	1451635	1451645	74.3	42.50	31.80	Inf	Tyr	108.6	high confidence set
Luna_scaffold10	6	1878814	1878887	Thr	AGT	0	0	73.6	45.20	28.40	Inf	Thr	88.6	high confidence set
Luna_scaffold10	7	2491711	2491795	Met	CAT	2491749	2491759	64.2	40.80	23.40	Inf	Met	104.0	high confidence set
Luna_scaffold10	8	2582732	2582813	Ser	GCT	0	0	80.5	45.20	35.30	Inf	Ser	109.5	high confidence set
Luna_scaffold10	9	2664166	2664250	Met	CAT	2664204	2664214	64.3	40.80	23.50	Inf	Met	104.0	high confidence set
Luna_scaffold10	10	4070843	4070771	Ala	AGC	0	0	63.4	38.20	25.20	Inf	Ala	98.3	high confidence set
Luna_scaffold10	11	3406265	3406194	Thr	TGT	0	0	83.0	58.30	24.70	Inf	Thr	92.4	high confidence set
Luna_scaffold10	12	2934986	2934913	Val	AAC	0	0	72.5	48.10	24.40	Inf	Val	100.2	high confidence set
Luna_scaffold10	13	2807441	2807362	Leu	AAG	0	0	59.1	39.60	19.50	Inf	Leu	91.3	high confidence set
Luna_scaffold10	14	2750636	2750564	Arg	ACG	0	0	75.8	53.50	22.30	Inf	Arg	92.4	high confidence set
Luna_scaffold10	15	2544807	2544735	Arg	CCT	0	0	74.8	55.90	18.90	Inf	Arg	84.6	high confidence set
Luna_scaffold10	16	2303403	2303332	Asp	GTC	0	0	69.8	46.80	23.00	Inf	Asp	94.5	high confidence set
Luna_scaffold10	17	2200569	2200498	Pro	TGG	0	0	68.5	35.70	32.80	Inf	Pro	111.2	high confidence set
Luna_scaffold10	18	2199400	2199329	Pro	TGG	0	0	68.5	35.70	32.80	Inf	Pro	111.2	high confidence set
Luna_scaffold10	19	2198467	2198396	Pro	CGG	0	0	68.4	35.70	32.70	Inf	Pro	111.1	high confidence set
Luna_scaffold10	20	2197776	2197705	Pro	TGG	0	0	68.5	35.70	32.80	Inf	Pro	111.2	high confidence set
Luna_scaffold10	21	2197209	2197138	Pro	TGG	0	0	68.5	35.70	32.80	Inf	Pro	111.2	high confidence set
Luna_scaffold10	22	2196232	2196161	Pro	TGG	0	0	68.5	35.70	32.80	Inf	Pro	111.2	high confidence set
Luna_scaffold10	23	2195498	2195427	Pro	TGG	0	0	68.9	36.50	32.40	Inf	Pro	109.4	high confidence set
Luna_scaffold10	24	1875945	1875862	Leu	CAA	0	0	80.4	56.20	24.20	Inf	Leu	125.2	high confidence set
Luna_scaffold10	25	1797952	1797868	Met	CAT	1797914	1797904	64.2	40.80	23.40	Inf	Met	104.0	high confidence set
Luna_scaffold10	26	1488343	1488270	Asn	GTT	0	0	82.3	57.10	25.20	Inf	Asn	92.8	high confidence set
Luna_scaffold11	1	911223	911293	Gly	GCC	0	0	66.5	44.80	21.70	Inf	Gly	94.4	high confidence set
Luna_scaffold11	2	1080401	1080473	Arg	ACG	0	0	63.6	47.40	16.20	Inf	Arg	82.5	high confidence set
Luna_scaffold11	3	1811088	1811018	Gly	CCC	0	0	65.4	28.10	37.30	Inf	Gly	85.4	high confidence set
Luna_scaffold11	4	1451827	1451746	Ser	GCT	0	0	79.8	44.50	35.30	Inf	Ser	109.1	high confidence set
Luna_scaffold11	5	1190909	1190838	Thr	TGT	0	0	83.0	58.30	24.70	Inf	Thr	92.4	high confidence set
Luna_scaffold11	6	826609	826528	Ser	GCT	0	0	80.5	45.20	35.30	Inf	Ser	109.5	high confidence set
Luna_scaffold12	1	117090	117163	Asn	GTT	0	0	81.4	54.70	26.70	Inf	Asn	91.8	high confidence set
Luna_scaffold12	2	780317	780388	Asp	GTC	0	0	69.8	46.80	23.00	Inf	Asp	94.5	high confidence set
Luna_scaffold12	3	859815	859886	Pro	TGG	0	0	68.5	35.70	32.80	Inf	Pro	111.2	high confidence set
Luna_scaffold12	4	1214382	1214453	Lys	TTT	0	0	83.8	71.00	12.80	Inf	Lys	83.9	high confidence set
Luna_scaffold12	5	1644296	1644366	Gly	CCC	0	0	65.4	28.10	37.30	Inf	Gly	85.4	high confidence set
Luna_scaffold12	6	1701934	1701862	Ala	TGC	0	0	63.8	39.10	24.70	Inf	Ala	97.7	high confidence set
Luna_scaffold12	7	1011684	1011612	Ala	AGC	0	0	63.4	38.20	25.20	Inf	Ala	98.3	high confidence set
Luna_scaffold12	8	178904	178831	Arg	TCG	0	0	81.9	60.40	21.50	Inf	Arg	92.9	high confidence set
Luna_scaffold13	1	56207	56279	Phe	GAA	0	0	78.3	58.40	19.90	Inf	Phe	113.2	high confidence set
Luna_scaffold13	2	459545	459617	Lys	CTT	0	0	87.7	67.60	20.10	Inf	Lys	106.7	high confidence set
Luna_scaffold13	3	679323	679404	Ser	GCT	0	0	79.8	44.50	35.30	Inf	Ser	109.1	high confidence set
Luna_scaffold13	4	866403	866484	Ser	GCT	0	0	79.8	44.50	35.30	Inf	Ser	109.1	high confidence set
Luna_scaffold13	5	920291	920361	Gly	GCC	0	0	66.5	44.80	21.70	Inf	Gly	94.4	high confidence set
Luna_scaffold13	6	1268747	1268827	Leu	CAG	0	0	70.7	49.80	20.90	Inf	Leu	111.3	high confidence set
Luna_scaffold13	7	1593208	1593291	Tyr	GTA	1593245	1593255	74.3	42.60	31.70	Inf	Tyr	108.6	high confidence set
Luna_scaffold13	8	304088	304016	Glu	CTC	0	0	68.0	44.30	23.70	Inf	Glu	83.8	high confidence set
Luna_scaffold13	9	236251	236181	Gly	GCC	0	0	66.5	44.80	21.70	Inf	Gly	94.4	high confidence set
Luna_scaffold13	10	220149	220077	Ala	CGC	0	0	64.7	40.50	24.20	Inf	Ala	97.9	high confidence set
Luna_scaffold13	11	207221	207150	Gln	CTG	0	0	74.3	49.60	24.70	Inf	Gln	103.3	high confidence set
Luna_scaffold13	12	69777	69705	Ala	TGC	0	0	66.6	41.40	25.20	Inf	Ala	98.8	high confidence set
Luna_scaffold14	1	271588	271668	Leu	AAG	0	0	71.4	51.10	20.30	Inf	Leu	108.5	high confidence set
Luna_scaffold14	2	1565158	1565230	Arg	TCT	0	0	71.0	51.20	19.80	Inf	Arg	99.1	high confidence set
Luna_scaffold14	3	1555756	1555674	Leu	TAA	0	0	72.9	35.60	37.30	Inf	Leu	100.3	high confidence set
Luna_scaffold14	4	1498013	1497930	Tyr	GTA	1497976	1497966	74.3	42.60	31.70	Inf	Tyr	108.6	high confidence set
Luna_scaffold14	5	1155953	1155883	Gly	GCC	0	0	64.4	45.60	18.80	Inf	Gly	86.1	high confidence set
Luna_scaffold14	6	765425	765344	Ser	AGA	0	0	71.6	40.70	30.90	Inf	Ser	105.1	high confidence set
Luna_scaffold14	7	461087	461016	Asp	GTC	0	0	69.8	46.80	23.00	Inf	Asp	94.5	high confidence set
Luna_scaffold14	8	116489	116418	Asp	GTC	0	0	69.8	46.80	23.00	Inf	Asp	94.5	high confidence set
Luna_scaffold15	1	306460	306532	Phe	GAA	0	0	78.3	58.40	19.90	Inf	Phe	113.2	high confidence set
Luna_scaffold15	2	394887	394958	His	GTG	0	0	63.0	33.70	29.30	Inf	His	91.2	high confidence set
Luna_scaffold15	3	657483	657554	Asp	GTC	0	0	69.8	46.80	23.00	Inf	Asp	94.5	high confidence set
Luna_scaffold15	4	1385145	1385218	Val	CAC	0	0	81.5	53.50	28.00	Inf	Val	103.7	high confidence set
Luna_scaffold15	5	939005	938924	Ser	CGA	0	0	75.4	44.80	30.60	Inf	Ser	119.4	high confidence set
Luna_scaffold15	6	144799	144728	Gln	TTG	0	0	73.5	53.70	19.80	Inf	Gln	104.8	high confidence set
Luna_scaffold16	1	1096578	1096507	His	GTG	0	0	63.0	33.70	29.30	Inf	His	87.1	high confidence set
Luna_scaffold17	1	632937	633009	Ala	AGC	0	0	63.4	38.20	25.20	Inf	Ala	98.3	high confidence set
Luna_scaffold17	2	785987	786059	Phe	GAA	0	0	78.3	58.40	19.90	Inf	Phe	113.2	high confidence set
Luna_scaffold17	3	983732	983803	Asp	GTC	0	0	69.8	46.80	23.00	Inf	Asp	94.5	high confidence set
Luna_scaffold17	4	997024	997095	Gln	CTG	0	0	72.2	48.10	24.10	Inf	Gln	101.2	high confidence set
Luna_scaffold17	5	1165460	1165530	Gly	GCC	0	0	60.0	37.60	22.40	Inf	Gly	91.0	high confidence set
Luna_scaffold17	6	1534701	1534772	Thr	TGT	0	0	83.0	58.30	24.70	Inf	Thr	92.4	high confidence set
Luna_scaffold17	7	1622785	1622857	Ala	AGC	0	0	63.4	38.20	25.20	Inf	Ala	98.3	high confidence set
Luna_scaffold17	8	1691773	1691703	Gly	GCC	0	0	66.5	44.80	21.70	Inf	Gly	94.4	high confidence set
Luna_scaffold17	10	1659194	1659124	Gly	GCC	0	0	66.5	44.80	21.70	Inf	Gly	94.4	high confidence set
Luna_scaffold17	11	1421163	1421090	Asn	GTT	0	0	83.3	58.10	25.20	Inf	Asn	93.9	high confidence set
Luna_scaffold17	12	1010137	1010065	Phe	GAA	0	0	78.3	58.40	19.90	Inf	Phe	113.2	high confidence set
Luna_scaffold17	13	875102	875030	Ala	CGC	0	0	68.3	44.10	24.20	Inf	Ala	99.2	high confidence set
Luna_scaffold17	14	872699	872628	Gln	CTG	0	0	65.4	45.20	20.20	Inf	Gln	90.1	high confidence set
Luna_scaffold18	1	92452	92524	Lys	CTT	0	0	88.3	68.20	20.10	Inf	Lys	101.1	high confidence set
Luna_scaffold18	2	238600	238671	Gln	CTG	0	0	71.2	46.50	24.70	Inf	Gln	101.3	high confidence set
Luna_scaffold18	3	423198	423270	Phe	GAA	0	0	78.3	58.40	19.90	Inf	Phe	113.2	high confidence set
Luna_scaffold18	4	437136	437207	His	GTG	0	0	63.0	33.70	29.30	Inf	His	86.8	high confidence set
Luna_scaffold18	5	477336	477408	Lys	CTT	0	0	87.7	67.60	20.10	Inf	Lys	106.7	high confidence set
Luna_scaffold18	6	735960	736031	Gln	CTG	0	0	74.7	50.50	24.20	Inf	Gln	100.9	high confidence set
Luna_scaffold18	7	972130	972200	Gly	GCC	0	0	66.5	44.80	21.70	Inf	Gly	94.4	high confidence set
Luna_scaffold18	8	1104567	1104651	Met	CAT	1104605	1104615	64.2	40.80	23.40	Inf	Met	104.0	high confidence set
Luna_scaffold18	9	1532987	1533058	Thr	TGT	0	0	83.0	58.30	24.70	Inf	Thr	92.4	high confidence set
Luna_scaffold18	10	1338776	1338703	Asn	GTT	0	0	83.3	58.10	25.20	Inf	Asn	93.9	high confidence set
Luna_scaffold18	11	749704	749632	Phe	GAA	0	0	78.3	58.40	19.90	Inf	Phe	113.2	high confidence set
Luna_scaffold18	12	95353	95281	Val	TAC	0	0	74.4	44.00	30.40	Inf	Val	103.3	high confidence set
Luna_scaffold19	1	318773	318852	Leu	TAG	0	0	69.5	48.50	21.00	Inf	Leu	111.5	high confidence set
Luna_scaffold19	2	407251	407322	Cys	GCA	0	0	81.7	56.10	25.60	Inf	Cys	104.3	high confidence set
Luna_scaffold19	3	734511	734582	Trp	CCA	0	0	75.8	51.20	24.60	Inf	Trp	105.6	high confidence set
Luna_scaffold19	4	1164518	1164591	Ile	TAT	0	0	85.9	70.60	15.30	Inf	Ile	103.9	high confidence set
Luna_scaffold19	5	1424964	1425036	Val	TAC	0	0	74.4	44.00	30.40	Inf	Val	103.3	high confidence set
Luna_scaffold19	6	1471514	1471585	Lys	TTT	0	0	92.3	68.60	23.70	Inf	Lys	93.4	high confidence set
Luna_scaffold19	7	1444747	1444666	Ser	TGA	0	0	79.2	43.90	35.30	Inf	Ser	118.5	high confidence set
Luna_scaffold19	8	1431623	1431538	Met	CAT	1431585	1431574	55.0	39.70	15.30	Inf	Met	92.1	high confidence set
Luna_scaffold19	9	1359438	1359367	Gln	TTG	0	0	55.1	25.80	29.30	Inf	His	77.7	IPD:-32.50,isotype mismatch
Luna_scaffold19	10	1246388	1246318	Gly	GCC	0	0	66.5	44.80	21.70	Inf	Gly	94.4	high confidence set
Luna_scaffold19	11	224404	224333	Pro	TGG	0	0	69.2	36.90	32.30	Inf	Pro	112.8	high confidence set
Luna_scaffold19	12	64735	64664	Glu	TTC	0	0	69.3	44.10	25.20	Inf	Glu	95.0	high confidence set
Luna_scaffold20	1	337847	337919	Arg	CCG	0	0	83.1	61.00	22.10	Inf	Arg	85.6	high confidence set
Luna_scaffold20	2	654814	654885	Pro	CGG	0	0	68.2	35.30	32.90	Inf	Pro	113.0	high confidence set
Luna_scaffold20	3	945096	945185	Tyr	GTA	945133	945149	74.0	42.30	31.70	Inf	Tyr	108.6	high confidence set
Luna_scaffold20	4	1114869	1114941	Phe	GAA	0	0	78.3	58.40	19.90	Inf	Phe	113.2	high confidence set
Luna_scaffold20	5	1217178	1217251	Arg	TCG	0	0	80.4	59.10	21.30	Inf	Arg	88.5	high confidence set
Luna_scaffold20	6	1195974	1195893	Ser	CGA	0	0	76.7	43.70	33.00	Inf	Ser	120.4	high confidence set
Luna_scaffold20	7	1063438	1063366	Arg	TCT	0	0	71.0	51.20	19.80	Inf	Arg	99.1	high confidence set
Luna_scaffold20	8	718315	718243	Arg	CCT	0	0	74.8	55.90	18.90	Inf	Arg	84.6	high confidence set
Luna_scaffold20	9	698810	698737	Val	CAC	0	0	81.5	53.50	28.00	Inf	Val	103.7	high confidence set
Luna_scaffold20	10	377726	377655	Lys	TTT	0	0	92.3	68.60	23.70	Inf	Lys	93.4	high confidence set
Luna_scaffold20	11	115266	115186	Leu	AAG	0	0	71.4	51.10	20.30	Inf	Leu	108.5	high confidence set
Luna_scaffold20	12	76312	76241	Asp	GTC	0	0	69.8	46.80	23.00	Inf	Asp	94.5	high confidence set
Luna_scaffold21	1	396077	396149	Ala	AGC	0	0	61.0	37.30	23.70	Inf	Ala	92.9	high confidence set
Luna_scaffold21	2	1060637	1060708	Cys	GCA	0	0	80.8	53.70	27.10	Inf	Cys	103.2	high confidence set
Luna_scaffold21	3	1513115	1513196	Ser	TGA	0	0	80.7	46.10	34.60	Inf	Ser	119.7	high confidence set
Luna_scaffold21	4	1900053	1900125	Phe	GAA	0	0	78.3	58.40	19.90	Inf	Phe	113.2	high confidence set
Luna_scaffold21	5	2189055	2189127	Lys	CTT	0	0	87.7	67.60	20.10	Inf	Lys	106.7	high confidence set
Luna_scaffold21	6	3356138	3356209	Trp	CCA	0	0	75.8	51.20	24.60	Inf	Trp	105.6	high confidence set
Luna_scaffold21	7	2787678	2787595	Leu	CAA	0	0	64.0	48.50	15.50	Inf	Leu	111.1	high confidence set
Luna_scaffold21	8	2715648	2715576	Ala	CGC	0	0	66.0	43.10	22.90	Inf	Ala	96.4	high confidence set
Luna_scaffold21	9	1709998	1709925	Ile	TAT	0	0	85.9	70.60	15.30	Inf	Ile	103.9	high confidence set
Luna_scaffold21	10	781299	781226	Ile	AAT	0	0	83.0	54.40	28.60	Inf	Ile	104.3	high confidence set
Luna_scaffold21	11	587312	587241	Thr	CGT	0	0	76.7	52.50	24.20	Inf	Thr	81.1	high confidence set
Luna_scaffold21	12	564634	564562	Ala	TGC	0	0	70.0	45.30	24.70	Inf	Ala	100.6	high confidence set
Luna_scaffold22	1	549869	549941	Ala	CGC	0	0	68.3	44.10	24.20	Inf	Ala	99.2	high confidence set
Luna_scaffold22	2	552339	552410	Gln	CTG	0	0	71.1	46.00	25.10	Inf	Gln	100.8	high confidence set
Luna_scaffold22	3	1496318	1496390	Ala	TGC	0	0	70.0	45.30	24.70	Inf	Ala	100.6	high confidence set
Luna_scaffold22	4	715226	715154	Phe	GAA	0	0	78.3	58.40	19.90	Inf	Phe	113.2	high confidence set
Luna_scaffold22	5	424114	424043	Lys	TTT	0	0	92.3	68.60	23.70	Inf	Lys	93.4	high confidence set
Luna_scaffold23	1	1567637	1567564	Val	CAC	0	0	81.5	53.50	28.00	Inf	Val	103.7	high confidence set
Luna_scaffold23	2	1373991	1373918	Ile	AAT	0	0	85.5	59.00	26.50	Inf	Ile	109.4	high confidence set
Luna_scaffold23	3	1267467	1267397	Gly	GCC	0	0	56.9	37.20	19.70	Inf	Gly	85.9	high confidence set
Luna_scaffold23	4	520978	520905	Asn	GTT	0	0	83.3	58.10	25.20	Inf	Asn	93.9	high confidence set
Luna_scaffold24	1	299250	299330	Leu	AAG	0	0	71.4	51.10	20.30	Inf	Leu	108.5	high confidence set
Luna_scaffold24	2	407211	407284	Thr	AGT	0	0	76.0	48.40	27.60	Inf	Thr	90.6	high confidence set
Luna_scaffold24	4	1141957	1142042	Thr	TGT	1141994	1142006	53.5	31.70	21.80	Inf	Tyr	77.1	IPD:-23.50,isotype mismatch
Luna_scaffold24	5	1142471	1142555	Tyr	GTA	1142508	1142519	66.7	41.30	25.40	Inf	Tyr	97.0	high confidence set
Luna_scaffold24	6	1143055	1143139	Tyr	GTA	1143092	1143103	72.2	39.00	33.20	Inf	Tyr	110.0	high confidence set
Luna_scaffold24	7	1143873	1143954	Ser	AGA	0	0	74.5	40.20	34.30	Inf	Ser	108.6	high confidence set
Luna_scaffold24	8	1144210	1144294	Tyr	ATA	1144247	1144258	64.5	35.70	28.80	Inf	Tyr	100.9	unexpected anticodon
Luna_scaffold24	10	1145601	1145682	Ser	AGA	0	0	74.5	40.20	34.30	Inf	Ser	108.6	high confidence set
Luna_scaffold24	11	1145938	1146022	Tyr	GTA	1145975	1145986	72.2	39.00	33.20	Inf	Tyr	110.0	high confidence set
Luna_scaffold24	12	1146525	1146609	Tyr	GTA	1146562	1146573	71.2	37.90	33.30	Inf	Tyr	109.4	high confidence set
Luna_scaffold24	13	1147329	1147410	Ser	AGA	0	0	59.4	29.10	30.30	Inf	Ser	90.3	high confidence set
Luna_scaffold24	14	1147666	1147750	Tyr	GTA	1147703	1147714	72.2	39.00	33.20	Inf	Tyr	110.0	high confidence set
Luna_scaffold24	15	1148250	1148334	Tyr	GTA	1148287	1148298	72.2	39.00	33.20	Inf	Tyr	110.0	high confidence set
Luna_scaffold24	16	1149070	1149151	Ser	AGA	0	0	74.5	40.20	34.30	Inf	Ser	108.6	high confidence set
Luna_scaffold24	17	1149410	1149494	Tyr	GTA	1149447	1149458	72.2	39.00	33.20	Inf	Tyr	110.0	high confidence set
Luna_scaffold24	18	1149994	1150078	Tyr	GTA	1150031	1150042	72.2	39.00	33.20	Inf	Tyr	110.0	high confidence set
Luna_scaffold24	19	1150814	1150895	Ser	AGA	0	0	74.5	40.20	34.30	Inf	Ser	108.6	high confidence set
Luna_scaffold24	21	1151732	1151816	Tyr	GTA	1151769	1151780	61.8	33.90	27.90	Inf	Tyr	94.3	high confidence set
Luna_scaffold24	22	1152552	1152633	Ser	AGA	0	0	60.0	40.70	19.30	Inf	Ser	88.0	high confidence set
Luna_scaffold24	23	1152885	1152969	Sup	TTA	1152922	1152933	51.9	29.90	22.00	Inf	Tyr	80.2	IPD:-80.20,unexpected anticodon
Luna_scaffold24	24	1153631	1153712	Ser	AGA	0	0	70.5	38.40	32.10	Inf	Ser	103.7	high confidence set
Luna_scaffold24	25	1153971	1154055	Tyr	GTA	1154008	1154019	65.2	31.90	33.30	Inf	Tyr	102.4	high confidence set
Luna_scaffold24	26	1154555	1154639	Tyr	GTA	1154592	1154603	72.2	39.00	33.20	Inf	Tyr	110.0	high confidence set
Luna_scaffold24	27	1155375	1155456	Ser	AGA	0	0	74.5	40.20	34.30	Inf	Ser	108.6	high confidence set
Luna_scaffold24	28	1155715	1155799	Tyr	GTA	1155752	1155763	72.2	39.00	33.20	Inf	Tyr	110.0	high confidence set
Luna_scaffold24	29	1156299	1156383	Tyr	GTA	1156336	1156347	72.2	39.00	33.20	Inf	Tyr	110.0	high confidence set
Luna_scaffold24	30	1157119	1157200	Ser	AGA	0	0	74.5	40.20	34.30	Inf	Ser	108.6	high confidence set
Luna_scaffold24	33	1158939	1159020	Ser	AGA	0	0	74.5	40.20	34.30	Inf	Ser	108.6	high confidence set
Luna_scaffold24	34	1159279	1159363	Tyr	GTA	1159316	1159327	58.0	35.30	22.70	Inf	Tyr	95.8	high confidence set
Luna_scaffold24	35	1159862	1159946	Tyr	GTA	1159899	1159910	72.2	39.00	33.20	Inf	Tyr	110.0	high confidence set
Luna_scaffold24	36	1160682	1160763	Ser	AGA	0	0	59.1	31.00	28.10	Inf	Ser	91.5	high confidence set
Luna_scaffold24	37	1161020	1161104	Tyr	GTA	1161057	1161068	61.7	32.40	29.30	Inf	Tyr	94.5	high confidence set
Luna_scaffold24	41	1411272	1411187	Met	CAT	1411234	1411223	64.2	40.80	23.40	Inf	Met	104.0	high confidence set
Luna_scaffold24	42	377893	377822	Cys	GCA	0	0	81.7	59.20	22.50	Inf	Cys	104.2	high confidence set
Luna_scaffold25	1	307755	307825	Gly	CCC	0	0	65.4	28.10	37.30	Inf	Gly	85.4	high confidence set
Luna_scaffold25	2	553088	553017	Lys	TTT	0	0	83.8	71.00	12.80	Inf	Lys	83.9	high confidence set
Luna_scaffold25	3	78061	77989	Phe	GAA	0	0	78.3	58.40	19.90	Inf	Phe	113.2	high confidence set
Luna_scaffold26	1	121250	121329	Leu	TAG	0	0	69.5	48.50	21.00	Inf	Leu	111.5	high confidence set
Luna_scaffold26	2	657371	657300	Pro	AGG	0	0	67.4	34.70	32.70	Inf	Pro	112.3	high confidence set
Luna_scaffold27	1	1445664	1445744	Leu	AAG	0	0	71.4	51.10	20.30	Inf	Leu	108.5	high confidence set
Luna_scaffold27	2	1203270	1203197	Ile	AAT	0	0	85.5	59.00	26.50	Inf	Ile	109.4	high confidence set
Luna_scaffold27	3	1196278	1196207	Asp	GTC	0	0	69.8	46.80	23.00	Inf	Asp	94.5	high confidence set
Luna_scaffold27	4	1110675	1110594	Ser	AGA	0	0	72.9	40.40	32.50	Inf	Ser	107.8	high confidence set
Luna_scaffold27	5	772891	772820	Trp	CCA	0	0	75.8	51.20	24.60	Inf	Trp	105.6	high confidence set
Luna_scaffold27	6	769836	769765	Trp	CCA	0	0	75.8	51.20	24.60	Inf	Trp	105.6	high confidence set
Luna_scaffold27	7	715454	715384	Gly	GCC	0	0	66.5	44.80	21.70	Inf	Gly	94.4	high confidence set
Luna_scaffold28	1	1108883	1108955	Ala	AGC	0	0	63.4	38.20	25.20	Inf	Ala	98.3	high confidence set
Luna_scaffold28	2	1174166	1174238	Phe	GAA	0	0	78.3	58.40	19.90	Inf	Phe	113.2	high confidence set
Luna_scaffold28	3	1188085	1188156	His	GTG	0	0	63.0	33.70	29.30	Inf	His	86.8	high confidence set
Luna_scaffold28	4	760438	760357	Ser	AGA	0	0	72.9	40.40	32.50	Inf	Ser	107.8	high confidence set
Luna_scaffold28	5	635114	635045	Gly	GCC	0	0	52.2	34.40	17.80	Inf	Gly	77.6	high confidence set
Luna_scaffold28	6	307816	307735	Ser	AGA	0	0	76.3	41.60	34.70	Inf	Ser	112.1	high confidence set
Luna_scaffold28	7	33100	33029	Asp	GTC	0	0	69.8	46.80	23.00	Inf	Asp	94.5	high confidence set
Luna_scaffold29	1	221704	221775	Thr	TGT	0	0	80.5	58.80	21.70	Inf	Thr	89.4	high confidence set
Luna_scaffold29	2	636754	636835	Ser	GCT	0	0	79.8	44.50	35.30	Inf	Ser	109.1	high confidence set
Luna_scaffold29	3	1159773	1159703	Ala	GGC	0	0	55.9	36.20	19.70	Inf	Gly	82.5	IPD:-48.20,isotype mismatch
Luna_scaffold29	4	522886	522816	Gly	GCC	0	0	66.5	44.80	21.70	Inf	Gly	94.4	high confidence set
Luna_scaffold29	5	362761	362689	Arg	ACG	0	0	66.7	48.40	18.30	Inf	Arg	84.4	high confidence set
Luna_scaffold30	1	312799	312871	Phe	GAA	0	0	78.3	58.40	19.90	Inf	Phe	113.2	high confidence set
Luna_scaffold30	2	1317919	1317847	Lys	CTT	0	0	87.7	67.60	20.10	Inf	Lys	106.7	high confidence set
Luna_scaffold30	3	1096950	1096878	Glu	CTC	0	0	77.7	51.90	25.80	Inf	Glu	92.4	high confidence set
Luna_scaffold30	5	202595	202522	Asn	GTT	0	0	83.3	58.10	25.20	Inf	Asn	93.9	high confidence set
Luna_scaffold31	1	124254	124327	Val	AAC	0	0	64.4	46.30	18.10	Inf	Val	90.9	high confidence set
Luna_scaffold31	2	614995	615068	Ile	TAT	0	0	85.9	70.60	15.30	Inf	Ile	103.9	high confidence set
Luna_scaffold31	3	791500	791429	Pro	TGG	0	0	68.5	35.70	32.80	Inf	Pro	111.2	high confidence set
Luna_scaffold31	4	727348	727278	Gly	GCC	0	0	66.5	44.80	21.70	Inf	Gly	94.4	high confidence set
Luna_scaffold31	5	580033	579962	Pro	CGG	0	0	69.2	36.90	32.30	Inf	Pro	112.8	high confidence set
Luna_scaffold31	6	515115	515044	Glu	TTC	0	0	70.8	46.30	24.50	Inf	Glu	99.2	high confidence set
Luna_scaffold31	7	105696	105624	Lys	CTT	0	0	87.7	67.60	20.10	Inf	Lys	106.7	high confidence set
Luna_scaffold31	8	18093	18023	Gly	GCC	0	0	66.5	44.80	21.70	Inf	Gly	94.4	high confidence set
Luna_scaffold32	1	50404	50475	Asp	GTC	0	0	69.8	46.80	23.00	Inf	Asp	94.5	high confidence set
Luna_scaffold32	2	810243	810314	Trp	CCA	0	0	75.8	51.20	24.60	Inf	Trp	105.6	high confidence set
Luna_scaffold32	3	1259269	1259196	Ile	AAT	0	0	83.0	54.40	28.60	Inf	Ile	104.3	high confidence set
Luna_scaffold32	4	801789	801718	Trp	CCA	0	0	75.8	51.20	24.60	Inf	Trp	105.6	high confidence set
Luna_scaffold32	5	639390	639319	Pro	TGG	0	0	69.2	36.90	32.30	Inf	Pro	112.8	high confidence set
Luna_scaffold32	6	549422	549352	Gly	GCC	0	0	65.8	44.10	21.70	Inf	Gly	86.4	high confidence set
Luna_scaffold33	1	814735	814815	Leu	AAG	0	0	71.4	51.10	20.30	Inf	Leu	108.5	high confidence set
Luna_scaffold33	2	1015123	1015204	Ser	TGA	0	0	81.1	46.70	34.40	Inf	Ser	122.5	high confidence set
Luna_scaffold33	3	1055629	1055700	His	GTG	0	0	63.0	33.70	29.30	Inf	His	86.8	high confidence set
Luna_scaffold33	4	1095094	1095166	Lys	CTT	0	0	88.3	68.20	20.10	Inf	Lys	101.1	high confidence set
Luna_scaffold33	5	1335857	1335929	Ala	TGC	0	0	70.0	45.30	24.70	Inf	Ala	100.6	high confidence set
Luna_scaffold33	7	1758408	1758479	Lys	TTT	0	0	83.8	71.00	12.80	Inf	Lys	83.9	high confidence set
Luna_scaffold33	8	1078019	1077946	Val	AAC	0	0	72.5	48.10	24.40	Inf	Val	100.2	high confidence set
Luna_scaffold33	9	1032490	1032409	Ser	CGA	0	0	78.9	46.60	32.30	Inf	Ser	122.0	high confidence set
Luna_scaffold33	10	866629	866534	Tyr	GTA	866592	866570	70.5	41.80	28.70	Inf	Tyr	105.2	high confidence set
Luna_scaffold33	11	800747	800665	Leu	TAA	0	0	72.9	35.60	37.30	Inf	Leu	100.3	high confidence set
Luna_scaffold33	12	787514	787442	Arg	TCT	0	0	71.6	51.80	19.80	Inf	Arg	96.4	high confidence set
Luna_scaffold33	13	122214	122143	Pro	TGG	0	0	68.5	35.70	32.80	Inf	Pro	111.2	high confidence set
Luna_scaffold33	14	121506	121435	Pro	TGG	0	0	68.5	35.70	32.80	Inf	Pro	111.2	high confidence set
Luna_scaffold33	15	121101	121030	Pro	TGG	0	0	68.5	35.70	32.80	Inf	Pro	111.2	high confidence set
Luna_scaffold33	17	120252	120181	Pro	TGG	0	0	68.5	35.70	32.80	Inf	Pro	111.2	high confidence set
Luna_scaffold33	19	118606	118535	Pro	TGG	0	0	68.5	35.70	32.80	Inf	Pro	111.2	high confidence set
Luna_scaffold33	21	116845	116774	Pro	TGG	0	0	68.5	35.70	32.80	Inf	Pro	111.2	high confidence set
Luna_scaffold33	22	116267	116196	Pro	AGG	0	0	67.4	34.70	32.70	Inf	Pro	112.3	high confidence set
Luna_scaffold33	23	116115	116044	Pro	TGG	0	0	68.5	35.70	32.80	Inf	Pro	111.2	high confidence set
Luna_scaffold33	27	112207	112136	Pro	TGG	0	0	68.5	35.70	32.80	Inf	Pro	111.2	high confidence set
Luna_scaffold33	28	111727	111656	Pro	TGG	0	0	68.5	35.70	32.80	Inf	Pro	111.2	high confidence set
Luna_scaffold33	31	109685	109614	Pro	TGG	0	0	68.5	35.70	32.80	Inf	Pro	111.2	high confidence set
Luna_scaffold34	1	448184	448256	Glu	CTC	0	0	77.7	51.90	25.80	Inf	Glu	92.4	high confidence set
Luna_scaffold34	3	1074431	1074360	Pro	AGG	0	0	67.4	34.70	32.70	Inf	Pro	112.3	high confidence set
Luna_scaffold34	4	1034547	1034476	Thr	TGT	0	0	83.0	58.30	24.70	Inf	Thr	92.4	high confidence set
Luna_scaffold34	5	471488	471417	Gly	TCC	0	0	74.1	46.70	27.40	Inf	Gly	84.2	high confidence set
Luna_scaffold35	1	995464	995535	Thr	CGT	0	0	78.9	54.70	24.20	Inf	Thr	87.3	high confidence set
Luna_scaffold35	2	1126893	1126965	Ala	AGC	0	0	63.4	38.20	25.20	Inf	Ala	98.3	high confidence set
Luna_scaffold35	3	963569	963497	Val	TAC	0	0	74.4	44.00	30.40	Inf	Val	103.3	high confidence set
Luna_scaffold37	1	753868	753796	Ala	TGC	0	0	65.6	39.80	25.80	Inf	Ala	97.7	high confidence set
Luna_scaffold39	1	1086188	1086271	Leu	CAA	0	0	82.0	55.00	27.00	Inf	Leu	127.3	high confidence set
Luna_scaffold39	2	417884	417813	Pro	AGG	0	0	67.4	34.70	32.70	Inf	Pro	112.3	high confidence set
Luna_scaffold39	3	332405	332333	Lys	CTT	0	0	87.7	67.60	20.10	Inf	Lys	106.7	high confidence set
Luna_scaffold39	4	211173	211100	Thr	AGT	0	0	66.2	46.20	20.00	Inf	Thr	80.6	high confidence set
Luna_scaffold39	5	33746	33666	Leu	CAG	0	0	70.7	49.80	20.90	Inf	Leu	111.3	high confidence set
Luna_scaffold40	1	691342	691426	Tyr	GTA	691379	691390	74.2	42.50	31.70	Inf	Tyr	108.6	high confidence set
Luna_scaffold40	2	949388	949317	Thr	TGT	0	0	83.0	58.30	24.70	Inf	Thr	92.4	high confidence set
Luna_scaffold40	3	665203	665130	Thr	AGT	0	0	75.0	47.40	27.60	Inf	Thr	89.8	high confidence set
Luna_scaffold42	1	244235	244306	Lys	TTT	0	0	92.3	68.60	23.70	Inf	Lys	93.4	high confidence set
Luna_scaffold42	2	469079	469150	Asp	GTC	0	0	69.8	46.80	23.00	Inf	Asp	94.5	high confidence set
Luna_scaffold42	3	938907	938834	Ile	TAT	0	0	83.9	69.50	14.40	Inf	Ile	99.1	high confidence set
Luna_scaffold42	4	56616	56545	Pro	CGG	0	0	60.5	27.50	33.00	Inf	Pro	105.1	high confidence set
Luna_scaffold43	1	245321	245394	Ile	AAT	0	0	85.2	58.50	26.70	Inf	Ile	106.5	high confidence set
Luna_scaffold43	2	304370	304451	Ser	CGA	0	0	75.0	42.50	32.50	Inf	Ser	116.9	high confidence set
Luna_scaffold43	3	348453	348524	His	GTG	0	0	63.0	33.70	29.30	Inf	His	86.8	high confidence set
Luna_scaffold43	4	424918	424989	Trp	CCA	0	0	75.8	51.20	24.60	Inf	Trp	105.6	high confidence set
Luna_scaffold43	5	537790	537863	Ile	AAT	0	0	85.5	59.00	26.50	Inf	Ile	109.4	high confidence set
Luna_scaffold43	6	840934	840863	Glu	TTC	0	0	70.8	46.30	24.50	Inf	Glu	99.2	high confidence set
Luna_scaffold43	7	507588	507516	Arg	ACG	0	0	72.9	50.30	22.60	Inf	Arg	91.8	high confidence set
Luna_scaffold44	1	536319	536391	Glu	CTC	0	0	77.7	51.90	25.80	Inf	Glu	92.4	high confidence set
Luna_scaffold44	2	627873	627945	Glu	CTC	0	0	77.7	51.90	25.80	Inf	Glu	92.4	high confidence set
Luna_scaffold44	3	642919	642848	Gly	TCC	0	0	74.1	46.70	27.40	Inf	Gly	84.2	high confidence set
Luna_scaffold44	4	272000	271929	Trp	CCA	0	0	75.8	51.20	24.60	Inf	Trp	105.6	high confidence set
Luna_scaffold45	1	152385	152456	Pro	TGG	0	0	69.2	36.90	32.30	Inf	Pro	112.8	high confidence set
Luna_scaffold45	2	667668	667741	Thr	AGT	0	0	70.9	48.00	22.90	Inf	Thr	77.8	high confidence set
Luna_scaffold45	3	744618	744702	Met	CAT	744656	744666	64.2	40.80	23.40	Inf	Met	104.0	high confidence set
Luna_scaffold45	4	869674	869602	Arg	ACG	0	0	75.9	53.00	22.90	Inf	Arg	90.0	high confidence set
Luna_scaffold45	5	560235	560163	Arg	TCT	0	0	70.7	50.70	20.00	Inf	Arg	91.3	high confidence set
Luna_scaffold46	1	938322	938395	Ile	AAT	0	0	85.5	59.00	26.50	Inf	Ile	109.4	high confidence set
Luna_scaffold46	2	1187175	1187247	Lys	CTT	0	0	87.7	67.60	20.10	Inf	Lys	106.7	high confidence set
Luna_scaffold46	3	842700	842628	Ala	AGC	0	0	63.4	38.20	25.20	Inf	Ala	98.3	high confidence set
Luna_scaffold46	4	744640	744569	iMet	CAT	0	0	58.3	28.10	30.20	Inf	iMet	118.7	high confidence set
Luna_scaffold47	1	443453	443534	Ser	AGA	0	0	77.0	42.20	34.80	Inf	Ser	112.5	high confidence set
Luna_scaffold47	2	1080122	1080193	Gln	TTG	0	0	73.5	53.70	19.80	Inf	Gln	104.8	high confidence set
Luna_scaffold47	3	694395	694323	Arg	CCG	0	0	69.5	52.30	17.20	Inf	Arg	96.0	high confidence set
Luna_scaffold47	4	402957	402886	Trp	CCA	0	0	75.8	51.20	24.60	Inf	Trp	105.6	high confidence set
Luna_scaffold47	5	332508	332435	Arg	TCG	0	0	82.3	61.00	21.30	Inf	Arg	91.9	high confidence set
Luna_scaffold49	1	590114	590185	Cys	GCA	0	0	81.7	56.10	25.60	Inf	Cys	104.3	high confidence set
Luna_scaffold50	1	7248	7327	Leu	TAG	0	0	69.5	48.50	21.00	Inf	Leu	111.5	high confidence set
Luna_scaffold50	2	9381	9452	Pro	CGG	0	0	68.2	35.30	32.90	Inf	Pro	113.0	high confidence set
Luna_scaffold50	3	757297	757377	Leu	AAG	0	0	71.1	51.70	19.40	Inf	Leu	106.5	high confidence set
Luna_scaffold50	5	1010557	1010638	Ser	TGA	0	0	70.5	42.70	27.80	Inf	Ser	111.9	high confidence set
Luna_scaffold50	6	1046915	1046988	Arg	TCG	0	0	82.3	61.00	21.30	Inf	Arg	91.9	high confidence set
Luna_scaffold50	7	1035991	1035910	Ser	CGA	0	0	80.6	47.90	32.70	Inf	Ser	124.2	high confidence set
Luna_scaffold50	8	859538	859444	Tyr	GTA	859501	859480	73.8	42.10	31.70	Inf	Tyr	108.6	high confidence set
Luna_scaffold50	9	742359	742277	Leu	TAA	0	0	72.9	35.60	37.30	Inf	Leu	100.3	high confidence set
Luna_scaffold50	10	732372	732300	Arg	TCT	0	0	71.0	51.20	19.80	Inf	Arg	99.1	high confidence set
Luna_scaffold50	11	116766	116694	Arg	CCT	0	0	74.8	55.90	18.90	Inf	Arg	84.6	high confidence set
Luna_scaffold50	12	71268	71197	Asp	GTC	0	0	69.8	46.80	23.00	Inf	Asp	94.5	high confidence set
Luna_scaffold50	13	56970	56897	Val	CAC	0	0	81.5	53.50	28.00	Inf	Val	103.7	high confidence set
Luna_scaffold51	1	730547	730619	Arg	CCT	0	0	66.6	45.40	21.20	Inf	Arg	78.6	high confidence set
Luna_scaffold51	2	879511	879439	Arg	TCT	0	0	70.3	51.80	18.50	Inf	Arg	99.4	high confidence set
Luna_scaffold51	3	649635	649563	Glu	CTC	0	0	77.7	51.90	25.80	Inf	Glu	92.4	high confidence set
Luna_scaffold51	4	571520	571447	Thr	AGT	0	0	76.0	48.40	27.60	Inf	Thr	90.6	high confidence set
Luna_scaffold51	5	166888	166816	Glu	CTC	0	0	76.3	50.40	25.90	Inf	Glu	91.1	high confidence set
Luna_scaffold52	1	310708	310635	Val	CAC	0	0	80.4	52.50	27.90	Inf	Val	101.0	high confidence set
Luna_scaffold52	2	108513	108440	Ile	AAT	0	0	85.5	59.00	26.50	Inf	Ile	109.4	high confidence set
Luna_scaffold53	1	202703	202774	Asp	GTC	0	0	69.8	46.80	23.00	Inf	Asp	94.5	high confidence set
Luna_scaffold53	2	266465	266536	Pro	TGG	0	0	68.5	35.70	32.80	Inf	Pro	111.2	high confidence set
Luna_scaffold53	3	893199	893269	Gly	GCC	0	0	60.5	41.80	18.70	Inf	Gly	88.1	high confidence set
Luna_scaffold58	1	855098	855026	Ala	TGC	0	0	70.0	45.30	24.70	Inf	Ala	100.6	high confidence set
Luna_scaffold59	1	398526	398615	Ser	TGA	0	0	56.0	35.90	20.10	Inf	Ser	76.4	high confidence set
Luna_scaffold59	2	964109	964195	Tyr	GTA	964146	964159	74.2	42.40	31.80	Inf	Tyr	108.6	high confidence set
Luna_scaffold59	3	944489	944408	Ser	AGA	0	0	76.0	39.60	36.40	Inf	Ser	109.8	high confidence set
Luna_scaffold59	4	267523	267452	Lys	TTT	0	0	83.8	71.00	12.80	Inf	Lys	83.9	high confidence set
Luna_scaffold60	1	201228	201299	Gly	TCC	0	0	74.1	46.70	27.40	Inf	Gly	84.2	high confidence set
Luna_scaffold61	1	533678	533749	Cys	GCA	0	0	80.9	57.20	23.70	Inf	Cys	104.1	high confidence set
Luna_scaffold62	1	190138	190211	Val	AAC	0	0	72.5	48.10	24.40	Inf	Val	100.2	high confidence set
Luna_scaffold66	1	640258	640331	Ile	AAT	0	0	83.2	54.90	28.30	Inf	Ile	107.2	high confidence set
Luna_scaffold66	3	773485	773414	His	GTG	0	0	63.0	33.70	29.30	Inf	His	86.8	high confidence set
Luna_scaffold66	4	7329	7246	Leu	CAA	0	0	79.8	55.80	24.00	Inf	Leu	122.6	high confidence set
Luna_scaffold67	2	727675	727746	Glu	TTC	0	0	70.8	46.30	24.50	Inf	Glu	99.2	high confidence set
Luna_scaffold67	3	875763	875835	Glu	CTC	0	0	73.1	51.90	21.20	Inf	Glu	88.7	high confidence set
Luna_scaffold67	4	843231	843159	Glu	CTC	0	0	77.7	51.90	25.80	Inf	Glu	92.4	high confidence set
Luna_scaffold67	5	722938	722867	Asp	GTC	0	0	69.8	46.80	23.00	Inf	Asp	94.5	high confidence set
Luna_scaffold67	6	630172	630091	Ser	TGA	0	0	79.2	43.90	35.30	Inf	Ser	118.5	high confidence set
Luna_scaffold68	1	402757	402841	Met	CAT	402795	402805	64.2	40.80	23.40	Inf	Met	104.0	high confidence set
Luna_scaffold68	2	669181	669252	Gln	TTG	0	0	73.5	53.70	19.80	Inf	Gln	104.8	high confidence set
Luna_scaffold71	1	712969	713040	Lys	TTT	0	0	92.3	68.60	23.70	Inf	Lys	93.4	high confidence set
Luna_scaffold71	2	681172	681087	Met	CAT	681134	681123	57.8	41.90	15.90	Inf	Met	95.1	high confidence set
Luna_scaffold71	3	556737	556666	His	GTG	0	0	63.0	33.70	29.30	Inf	His	86.8	high confidence set
Luna_scaffold71	4	299396	299323	Thr	AGT	0	0	73.6	45.20	28.40	Inf	Thr	88.6	high confidence set
Luna_scaffold72	1	368984	369068	Tyr	GTA	369021	369032	74.2	42.50	31.70	Inf	Tyr	108.6	high confidence set
Luna_scaffold72	2	474994	475066	Arg	CCT	0	0	74.8	55.90	18.90	Inf	Arg	84.6	high confidence set
Luna_scaffold72	3	294284	294211	Thr	AGT	0	0	76.0	48.40	27.60	Inf	Thr	90.6	high confidence set
Luna_scaffold73	1	687039	687110	Trp	CCA	0	0	75.8	51.20	24.60	Inf	Trp	105.6	high confidence set
Luna_scaffold74	1	548577	548650	Ile	AAT	0	0	85.5	59.00	26.50	Inf	Ile	109.4	high confidence set
Luna_scaffold74	2	755790	755861	Gly	TCC	0	0	65.4	41.10	24.30	Inf	Gly	76.1	high confidence set
Luna_scaffold74	4	787305	787378	Val	AAC	0	0	64.5	40.20	24.30	Inf	Val	92.2	high confidence set
Luna_scaffold74	5	398942	398871	Thr	CGT	0	0	82.3	55.00	27.30	Inf	Thr	83.7	high confidence set
Luna_scaffold74	6	359257	359185	Ala	TGC	0	0	70.0	45.30	24.70	Inf	Ala	100.6	high confidence set
Luna_scaffold76	1	47834	47907	Ile	AAT	0	0	85.5	59.00	26.50	Inf	Ile	109.4	high confidence set
Luna_scaffold76	2	323768	323839	iMet	CAT	0	0	63.7	33.50	30.20	Inf	iMet	111.6	high confidence set
Luna_scaffold76	3	439749	439822	Asn	GTT	0	0	83.3	58.10	25.20	Inf	Asn	93.9	high confidence set
Luna_scaffold76	4	512147	512231	Met	CAT	512185	512195	64.2	40.80	23.40	Inf	Met	104.0	high confidence set
Luna_scaffold76	5	750179	750251	Arg	CCT	0	0	74.8	55.90	18.90	Inf	Arg	87.5	high confidence set
Luna_scaffold76	6	595502	595422	Leu	AAG	0	0	71.4	51.10	20.30	Inf	Leu	108.5	high confidence set
Luna_scaffold76	7	452468	452396	Arg	CCT	0	0	72.3	51.10	21.20	Inf	Arg	84.8	high confidence set
Luna_scaffold76	8	116325	116254	Glu	TTC	0	0	70.8	46.30	24.50	Inf	Glu	99.2	high confidence set
Luna_scaffold77	1	2872	2944	Lys	CTT	0	0	87.7	67.60	20.10	Inf	Lys	106.7	high confidence set
Luna_scaffold77	2	213130	213210	Leu	CAG	0	0	70.7	49.80	20.90	Inf	Leu	111.3	high confidence set
Luna_scaffold77	3	741710	741637	Thr	AGT	0	0	75.0	47.40	27.60	Inf	Thr	89.8	high confidence set
Luna_scaffold78	2	680543	680462	Ser	AGA	0	0	76.3	41.60	34.70	Inf	Ser	112.1	high confidence set
Luna_scaffold79	2	263285	263356	Glu	TTC	0	0	70.8	46.30	24.50	Inf	Glu	99.2	high confidence set
Luna_scaffold79	3	730617	730689	Val	TAC	0	0	69.1	45.30	23.80	Inf	Val	97.7	high confidence set
Luna_scaffold79	4	536945	536872	Thr	AGT	0	0	73.6	45.20	28.40	Inf	Thr	88.6	high confidence set
Luna_scaffold79	5	242035	241964	Gly	TCC	0	0	74.1	46.70	27.40	Inf	Gly	84.2	high confidence set
Luna_scaffold81	1	335399	335470	Gln	CTG	0	0	74.6	50.10	24.50	Inf	Gln	102.4	high confidence set
Luna_scaffold81	2	355320	355248	Phe	GAA	0	0	78.3	58.40	19.90	Inf	Phe	113.2	high confidence set
Luna_scaffold82	1	315632	315703	Gln	TTG	0	0	73.5	53.70	19.80	Inf	Gln	104.8	high confidence set
Luna_scaffold82	2	416029	416100	Asp	GTC	0	0	69.8	46.80	23.00	Inf	Asp	94.5	high confidence set
Luna_scaffold82	3	423972	424044	Lys	CTT	0	0	76.1	55.90	20.20	Inf	Lys	82.9	high confidence set
Luna_scaffold82	4	468105	468176	Pro	TGG	0	0	69.2	36.90	32.30	Inf	Pro	112.8	high confidence set
Luna_scaffold82	5	770955	770884	Gln	TTG	0	0	73.5	53.70	19.80	Inf	Gln	104.8	high confidence set
Luna_scaffold82	6	569893	569822	Trp	CCA	0	0	75.8	51.20	24.60	Inf	Trp	105.6	high confidence set
Luna_scaffold82	7	408379	408308	Glu	TTC	0	0	70.8	46.30	24.50	Inf	Glu	99.2	high confidence set
Luna_scaffold82	8	102198	102126	Ala	CGC	0	0	67.5	42.90	24.60	Inf	Ala	99.2	high confidence set
Luna_scaffold82	9	98902	98831	Thr	CGT	0	0	82.3	55.00	27.30	Inf	Thr	83.7	high confidence set
Luna_scaffold82	10	14485	14414	Lys	TTT	0	0	92.3	68.60	23.70	Inf	Lys	93.4	high confidence set
Luna_scaffold83	1	71459	71544	Tyr	GTA	71496	71508	74.2	42.50	31.70	Inf	Tyr	108.6	high confidence set
Luna_scaffold83	2	148840	148910	Gly	GCC	0	0	66.5	44.80	21.70	Inf	Gly	94.4	high confidence set
Luna_scaffold83	3	718895	718966	Asp	GTC	0	0	69.8	46.80	23.00	Inf	Asp	94.5	high confidence set
Luna_scaffold83	4	596198	596114	Met	CAT	596160	596150	64.2	40.80	23.40	Inf	Met	104.0	high confidence set
Luna_scaffold84	1	306674	306746	Glu	CTC	0	0	78.3	52.50	25.80	Inf	Glu	100.1	high confidence set
Luna_scaffold84	2	578177	578248	Pro	CGG	0	0	68.2	35.30	32.90	Inf	Pro	113.0	high confidence set
Luna_scaffold84	3	765443	765514	Glu	TTC	0	0	70.8	46.30	24.50	Inf	Glu	99.2	high confidence set
Luna_scaffold84	4	777846	777919	Asn	GTT	0	0	83.3	58.10	25.20	Inf	Asn	93.9	high confidence set
Luna_scaffold88	1	81370	81441	Trp	CCA	0	0	75.8	51.20	24.60	Inf	Trp	105.6	high confidence set
Luna_scaffold88	2	183801	183874	Arg	TCG	0	0	83.3	64.00	19.30	Inf	Arg	93.6	high confidence set
Luna_scaffold88	3	328677	328748	Pro	AGG	0	0	67.4	34.70	32.70	Inf	Pro	112.3	high confidence set
Luna_scaffold88	4	383532	383613	Ser	AGA	0	0	76.3	41.60	34.70	Inf	Ser	112.1	high confidence set
Luna_scaffold88	5	685575	685647	Ala	TGC	0	0	65.6	40.20	25.40	Inf	Ala	95.8	high confidence set
Luna_scaffold88	6	673799	673728	Pro	AGG	0	0	67.4	34.70	32.70	Inf	Pro	112.3	high confidence set
Luna_scaffold88	7	646738	646667	Glu	TTC	0	0	70.8	46.30	24.50	Inf	Glu	99.2	high confidence set
Luna_scaffold88	9	186016	185932	Met	CAT	185978	185968	64.2	40.80	23.40	Inf	Met	104.0	high confidence set
Luna_scaffold88	10	88162	88083	Leu	TAG	0	0	69.5	48.50	21.00	Inf	Leu	111.5	high confidence set
Luna_scaffold89	1	134128	134199	Cys	GCA	0	0	80.8	53.70	27.10	Inf	Cys	103.2	high confidence set
Luna_scaffold89	2	453516	453446	Gly	GCC	0	0	66.5	44.80	21.70	Inf	Gly	94.4	high confidence set
Luna_scaffold89	3	308210	308138	Val	TAC	0	0	60.0	35.90	24.10	Inf	Val	89.8	high confidence set
Luna_scaffold90	1	13820	13907	Met	CAT	13858	13871	64.1	40.70	23.40	Inf	Met	104.0	high confidence set
Luna_scaffold90	3	582061	582134	Val	AAC	0	0	72.5	48.10	24.40	Inf	Val	100.2	high confidence set
Luna_scaffold91	1	29745	29815	Gly	CCC	0	0	65.4	28.10	37.30	Inf	Gly	85.4	high confidence set
Luna_scaffold91	2	320295	320368	Val	CAC	0	0	75.7	47.90	27.80	Inf	Val	98.5	high confidence set
Luna_scaffold92	1	533574	533647	Ile	AAT	0	0	85.5	59.00	26.50	Inf	Ile	109.4	high confidence set
Luna_scaffold92	2	675018	675089	Gly	TCC	0	0	71.0	46.70	24.30	Inf	Gly	82.3	high confidence set
Luna_scaffold92	3	684956	685029	Val	AAC	0	0	72.5	48.10	24.40	Inf	Val	100.2	high confidence set
Luna_scaffold92	4	587519	587447	Arg	ACG	0	0	72.9	50.30	22.60	Inf	Arg	91.8	high confidence set
Luna_scaffold92	5	416179	416108	Thr	CGT	0	0	82.3	55.00	27.30	Inf	Thr	83.7	high confidence set
Luna_scaffold92	6	403842	403770	Ala	TGC	0	0	70.0	45.30	24.70	Inf	Ala	100.6	high confidence set
Luna_scaffold94	1	135720	135801	Ser	AGA	0	0	77.0	42.20	34.80	Inf	Ser	112.5	high confidence set
Luna_scaffold94	2	362873	362944	Pro	AGG	0	0	67.4	34.70	32.70	Inf	Pro	112.3	high confidence set
Luna_scaffold94	3	583906	583978	Arg	ACG	0	0	72.9	50.30	22.60	Inf	Arg	91.8	high confidence set
Luna_scaffold94	4	673354	673283	Trp	CCA	0	0	75.8	51.20	24.60	Inf	Trp	105.6	high confidence set
Luna_scaffold94	5	652821	652748	Val	CAC	0	0	81.5	53.50	28.00	Inf	Val	103.7	high confidence set
Luna_scaffold94	6	544107	544034	Ile	AAT	0	0	85.5	59.00	26.50	Inf	Ile	109.4	high confidence set
Luna_scaffold94	7	52758	52685	Arg	TCG	0	0	82.3	61.00	21.30	Inf	Arg	91.9	high confidence set
Luna_scaffold95	1	323695	323624	Thr	TGT	0	0	84.3	57.00	27.30	Inf	Thr	93.8	high confidence set
Luna_scaffold95	2	289867	289794	Thr	AGT	0	0	73.6	45.20	28.40	Inf	Thr	88.6	high confidence set
Luna_scaffold96	1	204197	204126	iMet	CAT	0	0	58.3	28.10	30.20	Inf	iMet	118.7	high confidence set
Luna_scaffold96	2	194778	194707	iMet	CAT	0	0	58.3	28.10	30.20	Inf	iMet	118.7	high confidence set
Luna_scaffold97	5	92359	92287	Arg	TCT	0	0	73.0	53.20	19.80	Inf	Arg	103.6	high confidence set
Luna_scaffold98	1	62458	62387	Pro	AGG	0	0	67.4	34.70	32.70	Inf	Pro	112.3	high confidence set
Luna_scaffold99	1	481539	481612	Val	AAC	0	0	72.5	48.10	24.40	Inf	Val	100.2	high confidence set
Luna_scaffold99	2	515866	515785	Ser	AGA	0	0	73.7	41.60	32.10	Inf	Ser	106.2	high confidence set
Luna_scaffold99	3	481726	481655	Asp	GTC	0	0	61.4	41.20	20.20	Inf	Asp	87.4	high confidence set
Luna_scaffold99	4	303113	303042	Asp	GTC	0	0	69.8	46.80	23.00	Inf	Asp	94.5	high confidence set
Luna_scaffold99	5	174924	174844	Leu	CAG	0	0	68.4	45.70	22.70	Inf	Leu	107.6	high confidence set
Luna_scaffold100	4	110626	110555	iMet	CAT	0	0	58.3	28.10	30.20	Inf	iMet	118.7	high confidence set
Luna_scaffold100	6	109491	109420	iMet	CAT	0	0	58.3	28.10	30.20	Inf	iMet	118.7	high confidence set
Luna_scaffold100	8	108361	108290	iMet	CAT	0	0	58.3	28.10	30.20	Inf	iMet	118.7	high confidence set
Luna_scaffold100	9	107995	107924	iMet	CAT	0	0	51.1	24.90	26.20	Inf	iMet	112.8	high confidence set
Luna_scaffold100	11	101464	101393	iMet	CAT	0	0	58.3	28.10	30.20	Inf	iMet	118.7	high confidence set
Luna_scaffold101	1	312022	312093	Asp	GTC	0	0	69.8	46.80	23.00	Inf	Asp	94.5	high confidence set
Luna_scaffold101	2	276325	276242	Leu	CAA	0	0	81.1	56.00	25.10	Inf	Leu	127.4	high confidence set
Luna_scaffold103	1	394082	394172	Tyr	GTA	394119	394136	74.0	42.30	31.70	Inf	Tyr	108.6	high confidence set
Luna_scaffold103	2	458323	458241	Leu	TAA	0	0	67.5	30.20	37.30	Inf	Leu	94.2	high confidence set
Luna_scaffold103	3	452956	452884	Arg	TCT	0	0	71.0	51.20	19.80	Inf	Arg	99.1	high confidence set
Luna_scaffold103	4	140620	140548	Arg	CCT	0	0	74.8	55.90	18.90	Inf	Arg	87.5	high confidence set
Luna_scaffold108	1	451798	451718	Leu	AAG	0	0	71.4	51.10	20.30	Inf	Leu	108.5	high confidence set
Luna_scaffold111	1	158271	158344	Arg	TCG	0	0	81.9	60.40	21.50	Inf	Arg	92.9	high confidence set
Luna_scaffold111	2	366066	366137	Pro	AGG	0	0	67.4	34.70	32.70	Inf	Pro	112.3	high confidence set
Luna_scaffold111	3	367756	367827	Pro	AGG	0	0	67.4	34.70	32.70	Inf	Pro	112.3	high confidence set
Luna_scaffold111	4	434169	434250	Ser	AGA	0	0	76.3	41.60	34.70	Inf	Ser	112.1	high confidence set
Luna_scaffold111	5	435186	435267	Ser	AGA	0	0	76.3	41.60	34.70	Inf	Ser	112.1	high confidence set
Luna_scaffold111	6	160440	160356	Met	CAT	160402	160392	64.2	40.80	23.40	Inf	Met	104.0	high confidence set
Luna_scaffold113	1	374111	374040	His	GTG	0	0	53.5	24.20	29.30	Inf	His	78.4	high confidence set
Luna_scaffold114	1	110981	111053	Arg	CCG	0	0	69.5	52.30	17.20	Inf	Arg	96.0	high confidence set
Luna_scaffold114	2	465245	465174	Gln	CTG	0	0	71.2	46.50	24.70	Inf	Gln	101.3	high confidence set
Luna_scaffold114	3	285531	285450	Ser	AGA	0	0	72.9	40.40	32.50	Inf	Ser	107.8	high confidence set
Luna_scaffold114	4	214035	213955	Leu	CAG	0	0	52.9	41.20	11.70	Inf	Leu	89.0	high confidence set
Luna_scaffold117	1	74780	74853	Ile	AAT	0	0	78.1	57.30	20.80	Inf	Ile	101.8	high confidence set
Luna_scaffold117	2	117104	117177	Asn	GTT	0	0	81.4	54.70	26.70	Inf	Asn	91.8	high confidence set
Luna_scaffold117	3	505607	505687	Leu	AAG	0	0	71.4	51.10	20.30	Inf	Leu	108.5	high confidence set
Luna_scaffold117	4	449696	449624	Lys	CTT	0	0	87.7	67.60	20.10	Inf	Lys	106.7	high confidence set
Luna_scaffold117	5	271866	271793	Val	AAC	0	0	72.5	48.10	24.40	Inf	Val	100.2	high confidence set
Luna_scaffold117	6	208697	208625	Lys	CTT	0	0	87.7	67.60	20.10	Inf	Lys	106.7	high confidence set
Luna_scaffold121	1	124267	124351	Tyr	GTA	124304	124315	74.2	42.50	31.70	Inf	Tyr	108.6	high confidence set
Luna_scaffold121	2	416135	416220	Tyr	GTA	416172	416184	74.2	42.50	31.70	Inf	Tyr	108.6	high confidence set
Luna_scaffold121	3	69506	69435	Gln	CTG	0	0	71.1	46.00	25.10	Inf	Gln	100.8	high confidence set
Luna_scaffold122	1	454825	454754	Gln	TTG	0	0	73.5	53.70	19.80	Inf	Gln	104.8	high confidence set
Luna_scaffold123	1	240555	240643	Tyr	GTA	240592	240607	74.1	42.40	31.70	Inf	Tyr	108.6	high confidence set
Luna_scaffold124	1	30924	30853	Gly	TCC	0	0	74.1	46.70	27.40	Inf	Gly	84.2	high confidence set
Luna_scaffold125	1	396930	397002	Arg	TCT	0	0	71.0	51.20	19.80	Inf	Arg	99.1	high confidence set
Luna_scaffold128	1	247371	247443	Ala	AGC	0	0	65.6	40.30	25.30	Inf	Ala	96.3	high confidence set
Luna_scaffold128	2	529758	529838	Leu	AAG	0	0	71.4	51.10	20.30	Inf	Leu	108.5	high confidence set
Luna_scaffold135	1	339669	339742	Thr	AGT	0	0	73.6	45.20	28.40	Inf	Thr	88.6	high confidence set
Luna_scaffold135	2	154109	154037	Val	TAC	0	0	72.4	42.90	29.50	Inf	Val	103.5	high confidence set
Luna_scaffold136	1	8103	8186	Leu	CAA	0	0	82.0	55.00	27.00	Inf	Leu	127.3	high confidence set
Luna_scaffold136	2	409649	409719	Gly	GCC	0	0	66.5	44.80	21.70	Inf	Gly	94.4	high confidence set
Luna_scaffold136	3	438934	439005	Glu	TTC	0	0	70.8	46.30	24.50	Inf	Glu	99.2	high confidence set
Luna_scaffold136	4	514648	514575	Ile	AAT	0	0	85.5	59.00	26.50	Inf	Ile	109.4	high confidence set
Luna_scaffold136	5	197641	197570	iMet	CAT	0	0	59.7	30.20	29.50	Inf	iMet	115.9	high confidence set
Luna_scaffold136	6	15260	15188	Ala	AGC	0	0	59.6	34.70	24.90	Inf	Ala	93.0	high confidence set
Luna_scaffold139	2	37859	37789	Cys	GCA	0	0	64.9	46.30	18.60	Inf	Cys	73.4	high confidence set
Luna_scaffold140	1	507572	507645	Val	AAC	0	0	72.5	48.10	24.40	Inf	Val	100.2	high confidence set
Luna_scaffold140	2	528210	528129	Ser	GCT	0	0	76.2	41.10	35.10	Inf	Ser	105.6	high confidence set
Luna_scaffold142	1	207594	207522	Ala	AGC	0	0	63.4	38.20	25.20	Inf	Ala	98.3	high confidence set
Luna_scaffold145	2	417157	417228	Pro	TGG	0	0	68.5	35.70	32.80	Inf	Pro	111.2	high confidence set
Luna_scaffold145	3	417908	417979	Pro	TGG	0	0	68.5	35.70	32.80	Inf	Pro	111.2	high confidence set
Luna_scaffold145	5	419158	419229	Pro	TGG	0	0	68.5	35.70	32.80	Inf	Pro	111.2	high confidence set
Luna_scaffold145	6	419955	420026	Pro	TGG	0	0	67.4	34.70	32.70	Inf	Pro	112.3	high confidence set
Luna_scaffold145	8	431267	431338	Pro	TGG	0	0	68.5	35.70	32.80	Inf	Pro	111.2	high confidence set
Luna_scaffold145	9	431654	431725	Pro	AGG	0	0	59.4	34.00	25.40	Inf	Pro	106.9	high confidence set
Luna_scaffold145	10	432555	432626	Pro	TGG	0	0	68.5	35.70	32.80	Inf	Pro	111.2	high confidence set
Luna_scaffold145	12	433874	433945	Pro	TGG	0	0	68.5	35.70	32.80	Inf	Pro	111.2	high confidence set
Luna_scaffold145	13	435012	435083	Pro	TGG	0	0	60.5	34.30	26.20	Inf	Pro	100.5	high confidence set
Luna_scaffold145	14	435311	435382	Pro	AGG	0	0	57.2	32.40	24.80	Inf	Pro	101.1	high confidence set
Luna_scaffold145	15	436214	436285	Pro	TGG	0	0	68.5	35.70	32.80	Inf	Pro	111.2	high confidence set
Luna_scaffold145	16	436695	436766	Pro	TGG	0	0	68.5	35.70	32.80	Inf	Pro	111.2	high confidence set
Luna_scaffold145	17	437475	437546	Pro	AGG	0	0	67.4	34.70	32.70	Inf	Pro	112.3	high confidence set
Luna_scaffold145	18	437996	438067	Pro	TGG	0	0	67.4	34.70	32.70	Inf	Pro	112.3	high confidence set
Luna_scaffold146	1	98106	98023	Tyr	GTA	98069	98059	71.2	42.50	28.70	Inf	Tyr	103.9	high confidence set
Luna_scaffold147	1	413079	413008	Lys	TTT	0	0	83.8	71.00	12.80	Inf	Lys	83.9	high confidence set
Luna_scaffold147	2	339721	339649	Phe	GAA	0	0	62.8	48.70	14.10	Inf	Phe	95.1	high confidence set
Luna_scaffold147	4	303100	303029	iMet	CAT	0	0	58.3	28.10	30.20	Inf	iMet	118.7	high confidence set
Luna_scaffold149	1	218884	218955	iMet	CAT	0	0	58.3	28.10	30.20	Inf	iMet	118.7	high confidence set
Luna_scaffold149	2	270348	270421	Ile	AAT	0	0	83.0	54.40	28.60	Inf	Ile	104.3	high confidence set
Luna_scaffold149	3	338555	338628	Asn	GTT	0	0	83.3	58.10	25.20	Inf	Asn	93.9	high confidence set
Luna_scaffold150	1	422460	422533	Val	AAC	0	0	72.5	48.10	24.40	Inf	Val	100.2	high confidence set
Luna_scaffold153	1	230736	230815	Leu	TAG	0	0	69.5	48.50	21.00	Inf	Leu	111.5	high confidence set
Luna_scaffold153	2	332122	332204	Leu	TAA	0	0	67.5	30.20	37.30	Inf	Leu	94.2	high confidence set
Luna_scaffold153	4	227479	227406	Asn	GTT	0	0	81.4	54.70	26.70	Inf	Asn	91.8	high confidence set
Luna_scaffold153	5	175648	175577	Cys	GCA	0	0	82.1	59.90	22.20	Inf	Cys	106.6	high confidence set
Luna_scaffold154	1	35294	35367	Ile	AAT	0	0	82.4	58.90	23.50	Inf	Ile	107.0	high confidence set
Luna_scaffold154	3	85322	85394	Ala	AGC	0	0	63.4	38.70	24.70	Inf	Ala	96.4	high confidence set
Luna_scaffold154	4	87034	87105	Lys	TTT	0	0	83.8	71.00	12.80	Inf	Lys	83.9	high confidence set
Luna_scaffold154	5	87339	87411	Ala	AGC	0	0	63.4	38.70	24.70	Inf	Ala	96.4	high confidence set
Luna_scaffold154	6	213781	213854	Ile	TAT	0	0	85.9	70.60	15.30	Inf	Ile	103.9	high confidence set
Luna_scaffold154	8	161844	161774	Ser	GCT	0	0	66.6	44.80	21.80	Inf	Gly	94.3	IPD:-87.40,isotype mismatch
Luna_scaffold154	9	158326	158256	Gly	GCC	0	0	66.5	44.80	21.70	Inf	Gly	94.4	high confidence set
Luna_scaffold159	1	353764	353835	Cys	GCA	0	0	81.7	59.20	22.50	Inf	Cys	104.2	high confidence set
Luna_scaffold159	2	172278	172195	Leu	CAA	0	0	82.0	55.00	27.00	Inf	Leu	127.3	high confidence set
Luna_scaffold159	3	91344	91272	Ala	CGC	0	0	67.5	42.90	24.60	Inf	Ala	99.2	high confidence set
Luna_scaffold161	1	200825	200753	Ala	CGC	0	0	67.5	42.90	24.60	Inf	Ala	99.2	high confidence set
Luna_scaffold167	2	253828	253901	Asp	GTC	0	0	62.5	42.30	20.20	Inf	Asp	73.4	high confidence set
Luna_scaffold175	1	81635	81706	Cys	GCA	0	0	81.7	56.10	25.60	Inf	Cys	104.3	high confidence set
Luna_scaffold175	2	459216	459146	Gly	GCC	0	0	66.5	44.80	21.70	Inf	Gly	94.4	high confidence set
Luna_scaffold179	1	142746	142817	Gly	TCC	0	0	74.1	46.70	27.40	Inf	Gly	84.2	high confidence set
Luna_scaffold179	2	372504	372575	Pro	AGG	0	0	67.4	34.70	32.70	Inf	Pro	112.3	high confidence set
Luna_scaffold179	3	428839	428910	Glu	TTC	0	0	70.8	46.30	24.50	Inf	Glu	99.2	high confidence set
Luna_scaffold179	4	345650	345578	Ala	TGC	0	0	62.9	37.50	25.40	Inf	Ala	97.2	high confidence set
Luna_scaffold182	1	326750	326679	Glu	TTC	0	0	70.8	46.30	24.50	Inf	Glu	99.2	high confidence set
Luna_scaffold182	2	108048	107976	Glu	CTC	0	0	77.7	51.90	25.80	Inf	Glu	92.4	high confidence set
Luna_scaffold187	1	349104	349032	Lys	CTT	0	0	79.6	69.20	10.40	Inf	Lys	100.6	high confidence set
Luna_scaffold188	1	142674	142745	Gly	TCC	0	0	74.1	46.70	27.40	Inf	Gly	84.2	high confidence set
Luna_scaffold193	1	32632	32703	Cys	GCA	0	0	80.8	53.70	27.10	Inf	Cys	103.2	high confidence set
Luna_scaffold193	2	244600	244528	Val	TAC	0	0	74.4	44.00	30.40	Inf	Val	103.3	high confidence set
Luna_scaffold193	3	140136	140065	Gly	TCC	0	0	74.1	46.70	27.40	Inf	Gly	84.2	high confidence set
Luna_scaffold194	1	98003	98074	Lys	TTT	0	0	92.3	68.60	23.70	Inf	Lys	93.4	high confidence set
Luna_scaffold194	2	353752	353680	Lys	CTT	0	0	87.7	67.60	20.10	Inf	Lys	106.7	high confidence set
Luna_scaffold204	1	130603	130676	Asn	GTT	0	0	72.7	54.10	18.60	Inf	Asn	86.4	high confidence set
Luna_scaffold204	3	10850	10777	Ile	TAT	0	0	85.9	70.60	15.30	Inf	Ile	103.9	high confidence set
Luna_scaffold208	1	354071	354142	Gln	TTG	0	0	73.5	53.70	19.80	Inf	Gln	104.8	high confidence set
Luna_scaffold209	1	14564	14636	Glu	CTC	0	0	76.3	50.40	25.90	Inf	Glu	95.5	high confidence set
Luna_scaffold211	1	29625	29708	Leu	CAA	0	0	82.0	55.00	27.00	Inf	Leu	127.3	high confidence set
Luna_scaffold211	2	83431	83515	Met	CAT	83469	83479	64.3	40.80	23.50	Inf	Met	104.0	high confidence set
Luna_scaffold219	1	218972	219057	Tyr	GTA	219009	219021	74.2	42.50	31.70	Inf	Tyr	108.6	high confidence set
Luna_scaffold219	2	275793	275712	Ser	TGA	0	0	80.7	46.10	34.60	Inf	Ser	119.7	high confidence set
Luna_scaffold219	4	151894	151821	Ile	TAT	0	0	83.8	70.70	13.10	Inf	Ile	100.4	high confidence set
Luna_scaffold221	1	246965	246893	Ala	TGC	0	0	63.7	44.80	18.90	Inf	Ala	94.6	high confidence set
Luna_scaffold223	2	310242	310169	Arg	TCG	0	0	81.9	60.40	21.50	Inf	Arg	92.9	high confidence set
Luna_scaffold225	1	68712	68639	Asn	GTT	0	0	81.4	54.70	26.70	Inf	Asn	91.8	high confidence set
Luna_scaffold227	1	289181	289111	Gly	GCC	0	0	66.5	44.80	21.70	Inf	Gly	94.4	high confidence set
Luna_scaffold231	1	14294	14365	Glu	TTC	0	0	69.3	44.10	25.20	Inf	Glu	95.0	high confidence set
Luna_scaffold231	2	119551	119622	Glu	CTC	0	0	72.0	46.60	25.40	Inf	Glu	87.8	high confidence set
Luna_scaffold231	3	87739	87668	Glu	TTC	0	0	64.1	40.80	23.30	Inf	Glu	74.6	high confidence set
Luna_scaffold231	4	62758	62687	Thr	CGT	0	0	82.3	55.00	27.30	Inf	Thr	83.7	high confidence set
Luna_scaffold231	5	14013	13939	Asp	GTC	0	0	62.5	43.90	18.60	Inf	Asp	88.3	high confidence set
Luna_scaffold232	1	233301	233388	Met	CAT	233339	233352	64.1	40.70	23.40	Inf	Met	104.0	high confidence set
Luna_scaffold237	1	221910	221981	Pro	AGG	0	0	67.4	34.70	32.70	Inf	Pro	112.3	high confidence set
Luna_scaffold251	1	38530	38459	Cys	GCA	0	0	80.8	53.70	27.10	Inf	Cys	103.2	high confidence set
Luna_scaffold251	2	38339	38268	Cys	GCA	0	0	80.7	54.60	26.10	Inf	Cys	102.8	high confidence set
Luna_scaffold251	3	38159	38088	Cys	GCA	0	0	73.0	50.50	22.50	Inf	Cys	95.9	high confidence set
Luna_scaffold257	1	9380	9461	Ser	GCT	0	0	80.5	45.20	35.30	Inf	Ser	109.5	high confidence set
Luna_scaffold257	2	41328	41399	Gln	TTG	0	0	73.5	53.70	19.80	Inf	Gln	104.8	high confidence set
Luna_scaffold271	1	58132	58205	Asn	GTT	0	0	81.4	54.70	26.70	Inf	Asn	91.8	high confidence set
Luna_scaffold271	2	120656	120584	Lys	CTT	0	0	87.7	67.60	20.10	Inf	Lys	106.7	high confidence set
Luna_scaffold287	1	260363	260435	Glu	CTC	0	0	76.5	50.80	25.70	Inf	Glu	90.6	high confidence set
Luna_scaffold290	1	281904	281975	Asp	ATC	0	0	68.5	45.60	22.90	Inf	Asp	89.0	unexpected anticodon
Luna_scaffold305	2	45613	45542	Lys	TTT	0	0	78.3	65.40	12.90	Inf	Lys	79.0	high confidence set
Luna_scaffold309	1	4381	4452	Pro	TGG	0	0	68.5	35.70	32.80	Inf	Pro	111.2	high confidence set
Luna_scaffold309	2	40979	41060	Ser	TGA	0	0	79.2	43.90	35.30	Inf	Ser	118.5	high confidence set
Luna_scaffold309	3	260673	260602	Gln	TTG	0	0	73.5	53.70	19.80	Inf	Gln	104.8	high confidence set
Luna_scaffold312	1	23289	23370	Ser	CGA	0	0	77.5	44.40	33.10	Inf	Ser	120.8	high confidence set
Luna_scaffold316	1	59222	59303	Ser	GCT	0	0	80.5	45.20	35.30	Inf	Ser	109.5	high confidence set
Luna_scaffold316	2	106197	106267	Gly	GCC	0	0	66.5	44.80	21.70	Inf	Gly	94.4	high confidence set
Luna_scaffold321	2	34639	34709	Cys	GCA	0	0	64.9	46.30	18.60	Inf	Cys	73.4	high confidence set
Luna_scaffold321	3	38723	38794	Thr	GGT	0	0	58.2	29.20	29.00	Inf	Thr	73.0	unexpected anticodon
Luna_scaffold321	5	52069	52155	Ser	GGA	0	0	64.6	34.80	29.80	Inf	Ser	83.2	unexpected anticodon
Luna_scaffold321	7	55098	55170	Phe	GAA	0	0	67.7	46.10	21.60	Inf	Phe	73.4	high confidence set
Luna_scaffold321	10	115444	115517	Arg	ACG	0	0	57.0	44.90	12.10	Inf	Ile	71.4	IPD:-19.50,isotype mismatch
Luna_scaffold321	12	116229	116158	Asn	GTT	0	0	79.0	56.70	22.30	Inf	Asn	79.2	high confidence set
Luna_scaffold321	16	73185	73112	Trp	CCA	0	0	71.0	41.60	29.40	Inf	Thr	73.4	IPD:-17.40,isotype mismatch
Luna_scaffold321	17	53529	53457	Thr	TGT	0	0	69.1	50.20	18.90	Inf	Thr	82.6	high confidence set
Luna_scaffold321	23	15257	15170	Ser	GCT	0	0	56.5	36.60	19.90	Inf	Ser	73.7	high confidence set
Luna_scaffold352	1	11477	11547	Gly	CCC	0	0	65.1	27.80	37.30	Inf	Gly	83.1	high confidence set
Luna_scaffold362	1	127779	127707	Glu	CTC	0	0	77.7	51.90	25.80	Inf	Glu	92.4	high confidence set
Luna_scaffold366	1	181022	180951	Pro	TGG	0	0	63.8	36.20	27.60	Inf	Pro	106.7	high confidence set
Luna_scaffold366	2	180037	179966	Pro	TGG	0	0	59.3	27.00	32.30	Inf	Pro	102.0	high confidence set
Luna_scaffold366	3	179457	179386	Pro	TGG	0	0	70.4	37.60	32.80	Inf	Pro	107.0	high confidence set
Luna_scaffold366	5	178314	178243	Pro	TGG	0	0	68.5	35.70	32.80	Inf	Pro	111.2	high confidence set
Luna_scaffold366	7	177139	177068	Pro	TGG	0	0	68.5	35.70	32.80	Inf	Pro	111.2	high confidence set
Luna_scaffold366	8	176614	176543	Pro	TGG	0	0	68.5	35.70	32.80	Inf	Pro	111.2	high confidence set
Luna_scaffold366	9	176216	176145	Pro	TGG	0	0	68.5	35.70	32.80	Inf	Pro	111.2	high confidence set
Luna_scaffold366	10	176069	175998	Pro	TGG	0	0	68.5	35.70	32.80	Inf	Pro	111.2	high confidence set
Luna_scaffold366	11	175616	175545	Pro	TGG	0	0	54.1	23.40	30.70	Inf	Pro	95.5	high confidence set
Luna_scaffold366	14	171308	171237	Pro	TGG	0	0	68.5	35.70	32.80	Inf	Pro	111.2	high confidence set
Luna_scaffold366	16	170057	169986	Pro	TGG	0	0	68.5	35.70	32.80	Inf	Pro	111.2	high confidence set
Luna_scaffold369	2	120464	120393	Lys	TTT	0	0	82.9	69.40	13.50	Inf	Lys	81.2	high confidence set
Luna_scaffold369	3	112393	112322	Lys	TTT	0	0	82.3	68.80	13.50	Inf	Lys	81.9	high confidence set
Luna_scaffold372	1	59371	59300	Trp	CCA	0	0	67.8	43.30	24.50	Inf	Trp	93.9	high confidence set
Luna_scaffold375	1	90359	90431	Phe	GAA	0	0	78.3	58.40	19.90	Inf	Phe	113.2	high confidence set
Luna_scaffold375	2	92226	92154	Ala	TGC	0	0	66.6	41.40	25.20	Inf	Ala	98.8	high confidence set
Luna_scaffold378	2	213527	213600	Asn	GTT	0	0	81.4	54.70	26.70	Inf	Asn	91.8	high confidence set
Luna_scaffold436	1	16685	16614	iMet	CAT	0	0	51.0	29.20	21.80	Inf	iMet	114.9	high confidence set
Luna_scaffold441	1	132302	132374	Phe	GAA	0	0	78.3	58.40	19.90	Inf	Phe	113.2	high confidence set
Luna_scaffold441	2	141724	141796	Phe	GAA	0	0	78.3	58.40	19.90	Inf	Phe	113.2	high confidence set
Luna_scaffold461	1	118503	118574	Trp	CCA	0	0	75.8	51.20	24.60	Inf	Trp	105.6	high confidence set
Luna_scaffold461	2	149260	149181	Leu	TAG	0	0	69.5	48.50	21.00	Inf	Leu	111.5	high confidence set
Luna_scaffold476	1	49833	49911	Asp	GTC	0	0	55.7	43.40	12.30	Inf	Asp	72.9	high confidence set
Luna_scaffold525	1	118736	118665	Asp	GTC	0	0	57.4	37.50	19.90	Inf	Asp	81.3	high confidence set
Luna_scaffold578	1	6858	6785	Asn	GTT	0	0	83.3	58.10	25.20	Inf	Asn	93.9	high confidence set
Luna_scaffold593	6	66937	67008	Asn	GTT	0	0	77.9	55.60	22.30	Inf	Asn	78.1	high confidence set
Luna_scaffold603	1	4037	4123	Ser	GGA	0	0	64.5	34.70	29.80	Inf	Ser	89.7	unexpected anticodon
Luna_scaffold603	3	49576	49649	Trp	CCA	0	0	72.3	42.90	29.40	Inf	Thr	75.0	IPD:-16.70,isotype mismatch
Luna_scaffold674	2	74354	74282	Lys	TTT	0	0	80.3	61.50	18.80	Inf	Lys	78.3	high confidence set
Luna_scaffold741	1	42152	42223	Cys	GCA	0	0	81.7	59.20	22.50	Inf	Cys	104.2	high confidence set
Luna_scaffold741	2	47473	47544	Cys	GCA	0	0	81.7	59.20	22.50	Inf	Cys	104.2	high confidence set
Luna_scaffold799	1	26130	26201	Thr	TGT	0	0	83.0	58.30	24.70	Inf	Thr	92.4	high confidence set
Luna_scaffold799	2	11554	11482	Ala	AGC	0	0	63.4	38.20	25.20	Inf	Ala	98.3	high confidence set
Luna_scaffold1125	1	7459	7389	Gly	GCC	0	0	66.5	44.80	21.70	Inf	Gly	94.4	high confidence set
Luna_scaffold1157	1	2359	2289	Gly	GCC	0	0	66.5	44.80	21.70	Inf	Gly	94.4	high confidence set
Luna_scaffold1185	1	7598	7517	Ser	AGA	0	0	77.0	42.20	34.80	Inf	Ser	112.5	high confidence set
Luna_scaffold1263	1	7870	7799	Lys	TTT	0	0	83.8	71.00	12.80	Inf	Lys	83.9	high confidence set
Luna_scaffold1263	2	1156	1085	Lys	TTT	0	0	78.3	65.40	12.90	Inf	Lys	79.0	high confidence set
Luna_scaffold1320	1	35	119	Tyr	GTA	72	83	72.2	39.00	33.20	Inf	Tyr	110.0	high confidence set
Luna_scaffold1320	2	547	631	Tyr	GTA	584	595	63.6	30.30	33.30	Inf	Tyr	101.3	high confidence set
Luna_scaffold1320	3	6457	6541	Tyr	GTA	6494	6505	72.2	39.00	33.20	Inf	Tyr	110.0	high confidence set
Luna_scaffold1320	4	7261	7340	Ser	AGA	0	0	54.0	28.70	25.30	Inf	Ser	89.5	high confidence set
