Sequence    		tRNA  	Bounds	tRNA	Anti	Intron Bounds	Inf	HMM	2'Str	Hit	      
Name        	tRNA #	Begin 	End   	Type	Codon	Begin	End	Score	Score	Score	Origin	Note
--------    	------	----- 	------	----	-----	-----	----	------	-----	-----	------	------
NC_005086.1 	1	12704 	12775 	Arg	TCT	0	0	67.2	38.60	28.60	Inf	
NC_005086.1 	2	31502 	31572 	Cys	GCA	0	0	60.7	41.90	18.80	Inf	
NC_005086.1 	3	36414 	36485 	Thr	GGT	0	0	59.9	31.90	28.00	Inf	
NC_005086.1 	4	41490 	41560 	Gly	GCC	0	0	61.4	42.50	18.90	Inf	
NC_005086.1 	5	50217 	50303 	Ser	GGA	0	0	73.6	47.00	26.60	Inf	
NC_005086.1 	6	53111 	53183 	Phe	GAA	0	0	67.1	44.50	22.60	Inf	
NC_005086.1 	7	58040 	58112 	Met	CAT	0	0	53.4	34.70	18.70	Inf	
NC_005086.1 	8	107315	107386	Val	GAC	0	0	58.9	28.60	30.30	Inf	
NC_005086.1 	9	109408	109495	Ile	GAT	109444	109459	16.4	0.00	16.40	Inf	
NC_005086.1 	10	110519	110623	Ala	TGC	110556	110595	16.3	30.00	-13.70	Inf	
NC_005086.1 	11	115143	115216	Arg	ACG	0	0	57.7	41.30	16.40	Inf	
NC_005086.1 	12	121665	121744	Leu	TAG	0	0	60.2	29.00	31.20	Inf	
NC_005086.1 	13	137836	137907	Asn	GTT	0	0	68.2	44.80	23.40	Inf	
NC_005086.1 	14	152563	152643	Leu	CAA	0	0	65.7	34.30	31.40	Inf	
NC_005086.1 	15	160655	160728	Met	CAT	0	0	66.7	44.90	21.80	Inf	
NC_005086.1 	16	146342	146271	Val	GAC	0	0	58.9	28.60	30.30	Inf	
NC_005086.1 	17	144249	144162	Ile	GAT	144213	144198	16.4	0.00	16.40	Inf	
NC_005086.1 	18	143138	143034	Ala	TGC	143101	143062	16.3	30.00	-13.70	Inf	
NC_005086.1 	19	138514	138441	Arg	ACG	0	0	57.7	41.30	16.40	Inf	
NC_005086.1 	20	115821	115750	Asn	GTT	0	0	68.2	44.80	23.40	Inf	
NC_005086.1 	21	101094	101014	Leu	CAA	0	0	65.7	34.30	31.40	Inf	
NC_005086.1 	22	93002 	92929 	Met	CAT	0	0	66.7	44.90	21.80	Inf	
NC_005086.1 	23	73197 	73124 	Pro	TGG	0	0	65.6	40.90	24.70	Inf	
NC_005086.1 	24	72954 	72881 	Trp	CCA	0	0	68.7	42.90	25.80	Inf	
NC_005086.1 	25	57866 	57699 	Val	TAC	57828	57740	15.2	21.10	-5.90	Inf	
NC_005086.1 	26	51702 	51630 	Thr	TGT	0	0	67.6	45.80	21.80	Inf	
NC_005086.1 	27	41823 	41750 	Met	CAT	0	0	63.2	39.30	23.90	Inf	
NC_005086.1 	28	40567 	40475 	Ser	TGA	0	0	77.4	48.40	29.00	Inf	
NC_005086.1 	29	35595 	35523 	Glu	TTC	0	0	53.9	28.90	25.00	Inf	
NC_005086.1 	30	35452 	35369 	Tyr	GTA	0	0	64.0	41.30	22.70	Inf	
NC_005086.1 	31	34822 	34749 	Asp	GTC	0	0	65.8	48.30	17.50	Inf	
NC_005086.1 	32	9949  	9862  	Ser	GCT	0	0	70.8	48.60	22.20	Inf	
NC_005086.1 	33	8677  	8606  	Gln	TTG	0	0	62.2	39.50	22.70	Inf	
NC_005086.1 	34	74    	1     	His	GTG	0	0	60.7	42.60	18.10	Inf	
