Sequence    		tRNA  	Bounds	tRNA	Anti	Intron Bounds	Inf	HMM	2'Str	Hit	      
Name        	tRNA #	Begin 	End   	Type	Codon	Begin	End	Score	Score	Score	Origin	Note
--------    	------	----- 	------	----	-----	-----	----	------	-----	-----	------	------
NC_009962.1 	1	10238 	10309 	Arg	TCT	0	0	63.8	40.10	23.70	Inf	
NC_009962.1 	2	28256 	28326 	Cys	GCA	0	0	60.7	41.90	18.80	Inf	
NC_009962.1 	3	32727 	32798 	Thr	GGT	0	0	67.4	35.50	31.90	Inf	
NC_009962.1 	4	37690 	37760 	Gly	GCC	0	0	61.4	42.50	18.90	Inf	
NC_009962.1 	5	46529 	46615 	Ser	GGA	0	0	73.6	47.00	26.60	Inf	
NC_009962.1 	6	49981 	50053 	Phe	GAA	0	0	67.1	44.50	22.60	Inf	
NC_009962.1 	7	54339 	54411 	Met	CAT	0	0	59.5	35.70	23.80	Inf	
NC_009962.1 	8	102505	102576	Val	GAC	0	0	58.9	28.60	30.30	Inf	
NC_009962.1 	9	104591	104678	Ile	GAT	104627	104642	16.4	0.00	16.40	Inf	
NC_009962.1 	10	105682	105786	Ala	TGC	105719	105758	16.3	25.30	-9.00	Inf	
NC_009962.1 	11	110320	110393	Arg	ACG	0	0	57.7	41.30	16.40	Inf	
NC_009962.1 	12	115999	116078	Leu	TAG	0	0	57.3	28.70	28.60	Inf	
NC_009962.1 	13	131749	131820	Asn	GTT	0	0	69.1	46.50	22.60	Inf	
NC_009962.1 	14	146675	146755	Leu	CAA	0	0	65.7	34.30	31.40	Inf	
NC_009962.1 	15	154187	154260	Met	CAT	0	0	66.7	44.90	21.80	Inf	
NC_009962.1 	16	140355	140284	Val	GAC	0	0	58.9	28.60	30.30	Inf	
NC_009962.1 	17	138269	138182	Ile	GAT	138233	138218	16.4	0.00	16.40	Inf	
NC_009962.1 	18	137178	137074	Ala	TGC	137141	137102	16.3	25.30	-9.00	Inf	
NC_009962.1 	19	132540	132467	Arg	ACG	0	0	57.7	41.30	16.40	Inf	
NC_009962.1 	20	111111	111040	Asn	GTT	0	0	69.1	46.50	22.60	Inf	
NC_009962.1 	21	96185 	96105 	Leu	CAA	0	0	65.7	34.30	31.40	Inf	
NC_009962.1 	22	88673 	88600 	Met	CAT	0	0	66.7	44.90	21.80	Inf	
NC_009962.1 	23	69028 	68955 	Pro	TGG	0	0	65.6	40.90	24.70	Inf	
NC_009962.1 	24	68792 	68719 	Trp	CCA	0	0	68.7	42.90	25.80	Inf	
NC_009962.1 	25	47990 	47918 	Thr	TGT	0	0	67.2	45.90	21.30	Inf	
NC_009962.1 	26	38004 	37931 	Met	CAT	0	0	63.2	39.30	23.90	Inf	
NC_009962.1 	27	36850 	36758 	Ser	TGA	0	0	74.9	48.80	26.10	Inf	
NC_009962.1 	28	31863 	31791 	Glu	TTC	0	0	53.9	28.90	25.00	Inf	
NC_009962.1 	29	31726 	31643 	Tyr	GTA	0	0	61.9	39.50	22.40	Inf	
NC_009962.1 	30	31282 	31209 	Asp	GTC	0	0	67.0	49.50	17.50	Inf	
NC_009962.1 	31	8468  	8381  	Ser	GCT	0	0	80.5	50.60	29.90	Inf	
NC_009962.1 	32	7090  	7019  	Gln	TTG	0	0	58.8	35.90	22.90	Inf	
NC_009962.1 	33	77    	4     	His	GTG	0	0	62.8	44.70	18.10	Inf	
