Sequence    		tRNA  	Bounds	tRNA	Anti	Intron Bounds	Inf	HMM	2'Str	Hit	      
Name        	tRNA #	Begin 	End   	Type	Codon	Begin	End	Score	Score	Score	Origin	Note
--------    	------	----- 	------	----	-----	-----	----	------	-----	-----	------	------
NC_037719.1 	1	11501 	11572 	Arg	TCT	0	0	67.2	38.60	28.60	Inf	
NC_037719.1 	2	30055 	30125 	Cys	GCA	0	0	59.8	41.40	18.40	Inf	
NC_037719.1 	3	34611 	34682 	Thr	GGT	0	0	66.0	34.10	31.90	Inf	
NC_037719.1 	4	39819 	39889 	Gly	GCC	0	0	61.4	42.50	18.90	Inf	
NC_037719.1 	5	48749 	48835 	Ser	GGA	0	0	76.1	49.30	26.80	Inf	
NC_037719.1 	6	51697 	51769 	Phe	GAA	0	0	67.1	44.60	22.50	Inf	
NC_037719.1 	7	56644 	56716 	Met	CAT	0	0	59.5	35.70	23.80	Inf	
NC_037719.1 	8	105931	106002	Val	GAC	0	0	58.9	28.60	30.30	Inf	
NC_037719.1 	9	108012	108099	Ile	GAT	108048	108063	16.4	0.00	16.40	Inf	
NC_037719.1 	10	109101	109205	Ala	TGC	109138	109177	16.3	30.00	-13.70	Inf	
NC_037719.1 	11	113618	113691	Arg	ACG	0	0	57.7	41.30	16.40	Inf	
NC_037719.1 	12	118696	118775	Leu	TAG	0	0	57.4	26.60	30.80	Inf	
NC_037719.1 	13	135279	135350	Asn	GTT	0	0	69.1	46.50	22.60	Inf	
NC_037719.1 	14	149915	149995	Leu	CAA	0	0	65.7	34.30	31.40	Inf	
NC_037719.1 	15	157851	157924	Met	CAT	0	0	66.7	44.90	21.80	Inf	
NC_037719.1 	16	143677	143606	Val	GAC	0	0	58.9	28.60	30.30	Inf	
NC_037719.1 	17	141596	141509	Ile	GAT	141560	141545	16.4	0.00	16.40	Inf	
NC_037719.1 	18	140507	140403	Ala	TGC	140470	140431	16.3	30.00	-13.70	Inf	
NC_037719.1 	19	135990	135917	Arg	ACG	0	0	57.7	41.30	16.40	Inf	
NC_037719.1 	20	114329	114258	Asn	GTT	0	0	69.1	46.50	22.60	Inf	
NC_037719.1 	21	99693 	99613 	Leu	CAA	0	0	65.7	34.30	31.40	Inf	
NC_037719.1 	22	91757 	91684 	Met	CAT	0	0	66.7	44.90	21.80	Inf	
NC_037719.1 	23	72098 	72025 	Pro	TGG	0	0	65.6	40.90	24.70	Inf	
NC_037719.1 	24	71892 	71819 	Trp	CCA	0	0	71.9	42.90	29.00	Inf	
NC_037719.1 	25	50224 	50152 	Thr	TGT	0	0	67.6	45.80	21.80	Inf	
NC_037719.1 	26	40167 	40094 	Met	CAT	0	0	63.2	39.30	23.90	Inf	
NC_037719.1 	27	38984 	38892 	Ser	TGA	0	0	72.5	48.70	23.80	Inf	
NC_037719.1 	28	34021 	33949 	Glu	TTC	0	0	51.3	29.00	22.30	Inf	
NC_037719.1 	29	33885 	33802 	Tyr	GTA	0	0	61.9	39.50	22.40	Inf	
NC_037719.1 	30	33381 	33308 	Asp	GTC	0	0	67.0	49.50	17.50	Inf	
NC_037719.1 	31	9779  	9692  	Ser	GCT	0	0	77.3	47.30	30.00	Inf	
NC_037719.1 	32	8428  	8357  	Gln	TTG	0	0	52.3	35.20	17.10	Inf	
NC_037719.1 	33	76    	3     	His	GTG	0	0	60.0	42.60	17.40	Inf	
