Sequence    		tRNA  	Bounds	tRNA	Anti	Intron Bounds	Inf	HMM	2'Str	Hit	      
Name        	tRNA #	Begin 	End   	Type	Codon	Begin	End	Score	Score	Score	Origin	Note
--------    	------	----- 	------	----	-----	-----	----	------	-----	-----	------	------
NC_057562.1 	1	11648 	11719 	Arg	TCT	0	0	67.2	38.60	28.60	Inf	
NC_057562.1 	2	30183 	30253 	Cys	GCA	0	0	59.8	41.40	18.40	Inf	
NC_057562.1 	3	34680 	34751 	Thr	GGT	0	0	66.0	34.10	31.90	Inf	
NC_057562.1 	4	39878 	39948 	Gly	GCC	0	0	61.4	42.50	18.90	Inf	
NC_057562.1 	5	48839 	48925 	Ser	GGA	0	0	76.1	49.30	26.80	Inf	
NC_057562.1 	6	51746 	51818 	Phe	GAA	0	0	67.1	44.50	22.60	Inf	
NC_057562.1 	7	56953 	57025 	Met	CAT	0	0	53.4	34.70	18.70	Inf	
NC_057562.1 	8	106230	106301	Val	GAC	0	0	58.9	28.60	30.30	Inf	
NC_057562.1 	9	108311	108398	Ile	GAT	108347	108362	16.4	0.00	16.40	Inf	
NC_057562.1 	10	109395	109499	Ala	TGC	109432	109471	16.3	30.00	-13.70	Inf	
NC_057562.1 	11	113912	113985	Arg	ACG	0	0	57.7	41.30	16.40	Inf	
NC_057562.1 	12	119118	119197	Leu	TAG	0	0	57.4	26.60	30.80	Inf	
NC_057562.1 	13	135183	135254	Asn	GTT	0	0	69.1	46.50	22.60	Inf	
NC_057562.1 	14	149835	149915	Leu	CAA	0	0	65.7	34.30	31.40	Inf	
NC_057562.1 	15	157771	157844	Met	CAT	0	0	66.7	44.90	21.80	Inf	
NC_057562.1 	16	143582	143511	Val	GAC	0	0	58.9	28.60	30.30	Inf	
NC_057562.1 	17	141501	141414	Ile	GAT	141465	141450	16.4	0.00	16.40	Inf	
NC_057562.1 	18	140417	140313	Ala	TGC	140380	140341	16.3	30.00	-13.70	Inf	
NC_057562.1 	19	135900	135827	Arg	ACG	0	0	57.7	41.30	16.40	Inf	
NC_057562.1 	20	114629	114558	Asn	GTT	0	0	69.1	46.50	22.60	Inf	
NC_057562.1 	21	99977 	99897 	Leu	CAA	0	0	65.7	34.30	31.40	Inf	
NC_057562.1 	22	92041 	91968 	Met	CAT	0	0	66.7	44.90	21.80	Inf	
NC_057562.1 	23	72405 	72332 	Pro	TGG	0	0	67.0	42.30	24.70	Inf	
NC_057562.1 	24	72199 	72126 	Trp	CCA	0	0	71.9	42.90	29.00	Inf	
NC_057562.1 	25	50275 	50203 	Thr	TGT	0	0	67.6	45.80	21.80	Inf	
NC_057562.1 	26	40194 	40121 	Met	CAT	0	0	63.2	39.30	23.90	Inf	
NC_057562.1 	27	39053 	38961 	Ser	TGA	0	0	76.8	49.00	27.80	Inf	
NC_057562.1 	28	34121 	34049 	Glu	TTC	0	0	51.3	29.00	22.30	Inf	
NC_057562.1 	29	33985 	33902 	Tyr	GTA	0	0	61.9	39.50	22.40	Inf	
NC_057562.1 	30	33469 	33396 	Asp	GTC	0	0	67.0	49.50	17.50	Inf	
NC_057562.1 	31	9935  	9848  	Ser	GCT	0	0	77.3	47.30	30.00	Inf	
NC_057562.1 	32	8592  	8521  	Gln	TTG	0	0	52.3	35.20	17.10	Inf	
NC_057562.1 	33	79    	6     	His	GTG	0	0	60.0	42.60	17.40	Inf	
