Sequence    		tRNA  	Bounds	tRNA	Anti	Intron Bounds	Inf	HMM	2'Str	Hit	      
Name        	tRNA #	Begin 	End   	Type	Codon	Begin	End	Score	Score	Score	Origin	Note
--------    	------	----- 	------	----	-----	-----	----	------	-----	-----	------	------
NC_056953.1 	1	11603 	11674 	Arg	TCT	0	0	67.2	38.60	28.60	Inf	
NC_056953.1 	2	30196 	30266 	Cys	GCA	0	0	59.8	41.40	18.40	Inf	
NC_056953.1 	3	34676 	34747 	Thr	GGT	0	0	66.0	34.10	31.90	Inf	
NC_056953.1 	4	39870 	39940 	Gly	GCC	0	0	61.4	42.50	18.90	Inf	
NC_056953.1 	5	48772 	48858 	Ser	GGA	0	0	76.1	49.30	26.80	Inf	
NC_056953.1 	6	51675 	51747 	Phe	GAA	0	0	67.1	44.50	22.60	Inf	
NC_056953.1 	7	56934 	57006 	Met	CAT	0	0	53.4	34.70	18.70	Inf	
NC_056953.1 	8	106269	106340	Val	GAC	0	0	58.9	28.60	30.30	Inf	
NC_056953.1 	9	108350	108437	Ile	GAT	108386	108401	16.4	0.00	16.40	Inf	
NC_056953.1 	10	109434	109538	Ala	TGC	109471	109510	16.3	30.00	-13.70	Inf	
NC_056953.1 	11	113951	114024	Arg	ACG	0	0	57.7	41.30	16.40	Inf	
NC_056953.1 	12	119146	119225	Leu	TAG	0	0	57.4	26.60	30.80	Inf	
NC_056953.1 	13	135179	135250	Asn	GTT	0	0	69.1	46.50	22.60	Inf	
NC_056953.1 	14	149845	149925	Leu	CAA	0	0	65.7	34.30	31.40	Inf	
NC_056953.1 	15	157781	157854	Met	CAT	0	0	66.7	44.90	21.80	Inf	
NC_056953.1 	16	143578	143507	Val	GAC	0	0	58.9	28.60	30.30	Inf	
NC_056953.1 	17	141497	141410	Ile	GAT	141461	141446	16.4	0.00	16.40	Inf	
NC_056953.1 	18	140413	140309	Ala	TGC	140376	140337	16.3	30.00	-13.70	Inf	
NC_056953.1 	19	135896	135823	Arg	ACG	0	0	57.7	41.30	16.40	Inf	
NC_056953.1 	20	114668	114597	Asn	GTT	0	0	69.1	46.50	22.60	Inf	
NC_056953.1 	21	100002	99922 	Leu	CAA	0	0	65.7	34.30	31.40	Inf	
NC_056953.1 	22	92066 	91993 	Met	CAT	0	0	66.7	44.90	21.80	Inf	
NC_056953.1 	23	72403 	72330 	Pro	TGG	0	0	67.0	42.30	24.70	Inf	
NC_056953.1 	24	72197 	72124 	Trp	CCA	0	0	71.9	42.90	29.00	Inf	
NC_056953.1 	25	50204 	50132 	Thr	TGT	0	0	67.6	45.80	21.80	Inf	
NC_056953.1 	26	40181 	40108 	Met	CAT	0	0	63.2	39.30	23.90	Inf	
NC_056953.1 	27	39044 	38952 	Ser	TGA	0	0	76.8	49.00	27.80	Inf	
NC_056953.1 	28	34118 	34046 	Glu	TTC	0	0	51.3	29.00	22.30	Inf	
NC_056953.1 	29	33982 	33899 	Tyr	GTA	0	0	61.9	39.50	22.40	Inf	
NC_056953.1 	30	33489 	33416 	Asp	GTC	0	0	67.0	49.50	17.50	Inf	
NC_056953.1 	31	9914  	9827  	Ser	GCT	0	0	77.3	47.30	30.00	Inf	
NC_056953.1 	32	8577  	8506  	Gln	TTG	0	0	52.3	35.20	17.10	Inf	
NC_056953.1 	33	80    	7     	His	GTG	0	0	60.0	42.60	17.40	Inf	
