Sequence		tRNA    	Bounds  	tRNA	Anti	Intron Bounds	Inf	HMM	2'Str	Hit	Isotype	Isotype	      
Name    	tRNA#	Begin   	End     	Type	Codon	Begin	End	Score	Score	Score	Origin	CM	Score	Note
--------	------	-----   	------  	----	-----	-----	----	------	-----	-----	------	-------	-------	------
Fvb1	1	1000138	1000228	Tyr	GTA	1000175	1000192	72.0	38.90	33.10	Inf	Tyr	110.0	high confidence set
Fvb1	2	1002128	1002218	Tyr	GTA	1002165	1002182	72.0	38.90	33.10	Inf	Tyr	110.0	high confidence set
Fvb1	3	1187523	1187595	Lys	CTT	0	0	87.7	67.60	20.10	Inf	Lys	106.7	high confidence set
Fvb1	4	1808887	1808959	Arg	CCT	0	0	69.1	50.30	18.80	Inf	Arg	81.2	high confidence set
Fvb1	5	2554630	2554710	Leu	AAG	0	0	71.4	51.10	20.30	Inf	Leu	108.5	high confidence set
Fvb1	6	3605589	3605660	Pro	TGG	0	0	69.6	37.70	31.90	Inf	Pro	111.0	high confidence set
Fvb1	7	3638319	3638391	Ala	TGC	0	0	68.8	42.60	26.20	Inf	Ala	100.0	high confidence set
Fvb1	8	5190374	5190447	Asn	GTT	0	0	83.7	58.60	25.10	Inf	Asn	90.4	high confidence set
Fvb1	9	5409882	5409954	Lys	TTT	0	0	90.5	66.90	23.60	Inf	Lys	95.4	high confidence set
Fvb1	10	5967214	5967287	Ile	AAT	0	0	79.3	55.80	23.50	Inf	Ile	104.3	high confidence set
Fvb1	11	6151740	6151811	Glu	TTC	0	0	70.5	45.30	25.20	Inf	Glu	97.5	high confidence set
Fvb1	13	6284589	6284662	Ile	AAT	0	0	71.2	51.30	19.90	Inf	Ile	91.9	high confidence set
Fvb1	15	6642246	6642318	Glu	CTC	0	0	79.2	53.50	25.70	Inf	Glu	94.2	high confidence set
Fvb1	16	7377924	7377995	Glu	TTC	0	0	70.5	45.30	25.20	Inf	Glu	97.5	high confidence set
Fvb1	17	8263069	8263141	Glu	CTC	0	0	79.2	53.50	25.70	Inf	Glu	94.2	high confidence set
Fvb1	18	8758679	8758751	Lys	TTT	0	0	90.5	66.90	23.60	Inf	Lys	95.4	high confidence set
Fvb1	19	8801762	8801834	Phe	GAA	0	0	73.9	50.10	23.80	Inf	Phe	108.5	high confidence set
Fvb1	20	9000365	9000445	Leu	AAG	0	0	74.0	52.20	21.80	Inf	Leu	110.4	high confidence set
Fvb1	21	10138645	10138717	Ala	TGC	0	0	69.1	43.30	25.80	Inf	Ala	101.9	high confidence set
Fvb1	22	10975558	10975631	Val	AAC	0	0	71.5	47.10	24.40	Inf	Val	97.5	high confidence set
Fvb1	23	10999126	10999197	Gln	TTG	0	0	73.5	53.70	19.80	Inf	Gln	104.8	high confidence set
Fvb1	24	11279261	11279341	Leu	AAG	0	0	75.5	52.40	23.10	Inf	Leu	110.8	high confidence set
Fvb1	25	12023806	12023887	Ser	GCT	0	0	79.0	43.10	35.90	Inf	Ser	108.6	high confidence set
Fvb1	26	12787941	12788029	Tyr	GTA	12787978	12787993	72.1	38.80	33.30	Inf	Tyr	110.0	high confidence set
Fvb1	27	13043346	13043418	Arg	ACG	0	0	72.6	49.80	22.80	Inf	Arg	89.8	high confidence set
Fvb1	28	14964529	14964599	Gly	CCC	0	0	65.4	28.10	37.30	Inf	Gly	85.4	high confidence set
Fvb1	29	15728075	15728165	Tyr	GTA	15728112	15728129	72.0	38.90	33.10	Inf	Tyr	110.0	high confidence set
Fvb1	30	18714047	18714119	Ala	AGC	0	0	63.4	38.20	25.20	Inf	Ala	98.3	high confidence set
Fvb1	32	16607791	16607719	Thr	TGT	0	0	67.8	50.20	17.60	Inf	Thr	81.6	high confidence set
Fvb1	33	14861797	14861727	Gly	GCC	0	0	59.9	47.40	12.50	Inf	Gly	87.5	high confidence set
Fvb1	34	14169768	14169688	Leu	AAG	0	0	71.4	51.10	20.30	Inf	Leu	108.5	high confidence set
Fvb1	35	14111986	14111913	Val	CAC	0	0	79.3	48.30	31.00	Inf	Val	104.5	high confidence set
Fvb1	36	13819347	13819274	Val	CAC	0	0	77.9	46.40	31.50	Inf	Val	100.0	high confidence set
Fvb1	37	13113961	13113871	Met	CAT	13113923	13113907	61.2	41.00	20.20	Inf	Met	100.5	high confidence set
Fvb1	38	11313075	11313003	Phe	GAA	0	0	73.9	50.10	23.80	Inf	Phe	108.5	high confidence set
Fvb1	39	11312926	11312853	Asn	GTT	0	0	80.0	54.90	25.10	Inf	Asn	93.1	high confidence set
Fvb1	41	11296133	11296060	Asn	GTT	0	0	65.7	44.10	21.60	Inf	Asn	71.8	high confidence set
Fvb1	42	10424722	10424649	Thr	AGT	0	0	78.9	54.60	24.30	Inf	Thr	91.4	high confidence set
Fvb1	43	8053356	8053283	Ile	AAT	0	0	77.0	51.80	25.20	Inf	Ile	102.1	high confidence set
Fvb1	44	7358751	7358680	Glu	TTC	0	0	72.0	47.50	24.50	Inf	Glu	101.6	high confidence set
Fvb1	47	7305184	7305111	Ile	TAT	0	0	85.9	70.60	15.30	Inf	Ile	103.9	high confidence set
Fvb1	48	7207806	7207733	Asn	GTT	0	0	84.3	62.70	21.60	Inf	Asn	95.9	high confidence set
Fvb1	51	6701074	6701004	Gly	GCC	0	0	66.5	44.80	21.70	Inf	Gly	94.4	high confidence set
Fvb1	52	4250841	4250769	Glu	CTC	0	0	79.2	53.50	25.70	Inf	Glu	94.2	high confidence set
Fvb1	53	3382012	3381940	Lys	CTT	0	0	87.7	67.60	20.10	Inf	Lys	106.7	high confidence set
Fvb1	54	1898506	1898425	Ser	AGA	0	0	80.3	44.00	36.30	Inf	Ser	115.3	high confidence set
Fvb1	55	1892391	1892310	Ser	AGA	0	0	80.3	44.00	36.30	Inf	Ser	115.3	high confidence set
Fvb1	56	1803862	1803781	Ser	GCT	0	0	79.0	43.10	35.90	Inf	Ser	108.6	high confidence set
Fvb2	1	2995722	2995793	Pro	TGG	0	0	68.5	35.70	32.80	Inf	Pro	111.2	high confidence set
Fvb2	2	2996266	2996337	Pro	TGG	0	0	67.4	34.70	32.70	Inf	Pro	112.3	high confidence set
Fvb2	3	2996757	2996828	Pro	TGG	0	0	62.9	30.20	32.70	Inf	Pro	105.1	high confidence set
Fvb2	4	2997698	2997769	Pro	TGG	0	0	68.5	35.70	32.80	Inf	Pro	111.2	high confidence set
Fvb2	6	5217138	5217209	Thr	TGT	0	0	79.3	49.30	30.00	Inf	Thr	92.3	high confidence set
Fvb2	7	5664657	5664730	Ile	AAT	0	0	79.3	55.80	23.50	Inf	Ile	104.3	high confidence set
Fvb2	8	6199163	6199236	Ile	AAT	0	0	56.7	42.60	14.10	Inf	Ile	78.0	high confidence set
Fvb2	10	8302765	8302837	Lys	CTT	0	0	87.7	67.60	20.10	Inf	Lys	106.7	high confidence set
Fvb2	11	16902249	16902330	Ser	AGA	0	0	79.4	43.10	36.30	Inf	Ser	115.0	high confidence set
Fvb2	12	19063950	19064022	Ala	AGC	0	0	63.4	38.20	25.20	Inf	Ala	98.3	high confidence set
Fvb2	13	19777276	19777357	Ser	TGA	0	0	80.7	46.10	34.60	Inf	Ser	119.7	high confidence set
Fvb2	14	20066974	20067045	Pro	AGG	0	0	67.4	34.70	32.70	Inf	Pro	112.3	high confidence set
Fvb2	15	20344332	20344404	Ala	AGC	0	0	63.4	38.20	25.20	Inf	Ala	98.3	high confidence set
Fvb2	16	20518077	20518148	Asp	GTC	0	0	69.8	46.80	23.00	Inf	Asp	94.5	high confidence set
Fvb2	17	21947625	21947698	Ile	AAT	0	0	77.0	51.80	25.20	Inf	Ile	102.1	high confidence set
Fvb2	18	22726583	22726654	Cys	GCA	0	0	79.9	59.80	20.10	Inf	Cys	108.3	high confidence set
Fvb2	19	23955919	23955990	Asp	GTC	0	0	69.8	46.80	23.00	Inf	Asp	94.5	high confidence set
Fvb2	21	24743666	24743737	Asp	GTC	0	0	69.8	46.80	23.00	Inf	Asp	94.5	high confidence set
Fvb2	22	24849789	24849860	Pro	TGG	0	0	68.5	35.70	32.80	Inf	Pro	111.2	high confidence set
Fvb2	23	25011776	25011848	Ala	CGC	0	0	68.3	44.10	24.20	Inf	Ala	99.2	high confidence set
Fvb2	25	26547776	26547848	Phe	GAA	0	0	73.9	50.10	23.80	Inf	Phe	108.5	high confidence set
Fvb2	26	27548892	27548965	Val	AAC	0	0	62.0	41.50	20.50	Inf	Val	92.3	high confidence set
Fvb2	27	27741874	27741957	Leu	CAA	0	0	76.7	54.50	22.20	Inf	Leu	123.1	high confidence set
Fvb2	28	28140582	28140654	Glu	CTC	0	0	79.2	53.50	25.70	Inf	Glu	94.2	high confidence set
Fvb2	29	28513521	28513594	Thr	AGT	0	0	76.0	48.40	27.60	Inf	Thr	90.6	high confidence set
Fvb2	30	28521880	28521951	Glu	TTC	0	0	72.0	47.50	24.50	Inf	Glu	101.6	high confidence set
Fvb2	31	29110632	29110715	Leu	CAA	0	0	78.6	55.60	23.00	Inf	Leu	123.0	high confidence set
Fvb2	32	29269096	29269169	Ile	AAT	0	0	79.3	55.80	23.50	Inf	Ile	104.3	high confidence set
Fvb2	33	29060109	29060037	Phe	GAA	0	0	78.3	58.40	19.90	Inf	Phe	113.2	high confidence set
Fvb2	34	28428914	28428842	Ala	AGC	0	0	63.4	38.20	25.20	Inf	Ala	98.3	high confidence set
Fvb2	35	28227177	28227105	Glu	CTC	0	0	78.3	52.50	25.80	Inf	Glu	94.2	high confidence set
Fvb2	36	28031132	28031060	Val	TAC	0	0	73.9	47.50	26.40	Inf	Val	107.2	high confidence set
Fvb2	37	26280956	26280884	Ala	CGC	0	0	68.3	44.10	24.20	Inf	Ala	99.2	high confidence set
Fvb2	38	24919415	24919342	Thr	AGT	0	0	76.0	48.40	27.60	Inf	Thr	90.6	high confidence set
Fvb2	39	22742032	22741961	Gly	TCC	0	0	74.1	46.70	27.40	Inf	Gly	84.2	high confidence set
Fvb2	40	22695943	22695871	Arg	ACG	0	0	73.2	50.90	22.30	Inf	Arg	94.3	high confidence set
Fvb2	41	22592750	22592678	Arg	CCG	0	0	67.8	49.10	18.70	Inf	Arg	93.5	high confidence set
Fvb2	42	21560947	21560876	Gln	TTG	0	0	73.5	53.70	19.80	Inf	Gln	104.8	high confidence set
Fvb2	43	21560796	21560712	Met	CAT	21560758	21560748	64.5	41.30	23.20	Inf	Met	104.0	high confidence set
Fvb2	44	21213099	21213015	Met	CAT	21213061	21213051	64.5	41.30	23.20	Inf	Met	104.0	high confidence set
Fvb2	45	21070323	21070244	Leu	TAG	0	0	69.5	48.50	21.00	Inf	Leu	111.5	high confidence set
Fvb2	46	20546630	20546560	Gly	CCC	0	0	65.4	28.10	37.30	Inf	Gly	85.4	high confidence set
Fvb2	47	20298362	20298282	Leu	AAG	0	0	71.4	51.10	20.30	Inf	Leu	108.5	high confidence set
Fvb2	48	20292004	20291932	Arg	ACG	0	0	72.5	49.90	22.60	Inf	Arg	93.8	high confidence set
Fvb2	49	20182486	20182406	Leu	AAG	0	0	71.4	51.10	20.30	Inf	Leu	108.5	high confidence set
Fvb2	50	20122774	20122694	Leu	AAG	0	0	71.4	51.10	20.30	Inf	Leu	108.5	high confidence set
Fvb2	52	17832446	17832374	Arg	CCT	0	0	68.1	48.70	19.40	Inf	Arg	79.8	high confidence set
Fvb2	53	17386084	17385990	Met	CAT	17386046	17386026	63.9	40.40	23.50	Inf	Met	104.0	high confidence set
Fvb2	54	15969662	15969590	Lys	TTT	0	0	88.3	63.60	24.70	Inf	Lys	92.6	high confidence set
Fvb2	55	15276251	15276179	Lys	CTT	0	0	89.6	65.30	24.30	Inf	Lys	92.7	high confidence set
Fvb2	57	11706409	11706338	His	GTG	0	0	63.0	33.70	29.30	Inf	His	87.1	high confidence set
Fvb2	58	7608823	7608752	Glu	TTC	0	0	70.5	45.30	25.20	Inf	Glu	97.5	high confidence set
Fvb2	59	6051224	6051153	Asp	GTC	0	0	69.8	46.80	23.00	Inf	Asp	94.5	high confidence set
Fvb2	60	5174329	5174258	Cys	GCA	0	0	82.1	59.90	22.20	Inf	Cys	106.6	high confidence set
Fvb2	61	5141376	5141304	Arg	ACG	0	0	72.9	50.30	22.60	Inf	Arg	91.8	high confidence set
Fvb2	62	5085286	5085214	Arg	CCT	0	0	69.1	50.30	18.80	Inf	Arg	81.2	high confidence set
Fvb2	64	4863449	4863377	Arg	TCT	0	0	70.8	51.00	19.80	Inf	Arg	99.4	high confidence set
Fvb2	65	1387903	1387831	Glu	CTC	0	0	79.2	53.50	25.70	Inf	Glu	94.2	high confidence set
Fvb3	1	189988	190059	Thr	CGT	0	0	76.3	53.50	22.80	Inf	Thr	82.1	high confidence set
Fvb3	2	375558	375638	Leu	CAG	0	0	69.5	46.80	22.70	Inf	Leu	105.5	high confidence set
Fvb3	3	958449	958521	Phe	GAA	0	0	73.9	50.10	23.80	Inf	Phe	108.5	high confidence set
Fvb3	4	1136617	1136688	Asp	GTC	0	0	69.8	46.80	23.00	Inf	Asp	94.5	high confidence set
Fvb3	5	1202450	1202521	Trp	CCA	0	0	75.8	51.20	24.60	Inf	Trp	105.6	high confidence set
Fvb3	6	2260337	2260408	Asp	GTC	0	0	69.8	46.80	23.00	Inf	Asp	94.5	high confidence set
Fvb3	7	2847963	2848035	Val	TAC	0	0	71.2	38.40	32.80	Inf	Val	101.5	high confidence set
Fvb3	8	3961992	3962063	Asp	GTC	0	0	69.8	46.80	23.00	Inf	Asp	94.5	high confidence set
Fvb3	9	3978351	3978422	Asp	GTC	0	0	69.8	46.80	23.00	Inf	Asp	94.5	high confidence set
Fvb3	11	4682761	4682832	Gly	TCC	0	0	74.1	46.70	27.40	Inf	Gly	84.2	high confidence set
Fvb3	12	4700609	4700681	Ala	TGC	0	0	68.8	42.60	26.20	Inf	Ala	100.0	high confidence set
Fvb3	13	4722950	4723022	Ala	AGC	0	0	63.4	38.20	25.20	Inf	Ala	98.3	high confidence set
Fvb3	14	4745184	4745255	Pro	CGG	0	0	68.5	36.10	32.40	Inf	Pro	108.5	high confidence set
Fvb3	15	4820324	4820394	Gly	GCC	0	0	57.9	44.10	13.80	Inf	Gly	82.6	high confidence set
Fvb3	16	4940899	4940972	Ile	TAT	0	0	82.7	64.10	18.60	Inf	Ile	99.9	high confidence set
Fvb3	17	5120231	5120302	Pro	AGG	0	0	67.4	34.70	32.70	Inf	Pro	112.3	high confidence set
Fvb3	18	6554895	6554965	Gly	GCC	0	0	66.5	44.80	21.70	Inf	Gly	94.4	high confidence set
Fvb3	19	10759484	10759556	Arg	TCT	0	0	62.6	44.50	18.10	Inf	Arg	86.4	high confidence set
Fvb3	20	10859275	10859364	Met	CAT	10859313	10859328	64.1	40.60	23.50	Inf	Met	104.0	high confidence set
Fvb3	21	13544995	13545065	Gly	GCC	0	0	66.5	44.80	21.70	Inf	Gly	94.4	high confidence set
Fvb3	22	14118101	14118187	Ser	GGA	0	0	64.0	36.00	28.00	Inf	Ser	84.4	unexpected anticodon
Fvb3	24	14629506	14629577	Trp	CCA	0	0	75.1	50.10	25.00	Inf	Trp	105.0	high confidence set
Fvb3	25	21442422	21442495	Thr	AGT	0	0	76.0	48.40	27.60	Inf	Thr	90.6	high confidence set
Fvb3	26	22340552	22340636	Met	CAT	22340590	22340600	64.2	40.80	23.40	Inf	Met	104.0	high confidence set
Fvb3	27	23303166	23303247	Ser	GCT	0	0	79.0	43.10	35.90	Inf	Ser	108.6	high confidence set
Fvb3	28	28325159	28325231	Lys	CTT	0	0	85.1	62.70	22.40	Inf	Lys	105.3	high confidence set
Fvb3	29	28340874	28340944	Gly	GCC	0	0	59.3	41.90	17.40	Inf	Gly	86.1	high confidence set
Fvb3	30	29860115	29860187	Lys	TTT	0	0	90.5	66.90	23.60	Inf	Lys	95.4	high confidence set
Fvb3	31	30060041	30060114	Arg	TCG	0	0	82.3	61.00	21.30	Inf	Arg	91.9	high confidence set
Fvb3	32	30289817	30289888	Cys	GCA	0	0	82.1	59.90	22.20	Inf	Cys	106.6	high confidence set
Fvb3	33	30436121	30436203	Leu	TAA	0	0	68.4	29.10	39.30	Inf	Leu	90.1	high confidence set
Fvb3	34	31253035	31253106	Gly	TCC	0	0	74.1	46.70	27.40	Inf	Gly	84.2	high confidence set
Fvb3	36	33123188	33123259	Gln	TTG	0	0	73.5	53.70	19.80	Inf	Gln	104.8	high confidence set
Fvb3	38	33126153	33126224	Gln	CTG	0	0	73.8	50.10	23.70	Inf	Gln	107.5	high confidence set
Fvb3	39	33126600	33126671	Gln	CTG	0	0	79.9	55.30	24.60	Inf	Gln	107.0	high confidence set
Fvb3	40	33127070	33127141	Gln	CTG	0	0	68.9	48.70	20.20	Inf	Gln	104.4	high confidence set
Fvb3	41	33128279	33128350	Gln	TTG	0	0	65.3	49.20	16.10	Inf	Gln	98.1	high confidence set
Fvb3	42	33128637	33128708	Gln	TTG	0	0	72.5	52.60	19.90	Inf	Gln	104.2	high confidence set
Fvb3	43	33129170	33129241	Gln	CTG	0	0	71.4	47.60	23.80	Inf	Gln	104.9	high confidence set
Fvb3	44	33129467	33129538	Gln	TTG	0	0	72.5	52.60	19.90	Inf	Gln	104.2	high confidence set
Fvb3	45	33130164	33130235	Gln	TTG	0	0	70.0	49.80	20.20	Inf	Gln	101.2	high confidence set
Fvb3	47	33134856	33134927	Gln	TTG	0	0	73.5	53.70	19.80	Inf	Gln	104.8	high confidence set
Fvb3	48	33135490	33135561	Gln	TTG	0	0	77.4	54.00	23.40	Inf	Gln	107.3	high confidence set
Fvb3	49	33136020	33136091	Gln	TTG	0	0	71.5	51.60	19.90	Inf	Gln	104.2	high confidence set
Fvb3	50	33213999	33214070	His	GTG	0	0	63.0	33.70	29.30	Inf	His	87.1	high confidence set
Fvb3	51	33376207	33376279	Glu	CTC	0	0	79.2	53.50	25.70	Inf	Glu	94.2	high confidence set
Fvb3	52	33530479	33530550	Pro	AGG	0	0	67.4	34.70	32.70	Inf	Pro	112.3	high confidence set
Fvb3	53	33676188	33676258	Gly	GCC	0	0	66.5	44.80	21.70	Inf	Gly	94.4	high confidence set
Fvb3	54	33678726	33678796	Gly	GCC	0	0	66.5	44.80	21.70	Inf	Gly	94.4	high confidence set
Fvb3	55	34245248	34245320	Arg	CCT	0	0	66.6	45.40	21.20	Inf	Arg	78.6	high confidence set
Fvb3	56	36490510	36490591	Ser	CGA	0	0	73.5	45.00	28.50	Inf	Ser	114.5	high confidence set
Fvb3	57	37584846	37584917	Gly	TCC	0	0	74.1	46.70	27.40	Inf	Gly	84.2	high confidence set
Fvb3	58	37624823	37624752	iMet	CAT	0	0	58.3	28.10	30.20	Inf	iMet	118.7	high confidence set
Fvb3	59	34052663	34052593	Gly	GCC	0	0	66.5	44.80	21.70	Inf	Gly	94.4	high confidence set
Fvb3	60	33982500	33982428	Phe	GAA	0	0	73.9	50.10	23.80	Inf	Phe	108.5	high confidence set
Fvb3	61	33378448	33378377	Glu	TTC	0	0	70.5	45.30	25.20	Inf	Glu	97.5	high confidence set
Fvb3	62	33315788	33315715	Ile	TAT	0	0	85.9	70.60	15.30	Inf	Ile	103.9	high confidence set
Fvb3	63	33213761	33213690	His	GTG	0	0	63.0	33.70	29.30	Inf	His	87.1	high confidence set
Fvb3	64	32665542	32665470	Phe	GAA	0	0	73.9	50.10	23.80	Inf	Phe	108.5	high confidence set
Fvb3	65	32423746	32423675	Gly	TCC	0	0	60.9	42.70	18.20	Inf	Gly	74.0	high confidence set
Fvb3	67	30918377	30918304	Thr	AGT	0	0	78.9	54.60	24.30	Inf	Thr	91.4	high confidence set
Fvb3	68	30889497	30889424	Asn	GTT	0	0	86.2	61.00	25.20	Inf	Asn	93.9	high confidence set
Fvb3	69	30823102	30823031	Gly	TCC	0	0	74.1	46.70	27.40	Inf	Gly	84.2	high confidence set
Fvb3	70	30505254	30505181	Val	AAC	0	0	72.5	48.10	24.40	Inf	Val	100.2	high confidence set
Fvb3	71	30121296	30121225	His	GTG	0	0	63.0	33.70	29.30	Inf	His	87.1	high confidence set
Fvb3	72	30060400	30060328	Val	TAC	0	0	73.9	47.50	26.40	Inf	Val	107.2	high confidence set
Fvb3	73	30060248	30060176	Val	TAC	0	0	73.9	47.50	26.40	Inf	Val	107.2	high confidence set
Fvb3	74	29899980	29899909	iMet	CAT	0	0	58.3	28.10	30.20	Inf	iMet	118.7	high confidence set
Fvb3	75	28180581	28180510	Pro	AGG	0	0	67.4	34.70	32.70	Inf	Pro	112.3	high confidence set
Fvb3	76	24459405	24459332	Asn	GTT	0	0	86.2	61.00	25.20	Inf	Asn	93.9	high confidence set
Fvb3	77	23294710	23294638	Arg	TCT	0	0	68.8	51.20	17.60	Inf	Arg	94.8	high confidence set
Fvb3	78	18620872	18620801	Gln	CTG	0	0	75.3	51.20	24.10	Inf	Gln	103.1	high confidence set
Fvb3	79	16034808	16034719	Met	CAT	16034770	16034755	55.4	31.90	23.50	Inf	Met	88.3	high confidence set
Fvb3	80	14142976	14142905	Gln	CTG	0	0	75.3	51.20	24.10	Inf	Gln	103.1	high confidence set
Fvb3	81	13916469	13916397	Phe	GAA	0	0	73.9	50.10	23.80	Inf	Phe	108.5	high confidence set
Fvb3	82	13799517	13799446	Gln	CTG	0	0	75.3	51.20	24.10	Inf	Gln	103.1	high confidence set
Fvb3	83	12024697	12024624	Ile	TAT	0	0	85.9	70.60	15.30	Inf	Ile	103.9	high confidence set
Fvb3	84	9284318	9284246	Arg	CCG	0	0	65.5	47.30	18.20	Inf	Arg	91.7	high confidence set
Fvb3	85	5845005	5844915	Tyr	GTA	5844968	5844951	72.0	39.00	33.00	Inf	Tyr	110.0	high confidence set
Fvb3	87	4844974	4844902	Glu	CTC	0	0	79.2	53.50	25.70	Inf	Glu	94.2	high confidence set
Fvb3	88	4837501	4837431	Gly	GCC	0	0	66.5	44.80	21.70	Inf	Gly	94.4	high confidence set
Fvb3	89	4806083	4806010	Ile	TAT	0	0	78.4	63.40	15.00	Inf	Ile	91.4	high confidence set
Fvb3	90	4330708	4330635	Ile	AAT	0	0	77.0	51.80	25.20	Inf	Ile	102.1	high confidence set
Fvb3	91	3386084	3386012	Arg	ACG	0	0	72.9	50.30	22.60	Inf	Arg	91.8	high confidence set
Fvb3	92	3385931	3385848	Leu	CAA	0	0	70.3	54.80	15.50	Inf	Leu	115.1	high confidence set
Fvb3	94	2138207	2138124	Leu	CAA	0	0	78.0	54.20	23.80	Inf	Leu	117.4	high confidence set
Fvb3	95	2061123	2061050	Thr	AGT	0	0	78.9	54.60	24.30	Inf	Thr	91.4	high confidence set
Fvb3	96	937340	937267	Arg	TCG	0	0	81.9	60.40	21.50	Inf	Arg	92.9	high confidence set
Fvb3	97	870362	870283	Leu	TAG	0	0	69.5	48.50	21.00	Inf	Leu	111.5	high confidence set
Fvb3	98	290923	290852	iMet	CAT	0	0	58.3	28.10	30.20	Inf	iMet	118.7	high confidence set
Fvb3	99	202908	202835	Ile	AAT	0	0	79.3	55.80	23.50	Inf	Ile	104.3	high confidence set
Fvb3	100	155471	155399	Phe	GAA	0	0	68.5	48.60	19.90	Inf	Phe	101.7	high confidence set
Fvb3	101	150534	150462	Phe	GAA	0	0	73.9	50.10	23.80	Inf	Phe	108.5	high confidence set
Fvb4	1	4359340	4359421	Ser	AGA	0	0	79.4	43.10	36.30	Inf	Ser	115.0	high confidence set
Fvb4	2	4424610	4424682	Lys	CTT	0	0	85.1	62.70	22.40	Inf	Lys	105.3	high confidence set
Fvb4	3	5542656	5542727	Pro	AGG	0	0	67.4	34.70	32.70	Inf	Pro	112.3	high confidence set
Fvb4	4	7075127	7075199	Lys	CTT	0	0	87.7	67.60	20.10	Inf	Lys	106.7	high confidence set
Fvb4	5	14520537	14520608	Thr	TGT	0	0	84.3	58.00	26.30	Inf	Thr	93.3	high confidence set
Fvb4	6	22899332	22899405	Thr	AGT	0	0	76.0	48.40	27.60	Inf	Thr	90.6	high confidence set
Fvb4	7	23914922	23914992	Gly	GCC	0	0	66.5	44.80	21.70	Inf	Gly	94.4	high confidence set
Fvb4	10	24255867	24255939	Phe	GAA	0	0	67.0	50.30	16.70	Inf	Phe	100.6	high confidence set
Fvb4	11	25106375	25106465	Tyr	GTA	25106412	25106429	72.0	38.70	33.30	Inf	Tyr	110.0	high confidence set
Fvb4	12	25377097	25377177	Leu	AAG	0	0	71.4	51.10	20.30	Inf	Leu	108.5	high confidence set
Fvb4	13	25695893	25695972	Leu	TAG	0	0	70.9	50.70	20.20	Inf	Leu	109.5	high confidence set
Fvb4	15	27134606	27134677	Thr	TGT	0	0	79.3	49.30	30.00	Inf	Thr	92.3	high confidence set
Fvb4	16	29624220	29624291	Asp	GTC	0	0	56.3	45.50	10.80	Inf	Asp	75.5	high confidence set
Fvb4	17	29693293	29693364	Asp	GTC	0	0	62.3	39.70	22.60	Inf	Asp	86.4	high confidence set
Fvb4	18	29801640	29801721	Ser	AGA	0	0	80.3	44.00	36.30	Inf	Ser	115.3	high confidence set
Fvb4	19	29895662	29895735	Asn	GTT	0	0	83.7	58.60	25.10	Inf	Asn	90.4	high confidence set
Fvb4	20	30059303	30059376	Thr	AGT	0	0	76.0	48.40	27.60	Inf	Thr	90.6	high confidence set
Fvb4	21	31041564	31041636	Glu	CTC	0	0	79.2	53.50	25.70	Inf	Glu	94.2	high confidence set
Fvb4	22	31229656	31229726	Gly	GCC	0	0	66.5	44.80	21.70	Inf	Gly	94.4	high confidence set
Fvb4	23	31579216	31579288	Lys	CTT	0	0	87.7	67.60	20.10	Inf	Lys	106.7	high confidence set
Fvb4	24	31738204	31738276	Lys	TTT	0	0	90.5	66.90	23.60	Inf	Lys	95.4	high confidence set
Fvb4	25	32818554	32818624	Gly	GCC	0	0	66.5	44.80	21.70	Inf	Gly	94.4	high confidence set
Fvb4	26	32888590	32888661	Cys	GCA	0	0	81.5	57.60	23.90	Inf	Cys	108.1	high confidence set
Fvb4	27	33710690	33710619	Thr	TGT	0	0	84.3	58.00	26.30	Inf	Thr	93.3	high confidence set
Fvb4	28	33623629	33623557	Ala	AGC	0	0	63.4	38.20	25.20	Inf	Ala	98.3	high confidence set
Fvb4	29	32476294	32476221	Val	AAC	0	0	72.5	48.10	24.40	Inf	Val	100.2	high confidence set
Fvb4	30	31986778	31986707	His	GTG	0	0	63.0	33.70	29.30	Inf	His	87.1	high confidence set
Fvb4	31	31910622	31910550	Arg	ACG	0	0	72.9	50.30	22.60	Inf	Arg	91.8	high confidence set
Fvb4	32	31217845	31217764	Ser	AGA	0	0	80.3	44.00	36.30	Inf	Ser	115.3	high confidence set
Fvb4	33	31064919	31064849	Gly	GCC	0	0	66.5	44.80	21.70	Inf	Gly	94.4	high confidence set
Fvb4	34	30943671	30943589	Leu	TAA	0	0	70.5	32.60	37.90	Inf	Leu	94.1	high confidence set
Fvb4	36	30128122	30128051	Trp	CCA	0	0	75.8	51.20	24.60	Inf	Trp	105.6	high confidence set
Fvb4	37	30103395	30103322	Asn	GTT	0	0	86.2	61.00	25.20	Inf	Asn	93.9	high confidence set
Fvb4	38	29538774	29538702	Lys	CTT	0	0	87.7	67.60	20.10	Inf	Lys	106.7	high confidence set
Fvb4	39	27594892	27594820	Arg	ACG	0	0	72.6	49.80	22.80	Inf	Arg	89.8	high confidence set
Fvb4	40	27417399	27417327	Ala	TGC	0	0	68.8	42.60	26.20	Inf	Ala	100.0	high confidence set
Fvb4	41	27417240	27417168	Lys	TTT	0	0	90.5	66.90	23.60	Inf	Lys	95.4	high confidence set
Fvb4	42	26986251	26986180	Glu	TTC	0	0	70.5	45.30	25.20	Inf	Glu	97.5	high confidence set
Fvb4	43	26299797	26299715	Leu	TAA	0	0	70.2	31.90	38.30	Inf	Leu	93.5	high confidence set
Fvb4	44	26127356	26127276	Leu	AAG	0	0	71.4	51.10	20.30	Inf	Leu	108.5	high confidence set
Fvb4	45	26092487	26092415	Ala	TGC	0	0	69.1	43.70	25.40	Inf	Ala	100.1	high confidence set
Fvb4	46	25730976	25730905	Gln	TTG	0	0	73.5	53.70	19.80	Inf	Gln	104.8	high confidence set
Fvb4	47	25532820	25532748	Lys	CTT	0	0	87.7	67.60	20.10	Inf	Lys	106.7	high confidence set
Fvb4	48	24253492	24253420	Ala	TGC	0	0	63.7	38.60	25.10	Inf	Ala	96.5	high confidence set
Fvb4	49	20912302	20912231	Pro	TGG	0	0	68.5	35.70	32.80	Inf	Pro	111.2	high confidence set
Fvb4	50	20362505	20362432	Asn	GTT	0	0	84.5	59.40	25.10	Inf	Asn	95.9	high confidence set
Fvb4	51	19982671	19982598	Val	AAC	0	0	72.5	48.10	24.40	Inf	Val	100.2	high confidence set
Fvb4	52	17242699	17242609	Tyr	GTA	17242662	17242645	72.0	38.70	33.30	Inf	Tyr	110.0	high confidence set
Fvb4	56	10164630	10164559	Pro	AGG	0	0	71.8	45.40	26.40	Inf	Pro	90.5	high confidence set
Fvb4	57	5586233	5586144	Met	CAT	5586195	5586180	64.1	40.60	23.50	Inf	Met	104.0	high confidence set
Fvb4	58	3599832	3599760	Ala	AGC	0	0	63.4	38.20	25.20	Inf	Ala	98.3	high confidence set
Fvb5	1	337985	338058	Val	AAC	0	0	72.5	48.10	24.40	Inf	Val	100.2	high confidence set
Fvb5	2	1431155	1431227	Phe	GAA	0	0	73.9	50.10	23.80	Inf	Phe	108.5	high confidence set
Fvb5	3	1758019	1758091	Ala	AGC	0	0	63.4	38.20	25.20	Inf	Ala	98.3	high confidence set
Fvb5	4	1758737	1758808	Trp	CCA	0	0	75.8	51.20	24.60	Inf	Trp	105.6	high confidence set
Fvb5	5	2573036	2573117	Ser	GCT	0	0	64.6	42.00	22.60	Inf	Ser	87.3	high confidence set
Fvb5	6	2930004	2930075	Gln	CTG	0	0	73.6	48.50	25.10	Inf	Gln	102.5	high confidence set
Fvb5	7	3060248	3060327	Leu	TAG	0	0	69.5	48.50	21.00	Inf	Leu	111.5	high confidence set
Fvb5	8	3061469	3061548	Leu	TAG	0	0	69.5	48.50	21.00	Inf	Leu	111.5	high confidence set
Fvb5	9	4850233	4850305	Ala	AGC	0	0	63.4	38.20	25.20	Inf	Ala	98.3	high confidence set
Fvb5	10	4851532	4851604	Ala	AGC	0	0	63.4	38.20	25.20	Inf	Ala	98.3	high confidence set
Fvb5	11	4855195	4855275	Leu	AAG	0	0	71.4	51.10	20.30	Inf	Leu	108.5	high confidence set
Fvb5	12	4896134	4896215	Ser	TGA	0	0	80.7	46.10	34.60	Inf	Ser	119.7	high confidence set
Fvb5	13	5198999	5199070	Gln	TTG	0	0	73.5	53.70	19.80	Inf	Gln	104.8	high confidence set
Fvb5	14	6265901	6265972	Gln	CTG	0	0	73.6	48.50	25.10	Inf	Gln	102.5	high confidence set
Fvb5	15	6386313	6386386	Val	AAC	0	0	72.5	48.10	24.40	Inf	Val	100.2	high confidence set
Fvb5	16	6513564	6513634	Gly	CCC	0	0	65.4	28.10	37.30	Inf	Gly	85.4	high confidence set
Fvb5	17	6537755	6537828	Val	AAC	0	0	72.5	48.10	24.40	Inf	Val	100.2	high confidence set
Fvb5	18	6639735	6639808	Val	AAC	0	0	72.5	48.10	24.40	Inf	Val	100.2	high confidence set
Fvb5	19	7077169	7077241	Ala	CGC	0	0	68.2	44.00	24.20	Inf	Ala	95.8	high confidence set
Fvb5	20	7750019	7750090	Thr	CGT	0	0	82.2	57.60	24.60	Inf	Thr	90.2	high confidence set
Fvb5	21	9228615	9228696	Ser	AGA	0	0	80.3	44.00	36.30	Inf	Ser	115.3	high confidence set
Fvb5	22	9532704	9532784	Leu	CAG	0	0	69.5	46.80	22.70	Inf	Leu	109.7	high confidence set
Fvb5	23	9855152	9855223	Gly	TCC	0	0	74.1	46.70	27.40	Inf	Gly	84.2	high confidence set
Fvb5	24	11820783	11820855	Glu	CTC	0	0	79.2	53.50	25.70	Inf	Glu	94.2	high confidence set
Fvb5	25	11965998	11966070	Lys	CTT	0	0	87.7	67.60	20.10	Inf	Lys	106.7	high confidence set
Fvb5	26	12303025	12303097	Glu	CTC	0	0	79.2	53.50	25.70	Inf	Glu	94.2	high confidence set
Fvb5	27	13096204	13096275	Cys	GCA	0	0	82.1	59.90	22.20	Inf	Cys	106.6	high confidence set
Fvb5	28	14007455	14007526	Trp	CCA	0	0	75.8	51.20	24.60	Inf	Trp	105.6	high confidence set
Fvb5	31	18157929	18158000	Asp	GTC	0	0	69.8	46.80	23.00	Inf	Asp	94.5	high confidence set
Fvb5	34	19947711	19947787	Ala	TGC	0	0	63.5	44.30	19.20	Inf	Ala	91.2	high confidence set
Fvb5	35	24384704	24384787	Leu	CAA	0	0	78.0	54.20	23.80	Inf	Leu	117.4	high confidence set
Fvb5	36	26059066	26059147	Ser	GCT	0	0	80.5	45.20	35.30	Inf	Ser	109.5	high confidence set
Fvb5	37	27136219	27136303	Met	CAT	27136257	27136267	64.5	41.30	23.20	Inf	Met	104.0	high confidence set
Fvb5	38	28422502	28422574	Arg	TCT	0	0	68.8	51.20	17.60	Inf	Arg	94.8	high confidence set
Fvb5	39	28417876	28417805	Trp	CCA	0	0	75.8	51.20	24.60	Inf	Trp	105.6	high confidence set
Fvb5	40	28347436	28347356	Leu	AAG	0	0	60.7	45.60	15.10	Inf	Leu	91.2	high confidence set
Fvb5	41	27004011	27003940	Trp	CCA	0	0	75.1	50.10	25.00	Inf	Trp	105.0	high confidence set
Fvb5	43	24839019	24838948	Trp	CCA	0	0	75.1	50.10	25.00	Inf	Trp	105.0	high confidence set
Fvb5	44	19919702	19919629	Arg	TCG	0	0	81.9	60.40	21.50	Inf	Arg	92.9	high confidence set
Fvb5	46	16016285	16016213	Glu	CTC	0	0	79.2	53.50	25.70	Inf	Glu	94.2	high confidence set
Fvb5	48	12130932	12130861	Gly	TCC	0	0	74.1	46.70	27.40	Inf	Gly	84.2	high confidence set
Fvb5	49	12116379	12116308	Trp	CCA	0	0	75.1	50.10	25.00	Inf	Trp	105.0	high confidence set
Fvb5	50	11556444	11556354	Met	CAT	11556406	11556390	64.0	40.60	23.40	Inf	Met	104.0	high confidence set
Fvb5	51	10749900	10749828	Arg	CCG	0	0	64.2	47.30	16.90	Inf	Arg	88.3	high confidence set
Fvb5	52	8512595	8512515	Leu	CAG	0	0	60.1	41.00	19.10	Inf	Leu	98.9	high confidence set
Fvb5	53	8338571	8338498	Ile	AAT	0	0	79.3	55.80	23.50	Inf	Ile	104.3	high confidence set
Fvb5	54	7580339	7580266	Ile	AAT	0	0	77.0	51.80	25.20	Inf	Ile	102.1	high confidence set
Fvb5	56	6613324	6613243	Ser	TGA	0	0	80.7	46.10	34.60	Inf	Ser	119.7	high confidence set
Fvb5	57	5658336	5658255	Ser	AGA	0	0	79.4	43.10	36.30	Inf	Ser	115.0	high confidence set
Fvb5	58	3982931	3982850	Ser	AGA	0	0	79.4	43.10	36.30	Inf	Ser	115.0	high confidence set
Fvb5	59	3980326	3980245	Ser	AGA	0	0	80.3	44.00	36.30	Inf	Ser	115.3	high confidence set
Fvb5	60	2936940	2936869	Cys	GCA	0	0	82.1	59.90	22.20	Inf	Cys	106.6	high confidence set
Fvb5	61	2325106	2325035	iMet	CAT	0	0	57.5	27.40	30.10	Inf	iMet	120.7	high confidence set
Fvb5	62	2096303	2096220	Leu	CAA	0	0	78.0	54.20	23.80	Inf	Leu	117.4	high confidence set
Fvb5	63	1655873	1655802	Thr	TGT	0	0	84.3	58.00	26.30	Inf	Thr	93.3	high confidence set
Fvb5	64	1516278	1516205	Ile	AAT	0	0	79.3	55.80	23.50	Inf	Ile	104.3	high confidence set
Fvb5	65	1465860	1465789	Asp	GTC	0	0	69.8	46.80	23.00	Inf	Asp	94.5	high confidence set
Fvb5	66	1430692	1430621	Cys	GCA	0	0	82.1	59.90	22.20	Inf	Cys	106.6	high confidence set
Fvb5	67	883397	883326	Gly	TCC	0	0	74.1	46.70	27.40	Inf	Gly	84.2	high confidence set
Fvb5	68	460249	460177	Lys	CTT	0	0	87.7	67.60	20.10	Inf	Lys	106.7	high confidence set
Fvb5	69	147048	146977	Pro	AGG	0	0	67.4	34.70	32.70	Inf	Pro	112.3	high confidence set
Fvb6	1	402723	402794	Asp	GTC	0	0	69.8	46.80	23.00	Inf	Asp	94.5	high confidence set
Fvb6	2	772283	772355	Arg	ACG	0	0	72.5	49.90	22.60	Inf	Arg	93.8	high confidence set
Fvb6	3	1708594	1708664	Gly	GCC	0	0	66.5	44.80	21.70	Inf	Gly	94.4	high confidence set
Fvb6	4	1712418	1712488	Gly	GCC	0	0	66.5	44.80	21.70	Inf	Gly	94.4	high confidence set
Fvb6	5	1843164	1843236	Phe	GAA	0	0	73.9	50.10	23.80	Inf	Phe	108.5	high confidence set
Fvb6	6	1904058	1904130	Lys	TTT	0	0	88.3	63.60	24.70	Inf	Lys	92.6	high confidence set
Fvb6	7	2958598	2958670	Ala	CGC	0	0	68.2	44.00	24.20	Inf	Ala	95.8	high confidence set
Fvb6	8	4942735	4942807	Phe	GAA	0	0	73.9	50.10	23.80	Inf	Phe	108.5	high confidence set
Fvb6	9	6541183	6541264	Ser	CGA	0	0	78.9	46.60	32.30	Inf	Ser	122.0	high confidence set
Fvb6	10	7477986	7478058	Glu	CTC	0	0	65.5	52.50	13.00	Inf	Glu	80.5	high confidence set
Fvb6	11	7852445	7852518	Val	CAC	0	0	79.3	48.30	31.00	Inf	Val	104.5	high confidence set
Fvb6	13	8591781	8591854	Val	AAC	0	0	72.5	48.10	24.40	Inf	Val	100.2	high confidence set
Fvb6	14	8596652	8596722	Gly	CCC	0	0	65.4	28.10	37.30	Inf	Gly	85.4	high confidence set
Fvb6	15	9703215	9703286	Pro	AGG	0	0	67.4	34.70	32.70	Inf	Pro	112.3	high confidence set
Fvb6	16	10490149	10490239	Tyr	GTA	10490186	10490203	74.3	42.80	31.50	Inf	Tyr	111.8	high confidence set
Fvb6	17	10510131	10510204	Ile	AAT	0	0	79.3	55.80	23.50	Inf	Ile	104.3	high confidence set
Fvb6	18	11758027	11758107	Leu	AAG	0	0	68.1	52.20	15.90	Inf	Leu	96.3	high confidence set
Fvb6	19	13239961	13240041	Leu	TAG	0	0	59.4	40.90	18.50	Inf	Leu	93.2	high confidence set
Fvb6	20	15978534	15978606	Ala	TGC	0	0	54.1	36.80	17.30	Inf	Ala	84.2	high confidence set
Fvb6	22	20138107	20138177	Gly	GCC	0	0	59.0	37.60	21.40	Inf	Gly	85.7	high confidence set
Fvb6	23	22949564	22949635	Gln	CTG	0	0	71.2	46.00	25.20	Inf	Gln	99.7	high confidence set
Fvb6	24	24254287	24254360	Arg	TCG	0	0	82.3	61.00	21.30	Inf	Arg	91.9	high confidence set
Fvb6	25	24761301	24761372	iMet	CAT	0	0	58.3	28.10	30.20	Inf	iMet	118.7	high confidence set
Fvb6	26	24848837	24848910	Thr	AGT	0	0	73.6	45.20	28.40	Inf	Thr	88.6	high confidence set
Fvb6	27	25135917	25135989	Arg	TCT	0	0	70.4	50.20	20.20	Inf	Arg	95.3	high confidence set
Fvb6	29	29307952	29308024	Lys	TTT	0	0	90.5	66.90	23.60	Inf	Lys	95.4	high confidence set
Fvb6	30	30651367	30651448	Ser	GCT	0	0	79.0	43.10	35.90	Inf	Ser	108.6	high confidence set
Fvb6	32	32105199	32105270	His	GTG	0	0	63.0	33.70	29.30	Inf	His	86.8	high confidence set
Fvb6	33	32505373	32505453	Leu	CAG	0	0	69.5	46.80	22.70	Inf	Leu	109.7	high confidence set
Fvb6	34	33099196	33099267	His	GTG	0	0	63.0	33.70	29.30	Inf	His	87.1	high confidence set
Fvb6	35	33458590	33458663	Asn	GTT	0	0	86.2	61.00	25.20	Inf	Asn	93.9	high confidence set
Fvb6	36	33751184	33751256	Ala	AGC	0	0	63.4	38.20	25.20	Inf	Ala	98.3	high confidence set
Fvb6	37	34490856	34490927	Asp	GTC	0	0	69.8	46.80	23.00	Inf	Asp	94.5	high confidence set
Fvb6	38	34574629	34574707	Gln	CTG	0	0	62.6	39.90	22.70	Inf	Gln	89.7	high confidence set
Fvb6	39	34835494	34835564	Gly	CCC	0	0	65.4	28.10	37.30	Inf	Gly	85.4	high confidence set
Fvb6	40	35158094	35158167	Ile	AAT	0	0	79.3	55.80	23.50	Inf	Ile	104.3	high confidence set
Fvb6	41	35430609	35430682	Ile	AAT	0	0	77.0	51.80	25.20	Inf	Ile	102.1	high confidence set
Fvb6	42	36244304	36244376	Ala	TGC	0	0	69.1	43.30	25.80	Inf	Ala	101.9	high confidence set
Fvb6	44	38569926	38569997	Glu	TTC	0	0	70.5	45.30	25.20	Inf	Glu	97.5	high confidence set
Fvb6	45	39080761	39080832	His	GTG	0	0	63.0	33.70	29.30	Inf	His	86.8	high confidence set
Fvb6	46	39326325	39326406	Ser	TGA	0	0	80.7	46.10	34.60	Inf	Ser	119.7	high confidence set
Fvb6	47	39566777	39566849	Lys	CTT	0	0	87.7	67.60	20.10	Inf	Lys	106.7	high confidence set
Fvb6	48	39474250	39474179	Gln	TTG	0	0	73.5	53.70	19.80	Inf	Gln	104.8	high confidence set
Fvb6	49	38263881	38263810	Asp	GTC	0	0	69.8	46.80	23.00	Inf	Asp	94.5	high confidence set
Fvb6	50	37816671	37816600	Pro	TGG	0	0	66.3	31.40	34.90	Inf	Pro	105.9	high confidence set
Fvb6	51	37424312	37424240	Arg	CCT	0	0	69.1	50.30	18.80	Inf	Arg	81.2	high confidence set
Fvb6	52	37332073	37332000	Asn	GTT	0	0	83.3	58.10	25.20	Inf	Asn	93.9	high confidence set
Fvb6	53	36982406	36982334	Ala	AGC	0	0	63.4	38.20	25.20	Inf	Ala	98.3	high confidence set
Fvb6	55	35704829	35704757	Ala	TGC	0	0	68.8	42.60	26.20	Inf	Ala	100.0	high confidence set
Fvb6	56	35456294	35456222	Glu	CTC	0	0	79.2	53.50	25.70	Inf	Glu	94.2	high confidence set
Fvb6	57	34623121	34623050	Glu	TTC	0	0	70.5	45.30	25.20	Inf	Glu	97.5	high confidence set
Fvb6	58	34497822	34497751	Asp	GTC	0	0	69.8	46.80	23.00	Inf	Asp	94.5	high confidence set
Fvb6	59	33829588	33829501	Tyr	GTA	33829551	33829537	72.1	38.90	33.20	Inf	Tyr	110.0	high confidence set
Fvb6	60	33424252	33424179	Asn	GTT	0	0	83.7	58.60	25.10	Inf	Asn	90.4	high confidence set
Fvb6	61	28988317	28988245	Glu	CTC	0	0	79.2	53.50	25.70	Inf	Glu	94.2	high confidence set
Fvb6	62	27672816	27672735	Ser	GCT	0	0	79.0	43.10	35.90	Inf	Ser	108.6	high confidence set
Fvb6	63	27655798	27655717	Ser	GCT	0	0	79.0	43.10	35.90	Inf	Ser	108.6	high confidence set
Fvb6	65	25078024	25077951	Asn	GTT	0	0	86.2	61.00	25.20	Inf	Asn	93.9	high confidence set
Fvb6	66	25062772	25062700	Glu	CTC	0	0	79.2	53.50	25.70	Inf	Glu	94.2	high confidence set
Fvb6	67	25008707	25008626	Ser	CGA	0	0	78.9	46.60	32.30	Inf	Ser	122.0	high confidence set
Fvb6	68	16218650	16218578	Ala	AGC	0	0	63.4	38.20	25.20	Inf	Ala	98.3	high confidence set
Fvb6	69	15119307	15119236	Gly	TCC	0	0	74.1	46.70	27.40	Inf	Gly	84.2	high confidence set
Fvb6	70	15008658	15008587	iMet	CAT	0	0	58.3	28.10	30.20	Inf	iMet	118.7	high confidence set
Fvb6	71	14744396	14744324	Arg	CCT	0	0	72.6	51.90	20.70	Inf	Arg	83.4	high confidence set
Fvb6	72	14317686	14317615	Asp	GTC	0	0	69.8	46.80	23.00	Inf	Asp	94.5	high confidence set
Fvb6	73	12898588	12898515	Asn	GTT	0	0	84.5	59.40	25.10	Inf	Asn	95.9	high confidence set
Fvb6	74	12861662	12861583	Leu	TAG	0	0	70.9	50.70	20.20	Inf	Leu	109.5	high confidence set
Fvb6	76	12669754	12669683	Pro	CGG	0	0	68.5	36.10	32.40	Inf	Pro	108.5	high confidence set
Fvb6	77	11667616	11667534	Leu	TAA	0	0	71.9	34.50	37.40	Inf	Leu	95.0	high confidence set
Fvb6	80	10453335	10453264	Asp	GTC	0	0	69.8	46.80	23.00	Inf	Asp	94.5	high confidence set
Fvb6	81	9004545	9004472	Arg	TCG	0	0	82.3	61.00	21.30	Inf	Arg	91.9	high confidence set
Fvb6	82	8645591	8645520	His	GTG	0	0	63.0	33.70	29.30	Inf	His	86.8	high confidence set
Fvb6	83	8283328	8283256	Lys	TTT	0	0	90.5	66.90	23.60	Inf	Lys	95.4	high confidence set
Fvb6	85	7726459	7726389	Gly	GCC	0	0	66.5	44.80	21.70	Inf	Gly	94.4	high confidence set
Fvb6	86	7686455	7686384	Pro	AGG	0	0	67.4	34.70	32.70	Inf	Pro	112.3	high confidence set
Fvb6	88	6308985	6308915	Gln	TTG	0	0	59.7	43.70	16.00	Inf	Gln	89.6	high confidence set
Fvb6	89	6063377	6063285	Tyr	GTA	6063340	6063321	71.9	38.60	33.30	Inf	Tyr	110.0	high confidence set
Fvb6	90	5842951	5842880	His	GTG	0	0	63.0	33.70	29.30	Inf	His	86.8	high confidence set
Fvb6	91	4760857	4760785	Val	TAC	0	0	72.0	45.60	26.40	Inf	Val	103.4	high confidence set
Fvb6	92	4518171	4518099	Val	TAC	0	0	73.9	47.50	26.40	Inf	Val	107.2	high confidence set
Fvb6	93	4361989	4361918	Pro	CGG	0	0	68.5	36.10	32.40	Inf	Pro	108.5	high confidence set
Fvb6	94	4314096	4314025	Asp	GTC	0	0	69.8	46.80	23.00	Inf	Asp	94.5	high confidence set
Fvb6	95	3749238	3749168	Gly	CCC	0	0	65.4	28.10	37.30	Inf	Gly	85.4	high confidence set
Fvb6	96	2958476	2958395	Ser	TGA	0	0	80.7	46.10	34.60	Inf	Ser	119.7	high confidence set
Fvb6	97	2633550	2633479	Pro	TGG	0	0	68.5	35.70	32.80	Inf	Pro	111.2	high confidence set
Fvb6	98	1321660	1321579	Ser	TGA	0	0	80.7	46.00	34.70	Inf	Ser	111.5	high confidence set
Fvb6	99	842968	842897	iMet	CAT	0	0	58.3	28.10	30.20	Inf	iMet	118.7	high confidence set
Fvb7	1	1587832	1587903	Thr	CGT	0	0	80.2	53.70	26.50	Inf	Thr	86.8	high confidence set
Fvb7	2	2423244	2423316	Glu	CTC	0	0	79.2	53.50	25.70	Inf	Glu	94.2	high confidence set
Fvb7	4	8329990	8330063	Val	CAC	0	0	79.3	48.30	31.00	Inf	Val	104.5	high confidence set
Fvb7	5	11328069	11328140	Thr	TGT	0	0	79.3	49.30	30.00	Inf	Thr	92.3	high confidence set
Fvb7	6	12075586	12075657	iMet	CAT	0	0	58.3	28.10	30.20	Inf	iMet	118.7	high confidence set
Fvb7	8	12944713	12944800	Tyr	GTA	12944750	12944764	74.4	42.90	31.50	Inf	Tyr	111.8	high confidence set
Fvb7	9	13406988	13407060	Ala	AGC	0	0	63.4	38.20	25.20	Inf	Ala	98.3	high confidence set
Fvb7	10	13443358	13443441	Leu	CAA	0	0	76.7	54.50	22.20	Inf	Leu	123.1	high confidence set
Fvb7	11	13664320	13664391	iMet	CAT	0	0	58.3	28.10	30.20	Inf	iMet	118.7	high confidence set
Fvb7	12	14517156	14517227	Glu	TTC	0	0	70.5	45.30	25.20	Inf	Glu	97.5	high confidence set
Fvb7	13	15167639	15167729	Met	CAT	15167677	15167693	64.0	40.60	23.40	Inf	Met	104.0	high confidence set
Fvb7	14	17413388	17413459	Cys	GCA	0	0	82.1	59.90	22.20	Inf	Cys	106.6	high confidence set
Fvb7	15	17495165	17495236	His	GTG	0	0	63.0	33.70	29.30	Inf	His	87.1	high confidence set
Fvb7	16	17496614	17496686	Arg	CCG	0	0	80.2	60.00	20.20	Inf	Arg	82.1	high confidence set
Fvb7	17	17682253	17682325	Lys	CTT	0	0	85.1	62.70	22.40	Inf	Lys	105.3	high confidence set
Fvb7	18	17845470	17845542	Lys	TTT	0	0	88.3	63.60	24.70	Inf	Lys	92.6	high confidence set
Fvb7	19	18390331	18390402	Cys	GCA	0	0	82.1	59.90	22.20	Inf	Cys	106.6	high confidence set
Fvb7	20	18448365	18448437	Arg	TCT	0	0	68.1	50.00	18.10	Inf	Arg	96.3	high confidence set
Fvb7	21	19154085	19154158	Asn	GTT	0	0	84.5	59.40	25.10	Inf	Asn	95.9	high confidence set
Fvb7	22	19162350	19162422	Ala	TGC	0	0	68.8	42.60	26.20	Inf	Ala	100.0	high confidence set
Fvb7	23	19164559	19164631	Ala	TGC	0	0	68.8	42.60	26.20	Inf	Ala	100.0	high confidence set
Fvb7	24	19197524	19197605	Ser	CGA	0	0	78.9	46.60	32.30	Inf	Ser	122.0	high confidence set
Fvb7	25	19971549	19971620	Asp	GTC	0	0	63.5	40.50	23.00	Inf	Asp	87.0	high confidence set
Fvb7	26	19971698	19971771	Val	CAC	0	0	82.6	54.80	27.80	Inf	Val	106.4	high confidence set
Fvb7	27	21520356	21520429	Val	AAC	0	0	72.5	48.10	24.40	Inf	Val	100.2	high confidence set
Fvb7	28	24073341	24073260	Ser	GCT	0	0	80.5	45.20	35.30	Inf	Ser	109.5	high confidence set
Fvb7	29	23501618	23501547	Gly	TCC	0	0	74.1	46.70	27.40	Inf	Gly	84.2	high confidence set
Fvb7	30	23395613	23395534	Leu	TAG	0	0	69.5	48.50	21.00	Inf	Leu	111.5	high confidence set
Fvb7	31	23139786	23139715	Trp	CCA	0	0	75.1	50.10	25.00	Inf	Trp	105.0	high confidence set
Fvb7	32	22843016	22842944	Ala	CGC	0	0	68.3	44.10	24.20	Inf	Ala	99.2	high confidence set
Fvb7	33	22791479	22791408	Gln	CTG	0	0	73.6	48.50	25.10	Inf	Gln	102.5	high confidence set
Fvb7	35	22135683	22135612	Trp	CCA	0	0	75.1	50.10	25.00	Inf	Trp	105.0	high confidence set
Fvb7	36	22125000	22124929	Trp	CCA	0	0	75.1	50.10	25.00	Inf	Trp	105.0	high confidence set
Fvb7	37	21948537	21948454	Leu	CAA	0	0	78.0	54.20	23.80	Inf	Leu	117.4	high confidence set
Fvb7	38	21948297	21948214	Leu	CAA	0	0	76.7	54.50	22.20	Inf	Leu	123.1	high confidence set
Fvb7	41	18815063	18814992	Pro	TGG	0	0	68.5	35.70	32.80	Inf	Pro	111.2	high confidence set
Fvb7	43	18466119	18466047	Glu	CTC	0	0	60.5	42.40	18.10	Inf	Glu	72.0	high confidence set
Fvb7	44	18372325	18372254	Asp	GTC	0	0	69.8	46.80	23.00	Inf	Asp	94.5	high confidence set
Fvb7	45	18286836	18286763	Val	CAC	0	0	79.3	48.30	31.00	Inf	Val	104.5	high confidence set
Fvb7	46	16366872	16366801	Pro	AGG	0	0	67.4	34.70	32.70	Inf	Pro	112.3	high confidence set
Fvb7	47	15313815	15313743	Arg	TCT	0	0	68.1	50.00	18.10	Inf	Arg	96.3	high confidence set
Fvb7	48	14929740	14929669	Cys	GCA	0	0	82.1	59.90	22.20	Inf	Cys	106.6	high confidence set
Fvb7	49	14577532	14577459	Val	AAC	0	0	72.5	48.10	24.40	Inf	Val	100.2	high confidence set
Fvb7	50	12549360	12549287	Val	CAC	0	0	82.6	54.80	27.80	Inf	Val	106.4	high confidence set
Fvb7	52	1443188	1443107	Ser	GCT	0	0	78.3	42.40	35.90	Inf	Ser	108.3	high confidence set
contig_1	2	161502	161575	Phe	GAA	0	0	68.9	41.70	27.20	Inf	Tyr	79.4	IPD:-32.70,isotype mismatch
contig_1	3	161791	161865	Pro	TGG	0	0	62.8	32.80	30.00	Inf	Trp	73.3	IPD:-42.40,isotype mismatch
contig_1	4	158404	158332	Lys	TTT	0	0	80.3	61.50	18.80	Inf	Lys	78.3	high confidence set
contig_3	1	19332	19403	Asn	GTT	0	0	76.1	53.10	23.00	Inf	Asn	83.1	high confidence set
contig_3	5	19944	19866	Arg	ACG	0	0	56.5	44.90	11.60	Inf	Ile	73.7	IPD:-23.30,isotype mismatch
