EukHighConfidenceFilter v1.0 Summary
Completed Time: Sat Apr 29 11:16:20 2023

Inputs
------------------------------------------------------
tRNAscan-SE output file: Fvesca_677_v4.0.a1_trnascan-se.output
tRNAscan-SE ss file: Fvesca_677_v4.0.a1_trnascan-se.struct
Secondary filtering domain-specific model score cutoff: 50
Secondary filtering secondary structure score cutoff: 10
Secondary filtering isotype-specific model score cutoff: 70
Tertiary filtering isotype-specific model starting score cutoff: 70
Tertiary filtering maximum isotype-specific model score cutoff: 95
Remove filtered hits: Yes

Outputs
------------------------------------------------------
tRNAscan-SE output file: hi_conf_Fvesca/Fvesca_677_v4.0.a1.out
tRNAscan-SE ss file: hi_conf_Fvesca/Fvesca_677_v4.0.a1.ss
Summary file: hi_conf_Fvesca/Fvesca_677_v4.0.a1.log

Summary statistics
------------------------------------------------------
Total tRNA predictions:                                514
Possible pseudogenes:                                  23
tRNAs with scores lower than secondary cutoffs:        43
tRNAs failed tertiary filter:                          0

tRNAs after filtering:                                 448

tRNAs with mismatched isotype:                         3
tRNAs with undetermined isotype:                       0
tRNAs with unexpected anticodon:                       1

High confidence set:                                   444

Isotype / Anticodon Counts After Filtering
------------------------------------------------------

Ala     : 31	  AGC: 14      GGC: 0       CGC: 5       TGC: 12    
Gly     : 35	  ACC: 0       GCC: 18      CCC: 6       TCC: 11    
Pro     : 24	  AGG: 10      GGG: 0       CGG: 3       TGG: 11    
Thr     : 19	  AGT: 9       GGT: 0       CGT: 3       TGT: 7     
Val     : 25	  AAC: 12      GAC: 0       CAC: 7       TAC: 6     
Ser     : 31	  AGA: 10      GGA: 1       CGA: 4       TGA: 6       ACT: 0       GCT: 10                              
Arg     : 31	  ACG: 9       GCG: 0       CCG: 4       TCG: 5                                 CCT: 6       TCT: 7     
Leu     : 37	  AAG: 12      GAG: 0       CAG: 4       TAG: 8                                 CAA: 9       TAA: 4     
Phe     : 15	  AAA: 0       GAA: 15                              
Asn     : 16	  ATT: 0       GTT: 16                              
Lys     : 25	                            CTT: 14      TTT: 11    
Asp     : 21	  ATC: 0       GTC: 21                              
Glu     : 28	                            CTC: 18      TTC: 10    
His     : 11	  ATG: 0       GTG: 11                              
Gln     : 26	                            CTG: 12      TTG: 14    
Ile     : 20	  AAT: 15      GAT: 0                    TAT: 5     
Met     : 20	                            CAT: 20                 
Tyr     : 11	  ATA: 0       GTA: 11                              
Supres  : 0	                            CTA: 0       TTA: 0     
Cys     : 10	  ACA: 0       GCA: 10                              
Trp     : 12	                            CCA: 12                 
SelCys  : 0	                                         TCA: 0     

