Sequence		tRNA    	Bounds  	tRNA	Anti	Intron Bounds	Inf	HMM	2'Str	Hit	Isotype	Isotype	      
Name    	tRNA#	Begin   	End     	Type	Codon	Begin	End	Score	Score	Score	Origin	CM	Score	Note
--------	------	-----   	------  	----	-----	-----	----	------	-----	-----	------	-------	-------	------
Chr01K	1	1152022	1152093	iMet	CAT	0	0	58.3	28.10	30.20	Inf	iMet	118.7	high confidence set
Chr01K	2	1254092	1254165	Val	AAC	0	0	72.2	47.80	24.40	Inf	Val	98.2	high confidence set
Chr01K	3	1322560	1322632	Ala	CGC	0	0	68.3	44.10	24.20	Inf	Ala	99.2	high confidence set
Chr01K	4	1695063	1695144	Ser	GCT	0	0	79.0	43.10	35.90	Inf	Ser	108.6	high confidence set
Chr01K	6	3599835	3599906	His	GTG	0	0	53.6	30.70	22.90	Inf	His	77.6	high confidence set
Chr01K	8	5073576	5073647	Asp	GTC	0	0	67.8	44.80	23.00	Inf	Asp	92.9	high confidence set
Chr01K	9	8511592	8511672	Leu	AAG	0	0	74.3	53.30	21.00	Inf	Leu	109.7	high confidence set
Chr01K	10	8568000	8568070	Gly	CCC	0	0	66.3	29.50	36.80	Inf	Gly	89.7	high confidence set
Chr01K	11	9525979	9526049	Gly	GCC	0	0	66.5	44.80	21.70	Inf	Gly	94.4	high confidence set
Chr01K	12	9537744	9537814	Gly	GCC	0	0	58.8	37.00	21.80	Inf	Gly	88.4	high confidence set
Chr01K	13	12126807	12126878	Gln	CTG	0	0	72.9	48.70	24.20	Inf	Gln	103.4	high confidence set
Chr01K	18	33067860	33067940	Leu	AAG	0	0	74.3	53.30	21.00	Inf	Leu	109.7	high confidence set
Chr01K	19	34396565	34396635	Gly	GCC	0	0	50.1	37.10	13.00	Inf	Gly	72.6	high confidence set
Chr01K	20	35318173	35318244	Gln	TTG	0	0	76.5	56.80	19.70	Inf	Gln	103.7	high confidence set
Chr01K	21	35787043	35787115	Phe	GAA	0	0	78.3	58.40	19.90	Inf	Phe	113.2	high confidence set
Chr01K	22	36508782	36508854	Ala	CGC	0	0	68.2	44.00	24.20	Inf	Ala	95.8	high confidence set
Chr01K	23	36741546	36741627	Ser	AGA	0	0	77.8	42.00	35.80	Inf	Ser	111.4	high confidence set
Chr01K	24	38931714	38931787	Ile	AAT	0	0	73.2	55.60	17.60	Inf	Ile	98.3	high confidence set
Chr01K	25	38986980	38987053	Ile	AAT	0	0	71.5	56.70	14.80	Inf	Ile	98.2	high confidence set
Chr01K	26	40375193	40375274	Ser	AGA	0	0	80.3	44.00	36.30	Inf	Ser	115.3	high confidence set
Chr01K	27	43141546	43141618	Ala	TGC	0	0	66.2	45.10	21.10	Inf	Ala	94.6	high confidence set
Chr01K	28	45651934	45652005	Thr	CGT	0	0	76.0	49.90	26.10	Inf	Thr	85.3	high confidence set
Chr01K	29	46962881	46962967	Met	CAT	46962919	46962931	64.2	40.70	23.50	Inf	Met	104.0	high confidence set
Chr01K	30	47470695	47470781	Met	CAT	47470733	47470745	64.2	40.70	23.50	Inf	Met	104.0	high confidence set
Chr01K	32	51323066	51323137	iMet	CAT	0	0	58.3	28.10	30.20	Inf	iMet	118.7	high confidence set
Chr01K	33	51586713	51586784	Trp	CCA	0	0	75.8	51.20	24.60	Inf	Trp	105.6	high confidence set
Chr01K	34	51983201	51983286	Tyr	GTA	51983238	51983250	74.5	42.90	31.60	Inf	Tyr	111.8	high confidence set
Chr01K	35	53129788	53129869	Ser	GCT	0	0	79.0	43.10	35.90	Inf	Ser	108.6	high confidence set
Chr01K	37	56649777	56649706	Thr	CGT	0	0	82.3	55.00	27.30	Inf	Thr	89.2	high confidence set
Chr01K	38	56182679	56182608	Cys	GCA	0	0	78.4	49.90	28.50	Inf	Cys	102.6	high confidence set
Chr01K	39	56053761	56053678	Leu	CAA	0	0	78.6	55.60	23.00	Inf	Leu	123.0	high confidence set
Chr01K	40	55406843	55406757	Met	CAT	55406805	55406793	64.2	40.70	23.50	Inf	Met	104.0	high confidence set
Chr01K	42	52542584	52542512	Ala	CGC	0	0	58.8	43.80	15.00	Inf	Ala	85.4	high confidence set
Chr01K	43	49687694	49687623	iMet	CAT	0	0	58.3	28.10	30.20	Inf	iMet	118.7	high confidence set
Chr01K	44	46702637	46702566	iMet	CAT	0	0	58.3	28.10	30.20	Inf	iMet	118.7	high confidence set
Chr01K	45	44672975	44672903	Glu	CTC	0	0	77.5	51.70	25.80	Inf	Glu	97.9	high confidence set
Chr01K	46	43253062	43252989	Thr	AGT	0	0	65.9	44.20	21.70	Inf	Thr	83.0	high confidence set
Chr01K	47	43047696	43047625	Thr	TGT	0	0	79.3	49.30	30.00	Inf	Thr	92.3	high confidence set
Chr01K	48	41915675	41915605	Gly	GCC	0	0	66.5	44.80	21.70	Inf	Gly	94.4	high confidence set
Chr01K	49	38591258	38591187	Trp	CCA	0	0	75.8	51.20	24.60	Inf	Trp	105.6	high confidence set
Chr01K	50	38461616	38461536	Leu	CAG	0	0	69.5	46.80	22.70	Inf	Leu	109.7	high confidence set
Chr01K	51	38300785	38300714	Trp	CCA	0	0	75.8	51.20	24.60	Inf	Trp	105.6	high confidence set
Chr01K	52	36174303	36174222	Ser	AGA	0	0	80.3	44.00	36.30	Inf	Ser	115.3	high confidence set
Chr01K	53	34010259	34010180	Leu	TAG	0	0	69.5	48.50	21.00	Inf	Leu	111.5	high confidence set
Chr01K	54	33913756	33913685	Cys	GCA	0	0	78.0	49.10	28.90	Inf	Cys	100.1	high confidence set
Chr01K	55	27235990	27235919	His	GTG	0	0	63.0	33.70	29.30	Inf	His	87.1	high confidence set
Chr01K	58	14373580	14373509	Gln	TTG	0	0	67.4	44.50	22.90	Inf	Gln	97.4	high confidence set
Chr01K	59	14367310	14367239	Gln	TTG	0	0	73.0	50.10	22.90	Inf	Gln	105.0	high confidence set
Chr01K	60	14366103	14366032	Gln	TTG	0	0	63.3	44.90	18.40	Inf	Gln	96.1	high confidence set
Chr01K	62	9548148	9548078	Gly	GCC	0	0	66.5	44.80	21.70	Inf	Gly	94.4	high confidence set
Chr01K	63	6471687	6471606	Ser	AGA	0	0	73.5	43.70	29.80	Inf	Ser	110.5	high confidence set
Chr01K	64	5358935	5358863	Ala	AGC	0	0	63.4	38.20	25.20	Inf	Ala	98.3	high confidence set
Chr01K	65	2457764	2457512	Pro	AGG	2457727	2457557	64.4	29.30	35.10	Inf	Ser	103.9	IPD:-96.40,isotype mismatch
Chr01N	1	1106877	1106948	iMet	CAT	0	0	58.3	28.10	30.20	Inf	iMet	118.7	high confidence set
Chr01N	2	1197832	1197905	Val	AAC	0	0	72.2	47.80	24.40	Inf	Val	98.2	high confidence set
Chr01N	3	1250463	1250535	Ala	CGC	0	0	68.3	44.10	24.20	Inf	Ala	99.2	high confidence set
Chr01N	4	1650771	1650852	Ser	GCT	0	0	79.0	43.10	35.90	Inf	Ser	108.6	high confidence set
Chr01N	6	3486483	3486554	His	GTG	0	0	63.0	33.70	29.30	Inf	His	87.1	high confidence set
Chr01N	8	4951628	4951699	Asp	GTC	0	0	69.8	46.80	23.00	Inf	Asp	95.8	high confidence set
Chr01N	9	8214496	8214576	Leu	AAG	0	0	74.3	53.30	21.00	Inf	Leu	109.7	high confidence set
Chr01N	12	12809457	12809528	Gln	CTG	0	0	72.9	48.70	24.20	Inf	Gln	103.4	high confidence set
Chr01N	13	14624369	14624440	Gln	TTG	0	0	73.0	50.10	22.90	Inf	Gln	105.0	high confidence set
Chr01N	14	14625432	14625503	Gln	TTG	0	0	70.5	47.60	22.90	Inf	Gln	102.4	high confidence set
Chr01N	15	14626648	14626719	Gln	TTG	0	0	73.0	50.10	22.90	Inf	Gln	105.0	high confidence set
Chr01N	16	14627862	14627933	Gln	TTG	0	0	73.4	47.00	26.40	Inf	Gln	105.5	high confidence set
Chr01N	17	15816647	15816718	Lys	TTT	0	0	76.7	66.50	10.20	Inf	Lys	84.2	high confidence set
Chr01N	20	41764551	41764631	Leu	AAG	0	0	74.3	53.30	21.00	Inf	Leu	109.7	high confidence set
Chr01N	22	44121435	44121505	Gly	GCC	0	0	66.5	44.80	21.70	Inf	Gly	94.4	high confidence set
Chr01N	23	44915227	44915298	Gln	TTG	0	0	76.5	56.80	19.70	Inf	Gln	103.7	high confidence set
Chr01N	24	45348435	45348514	Phe	GAA	0	0	66.1	51.10	15.00	Inf	Phe	92.5	high confidence set
Chr01N	25	46074369	46074441	Ala	CGC	0	0	70.6	46.50	24.10	Inf	Ala	98.7	high confidence set
Chr01N	26	46186573	46186655	Ser	AGA	0	0	51.8	34.00	17.80	Inf	Ser	81.1	high confidence set
Chr01N	27	47716246	47716319	Ile	AAT	0	0	81.8	58.30	23.50	Inf	Ile	106.8	high confidence set
Chr01N	29	52393259	52393331	Ala	TGC	0	0	66.2	46.30	19.90	Inf	Ala	93.1	high confidence set
Chr01N	30	52967329	52967400	Pro	TGG	0	0	68.5	35.70	32.80	Inf	Pro	111.2	high confidence set
Chr01N	31	55063706	55063777	Thr	CGT	0	0	80.5	54.30	26.20	Inf	Thr	87.3	high confidence set
Chr01N	32	58485452	58485523	Gln	CTG	0	0	75.3	51.20	24.10	Inf	Gln	103.1	high confidence set
Chr01N	34	61198609	61198680	iMet	CAT	0	0	58.3	28.10	30.20	Inf	iMet	118.7	high confidence set
Chr01N	35	61444878	61444949	Trp	CCA	0	0	75.8	51.20	24.60	Inf	Trp	105.6	high confidence set
Chr01N	36	61909983	61910067	Tyr	GTA	61910020	61910031	55.7	30.90	24.80	Inf	Tyr	86.6	high confidence set
Chr01N	37	63230390	63230471	Ser	GCT	0	0	79.0	43.10	35.90	Inf	Ser	108.6	high confidence set
Chr01N	40	66779992	66779921	Thr	CGT	0	0	82.3	55.00	27.30	Inf	Thr	89.2	high confidence set
Chr01N	41	66300015	66299944	Cys	GCA	0	0	59.1	45.40	13.70	Inf	Cys	78.4	high confidence set
Chr01N	45	64408872	64408800	Glu	CTC	0	0	70.6	46.70	23.90	Inf	Glu	87.5	high confidence set
Chr01N	46	62395154	62395082	Ala	CGC	0	0	68.2	44.00	24.20	Inf	Ala	95.8	high confidence set
Chr01N	47	59440433	59440362	iMet	CAT	0	0	58.3	28.10	30.20	Inf	iMet	118.7	high confidence set
Chr01N	48	56405768	56405697	iMet	CAT	0	0	58.3	28.10	30.20	Inf	iMet	118.7	high confidence set
Chr01N	49	54146221	54146149	Glu	CTC	0	0	77.5	51.70	25.80	Inf	Glu	97.9	high confidence set
Chr01N	50	52311569	52311498	Thr	TGT	0	0	79.3	49.30	30.00	Inf	Thr	92.3	high confidence set
Chr01N	51	50962430	50962360	Gly	GCC	0	0	66.5	44.80	21.70	Inf	Gly	94.4	high confidence set
Chr01N	52	47138307	47138236	Trp	CCA	0	0	55.7	38.70	17.00	Inf	Trp	80.7	high confidence set
Chr01N	53	47060374	47060294	Leu	CAG	0	0	69.5	46.80	22.70	Inf	Leu	109.7	high confidence set
Chr01N	54	46981099	46981028	Trp	CCA	0	0	75.8	51.20	24.60	Inf	Trp	105.6	high confidence set
Chr01N	55	45657870	45657789	Ser	AGA	0	0	80.3	44.00	36.30	Inf	Ser	115.3	high confidence set
Chr01N	57	43374553	43374474	Leu	TAG	0	0	69.5	48.50	21.00	Inf	Leu	111.5	high confidence set
Chr01N	58	43166808	43166737	Cys	GCA	0	0	69.9	47.10	22.80	Inf	Cys	92.9	high confidence set
Chr01N	59	34606368	34606297	His	GTG	0	0	63.0	33.70	29.30	Inf	His	87.1	high confidence set
Chr01N	61	9558270	9558200	Gly	GCC	0	0	57.1	37.50	19.60	Inf	Gly	85.6	high confidence set
Chr01N	62	6519395	6519314	Ser	AGA	0	0	73.7	47.00	26.70	Inf	Ser	95.5	high confidence set
Chr01N	64	2630601	2630520	Ser	GCT	0	0	79.0	43.10	35.90	Inf	Ser	108.6	high confidence set
Chr01N	65	1572492	1572420	Ala	AGC	0	0	63.4	38.20	25.20	Inf	Ala	98.3	high confidence set
Chr02K	1	2705205	2705278	Glu	TTC	0	0	64.1	37.70	26.40	Inf	Glu	91.0	high confidence set
Chr02K	2	3519693	3519766	Thr	AGT	0	0	62.6	46.30	16.30	Inf	Thr	70.3	high confidence set
Chr02K	3	3772061	3772147	Met	CAT	3772099	3772111	64.2	40.70	23.50	Inf	Met	104.0	high confidence set
Chr02K	6	5054102	5054173	Cys	GCA	0	0	81.7	56.10	25.60	Inf	Cys	104.3	high confidence set
Chr02K	7	5154461	5154532	Gly	TCC	0	0	71.0	46.10	24.90	Inf	Gly	83.7	high confidence set
Chr02K	8	5503277	5503347	Gly	GCC	0	0	66.5	44.80	21.70	Inf	Gly	94.4	high confidence set
Chr02K	10	6013095	6013167	Phe	GAA	0	0	78.3	58.40	19.90	Inf	Phe	113.2	high confidence set
Chr02K	11	10404398	10404479	Ser	AGA	0	0	71.6	37.10	34.50	Inf	Ser	98.3	high confidence set
Chr02K	12	10541407	10541488	Ser	CGA	0	0	78.9	46.60	32.30	Inf	Ser	122.0	high confidence set
Chr02K	13	11570402	11570474	Glu	CTC	0	0	77.5	51.70	25.80	Inf	Glu	97.9	high confidence set
Chr02K	14	11572380	11572452	Glu	CTC	0	0	77.5	51.70	25.80	Inf	Glu	97.9	high confidence set
Chr02K	16	19466233	19466304	Thr	CGT	0	0	79.5	49.50	30.00	Inf	Thr	91.7	high confidence set
Chr02K	23	41278712	41278784	Phe	GAA	0	0	78.3	58.40	19.90	Inf	Phe	113.2	high confidence set
Chr02K	24	42347449	42347521	Lys	CTT	0	0	86.8	66.60	20.20	Inf	Lys	107.7	high confidence set
Chr02K	25	42956669	42956741	Lys	CTT	0	0	86.8	66.60	20.20	Inf	Lys	107.7	high confidence set
Chr02K	26	44556266	44556346	Leu	CAG	0	0	69.5	46.80	22.70	Inf	Leu	109.7	high confidence set
Chr02K	29	46488598	46488671	Ala	CGC	0	0	53.2	40.60	12.60	Inf	Ala	77.5	high confidence set
Chr02K	30	49758531	49758604	Ile	AAT	0	0	81.8	58.30	23.50	Inf	Ile	106.8	high confidence set
Chr02K	32	54915208	54915279	Thr	CGT	0	0	61.6	42.50	19.10	Inf	Thr	71.0	high confidence set
Chr02K	33	55554787	55554859	Arg	TCT	0	0	68.1	50.00	18.10	Inf	Arg	96.3	high confidence set
Chr02K	37	63868743	63868824	Ser	GCT	0	0	71.7	42.60	29.10	Inf	Ser	100.1	high confidence set
Chr02K	38	64457298	64457385	Met	CAT	64457336	64457349	64.1	40.70	23.40	Inf	Met	104.0	high confidence set
Chr02K	39	64782324	64782395	Trp	CCA	0	0	75.8	51.20	24.60	Inf	Trp	105.6	high confidence set
Chr02K	41	65149432	65149503	His	GTG	0	0	56.7	31.80	24.90	Inf	His	78.7	high confidence set
Chr02K	44	66833042	66833113	Pro	TGG	0	0	61.7	29.00	32.70	Inf	Pro	104.9	high confidence set
Chr02K	45	67553121	67553206	Tyr	GTA	67553158	67553170	70.0	38.50	31.50	Inf	Tyr	108.3	high confidence set
Chr02K	46	68054985	68055057	Ala	CGC	0	0	68.3	44.10	24.20	Inf	Ala	99.2	high confidence set
Chr02K	47	68280706	68280778	Ala	AGC	0	0	59.6	37.50	22.10	Inf	Ala	96.4	high confidence set
Chr02K	48	68354072	68354152	Leu	AAG	0	0	74.0	52.20	21.80	Inf	Leu	110.4	high confidence set
Chr02K	49	68399358	68399287	His	GTG	0	0	51.4	29.70	21.70	Inf	His	72.3	high confidence set
Chr02K	50	68073395	68073323	Glu	CTC	0	0	77.5	51.70	25.80	Inf	Glu	97.9	high confidence set
Chr02K	51	67118398	67118328	Gly	CCC	0	0	60.7	24.00	36.70	Inf	Gly	85.4	high confidence set
Chr02K	52	64899949	64899869	Leu	CAG	0	0	69.5	46.80	22.70	Inf	Leu	109.7	high confidence set
Chr02K	53	64880277	64880197	Leu	CAG	0	0	69.5	46.80	22.70	Inf	Leu	109.7	high confidence set
Chr02K	54	60436716	60436645	Gly	TCC	0	0	73.9	46.20	27.70	Inf	Gly	85.6	high confidence set
Chr02K	55	55435753	55435672	Ser	AGA	0	0	80.3	44.00	36.30	Inf	Ser	115.3	high confidence set
Chr02K	56	54121217	54121145	Ala	AGC	0	0	63.4	38.20	25.20	Inf	Ala	98.3	high confidence set
Chr02K	57	53005983	53005912	Lys	TTT	0	0	91.9	68.20	23.70	Inf	Lys	98.4	high confidence set
Chr02K	58	52110679	52110608	Thr	TGT	0	0	84.5	58.50	26.00	Inf	Thr	95.0	high confidence set
Chr02K	59	51704244	51704171	Asn	GTT	0	0	83.9	58.50	25.40	Inf	Asn	97.4	high confidence set
Chr02K	61	44423136	44423063	Ile	AAT	0	0	81.8	58.30	23.50	Inf	Ile	106.8	high confidence set
Chr02K	63	41199425	41199353	Lys	CTT	0	0	81.2	61.10	20.10	Inf	Lys	102.8	high confidence set
Chr02K	65	39462245	39462173	Val	CAC	0	0	64.1	41.10	23.00	Inf	Val	89.8	high confidence set
Chr02K	66	39388219	39388148	His	GTG	0	0	63.0	33.70	29.30	Inf	His	87.1	high confidence set
Chr02K	69	20505506	20505434	Arg	CCG	0	0	66.0	50.50	15.50	Inf	Arg	94.3	high confidence set
Chr02K	70	19798014	19797943	Pro	CGG	0	0	68.5	36.10	32.40	Inf	Pro	108.5	high confidence set
Chr02K	72	13321138	13321050	Met	CAT	13321100	13321086	64.1	40.60	23.50	Inf	Met	104.0	high confidence set
Chr02K	73	12405027	12404944	Leu	CAA	0	0	78.6	55.60	23.00	Inf	Leu	123.0	high confidence set
Chr02K	74	11541994	11541922	Glu	CTC	0	0	77.5	51.70	25.80	Inf	Glu	97.9	high confidence set
Chr02K	75	3755027	3754954	Val	AAC	0	0	72.5	48.10	24.40	Inf	Val	100.2	high confidence set
Chr02N	1	2128406	2128479	Glu	TTC	0	0	64.1	37.70	26.40	Inf	Glu	91.0	high confidence set
Chr02N	2	3538042	3538130	Met	CAT	3538080	3538092	50.4	29.20	21.20	Inf	Met	84.5	high confidence set
Chr02N	3	4709606	4709677	Gly	TCC	0	0	73.9	46.20	27.70	Inf	Gly	85.6	high confidence set
Chr02N	4	5672986	5673058	Phe	GAA	0	0	72.8	56.60	16.20	Inf	Phe	108.8	high confidence set
Chr02N	6	8880236	8880317	Ser	AGA	0	0	79.6	43.50	36.10	Inf	Ser	114.9	high confidence set
Chr02N	7	9052143	9052224	Ser	CGA	0	0	56.8	33.60	23.20	Inf	Ser	92.7	high confidence set
Chr02N	8	9140779	9140852	Val	AAC	0	0	64.4	46.80	17.60	Inf	Val	92.5	high confidence set
Chr02N	9	10379820	10379892	Glu	CTC	0	0	77.5	51.70	25.80	Inf	Glu	97.9	high confidence set
Chr02N	11	15813917	15813998	Ser	GCT	0	0	79.0	43.10	35.90	Inf	Ser	108.6	high confidence set
Chr02N	13	30652331	30652403	Glu	CTC	0	0	66.9	47.20	19.70	Inf	Glu	87.3	high confidence set
Chr02N	14	40076020	40076092	Phe	GAA	0	0	78.3	58.40	19.90	Inf	Phe	113.2	high confidence set
Chr02N	15	41476064	41476136	Lys	CTT	0	0	86.8	66.60	20.20	Inf	Lys	107.7	high confidence set
Chr02N	16	42492296	42492368	Lys	CTT	0	0	86.2	66.00	20.20	Inf	Lys	102.9	high confidence set
Chr02N	17	44651954	44652034	Leu	CAG	0	0	61.7	45.90	15.80	Inf	Leu	98.6	high confidence set
Chr02N	19	46635978	46636050	Ala	CGC	0	0	68.2	44.00	24.20	Inf	Ala	95.8	high confidence set
Chr02N	21	50721178	50721251	Ile	AAT	0	0	78.5	56.20	22.30	Inf	Ile	98.6	high confidence set
Chr02N	22	50781995	50782068	Ile	AAT	0	0	81.8	58.30	23.50	Inf	Ile	106.8	high confidence set
Chr02N	23	51451483	51451554	Phe	GAA	51451516	51451520	52.6	33.50	19.10	Inf	Phe	85.6	high confidence set
Chr02N	24	56240912	56240983	Thr	CGT	0	0	80.5	54.30	26.20	Inf	Thr	87.3	high confidence set
Chr02N	27	59445021	59445092	His	GTG	0	0	63.0	33.70	29.30	Inf	His	91.2	high confidence set
Chr02N	29	65916723	65916810	Met	CAT	65916761	65916774	64.1	40.70	23.40	Inf	Met	104.0	high confidence set
Chr02N	30	66265396	66265467	Trp	CCA	0	0	75.8	51.20	24.60	Inf	Trp	105.6	high confidence set
Chr02N	32	66642416	66642487	His	GTG	0	0	63.0	33.70	29.30	Inf	His	87.1	high confidence set
Chr02N	33	67093686	67093758	Ala	AGC	0	0	63.4	38.20	25.20	Inf	Ala	98.3	high confidence set
Chr02N	34	68251832	68251903	Pro	TGG	0	0	68.9	36.50	32.40	Inf	Pro	109.4	high confidence set
Chr02N	35	68845461	68845542	Ser	TGA	0	0	78.3	44.40	33.90	Inf	Ser	115.8	high confidence set
Chr02N	36	68873875	68873960	Tyr	GTA	68873912	68873924	70.0	38.50	31.50	Inf	Tyr	108.3	high confidence set
Chr02N	37	69539035	69539107	Ala	CGC	0	0	68.3	44.10	24.20	Inf	Ala	99.2	high confidence set
Chr02N	38	69825739	69825668	His	GTG	0	0	63.0	33.70	29.30	Inf	His	87.1	high confidence set
Chr02N	39	69564181	69564109	Glu	CTC	0	0	77.5	51.70	25.80	Inf	Glu	97.9	high confidence set
Chr02N	40	68541804	68541734	Gly	CCC	0	0	66.3	29.50	36.80	Inf	Gly	89.7	high confidence set
Chr02N	41	67335813	67335731	Leu	AAG	0	0	63.5	49.30	14.20	Inf	Leu	92.1	high confidence set
Chr02N	42	66399343	66399263	Leu	CAG	0	0	69.5	46.80	22.70	Inf	Leu	109.7	high confidence set
Chr02N	43	62122766	62122695	Gly	TCC	0	0	73.9	46.20	27.70	Inf	Gly	85.6	high confidence set
Chr02N	44	57142471	57142399	Glu	CTC	0	0	77.5	51.70	25.80	Inf	Glu	97.9	high confidence set
Chr02N	46	56937708	56937627	Ser	AGA	0	0	80.3	44.00	36.30	Inf	Ser	115.3	high confidence set
Chr02N	47	55534728	55534656	Ala	AGC	0	0	56.9	37.30	19.60	Inf	Ala	90.7	high confidence set
Chr02N	48	55534490	55534418	Ala	AGC	0	0	56.9	37.30	19.60	Inf	Ala	90.7	high confidence set
Chr02N	49	55319613	55319542	Pro	TGG	0	0	69.6	37.70	31.90	Inf	Pro	108.3	high confidence set
Chr02N	50	54094051	54093980	Lys	TTT	0	0	91.9	68.20	23.70	Inf	Lys	98.4	high confidence set
Chr02N	51	53126757	53126686	Thr	TGT	0	0	84.5	58.50	26.00	Inf	Thr	95.0	high confidence set
Chr02N	52	52761209	52761136	Asn	GTT	0	0	83.9	58.50	25.40	Inf	Asn	97.4	high confidence set
Chr02N	53	44484268	44484195	Ile	AAT	0	0	81.8	58.30	23.50	Inf	Ile	106.8	high confidence set
Chr02N	54	43686390	43686320	Gly	CCC	0	0	66.3	29.50	36.80	Inf	Gly	89.7	high confidence set
Chr02N	55	40047917	40047845	Lys	CTT	0	0	86.8	66.60	20.20	Inf	Lys	107.7	high confidence set
Chr02N	56	38560578	38560505	Val	CAC	0	0	78.1	48.30	29.80	Inf	Val	102.2	high confidence set
Chr02N	57	38049193	38049122	His	GTG	0	0	51.7	27.00	24.70	Inf	His	74.0	high confidence set
Chr02N	61	20193110	20193038	Arg	CCG	0	0	66.0	50.50	15.50	Inf	Arg	94.3	high confidence set
Chr02N	62	19242659	19242588	Pro	CGG	0	0	68.5	36.10	32.40	Inf	Pro	108.5	high confidence set
Chr02N	63	14856591	14856520	Lys	TTT	0	0	91.9	68.20	23.70	Inf	Lys	98.4	high confidence set
Chr02N	65	11727968	11727885	Leu	CAA	0	0	78.6	55.60	23.00	Inf	Leu	123.0	high confidence set
Chr02N	66	10253884	10253812	Glu	CTC	0	0	77.5	51.70	25.80	Inf	Glu	97.9	high confidence set
Chr02N	70	3537523	3537450	Val	AAC	0	0	72.5	48.10	24.40	Inf	Val	100.2	high confidence set
Chr03K	1	210131	210204	Ile	AAT	0	0	81.8	58.30	23.50	Inf	Ile	106.8	high confidence set
Chr03K	2	235324	235395	Pro	CGG	0	0	68.5	36.10	32.40	Inf	Pro	108.5	high confidence set
Chr03K	4	1212512	1212585	Val	CAC	0	0	79.3	48.30	31.00	Inf	Val	101.1	high confidence set
Chr03K	9	2363011	2363084	Glu	TTC	0	0	64.1	37.70	26.40	Inf	Glu	91.0	high confidence set
Chr03K	10	3640004	3640076	Arg	TCT	0	0	69.9	49.40	20.50	Inf	Arg	99.6	high confidence set
Chr03K	11	4116896	4116967	Lys	TTT	0	0	91.1	67.20	23.90	Inf	Lys	97.8	high confidence set
Chr03K	12	4141889	4141961	Ala	TGC	0	0	70.0	45.30	24.70	Inf	Ala	100.6	high confidence set
Chr03K	13	7975867	7975940	Arg	TCG	0	0	81.9	60.40	21.50	Inf	Arg	92.9	high confidence set
Chr03K	14	8257149	8257221	Glu	CTC	0	0	77.5	51.70	25.80	Inf	Glu	97.9	high confidence set
Chr03K	15	10978441	10978514	Arg	TCG	0	0	81.9	60.40	21.50	Inf	Arg	92.9	high confidence set
Chr03K	16	11272682	11272763	Ser	TGA	0	0	80.7	46.10	34.60	Inf	Ser	119.7	high confidence set
Chr03K	17	11495353	11495570	Pro	AGG	11495389	11495534	50.4	18.10	32.30	Inf	Pro	104.1	high confidence set
Chr03K	20	11811576	11811646	Gly	GCC	0	0	66.5	44.80	21.70	Inf	Gly	94.4	high confidence set
Chr03K	21	13421172	13421244	Val	TAC	0	0	68.7	37.50	31.20	Inf	Val	94.8	high confidence set
Chr03K	22	13651870	13651940	Gly	GCC	0	0	66.5	44.80	21.70	Inf	Gly	94.4	high confidence set
Chr03K	23	15269904	15269977	Asn	GTT	0	0	84.5	59.40	25.10	Inf	Asn	95.9	high confidence set
Chr03K	24	16300687	16300760	Glu	CTC	0	0	60.9	46.80	14.10	Inf	Glu	82.4	high confidence set
Chr03K	25	17788031	17788103	Val	TAC	0	0	52.0	26.80	25.20	Inf	Val	82.4	high confidence set
Chr03K	26	17793099	17793171	Lys	CTT	0	0	86.8	66.60	20.20	Inf	Lys	107.7	high confidence set
Chr03K	27	18622122	18622194	Lys	CTT	0	0	86.8	66.60	20.20	Inf	Lys	107.7	high confidence set
Chr03K	28	19037152	19037224	Arg	ACG	0	0	65.1	42.80	22.30	Inf	Arg	85.3	high confidence set
Chr03K	29	19446514	19446585	Asp	GTC	0	0	67.8	44.80	23.00	Inf	Asp	92.9	high confidence set
Chr03K	30	19447553	19447624	Asp	GTC	0	0	62.9	41.10	21.80	Inf	Asp	89.9	high confidence set
Chr03K	31	19451016	19451087	Asp	GTC	0	0	69.8	46.80	23.00	Inf	Asp	95.8	high confidence set
Chr03K	34	21632533	21632606	Ile	AAT	0	0	81.8	58.30	23.50	Inf	Ile	106.8	high confidence set
Chr03K	40	25325651	25325732	Ser	CGA	0	0	78.9	46.60	32.30	Inf	Ser	122.0	high confidence set
Chr03K	45	51648713	51648784	Pro	AGG	0	0	67.4	34.70	32.70	Inf	Pro	112.3	high confidence set
Chr03K	46	54280590	54280661	Pro	AGG	0	0	63.1	31.20	31.90	Inf	Pro	103.6	high confidence set
Chr03K	47	56423554	56423625	Pro	AGG	0	0	67.4	34.70	32.70	Inf	Pro	112.3	high confidence set
Chr03K	49	57877838	57877910	Arg	ACG	0	0	73.2	50.90	22.30	Inf	Arg	94.3	high confidence set
Chr03K	50	61677010	61677096	Met	CAT	61677048	61677060	57.4	40.40	17.00	Inf	Met	93.3	high confidence set
Chr03K	52	63420649	63420720	Gln	CTG	0	0	72.9	48.70	24.20	Inf	Gln	103.4	high confidence set
Chr03K	53	63809173	63809245	Ala	TGC	0	0	70.0	45.30	24.70	Inf	Ala	100.6	high confidence set
Chr03K	54	61663630	61663557	Val	AAC	0	0	66.3	42.10	24.20	Inf	Val	85.9	high confidence set
Chr03K	56	58167038	58166965	Pro	TGG	0	0	63.6	30.20	33.40	Inf	Trp	70.3	IPD:-10.80,isotype mismatch
Chr03K	57	58166833	58166760	Trp	CCA	0	0	72.1	42.60	29.50	Inf	Thr	75.4	IPD:-18.90,isotype mismatch
Chr03K	58	57977401	57977329	Lys	CTT	0	0	86.8	66.60	20.20	Inf	Lys	107.7	high confidence set
Chr03K	62	56690439	56690368	Gly	TCC	0	0	72.6	45.00	27.60	Inf	Gly	80.2	high confidence set
Chr03K	63	56430119	56430046	Val	TAC	0	0	77.8	44.10	33.70	Inf	Val	103.2	high confidence set
Chr03K	64	55919463	55919392	Asp	GTC	0	0	69.8	46.80	23.00	Inf	Asp	95.8	high confidence set
Chr03K	65	55908002	55907929	Thr	AGT	0	0	76.0	48.40	27.60	Inf	Thr	90.6	high confidence set
Chr03K	66	54096336	54096254	Leu	TAA	0	0	75.9	39.10	36.80	Inf	Leu	101.1	high confidence set
Chr03K	74	30559537	30559467	Gly	CCC	0	0	60.7	24.00	36.70	Inf	Gly	85.4	high confidence set
Chr03K	75	29366663	29366591	Arg	CCT	0	0	65.4	47.40	18.00	Inf	Arg	75.5	high confidence set
Chr03K	78	24169210	24169131	Leu	TAG	0	0	58.9	39.60	19.30	Inf	Leu	95.6	high confidence set
Chr03K	83	20057913	20057842	Asp	GTC	0	0	67.8	44.80	23.00	Inf	Asp	92.9	high confidence set
Chr03K	85	18152921	18152850	Asp	GTC	0	0	51.4	34.90	16.50	Inf	Asp	78.5	high confidence set
Chr03K	87	16781600	16781528	Phe	GAA	0	0	70.4	57.80	12.60	Inf	Phe	106.0	high confidence set
Chr03K	88	16306908	16306837	Asp	GTC	0	0	69.8	46.80	23.00	Inf	Asp	95.8	high confidence set
Chr03K	89	15942619	15942538	Ser	CGA	0	0	78.9	46.60	32.30	Inf	Ser	122.0	high confidence set
Chr03K	90	15005534	15005463	Cys	GCA	0	0	78.4	49.90	28.50	Inf	Cys	102.6	high confidence set
Chr03K	91	14305732	14305660	Arg	CCT	0	0	74.8	55.90	18.90	Inf	Arg	84.6	high confidence set
Chr03K	93	13416057	13415984	Val	AAC	0	0	72.9	48.60	24.30	Inf	Val	93.8	high confidence set
Chr03K	94	11172400	11172329	iMet	CAT	0	0	58.3	28.10	30.20	Inf	iMet	118.7	high confidence set
Chr03K	95	11169900	11169829	iMet	CAT	0	0	58.3	28.10	30.20	Inf	iMet	118.7	high confidence set
Chr03K	96	10742770	10742697	Asn	GTT	0	0	84.8	60.00	24.80	Inf	Asn	98.7	high confidence set
Chr03K	97	10653216	10653143	Thr	AGT	0	0	76.0	48.40	27.60	Inf	Thr	90.6	high confidence set
Chr03K	98	9709499	9709426	Asn	GTT	0	0	80.0	54.90	25.10	Inf	Asn	90.6	high confidence set
Chr03K	99	7016311	7016239	Ala	TGC	0	0	54.4	37.80	16.60	Inf	Ala	78.4	high confidence set
Chr03K	100	6897779	6897708	Cys	GCA	0	0	78.4	49.90	28.50	Inf	Cys	102.6	high confidence set
Chr03K	102	5593359	5593288	Gln	CTG	0	0	71.8	47.10	24.70	Inf	Gln	103.5	high confidence set
Chr03K	103	5086955	5086875	Leu	CAG	0	0	63.9	41.20	22.70	Inf	Leu	104.6	high confidence set
Chr03K	106	3006419	3006346	Thr	AGT	0	0	65.3	41.60	23.70	Inf	Thr	78.7	high confidence set
Chr03K	111	1146989	1146917	Ala	TGC	0	0	70.0	45.30	24.70	Inf	Ala	100.6	high confidence set
Chr03K	112	410628	410554	Pro	CGG	0	0	59.8	27.70	32.10	Inf	Pro	91.6	high confidence set
Chr03N	1	15072	15143	Pro	CGG	0	0	68.5	36.10	32.40	Inf	Pro	108.5	high confidence set
Chr03N	2	432987	433070	Leu	CAA	0	0	80.9	57.40	23.50	Inf	Leu	123.5	high confidence set
Chr03N	3	851380	851453	Val	CAC	0	0	79.3	48.30	31.00	Inf	Val	101.1	high confidence set
Chr03N	4	1992987	1993060	Glu	TTC	0	0	64.1	37.70	26.40	Inf	Glu	91.0	high confidence set
Chr03N	5	2958290	2958362	Arg	TCT	0	0	69.9	49.40	20.50	Inf	Arg	99.6	high confidence set
Chr03N	6	3523789	3523861	Lys	TTT	0	0	84.6	61.00	23.60	Inf	Lys	90.3	high confidence set
Chr03N	7	3528822	3528894	Ala	TGC	0	0	58.1	38.10	20.00	Inf	Ala	82.0	high confidence set
Chr03N	8	5956134	5956207	Val	CAC	0	0	71.5	40.40	31.10	Inf	Val	98.7	high confidence set
Chr03N	9	7560468	7560541	Arg	TCG	0	0	81.9	60.40	21.50	Inf	Arg	92.9	high confidence set
Chr03N	10	7970059	7970131	Glu	CTC	0	0	77.5	51.70	25.80	Inf	Glu	97.9	high confidence set
Chr03N	11	10678621	10678694	Arg	TCG	0	0	81.9	60.40	21.50	Inf	Arg	92.9	high confidence set
Chr03N	12	11071024	11071105	Ser	TGA	0	0	80.7	46.10	34.60	Inf	Ser	119.7	high confidence set
Chr03N	15	13671700	13671772	Val	TAC	0	0	71.2	38.40	32.80	Inf	Val	101.5	high confidence set
Chr03N	16	15516036	15516109	Asn	GTT	0	0	84.5	59.40	25.10	Inf	Asn	95.9	high confidence set
Chr03N	18	18619059	18619131	Val	TAC	0	0	71.2	38.40	32.80	Inf	Val	101.5	high confidence set
Chr03N	19	18627748	18627820	Lys	CTT	0	0	83.9	63.70	20.20	Inf	Lys	101.6	high confidence set
Chr03N	20	19191489	19191561	Lys	CTT	0	0	86.8	66.60	20.20	Inf	Lys	107.7	high confidence set
Chr03N	21	19587127	19587199	Arg	ACG	0	0	72.0	49.70	22.30	Inf	Arg	93.9	high confidence set
Chr03N	22	20198616	20198687	Asp	GTC	0	0	69.8	46.80	23.00	Inf	Asp	95.8	high confidence set
Chr03N	23	20200655	20200726	Asp	GTC	0	0	67.0	47.30	19.70	Inf	Asp	96.4	high confidence set
Chr03N	24	20241972	20242057	Met	CAT	20242010	20242021	50.0	34.70	15.30	Inf	Met	80.7	high confidence set
Chr03N	26	22564617	22564690	Ile	AAT	0	0	81.8	58.30	23.50	Inf	Ile	106.8	high confidence set
Chr03N	27	23160240	23160311	Gly	TCC	0	0	73.9	46.20	27.70	Inf	Gly	85.6	high confidence set
Chr03N	28	23425817	23425889	Glu	CTC	0	0	77.5	51.70	25.80	Inf	Glu	97.9	high confidence set
Chr03N	29	26389708	26389789	Ser	AGA	0	0	55.5	36.00	19.50	Inf	Ser	83.1	high confidence set
Chr03N	30	26496505	26496586	Ser	CGA	0	0	78.9	46.60	32.30	Inf	Ser	122.0	high confidence set
Chr03N	31	28800678	28800750	Glu	CTC	0	0	77.5	51.70	25.80	Inf	Glu	97.9	high confidence set
Chr03N	32	34552477	34552550	Lys	CTT	0	0	60.7	48.70	12.00	Inf	Lys	82.0	high confidence set
Chr03N	34	55794820	55794891	Pro	AGG	0	0	67.4	34.70	32.70	Inf	Pro	112.3	high confidence set
Chr03N	40	69264553	69264625	Ala	TGC	0	0	70.0	45.30	24.70	Inf	Ala	100.6	high confidence set
Chr03N	41	69171685	69171612	Thr	AGT	0	0	75.0	46.80	28.20	Inf	Thr	89.8	high confidence set
Chr03N	43	65308886	65308813	Glu	TTC	0	0	64.1	37.70	26.40	Inf	Glu	91.0	high confidence set
Chr03N	44	63055826	63055754	Lys	CTT	0	0	86.8	66.60	20.20	Inf	Lys	107.7	high confidence set
Chr03N	48	62010711	62010639	Lys	CTT	0	0	86.8	66.60	20.20	Inf	Lys	107.7	high confidence set
Chr03N	49	61318166	61318095	Gly	TCC	0	0	72.8	47.10	25.70	Inf	Gly	81.8	high confidence set
Chr03N	50	61243346	61243273	Val	TAC	0	0	55.5	33.80	21.70	Inf	Val	77.9	high confidence set
Chr03N	51	60642617	60642546	Asp	GTC	0	0	67.8	44.80	23.00	Inf	Asp	92.9	high confidence set
Chr03N	57	57511055	57510971	Met	CAT	57511017	57511007	64.3	40.80	23.50	Inf	Met	104.0	high confidence set
Chr03N	60	33673707	33673635	Lys	CTT	0	0	78.3	58.20	20.10	Inf	Lys	102.5	high confidence set
Chr03N	61	30716098	30716026	Arg	CCT	0	0	74.8	55.90	18.90	Inf	Arg	87.5	high confidence set
Chr03N	62	25438748	25438670	Leu	TAG	0	0	66.3	49.00	17.30	Inf	Leu	103.3	high confidence set
Chr03N	64	17447034	17446962	Phe	GAA	0	0	66.2	51.40	14.80	Inf	Phe	99.6	high confidence set
Chr03N	65	16892057	16891986	Asp	GTC	0	0	67.8	44.80	23.00	Inf	Asp	91.6	high confidence set
Chr03N	66	16408897	16408816	Ser	CGA	0	0	78.9	46.60	32.30	Inf	Ser	122.0	high confidence set
Chr03N	67	15270763	15270693	Cys	GCA	0	0	65.0	43.00	22.00	Inf	Cys	85.3	high confidence set
Chr03N	68	14525728	14525656	Arg	CCT	0	0	72.1	53.50	18.60	Inf	Arg	83.7	high confidence set
Chr03N	71	10976191	10976120	iMet	CAT	0	0	58.3	28.10	30.20	Inf	iMet	118.7	high confidence set
Chr03N	72	10975429	10975358	iMet	CAT	0	0	58.3	28.10	30.20	Inf	iMet	118.7	high confidence set
Chr03N	73	10961360	10961289	iMet	CAT	0	0	58.3	28.10	30.20	Inf	iMet	118.7	high confidence set
Chr03N	74	10423285	10423212	Asn	GTT	0	0	79.4	61.70	17.70	Inf	Asn	91.3	high confidence set
Chr03N	75	10301451	10301378	Thr	AGT	0	0	80.5	50.00	30.50	Inf	Thr	92.0	high confidence set
Chr03N	76	9589680	9589607	Asn	GTT	0	0	81.1	55.90	25.20	Inf	Asn	91.8	high confidence set
Chr03N	78	6607145	6607074	Cys	GCA	0	0	78.4	49.90	28.50	Inf	Cys	102.6	high confidence set
Chr03N	79	6594007	6593928	Leu	TAG	0	0	69.5	48.50	21.00	Inf	Leu	111.5	high confidence set
Chr03N	80	5470170	5470099	Gln	CTG	0	0	71.8	47.10	24.70	Inf	Gln	103.5	high confidence set
Chr03N	82	4798795	4798715	Leu	CAG	0	0	59.4	47.00	12.40	Inf	Leu	94.3	high confidence set
Chr03N	85	2608776	2608703	Thr	AGT	0	0	75.0	46.80	28.20	Inf	Thr	89.8	high confidence set
Chr03N	87	1686339	1686267	Ala	AGC	0	0	63.4	38.20	25.20	Inf	Ala	98.3	high confidence set
Chr03N	91	806944	806872	Ala	TGC	0	0	70.0	45.30	24.70	Inf	Ala	100.6	high confidence set
Chr03N	92	148981	148910	Pro	CGG	0	0	68.5	36.10	32.40	Inf	Pro	108.5	high confidence set
Chr04K	1	3696031	3696101	Gly	GCC	0	0	66.5	44.80	21.70	Inf	Gly	94.4	high confidence set
Chr04K	2	5117784	5117855	Pro	TGG	0	0	69.6	37.70	31.90	Inf	Pro	108.3	high confidence set
Chr04K	4	11784506	11784577	Trp	CCA	0	0	75.8	51.20	24.60	Inf	Trp	105.6	high confidence set
Chr04K	12	39607713	39607793	Leu	CAG	0	0	55.7	37.20	18.50	Inf	Leu	89.3	high confidence set
Chr04K	14	41304586	41304667	Ser	AGA	0	0	66.3	32.30	34.00	Inf	Ser	101.5	high confidence set
Chr04K	15	41857799	41857871	Glu	CTC	0	0	77.5	51.70	25.80	Inf	Glu	97.9	high confidence set
Chr04K	17	46039563	46039634	His	GTG	0	0	63.0	33.70	29.30	Inf	His	87.1	high confidence set
Chr04K	20	47768352	47768424	Ala	AGC	0	0	63.4	38.20	25.20	Inf	Ala	98.3	high confidence set
Chr04K	21	47879083	47879154	Pro	TGG	0	0	69.6	37.70	31.90	Inf	Pro	108.3	high confidence set
Chr04K	22	47672196	47672125	Pro	AGG	0	0	67.4	34.70	32.70	Inf	Pro	112.3	high confidence set
Chr04K	23	45953938	45953867	His	GTG	0	0	63.0	33.70	29.30	Inf	His	87.1	high confidence set
Chr04K	25	40786305	40786221	Leu	CAA	0	0	73.8	50.40	23.40	Inf	Leu	109.4	high confidence set
Chr04K	26	39465880	39465800	Leu	CAG	0	0	69.5	46.80	22.70	Inf	Leu	109.7	high confidence set
Chr04K	27	38317270	38317190	Leu	AAG	0	0	74.0	52.20	21.80	Inf	Leu	110.4	high confidence set
Chr04K	28	37843383	37843312	Pro	AGG	0	0	67.4	34.70	32.70	Inf	Pro	112.3	high confidence set
Chr04K	29	36802371	36802301	Gly	GCC	0	0	66.5	44.80	21.70	Inf	Gly	94.4	high confidence set
Chr04K	31	33526201	33526130	Gln	CTG	0	0	72.9	48.70	24.20	Inf	Gln	103.4	high confidence set
Chr04K	32	28241271	28241200	Lys	TTT	0	0	82.6	65.10	17.50	Inf	Lys	91.3	high confidence set
Chr04K	33	27505669	27505598	Asp	GTC	0	0	58.5	41.80	16.70	Inf	Asp	86.8	high confidence set
Chr04K	34	27505006	27504935	Asp	GTC	0	0	52.7	36.10	16.60	Inf	Asp	79.6	high confidence set
Chr04K	36	15139158	15139086	Lys	CTT	0	0	78.5	58.40	20.10	Inf	Lys	100.8	high confidence set
Chr04K	37	11988807	11988722	Met	CAT	11988769	11988758	57.4	40.50	16.90	Inf	Met	93.3	high confidence set
Chr04K	38	8191423	8191342	Ser	GCT	0	0	67.2	41.20	26.00	Inf	Ser	93.8	high confidence set
Chr04K	39	7073099	7073027	Lys	TTT	0	0	90.5	65.70	24.80	Inf	Lys	96.4	high confidence set
Chr04K	40	5344138	5344066	Ala	AGC	0	0	63.4	38.70	24.70	Inf	Ala	96.4	high confidence set
Chr04K	41	1055663	1055592	Asp	GTC	0	0	67.8	44.80	23.00	Inf	Asp	92.9	high confidence set
Chr04K	42	667676	667605	Asp	GTC	0	0	69.8	46.80	23.00	Inf	Asp	95.8	high confidence set
Chr04N	1	4740033	4740104	Pro	TGG	0	0	69.6	37.70	31.90	Inf	Pro	108.3	high confidence set
Chr04N	2	12168621	12168692	Trp	CCA	0	0	75.8	51.20	24.60	Inf	Trp	105.6	high confidence set
Chr04N	3	13437394	13437467	Val	AAC	0	0	62.7	38.40	24.30	Inf	Val	83.6	high confidence set
Chr04N	5	41821342	41821422	Leu	CAG	0	0	69.5	46.80	22.70	Inf	Leu	109.7	high confidence set
Chr04N	6	43486900	43486981	Ser	AGA	0	0	80.3	44.00	36.30	Inf	Ser	115.3	high confidence set
Chr04N	9	48678705	48678776	His	GTG	0	0	55.9	31.40	24.50	Inf	His	74.9	high confidence set
Chr04N	10	48929346	48929426	Leu	AAG	0	0	74.0	52.20	21.80	Inf	Leu	110.4	high confidence set
Chr04N	12	50053818	50053889	Thr	CGT	0	0	82.2	57.60	24.60	Inf	Thr	90.2	high confidence set
Chr04N	13	50340795	50340867	Ala	AGC	0	0	63.4	38.20	25.20	Inf	Ala	98.3	high confidence set
Chr04N	14	50488604	50488675	Pro	TGG	0	0	56.3	27.80	28.50	Inf	Pro	93.1	high confidence set
Chr04N	15	50254419	50254348	Pro	AGG	0	0	53.1	27.10	26.00	Inf	Pro	82.9	high confidence set
Chr04N	16	41598801	41598721	Leu	CAG	0	0	69.5	46.80	22.70	Inf	Leu	109.7	high confidence set
Chr04N	17	40431983	40431903	Leu	AAG	0	0	74.0	52.20	21.80	Inf	Leu	110.4	high confidence set
Chr04N	18	39936808	39936737	Pro	AGG	0	0	67.4	34.70	32.70	Inf	Pro	109.7	high confidence set
Chr04N	19	38737245	38737175	Gly	GCC	0	0	66.5	44.80	21.70	Inf	Gly	94.4	high confidence set
Chr04N	22	28785677	28785606	Lys	TTT	0	0	91.9	68.20	23.70	Inf	Lys	98.4	high confidence set
Chr04N	23	21424362	21424291	iMet	CAT	0	0	58.3	28.10	30.20	Inf	iMet	118.7	high confidence set
Chr04N	25	12993566	12993495	Asp	GTC	0	0	68.0	45.20	22.80	Inf	Asp	91.9	high confidence set
Chr04N	26	12826540	12826469	Asp	GTC	0	0	55.1	41.10	14.00	Inf	Asp	74.5	high confidence set
Chr04N	27	12320154	12320082	Undet	NNN	0	0	54.2	39.20	15.00	Inf	Met	74.1	undetermined isotype
Chr04N	28	7160848	7160776	Lys	TTT	0	0	90.5	65.70	24.80	Inf	Lys	96.4	high confidence set
Chr04N	29	5065591	5065519	Ala	AGC	0	0	54.7	35.70	19.00	Inf	Ala	93.4	high confidence set
Chr05K	2	4606856	4606929	Asp	GTC	0	0	71.0	52.20	18.80	Inf	Ala	72.1	IPD:-21.20,isotype mismatch
Chr05K	4	7324960	7325041	Leu	CAG	0	0	63.4	40.90	22.50	Inf	Leu	102.7	high confidence set
Chr05K	7	11622897	11622970	Ile	TAT	0	0	84.0	68.60	15.40	Inf	Ile	101.2	high confidence set
Chr05K	8	12711458	12711529	Asn	GTT	0	0	63.4	48.20	15.20	Inf	Asn	71.9	high confidence set
Chr05K	10	19238087	19238160	Asn	GTT	0	0	84.8	60.00	24.80	Inf	Asn	98.7	high confidence set
Chr05K	11	21037926	21038006	Leu	AAG	0	0	74.0	52.20	21.80	Inf	Leu	110.4	high confidence set
Chr05K	14	43008778	43008850	Arg	ACG	0	0	72.0	49.70	22.30	Inf	Arg	93.9	high confidence set
Chr05K	16	46794152	46794224	Val	TAC	0	0	71.9	39.50	32.40	Inf	Val	103.9	high confidence set
Chr05K	17	46991436	46991508	Phe	GAA	0	0	78.3	58.40	19.90	Inf	Phe	113.2	high confidence set
Chr05K	18	47001469	47001541	Lys	CTT	0	0	81.6	63.30	18.30	Inf	Lys	100.4	high confidence set
Chr05K	19	47006601	47006673	Asn	GTT	0	0	81.2	61.10	20.10	Inf	Lys	102.8	IPD:-29.40,isotype mismatch
Chr05K	20	47006794	47006866	Lys	CTT	0	0	86.8	66.60	20.20	Inf	Lys	107.7	high confidence set
Chr05K	21	48136863	48136935	Lys	CTT	0	0	86.8	66.60	20.20	Inf	Lys	107.7	high confidence set
Chr05K	22	48581708	48581780	Arg	ACG	0	0	72.0	49.70	22.30	Inf	Arg	93.9	high confidence set
Chr05K	23	49756636	49756707	Gln	CTG	0	0	75.3	51.20	24.10	Inf	Gln	106.0	high confidence set
Chr05K	24	49796222	49796294	Asp	GTC	0	0	62.2	48.90	13.30	Inf	Asp	80.3	high confidence set
Chr05K	25	49842545	49842631	Met	CAT	49842583	49842595	54.1	33.10	21.00	Inf	Met	88.5	high confidence set
Chr05K	27	52830669	52830742	Ile	AAT	0	0	81.8	58.30	23.50	Inf	Ile	106.8	high confidence set
Chr05K	28	53431560	53431631	Gly	TCC	0	0	73.9	46.20	27.70	Inf	Gly	85.6	high confidence set
Chr05K	29	54101239	54101311	Arg	CCG	0	0	70.6	49.90	20.70	Inf	Arg	76.2	high confidence set
Chr05K	30	54186845	54186917	Lys	CTT	0	0	87.4	67.30	20.10	Inf	Lys	102.1	high confidence set
Chr05K	31	54359767	54359847	Leu	CAG	0	0	69.5	46.80	22.70	Inf	Leu	109.7	high confidence set
Chr05K	33	58023126	58023199	Ile	AAT	0	0	81.8	58.30	23.50	Inf	Ile	106.8	high confidence set
Chr05K	34	59893697	59893768	Lys	TTT	0	0	91.9	68.20	23.70	Inf	Lys	98.4	high confidence set
Chr05K	35	60055890	60055971	Leu	AAG	0	0	54.3	43.40	10.90	Inf	Leu	78.1	high confidence set
Chr05K	36	61557391	61557463	Ala	TGC	0	0	70.0	45.30	24.70	Inf	Ala	100.6	high confidence set
Chr05K	37	61837001	61837080	Leu	TAG	0	0	69.5	48.50	21.00	Inf	Leu	111.5	high confidence set
Chr05K	38	61889802	61889886	Leu	TAA	0	0	67.2	35.60	31.60	Inf	Leu	96.0	high confidence set
Chr05K	40	61841681	61841610	Cys	GCA	0	0	61.9	47.40	14.50	Inf	Cys	93.2	high confidence set
Chr05K	41	61606197	61606125	Arg	TCT	0	0	66.2	48.40	17.80	Inf	Arg	97.0	high confidence set
Chr05K	42	61585844	61585772	Phe	GAA	0	0	78.3	58.40	19.90	Inf	Phe	113.2	high confidence set
Chr05K	43	61326904	61326832	Lys	CTT	0	0	86.8	66.60	20.20	Inf	Lys	107.7	high confidence set
Chr05K	44	60036699	60036619	Leu	AAG	0	0	74.0	52.20	21.80	Inf	Leu	110.4	high confidence set
Chr05K	45	59858415	59858343	Phe	GAA	0	0	78.3	58.40	19.90	Inf	Phe	113.2	high confidence set
Chr05K	46	59093617	59093545	Ala	AGC	0	0	63.4	38.20	25.20	Inf	Ala	98.3	high confidence set
Chr05K	47	59092131	59092059	Ala	AGC	0	0	63.4	38.70	24.70	Inf	Ala	96.4	high confidence set
Chr05K	48	57202222	57202149	Ile	TAT	0	0	80.2	64.20	16.00	Inf	Ile	93.5	high confidence set
Chr05K	49	57140408	57140327	Ser	AGA	0	0	79.6	43.50	36.10	Inf	Ser	114.9	high confidence set
Chr05K	51	56118624	56118553	Gln	TTG	0	0	76.2	56.20	20.00	Inf	Gln	105.4	high confidence set
Chr05K	52	55654373	55654294	Leu	TAG	0	0	66.2	49.50	16.70	Inf	Leu	99.3	high confidence set
Chr05K	53	54583149	54583076	Val	CAC	0	0	64.7	50.40	14.30	Inf	Val	75.3	high confidence set
Chr05K	55	53194710	53194630	Leu	AAG	0	0	73.8	52.90	20.90	Inf	Leu	103.0	high confidence set
Chr05K	56	50863567	50863496	Asp	GTC	0	0	67.8	44.80	23.00	Inf	Asp	92.9	high confidence set
Chr05K	57	50821606	50821535	Asp	GTC	0	0	67.8	44.80	23.00	Inf	Asp	92.9	high confidence set
Chr05K	58	49236140	49236055	Tyr	GTA	49236103	49236091	74.5	42.90	31.60	Inf	Tyr	111.8	high confidence set
Chr05K	59	48080229	48080157	Phe	GAA	0	0	78.3	58.40	19.90	Inf	Phe	113.2	high confidence set
Chr05K	60	47648984	47648913	Asp	GTC	0	0	64.9	45.20	19.70	Inf	Asp	93.5	high confidence set
Chr05K	61	46407983	46407913	Gly	CCC	0	0	66.3	29.50	36.80	Inf	Gly	89.7	high confidence set
Chr05K	63	43670111	43670030	Ser	CGA	0	0	80.8	44.00	36.80	Inf	Ser	121.7	high confidence set
Chr05K	64	41002605	41002533	Arg	CCT	0	0	74.8	55.90	18.90	Inf	Arg	87.5	high confidence set
Chr05K	68	15166812	15166740	Arg	ACG	0	0	72.0	49.70	22.30	Inf	Arg	93.9	high confidence set
Chr05K	70	12711860	12711783	Arg	ACG	0	0	57.0	44.90	12.10	Inf	Ile	73.7	IPD:-23.30,isotype mismatch
Chr05K	71	11218060	11217980	Leu	AAG	0	0	74.0	52.20	21.80	Inf	Leu	110.4	high confidence set
Chr05K	72	11217901	11217820	Ser	AGA	0	0	76.8	43.70	33.10	Inf	Ser	108.9	high confidence set
Chr05K	73	10742031	10741959	Glu	CTC	0	0	77.5	51.70	25.80	Inf	Glu	97.9	high confidence set
Chr05K	74	8431679	8431606	Thr	AGT	0	0	75.0	46.80	28.20	Inf	Thr	89.8	high confidence set
Chr05K	75	7574414	7574343	Asp	GTC	0	0	67.8	44.80	23.00	Inf	Asp	92.9	high confidence set
Chr05K	76	5840594	5840513	Ser	TGA	0	0	78.3	44.40	33.90	Inf	Ser	115.8	high confidence set
Chr05K	77	5238255	5238184	Pro	AGG	0	0	67.4	34.70	32.70	Inf	Pro	112.3	high confidence set
Chr05K	78	4607627	4607556	Asn	GTT	0	0	76.1	53.10	23.00	Inf	Asn	83.1	high confidence set
Chr05K	81	2685763	2685691	Glu	CTC	0	0	77.5	51.70	25.80	Inf	Glu	97.9	high confidence set
Chr05K	82	647893	647822	Gln	CTG	0	0	64.2	45.40	18.80	Inf	Gln	96.5	high confidence set
Chr05K	83	646411	646340	Gln	CTG	0	0	71.8	47.10	24.70	Inf	Gln	103.5	high confidence set
Chr05N	2	6463759	6463830	Cys	GCA	0	0	65.1	53.80	11.30	Inf	Cys	91.6	high confidence set
Chr05N	4	8017551	8017631	Leu	CAG	0	0	69.5	46.80	22.70	Inf	Leu	109.7	high confidence set
Chr05N	5	12552131	12552204	Ile	TAT	0	0	84.0	68.60	15.40	Inf	Ile	101.2	high confidence set
Chr05N	6	16106922	16106992	Cys	GCA	0	0	62.7	37.90	24.80	Inf	Cys	72.8	high confidence set
Chr05N	7	16290644	16290716	Arg	ACG	0	0	72.0	49.70	22.30	Inf	Arg	93.9	high confidence set
Chr05N	9	24330665	24330745	Leu	AAG	0	0	74.0	52.20	21.80	Inf	Leu	110.4	high confidence set
Chr05N	12	48934043	48934116	Ile	AAT	0	0	79.3	55.80	23.50	Inf	Ile	104.3	high confidence set
Chr05N	13	50383015	50383087	Arg	ACG	0	0	57.7	45.80	11.90	Inf	Arg	75.1	high confidence set
Chr05N	14	51719121	51719193	Glu	CTC	0	0	77.5	51.70	25.80	Inf	Glu	97.9	high confidence set
Chr05N	15	54782418	54782490	Val	TAC	0	0	71.9	39.50	32.40	Inf	Val	103.9	high confidence set
Chr05N	16	54954779	54954851	Phe	GAA	0	0	78.3	58.40	19.90	Inf	Phe	113.2	high confidence set
Chr05N	17	54965013	54965085	Lys	CTT	0	0	86.8	66.60	20.20	Inf	Lys	107.7	high confidence set
Chr05N	18	54967244	54967316	Lys	CTT	0	0	86.8	66.60	20.20	Inf	Lys	107.7	high confidence set
Chr05N	19	56490848	56490920	Lys	CTT	0	0	86.8	66.60	20.20	Inf	Lys	107.7	high confidence set
Chr05N	20	57069414	57069486	Arg	ACG	0	0	72.0	49.70	22.30	Inf	Arg	93.9	high confidence set
Chr05N	22	58501354	58501425	Asp	GTC	0	0	67.8	44.80	23.00	Inf	Asp	92.9	high confidence set
Chr05N	24	62333119	62333190	Gly	TCC	0	0	73.9	46.20	27.70	Inf	Gly	85.6	high confidence set
Chr05N	26	63194049	63194121	Arg	CCG	0	0	70.6	49.90	20.70	Inf	Arg	76.2	high confidence set
Chr05N	27	63342641	63342713	Lys	CTT	0	0	77.9	60.70	17.20	Inf	Lys	98.5	high confidence set
Chr05N	28	63592456	63592536	Leu	CAG	0	0	63.6	43.00	20.60	Inf	Leu	95.5	high confidence set
Chr05N	29	66662982	66663055	Val	CAC	0	0	79.3	48.30	31.00	Inf	Val	104.5	high confidence set
Chr05N	30	67282626	67282699	Ile	AAT	0	0	81.8	58.30	23.50	Inf	Ile	106.8	high confidence set
Chr05N	31	69396522	69396593	Lys	TTT	0	0	91.9	68.20	23.70	Inf	Lys	98.4	high confidence set
Chr05N	32	69576620	69576700	Leu	AAG	0	0	60.5	44.00	16.50	Inf	Leu	92.1	high confidence set
Chr05N	33	71102938	71103010	Ala	TGC	0	0	64.5	39.80	24.70	Inf	Ala	94.8	high confidence set
Chr05N	34	71519568	71519639	Arg	TCT	0	0	58.3	25.60	32.70	Inf	Gln	70.8	IPD:-24.50,isotype mismatch
Chr05N	35	71740501	71740585	Leu	TAA	0	0	69.0	37.50	31.50	Inf	Leu	96.3	high confidence set
Chr05N	36	72019021	72018935	Met	CAT	72018983	72018971	64.2	40.70	23.50	Inf	Met	104.0	high confidence set
Chr05N	37	71688416	71688344	Cys	GCA	0	0	65.1	51.30	13.80	Inf	Cys	88.0	high confidence set
Chr05N	39	71131065	71130993	Phe	GAA	0	0	78.3	58.40	19.90	Inf	Phe	113.2	high confidence set
Chr05N	40	70919193	70919121	Lys	CTT	0	0	87.4	67.30	20.10	Inf	Lys	102.1	high confidence set
Chr05N	41	69563035	69562955	Leu	AAG	0	0	74.0	52.20	21.80	Inf	Leu	110.4	high confidence set
Chr05N	42	69348185	69348113	Phe	GAA	0	0	78.3	58.40	19.90	Inf	Phe	113.2	high confidence set
Chr05N	43	68378773	68378701	Ala	AGC	0	0	63.4	38.20	25.20	Inf	Ala	98.3	high confidence set
Chr05N	44	66219608	66219527	Ser	AGA	0	0	75.2	41.20	34.00	Inf	Ser	109.6	high confidence set
Chr05N	45	65856235	65856162	Val	AAC	0	0	72.2	47.80	24.40	Inf	Val	98.2	high confidence set
Chr05N	46	64665967	64665888	Leu	TAG	0	0	69.5	48.50	21.00	Inf	Leu	111.5	high confidence set
Chr05N	48	62123283	62123203	Leu	AAG	0	0	70.4	50.40	20.00	Inf	Leu	106.8	high confidence set
Chr05N	49	59662837	59662766	Asp	GTC	0	0	67.8	44.80	23.00	Inf	Asp	92.9	high confidence set
Chr05N	50	57782893	57782808	Tyr	GTA	57782856	57782844	74.5	42.90	31.60	Inf	Tyr	111.8	high confidence set
Chr05N	51	56980271	56980198	Glu	TTC	0	0	64.1	37.70	26.40	Inf	Glu	91.0	high confidence set
Chr05N	52	56446959	56446887	Phe	GAA	0	0	68.1	56.10	12.00	Inf	Phe	104.4	high confidence set
Chr05N	53	55716149	55716078	Asp	GTC	0	0	69.8	46.80	23.00	Inf	Asp	95.8	high confidence set
Chr05N	54	54417822	54417752	Gly	CCC	0	0	66.3	29.50	36.80	Inf	Gly	89.7	high confidence set
Chr05N	55	51170493	51170412	Ser	CGA	0	0	78.9	46.60	32.30	Inf	Ser	122.0	high confidence set
Chr05N	57	20876965	20876892	Asn	GTT	0	0	82.1	57.50	24.60	Inf	Asn	93.6	high confidence set
Chr05N	58	12229613	12229533	Leu	AAG	0	0	74.0	52.20	21.80	Inf	Leu	110.4	high confidence set
Chr05N	59	12229458	12229377	Ser	AGA	0	0	71.4	35.10	36.30	Inf	Ser	107.3	high confidence set
Chr05N	60	11705397	11705321	Glu	CTC	11705359	11705356	56.3	43.70	12.60	Inf	Glu	84.9	high confidence set
Chr05N	61	9278373	9278300	Thr	AGT	0	0	75.0	46.80	28.20	Inf	Thr	89.8	high confidence set
Chr05N	62	8325653	8325582	Asp	GTC	0	0	69.8	46.80	23.00	Inf	Asp	95.8	high confidence set
Chr05N	63	6639625	6639544	Ser	TGA	0	0	78.3	44.40	33.90	Inf	Ser	115.8	high confidence set
Chr05N	64	6010913	6010842	Pro	AGG	0	0	67.4	34.70	32.70	Inf	Pro	112.3	high confidence set
Chr05N	65	4941765	4941695	Gly	GCC	0	0	66.5	44.80	21.70	Inf	Gly	94.4	high confidence set
Chr05N	66	2940155	2940083	Glu	CTC	0	0	77.5	51.70	25.80	Inf	Glu	97.9	high confidence set
Chr05N	67	799752	799681	Gln	CTG	0	0	71.8	47.10	24.70	Inf	Gln	103.5	high confidence set
Chr05N	68	798404	798333	Gln	CTG	0	0	71.8	47.10	24.70	Inf	Gln	103.5	high confidence set
Chr06K	1	879575	879647	Phe	GAA	0	0	78.3	58.40	19.90	Inf	Phe	113.2	high confidence set
Chr06K	2	2516000	2516071	Gly	TCC	0	0	73.9	46.20	27.70	Inf	Gly	85.6	high confidence set
Chr06K	3	2516649	2516720	Gly	TCC	0	0	74.1	46.80	27.30	Inf	Gly	86.2	high confidence set
Chr06K	4	2529173	2529244	Gly	TCC	0	0	73.9	46.20	27.70	Inf	Gly	85.6	high confidence set
Chr06K	6	8112124	8112195	Trp	CCA	0	0	75.8	51.20	24.60	Inf	Trp	105.6	high confidence set
Chr06K	7	8668411	8668497	Ser	GGA	0	0	64.5	34.70	29.80	Inf	Ser	84.5	unexpected anticodon
Chr06K	8	8669204	8669276	Phe	GAA	0	0	68.7	44.80	23.90	Inf	Tyr	76.6	IPD:-5.10,isotype mismatch
Chr06K	9	11486081	11486153	Arg	CCG	0	0	62.1	49.40	12.70	Inf	Arg	85.2	high confidence set
Chr06K	11	16919911	16919983	Arg	TCT	0	0	61.0	47.70	13.30	Inf	Arg	87.9	high confidence set
Chr06K	12	32687888	32687959	Asp	GTC	0	0	69.8	46.80	23.00	Inf	Asp	95.8	high confidence set
Chr06K	15	34158178	34158263	Tyr	GTA	34158215	34158227	64.6	40.70	23.90	Inf	Tyr	103.6	high confidence set
Chr06K	16	35059264	35059336	Lys	CTT	0	0	86.8	66.60	20.20	Inf	Lys	107.7	high confidence set
Chr06K	17	38568312	38568384	Ala	CGC	0	0	61.7	45.20	16.50	Inf	Ala	85.0	high confidence set
Chr06K	19	41607398	41607471	Ile	AAT	0	0	81.8	58.30	23.50	Inf	Ile	106.8	high confidence set
Chr06K	21	43476285	43476357	Phe	GAA	0	0	78.3	58.40	19.90	Inf	Phe	113.2	high confidence set
Chr06K	22	45703955	45704028	Val	AAC	0	0	71.9	47.50	24.40	Inf	Val	99.9	high confidence set
Chr06K	23	45904090	45904169	Leu	AAG	0	0	70.4	50.20	20.20	Inf	Leu	93.9	high confidence set
Chr06K	24	45911007	45911087	Leu	AAG	0	0	68.1	52.20	15.90	Inf	Leu	96.3	high confidence set
Chr06K	25	46381916	46381987	Thr	TGT	0	0	84.5	58.50	26.00	Inf	Thr	95.0	high confidence set
Chr06K	26	47576983	47577055	Glu	CTC	0	0	77.5	51.70	25.80	Inf	Glu	97.9	high confidence set
Chr06K	27	48257334	48257414	Leu	AAG	0	0	55.1	41.00	14.10	Inf	Leu	79.0	high confidence set
Chr06K	28	48252827	48252747	Leu	AAG	0	0	64.4	50.40	14.00	Inf	Leu	93.3	high confidence set
Chr06K	29	47620286	47620214	Arg	CCG	0	0	66.0	50.50	15.50	Inf	Arg	94.3	high confidence set
Chr06K	30	47271791	47271719	Ala	AGC	0	0	63.4	38.20	25.20	Inf	Ala	98.3	high confidence set
Chr06K	31	45701460	45701387	Asn	GTT	0	0	84.5	59.40	25.10	Inf	Asn	95.9	high confidence set
Chr06K	32	44024451	44024379	Glu	CTC	0	0	77.5	51.70	25.80	Inf	Glu	93.6	high confidence set
Chr06K	33	44016162	44016090	Glu	CTC	0	0	77.5	51.70	25.80	Inf	Glu	97.9	high confidence set
Chr06K	34	39454143	39454062	Ser	GCT	0	0	79.0	43.10	35.90	Inf	Ser	108.6	high confidence set
Chr06K	35	36930574	36930501	Ile	AAT	0	0	81.8	58.30	23.50	Inf	Ile	106.8	high confidence set
Chr06K	36	36105586	36105516	Gly	CCC	0	0	66.3	29.50	36.80	Inf	Gly	89.7	high confidence set
Chr06K	37	33974940	33974870	Gly	GCC	0	0	66.5	44.80	21.70	Inf	Gly	94.4	high confidence set
Chr06K	38	33972753	33972683	Gly	GCC	0	0	66.5	44.80	21.70	Inf	Gly	94.4	high confidence set
Chr06K	39	31119030	31118944	Tyr	GTA	31118993	31118980	74.4	42.90	31.50	Inf	Tyr	111.8	high confidence set
Chr06K	42	10791202	10791129	Val	AAC	0	0	72.2	47.80	24.40	Inf	Val	98.2	high confidence set
Chr06K	44	5690978	5690906	Arg	TCT	0	0	68.1	50.00	18.10	Inf	Arg	96.3	high confidence set
Chr06K	46	599039	598967	Arg	TCT	0	0	70.0	49.90	20.10	Inf	Arg	100.1	high confidence set
Chr06N	4	2831744	2831815	Gly	TCC	0	0	71.0	46.70	24.30	Inf	Gly	82.3	high confidence set
Chr06N	5	2841040	2841112	Gly	TCC	0	0	67.8	44.70	23.10	Inf	Gly	78.5	high confidence set
Chr06N	6	8141326	8141400	Glu	TTC	0	0	63.7	38.20	25.50	Inf	Glu	88.9	high confidence set
Chr06N	7	11606310	11606382	Arg	CCG	0	0	66.0	50.50	15.50	Inf	Arg	94.3	high confidence set
Chr06N	9	18995667	18995742	Arg	TCT	0	0	68.2	50.00	18.20	Inf	Arg	81.9	high confidence set
Chr06N	10	33958559	33958630	Asp	GTC	0	0	69.8	46.80	23.00	Inf	Asp	95.8	high confidence set
Chr06N	12	35480825	35480910	Tyr	GTA	35480862	35480874	74.5	43.00	31.50	Inf	Tyr	111.8	high confidence set
Chr06N	13	36299191	36299263	Lys	CTT	0	0	86.8	66.60	20.20	Inf	Lys	107.7	high confidence set
Chr06N	15	41913540	41913612	Ala	CGC	0	0	68.2	44.00	24.20	Inf	Ala	95.8	high confidence set
Chr06N	17	45755995	45756068	Ile	AAT	0	0	65.1	47.00	18.10	Inf	Ile	87.5	high confidence set
Chr06N	18	45758356	45758429	Ile	AAT	0	0	81.8	58.30	23.50	Inf	Ile	106.8	high confidence set
Chr06N	19	47534202	47534272	Phe	GAA	0	0	61.3	49.70	11.60	Inf	Phe	90.6	high confidence set
Chr06N	20	50287147	50287220	Val	AAC	0	0	57.8	42.70	15.10	Inf	Val	80.3	high confidence set
Chr06N	21	51026194	51026265	Thr	TGT	0	0	77.2	55.10	22.10	Inf	Thr	86.2	high confidence set
Chr06N	22	52132352	52132453	Glu	CTC	52132390	52132418	53.1	29.80	23.30	Inf	Glu	81.6	high confidence set
Chr06N	23	52519659	52519732	Val	CAC	0	0	79.3	48.30	31.00	Inf	Val	101.1	high confidence set
Chr06N	24	53067111	53067029	Leu	AAG	0	0	67.9	50.10	17.80	Inf	Leu	100.3	high confidence set
Chr06N	25	52406783	52406712	Pro	TGG	0	0	53.3	26.80	26.50	Inf	Pro	89.1	high confidence set
Chr06N	28	50284906	50284833	Asn	GTT	0	0	84.5	59.40	25.10	Inf	Asn	95.9	high confidence set
Chr06N	29	48000344	48000272	Glu	CTC	0	0	77.2	51.00	26.20	Inf	Glu	97.5	high confidence set
Chr06N	30	47978912	47978840	Glu	CTC	0	0	77.5	51.70	25.80	Inf	Glu	97.9	high confidence set
Chr06N	31	47880000	47879928	Glu	CTC	0	0	77.5	51.70	25.80	Inf	Glu	97.9	high confidence set
Chr06N	32	47874320	47874248	Glu	CTC	0	0	77.5	51.70	25.80	Inf	Glu	97.9	high confidence set
Chr06N	34	42865537	42865456	Ser	GCT	0	0	79.0	43.10	35.90	Inf	Ser	108.6	high confidence set
Chr06N	36	37800403	37800333	Gly	CCC	0	0	66.3	29.50	36.80	Inf	Gly	89.7	high confidence set
Chr06N	38	35146609	35146539	Gly	GCC	0	0	63.7	44.60	19.10	Inf	Gly	92.5	high confidence set
Chr06N	40	11311583	11311510	Val	AAC	0	0	65.3	40.90	24.40	Inf	Val	91.4	high confidence set
Chr06N	42	785176	785104	Arg	TCT	0	0	70.0	49.90	20.10	Inf	Arg	100.1	high confidence set
Chr06N	43	584763	584678	Tyr	GTA	584726	584714	74.5	42.90	31.60	Inf	Tyr	111.8	high confidence set
Chr07K	5	428133	428220	Ser	GCT	0	0	61.1	38.80	22.30	Inf	Ser	76.8	high confidence set
Chr07K	8	28611976	28612047	Gly	TCC	0	0	74.1	46.70	27.40	Inf	Gly	84.2	high confidence set
Chr07K	9	29273783	29273863	Leu	AAG	0	0	74.0	52.20	21.80	Inf	Leu	110.4	high confidence set
Chr07K	10	32620337	32620408	iMet	CAT	0	0	57.5	26.90	30.60	Inf	iMet	115.2	high confidence set
Chr07K	11	32812275	32812347	Phe	GAA	0	0	78.3	58.40	19.90	Inf	Phe	113.2	high confidence set
Chr07K	12	33579133	33579205	Lys	TTT	0	0	90.8	66.10	24.70	Inf	Lys	95.4	high confidence set
Chr07K	13	33965422	33965494	Ala	CGC	0	0	68.2	44.00	24.20	Inf	Ala	95.8	high confidence set
Chr07K	15	34828643	34828715	Arg	ACG	0	0	72.0	49.70	22.30	Inf	Arg	93.9	high confidence set
Chr07K	16	35969480	35969553	Ile	AAT	0	0	81.8	58.30	23.50	Inf	Ile	106.8	high confidence set
Chr07K	17	37082837	37082908	iMet	CAT	0	0	57.5	26.90	30.60	Inf	iMet	115.2	high confidence set
Chr07K	18	37427859	37427941	Leu	TAA	0	0	71.9	38.80	33.10	Inf	Leu	98.7	high confidence set
Chr07K	19	39540457	39540529	Arg	CCG	0	0	68.0	51.50	16.50	Inf	Arg	95.2	high confidence set
Chr07K	21	40214789	40214861	Ala	TGC	0	0	70.0	45.30	24.70	Inf	Ala	100.6	high confidence set
Chr07K	23	41034965	41035036	Pro	CGG	0	0	62.6	31.90	30.70	Inf	Pro	90.5	high confidence set
Chr07K	24	43030176	43030247	Thr	CGT	0	0	80.5	54.30	26.20	Inf	Thr	87.3	high confidence set
Chr07K	25	45363379	45363465	Met	CAT	45363417	45363429	64.2	40.70	23.50	Inf	Met	104.0	high confidence set
Chr07K	26	46962944	46963016	Glu	CTC	0	0	80.6	54.80	25.80	Inf	Glu	99.1	high confidence set
Chr07K	27	47184184	47184255	Glu	TTC	0	0	72.0	47.50	24.50	Inf	Glu	101.6	high confidence set
Chr07K	29	52538578	52538507	Gln	TTG	0	0	78.5	58.50	20.00	Inf	Gln	105.9	high confidence set
Chr07K	31	49237160	49237087	Glu	TTC	0	0	64.1	37.70	26.40	Inf	Glu	91.0	high confidence set
Chr07K	32	48978901	48978830	Trp	CCA	0	0	54.4	38.00	16.40	Inf	Trp	77.1	high confidence set
Chr07K	33	47568158	47568085	Val	AAC	0	0	64.3	40.40	23.90	Inf	Val	87.2	high confidence set
Chr07K	34	47439028	47438956	Arg	CCG	0	0	66.0	50.50	15.50	Inf	Arg	94.3	high confidence set
Chr07K	35	47003777	47003705	Ala	CGC	0	0	68.3	44.10	24.20	Inf	Ala	99.2	high confidence set
Chr07K	38	43611518	43611446	Val	TAC	0	0	71.2	38.40	32.80	Inf	Val	101.5	high confidence set
Chr07K	40	41984926	41984854	Glu	CTC	0	0	77.5	51.70	25.80	Inf	Glu	97.9	high confidence set
Chr07K	41	40331169	40331096	Thr	AGT	0	0	72.1	46.70	25.40	Inf	Thr	86.4	high confidence set
Chr07K	44	39186687	39186617	Gly	GCC	0	0	66.5	44.80	21.70	Inf	Gly	94.4	high confidence set
Chr07K	45	39175178	39175105	Ile	AAT	0	0	81.8	58.30	23.50	Inf	Ile	106.8	high confidence set
Chr07K	46	38381288	38381215	Ile	AAT	0	0	81.8	58.30	23.50	Inf	Ile	106.8	high confidence set
Chr07K	47	38006964	38006891	Val	CAC	0	0	79.4	48.30	31.10	Inf	Val	100.5	high confidence set
Chr07K	48	35259746	35259675	Trp	CCA	0	0	75.8	51.20	24.60	Inf	Trp	105.6	high confidence set
Chr07K	49	35203739	35203659	Leu	CAG	0	0	61.5	38.80	22.70	Inf	Leu	101.8	high confidence set
Chr07K	50	34949510	34949439	Trp	CCA	0	0	75.8	51.20	24.60	Inf	Trp	105.6	high confidence set
Chr07K	51	33590048	33589965	Ser	AGA	0	0	63.5	26.30	37.20	Inf	Ser	89.3	high confidence set
Chr07K	53	32436866	32436795	Gln	TTG	0	0	67.1	53.40	13.70	Inf	Gln	89.8	high confidence set
Chr07K	55	31156855	31156776	Leu	TAG	0	0	69.5	48.50	21.00	Inf	Leu	111.5	high confidence set
Chr07K	56	31057701	31057630	Cys	GCA	0	0	78.4	49.90	28.50	Inf	Cys	102.6	high confidence set
Chr07K	57	28117908	28117835	Val	CAC	0	0	79.3	48.30	31.00	Inf	Val	104.5	high confidence set
Chr07N	1	7533370	7533442	Arg	ACG	0	0	56.9	39.40	17.50	Inf	Arg	73.3	high confidence set
Chr07N	6	25641841	25641912	Gly	TCC	0	0	74.1	46.70	27.40	Inf	Gly	84.2	high confidence set
Chr07N	9	30072920	30072991	iMet	CAT	0	0	57.5	26.90	30.60	Inf	iMet	115.2	high confidence set
Chr07N	10	30383631	30383703	Phe	GAA	0	0	66.3	53.60	12.70	Inf	Phe	90.5	high confidence set
Chr07N	11	31294323	31294395	Lys	TTT	0	0	90.8	66.10	24.70	Inf	Lys	95.4	high confidence set
Chr07N	12	31610727	31610799	Ala	CGC	0	0	68.2	44.00	24.20	Inf	Ala	95.8	high confidence set
Chr07N	13	32479159	32479231	Arg	ACG	0	0	63.6	44.10	19.50	Inf	Arg	80.2	high confidence set
Chr07N	14	33634416	33634489	Ile	AAT	0	0	55.8	38.00	17.80	Inf	Ile	78.1	high confidence set
Chr07N	15	34660772	34660843	iMet	CAT	0	0	57.5	26.90	30.60	Inf	iMet	115.2	high confidence set
Chr07N	16	34874611	34874693	Leu	TAA	0	0	71.9	38.80	33.10	Inf	Leu	98.7	high confidence set
Chr07N	17	37038638	37038710	Arg	CCG	0	0	68.0	51.50	16.50	Inf	Arg	95.2	high confidence set
Chr07N	18	38203262	38203334	Phe	GAA	0	0	78.3	58.40	19.90	Inf	Phe	113.2	high confidence set
Chr07N	19	38280854	38280926	Ala	TGC	0	0	66.2	44.60	21.60	Inf	Ala	98.7	high confidence set
Chr07N	20	39338508	39338579	Pro	CGG	0	0	68.5	36.10	32.40	Inf	Pro	108.5	high confidence set
Chr07N	21	41355039	41355110	Thr	CGT	0	0	75.1	49.00	26.10	Inf	Thr	81.4	high confidence set
Chr07N	22	45079281	45079353	Glu	CTC	0	0	77.5	51.70	25.80	Inf	Glu	97.9	high confidence set
Chr07N	23	45337486	45337557	Glu	TTC	0	0	72.0	47.50	24.50	Inf	Glu	101.6	high confidence set
Chr07N	24	50736589	50736518	Gln	TTG	0	0	76.5	56.50	20.00	Inf	Gln	106.0	high confidence set
Chr07N	25	49240909	49240837	Ala	CGC	0	0	70.7	46.60	24.10	Inf	Ala	102.1	high confidence set
Chr07N	28	47054169	47054098	Trp	CCA	0	0	75.8	51.20	24.60	Inf	Trp	105.6	high confidence set
Chr07N	29	45818332	45818259	Val	AAC	0	0	72.9	48.60	24.30	Inf	Val	93.8	high confidence set
Chr07N	30	45751561	45751476	Tyr	GTA	45751524	45751512	74.5	42.90	31.60	Inf	Tyr	111.8	high confidence set
Chr07N	31	45707016	45706944	Arg	CCG	0	0	66.0	50.50	15.50	Inf	Arg	94.3	high confidence set
Chr07N	32	45117982	45117910	Ala	CGC	0	0	68.3	44.10	24.20	Inf	Ala	99.2	high confidence set
Chr07N	33	44369224	44369153	Asp	GTC	0	0	69.8	46.80	23.00	Inf	Asp	95.8	high confidence set
Chr07N	34	41931772	41931700	Val	TAC	0	0	71.2	38.40	32.80	Inf	Val	101.5	high confidence set
Chr07N	35	40266309	40266225	Glu	CTC	40266271	40266260	62.4	39.40	23.00	Inf	Glu	84.2	high confidence set
Chr07N	37	38204036	38203965	Thr	TGT	0	0	79.3	49.30	30.00	Inf	Thr	92.3	high confidence set
Chr07N	38	36663382	36663312	Gly	GCC	0	0	66.5	44.80	21.70	Inf	Gly	94.4	high confidence set
Chr07N	39	36628993	36628920	Ile	AAT	0	0	81.8	58.30	23.50	Inf	Ile	106.8	high confidence set
Chr07N	40	35927841	35927772	Ile	AAT	0	0	56.3	35.50	20.80	Inf	Ile	84.9	high confidence set
Chr07N	41	35500899	35500826	Val	CAC	0	0	79.3	48.30	31.00	Inf	Val	104.5	high confidence set
Chr07N	42	32988479	32988408	Trp	CCA	0	0	75.8	51.20	24.60	Inf	Trp	105.6	high confidence set
Chr07N	43	32660542	32660471	Trp	CCA	0	0	75.8	51.20	24.60	Inf	Trp	105.6	high confidence set
Chr07N	44	31301061	31300980	Ser	AGA	0	0	70.3	33.00	37.30	Inf	Ser	106.9	high confidence set
Chr07N	46	28381044	28380965	Leu	TAG	0	0	69.5	48.50	21.00	Inf	Leu	111.5	high confidence set
Chr07N	47	28253959	28253888	Cys	GCA	0	0	78.4	49.90	28.50	Inf	Cys	102.6	high confidence set
Chr07N	48	25279958	25279885	Val	CAC	0	0	79.3	48.30	31.00	Inf	Val	104.5	high confidence set
Chr08K	1	666529	666602	Ile	AAT	0	0	81.8	58.30	23.50	Inf	Ile	106.8	high confidence set
Chr08K	2	700246	700317	Pro	CGG	0	0	68.5	36.10	32.40	Inf	Pro	108.5	high confidence set
Chr08K	3	1268157	1268240	Leu	CAA	0	0	78.6	55.60	23.00	Inf	Leu	123.0	high confidence set
Chr08K	4	1862266	1862339	Val	CAC	0	0	70.4	39.40	31.00	Inf	Val	97.3	high confidence set
Chr08K	11	3966298	3966371	Glu	TTC	0	0	64.1	37.70	26.40	Inf	Glu	91.0	high confidence set
Chr08K	13	18402163	18402235	Ala	TGC	0	0	57.4	43.00	14.40	Inf	Ala	81.4	high confidence set
Chr08K	16	37165465	37165536	Pro	AGG	0	0	67.4	34.70	32.70	Inf	Pro	112.3	high confidence set
Chr08K	17	37202261	37202332	Pro	AGG	0	0	67.4	34.70	32.70	Inf	Pro	112.3	high confidence set
Chr08K	18	43053059	43053137	Gln	CTG	43053096	43053102	57.0	37.30	19.70	Inf	Gln	98.5	high confidence set
Chr08K	19	46107485	46107558	Val	CAC	0	0	79.3	48.30	31.00	Inf	Val	104.5	high confidence set
Chr08K	21	48023415	48023486	Pro	AGG	0	0	71.7	39.40	32.30	Inf	Ala	82.7	IPD:-0.70,isotype mismatch
Chr08K	22	48024266	48024337	Ser	AGA	0	0	62.8	30.90	31.90	Inf	Pro	76.0	IPD:-71.60,isotype mismatch
Chr08K	23	48025482	48025553	Pro	AGG	0	0	71.7	39.40	32.30	Inf	Ala	82.7	IPD:-0.70,isotype mismatch
Chr08K	24	48029232	48029303	Pro	AGG	0	0	64.6	32.30	32.30	Inf	Pro	77.1	high confidence set
Chr08K	25	48029624	48029695	Pro	AGG	0	0	67.4	34.70	32.70	Inf	Pro	112.3	high confidence set
Chr08K	26	48379915	48379996	Ser	GCT	0	0	79.0	43.10	35.90	Inf	Ser	108.6	high confidence set
Chr08K	30	48908604	48908694	Cys	GCA	48908641	48908647	53.5	27.60	25.90	Inf	Ser	75.1	IPD:-38.40,isotype mismatch
Chr08K	34	55425099	55425171	Lys	CTT	0	0	86.8	66.60	20.20	Inf	Lys	107.7	high confidence set
Chr08K	35	54252563	54252492	Gly	TCC	0	0	63.7	39.40	24.30	Inf	Gly	73.3	high confidence set
Chr08K	36	51519337	51519254	Leu	TAA	0	0	74.2	37.10	37.10	Inf	Leu	93.0	high confidence set
Chr08K	42	43795680	43795608	Pro	TGG	0	0	55.0	26.80	28.20	Inf	Pro	86.7	high confidence set
Chr08K	43	43052621	43052549	Arg	CCT	0	0	74.8	55.90	18.90	Inf	Arg	84.6	high confidence set
Chr08K	44	41558481	41558409	Arg	CCT	0	0	74.8	55.90	18.90	Inf	Arg	84.6	high confidence set
Chr08K	45	41251998	41251925	Glu	TTC	0	0	64.1	37.70	26.40	Inf	Glu	91.0	high confidence set
Chr08K	47	3450592	3450520	Ala	AGC	0	0	63.4	38.20	25.20	Inf	Ala	98.3	high confidence set
Chr08K	48	2071111	2071038	Val	CAC	0	0	72.1	41.10	31.00	Inf	Val	97.9	high confidence set
Chr08K	52	1781055	1780983	Ala	TGC	0	0	70.0	45.30	24.70	Inf	Ala	100.6	high confidence set
Chr08K	53	884819	884745	Pro	CGG	0	0	59.8	27.70	32.10	Inf	Pro	91.6	high confidence set
Chr08N	1	520101	520172	Pro	CGG	0	0	68.5	36.10	32.40	Inf	Pro	108.5	high confidence set
Chr08N	2	1115336	1115409	Gly	CCC	0	0	55.0	42.20	12.80	Inf	Val	73.7	IPD:-48.30,isotype mismatch
Chr08N	8	36772737	36772808	His	ATG	0	0	54.5	24.30	30.20	Inf	Pro	91.2	IPD:-49.50,isotype mismatch
Chr08N	9	39348620	39348694	Glu	TTC	0	0	66.9	41.40	25.50	Inf	Glu	93.1	high confidence set
Chr08N	10	42000212	42000283	Gln	CTG	0	0	72.9	48.70	24.20	Inf	Gln	103.4	high confidence set
Chr08N	11	43542140	43542213	Val	CAC	0	0	79.3	48.30	31.00	Inf	Val	104.5	high confidence set
Chr08N	12	44739265	44739337	Ala	AGC	0	0	63.4	38.20	25.20	Inf	Ala	98.3	high confidence set
Chr08N	14	45324145	45324216	Pro	AGG	0	0	65.4	37.50	27.90	Inf	Ala	78.1	IPD:-1.40,isotype mismatch
Chr08N	16	45326400	45326471	Pro	AGG	0	0	71.7	39.40	32.30	Inf	Ala	82.7	IPD:-0.70,isotype mismatch
Chr08N	17	45326977	45327049	Pro	AGG	0	0	51.0	32.90	18.10	Inf	Pro	87.5	high confidence set
Chr08N	18	45485402	45485483	Ser	GCT	0	0	67.4	34.50	32.90	Inf	Ser	98.6	high confidence set
Chr08N	19	47074626	47074699	Asn	GTT	0	0	75.7	51.30	24.40	Inf	Asn	86.4	high confidence set
Chr08N	20	50035616	50035544	Ala	AGC	0	0	63.4	38.20	25.20	Inf	Ala	98.3	high confidence set
Chr08N	21	49492647	49492576	Gly	TCC	0	0	73.9	46.20	27.70	Inf	Gly	85.6	high confidence set
Chr08N	22	46473275	46473193	Leu	TAA	0	0	56.0	37.30	18.70	Inf	Leu	79.8	high confidence set
Chr08N	23	43991512	43991426	Tyr	GTA	43991475	43991462	74.4	42.90	31.50	Inf	Tyr	111.8	high confidence set
Chr08N	24	42724582	42724511	Pro	TGG	0	0	68.5	35.70	32.80	Inf	Pro	111.2	high confidence set
Chr08N	25	40376305	40376233	Arg	CCT	0	0	74.8	55.90	18.90	Inf	Arg	84.6	high confidence set
Chr08N	26	37273642	37273565	Arg	ACG	0	0	57.0	44.90	12.10	Inf	Ile	73.7	IPD:-23.30,isotype mismatch
Chr08N	29	18533671	18533599	Ala	TGC	0	0	62.8	38.10	24.70	Inf	Ala	93.2	high confidence set
Chr08N	31	2843797	2843726	Pro	AGG	0	0	67.4	34.70	32.70	Inf	Pro	112.3	high confidence set
Chr08N	32	2170879	2170807	Ala	AGC	0	0	59.6	37.50	22.10	Inf	Ala	96.4	high confidence set
Chr08N	36	1022937	1022865	Ala	TGC	0	0	70.0	45.30	24.70	Inf	Ala	100.6	high confidence set
Chr08N	37	735193	735122	Pro	CGG	0	0	68.5	36.10	32.40	Inf	Pro	108.5	high confidence set
Chr09K	3	1233891	1233972	Ser	AGA	0	0	69.5	40.60	28.90	Inf	Ser	104.7	high confidence set
Chr09K	4	1269586	1269667	Ser	CGA	0	0	63.6	35.90	27.70	Inf	Ser	103.8	high confidence set
Chr09K	5	1291400	1291473	Val	AAC	0	0	72.2	47.80	24.40	Inf	Val	98.2	high confidence set
Chr09K	7	2441682	2441755	Val	AAC	0	0	72.9	48.60	24.30	Inf	Val	93.8	high confidence set
Chr09K	8	2552196	2552268	Glu	CTC	0	0	77.5	51.70	25.80	Inf	Glu	97.9	high confidence set
Chr09K	9	4376053	4376123	Gly	GCC	0	0	66.5	44.80	21.70	Inf	Gly	94.4	high confidence set
Chr09K	10	4944337	4944408	Asn	GTT	0	0	76.1	53.10	23.00	Inf	Asn	83.1	high confidence set
Chr09K	11	4950510	4950583	Val	AAC	0	0	72.2	47.80	24.40	Inf	Val	98.2	high confidence set
Chr09K	12	4971547	4971619	Ala	AGC	0	0	63.4	38.70	24.70	Inf	Ala	96.4	high confidence set
Chr09K	13	4973851	4973923	Ala	AGC	0	0	51.8	29.60	22.20	Inf	Ala	89.1	high confidence set
Chr09K	15	5857569	5857642	Glu	TTC	0	0	64.1	37.70	26.40	Inf	Glu	91.0	high confidence set
Chr09K	16	9111080	9111152	Arg	CCT	0	0	73.3	48.10	25.20	Inf	Thr	83.0	IPD:-7.00,isotype mismatch
Chr09K	17	14560312	14560385	Val	AAC	0	0	72.9	48.60	24.30	Inf	Val	93.8	high confidence set
Chr09K	18	20820908	20820980	Ala	AGC	0	0	63.4	38.20	25.20	Inf	Ala	98.3	high confidence set
Chr09K	20	22265488	22265561	Asn	GTT	0	0	81.1	55.90	25.20	Inf	Asn	91.8	high confidence set
Chr09K	21	22893991	22894061	Gly	GCC	0	0	66.5	44.80	21.70	Inf	Gly	94.4	high confidence set
Chr09K	23	24444985	24445058	Ile	TAT	0	0	87.1	72.60	14.50	Inf	Ile	104.3	high confidence set
Chr09K	24	25478892	25478975	Leu	CAA	0	0	78.6	55.60	23.00	Inf	Leu	123.0	high confidence set
Chr09K	27	30544822	30544907	Tyr	GTA	30544859	30544871	74.5	42.90	31.60	Inf	Tyr	111.8	high confidence set
Chr09K	28	44146773	44146860	Met	CAT	44146811	44146824	64.1	40.70	23.40	Inf	Met	104.0	high confidence set
Chr09K	30	51318472	51318553	Ser	GCT	0	0	79.0	43.10	35.90	Inf	Ser	108.6	high confidence set
Chr09K	31	52319630	52319715	Met	CAT	52319668	52319679	64.2	40.70	23.50	Inf	Met	104.0	high confidence set
Chr09K	32	52689891	52689962	Trp	CCA	0	0	75.8	51.20	24.60	Inf	Trp	105.6	high confidence set
Chr09K	33	52896510	52896583	Ile	AAT	0	0	81.8	58.30	23.50	Inf	Ile	106.8	high confidence set
Chr09K	34	54352448	54352519	Pro	TGG	0	0	68.5	35.70	32.80	Inf	Pro	111.2	high confidence set
Chr09K	35	55124687	55124757	Gly	CCC	0	0	66.3	29.50	36.80	Inf	Gly	89.7	high confidence set
Chr09K	36	55175363	55175444	Ser	TGA	0	0	78.3	44.40	33.90	Inf	Ser	115.8	high confidence set
Chr09K	38	57432462	57432533	Ala	AGC	0	0	54.4	31.20	23.20	Inf	Ala	83.1	trunc_start:1,high confidence set
Chr09K	39	57834331	57834411	Leu	AAG	0	0	69.5	47.70	21.80	Inf	Leu	103.4	high confidence set
Chr09K	40	57956686	57956757	iMet	CAT	0	0	58.7	29.90	28.80	Inf	iMet	112.6	high confidence set
Chr09K	41	63848264	63848335	iMet	CAT	0	0	58.3	28.10	30.20	Inf	iMet	118.7	high confidence set
Chr09K	42	67479677	67479747	Gly	GCC	0	0	61.8	43.40	18.40	Inf	Gly	89.2	high confidence set
Chr09K	44	70533336	70533407	Thr	TGT	0	0	84.5	58.50	26.00	Inf	Thr	95.0	high confidence set
Chr09K	45	70622365	70622438	Asn	GTT	0	0	80.0	54.90	25.10	Inf	Asn	90.6	high confidence set
Chr09K	46	68156120	68156050	Gly	GCC	0	0	66.5	44.80	21.70	Inf	Gly	94.4	high confidence set
Chr09K	47	66974328	66974245	Leu	CAA	0	0	78.6	55.60	23.00	Inf	Leu	123.0	high confidence set
Chr09K	48	64793306	64793221	Tyr	GTA	64793269	64793257	74.5	42.90	31.60	Inf	Tyr	111.8	high confidence set
Chr09K	49	64723651	64723579	Arg	ACG	0	0	71.7	49.10	22.60	Inf	Arg	91.4	high confidence set
Chr09K	50	64257866	64257794	Phe	GAA	0	0	72.2	58.00	14.20	Inf	Phe	102.7	high confidence set
Chr09K	51	62480349	62480279	Gly	CCC	0	0	66.3	29.50	36.80	Inf	Gly	89.7	high confidence set
Chr09K	53	61917633	61917561	Arg	CCT	0	0	74.4	55.20	19.20	Inf	Arg	82.9	high confidence set
Chr09K	55	58733713	58733640	Arg	TCG	0	0	81.9	60.40	21.50	Inf	Arg	92.9	high confidence set
Chr09K	56	58094162	58094091	His	GTG	0	0	53.8	24.80	29.00	Inf	His	75.0	high confidence set
Chr09K	58	56651699	56651627	Ala	CGC	0	0	68.3	44.10	24.20	Inf	Ala	99.2	high confidence set
Chr09K	59	54854578	54854506	Ala	AGC	0	0	56.0	31.00	25.00	Inf	Ala	90.4	high confidence set
Chr09K	60	54573133	54573061	Asn	GTT	0	0	76.0	50.60	25.40	Inf	Asn	86.0	high confidence set
Chr09K	61	52771451	52771371	Leu	CAG	0	0	69.5	46.80	22.70	Inf	Leu	109.7	high confidence set
Chr09K	62	52682668	52682597	Trp	CCA	0	0	75.8	51.20	24.60	Inf	Trp	105.6	high confidence set
Chr09K	63	51258249	51258177	Lys	CTT	0	0	86.8	66.60	20.20	Inf	Lys	107.7	high confidence set
Chr09K	64	50953144	50953073	Asp	GTC	0	0	67.8	44.80	23.00	Inf	Asp	92.9	high confidence set
Chr09K	65	48603784	48603711	Asn	GTT	0	0	84.5	59.40	25.10	Inf	Asn	95.9	high confidence set
Chr09K	66	48445088	48445017	His	GTG	0	0	63.0	33.70	29.30	Inf	His	87.1	high confidence set
Chr09K	67	47630634	47630562	Ala	AGC	0	0	63.4	38.20	25.20	Inf	Ala	98.3	high confidence set
Chr09K	68	46878349	46878279	Gly	GCC	0	0	55.6	40.50	15.10	Inf	Gly	82.5	high confidence set
Chr09K	69	46867188	46867118	Gly	GCC	0	0	57.0	43.00	14.00	Inf	Gly	85.6	high confidence set
Chr09K	70	46378591	46378511	Leu	AAG	0	0	74.3	53.30	21.00	Inf	Leu	109.7	high confidence set
Chr09K	71	44690679	44690607	Ala	AGC	0	0	63.4	38.20	25.20	Inf	Ala	98.3	high confidence set
Chr09K	72	44309455	44309383	Ala	TGC	0	0	70.0	45.30	24.70	Inf	Ala	100.6	high confidence set
Chr09K	73	43951379	43951309	Gly	GCC	0	0	66.5	44.80	21.70	Inf	Gly	94.4	high confidence set
Chr09K	76	30713949	30713878	Asp	GTC	0	0	67.8	44.80	23.00	Inf	Asp	92.9	high confidence set
Chr09K	78	20927288	20927217	Thr	TGT	0	0	79.3	49.30	30.00	Inf	Thr	92.3	high confidence set
Chr09K	79	17231839	17231767	Arg	ACG	0	0	72.0	49.70	22.30	Inf	Arg	93.9	high confidence set
Chr09K	80	16442416	16442345	Asp	GTC	0	0	67.8	44.80	23.00	Inf	Asp	92.9	high confidence set
Chr09K	81	16277738	16277666	Arg	ACG	0	0	71.3	48.60	22.70	Inf	Arg	93.4	high confidence set
Chr09K	82	13758574	13758502	Glu	CTC	0	0	74.4	48.60	25.80	Inf	Glu	96.7	high confidence set
Chr09K	84	12549134	12549063	Gln	CTG	0	0	75.3	51.20	24.10	Inf	Gln	103.1	high confidence set
Chr09K	85	8396308	8396238	Undet	NNN	0	0	58.9	39.00	19.90	Inf	Val	81.0	undetermined isotype
Chr09K	86	7233313	7233241	Arg	CCT	0	0	74.8	55.90	18.90	Inf	Arg	84.6	high confidence set
Chr09K	88	5596067	5595996	Gln	CTG	0	0	75.3	51.20	24.10	Inf	Gln	106.0	high confidence set
Chr09K	89	4944739	4944662	Arg	ACG	0	0	57.0	44.90	12.10	Inf	Ile	73.7	IPD:-23.30,isotype mismatch
Chr09K	91	4531712	4531641	Cys	GCA	0	0	72.6	46.90	25.70	Inf	Cys	95.8	high confidence set
Chr09K	92	2984892	2984803	Met	CAT	2984852	2984839	50.2	38.80	11.40	Inf	Met	86.6	high confidence set
Chr09K	93	2773431	2773348	Leu	CAA	0	0	78.6	55.60	23.00	Inf	Leu	123.0	high confidence set
Chr09N	2	1259004	1259085	Ser	AGA	0	0	80.3	44.00	36.30	Inf	Ser	115.3	high confidence set
Chr09N	3	1316446	1316527	Ser	CGA	0	0	78.9	46.60	32.30	Inf	Ser	122.0	high confidence set
Chr09N	4	1330863	1330936	Val	AAC	0	0	72.2	47.80	24.40	Inf	Val	98.2	high confidence set
Chr09N	5	1457192	1457263	Gln	TTG	0	0	76.2	56.20	20.00	Inf	Gln	105.4	high confidence set
Chr09N	6	2506852	2506925	Val	AAC	0	0	72.9	48.60	24.30	Inf	Val	93.8	high confidence set
Chr09N	7	2637171	2637243	Glu	CTC	0	0	77.5	51.70	25.80	Inf	Glu	97.9	high confidence set
Chr09N	9	4668969	4669039	Gly	GCC	0	0	66.5	44.80	21.70	Inf	Gly	94.4	high confidence set
Chr09N	10	5412172	5412245	Val	AAC	0	0	72.2	47.80	24.40	Inf	Val	98.2	high confidence set
Chr09N	12	5435735	5435806	Ala	AGC	0	0	51.3	40.70	10.60	Inf	Ala	81.5	high confidence set
Chr09N	13	6001375	6001448	Thr	AGT	0	0	75.0	46.80	28.20	Inf	Thr	89.8	high confidence set
Chr09N	16	10619877	10619950	Ile	TAT	0	0	84.9	69.60	15.30	Inf	Ile	102.9	high confidence set
Chr09N	18	13590490	13590563	Thr	AGT	0	0	75.0	46.80	28.20	Inf	Thr	89.8	high confidence set
Chr09N	19	13714526	13714598	Arg	CCT	0	0	64.5	49.30	15.20	Inf	Arg	78.5	high confidence set
Chr09N	20	22387114	22387186	Ala	AGC	0	0	63.4	38.20	25.20	Inf	Ala	98.3	high confidence set
Chr09N	21	23805118	23805191	Asn	GTT	0	0	81.1	55.90	25.20	Inf	Asn	91.8	high confidence set
Chr09N	22	24578191	24578261	Gly	GCC	0	0	66.5	44.80	21.70	Inf	Gly	94.4	high confidence set
Chr09N	23	25992620	25992692	Lys	CTT	0	0	70.1	51.10	19.00	Inf	Lys	84.4	high confidence set
Chr09N	24	26267990	26268063	Ile	TAT	0	0	87.1	72.60	14.50	Inf	Ile	104.3	high confidence set
Chr09N	25	27541271	27541354	Leu	CAA	0	0	78.6	55.60	23.00	Inf	Leu	123.0	high confidence set
Chr09N	30	34899877	34899961	Tyr	GTA	34899914	34899925	74.5	43.00	31.50	Inf	Tyr	111.8	high confidence set
Chr09N	31	50714949	50715043	Met	CAT	50714987	50715007	62.0	38.60	23.40	Inf	Met	96.9	high confidence set
Chr09N	32	52052719	52052799	Ser	GCT	0	0	64.5	33.10	31.40	Inf	Ser	95.9	high confidence set
Chr09N	33	59691336	59691417	Ser	GCT	0	0	79.0	43.10	35.90	Inf	Ser	108.6	high confidence set
Chr09N	35	61801720	61801791	Trp	CCA	0	0	53.3	39.80	13.50	Inf	Trp	70.6	high confidence set
Chr09N	36	61964246	61964320	Ile	AAT	0	0	75.0	55.30	19.70	Inf	Ile	93.6	high confidence set
Chr09N	38	63802649	63802720	Pro	TGG	0	0	59.2	29.80	29.40	Inf	Pro	102.4	high confidence set
Chr09N	39	64715236	64715306	Gly	CCC	0	0	66.3	29.50	36.80	Inf	Gly	89.7	high confidence set
Chr09N	40	64764889	64764970	Ser	TGA	0	0	78.3	44.40	33.90	Inf	Ser	115.8	high confidence set
Chr09N	41	66154955	66155026	Glu	CTC	0	0	70.0	43.70	26.30	Inf	Glu	92.7	high confidence set
Chr09N	43	68125755	68125826	iMet	CAT	0	0	58.3	28.10	30.20	Inf	iMet	118.7	high confidence set
Chr09N	47	79192922	79192992	Gly	GCC	0	0	66.5	44.80	21.70	Inf	Gly	94.4	high confidence set
Chr09N	48	80642461	80642534	Asn	GTT	0	0	74.8	51.80	23.00	Inf	Asn	87.6	high confidence set
Chr09N	49	82468424	82468497	Asn	GTT	0	0	81.1	55.90	25.20	Inf	Asn	91.8	high confidence set
Chr09N	50	79738204	79738134	Gly	GCC	0	0	66.5	44.80	21.70	Inf	Gly	94.4	high confidence set
Chr09N	51	78528540	78528457	Leu	CAA	0	0	78.2	54.90	23.30	Inf	Leu	121.9	high confidence set
Chr09N	58	75543256	75543184	Phe	GAA	0	0	78.3	58.40	19.90	Inf	Phe	113.2	high confidence set
Chr09N	59	73532115	73532045	Gly	CCC	0	0	66.3	29.50	36.80	Inf	Gly	89.7	high confidence set
Chr09N	60	72828941	72828868	Thr	AGT	0	0	75.0	46.80	28.20	Inf	Thr	89.8	high confidence set
Chr09N	61	72644799	72644727	Arg	CCT	0	0	74.8	55.90	18.90	Inf	Arg	84.6	high confidence set
Chr09N	62	72506179	72506106	Glu	TTC	0	0	64.1	37.70	26.40	Inf	Glu	91.0	high confidence set
Chr09N	64	69073158	69073085	Arg	TCG	0	0	81.9	60.40	21.50	Inf	Arg	92.9	high confidence set
Chr09N	65	68319269	68319198	His	GTG	0	0	63.0	33.70	29.30	Inf	His	87.1	high confidence set
Chr09N	66	68089351	68089281	Gly	GCC	0	0	66.5	44.80	21.70	Inf	Gly	94.4	high confidence set
Chr09N	71	63988435	63988362	Asn	GTT	0	0	83.9	58.50	25.40	Inf	Asn	97.4	high confidence set
Chr09N	72	61918918	61918838	Leu	CAG	0	0	69.5	46.80	22.70	Inf	Leu	109.7	high confidence set
Chr09N	73	61749801	61749730	Trp	CCA	0	0	75.8	51.20	24.60	Inf	Trp	105.6	high confidence set
Chr09N	75	56072182	56072109	Asn	GTT	0	0	84.5	59.40	25.10	Inf	Asn	95.9	high confidence set
Chr09N	76	55112220	55112148	Ala	AGC	0	0	63.4	38.20	25.20	Inf	Ala	98.3	high confidence set
Chr09N	77	54070382	54070312	Gly	GCC	0	0	66.5	44.80	21.70	Inf	Gly	94.4	high confidence set
Chr09N	78	54034453	54034383	Gly	GCC	0	0	66.5	44.80	21.70	Inf	Gly	94.4	high confidence set
Chr09N	79	53616805	53616725	Leu	AAG	0	0	74.3	53.30	21.00	Inf	Leu	109.7	high confidence set
Chr09N	81	51490918	51490846	Ala	AGC	0	0	59.0	34.60	24.40	Inf	Ala	95.4	high confidence set
Chr09N	88	30090417	30090345	Thr	TGT	0	0	61.0	47.90	13.10	Inf	Thr	75.0	high confidence set
Chr09N	89	22478983	22478912	Thr	TGT	0	0	79.3	49.30	30.00	Inf	Thr	92.3	high confidence set
Chr09N	91	18889956	18889884	Arg	ACG	0	0	72.0	49.70	22.30	Inf	Arg	93.9	high confidence set
Chr09N	92	17728708	17728637	Asp	GTC	0	0	67.8	44.80	23.00	Inf	Asp	92.9	high confidence set
Chr09N	93	17345590	17345518	Arg	ACG	0	0	62.6	40.70	21.90	Inf	Arg	85.5	high confidence set
Chr09N	94	14834251	14834179	Glu	CTC	0	0	77.5	51.70	25.80	Inf	Glu	93.6	high confidence set
Chr09N	95	14633746	14633676	Gly	GCC	0	0	66.5	44.80	21.70	Inf	Gly	94.4	high confidence set
Chr09N	96	9107561	9107488	Val	CAC	0	0	79.3	48.30	31.00	Inf	Val	104.5	high confidence set
Chr09N	97	7878289	7878217	Arg	CCT	0	0	74.8	55.90	18.90	Inf	Arg	84.6	high confidence set
Chr09N	99	7473156	7473084	Arg	ACG	0	0	72.0	49.70	22.30	Inf	Arg	93.9	high confidence set
Chr09N	100	6063389	6063319	Gln	CTG	0	0	67.4	43.20	24.20	Inf	Gln	96.0	high confidence set
Chr09N	101	5721988	5721915	Arg	TCG	0	0	81.9	60.40	21.50	Inf	Arg	92.9	high confidence set
Chr09N	102	4880223	4880152	Cys	GCA	0	0	81.7	56.10	25.60	Inf	Cys	104.3	high confidence set
Chr09N	103	3321103	3321016	Ile	GAT	3321065	3321052	55.9	35.30	20.60	Inf	Met	91.4	IPD:-28.90,isotype mismatch
Chr09N	104	2960849	2960766	Leu	CAA	0	0	78.6	55.60	23.00	Inf	Leu	123.0	high confidence set
scaffold_183	3	247538	247609	Asn	GTT	0	0	76.1	53.10	23.00	Inf	Asn	83.1	high confidence set
scaffold_183	7	500714	500800	Ser	GGA	0	0	64.5	34.70	29.80	Inf	Ser	84.5	unexpected anticodon
scaffold_183	8	501507	501579	Phe	GAA	0	0	68.7	44.80	23.90	Inf	Tyr	76.6	IPD:-5.10,isotype mismatch
scaffold_183	11	404113	404043	Cys	GCA	0	0	63.0	37.80	25.20	Inf	Cys	72.7	high confidence set
scaffold_183	13	359520	359448	Lys	TTT	0	0	80.3	61.50	18.80	Inf	Lys	78.3	high confidence set
scaffold_183	15	356500	356427	Trp	CCA	0	0	72.3	42.90	29.40	Inf	Thr	75.0	IPD:-16.70,isotype mismatch
scaffold_183	16	280989	280903	Ser	GGA	0	0	64.5	34.70	29.80	Inf	Ser	84.5	unexpected anticodon
scaffold_183	17	280196	280124	Phe	GAA	0	0	68.7	44.80	23.90	Inf	Tyr	76.6	IPD:-5.10,isotype mismatch
scaffold_183	19	260530	260456	Pro	TGG	0	0	62.8	32.80	30.00	Inf	Trp	73.3	IPD:-42.40,isotype mismatch
scaffold_183	20	248322	248249	Asp	GTC	0	0	72.0	53.20	18.80	Inf	Ala	72.8	IPD:-22.40,isotype mismatch
scaffold_1427	1	157662	157743	Ser	TGA	0	0	78.3	44.40	33.90	Inf	Ser	115.8	high confidence set
scaffold_1427	2	51589	51515	Pro	CGG	0	0	59.8	27.70	32.10	Inf	Pro	91.6	high confidence set
scaffold_3089	1	35993	36079	Ser	GGA	0	0	64.5	34.70	29.80	Inf	Ser	84.5	unexpected anticodon
scaffold_3089	2	36786	36858	Phe	GAA	0	0	68.7	44.80	23.90	Inf	Tyr	76.6	IPD:-5.10,isotype mismatch
scaffold_3089	6	66160	66231	Asn	GTT	0	0	76.1	53.10	23.00	Inf	Asn	83.1	high confidence set
scaffold_3089	8	79152	79078	Pro	TGG	0	0	62.8	32.80	30.00	Inf	Trp	73.3	IPD:-42.40,isotype mismatch
scaffold_3089	9	66944	66871	Asp	GTC	0	0	72.0	53.20	18.80	Inf	Ala	72.8	IPD:-22.40,isotype mismatch
scaffold_3553	1	53227	53297	Cys	GCA	0	0	63.0	37.80	25.20	Inf	Cys	72.7	high confidence set
scaffold_3553	3	25178	25106	Lys	TTT	0	0	80.3	61.50	18.80	Inf	Lys	78.3	high confidence set
scaffold_3553	5	22158	22085	Trp	CCA	0	0	72.3	42.90	29.40	Inf	Thr	75.0	IPD:-16.70,isotype mismatch
scaffold_3786	1	40078	40159	Ser	TGA	0	0	65.5	34.90	30.60	Inf	Ser	100.7	high confidence set
