Sequence    		tRNA  	Bounds	tRNA	Anti	Intron Bounds	Inf	HMM	2'Str	Hit	      
Name        	tRNA #	Begin 	End   	Type	Codon	Begin	End	Score	Score	Score	Origin	Note
--------    	------	----- 	------	----	-----	-----	----	------	-----	-----	------	------
NC_010093.1 	1	9773  	9844  	Arg	TCT	0	0	67.2	38.60	28.60	Inf	
NC_010093.1 	2	27763 	27833 	Cys	GCA	0	0	60.7	41.90	18.80	Inf	
NC_010093.1 	3	31561 	31632 	Thr	GGT	0	0	65.9	36.40	29.50	Inf	
NC_010093.1 	4	36587 	36657 	Gly	GCC	0	0	62.0	43.00	19.00	Inf	
NC_010093.1 	5	45383 	45469 	Ser	GGA	0	0	73.6	47.00	26.60	Inf	
NC_010093.1 	6	48522 	48594 	Phe	GAA	0	0	74.7	47.40	27.30	Inf	
NC_010093.1 	7	53437 	53509 	Met	CAT	0	0	53.4	34.70	18.70	Inf	
NC_010093.1 	8	83751 	83824 	His	GTG	0	0	60.7	42.60	18.10	Inf	
NC_010093.1 	9	99215 	99286 	Val	GAC	0	0	58.9	28.60	30.30	Inf	
NC_010093.1 	10	101318	101405	Ile	GAT	101354	101369	16.4	0.00	16.40	Inf	
NC_010093.1 	11	102400	102504	Ala	TGC	102437	102476	16.3	30.00	-13.70	Inf	
NC_010093.1 	12	107036	107109	Arg	ACG	0	0	57.7	41.30	16.40	Inf	
NC_010093.1 	13	113810	113889	Leu	TAG	0	0	59.7	28.50	31.20	Inf	
NC_010093.1 	14	129638	129709	Asn	GTT	0	0	69.1	46.50	22.60	Inf	
NC_010093.1 	15	144359	144439	Leu	CAA	0	0	65.7	34.30	31.40	Inf	
NC_010093.1 	16	151430	151503	Met	CAT	0	0	66.9	43.70	23.20	Inf	
NC_010093.1 	17	153565	153492	His	GTG	0	0	60.7	42.60	18.10	Inf	
NC_010093.1 	18	138101	138030	Val	GAC	0	0	58.9	28.60	30.30	Inf	
NC_010093.1 	19	135998	135911	Ile	GAT	135962	135947	16.4	0.00	16.40	Inf	
NC_010093.1 	20	134916	134812	Ala	TGC	134879	134840	16.3	30.00	-13.70	Inf	
NC_010093.1 	21	130280	130207	Arg	ACG	0	0	57.7	41.30	16.40	Inf	
NC_010093.1 	22	107678	107607	Asn	GTT	0	0	69.1	46.50	22.60	Inf	
NC_010093.1 	23	92957 	92877 	Leu	CAA	0	0	65.7	34.30	31.40	Inf	
NC_010093.1 	24	85886 	85813 	Met	CAT	0	0	66.9	43.70	23.20	Inf	
NC_010093.1 	25	66238 	66165 	Pro	TGG	0	0	65.6	40.90	24.70	Inf	
NC_010093.1 	26	65999 	65926 	Trp	CCA	0	0	71.9	42.90	29.00	Inf	
NC_010093.1 	27	46797 	46725 	Thr	TGT	0	0	67.6	45.80	21.80	Inf	
NC_010093.1 	28	36871 	36798 	Met	CAT	0	0	69.0	37.50	31.50	Inf	
NC_010093.1 	29	35741 	35649 	Ser	TGA	0	0	74.6	48.40	26.20	Inf	
NC_010093.1 	30	31043 	30971 	Glu	TTC	0	0	55.1	32.80	22.30	Inf	
NC_010093.1 	31	30906 	30823 	Tyr	GTA	0	0	61.9	39.50	22.40	Inf	
NC_010093.1 	32	30485 	30412 	Asp	GTC	0	0	67.0	49.50	17.50	Inf	
NC_010093.1 	33	7921  	7834  	Ser	GCT	0	0	79.9	49.80	30.10	Inf	
NC_010093.1 	34	6634  	6563  	Gln	TTG	0	0	60.7	38.40	22.30	Inf	
