Sequence    		tRNA  	Bounds	tRNA	Anti	Intron Bounds	Inf	HMM	2'Str	Hit	      
Name        	tRNA #	Begin 	End   	Type	Codon	Begin	End	Score	Score	Score	Origin	Note
--------    	------	----- 	------	----	-----	-----	----	------	-----	-----	------	------
NC_026220.1 	1	10923 	10994 	Arg	TCT	0	0	67.2	38.60	28.60	Inf	
NC_026220.1 	2	29451 	29521 	Cys	GCA	0	0	63.4	37.90	25.50	Inf	
NC_026220.1 	3	34050 	34121 	Thr	GGT	0	0	66.0	34.10	31.90	Inf	
NC_026220.1 	4	38683 	38753 	Gly	GCC	0	0	61.4	42.50	18.90	Inf	
NC_026220.1 	5	47301 	47387 	Ser	GGA	0	0	73.6	47.00	26.60	Inf	
NC_026220.1 	6	50418 	50490 	Phe	GAA	0	0	73.3	44.50	28.80	Inf	
NC_026220.1 	7	54768 	54840 	Met	CAT	0	0	62.9	35.20	27.70	Inf	
NC_026220.1 	8	87931 	88004 	His	GTG	0	0	62.8	44.70	18.10	Inf	
NC_026220.1 	9	104282	104353	Val	GAC	0	0	58.9	28.60	30.30	Inf	
NC_026220.1 	10	106392	106479	Ile	GAT	106428	106443	16.4	0.00	16.40	Inf	
NC_026220.1 	11	107470	107574	Ala	TGC	107507	107546	16.3	30.00	-13.70	Inf	
NC_026220.1 	12	112101	112174	Arg	ACG	0	0	57.7	41.30	16.40	Inf	
NC_026220.1 	13	118524	118603	Leu	TAG	0	0	62.4	27.10	35.30	Inf	
NC_026220.1 	14	134268	134339	Asn	GTT	0	0	63.5	45.40	18.10	Inf	
NC_026220.1 	15	148968	149048	Leu	CAA	0	0	65.7	34.30	31.40	Inf	
NC_026220.1 	16	157026	157099	Met	CAT	0	0	66.7	44.90	21.80	Inf	
NC_026220.1 	17	159172	159099	His	GTG	0	0	62.8	44.70	18.10	Inf	
NC_026220.1 	18	142821	142750	Val	GAC	0	0	58.9	28.60	30.30	Inf	
NC_026220.1 	19	140711	140624	Ile	GAT	140675	140660	16.4	0.00	16.40	Inf	
NC_026220.1 	20	139633	139529	Ala	TGC	139596	139557	16.3	30.00	-13.70	Inf	
NC_026220.1 	21	135002	134929	Arg	ACG	0	0	57.7	41.30	16.40	Inf	
NC_026220.1 	22	112835	112764	Asn	GTT	0	0	63.5	45.40	18.10	Inf	
NC_026220.1 	23	98135 	98055 	Leu	CAA	0	0	65.7	34.30	31.40	Inf	
NC_026220.1 	24	90077 	90004 	Met	CAT	0	0	66.7	44.90	21.80	Inf	
NC_026220.1 	25	69944 	69871 	Pro	TGG	0	0	65.6	40.90	24.70	Inf	
NC_026220.1 	26	69725 	69652 	Trp	CCA	0	0	71.9	42.90	29.00	Inf	
NC_026220.1 	27	48666 	48594 	Thr	TGT	0	0	67.6	45.80	21.80	Inf	
NC_026220.1 	28	38967 	38894 	Met	CAT	0	0	64.7	38.40	26.30	Inf	
NC_026220.1 	29	37834 	37742 	Ser	TGA	0	0	76.4	50.40	26.00	Inf	
NC_026220.1 	30	33731 	33659 	Glu	TTC	0	0	52.7	30.40	22.30	Inf	
NC_026220.1 	31	33599 	33516 	Tyr	GTA	0	0	62.3	40.60	21.70	Inf	
NC_026220.1 	32	33093 	33020 	Asp	GTC	0	0	67.1	49.50	17.60	Inf	
NC_026220.1 	33	8648  	8561  	Ser	GCT	0	0	76.3	50.10	26.20	Inf	
NC_026220.1 	34	7362  	7291  	Gln	TTG	0	0	60.7	38.40	22.30	Inf	
