Sequence    		tRNA  	Bounds	tRNA	Anti	Intron Bounds	Inf	HMM	2'Str	Hit	      
Name        	tRNA #	Begin 	End   	Type	Codon	Begin	End	Score	Score	Score	Origin	Note
--------    	------	----- 	------	----	-----	-----	----	------	-----	-----	------	------
NC_034777.1 	1	9216  	9347  	Undet	NNN	0	0	17.5	0.00	17.50	Inf	
NC_034777.1 	2	10099 	10170 	Arg	TCT	0	0	67.2	38.60	28.60	Inf	
NC_034777.1 	3	27995 	28065 	Cys	GCA	0	0	60.5	41.90	18.60	Inf	
NC_034777.1 	4	32168 	32239 	Thr	GGT	0	0	67.4	35.50	31.90	Inf	
NC_034777.1 	5	36824 	36894 	Gly	GCC	0	0	63.8	42.50	21.30	Inf	
NC_034777.1 	6	45325 	45412 	Ser	GGA	0	0	74.1	46.70	27.40	Inf	
NC_034777.1 	7	48574 	48646 	Phe	GAA	0	0	73.3	44.50	28.80	Inf	
NC_034777.1 	8	53359 	53431 	Met	CAT	0	0	59.5	35.70	23.80	Inf	
NC_034777.1 	9	85469 	85542 	His	GTG	0	0	62.8	44.70	18.10	Inf	
NC_034777.1 	10	101862	101933	Val	GAC	0	0	58.9	28.60	30.30	Inf	
NC_034777.1 	11	103951	104038	Ile	GAT	103987	104002	16.4	0.00	16.40	Inf	
NC_034777.1 	12	105028	105132	Ala	TGC	105065	105104	16.3	30.00	-13.70	Inf	
NC_034777.1 	13	109651	109724	Arg	ACG	0	0	57.7	41.30	16.40	Inf	
NC_034777.1 	14	115773	115852	Leu	TAG	0	0	57.3	28.70	28.60	Inf	
NC_034777.1 	15	131279	131350	Asn	GTT	0	0	68.2	44.80	23.40	Inf	
NC_034777.1 	16	146061	146141	Leu	CAA	0	0	63.2	32.00	31.20	Inf	
NC_034777.1 	17	154089	154162	Met	CAT	0	0	66.7	44.90	21.80	Inf	
NC_034777.1 	18	156230	156157	His	GTG	0	0	62.8	44.70	18.10	Inf	
NC_034777.1 	19	139837	139766	Val	GAC	0	0	58.9	28.60	30.30	Inf	
NC_034777.1 	20	137748	137661	Ile	GAT	137712	137697	16.4	0.00	16.40	Inf	
NC_034777.1 	21	136671	136567	Ala	TGC	136634	136595	16.3	30.00	-13.70	Inf	
NC_034777.1 	22	132048	131975	Arg	ACG	0	0	57.7	41.30	16.40	Inf	
NC_034777.1 	23	110420	110349	Asn	GTT	0	0	68.2	44.80	23.40	Inf	
NC_034777.1 	24	95638 	95558 	Leu	CAA	0	0	63.2	32.00	31.20	Inf	
NC_034777.1 	25	87610 	87537 	Met	CAT	0	0	66.7	44.90	21.80	Inf	
NC_034777.1 	26	67702 	67629 	Pro	TGG	0	0	65.6	40.90	24.70	Inf	
NC_034777.1 	27	67459 	67386 	Trp	CCA	0	0	71.9	42.90	29.00	Inf	
NC_034777.1 	28	46703 	46631 	Thr	TGT	0	0	75.9	47.50	28.40	Inf	
NC_034777.1 	29	37076 	37003 	Met	CAT	0	0	64.7	38.40	26.30	Inf	
NC_034777.1 	30	35983 	35896 	Ser	TGA	0	0	73.9	51.20	22.70	Inf	
NC_034777.1 	31	31709 	31638 	Glu	TTC	0	0	59.3	30.80	28.50	Inf	
NC_034777.1 	32	31578 	31495 	Tyr	GTA	0	0	63.3	38.30	25.00	Inf	
NC_034777.1 	33	31145 	31072 	Asp	GTC	0	0	67.0	49.50	17.50	Inf	
NC_034777.1 	34	8323  	8236  	Ser	GCT	0	0	74.4	49.90	24.50	Inf	
NC_034777.1 	35	7075  	7004  	Gln	TTG	0	0	55.7	37.40	18.30	Inf	
