Sequence    		tRNA  	Bounds	tRNA	Anti	Intron Bounds	Inf	HMM	2'Str	Hit	      
Name        	tRNA #	Begin 	End   	Type	Codon	Begin	End	Score	Score	Score	Origin	Note
--------    	------	----- 	------	----	-----	-----	----	------	-----	-----	------	------
NC_027824.1 	1	12553 	12623 	Gly	GCC	0	0	67.7	44.50	23.20	Inf	
NC_027824.1 	2	15872 	15943 	Thr	GGT	0	0	67.1	34.80	32.30	Inf	
NC_027824.1 	3	15944 	16006 	Thr	GGT	0	0	18.4	0.00	18.40	Inf	
NC_027824.1 	4	16468 	16540 	Glu	TTC	0	0	52.7	30.40	22.30	Inf	
NC_027824.1 	5	16602 	16685 	Tyr	GTA	0	0	65.2	38.60	26.60	Inf	
NC_027824.1 	6	17053 	17126 	Asp	GTC	0	0	67.0	49.50	17.50	Inf	
NC_027824.1 	7	46302 	46388 	Ser	GGA	0	0	72.3	45.10	27.20	Inf	
NC_027824.1 	8	49433 	49505 	Phe	GAA	0	0	70.3	45.40	24.90	Inf	
NC_027824.1 	9	53548 	53620 	Met	CAT	0	0	58.5	38.20	20.30	Inf	
NC_027824.1 	10	82408 	82481 	His	GTG	0	0	62.8	44.70	18.10	Inf	
NC_027824.1 	11	93501 	93572 	Val	GAC	0	0	58.9	28.60	30.30	Inf	
NC_027824.1 	12	95597 	95684 	Ile	GAT	95633	95657	15.2	0.00	15.20	Inf	
NC_027824.1 	13	96690 	96794 	Ala	TGC	96727	96766	16.3	25.50	-9.20	Inf	
NC_027824.1 	14	101402	101475	Arg	ACG	0	0	57.7	41.30	16.40	Inf	
NC_027824.1 	15	107518	107597	Leu	TAG	0	0	63.2	28.40	34.80	Inf	
NC_027824.1 	16	118363	118434	Asn	GTT	0	0	68.2	44.80	23.40	Inf	
NC_027824.1 	17	132819	132899	Leu	CAA	0	0	65.7	34.30	31.40	Inf	
NC_027824.1 	18	135594	135667	Met	CAT	0	0	65.4	46.00	19.40	Inf	
NC_027824.1 	19	137755	137682	His	GTG	0	0	62.8	44.70	18.10	Inf	
NC_027824.1 	20	126662	126591	Val	GAC	0	0	58.9	28.60	30.30	Inf	
NC_027824.1 	21	124566	124479	Ile	GAT	124530	124506	15.2	0.00	15.20	Inf	
NC_027824.1 	22	123473	123369	Ala	TGC	123436	123397	16.3	25.50	-9.20	Inf	
NC_027824.1 	23	118761	118688	Arg	ACG	0	0	57.7	41.30	16.40	Inf	
NC_027824.1 	24	101800	101729	Asn	GTT	0	0	68.2	44.80	23.40	Inf	
NC_027824.1 	25	87344 	87264 	Leu	CAA	0	0	65.7	34.30	31.40	Inf	
NC_027824.1 	26	84569 	84496 	Met	CAT	0	0	65.4	46.00	19.40	Inf	
NC_027824.1 	27	65751 	65678 	Pro	TGG	0	0	69.9	40.00	29.90	Inf	
NC_027824.1 	28	65547 	65474 	Trp	CCA	0	0	71.9	42.90	29.00	Inf	
NC_027824.1 	29	47701 	47629 	Thr	TGT	0	0	68.2	46.50	21.70	Inf	
NC_027824.1 	30	38029 	37956 	Ile	GAT	0	0	15.9	25.30	-9.40	Inf	
NC_027824.1 	31	37873 	37802 	Arg	TCT	0	0	67.2	38.60	28.60	Inf	
NC_027824.1 	32	19870 	19800 	Cys	GCA	0	0	67.2	36.50	30.70	Inf	
NC_027824.1 	33	13103 	13030 	Met	CAT	0	0	60.8	34.40	26.40	Inf	
NC_027824.1 	34	11730 	11643 	Ser	TGA	0	0	79.6	49.10	30.50	Inf	
NC_027824.1 	35	8061  	7974  	Ser	GCT	0	0	78.4	51.10	27.30	Inf	
NC_027824.1 	36	6790  	6719  	Gln	TTG	0	0	59.7	37.40	22.30	Inf	
