Sequence    		tRNA  	Bounds	tRNA	Anti	Intron Bounds	Inf	HMM	2'Str	Hit	      
Name        	tRNA #	Begin 	End   	Type	Codon	Begin	End	Score	Score	Score	Origin	Note
--------    	------	----- 	------	----	-----	-----	----	------	-----	-----	------	------
NC_011032.1 	1	12088 	12158 	Gly	GCC	0	0	58.6	44.00	14.60	Inf	
NC_011032.1 	2	14320 	14391 	Thr	GGT	0	0	63.7	35.30	28.40	Inf	
NC_011032.1 	3	14917 	14989 	Glu	TTC	0	0	52.7	30.40	22.30	Inf	
NC_011032.1 	4	15051 	15134 	Tyr	GTA	0	0	64.4	40.90	23.50	Inf	
NC_011032.1 	5	15487 	15560 	Asp	GTC	0	0	67.0	49.50	17.50	Inf	
NC_011032.1 	6	44258 	44344 	Ser	GGA	0	0	72.3	45.10	27.20	Inf	
NC_011032.1 	7	47418 	47490 	Phe	GAA	0	0	70.3	45.40	24.90	Inf	
NC_011032.1 	8	51415 	51487 	Met	CAT	0	0	58.5	38.20	20.30	Inf	
NC_011032.1 	9	79913 	79986 	His	GTG	0	0	62.8	44.70	18.10	Inf	
NC_011032.1 	10	90720 	90791 	Val	GAC	0	0	58.9	28.60	30.30	Inf	
NC_011032.1 	11	92823 	92910 	Ile	GAT	92859	92874	16.4	0.00	16.40	Inf	
NC_011032.1 	12	93765 	93869 	Ala	TGC	93802	93841	16.3	25.50	-9.20	Inf	
NC_011032.1 	13	98447 	98520 	Arg	ACG	0	0	57.7	41.30	16.40	Inf	
NC_011032.1 	14	105025	105104	Leu	TAG	0	0	64.9	30.10	34.80	Inf	
NC_011032.1 	15	115797	115868	Asn	GTT	0	0	68.2	44.80	23.40	Inf	
NC_011032.1 	16	130002	130082	Leu	CAA	0	0	66.2	34.00	32.20	Inf	
NC_011032.1 	17	132576	132649	Met	CAT	0	0	65.4	46.00	19.40	Inf	
NC_011032.1 	18	134734	134661	His	GTG	0	0	62.8	44.70	18.10	Inf	
NC_011032.1 	19	123928	123857	Val	GAC	0	0	58.9	28.60	30.30	Inf	
NC_011032.1 	20	121824	121737	Ile	GAT	121788	121773	16.4	0.00	16.40	Inf	
NC_011032.1 	21	120882	120778	Ala	TGC	120845	120806	16.3	25.50	-9.20	Inf	
NC_011032.1 	22	116201	116128	Arg	ACG	0	0	57.7	41.30	16.40	Inf	
NC_011032.1 	23	98851 	98780 	Asn	GTT	0	0	68.2	44.80	23.40	Inf	
NC_011032.1 	24	84650 	84570 	Leu	CAA	0	0	66.2	34.00	32.20	Inf	
NC_011032.1 	25	82073 	82000 	Met	CAT	0	0	65.4	46.00	19.40	Inf	
NC_011032.1 	26	63152 	63079 	Pro	TGG	0	0	69.9	40.00	29.90	Inf	
NC_011032.1 	27	62939 	62866 	Trp	CCA	0	0	71.9	42.90	29.00	Inf	
NC_011032.1 	28	45606 	45534 	Thr	TGT	0	0	68.2	46.50	21.70	Inf	
NC_011032.1 	29	35934 	35871 	Met	CAT	0	0	27.4	0.00	27.40	Inf	
NC_011032.1 	30	35758 	35687 	Arg	TCT	0	0	67.2	38.60	28.60	Inf	
NC_011032.1 	31	18354 	18284 	Cys	GCA	0	0	68.2	39.20	29.00	Inf	
NC_011032.1 	32	12669 	12596 	Met	CAT	0	0	60.8	34.40	26.40	Inf	
NC_011032.1 	33	11273 	11186 	Ser	TGA	0	0	82.1	51.60	30.50	Inf	
NC_011032.1 	34	7603  	7516  	Ser	GCT	0	0	78.4	51.10	27.30	Inf	
NC_011032.1 	35	6345  	6274  	Gln	TTG	0	0	59.7	37.40	22.30	Inf	
