Sequence    		tRNA  	Bounds	tRNA	Anti	Intron Bounds	Inf	HMM	2'Str	Hit	      
Name        	tRNA #	Begin 	End   	Type	Codon	Begin	End	Score	Score	Score	Origin	Note
--------    	------	----- 	------	----	-----	-----	----	------	-----	-----	------	------
NC_039707.1 	1	9664  	9735  	Arg	TCT	0	0	67.2	38.60	28.60	Inf	
NC_039707.1 	2	27776 	27846 	Cys	GCA	0	0	65.2	39.70	25.50	Inf	
NC_039707.1 	3	31792 	31863 	Thr	GGT	0	0	67.4	35.50	31.90	Inf	
NC_039707.1 	4	36364 	36434 	Gly	GCC	0	0	65.5	41.30	24.20	Inf	
NC_039707.1 	5	44550 	44636 	Ser	GGA	0	0	73.6	47.00	26.60	Inf	
NC_039707.1 	6	47583 	47655 	Phe	GAA	0	0	68.6	44.30	24.30	Inf	
NC_039707.1 	7	51800 	51872 	Met	CAT	0	0	65.0	37.20	27.80	Inf	
NC_039707.1 	8	83607 	83680 	His	GTG	0	0	62.8	44.70	18.10	Inf	
NC_039707.1 	9	99698 	99769 	Val	GAC	0	0	58.9	28.60	30.30	Inf	
NC_039707.1 	10	101784	101871	Ile	GAT	101820	101835	16.4	0.00	16.40	Inf	
NC_039707.1 	11	102867	102971	Ala	TGC	102904	102943	16.3	30.00	-13.70	Inf	
NC_039707.1 	12	107492	107565	Arg	ACG	0	0	57.7	41.30	16.40	Inf	
NC_039707.1 	13	128344	128415	Asn	GTT	0	0	63.5	45.40	18.10	Inf	
NC_039707.1 	14	143036	143116	Leu	CAA	0	0	67.4	36.00	31.40	Inf	
NC_039707.1 	15	150860	150933	Met	CAT	0	0	66.7	44.90	21.80	Inf	
NC_039707.1 	16	152969	152896	His	GTG	0	0	62.8	44.70	18.10	Inf	
NC_039707.1 	17	136878	136807	Val	GAC	0	0	58.9	28.60	30.30	Inf	
NC_039707.1 	18	134792	134705	Ile	GAT	134756	134741	16.4	0.00	16.40	Inf	
NC_039707.1 	19	133709	133605	Ala	TGC	133672	133633	16.3	30.00	-13.70	Inf	
NC_039707.1 	20	129084	129011	Arg	ACG	0	0	57.7	41.30	16.40	Inf	
NC_039707.1 	21	123727	123648	Leu	TAG	0	0	58.5	27.30	31.20	Inf	
NC_039707.1 	22	108232	108161	Asn	GTT	0	0	63.5	45.40	18.10	Inf	
NC_039707.1 	23	93540 	93460 	Leu	CAA	0	0	67.4	36.00	31.40	Inf	
NC_039707.1 	24	85716 	85643 	Met	CAT	0	0	66.7	44.90	21.80	Inf	
NC_039707.1 	25	66028 	65955 	Pro	TGG	0	0	65.6	40.90	24.70	Inf	
NC_039707.1 	26	65791 	65718 	Trp	CCA	0	0	71.9	42.90	29.00	Inf	
NC_039707.1 	27	45989 	45917 	Thr	TGT	0	0	67.6	45.80	21.80	Inf	
NC_039707.1 	28	36626 	36553 	Met	CAT	0	0	68.0	36.50	31.50	Inf	
NC_039707.1 	29	35541 	35449 	Ser	TGA	0	0	81.9	51.70	30.20	Inf	
NC_039707.1 	30	31042 	30970 	Glu	TTC	0	0	53.8	29.60	24.20	Inf	
NC_039707.1 	31	30905 	30822 	Tyr	GTA	0	0	61.9	39.50	22.40	Inf	
NC_039707.1 	32	30450 	30377 	Asp	GTC	0	0	65.8	48.30	17.50	Inf	
NC_039707.1 	33	7693  	7606  	Ser	GCT	0	0	71.8	49.50	22.30	Inf	
NC_039707.1 	34	6399  	6328  	Gln	TTG	0	0	58.3	35.90	22.40	Inf	
