Sequence    		tRNA  	Bounds	tRNA	Anti	Intron Bounds	Inf	HMM	2'Str	Hit	      
Name        	tRNA #	Begin 	End   	Type	Codon	Begin	End	Score	Score	Score	Origin	Note
--------    	------	----- 	------	----	-----	-----	----	------	-----	-----	------	------
NC_056985.1 	1	12188 	12258 	Gly	GCC	0	0	58.6	44.00	14.60	Inf	
NC_056985.1 	2	14744 	14815 	Thr	GGT	0	0	67.1	34.80	32.30	Inf	
NC_056985.1 	3	15332 	15404 	Glu	TTC	0	0	52.7	30.40	22.30	Inf	
NC_056985.1 	4	15466 	15547 	Tyr	GTA	0	0	65.8	41.00	24.80	Inf	
NC_056985.1 	5	15906 	15979 	Asp	GTC	0	0	67.0	49.50	17.50	Inf	
NC_056985.1 	6	44698 	44784 	Ser	GGA	0	0	74.1	44.50	29.60	Inf	
NC_056985.1 	7	47669 	47741 	Phe	GAA	0	0	70.3	45.40	24.90	Inf	
NC_056985.1 	8	51604 	51676 	Met	CAT	0	0	58.5	38.20	20.30	Inf	
NC_056985.1 	9	81160 	81233 	His	GTG	0	0	62.8	44.70	18.10	Inf	
NC_056985.1 	10	91948 	92019 	Val	GAC	0	0	58.9	28.60	30.30	Inf	
NC_056985.1 	11	94048 	94135 	Ile	GAT	94084	94099	16.4	0.00	16.40	Inf	
NC_056985.1 	12	94991 	95095 	Ala	TGC	95028	95067	16.3	25.50	-9.20	Inf	
NC_056985.1 	13	99680 	99753 	Arg	ACG	0	0	57.7	41.30	16.40	Inf	
NC_056985.1 	14	106311	106390	Leu	TAG	0	0	64.9	30.10	34.80	Inf	
NC_056985.1 	15	117164	117235	Asn	GTT	0	0	68.2	44.80	23.40	Inf	
NC_056985.1 	16	131481	131561	Leu	CAA	0	0	66.2	34.00	32.20	Inf	
NC_056985.1 	17	133941	134014	Met	CAT	0	0	65.4	46.00	19.40	Inf	
NC_056985.1 	18	136102	136029	His	GTG	0	0	62.8	44.70	18.10	Inf	
NC_056985.1 	19	125314	125243	Val	GAC	0	0	58.9	28.60	30.30	Inf	
NC_056985.1 	20	123214	123127	Ile	GAT	123178	123163	16.4	0.00	16.40	Inf	
NC_056985.1 	21	122271	122167	Ala	TGC	122234	122195	16.3	25.50	-9.20	Inf	
NC_056985.1 	22	117582	117509	Arg	ACG	0	0	57.7	41.30	16.40	Inf	
NC_056985.1 	23	100098	100027	Asn	GTT	0	0	68.2	44.80	23.40	Inf	
NC_056985.1 	24	85781 	85701 	Leu	CAA	0	0	66.2	34.00	32.20	Inf	
NC_056985.1 	25	83321 	83248 	Met	CAT	0	0	65.4	46.00	19.40	Inf	
NC_056985.1 	26	64440 	64367 	Pro	TGG	0	0	69.9	40.00	29.90	Inf	
NC_056985.1 	27	64227 	64154 	Trp	CCA	0	0	71.9	42.90	29.00	Inf	
NC_056985.1 	28	46072 	46000 	Thr	TGT	0	0	68.2	46.50	21.70	Inf	
NC_056985.1 	29	36317 	36252 	Met	CAT	0	0	28.4	0.00	28.40	Inf	
NC_056985.1 	30	36088 	36017 	Arg	TCT	0	0	67.2	38.60	28.60	Inf	
NC_056985.1 	31	18462 	18392 	Cys	GCA	0	0	66.7	37.70	29.00	Inf	
NC_056985.1 	32	12780 	12707 	Met	CAT	0	0	60.8	34.40	26.40	Inf	
NC_056985.1 	33	11363 	11276 	Ser	TGA	0	0	82.1	51.60	30.50	Inf	
NC_056985.1 	34	7718  	7631  	Ser	GCT	0	0	78.4	51.10	27.30	Inf	
NC_056985.1 	35	6459  	6388  	Gln	TTG	0	0	59.7	37.40	22.30	Inf	
