Sequence    		tRNA  	Bounds	tRNA	Anti	Intron Bounds	Inf	HMM	2'Str	Hit	      
Name        	tRNA #	Begin 	End   	Type	Codon	Begin	End	Score	Score	Score	Origin	Note
--------    	------	----- 	------	----	-----	-----	----	------	-----	-----	------	------
NC_031427.1 	1	14535 	14621 	Ser	GGA	0	0	73.7	46.50	27.20	Inf	
NC_031427.1 	2	17771 	17843 	Phe	GAA	0	0	73.3	44.50	28.80	Inf	
NC_031427.1 	3	21975 	22047 	Met	CAT	0	0	58.5	38.20	20.30	Inf	
NC_031427.1 	4	26974 	27044 	Met	CAT	0	0	38.3	24.90	13.40	Inf	
NC_031427.1 	5	27164 	27235 	Arg	TCT	0	0	65.3	36.70	28.60	Inf	
NC_031427.1 	6	45645 	45715 	Cys	GCA	0	0	66.7	37.70	29.00	Inf	
NC_031427.1 	7	49843 	49914 	Thr	GGT	0	0	67.1	34.80	32.30	Inf	
NC_031427.1 	8	52229 	52300 	Met	CAT	0	0	55.8	20.10	35.70	Inf	
NC_031427.1 	9	53617 	53704 	Ser	TGA	0	0	76.0	50.60	25.40	Inf	
NC_031427.1 	10	57378 	57465 	Ser	GCT	0	0	78.3	51.80	26.50	Inf	
NC_031427.1 	11	58654 	58725 	Gln	TTG	0	0	60.9	38.50	22.40	Inf	
NC_031427.1 	12	85983 	86056 	His	GTG	0	0	62.8	44.70	18.10	Inf	
NC_031427.1 	13	97655 	97726 	Val	GAC	0	0	58.9	28.60	30.30	Inf	
NC_031427.1 	14	99766 	99853 	Ile	GAT	99802	99817	16.4	0.00	16.40	Inf	
NC_031427.1 	15	100858	100962	Ala	TGC	100895	100934	16.3	25.50	-9.20	Inf	
NC_031427.1 	16	105510	105583	Arg	ACG	0	0	57.7	41.30	16.40	Inf	
NC_031427.1 	17	115007	115086	Leu	TAG	0	0	63.6	28.30	35.30	Inf	
NC_031427.1 	18	128946	129017	Asn	GTT	0	0	68.2	44.80	23.40	Inf	
NC_031427.1 	19	143403	143483	Leu	CAA	0	0	65.7	34.30	31.40	Inf	
NC_031427.1 	20	146714	146787	Met	CAT	0	0	64.8	44.50	20.30	Inf	
NC_031427.1 	21	148871	148798	His	GTG	0	0	62.8	44.70	18.10	Inf	
NC_031427.1 	22	137199	137128	Val	GAC	0	0	58.9	28.60	30.30	Inf	
NC_031427.1 	23	135088	135001	Ile	GAT	135052	135037	16.4	0.00	16.40	Inf	
NC_031427.1 	24	133996	133892	Ala	TGC	133959	133920	16.3	25.50	-9.20	Inf	
NC_031427.1 	25	129344	129271	Arg	ACG	0	0	57.7	41.30	16.40	Inf	
NC_031427.1 	26	105908	105837	Asn	GTT	0	0	68.2	44.80	23.40	Inf	
NC_031427.1 	27	91451 	91371 	Leu	CAA	0	0	65.7	34.30	31.40	Inf	
NC_031427.1 	28	88140 	88067 	Met	CAT	0	0	64.8	44.50	20.30	Inf	
NC_031427.1 	29	68492 	68419 	Pro	TGG	0	0	69.9	40.00	29.90	Inf	
NC_031427.1 	30	68289 	68216 	Trp	CCA	0	0	68.7	42.90	25.80	Inf	
NC_031427.1 	31	52819 	52749 	Gly	GCC	0	0	56.0	43.80	12.20	Inf	
NC_031427.1 	32	49299 	49227 	Glu	TTC	0	0	52.7	30.40	22.30	Inf	
NC_031427.1 	33	49165 	49082 	Tyr	GTA	0	0	65.2	38.60	26.60	Inf	
NC_031427.1 	34	48659 	48586 	Asp	GTC	0	0	69.2	51.70	17.50	Inf	
NC_031427.1 	35	15989 	15917 	Thr	TGT	0	0	64.8	46.60	18.20	Inf	
