Sequence    		tRNA  	Bounds	tRNA	Anti	Intron Bounds	Inf	HMM	2'Str	Hit	      
Name        	tRNA #	Begin 	End   	Type	Codon	Begin	End	Score	Score	Score	Origin	Note
--------    	------	----- 	------	----	-----	-----	----	------	-----	-----	------	------
NC_028439.1 	1	10389 	10460 	Arg	TCT	0	0	67.2	38.60	28.60	Inf	
NC_028439.1 	2	28984 	29054 	Cys	GCA	0	0	68.6	39.60	29.00	Inf	
NC_028439.1 	3	34196 	34267 	Thr	GGT	0	0	65.9	36.40	29.50	Inf	
NC_028439.1 	4	38797 	38867 	Gly	GCC	0	0	58.0	42.80	15.20	Inf	
NC_028439.1 	5	47439 	47525 	Ser	GGA	0	0	75.4	46.40	29.00	Inf	
NC_028439.1 	6	50720 	50792 	Phe	GAA	0	0	73.3	44.50	28.80	Inf	
NC_028439.1 	7	55475 	55547 	Met	CAT	0	0	59.5	35.70	23.80	Inf	
NC_028439.1 	8	88437 	88510 	His	GTG	0	0	62.8	44.70	18.10	Inf	
NC_028439.1 	9	105391	105462	Val	GAC	0	0	58.9	28.60	30.30	Inf	
NC_028439.1 	10	107486	107573	Ile	GAT	107522	107537	16.4	0.00	16.40	Inf	
NC_028439.1 	11	108585	108689	Ala	TGC	108622	108661	16.3	30.00	-13.70	Inf	
NC_028439.1 	12	113238	113311	Arg	ACG	0	0	57.7	41.30	16.40	Inf	
NC_028439.1 	13	126963	127042	Leu	TAG	0	0	59.7	28.50	31.20	Inf	
NC_028439.1 	14	143458	143529	Asn	GTT	0	0	68.2	44.80	23.40	Inf	
NC_028439.1 	15	158338	158418	Leu	CAA	0	0	65.7	34.30	31.40	Inf	
NC_028439.1 	16	166757	166830	Met	CAT	0	0	66.7	44.90	21.80	Inf	
NC_028439.1 	17	168895	168822	His	GTG	0	0	62.8	44.70	18.10	Inf	
NC_028439.1 	18	151941	151870	Val	GAC	0	0	58.9	28.60	30.30	Inf	
NC_028439.1 	19	149846	149759	Ile	GAT	149810	149795	16.4	0.00	16.40	Inf	
NC_028439.1 	20	148747	148643	Ala	TGC	148710	148671	16.3	30.00	-13.70	Inf	
NC_028439.1 	21	144094	144021	Arg	ACG	0	0	57.7	41.30	16.40	Inf	
NC_028439.1 	22	113874	113803	Asn	GTT	0	0	68.2	44.80	23.40	Inf	
NC_028439.1 	23	98994 	98914 	Leu	CAA	0	0	65.7	34.30	31.40	Inf	
NC_028439.1 	24	90575 	90502 	Met	CAT	0	0	66.7	44.90	21.80	Inf	
NC_028439.1 	25	70312 	70239 	Pro	TGG	0	0	65.6	40.90	24.70	Inf	
NC_028439.1 	26	70074 	70001 	Trp	CCA	0	0	71.9	42.90	29.00	Inf	
NC_028439.1 	27	48834 	48762 	Thr	TGT	0	0	67.6	45.80	21.80	Inf	
NC_028439.1 	28	39047 	38974 	Met	CAT	0	0	64.7	38.40	26.30	Inf	
NC_028439.1 	29	38029 	37938 	Ser	TGA	0	0	72.4	50.20	22.20	Inf	
NC_028439.1 	30	33440 	33368 	Glu	TTC	0	0	52.7	30.40	22.30	Inf	
NC_028439.1 	31	33313 	33230 	Tyr	GTA	0	0	61.9	39.50	22.40	Inf	
NC_028439.1 	32	32799 	32726 	Asp	GTC	0	0	67.0	49.50	17.50	Inf	
NC_028439.1 	33	8241  	8154  	Ser	GCT	0	0	79.9	49.80	30.10	Inf	
NC_028439.1 	34	6903  	6832  	Gln	TTG	0	0	60.7	38.40	22.30	Inf	
