Sequence    		tRNA  	Bounds	tRNA	Anti	Intron Bounds	Inf	HMM	2'Str	Hit	      
Name        	tRNA #	Begin 	End   	Type	Codon	Begin	End	Score	Score	Score	Origin	Note
--------    	------	----- 	------	----	-----	-----	----	------	-----	-----	------	------
NC_028721.1 	1	12960 	13030 	Gly	GCC	0	0	67.7	44.50	23.20	Inf	
NC_028721.1 	2	16460 	16531 	Thr	GGT	0	0	67.1	34.80	32.30	Inf	
NC_028721.1 	3	17063 	17135 	Glu	TTC	0	0	53.9	28.90	25.00	Inf	
NC_028721.1 	4	17197 	17280 	Tyr	GTA	0	0	65.2	38.60	26.60	Inf	
NC_028721.1 	5	17630 	17703 	Asp	GTC	0	0	67.0	49.50	17.50	Inf	
NC_028721.1 	6	47413 	47499 	Ser	GGA	0	0	72.3	45.10	27.20	Inf	
NC_028721.1 	7	50483 	50555 	Phe	GAA	0	0	70.3	45.40	24.90	Inf	
NC_028721.1 	8	54665 	54737 	Met	CAT	0	0	58.5	38.20	20.30	Inf	
NC_028721.1 	9	83587 	83660 	His	GTG	0	0	62.8	44.70	18.10	Inf	
NC_028721.1 	10	95661 	95732 	Val	GAC	0	0	58.9	28.60	30.30	Inf	
NC_028721.1 	11	97757 	97844 	Ile	GAT	97793	97808	16.4	0.00	16.40	Inf	
NC_028721.1 	12	98844 	98948 	Ala	TGC	98881	98920	16.3	25.50	-9.20	Inf	
NC_028721.1 	13	103556	103629	Arg	ACG	0	0	57.7	41.30	16.40	Inf	
NC_028721.1 	14	109705	109784	Leu	TAG	0	0	64.9	30.10	34.80	Inf	
NC_028721.1 	15	120578	120649	Asn	GTT	0	0	68.2	44.80	23.40	Inf	
NC_028721.1 	16	135080	135160	Leu	CAA	0	0	65.7	34.30	31.40	Inf	
NC_028721.1 	17	138792	138865	Met	CAT	0	0	65.4	46.00	19.40	Inf	
NC_028721.1 	18	140945	140872	His	GTG	0	0	62.8	44.70	18.10	Inf	
NC_028721.1 	19	128871	128800	Val	GAC	0	0	58.9	28.60	30.30	Inf	
NC_028721.1 	20	126775	126688	Ile	GAT	126739	126724	16.4	0.00	16.40	Inf	
NC_028721.1 	21	125688	125584	Ala	TGC	125651	125612	16.3	25.50	-9.20	Inf	
NC_028721.1 	22	120976	120903	Arg	ACG	0	0	57.7	41.30	16.40	Inf	
NC_028721.1 	23	103954	103883	Asn	GTT	0	0	68.2	44.80	23.40	Inf	
NC_028721.1 	24	89452 	89372 	Leu	CAA	0	0	65.7	34.30	31.40	Inf	
NC_028721.1 	25	85740 	85667 	Met	CAT	0	0	65.4	46.00	19.40	Inf	
NC_028721.1 	26	66880 	66807 	Pro	TGG	0	0	69.9	40.00	29.90	Inf	
NC_028721.1 	27	66667 	66594 	Trp	CCA	0	0	71.9	42.90	29.00	Inf	
NC_028721.1 	28	48777 	48705 	Thr	TGT	0	0	68.2	46.50	21.70	Inf	
NC_028721.1 	29	38885 	38814 	Arg	TCT	0	0	67.2	38.60	28.60	Inf	
NC_028721.1 	30	20777 	20707 	Cys	GCA	0	0	67.2	36.50	30.70	Inf	
NC_028721.1 	31	13630 	13557 	Met	CAT	0	0	60.8	34.40	26.40	Inf	
NC_028721.1 	32	12142 	12055 	Ser	TGA	0	0	82.1	51.60	30.50	Inf	
NC_028721.1 	33	8491  	8404  	Ser	GCT	0	0	78.4	51.10	27.30	Inf	
NC_028721.1 	34	7241  	7170  	Gln	TTG	0	0	59.7	37.40	22.30	Inf	
