Sequence    		tRNA  	Bounds	tRNA	Anti	Intron Bounds	Inf	HMM	2'Str	Hit	      
Name        	tRNA #	Begin 	End   	Type	Codon	Begin	End	Score	Score	Score	Origin	Note
--------    	------	----- 	------	----	-----	-----	----	------	-----	-----	------	------
NC_031333.1 	1	12270 	12340 	Gly	GCC	0	0	58.6	44.00	14.60	Inf	
NC_031333.1 	2	14994 	15065 	Thr	GGT	0	0	67.1	34.80	32.30	Inf	
NC_031333.1 	3	15584 	15656 	Glu	TTC	0	0	52.7	30.40	22.30	Inf	
NC_031333.1 	4	15718 	15801 	Tyr	GTA	0	0	65.5	39.90	25.60	Inf	
NC_031333.1 	5	16165 	16238 	Asp	GTC	0	0	67.0	49.50	17.50	Inf	
NC_031333.1 	6	44389 	44475 	Ser	GGA	0	0	72.3	45.10	27.20	Inf	
NC_031333.1 	7	47366 	47438 	Phe	GAA	0	0	70.3	45.40	24.90	Inf	
NC_031333.1 	8	51162 	51234 	Met	CAT	0	0	58.5	38.20	20.30	Inf	
NC_031333.1 	9	81008 	81081 	His	GTG	0	0	62.8	44.70	18.10	Inf	
NC_031333.1 	10	90949 	91020 	Val	GAC	0	0	58.9	28.60	30.30	Inf	
NC_031333.1 	11	93053 	93140 	Ile	GAT	93089	93104	16.4	0.00	16.40	Inf	
NC_031333.1 	12	94136 	94240 	Ala	TGC	94173	94212	17.0	25.50	-8.50	Inf	
NC_031333.1 	13	98849 	98922 	Arg	ACG	0	0	57.7	41.30	16.40	Inf	
NC_031333.1 	14	105039	105118	Leu	TAG	0	0	63.2	28.40	34.80	Inf	
NC_031333.1 	15	115804	115875	Asn	GTT	0	0	68.2	44.80	23.40	Inf	
NC_031333.1 	16	130302	130382	Leu	CAA	0	0	65.7	34.30	31.40	Inf	
NC_031333.1 	17	131881	131954	Met	CAT	0	0	65.4	46.00	19.40	Inf	
NC_031333.1 	18	134042	133969	His	GTG	0	0	62.8	44.70	18.10	Inf	
NC_031333.1 	19	124101	124030	Val	GAC	0	0	58.9	28.60	30.30	Inf	
NC_031333.1 	20	121997	121910	Ile	GAT	121961	121946	16.4	0.00	16.40	Inf	
NC_031333.1 	21	120914	120810	Ala	TGC	120877	120838	17.0	25.50	-8.50	Inf	
NC_031333.1 	22	116201	116128	Arg	ACG	0	0	57.7	41.30	16.40	Inf	
NC_031333.1 	23	99246 	99175 	Asn	GTT	0	0	68.2	44.80	23.40	Inf	
NC_031333.1 	24	84748 	84668 	Leu	CAA	0	0	65.7	34.30	31.40	Inf	
NC_031333.1 	25	83169 	83096 	Met	CAT	0	0	65.4	46.00	19.40	Inf	
NC_031333.1 	26	64256 	64183 	Pro	TGG	0	0	69.9	40.00	29.90	Inf	
NC_031333.1 	27	64056 	63983 	Trp	CCA	0	0	71.9	42.90	29.00	Inf	
NC_031333.1 	28	45738 	45666 	Thr	TGT	0	0	68.2	46.50	21.70	Inf	
NC_031333.1 	29	35897 	35826 	Arg	TCT	0	0	67.2	38.60	28.60	Inf	
NC_031333.1 	30	18090 	18020 	Cys	GCA	0	0	66.7	37.70	29.00	Inf	
NC_031333.1 	31	12847 	12774 	Met	CAT	0	0	60.8	34.40	26.40	Inf	
NC_031333.1 	32	11529 	11442 	Ser	TGA	0	0	82.1	51.60	30.50	Inf	
NC_031333.1 	33	7923  	7836  	Ser	GCT	0	0	78.4	51.10	27.30	Inf	
NC_031333.1 	34	6694  	6623  	Gln	TTG	0	0	59.7	37.40	22.30	Inf	
