Sequence    		tRNA  	Bounds	tRNA	Anti	Intron Bounds	Inf	HMM	2'Str	Hit	      
Name        	tRNA #	Begin 	End   	Type	Codon	Begin	End	Score	Score	Score	Origin	Note
--------    	------	----- 	------	----	-----	-----	----	------	-----	-----	------	------
NC_039462.1 	1	12888 	12958 	Gly	GCC	0	0	63.8	44.10	19.70	Inf	
NC_039462.1 	2	15749 	15820 	Thr	GGT	0	0	67.1	34.80	32.30	Inf	
NC_039462.1 	3	16346 	16418 	Glu	TTC	0	0	53.9	28.90	25.00	Inf	
NC_039462.1 	4	16480 	16563 	Tyr	GTA	0	0	65.2	38.60	26.60	Inf	
NC_039462.1 	5	16932 	17005 	Asp	GTC	0	0	67.0	49.50	17.50	Inf	
NC_039462.1 	6	46708 	46794 	Ser	GGA	0	0	72.3	45.10	27.20	Inf	
NC_039462.1 	7	49869 	49941 	Phe	GAA	0	0	70.3	45.40	24.90	Inf	
NC_039462.1 	8	53969 	54041 	Met	CAT	0	0	58.5	38.20	20.30	Inf	
NC_039462.1 	9	82713 	82786 	His	GTG	0	0	62.8	44.70	18.10	Inf	
NC_039462.1 	10	94771 	94842 	Val	GAC	0	0	58.9	28.60	30.30	Inf	
NC_039462.1 	11	96879 	96966 	Ile	GAT	96915	96930	16.4	0.00	16.40	Inf	
NC_039462.1 	12	97967 	98071 	Ala	TGC	98004	98043	16.3	25.50	-9.20	Inf	
NC_039462.1 	13	102679	102752	Arg	ACG	0	0	57.7	41.30	16.40	Inf	
NC_039462.1 	14	108817	108896	Leu	TAG	0	0	63.2	28.40	34.80	Inf	
NC_039462.1 	15	119640	119711	Asn	GTT	0	0	68.2	44.80	23.40	Inf	
NC_039462.1 	16	134111	134191	Leu	CAA	0	0	65.7	34.30	31.40	Inf	
NC_039462.1 	17	137843	137916	Met	CAT	0	0	65.4	46.00	19.40	Inf	
NC_039462.1 	18	140004	139931	His	GTG	0	0	62.8	44.70	18.10	Inf	
NC_039462.1 	19	127946	127875	Val	GAC	0	0	58.9	28.60	30.30	Inf	
NC_039462.1 	20	125838	125751	Ile	GAT	125802	125787	16.4	0.00	16.40	Inf	
NC_039462.1 	21	124750	124646	Ala	TGC	124713	124674	16.3	25.50	-9.20	Inf	
NC_039462.1 	22	120038	119965	Arg	ACG	0	0	57.7	41.30	16.40	Inf	
NC_039462.1 	23	103077	103006	Asn	GTT	0	0	68.2	44.80	23.40	Inf	
NC_039462.1 	24	88606 	88526 	Leu	CAA	0	0	65.7	34.30	31.40	Inf	
NC_039462.1 	25	84874 	84801 	Met	CAT	0	0	65.4	46.00	19.40	Inf	
NC_039462.1 	26	66106 	66033 	Pro	TGG	0	0	69.9	40.00	29.90	Inf	
NC_039462.1 	27	65900 	65827 	Trp	CCA	0	0	71.9	42.90	29.00	Inf	
NC_039462.1 	28	48067 	47995 	Thr	TGT	0	0	68.2	46.50	21.70	Inf	
NC_039462.1 	29	38124 	38053 	Arg	TCT	0	0	67.2	38.60	28.60	Inf	
NC_039462.1 	30	20049 	19979 	Cys	GCA	0	0	67.2	36.50	30.70	Inf	
NC_039462.1 	31	13247 	13174 	Met	CAT	0	0	60.8	34.40	26.40	Inf	
NC_039462.1 	32	12062 	11975 	Ser	TGA	0	0	82.1	51.60	30.50	Inf	
NC_039462.1 	33	8446  	8359  	Ser	GCT	0	0	78.4	51.10	27.30	Inf	
NC_039462.1 	34	7192  	7121  	Gln	TTG	0	0	59.7	37.40	22.30	Inf	
