Sequence    		tRNA  	Bounds	tRNA	Anti	Intron Bounds	Inf	HMM	2'Str	Hit	      
Name        	tRNA #	Begin 	End   	Type	Codon	Begin	End	Score	Score	Score	Origin	Note
--------    	------	----- 	------	----	-----	-----	----	------	-----	-----	------	------
NC_015990.1 	1	12341 	12411 	Gly	GCC	0	0	65.6	42.40	23.20	Inf	
NC_015990.1 	2	15572 	15643 	Thr	GGT	0	0	67.1	34.80	32.30	Inf	
NC_015990.1 	3	16164 	16236 	Glu	TTC	0	0	54.6	30.60	24.00	Inf	
NC_015990.1 	4	16298 	16381 	Tyr	GTA	0	0	65.2	38.60	26.60	Inf	
NC_015990.1 	5	16736 	16809 	Asp	GTC	0	0	67.0	49.50	17.50	Inf	
NC_015990.1 	6	46058 	46144 	Ser	GGA	0	0	72.3	45.10	27.20	Inf	
NC_015990.1 	7	49149 	49221 	Phe	GAA	0	0	70.3	45.40	24.90	Inf	
NC_015990.1 	8	53301 	53373 	Met	CAT	0	0	58.5	38.20	20.30	Inf	
NC_015990.1 	9	82108 	82181 	His	GTG	0	0	62.8	44.70	18.10	Inf	
NC_015990.1 	10	94133 	94204 	Val	GAC	0	0	58.9	28.60	30.30	Inf	
NC_015990.1 	11	96229 	96316 	Ile	GAT	96265	96280	16.4	0.00	16.40	Inf	
NC_015990.1 	12	97317 	97421 	Ala	TGC	97354	97393	16.3	25.50	-9.20	Inf	
NC_015990.1 	13	102023	102096	Arg	ACG	0	0	57.7	41.30	16.40	Inf	
NC_015990.1 	14	108102	108181	Leu	TAG	0	0	63.2	28.40	34.80	Inf	
NC_015990.1 	15	118858	118929	Asn	GTT	0	0	68.2	44.80	23.40	Inf	
NC_015990.1 	16	133280	133360	Leu	CAA	0	0	65.7	34.30	31.40	Inf	
NC_015990.1 	17	137010	137083	Met	CAT	0	0	65.4	46.00	19.40	Inf	
NC_015990.1 	18	139171	139098	His	GTG	0	0	62.8	44.70	18.10	Inf	
NC_015990.1 	19	127146	127075	Val	GAC	0	0	58.9	28.60	30.30	Inf	
NC_015990.1 	20	125050	124963	Ile	GAT	125014	124999	16.4	0.00	16.40	Inf	
NC_015990.1 	21	123962	123858	Ala	TGC	123925	123886	16.3	25.50	-9.20	Inf	
NC_015990.1 	22	119256	119183	Arg	ACG	0	0	57.7	41.30	16.40	Inf	
NC_015990.1 	23	102421	102350	Asn	GTT	0	0	68.2	44.80	23.40	Inf	
NC_015990.1 	24	87999 	87919 	Leu	CAA	0	0	65.7	34.30	31.40	Inf	
NC_015990.1 	25	84269 	84196 	Met	CAT	0	0	65.4	46.00	19.40	Inf	
NC_015990.1 	26	65495 	65422 	Pro	TGG	0	0	69.9	40.00	29.90	Inf	
NC_015990.1 	27	65290 	65217 	Trp	CCA	0	0	71.9	42.90	29.00	Inf	
NC_015990.1 	28	47419 	47347 	Thr	TGT	0	0	68.2	46.50	21.70	Inf	
NC_015990.1 	29	37628 	37557 	Arg	TCT	0	0	67.2	38.60	28.60	Inf	
NC_015990.1 	30	19769 	19699 	Cys	GCA	0	0	67.2	36.50	30.70	Inf	
NC_015990.1 	31	12863 	12790 	Met	CAT	0	0	60.8	34.40	26.40	Inf	
NC_015990.1 	32	11522 	11435 	Ser	TGA	0	0	79.6	49.10	30.50	Inf	
NC_015990.1 	33	7856  	7769  	Ser	GCT	0	0	78.4	51.10	27.30	Inf	
NC_015990.1 	34	6620  	6549  	Gln	TTG	0	0	59.7	37.40	22.30	Inf	
