Sequence    		tRNA  	Bounds	tRNA	Anti	Intron Bounds	Inf	HMM	2'Str	Hit	      
Name        	tRNA #	Begin 	End   	Type	Codon	Begin	End	Score	Score	Score	Origin	Note
--------    	------	----- 	------	----	-----	-----	----	------	-----	-----	------	------
NC_008602.1 	1	13428 	13498 	Gly	GCC	0	0	67.7	44.50	23.20	Inf	
NC_008602.1 	2	16759 	16830 	Thr	GGT	0	0	67.1	34.80	32.30	Inf	
NC_008602.1 	3	17355 	17427 	Glu	TTC	0	0	53.9	28.90	25.00	Inf	
NC_008602.1 	4	17489 	17572 	Tyr	GTA	0	0	65.2	38.60	26.60	Inf	
NC_008602.1 	5	17922 	17995 	Asp	GTC	0	0	67.0	49.50	17.50	Inf	
NC_008602.1 	6	47572 	47658 	Ser	GGA	0	0	72.3	45.10	27.20	Inf	
NC_008602.1 	7	50631 	50703 	Phe	GAA	0	0	70.3	45.40	24.90	Inf	
NC_008602.1 	8	54789 	54861 	Met	CAT	0	0	58.5	38.20	20.30	Inf	
NC_008602.1 	9	83658 	83731 	His	GTG	0	0	62.8	44.70	18.10	Inf	
NC_008602.1 	10	95733 	95804 	Val	GAC	0	0	58.9	28.60	30.30	Inf	
NC_008602.1 	11	97829 	97916 	Ile	GAT	97865	97880	16.4	0.00	16.40	Inf	
NC_008602.1 	12	98918 	99022 	Ala	TGC	98955	98994	16.3	25.50	-9.20	Inf	
NC_008602.1 	13	103630	103703	Arg	ACG	0	0	57.7	41.30	16.40	Inf	
NC_008602.1 	14	109695	109774	Leu	TAG	0	0	64.9	30.10	34.80	Inf	
NC_008602.1 	15	120460	120531	Asn	GTT	0	0	68.2	44.80	23.40	Inf	
NC_008602.1 	16	134965	135045	Leu	CAA	0	0	65.7	34.30	31.40	Inf	
NC_008602.1 	17	138677	138750	Met	CAT	0	0	65.4	46.00	19.40	Inf	
NC_008602.1 	18	128755	128684	Val	GAC	0	0	58.9	28.60	30.30	Inf	
NC_008602.1 	19	126659	126572	Ile	GAT	126623	126608	16.4	0.00	16.40	Inf	
NC_008602.1 	20	125570	125466	Ala	TGC	125533	125494	16.3	25.50	-9.20	Inf	
NC_008602.1 	21	120858	120785	Arg	ACG	0	0	57.7	41.30	16.40	Inf	
NC_008602.1 	22	104028	103957	Asn	GTT	0	0	68.2	44.80	23.40	Inf	
NC_008602.1 	23	89523 	89443 	Leu	CAA	0	0	65.7	34.30	31.40	Inf	
NC_008602.1 	24	85811 	85738 	Met	CAT	0	0	65.4	46.00	19.40	Inf	
NC_008602.1 	25	66989 	66916 	Pro	TGG	0	0	69.9	40.00	29.90	Inf	
NC_008602.1 	26	66775 	66702 	Trp	CCA	0	0	71.9	42.90	29.00	Inf	
NC_008602.1 	27	48936 	48864 	Thr	TGT	0	0	68.2	46.50	21.70	Inf	
NC_008602.1 	28	39050 	38979 	Arg	TCT	0	0	67.2	38.60	28.60	Inf	
NC_008602.1 	29	21058 	20988 	Cys	GCA	0	0	67.2	36.50	30.70	Inf	
NC_008602.1 	30	13949 	13876 	Met	CAT	0	0	60.8	34.40	26.40	Inf	
NC_008602.1 	31	12610 	12523 	Ser	TGA	0	0	82.1	51.60	30.50	Inf	
NC_008602.1 	32	8944  	8857  	Ser	GCT	0	0	78.4	51.10	27.30	Inf	
NC_008602.1 	33	7701  	7630  	Gln	TTG	0	0	59.7	37.40	22.30	Inf	
NC_008602.1 	34	76    	3     	His	GTG	0	0	62.8	44.70	18.10	Inf	
