Sequence    		tRNA  	Bounds	tRNA	Anti	Intron Bounds	Inf	HMM	2'Str	Hit	      
Name        	tRNA #	Begin 	End   	Type	Codon	Begin	End	Score	Score	Score	Origin	Note
--------    	------	----- 	------	----	-----	-----	----	------	-----	-----	------	------
NC_015891.1 	1	11980 	12051 	Arg	TCT	0	0	65.5	36.90	28.60	Inf	
NC_015891.1 	2	30621 	30691 	Cys	GCA	0	0	69.8	38.60	31.20	Inf	
NC_015891.1 	3	36238 	36309 	Thr	GGT	0	0	67.4	35.50	31.90	Inf	
NC_015891.1 	4	40945 	41015 	Gly	GCC	0	0	71.0	44.50	26.50	Inf	
NC_015891.1 	5	50037 	50123 	Ser	GGA	0	0	73.6	47.00	26.60	Inf	
NC_015891.1 	6	53467 	53539 	Phe	GAA	0	0	73.3	44.50	28.80	Inf	
NC_015891.1 	7	58265 	58337 	Met	CAT	0	0	59.5	35.70	23.80	Inf	
NC_015891.1 	8	107810	107881	Val	GAC	0	0	58.9	28.60	30.30	Inf	
NC_015891.1 	9	109895	109982	Ile	GAT	109931	109946	16.4	0.00	16.40	Inf	
NC_015891.1 	10	110835	110939	Ala	TGC	110872	110911	16.3	30.00	-13.70	Inf	
NC_015891.1 	11	111599	111706	Ser	AGA	111634	111667	15.7	0.00	15.70	Inf	
NC_015891.1 	12	115475	115548	Arg	ACG	0	0	57.7	41.30	16.40	Inf	
NC_015891.1 	13	127285	127364	Leu	TAG	0	0	58.5	27.30	31.20	Inf	
NC_015891.1 	14	143796	143867	Asn	GTT	0	0	69.1	46.50	22.60	Inf	
NC_015891.1 	15	158748	158828	Leu	CAA	0	0	65.7	34.30	31.40	Inf	
NC_015891.1 	16	166757	166830	Met	CAT	0	0	66.7	44.90	21.80	Inf	
NC_015891.1 	17	152201	152130	Val	GAC	0	0	58.9	28.60	30.30	Inf	
NC_015891.1 	18	150116	150029	Ile	GAT	150080	150065	16.4	0.00	16.40	Inf	
NC_015891.1 	19	149176	149072	Ala	TGC	149139	149100	16.3	30.00	-13.70	Inf	
NC_015891.1 	20	148412	148305	Ser	AGA	148377	148344	15.7	0.00	15.70	Inf	
NC_015891.1 	21	144536	144463	Arg	ACG	0	0	57.7	41.30	16.40	Inf	
NC_015891.1 	22	116215	116144	Asn	GTT	0	0	69.1	46.50	22.60	Inf	
NC_015891.1 	23	101263	101183	Leu	CAA	0	0	65.7	34.30	31.40	Inf	
NC_015891.1 	24	93254 	93181 	Met	CAT	0	0	66.7	44.90	21.80	Inf	
NC_015891.1 	25	73059 	72986 	Pro	TGG	0	0	65.6	40.90	24.70	Inf	
NC_015891.1 	26	72812 	72739 	Trp	CCA	0	0	67.3	41.50	25.80	Inf	
NC_015891.1 	27	51499 	51427 	Thr	TGT	0	0	68.6	45.90	22.70	Inf	
NC_015891.1 	28	41298 	41225 	Met	CAT	0	0	64.7	38.40	26.30	Inf	
NC_015891.1 	29	40112 	40024 	Ser	TGA	0	0	80.4	53.20	27.20	Inf	
NC_015891.1 	30	34742 	34670 	Glu	TTC	0	0	51.3	29.00	22.30	Inf	
NC_015891.1 	31	34569 	34486 	Tyr	GTA	0	0	62.3	40.60	21.70	Inf	
NC_015891.1 	32	34140 	34067 	Asp	GTC	0	0	67.0	49.50	17.50	Inf	
NC_015891.1 	33	9363  	9276  	Ser	GCT	0	0	79.9	49.80	30.10	Inf	
NC_015891.1 	34	7913  	7842  	Gln	TTG	0	0	53.5	32.70	20.80	Inf	
NC_015891.1 	35	302   	229   	His	GTG	0	0	60.7	42.60	18.10	Inf	
