Sequence    		tRNA  	Bounds	tRNA	Anti	Intron Bounds	Inf	HMM	2'Str	Hit	      
Name        	tRNA #	Begin 	End   	Type	Codon	Begin	End	Score	Score	Score	Origin	Note
--------    	------	----- 	------	----	-----	-----	----	------	-----	-----	------	------
NC_028075.1 	1	11992 	12062 	Gly	GCC	0	0	67.7	44.50	23.20	Inf	
NC_028075.1 	2	15229 	15300 	Thr	GGT	0	0	67.1	34.80	32.30	Inf	
NC_028075.1 	3	15820 	15892 	Glu	TTC	0	0	52.7	30.40	22.30	Inf	
NC_028075.1 	4	15954 	16037 	Tyr	GTA	0	0	65.2	38.60	26.60	Inf	
NC_028075.1 	5	16392 	16465 	Asp	GTC	0	0	67.0	49.50	17.50	Inf	
NC_028075.1 	6	45721 	45807 	Ser	GGA	0	0	72.3	45.10	27.20	Inf	
NC_028075.1 	7	48749 	48821 	Phe	GAA	0	0	70.3	45.40	24.90	Inf	
NC_028075.1 	8	52897 	52969 	Met	CAT	0	0	58.5	38.20	20.30	Inf	
NC_028075.1 	9	81464 	81537 	His	GTG	0	0	62.8	44.70	18.10	Inf	
NC_028075.1 	10	93098 	93169 	Val	GAC	0	0	58.9	28.60	30.30	Inf	
NC_028075.1 	11	95188 	95275 	Ile	GAT	95224	95239	16.4	0.00	16.40	Inf	
NC_028075.1 	12	96276 	96380 	Ala	TGC	96313	96352	16.3	25.50	-9.20	Inf	
NC_028075.1 	13	100992	101065	Arg	ACG	0	0	57.7	41.30	16.40	Inf	
NC_028075.1 	14	106956	107035	Leu	TAG	0	0	63.2	28.40	34.80	Inf	
NC_028075.1 	15	117719	117790	Asn	GTT	0	0	68.2	44.80	23.40	Inf	
NC_028075.1 	16	132140	132220	Leu	CAA	0	0	65.7	34.30	31.40	Inf	
NC_028075.1 	17	135493	135566	Met	CAT	0	0	65.4	46.00	19.40	Inf	
NC_028075.1 	18	137654	137581	His	GTG	0	0	62.8	44.70	18.10	Inf	
NC_028075.1 	19	126011	125940	Val	GAC	0	0	58.9	28.60	30.30	Inf	
NC_028075.1 	20	123921	123834	Ile	GAT	123885	123870	16.4	0.00	16.40	Inf	
NC_028075.1 	21	122833	122729	Ala	TGC	122796	122757	16.3	25.50	-9.20	Inf	
NC_028075.1 	22	118117	118044	Arg	ACG	0	0	57.7	41.30	16.40	Inf	
NC_028075.1 	23	101390	101319	Asn	GTT	0	0	68.2	44.80	23.40	Inf	
NC_028075.1 	24	86970 	86890 	Leu	CAA	0	0	65.7	34.30	31.40	Inf	
NC_028075.1 	25	83625 	83552 	Met	CAT	0	0	65.4	46.00	19.40	Inf	
NC_028075.1 	26	65009 	64936 	Pro	TGG	0	0	69.9	40.00	29.90	Inf	
NC_028075.1 	27	64804 	64731 	Trp	CCA	0	0	71.9	42.90	29.00	Inf	
NC_028075.1 	28	47081 	47009 	Thr	TGT	0	0	68.2	46.50	21.70	Inf	
NC_028075.1 	29	37270 	37199 	Arg	TCT	0	0	67.2	38.60	28.60	Inf	
NC_028075.1 	30	19402 	19332 	Cys	GCA	0	0	67.2	36.50	30.70	Inf	
NC_028075.1 	31	12528 	12455 	Met	CAT	0	0	60.8	34.40	26.40	Inf	
NC_028075.1 	32	11174 	11087 	Ser	TGA	0	0	79.6	49.10	30.50	Inf	
NC_028075.1 	33	7521  	7434  	Ser	GCT	0	0	78.4	51.10	27.30	Inf	
NC_028075.1 	34	6303  	6232  	Gln	TTG	0	0	59.7	37.40	22.30	Inf	
