Sequence    		tRNA  	Bounds	tRNA	Anti	Intron Bounds	Inf	HMM	2'Str	Hit	      
Name        	tRNA #	Begin 	End   	Type	Codon	Begin	End	Score	Score	Score	Origin	Note
--------    	------	----- 	------	----	-----	-----	----	------	-----	-----	------	------
NC_002762.1 	1	12484 	12554 	Gly	GCC	0	0	55.9	41.90	14.00	Inf	
NC_002762.1 	2	15036 	15107 	Thr	GGT	0	0	67.1	34.80	32.30	Inf	
NC_002762.1 	3	15481 	15553 	Glu	TTC	0	0	52.7	30.40	22.30	Inf	
NC_002762.1 	4	15615 	15696 	Tyr	GTA	0	0	65.8	41.00	24.80	Inf	
NC_002762.1 	5	16064 	16137 	Asp	GTC	0	0	67.0	49.50	17.50	Inf	
NC_002762.1 	6	45039 	45125 	Ser	GGA	0	0	72.3	45.10	27.20	Inf	
NC_002762.1 	7	48056 	48128 	Phe	GAA	0	0	70.3	45.40	24.90	Inf	
NC_002762.1 	8	52034 	52106 	Met	CAT	0	0	58.5	38.20	20.30	Inf	
NC_002762.1 	9	80813 	80886 	His	GTG	0	0	62.8	44.70	18.10	Inf	
NC_002762.1 	10	90750 	90821 	Val	GAC	0	0	58.9	28.60	30.30	Inf	
NC_002762.1 	11	92850 	92937 	Ile	GAT	92886	92901	16.4	0.00	16.40	Inf	
NC_002762.1 	12	93794 	93898 	Ala	TGC	93831	93870	16.3	25.50	-9.20	Inf	
NC_002762.1 	13	98477 	98550 	Arg	ACG	0	0	57.7	41.30	16.40	Inf	
NC_002762.1 	14	105159	105238	Leu	TAG	0	0	64.9	30.10	34.80	Inf	
NC_002762.1 	15	115999	116070	Asn	GTT	0	0	68.2	44.80	23.40	Inf	
NC_002762.1 	16	130342	130422	Leu	CAA	0	0	65.7	34.30	31.40	Inf	
NC_002762.1 	17	131920	131993	Met	CAT	0	0	65.4	46.00	19.40	Inf	
NC_002762.1 	18	134081	134008	His	GTG	0	0	62.8	44.70	18.10	Inf	
NC_002762.1 	19	124144	124073	Val	GAC	0	0	58.9	28.60	30.30	Inf	
NC_002762.1 	20	122044	121957	Ile	GAT	122008	121993	16.4	0.00	16.40	Inf	
NC_002762.1 	21	121100	120996	Ala	TGC	121063	121024	16.3	25.50	-9.20	Inf	
NC_002762.1 	22	116417	116344	Arg	ACG	0	0	57.7	41.30	16.40	Inf	
NC_002762.1 	23	98895 	98824 	Asn	GTT	0	0	68.2	44.80	23.40	Inf	
NC_002762.1 	24	84552 	84472 	Leu	CAA	0	0	65.7	34.30	31.40	Inf	
NC_002762.1 	25	82974 	82901 	Met	CAT	0	0	65.4	46.00	19.40	Inf	
NC_002762.1 	26	64136 	64063 	Pro	TGG	0	0	69.9	40.00	29.90	Inf	
NC_002762.1 	27	63923 	63850 	Trp	CCA	0	0	71.9	42.90	29.00	Inf	
NC_002762.1 	28	46416 	46344 	Thr	TGT	0	0	68.2	46.50	21.70	Inf	
NC_002762.1 	29	36612 	36547 	Met	CAT	0	0	34.8	0.00	34.80	Inf	
NC_002762.1 	30	36390 	36319 	Arg	TCT	0	0	67.2	38.60	28.60	Inf	
NC_002762.1 	31	18751 	18681 	Cys	GCA	0	0	66.7	37.70	29.00	Inf	
NC_002762.1 	32	13076 	13003 	Met	CAT	0	0	60.8	34.40	26.40	Inf	
NC_002762.1 	33	11660 	11573 	Ser	TGA	0	0	82.1	51.60	30.50	Inf	
NC_002762.1 	34	7995  	7908  	Ser	GCT	0	0	78.4	51.10	27.30	Inf	
NC_002762.1 	35	6758  	6687  	Gln	TTG	0	0	59.7	37.40	22.30	Inf	
