Sequence    		tRNA  	Bounds	tRNA	Anti	Intron Bounds	Inf	HMM	2'Str	Hit	      
Name        	tRNA #	Begin 	End   	Type	Codon	Begin	End	Score	Score	Score	Origin	Note
--------    	------	----- 	------	----	-----	-----	----	------	-----	-----	------	------
NC_049153.1 	1	12095 	12165 	Gly	GCC	0	0	58.6	44.00	14.60	Inf	
NC_049153.1 	2	14650 	14721 	Thr	GGT	0	0	67.1	34.80	32.30	Inf	
NC_049153.1 	3	15250 	15322 	Glu	TTC	0	0	52.7	30.40	22.30	Inf	
NC_049153.1 	4	15384 	15465 	Tyr	GTA	0	0	65.8	41.00	24.80	Inf	
NC_049153.1 	5	15825 	15898 	Asp	GTC	0	0	67.0	49.50	17.50	Inf	
NC_049153.1 	6	44446 	44532 	Ser	GGA	0	0	72.3	45.10	27.20	Inf	
NC_049153.1 	7	47444 	47516 	Phe	GAA	0	0	70.3	45.40	24.90	Inf	
NC_049153.1 	8	51551 	51623 	Met	CAT	0	0	58.5	38.20	20.30	Inf	
NC_049153.1 	9	81125 	81198 	His	GTG	0	0	62.8	44.70	18.10	Inf	
NC_049153.1 	10	91172 	91243 	Val	GAC	0	0	58.9	28.60	30.30	Inf	
NC_049153.1 	11	93272 	93359 	Ile	GAT	93308	93323	16.4	0.00	16.40	Inf	
NC_049153.1 	12	94215 	94319 	Ala	TGC	94252	94291	16.3	25.50	-9.20	Inf	
NC_049153.1 	13	98904 	98977 	Arg	ACG	0	0	57.7	41.30	16.40	Inf	
NC_049153.1 	14	105572	105651	Leu	TAG	0	0	64.9	30.10	34.80	Inf	
NC_049153.1 	15	116426	116497	Asn	GTT	0	0	68.2	44.80	23.40	Inf	
NC_049153.1 	16	130738	130818	Leu	CAA	0	0	66.2	34.00	32.20	Inf	
NC_049153.1 	17	132462	132535	Met	CAT	0	0	65.4	46.00	19.40	Inf	
NC_049153.1 	18	134623	134550	His	GTG	0	0	62.8	44.70	18.10	Inf	
NC_049153.1 	19	124576	124505	Val	GAC	0	0	58.9	28.60	30.30	Inf	
NC_049153.1 	20	122476	122389	Ile	GAT	122440	122425	16.4	0.00	16.40	Inf	
NC_049153.1 	21	121533	121429	Ala	TGC	121496	121457	16.3	25.50	-9.20	Inf	
NC_049153.1 	22	116844	116771	Arg	ACG	0	0	57.7	41.30	16.40	Inf	
NC_049153.1 	23	99322 	99251 	Asn	GTT	0	0	68.2	44.80	23.40	Inf	
NC_049153.1 	24	85010 	84930 	Leu	CAA	0	0	66.2	34.00	32.20	Inf	
NC_049153.1 	25	83286 	83213 	Met	CAT	0	0	65.4	46.00	19.40	Inf	
NC_049153.1 	26	64422 	64349 	Pro	TGG	0	0	69.9	40.00	29.90	Inf	
NC_049153.1 	27	64209 	64136 	Trp	CCA	0	0	71.9	42.90	29.00	Inf	
NC_049153.1 	28	45817 	45745 	Thr	TGT	0	0	68.2	46.50	21.70	Inf	
NC_049153.1 	29	36037 	35972 	Met	CAT	0	0	34.8	0.00	34.80	Inf	
NC_049153.1 	30	35821 	35750 	Arg	TCT	0	0	67.2	38.60	28.60	Inf	
NC_049153.1 	31	18184 	18114 	Cys	GCA	0	0	66.7	37.70	29.00	Inf	
NC_049153.1 	32	12687 	12614 	Met	CAT	0	0	60.8	34.40	26.40	Inf	
NC_049153.1 	33	11271 	11184 	Ser	TGA	0	0	82.1	51.60	30.50	Inf	
NC_049153.1 	34	7628  	7541  	Ser	GCT	0	0	78.4	51.10	27.30	Inf	
NC_049153.1 	35	6375  	6304  	Gln	TTG	0	0	59.7	37.40	22.30	Inf	
