Sequence    		tRNA  	Bounds	tRNA	Anti	Intron Bounds	Inf	HMM	2'Str	Hit	      
Name        	tRNA #	Begin 	End   	Type	Codon	Begin	End	Score	Score	Score	Origin	Note
--------    	------	----- 	------	----	-----	-----	----	------	-----	-----	------	------
NC_036014.1 	1	9349  	9420  	Arg	TCT	0	0	66.3	37.80	28.50	Inf	
NC_036014.1 	2	27508 	27578 	Cys	GCA	0	0	67.5	38.50	29.00	Inf	
NC_036014.1 	3	31197 	31268 	Thr	GGT	0	0	64.5	35.00	29.50	Inf	
NC_036014.1 	4	36031 	36101 	Gly	GCC	0	0	63.3	44.40	18.90	Inf	
NC_036014.1 	5	44427 	44513 	Ser	GGA	0	0	74.0	45.00	29.00	Inf	
NC_036014.1 	6	47665 	47737 	Phe	GAA	0	0	68.6	44.30	24.30	Inf	
NC_036014.1 	7	83550 	83623 	His	GTG	0	0	63.3	45.20	18.10	Inf	
NC_036014.1 	8	97116 	97187 	Val	GAC	0	0	58.9	28.60	30.30	Inf	
NC_036014.1 	9	99202 	99289 	Ile	GAT	99238	99253	16.4	0.00	16.40	Inf	
NC_036014.1 	10	100359	100463	Ala	TGC	100396	100435	16.3	30.00	-13.70	Inf	
NC_036014.1 	11	104972	105045	Arg	ACG	0	0	55.8	40.90	14.90	Inf	
NC_036014.1 	12	107428	107507	Leu	TAG	0	0	59.7	28.50	31.20	Inf	
NC_036014.1 	13	121456	121527	Asn	GTT	0	0	69.1	46.50	22.60	Inf	
NC_036014.1 	14	135600	135680	Leu	CAA	0	0	65.7	34.30	31.40	Inf	
NC_036014.1 	15	141499	141572	Met	CAT	0	0	66.7	44.90	21.80	Inf	
NC_036014.1 	16	143589	143516	His	GTG	0	0	63.3	45.20	18.10	Inf	
NC_036014.1 	17	130023	129952	Val	GAC	0	0	58.9	28.60	30.30	Inf	
NC_036014.1 	18	127937	127850	Ile	GAT	127901	127886	16.4	0.00	16.40	Inf	
NC_036014.1 	19	126780	126676	Ala	TGC	126743	126704	16.3	30.00	-13.70	Inf	
NC_036014.1 	20	122167	122094	Arg	ACG	0	0	55.8	40.90	14.90	Inf	
NC_036014.1 	21	105683	105612	Asn	GTT	0	0	69.1	46.50	22.60	Inf	
NC_036014.1 	22	91539 	91459 	Leu	CAA	0	0	65.7	34.30	31.40	Inf	
NC_036014.1 	23	85640 	85567 	Met	CAT	0	0	66.7	44.90	21.80	Inf	
NC_036014.1 	24	66186 	66113 	Pro	TGG	0	0	65.6	40.90	24.70	Inf	
NC_036014.1 	25	65943 	65870 	Trp	CCA	0	0	71.9	42.90	29.00	Inf	
NC_036014.1 	26	55634 	55562 	Met	CAT	0	0	65.0	37.20	27.80	Inf	
NC_036014.1 	27	45850 	45778 	Thr	TGT	0	0	69.3	47.60	21.70	Inf	
NC_036014.1 	28	36309 	36236 	Met	CAT	0	0	69.0	37.50	31.50	Inf	
NC_036014.1 	29	35046 	34954 	Ser	TGA	0	0	78.3	49.10	29.20	Inf	
NC_036014.1 	30	30811 	30739 	Glu	TTC	0	0	49.4	26.90	22.50	Inf	
NC_036014.1 	31	30672 	30589 	Tyr	GTA	0	0	67.4	41.60	25.80	Inf	
NC_036014.1 	32	30199 	30126 	Asp	GTC	0	0	67.0	49.50	17.50	Inf	
NC_036014.1 	33	7690  	7603  	Ser	GCT	0	0	74.4	51.90	22.50	Inf	
NC_036014.1 	34	6301  	6230  	Gln	TTG	0	0	50.8	38.90	11.90	Inf	
