Sequence    		tRNA  	Bounds	tRNA	Anti	Intron Bounds	Inf	HMM	2'Str	Hit	      
Name        	tRNA #	Begin 	End   	Type	Codon	Begin	End	Score	Score	Score	Origin	Note
--------    	------	----- 	------	----	-----	-----	----	------	-----	-----	------	------
NC_001666.2 	1	12509 	12579 	Gly	GCC	0	0	67.7	44.50	23.20	Inf	
NC_001666.2 	2	15887 	15958 	Thr	GGT	0	0	67.1	34.80	32.30	Inf	
NC_001666.2 	3	15959 	16021 	Thr	GGT	0	0	12.6	0.00	12.60	Inf	
NC_001666.2 	4	16487 	16559 	Glu	TTC	0	0	43.6	25.20	18.40	Inf	
NC_001666.2 	5	16621 	16704 	Tyr	GTA	0	0	65.2	38.60	26.60	Inf	
NC_001666.2 	6	17053 	17126 	Asp	GTC	0	0	67.0	49.50	17.50	Inf	
NC_001666.2 	7	46790 	46876 	Ser	GGA	0	0	72.3	45.10	27.20	Inf	
NC_001666.2 	8	49872 	49944 	Phe	GAA	0	0	70.3	45.40	24.90	Inf	
NC_001666.2 	9	54020 	54092 	Met	CAT	0	0	58.5	38.20	20.30	Inf	
NC_001666.2 	10	82801 	82874 	His	GTG	0	0	62.8	44.70	18.10	Inf	
NC_001666.2 	11	94859 	94930 	Val	GAC	0	0	58.9	28.60	30.30	Inf	
NC_001666.2 	12	98038 	98142 	Ala	TGC	98075	98114	16.3	25.50	-9.20	Inf	
NC_001666.2 	13	102739	102812	Arg	ACG	0	0	57.7	41.30	16.40	Inf	
NC_001666.2 	14	108837	108917	Leu	TAG	0	0	62.2	30.30	31.90	Inf	
NC_001666.2 	15	119600	119671	Asn	GTT	0	0	68.2	44.80	23.40	Inf	
NC_001666.2 	16	134073	134153	Leu	CAA	0	0	65.7	34.30	31.40	Inf	
NC_001666.2 	17	137783	137856	Met	CAT	0	0	65.4	46.00	19.40	Inf	
NC_001666.2 	18	139936	139863	His	GTG	0	0	62.8	44.70	18.10	Inf	
NC_001666.2 	19	127878	127807	Val	GAC	0	0	58.9	28.60	30.30	Inf	
NC_001666.2 	20	124699	124595	Ala	TGC	124662	124623	16.3	25.50	-9.20	Inf	
NC_001666.2 	21	119998	119925	Arg	ACG	0	0	57.7	41.30	16.40	Inf	
NC_001666.2 	22	103137	103066	Asn	GTT	0	0	68.2	44.80	23.40	Inf	
NC_001666.2 	23	88664 	88584 	Leu	CAA	0	0	65.7	34.30	31.40	Inf	
NC_001666.2 	24	84954 	84881 	Met	CAT	0	0	65.4	46.00	19.40	Inf	
NC_001666.2 	25	66129 	66056 	Pro	TGG	0	0	69.9	40.00	29.90	Inf	
NC_001666.2 	26	65918 	65845 	Trp	CCA	0	0	71.9	42.90	29.00	Inf	
NC_001666.2 	27	48153 	48081 	Thr	TGT	0	0	68.2	46.50	21.70	Inf	
NC_001666.2 	28	38299 	38228 	Arg	TCT	0	0	67.2	38.60	28.60	Inf	
NC_001666.2 	29	20195 	20125 	Cys	GCA	0	0	67.2	36.50	30.70	Inf	
NC_001666.2 	30	13146 	13073 	Met	CAT	0	0	60.8	34.40	26.40	Inf	
NC_001666.2 	31	11756 	11669 	Ser	TGA	0	0	82.1	51.60	30.50	Inf	
NC_001666.2 	32	8099  	8012  	Ser	GCT	0	0	78.4	51.10	27.30	Inf	
NC_001666.2 	33	6844  	6773  	Gln	TTG	0	0	57.7	37.00	20.70	Inf	
