Sequence               		tRNA    	Bounds  	tRNA	Anti	Intron Bounds	Inf	HMM	2'Str	Hit	Isotype	Isotype	      
Name                   	tRNA#	Begin   	End     	Type	Codon	Begin	End	Score	Score	Score	Origin	CM	Score	Note
--------               	------	-----   	------  	----	-----	-----	----	------	-----	-----	------	-------	-------	------
C_Quinoa_Scaffold_1000	7	17560698	17560769	His	GTG	0	0	63.0	33.70	29.30	Inf	His	91.2	high confidence set
C_Quinoa_Scaffold_1000	13	19492514	19492587	Ile	AAT	0	0	82.4	55.90	26.50	Inf	Ile	106.7	high confidence set
C_Quinoa_Scaffold_1000	14	19756072	19756143	Thr	CGT	0	0	79.8	57.10	22.70	Inf	Thr	86.4	high confidence set
C_Quinoa_Scaffold_1000	15	19808188	19808261	Ile	AAT	0	0	82.4	55.90	26.50	Inf	Ile	106.7	high confidence set
C_Quinoa_Scaffold_1000	17	19820974	19821047	Asn	GTT	0	0	83.3	58.10	25.20	Inf	Asn	93.9	high confidence set
C_Quinoa_Scaffold_1000	19	19997049	19997121	Ala	TGC	0	0	70.0	45.30	24.70	Inf	Ala	100.6	high confidence set
C_Quinoa_Scaffold_1000	20	20032052	20032125	Thr	AGT	0	0	76.0	48.40	27.60	Inf	Thr	90.6	high confidence set
C_Quinoa_Scaffold_1000	21	20041951	20042032	Ser	GCT	0	0	80.5	45.20	35.30	Inf	Ser	109.5	high confidence set
C_Quinoa_Scaffold_1000	23	20663049	20663120	Glu	TTC	0	0	72.0	47.50	24.50	Inf	Glu	101.6	high confidence set
C_Quinoa_Scaffold_1000	24	21067713	21067784	Asp	GTC	0	0	69.8	46.80	23.00	Inf	Asp	94.5	high confidence set
C_Quinoa_Scaffold_1000	26	21718975	21719047	Glu	CTC	0	0	78.9	53.10	25.80	Inf	Glu	94.8	high confidence set
C_Quinoa_Scaffold_1000	28	22881382	22881310	Glu	CTC	0	0	78.9	53.10	25.80	Inf	Glu	94.8	high confidence set
C_Quinoa_Scaffold_1000	29	22876343	22876271	Glu	CTC	0	0	78.9	53.10	25.80	Inf	Glu	94.8	high confidence set
C_Quinoa_Scaffold_1000	30	22872550	22872480	Glu	CTC	0	0	60.5	43.00	17.50	Inf	Glu	79.3	high confidence set
C_Quinoa_Scaffold_1000	31	22407461	22407380	Ser	GCT	0	0	80.5	45.20	35.30	Inf	Ser	109.5	high confidence set
C_Quinoa_Scaffold_1000	32	21694770	21694688	Leu	TAA	0	0	75.3	42.90	32.40	Inf	Leu	97.6	high confidence set
C_Quinoa_Scaffold_1000	33	21688671	21688589	Leu	TAA	0	0	77.8	41.30	36.50	Inf	Leu	103.3	high confidence set
C_Quinoa_Scaffold_1000	35	20745802	20745731	Asp	GTC	0	0	69.8	46.80	23.00	Inf	Asp	94.5	high confidence set
C_Quinoa_Scaffold_1000	37	19923437	19923366	Pro	AGG	0	0	67.4	34.70	32.70	Inf	Pro	112.3	high confidence set
C_Quinoa_Scaffold_1000	42	7642907	7642828	Leu	TAG	0	0	55.6	42.70	12.90	Inf	Leu	75.3	high confidence set
C_Quinoa_Scaffold_1001	1	1462029	1462108	Leu	TAG	0	0	61.5	40.60	20.90	Inf	Leu	103.6	high confidence set
C_Quinoa_Scaffold_1001	2	1745254	1745324	Gly	CCC	0	0	66.0	29.20	36.80	Inf	Gly	87.4	high confidence set
C_Quinoa_Scaffold_1001	3	2270153	2270225	Arg	ACG	0	0	72.9	50.30	22.60	Inf	Arg	91.8	high confidence set
C_Quinoa_Scaffold_1001	6	3175184	3175256	Ala	TGC	0	0	70.0	45.30	24.70	Inf	Ala	100.6	high confidence set
C_Quinoa_Scaffold_1001	11	5322366	5322438	Glu	CTC	0	0	78.9	53.10	25.80	Inf	Glu	99.2	high confidence set
C_Quinoa_Scaffold_1001	16	7744866	7744937	Lys	TTT	0	0	92.3	68.60	23.70	Inf	Lys	97.5	high confidence set
C_Quinoa_Scaffold_1001	18	8229604	8229677	Trp	CCA	0	0	70.1	43.00	27.10	Inf	Thr	71.6	IPD:-17.70,isotype mismatch
C_Quinoa_Scaffold_1001	21	7164090	7164009	Ser	GCT	0	0	80.5	45.20	35.30	Inf	Ser	109.5	high confidence set
C_Quinoa_Scaffold_1001	27	3914126	3914055	Lys	TTT	0	0	92.3	68.60	23.70	Inf	Lys	97.5	high confidence set
C_Quinoa_Scaffold_1001	32	2493356	2493283	Val	AAC	0	0	75.8	46.30	29.50	Inf	Val	103.3	high confidence set
C_Quinoa_Scaffold_1001	33	2493189	2493116	Val	AAC	0	0	75.2	45.70	29.50	Inf	Val	103.0	high confidence set
C_Quinoa_Scaffold_1001	36	796164	796077	Met	CAT	796126	796113	64.1	40.70	23.40	Inf	Met	104.0	high confidence set
C_Quinoa_Scaffold_1001	37	161216	161145	iMet	CAT	0	0	58.3	28.10	30.20	Inf	iMet	118.7	high confidence set
C_Quinoa_Scaffold_1002	4	785248	785175	Trp	CCA	0	0	70.1	43.00	27.10	Inf	Thr	71.6	IPD:-17.70,isotype mismatch
C_Quinoa_Scaffold_1002	6	110861	110788	Val	AAC	0	0	72.9	48.60	24.30	Inf	Val	93.8	high confidence set
C_Quinoa_Scaffold_1034	1	859987	860058	Pro	AGG	0	0	67.4	34.70	32.70	Inf	Pro	112.3	high confidence set
C_Quinoa_Scaffold_1034	16	1634121	1634050	Cys	GCA	0	0	82.1	59.90	22.20	Inf	Cys	106.6	high confidence set
C_Quinoa_Scaffold_1034	20	964472	964400	Arg	CCG	0	0	80.4	58.30	22.10	Inf	Arg	83.9	high confidence set
C_Quinoa_Scaffold_1040	3	716320	716401	Ser	AGA	0	0	79.4	43.10	36.30	Inf	Ser	115.0	high confidence set
C_Quinoa_Scaffold_1040	5	718157	718238	Ser	AGA	0	0	79.4	43.10	36.30	Inf	Ser	115.0	high confidence set
C_Quinoa_Scaffold_1040	7	971151	971232	Ser	AGA	0	0	79.4	43.10	36.30	Inf	Ser	115.0	high confidence set
C_Quinoa_Scaffold_1040	8	1959299	1959371	Ala	AGC	0	0	63.4	38.20	25.20	Inf	Ala	98.3	high confidence set
C_Quinoa_Scaffold_1040	9	1959462	1959534	Arg	ACG	0	0	73.2	50.90	22.30	Inf	Arg	94.3	high confidence set
C_Quinoa_Scaffold_1040	10	2477899	2477972	Asn	GTT	0	0	83.3	58.10	25.20	Inf	Asn	93.9	high confidence set
C_Quinoa_Scaffold_1040	11	3127967	3127894	Ile	TAT	0	0	81.1	62.80	18.30	Inf	Ile	98.7	high confidence set
C_Quinoa_Scaffold_1040	12	2594356	2594286	Gly	GCC	0	0	66.5	44.80	21.70	Inf	Gly	94.4	high confidence set
C_Quinoa_Scaffold_1040	14	567040	566968	Val	TAC	0	0	78.2	43.80	34.40	Inf	Val	106.2	high confidence set
C_Quinoa_Scaffold_1059	1	3387794	3387865	Asn	GTT	0	0	79.0	56.70	22.30	Inf	Asn	79.2	high confidence set
C_Quinoa_Scaffold_1059	3	3388537	3388464	Arg	ACG	0	0	56.6	45.00	11.60	Inf	Ile	70.5	IPD:-20.70,isotype mismatch
C_Quinoa_Scaffold_1067	1	482652	482732	Ser	AGA	0	0	64.5	31.60	32.90	Inf	Ser	98.2	high confidence set
C_Quinoa_Scaffold_1067	5	111265	111193	Ala	TGC	0	0	70.0	45.30	24.70	Inf	Ala	100.6	high confidence set
C_Quinoa_Scaffold_1088	2	2444151	2444223	Ala	TGC	0	0	70.0	45.30	24.70	Inf	Ala	100.6	high confidence set
C_Quinoa_Scaffold_1125	9	1408205	1408133	Arg	ACG	0	0	70.9	48.40	22.50	Inf	Arg	86.7	high confidence set
C_Quinoa_Scaffold_1130	1	1061217	1061290	Ile	AAT	0	0	82.1	55.40	26.70	Inf	Ile	103.8	high confidence set
C_Quinoa_Scaffold_1177	2	969312	969385	Ile	AAT	0	0	82.4	55.90	26.50	Inf	Ile	106.7	high confidence set
C_Quinoa_Scaffold_1181	1	339490	339561	Cys	GCA	0	0	82.1	59.90	22.20	Inf	Cys	106.6	high confidence set
C_Quinoa_Scaffold_1181	4	868346	868418	Arg	CCG	0	0	80.4	58.30	22.10	Inf	Arg	83.9	high confidence set
C_Quinoa_Scaffold_1189	2	2042866	2042938	Glu	CTC	0	0	78.9	53.10	25.80	Inf	Glu	94.8	high confidence set
C_Quinoa_Scaffold_1189	3	2058277	2058350	Ile	AAT	0	0	85.3	57.90	27.40	Inf	Ile	112.3	high confidence set
C_Quinoa_Scaffold_1189	5	2257835	2257916	Ser	AGA	0	0	77.8	43.40	34.40	Inf	Ser	110.9	high confidence set
C_Quinoa_Scaffold_1189	6	2607616	2607688	Glu	CTC	0	0	78.9	53.10	25.80	Inf	Glu	94.8	high confidence set
C_Quinoa_Scaffold_1189	7	2658132	2658204	Glu	CTC	0	0	78.9	53.10	25.80	Inf	Glu	94.8	high confidence set
C_Quinoa_Scaffold_1189	8	2258057	2257984	Asn	GTT	0	0	83.3	58.10	25.20	Inf	Asn	93.9	high confidence set
C_Quinoa_Scaffold_1189	10	1957974	1957902	Val	TAC	0	0	78.2	43.80	34.40	Inf	Val	106.2	high confidence set
C_Quinoa_Scaffold_1189	11	1166436	1166365	Gly	TCC	0	0	73.9	46.20	27.70	Inf	Gly	85.6	high confidence set
C_Quinoa_Scaffold_1189	12	1166004	1165933	Gly	TCC	0	0	73.9	46.20	27.70	Inf	Gly	85.6	high confidence set
C_Quinoa_Scaffold_1189	13	927460	927379	Ser	GCT	0	0	80.5	45.20	35.30	Inf	Ser	109.5	high confidence set
C_Quinoa_Scaffold_1206	1	450234	450306	Arg	CCG	0	0	67.8	49.10	18.70	Inf	Arg	93.5	high confidence set
C_Quinoa_Scaffold_1206	3	1315170	1315243	Thr	AGT	0	0	76.0	48.40	27.60	Inf	Thr	90.6	high confidence set
C_Quinoa_Scaffold_1206	4	1473873	1473802	Lys	TTT	0	0	83.7	61.10	22.60	Inf	Lys	93.1	high confidence set
C_Quinoa_Scaffold_1206	5	760703	760622	Ser	TGA	0	0	80.7	46.10	34.60	Inf	Ser	119.7	high confidence set
C_Quinoa_Scaffold_1206	6	759531	759450	Ser	TGA	0	0	79.2	43.90	35.30	Inf	Ser	118.5	high confidence set
C_Quinoa_Scaffold_1206	7	602110	602030	Leu	AAG	0	0	74.0	52.20	21.80	Inf	Leu	110.4	high confidence set
C_Quinoa_Scaffold_1206	8	480234	480163	Gln	CTG	0	0	72.2	47.60	24.60	Inf	Gln	102.6	high confidence set
C_Quinoa_Scaffold_1206	9	471362	471282	Leu	AAG	0	0	74.0	52.20	21.80	Inf	Leu	110.4	high confidence set
C_Quinoa_Scaffold_1206	10	217401	217329	Arg	CCT	0	0	74.8	55.90	18.90	Inf	Arg	87.5	high confidence set
C_Quinoa_Scaffold_1211	5	60206	60133	Leu	TAG	0	0	74.7	53.10	21.60	Inf	Arg	85.3	IPD:-61.40,isotype mismatch
C_Quinoa_Scaffold_1214	2	2304473	2304546	Asn	GTT	0	0	83.3	58.10	25.20	Inf	Asn	93.9	high confidence set
C_Quinoa_Scaffold_1214	4	3632049	3632121	Arg	ACG	0	0	69.8	50.30	19.50	Inf	Arg	85.3	high confidence set
C_Quinoa_Scaffold_1214	5	3633012	3633084	Arg	ACG	0	0	72.9	50.30	22.60	Inf	Arg	91.8	high confidence set
C_Quinoa_Scaffold_1214	6	3951227	3951298	Thr	TGT	0	0	84.0	57.70	26.30	Inf	Thr	93.7	high confidence set
C_Quinoa_Scaffold_1214	7	4058946	4059018	Arg	TCT	0	0	70.0	49.90	20.10	Inf	Arg	100.1	high confidence set
C_Quinoa_Scaffold_1214	20	7532737	7532666	Thr	TGT	0	0	79.3	49.30	30.00	Inf	Thr	92.3	high confidence set
C_Quinoa_Scaffold_1214	25	5527997	5527917	Leu	AAG	0	0	74.0	52.20	21.80	Inf	Leu	110.4	high confidence set
C_Quinoa_Scaffold_1214	27	3400302	3400220	Leu	TAA	0	0	77.8	41.30	36.50	Inf	Leu	103.3	high confidence set
C_Quinoa_Scaffold_1214	30	302671	302590	Ser	AGA	0	0	79.4	43.10	36.30	Inf	Ser	115.0	high confidence set
C_Quinoa_Scaffold_1237	1	1509100	1509173	Val	CAC	0	0	81.5	53.50	28.00	Inf	Val	103.7	high confidence set
C_Quinoa_Scaffold_1257	1	503798	503879	Ser	AGA	0	0	79.4	43.10	36.30	Inf	Ser	115.0	high confidence set
C_Quinoa_Scaffold_1257	2	1408447	1408519	Ala	AGC	0	0	63.4	38.20	25.20	Inf	Ala	98.3	high confidence set
C_Quinoa_Scaffold_1257	3	1408527	1408599	Arg	ACG	0	0	72.9	50.30	22.60	Inf	Arg	91.8	high confidence set
C_Quinoa_Scaffold_1257	4	1408677	1408749	Arg	ACG	0	0	73.2	50.90	22.30	Inf	Arg	94.3	high confidence set
C_Quinoa_Scaffold_1257	7	1936214	1936287	Asn	GTT	0	0	82.3	57.10	25.20	Inf	Asn	92.8	high confidence set
C_Quinoa_Scaffold_1257	10	3515624	3515694	Gly	GCC	0	0	66.5	44.80	21.70	Inf	Gly	94.4	high confidence set
C_Quinoa_Scaffold_1257	14	3912717	3912807	Tyr	GTA	3912754	3912771	74.2	42.70	31.50	Inf	Tyr	110.5	high confidence set
C_Quinoa_Scaffold_1257	15	3929838	3929909	His	GTG	0	0	63.0	33.70	29.30	Inf	His	86.8	high confidence set
C_Quinoa_Scaffold_1257	17	4396597	4396680	Leu	CAA	0	0	79.5	54.50	25.00	Inf	Leu	126.8	high confidence set
C_Quinoa_Scaffold_1257	18	4835105	4835176	Pro	CGG	0	0	64.8	40.10	24.70	Inf	Pro	111.5	high confidence set
C_Quinoa_Scaffold_1257	23	4632834	4632762	Glu	CTC	0	0	79.6	53.70	25.90	Inf	Glu	94.0	high confidence set
C_Quinoa_Scaffold_1257	24	4625033	4624962	Gly	TCC	0	0	73.9	46.20	27.70	Inf	Gly	85.6	high confidence set
C_Quinoa_Scaffold_1257	25	4621514	4621443	Gly	TCC	0	0	73.9	46.20	27.70	Inf	Gly	85.6	high confidence set
C_Quinoa_Scaffold_1257	29	3594176	3594106	Gly	GCC	0	0	66.5	44.80	21.70	Inf	Gly	94.4	high confidence set
C_Quinoa_Scaffold_1257	33	2675386	2675313	Ile	TAT	0	0	81.1	62.80	18.30	Inf	Ile	98.7	high confidence set
C_Quinoa_Scaffold_1257	35	2003016	2002946	Gly	GCC	0	0	66.5	44.80	21.70	Inf	Gly	94.4	high confidence set
C_Quinoa_Scaffold_1257	38	1321796	1321725	Pro	TGG	0	0	69.6	37.70	31.90	Inf	Pro	111.0	high confidence set
C_Quinoa_Scaffold_1280	8	2627154	2627226	Lys	CTT	0	0	87.7	67.60	20.10	Inf	Lys	106.7	high confidence set
C_Quinoa_Scaffold_1280	12	5748719	5748791	Ala	CGC	0	0	68.3	44.10	24.20	Inf	Ala	99.2	high confidence set
C_Quinoa_Scaffold_1280	14	6980789	6980872	Leu	CAA	0	0	78.6	55.60	23.00	Inf	Leu	123.0	high confidence set
C_Quinoa_Scaffold_1280	15	7034648	7034719	Gly	TCC	0	0	73.9	46.20	27.70	Inf	Gly	85.6	high confidence set
C_Quinoa_Scaffold_1280	17	7354852	7354923	iMet	CAT	0	0	58.3	28.10	30.20	Inf	iMet	118.7	high confidence set
C_Quinoa_Scaffold_1280	18	7955473	7955545	Ala	CGC	0	0	68.3	44.10	24.20	Inf	Ala	99.2	high confidence set
C_Quinoa_Scaffold_1280	21	8179010	8178939	Cys	GCA	0	0	82.1	59.90	22.20	Inf	Cys	106.6	high confidence set
C_Quinoa_Scaffold_1280	29	6424100	6424028	Ala	AGC	0	0	63.4	38.20	25.20	Inf	Ala	98.3	high confidence set
C_Quinoa_Scaffold_1280	30	6423738	6423666	Ala	AGC	0	0	63.4	38.20	25.20	Inf	Ala	98.3	high confidence set
C_Quinoa_Scaffold_1280	31	6423454	6423382	Ala	AGC	0	0	63.4	38.20	25.20	Inf	Ala	98.3	high confidence set
C_Quinoa_Scaffold_1280	34	2993844	2993758	Ser	GGA	0	0	62.1	32.30	29.80	Inf	Ser	81.3	unexpected anticodon
C_Quinoa_Scaffold_1319	6	4630627	4630700	Val	AAC	0	0	72.9	48.60	24.30	Inf	Val	93.8	high confidence set
C_Quinoa_Scaffold_1337	1	578892	578976	Met	CAT	578930	578940	64.3	40.80	23.50	Inf	Met	104.0	high confidence set
C_Quinoa_Scaffold_1337	2	1080469	1080540	Glu	TTC	0	0	71.2	46.50	24.70	Inf	Glu	101.9	high confidence set
C_Quinoa_Scaffold_1352	2	115793	115874	Ser	AGA	0	0	65.6	38.40	27.20	Inf	Ser	98.3	high confidence set
C_Quinoa_Scaffold_1352	3	568587	568659	Glu	CTC	0	0	78.9	53.10	25.80	Inf	Glu	94.8	high confidence set
C_Quinoa_Scaffold_1352	4	116014	115941	Asn	GTT	0	0	83.3	58.10	25.20	Inf	Asn	93.9	high confidence set
C_Quinoa_Scaffold_1373	1	276925	277006	Ser	GCT	0	0	78.0	43.20	34.80	Inf	Ser	105.6	high confidence set
C_Quinoa_Scaffold_1373	3	2197753	2197825	Phe	GAA	0	0	78.3	58.40	19.90	Inf	Phe	113.2	high confidence set
C_Quinoa_Scaffold_1373	9	3741345	3741273	Lys	CTT	0	0	87.7	67.60	20.10	Inf	Lys	106.7	high confidence set
C_Quinoa_Scaffold_1412	2	372453	372525	Lys	CTT	0	0	87.7	67.60	20.10	Inf	Lys	106.7	high confidence set
C_Quinoa_Scaffold_1412	3	424478	424551	Asn	GTT	0	0	83.3	58.10	25.20	Inf	Asn	93.9	high confidence set
C_Quinoa_Scaffold_1412	4	425129	425202	Asn	GTT	0	0	83.3	58.10	25.20	Inf	Asn	93.9	high confidence set
C_Quinoa_Scaffold_1412	5	1112940	1113011	Gln	TTG	0	0	73.5	53.70	19.80	Inf	Gln	104.8	high confidence set
C_Quinoa_Scaffold_1412	8	3657027	3657106	Leu	TAG	0	0	69.5	48.50	21.00	Inf	Leu	111.5	high confidence set
C_Quinoa_Scaffold_1412	10	3968785	3968856	iMet	CAT	0	0	58.3	28.10	30.20	Inf	iMet	118.7	high confidence set
C_Quinoa_Scaffold_1452	1	588962	588889	Ile	AAT	0	0	82.4	55.90	26.50	Inf	Ile	106.7	high confidence set
C_Quinoa_Scaffold_1452	2	354328	354257	Asp	GTC	0	0	66.3	43.30	23.00	Inf	Asp	89.1	high confidence set
C_Quinoa_Scaffold_1452	3	352060	351989	Asp	GTC	0	0	69.8	46.80	23.00	Inf	Asp	94.5	high confidence set
C_Quinoa_Scaffold_1452	4	9615	9544	Thr	CGT	0	0	74.5	56.60	17.90	Inf	Thr	84.5	high confidence set
C_Quinoa_Scaffold_1465	1	47314	47387	Val	CAC	0	0	81.5	53.50	28.00	Inf	Val	103.7	high confidence set
C_Quinoa_Scaffold_1480	1	594717	594800	Leu	CAA	0	0	78.6	55.60	23.00	Inf	Leu	123.0	high confidence set
C_Quinoa_Scaffold_1480	2	682255	682326	Gly	TCC	0	0	73.9	46.20	27.70	Inf	Gly	85.6	high confidence set
C_Quinoa_Scaffold_1480	4	1124142	1124213	iMet	CAT	0	0	58.3	28.10	30.20	Inf	iMet	118.7	high confidence set
C_Quinoa_Scaffold_1480	5	1619038	1619110	Ala	CGC	0	0	68.3	44.10	24.20	Inf	Ala	99.2	high confidence set
C_Quinoa_Scaffold_1480	6	1971802	1971731	Thr	TGT	0	0	79.3	49.30	30.00	Inf	Thr	92.3	high confidence set
C_Quinoa_Scaffold_1480	8	1846111	1846040	Cys	GCA	0	0	82.1	59.90	22.20	Inf	Cys	106.6	high confidence set
C_Quinoa_Scaffold_1480	10	192381	192309	Ala	AGC	0	0	63.4	38.20	25.20	Inf	Ala	98.3	high confidence set
C_Quinoa_Scaffold_1480	11	191995	191923	Ala	AGC	0	0	63.4	38.20	25.20	Inf	Ala	98.3	high confidence set
C_Quinoa_Scaffold_1480	12	191583	191511	Ala	AGC	0	0	63.4	38.20	25.20	Inf	Ala	98.3	high confidence set
C_Quinoa_Scaffold_1516	2	3142065	3141994	Pro	AGG	0	0	67.4	34.70	32.70	Inf	Pro	112.3	high confidence set
C_Quinoa_Scaffold_1516	4	950479	950396	Leu	CAA	0	0	79.5	54.50	25.00	Inf	Leu	126.8	high confidence set
C_Quinoa_Scaffold_1522	3	2652224	2652152	Glu	CTC	0	0	78.9	53.10	25.80	Inf	Glu	99.2	high confidence set
C_Quinoa_Scaffold_1529	1	220515	220598	Leu	CAA	0	0	79.5	54.50	25.00	Inf	Leu	126.8	high confidence set
C_Quinoa_Scaffold_1529	2	308839	308911	Phe	GAA	0	0	78.3	58.40	19.90	Inf	Phe	113.2	high confidence set
C_Quinoa_Scaffold_1529	3	957532	957604	Ala	AGC	0	0	63.4	38.20	25.20	Inf	Ala	98.3	high confidence set
C_Quinoa_Scaffold_1529	6	3086680	3086608	Phe	GAA	0	0	78.3	58.40	19.90	Inf	Phe	113.2	high confidence set
C_Quinoa_Scaffold_1534	8	12973172	12973245	Ile	TAT	0	0	81.9	63.10	18.80	Inf	Ile	101.0	high confidence set
C_Quinoa_Scaffold_1534	10	14115931	14116004	Ile	TAT	0	0	81.9	63.10	18.80	Inf	Ile	101.0	high confidence set
C_Quinoa_Scaffold_1534	12	12949910	12949838	Ala	AGC	0	0	63.4	38.20	25.20	Inf	Ala	98.3	high confidence set
C_Quinoa_Scaffold_1559	3	5672715	5672802	Ser	GCT	0	0	61.0	38.60	22.40	Inf	Ser	74.7	high confidence set
C_Quinoa_Scaffold_1566	6	2498952	2499024	Arg	CCT	0	0	68.3	49.50	18.80	Inf	Thr	75.0	IPD:-0.70,isotype mismatch
C_Quinoa_Scaffold_1566	7	2944844	2944915	Glu	CTC	0	0	63.5	42.00	21.50	Inf	Glu	83.6	high confidence set
C_Quinoa_Scaffold_1566	9	4443126	4443199	Asn	GTT	0	0	83.3	58.10	25.20	Inf	Asn	93.9	high confidence set
C_Quinoa_Scaffold_1566	10	4443589	4443662	Asn	GTT	0	0	83.3	58.10	25.20	Inf	Asn	93.9	high confidence set
C_Quinoa_Scaffold_1566	11	3087969	3087898	Gly	TCC	0	0	73.9	46.20	27.70	Inf	Gly	85.6	high confidence set
C_Quinoa_Scaffold_1566	12	1805976	1805905	Gln	TTG	0	0	73.5	53.70	19.80	Inf	Gln	104.8	high confidence set
C_Quinoa_Scaffold_1566	13	1800977	1800906	Gln	TTG	0	0	73.5	53.70	19.80	Inf	Gln	104.8	high confidence set
C_Quinoa_Scaffold_1575	1	23690	23762	Ala	TGC	0	0	65.3	39.10	26.20	Inf	Ala	95.8	high confidence set
C_Quinoa_Scaffold_1606	1	158642	158723	Ser	AGA	0	0	79.4	43.10	36.30	Inf	Ser	115.0	high confidence set
C_Quinoa_Scaffold_1606	2	239858	239930	Ala	CGC	0	0	68.3	44.10	24.20	Inf	Ala	99.2	high confidence set
C_Quinoa_Scaffold_1606	3	509836	509907	iMet	CAT	0	0	58.3	28.10	30.20	Inf	iMet	118.7	high confidence set
C_Quinoa_Scaffold_1606	5	767660	767731	iMet	CAT	0	0	51.1	23.40	27.70	Inf	iMet	94.3	high confidence set
C_Quinoa_Scaffold_1606	6	1077576	1077648	Lys	CTT	0	0	87.7	67.60	20.10	Inf	Lys	106.7	high confidence set
C_Quinoa_Scaffold_1606	7	1940000	1940072	Arg	TCT	0	0	70.0	49.90	20.10	Inf	Arg	100.1	high confidence set
C_Quinoa_Scaffold_1606	8	1941767	1941839	Arg	TCT	0	0	70.0	49.90	20.10	Inf	Arg	100.1	high confidence set
C_Quinoa_Scaffold_1611	4	1319434	1319506	Arg	CCT	0	0	68.1	48.70	19.40	Inf	Arg	79.8	high confidence set
C_Quinoa_Scaffold_1611	6	2819315	2819386	Ile	TAT	0	0	50.4	30.30	20.10	Inf	iMet	83.0	IPD:-52.60,isotype mismatch
C_Quinoa_Scaffold_1611	16	1487180	1487099	Ser	AGA	0	0	78.8	42.10	36.70	Inf	Ser	112.2	high confidence set
C_Quinoa_Scaffold_1613	1	658281	658352	Asn	GTT	0	0	75.1	52.10	23.00	Inf	Asn	81.9	high confidence set
C_Quinoa_Scaffold_1627	1	13378	13459	Ser	CGA	0	0	78.9	46.60	32.30	Inf	Ser	122.0	high confidence set
C_Quinoa_Scaffold_1642	1	62454	62524	Gly	GCC	0	0	66.5	44.80	21.70	Inf	Gly	94.4	high confidence set
C_Quinoa_Scaffold_1642	2	64259	64329	Gly	GCC	0	0	66.5	44.80	21.70	Inf	Gly	94.4	high confidence set
C_Quinoa_Scaffold_1675	1	184131	184202	Thr	CGT	0	0	82.2	57.60	24.60	Inf	Thr	84.8	high confidence set
C_Quinoa_Scaffold_1675	2	339107	339179	Lys	CTT	0	0	87.7	67.60	20.10	Inf	Lys	106.7	high confidence set
C_Quinoa_Scaffold_1675	5	2531515	2531586	Glu	TTC	0	0	56.1	37.70	18.40	Inf	Glu	86.2	high confidence set
C_Quinoa_Scaffold_1675	6	2592662	2592742	Leu	CAG	0	0	70.3	48.00	22.30	Inf	Leu	111.6	high confidence set
C_Quinoa_Scaffold_1675	10	2002071	2001998	Ile	AAT	0	0	86.5	60.00	26.50	Inf	Ile	111.0	high confidence set
C_Quinoa_Scaffold_1677	1	134548	134619	Gly	TCC	0	0	73.9	46.20	27.70	Inf	Gly	85.6	high confidence set
C_Quinoa_Scaffold_1677	2	195487	195570	Leu	CAA	0	0	78.6	55.60	23.00	Inf	Leu	123.0	high confidence set
C_Quinoa_Scaffold_1677	3	899067	899137	Gly	GCC	0	0	66.5	44.80	21.70	Inf	Gly	94.4	high confidence set
C_Quinoa_Scaffold_1677	4	900431	900501	Gly	GCC	0	0	66.5	44.80	21.70	Inf	Gly	94.4	high confidence set
C_Quinoa_Scaffold_1686	3	942904	942823	Ser	GCT	0	0	80.5	45.20	35.30	Inf	Ser	109.5	high confidence set
C_Quinoa_Scaffold_1695	7	1422177	1422106	Thr	GGT	0	0	58.2	29.20	29.00	Inf	Thr	73.0	unexpected anticodon
C_Quinoa_Scaffold_1695	9	795453	795381	Ala	AGC	0	0	63.4	38.20	25.20	Inf	Ala	98.3	high confidence set
C_Quinoa_Scaffold_1703	1	219646	219717	Pro	CGG	0	0	67.4	34.70	32.70	Inf	Pro	112.3	high confidence set
C_Quinoa_Scaffold_1703	2	220054	220125	Pro	TGG	0	0	59.5	26.70	32.80	Inf	Pro	104.1	high confidence set
C_Quinoa_Scaffold_1703	6	1757174	1757102	Arg	TCT	0	0	70.0	49.90	20.10	Inf	Arg	100.1	high confidence set
C_Quinoa_Scaffold_1703	7	1756482	1756410	Arg	TCT	0	0	70.0	49.90	20.10	Inf	Arg	100.1	high confidence set
C_Quinoa_Scaffold_1703	8	1211700	1211619	Ser	GCT	0	0	80.5	45.20	35.30	Inf	Ser	109.5	high confidence set
C_Quinoa_Scaffold_1703	9	1209525	1209444	Ser	GCT	0	0	80.5	45.20	35.30	Inf	Ser	109.5	high confidence set
C_Quinoa_Scaffold_1703	11	991296	991225	Pro	AGG	0	0	67.4	34.70	32.70	Inf	Pro	112.3	high confidence set
C_Quinoa_Scaffold_1703	12	991147	991076	Pro	TGG	0	0	68.5	35.70	32.80	Inf	Pro	111.2	high confidence set
C_Quinoa_Scaffold_1710	6	5874236	5874316	Leu	AAG	0	0	74.0	52.20	21.80	Inf	Leu	110.4	high confidence set
C_Quinoa_Scaffold_1710	7	5876252	5876332	Leu	AAG	0	0	74.0	52.20	21.80	Inf	Leu	110.4	high confidence set
C_Quinoa_Scaffold_1710	8	7052055	7052145	Tyr	GTA	7052092	7052109	69.5	37.90	31.60	Inf	Tyr	105.2	high confidence set
C_Quinoa_Scaffold_1710	9	7837292	7837364	Val	TAC	0	0	77.8	43.10	34.70	Inf	Val	106.5	high confidence set
C_Quinoa_Scaffold_1710	12	8083596	8083523	Asn	GTT	0	0	83.3	58.10	25.20	Inf	Asn	93.9	high confidence set
C_Quinoa_Scaffold_1710	13	8083023	8082950	Asn	GTT	0	0	83.3	58.10	25.20	Inf	Asn	93.9	high confidence set
C_Quinoa_Scaffold_1710	18	5886961	5886890	Lys	TTT	0	0	82.9	68.40	14.50	Inf	Lys	85.9	high confidence set
C_Quinoa_Scaffold_1710	24	2619072	2618999	Val	AAC	0	0	75.2	45.70	29.50	Inf	Val	103.0	high confidence set
C_Quinoa_Scaffold_1727	1	225366	225439	Ile	AAT	0	0	85.3	57.90	27.40	Inf	Ile	112.3	high confidence set
C_Quinoa_Scaffold_1727	2	225522	225595	Ile	AAT	0	0	85.3	57.90	27.40	Inf	Ile	112.3	high confidence set
C_Quinoa_Scaffold_1727	3	602336	602406	Gly	GCC	0	0	66.5	44.80	21.70	Inf	Gly	94.4	high confidence set
C_Quinoa_Scaffold_1727	4	142702	142630	Phe	GAA	0	0	70.4	57.80	12.60	Inf	Phe	106.0	high confidence set
C_Quinoa_Scaffold_1762	1	823027	823097	Gly	GCC	0	0	66.5	44.80	21.70	Inf	Gly	94.4	high confidence set
C_Quinoa_Scaffold_1762	3	1523891	1523962	Pro	CGG	0	0	68.4	35.70	32.70	Inf	Pro	111.1	high confidence set
C_Quinoa_Scaffold_1762	4	1524065	1524136	Pro	AGG	0	0	67.4	34.70	32.70	Inf	Pro	112.3	high confidence set
C_Quinoa_Scaffold_1762	5	1524444	1524515	Pro	AGG	0	0	67.4	34.70	32.70	Inf	Pro	112.3	high confidence set
C_Quinoa_Scaffold_1762	6	1524999	1525070	Pro	TGG	0	0	68.5	35.70	32.80	Inf	Pro	111.2	high confidence set
C_Quinoa_Scaffold_1762	7	1525297	1525368	Pro	TGG	0	0	68.5	35.70	32.80	Inf	Pro	111.2	high confidence set
C_Quinoa_Scaffold_1765	1	579000	579071	Gly	TCC	0	0	73.9	46.20	27.70	Inf	Gly	85.6	high confidence set
C_Quinoa_Scaffold_1770	5	3593810	3593881	Pro	TGG	0	0	61.8	31.00	30.80	Inf	Pro	103.3	high confidence set
C_Quinoa_Scaffold_1776	5	1575224	1575295	Lys	TTT	0	0	82.9	68.40	14.50	Inf	Lys	89.9	high confidence set
C_Quinoa_Scaffold_1776	7	2529953	2530035	Leu	TAA	0	0	73.6	34.50	39.10	Inf	Leu	101.1	high confidence set
C_Quinoa_Scaffold_1783	1	129224	129295	iMet	CAT	0	0	52.7	22.50	30.20	Inf	iMet	113.1	high confidence set
C_Quinoa_Scaffold_1783	2	564328	564400	Ala	TGC	0	0	70.0	45.30	24.70	Inf	Ala	100.6	high confidence set
C_Quinoa_Scaffold_1783	3	565959	566031	Ala	TGC	0	0	70.0	45.30	24.70	Inf	Ala	100.6	high confidence set
C_Quinoa_Scaffold_1783	4	1060789	1060872	Leu	CAA	0	0	78.1	56.50	21.60	Inf	Leu	121.2	high confidence set
C_Quinoa_Scaffold_1783	5	1420451	1420522	Cys	GCA	0	0	82.1	59.90	22.20	Inf	Cys	106.6	high confidence set
C_Quinoa_Scaffold_1783	6	1655274	1655344	Gly	GCC	0	0	66.5	44.80	21.70	Inf	Gly	94.4	high confidence set
C_Quinoa_Scaffold_1783	7	2264168	2264247	Leu	TAG	0	0	69.5	48.50	21.00	Inf	Leu	111.5	high confidence set
C_Quinoa_Scaffold_1783	8	2582502	2582421	Ser	TGA	0	0	80.7	46.10	34.60	Inf	Ser	119.7	high confidence set
C_Quinoa_Scaffold_1783	11	87358	87285	Val	AAC	0	0	66.0	37.00	29.00	Inf	Val	94.3	high confidence set
C_Quinoa_Scaffold_1783	12	82307	82234	Val	AAC	0	0	62.3	44.90	17.40	Inf	Val	86.7	high confidence set
C_Quinoa_Scaffold_1783	13	82152	82079	Val	AAC	0	0	75.2	45.70	29.50	Inf	Val	103.0	high confidence set
C_Quinoa_Scaffold_1810	4	1909986	1910057	Glu	TTC	0	0	71.2	46.50	24.70	Inf	Glu	101.9	high confidence set
C_Quinoa_Scaffold_1810	11	1665548	1665476	Lys	CTT	0	0	87.7	67.60	20.10	Inf	Lys	106.7	high confidence set
C_Quinoa_Scaffold_1810	13	841693	841610	Leu	CAA	0	0	79.5	54.50	25.00	Inf	Leu	126.8	high confidence set
C_Quinoa_Scaffold_1817	2	1675184	1675255	Cys	GCA	0	0	81.7	56.10	25.60	Inf	Cys	104.3	high confidence set
C_Quinoa_Scaffold_1817	3	2457565	2457646	Ser	AGA	0	0	79.4	43.10	36.30	Inf	Ser	115.0	high confidence set
C_Quinoa_Scaffold_1817	4	2744727	2744798	Trp	CCA	0	0	75.8	51.20	24.60	Inf	Trp	105.6	high confidence set
C_Quinoa_Scaffold_1817	5	2761074	2761145	Trp	CCA	0	0	75.8	51.20	24.60	Inf	Trp	105.6	high confidence set
C_Quinoa_Scaffold_1817	7	1519944	1519873	Cys	GCA	0	0	81.7	56.10	25.60	Inf	Cys	104.3	high confidence set
C_Quinoa_Scaffold_1817	8	867218	867147	Trp	CCA	0	0	66.1	43.60	22.50	Inf	Trp	97.3	high confidence set
C_Quinoa_Scaffold_1817	9	473018	472946	Ala	AGC	0	0	63.4	38.20	25.20	Inf	Ala	98.3	high confidence set
C_Quinoa_Scaffold_1817	10	188812	188741	Gly	TCC	0	0	73.9	46.20	27.70	Inf	Gly	85.6	high confidence set
C_Quinoa_Scaffold_1829	2	1368635	1368708	Ile	TAT	0	0	85.9	70.60	15.30	Inf	Ile	103.9	high confidence set
C_Quinoa_Scaffold_1847	1	613766	613845	Leu	TAG	0	0	69.5	48.50	21.00	Inf	Leu	111.5	high confidence set
C_Quinoa_Scaffold_1847	2	676987	677058	Lys	TTT	0	0	92.3	68.60	23.70	Inf	Lys	97.5	high confidence set
C_Quinoa_Scaffold_1862	2	402859	402932	Arg	TCG	0	0	82.3	61.00	21.30	Inf	Arg	91.9	high confidence set
C_Quinoa_Scaffold_1862	4	1211363	1211435	Lys	CTT	0	0	87.7	67.60	20.10	Inf	Lys	106.7	high confidence set
C_Quinoa_Scaffold_1862	5	1325159	1325231	Val	TAC	0	0	73.8	40.20	33.60	Inf	Val	101.1	high confidence set
C_Quinoa_Scaffold_1862	6	1622477	1622549	Phe	GAA	0	0	78.3	58.40	19.90	Inf	Phe	113.2	high confidence set
C_Quinoa_Scaffold_1862	7	2157619	2157690	Trp	CCA	0	0	75.8	51.20	24.60	Inf	Trp	105.6	high confidence set
C_Quinoa_Scaffold_1862	8	2406637	2406558	Leu	TAG	0	0	70.9	50.70	20.20	Inf	Leu	109.5	high confidence set
C_Quinoa_Scaffold_1862	11	912249	912177	Val	TAC	0	0	71.2	38.40	32.80	Inf	Val	101.5	high confidence set
C_Quinoa_Scaffold_1862	12	438308	438237	Thr	CGT	0	0	79.7	54.30	25.40	Inf	Thr	87.3	high confidence set
C_Quinoa_Scaffold_1862	13	167508	167436	Phe	GAA	0	0	70.3	50.40	19.90	Inf	Phe	104.7	high confidence set
C_Quinoa_Scaffold_1870	1	167642	167713	Lys	TTT	0	0	82.9	68.40	14.50	Inf	Lys	89.9	high confidence set
C_Quinoa_Scaffold_1870	2	685295	685368	Val	CAC	0	0	81.5	53.50	28.00	Inf	Val	103.7	high confidence set
C_Quinoa_Scaffold_1870	3	736096	736169	Val	CAC	0	0	81.5	53.50	28.00	Inf	Val	103.7	high confidence set
C_Quinoa_Scaffold_1870	4	885522	885594	Ala	AGC	0	0	63.4	38.20	25.20	Inf	Ala	98.3	high confidence set
C_Quinoa_Scaffold_1870	5	923455	923538	Leu	CAA	0	0	78.6	55.60	23.00	Inf	Leu	123.0	high confidence set
C_Quinoa_Scaffold_1870	7	2234651	2234730	Leu	TAG	0	0	63.7	42.70	21.00	Inf	Leu	102.9	high confidence set
C_Quinoa_Scaffold_1870	8	2379573	2379646	Val	AAC	0	0	65.1	45.40	19.70	Inf	Val	87.7	high confidence set
C_Quinoa_Scaffold_1870	9	2480392	2480312	Leu	AAG	0	0	74.0	52.20	21.80	Inf	Leu	110.4	high confidence set
C_Quinoa_Scaffold_1870	10	1718405	1718334	Cys	GCA	0	0	82.1	59.90	22.20	Inf	Cys	106.6	high confidence set
C_Quinoa_Scaffold_1870	11	1717482	1717410	Ala	AGC	0	0	53.4	30.60	22.80	Inf	Ala	89.6	high confidence set
C_Quinoa_Scaffold_1870	15	163178	163108	Gly	CCC	0	0	66.0	29.20	36.80	Inf	Gly	87.4	high confidence set
C_Quinoa_Scaffold_1870	16	119586	119513	Val	CAC	0	0	81.5	53.50	28.00	Inf	Val	103.7	high confidence set
C_Quinoa_Scaffold_1895	4	2376362	2376272	Tyr	GTA	2376325	2376308	69.5	37.80	31.70	Inf	Tyr	105.2	high confidence set
C_Quinoa_Scaffold_1895	5	670554	670483	Asp	GTC	0	0	69.8	46.80	23.00	Inf	Asp	94.5	high confidence set
C_Quinoa_Scaffold_1940	3	262269	262198	Asp	GTC	0	0	69.8	46.80	23.00	Inf	Asp	94.5	high confidence set
C_Quinoa_Scaffold_1955	1	142482	142409	Asn	GTT	0	0	83.3	58.10	25.20	Inf	Asn	93.9	high confidence set
C_Quinoa_Scaffold_1971	5	3265361	3265432	Cys	GCA	0	0	81.7	56.10	25.60	Inf	Cys	104.3	high confidence set
C_Quinoa_Scaffold_1971	9	4426114	4426186	Ala	AGC	0	0	63.4	38.20	25.20	Inf	Ala	98.3	high confidence set
C_Quinoa_Scaffold_1971	10	4682479	4682550	Gly	TCC	0	0	73.9	46.20	27.70	Inf	Gly	85.6	high confidence set
C_Quinoa_Scaffold_1971	12	5394772	5394858	Met	CAT	5394810	5394822	64.2	40.70	23.50	Inf	Met	104.0	high confidence set
C_Quinoa_Scaffold_1971	17	5597326	5597255	Asp	GTC	0	0	69.8	46.80	23.00	Inf	Asp	94.5	high confidence set
C_Quinoa_Scaffold_1971	19	3138769	3138698	Cys	GCA	0	0	81.7	56.10	25.60	Inf	Cys	104.3	high confidence set
C_Quinoa_Scaffold_1971	20	3113203	3113132	Cys	GCA	0	0	74.6	55.10	19.50	Inf	Cys	99.2	high confidence set
C_Quinoa_Scaffold_1971	22	2460361	2460280	Ser	AGA	0	0	79.4	43.10	36.30	Inf	Ser	115.0	high confidence set
C_Quinoa_Scaffold_1971	23	2313107	2313036	Trp	CCA	0	0	75.8	51.20	24.60	Inf	Trp	105.6	high confidence set
C_Quinoa_Scaffold_1971	24	48795	48724	Thr	TGT	0	0	79.3	49.30	30.00	Inf	Thr	92.3	high confidence set
C_Quinoa_Scaffold_1992	1	363920	363992	Ala	TGC	0	0	70.0	45.30	24.70	Inf	Ala	100.6	high confidence set
C_Quinoa_Scaffold_1992	3	1668154	1668225	Glu	TTC	0	0	71.2	46.50	24.70	Inf	Glu	101.9	high confidence set
C_Quinoa_Scaffold_1992	5	2408271	2408199	Phe	GAA	0	0	78.3	58.40	19.90	Inf	Phe	113.2	high confidence set
C_Quinoa_Scaffold_1992	6	2157150	2157077	Thr	AGT	0	0	66.6	39.30	27.30	Inf	Thr	78.9	high confidence set
C_Quinoa_Scaffold_1992	7	1373551	1373480	His	GTG	0	0	63.0	33.70	29.30	Inf	His	91.2	high confidence set
C_Quinoa_Scaffold_1992	8	1188067	1187996	Lys	TTT	0	0	82.9	68.40	14.50	Inf	Lys	89.9	high confidence set
C_Quinoa_Scaffold_1992	9	1187628	1187558	Gly	CCC	0	0	66.0	29.20	36.80	Inf	Gly	87.4	high confidence set
C_Quinoa_Scaffold_1992	10	1187551	1187480	Lys	TTT	0	0	82.9	68.40	14.50	Inf	Lys	89.9	high confidence set
C_Quinoa_Scaffold_1992	11	1003962	1003889	Asn	GTT	0	0	83.3	58.10	25.20	Inf	Asn	93.9	high confidence set
C_Quinoa_Scaffold_1992	12	520842	520770	Phe	GAA	0	0	78.3	58.40	19.90	Inf	Phe	113.2	high confidence set
C_Quinoa_Scaffold_1992	13	518554	518475	Phe	GAA	0	0	60.6	49.30	11.30	Inf	Phe	80.0	high confidence set
C_Quinoa_Scaffold_1992	14	518159	518100	Phe	GAA	0	0	52.8	25.70	27.10	Inf	Phe	80.4	trunc_start:6,trunc_end:7,high confidence set
C_Quinoa_Scaffold_1992	15	501344	501265	Phe	GAA	0	0	60.6	49.30	11.30	Inf	Phe	80.0	high confidence set
C_Quinoa_Scaffold_1992	16	500950	500891	Phe	GAA	0	0	52.8	25.70	27.10	Inf	Phe	80.4	trunc_start:6,trunc_end:7,high confidence set
C_Quinoa_Scaffold_1992	17	484142	484063	Phe	GAA	0	0	60.6	49.30	11.30	Inf	Phe	80.0	high confidence set
C_Quinoa_Scaffold_1992	18	483746	483687	Phe	GAA	0	0	52.8	25.70	27.10	Inf	Phe	80.4	trunc_start:6,trunc_end:7,high confidence set
C_Quinoa_Scaffold_1992	19	466931	466852	Phe	GAA	0	0	60.6	49.30	11.30	Inf	Phe	80.0	high confidence set
C_Quinoa_Scaffold_1992	20	466536	466477	Phe	GAA	0	0	52.8	25.70	27.10	Inf	Phe	80.4	trunc_start:6,trunc_end:7,high confidence set
C_Quinoa_Scaffold_1995	2	341830	341901	Lys	TTT	0	0	82.9	68.40	14.50	Inf	Lys	89.9	high confidence set
C_Quinoa_Scaffold_1995	3	341972	342043	Lys	TTT	0	0	82.9	68.40	14.50	Inf	Lys	89.9	high confidence set
C_Quinoa_Scaffold_1995	4	1059333	1059405	Lys	CTT	0	0	87.7	67.60	20.10	Inf	Lys	106.7	high confidence set
C_Quinoa_Scaffold_1995	5	1065393	1065465	Lys	CTT	0	0	87.7	67.60	20.10	Inf	Lys	106.7	high confidence set
C_Quinoa_Scaffold_1995	6	1065589	1065661	Lys	CTT	0	0	87.7	67.60	20.10	Inf	Lys	106.7	high confidence set
C_Quinoa_Scaffold_1995	9	2744050	2744123	Ile	AAT	0	0	85.3	57.90	27.40	Inf	Ile	112.3	high confidence set
C_Quinoa_Scaffold_1995	12	4320551	4320623	Arg	CCT	0	0	74.8	55.90	18.90	Inf	Arg	87.5	high confidence set
C_Quinoa_Scaffold_1995	13	5116115	5116188	Thr	AGT	0	0	70.7	43.10	27.60	Inf	Thr	84.7	high confidence set
C_Quinoa_Scaffold_1995	14	5368795	5368724	Lys	TTT	0	0	92.3	68.60	23.70	Inf	Lys	97.5	high confidence set
C_Quinoa_Scaffold_1995	15	4653120	4653039	Ser	TGA	0	0	80.7	46.10	34.60	Inf	Ser	119.7	high confidence set
C_Quinoa_Scaffold_1995	16	4486188	4486108	Leu	AAG	0	0	74.0	52.20	21.80	Inf	Leu	110.4	high confidence set
C_Quinoa_Scaffold_1995	17	4369958	4369887	Gln	CTG	0	0	72.2	47.60	24.60	Inf	Gln	102.6	high confidence set
C_Quinoa_Scaffold_1995	18	4354322	4354242	Leu	AAG	0	0	74.0	52.20	21.80	Inf	Leu	110.4	high confidence set
C_Quinoa_Scaffold_1995	19	4068044	4067972	Arg	CCG	0	0	67.8	49.10	18.70	Inf	Arg	93.5	high confidence set
C_Quinoa_Scaffold_1995	20	2869636	2869564	Lys	CTT	0	0	87.7	67.60	20.10	Inf	Lys	106.7	high confidence set
C_Quinoa_Scaffold_1995	21	2869489	2869408	Ser	CGA	0	0	78.3	45.60	32.70	Inf	Ser	119.1	high confidence set
C_Quinoa_Scaffold_1995	22	2313040	2312967	Asn	GTT	0	0	82.3	57.10	25.20	Inf	Asn	92.8	high confidence set
C_Quinoa_Scaffold_1995	24	1016032	1015959	Val	CAC	0	0	65.2	45.90	19.30	Inf	Val	86.0	high confidence set
C_Quinoa_Scaffold_2000	11	3044602	3044675	Val	AAC	0	0	52.4	38.70	13.70	Inf	Val	70.0	high confidence set
C_Quinoa_Scaffold_2000	12	3193114	3193186	Ala	AGC	0	0	63.4	38.20	25.20	Inf	Ala	98.3	high confidence set
C_Quinoa_Scaffold_2000	15	2467691	2467621	Gly	GCC	0	0	58.3	36.50	21.80	Inf	Gly	87.1	high confidence set
C_Quinoa_Scaffold_2002	3	3115942	3116015	Trp	CCA	0	0	69.7	38.70	31.00	Inf	Thr	71.6	IPD:-16.80,isotype mismatch
C_Quinoa_Scaffold_2008	2	1698218	1698289	Glu	TTC	0	0	71.2	46.50	24.70	Inf	Glu	101.9	high confidence set
C_Quinoa_Scaffold_2008	4	3083282	3083352	Gly	GCC	0	0	66.5	44.80	21.70	Inf	Gly	94.4	high confidence set
C_Quinoa_Scaffold_2008	7	3547633	3547714	Ser	GCT	0	0	80.5	45.20	35.30	Inf	Ser	109.5	high confidence set
C_Quinoa_Scaffold_2008	9	6211028	6210957	iMet	CAT	0	0	52.7	28.20	24.50	Inf	iMet	111.1	high confidence set
C_Quinoa_Scaffold_2008	11	5646858	5646787	Asp	GTC	0	0	69.8	46.80	23.00	Inf	Asp	94.5	high confidence set
C_Quinoa_Scaffold_2008	13	3569945	3569874	Gln	TTG	0	0	73.5	53.70	19.80	Inf	Gln	104.8	high confidence set
C_Quinoa_Scaffold_2008	15	2750615	2750545	Gly	GCC	0	0	66.5	44.80	21.70	Inf	Gly	94.4	high confidence set
C_Quinoa_Scaffold_2008	16	2428875	2428805	Gly	GCC	0	0	66.5	44.80	21.70	Inf	Gly	94.4	high confidence set
C_Quinoa_Scaffold_2008	17	2326209	2326137	Phe	GAA	0	0	78.3	58.40	19.90	Inf	Phe	113.2	high confidence set
C_Quinoa_Scaffold_2008	18	2075960	2075887	Thr	AGT	0	0	76.0	48.40	27.60	Inf	Thr	90.6	high confidence set
C_Quinoa_Scaffold_2008	21	1327031	1326960	His	GTG	0	0	63.0	33.70	29.30	Inf	His	86.8	high confidence set
C_Quinoa_Scaffold_2008	22	1137350	1137279	Lys	TTT	0	0	82.9	68.40	14.50	Inf	Lys	89.9	high confidence set
C_Quinoa_Scaffold_2008	23	1136864	1136794	Gly	CCC	0	0	66.0	29.20	36.80	Inf	Gly	87.4	high confidence set
C_Quinoa_Scaffold_2008	25	1033790	1033717	Asn	GTT	0	0	83.3	58.10	25.20	Inf	Asn	93.9	high confidence set
C_Quinoa_Scaffold_2008	26	602855	602783	Phe	GAA	0	0	78.3	58.40	19.90	Inf	Phe	113.2	high confidence set
C_Quinoa_Scaffold_2008	27	600312	600240	Phe	GAA	0	0	78.3	58.40	19.90	Inf	Phe	113.2	high confidence set
C_Quinoa_Scaffold_2008	28	588054	587982	Phe	GAA	0	0	78.3	58.40	19.90	Inf	Phe	113.2	high confidence set
C_Quinoa_Scaffold_2008	29	491614	491542	Phe	GAA	0	0	78.3	58.40	19.90	Inf	Phe	113.2	high confidence set
C_Quinoa_Scaffold_2048	28	3940409	3940337	Ala	TGC	0	0	70.0	45.30	24.70	Inf	Ala	100.6	high confidence set
C_Quinoa_Scaffold_2079	3	1976808	1976885	Arg	ACG	0	0	54.7	43.10	11.60	Inf	Ile	72.5	IPD:-24.70,isotype mismatch
C_Quinoa_Scaffold_2081	12	2967970	2967899	His	GTG	0	0	63.0	33.70	29.30	Inf	His	86.8	high confidence set
C_Quinoa_Scaffold_2088	2	2052336	2052407	Trp	CCA	0	0	75.8	51.20	24.60	Inf	Trp	105.6	high confidence set
C_Quinoa_Scaffold_2088	3	2213182	2213253	Pro	TGG	0	0	68.5	35.70	32.80	Inf	Pro	111.2	high confidence set
C_Quinoa_Scaffold_2088	4	5931580	5931664	Met	CAT	5931618	5931628	64.3	40.80	23.50	Inf	Met	104.0	high confidence set
C_Quinoa_Scaffold_2088	5	6743056	6743127	Glu	TTC	0	0	71.2	46.50	24.70	Inf	Glu	101.9	high confidence set
C_Quinoa_Scaffold_2088	6	7001112	7001185	Asn	GTT	0	0	83.3	58.10	25.20	Inf	Asn	93.9	high confidence set
C_Quinoa_Scaffold_2088	9	7679455	7679528	Thr	AGT	0	0	75.3	47.40	27.90	Inf	Thr	89.8	high confidence set
C_Quinoa_Scaffold_2088	15	10621935	10622006	Pro	AGG	0	0	67.4	34.70	32.70	Inf	Pro	112.3	high confidence set
C_Quinoa_Scaffold_2088	20	12003446	12003526	Leu	AAG	0	0	74.0	52.20	21.80	Inf	Leu	110.4	high confidence set
C_Quinoa_Scaffold_2088	26	13452616	13452544	Phe	GAA	0	0	78.3	58.40	19.90	Inf	Phe	113.2	high confidence set
C_Quinoa_Scaffold_2088	35	9835997	9835926	Glu	TTC	0	0	71.2	46.50	24.70	Inf	Glu	101.9	high confidence set
C_Quinoa_Scaffold_2088	36	9806001	9805930	Glu	TTC	0	0	71.2	46.50	24.70	Inf	Glu	101.9	high confidence set
C_Quinoa_Scaffold_2088	45	5386431	5386350	Ser	TGA	0	0	79.2	43.90	35.30	Inf	Ser	118.5	high confidence set
C_Quinoa_Scaffold_2088	47	3766809	3766736	Val	AAC	0	0	75.8	46.30	29.50	Inf	Val	103.3	high confidence set
C_Quinoa_Scaffold_2088	49	2583955	2583883	Arg	ACG	0	0	73.2	50.90	22.30	Inf	Arg	94.3	high confidence set
C_Quinoa_Scaffold_2088	50	2061168	2061082	Tyr	GTA	2061131	2061118	74.4	42.90	31.50	Inf	Tyr	110.5	high confidence set
C_Quinoa_Scaffold_2088	51	1156222	1156139	Leu	CAA	0	0	81.6	58.10	23.50	Inf	Leu	123.8	high confidence set
C_Quinoa_Scaffold_2088	53	574490	574409	Ser	GCT	0	0	79.0	43.10	35.90	Inf	Ser	108.6	high confidence set
C_Quinoa_Scaffold_2088	54	550614	550533	Ser	GCT	0	0	70.1	34.20	35.90	Inf	Ser	100.6	high confidence set
C_Quinoa_Scaffold_2127	6	3992871	3992943	Phe	GAA	0	0	78.3	58.40	19.90	Inf	Phe	113.2	high confidence set
C_Quinoa_Scaffold_2127	7	4030730	4030802	Phe	GAA	0	0	70.4	50.50	19.90	Inf	Phe	105.2	high confidence set
C_Quinoa_Scaffold_2127	24	9995126	9995055	Pro	TGG	0	0	68.5	35.70	32.80	Inf	Pro	111.2	high confidence set
C_Quinoa_Scaffold_2148	1	96248	96177	Trp	CCA	0	0	75.1	50.10	25.00	Inf	Trp	105.0	high confidence set
C_Quinoa_Scaffold_2169	1	1047959	1048039	Leu	AAG	0	0	74.0	52.20	21.80	Inf	Leu	110.4	high confidence set
C_Quinoa_Scaffold_2169	4	801383	801300	Leu	TAA	0	0	53.4	19.90	33.50	Inf	Leu	72.2	high confidence set
C_Quinoa_Scaffold_2177	1	441358	441450	Tyr	GTA	441395	441414	69.5	37.70	31.80	Inf	Tyr	105.2	high confidence set
C_Quinoa_Scaffold_2177	2	424203	424132	Cys	GCA	0	0	82.1	59.90	22.20	Inf	Cys	106.6	high confidence set
C_Quinoa_Scaffold_2185	17	262425	262352	Val	CAC	0	0	81.5	53.50	28.00	Inf	Val	103.7	high confidence set
C_Quinoa_Scaffold_2187	1	1095905	1095978	Ile	AAT	0	0	82.1	55.50	26.60	Inf	Ile	104.9	high confidence set
C_Quinoa_Scaffold_2187	2	2031259	2031330	Gln	CTG	0	0	74.6	50.10	24.50	Inf	Gln	102.4	high confidence set
C_Quinoa_Scaffold_2187	3	2411385	2411471	Met	CAT	2411423	2411435	64.2	40.70	23.50	Inf	Met	104.0	high confidence set
C_Quinoa_Scaffold_2187	4	2955565	2955636	Asn	GTT	0	0	71.9	57.60	14.30	Inf	Asn	72.3	high confidence set
C_Quinoa_Scaffold_2187	6	2956312	2956234	Cys	ACA	0	0	56.5	44.90	11.60	Inf	Ile	73.6	IPD:-34.30,isotype mismatch
C_Quinoa_Scaffold_2187	8	1817646	1817562	Tyr	GTA	1817609	1817598	69.8	38.00	31.80	Inf	Tyr	105.2	high confidence set
C_Quinoa_Scaffold_2193	1	411882	411961	Leu	TAG	0	0	69.5	48.50	21.00	Inf	Leu	111.5	high confidence set
C_Quinoa_Scaffold_2193	2	576860	576787	Val	AAC	0	0	62.6	40.80	21.80	Inf	Val	71.6	high confidence set
C_Quinoa_Scaffold_2193	3	131983	131913	Gly	CCC	0	0	66.0	29.20	36.80	Inf	Gly	87.4	high confidence set
C_Quinoa_Scaffold_2201	5	5250755	5250684	Asn	GTT	0	0	76.8	51.00	25.80	Inf	Asn	76.3	high confidence set
C_Quinoa_Scaffold_2306	20	675222	675151	Gln	TTG	0	0	73.5	53.70	19.80	Inf	Gln	104.8	high confidence set
C_Quinoa_Scaffold_2310	1	102118	102191	Asn	GTT	0	0	83.3	58.10	25.20	Inf	Asn	93.9	high confidence set
C_Quinoa_Scaffold_2310	2	256041	256113	Arg	CCT	0	0	74.8	55.90	18.90	Inf	Arg	87.5	high confidence set
C_Quinoa_Scaffold_2310	3	264239	264310	Pro	TGG	0	0	68.5	35.70	32.80	Inf	Pro	111.2	high confidence set
C_Quinoa_Scaffold_2314	1	1465080	1465161	Ser	AGA	0	0	79.4	43.10	36.30	Inf	Ser	115.0	high confidence set
C_Quinoa_Scaffold_2314	2	1804784	1804865	Ser	AGA	0	0	79.4	43.10	36.30	Inf	Ser	115.0	high confidence set
C_Quinoa_Scaffold_2314	4	1806511	1806592	Ser	AGA	0	0	79.4	43.10	36.30	Inf	Ser	115.0	high confidence set
C_Quinoa_Scaffold_2314	5	820468	820397	Glu	TTC	0	0	71.2	46.50	24.70	Inf	Glu	101.9	high confidence set
C_Quinoa_Scaffold_2344	1	253445	253373	Glu	CTC	0	0	78.9	53.10	25.80	Inf	Glu	94.8	high confidence set
C_Quinoa_Scaffold_2344	2	81171	81100	His	GTG	0	0	63.0	33.70	29.30	Inf	His	91.2	high confidence set
C_Quinoa_Scaffold_2357	1	37566	37652	Ser	GGA	0	0	64.5	34.70	29.80	Inf	Ser	89.7	unexpected anticodon
C_Quinoa_Scaffold_2370	2	813511	813592	Ser	TGA	0	0	80.7	46.10	34.60	Inf	Ser	119.7	high confidence set
C_Quinoa_Scaffold_2370	5	1560176	1560249	Val	AAC	0	0	75.2	45.70	29.50	Inf	Val	103.0	high confidence set
C_Quinoa_Scaffold_2370	6	1611897	1611970	Val	AAC	0	0	73.5	46.20	27.30	Inf	Val	100.6	high confidence set
C_Quinoa_Scaffold_2370	7	1708895	1708975	Leu	AAG	0	0	74.0	52.20	21.80	Inf	Leu	110.4	high confidence set
C_Quinoa_Scaffold_2370	11	2454089	2454172	Tyr	GTA	0	0	54.6	30.50	24.10	Inf	Tyr	72.5	high confidence set
C_Quinoa_Scaffold_2370	13	3392256	3392328	Ala	CGC	0	0	68.3	44.10	24.20	Inf	Ala	99.2	high confidence set
C_Quinoa_Scaffold_2370	14	3721071	3721142	Glu	TTC	0	0	71.2	46.50	24.70	Inf	Glu	101.9	high confidence set
C_Quinoa_Scaffold_2370	15	5139004	5139075	Trp	CCA	0	0	75.8	51.20	24.60	Inf	Trp	105.6	high confidence set
C_Quinoa_Scaffold_2370	17	5796580	5796652	Arg	TCT	0	0	70.0	49.90	20.10	Inf	Arg	100.1	high confidence set
C_Quinoa_Scaffold_2370	19	7194231	7194302	iMet	CAT	0	0	58.3	28.10	30.20	Inf	iMet	118.7	high confidence set
C_Quinoa_Scaffold_2370	20	7940103	7940176	Ile	TAT	0	0	76.1	64.90	11.20	Inf	Ile	91.6	high confidence set
C_Quinoa_Scaffold_2370	21	8463621	8463692	His	GTG	0	0	63.0	33.70	29.30	Inf	His	91.2	high confidence set
C_Quinoa_Scaffold_2370	22	6284430	6284358	Ala	AGC	0	0	63.4	38.20	25.20	Inf	Ala	98.3	high confidence set
C_Quinoa_Scaffold_2370	23	5830500	5830419	Ser	TGA	0	0	79.2	43.90	35.30	Inf	Ser	118.5	high confidence set
C_Quinoa_Scaffold_2370	24	4886136	4886052	Met	CAT	4886098	4886088	66.8	40.30	26.50	Inf	Met	102.8	high confidence set
C_Quinoa_Scaffold_2370	25	4865336	4865252	Met	CAT	4865298	4865288	64.3	40.80	23.50	Inf	Met	104.0	high confidence set
C_Quinoa_Scaffold_2370	26	4703235	4703163	Arg	ACG	0	0	72.9	50.30	22.60	Inf	Arg	91.8	high confidence set
C_Quinoa_Scaffold_2370	27	4335325	4335254	Gln	TTG	0	0	73.5	53.70	19.80	Inf	Gln	104.8	high confidence set
C_Quinoa_Scaffold_2404	1	509223	509152	Pro	AGG	0	0	56.3	26.10	30.20	Inf	Pro	91.2	high confidence set
C_Quinoa_Scaffold_2412	7	2059054	2058983	Pro	TGG	0	0	69.2	36.90	32.30	Inf	Pro	112.8	high confidence set
C_Quinoa_Scaffold_2451	1	14050	13977	Val	AAC	0	0	75.2	45.70	29.50	Inf	Val	103.0	high confidence set
C_Quinoa_Scaffold_2465	4	2353957	2353885	Glu	CTC	0	0	78.9	53.10	25.80	Inf	Glu	94.8	high confidence set
C_Quinoa_Scaffold_2465	7	1572442	1572364	Arg	ACG	0	0	56.5	44.90	11.60	Inf	Ile	73.7	IPD:-23.30,isotype mismatch
C_Quinoa_Scaffold_2465	8	771811	771732	Leu	TAG	0	0	53.6	37.80	15.80	Inf	Leu	92.7	high confidence set
C_Quinoa_Scaffold_2465	9	771653	771582	Pro	TGG	0	0	68.5	35.70	32.80	Inf	Pro	111.2	high confidence set
C_Quinoa_Scaffold_2465	10	771301	771230	Pro	AGG	0	0	67.4	34.70	32.70	Inf	Pro	112.3	high confidence set
C_Quinoa_Scaffold_2465	13	416486	416405	Ser	AGA	0	0	77.8	43.40	34.40	Inf	Ser	110.9	high confidence set
C_Quinoa_Scaffold_2465	14	298161	298088	Val	CAC	0	0	81.5	53.50	28.00	Inf	Val	103.7	high confidence set
C_Quinoa_Scaffold_2493	3	969584	969655	Pro	AGG	0	0	67.4	34.70	32.70	Inf	Pro	112.3	high confidence set
C_Quinoa_Scaffold_2493	4	1583088	1583161	Val	AAC	0	0	72.9	48.60	24.30	Inf	Val	93.8	high confidence set
C_Quinoa_Scaffold_2493	5	2308143	2308224	Ser	CGA	0	0	70.9	38.50	32.40	Inf	Ser	113.8	high confidence set
C_Quinoa_Scaffold_2493	7	3853785	3853856	Lys	TTT	0	0	82.9	68.40	14.50	Inf	Lys	89.9	high confidence set
C_Quinoa_Scaffold_2493	8	4901892	4901964	Lys	CTT	0	0	87.7	67.60	20.10	Inf	Lys	106.7	high confidence set
C_Quinoa_Scaffold_2493	10	3088793	3088722	Trp	CCA	0	0	75.8	51.20	24.60	Inf	Trp	105.6	high confidence set
C_Quinoa_Scaffold_2493	11	2224538	2224468	Gly	GCC	0	0	66.5	44.80	21.70	Inf	Gly	94.4	high confidence set
C_Quinoa_Scaffold_2493	12	1862076	1862004	Ala	AGC	0	0	63.4	38.20	25.20	Inf	Ala	98.3	high confidence set
C_Quinoa_Scaffold_2493	13	1861926	1861853	Arg	TCG	0	0	82.3	61.00	21.30	Inf	Arg	91.9	high confidence set
C_Quinoa_Scaffold_2493	14	1466824	1466753	His	GTG	0	0	63.0	33.70	29.30	Inf	His	91.2	high confidence set
C_Quinoa_Scaffold_2493	15	1028963	1028892	Gly	TCC	0	0	73.9	46.20	27.70	Inf	Gly	85.6	high confidence set
C_Quinoa_Scaffold_2508	1	136930	136859	His	GTG	0	0	63.0	33.70	29.30	Inf	His	91.2	high confidence set
C_Quinoa_Scaffold_2579	4	2193392	2193464	Phe	GAA	0	0	78.3	58.40	19.90	Inf	Phe	113.2	high confidence set
C_Quinoa_Scaffold_2587	3	819399	819328	Glu	TTC	0	0	71.2	46.50	24.70	Inf	Glu	101.9	high confidence set
C_Quinoa_Scaffold_2588	14	5744990	5744919	Asp	GTC	0	0	69.8	46.80	23.00	Inf	Asp	94.5	high confidence set
C_Quinoa_Scaffold_2592	1	36399	36326	Arg	TCG	0	0	83.2	61.60	21.60	Inf	Arg	91.9	high confidence set
C_Quinoa_Scaffold_2608	1	851552	851632	Leu	AAG	0	0	74.0	52.20	21.80	Inf	Leu	110.4	high confidence set
C_Quinoa_Scaffold_2624	1	850986	851057	Asp	GTC	0	0	69.8	46.80	23.00	Inf	Asp	94.5	high confidence set
C_Quinoa_Scaffold_2646	1	501837	501910	Ile	TAT	0	0	81.1	62.80	18.30	Inf	Ile	98.7	high confidence set
C_Quinoa_Scaffold_2646	2	966826	966897	His	GTG	0	0	63.0	33.70	29.30	Inf	His	91.2	high confidence set
C_Quinoa_Scaffold_2646	9	3973577	3973648	His	GTG	0	0	63.0	33.70	29.30	Inf	His	91.2	high confidence set
C_Quinoa_Scaffold_2646	20	5853237	5853310	Ile	AAT	0	0	79.3	55.80	23.50	Inf	Ile	104.3	high confidence set
C_Quinoa_Scaffold_2646	21	6154357	6154428	Thr	CGT	0	0	79.8	57.10	22.70	Inf	Thr	86.4	high confidence set
C_Quinoa_Scaffold_2646	22	6220634	6220707	Ile	AAT	0	0	82.4	55.90	26.50	Inf	Ile	106.7	high confidence set
C_Quinoa_Scaffold_2646	23	6220786	6220858	Ala	TGC	0	0	70.0	45.30	24.70	Inf	Ala	100.6	high confidence set
C_Quinoa_Scaffold_2646	24	6233109	6233182	Asn	GTT	0	0	83.7	60.00	23.70	Inf	Asn	94.0	high confidence set
C_Quinoa_Scaffold_2646	25	6381117	6381189	Ala	TGC	0	0	70.0	45.30	24.70	Inf	Ala	100.6	high confidence set
C_Quinoa_Scaffold_2646	28	6456204	6456285	Ser	GCT	0	0	80.5	45.20	35.30	Inf	Ser	109.5	high confidence set
C_Quinoa_Scaffold_2646	29	6492358	6492429	Gln	TTG	0	0	73.5	53.70	19.80	Inf	Gln	104.8	high confidence set
C_Quinoa_Scaffold_2646	33	7562183	7562254	Asp	GTC	0	0	69.8	46.80	23.00	Inf	Asp	94.5	high confidence set
C_Quinoa_Scaffold_2646	35	7240713	7240642	Asp	GTC	0	0	69.8	46.80	23.00	Inf	Asp	94.5	high confidence set
C_Quinoa_Scaffold_2646	38	6588667	6588594	Thr	AGT	0	0	75.3	47.40	27.90	Inf	Thr	89.8	high confidence set
C_Quinoa_Scaffold_2646	39	6288173	6288102	Pro	AGG	0	0	67.4	34.70	32.70	Inf	Pro	112.3	high confidence set
C_Quinoa_Scaffold_2646	43	4058689	4058619	Gly	GCC	0	0	66.5	44.80	21.70	Inf	Gly	94.4	high confidence set
C_Quinoa_Scaffold_2646	47	2314337	2314266	iMet	CAT	0	0	58.3	28.10	30.20	Inf	iMet	118.7	high confidence set
C_Quinoa_Scaffold_2646	48	2259380	2259309	iMet	CAT	0	0	58.3	28.10	30.20	Inf	iMet	118.7	high confidence set
C_Quinoa_Scaffold_2689	1	1565078	1565149	Asn	GTT	0	0	75.1	52.10	23.00	Inf	Asn	81.9	high confidence set
C_Quinoa_Scaffold_2689	2	2077271	2077342	Asp	GTC	0	0	69.8	46.80	23.00	Inf	Asp	94.5	high confidence set
C_Quinoa_Scaffold_2689	3	1036952	1036873	Leu	TAG	0	0	70.9	50.70	20.20	Inf	Leu	109.5	high confidence set
C_Quinoa_Scaffold_2715	1	2427794	2427873	Leu	TAG	0	0	68.5	49.80	18.70	Inf	Leu	103.5	high confidence set
C_Quinoa_Scaffold_2715	4	4589680	4589751	Thr	CGT	0	0	82.0	54.40	27.60	Inf	Thr	88.7	high confidence set
C_Quinoa_Scaffold_2715	5	4837460	4837532	Phe	GAA	0	0	78.3	58.40	19.90	Inf	Phe	113.2	high confidence set
C_Quinoa_Scaffold_2715	6	4627177	4627104	Arg	TCG	0	0	71.6	55.20	16.40	Inf	Arg	82.2	high confidence set
C_Quinoa_Scaffold_2715	7	4388592	4388512	Leu	CAG	0	0	69.5	46.80	22.70	Inf	Leu	109.7	high confidence set
C_Quinoa_Scaffold_2715	11	3640406	3640334	Val	TAC	0	0	67.2	34.90	32.30	Inf	Val	96.1	high confidence set
C_Quinoa_Scaffold_2715	12	3308769	3308697	Phe	GAA	0	0	78.3	58.40	19.90	Inf	Phe	113.2	high confidence set
C_Quinoa_Scaffold_2715	13	2753924	2753853	Trp	CCA	0	0	75.8	51.20	24.60	Inf	Trp	105.6	high confidence set
C_Quinoa_Scaffold_2716	1	95412	95484	Val	TAC	0	0	77.8	43.10	34.70	Inf	Val	106.5	high confidence set
C_Quinoa_Scaffold_2716	3	1519726	1519797	Gln	CTG	0	0	73.6	48.50	25.10	Inf	Gln	102.5	high confidence set
C_Quinoa_Scaffold_2716	7	3768864	3768935	Gly	TCC	0	0	73.9	46.20	27.70	Inf	Gly	85.6	high confidence set
C_Quinoa_Scaffold_2716	12	5947386	5947458	Glu	CTC	0	0	78.9	53.10	25.80	Inf	Glu	94.8	high confidence set
C_Quinoa_Scaffold_2716	13	6619716	6619787	Thr	TGT	0	0	79.3	49.30	30.00	Inf	Thr	92.3	high confidence set
C_Quinoa_Scaffold_2716	14	7341320	7341399	Leu	TAG	0	0	70.9	50.70	20.20	Inf	Leu	109.5	high confidence set
C_Quinoa_Scaffold_2716	15	7341466	7341537	Pro	TGG	0	0	68.5	35.70	32.80	Inf	Pro	111.2	high confidence set
C_Quinoa_Scaffold_2716	16	7342382	7342453	Pro	AGG	0	0	67.4	34.70	32.70	Inf	Pro	112.3	high confidence set
C_Quinoa_Scaffold_2716	17	7768356	7768427	Asp	GTC	0	0	68.0	45.30	22.70	Inf	Asp	90.5	high confidence set
C_Quinoa_Scaffold_2716	19	8223037	8223108	Pro	AGG	0	0	67.4	34.70	32.70	Inf	Pro	112.3	high confidence set
C_Quinoa_Scaffold_2716	20	8849945	8850018	Val	AAC	0	0	72.9	48.60	24.30	Inf	Val	93.8	high confidence set
C_Quinoa_Scaffold_2716	21	9689152	9689233	Ser	CGA	0	0	78.9	46.60	32.30	Inf	Ser	122.0	high confidence set
C_Quinoa_Scaffold_2716	22	9577895	9577825	Gly	GCC	0	0	66.5	44.80	21.70	Inf	Gly	94.4	high confidence set
C_Quinoa_Scaffold_2716	25	9265077	9265005	Ala	AGC	0	0	63.4	38.20	25.20	Inf	Ala	98.3	high confidence set
C_Quinoa_Scaffold_2716	26	9264939	9264866	Arg	TCG	0	0	82.3	61.00	21.30	Inf	Arg	91.9	high confidence set
C_Quinoa_Scaffold_2716	27	9264702	9264629	Arg	TCG	0	0	82.3	61.00	21.30	Inf	Arg	91.9	high confidence set
C_Quinoa_Scaffold_2716	28	8801831	8801760	His	GTG	0	0	63.0	33.70	29.30	Inf	His	91.2	high confidence set
C_Quinoa_Scaffold_2716	30	8265725	8265654	Gly	TCC	0	0	73.9	46.20	27.70	Inf	Gly	85.6	high confidence set
C_Quinoa_Scaffold_2716	32	6647023	6646950	Val	AAC	0	0	59.2	39.00	20.20	Inf	Val	78.9	high confidence set
C_Quinoa_Scaffold_2716	36	4452053	4451981	Lys	CTT	0	0	87.7	67.60	20.10	Inf	Lys	106.7	high confidence set
C_Quinoa_Scaffold_2716	37	3841145	3841062	Leu	CAA	0	0	78.6	55.60	23.00	Inf	Leu	123.0	high confidence set
C_Quinoa_Scaffold_2716	38	3405821	3405751	Gly	GCC	0	0	66.5	44.80	21.70	Inf	Gly	94.4	high confidence set
C_Quinoa_Scaffold_2716	39	3404766	3404696	Gly	GCC	0	0	66.5	44.80	21.70	Inf	Gly	94.4	high confidence set
C_Quinoa_Scaffold_2716	40	3403050	3402980	Gly	GCC	0	0	66.5	44.80	21.70	Inf	Gly	94.4	high confidence set
C_Quinoa_Scaffold_2716	49	407632	407551	Ser	TGA	0	0	80.7	46.10	34.60	Inf	Ser	119.7	high confidence set
C_Quinoa_Scaffold_2733	1	131353	131424	Asp	GTC	0	0	69.8	46.90	22.90	Inf	Asp	89.1	high confidence set
C_Quinoa_Scaffold_2738	2	1727303	1727375	Arg	CCT	0	0	73.8	54.30	19.50	Inf	Arg	86.0	high confidence set
C_Quinoa_Scaffold_2738	3	1730823	1730894	Leu	TAG	0	0	57.7	32.50	25.20	Inf	Pro	97.7	IPD:-94.60,isotype mismatch
C_Quinoa_Scaffold_2738	4	1731134	1731205	Pro	AGG	0	0	67.4	34.70	32.70	Inf	Pro	112.3	high confidence set
C_Quinoa_Scaffold_2738	6	1615121	1615048	Asn	GTT	0	0	83.3	58.10	25.20	Inf	Asn	93.9	high confidence set
C_Quinoa_Scaffold_2742	5	2970008	2969936	Ala	TGC	0	0	70.0	45.30	24.70	Inf	Ala	100.6	high confidence set
C_Quinoa_Scaffold_2742	6	2942784	2942712	Ala	TGC	0	0	70.0	45.30	24.70	Inf	Ala	100.6	high confidence set
C_Quinoa_Scaffold_2751	5	4747310	4747381	Gln	TTG	0	0	73.5	53.70	19.80	Inf	Gln	104.8	high confidence set
C_Quinoa_Scaffold_2751	8	6058599	6058669	Gly	GCC	0	0	66.5	44.80	21.70	Inf	Gly	94.4	high confidence set
C_Quinoa_Scaffold_2751	11	6558801	6558872	Gln	CTG	0	0	74.6	50.10	24.50	Inf	Gln	102.4	high confidence set
C_Quinoa_Scaffold_2751	12	6571254	6571325	Gln	CTG	0	0	74.6	50.10	24.50	Inf	Gln	102.4	high confidence set
C_Quinoa_Scaffold_2751	13	6956262	6956334	Ala	CGC	0	0	65.5	44.30	21.20	Inf	Ala	93.8	high confidence set
C_Quinoa_Scaffold_2751	14	7846518	7846447	Asn	GTT	0	0	79.0	56.70	22.30	Inf	Asn	79.2	high confidence set
C_Quinoa_Scaffold_2751	15	5973770	5973699	Thr	TGT	0	0	84.3	58.00	26.30	Inf	Thr	93.3	high confidence set
C_Quinoa_Scaffold_2751	17	4750126	4750045	Ser	GCT	0	0	80.5	45.20	35.30	Inf	Ser	109.5	high confidence set
C_Quinoa_Scaffold_2751	19	2716985	2716912	Val	AAC	0	0	75.2	45.70	29.50	Inf	Val	103.0	high confidence set
C_Quinoa_Scaffold_2771	3	167715	167644	Trp	CCA	0	0	75.8	51.20	24.60	Inf	Trp	105.6	high confidence set
C_Quinoa_Scaffold_2773	2	1289909	1289980	Lys	TTT	0	0	82.9	68.40	14.50	Inf	Lys	89.9	high confidence set
C_Quinoa_Scaffold_2773	17	1312842	1312762	Leu	AAG	0	0	69.6	51.60	18.00	Inf	Leu	102.2	high confidence set
C_Quinoa_Scaffold_2775	13	5055147	5055076	Asn	GTT	0	0	73.0	51.00	22.00	Inf	Asn	71.7	high confidence set
C_Quinoa_Scaffold_2816	1	249016	249088	Phe	GAA	0	0	78.3	58.40	19.90	Inf	Phe	113.2	high confidence set
C_Quinoa_Scaffold_2816	2	269862	269934	Phe	GAA	0	0	78.3	58.40	19.90	Inf	Phe	113.2	high confidence set
C_Quinoa_Scaffold_2837	1	752021	752092	Thr	TGT	0	0	79.3	49.30	30.00	Inf	Thr	92.3	high confidence set
C_Quinoa_Scaffold_2837	4	2434816	2434896	Leu	AAG	0	0	74.0	52.20	21.80	Inf	Leu	110.4	high confidence set
C_Quinoa_Scaffold_2837	5	1980988	1980907	Ser	GCT	0	0	70.8	43.70	27.10	Inf	Ser	94.8	high confidence set
C_Quinoa_Scaffold_2858	1	1535915	1535988	Ile	AAT	0	0	82.1	55.40	26.70	Inf	Ile	103.8	high confidence set
C_Quinoa_Scaffold_2858	2	1652635	1652706	Lys	TTT	0	0	92.3	68.60	23.70	Inf	Lys	97.5	high confidence set
C_Quinoa_Scaffold_2858	3	1020664	1020583	Ser	GCT	0	0	69.1	41.80	27.30	Inf	Ser	90.3	high confidence set
C_Quinoa_Scaffold_2862	1	1767273	1767358	Tyr	GTA	1767310	1767322	69.7	38.00	31.70	Inf	Tyr	105.2	high confidence set
C_Quinoa_Scaffold_2862	2	1767433	1767518	Tyr	GTA	1767470	1767482	56.3	34.00	22.30	Inf	Tyr	89.6	high confidence set
C_Quinoa_Scaffold_2862	3	1769771	1769858	Tyr	GTA	1769808	1769822	74.4	42.90	31.50	Inf	Tyr	111.8	high confidence set
C_Quinoa_Scaffold_2862	4	1772435	1772508	Val	AAC	0	0	72.9	48.60	24.30	Inf	Val	93.8	high confidence set
C_Quinoa_Scaffold_2862	6	1774783	1774870	Tyr	GTA	1774820	1774834	74.4	42.90	31.50	Inf	Tyr	111.8	high confidence set
C_Quinoa_Scaffold_2862	7	1782627	1782712	Tyr	GTA	1782664	1782676	69.7	38.00	31.70	Inf	Tyr	105.2	high confidence set
C_Quinoa_Scaffold_2862	8	1782793	1782878	Tyr	GTA	1782830	1782842	69.7	38.00	31.70	Inf	Tyr	105.2	high confidence set
C_Quinoa_Scaffold_2862	9	2727626	2727554	Ala	AGC	0	0	63.4	38.20	25.20	Inf	Ala	98.3	high confidence set
C_Quinoa_Scaffold_2862	11	1779885	1779812	Thr	AGT	0	0	76.0	48.40	27.60	Inf	Thr	90.6	high confidence set
C_Quinoa_Scaffold_2862	12	1769996	1769923	Thr	AGT	0	0	76.0	48.40	27.60	Inf	Thr	90.6	high confidence set
C_Quinoa_Scaffold_2876	7	808043	807972	iMet	CAT	0	0	58.3	28.10	30.20	Inf	iMet	118.7	high confidence set
C_Quinoa_Scaffold_2876	8	458762	458691	Asp	GTC	0	0	69.8	46.80	23.00	Inf	Asp	94.5	high confidence set
C_Quinoa_Scaffold_2888	3	3336773	3336853	Leu	CAG	0	0	69.5	46.80	22.70	Inf	Leu	109.7	high confidence set
C_Quinoa_Scaffold_2888	6	5695949	5696021	Ala	AGC	0	0	63.4	38.20	25.20	Inf	Ala	98.3	high confidence set
C_Quinoa_Scaffold_2888	7	5714325	5714397	Ala	AGC	0	0	63.4	38.20	25.20	Inf	Ala	98.3	high confidence set
C_Quinoa_Scaffold_2889	3	3061688	3061760	Glu	CTC	0	0	78.9	53.10	25.80	Inf	Glu	94.8	high confidence set
C_Quinoa_Scaffold_2924	1	166625	166706	Ser	GCT	0	0	80.5	45.20	35.30	Inf	Ser	109.5	high confidence set
C_Quinoa_Scaffold_2924	4	752204	752286	Leu	TAA	0	0	77.8	41.30	36.50	Inf	Leu	103.3	high confidence set
C_Quinoa_Scaffold_2924	5	761150	761232	Leu	TAA	0	0	76.7	40.80	35.90	Inf	Leu	103.0	high confidence set
C_Quinoa_Scaffold_2933	1	534375	534462	Met	CAT	534413	534426	64.1	40.70	23.40	Inf	Met	104.0	high confidence set
C_Quinoa_Scaffold_2933	2	1083089	1083160	iMet	CAT	0	0	58.3	28.10	30.20	Inf	iMet	118.7	high confidence set
C_Quinoa_Scaffold_2939	3	997948	998029	Ser	AGA	0	0	79.4	43.10	36.30	Inf	Ser	115.0	high confidence set
C_Quinoa_Scaffold_2939	4	1161332	1161415	Leu	CAA	0	0	79.5	54.50	25.00	Inf	Leu	126.8	high confidence set
C_Quinoa_Scaffold_2939	5	1225033	1225105	Phe	GAA	0	0	78.3	58.40	19.90	Inf	Phe	113.2	high confidence set
C_Quinoa_Scaffold_2939	7	2168844	2168915	Glu	TTC	0	0	71.2	46.50	24.70	Inf	Glu	101.9	high confidence set
C_Quinoa_Scaffold_2939	13	1062612	1062541	Asp	GTC	0	0	69.8	46.80	23.00	Inf	Asp	94.5	high confidence set
C_Quinoa_Scaffold_2939	15	609837	609765	Ala	TGC	0	0	70.0	45.30	24.70	Inf	Ala	100.6	high confidence set
C_Quinoa_Scaffold_2939	16	113864	113780	Met	CAT	113826	113816	61.4	41.20	20.20	Inf	Met	100.5	high confidence set
C_Quinoa_Scaffold_2939	17	64930	64858	Ala	AGC	0	0	63.4	38.20	25.20	Inf	Ala	98.3	high confidence set
C_Quinoa_Scaffold_2947	1	1667101	1667172	Asp	GTC	0	0	69.8	46.80	23.00	Inf	Asp	94.5	high confidence set
C_Quinoa_Scaffold_2947	2	1712485	1712557	Val	TAC	0	0	71.0	42.70	28.30	Inf	Val	100.6	high confidence set
C_Quinoa_Scaffold_2947	5	1799637	1799708	Asp	GTC	0	0	65.2	45.30	19.90	Inf	Asp	89.6	high confidence set
C_Quinoa_Scaffold_2947	7	2012892	2012963	Asp	GTC	0	0	69.8	46.80	23.00	Inf	Asp	94.5	high confidence set
C_Quinoa_Scaffold_2947	8	2037769	2037840	Asp	GTC	0	0	69.8	46.80	23.00	Inf	Asp	94.5	high confidence set
C_Quinoa_Scaffold_2947	9	2041611	2041682	Asp	GTC	0	0	69.8	46.80	23.00	Inf	Asp	94.5	high confidence set
C_Quinoa_Scaffold_2947	10	2062257	2062328	Asp	GTC	0	0	69.8	46.80	23.00	Inf	Asp	94.5	high confidence set
C_Quinoa_Scaffold_2947	12	2364760	2364846	Met	CAT	2364798	2364810	64.2	40.70	23.50	Inf	Met	104.0	high confidence set
C_Quinoa_Scaffold_2947	13	2429044	2429115	Gln	CTG	0	0	74.6	50.10	24.50	Inf	Gln	102.4	high confidence set
C_Quinoa_Scaffold_2947	14	2430264	2430335	Gln	CTG	0	0	72.2	47.60	24.60	Inf	Gln	102.6	high confidence set
C_Quinoa_Scaffold_2947	15	2430418	2430489	Gln	CTG	0	0	72.2	47.60	24.60	Inf	Gln	102.6	high confidence set
C_Quinoa_Scaffold_2947	16	2984340	2984412	Val	TAC	0	0	78.2	43.80	34.40	Inf	Val	106.2	high confidence set
C_Quinoa_Scaffold_2947	17	3193907	3193979	Phe	GAA	0	0	78.3	58.40	19.90	Inf	Phe	113.2	high confidence set
C_Quinoa_Scaffold_2947	18	3320229	3320299	Gly	GCC	0	0	66.5	44.80	21.70	Inf	Gly	94.4	high confidence set
C_Quinoa_Scaffold_2947	19	4950172	4950100	Glu	CTC	0	0	78.9	53.10	25.80	Inf	Glu	94.8	high confidence set
C_Quinoa_Scaffold_2947	21	2083790	2083719	iMet	CAT	0	0	58.3	28.10	30.20	Inf	iMet	118.7	high confidence set
C_Quinoa_Scaffold_2957	1	143523	143609	Ser	GGA	0	0	62.1	32.30	29.80	Inf	Ser	81.3	unexpected anticodon
C_Quinoa_Scaffold_2957	2	145039	144967	Thr	TGT	0	0	68.5	49.60	18.90	Inf	Thr	79.4	high confidence set
C_Quinoa_Scaffold_2963	5	2745581	2745654	Val	AAC	0	0	58.1	38.10	20.00	Inf	Val	86.8	high confidence set
C_Quinoa_Scaffold_2963	6	2746702	2746775	Val	AAC	0	0	75.8	46.30	29.50	Inf	Val	103.3	high confidence set
C_Quinoa_Scaffold_2963	7	2746857	2746930	Val	AAC	0	0	75.2	45.70	29.50	Inf	Val	103.0	high confidence set
C_Quinoa_Scaffold_2963	8	2688072	2688001	iMet	CAT	0	0	58.3	28.10	30.20	Inf	iMet	118.7	high confidence set
C_Quinoa_Scaffold_2963	9	2279797	2279725	Ala	TGC	0	0	70.0	45.30	24.70	Inf	Ala	100.6	high confidence set
C_Quinoa_Scaffold_2963	10	2275343	2275271	Ala	TGC	0	0	70.0	45.30	24.70	Inf	Ala	100.6	high confidence set
C_Quinoa_Scaffold_2963	12	1734361	1734278	Leu	CAA	0	0	78.6	55.60	23.00	Inf	Leu	123.0	high confidence set
C_Quinoa_Scaffold_3035	5	3620872	3620945	Asn	GTT	0	0	82.3	57.10	25.20	Inf	Asn	92.8	high confidence set
C_Quinoa_Scaffold_3035	11	8971433	8971516	Tyr	GTA	0	0	54.6	30.50	24.10	Inf	Tyr	72.5	high confidence set
C_Quinoa_Scaffold_3035	14	8977056	8977139	Tyr	GTA	0	0	54.6	30.50	24.10	Inf	Tyr	72.5	high confidence set
C_Quinoa_Scaffold_3035	17	8982684	8982767	Tyr	GTA	0	0	54.6	30.50	24.10	Inf	Tyr	72.5	high confidence set
C_Quinoa_Scaffold_3035	22	8982053	8981982	Thr	GGT	0	0	57.6	28.60	29.00	Inf	Thr	70.0	unexpected anticodon
C_Quinoa_Scaffold_3035	23	8976425	8976354	Thr	GGT	0	0	58.2	29.20	29.00	Inf	Thr	73.0	unexpected anticodon
C_Quinoa_Scaffold_3035	24	8970802	8970731	Thr	GGT	0	0	57.6	28.60	29.00	Inf	Thr	70.0	unexpected anticodon
C_Quinoa_Scaffold_3035	33	1622469	1622388	Ser	AGA	0	0	79.4	43.10	36.30	Inf	Ser	115.0	high confidence set
C_Quinoa_Scaffold_3036	3	1572086	1572158	Glu	CTC	0	0	78.9	53.10	25.80	Inf	Glu	99.2	high confidence set
C_Quinoa_Scaffold_3036	4	1574590	1574662	Glu	CTC	0	0	58.6	37.50	21.10	Inf	Glu	74.5	high confidence set
C_Quinoa_Scaffold_3080	14	611758	611687	iMet	CAT	0	0	51.0	20.90	30.10	Inf	iMet	107.4	high confidence set
C_Quinoa_Scaffold_3086	1	720194	720267	Val	AAC	0	0	75.8	46.30	29.50	Inf	Val	103.3	high confidence set
C_Quinoa_Scaffold_3086	4	2435898	2435984	Ser	GGA	0	0	62.1	32.30	29.80	Inf	Ser	81.3	unexpected anticodon
C_Quinoa_Scaffold_3086	6	2440700	2440772	Ala	CGC	0	0	68.3	44.10	24.20	Inf	Ala	99.2	high confidence set
C_Quinoa_Scaffold_3086	7	2832421	2832492	Glu	TTC	0	0	71.2	46.50	24.70	Inf	Glu	101.9	high confidence set
C_Quinoa_Scaffold_3086	8	2834546	2834617	Glu	TTC	0	0	71.2	46.50	24.70	Inf	Glu	101.9	high confidence set
C_Quinoa_Scaffold_3086	9	2437434	2437362	Thr	TGT	0	0	68.5	49.60	18.90	Inf	Thr	79.4	high confidence set
C_Quinoa_Scaffold_3097	6	1276720	1276649	Pro	TGG	0	0	68.5	35.70	32.80	Inf	Pro	111.2	high confidence set
C_Quinoa_Scaffold_3107	1	2511293	2511366	Val	AAC	0	0	75.8	46.30	29.50	Inf	Val	103.3	high confidence set
C_Quinoa_Scaffold_3107	2	2511459	2511532	Val	AAC	0	0	75.2	45.70	29.50	Inf	Val	103.0	high confidence set
C_Quinoa_Scaffold_3107	4	2707513	2707441	Arg	ACG	0	0	72.9	50.30	22.60	Inf	Arg	91.8	high confidence set
C_Quinoa_Scaffold_3107	5	1548137	1548054	Leu	CAA	0	0	81.6	58.10	23.50	Inf	Leu	123.8	high confidence set
C_Quinoa_Scaffold_3107	7	840909	840828	Ser	GCT	0	0	79.0	43.10	35.90	Inf	Ser	108.6	high confidence set
C_Quinoa_Scaffold_3107	8	817150	817069	Ser	GCT	0	0	79.0	43.10	35.90	Inf	Ser	108.6	high confidence set
C_Quinoa_Scaffold_3144	1	109849	109921	Arg	ACG	0	0	72.5	49.90	22.60	Inf	Arg	93.8	high confidence set
C_Quinoa_Scaffold_3163	6	3488695	3488767	Arg	CCT	0	0	73.8	54.30	19.50	Inf	Arg	86.0	high confidence set
C_Quinoa_Scaffold_3202	1	20426	20498	Phe	GAA	0	0	75.8	58.90	16.90	Inf	Phe	107.6	high confidence set
C_Quinoa_Scaffold_3237	1	27547	27474	Ile	AAT	0	0	85.3	57.90	27.40	Inf	Ile	112.3	high confidence set
C_Quinoa_Scaffold_3237	2	27391	27318	Ile	AAT	0	0	85.3	57.90	27.40	Inf	Ile	112.3	high confidence set
C_Quinoa_Scaffold_3256	2	415218	415289	Cys	GCA	0	0	77.2	57.10	20.10	Inf	Cys	98.4	high confidence set
C_Quinoa_Scaffold_3256	3	602868	602938	Gly	GCC	0	0	66.5	44.80	21.70	Inf	Gly	94.4	high confidence set
C_Quinoa_Scaffold_3256	4	1342261	1342340	Leu	TAG	0	0	60.3	39.70	20.60	Inf	Leu	103.0	high confidence set
C_Quinoa_Scaffold_3256	5	2619457	2619530	Ile	AAT	0	0	82.1	55.40	26.70	Inf	Ile	103.8	high confidence set
C_Quinoa_Scaffold_3256	6	2887925	2887996	Cys	GCA	0	0	82.1	59.90	22.20	Inf	Cys	106.6	high confidence set
C_Quinoa_Scaffold_3256	9	2869910	2869818	Tyr	GTA	2869873	2869854	69.5	37.80	31.70	Inf	Tyr	105.2	high confidence set
C_Quinoa_Scaffold_3256	10	1596645	1596564	Ser	TGA	0	0	80.7	46.10	34.60	Inf	Ser	119.7	high confidence set
C_Quinoa_Scaffold_3297	3	1075805	1075734	Pro	TGG	0	0	68.5	35.70	32.80	Inf	Pro	111.2	high confidence set
C_Quinoa_Scaffold_3298	18	6863197	6863269	Glu	CTC	0	0	78.9	53.10	25.80	Inf	Glu	94.8	high confidence set
C_Quinoa_Scaffold_3298	19	7198785	7198854	Gly	GCC	0	0	50.8	34.90	15.90	Inf	Gly	77.2	high confidence set
C_Quinoa_Scaffold_3298	20	7211735	7211805	Gly	GCC	0	0	66.5	44.80	21.70	Inf	Gly	94.4	high confidence set
C_Quinoa_Scaffold_3298	22	5431141	5431069	Ala	TGC	0	0	55.9	36.30	19.60	Inf	Ala	81.0	high confidence set
C_Quinoa_Scaffold_3331	1	18410	18338	Arg	ACG	0	0	72.5	49.90	22.60	Inf	Arg	93.8	high confidence set
C_Quinoa_Scaffold_3333	1	394755	394827	Arg	ACG	0	0	72.9	50.30	22.60	Inf	Arg	91.8	high confidence set
C_Quinoa_Scaffold_3333	5	1559062	1559135	Ile	AAT	0	0	85.3	57.90	27.40	Inf	Ile	112.3	high confidence set
C_Quinoa_Scaffold_3333	7	3317334	3317405	His	GTG	0	0	63.0	33.70	29.30	Inf	His	91.2	high confidence set
C_Quinoa_Scaffold_3333	8	3718000	3718073	Arg	TCG	0	0	82.3	61.00	21.30	Inf	Arg	91.9	high confidence set
C_Quinoa_Scaffold_3333	9	3933493	3933564	Trp	CCA	0	0	75.1	50.10	25.00	Inf	Trp	105.0	high confidence set
C_Quinoa_Scaffold_3333	10	3934891	3934978	Tyr	GTA	3934928	3934942	69.6	38.00	31.60	Inf	Tyr	105.2	high confidence set
C_Quinoa_Scaffold_3333	12	4251560	4251633	Arg	TCG	0	0	82.3	61.00	21.30	Inf	Arg	91.9	high confidence set
C_Quinoa_Scaffold_3333	14	5199391	5199310	Ser	CGA	0	0	80.5	45.60	34.90	Inf	Ser	121.1	high confidence set
C_Quinoa_Scaffold_3333	15	4928072	4927999	Thr	AGT	0	0	76.0	48.40	27.60	Inf	Thr	90.6	high confidence set
C_Quinoa_Scaffold_3333	16	4198416	4198329	Tyr	GTA	4198379	4198365	69.6	38.00	31.60	Inf	Tyr	105.2	high confidence set
C_Quinoa_Scaffold_3333	17	3747719	3747648	Asp	GTC	0	0	69.8	46.80	23.00	Inf	Asp	94.5	high confidence set
C_Quinoa_Scaffold_3333	18	3738743	3738672	Asp	GTC	0	0	69.8	46.80	23.00	Inf	Asp	94.5	high confidence set
C_Quinoa_Scaffold_3333	19	3548588	3548505	Leu	CAA	0	0	79.5	54.50	25.00	Inf	Leu	126.8	high confidence set
C_Quinoa_Scaffold_3333	20	3548405	3548322	Leu	CAA	0	0	79.5	54.90	24.60	Inf	Leu	125.7	high confidence set
C_Quinoa_Scaffold_3333	21	1934118	1934031	Met	CAT	1934080	1934067	64.1	40.70	23.40	Inf	Met	104.0	high confidence set
C_Quinoa_Scaffold_3333	22	1933950	1933866	Met	CAT	1933912	1933902	64.3	40.80	23.50	Inf	Met	104.0	high confidence set
C_Quinoa_Scaffold_3333	25	1174771	1174698	Ile	AAT	0	0	85.3	57.90	27.40	Inf	Ile	112.3	high confidence set
C_Quinoa_Scaffold_3333	26	1174618	1174545	Ile	AAT	0	0	82.3	58.00	24.30	Inf	Ile	107.8	high confidence set
C_Quinoa_Scaffold_3333	29	574473	574401	Glu	CTC	0	0	78.9	53.10	25.80	Inf	Glu	94.8	high confidence set
C_Quinoa_Scaffold_3333	30	515083	515012	Gln	CTG	0	0	72.2	47.60	24.60	Inf	Gln	102.6	high confidence set
C_Quinoa_Scaffold_3356	1	669298	669368	Gly	GCC	0	0	66.5	44.80	21.70	Inf	Gly	94.4	high confidence set
C_Quinoa_Scaffold_3356	5	676761	676831	Gly	GCC	0	0	66.5	44.80	21.70	Inf	Gly	94.4	high confidence set
C_Quinoa_Scaffold_3378	2	719777	719849	Lys	CTT	0	0	87.7	67.60	20.10	Inf	Lys	106.7	high confidence set
C_Quinoa_Scaffold_3378	3	719977	720049	Lys	CTT	0	0	68.5	57.70	10.80	Inf	Lys	83.0	high confidence set
C_Quinoa_Scaffold_3378	4	725066	725138	Lys	CTT	0	0	87.7	67.60	20.10	Inf	Lys	106.7	high confidence set
C_Quinoa_Scaffold_3378	7	2216766	2216839	Ile	AAT	0	0	85.3	57.90	27.40	Inf	Ile	112.3	high confidence set
C_Quinoa_Scaffold_3378	8	2364000	2364071	Gly	TCC	0	0	73.9	46.20	27.70	Inf	Gly	85.6	high confidence set
C_Quinoa_Scaffold_3378	9	2370011	2370082	Gly	TCC	0	0	73.9	46.20	27.70	Inf	Gly	85.6	high confidence set
C_Quinoa_Scaffold_3378	10	2363426	2363354	Lys	CTT	0	0	87.7	67.60	20.10	Inf	Lys	106.7	high confidence set
C_Quinoa_Scaffold_3378	12	2358987	2358906	Ser	CGA	0	0	78.3	45.60	32.70	Inf	Ser	119.1	high confidence set
C_Quinoa_Scaffold_3378	13	1744276	1744203	Asn	GTT	0	0	83.3	58.10	25.20	Inf	Asn	93.9	high confidence set
C_Quinoa_Scaffold_3389	4	1746187	1746269	Leu	TAA	0	0	77.8	41.30	36.50	Inf	Leu	103.3	high confidence set
C_Quinoa_Scaffold_3389	6	2224171	2224243	Arg	TCT	0	0	70.6	50.50	20.10	Inf	Arg	100.1	high confidence set
C_Quinoa_Scaffold_3389	18	6828761	6828678	Tyr	GTA	0	0	54.6	30.50	24.10	Inf	Tyr	72.5	high confidence set
C_Quinoa_Scaffold_3389	23	2809564	2809493	Asp	GTC	0	0	69.8	46.80	23.00	Inf	Asp	94.5	high confidence set
C_Quinoa_Scaffold_3389	24	2271579	2271508	Asp	GTC	0	0	69.8	46.80	23.00	Inf	Asp	94.5	high confidence set
C_Quinoa_Scaffold_3389	25	1450956	1450877	Leu	AAG	0	0	55.6	39.20	16.40	Inf	Leu	78.3	high confidence set
C_Quinoa_Scaffold_3416	12	697035	696962	Asn	GTT	0	0	83.3	58.10	25.20	Inf	Asn	93.9	high confidence set
C_Quinoa_Scaffold_3422	2	3569272	3569344	Ala	AGC	0	0	63.4	38.20	25.20	Inf	Ala	98.3	high confidence set
C_Quinoa_Scaffold_3422	4	4593658	4593731	Ile	AAT	0	0	86.5	60.00	26.50	Inf	Ile	111.0	high confidence set
C_Quinoa_Scaffold_3422	5	6249505	6249434	Thr	CGT	0	0	74.5	56.60	17.90	Inf	Thr	84.5	high confidence set
C_Quinoa_Scaffold_3422	6	6116914	6116842	Lys	CTT	0	0	87.7	67.60	20.10	Inf	Lys	106.7	high confidence set
C_Quinoa_Scaffold_3422	7	6076427	6076355	Lys	CTT	0	0	87.7	67.60	20.10	Inf	Lys	106.7	high confidence set
C_Quinoa_Scaffold_3422	8	4164814	4164743	Glu	TTC	0	0	66.5	45.30	21.20	Inf	Glu	94.6	high confidence set
C_Quinoa_Scaffold_3422	9	4135505	4135425	Leu	CAG	0	0	70.3	48.00	22.30	Inf	Leu	111.6	high confidence set
C_Quinoa_Scaffold_3422	11	3525422	3525351	His	GTG	0	0	63.0	33.70	29.30	Inf	His	86.8	high confidence set
C_Quinoa_Scaffold_3422	12	1741699	1741620	Leu	TAG	0	0	70.9	50.70	20.20	Inf	Leu	109.5	high confidence set
C_Quinoa_Scaffold_3422	14	1295709	1295637	Arg	TCT	0	0	70.0	49.90	20.10	Inf	Arg	100.1	high confidence set
C_Quinoa_Scaffold_3422	15	1282854	1282782	Arg	TCT	0	0	70.0	49.90	20.10	Inf	Arg	100.1	high confidence set
C_Quinoa_Scaffold_3422	16	797673	797592	Ser	GCT	0	0	80.5	45.20	35.30	Inf	Ser	109.5	high confidence set
C_Quinoa_Scaffold_3422	17	794939	794858	Ser	GCT	0	0	59.7	36.10	23.60	Inf	Ser	84.5	high confidence set
C_Quinoa_Scaffold_3422	18	611795	611724	Pro	AGG	0	0	67.4	34.70	32.70	Inf	Pro	112.3	high confidence set
C_Quinoa_Scaffold_3422	19	611647	611576	Pro	TGG	0	0	68.5	35.70	32.80	Inf	Pro	111.2	high confidence set
C_Quinoa_Scaffold_3429	4	2738084	2738155	Trp	CCA	0	0	75.8	51.20	24.60	Inf	Trp	105.6	high confidence set
C_Quinoa_Scaffold_3429	5	2870944	2871015	Pro	TGG	0	0	68.5	35.70	32.80	Inf	Pro	111.2	high confidence set
C_Quinoa_Scaffold_3429	7	4278388	4278461	Val	AAC	0	0	75.2	45.70	29.50	Inf	Val	103.0	high confidence set
C_Quinoa_Scaffold_3429	8	4278656	4278729	Val	AAC	0	0	75.8	46.30	29.50	Inf	Val	103.3	high confidence set
C_Quinoa_Scaffold_3429	9	4279220	4279308	Tyr	GTA	4279258	4279272	57.4	46.40	11.00	Inf	Tyr	77.0	high confidence set
C_Quinoa_Scaffold_3429	10	6255399	6255483	Met	CAT	6255437	6255447	64.3	40.80	23.50	Inf	Met	104.0	high confidence set
C_Quinoa_Scaffold_3429	11	7039415	7039486	Glu	TTC	0	0	71.2	46.50	24.70	Inf	Glu	101.9	high confidence set
C_Quinoa_Scaffold_3429	13	7283726	7283799	Asn	GTT	0	0	83.3	58.10	25.20	Inf	Asn	93.9	high confidence set
C_Quinoa_Scaffold_3429	17	4254913	4254840	Val	AAC	0	0	75.2	45.70	29.50	Inf	Val	103.0	high confidence set
C_Quinoa_Scaffold_3429	18	4254645	4254572	Val	AAC	0	0	75.8	46.30	29.50	Inf	Val	103.3	high confidence set
C_Quinoa_Scaffold_3429	19	4254081	4253993	Tyr	GTA	4254043	4254029	57.4	46.40	11.00	Inf	Tyr	77.0	high confidence set
C_Quinoa_Scaffold_3429	21	3276144	3276072	Arg	ACG	0	0	73.2	50.90	22.30	Inf	Arg	94.3	high confidence set
C_Quinoa_Scaffold_3429	22	2747109	2747023	Tyr	GTA	2747072	2747059	74.4	42.90	31.50	Inf	Tyr	110.5	high confidence set
C_Quinoa_Scaffold_3429	23	1958184	1958114	Gly	GCC	0	0	66.5	44.80	21.70	Inf	Gly	94.4	high confidence set
C_Quinoa_Scaffold_3452	1	573195	573123	Ala	AGC	0	0	63.4	38.20	25.20	Inf	Ala	98.3	high confidence set
C_Quinoa_Scaffold_3458	4	874115	874195	Leu	CAG	0	0	69.5	46.80	22.70	Inf	Leu	109.7	high confidence set
C_Quinoa_Scaffold_3458	5	3173007	3173079	Ala	AGC	0	0	59.6	37.50	22.10	Inf	Ala	96.4	high confidence set
C_Quinoa_Scaffold_3458	6	3449540	3449612	Phe	GAA	0	0	78.3	58.40	19.90	Inf	Phe	113.2	high confidence set
C_Quinoa_Scaffold_3458	7	3453305	3453372	Phe	GAA	0	0	58.0	37.20	20.80	Inf	Phe	85.3	high confidence set
C_Quinoa_Scaffold_3458	8	3665207	3665136	Thr	TGT	0	0	79.3	49.30	30.00	Inf	Thr	92.3	high confidence set
C_Quinoa_Scaffold_3489	5	2838617	2838545	Lys	CTT	0	0	87.7	67.60	20.10	Inf	Lys	106.7	high confidence set
C_Quinoa_Scaffold_3489	7	169402	169330	Ala	CGC	0	0	68.3	44.10	24.20	Inf	Ala	99.2	high confidence set
C_Quinoa_Scaffold_3498	4	301438	301367	Asp	GTC	0	0	69.8	46.80	23.00	Inf	Asp	94.5	high confidence set
C_Quinoa_Scaffold_3514	1	13894	13966	Glu	CTC	0	0	78.9	53.10	25.80	Inf	Glu	99.2	high confidence set
C_Quinoa_Scaffold_3514	2	16416	16488	Glu	CTC	0	0	58.6	37.50	21.10	Inf	Glu	74.5	high confidence set
C_Quinoa_Scaffold_3514	4	1749449	1749522	Arg	TCG	0	0	82.3	61.00	21.30	Inf	Arg	91.9	high confidence set
C_Quinoa_Scaffold_3514	5	1974339	1974410	Trp	CCA	0	0	75.1	50.10	25.00	Inf	Trp	105.0	high confidence set
C_Quinoa_Scaffold_3514	6	1975773	1975860	Tyr	GTA	1975810	1975824	69.6	38.00	31.60	Inf	Tyr	105.2	high confidence set
C_Quinoa_Scaffold_3514	7	2214151	2214224	Arg	TCG	0	0	82.3	61.00	21.30	Inf	Arg	91.9	high confidence set
C_Quinoa_Scaffold_3514	8	3545970	3546051	Ser	TGA	0	0	82.9	48.20	34.70	Inf	Ser	121.4	high confidence set
C_Quinoa_Scaffold_3514	9	2978820	2978739	Ser	CGA	0	0	78.9	46.60	32.30	Inf	Ser	122.0	high confidence set
C_Quinoa_Scaffold_3514	10	2738904	2738831	Thr	AGT	0	0	76.0	48.40	27.60	Inf	Thr	90.6	high confidence set
C_Quinoa_Scaffold_3514	11	2388935	2388864	Trp	CCA	0	0	75.1	50.10	25.00	Inf	Trp	105.0	high confidence set
C_Quinoa_Scaffold_3514	12	2161602	2161516	Tyr	GTA	2161565	2161552	69.7	38.00	31.70	Inf	Tyr	105.2	high confidence set
C_Quinoa_Scaffold_3514	13	1771639	1771568	Asp	GTC	0	0	69.8	46.80	23.00	Inf	Asp	94.5	high confidence set
C_Quinoa_Scaffold_3514	14	1770168	1770097	Asp	GTC	0	0	69.8	46.80	23.00	Inf	Asp	94.5	high confidence set
C_Quinoa_Scaffold_3514	16	1523738	1523655	Leu	CAA	0	0	74.2	52.00	22.20	Inf	Leu	116.1	high confidence set
C_Quinoa_Scaffold_3514	17	1523535	1523452	Leu	CAA	0	0	78.6	55.60	23.00	Inf	Leu	123.0	high confidence set
C_Quinoa_Scaffold_3514	18	1378202	1378131	His	GTG	0	0	63.0	33.70	29.30	Inf	His	91.2	high confidence set
C_Quinoa_Scaffold_3525	2	6213	6284	Asn	GTT	0	0	75.1	52.10	23.00	Inf	Asn	81.9	high confidence set
C_Quinoa_Scaffold_3525	3	7099	7181	Tyr	GTA	0	0	66.6	45.60	21.00	Inf	Ser	71.5	IPD:-3.00,isotype mismatch
C_Quinoa_Scaffold_3525	10	196170	196241	Asn	GTT	0	0	75.1	52.10	23.00	Inf	Asn	81.9	high confidence set
C_Quinoa_Scaffold_3525	11	197056	197138	Tyr	GTA	0	0	66.6	45.60	21.00	Inf	Ser	71.5	IPD:-3.00,isotype mismatch
C_Quinoa_Scaffold_3525	12	229542	229628	Ser	GGA	0	0	64.5	34.70	29.80	Inf	Ser	89.7	unexpected anticodon
C_Quinoa_Scaffold_3525	13	235542	235615	Trp	CCA	0	0	69.6	40.40	29.20	Inf	Thr	71.4	IPD:-17.20,isotype mismatch
C_Quinoa_Scaffold_3525	17	282505	282431	Pro	TGG	0	0	62.8	32.80	30.00	Inf	Trp	73.3	IPD:-42.40,isotype mismatch
C_Quinoa_Scaffold_3525	21	165414	165342	Lys	TTT	0	0	80.3	61.50	18.80	Inf	Lys	78.3	high confidence set
C_Quinoa_Scaffold_3541	2	651958	651879	Leu	TAG	0	0	69.5	48.50	21.00	Inf	Leu	111.5	high confidence set
C_Quinoa_Scaffold_3541	3	231982	231911	iMet	CAT	0	0	58.3	28.10	30.20	Inf	iMet	118.7	high confidence set
C_Quinoa_Scaffold_3576	1	796945	796874	Asp	GTC	0	0	69.8	46.80	23.00	Inf	Asp	94.5	high confidence set
C_Quinoa_Scaffold_3580	1	125245	125318	Arg	TCG	0	0	83.2	61.60	21.60	Inf	Arg	91.9	high confidence set
C_Quinoa_Scaffold_3580	2	16042	15970	Glu	CTC	0	0	78.9	53.10	25.80	Inf	Glu	94.8	high confidence set
C_Quinoa_Scaffold_3586	2	1673532	1673461	Gln	TTG	0	0	64.1	44.20	19.90	Inf	Gln	96.9	high confidence set
C_Quinoa_Scaffold_3624	1	781689	781618	His	GTG	0	0	63.0	33.70	29.30	Inf	His	86.8	high confidence set
C_Quinoa_Scaffold_3624	2	635352	635279	Asn	GTT	0	0	83.7	58.60	25.10	Inf	Asn	90.4	high confidence set
C_Quinoa_Scaffold_3626	1	168959	169031	Arg	TCT	0	0	70.4	50.20	20.20	Inf	Arg	95.3	high confidence set
C_Quinoa_Scaffold_3626	5	489621	489550	Glu	TTC	0	0	71.2	46.50	24.70	Inf	Glu	101.9	high confidence set
C_Quinoa_Scaffold_3631	2	886674	886745	Pro	AGG	0	0	67.4	34.70	32.70	Inf	Pro	112.3	high confidence set
C_Quinoa_Scaffold_3639	1	37790	37861	Asp	GTC	0	0	69.8	46.80	23.00	Inf	Asp	94.5	high confidence set
C_Quinoa_Scaffold_3641	3	883923	883995	Arg	CCG	0	0	69.5	51.20	18.30	Inf	Arg	88.0	high confidence set
C_Quinoa_Scaffold_3641	4	902423	902495	Arg	CCG	0	0	65.4	48.80	16.60	Inf	Arg	88.9	high confidence set
C_Quinoa_Scaffold_3651	3	250916	250845	Asp	GTC	0	0	69.8	46.80	23.00	Inf	Asp	94.5	high confidence set
C_Quinoa_Scaffold_3670	2	138623	138710	Met	CAT	138661	138674	64.1	40.70	23.40	Inf	Met	104.0	high confidence set
C_Quinoa_Scaffold_3670	4	961859	961932	Ile	AAT	0	0	76.2	56.90	19.30	Inf	Ile	106.1	high confidence set
C_Quinoa_Scaffold_3670	5	976458	976531	Ile	AAT	0	0	85.3	57.90	27.40	Inf	Ile	112.3	high confidence set
C_Quinoa_Scaffold_3670	6	1538461	1538533	Glu	CTC	0	0	78.9	53.10	25.80	Inf	Glu	94.8	high confidence set
C_Quinoa_Scaffold_3670	7	1592103	1592174	Gln	CTG	0	0	72.2	47.60	24.60	Inf	Gln	102.6	high confidence set
C_Quinoa_Scaffold_3670	8	2470082	2470154	Glu	CTC	0	0	78.9	53.10	25.80	Inf	Glu	94.8	high confidence set
C_Quinoa_Scaffold_3670	9	2477769	2477840	Gly	TCC	0	0	73.9	46.20	27.70	Inf	Gly	85.6	high confidence set
C_Quinoa_Scaffold_3670	10	2481202	2481273	Gly	TCC	0	0	73.9	46.20	27.70	Inf	Gly	85.6	high confidence set
C_Quinoa_Scaffold_3670	11	2733041	2733124	Leu	CAA	0	0	71.9	46.90	25.00	Inf	Leu	115.5	high confidence set
C_Quinoa_Scaffold_3670	12	2817572	2817491	Ser	TGA	0	0	74.3	45.30	29.00	Inf	Ser	111.5	high confidence set
C_Quinoa_Scaffold_3670	13	2262659	2262588	Pro	CGG	0	0	64.8	40.10	24.70	Inf	Pro	111.5	high confidence set
C_Quinoa_Scaffold_3670	14	1727066	1726994	Arg	ACG	0	0	72.9	50.30	22.60	Inf	Arg	91.8	high confidence set
C_Quinoa_Scaffold_3670	15	625460	625390	Gly	GCC	0	0	66.5	44.80	21.70	Inf	Gly	94.4	high confidence set
C_Quinoa_Scaffold_3670	16	583030	582957	Ile	AAT	0	0	85.3	57.90	27.40	Inf	Ile	112.3	high confidence set
C_Quinoa_Scaffold_3674	2	653903	653974	Asp	GTC	0	0	69.8	46.80	23.00	Inf	Asp	94.5	high confidence set
C_Quinoa_Scaffold_3674	3	1469277	1469349	Phe	GAA	0	0	71.5	52.70	18.80	Inf	Phe	106.2	high confidence set
C_Quinoa_Scaffold_3674	6	3373190	3373262	Glu	CTC	0	0	78.9	53.10	25.80	Inf	Glu	99.2	high confidence set
C_Quinoa_Scaffold_3674	11	5816877	5816950	Ile	AAT	0	0	82.2	57.90	24.30	Inf	Ile	109.9	high confidence set
C_Quinoa_Scaffold_3674	12	5727087	5727015	Val	TAC	0	0	78.2	43.80	34.40	Inf	Val	106.2	high confidence set
C_Quinoa_Scaffold_3674	13	5052012	5051941	Gly	TCC	0	0	73.9	46.20	27.70	Inf	Gly	85.6	high confidence set
C_Quinoa_Scaffold_3674	14	4755607	4755526	Ser	GCT	0	0	80.5	45.20	35.30	Inf	Ser	109.5	high confidence set
C_Quinoa_Scaffold_3674	15	3291821	3291748	Arg	TCG	0	0	75.2	53.70	21.50	Inf	Arg	84.1	high confidence set
C_Quinoa_Scaffold_3674	16	2737263	2737191	Glu	CTC	0	0	78.9	53.10	25.80	Inf	Glu	94.8	high confidence set
C_Quinoa_Scaffold_3674	17	2510284	2510213	His	GTG	0	0	63.0	33.70	29.30	Inf	His	91.2	high confidence set
C_Quinoa_Scaffold_3674	21	1260171	1260098	Ile	AAT	0	0	85.3	57.90	27.40	Inf	Ile	112.3	high confidence set
C_Quinoa_Scaffold_3686	1	281580	281508	Arg	CCT	0	0	73.8	54.30	19.50	Inf	Arg	86.0	high confidence set
C_Quinoa_Scaffold_3686	2	258589	258517	Arg	CCT	0	0	73.8	54.30	19.50	Inf	Arg	86.0	high confidence set
C_Quinoa_Scaffold_3734	1	14119	14191	Arg	CCT	0	0	73.8	54.30	19.50	Inf	Arg	86.0	high confidence set
C_Quinoa_Scaffold_3784	1	1212280	1212352	Lys	CTT	0	0	87.7	67.60	20.10	Inf	Lys	106.7	high confidence set
C_Quinoa_Scaffold_3784	3	1645431	1645358	Thr	AGT	0	0	76.0	48.40	27.60	Inf	Thr	90.6	high confidence set
C_Quinoa_Scaffold_3784	4	1618998	1618914	Tyr	GTA	1618961	1618950	69.8	38.00	31.80	Inf	Tyr	105.2	high confidence set
C_Quinoa_Scaffold_3787	1	209282	209353	Asp	GTC	0	0	69.8	46.80	23.00	Inf	Asp	94.5	high confidence set
C_Quinoa_Scaffold_3787	2	283865	283937	Val	TAC	0	0	78.2	43.80	34.40	Inf	Val	106.2	high confidence set
C_Quinoa_Scaffold_3787	3	343515	343586	Asp	GTC	0	0	69.8	46.80	23.00	Inf	Asp	94.5	high confidence set
C_Quinoa_Scaffold_3787	5	364858	364929	Asp	GTC	0	0	69.8	46.80	23.00	Inf	Asp	94.5	high confidence set
C_Quinoa_Scaffold_3787	6	390455	390526	Asp	GTC	0	0	69.8	46.80	23.00	Inf	Asp	94.5	high confidence set
C_Quinoa_Scaffold_3787	7	391849	391920	Asp	GTC	0	0	69.8	46.80	23.00	Inf	Asp	94.5	high confidence set
C_Quinoa_Scaffold_3787	8	393096	393167	Asp	GTC	0	0	69.8	46.80	23.00	Inf	Asp	94.5	high confidence set
C_Quinoa_Scaffold_3787	9	854795	854866	Gln	CTG	0	0	59.4	40.60	18.80	Inf	Gln	86.3	high confidence set
C_Quinoa_Scaffold_3787	10	855779	855850	Gln	CTG	0	0	72.2	47.60	24.60	Inf	Gln	102.6	high confidence set
C_Quinoa_Scaffold_3787	11	855926	855997	Gln	CTG	0	0	72.2	47.60	24.60	Inf	Gln	102.6	high confidence set
C_Quinoa_Scaffold_3787	13	1581359	1581431	Val	TAC	0	0	78.2	43.80	34.40	Inf	Val	106.2	high confidence set
C_Quinoa_Scaffold_3787	14	1836189	1836261	Phe	GAA	0	0	78.3	58.40	19.90	Inf	Phe	113.2	high confidence set
C_Quinoa_Scaffold_3787	15	1953315	1953385	Gly	GCC	0	0	66.5	44.80	21.70	Inf	Gly	94.4	high confidence set
C_Quinoa_Scaffold_3787	17	2684186	2684258	Arg	CCT	0	0	73.8	54.30	19.50	Inf	Arg	86.0	high confidence set
C_Quinoa_Scaffold_3787	20	417349	417278	iMet	CAT	0	0	58.3	28.10	30.20	Inf	iMet	118.7	high confidence set
C_Quinoa_Scaffold_3792	2	552874	552945	Lys	TTT	0	0	82.9	68.40	14.50	Inf	Lys	89.9	high confidence set
C_Quinoa_Scaffold_3792	5	2090240	2090311	Lys	TTT	0	0	81.7	67.20	14.50	Inf	Lys	90.7	high confidence set
C_Quinoa_Scaffold_3792	7	3379216	3379297	Ser	AGA	0	0	71.7	35.40	36.30	Inf	Ser	107.4	high confidence set
C_Quinoa_Scaffold_3799	1	517287	517360	Thr	AGT	0	0	78.9	51.30	27.60	Inf	Thr	92.7	high confidence set
C_Quinoa_Scaffold_3799	2	518529	518602	Thr	AGT	0	0	76.0	48.40	27.60	Inf	Thr	90.6	high confidence set
C_Quinoa_Scaffold_3799	3	536529	536602	Thr	AGT	0	0	76.0	48.40	27.60	Inf	Thr	90.6	high confidence set
C_Quinoa_Scaffold_3799	8	1735723	1735803	Leu	AAG	0	0	74.0	52.20	21.80	Inf	Leu	110.4	high confidence set
C_Quinoa_Scaffold_3799	9	2387496	2387567	Gly	TCC	0	0	73.9	46.20	27.70	Inf	Gly	85.6	high confidence set
C_Quinoa_Scaffold_3799	11	3500828	3500909	Ser	AGA	0	0	78.8	42.10	36.70	Inf	Ser	112.2	high confidence set
C_Quinoa_Scaffold_3799	17	3604453	3604381	Arg	CCT	0	0	73.8	54.30	19.50	Inf	Arg	86.0	high confidence set
C_Quinoa_Scaffold_3799	18	3604304	3604232	Arg	CCT	0	0	73.8	54.30	19.50	Inf	Arg	86.0	high confidence set
C_Quinoa_Scaffold_3799	19	1451069	1450997	Ala	AGC	0	0	63.4	38.20	25.20	Inf	Ala	98.3	high confidence set
C_Quinoa_Scaffold_3799	23	538972	538887	Tyr	GTA	538935	538923	69.7	38.00	31.70	Inf	Tyr	105.2	high confidence set
C_Quinoa_Scaffold_3799	24	538813	538728	Tyr	GTA	538776	538764	69.7	38.00	31.70	Inf	Tyr	105.2	high confidence set
C_Quinoa_Scaffold_3799	26	535485	535412	Val	AAC	0	0	72.9	48.60	24.30	Inf	Val	93.8	high confidence set
C_Quinoa_Scaffold_3799	27	535158	535085	Val	AAC	0	0	67.4	43.10	24.30	Inf	Val	88.7	high confidence set
C_Quinoa_Scaffold_3799	30	503960	503875	Tyr	GTA	503923	503911	69.7	38.00	31.70	Inf	Tyr	105.2	high confidence set
C_Quinoa_Scaffold_3799	31	503771	503685	Tyr	GTA	503734	503721	69.7	38.10	31.60	Inf	Tyr	105.2	high confidence set
C_Quinoa_Scaffold_3803	1	15417	15487	Gly	GCC	0	0	66.5	44.80	21.70	Inf	Gly	94.4	high confidence set
C_Quinoa_Scaffold_3820	4	4561798	4561870	Arg	CCG	0	0	68.9	50.60	18.30	Inf	Arg	90.6	high confidence set
C_Quinoa_Scaffold_3820	6	5913836	5913908	Phe	GAA	0	0	78.3	58.40	19.90	Inf	Phe	113.2	high confidence set
C_Quinoa_Scaffold_3820	9	9980100	9980173	Thr	AGT	0	0	76.0	48.40	27.60	Inf	Thr	90.6	high confidence set
C_Quinoa_Scaffold_3820	11	11978776	11978849	Thr	AGT	0	0	74.3	46.30	28.00	Inf	Thr	89.0	high confidence set
C_Quinoa_Scaffold_3820	12	12167635	12167563	Ala	AGC	0	0	63.4	38.20	25.20	Inf	Ala	98.3	high confidence set
C_Quinoa_Scaffold_3820	14	10295846	10295775	Glu	TTC	0	0	71.2	46.50	24.70	Inf	Glu	101.9	high confidence set
C_Quinoa_Scaffold_3820	15	10265393	10265322	Glu	TTC	0	0	71.2	46.50	24.70	Inf	Glu	101.9	high confidence set
C_Quinoa_Scaffold_3820	16	9583524	9583453	Asn	GTT	0	0	79.0	56.70	22.30	Inf	Asn	79.2	high confidence set
C_Quinoa_Scaffold_3820	17	9377043	9376972	Pro	AGG	0	0	55.8	23.40	32.40	Inf	Pro	97.3	high confidence set
C_Quinoa_Scaffold_3820	20	7635331	7635251	Leu	AAG	0	0	74.0	52.20	21.80	Inf	Leu	110.4	high confidence set
C_Quinoa_Scaffold_3820	24	3366800	3366727	Asn	GTT	0	0	83.3	58.10	25.20	Inf	Asn	93.9	high confidence set
C_Quinoa_Scaffold_3820	26	2575538	2575466	Ala	TGC	0	0	70.0	45.30	24.70	Inf	Ala	100.6	high confidence set
C_Quinoa_Scaffold_3822	1	383432	383504	Arg	CCT	0	0	73.8	54.30	19.50	Inf	Arg	86.0	high confidence set
C_Quinoa_Scaffold_3859	1	1443644	1443717	Gly	CCC	0	0	70.1	43.00	27.10	Inf	Thr	71.6	IPD:-35.80,isotype mismatch
C_Quinoa_Scaffold_3859	2	1461576	1461663	Ser	GCT	0	0	54.7	33.90	20.80	Inf	Ser	70.8	high confidence set
C_Quinoa_Scaffold_3859	5	2037101	2037173	Arg	TCT	0	0	70.4	50.20	20.20	Inf	Arg	95.3	high confidence set
C_Quinoa_Scaffold_3863	5	29042	28961	Leu	TAA	0	0	63.3	30.80	32.50	Inf	Leu	91.4	high confidence set
C_Quinoa_Scaffold_3863	6	20727	20640	Ser	GCT	0	0	61.0	38.60	22.40	Inf	Ser	74.7	high confidence set
C_Quinoa_Scaffold_3876	1	14544	14616	Lys	CTT	0	0	87.7	67.60	20.10	Inf	Lys	106.7	high confidence set
C_Quinoa_Scaffold_3876	4	3279667	3279739	Arg	CCT	0	0	66.6	50.60	16.00	Inf	Thr	73.2	IPD:-3.10,isotype mismatch
C_Quinoa_Scaffold_3876	6	2508420	2508349	Gln	TTG	0	0	73.5	53.70	19.80	Inf	Gln	104.8	high confidence set
C_Quinoa_Scaffold_3876	7	2503768	2503697	Gln	TTG	0	0	73.5	53.70	19.80	Inf	Gln	104.8	high confidence set
C_Quinoa_Scaffold_3876	9	647468	647395	Thr	AGT	0	0	76.0	48.40	27.60	Inf	Thr	90.6	high confidence set
C_Quinoa_Scaffold_3876	10	595872	595788	Tyr	GTA	595835	595824	69.8	38.00	31.80	Inf	Tyr	105.2	high confidence set
C_Quinoa_Scaffold_3876	11	140155	140083	Lys	CTT	0	0	87.7	67.60	20.10	Inf	Lys	106.7	high confidence set
C_Quinoa_Scaffold_3901	1	2589013	2589084	Pro	TGG	0	0	68.5	35.70	32.80	Inf	Pro	111.2	high confidence set
C_Quinoa_Scaffold_3901	2	3165159	3165087	Ala	TGC	0	0	65.3	39.10	26.20	Inf	Ala	95.8	high confidence set
C_Quinoa_Scaffold_3901	3	1038376	1038290	Ser	GGA	0	0	60.8	31.00	29.80	Inf	Ser	76.1	unexpected anticodon
C_Quinoa_Scaffold_3966	1	738746	738819	Val	AAC	0	0	63.0	38.70	24.30	Inf	Val	83.8	high confidence set
C_Quinoa_Scaffold_3966	7	4031147	4031218	Pro	AGG	0	0	67.4	34.70	32.70	Inf	Pro	112.3	high confidence set
C_Quinoa_Scaffold_3966	19	1736760	1736688	Arg	ACG	0	0	64.3	41.60	22.70	Inf	Arg	85.1	high confidence set
C_Quinoa_Scaffold_3966	21	809777	809705	Lys	CTT	0	0	87.7	67.60	20.10	Inf	Lys	106.7	high confidence set
C_Quinoa_Scaffold_3970	1	2314288	2314207	Ser	AGA	0	0	79.4	43.10	36.30	Inf	Ser	115.0	high confidence set
C_Quinoa_Scaffold_3973	4	3394016	3394086	Gly	GCC	0	0	66.5	44.80	21.70	Inf	Gly	94.4	high confidence set
C_Quinoa_Scaffold_3973	5	3394170	3394255	Met	CAT	3394208	3394219	64.2	40.70	23.50	Inf	Met	104.0	high confidence set
C_Quinoa_Scaffold_3973	6	2789134	2789061	Ile	TAT	0	0	81.9	63.10	18.80	Inf	Ile	101.0	high confidence set
C_Quinoa_Scaffold_3973	7	2465201	2465129	Ala	AGC	0	0	63.4	38.20	25.20	Inf	Ala	98.3	high confidence set
C_Quinoa_Scaffold_4003	4	292654	292567	Ser	GCT	0	0	61.0	38.60	22.40	Inf	Ser	74.7	high confidence set
C_Quinoa_Scaffold_4047	2	3226182	3226269	Ser	GCT	0	0	61.0	38.60	22.40	Inf	Ser	74.7	high confidence set
C_Quinoa_Scaffold_4077	3	3216299	3216370	Trp	CCA	0	0	75.8	51.20	24.60	Inf	Trp	105.6	high confidence set
C_Quinoa_Scaffold_4077	4	3609437	3609364	Thr	AGT	0	0	74.7	46.20	28.50	Inf	Thr	89.4	high confidence set
C_Quinoa_Scaffold_4077	5	1595904	1595833	Cys	GCA	0	0	82.1	59.90	22.20	Inf	Cys	106.6	high confidence set
C_Quinoa_Scaffold_4077	6	1232185	1232106	Leu	TAG	0	0	70.9	50.70	20.20	Inf	Leu	109.5	high confidence set
C_Quinoa_Scaffold_4087	2	231472	231399	Asn	GTT	0	0	83.3	58.10	25.20	Inf	Asn	93.9	high confidence set
C_Quinoa_Scaffold_4119	1	2363404	2363486	Leu	TAA	0	0	77.8	41.30	36.50	Inf	Leu	103.3	high confidence set
C_Quinoa_Scaffold_4119	4	2133277	2133205	Arg	ACG	0	0	72.6	49.80	22.80	Inf	Arg	89.8	high confidence set
C_Quinoa_Scaffold_4119	6	1819401	1819330	Thr	TGT	0	0	84.0	57.70	26.30	Inf	Thr	93.7	high confidence set
C_Quinoa_Scaffold_4119	7	1706144	1706072	Arg	TCT	0	0	70.0	49.90	20.10	Inf	Arg	100.1	high confidence set
C_Quinoa_Scaffold_4120	8	3950389	3950303	Ser	GGA	0	0	54.8	29.60	25.20	Inf	Ser	76.8	unexpected anticodon
C_Quinoa_Scaffold_4123	1	21812	21885	Ile	TAT	0	0	81.1	62.80	18.30	Inf	Ile	98.7	high confidence set
C_Quinoa_Scaffold_4204	1	11881	11953	Thr	TGT	0	0	68.5	49.60	18.90	Inf	Thr	79.4	high confidence set
C_Quinoa_Scaffold_4206	4	8298936	8299007	Cys	GCA	0	0	81.7	56.10	25.60	Inf	Cys	104.3	high confidence set
C_Quinoa_Scaffold_4209	3	3732558	3732486	Phe	GAA	0	0	78.3	58.40	19.90	Inf	Phe	113.2	high confidence set
C_Quinoa_Scaffold_4244	8	7119378	7119308	Gly	GCC	0	0	66.5	44.80	21.70	Inf	Gly	94.4	high confidence set
C_Quinoa_Scaffold_4244	9	6412758	6412686	Ala	TGC	0	0	70.0	45.30	24.70	Inf	Ala	100.6	high confidence set
C_Quinoa_Scaffold_4244	10	6300230	6300158	Ala	TGC	0	0	70.0	45.30	24.70	Inf	Ala	100.6	high confidence set
C_Quinoa_Scaffold_4244	15	3869407	3869336	Asn	GTT	0	0	73.1	50.10	23.00	Inf	Asn	76.0	high confidence set
C_Quinoa_Scaffold_4250	1	87217	87301	Met	CAT	87255	87265	64.3	40.80	23.50	Inf	Met	104.0	high confidence set
C_Quinoa_Scaffold_4250	2	256946	257017	Gln	TTG	0	0	73.5	53.70	19.80	Inf	Gln	104.8	high confidence set
C_Quinoa_Scaffold_4250	5	2712615	2712688	Val	CAC	0	0	81.5	53.50	28.00	Inf	Val	103.7	high confidence set
C_Quinoa_Scaffold_4250	6	2774130	2774203	Val	CAC	0	0	62.2	44.90	17.30	Inf	Val	87.9	high confidence set
C_Quinoa_Scaffold_4250	7	2947685	2947768	Leu	CAA	0	0	79.5	54.50	25.00	Inf	Leu	126.8	high confidence set
C_Quinoa_Scaffold_4250	8	4081026	4081106	Leu	AAG	0	0	66.7	44.90	21.80	Inf	Leu	102.2	high confidence set
C_Quinoa_Scaffold_4250	10	5026036	5026108	Lys	CTT	0	0	87.7	67.60	20.10	Inf	Lys	106.7	high confidence set
C_Quinoa_Scaffold_4250	11	6398633	6398705	Arg	TCT	0	0	60.9	48.50	12.40	Inf	Arg	91.5	high confidence set
C_Quinoa_Scaffold_4250	12	6399699	6399771	Arg	TCT	0	0	70.0	49.90	20.10	Inf	Arg	100.1	high confidence set
C_Quinoa_Scaffold_4250	15	4784584	4784513	Cys	GCA	0	0	73.0	53.80	19.20	Inf	Cys	95.0	high confidence set
C_Quinoa_Scaffold_4250	16	4783508	4783436	Ala	AGC	0	0	63.4	38.20	25.20	Inf	Ala	98.3	high confidence set
C_Quinoa_Scaffold_4250	17	4394592	4394513	Leu	TAG	0	0	69.5	48.50	21.00	Inf	Leu	111.5	high confidence set
C_Quinoa_Scaffold_4250	18	3900132	3900051	Ser	AGA	0	0	79.4	43.10	36.30	Inf	Ser	115.0	high confidence set
C_Quinoa_Scaffold_4250	19	3817061	3816989	Ala	CGC	0	0	68.3	44.10	24.20	Inf	Ala	99.2	high confidence set
C_Quinoa_Scaffold_4250	20	3478833	3478762	iMet	CAT	0	0	58.3	28.10	30.20	Inf	iMet	118.7	high confidence set
C_Quinoa_Scaffold_4250	21	3195064	3194993	iMet	CAT	0	0	55.0	21.60	33.40	Inf	iMet	113.8	high confidence set
C_Quinoa_Scaffold_4250	22	2233178	2233108	Gly	CCC	0	0	66.0	29.20	36.80	Inf	Gly	87.4	high confidence set
C_Quinoa_Scaffold_4250	23	2233042	2232971	Lys	TTT	0	0	82.9	68.40	14.50	Inf	Lys	89.9	high confidence set
C_Quinoa_Scaffold_4250	24	2173788	2173715	Val	CAC	0	0	81.5	53.50	28.00	Inf	Val	103.7	high confidence set
C_Quinoa_Scaffold_4250	25	1624652	1624572	Leu	AAG	0	0	74.0	52.20	21.80	Inf	Leu	110.4	high confidence set
C_Quinoa_Scaffold_4250	26	916555	916483	Lys	CTT	0	0	87.7	67.60	20.10	Inf	Lys	106.7	high confidence set
C_Quinoa_Scaffold_4250	27	876692	876619	Asn	GTT	0	0	83.3	58.10	25.20	Inf	Asn	93.9	high confidence set
C_Quinoa_Scaffold_4257	1	351990	352063	Thr	AGT	0	0	72.4	46.10	26.30	Inf	Thr	87.9	high confidence set
C_Quinoa_Scaffold_4257	3	2178492	2178563	Cys	GCA	0	0	82.1	59.90	22.20	Inf	Cys	106.6	high confidence set
C_Quinoa_Scaffold_4257	4	2704148	2704227	Leu	TAG	0	0	61.5	42.10	19.40	Inf	Leu	94.0	high confidence set
C_Quinoa_Scaffold_4257	5	729739	729668	Trp	CCA	0	0	75.8	51.20	24.60	Inf	Trp	105.6	high confidence set
C_Quinoa_Scaffold_4266	2	291114	291187	Ile	TAT	0	0	85.9	70.60	15.30	Inf	Ile	103.9	high confidence set
C_Quinoa_Scaffold_4289	1	938	865	Ile	TAT	0	0	81.1	62.80	18.30	Inf	Ile	98.7	high confidence set
C_Quinoa_Scaffold_4317	1	248495	248423	Lys	CTT	0	0	87.7	67.60	20.10	Inf	Lys	106.7	high confidence set
C_Quinoa_Scaffold_4317	3	136195	136124	Lys	TTT	0	0	82.9	68.40	14.50	Inf	Lys	89.9	high confidence set
C_Quinoa_Scaffold_4317	4	136045	135974	Lys	TTT	0	0	82.9	68.40	14.50	Inf	Lys	89.9	high confidence set
C_Quinoa_Scaffold_4319	1	323056	323142	Met	CAT	323094	323106	64.2	40.70	23.50	Inf	Met	104.0	high confidence set
C_Quinoa_Scaffold_4319	7	3633769	3633840	Glu	TTC	0	0	71.2	46.50	24.70	Inf	Glu	101.9	high confidence set
C_Quinoa_Scaffold_4319	9	3312382	3312310	Lys	CTT	0	0	87.7	67.60	20.10	Inf	Lys	106.7	high confidence set
C_Quinoa_Scaffold_4319	11	3201595	3201521	Pro	TGG	0	0	62.8	32.80	30.00	Inf	Trp	73.3	IPD:-42.40,isotype mismatch
C_Quinoa_Scaffold_4319	13	2555946	2555863	Leu	CAA	0	0	77.6	55.00	22.60	Inf	Leu	121.3	high confidence set
C_Quinoa_Scaffold_4319	15	1393009	1392938	Gln	CTG	0	0	73.6	48.50	25.10	Inf	Gln	102.5	high confidence set
C_Quinoa_Scaffold_4329	1	59821	59892	Pro	TGG	0	0	69.2	36.90	32.30	Inf	Pro	112.8	high confidence set
C_Quinoa_Scaffold_4336	1	250287	250358	Lys	TTT	0	0	82.9	68.40	14.50	Inf	Lys	89.9	high confidence set
C_Quinoa_Scaffold_4365	1	1197200	1197271	Thr	TGT	0	0	79.3	49.30	30.00	Inf	Thr	92.3	high confidence set
C_Quinoa_Scaffold_4365	6	1369389	1369317	Phe	GAA	0	0	78.3	58.40	19.90	Inf	Phe	113.2	high confidence set
C_Quinoa_Scaffold_4365	7	1356056	1355984	Phe	GAA	0	0	78.3	58.40	19.90	Inf	Phe	113.2	high confidence set
C_Quinoa_Scaffold_4383	1	900549	900619	Gly	GCC	0	0	66.5	44.80	21.70	Inf	Gly	94.4	high confidence set
C_Quinoa_Scaffold_4383	2	992026	991956	Gly	GCC	0	0	66.5	44.80	21.70	Inf	Gly	94.4	high confidence set
C_Quinoa_Scaffold_4383	3	516444	516373	His	GTG	0	0	61.9	32.60	29.30	Inf	His	83.6	high confidence set
C_Quinoa_Scaffold_4383	4	516369	516280	Tyr	GTA	516331	516316	55.9	30.70	25.20	Inf	Tyr	91.7	high confidence set
C_Quinoa_Scaffold_4383	5	498519	498448	His	GTG	0	0	63.0	33.70	29.30	Inf	His	86.8	high confidence set
C_Quinoa_Scaffold_4386	1	45772	45844	Lys	CTT	0	0	87.7	67.60	20.10	Inf	Lys	106.7	high confidence set
C_Quinoa_Scaffold_4386	2	86331	86401	Gly	CCC	0	0	66.0	29.20	36.80	Inf	Gly	87.4	high confidence set
C_Quinoa_Scaffold_4447	1	243303	243232	iMet	CAT	0	0	58.3	28.10	30.20	Inf	iMet	118.7	high confidence set
C_Quinoa_Scaffold_4480	1	281182	281263	Ser	TGA	0	0	79.2	43.90	35.30	Inf	Ser	118.5	high confidence set
C_Quinoa_Scaffold_4480	5	1102976	1103060	Met	CAT	1103014	1103024	64.2	40.80	23.40	Inf	Met	104.0	high confidence set
C_Quinoa_Scaffold_4480	6	1111132	1111216	Met	CAT	1111170	1111180	64.3	40.80	23.50	Inf	Met	104.0	high confidence set
C_Quinoa_Scaffold_4480	7	1258084	1258156	Arg	ACG	0	0	66.7	48.40	18.30	Inf	Arg	84.4	high confidence set
C_Quinoa_Scaffold_4480	8	1488806	1488877	Gln	TTG	0	0	73.5	53.70	19.80	Inf	Gln	104.8	high confidence set
C_Quinoa_Scaffold_4480	12	4038557	4038629	Ala	TGC	0	0	68.6	44.40	24.20	Inf	Ala	97.0	high confidence set
C_Quinoa_Scaffold_4480	15	4931069	4931140	Thr	TGT	0	0	84.3	58.00	26.30	Inf	Thr	93.3	high confidence set
C_Quinoa_Scaffold_4480	28	7443779	7443706	Ile	AAT	0	0	82.8	56.10	26.70	Inf	Ile	105.1	high confidence set
C_Quinoa_Scaffold_4480	32	6549970	6549886	Tyr	GTA	6549933	6549922	69.8	38.00	31.80	Inf	Tyr	105.2	high confidence set
C_Quinoa_Scaffold_4480	33	6197307	6197236	Gln	CTG	0	0	74.6	50.10	24.50	Inf	Gln	102.4	high confidence set
C_Quinoa_Scaffold_4480	40	4365559	4365488	Gln	CTG	0	0	74.6	50.10	24.50	Inf	Gln	105.2	high confidence set
C_Quinoa_Scaffold_4480	41	4269486	4269415	Gln	CTG	0	0	67.0	50.20	16.80	Inf	Gln	91.1	high confidence set
C_Quinoa_Scaffold_4480	44	857579	857508	Trp	CCA	0	0	75.8	51.20	24.60	Inf	Trp	105.6	high confidence set
