Sequence       		tRNA     	Bounds   	tRNA	Anti	Intron Bounds	Inf	HMM	2'Str	Hit	Isotype	Isotype	      
Name           	tRNA#	Begin    	End      	Type	Codon	Begin	End	Score	Score	Score	Origin	CM	Score	Note
--------       	------	-----    	------   	----	-----	-----	----	------	-----	-----	------	-------	-------	------
Lsat_1_v8_lg_1	3	4054562	4054649	Met	CAT	4054600	4054613	64.1	40.70	23.40	Inf	Met	104.0	high confidence set
Lsat_1_v8_lg_1	8	28850373	28850444	iMet	CAT	0	0	57.5	26.90	30.60	Inf	iMet	115.2	high confidence set
Lsat_1_v8_lg_1	9	29662405	29662477	Lys	TTT	0	0	87.3	67.40	19.90	Inf	Lys	95.5	high confidence set
Lsat_1_v8_lg_1	10	29662578	29662650	Lys	TTT	0	0	87.3	67.40	19.90	Inf	Lys	95.5	high confidence set
Lsat_1_v8_lg_1	11	31174544	31174623	Leu	TAG	0	0	69.5	48.50	21.00	Inf	Leu	111.5	high confidence set
Lsat_1_v8_lg_1	13	31620050	31620123	Trp	CCA	0	0	70.1	43.00	27.10	Inf	Thr	71.6	IPD:-17.70,isotype mismatch
Lsat_1_v8_lg_1	15	33691916	33691997	Ser	TGA	0	0	80.7	46.10	34.60	Inf	Ser	119.7	high confidence set
Lsat_1_v8_lg_1	16	37532582	37532652	Gly	GCC	0	0	66.5	44.80	21.70	Inf	Gly	94.4	high confidence set
Lsat_1_v8_lg_1	17	39863975	39864048	Arg	TCG	0	0	74.6	57.80	16.80	Inf	Arg	86.6	high confidence set
Lsat_1_v8_lg_1	18	39864180	39864253	Arg	TCG	0	0	68.3	51.00	17.30	Inf	Arg	70.2	high confidence set
Lsat_1_v8_lg_1	19	39864414	39864487	Arg	TCG	0	0	82.3	61.00	21.30	Inf	Arg	91.9	high confidence set
Lsat_1_v8_lg_1	20	39868373	39868456	Leu	CAA	0	0	77.8	51.60	26.20	Inf	Leu	121.9	high confidence set
Lsat_1_v8_lg_1	21	39963840	39963921	Ser	CGA	0	0	77.5	44.40	33.10	Inf	Ser	120.8	high confidence set
Lsat_1_v8_lg_1	22	40270791	40270864	Asn	GTT	0	0	82.3	57.10	25.20	Inf	Asn	92.8	high confidence set
Lsat_1_v8_lg_1	23	41521939	41522011	Lys	CTT	0	0	87.7	67.60	20.10	Inf	Lys	106.7	high confidence set
Lsat_1_v8_lg_1	24	41522105	41522177	Lys	CTT	0	0	87.7	67.60	20.10	Inf	Lys	106.7	high confidence set
Lsat_1_v8_lg_1	25	43441949	43442030	Ser	GCT	0	0	79.0	43.10	35.90	Inf	Ser	108.6	high confidence set
Lsat_1_v8_lg_1	31	65872888	65872959	Glu	TTC	0	0	70.5	45.30	25.20	Inf	Glu	97.5	high confidence set
Lsat_1_v8_lg_1	32	65965803	65965875	Arg	CCT	0	0	69.1	50.30	18.80	Inf	Arg	81.2	high confidence set
Lsat_1_v8_lg_1	33	73579002	73579074	Phe	GAA	0	0	73.9	50.10	23.80	Inf	Phe	108.5	high confidence set
Lsat_1_v8_lg_1	36	77211092	77211163	iMet	CAT	0	0	58.3	28.10	30.20	Inf	iMet	118.7	high confidence set
Lsat_1_v8_lg_1	38	87101085	87101170	Tyr	GTA	87101122	87101134	74.5	43.00	31.50	Inf	Tyr	111.8	high confidence set
Lsat_1_v8_lg_1	39	88584687	88584768	Ser	AGA	0	0	80.3	44.00	36.30	Inf	Ser	115.3	high confidence set
Lsat_1_v8_lg_1	40	91055726	91055796	Gly	GCC	0	0	66.5	44.80	21.70	Inf	Gly	94.4	high confidence set
Lsat_1_v8_lg_1	41	91065341	91065411	Gly	GCC	0	0	66.5	44.80	21.70	Inf	Gly	94.4	high confidence set
Lsat_1_v8_lg_1	44	109979214	109979295	Ser	GCT	0	0	80.5	45.20	35.30	Inf	Ser	109.5	high confidence set
Lsat_1_v8_lg_1	47	116043273	116043344	Asn	GTT	0	0	83.8	59.40	24.40	Inf	Asn	79.2	high confidence set
Lsat_1_v8_lg_1	48	116415838	116415909	Asn	GTT	0	0	83.8	59.40	24.40	Inf	Asn	79.2	high confidence set
Lsat_1_v8_lg_1	53	122181776	122181859	Tyr	GTA	0	0	59.0	32.70	26.30	Inf	Tyr	73.4	high confidence set
Lsat_1_v8_lg_1	56	125953405	125953488	Leu	CAA	0	0	77.7	54.90	22.80	Inf	Leu	123.7	high confidence set
Lsat_1_v8_lg_1	57	134811938	134812010	Phe	GAA	0	0	73.9	50.10	23.80	Inf	Phe	108.5	high confidence set
Lsat_1_v8_lg_1	63	181712532	181712615	Tyr	GTA	0	0	59.0	32.70	26.30	Inf	Tyr	73.4	high confidence set
Lsat_1_v8_lg_1	65	181715808	181715895	Ser	GCT	0	0	67.0	36.80	30.20	Inf	Ser	80.8	high confidence set
Lsat_1_v8_lg_1	69	204286351	204286430	Leu	TAG	0	0	69.5	48.50	21.00	Inf	Leu	111.5	high confidence set
Lsat_1_v8_lg_1	70	204460231	204460302	Trp	CCA	0	0	75.8	51.20	24.60	Inf	Trp	105.6	high confidence set
Lsat_1_v8_lg_1	75	180357511	180357438	Ile	TAT	0	0	85.9	70.60	15.30	Inf	Ile	103.9	high confidence set
Lsat_1_v8_lg_1	76	164700144	164700072	Glu	CTC	0	0	78.9	53.10	25.80	Inf	Glu	99.2	high confidence set
Lsat_1_v8_lg_1	78	146365847	146365776	Pro	TGG	0	0	68.5	35.70	32.80	Inf	Pro	111.2	high confidence set
Lsat_1_v8_lg_1	79	146364877	146364806	Pro	CGG	0	0	64.0	38.90	25.10	Inf	Pro	109.9	high confidence set
Lsat_1_v8_lg_1	80	137595747	137595675	Phe	GAA	0	0	73.9	50.10	23.80	Inf	Phe	108.5	high confidence set
Lsat_1_v8_lg_1	81	137573887	137573815	Phe	GAA	0	0	73.9	50.10	23.80	Inf	Phe	108.5	high confidence set
Lsat_1_v8_lg_1	82	137567875	137567803	Phe	GAA	0	0	73.9	50.10	23.80	Inf	Phe	108.5	high confidence set
Lsat_1_v8_lg_1	86	116043882	116043809	Arg	ACG	0	0	56.2	44.90	11.30	Inf	Ile	73.7	IPD:-23.30,isotype mismatch
Lsat_1_v8_lg_1	88	116033189	116033107	Ser	TGA	0	0	69.9	37.10	32.80	Inf	Ser	74.2	high confidence set
Lsat_1_v8_lg_1	89	116027993	116027922	Arg	TCT	0	0	58.3	25.60	32.70	Inf	Gln	70.8	IPD:-24.50,isotype mismatch
Lsat_1_v8_lg_1	94	98510731	98510658	Val	CAC	0	0	81.5	53.50	28.00	Inf	Val	103.7	high confidence set
Lsat_1_v8_lg_1	96	83111620	83111549	Gly	TCC	0	0	73.9	46.20	27.70	Inf	Gly	85.6	high confidence set
Lsat_1_v8_lg_1	97	78862221	78862150	iMet	CAT	0	0	58.3	28.10	30.20	Inf	iMet	118.7	high confidence set
Lsat_1_v8_lg_1	98	78645430	78645357	Asn	GTT	0	0	84.5	59.40	25.10	Inf	Asn	95.9	high confidence set
Lsat_1_v8_lg_1	102	63888455	63888383	Lys	TTT	0	0	87.3	67.40	19.90	Inf	Lys	95.5	high confidence set
Lsat_1_v8_lg_1	103	58957172	58957100	Arg	TCT	0	0	68.1	50.00	18.10	Inf	Arg	96.3	high confidence set
Lsat_1_v8_lg_1	104	58955176	58955104	Arg	TCT	0	0	68.1	50.00	18.10	Inf	Arg	96.3	high confidence set
Lsat_1_v8_lg_1	107	50151784	50151711	Thr	AGT	0	0	75.0	47.40	27.60	Inf	Thr	89.8	high confidence set
Lsat_1_v8_lg_1	108	47812034	47811963	Gln	CTG	0	0	74.6	50.10	24.50	Inf	Gln	105.2	high confidence set
Lsat_1_v8_lg_1	110	44412661	44412588	Trp	CCA	0	0	70.1	43.00	27.10	Inf	Thr	71.6	IPD:-17.70,isotype mismatch
Lsat_1_v8_lg_1	111	44405830	44405759	Arg	TCT	0	0	58.3	25.60	32.70	Inf	Gln	70.8	IPD:-24.50,isotype mismatch
Lsat_1_v8_lg_1	112	39973769	39973697	Ala	TGC	0	0	61.5	36.90	24.60	Inf	Ala	91.8	high confidence set
Lsat_1_v8_lg_1	113	39280410	39280329	Ser	CGA	0	0	79.7	44.50	35.20	Inf	Ser	121.3	high confidence set
Lsat_1_v8_lg_1	114	35275045	35274964	Ser	AGA	0	0	79.4	43.10	36.30	Inf	Ser	115.0	high confidence set
Lsat_1_v8_lg_1	115	34769810	34769739	Asp	GTC	0	0	69.8	46.80	23.00	Inf	Asp	94.5	high confidence set
Lsat_1_v8_lg_1	116	34765088	34765017	Asp	GTC	0	0	69.8	46.80	23.00	Inf	Asp	94.5	high confidence set
Lsat_1_v8_lg_1	117	33450543	33450472	iMet	CAT	0	0	58.3	28.10	30.20	Inf	iMet	118.7	high confidence set
Lsat_1_v8_lg_1	118	31320574	31320503	Pro	TGG	0	0	68.5	35.70	32.80	Inf	Pro	111.2	high confidence set
Lsat_1_v8_lg_1	119	31260833	31260762	Pro	TGG	0	0	68.5	35.70	32.80	Inf	Pro	111.2	high confidence set
Lsat_1_v8_lg_1	125	21698333	21698262	Asp	GTC	0	0	69.8	46.80	23.00	Inf	Asp	94.5	high confidence set
Lsat_1_v8_lg_1	126	20945191	20945118	Ile	AAT	0	0	79.3	55.80	23.50	Inf	Ile	104.3	high confidence set
Lsat_1_v8_lg_1	127	15789023	15788950	Thr	AGT	0	0	74.7	46.20	28.50	Inf	Thr	89.4	high confidence set
Lsat_1_v8_lg_1	130	11290682	11290598	Tyr	GTA	11290645	11290634	74.5	43.00	31.50	Inf	Tyr	111.8	high confidence set
Lsat_1_v8_lg_1	131	9702302	9702231	Arg	TCT	0	0	58.3	25.60	32.70	Inf	Gln	70.8	IPD:-24.50,isotype mismatch
Lsat_1_v8_lg_2	1	12832321	12832393	Thr	TGT	0	0	66.8	49.90	16.90	Inf	Thr	80.9	high confidence set
Lsat_1_v8_lg_2	3	16049202	16049283	Ser	TGA	0	0	80.7	46.10	34.60	Inf	Ser	119.7	high confidence set
Lsat_1_v8_lg_2	15	74967904	74967975	Asn	GTT	0	0	83.8	59.40	24.40	Inf	Asn	79.2	high confidence set
Lsat_1_v8_lg_2	17	99992258	99992340	Leu	TAA	0	0	68.4	29.10	39.30	Inf	Leu	90.1	high confidence set
Lsat_1_v8_lg_2	19	104099925	104100010	Met	CAT	104099963	104099974	64.2	40.70	23.50	Inf	Met	104.0	high confidence set
Lsat_1_v8_lg_2	21	111461955	111462028	Arg	ACG	0	0	56.2	44.90	11.30	Inf	Ile	73.7	IPD:-23.30,isotype mismatch
Lsat_1_v8_lg_2	29	149784759	149784832	Ile	AAT	0	0	79.3	55.80	23.50	Inf	Ile	104.3	high confidence set
Lsat_1_v8_lg_2	31	151216800	151216872	Glu	CTC	0	0	78.9	53.10	25.80	Inf	Glu	99.2	high confidence set
Lsat_1_v8_lg_2	32	151312970	151313042	Lys	CTT	0	0	87.7	67.60	20.10	Inf	Lys	106.7	high confidence set
Lsat_1_v8_lg_2	35	156184051	156184124	Asn	GTT	0	0	83.3	58.10	25.20	Inf	Asn	93.9	high confidence set
Lsat_1_v8_lg_2	36	158375878	158375951	Thr	AGT	0	0	76.0	48.40	27.60	Inf	Thr	90.6	high confidence set
Lsat_1_v8_lg_2	37	164572567	164572638	Asp	GTC	0	0	69.8	46.80	23.00	Inf	Asp	94.5	high confidence set
Lsat_1_v8_lg_2	38	164594298	164594369	Asp	GTC	0	0	69.8	46.80	23.00	Inf	Asp	94.5	high confidence set
Lsat_1_v8_lg_2	40	166550314	166550386	Ala	TGC	0	0	70.0	45.30	24.70	Inf	Ala	100.6	high confidence set
Lsat_1_v8_lg_2	42	170030101	170030172	Gln	CTG	0	0	74.6	50.10	24.50	Inf	Gln	105.2	high confidence set
Lsat_1_v8_lg_2	43	170030401	170030472	Gln	CTG	0	0	74.6	50.10	24.50	Inf	Gln	105.2	high confidence set
Lsat_1_v8_lg_2	44	170330026	170330097	Thr	TGT	0	0	79.1	48.90	30.20	Inf	Thr	92.7	high confidence set
Lsat_1_v8_lg_2	47	171519443	171519523	Leu	AAG	0	0	65.8	53.60	12.20	Inf	Leu	102.0	high confidence set
Lsat_1_v8_lg_2	49	175297870	175297942	Phe	GAA	0	0	73.9	50.10	23.80	Inf	Phe	108.5	high confidence set
Lsat_1_v8_lg_2	50	178336839	178336910	Asn	GTT	0	0	83.8	59.40	24.40	Inf	Asn	79.2	high confidence set
Lsat_1_v8_lg_2	54	190768294	190768366	Lys	TTT	0	0	87.3	67.40	19.90	Inf	Lys	95.5	high confidence set
Lsat_1_v8_lg_2	55	190768447	190768519	Lys	TTT	0	0	87.3	67.40	19.90	Inf	Lys	95.5	high confidence set
Lsat_1_v8_lg_2	56	190773508	190773580	Lys	TTT	0	0	87.3	67.40	19.90	Inf	Lys	95.5	high confidence set
Lsat_1_v8_lg_2	59	195744450	195744522	Lys	TTT	0	0	87.3	67.40	19.90	Inf	Lys	95.5	high confidence set
Lsat_1_v8_lg_2	60	196542402	196542475	Val	CAC	0	0	80.2	53.50	26.70	Inf	Val	101.5	high confidence set
Lsat_1_v8_lg_2	61	197950509	197950581	Arg	CCG	0	0	63.2	47.20	16.00	Inf	Arg	86.6	high confidence set
Lsat_1_v8_lg_2	63	201557524	201557596	Arg	CCT	0	0	69.1	50.30	18.80	Inf	Arg	81.2	high confidence set
Lsat_1_v8_lg_2	64	201563693	201563780	Met	CAT	201563731	201563744	64.1	40.70	23.40	Inf	Met	104.0	high confidence set
Lsat_1_v8_lg_2	65	201604139	201604226	Met	CAT	201604177	201604190	64.1	40.70	23.40	Inf	Met	104.0	high confidence set
Lsat_1_v8_lg_2	66	201610309	201610396	Met	CAT	201610347	201610360	64.1	40.70	23.40	Inf	Met	104.0	high confidence set
Lsat_1_v8_lg_2	68	203632260	203632332	Lys	CTT	0	0	87.7	67.60	20.10	Inf	Lys	106.7	high confidence set
Lsat_1_v8_lg_2	69	205997649	205997722	Ile	AAT	0	0	85.5	59.00	26.50	Inf	Ile	109.4	high confidence set
Lsat_1_v8_lg_2	70	206105878	206105951	Ile	AAT	0	0	79.3	55.80	23.50	Inf	Ile	104.3	high confidence set
Lsat_1_v8_lg_2	71	209448148	209448220	Glu	CTC	0	0	78.9	53.10	25.80	Inf	Glu	99.2	high confidence set
Lsat_1_v8_lg_2	73	212098608	212098679	Cys	GCA	0	0	82.1	59.90	22.20	Inf	Cys	106.6	high confidence set
Lsat_1_v8_lg_2	75	214625953	214626024	Gln	CTG	0	0	65.0	41.70	23.30	Inf	Gln	92.5	high confidence set
Lsat_1_v8_lg_2	78	215070942	215070863	Leu	TAG	0	0	69.5	48.50	21.00	Inf	Leu	111.5	high confidence set
Lsat_1_v8_lg_2	79	208541721	208541649	Lys	TTT	0	0	87.3	67.40	19.90	Inf	Lys	95.5	high confidence set
Lsat_1_v8_lg_2	81	204208564	204208494	Gly	GCC	0	0	66.5	44.80	21.70	Inf	Gly	94.4	high confidence set
Lsat_1_v8_lg_2	82	203634158	203634086	Glu	CTC	0	0	78.9	53.10	25.80	Inf	Glu	99.2	high confidence set
Lsat_1_v8_lg_2	84	198328580	198328508	Lys	CTT	0	0	87.7	67.60	20.10	Inf	Lys	106.7	high confidence set
Lsat_1_v8_lg_2	85	198328438	198328366	Lys	CTT	0	0	87.7	67.60	20.10	Inf	Lys	106.7	high confidence set
Lsat_1_v8_lg_2	86	198151375	198151303	Lys	TTT	0	0	87.3	67.40	19.90	Inf	Lys	95.5	high confidence set
Lsat_1_v8_lg_2	88	195608018	195607947	Cys	GCA	0	0	82.1	59.90	22.20	Inf	Cys	106.6	high confidence set
Lsat_1_v8_lg_2	89	193389333	193389252	Ser	TGA	0	0	81.1	46.70	34.40	Inf	Ser	122.5	high confidence set
Lsat_1_v8_lg_2	90	193357757	193357676	Ser	TGA	0	0	81.1	46.70	34.40	Inf	Ser	122.5	high confidence set
Lsat_1_v8_lg_2	91	190614645	190614560	Tyr	GTA	190614608	190614596	74.5	42.90	31.60	Inf	Tyr	111.8	high confidence set
Lsat_1_v8_lg_2	92	189569617	189569526	Tyr	GTA	189569580	189569562	74.2	42.80	31.40	Inf	Tyr	111.8	high confidence set
Lsat_1_v8_lg_2	93	188202901	188202829	Lys	TTT	0	0	80.1	64.10	16.00	Inf	Lys	89.5	high confidence set
Lsat_1_v8_lg_2	94	187752834	187752762	Pro	AGG	0	0	64.0	33.70	30.30	Inf	Pro	103.6	high confidence set
Lsat_1_v8_lg_2	95	186046350	186046269	Ser	GCT	0	0	80.5	45.20	35.30	Inf	Ser	109.5	high confidence set
Lsat_1_v8_lg_2	96	185113500	185113409	Tyr	GTA	185113463	185113445	74.2	42.70	31.50	Inf	Tyr	111.8	high confidence set
Lsat_1_v8_lg_2	97	181609176	181609103	Arg	TCG	0	0	82.3	61.00	21.30	Inf	Arg	91.9	high confidence set
Lsat_1_v8_lg_2	98	181078573	181078501	Ala	AGC	0	0	63.4	38.20	25.20	Inf	Ala	98.3	high confidence set
Lsat_1_v8_lg_2	99	180345557	180345486	Glu	TTC	0	0	70.5	45.30	25.20	Inf	Glu	97.5	high confidence set
Lsat_1_v8_lg_2	100	178337448	178337375	Arg	ACG	0	0	56.2	44.90	11.30	Inf	Ile	73.7	IPD:-23.30,isotype mismatch
Lsat_1_v8_lg_2	102	174450443	174450371	Phe	GAA	0	0	73.9	50.10	23.80	Inf	Phe	108.5	high confidence set
Lsat_1_v8_lg_2	103	170439824	170439753	Thr	TGT	0	0	79.1	48.90	30.20	Inf	Thr	92.7	high confidence set
Lsat_1_v8_lg_2	104	169936911	169936839	Glu	CTC	0	0	78.9	53.10	25.80	Inf	Glu	99.2	high confidence set
Lsat_1_v8_lg_2	105	169767512	169767441	Pro	TGG	0	0	68.5	35.70	32.80	Inf	Pro	111.2	high confidence set
Lsat_1_v8_lg_2	106	167012893	167012820	Asn	GTT	0	0	83.3	58.10	25.20	Inf	Asn	93.9	high confidence set
Lsat_1_v8_lg_2	107	166607105	166607034	Thr	CGT	0	0	80.5	54.30	26.20	Inf	Thr	87.3	high confidence set
Lsat_1_v8_lg_2	108	166246099	166246028	Gln	TTG	0	0	73.5	53.70	19.80	Inf	Gln	104.8	high confidence set
Lsat_1_v8_lg_2	109	166074197	166074125	Ala	TGC	0	0	70.0	45.30	24.70	Inf	Ala	100.6	high confidence set
Lsat_1_v8_lg_2	110	166071953	166071881	Ala	TGC	0	0	70.0	45.30	24.70	Inf	Ala	100.6	high confidence set
Lsat_1_v8_lg_2	112	164913651	164913580	His	GTG	0	0	63.0	33.70	29.30	Inf	His	86.8	high confidence set
Lsat_1_v8_lg_2	113	163166290	163166218	Arg	TCT	0	0	68.1	50.00	18.10	Inf	Arg	96.3	high confidence set
Lsat_1_v8_lg_2	114	156160004	156159921	Leu	CAA	0	0	76.7	54.50	22.20	Inf	Leu	123.1	high confidence set
Lsat_1_v8_lg_2	115	154802446	154802374	Glu	CTC	0	0	78.9	53.10	25.80	Inf	Glu	94.8	high confidence set
Lsat_1_v8_lg_2	116	154780743	154780671	Glu	CTC	0	0	78.9	53.10	25.80	Inf	Glu	99.2	high confidence set
Lsat_1_v8_lg_2	117	152725500	152725429	His	GTG	0	0	63.0	33.70	29.30	Inf	His	86.8	high confidence set
Lsat_1_v8_lg_2	118	152724969	152724898	His	GTG	0	0	63.0	33.70	29.30	Inf	His	86.8	high confidence set
Lsat_1_v8_lg_2	119	146437727	146437656	His	GTG	0	0	63.0	33.70	29.30	Inf	His	86.8	high confidence set
Lsat_1_v8_lg_2	121	143629427	143629356	Gln	TTG	0	0	73.5	53.70	19.80	Inf	Gln	104.8	high confidence set
Lsat_1_v8_lg_2	123	141663509	141663426	Leu	CAA	0	0	76.7	54.50	22.20	Inf	Leu	123.1	high confidence set
Lsat_1_v8_lg_2	128	111462562	111462491	Asn	GTT	0	0	83.8	59.40	24.40	Inf	Asn	79.2	high confidence set
Lsat_1_v8_lg_2	129	111456209	111456138	Arg	TCT	0	0	58.3	25.60	32.70	Inf	Gln	70.8	IPD:-24.50,isotype mismatch
Lsat_1_v8_lg_2	130	109433024	109432953	Gly	TCC	0	0	73.9	46.20	27.70	Inf	Gly	85.6	high confidence set
Lsat_1_v8_lg_2	133	101068858	101068785	Sup	CTA	0	0	70.1	43.00	27.10	Inf	Thr	71.6	IPD:-71.60,unexpected anticodon
Lsat_1_v8_lg_2	137	74968513	74968440	Arg	ACG	0	0	56.2	44.90	11.30	Inf	Ile	73.7	IPD:-23.30,isotype mismatch
Lsat_1_v8_lg_2	140	67423289	67423217	Val	TAC	0	0	72.4	48.00	24.40	Inf	Val	102.7	high confidence set
Lsat_1_v8_lg_2	141	67392413	67392341	Val	TAC	0	0	72.4	48.00	24.40	Inf	Val	102.7	high confidence set
Lsat_1_v8_lg_2	142	67379584	67379512	Val	TAC	0	0	72.4	48.00	24.40	Inf	Val	102.7	high confidence set
Lsat_1_v8_lg_2	145	47255641	47255559	Leu	TAA	0	0	73.8	34.40	39.40	Inf	Leu	96.2	high confidence set
Lsat_1_v8_lg_2	149	19290957	19290870	Ser	GCT	0	0	67.0	36.80	30.20	Inf	Ser	80.8	high confidence set
Lsat_1_v8_lg_2	152	18435141	18435067	Pro	TGG	0	0	62.8	32.80	30.00	Inf	Trp	73.3	IPD:-42.40,isotype mismatch
Lsat_1_v8_lg_2	156	12833757	12833671	Ser	GGA	0	0	52.4	25.80	26.60	Inf	Ser	71.5	unexpected anticodon
Lsat_1_v8_lg_3	2	12318123	12318195	Ala	AGC	0	0	63.4	38.20	25.20	Inf	Ala	98.3	high confidence set
Lsat_1_v8_lg_3	5	15421292	15421364	Ala	CGC	0	0	67.5	42.90	24.60	Inf	Ala	99.2	high confidence set
Lsat_1_v8_lg_3	6	21370859	21370932	Arg	ACG	0	0	56.2	44.90	11.30	Inf	Ile	73.7	IPD:-23.30,isotype mismatch
Lsat_1_v8_lg_3	7	22325083	22325154	Cys	GCA	0	0	72.1	49.60	22.50	Inf	Cys	95.4	high confidence set
Lsat_1_v8_lg_3	9	25779445	25779518	Ile	AAT	0	0	85.5	59.00	26.50	Inf	Ile	109.4	high confidence set
Lsat_1_v8_lg_3	12	28650201	28650273	Glu	CTC	0	0	78.9	53.10	25.80	Inf	Glu	99.2	high confidence set
Lsat_1_v8_lg_3	15	30899913	30899987	Pro	TGG	0	0	62.8	32.80	30.00	Inf	Trp	73.3	IPD:-42.40,isotype mismatch
Lsat_1_v8_lg_3	16	38687453	38687525	Arg	ACG	0	0	71.3	48.60	22.70	Inf	Arg	93.4	high confidence set
Lsat_1_v8_lg_3	17	38944597	38944668	Thr	TGT	0	0	79.1	48.90	30.20	Inf	Thr	92.7	high confidence set
Lsat_1_v8_lg_3	20	45412674	45412746	Ala	AGC	0	0	63.4	38.20	25.20	Inf	Ala	98.3	high confidence set
Lsat_1_v8_lg_3	21	45412837	45412909	Ala	AGC	0	0	63.4	38.20	25.20	Inf	Ala	98.3	high confidence set
Lsat_1_v8_lg_3	22	45412985	45413057	Ala	AGC	0	0	63.4	38.20	25.20	Inf	Ala	98.3	high confidence set
Lsat_1_v8_lg_3	23	45413148	45413220	Ala	AGC	0	0	63.4	38.20	25.20	Inf	Ala	98.3	high confidence set
Lsat_1_v8_lg_3	24	45413298	45413370	Ala	AGC	0	0	63.4	38.20	25.20	Inf	Ala	98.3	high confidence set
Lsat_1_v8_lg_3	27	58486707	58486778	His	GTG	0	0	63.0	33.70	29.30	Inf	His	86.8	high confidence set
Lsat_1_v8_lg_3	28	63938644	63938714	Gly	GCC	0	0	66.5	44.80	21.70	Inf	Gly	94.4	high confidence set
Lsat_1_v8_lg_3	29	63938784	63938855	Gln	TTG	0	0	73.5	53.70	19.80	Inf	Gln	104.8	high confidence set
Lsat_1_v8_lg_3	30	68561956	68562027	Asp	GTC	0	0	69.8	46.80	23.00	Inf	Asp	94.5	high confidence set
Lsat_1_v8_lg_3	31	68588563	68588634	Asp	GTC	0	0	69.8	46.80	23.00	Inf	Asp	94.5	high confidence set
Lsat_1_v8_lg_3	32	74728127	74728208	Ser	TGA	0	0	81.1	46.70	34.40	Inf	Ser	122.5	high confidence set
Lsat_1_v8_lg_3	33	74729658	74729739	Ser	TGA	0	0	81.1	46.70	34.40	Inf	Ser	122.5	high confidence set
Lsat_1_v8_lg_3	39	94631635	94631716	Ser	TGA	0	0	81.1	46.70	34.40	Inf	Ser	122.5	high confidence set
Lsat_1_v8_lg_3	40	97524297	97524370	Ile	AAT	0	0	84.9	58.30	26.60	Inf	Ile	109.3	high confidence set
Lsat_1_v8_lg_3	41	100554260	100554332	Glu	CTC	0	0	78.9	53.10	25.80	Inf	Glu	99.2	high confidence set
Lsat_1_v8_lg_3	43	103023111	103023182	Asp	GTC	0	0	56.0	40.10	15.90	Inf	Asp	80.4	high confidence set
Lsat_1_v8_lg_3	48	143452629	143452700	Asp	GTC	0	0	69.8	46.80	23.00	Inf	Asp	94.5	high confidence set
Lsat_1_v8_lg_3	51	148065347	148065418	Asp	GTC	0	0	69.8	46.80	23.00	Inf	Asp	94.5	high confidence set
Lsat_1_v8_lg_3	52	156490597	156490669	Ala	TGC	0	0	70.0	45.30	24.70	Inf	Ala	100.6	high confidence set
Lsat_1_v8_lg_3	53	156493428	156493500	Ala	TGC	0	0	70.0	45.30	24.70	Inf	Ala	100.6	high confidence set
Lsat_1_v8_lg_3	54	156496437	156496509	Ala	TGC	0	0	70.0	45.30	24.70	Inf	Ala	100.6	high confidence set
Lsat_1_v8_lg_3	55	158180092	158180178	Ser	GGA	0	0	59.8	33.10	26.70	Inf	Ser	77.7	unexpected anticodon
Lsat_1_v8_lg_3	60	181099260	181099331	Asn	GTT	0	0	83.8	59.40	24.40	Inf	Asn	79.2	high confidence set
Lsat_1_v8_lg_3	63	188894616	188894695	Leu	TAG	0	0	64.9	47.00	17.90	Inf	Leu	108.8	high confidence set
Lsat_1_v8_lg_3	64	188918542	188918621	Leu	TAG	0	0	69.5	48.50	21.00	Inf	Leu	111.5	high confidence set
Lsat_1_v8_lg_3	65	191155408	191155491	Tyr	GTA	0	0	59.0	32.70	26.30	Inf	Tyr	73.4	high confidence set
Lsat_1_v8_lg_3	68	210964855	210964927	Lys	TTT	0	0	87.3	67.40	19.90	Inf	Lys	95.5	high confidence set
Lsat_1_v8_lg_3	72	248940919	248941007	Tyr	GTA	248940956	248940971	74.3	42.90	31.40	Inf	Tyr	111.8	high confidence set
Lsat_1_v8_lg_3	74	256898816	256898888	Phe	GAA	0	0	76.1	54.40	21.70	Inf	Phe	115.3	high confidence set
Lsat_1_v8_lg_3	77	249038128	249038055	Val	AAC	0	0	72.5	48.10	24.40	Inf	Val	100.2	high confidence set
Lsat_1_v8_lg_3	78	249037946	249037873	Val	AAC	0	0	72.5	48.10	24.40	Inf	Val	100.2	high confidence set
Lsat_1_v8_lg_3	79	244984931	244984851	Leu	AAG	0	0	71.4	51.10	20.30	Inf	Leu	108.5	high confidence set
Lsat_1_v8_lg_3	80	237448434	237448361	Val	AAC	0	0	72.5	48.10	24.40	Inf	Val	100.2	high confidence set
Lsat_1_v8_lg_3	81	237448278	237448205	Val	AAC	0	0	66.8	49.60	17.20	Inf	Val	93.7	high confidence set
Lsat_1_v8_lg_3	82	199207738	199207659	Leu	TAG	0	0	69.5	48.50	21.00	Inf	Leu	111.5	high confidence set
Lsat_1_v8_lg_3	83	199185953	199185874	Leu	TAG	0	0	69.5	48.50	21.00	Inf	Leu	111.5	high confidence set
Lsat_1_v8_lg_3	84	198589625	198589546	Leu	TAG	0	0	69.5	48.50	21.00	Inf	Leu	111.5	high confidence set
Lsat_1_v8_lg_3	102	158181531	158181459	Thr	TGT	0	0	66.8	49.90	16.90	Inf	Thr	80.9	high confidence set
Lsat_1_v8_lg_3	103	155464207	155464136	Gln	TTG	0	0	73.5	53.70	19.80	Inf	Gln	104.8	high confidence set
Lsat_1_v8_lg_3	105	144776468	144776397	His	GTG	0	0	63.0	33.70	29.30	Inf	His	86.8	high confidence set
Lsat_1_v8_lg_3	108	138705879	138705808	Trp	CCA	0	0	75.8	51.20	24.60	Inf	Trp	105.6	high confidence set
Lsat_1_v8_lg_3	110	132384954	132384881	Val	AAC	0	0	72.5	48.10	24.40	Inf	Val	100.2	high confidence set
Lsat_1_v8_lg_3	111	132384073	132384000	Val	AAC	0	0	72.5	48.10	24.40	Inf	Val	100.2	high confidence set
Lsat_1_v8_lg_3	116	103961350	103961269	Ser	AGA	0	0	79.4	43.10	36.30	Inf	Ser	115.0	high confidence set
Lsat_1_v8_lg_3	117	103956354	103956273	Ser	AGA	0	0	79.4	43.10	36.30	Inf	Ser	115.0	high confidence set
Lsat_1_v8_lg_3	122	90813444	90813372	Ala	TGC	0	0	70.0	45.30	24.70	Inf	Ala	100.6	high confidence set
Lsat_1_v8_lg_3	126	73283770	73283697	Val	AAC	0	0	72.5	48.10	24.40	Inf	Val	100.2	high confidence set
Lsat_1_v8_lg_3	127	71764243	71764172	Arg	TCT	0	0	58.3	25.60	32.70	Inf	Gln	70.8	IPD:-24.50,isotype mismatch
Lsat_1_v8_lg_3	128	70580833	70580752	Ser	AGA	0	0	79.4	43.10	36.30	Inf	Ser	115.0	high confidence set
Lsat_1_v8_lg_3	130	69667363	69667292	Asp	GTC	0	0	69.8	46.80	23.00	Inf	Asp	94.5	high confidence set
Lsat_1_v8_lg_3	131	69665972	69665901	Asp	GTC	0	0	69.8	46.80	23.00	Inf	Asp	94.5	high confidence set
Lsat_1_v8_lg_3	132	69549783	69549712	Thr	CGT	0	0	82.2	57.60	24.60	Inf	Thr	90.2	high confidence set
Lsat_1_v8_lg_3	133	69454510	69454437	Asn	GTT	0	0	83.3	58.10	25.20	Inf	Asn	93.9	high confidence set
Lsat_1_v8_lg_3	134	55970182	55970110	Glu	CTC	0	0	78.9	53.10	25.80	Inf	Glu	99.2	high confidence set
Lsat_1_v8_lg_3	135	55535185	55535113	Ala	AGC	0	0	63.4	38.20	25.20	Inf	Ala	98.3	high confidence set
Lsat_1_v8_lg_3	136	55534857	55534785	Ala	AGC	0	0	63.4	38.20	25.20	Inf	Ala	98.3	high confidence set
Lsat_1_v8_lg_3	138	51992645	51992573	Glu	CTC	0	0	78.9	53.10	25.80	Inf	Glu	99.2	high confidence set
Lsat_1_v8_lg_3	139	51429122	51429051	His	GTG	0	0	63.0	33.70	29.30	Inf	His	86.8	high confidence set
Lsat_1_v8_lg_3	142	39802620	39802548	Lys	CTT	0	0	87.7	67.60	20.10	Inf	Lys	106.7	high confidence set
Lsat_1_v8_lg_3	146	23910090	23910006	Met	CAT	23910052	23910042	64.2	40.80	23.40	Inf	Met	104.0	high confidence set
Lsat_1_v8_lg_3	147	23909928	23909855	Ile	AAT	0	0	82.4	58.90	23.50	Inf	Ile	107.0	high confidence set
Lsat_1_v8_lg_3	149	17968198	17968125	Val	AAC	0	0	72.5	48.10	24.40	Inf	Val	100.2	high confidence set
Lsat_1_v8_lg_4	1	4262552	4262634	Leu	TAA	0	0	68.4	29.10	39.30	Inf	Leu	90.1	high confidence set
Lsat_1_v8_lg_4	2	4841014	4841085	Trp	CCA	0	0	75.8	51.20	24.60	Inf	Trp	105.6	high confidence set
Lsat_1_v8_lg_4	5	12520722	12520793	Gln	TTG	0	0	73.5	53.70	19.80	Inf	Gln	104.8	high confidence set
Lsat_1_v8_lg_4	6	15570679	15570750	Asp	GTC	0	0	69.8	46.80	23.00	Inf	Asp	94.5	high confidence set
Lsat_1_v8_lg_4	7	17608277	17608348	Pro	AGG	0	0	67.4	34.70	32.70	Inf	Pro	112.3	high confidence set
Lsat_1_v8_lg_4	10	22107449	22107534	Tyr	GTA	22107486	22107498	74.5	42.90	31.60	Inf	Tyr	111.8	high confidence set
Lsat_1_v8_lg_4	15	41485699	41485770	Gly	TCC	0	0	73.9	46.20	27.70	Inf	Gly	85.6	high confidence set
Lsat_1_v8_lg_4	17	53076205	53076276	Cys	GCA	0	0	81.7	56.10	25.60	Inf	Cys	104.3	high confidence set
Lsat_1_v8_lg_4	18	53076346	53076417	Cys	GCA	0	0	81.7	56.10	25.60	Inf	Cys	104.3	high confidence set
Lsat_1_v8_lg_4	19	60511469	60511541	Thr	TGT	0	0	66.8	49.90	16.90	Inf	Thr	80.9	high confidence set
Lsat_1_v8_lg_4	25	89885921	89886000	Leu	TAG	0	0	69.5	48.50	21.00	Inf	Leu	111.5	high confidence set
Lsat_1_v8_lg_4	27	99231235	99231307	Phe	GAA	0	0	76.1	54.40	21.70	Inf	Phe	115.3	high confidence set
Lsat_1_v8_lg_4	28	104706843	104706926	Leu	CAA	0	0	76.7	54.50	22.20	Inf	Leu	123.1	high confidence set
Lsat_1_v8_lg_4	29	104713037	104713120	Leu	CAA	0	0	79.5	54.50	25.00	Inf	Leu	126.8	high confidence set
Lsat_1_v8_lg_4	31	105570879	105570953	Pro	TGG	0	0	62.8	32.80	30.00	Inf	Trp	73.3	IPD:-42.40,isotype mismatch
Lsat_1_v8_lg_4	34	129543844	129543925	Ser	CGA	0	0	78.9	46.60	32.30	Inf	Ser	122.0	high confidence set
Lsat_1_v8_lg_4	35	129571133	129571214	Ser	TGA	0	0	80.7	46.10	34.60	Inf	Ser	119.7	high confidence set
Lsat_1_v8_lg_4	36	135180339	135180412	Val	AAC	0	0	72.5	48.10	24.40	Inf	Val	100.2	high confidence set
Lsat_1_v8_lg_4	37	136809219	136809300	Ser	AGA	0	0	79.4	43.10	36.30	Inf	Ser	115.0	high confidence set
Lsat_1_v8_lg_4	40	152705035	152705116	Ser	GCT	0	0	79.0	43.10	35.90	Inf	Ser	108.6	high confidence set
Lsat_1_v8_lg_4	43	171340762	171340835	Asn	GTT	0	0	83.3	58.10	25.20	Inf	Asn	93.9	high confidence set
Lsat_1_v8_lg_4	47	175095164	175095237	Arg	TCG	0	0	82.3	61.00	21.30	Inf	Arg	91.9	high confidence set
Lsat_1_v8_lg_4	50	183596013	183596085	Ala	AGC	0	0	63.4	38.20	25.20	Inf	Ala	98.3	high confidence set
Lsat_1_v8_lg_4	51	185678370	185678450	Leu	CAG	0	0	69.5	46.80	22.70	Inf	Leu	109.7	high confidence set
Lsat_1_v8_lg_4	52	189426666	189426739	Ile	AAT	0	0	79.3	55.80	23.50	Inf	Ile	104.3	high confidence set
Lsat_1_v8_lg_4	54	196830464	196830535	Asp	GTC	0	0	69.8	46.80	23.00	Inf	Asp	94.5	high confidence set
Lsat_1_v8_lg_4	59	286405639	286405712	Ile	AAT	0	0	84.5	57.90	26.60	Inf	Ile	108.4	high confidence set
Lsat_1_v8_lg_4	60	286406619	286406692	Ile	AAT	0	0	79.3	55.80	23.50	Inf	Ile	104.3	high confidence set
Lsat_1_v8_lg_4	61	286427709	286427782	Ile	AAT	0	0	79.3	55.80	23.50	Inf	Ile	104.3	high confidence set
Lsat_1_v8_lg_4	62	286427894	286427967	Ile	AAT	0	0	75.1	54.70	20.40	Inf	Ile	100.2	high confidence set
Lsat_1_v8_lg_4	67	296759968	296760050	Ser	TGA	0	0	69.9	37.10	32.80	Inf	Ser	74.2	high confidence set
Lsat_1_v8_lg_4	68	296766115	296766202	Ser	GCT	0	0	67.0	36.80	30.20	Inf	Ser	80.8	high confidence set
Lsat_1_v8_lg_4	73	310562315	310562396	Ser	AGA	0	0	78.8	42.10	36.70	Inf	Ser	112.2	high confidence set
Lsat_1_v8_lg_4	74	318711223	318711296	Asn	GTT	0	0	84.5	59.40	25.10	Inf	Asn	95.9	high confidence set
Lsat_1_v8_lg_4	80	357071585	357071656	Asp	GTC	0	0	69.8	46.80	23.00	Inf	Asp	94.5	high confidence set
Lsat_1_v8_lg_4	89	372892997	372893068	Gln	CTG	0	0	74.6	50.10	24.50	Inf	Gln	105.2	high confidence set
Lsat_1_v8_lg_4	90	373616108	373616179	Thr	TGT	0	0	79.1	48.90	30.20	Inf	Thr	92.7	high confidence set
Lsat_1_v8_lg_4	91	373619335	373619406	Thr	TGT	0	0	79.1	48.90	30.20	Inf	Thr	92.7	high confidence set
Lsat_1_v8_lg_4	95	375694856	375694936	Leu	AAG	0	0	75.7	55.40	20.30	Inf	Leu	112.7	high confidence set
Lsat_1_v8_lg_4	96	373312562	373312491	Asp	GTC	0	0	69.8	46.80	23.00	Inf	Asp	94.5	high confidence set
Lsat_1_v8_lg_4	97	373311940	373311869	Asp	GTC	0	0	69.8	46.80	23.00	Inf	Asp	94.5	high confidence set
Lsat_1_v8_lg_4	98	367159652	367159580	Ala	AGC	0	0	63.4	38.20	25.20	Inf	Ala	98.3	high confidence set
Lsat_1_v8_lg_4	101	357036976	357036905	Asp	GTC	0	0	69.8	46.80	23.00	Inf	Asp	94.5	high confidence set
Lsat_1_v8_lg_4	102	357014036	357013965	Asp	GTC	0	0	65.8	47.70	18.10	Inf	Asp	87.4	high confidence set
Lsat_1_v8_lg_4	104	344680315	344680244	Gln	TTG	0	0	73.5	53.70	19.80	Inf	Gln	104.8	high confidence set
Lsat_1_v8_lg_4	105	344680173	344680102	Gln	TTG	0	0	73.5	53.70	19.80	Inf	Gln	104.8	high confidence set
Lsat_1_v8_lg_4	106	344670592	344670511	Ser	TGA	0	0	81.1	46.70	34.40	Inf	Ser	122.5	high confidence set
Lsat_1_v8_lg_4	111	323917638	323917557	Ser	AGA	0	0	79.4	43.10	36.30	Inf	Ser	115.0	high confidence set
Lsat_1_v8_lg_4	112	323908871	323908790	Ser	AGA	0	0	79.4	43.10	36.30	Inf	Ser	115.0	high confidence set
Lsat_1_v8_lg_4	113	322361169	322361096	Thr	AGT	0	0	61.7	46.60	15.10	Inf	Thr	73.4	high confidence set
Lsat_1_v8_lg_4	115	312901938	312901864	Ile	TAT	0	0	74.1	62.20	11.90	Inf	Ile	83.5	high confidence set
Lsat_1_v8_lg_4	116	310562532	310562459	Asn	GTT	0	0	84.5	59.40	25.10	Inf	Asn	95.9	high confidence set
Lsat_1_v8_lg_4	117	309308275	309308192	Leu	CAA	0	0	76.7	54.50	22.20	Inf	Leu	123.1	high confidence set
Lsat_1_v8_lg_4	119	296765359	296765289	Sup	TCA	0	0	61.9	38.30	23.60	Inf	Cys	72.7	IPD:-72.70,unexpected anticodon
Lsat_1_v8_lg_4	122	295630553	295630481	Lys	CTT	0	0	87.7	67.60	20.10	Inf	Lys	106.7	high confidence set
Lsat_1_v8_lg_4	129	211611854	211611782	Lys	TTT	0	0	87.3	67.40	19.90	Inf	Lys	95.5	high confidence set
Lsat_1_v8_lg_4	133	189630379	189630306	Thr	AGT	0	0	74.7	46.20	28.50	Inf	Thr	89.4	high confidence set
Lsat_1_v8_lg_4	139	173357586	173357514	Glu	CTC	0	0	78.9	53.10	25.80	Inf	Glu	99.2	high confidence set
Lsat_1_v8_lg_4	140	170053610	170053538	Glu	CTC	0	0	78.9	53.10	25.80	Inf	Glu	99.2	high confidence set
Lsat_1_v8_lg_4	141	170050764	170050692	Glu	CTC	0	0	78.9	53.10	25.80	Inf	Glu	99.2	high confidence set
Lsat_1_v8_lg_4	146	147647951	147647879	Ala	TGC	0	0	63.7	38.60	25.10	Inf	Ala	96.5	high confidence set
Lsat_1_v8_lg_4	148	139032593	139032510	Leu	CAA	0	0	82.7	55.70	27.00	Inf	Leu	126.2	high confidence set
Lsat_1_v8_lg_4	150	135632407	135632336	Asp	GTC	0	0	69.8	46.80	23.00	Inf	Asp	94.5	high confidence set
Lsat_1_v8_lg_4	161	117709617	117709545	Ala	CGC	0	0	68.3	44.10	24.20	Inf	Ala	99.2	high confidence set
Lsat_1_v8_lg_4	165	102914001	102913918	Leu	CAA	0	0	69.0	51.90	17.10	Inf	Leu	115.0	high confidence set
Lsat_1_v8_lg_4	170	90580612	90580541	Trp	CCA	0	0	75.1	50.10	25.00	Inf	Trp	105.0	high confidence set
Lsat_1_v8_lg_4	171	85142703	85142630	Asn	GTT	0	0	84.5	59.40	25.10	Inf	Asn	95.9	high confidence set
Lsat_1_v8_lg_4	172	85123045	85122966	Leu	TAG	0	0	69.5	48.50	21.00	Inf	Leu	111.5	high confidence set
Lsat_1_v8_lg_4	175	79513455	79513384	Gln	TTG	0	0	73.5	53.70	19.80	Inf	Gln	104.8	high confidence set
Lsat_1_v8_lg_4	177	76709792	76709705	Ser	GCT	0	0	60.6	36.10	24.50	Inf	Ser	72.9	high confidence set
Lsat_1_v8_lg_4	178	70458231	70458158	Ile	AAT	0	0	79.3	55.80	23.50	Inf	Ile	104.3	high confidence set
Lsat_1_v8_lg_4	179	60649001	60648930	Asp	GTC	0	0	69.8	46.80	23.00	Inf	Asp	94.5	high confidence set
Lsat_1_v8_lg_4	180	60512908	60512822	Ser	GGA	0	0	59.8	33.10	26.70	Inf	Ser	77.7	unexpected anticodon
Lsat_1_v8_lg_4	183	59558189	59558106	Leu	CAA	0	0	79.0	55.00	24.00	Inf	Leu	124.9	high confidence set
Lsat_1_v8_lg_4	185	52696774	52696686	Tyr	GTA	52696737	52696722	74.3	42.80	31.50	Inf	Tyr	111.8	high confidence set
Lsat_1_v8_lg_4	187	51413632	51413549	Leu	CAA	0	0	76.7	54.50	22.20	Inf	Leu	123.1	high confidence set
Lsat_1_v8_lg_4	189	47922058	47921986	Phe	GAA	0	0	76.1	54.40	21.70	Inf	Phe	115.3	high confidence set
Lsat_1_v8_lg_4	194	17782987	17782916	Asp	GTC	0	0	69.8	46.80	23.00	Inf	Asp	94.5	high confidence set
Lsat_1_v8_lg_4	195	17763674	17763603	Thr	CGT	0	0	82.2	57.60	24.60	Inf	Thr	90.2	high confidence set
Lsat_1_v8_lg_4	196	17609218	17609145	Asn	GTT	0	0	84.5	59.40	25.10	Inf	Asn	95.9	high confidence set
Lsat_1_v8_lg_4	198	8742892	8742821	Gly	TCC	0	0	73.9	46.20	27.70	Inf	Gly	85.6	high confidence set
Lsat_1_v8_lg_4	199	5816064	5815993	Thr	TGT	0	0	84.0	57.70	26.30	Inf	Thr	93.7	high confidence set
Lsat_1_v8_lg_4	200	4813547	4813476	Trp	CCA	0	0	75.8	51.20	24.60	Inf	Trp	105.6	high confidence set
Lsat_1_v8_lg_5	1	6111984	6112056	Phe	GAA	0	0	76.1	54.40	21.70	Inf	Phe	115.3	high confidence set
Lsat_1_v8_lg_5	2	10917400	10917473	Arg	ACG	0	0	56.2	44.90	11.30	Inf	Ile	73.7	IPD:-23.30,isotype mismatch
Lsat_1_v8_lg_5	5	16986813	16986885	Phe	GAA	0	0	76.1	54.40	21.70	Inf	Phe	115.3	high confidence set
Lsat_1_v8_lg_5	6	16987834	16987906	Phe	GAA	0	0	61.1	44.70	16.40	Inf	Phe	96.5	high confidence set
Lsat_1_v8_lg_5	7	16988855	16988927	Phe	GAA	0	0	62.8	52.50	10.30	Inf	Phe	103.8	high confidence set
Lsat_1_v8_lg_5	8	16989879	16989951	Phe	GAA	0	0	76.1	54.40	21.70	Inf	Phe	115.3	high confidence set
Lsat_1_v8_lg_5	10	16993664	16993736	Phe	GAA	0	0	64.1	49.30	14.80	Inf	Phe	97.9	high confidence set
Lsat_1_v8_lg_5	13	17000113	17000185	Phe	GAA	0	0	73.5	54.90	18.60	Inf	Phe	109.7	high confidence set
Lsat_1_v8_lg_5	14	17001136	17001208	Phe	GAA	0	0	55.3	44.60	10.70	Inf	Phe	94.9	high confidence set
Lsat_1_v8_lg_5	15	17002160	17002232	Ile	GAT	0	0	66.5	53.10	13.40	Inf	Phe	101.9	IPD:-45.50,isotype mismatch
Lsat_1_v8_lg_5	16	17003179	17003251	Phe	GAA	0	0	76.1	54.40	21.70	Inf	Phe	115.3	high confidence set
Lsat_1_v8_lg_5	17	17004197	17004269	Phe	GAA	0	0	73.5	54.90	18.60	Inf	Phe	109.7	high confidence set
Lsat_1_v8_lg_5	18	17005268	17005340	Phe	GAA	0	0	63.9	46.60	17.30	Inf	Phe	102.1	high confidence set
Lsat_1_v8_lg_5	19	18212997	18213069	Lys	CTT	0	0	87.7	67.60	20.10	Inf	Lys	106.7	high confidence set
Lsat_1_v8_lg_5	22	27292580	27292664	Met	CAT	27292618	27292628	64.3	40.80	23.50	Inf	Met	104.0	high confidence set
Lsat_1_v8_lg_5	25	36083548	36083620	Lys	TTT	0	0	80.3	61.50	18.80	Inf	Lys	78.3	high confidence set
Lsat_1_v8_lg_5	26	36128135	36128208	Val	AAC	0	0	72.5	48.10	24.40	Inf	Val	100.2	high confidence set
Lsat_1_v8_lg_5	27	36432798	36432870	Ala	CGC	0	0	58.8	35.10	23.70	Inf	Ala	84.9	high confidence set
Lsat_1_v8_lg_5	28	39594923	39595003	Leu	CAG	0	0	69.5	46.80	22.70	Inf	Leu	109.7	high confidence set
Lsat_1_v8_lg_5	31	68274262	68274338	Asp	GTC	0	0	52.4	38.20	14.20	Inf	Asp	72.0	trunc_start:4,high confidence set
Lsat_1_v8_lg_5	34	96266166	96266237	iMet	CAT	0	0	58.3	28.10	30.20	Inf	iMet	118.7	high confidence set
Lsat_1_v8_lg_5	35	96267811	96267882	iMet	CAT	0	0	58.3	28.10	30.20	Inf	iMet	118.7	high confidence set
Lsat_1_v8_lg_5	36	96271259	96271330	iMet	CAT	0	0	58.3	28.10	30.20	Inf	iMet	118.7	high confidence set
Lsat_1_v8_lg_5	41	134575694	134575766	Thr	TGT	0	0	66.8	49.90	16.90	Inf	Thr	80.9	high confidence set
Lsat_1_v8_lg_5	48	177304378	177304459	Ser	GCT	0	0	79.0	43.10	35.90	Inf	Ser	108.6	high confidence set
Lsat_1_v8_lg_5	54	220656397	220656477	Leu	AAG	0	0	73.6	51.30	22.30	Inf	Leu	108.5	high confidence set
Lsat_1_v8_lg_5	55	223414504	223414576	Arg	ACG	0	0	71.3	48.60	22.70	Inf	Arg	93.4	high confidence set
Lsat_1_v8_lg_5	56	223872484	223872556	Arg	TCT	0	0	68.1	50.00	18.10	Inf	Arg	96.3	high confidence set
Lsat_1_v8_lg_5	57	229179495	229179578	Leu	CAA	0	0	79.5	54.50	25.00	Inf	Leu	126.8	high confidence set
Lsat_1_v8_lg_5	59	232492661	232492732	Pro	CGG	0	0	68.4	35.70	32.70	Inf	Pro	111.1	high confidence set
Lsat_1_v8_lg_5	60	232492806	232492877	Pro	CGG	0	0	64.0	38.90	25.10	Inf	Pro	109.9	high confidence set
Lsat_1_v8_lg_5	61	232493065	232493136	Pro	TGG	0	0	68.5	35.70	32.80	Inf	Pro	111.2	high confidence set
Lsat_1_v8_lg_5	62	232493593	232493664	Pro	AGG	0	0	67.4	34.70	32.70	Inf	Pro	112.3	high confidence set
Lsat_1_v8_lg_5	63	232503943	232504014	Gly	TCC	0	0	73.9	46.20	27.70	Inf	Gly	85.6	high confidence set
Lsat_1_v8_lg_5	64	232526144	232526215	Pro	TGG	0	0	68.5	35.70	32.80	Inf	Pro	111.2	high confidence set
Lsat_1_v8_lg_5	65	232526554	232526625	Pro	AGG	0	0	67.4	34.70	32.70	Inf	Pro	112.3	high confidence set
Lsat_1_v8_lg_5	66	232534139	232534210	Pro	TGG	0	0	68.5	35.70	32.80	Inf	Pro	111.2	high confidence set
Lsat_1_v8_lg_5	67	232534698	232534769	Pro	AGG	0	0	61.2	32.80	28.40	Inf	Pro	107.0	high confidence set
Lsat_1_v8_lg_5	68	232535620	232535691	Pro	TGG	0	0	68.5	35.70	32.80	Inf	Pro	111.2	high confidence set
Lsat_1_v8_lg_5	69	232537304	232537375	Pro	TGG	0	0	68.5	35.70	32.80	Inf	Pro	111.2	high confidence set
Lsat_1_v8_lg_5	70	232537977	232538048	Pro	AGG	0	0	67.4	34.70	32.70	Inf	Pro	112.3	high confidence set
Lsat_1_v8_lg_5	71	232544179	232544250	Pro	TGG	0	0	68.5	35.70	32.80	Inf	Pro	111.2	high confidence set
Lsat_1_v8_lg_5	72	232544758	232544829	Pro	AGG	0	0	67.4	34.70	32.70	Inf	Pro	112.3	high confidence set
Lsat_1_v8_lg_5	73	232545344	232545415	Pro	TGG	0	0	68.5	35.70	32.80	Inf	Pro	111.2	high confidence set
Lsat_1_v8_lg_5	74	232553624	232553695	Pro	AGG	0	0	67.4	34.70	32.70	Inf	Pro	112.3	high confidence set
Lsat_1_v8_lg_5	75	232555085	232555156	Pro	TGG	0	0	68.5	35.70	32.80	Inf	Pro	111.2	high confidence set
Lsat_1_v8_lg_5	76	232557208	232557279	Pro	CGG	0	0	62.4	31.30	31.10	Inf	Pro	102.4	high confidence set
Lsat_1_v8_lg_5	77	232593182	232593253	Pro	CGG	0	0	68.4	35.70	32.70	Inf	Pro	111.1	high confidence set
Lsat_1_v8_lg_5	78	232593760	232593831	Pro	TGG	0	0	68.5	35.70	32.80	Inf	Pro	111.2	high confidence set
Lsat_1_v8_lg_5	79	232594992	232595063	Pro	TGG	0	0	68.5	35.70	32.80	Inf	Pro	111.2	high confidence set
Lsat_1_v8_lg_5	81	232604825	232604896	Gly	TCC	0	0	73.9	46.20	27.70	Inf	Gly	85.6	high confidence set
Lsat_1_v8_lg_5	83	232608314	232608385	Pro	TGG	0	0	68.5	35.70	32.80	Inf	Pro	111.2	high confidence set
Lsat_1_v8_lg_5	85	232696264	232696335	Pro	AGG	0	0	67.4	34.70	32.70	Inf	Pro	112.3	high confidence set
Lsat_1_v8_lg_5	86	232697133	232697204	Pro	TGG	0	0	68.5	35.70	32.80	Inf	Pro	111.2	high confidence set
Lsat_1_v8_lg_5	87	232726437	232726508	Pro	TGG	0	0	68.5	35.70	32.80	Inf	Pro	111.2	high confidence set
Lsat_1_v8_lg_5	88	232727520	232727591	Pro	TGG	0	0	62.9	30.20	32.70	Inf	Pro	105.1	high confidence set
Lsat_1_v8_lg_5	89	232729573	232729644	Pro	TGG	0	0	68.5	35.70	32.80	Inf	Pro	111.2	high confidence set
Lsat_1_v8_lg_5	91	232731143	232731214	Pro	TGG	0	0	68.5	35.70	32.80	Inf	Pro	111.2	high confidence set
Lsat_1_v8_lg_5	92	232731595	232731666	Pro	TGG	0	0	50.4	26.40	24.00	Inf	Pro	98.3	high confidence set
Lsat_1_v8_lg_5	93	232735626	232735697	Pro	TGG	0	0	68.5	35.70	32.80	Inf	Pro	111.2	high confidence set
Lsat_1_v8_lg_5	94	232736277	232736348	Pro	AGG	0	0	67.4	34.70	32.70	Inf	Pro	112.3	high confidence set
Lsat_1_v8_lg_5	95	232740796	232740867	Pro	TGG	0	0	68.5	35.70	32.80	Inf	Pro	111.2	high confidence set
Lsat_1_v8_lg_5	96	232741218	232741289	Pro	AGG	0	0	67.4	34.70	32.70	Inf	Pro	112.3	high confidence set
Lsat_1_v8_lg_5	97	240280756	240280827	Glu	TTC	0	0	70.5	45.30	25.20	Inf	Glu	97.5	high confidence set
Lsat_1_v8_lg_5	99	251889669	251889751	Ser	TGA	0	0	69.9	37.10	32.80	Inf	Ser	74.2	high confidence set
Lsat_1_v8_lg_5	102	260702215	260702297	Leu	TAA	0	0	68.4	29.10	39.30	Inf	Leu	90.1	high confidence set
Lsat_1_v8_lg_5	105	275439706	275439777	Glu	TTC	0	0	72.0	47.50	24.50	Inf	Glu	101.6	high confidence set
Lsat_1_v8_lg_5	110	300810717	300810788	Asp	GTC	0	0	69.8	46.80	23.00	Inf	Asp	94.5	high confidence set
Lsat_1_v8_lg_5	111	301193883	301193953	Gly	GCC	0	0	66.5	44.80	21.70	Inf	Gly	94.4	high confidence set
Lsat_1_v8_lg_5	112	301197331	301197401	Gly	GCC	0	0	57.9	44.10	13.80	Inf	Gly	82.6	high confidence set
Lsat_1_v8_lg_5	113	304321772	304321853	Ser	GCT	0	0	80.5	45.20	35.30	Inf	Ser	109.5	high confidence set
Lsat_1_v8_lg_5	115	310846161	310846232	Asp	GTC	0	0	69.8	46.80	23.00	Inf	Asp	94.5	high confidence set
Lsat_1_v8_lg_5	116	310922047	310922120	Val	CAC	0	0	81.5	53.50	28.00	Inf	Val	103.7	high confidence set
Lsat_1_v8_lg_5	118	316322094	316322166	Arg	CCT	0	0	69.1	50.30	18.80	Inf	Arg	81.2	high confidence set
Lsat_1_v8_lg_5	119	316944885	316944955	Gly	GCC	0	0	66.5	44.80	21.70	Inf	Gly	94.4	high confidence set
Lsat_1_v8_lg_5	120	316948943	316949013	Gly	GCC	0	0	66.5	44.80	21.70	Inf	Gly	94.4	high confidence set
Lsat_1_v8_lg_5	125	321197407	321197480	Trp	CCA	0	0	70.1	43.00	27.10	Inf	Thr	71.6	IPD:-17.70,isotype mismatch
Lsat_1_v8_lg_5	126	328994994	328995065	Asn	GTT	0	0	83.8	59.40	24.40	Inf	Asn	79.2	high confidence set
Lsat_1_v8_lg_5	127	335457800	335457719	Ser	TGA	0	0	80.7	46.10	34.60	Inf	Ser	119.7	high confidence set
Lsat_1_v8_lg_5	129	329199685	329199615	Gly	GCC	0	0	66.5	44.80	21.70	Inf	Gly	94.4	high confidence set
Lsat_1_v8_lg_5	130	328995603	328995530	Arg	ACG	0	0	56.2	44.90	11.30	Inf	Ile	73.7	IPD:-23.30,isotype mismatch
Lsat_1_v8_lg_5	132	326254553	326254474	Leu	TAG	0	0	69.5	48.50	21.00	Inf	Leu	111.5	high confidence set
Lsat_1_v8_lg_5	133	326254225	326254153	Arg	ACG	0	0	71.3	48.60	22.70	Inf	Arg	93.4	high confidence set
Lsat_1_v8_lg_5	135	320792555	320792485	Gly	GCC	0	0	66.5	44.80	21.70	Inf	Gly	94.4	high confidence set
Lsat_1_v8_lg_5	136	319152948	319152878	Gly	GCC	0	0	62.8	46.40	16.40	Inf	Gly	86.6	high confidence set
Lsat_1_v8_lg_5	137	319151841	319151771	Gly	GCC	0	0	66.5	44.80	21.70	Inf	Gly	94.4	high confidence set
Lsat_1_v8_lg_5	138	315913498	315913419	Leu	TAG	0	0	69.5	48.50	21.00	Inf	Leu	111.5	high confidence set
Lsat_1_v8_lg_5	140	305117870	305117788	Leu	TAA	0	0	68.4	29.10	39.30	Inf	Leu	90.1	high confidence set
Lsat_1_v8_lg_5	141	303663227	303663155	Ala	TGC	0	0	63.7	38.60	25.10	Inf	Ala	96.5	high confidence set
Lsat_1_v8_lg_5	144	285642229	285642158	His	GTG	0	0	63.0	33.70	29.30	Inf	His	86.8	high confidence set
Lsat_1_v8_lg_5	145	275304701	275304630	Pro	TGG	0	0	69.2	36.90	32.30	Inf	Pro	112.8	high confidence set
Lsat_1_v8_lg_5	146	274849142	274849060	Leu	TAA	0	0	68.4	29.10	39.30	Inf	Leu	90.1	high confidence set
Lsat_1_v8_lg_5	147	274378929	274378849	Leu	AAG	0	0	74.0	52.20	21.80	Inf	Leu	110.4	high confidence set
Lsat_1_v8_lg_5	150	263780806	263780733	Asn	GTT	0	0	84.5	59.40	25.10	Inf	Asn	95.9	high confidence set
Lsat_1_v8_lg_5	151	263734664	263734591	Asn	GTT	0	0	84.5	59.40	25.10	Inf	Asn	95.9	high confidence set
Lsat_1_v8_lg_5	152	260922022	260921941	Ser	CGA	0	0	77.5	44.40	33.10	Inf	Ser	120.8	high confidence set
Lsat_1_v8_lg_5	153	260827140	260827068	Ala	TGC	0	0	70.0	45.30	24.70	Inf	Ala	100.6	high confidence set
Lsat_1_v8_lg_5	154	259932158	259932085	Arg	TCG	0	0	82.3	61.00	21.30	Inf	Arg	91.9	high confidence set
Lsat_1_v8_lg_5	155	253102970	253102897	Ile	TAT	0	0	81.1	62.80	18.30	Inf	Ile	98.7	high confidence set
Lsat_1_v8_lg_5	159	250165562	250165490	Glu	CTC	0	0	78.9	53.10	25.80	Inf	Glu	99.2	high confidence set
Lsat_1_v8_lg_5	162	246106108	246106035	Val	CAC	0	0	81.5	53.50	28.00	Inf	Val	103.7	high confidence set
Lsat_1_v8_lg_5	163	237665455	237665383	Arg	TCT	0	0	68.5	50.60	17.90	Inf	Arg	98.8	high confidence set
Lsat_1_v8_lg_5	164	237223682	237223611	Asp	GTC	0	0	69.7	46.70	23.00	Inf	Asp	90.7	high confidence set
Lsat_1_v8_lg_5	165	232742745	232742674	Gly	TCC	0	0	73.9	46.20	27.70	Inf	Gly	85.6	high confidence set
Lsat_1_v8_lg_5	166	232739042	232738971	Gly	TCC	0	0	73.9	46.20	27.70	Inf	Gly	85.6	high confidence set
Lsat_1_v8_lg_5	167	232698412	232698341	Gly	TCC	0	0	73.9	46.20	27.70	Inf	Gly	85.6	high confidence set
Lsat_1_v8_lg_5	168	232610171	232610100	Gly	TCC	0	0	73.9	46.20	27.70	Inf	Gly	85.6	high confidence set
Lsat_1_v8_lg_5	169	232546659	232546588	Gly	TCC	0	0	73.9	46.20	27.70	Inf	Gly	85.6	high confidence set
Lsat_1_v8_lg_5	170	232539471	232539400	Gly	TCC	0	0	73.9	46.20	27.70	Inf	Gly	85.6	high confidence set
Lsat_1_v8_lg_5	171	232517718	232517647	Gly	TCC	0	0	73.9	46.20	27.70	Inf	Gly	85.6	high confidence set
Lsat_1_v8_lg_5	172	232516427	232516356	Pro	TGG	0	0	68.5	35.70	32.80	Inf	Pro	111.2	high confidence set
Lsat_1_v8_lg_5	173	232515982	232515911	Pro	AGG	0	0	58.0	34.00	24.00	Inf	Pro	102.6	high confidence set
Lsat_1_v8_lg_5	174	232514157	232514086	Leu	TAG	0	0	50.4	26.40	24.00	Inf	Pro	98.3	IPD:-105.20,isotype mismatch
Lsat_1_v8_lg_5	175	232510163	232510092	Pro	TGG	0	0	62.7	29.90	32.80	Inf	Pro	103.4	high confidence set
Lsat_1_v8_lg_5	176	232509636	232509565	Pro	AGG	0	0	57.9	35.20	22.70	Inf	Pro	103.7	high confidence set
Lsat_1_v8_lg_5	177	232508072	232508001	Pro	TGG	0	0	68.5	35.70	32.80	Inf	Pro	111.2	high confidence set
Lsat_1_v8_lg_5	178	232506388	232506317	Pro	TGG	0	0	54.7	31.30	23.40	Inf	Pro	91.8	high confidence set
Lsat_1_v8_lg_5	181	224766384	224766311	Ile	AAT	0	0	82.3	53.80	28.50	Inf	Ile	104.1	high confidence set
Lsat_1_v8_lg_5	182	223872688	223872618	Gly	CCC	0	0	66.0	29.20	36.80	Inf	Gly	87.4	high confidence set
Lsat_1_v8_lg_5	183	223627098	223627012	Ser	GGA	0	0	59.8	33.10	26.70	Inf	Ser	77.7	unexpected anticodon
Lsat_1_v8_lg_5	185	222971746	222971675	Trp	CCA	0	0	75.1	50.10	25.00	Inf	Trp	105.0	high confidence set
Lsat_1_v8_lg_5	186	211324562	211324481	Ser	AGA	0	0	79.4	43.10	36.30	Inf	Ser	115.0	high confidence set
Lsat_1_v8_lg_5	187	202871187	202871114	Asn	GTT	0	0	77.3	57.80	19.50	Inf	Asn	85.6	high confidence set
Lsat_1_v8_lg_5	190	177546139	177546067	Ala	AGC	0	0	63.4	38.20	25.20	Inf	Ala	98.3	high confidence set
Lsat_1_v8_lg_5	191	177545425	177545344	Ser	GCT	0	0	80.5	45.20	35.30	Inf	Ser	109.5	high confidence set
Lsat_1_v8_lg_5	192	177451984	177451912	Ala	AGC	0	0	63.4	38.20	25.20	Inf	Ala	98.3	high confidence set
Lsat_1_v8_lg_5	193	177451315	177451234	Ser	GCT	0	0	80.5	45.20	35.30	Inf	Ser	109.5	high confidence set
Lsat_1_v8_lg_5	195	161718735	161718653	Leu	TAA	0	0	59.0	28.40	30.60	Inf	Leu	80.7	high confidence set
Lsat_1_v8_lg_5	196	154060662	154060590	Lys	TTT	0	0	87.3	67.40	19.90	Inf	Lys	95.5	high confidence set
Lsat_1_v8_lg_5	198	134577133	134577047	Ser	GGA	0	0	59.8	33.10	26.70	Inf	Ser	77.7	unexpected anticodon
Lsat_1_v8_lg_5	199	129694541	129694469	Ala	TGC	0	0	70.0	45.30	24.70	Inf	Ala	100.6	high confidence set
Lsat_1_v8_lg_5	200	122191238	122191166	Lys	TTT	0	0	86.3	66.30	20.00	Inf	Lys	94.6	high confidence set
Lsat_1_v8_lg_5	201	109152138	109152067	Asn	GTT	0	0	80.2	57.60	22.60	Inf	Asn	73.0	high confidence set
Lsat_1_v8_lg_5	205	65401314	65401242	Arg	CCT	0	0	69.1	50.30	18.80	Inf	Arg	81.2	high confidence set
Lsat_1_v8_lg_5	206	59739192	59739121	Glu	TTC	0	0	70.5	45.30	25.20	Inf	Glu	97.5	high confidence set
Lsat_1_v8_lg_5	207	59730243	59730172	Glu	TTC	0	0	70.5	45.30	25.20	Inf	Glu	97.5	high confidence set
Lsat_1_v8_lg_5	215	44276020	44275947	Thr	AGT	0	0	74.7	46.20	28.50	Inf	Thr	89.4	high confidence set
Lsat_1_v8_lg_5	217	36132147	36132076	Asp	GTC	0	0	69.8	46.80	23.00	Inf	Asp	94.5	high confidence set
Lsat_1_v8_lg_5	219	36068735	36068663	Lys	TTT	0	0	80.3	61.50	18.80	Inf	Lys	78.3	high confidence set
Lsat_1_v8_lg_5	223	20401800	20401727	Val	AAC	0	0	72.5	48.10	24.40	Inf	Val	100.2	high confidence set
Lsat_1_v8_lg_5	224	17921146	17921073	Thr	AGT	0	0	74.7	46.20	28.50	Inf	Thr	89.4	high confidence set
Lsat_1_v8_lg_5	225	17598758	17598686	Phe	GAA	0	0	76.1	54.40	21.70	Inf	Phe	115.3	high confidence set
Lsat_1_v8_lg_5	227	17594959	17594887	Phe	GAA	0	0	76.1	54.40	21.70	Inf	Phe	115.3	high confidence set
Lsat_1_v8_lg_5	228	17592192	17592120	Phe	GAA	0	0	63.1	45.40	17.70	Inf	Phe	98.1	high confidence set
Lsat_1_v8_lg_5	229	17591170	17591098	Phe	GAA	0	0	76.1	54.40	21.70	Inf	Phe	115.3	high confidence set
Lsat_1_v8_lg_5	230	17590150	17590078	Phe	GAA	0	0	76.1	54.40	21.70	Inf	Phe	115.3	high confidence set
Lsat_1_v8_lg_5	231	17589127	17589055	Phe	GAA	0	0	76.1	54.40	21.70	Inf	Phe	115.3	high confidence set
Lsat_1_v8_lg_5	232	17588103	17588031	Phe	GAA	0	0	76.1	54.40	21.70	Inf	Phe	115.3	high confidence set
Lsat_1_v8_lg_5	233	17587083	17587011	Phe	GAA	0	0	65.7	49.70	16.00	Inf	Phe	92.2	high confidence set
Lsat_1_v8_lg_5	235	12502857	12502785	Phe	GAA	0	0	76.1	54.40	21.70	Inf	Phe	115.3	high confidence set
Lsat_1_v8_lg_5	237	9749139	9749068	iMet	CAT	0	0	58.3	28.10	30.20	Inf	iMet	118.7	high confidence set
Lsat_1_v8_lg_5	239	441629	441558	Trp	CCA	0	0	74.2	47.90	26.30	Inf	Trp	101.5	high confidence set
Lsat_1_v8_lg_6	3	3551447	3551520	Ile	AAT	0	0	73.5	55.70	17.80	Inf	Ile	97.1	high confidence set
Lsat_1_v8_lg_6	6	13381892	13381962	Gly	GCC	0	0	66.5	44.80	21.70	Inf	Gly	94.4	high confidence set
Lsat_1_v8_lg_6	9	18986366	18986437	Asn	GTT	0	0	83.8	59.40	24.40	Inf	Asn	79.2	high confidence set
Lsat_1_v8_lg_6	13	32159737	32159809	Glu	CTC	0	0	78.9	53.10	25.80	Inf	Glu	99.2	high confidence set
Lsat_1_v8_lg_6	16	43245744	43245816	Ala	AGC	0	0	63.4	38.20	25.20	Inf	Ala	98.3	high confidence set
Lsat_1_v8_lg_6	17	56620464	56620546	Leu	TAA	0	0	74.9	36.40	38.50	Inf	Leu	99.1	high confidence set
Lsat_1_v8_lg_6	18	59812829	59812901	Phe	GAA	0	0	73.9	50.10	23.80	Inf	Phe	108.5	high confidence set
Lsat_1_v8_lg_6	21	69849757	69849828	Asp	GTC	0	0	70.0	47.20	22.80	Inf	Asp	93.4	high confidence set
Lsat_1_v8_lg_6	22	73552311	73552382	Gly	TCC	0	0	73.9	46.20	27.70	Inf	Gly	85.6	high confidence set
Lsat_1_v8_lg_6	24	81255038	81255109	Gly	TCC	0	0	73.9	46.20	27.70	Inf	Gly	85.6	high confidence set
Lsat_1_v8_lg_6	25	81352129	81352200	Gly	TCC	0	0	73.9	46.20	27.70	Inf	Gly	85.6	high confidence set
Lsat_1_v8_lg_6	27	84590684	84590756	Val	TAC	0	0	72.4	48.00	24.40	Inf	Val	102.7	high confidence set
Lsat_1_v8_lg_6	28	86029487	86029558	Cys	GCA	0	0	82.1	59.90	22.20	Inf	Cys	106.6	high confidence set
Lsat_1_v8_lg_6	29	89172289	89172381	Tyr	GTA	89172326	89172345	74.2	42.80	31.40	Inf	Tyr	111.8	high confidence set
Lsat_1_v8_lg_6	30	89174668	89174760	Tyr	GTA	89174705	89174724	66.1	34.80	31.30	Inf	Tyr	103.0	high confidence set
Lsat_1_v8_lg_6	33	132304676	132304749	Ile	AAT	0	0	79.3	55.80	23.50	Inf	Ile	104.3	high confidence set
Lsat_1_v8_lg_6	36	140918214	140918285	iMet	CAT	0	0	58.3	28.10	30.20	Inf	iMet	118.7	high confidence set
Lsat_1_v8_lg_6	37	143981210	143981281	Cys	GCA	0	0	82.1	59.90	22.20	Inf	Cys	106.6	high confidence set
Lsat_1_v8_lg_6	46	174513917	174513998	Ser	GCT	0	0	80.5	45.20	35.30	Inf	Ser	109.5	high confidence set
Lsat_1_v8_lg_6	56	186474619	186474547	Ala	TGC	0	0	69.1	43.30	25.80	Inf	Ala	101.9	high confidence set
Lsat_1_v8_lg_6	57	178730945	178730863	Leu	TAA	0	0	68.4	29.10	39.30	Inf	Leu	90.1	high confidence set
Lsat_1_v8_lg_6	68	138842102	138842030	Ala	CGC	0	0	67.5	42.90	24.60	Inf	Ala	99.2	high confidence set
Lsat_1_v8_lg_6	69	96651222	96651151	Cys	GCA	0	0	77.9	51.10	26.80	Inf	Cys	99.3	high confidence set
Lsat_1_v8_lg_6	73	85009102	85009015	Ser	GCT	0	0	67.0	36.80	30.20	Inf	Ser	80.8	high confidence set
Lsat_1_v8_lg_6	74	79672857	79672784	Asn	GTT	0	0	83.3	58.10	25.20	Inf	Asn	93.9	high confidence set
Lsat_1_v8_lg_6	75	79615201	79615128	Asn	GTT	0	0	82.3	57.10	25.20	Inf	Asn	92.8	high confidence set
Lsat_1_v8_lg_6	76	79600008	79599935	Asn	GTT	0	0	82.3	57.10	25.20	Inf	Asn	92.8	high confidence set
Lsat_1_v8_lg_6	83	46513822	46513751	Glu	TTC	0	0	70.5	45.30	25.20	Inf	Glu	97.5	high confidence set
Lsat_1_v8_lg_6	85	41569654	41569582	Lys	TTT	0	0	87.3	67.40	19.90	Inf	Lys	95.5	high confidence set
Lsat_1_v8_lg_6	89	37274456	37274384	Arg	TCT	0	0	68.1	50.00	18.10	Inf	Arg	96.3	high confidence set
Lsat_1_v8_lg_6	92	24406332	24406259	Thr	AGT	0	0	65.9	44.50	21.40	Inf	Thr	82.3	high confidence set
Lsat_1_v8_lg_6	96	13475472	13475401	Gly	TCC	0	0	73.9	46.20	27.70	Inf	Gly	85.6	high confidence set
Lsat_1_v8_lg_7	2	1682780	1682853	Val	AAC	0	0	72.5	48.10	24.40	Inf	Val	100.2	high confidence set
Lsat_1_v8_lg_7	4	5299379	5299450	Cys	GCA	0	0	81.7	56.10	25.60	Inf	Cys	104.3	high confidence set
Lsat_1_v8_lg_7	5	6209032	6209102	Gly	GCC	0	0	66.5	44.80	21.70	Inf	Gly	94.4	high confidence set
Lsat_1_v8_lg_7	6	6213004	6213074	Gly	GCC	0	0	66.5	44.80	21.70	Inf	Gly	94.4	high confidence set
Lsat_1_v8_lg_7	9	26716123	26716194	Gln	TTG	0	0	73.5	53.70	19.80	Inf	Gln	104.8	high confidence set
Lsat_1_v8_lg_7	11	30770359	30770432	Ile	TAT	0	0	81.1	62.80	18.30	Inf	Ile	98.7	high confidence set
Lsat_1_v8_lg_7	12	33362108	33362180	Glu	CTC	0	0	78.9	53.10	25.80	Inf	Glu	99.2	high confidence set
Lsat_1_v8_lg_7	13	53500516	53500587	Glu	TTC	0	0	70.5	45.30	25.20	Inf	Glu	97.5	high confidence set
Lsat_1_v8_lg_7	16	58855633	58855704	Asn	GTT	0	0	65.8	54.90	10.90	Inf	Asn	71.5	high confidence set
Lsat_1_v8_lg_7	17	59805271	59805352	Ser	AGA	0	0	79.4	43.10	36.30	Inf	Ser	115.0	high confidence set
Lsat_1_v8_lg_7	18	62744553	62744637	Tyr	GTA	62744590	62744601	74.5	43.00	31.50	Inf	Tyr	111.8	high confidence set
Lsat_1_v8_lg_7	19	65085356	65085429	Asn	GTT	0	0	84.5	59.40	25.10	Inf	Asn	95.9	high confidence set
Lsat_1_v8_lg_7	21	84782247	84782318	Cys	GCA	0	0	82.0	60.80	21.20	Inf	Cys	106.2	high confidence set
Lsat_1_v8_lg_7	22	84784954	84785025	Cys	GCA	0	0	63.6	48.70	14.90	Inf	Cys	89.6	high confidence set
Lsat_1_v8_lg_7	23	84787296	84787367	Cys	GCA	0	0	66.4	44.30	22.10	Inf	Cys	85.6	high confidence set
Lsat_1_v8_lg_7	24	84789756	84789827	Cys	GCA	0	0	75.9	60.70	15.20	Inf	Cys	98.3	high confidence set
Lsat_1_v8_lg_7	25	84792227	84792298	Cys	ACA	0	0	82.1	59.90	22.20	Inf	Cys	106.6	unexpected anticodon
Lsat_1_v8_lg_7	26	84794659	84794730	Cys	GCA	0	0	73.5	54.40	19.10	Inf	Cys	95.9	high confidence set
Lsat_1_v8_lg_7	27	84797091	84797162	Cys	GCA	0	0	84.1	61.90	22.20	Inf	Cys	103.5	high confidence set
Lsat_1_v8_lg_7	28	84805362	84805433	Cys	GCA	0	0	71.8	58.60	13.20	Inf	Cys	95.4	high confidence set
Lsat_1_v8_lg_7	30	84811194	84811265	Cys	GCA	0	0	69.3	52.80	16.50	Inf	Cys	90.9	high confidence set
Lsat_1_v8_lg_7	31	84814617	84814688	Cys	GCA	0	0	60.8	48.40	12.40	Inf	Cys	86.6	high confidence set
Lsat_1_v8_lg_7	32	84817434	84817505	Cys	GCA	0	0	82.0	60.80	21.20	Inf	Cys	106.2	high confidence set
Lsat_1_v8_lg_7	34	84822164	84822235	Cys	GCA	0	0	75.0	59.00	16.00	Inf	Cys	100.3	high confidence set
Lsat_1_v8_lg_7	35	84828004	84828075	Cys	GCA	0	0	69.9	55.00	14.90	Inf	Cys	90.7	high confidence set
Lsat_1_v8_lg_7	36	84830419	84830490	Cys	GCA	0	0	72.0	56.10	15.90	Inf	Cys	97.9	high confidence set
Lsat_1_v8_lg_7	37	84832836	84832907	Cys	GCA	0	0	82.1	59.90	22.20	Inf	Cys	106.6	high confidence set
Lsat_1_v8_lg_7	38	85093041	85093113	Lys	TTT	0	0	87.3	67.40	19.90	Inf	Lys	95.5	high confidence set
Lsat_1_v8_lg_7	39	86017278	86017349	Asp	GTC	0	0	60.5	43.90	16.60	Inf	Asp	82.2	high confidence set
Lsat_1_v8_lg_7	40	86048408	86048479	Asp	GTC	0	0	69.8	46.80	23.00	Inf	Asp	94.5	high confidence set
Lsat_1_v8_lg_7	41	86052893	86052964	Asp	GTC	0	0	69.8	46.80	23.00	Inf	Asp	94.5	high confidence set
Lsat_1_v8_lg_7	42	86083558	86083629	Asp	GTC	0	0	69.8	46.80	23.00	Inf	Asp	94.5	high confidence set
Lsat_1_v8_lg_7	43	86087926	86087997	Asp	GTC	0	0	69.8	46.80	23.00	Inf	Asp	94.5	high confidence set
Lsat_1_v8_lg_7	49	105580059	105580141	Ser	TGA	0	0	69.9	37.10	32.80	Inf	Ser	74.2	high confidence set
Lsat_1_v8_lg_7	52	124097183	124097265	Leu	TAA	0	0	68.4	29.10	39.30	Inf	Leu	90.1	high confidence set
Lsat_1_v8_lg_7	53	126357840	126357912	Arg	TCT	0	0	68.1	50.00	18.10	Inf	Arg	96.3	high confidence set
Lsat_1_v8_lg_7	54	129617875	129617960	Met	CAT	129617913	129617924	64.2	40.80	23.40	Inf	Met	104.0	high confidence set
Lsat_1_v8_lg_7	58	139512523	139512594	Gly	TCC	0	0	73.9	46.20	27.70	Inf	Gly	85.6	high confidence set
Lsat_1_v8_lg_7	59	142418248	142418319	Pro	TGG	0	0	68.5	35.70	32.80	Inf	Pro	111.2	high confidence set
Lsat_1_v8_lg_7	60	142419449	142419520	Pro	CGG	0	0	68.4	35.70	32.70	Inf	Pro	111.1	high confidence set
Lsat_1_v8_lg_7	61	149564037	149564110	Ile	AAT	0	0	79.3	55.80	23.50	Inf	Ile	104.3	high confidence set
Lsat_1_v8_lg_7	62	149575444	149575514	Gly	GCC	0	0	66.5	44.80	21.70	Inf	Gly	94.4	high confidence set
Lsat_1_v8_lg_7	64	150276948	150277021	Asn	GTT	0	0	83.3	58.10	25.20	Inf	Asn	93.9	high confidence set
Lsat_1_v8_lg_7	66	160530778	160530859	Ser	TGA	0	0	81.1	46.70	34.40	Inf	Ser	122.5	high confidence set
Lsat_1_v8_lg_7	72	167799622	167799694	Lys	TTT	0	0	80.3	61.50	18.80	Inf	Lys	78.3	high confidence set
Lsat_1_v8_lg_7	74	171779697	171779782	Tyr	GTA	171779734	171779746	74.5	43.00	31.50	Inf	Tyr	111.8	high confidence set
Lsat_1_v8_lg_7	76	174363416	174363487	Thr	TGT	0	0	79.1	48.90	30.20	Inf	Thr	92.7	high confidence set
Lsat_1_v8_lg_7	81	183375368	183375439	iMet	CAT	0	0	58.3	28.10	30.20	Inf	iMet	118.7	high confidence set
Lsat_1_v8_lg_7	82	183659877	183659947	Gly	CCC	0	0	66.0	29.20	36.80	Inf	Gly	87.4	high confidence set
Lsat_1_v8_lg_7	86	189945962	189946033	His	GTG	0	0	63.0	33.70	29.30	Inf	His	86.8	high confidence set
Lsat_1_v8_lg_7	87	190956440	190956511	Asn	GTT	0	0	80.2	57.60	22.60	Inf	Asn	73.0	high confidence set
Lsat_1_v8_lg_7	88	191066598	191066669	Trp	CCA	0	0	74.2	47.90	26.30	Inf	Trp	101.5	high confidence set
Lsat_1_v8_lg_7	89	193908743	193908815	Phe	GAA	0	0	76.1	54.40	21.70	Inf	Phe	115.3	high confidence set
Lsat_1_v8_lg_7	95	185419754	185419681	Thr	AGT	0	0	76.0	48.40	27.60	Inf	Thr	90.6	high confidence set
Lsat_1_v8_lg_7	96	185419334	185419261	Thr	AGT	0	0	76.0	48.40	27.60	Inf	Thr	90.6	high confidence set
Lsat_1_v8_lg_7	97	185418924	185418851	Thr	AGT	0	0	75.7	47.80	27.90	Inf	Thr	90.2	high confidence set
Lsat_1_v8_lg_7	98	185418484	185418411	Thr	AGT	0	0	76.0	48.40	27.60	Inf	Thr	90.6	high confidence set
Lsat_1_v8_lg_7	99	185412426	185412353	Thr	AGT	0	0	68.2	46.50	21.70	Inf	Thr	84.9	high confidence set
Lsat_1_v8_lg_7	100	184263759	184263687	Phe	GAA	0	0	76.1	54.40	21.70	Inf	Phe	115.3	high confidence set
Lsat_1_v8_lg_7	101	182866485	182866413	Ala	AGC	0	0	63.4	38.20	25.20	Inf	Ala	98.3	high confidence set
Lsat_1_v8_lg_7	103	173786465	173786392	Ile	TAT	0	0	85.9	70.60	15.30	Inf	Ile	103.9	high confidence set
Lsat_1_v8_lg_7	110	163391303	163391224	Leu	TAG	0	0	69.5	48.50	21.00	Inf	Leu	111.5	high confidence set
Lsat_1_v8_lg_7	112	162082722	162082650	Ala	TGC	0	0	70.0	45.30	24.70	Inf	Ala	100.6	high confidence set
Lsat_1_v8_lg_7	113	158090156	158090084	Phe	GAA	0	0	73.9	50.10	23.80	Inf	Phe	108.5	high confidence set
Lsat_1_v8_lg_7	115	152028368	152028297	Glu	TTC	0	0	70.5	45.30	25.20	Inf	Glu	97.5	high confidence set
Lsat_1_v8_lg_7	116	148559093	148559021	Ala	CGC	0	0	67.5	42.90	24.60	Inf	Ala	99.2	high confidence set
Lsat_1_v8_lg_7	117	148361383	148361312	Pro	AGG	0	0	67.4	34.70	32.70	Inf	Pro	112.3	high confidence set
Lsat_1_v8_lg_7	119	146300297	146300225	Arg	TCT	0	0	68.5	50.60	17.90	Inf	Arg	98.8	high confidence set
Lsat_1_v8_lg_7	121	130575789	130575718	Glu	TTC	0	0	70.5	45.30	25.20	Inf	Glu	97.5	high confidence set
Lsat_1_v8_lg_7	122	129643059	129642989	Gly	CCC	0	0	60.5	31.00	29.50	Inf	Gly	79.8	high confidence set
Lsat_1_v8_lg_7	123	128543417	128543344	Arg	TCG	0	0	81.9	60.40	21.50	Inf	Arg	92.9	high confidence set
Lsat_1_v8_lg_7	124	126140224	126140153	Trp	CCA	0	0	75.8	51.20	24.60	Inf	Trp	105.6	high confidence set
Lsat_1_v8_lg_7	126	124112742	124112658	Met	CAT	124112704	124112694	64.2	40.80	23.40	Inf	Met	104.0	high confidence set
Lsat_1_v8_lg_7	127	124066390	124066306	Met	CAT	124066352	124066342	64.2	40.80	23.40	Inf	Met	104.0	high confidence set
Lsat_1_v8_lg_7	131	102205576	102205504	Lys	TTT	0	0	80.3	61.50	18.80	Inf	Lys	78.3	high confidence set
Lsat_1_v8_lg_7	132	91064334	91064263	Arg	TCT	0	0	58.3	25.60	32.70	Inf	Gln	70.8	IPD:-24.50,isotype mismatch
Lsat_1_v8_lg_7	134	87024457	87024386	Cys	GCA	0	0	82.1	59.90	22.20	Inf	Cys	106.6	high confidence set
Lsat_1_v8_lg_7	135	86987884	86987813	Cys	GCA	0	0	72.2	56.10	16.10	Inf	Cys	95.4	high confidence set
Lsat_1_v8_lg_7	136	86985915	86985844	Cys	GCA	0	0	66.6	53.10	13.50	Inf	Cys	90.9	high confidence set
Lsat_1_v8_lg_7	137	86983964	86983893	Cys	GCA	0	0	70.5	57.30	13.20	Inf	Cys	94.6	high confidence set
Lsat_1_v8_lg_7	138	86323902	86323831	Asp	GTC	0	0	69.8	46.80	23.00	Inf	Asp	94.5	high confidence set
Lsat_1_v8_lg_7	140	85436102	85436031	Asp	GTC	0	0	69.8	46.80	23.00	Inf	Asp	94.5	high confidence set
Lsat_1_v8_lg_7	141	85141719	85141647	Ala	AGC	0	0	63.4	38.20	25.20	Inf	Ala	98.3	high confidence set
Lsat_1_v8_lg_7	142	85043679	85043608	Cys	GCA	0	0	78.3	56.10	22.20	Inf	Cys	100.7	high confidence set
Lsat_1_v8_lg_7	143	84964287	84964216	Cys	GCA	0	0	82.0	59.80	22.20	Inf	Cys	106.5	high confidence set
Lsat_1_v8_lg_7	144	84959262	84959191	Cys	GCA	0	0	79.0	59.90	19.10	Inf	Cys	103.5	high confidence set
Lsat_1_v8_lg_7	145	84887359	84887288	Cys	GCA	0	0	78.8	59.70	19.10	Inf	Cys	103.4	high confidence set
Lsat_1_v8_lg_7	146	84845213	84845142	Cys	GCA	0	0	74.2	58.40	15.80	Inf	Cys	94.6	high confidence set
Lsat_1_v8_lg_7	147	84841280	84841209	Cys	GCA	0	0	71.2	53.20	18.00	Inf	Cys	97.4	high confidence set
Lsat_1_v8_lg_7	148	84835730	84835659	Cys	GCA	0	0	65.1	50.20	14.90	Inf	Cys	91.1	high confidence set
Lsat_1_v8_lg_7	151	84742843	84742772	Cys	GCA	0	0	71.8	52.80	19.00	Inf	Cys	101.2	high confidence set
Lsat_1_v8_lg_7	153	77376476	77376406	Gly	GCC	0	0	66.5	44.80	21.70	Inf	Gly	94.4	high confidence set
Lsat_1_v8_lg_7	156	58249723	58249642	Ser	GCT	0	0	79.0	43.10	35.90	Inf	Ser	108.6	high confidence set
Lsat_1_v8_lg_7	157	57635056	57634976	Leu	AAG	0	0	74.0	52.20	21.80	Inf	Leu	110.4	high confidence set
Lsat_1_v8_lg_7	162	34344897	34344824	Ile	AAT	0	0	79.3	55.80	23.50	Inf	Ile	104.3	high confidence set
Lsat_1_v8_lg_7	165	21141050	21140979	Trp	CCA	0	0	71.8	49.80	22.00	Inf	Trp	100.3	high confidence set
Lsat_1_v8_lg_7	166	21140498	21140427	Trp	CCA	0	0	75.8	51.20	24.60	Inf	Trp	105.6	high confidence set
Lsat_1_v8_lg_7	173	5270461	5270378	Leu	CAA	0	0	77.7	54.90	22.80	Inf	Leu	123.7	high confidence set
Lsat_1_v8_lg_7	175	2160007	2159936	Gln	CTG	0	0	73.0	47.90	25.10	Inf	Gln	103.1	high confidence set
Lsat_1_v8_lg_8	5	4717605	4717676	Arg	TCT	0	0	58.3	25.60	32.70	Inf	Gln	70.8	IPD:-24.50,isotype mismatch
Lsat_1_v8_lg_8	6	6071462	6071532	Gly	CCC	0	0	66.0	29.20	36.80	Inf	Gly	87.4	high confidence set
Lsat_1_v8_lg_8	8	7949816	7949887	iMet	CAT	0	0	58.3	28.10	30.20	Inf	iMet	118.7	high confidence set
Lsat_1_v8_lg_8	10	12498787	12498859	Lys	TTT	0	0	87.3	67.40	19.90	Inf	Lys	95.5	high confidence set
Lsat_1_v8_lg_8	14	16165345	16165417	Lys	CTT	0	0	87.7	67.60	20.10	Inf	Lys	106.7	high confidence set
Lsat_1_v8_lg_8	16	24710565	24710637	Lys	TTT	0	0	87.3	67.40	19.90	Inf	Lys	95.5	high confidence set
Lsat_1_v8_lg_8	19	28381866	28381950	Met	CAT	28381904	28381914	64.2	40.80	23.40	Inf	Met	104.0	high confidence set
Lsat_1_v8_lg_8	22	37801689	37801761	Lys	CTT	0	0	87.7	67.60	20.10	Inf	Lys	106.7	high confidence set
Lsat_1_v8_lg_8	28	47849329	47849402	Arg	TCG	0	0	81.9	60.40	21.50	Inf	Arg	92.9	high confidence set
Lsat_1_v8_lg_8	31	56484820	56484890	Gly	GCC	0	0	66.5	44.80	21.70	Inf	Gly	94.4	high confidence set
Lsat_1_v8_lg_8	33	65811059	65811130	Thr	CGT	0	0	74.7	44.20	30.50	Inf	Thr	83.2	high confidence set
Lsat_1_v8_lg_8	34	65920557	65920630	Asn	GTT	0	0	84.5	59.40	25.10	Inf	Asn	95.9	high confidence set
Lsat_1_v8_lg_8	35	75142039	75142111	Ala	AGC	0	0	63.4	38.20	25.20	Inf	Ala	98.3	high confidence set
Lsat_1_v8_lg_8	36	75650448	75650521	Val	AAC	0	0	72.5	48.10	24.40	Inf	Val	100.2	high confidence set
Lsat_1_v8_lg_8	37	76032294	76032364	Gly	CCC	0	0	66.0	29.20	36.80	Inf	Gly	87.4	high confidence set
Lsat_1_v8_lg_8	45	97472128	97472200	Thr	TGT	0	0	66.8	49.90	16.90	Inf	Thr	80.9	high confidence set
Lsat_1_v8_lg_8	46	97477388	97477460	Thr	TGT	0	0	66.8	49.90	16.90	Inf	Thr	80.9	high confidence set
Lsat_1_v8_lg_8	47	104133107	104133188	Ser	GCT	0	0	70.7	35.40	35.30	Inf	Ser	94.8	high confidence set
Lsat_1_v8_lg_8	48	110632004	110632075	Gly	TCC	0	0	73.9	46.20	27.70	Inf	Gly	85.6	high confidence set
Lsat_1_v8_lg_8	49	111339889	111339962	Val	AAC	0	0	72.5	48.10	24.40	Inf	Val	100.2	high confidence set
Lsat_1_v8_lg_8	51	112517742	112517813	His	GTG	0	0	63.0	33.70	29.30	Inf	His	86.8	high confidence set
Lsat_1_v8_lg_8	55	129956175	129956258	Met	CAT	129956213	129956222	64.3	40.80	23.50	Inf	Met	104.0	high confidence set
Lsat_1_v8_lg_8	56	129956352	129956437	Met	CAT	129956390	129956401	64.2	40.80	23.40	Inf	Met	104.0	high confidence set
Lsat_1_v8_lg_8	57	130498960	130499040	Leu	AAG	0	0	74.0	52.20	21.80	Inf	Leu	110.4	high confidence set
Lsat_1_v8_lg_8	58	132825616	132825699	Leu	CAA	0	0	77.7	54.90	22.80	Inf	Leu	123.7	high confidence set
Lsat_1_v8_lg_8	59	138847714	138847794	Leu	AAG	0	0	74.0	52.20	21.80	Inf	Leu	110.4	high confidence set
Lsat_1_v8_lg_8	67	163258287	163258358	iMet	CAT	0	0	50.3	27.10	23.20	Inf	iMet	110.3	high confidence set
Lsat_1_v8_lg_8	69	163262471	163262541	iMet	CAT	0	0	51.6	25.60	26.00	Inf	iMet	98.7	high confidence set
Lsat_1_v8_lg_8	71	163265412	163265483	iMet	CAT	0	0	58.3	28.10	30.20	Inf	iMet	118.7	high confidence set
Lsat_1_v8_lg_8	72	163266885	163266956	iMet	CAT	0	0	52.5	23.60	28.90	Inf	iMet	114.7	high confidence set
Lsat_1_v8_lg_8	75	170286258	170286330	Arg	CCT	0	0	69.1	50.30	18.80	Inf	Arg	81.2	high confidence set
Lsat_1_v8_lg_8	76	174794405	174794477	Val	TAC	0	0	72.4	48.00	24.40	Inf	Val	102.7	high confidence set
Lsat_1_v8_lg_8	77	174833474	174833546	Val	TAC	0	0	72.4	48.00	24.40	Inf	Val	102.7	high confidence set
Lsat_1_v8_lg_8	79	180893733	180893813	Leu	AAG	0	0	64.6	42.70	21.90	Inf	Leu	102.4	high confidence set
Lsat_1_v8_lg_8	81	192773963	192774036	Val	CAC	0	0	80.2	53.50	26.70	Inf	Val	101.5	high confidence set
Lsat_1_v8_lg_8	82	209819779	209819850	Gln	CTG	0	0	74.6	50.10	24.50	Inf	Gln	105.2	high confidence set
Lsat_1_v8_lg_8	86	222788849	222788932	Tyr	GTA	0	0	59.0	32.70	26.30	Inf	Tyr	73.4	high confidence set
Lsat_1_v8_lg_8	91	263552282	263552354	Arg	ACG	0	0	71.3	48.60	22.70	Inf	Arg	93.4	high confidence set
Lsat_1_v8_lg_8	92	263578964	263579036	Arg	ACG	0	0	71.3	48.60	22.70	Inf	Arg	93.4	high confidence set
Lsat_1_v8_lg_8	93	263585832	263585904	Arg	ACG	0	0	71.3	48.60	22.70	Inf	Arg	93.4	high confidence set
Lsat_1_v8_lg_8	94	263619072	263619144	Arg	ACG	0	0	71.3	48.60	22.70	Inf	Arg	93.4	high confidence set
Lsat_1_v8_lg_8	100	294988841	294988911	Gly	GCC	0	0	66.5	44.80	21.70	Inf	Gly	94.4	high confidence set
Lsat_1_v8_lg_8	101	294988978	294989049	Gln	TTG	0	0	73.5	53.70	19.80	Inf	Gln	104.8	high confidence set
Lsat_1_v8_lg_8	102	294989150	294989221	Gln	TTG	0	0	70.7	55.30	15.40	Inf	Gln	98.9	high confidence set
Lsat_1_v8_lg_8	103	295281051	295281123	Lys	TTT	0	0	72.3	60.90	11.40	Inf	Lys	70.3	high confidence set
Lsat_1_v8_lg_8	105	303002745	303002818	Val	AAC	0	0	72.5	48.10	24.40	Inf	Val	100.2	high confidence set
Lsat_1_v8_lg_8	109	306189734	306189663	His	GTG	0	0	63.0	33.70	29.30	Inf	His	86.8	high confidence set
Lsat_1_v8_lg_8	114	266499532	266499460	Glu	CTC	0	0	78.9	53.10	25.80	Inf	Glu	99.2	high confidence set
Lsat_1_v8_lg_8	120	254780076	254779994	Leu	TAA	0	0	68.4	29.10	39.30	Inf	Leu	90.1	high confidence set
Lsat_1_v8_lg_8	131	195042893	195042820	Arg	ACG	0	0	56.2	44.90	11.30	Inf	Ile	73.7	IPD:-23.30,isotype mismatch
Lsat_1_v8_lg_8	132	193494349	193494276	Val	CAC	0	0	80.2	53.50	26.70	Inf	Val	101.5	high confidence set
Lsat_1_v8_lg_8	133	188115297	188115226	Arg	TCT	0	0	58.3	25.60	32.70	Inf	Gln	70.8	IPD:-24.50,isotype mismatch
Lsat_1_v8_lg_8	136	179135254	179135174	Leu	AAG	0	0	74.0	52.20	21.80	Inf	Leu	110.4	high confidence set
Lsat_1_v8_lg_8	138	174793965	174793893	Val	TAC	0	0	72.4	48.00	24.40	Inf	Val	102.7	high confidence set
Lsat_1_v8_lg_8	149	163304831	163304760	iMet	CAT	0	0	56.9	31.60	25.30	Inf	iMet	108.3	high confidence set
Lsat_1_v8_lg_8	154	163278778	163278707	iMet	CAT	0	0	58.3	28.10	30.20	Inf	iMet	118.7	high confidence set
Lsat_1_v8_lg_8	156	163274355	163274284	iMet	CAT	0	0	50.3	27.10	23.20	Inf	iMet	110.3	high confidence set
Lsat_1_v8_lg_8	157	163271401	163271330	Thr	CGT	0	0	50.4	27.10	23.30	Inf	iMet	110.3	IPD:-76.30,isotype mismatch
Lsat_1_v8_lg_8	159	163253233	163253162	iMet	CAT	0	0	55.7	26.70	29.00	Inf	iMet	112.7	high confidence set
Lsat_1_v8_lg_8	167	163230410	163230339	iMet	CAT	0	0	53.4	21.50	31.90	Inf	iMet	103.0	high confidence set
Lsat_1_v8_lg_8	171	163222122	163222051	iMet	CAT	0	0	58.3	28.10	30.20	Inf	iMet	118.7	high confidence set
Lsat_1_v8_lg_8	173	163219178	163219107	iMet	CAT	0	0	58.7	32.30	26.40	Inf	iMet	112.4	high confidence set
Lsat_1_v8_lg_8	180	163194759	163194688	iMet	CAT	0	0	58.3	28.10	30.20	Inf	iMet	118.7	high confidence set
Lsat_1_v8_lg_8	182	163191909	163191839	iMet	CAT	0	0	54.6	24.20	30.40	Inf	iMet	103.5	high confidence set
Lsat_1_v8_lg_8	183	163188014	163187943	iMet	CAT	0	0	58.3	28.10	30.20	Inf	iMet	118.7	high confidence set
Lsat_1_v8_lg_8	185	163185078	163185007	iMet	CAT	0	0	52.5	23.60	28.90	Inf	iMet	114.7	high confidence set
Lsat_1_v8_lg_8	186	163183571	163183500	iMet	CAT	0	0	55.7	26.70	29.00	Inf	iMet	112.7	high confidence set
Lsat_1_v8_lg_8	187	163180635	163180564	iMet	CAT	0	0	55.7	26.70	29.00	Inf	iMet	112.7	high confidence set
Lsat_1_v8_lg_8	196	163166306	163166235	iMet	CAT	0	0	58.3	28.10	30.20	Inf	iMet	118.7	high confidence set
Lsat_1_v8_lg_8	198	162810096	162810023	Arg	ACG	0	0	56.2	44.90	11.30	Inf	Ile	73.7	IPD:-23.30,isotype mismatch
Lsat_1_v8_lg_8	201	162366674	162366603	iMet	CAT	0	0	61.1	31.70	29.40	Inf	iMet	114.9	high confidence set
Lsat_1_v8_lg_8	209	162331461	162331390	Ile	AAT	0	0	54.6	30.70	23.90	Inf	iMet	99.5	IPD:-71.10,isotype mismatch
Lsat_1_v8_lg_8	220	154752499	154752413	Ser	GGA	0	0	59.8	33.10	26.70	Inf	Ser	77.7	unexpected anticodon
Lsat_1_v8_lg_8	221	149968154	149968070	Met	CAT	149968116	149968106	64.2	40.80	23.40	Inf	Met	104.0	high confidence set
Lsat_1_v8_lg_8	222	147118101	147118029	Arg	CCT	0	0	74.8	55.90	18.90	Inf	Arg	87.5	high confidence set
Lsat_1_v8_lg_8	225	134627763	134627693	Gly	GCC	0	0	66.5	44.80	21.70	Inf	Gly	94.4	high confidence set
Lsat_1_v8_lg_8	226	133912986	133912913	Asn	GTT	0	0	82.3	57.10	25.20	Inf	Asn	92.8	high confidence set
Lsat_1_v8_lg_8	227	132688001	132687921	Leu	CAG	0	0	69.5	46.80	22.70	Inf	Leu	109.7	high confidence set
Lsat_1_v8_lg_8	228	130498861	130498781	Leu	AAG	0	0	74.0	52.20	21.80	Inf	Leu	110.4	high confidence set
Lsat_1_v8_lg_8	229	129530012	129529941	His	GTG	0	0	63.0	33.70	29.30	Inf	His	86.8	high confidence set
Lsat_1_v8_lg_8	230	125453048	125452968	Leu	AAG	0	0	71.4	51.10	20.30	Inf	Leu	108.5	high confidence set
Lsat_1_v8_lg_8	231	118084488	118084416	Glu	CTC	0	0	78.9	53.10	25.80	Inf	Glu	99.2	high confidence set
Lsat_1_v8_lg_8	232	117557696	117557626	Gly	CCC	0	0	66.0	29.20	36.80	Inf	Gly	87.4	high confidence set
Lsat_1_v8_lg_8	233	111312133	111312062	His	GTG	0	0	63.0	33.70	29.30	Inf	His	86.8	high confidence set
Lsat_1_v8_lg_8	235	97478827	97478741	Ser	GGA	0	0	59.8	33.10	26.70	Inf	Ser	77.7	unexpected anticodon
Lsat_1_v8_lg_8	236	97473562	97473476	Ser	GGA	0	0	59.8	33.10	26.70	Inf	Ser	77.7	unexpected anticodon
Lsat_1_v8_lg_8	238	93164706	93164626	Leu	AAG	0	0	71.4	51.10	20.30	Inf	Leu	108.5	high confidence set
Lsat_1_v8_lg_8	239	90195239	90195166	Val	AAC	0	0	72.5	48.10	24.40	Inf	Val	100.2	high confidence set
Lsat_1_v8_lg_8	243	79248885	79248804	Ser	AGA	0	0	80.3	44.00	36.30	Inf	Ser	115.3	high confidence set
Lsat_1_v8_lg_8	244	68438429	68438358	Asp	GTC	0	0	69.8	46.80	23.00	Inf	Asp	94.5	high confidence set
Lsat_1_v8_lg_8	245	68142025	68141933	Tyr	GTA	68141988	68141969	74.2	42.80	31.40	Inf	Tyr	111.8	high confidence set
Lsat_1_v8_lg_8	246	68117895	68117803	Tyr	GTA	68117858	68117839	74.2	42.80	31.40	Inf	Tyr	111.8	high confidence set
Lsat_1_v8_lg_8	247	61429292	61429211	Ser	AGA	0	0	78.7	42.50	36.20	Inf	Ser	114.6	high confidence set
Lsat_1_v8_lg_8	250	48177965	48177880	Met	CAT	48177927	48177916	64.2	40.70	23.50	Inf	Met	104.0	high confidence set
Lsat_1_v8_lg_8	252	37799053	37798981	Lys	CTT	0	0	87.7	67.60	20.10	Inf	Lys	106.7	high confidence set
Lsat_1_v8_lg_8	258	24168899	24168827	Lys	TTT	0	0	87.3	67.40	19.90	Inf	Lys	95.5	high confidence set
Lsat_1_v8_lg_8	259	21564151	21564080	Cys	GCA	0	0	82.1	59.90	22.20	Inf	Cys	106.6	high confidence set
Lsat_1_v8_lg_8	260	21331851	21331780	His	GTG	0	0	63.0	33.70	29.30	Inf	His	86.8	high confidence set
Lsat_1_v8_lg_8	261	21296576	21296504	Arg	CCG	0	0	76.6	57.80	18.80	Inf	Arg	84.1	high confidence set
Lsat_1_v8_lg_8	262	21082316	21082245	Pro	AGG	0	0	67.4	34.70	32.70	Inf	Pro	112.3	high confidence set
Lsat_1_v8_lg_8	264	18496324	18496253	Pro	AGG	0	0	67.4	34.70	32.70	Inf	Pro	112.3	high confidence set
Lsat_1_v8_lg_8	265	17798428	17798356	Arg	CCT	0	0	69.1	50.30	18.80	Inf	Arg	81.2	high confidence set
Lsat_1_v8_lg_8	266	7472688	7472617	Arg	TCT	0	0	58.3	25.60	32.70	Inf	Gln	70.8	IPD:-24.50,isotype mismatch
Lsat_1_v8_lg_8	268	4881288	4881208	Leu	AAG	0	0	74.0	52.20	21.80	Inf	Leu	110.4	high confidence set
Lsat_1_v8_lg_8	269	4767042	4766971	Asp	GTC	0	0	69.8	46.80	23.00	Inf	Asp	94.5	high confidence set
Lsat_1_v8_lg_9	2	434025	434096	Pro	TGG	0	0	68.5	35.70	32.80	Inf	Pro	111.2	high confidence set
Lsat_1_v8_lg_9	6	11259980	11260050	Gly	GCC	0	0	66.5	44.80	21.70	Inf	Gly	94.4	high confidence set
Lsat_1_v8_lg_9	7	13433982	13434054	Arg	ACG	0	0	71.3	48.60	22.70	Inf	Arg	93.4	high confidence set
Lsat_1_v8_lg_9	10	26277916	26277989	Ile	TAT	0	0	85.9	70.60	15.30	Inf	Ile	103.9	high confidence set
Lsat_1_v8_lg_9	12	37250536	37250608	Ala	AGC	0	0	63.4	38.20	25.20	Inf	Ala	98.3	high confidence set
Lsat_1_v8_lg_9	13	37289873	37289945	Ala	AGC	0	0	63.4	38.20	25.20	Inf	Ala	98.3	high confidence set
Lsat_1_v8_lg_9	18	38417881	38417952	iMet	CAT	0	0	58.3	28.10	30.20	Inf	iMet	118.7	high confidence set
Lsat_1_v8_lg_9	19	38428177	38428248	iMet	CAT	0	0	58.3	28.10	30.20	Inf	iMet	118.7	high confidence set
Lsat_1_v8_lg_9	20	39809037	39809118	Ser	CGA	0	0	78.9	46.60	32.30	Inf	Ser	122.0	high confidence set
Lsat_1_v8_lg_9	23	44872698	44872771	Trp	CCA	0	0	70.1	43.00	27.10	Inf	Thr	71.6	IPD:-17.70,isotype mismatch
Lsat_1_v8_lg_9	24	48039874	48039946	Ala	AGC	0	0	63.4	38.20	25.20	Inf	Ala	98.3	high confidence set
Lsat_1_v8_lg_9	25	54006552	54006624	Val	TAC	0	0	72.4	48.00	24.40	Inf	Val	102.7	high confidence set
Lsat_1_v8_lg_9	29	59442118	59442188	Gly	GCC	0	0	66.5	44.80	21.70	Inf	Gly	94.4	high confidence set
Lsat_1_v8_lg_9	32	67397428	67397499	iMet	CAT	0	0	50.2	22.60	27.60	Inf	iMet	112.7	high confidence set
Lsat_1_v8_lg_9	33	71353037	71353118	Ser	GCT	0	0	80.5	45.20	35.30	Inf	Ser	109.5	high confidence set
Lsat_1_v8_lg_9	34	72672388	72672460	Arg	CCT	0	0	69.1	50.30	18.80	Inf	Arg	81.2	high confidence set
Lsat_1_v8_lg_9	35	76452782	76452854	Lys	CTT	0	0	87.7	67.60	20.10	Inf	Lys	106.7	high confidence set
Lsat_1_v8_lg_9	36	76452941	76453013	Lys	CTT	0	0	87.7	67.60	20.10	Inf	Lys	106.7	high confidence set
Lsat_1_v8_lg_9	37	76453111	76453183	Lys	CTT	0	0	87.7	67.60	20.10	Inf	Lys	106.7	high confidence set
Lsat_1_v8_lg_9	38	76453281	76453353	Lys	CTT	0	0	81.1	69.10	12.00	Inf	Lys	99.6	high confidence set
Lsat_1_v8_lg_9	39	77625399	77625470	Asp	GTC	0	0	69.8	46.80	23.00	Inf	Asp	94.5	high confidence set
Lsat_1_v8_lg_9	40	83668795	83668866	Cys	GCA	0	0	82.1	59.90	22.20	Inf	Cys	106.6	high confidence set
Lsat_1_v8_lg_9	41	86774823	86774894	Pro	AGG	0	0	67.4	34.70	32.70	Inf	Pro	112.3	high confidence set
Lsat_1_v8_lg_9	42	107273114	107273195	Ser	GCT	0	0	80.5	45.20	35.30	Inf	Ser	109.5	high confidence set
Lsat_1_v8_lg_9	48	146401252	146401323	Pro	TGG	0	0	69.2	36.90	32.30	Inf	Pro	112.8	high confidence set
Lsat_1_v8_lg_9	51	176007997	176008069	Glu	CTC	0	0	78.8	52.80	26.00	Inf	Glu	99.7	high confidence set
Lsat_1_v8_lg_9	52	177084968	177085039	Glu	TTC	0	0	70.5	45.30	25.20	Inf	Glu	97.5	high confidence set
Lsat_1_v8_lg_9	54	177237029	177237101	Phe	GAA	0	0	73.9	50.10	23.80	Inf	Phe	108.5	high confidence set
Lsat_1_v8_lg_9	55	177238038	177238110	Phe	GAA	0	0	73.9	50.10	23.80	Inf	Phe	108.5	high confidence set
Lsat_1_v8_lg_9	56	177239619	177239691	Phe	GAA	0	0	73.9	50.10	23.80	Inf	Phe	108.5	high confidence set
Lsat_1_v8_lg_9	57	177433248	177433320	Ala	CGC	0	0	68.3	44.10	24.20	Inf	Ala	99.2	high confidence set
Lsat_1_v8_lg_9	58	177569990	177570061	Trp	CCA	0	0	75.1	50.10	25.00	Inf	Trp	105.0	high confidence set
Lsat_1_v8_lg_9	59	177600249	177600320	Trp	CCA	0	0	72.0	50.10	21.90	Inf	Trp	103.7	high confidence set
Lsat_1_v8_lg_9	61	177946352	177946425	Ile	AAT	0	0	84.9	58.30	26.60	Inf	Ile	109.3	high confidence set
Lsat_1_v8_lg_9	62	179555055	179555127	Arg	TCT	0	0	68.8	51.20	17.60	Inf	Arg	94.8	high confidence set
Lsat_1_v8_lg_9	63	183844243	183844313	Gly	GCC	0	0	66.5	44.80	21.70	Inf	Gly	94.4	high confidence set
Lsat_1_v8_lg_9	65	183845378	183845448	Gly	GCC	0	0	66.5	44.80	21.70	Inf	Gly	94.4	high confidence set
Lsat_1_v8_lg_9	66	183864023	183864094	Pro	CGG	0	0	68.4	35.70	32.70	Inf	Pro	111.1	high confidence set
Lsat_1_v8_lg_9	67	183864842	183864912	Gly	GCC	0	0	66.5	44.80	21.70	Inf	Gly	94.4	high confidence set
Lsat_1_v8_lg_9	69	183872872	183872942	Gly	GCC	0	0	66.5	44.80	21.70	Inf	Gly	94.4	high confidence set
Lsat_1_v8_lg_9	70	183876046	183876116	Gly	GCC	0	0	66.5	44.80	21.70	Inf	Gly	94.4	high confidence set
Lsat_1_v8_lg_9	74	189389021	189389106	Tyr	GTA	189389058	189389070	74.5	43.00	31.50	Inf	Tyr	111.8	high confidence set
Lsat_1_v8_lg_9	75	190055679	190055752	Ile	AAT	0	0	85.5	59.00	26.50	Inf	Ile	109.4	high confidence set
Lsat_1_v8_lg_9	76	190056160	190056233	Ile	AAT	0	0	71.3	47.90	23.40	Inf	Ile	96.5	high confidence set
Lsat_1_v8_lg_9	77	191731851	191731922	Glu	TTC	0	0	70.5	45.30	25.20	Inf	Glu	97.5	high confidence set
Lsat_1_v8_lg_9	78	191775015	191775086	Glu	TTC	0	0	50.2	37.00	13.20	Inf	Glu	81.5	high confidence set
Lsat_1_v8_lg_9	79	191785960	191786031	Glu	TTC	0	0	70.5	45.30	25.20	Inf	Glu	97.5	high confidence set
Lsat_1_v8_lg_9	80	192515257	192515328	Glu	TTC	0	0	70.5	45.30	25.20	Inf	Glu	97.5	high confidence set
Lsat_1_v8_lg_9	81	192555264	192555335	Glu	TTC	0	0	60.6	39.60	21.00	Inf	Glu	89.9	high confidence set
Lsat_1_v8_lg_9	82	192557520	192557591	Glu	TTC	0	0	70.5	45.30	25.20	Inf	Glu	97.5	high confidence set
Lsat_1_v8_lg_9	83	195644465	195644537	Arg	TCT	0	0	68.1	50.00	18.10	Inf	Arg	96.3	high confidence set
Lsat_1_v8_lg_9	84	196686271	196686354	Tyr	GTA	0	0	59.0	32.70	26.30	Inf	Tyr	73.4	high confidence set
Lsat_1_v8_lg_9	86	196761208	196761280	Arg	ACG	0	0	71.3	48.60	22.70	Inf	Arg	93.4	high confidence set
Lsat_1_v8_lg_9	87	196761366	196761438	Arg	ACG	0	0	71.3	48.60	22.70	Inf	Arg	90.5	high confidence set
Lsat_1_v8_lg_9	88	198531519	198531591	Ala	AGC	0	0	63.4	38.20	25.20	Inf	Ala	98.3	high confidence set
Lsat_1_v8_lg_9	92	199030569	199030496	Thr	AGT	0	0	74.7	46.20	28.50	Inf	Thr	89.4	high confidence set
Lsat_1_v8_lg_9	94	198549707	198549635	Ala	AGC	0	0	63.4	38.20	25.20	Inf	Ala	98.3	high confidence set
Lsat_1_v8_lg_9	95	198536801	198536729	Ala	AGC	0	0	63.4	38.20	25.20	Inf	Ala	98.3	high confidence set
Lsat_1_v8_lg_9	98	195500690	195500619	Trp	CCA	0	0	75.8	51.20	24.60	Inf	Trp	105.6	high confidence set
Lsat_1_v8_lg_9	99	194349876	194349792	Met	CAT	194349838	194349828	64.3	40.80	23.50	Inf	Met	104.0	high confidence set
Lsat_1_v8_lg_9	100	188961137	188961054	Leu	CAA	0	0	79.5	54.50	25.00	Inf	Leu	126.8	high confidence set
Lsat_1_v8_lg_9	104	183809375	183809305	Gly	GCC	0	0	66.5	44.80	21.70	Inf	Gly	94.4	high confidence set
Lsat_1_v8_lg_9	105	183807548	183807478	Gly	GCC	0	0	66.5	44.80	21.70	Inf	Gly	94.4	high confidence set
Lsat_1_v8_lg_9	106	183805528	183805458	Gly	GCC	0	0	66.5	44.80	21.70	Inf	Gly	94.4	high confidence set
Lsat_1_v8_lg_9	107	183803050	183802980	Gly	GCC	0	0	66.5	44.80	21.70	Inf	Gly	94.4	high confidence set
Lsat_1_v8_lg_9	109	183768411	183768341	Gly	GCC	0	0	66.5	44.80	21.70	Inf	Gly	94.4	high confidence set
Lsat_1_v8_lg_9	110	183766216	183766146	Gly	GCC	0	0	66.5	44.80	21.70	Inf	Gly	94.4	high confidence set
Lsat_1_v8_lg_9	111	182999953	182999880	Asn	GTT	0	0	83.3	58.10	25.20	Inf	Asn	93.9	high confidence set
Lsat_1_v8_lg_9	113	177489097	177489026	Pro	AGG	0	0	67.4	34.70	32.70	Inf	Pro	112.3	high confidence set
Lsat_1_v8_lg_9	115	175645371	175645299	Glu	CTC	0	0	79.2	53.50	25.70	Inf	Glu	94.2	high confidence set
Lsat_1_v8_lg_9	119	160781604	160781517	Tyr	GTA	160781567	160781553	74.4	42.90	31.50	Inf	Tyr	111.8	high confidence set
Lsat_1_v8_lg_9	120	156796735	156796664	Thr	TGT	0	0	79.1	48.90	30.20	Inf	Thr	92.7	high confidence set
Lsat_1_v8_lg_9	121	146982520	146982437	Leu	CAA	0	0	72.2	53.00	19.20	Inf	Leu	120.4	high confidence set
Lsat_1_v8_lg_9	122	146981084	146981014	Gly	TCC	0	0	66.0	29.30	36.70	Inf	Gly	87.4	high confidence set
Lsat_1_v8_lg_9	123	146977908	146977838	Gly	CCC	0	0	66.0	29.20	36.80	Inf	Gly	87.4	high confidence set
Lsat_1_v8_lg_9	124	146643196	146643125	iMet	CAT	0	0	58.3	28.10	30.20	Inf	iMet	118.7	high confidence set
Lsat_1_v8_lg_9	125	146600482	146600411	iMet	CAT	0	0	58.3	28.10	30.20	Inf	iMet	118.7	high confidence set
Lsat_1_v8_lg_9	126	145784226	145784154	Phe	GAA	0	0	73.9	50.10	23.80	Inf	Phe	108.5	high confidence set
Lsat_1_v8_lg_9	127	145745643	145745571	Phe	GAA	0	0	64.0	49.20	14.80	Inf	Phe	99.9	high confidence set
Lsat_1_v8_lg_9	128	137523864	137523793	Glu	TTC	0	0	70.5	45.30	25.20	Inf	Glu	97.5	high confidence set
Lsat_1_v8_lg_9	132	95635584	95635500	Met	CAT	95635546	95635536	64.3	40.80	23.50	Inf	Met	104.0	high confidence set
Lsat_1_v8_lg_9	133	93940396	93940324	Ala	AGC	0	0	63.4	38.20	25.20	Inf	Ala	98.3	high confidence set
Lsat_1_v8_lg_9	134	90599749	90599677	Lys	TTT	0	0	87.3	67.40	19.90	Inf	Lys	95.5	high confidence set
Lsat_1_v8_lg_9	136	84888079	84888008	Cys	GCA	0	0	82.1	59.90	22.20	Inf	Cys	106.6	high confidence set
Lsat_1_v8_lg_9	137	84887843	84887772	Cys	GCA	0	0	82.1	59.90	22.20	Inf	Cys	106.6	high confidence set
Lsat_1_v8_lg_9	138	83659096	83659025	Cys	GCA	0	0	82.1	59.90	22.20	Inf	Cys	106.6	high confidence set
Lsat_1_v8_lg_9	139	83227230	83227159	His	GTG	0	0	63.0	33.70	29.30	Inf	His	86.8	high confidence set
Lsat_1_v8_lg_9	140	83153412	83153340	Lys	CTT	0	0	87.7	67.60	20.10	Inf	Lys	106.7	high confidence set
Lsat_1_v8_lg_9	141	82792357	82792285	Arg	CCG	0	0	67.8	49.10	18.70	Inf	Arg	93.5	high confidence set
Lsat_1_v8_lg_9	142	82782524	82782452	Arg	CCG	0	0	67.8	49.10	18.70	Inf	Arg	93.5	high confidence set
Lsat_1_v8_lg_9	143	79512365	79512292	Val	CAC	0	0	81.5	53.50	28.00	Inf	Val	103.7	high confidence set
Lsat_1_v8_lg_9	144	79495385	79495312	Val	CAC	0	0	81.5	53.50	28.00	Inf	Val	103.7	high confidence set
Lsat_1_v8_lg_9	145	76346673	76346601	Lys	CTT	0	0	87.7	67.60	20.10	Inf	Lys	106.7	high confidence set
Lsat_1_v8_lg_9	146	76346503	76346431	Lys	CTT	0	0	87.7	67.60	20.10	Inf	Lys	106.7	high confidence set
Lsat_1_v8_lg_9	147	76346333	76346261	Lys	CTT	0	0	87.7	67.60	20.10	Inf	Lys	106.7	high confidence set
Lsat_1_v8_lg_9	152	58170176	58170106	Gly	GCC	0	0	66.5	44.80	21.70	Inf	Gly	94.4	high confidence set
Lsat_1_v8_lg_9	153	57928812	57928725	Ser	GCT	0	0	67.0	36.80	30.20	Inf	Ser	80.8	high confidence set
Lsat_1_v8_lg_9	155	57918233	57918160	Trp	CCA	0	0	70.1	43.00	27.10	Inf	Thr	71.6	IPD:-17.70,isotype mismatch
Lsat_1_v8_lg_9	156	57560492	57560421	Gln	CTG	0	0	75.3	51.20	24.10	Inf	Gln	106.0	high confidence set
Lsat_1_v8_lg_9	157	49643739	49643668	Pro	AGG	0	0	67.4	34.70	32.70	Inf	Pro	112.3	high confidence set
Lsat_1_v8_lg_9	160	35703531	35703458	Val	CAC	0	0	81.5	53.50	28.00	Inf	Val	103.7	high confidence set
Lsat_1_v8_lg_9	161	32571514	32571442	Thr	TGT	0	0	66.8	49.90	16.90	Inf	Thr	80.9	high confidence set
Lsat_1_v8_lg_9	162	31506961	31506890	Asp	GTC	0	0	69.8	46.80	23.00	Inf	Asp	94.5	high confidence set
Lsat_1_v8_lg_9	163	28361681	28361608	Val	CAC	0	0	81.5	53.50	28.00	Inf	Val	103.7	high confidence set
Lsat_1_v8_lg_9	164	25034622	25034549	Val	AAC	0	0	64.4	46.30	18.10	Inf	Val	90.9	high confidence set
Lsat_1_v8_lg_9	165	20294820	20294741	Leu	TAG	0	0	70.9	50.70	20.20	Inf	Leu	109.5	high confidence set
Lsat_1_v8_lg_9	166	20291346	20291273	Ile	TAT	0	0	85.9	70.60	15.30	Inf	Ile	103.9	high confidence set
Lsat_1_v8_lg_9	167	20101422	20101341	Ser	AGA	0	0	78.8	42.10	36.70	Inf	Ser	112.2	high confidence set
Lsat_1_v8_lg_9	168	20095501	20095420	Ser	AGA	0	0	78.8	42.10	36.70	Inf	Ser	112.2	high confidence set
Lsat_1_v8_lg_9	169	19911069	19910996	Ile	AAT	0	0	85.5	59.00	26.50	Inf	Ile	109.4	high confidence set
Lsat_1_v8_lg_9	171	18667591	18667519	Arg	CCT	0	0	74.8	55.90	18.90	Inf	Arg	87.5	high confidence set
Lsat_1_v8_lg_9	172	13695530	13695450	Leu	AAG	0	0	74.0	52.20	21.80	Inf	Leu	110.4	high confidence set
Lsat_1_v8_lg_9	173	13505581	13505501	Leu	CAG	0	0	69.5	46.80	22.70	Inf	Leu	109.7	high confidence set
Lsat_1_v8_lg_9	175	5693102	5693029	Val	AAC	0	0	72.5	48.10	24.40	Inf	Val	100.2	high confidence set
Lsat_1_v8_lg_9	178	862930	862859	Gly	TCC	0	0	73.9	46.20	27.70	Inf	Gly	85.6	high confidence set
Lsat_1_v8_lg_0	3	21291135	21291206	Thr	TGT	0	0	79.1	48.90	30.20	Inf	Thr	92.7	high confidence set
Lsat_1_v8_lg_0	10	43377405	43377478	Arg	ACG	0	0	56.2	44.90	11.30	Inf	Ile	73.7	IPD:-23.30,isotype mismatch
Lsat_1_v8_lg_0	11	43748820	43748891	Pro	TGG	0	0	68.5	35.70	32.80	Inf	Pro	111.2	high confidence set
Lsat_1_v8_lg_0	12	44177476	44177548	Thr	TGT	0	0	68.5	47.50	21.00	Inf	Cys	78.5	IPD:-0.30,isotype mismatch
Lsat_1_v8_lg_0	15	44177760	44177832	Thr	GGT	0	0	73.2	40.10	33.10	Inf	Ala	86.6	IPD:-4.40,isotype mismatch
Lsat_1_v8_lg_0	17	48812461	48812534	Arg	ACG	0	0	76.1	52.60	23.50	Inf	Thr	73.0	IPD:-8.10,isotype mismatch
Lsat_1_v8_lg_0	18	53007029	53007100	iMet	CAT	0	0	58.3	28.10	30.20	Inf	iMet	118.7	high confidence set
Lsat_1_v8_lg_0	23	70796868	70796939	Asn	GTT	0	0	75.1	52.10	23.00	Inf	Asn	81.9	high confidence set
Lsat_1_v8_lg_0	24	70797695	70797777	Tyr	GTA	0	0	63.3	45.30	18.00	Inf	Leu	70.0	IPD:-5.00,isotype mismatch
Lsat_1_v8_lg_0	28	83699337	83699409	Asn	GTT	0	0	79.8	53.50	26.30	Inf	Tyr	86.1	IPD:-16.60,isotype mismatch
Lsat_1_v8_lg_0	34	86089364	86089293	iMet	CAT	0	0	58.3	28.10	30.20	Inf	iMet	118.7	high confidence set
Lsat_1_v8_lg_0	38	68946844	68946771	Ile	GAT	0	0	65.2	34.50	30.70	Inf	Thr	78.3	IPD:-14.00,isotype mismatch
Lsat_1_v8_lg_0	39	68946754	68946682	Ala	TGC	0	0	74.8	46.40	28.40	Inf	Ala	81.5	high confidence set
Lsat_1_v8_lg_0	40	68944575	68944502	Asp	GTC	0	0	79.4	57.80	21.60	Inf	Ile	74.0	IPD:-2.20,isotype mismatch
Lsat_1_v8_lg_0	41	65235050	65234978	Phe	GAA	0	0	76.1	54.40	21.70	Inf	Phe	115.3	high confidence set
Lsat_1_v8_lg_0	44	55777966	55777894	Arg	TCT	0	0	68.5	50.60	17.90	Inf	Arg	98.8	high confidence set
Lsat_1_v8_lg_0	48	50422880	50422808	His	GTG	0	0	76.7	51.40	25.30	Inf	Ala	74.8	IPD:-19.10,isotype mismatch
Lsat_1_v8_lg_0	52	43378014	43377943	Asn	GTT	0	0	83.8	59.40	24.40	Inf	Asn	79.2	high confidence set
Lsat_1_v8_lg_0	53	41809232	41809160	Val	TAC	0	0	61.4	30.80	30.60	Inf	Val	93.3	high confidence set
Lsat_1_v8_lg_0	54	40366494	40366423	Gln	CTG	0	0	74.6	50.10	24.50	Inf	Gln	105.2	high confidence set
Lsat_1_v8_lg_0	56	26848049	26847978	Pro	TGG	0	0	67.4	34.70	32.70	Inf	Pro	112.3	high confidence set
Lsat_1_v8_lg_0	57	15071740	15071667	Arg	TCG	0	0	82.3	61.00	21.30	Inf	Arg	91.9	high confidence set
Lsat_1_v8_lg_0	59	5234687	5234615	Lys	TTT	0	0	86.4	59.40	27.00	Inf	Tyr	100.1	IPD:-31.60,isotype mismatch
Lsat_1_v8_lg_0	61	2624325	2624254	iMet	CAT	0	0	51.1	24.90	26.20	Inf	iMet	112.8	high confidence set
