Sequence       		tRNA   	Bounds 	tRNA	Anti	Intron Bounds	Inf	HMM	2'Str	Hit	Isotype	Isotype	      
Name           	tRNA#	Begin  	End    	Type	Codon	Begin	End	Score	Score	Score	Origin	CM	Score	Note
--------       	------	-----  	------ 	----	-----	-----	----	------	-----	-----	------	-------	-------	------
Malc_scaffold1	1	979219	979292	Ile	AAT	0	0	85.5	59.00	26.50	Inf	Ile	109.4	high confidence set
Malc_scaffold1	2	1116892	1116963	Pro	TGG	0	0	69.2	36.90	32.30	Inf	Pro	112.8	high confidence set
Malc_scaffold1	3	1241708	1241635	Val	CAC	0	0	81.5	53.50	28.00	Inf	Val	103.7	high confidence set
Malc_scaffold2	1	59888	59959	Lys	TTT	0	0	92.3	68.60	23.70	Inf	Lys	93.4	high confidence set
Malc_scaffold2	2	207518	207446	Arg	CCG	0	0	69.5	52.30	17.20	Inf	Arg	96.0	high confidence set
Malc_scaffold2	3	166846	166775	Lys	TTT	0	0	92.3	68.60	23.70	Inf	Lys	93.4	high confidence set
Malc_scaffold3	1	148659	148730	Gln	TTG	0	0	73.5	53.70	19.80	Inf	Gln	104.8	high confidence set
Malc_scaffold3	2	291172	291253	Ser	GCT	0	0	78.0	42.70	35.30	Inf	Ser	106.3	high confidence set
Malc_scaffold3	3	343266	343337	Gln	TTG	0	0	73.5	53.70	19.80	Inf	Gln	104.8	high confidence set
Malc_scaffold3	4	761468	761539	Glu	TTC	0	0	70.8	46.30	24.50	Inf	Glu	99.2	high confidence set
Malc_scaffold3	5	922538	922610	Glu	CTC	0	0	76.3	50.40	25.90	Inf	Glu	91.1	high confidence set
Malc_scaffold3	6	1304547	1304627	Leu	AAG	0	0	71.4	51.10	20.30	Inf	Leu	108.5	high confidence set
Malc_scaffold3	7	1813105	1813178	Val	AAC	0	0	72.5	48.10	24.40	Inf	Val	100.2	high confidence set
Malc_scaffold3	8	1296432	1296352	Leu	CAG	0	0	70.7	49.80	20.90	Inf	Leu	111.3	high confidence set
Malc_scaffold3	9	1130078	1130007	Asp	GTC	0	0	69.8	46.80	23.00	Inf	Asp	94.5	high confidence set
Malc_scaffold3	10	890108	890036	Glu	CTC	0	0	77.0	51.50	25.50	Inf	Glu	91.5	high confidence set
Malc_scaffold3	11	848478	848407	Thr	CGT	0	0	82.3	55.00	27.30	Inf	Thr	83.7	high confidence set
Malc_scaffold3	12	755644	755573	Asp	GTC	0	0	67.0	47.30	19.70	Inf	Asp	95.1	high confidence set
Malc_scaffold3	13	638729	638648	Ser	TGA	0	0	79.6	44.60	35.00	Inf	Ser	121.3	high confidence set
Malc_scaffold4	1	246567	246639	Ala	AGC	0	0	63.4	38.20	25.20	Inf	Ala	98.3	high confidence set
Malc_scaffold4	2	532502	532575	Val	AAC	0	0	69.9	36.30	33.60	Inf	Val	98.4	high confidence set
Malc_scaffold4	3	614838	614919	Ser	CGA	0	0	83.5	48.90	34.60	Inf	Ser	128.4	high confidence set
Malc_scaffold4	4	860742	860825	Tyr	GTA	860779	860789	74.3	42.60	31.70	Inf	Tyr	108.6	high confidence set
Malc_scaffold4	5	1001422	1001504	Leu	TAA	0	0	72.9	35.60	37.30	Inf	Leu	100.3	high confidence set
Malc_scaffold4	6	1015531	1015603	Arg	TCT	0	0	71.3	51.70	19.60	Inf	Arg	95.1	high confidence set
Malc_scaffold4	7	1725535	1725607	Arg	CCT	0	0	74.8	55.90	18.90	Inf	Arg	87.5	high confidence set
Malc_scaffold4	8	983877	983797	Leu	AAG	0	0	71.4	51.10	20.30	Inf	Leu	108.5	high confidence set
Malc_scaffold4	9	864939	864867	Phe	GAA	0	0	78.3	58.40	19.90	Inf	Phe	113.2	high confidence set
Malc_scaffold4	10	643057	642976	Ser	TGA	0	0	80.7	46.10	34.60	Inf	Ser	119.7	high confidence set
Malc_scaffold4	11	598017	597944	Arg	TCG	0	0	82.3	61.00	21.30	Inf	Arg	91.9	high confidence set
Malc_scaffold4	12	558663	558592	His	GTG	0	0	63.0	33.70	29.30	Inf	His	86.8	high confidence set
Malc_scaffold4	13	504742	504670	Lys	CTT	0	0	87.7	67.60	20.10	Inf	Lys	106.7	high confidence set
Malc_scaffold4	14	394174	394104	Gly	GCC	0	0	66.5	44.80	21.70	Inf	Gly	94.4	high confidence set
Malc_scaffold5	1	44759	44832	Asn	GTT	0	0	83.3	58.10	25.20	Inf	Asn	93.9	high confidence set
Malc_scaffold5	2	612708	612780	Ala	AGC	0	0	63.4	38.20	25.20	Inf	Ala	98.3	high confidence set
Malc_scaffold5	3	967522	967594	Val	TAC	0	0	74.4	44.00	30.40	Inf	Val	103.3	high confidence set
Malc_scaffold5	4	1846465	1846394	Pro	TGG	0	0	68.5	35.70	32.80	Inf	Pro	111.2	high confidence set
Malc_scaffold5	6	1844478	1844407	Pro	TGG	0	0	68.5	35.70	32.80	Inf	Pro	111.2	high confidence set
Malc_scaffold5	7	1843844	1843773	Pro	AGG	0	0	60.4	29.80	30.60	Inf	Pro	96.4	high confidence set
Malc_scaffold5	8	1842643	1842572	Pro	TGG	0	0	68.5	35.70	32.80	Inf	Pro	111.2	high confidence set
Malc_scaffold5	9	1169450	1169377	Ile	AAT	0	0	86.4	57.90	28.50	Inf	Ile	108.4	high confidence set
Malc_scaffold5	10	935577	935506	Thr	CGT	0	0	82.3	55.00	27.30	Inf	Thr	83.7	high confidence set
Malc_scaffold5	11	926015	925944	Thr	CGT	0	0	78.9	54.70	24.20	Inf	Thr	87.3	high confidence set
Malc_scaffold5	12	873194	873122	Ala	TGC	0	0	70.0	45.30	24.70	Inf	Ala	100.6	high confidence set
Malc_scaffold5	13	695469	695397	Ala	AGC	0	0	63.4	38.20	25.20	Inf	Ala	98.3	high confidence set
Malc_scaffold6	1	274791	274863	Arg	TCT	0	0	71.3	51.70	19.60	Inf	Arg	95.1	high confidence set
Malc_scaffold6	2	409275	409347	Lys	CTT	0	0	87.7	67.60	20.10	Inf	Lys	106.7	high confidence set
Malc_scaffold6	3	712548	712620	Glu	CTC	0	0	76.3	50.40	25.90	Inf	Glu	91.1	high confidence set
Malc_scaffold6	4	1103889	1103961	Ala	TGC	0	0	70.0	45.30	24.70	Inf	Ala	100.6	high confidence set
Malc_scaffold6	5	1343055	1342985	Gly	CCC	0	0	65.4	28.10	37.30	Inf	Gly	85.4	high confidence set
Malc_scaffold7	1	387454	387526	Glu	CTC	0	0	76.3	50.40	25.90	Inf	Glu	91.1	high confidence set
Malc_scaffold7	2	1163833	1163916	Leu	CAA	0	0	81.1	56.00	25.10	Inf	Leu	127.4	high confidence set
Malc_scaffold7	3	991373	991302	Thr	TGT	0	0	84.4	57.10	27.30	Inf	Thr	93.4	high confidence set
Malc_scaffold7	4	845220	845149	Cys	GCA	0	0	81.7	59.20	22.50	Inf	Cys	104.2	high confidence set
Malc_scaffold8	1	207506	207589	Leu	CAA	0	0	78.3	55.30	23.00	Inf	Leu	121.1	high confidence set
Malc_scaffold8	2	263789	263862	Ile	AAT	0	0	86.4	57.90	28.50	Inf	Ile	108.4	high confidence set
Malc_scaffold8	3	936959	936872	Met	CAT	936921	936908	64.1	40.70	23.40	Inf	Met	104.0	high confidence set
Malc_scaffold8	4	125950	125877	Val	AAC	0	0	72.5	48.10	24.40	Inf	Val	100.2	high confidence set
Malc_scaffold9	1	304309	304380	Pro	AGG	0	0	65.2	30.40	34.80	Inf	Pro	107.0	high confidence set
Malc_scaffold9	2	429641	429713	Lys	CTT	0	0	87.7	67.60	20.10	Inf	Lys	106.7	high confidence set
Malc_scaffold9	3	577486	577559	Thr	AGT	0	0	76.0	48.40	27.60	Inf	Thr	90.6	high confidence set
Malc_scaffold9	4	654604	654676	Val	TAC	0	0	71.5	39.60	31.90	Inf	Val	105.2	high confidence set
Malc_scaffold9	5	755073	755146	Thr	AGT	0	0	73.6	45.20	28.40	Inf	Thr	88.6	high confidence set
Malc_scaffold9	6	757444	757524	Leu	CAG	0	0	70.7	49.80	20.90	Inf	Leu	111.3	high confidence set
Malc_scaffold9	7	1134846	1134766	Leu	CAG	0	0	65.2	50.20	15.00	Inf	Leu	105.6	high confidence set
Malc_scaffold10	1	189608	189681	Val	AAC	0	0	72.5	48.10	24.40	Inf	Val	100.2	high confidence set
Malc_scaffold10	2	195436	195509	Val	AAC	0	0	72.5	48.10	24.40	Inf	Val	100.2	high confidence set
Malc_scaffold10	3	201220	201293	Val	AAC	0	0	72.5	48.10	24.40	Inf	Val	100.2	high confidence set
Malc_scaffold10	4	429528	429599	Gly	TCC	0	0	74.1	46.70	27.40	Inf	Gly	84.2	high confidence set
Malc_scaffold10	5	547501	547582	Ser	AGA	0	0	77.8	43.40	34.40	Inf	Ser	110.9	high confidence set
Malc_scaffold10	6	1026239	1026312	Ile	AAT	0	0	85.5	59.00	26.50	Inf	Ile	109.4	high confidence set
Malc_scaffold10	8	1261507	1261434	Asn	GTT	0	0	81.4	54.70	26.70	Inf	Asn	91.8	high confidence set
Malc_scaffold10	9	1197149	1197078	His	GTG	0	0	63.0	33.70	29.30	Inf	His	86.8	high confidence set
Malc_scaffold10	10	572809	572738	Gly	TCC	0	0	74.1	46.70	27.40	Inf	Gly	84.2	high confidence set
Malc_scaffold11	1	862779	862708	Lys	TTT	0	0	92.3	68.60	23.70	Inf	Lys	93.4	high confidence set
Malc_scaffold11	2	635936	635865	Asp	GTC	0	0	69.8	46.80	23.00	Inf	Asp	94.5	high confidence set
Malc_scaffold11	3	374394	374321	Val	CAC	0	0	81.5	53.50	28.00	Inf	Val	103.7	high confidence set
Malc_scaffold11	4	134533	134460	Ile	AAT	0	0	86.4	57.90	28.50	Inf	Ile	108.4	high confidence set
Malc_scaffold11	5	134364	134291	Ile	AAT	0	0	84.0	55.40	28.60	Inf	Ile	105.9	high confidence set
Malc_scaffold11	6	130277	130206	Asp	GTC	0	0	69.8	46.80	23.00	Inf	Asp	94.5	high confidence set
Malc_scaffold12	1	348050	348121	His	GTG	0	0	63.0	33.70	29.30	Inf	His	86.8	high confidence set
Malc_scaffold12	2	456639	456710	Trp	CCA	0	0	75.8	51.20	24.60	Inf	Trp	105.6	high confidence set
Malc_scaffold12	3	477343	477416	Val	CAC	0	0	81.5	53.50	28.00	Inf	Val	103.7	high confidence set
Malc_scaffold12	4	600468	600541	Ile	AAT	0	0	85.5	59.00	26.50	Inf	Ile	109.4	high confidence set
Malc_scaffold12	5	561851	561779	Arg	ACG	0	0	72.9	50.30	22.60	Inf	Arg	91.8	high confidence set
Malc_scaffold13	1	1037716	1037787	Pro	AGG	0	0	67.4	34.70	32.70	Inf	Pro	112.3	high confidence set
Malc_scaffold13	2	654159	654086	Ile	AAT	0	0	85.5	59.00	26.50	Inf	Ile	109.4	high confidence set
Malc_scaffold13	3	647307	647236	Asp	GTC	0	0	69.8	46.80	23.00	Inf	Asp	94.5	high confidence set
Malc_scaffold13	4	531053	530972	Ser	AGA	0	0	76.3	41.60	34.70	Inf	Ser	112.1	high confidence set
Malc_scaffold13	5	109345	109274	Trp	CCA	0	0	75.8	51.20	24.60	Inf	Trp	105.6	high confidence set
Malc_scaffold14	1	301988	302059	Gln	TTG	0	0	73.5	53.70	19.80	Inf	Gln	104.8	high confidence set
Malc_scaffold14	2	399055	399136	Ser	AGA	0	0	76.3	41.60	34.70	Inf	Ser	112.1	high confidence set
Malc_scaffold14	3	1076377	1076448	Lys	TTT	0	0	92.3	68.60	23.70	Inf	Lys	93.4	high confidence set
Malc_scaffold14	4	1749264	1749335	Glu	TTC	0	0	69.9	45.30	24.60	Inf	Glu	99.4	high confidence set
Malc_scaffold14	5	1809508	1809591	Leu	CAA	0	0	79.5	54.50	25.00	Inf	Leu	126.8	high confidence set
Malc_scaffold14	6	2660746	2660819	Val	AAC	0	0	72.5	48.10	24.40	Inf	Val	100.2	high confidence set
Malc_scaffold14	7	3091291	3091363	Arg	CCG	0	0	69.5	52.30	17.20	Inf	Arg	96.0	high confidence set
Malc_scaffold14	8	3177750	3177822	Lys	CTT	0	0	87.7	67.60	20.10	Inf	Lys	106.7	high confidence set
Malc_scaffold14	9	3383330	3383401	Trp	CCA	0	0	75.8	51.20	24.60	Inf	Trp	105.6	high confidence set
Malc_scaffold14	10	3507077	3507150	Asn	GTT	0	0	75.9	50.40	25.50	Inf	Ile	81.1	IPD:-0.50,isotype mismatch
Malc_scaffold14	11	3321432	3321351	Ser	AGA	0	0	77.0	42.20	34.80	Inf	Ser	112.5	high confidence set
Malc_scaffold14	12	2701487	2701406	Ser	AGA	0	0	77.0	42.20	34.80	Inf	Ser	112.5	high confidence set
Malc_scaffold14	13	2660946	2660875	Asp	GTC	0	0	69.8	46.80	23.00	Inf	Asp	94.5	high confidence set
Malc_scaffold14	14	2407260	2407189	Asp	GTC	0	0	69.8	46.80	23.00	Inf	Asp	94.5	high confidence set
Malc_scaffold14	15	2256124	2256044	Leu	CAG	0	0	70.7	49.80	20.90	Inf	Leu	111.3	high confidence set
Malc_scaffold14	16	1841008	1840936	Glu	CTC	0	0	76.5	50.80	25.70	Inf	Glu	90.6	high confidence set
Malc_scaffold14	17	1740228	1740157	Asp	GTC	0	0	69.8	46.80	23.00	Inf	Asp	94.5	high confidence set
Malc_scaffold14	18	1443145	1443075	Gly	CCC	0	0	65.4	28.10	37.30	Inf	Gly	85.4	high confidence set
Malc_scaffold14	19	968659	968576	Leu	CAA	0	0	79.8	55.80	24.00	Inf	Leu	122.6	high confidence set
Malc_scaffold14	20	919871	919791	Ser	TGA	0	0	78.3	43.50	34.80	Inf	Ser	112.7	high confidence set
Malc_scaffold14	21	383127	383038	Tyr	GTA	383090	383074	74.0	42.30	31.70	Inf	Tyr	108.6	high confidence set
Malc_scaffold15	1	197992	198072	Leu	AAG	0	0	71.4	51.10	20.30	Inf	Leu	108.5	high confidence set
Malc_scaffold15	2	361351	361423	Glu	CTC	0	0	76.3	50.40	25.90	Inf	Glu	91.1	high confidence set
Malc_scaffold15	3	447641	447711	Gly	GCC	0	0	66.5	44.80	21.70	Inf	Gly	94.4	high confidence set
Malc_scaffold15	4	466768	466840	Ala	CGC	0	0	67.5	42.90	24.60	Inf	Ala	99.2	high confidence set
Malc_scaffold15	5	487274	487345	Gln	CTG	0	0	73.7	48.90	24.80	Inf	Gln	101.0	high confidence set
Malc_scaffold15	6	680950	681022	Ala	TGC	0	0	66.6	41.40	25.20	Inf	Ala	98.8	high confidence set
Malc_scaffold15	7	815988	816058	Gly	CCC	0	0	65.4	28.10	37.30	Inf	Gly	85.4	high confidence set
Malc_scaffold15	8	915281	915209	Ala	TGC	0	0	70.0	45.30	24.70	Inf	Ala	100.6	high confidence set
Malc_scaffold15	9	914557	914485	Ala	TGC	0	0	70.0	45.30	24.70	Inf	Ala	100.6	high confidence set
Malc_scaffold15	10	701238	701166	Phe	GAA	0	0	78.3	58.40	19.90	Inf	Phe	113.2	high confidence set
Malc_scaffold15	11	696362	696290	Phe	GAA	0	0	78.3	58.40	19.90	Inf	Phe	113.2	high confidence set
Malc_scaffold15	12	131454	131382	Lys	CTT	0	0	87.7	67.60	20.10	Inf	Lys	106.7	high confidence set
Malc_scaffold16	1	708507	708580	Ile	TAT	0	0	87.1	72.60	14.50	Inf	Ile	104.3	high confidence set
Malc_scaffold16	2	1226807	1226879	Val	TAC	0	0	74.4	44.00	30.40	Inf	Val	103.3	high confidence set
Malc_scaffold16	3	1289005	1289076	Lys	TTT	0	0	92.3	68.60	23.70	Inf	Lys	93.4	high confidence set
Malc_scaffold16	4	1962762	1962843	Ser	CGA	0	0	77.5	44.40	33.10	Inf	Ser	120.8	high confidence set
Malc_scaffold16	5	2123612	2123694	Leu	TAA	0	0	67.5	30.20	37.30	Inf	Leu	94.2	high confidence set
Malc_scaffold16	6	2128531	2128603	Arg	TCT	0	0	71.3	51.70	19.60	Inf	Arg	95.1	high confidence set
Malc_scaffold16	7	2619675	2619747	Arg	CCT	0	0	74.8	55.90	18.90	Inf	Arg	87.5	high confidence set
Malc_scaffold16	8	2646344	2646417	Val	CAC	0	0	81.5	53.50	28.00	Inf	Val	103.7	high confidence set
Malc_scaffold16	9	3028328	3028399	Lys	TTT	0	0	92.3	68.60	23.70	Inf	Lys	93.4	high confidence set
Malc_scaffold16	10	3344375	3344455	Leu	AAG	0	0	71.4	51.10	20.30	Inf	Leu	108.5	high confidence set
Malc_scaffold16	11	3392753	3392824	Asp	GTC	0	0	66.3	43.30	23.00	Inf	Asp	89.1	high confidence set
Malc_scaffold16	12	3074712	3074640	Arg	CCG	0	0	83.1	61.00	22.10	Inf	Arg	85.6	high confidence set
Malc_scaffold16	13	2697777	2697706	Pro	CGG	0	0	68.2	35.30	32.90	Inf	Pro	113.0	high confidence set
Malc_scaffold16	14	2296979	2296890	Tyr	GTA	2296942	2296926	74.0	42.40	31.60	Inf	Tyr	108.6	high confidence set
Malc_scaffold16	15	1964177	1964096	Ser	TGA	0	0	81.1	46.70	34.40	Inf	Ser	122.5	high confidence set
Malc_scaffold16	16	1929539	1929466	Arg	TCG	0	0	82.3	61.00	21.30	Inf	Arg	91.9	high confidence set
Malc_scaffold16	17	1256565	1256484	Ser	TGA	0	0	79.2	43.90	35.30	Inf	Ser	118.5	high confidence set
Malc_scaffold16	18	1233775	1233690	Met	CAT	1233737	1233726	64.2	40.80	23.40	Inf	Met	104.0	high confidence set
Malc_scaffold16	19	1108740	1108669	His	GTG	0	0	63.0	33.70	29.30	Inf	His	86.8	high confidence set
Malc_scaffold16	20	913779	913708	Pro	TGG	0	0	68.5	35.70	32.80	Inf	Pro	111.2	high confidence set
Malc_scaffold16	21	838252	838182	Gly	GCC	0	0	66.5	44.80	21.70	Inf	Gly	94.4	high confidence set
Malc_scaffold16	22	682832	682761	Pro	CGG	0	0	69.2	36.90	32.30	Inf	Pro	112.8	high confidence set
Malc_scaffold17	2	1079280	1079361	Ser	AGA	0	0	77.0	42.20	34.80	Inf	Ser	112.5	high confidence set
Malc_scaffold18	1	691424	691496	Ala	AGC	0	0	63.4	38.20	25.20	Inf	Ala	98.3	high confidence set
Malc_scaffold18	2	934728	934800	Phe	GAA	0	0	78.3	58.40	19.90	Inf	Phe	113.2	high confidence set
Malc_scaffold18	3	1305824	1305895	Lys	TTT	0	0	92.3	68.60	23.70	Inf	Lys	93.4	high confidence set
Malc_scaffold18	4	1137819	1137747	Ala	CGC	0	0	68.3	44.10	24.20	Inf	Ala	99.2	high confidence set
Malc_scaffold18	5	1135408	1135337	Gln	CTG	0	0	71.1	46.00	25.10	Inf	Gln	100.8	high confidence set
Malc_scaffold18	6	561825	561752	Ile	AAT	0	0	84.0	55.40	28.60	Inf	Ile	105.9	high confidence set
Malc_scaffold18	7	522013	521942	Pro	TGG	0	0	69.2	36.90	32.30	Inf	Pro	112.8	high confidence set
Malc_scaffold18	8	303602	303519	Leu	CAA	0	0	79.5	54.50	25.00	Inf	Leu	126.8	high confidence set
Malc_scaffold18	9	285270	285189	Ser	TGA	0	0	80.7	46.10	34.60	Inf	Ser	119.7	high confidence set
Malc_scaffold18	10	229481	229409	Lys	CTT	0	0	87.7	67.60	20.10	Inf	Lys	106.7	high confidence set
Malc_scaffold19	1	592414	592486	Arg	CCT	0	0	66.6	45.40	21.20	Inf	Arg	78.6	high confidence set
Malc_scaffold19	2	1704045	1704118	Thr	AGT	0	0	73.6	45.20	28.40	Inf	Thr	88.6	high confidence set
Malc_scaffold19	3	1791817	1791901	Met	CAT	1791855	1791865	64.2	40.80	23.40	Inf	Met	104.0	high confidence set
Malc_scaffold19	4	2711444	2711373	Pro	TGG	0	0	69.2	36.90	32.30	Inf	Pro	112.8	high confidence set
Malc_scaffold19	5	1998170	1998098	Arg	TCT	0	0	70.7	50.70	20.00	Inf	Arg	91.3	high confidence set
Malc_scaffold19	6	1939411	1939339	Arg	ACG	0	0	72.9	50.30	22.60	Inf	Arg	88.9	high confidence set
Malc_scaffold19	7	1587020	1586948	Arg	TCT	0	0	70.7	50.70	20.00	Inf	Arg	91.3	high confidence set
Malc_scaffold19	8	1473789	1473719	Gly	GCC	0	0	66.5	44.80	21.70	Inf	Gly	94.4	high confidence set
Malc_scaffold19	9	1317263	1317182	Ser	CGA	0	0	79.5	44.30	35.20	Inf	Ser	124.1	high confidence set
Malc_scaffold19	10	774198	774126	Arg	TCT	0	0	70.3	51.60	18.70	Inf	Arg	94.3	high confidence set
Malc_scaffold19	11	374599	374526	Thr	AGT	0	0	76.0	48.40	27.60	Inf	Thr	90.6	high confidence set
Malc_scaffold20	1	426092	426163	Gly	TCC	0	0	74.1	46.70	27.40	Inf	Gly	84.2	high confidence set
Malc_scaffold20	2	456831	456902	Cys	GCA	0	0	80.5	53.40	27.10	Inf	Cys	101.8	high confidence set
Malc_scaffold20	3	759284	759356	Phe	GAA	0	0	78.3	58.40	19.90	Inf	Phe	113.2	high confidence set
Malc_scaffold20	4	1054679	1054598	Ser	TGA	0	0	81.1	46.70	34.40	Inf	Ser	122.5	high confidence set
Malc_scaffold20	5	528836	528763	Ile	TAT	0	0	85.9	70.60	15.30	Inf	Ile	103.9	high confidence set
Malc_scaffold20	6	416813	416742	Glu	TTC	0	0	69.9	45.30	24.60	Inf	Glu	99.4	high confidence set
Malc_scaffold21	1	819928	820001	Asn	GTT	0	0	83.3	58.10	25.20	Inf	Asn	93.9	high confidence set
Malc_scaffold22	1	5803	5874	Asn	GTT	0	0	77.9	55.60	22.30	Inf	Asn	78.1	high confidence set
Malc_scaffold22	3	13574	13656	Tyr	GTA	0	0	63.5	45.20	18.30	Inf	Leu	71.2	IPD:-4.50,isotype mismatch
Malc_scaffold22	12	216968	217041	Trp	CCA	0	0	72.3	42.90	29.40	Inf	Thr	75.0	IPD:-16.70,isotype mismatch
Malc_scaffold22	14	332211	332297	Ser	GGA	0	0	64.5	34.70	29.80	Inf	Ser	89.7	unexpected anticodon
Malc_scaffold22	18	383552	383626	Pro	TGG	0	0	62.8	32.80	30.00	Inf	Trp	73.3	IPD:-42.40,isotype mismatch
Malc_scaffold22	20	754176	754246	Gly	GCC	0	0	66.5	44.80	21.70	Inf	Gly	94.4	high confidence set
Malc_scaffold22	21	980900	980972	Arg	ACG	0	0	72.9	50.30	22.60	Inf	Arg	88.9	high confidence set
Malc_scaffold22	22	1116252	1116181	Thr	TGT	0	0	83.0	58.30	24.70	Inf	Thr	92.4	high confidence set
Malc_scaffold22	23	630315	630234	Ser	GCT	0	0	81.7	47.50	34.20	Inf	Ser	112.3	high confidence set
Malc_scaffold22	26	241902	241830	Lys	TTT	0	0	80.3	61.50	18.80	Inf	Lys	78.3	high confidence set
Malc_scaffold22	27	229859	229787	Lys	TTT	0	0	80.3	61.50	18.80	Inf	Lys	78.3	high confidence set
Malc_scaffold23	1	171982	172053	Glu	TTC	0	0	69.9	45.30	24.60	Inf	Glu	99.4	high confidence set
Malc_scaffold23	2	975939	976011	Lys	CTT	0	0	87.7	67.60	20.10	Inf	Lys	106.7	high confidence set
Malc_scaffold23	3	1094958	1094887	iMet	CAT	0	0	58.3	28.10	30.20	Inf	iMet	118.7	high confidence set
Malc_scaffold23	4	1078426	1078355	iMet	CAT	0	0	58.3	28.10	30.20	Inf	iMet	118.7	high confidence set
Malc_scaffold24	1	314793	314864	Asp	GTC	0	0	69.8	46.80	23.00	Inf	Asp	94.5	high confidence set
Malc_scaffold24	2	451430	451501	Cys	GCA	0	0	81.7	56.10	25.60	Inf	Cys	104.3	high confidence set
Malc_scaffold25	1	178844	178915	iMet	CAT	0	0	58.3	28.10	30.20	Inf	iMet	118.7	high confidence set
Malc_scaffold25	2	467587	467658	iMet	CAT	0	0	58.3	28.10	30.20	Inf	iMet	118.7	high confidence set
Malc_scaffold25	3	781119	781203	Met	CAT	781157	781167	64.2	40.80	23.40	Inf	Met	104.0	high confidence set
Malc_scaffold25	4	817271	817343	Arg	ACG	0	0	72.6	49.80	22.80	Inf	Arg	89.8	high confidence set
Malc_scaffold25	5	840890	840963	Ile	AAT	0	0	85.5	59.00	26.50	Inf	Ile	109.4	high confidence set
Malc_scaffold25	6	909445	909372	Val	CAC	0	0	81.5	53.50	28.00	Inf	Val	103.7	high confidence set
Malc_scaffold25	7	779546	779473	Ile	AAT	0	0	86.4	57.90	28.50	Inf	Ile	108.4	high confidence set
Malc_scaffold25	8	680656	680584	Ala	CGC	0	0	68.3	44.10	24.20	Inf	Ala	99.2	high confidence set
Malc_scaffold26	1	488399	488472	Asn	GTT	0	0	83.3	58.10	25.20	Inf	Asn	93.9	high confidence set
Malc_scaffold26	2	334682	334609	Val	CAC	0	0	81.5	53.50	28.00	Inf	Val	103.7	high confidence set
Malc_scaffold27	1	148130	148211	Ser	GCT	0	0	80.5	45.20	35.30	Inf	Ser	109.5	high confidence set
Malc_scaffold27	2	198051	198122	Asp	GTC	0	0	67.0	47.30	19.70	Inf	Asp	95.1	high confidence set
Malc_scaffold27	3	809482	809401	Ser	GCT	0	0	80.5	45.20	35.30	Inf	Ser	109.5	high confidence set
Malc_scaffold27	4	739826	739756	Gly	GCC	0	0	66.5	44.80	21.70	Inf	Gly	94.4	high confidence set
Malc_scaffold27	5	342534	342463	Thr	TGT	0	0	83.0	58.30	24.70	Inf	Thr	92.4	high confidence set
Malc_scaffold27	6	198256	198183	Val	AAC	0	0	72.5	48.10	24.40	Inf	Val	100.2	high confidence set
Malc_scaffold28	1	354300	354371	Cys	GCA	0	0	81.7	59.20	22.50	Inf	Cys	104.2	high confidence set
Malc_scaffold28	2	454844	454764	Leu	AAG	0	0	71.4	51.10	20.30	Inf	Leu	108.5	high confidence set
Malc_scaffold28	3	204415	204332	Leu	CAA	0	0	82.0	55.00	27.00	Inf	Leu	127.3	high confidence set
Malc_scaffold29	1	1695333	1695404	Pro	AGG	0	0	67.4	34.70	32.70	Inf	Pro	112.3	high confidence set
Malc_scaffold29	2	2658337	2658421	Tyr	GTA	2658374	2658385	74.2	42.50	31.70	Inf	Tyr	108.6	high confidence set
Malc_scaffold29	3	2772082	2772154	Arg	CCT	0	0	74.8	55.90	18.90	Inf	Arg	87.5	high confidence set
Malc_scaffold29	4	4453949	4454020	Asp	GTC	0	0	69.8	46.80	23.00	Inf	Asp	94.5	high confidence set
Malc_scaffold29	5	4470727	4470800	Val	CAC	0	0	81.5	53.50	28.00	Inf	Val	103.7	high confidence set
Malc_scaffold29	6	5109246	5109329	Leu	CAA	0	0	75.5	51.80	23.70	Inf	Leu	120.7	high confidence set
Malc_scaffold29	7	5688172	5688245	Val	AAC	0	0	72.5	48.10	24.40	Inf	Val	100.2	high confidence set
Malc_scaffold29	8	5804274	5804354	Leu	AAG	0	0	71.4	51.10	20.30	Inf	Leu	108.5	high confidence set
Malc_scaffold29	9	6038585	6038657	Arg	CCT	0	0	72.3	51.10	21.20	Inf	Arg	84.8	high confidence set
Malc_scaffold29	10	6328115	6328186	Gly	TCC	0	0	74.1	46.70	27.40	Inf	Gly	84.2	high confidence set
Malc_scaffold29	12	6289025	6288954	Gly	TCC	0	0	74.1	46.70	27.40	Inf	Gly	84.2	high confidence set
Malc_scaffold29	13	5994844	5994763	Ser	GCT	0	0	71.9	42.40	29.50	Inf	Ser	103.8	high confidence set
Malc_scaffold29	14	5908270	5908198	Arg	ACG	0	0	72.5	49.90	22.60	Inf	Arg	93.8	high confidence set
Malc_scaffold29	15	5276983	5276911	Ala	CGC	0	0	68.3	44.10	24.20	Inf	Ala	99.2	high confidence set
Malc_scaffold29	16	5122618	5122546	Ala	AGC	0	0	63.4	38.20	25.20	Inf	Ala	98.3	high confidence set
Malc_scaffold29	17	4994180	4994095	Tyr	GTA	4994143	4994131	74.2	42.50	31.70	Inf	Tyr	108.6	high confidence set
Malc_scaffold29	18	4901892	4901822	Gly	GCC	0	0	66.5	44.80	21.70	Inf	Gly	94.4	high confidence set
Malc_scaffold29	19	4731850	4731769	Ser	GCT	0	0	80.5	45.20	35.30	Inf	Ser	109.5	high confidence set
Malc_scaffold29	20	4510469	4510390	Leu	TAG	0	0	69.5	48.50	21.00	Inf	Leu	111.5	high confidence set
Malc_scaffold29	21	3815085	3815014	Pro	AGG	0	0	68.2	35.90	32.30	Inf	Pro	113.9	high confidence set
Malc_scaffold29	22	3513770	3513689	Ser	GCT	0	0	78.0	42.70	35.30	Inf	Ser	106.3	high confidence set
Malc_scaffold29	23	3402366	3402294	Arg	ACG	0	0	71.4	49.50	21.90	Inf	Arg	91.0	high confidence set
Malc_scaffold29	24	2589574	2589501	Thr	AGT	0	0	75.0	47.40	27.60	Inf	Thr	89.8	high confidence set
Malc_scaffold29	25	1102479	1102409	Gly	GCC	0	0	66.5	44.80	21.70	Inf	Gly	94.4	high confidence set
Malc_scaffold29	26	609414	609333	Ser	AGA	0	0	77.0	42.20	34.80	Inf	Ser	112.5	high confidence set
Malc_scaffold29	27	187093	187022	Asp	GTC	0	0	69.8	46.80	23.00	Inf	Asp	94.5	high confidence set
Malc_scaffold30	1	319865	319936	Lys	TTT	0	0	92.3	68.60	23.70	Inf	Lys	93.4	high confidence set
Malc_scaffold30	2	611717	611646	His	GTG	0	0	63.0	33.70	29.30	Inf	His	86.8	high confidence set
Malc_scaffold30	3	491755	491684	Lys	TTT	0	0	82.9	68.40	14.50	Inf	Lys	89.9	high confidence set
Malc_scaffold30	4	237434	237349	Met	CAT	237396	237385	64.2	40.80	23.40	Inf	Met	104.0	high confidence set
Malc_scaffold31	1	382882	382810	Ala	TGC	0	0	70.0	45.30	24.70	Inf	Ala	100.6	high confidence set
Malc_scaffold31	2	162327	162255	Arg	TCT	0	0	71.3	51.40	19.90	Inf	Arg	88.7	high confidence set
Malc_scaffold32	1	218350	218421	Thr	CGT	0	0	82.3	55.00	27.30	Inf	Thr	83.7	high confidence set
Malc_scaffold32	2	249998	250070	Ala	TGC	0	0	70.0	45.30	24.70	Inf	Ala	100.6	high confidence set
Malc_scaffold33	1	762262	762342	Leu	AAG	0	0	71.4	51.10	20.30	Inf	Leu	108.5	high confidence set
Malc_scaffold35	1	222850	222922	Ala	CGC	0	0	68.3	44.10	24.20	Inf	Ala	99.2	high confidence set
Malc_scaffold35	2	225357	225428	Thr	CGT	0	0	82.3	55.00	27.30	Inf	Thr	83.7	high confidence set
Malc_scaffold35	3	368175	368246	Lys	TTT	0	0	82.9	68.40	14.50	Inf	Lys	89.9	high confidence set
Malc_scaffold35	4	412177	412249	Ala	AGC	0	0	63.4	38.20	25.20	Inf	Ala	98.3	high confidence set
Malc_scaffold35	5	535863	535947	Tyr	GTA	535900	535911	74.2	42.50	31.70	Inf	Tyr	108.6	high confidence set
Malc_scaffold36	1	131824	131896	Glu	CTC	0	0	76.3	50.40	25.90	Inf	Glu	91.1	high confidence set
Malc_scaffold36	2	155138	155209	Pro	CGG	0	0	68.2	35.30	32.90	Inf	Pro	113.0	high confidence set
Malc_scaffold36	3	430544	430615	Glu	TTC	0	0	69.9	45.30	24.60	Inf	Glu	99.4	high confidence set
Malc_scaffold36	4	451864	451937	Asn	GTT	0	0	83.7	58.60	25.10	Inf	Asn	90.4	high confidence set
Malc_scaffold36	6	284215	284142	Ile	TAT	0	0	85.9	70.60	15.30	Inf	Ile	103.9	high confidence set
Malc_scaffold37	1	198291	198362	Glu	TTC	0	0	70.4	45.60	24.80	Inf	Glu	99.0	high confidence set
Malc_scaffold37	2	267492	267564	Val	TAC	0	0	74.4	44.00	30.40	Inf	Val	103.3	high confidence set
Malc_scaffold37	4	895582	895661	Leu	TAG	0	0	69.5	48.50	21.00	Inf	Leu	111.5	high confidence set
Malc_scaffold37	5	957900	957971	Asp	GTC	0	0	69.8	46.80	23.00	Inf	Asp	94.5	high confidence set
Malc_scaffold37	6	981812	981884	Phe	GAA	0	0	78.3	58.40	19.90	Inf	Phe	113.2	high confidence set
Malc_scaffold37	7	1045601	1045683	Leu	TAA	0	0	67.5	30.20	37.30	Inf	Leu	94.2	high confidence set
Malc_scaffold37	8	1350033	1350104	Lys	TTT	0	0	83.8	71.00	12.80	Inf	Lys	83.9	high confidence set
Malc_scaffold37	9	1426752	1426822	Gly	GCC	0	0	66.5	44.80	21.70	Inf	Gly	94.4	high confidence set
Malc_scaffold37	10	2332783	2332711	Ala	AGC	0	0	63.4	38.20	25.20	Inf	Ala	98.3	high confidence set
Malc_scaffold37	11	2163603	2163531	Phe	GAA	0	0	78.3	58.40	19.90	Inf	Phe	113.2	high confidence set
Malc_scaffold37	12	2161032	2160960	Phe	GAA	0	0	78.3	58.40	19.90	Inf	Phe	113.2	high confidence set
Malc_scaffold37	13	804427	804356	Cys	GCA	0	0	82.1	59.90	22.20	Inf	Cys	106.6	high confidence set
Malc_scaffold37	14	419969	419898	Asp	GTC	0	0	69.8	46.80	23.00	Inf	Asp	94.5	high confidence set
Malc_scaffold37	15	384699	384627	Glu	CTC	0	0	77.0	51.50	25.50	Inf	Glu	91.5	high confidence set
Malc_scaffold37	16	126801	126730	Glu	TTC	0	0	69.9	45.30	24.60	Inf	Glu	99.4	high confidence set
Malc_scaffold38	1	248272	248191	Ser	TGA	0	0	80.7	46.10	34.60	Inf	Ser	119.7	high confidence set
Malc_scaffold39	1	84561	84633	Lys	CTT	0	0	87.7	67.60	20.10	Inf	Lys	106.7	high confidence set
Malc_scaffold39	2	606728	606800	Ala	CGC	0	0	68.3	44.10	24.20	Inf	Ala	99.2	high confidence set
Malc_scaffold39	3	913789	913870	Ser	GCT	0	0	80.5	45.20	35.30	Inf	Ser	109.5	high confidence set
Malc_scaffold39	4	676661	676591	Gly	CCC	0	0	65.4	28.10	37.30	Inf	Gly	85.4	high confidence set
Malc_scaffold40	1	707804	707875	Trp	CCA	0	0	75.8	51.20	24.60	Inf	Trp	105.6	high confidence set
Malc_scaffold40	2	712251	712322	Trp	CCA	0	0	75.8	51.20	24.60	Inf	Trp	105.6	high confidence set
Malc_scaffold40	3	1335713	1335632	Ser	AGA	0	0	76.3	41.60	34.70	Inf	Ser	112.1	high confidence set
Malc_scaffold40	4	697671	697600	Trp	CCA	0	0	75.8	51.20	24.60	Inf	Trp	105.6	high confidence set
Malc_scaffold40	5	446073	446000	Thr	AGT	0	0	73.6	45.20	28.40	Inf	Thr	88.6	high confidence set
Malc_scaffold41	1	15546	15620	Asn	GTT	0	0	79.5	51.90	27.60	Inf	Ile	87.4	IPD:-11.90,isotype mismatch
Malc_scaffold41	2	125068	125140	Ala	AGC	0	0	63.4	38.20	25.20	Inf	Ala	98.3	high confidence set
Malc_scaffold41	3	462860	462932	Ala	AGC	0	0	63.4	38.20	25.20	Inf	Ala	98.3	high confidence set
Malc_scaffold41	4	543013	543096	Leu	CAA	0	0	82.0	55.00	27.00	Inf	Leu	127.3	high confidence set
Malc_scaffold41	5	543172	543255	Leu	TAA	0	0	80.8	54.30	26.50	Inf	Leu	123.7	high confidence set
Malc_scaffold41	6	567795	567712	Tyr	GTA	567758	567748	74.3	42.60	31.70	Inf	Tyr	108.6	high confidence set
Malc_scaffold41	7	429169	429098	Thr	TGT	0	0	83.0	58.30	24.70	Inf	Thr	92.4	high confidence set
Malc_scaffold41	8	175458	175385	Val	AAC	0	0	72.5	48.10	24.40	Inf	Val	100.2	high confidence set
Malc_scaffold41	9	96780	96708	Lys	CTT	0	0	87.7	67.60	20.10	Inf	Lys	106.7	high confidence set
Malc_scaffold42	1	33894	33965	Trp	CCA	0	0	73.6	49.10	24.50	Inf	Trp	103.5	high confidence set
Malc_scaffold42	2	289704	289777	Arg	TCG	0	0	81.9	60.40	21.50	Inf	Arg	92.9	high confidence set
Malc_scaffold42	3	562373	562444	Pro	AGG	0	0	64.7	36.40	28.30	Inf	Pro	105.2	high confidence set
Malc_scaffold42	4	640087	640168	Ser	AGA	0	0	77.0	42.20	34.80	Inf	Ser	112.5	high confidence set
Malc_scaffold42	6	291888	291804	Met	CAT	291850	291840	64.2	40.80	23.40	Inf	Met	104.0	high confidence set
Malc_scaffold42	7	66682	66603	Leu	TAG	0	0	69.5	48.50	21.00	Inf	Leu	111.5	high confidence set
Malc_scaffold43	1	208820	208893	Ile	AAT	0	0	85.5	59.00	26.50	Inf	Ile	109.4	high confidence set
Malc_scaffold43	2	329217	329147	Gly	GCC	0	0	66.5	44.80	21.70	Inf	Gly	94.4	high confidence set
Malc_scaffold43	3	297111	297040	Glu	TTC	0	0	69.9	45.30	24.60	Inf	Glu	99.4	high confidence set
Malc_scaffold43	4	192048	191975	Asn	GTT	0	0	81.4	54.70	26.70	Inf	Asn	91.8	high confidence set
Malc_scaffold44	1	240864	240935	Gly	TCC	0	0	74.1	46.70	27.40	Inf	Gly	84.2	high confidence set
Malc_scaffold44	2	265773	265846	Val	AAC	0	0	72.5	48.10	24.40	Inf	Val	100.2	high confidence set
Malc_scaffold45	1	337252	337325	Thr	AGT	0	0	75.0	47.40	27.60	Inf	Thr	89.8	high confidence set
Malc_scaffold46	1	32846	32917	Pro	AGG	0	0	67.4	34.70	32.70	Inf	Pro	112.3	high confidence set
Malc_scaffold46	2	76822	76893	Thr	TGT	0	0	83.0	58.30	24.70	Inf	Thr	92.4	high confidence set
Malc_scaffold46	3	111875	111946	Gln	CTG	0	0	74.6	50.10	24.50	Inf	Gln	102.4	high confidence set
Malc_scaffold46	4	130214	130142	Phe	GAA	0	0	78.3	58.40	19.90	Inf	Phe	113.2	high confidence set
Malc_scaffold47	1	99690	99775	Tyr	GTA	99727	99739	74.2	42.50	31.70	Inf	Tyr	108.6	high confidence set
Malc_scaffold47	2	193999	193928	Thr	TGT	0	0	84.3	58.00	26.30	Inf	Thr	93.3	high confidence set
Malc_scaffold47	3	1066	995	Gln	TTG	0	0	73.5	53.70	19.80	Inf	Gln	104.8	high confidence set
Malc_scaffold48	1	145419	145500	Ser	AGA	0	0	77.0	42.20	34.80	Inf	Ser	112.5	high confidence set
Malc_scaffold49	1	397081	397153	Val	TAC	0	0	74.4	44.00	30.40	Inf	Val	103.3	high confidence set
Malc_scaffold49	2	399976	399904	Lys	CTT	0	0	87.7	67.60	20.10	Inf	Lys	106.7	high confidence set
Malc_scaffold49	3	197884	197813	Gln	CTG	0	0	72.9	45.60	27.30	Inf	Gln	101.1	high confidence set
Malc_scaffold50	1	532588	532671	Tyr	GTA	532625	532635	74.3	42.60	31.70	Inf	Tyr	108.6	high confidence set
Malc_scaffold50	2	703539	703621	Leu	TAA	0	0	72.9	35.60	37.30	Inf	Leu	100.3	high confidence set
Malc_scaffold50	3	845343	845426	Tyr	GTA	845380	845390	74.3	42.60	31.70	Inf	Tyr	108.6	high confidence set
Malc_scaffold50	4	1347976	1348049	Thr	AGT	0	0	73.6	45.20	28.40	Inf	Thr	88.6	high confidence set
Malc_scaffold50	5	2070830	2070914	Met	CAT	2070868	2070878	64.2	40.80	23.40	Inf	Met	104.0	high confidence set
Malc_scaffold50	6	3062616	3062688	Ala	AGC	0	0	63.4	38.20	25.20	Inf	Ala	98.3	high confidence set
Malc_scaffold50	7	3216048	3216118	Gly	GCC	0	0	61.0	39.20	21.80	Inf	Gly	90.0	high confidence set
Malc_scaffold50	8	3720355	3720427	Phe	GAA	0	0	78.3	58.40	19.90	Inf	Phe	113.2	high confidence set
Malc_scaffold50	9	5305903	5305974	Asp	GTC	0	0	69.8	46.80	23.00	Inf	Asp	94.5	high confidence set
Malc_scaffold50	10	5457877	5457948	Cys	GCA	0	0	81.7	56.10	25.60	Inf	Cys	104.3	high confidence set
Malc_scaffold50	11	5458545	5458616	Cys	GCA	0	0	81.7	56.10	25.60	Inf	Cys	104.3	high confidence set
Malc_scaffold50	12	6250712	6250641	Pro	TGG	0	0	69.2	36.90	32.30	Inf	Pro	112.8	high confidence set
Malc_scaffold50	13	6110098	6110028	Gly	GCC	0	0	66.5	44.80	21.70	Inf	Gly	94.4	high confidence set
Malc_scaffold50	14	4604502	4604431	Gln	TTG	0	0	73.5	53.70	19.80	Inf	Gln	104.8	high confidence set
Malc_scaffold50	15	2474404	2474331	Asn	GTT	0	0	81.1	59.00	22.10	Inf	Asn	88.7	high confidence set
Malc_scaffold50	16	1852913	1852842	Asp	GTC	0	0	69.8	46.80	23.00	Inf	Asp	94.5	high confidence set
Malc_scaffold50	17	1738849	1738778	Pro	AGG	0	0	67.4	34.70	32.70	Inf	Pro	112.3	high confidence set
Malc_scaffold50	18	1738625	1738554	Pro	TGG	0	0	68.5	35.70	32.80	Inf	Pro	111.2	high confidence set
Malc_scaffold50	19	1738083	1738012	Pro	TGG	0	0	68.5	35.70	32.80	Inf	Pro	111.2	high confidence set
Malc_scaffold50	20	1737121	1737050	Pro	TGG	0	0	68.5	35.70	32.80	Inf	Pro	111.2	high confidence set
Malc_scaffold50	21	1736313	1736242	Pro	TGG	0	0	68.5	35.70	32.80	Inf	Pro	111.2	high confidence set
Malc_scaffold50	22	1735366	1735295	Pro	AGG	0	0	67.4	34.70	32.70	Inf	Pro	112.3	high confidence set
Malc_scaffold50	23	1734850	1734779	Pro	TGG	0	0	68.5	35.70	32.80	Inf	Pro	111.2	high confidence set
Malc_scaffold50	24	1734417	1734346	Pro	TGG	0	0	68.5	35.70	32.80	Inf	Pro	111.2	high confidence set
Malc_scaffold50	25	1733368	1733297	Pro	CGG	0	0	65.9	33.20	32.70	Inf	Pro	106.1	high confidence set
Malc_scaffold50	26	1732316	1732245	Pro	TGG	0	0	68.5	35.70	32.80	Inf	Pro	111.2	high confidence set
Malc_scaffold50	27	1250223	1250139	Met	CAT	1250185	1250175	64.2	40.80	23.40	Inf	Met	104.0	high confidence set
Malc_scaffold50	28	887958	887885	Asn	GTT	0	0	83.3	58.10	25.20	Inf	Asn	93.9	high confidence set
Malc_scaffold50	29	887247	887168	Leu	TAG	0	0	68.7	47.30	21.40	Inf	Leu	109.7	high confidence set
Malc_scaffold50	30	681863	681791	Arg	TCT	0	0	71.0	51.20	19.80	Inf	Arg	99.1	high confidence set
Malc_scaffold50	31	18323	18251	Glu	CTC	0	0	76.3	50.40	25.90	Inf	Glu	91.1	high confidence set
Malc_scaffold51	1	451447	451520	Val	AAC	0	0	72.5	48.10	24.40	Inf	Val	100.2	high confidence set
Malc_scaffold52	1	268236	268308	Ala	TGC	0	0	70.0	45.30	24.70	Inf	Ala	100.6	high confidence set
Malc_scaffold52	2	526707	526789	Leu	TAA	0	0	73.9	37.40	36.50	Inf	Leu	101.1	high confidence set
Malc_scaffold52	4	951100	951170	Gly	GCC	0	0	66.5	44.80	21.70	Inf	Gly	94.4	high confidence set
Malc_scaffold52	5	1001050	1001120	Gly	GCC	0	0	62.1	40.30	21.80	Inf	Gly	89.2	high confidence set
Malc_scaffold52	6	1005205	1005275	Gly	GCC	0	0	66.5	44.80	21.70	Inf	Gly	94.4	high confidence set
Malc_scaffold52	7	1496867	1496940	Asn	GTT	0	0	83.7	58.60	25.10	Inf	Asn	90.4	high confidence set
Malc_scaffold52	8	2190381	2190453	Phe	GAA	0	0	78.3	58.40	19.90	Inf	Phe	113.2	high confidence set
Malc_scaffold52	9	2807058	2807143	Tyr	GTA	2807095	2807107	74.2	42.50	31.70	Inf	Tyr	108.6	high confidence set
Malc_scaffold52	10	2979504	2979577	Arg	TCG	0	0	81.9	60.40	21.50	Inf	Arg	92.9	high confidence set
Malc_scaffold52	11	4168383	4168456	Thr	AGT	0	0	70.2	46.10	24.10	Inf	Thr	83.6	high confidence set
Malc_scaffold52	12	4290170	4290241	Asp	GTC	0	0	69.8	46.80	23.00	Inf	Asp	94.5	high confidence set
Malc_scaffold52	13	4744662	4744590	Lys	CTT	0	0	87.7	67.60	20.10	Inf	Lys	106.7	high confidence set
Malc_scaffold52	14	4095193	4095109	Tyr	GTA	4095156	4095145	74.2	42.50	31.70	Inf	Tyr	108.6	high confidence set
Malc_scaffold52	15	4002437	4002365	Arg	CCT	0	0	74.8	55.90	18.90	Inf	Arg	87.5	high confidence set
Malc_scaffold52	16	3848525	3848446	Leu	TAG	0	0	69.5	48.50	21.00	Inf	Leu	111.5	high confidence set
Malc_scaffold52	17	3045036	3044963	Asn	GTT	0	0	81.4	54.70	26.70	Inf	Asn	91.8	high confidence set
Malc_scaffold52	18	2641684	2641611	Ile	TAT	0	0	85.9	70.60	15.30	Inf	Ile	103.9	high confidence set
Malc_scaffold52	19	2576365	2576293	Phe	GAA	0	0	78.3	58.40	19.90	Inf	Phe	113.2	high confidence set
Malc_scaffold52	20	2552542	2552471	His	GTG	0	0	63.0	33.70	29.30	Inf	His	86.8	high confidence set
Malc_scaffold52	21	2493190	2493118	Lys	CTT	0	0	87.7	67.60	20.10	Inf	Lys	106.7	high confidence set
Malc_scaffold52	23	2207618	2207547	Gln	CTG	0	0	74.7	50.50	24.20	Inf	Gln	100.9	high confidence set
Malc_scaffold52	24	1933998	1933928	Gly	GCC	0	0	66.5	44.80	21.70	Inf	Gly	94.4	high confidence set
Malc_scaffold52	25	1753345	1753261	Met	CAT	1753307	1753297	64.2	40.80	23.40	Inf	Met	104.0	high confidence set
Malc_scaffold52	26	1270529	1270458	Thr	TGT	0	0	83.0	58.30	24.70	Inf	Thr	92.4	high confidence set
Malc_scaffold52	27	1129965	1129892	Ile	AAT	0	0	85.5	59.00	26.50	Inf	Ile	109.4	high confidence set
Malc_scaffold52	28	1082370	1082298	Ala	AGC	0	0	63.4	38.20	25.20	Inf	Ala	98.3	high confidence set
Malc_scaffold52	29	927556	927483	Ile	TAT	0	0	80.6	65.00	15.60	Inf	Ile	99.3	high confidence set
Malc_scaffold52	30	716301	716230	His	GTG	0	0	63.0	33.70	29.30	Inf	His	86.8	high confidence set
Malc_scaffold52	31	526906	526835	Gly	TCC	0	0	74.1	46.70	27.40	Inf	Gly	84.2	high confidence set
Malc_scaffold52	32	361835	361763	Arg	CCG	0	0	65.7	49.40	16.30	Inf	Arg	91.4	high confidence set
Malc_scaffold52	33	237664	237593	Pro	AGG	0	0	68.2	35.90	32.30	Inf	Pro	113.9	high confidence set
Malc_scaffold52	34	180710	180639	Glu	TTC	0	0	69.9	45.30	24.60	Inf	Glu	99.4	high confidence set
Malc_scaffold53	1	32338	32410	Lys	CTT	0	0	87.7	67.60	20.10	Inf	Lys	106.7	high confidence set
Malc_scaffold53	2	199517	199602	Tyr	GTA	199554	199566	74.2	42.50	31.70	Inf	Tyr	108.6	high confidence set
Malc_scaffold53	3	72899	72826	Asn	GTT	0	0	81.4	54.70	26.70	Inf	Asn	91.8	high confidence set
Malc_scaffold54	1	322191	322120	iMet	CAT	0	0	58.3	28.10	30.20	Inf	iMet	118.7	high confidence set
Malc_scaffold55	1	1315141	1315212	Trp	CCA	0	0	75.8	51.20	24.60	Inf	Trp	105.6	high confidence set
Malc_scaffold55	2	1720109	1720182	Arg	TCG	0	0	81.9	60.40	21.50	Inf	Arg	92.9	high confidence set
Malc_scaffold55	3	2219747	2219818	Pro	AGG	0	0	68.2	35.90	32.30	Inf	Pro	113.9	high confidence set
Malc_scaffold55	5	2089078	2089008	Gly	GCC	0	0	66.5	44.80	21.70	Inf	Gly	94.4	high confidence set
Malc_scaffold55	7	1897164	1897094	Gly	GCC	0	0	66.5	44.80	21.70	Inf	Gly	94.4	high confidence set
Malc_scaffold55	8	1773089	1773019	Gly	GCC	0	0	66.5	44.80	21.70	Inf	Gly	94.4	high confidence set
Malc_scaffold55	9	538498	538426	Val	TAC	0	0	74.4	44.00	30.40	Inf	Val	103.3	high confidence set
Malc_scaffold55	10	485543	485472	Lys	TTT	0	0	92.3	68.60	23.70	Inf	Lys	93.4	high confidence set
Malc_scaffold55	11	95849	95779	Gly	GCC	0	0	60.7	47.00	13.70	Inf	Gly	87.3	high confidence set
Malc_scaffold56	1	236628	236699	Trp	CCA	0	0	75.8	51.20	24.60	Inf	Trp	105.6	high confidence set
Malc_scaffold56	2	328323	328396	Arg	TCG	0	0	82.3	61.00	21.30	Inf	Arg	91.9	high confidence set
Malc_scaffold56	3	179509	179428	Ser	AGA	0	0	76.3	41.60	34.70	Inf	Ser	112.1	high confidence set
Malc_scaffold57	1	21828	21899	Gly	TCC	0	0	74.1	46.70	27.40	Inf	Gly	84.2	high confidence set
Malc_scaffold58	1	192808	192881	Thr	AGT	0	0	73.6	45.20	28.40	Inf	Thr	88.6	high confidence set
Malc_scaffold58	2	697887	697958	Gly	TCC	0	0	74.1	46.70	27.40	Inf	Gly	84.2	high confidence set
Malc_scaffold58	3	2297709	2297782	Asn	GTT	0	0	83.3	58.10	25.20	Inf	Asn	93.9	high confidence set
Malc_scaffold58	4	2311139	2311211	Ala	TGC	0	0	65.3	45.80	19.50	Inf	Ala	95.4	high confidence set
Malc_scaffold58	5	2721444	2721517	Val	AAC	0	0	72.5	48.10	24.40	Inf	Val	100.2	high confidence set
Malc_scaffold58	6	1245793	1245722	Pro	TGG	0	0	68.5	35.70	32.80	Inf	Pro	111.2	high confidence set
Malc_scaffold58	7	1245356	1245285	Pro	TGG	0	0	67.4	34.70	32.70	Inf	Pro	112.3	high confidence set
Malc_scaffold58	8	1244989	1244918	Pro	TGG	0	0	68.5	35.70	32.80	Inf	Pro	111.2	high confidence set
Malc_scaffold58	9	1244528	1244457	Pro	TGG	0	0	68.5	35.70	32.80	Inf	Pro	111.2	high confidence set
Malc_scaffold58	10	1244087	1244016	Pro	TGG	0	0	68.5	35.70	32.80	Inf	Pro	111.2	high confidence set
Malc_scaffold58	11	1243599	1243528	Pro	TGG	0	0	68.5	35.70	32.80	Inf	Pro	111.2	high confidence set
Malc_scaffold58	12	1242997	1242926	Pro	AGG	0	0	67.4	34.70	32.70	Inf	Pro	112.3	high confidence set
Malc_scaffold58	13	1242835	1242764	Pro	TGG	0	0	68.5	35.70	32.80	Inf	Pro	111.2	high confidence set
Malc_scaffold58	14	1239469	1239398	Pro	TGG	0	0	68.5	35.70	32.80	Inf	Pro	111.2	high confidence set
Malc_scaffold58	15	1238897	1238826	Pro	TGG	0	0	68.5	35.70	32.80	Inf	Pro	111.2	high confidence set
Malc_scaffold58	16	1238556	1238485	Pro	TGG	0	0	68.5	35.70	32.80	Inf	Pro	111.2	high confidence set
Malc_scaffold58	17	1238104	1238033	Pro	TGG	0	0	68.5	35.70	32.80	Inf	Pro	111.2	high confidence set
Malc_scaffold58	18	1237657	1237586	Pro	TGG	0	0	68.5	35.70	32.80	Inf	Pro	111.2	high confidence set
Malc_scaffold58	19	1234010	1233939	Pro	TGG	0	0	68.5	35.70	32.80	Inf	Pro	111.2	high confidence set
Malc_scaffold58	20	1233303	1233232	Pro	TGG	0	0	68.5	35.70	32.80	Inf	Pro	111.2	high confidence set
Malc_scaffold58	21	1232480	1232409	Pro	TGG	0	0	68.5	35.70	32.80	Inf	Pro	111.2	high confidence set
Malc_scaffold58	22	1231831	1231760	Pro	TGG	0	0	68.5	35.70	32.80	Inf	Pro	111.2	high confidence set
Malc_scaffold58	23	1094854	1094782	Glu	CTC	0	0	76.3	50.40	25.90	Inf	Glu	91.1	high confidence set
Malc_scaffold58	24	977652	977582	Gly	GCC	0	0	66.5	44.80	21.70	Inf	Gly	94.4	high confidence set
Malc_scaffold58	25	725134	725062	Glu	CTC	0	0	76.3	50.40	25.90	Inf	Glu	91.1	high confidence set
Malc_scaffold60	1	535624	535695	Gly	TCC	0	0	74.1	46.70	27.40	Inf	Gly	84.2	high confidence set
Malc_scaffold61	1	718797	718868	Pro	TGG	0	0	69.2	36.90	32.30	Inf	Pro	112.8	high confidence set
Malc_scaffold61	2	635433	635354	Leu	TAG	0	0	69.5	48.50	21.00	Inf	Leu	111.5	high confidence set
Malc_scaffold61	3	495521	495450	Cys	GCA	0	0	81.7	56.10	25.60	Inf	Cys	104.3	high confidence set
Malc_scaffold62	1	378887	378808	Leu	TAG	0	0	69.5	48.50	21.00	Inf	Leu	111.5	high confidence set
Malc_scaffold62	2	259125	259054	Cys	GCA	0	0	81.7	56.10	25.60	Inf	Cys	104.3	high confidence set
Malc_scaffold62	3	148281	148210	Trp	CCA	0	0	75.8	51.20	24.60	Inf	Trp	105.6	high confidence set
Malc_scaffold62	4	93435	93364	Trp	CCA	0	0	75.8	51.20	24.60	Inf	Trp	105.6	high confidence set
Malc_scaffold64	1	280351	280431	Leu	AAG	0	0	71.4	51.10	20.30	Inf	Leu	108.5	high confidence set
Malc_scaffold64	2	146962	146889	Val	AAC	0	0	72.5	48.10	24.40	Inf	Val	100.2	high confidence set
Malc_scaffold67	2	60751	60823	Phe	GAA	0	0	78.3	58.40	19.90	Inf	Phe	113.2	high confidence set
Malc_scaffold67	3	291795	291724	iMet	CAT	0	0	58.3	28.10	30.20	Inf	iMet	118.7	high confidence set
Malc_scaffold68	1	63598	63669	Gln	CTG	0	0	71.1	46.00	25.10	Inf	Gln	100.8	high confidence set
Malc_scaffold68	2	66445	66525	Leu	AAG	0	0	71.4	51.10	20.30	Inf	Leu	108.5	high confidence set
Malc_scaffold68	3	101462	101547	Tyr	GTA	101499	101511	74.2	42.50	31.70	Inf	Tyr	108.6	high confidence set
Malc_scaffold68	4	211051	210980	Pro	CGG	0	0	68.2	35.30	32.90	Inf	Pro	113.0	high confidence set
Malc_scaffold68	5	189956	189885	iMet	CAT	0	0	58.3	28.10	30.20	Inf	iMet	118.7	high confidence set
Malc_scaffold69	1	127167	127238	Gln	CTG	0	0	71.1	46.00	25.10	Inf	Gln	100.8	high confidence set
Malc_scaffold69	2	192745	192673	Glu	CTC	0	0	77.7	51.90	25.80	Inf	Glu	92.4	high confidence set
Malc_scaffold69	3	83349	83261	Tyr	GTA	83312	83297	74.1	42.30	31.80	Inf	Tyr	108.6	high confidence set
Malc_scaffold76	1	37973	38057	Met	CAT	38011	38021	64.2	40.80	23.40	Inf	Met	104.0	high confidence set
Malc_scaffold76	2	57242	57326	Met	CAT	57280	57290	64.2	40.80	23.40	Inf	Met	104.0	high confidence set
Malc_scaffold76	3	259686	259757	His	GTG	0	0	63.0	33.70	29.30	Inf	His	91.2	high confidence set
Malc_scaffold76	4	208004	207924	Leu	AAG	0	0	71.4	51.10	20.30	Inf	Leu	108.5	high confidence set
Malc_scaffold76	5	161160	161088	Arg	ACG	0	0	73.2	50.90	22.30	Inf	Arg	94.3	high confidence set
Malc_scaffold77	1	31624	31553	Cys	GCA	0	0	80.8	53.70	27.10	Inf	Cys	103.2	high confidence set
Malc_scaffold79	1	338718	338789	Asp	GTC	0	0	69.8	46.80	23.00	Inf	Asp	94.5	high confidence set
Malc_scaffold79	2	459420	459491	Pro	TGG	0	0	69.2	36.90	32.30	Inf	Pro	112.8	high confidence set
Malc_scaffold79	3	463226	463297	Pro	TGG	0	0	69.2	36.90	32.30	Inf	Pro	112.8	high confidence set
Malc_scaffold79	4	861084	861156	Ala	AGC	0	0	63.4	38.20	25.20	Inf	Ala	98.3	high confidence set
Malc_scaffold79	5	1268293	1268364	Pro	AGG	0	0	67.4	34.70	32.70	Inf	Pro	112.3	high confidence set
Malc_scaffold79	6	872062	871990	Ala	AGC	0	0	63.4	38.20	25.20	Inf	Ala	98.3	high confidence set
Malc_scaffold80	1	189423	189494	Thr	TGT	0	0	83.0	58.30	24.70	Inf	Thr	92.4	high confidence set
Malc_scaffold81	1	102980	103052	Arg	CCT	0	0	72.3	51.10	21.20	Inf	Arg	81.9	high confidence set
Malc_scaffold81	2	124927	124854	Asn	GTT	0	0	77.7	52.60	25.10	Inf	Asn	87.8	high confidence set
Malc_scaffold81	3	61768	61687	Ser	GCT	0	0	80.5	46.30	34.20	Inf	Ser	106.5	high confidence set
Malc_scaffold82	1	439383	439456	Ile	AAT	0	0	85.5	59.00	26.50	Inf	Ile	109.4	high confidence set
Malc_scaffold82	2	857212	857284	Ala	AGC	0	0	63.4	38.20	25.20	Inf	Ala	98.3	high confidence set
Malc_scaffold82	3	725497	725426	Pro	AGG	0	0	67.4	34.70	32.70	Inf	Pro	112.3	high confidence set
Malc_scaffold83	1	321845	321773	Glu	CTC	0	0	76.9	51.10	25.80	Inf	Glu	90.4	high confidence set
Malc_scaffold84	1	383022	383094	Phe	GAA	0	0	78.3	58.40	19.90	Inf	Phe	113.2	high confidence set
Malc_scaffold84	2	396215	396287	Phe	GAA	0	0	78.3	58.40	19.90	Inf	Phe	113.2	high confidence set
Malc_scaffold84	3	518328	518257	Pro	AGG	0	0	67.4	34.70	32.70	Inf	Pro	112.3	high confidence set
Malc_scaffold84	4	451487	451414	Ile	AAT	0	0	85.5	59.00	26.50	Inf	Ile	109.4	high confidence set
Malc_scaffold84	5	374119	374048	iMet	CAT	0	0	58.3	28.10	30.20	Inf	iMet	118.7	high confidence set
Malc_scaffold84	6	321510	321437	Ile	AAT	0	0	86.4	57.90	28.50	Inf	Ile	108.4	high confidence set
Malc_scaffold84	7	266572	266499	Asn	GTT	0	0	83.3	58.10	25.20	Inf	Asn	93.9	high confidence set
Malc_scaffold87	1	1303817	1303889	Val	TAC	0	0	72.9	50.20	22.70	Inf	Val	99.1	high confidence set
Malc_scaffold87	2	1516618	1516689	Gly	TCC	0	0	74.1	46.70	27.40	Inf	Gly	84.2	high confidence set
Malc_scaffold87	3	1678502	1678431	Cys	GCA	0	0	80.8	53.70	27.10	Inf	Cys	103.2	high confidence set
Malc_scaffold87	4	1672848	1672777	His	GTG	0	0	63.0	33.70	29.30	Inf	His	86.8	high confidence set
Malc_scaffold87	5	1058983	1058913	Gly	GCC	0	0	66.5	44.80	21.70	Inf	Gly	94.4	high confidence set
Malc_scaffold87	7	1050581	1050511	Gly	GCC	0	0	66.5	44.80	21.70	Inf	Gly	94.4	high confidence set
Malc_scaffold87	8	438362	438278	Met	CAT	438324	438314	64.2	40.80	23.40	Inf	Met	104.0	high confidence set
Malc_scaffold87	9	213544	213473	Gln	TTG	0	0	73.5	53.70	19.80	Inf	Gln	104.8	high confidence set
Malc_scaffold88	1	182666	182738	Ala	AGC	0	0	56.9	37.30	19.60	Inf	Ala	90.7	high confidence set
Malc_scaffold93	1	535802	535730	Ala	TGC	0	0	70.0	45.30	24.70	Inf	Ala	100.6	high confidence set
Malc_scaffold93	2	170335	170263	Arg	TCT	0	0	71.0	51.20	19.80	Inf	Arg	99.1	high confidence set
Malc_scaffold99	1	92435	92507	Arg	ACG	0	0	66.3	46.00	20.30	Inf	Arg	90.0	high confidence set
Malc_scaffold100	1	633665	633736	Gln	CTG	0	0	71.1	46.00	25.10	Inf	Gln	100.8	high confidence set
Malc_scaffold100	2	1327834	1327762	Lys	CTT	0	0	87.7	67.60	20.10	Inf	Lys	106.7	high confidence set
Malc_scaffold100	3	911778	911706	Phe	GAA	0	0	78.3	58.40	19.90	Inf	Phe	113.2	high confidence set
Malc_scaffold105	1	80057	80130	Ile	TAT	0	0	85.9	70.60	15.30	Inf	Ile	103.9	high confidence set
Malc_scaffold105	5	72680	72596	Tyr	GTA	72643	72632	62.3	33.30	29.00	Inf	Tyr	102.2	high confidence set
Malc_scaffold105	6	72243	72159	Tyr	GTA	72206	72195	66.2	40.80	25.40	Inf	Tyr	97.7	high confidence set
Malc_scaffold105	7	71453	71372	Ser	AGA	0	0	77.0	42.20	34.80	Inf	Ser	112.5	high confidence set
Malc_scaffold105	8	71171	71087	Tyr	GTA	71134	71123	72.2	39.00	33.20	Inf	Tyr	110.0	high confidence set
Malc_scaffold105	9	70734	70650	Tyr	GTA	70697	70686	72.2	39.00	33.20	Inf	Tyr	110.0	high confidence set
Malc_scaffold105	10	69942	69861	Ser	AGA	0	0	73.8	39.00	34.80	Inf	Ser	107.1	high confidence set
Malc_scaffold105	11	69660	69576	Tyr	GTA	69623	69612	72.2	39.00	33.20	Inf	Tyr	110.0	high confidence set
Malc_scaffold105	12	69224	69140	Tyr	GTA	69187	69176	72.2	39.00	33.20	Inf	Tyr	110.0	high confidence set
Malc_scaffold105	13	68437	68356	Ser	AGA	0	0	77.0	42.20	34.80	Inf	Ser	112.5	high confidence set
Malc_scaffold105	14	68155	68071	Tyr	GTA	68118	68107	72.2	39.00	33.20	Inf	Tyr	110.0	high confidence set
Malc_scaffold105	15	67718	67634	Tyr	GTA	67681	67670	72.2	39.00	33.20	Inf	Tyr	110.0	high confidence set
Malc_scaffold105	16	66926	66845	Ser	AGA	0	0	77.0	42.20	34.80	Inf	Ser	112.5	high confidence set
Malc_scaffold105	17	66644	66560	Tyr	GTA	66607	66596	72.2	39.00	33.20	Inf	Tyr	110.0	high confidence set
Malc_scaffold105	18	66207	66123	Tyr	GTA	66170	66159	72.2	39.00	33.20	Inf	Tyr	110.0	high confidence set
Malc_scaffold105	19	64878	64797	Ser	AGA	0	0	73.6	41.90	31.70	Inf	Ser	110.8	high confidence set
Malc_scaffold106	1	30152	30236	Met	CAT	30190	30200	64.2	40.80	23.40	Inf	Met	104.0	high confidence set
Malc_scaffold111	1	65106	65176	Gly	CCC	0	0	65.4	28.10	37.30	Inf	Gly	85.4	high confidence set
Malc_scaffold111	2	105426	105497	Cys	GCA	0	0	81.7	59.20	22.50	Inf	Cys	104.2	high confidence set
Malc_scaffold111	3	234237	234325	Tyr	GTA	234274	234289	74.1	42.40	31.70	Inf	Tyr	108.6	high confidence set
Malc_scaffold118	5	329335	329418	Tyr	GTA	0	0	55.6	30.40	25.20	Inf	Tyr	72.5	high confidence set
Malc_scaffold118	7	332384	332314	Cys	GCA	0	0	64.9	46.30	18.60	Inf	Cys	73.4	high confidence set
Malc_scaffold118	8	328376	328305	Thr	GGT	0	0	58.2	29.20	29.00	Inf	Thr	73.0	unexpected anticodon
Malc_scaffold118	10	313238	313152	Ser	GGA	0	0	62.2	32.40	29.80	Inf	Ser	80.0	unexpected anticodon
Malc_scaffold118	11	310380	310308	Phe	GAA	0	0	72.3	48.00	24.30	Inf	Thr	73.4	IPD:-0.90,isotype mismatch
Malc_scaffold130	1	138538	138609	Pro	TGG	0	0	69.2	36.90	32.30	Inf	Pro	112.8	high confidence set
Malc_scaffold130	2	537109	537038	Gln	TTG	0	0	73.5	53.70	19.80	Inf	Gln	104.8	high confidence set
Malc_scaffold130	3	289651	289580	Trp	CCA	0	0	75.8	51.20	24.60	Inf	Trp	105.6	high confidence set
Malc_scaffold166	1	117534	117606	Lys	TTT	0	0	80.3	61.50	18.80	Inf	Lys	78.3	high confidence set
Malc_scaffold166	2	127577	127504	Trp	CCA	0	0	72.3	42.90	29.40	Inf	Thr	75.0	IPD:-16.70,isotype mismatch
Malc_scaffold176	1	53285	53366	Ser	CGA	0	0	77.5	44.40	33.10	Inf	Ser	120.8	high confidence set
Malc_scaffold179	1	92576	92504	Lys	CTT	0	0	87.7	67.60	20.10	Inf	Lys	106.7	high confidence set
Malc_scaffold184	1	133989	134060	Asp	GTC	0	0	66.4	46.50	19.90	Inf	Asp	89.7	high confidence set
Malc_scaffold189	1	73317	73398	Ser	AGA	0	0	77.8	43.40	34.40	Inf	Ser	110.9	high confidence set
Malc_scaffold189	2	79837	79766	Asp	GTC	0	0	67.0	47.30	19.70	Inf	Asp	95.1	high confidence set
Malc_scaffold197	1	118737	118808	iMet	CAT	0	0	58.3	28.10	30.20	Inf	iMet	118.7	high confidence set
Malc_scaffold207	1	6753	6840	Ser	GCT	0	0	58.8	38.80	20.00	Inf	Ser	75.9	high confidence set
Malc_scaffold251	1	89394	89323	iMet	CAT	0	0	58.3	28.10	30.20	Inf	iMet	118.7	high confidence set
Malc_scaffold286	2	63838	63911	Trp	CCA	0	0	71.9	38.60	33.30	Inf	Thr	74.9	IPD:-15.80,isotype mismatch
Malc_scaffold307	2	25118	25188	Cys	GCA	0	0	64.9	46.30	18.60	Inf	Cys	73.4	high confidence set
Malc_scaffold307	3	29089	29160	Thr	GGT	0	0	58.2	29.20	29.00	Inf	Thr	73.0	unexpected anticodon
Malc_scaffold307	5	42311	42397	Ser	GGA	0	0	62.2	32.40	29.80	Inf	Ser	80.0	unexpected anticodon
Malc_scaffold307	6	45547	45619	Phe	GAA	0	0	72.0	48.00	24.00	Inf	Thr	76.1	IPD:-0.90,isotype mismatch
Malc_scaffold307	8	43721	43649	Thr	TGT	0	0	69.1	50.20	18.90	Inf	Thr	82.6	high confidence set
Malc_scaffold307	12	28142	28059	Tyr	GTA	0	0	55.6	30.40	25.20	Inf	Tyr	72.5	high confidence set
Malc_scaffold307	14	5520	5433	Ser	GCT	0	0	56.5	36.60	19.90	Inf	Ser	73.7	high confidence set
Malc_scaffold318	1	26995	26924	Gly	TCC	0	0	74.1	46.70	27.40	Inf	Gly	84.2	high confidence set
Malc_scaffold318	2	23082	23011	Gly	TCC	0	0	74.1	46.70	27.40	Inf	Gly	84.2	high confidence set
Malc_scaffold363	2	29280	29209	Asn	GTT	0	0	72.3	55.20	17.10	Inf	Asn	71.1	high confidence set
Malc_scaffold381	1	55093	55164	Asp	GTC	0	0	67.0	47.30	19.70	Inf	Asp	95.1	high confidence set
Malc_scaffold497	1	13798	13717	Ser	GCT	0	0	80.5	45.20	35.30	Inf	Ser	109.5	high confidence set
Malc_scaffold873	2	2618	2545	Trp	CCA	0	0	71.9	38.60	33.30	Inf	Thr	74.9	IPD:-15.80,isotype mismatch
Malc_scaffold1230	1	5542	5613	Asn	GTT	0	0	80.2	55.20	25.00	Inf	Asn	80.7	high confidence set
Malc_scaffold1413	1	4115	4201	Ser	GGA	0	0	63.9	34.10	29.80	Inf	Ser	78.3	unexpected anticodon
Malc_scaffold1620	1	1207	1280	Arg	ACG	0	0	67.0	49.10	17.90	Inf	Ile	71.9	IPD:-8.90,isotype mismatch
Malc_scaffold1655	1	1110	1037	Pro	TGG	0	0	70.4	39.30	31.10	Inf	Trp	76.7	IPD:-17.30,isotype mismatch
Malc_scaffold1690	1	1659	1589	Cys	GCA	0	0	64.8	31.60	33.20	Inf	Gln	79.0	IPD:-8.70,isotype mismatch
Malc_scaffold2157	1	1081	1153	Ala	TGC	0	0	66.5	41.00	25.50	Inf	Ala	78.3	high confidence set
