Sequence		tRNA    	Bounds  	tRNA	Anti	Intron Bounds	Inf	HMM	2'Str	Hit	Isotype	Isotype	      
Name    	tRNA#	Begin   	End     	Type	Codon	Begin	End	Score	Score	Score	Origin	CM	Score	Note
--------	------	-----   	------  	----	-----	-----	----	------	-----	-----	------	-------	-------	------
Ca1	1	1233786	1233857	His	GTG	0	0	63.0	33.70	29.30	Inf	His	86.8	high confidence set
Ca1	2	1538311	1538384	Val	AAC	0	0	71.1	46.70	24.40	Inf	Val	95.4	high confidence set
Ca1	3	1538471	1538544	Val	AAC	0	0	71.1	46.70	24.40	Inf	Val	95.4	high confidence set
Ca1	4	1544925	1544998	Val	AAC	0	0	72.2	47.80	24.40	Inf	Val	98.2	high confidence set
Ca1	5	2191407	2191478	Gln	CTG	0	0	74.7	50.50	24.20	Inf	Gln	100.9	high confidence set
Ca1	6	3024498	3024571	Ile	TAT	0	0	79.9	61.70	18.20	Inf	Ile	98.4	high confidence set
Ca1	7	3476526	3476598	Lys	CTT	0	0	83.3	64.00	19.30	Inf	Lys	103.2	high confidence set
Ca1	8	4294462	4294534	Phe	GAA	0	0	72.9	56.90	16.00	Inf	Phe	106.4	high confidence set
Ca1	9	4572968	4573039	Pro	TGG	0	0	68.5	35.70	32.80	Inf	Pro	111.2	high confidence set
Ca1	10	4922524	4922595	Pro	TGG	0	0	68.5	35.70	32.80	Inf	Pro	111.2	high confidence set
Ca1	11	5083799	5083870	Trp	CCA	0	0	75.1	50.10	25.00	Inf	Trp	105.0	high confidence set
Ca1	12	6646145	6646218	Asn	GTT	0	0	74.8	49.90	24.90	Inf	Asn	86.6	high confidence set
Ca1	13	6656949	6657022	Asn	GTT	0	0	79.2	54.00	25.20	Inf	Asn	89.6	high confidence set
Ca1	14	8453546	8453617	Trp	CCA	0	0	75.8	51.20	24.60	Inf	Trp	105.6	high confidence set
Ca1	15	9435640	9435721	Ser	AGA	0	0	79.4	43.10	36.30	Inf	Ser	115.0	high confidence set
Ca1	16	9585339	9585420	Ser	AGA	0	0	79.4	43.10	36.30	Inf	Ser	115.0	high confidence set
Ca1	17	9889306	9889379	Asn	GTT	0	0	82.3	57.10	25.20	Inf	Asn	92.8	high confidence set
Ca1	18	10110445	10110518	Ile	AAT	0	0	73.7	51.40	22.30	Inf	Ile	99.7	high confidence set
Ca1	19	10309429	10309501	Lys	CTT	0	0	87.7	67.60	20.10	Inf	Lys	106.7	high confidence set
Ca1	20	10747642	10747713	Thr	TGT	0	0	84.3	58.00	26.30	Inf	Thr	93.3	high confidence set
Ca1	21	10756217	10756298	Ser	GCT	0	0	80.5	45.20	35.30	Inf	Ser	109.5	high confidence set
Ca1	22	12808637	12808709	Arg	CCT	0	0	69.1	50.30	18.80	Inf	Arg	81.2	high confidence set
Ca1	23	12811837	12811909	Arg	CCT	0	0	69.1	50.30	18.80	Inf	Arg	81.2	high confidence set
Ca1	24	13736836	13736923	Tyr	GTA	13736873	13736887	74.4	42.90	31.50	Inf	Tyr	111.8	high confidence set
Ca1	25	13787215	13787287	Ala	AGC	0	0	63.4	38.20	25.20	Inf	Ala	98.3	high confidence set
Ca1	26	14125993	14126066	Asn	GTT	0	0	84.7	58.00	26.70	Inf	Ile	88.7	IPD:-0.70,isotype mismatch
Ca1	27	15110381	15110464	Leu	TAA	0	0	64.2	26.80	37.40	Inf	Leu	81.5	high confidence set
Ca1	28	15112461	15112532	Pro	AGG	0	0	67.4	34.70	32.70	Inf	Pro	112.3	high confidence set
Ca1	29	15189605	15189677	Arg	TCT	0	0	68.5	50.60	17.90	Inf	Arg	98.8	high confidence set
Ca1	30	15996775	15996847	Ala	AGC	0	0	63.4	38.20	25.20	Inf	Ala	98.3	high confidence set
Ca1	31	16032419	16032492	Val	AAC	0	0	72.2	47.80	24.40	Inf	Val	98.2	high confidence set
Ca1	32	16037362	16037435	Val	AAC	0	0	72.2	47.80	24.40	Inf	Val	98.2	high confidence set
Ca1	33	16334000	16334072	Glu	CTC	0	0	78.9	53.10	25.80	Inf	Glu	99.2	high confidence set
Ca1	34	16464662	16464734	Phe	GAA	0	0	78.3	58.40	19.90	Inf	Phe	113.2	high confidence set
Ca1	35	16596862	16596933	Gln	CTG	0	0	75.3	51.20	24.10	Inf	Gln	103.1	high confidence set
Ca1	36	17200338	17200409	His	GTG	0	0	63.0	33.70	29.30	Inf	His	87.1	high confidence set
Ca1	37	17890230	17890301	iMet	CAT	0	0	57.5	27.40	30.10	Inf	iMet	120.7	high confidence set
Ca1	38	18286020	18286090	Gly	CCC	0	0	65.4	28.10	37.30	Inf	Gly	85.4	high confidence set
Ca1	40	37538451	37538522	Asp	GTC	0	0	69.8	46.80	23.00	Inf	Asp	95.8	high confidence set
Ca1	41	38066085	38066156	Asp	GTC	0	0	59.5	41.80	17.70	Inf	Asp	87.0	high confidence set
Ca1	43	41070511	41070583	Arg	TCT	0	0	70.4	50.20	20.20	Inf	Arg	95.3	high confidence set
Ca1	44	41761864	41761935	Gln	TTG	0	0	73.5	53.70	19.80	Inf	Gln	104.8	high confidence set
Ca1	45	42890511	42890584	Val	AAC	0	0	72.2	47.80	24.40	Inf	Val	98.2	high confidence set
Ca1	46	45609243	45609330	Ser	GGA	0	0	66.0	36.40	29.60	Inf	Ser	87.1	unexpected anticodon
Ca1	47	47793060	47793133	Thr	AGT	0	0	66.2	45.40	20.80	Inf	Thr	79.8	high confidence set
Ca1	48	47929746	47929674	Glu	CTC	0	0	78.9	53.10	25.80	Inf	Glu	99.2	high confidence set
Ca1	49	45248411	45248333	Arg	ACG	0	0	56.5	44.90	11.60	Inf	Ile	73.7	IPD:-23.30,isotype mismatch
Ca1	50	45248209	45248138	Asn	GTT	0	0	78.8	57.90	20.90	Inf	Asn	74.9	high confidence set
Ca1	51	45239816	45239743	Met	CAT	0	0	65.0	40.00	25.00	Inf	Thr	70.0	IPD:-38.40,isotype mismatch
Ca1	54	38066289	38066216	Ile	AAT	0	0	84.0	56.60	27.40	Inf	Ile	110.3	high confidence set
Ca1	55	37634387	37634315	Ala	AGC	0	0	63.4	38.20	25.20	Inf	Ala	98.3	high confidence set
Ca1	56	37619449	37619377	Ala	AGC	0	0	63.4	38.20	25.20	Inf	Ala	98.3	high confidence set
Ca1	57	37538658	37538585	Ile	AAT	0	0	82.1	55.50	26.60	Inf	Ile	105.5	high confidence set
Ca1	58	23565466	23565383	Met	CAT	23565428	23565419	64.3	40.80	23.50	Inf	Met	104.0	high confidence set
Ca1	59	17568099	17568026	Thr	AGT	0	0	75.0	47.40	27.60	Inf	Thr	89.8	high confidence set
Ca1	60	17487543	17487472	Pro	TGG	0	0	60.5	27.80	32.70	Inf	Pro	103.0	high confidence set
Ca1	61	15758626	15758556	Gly	CCC	0	0	65.4	28.10	37.30	Inf	Gly	85.4	high confidence set
Ca1	62	15329306	15329234	Val	TAC	0	0	71.2	38.40	32.80	Inf	Val	101.5	high confidence set
Ca1	63	15169641	15169560	Ser	GCT	0	0	80.5	45.20	35.30	Inf	Ser	109.5	high confidence set
Ca1	65	13229424	13229352	Val	TAC	0	0	71.5	39.00	32.50	Inf	Val	101.2	high confidence set
Ca1	66	13102831	13102761	Gly	GCC	0	0	66.5	44.80	21.70	Inf	Gly	94.4	high confidence set
Ca1	69	12328293	12328221	Pro	AGG	0	0	64.0	33.70	30.30	Inf	Pro	103.6	high confidence set
Ca1	70	11326240	11326169	Gly	TCC	0	0	73.9	46.20	27.70	Inf	Gly	85.6	high confidence set
Ca1	71	10329545	10329473	Ala	TGC	0	0	69.1	43.30	25.80	Inf	Ala	101.9	high confidence set
Ca1	72	9926384	9926312	Arg	TCT	0	0	70.4	50.20	20.20	Inf	Arg	95.3	high confidence set
Ca1	73	9832082	9832001	Ser	CGA	0	0	76.5	44.60	31.90	Inf	Ser	118.0	high confidence set
Ca1	74	9753034	9752963	iMet	CAT	0	0	58.3	28.10	30.20	Inf	iMet	118.7	high confidence set
Ca1	75	9502812	9502741	Asp	GTC	0	0	69.8	46.80	23.00	Inf	Asp	94.5	high confidence set
Ca1	76	7706987	7706916	Gly	TCC	0	0	73.9	46.20	27.70	Inf	Gly	85.6	high confidence set
Ca1	77	6260060	6259987	Thr	AGT	0	0	71.1	43.80	27.30	Inf	Thr	85.9	high confidence set
Ca1	78	5603135	5603063	Phe	GAA	0	0	78.3	58.40	19.90	Inf	Phe	113.2	high confidence set
Ca1	79	4832070	4831988	Leu	TAA	0	0	76.1	38.50	37.60	Inf	Leu	99.9	high confidence set
Ca1	80	4574305	4574234	Pro	AGG	0	0	67.4	34.70	32.70	Inf	Pro	112.3	high confidence set
Ca1	81	3465635	3465564	Gly	TCC	0	0	73.9	46.20	27.70	Inf	Gly	85.6	high confidence set
Ca1	82	3163480	3163410	Gly	GCC	0	0	66.5	44.80	21.70	Inf	Gly	94.4	high confidence set
Ca1	83	3133892	3133820	Ala	TGC	0	0	70.0	45.30	24.70	Inf	Ala	100.6	high confidence set
Ca1	84	2239481	2239409	Val	TAC	0	0	71.5	39.00	32.50	Inf	Val	101.2	high confidence set
Ca1	85	786898	786825	Val	CAC	0	0	79.1	48.00	31.10	Inf	Val	101.8	high confidence set
Ca1	86	412976	412903	Arg	TCG	0	0	81.9	60.40	21.50	Inf	Arg	92.9	high confidence set
Ca2	1	866638	866711	Asn	GTT	0	0	83.3	58.10	25.20	Inf	Asn	93.9	high confidence set
Ca2	2	2062377	2062448	Pro	TGG	0	0	66.3	31.40	34.90	Inf	Pro	105.9	high confidence set
Ca2	3	7512823	7512904	Ser	GCT	0	0	80.5	45.20	35.30	Inf	Ser	109.5	high confidence set
Ca2	4	10406689	10406759	Gly	GCC	0	0	66.5	44.80	21.70	Inf	Gly	94.4	high confidence set
Ca2	5	11744003	11744076	Asn	GTT	0	0	70.7	53.70	17.00	Inf	Asn	78.3	high confidence set
Ca2	6	12020324	12020407	Leu	CAA	0	0	79.5	54.50	25.00	Inf	Leu	126.8	high confidence set
Ca2	7	13393474	13393545	Trp	CCA	0	0	75.8	51.20	24.60	Inf	Trp	105.6	high confidence set
Ca2	8	15479664	15479737	Asn	GTT	0	0	82.3	57.10	25.20	Inf	Asn	92.8	high confidence set
Ca2	9	17727253	17727324	His	GTG	0	0	63.0	33.70	29.30	Inf	His	87.1	high confidence set
Ca2	10	22339062	22339134	Ala	TGC	0	0	74.3	48.40	25.90	Inf	Ala	105.0	high confidence set
Ca2	11	23283352	23283422	Gly	GCC	0	0	66.5	44.80	21.70	Inf	Gly	94.4	high confidence set
Ca2	12	25775721	25775793	Glu	CTC	0	0	79.2	53.50	25.70	Inf	Glu	94.2	high confidence set
Ca2	13	25777410	25777482	Glu	CTC	0	0	79.2	53.50	25.70	Inf	Glu	94.2	high confidence set
Ca2	14	27001420	27001490	Gly	GCC	0	0	66.5	44.80	21.70	Inf	Gly	94.4	high confidence set
Ca2	15	28932632	28932705	Asn	GTT	0	0	72.6	53.20	19.40	Inf	Asn	81.0	high confidence set
Ca2	16	28938314	28938387	Asn	GTT	0	0	79.2	54.00	25.20	Inf	Asn	89.6	high confidence set
Ca2	17	33683464	33683535	Glu	TTC	0	0	70.5	45.30	25.20	Inf	Glu	97.5	high confidence set
Ca2	18	35913564	35913493	Gly	TCC	0	0	73.9	46.20	27.70	Inf	Gly	85.6	high confidence set
Ca2	19	34864726	34864654	Phe	GAA	0	0	76.1	54.40	21.70	Inf	Phe	115.3	high confidence set
Ca2	20	34861553	34861481	Phe	GAA	0	0	76.1	54.40	21.70	Inf	Phe	115.3	high confidence set
Ca2	21	34788866	34788794	Phe	GAA	0	0	76.1	54.40	21.70	Inf	Phe	115.3	high confidence set
Ca2	22	34780514	34780442	Phe	GAA	0	0	66.8	45.10	21.70	Inf	Phe	107.0	high confidence set
Ca2	23	34625065	34624994	iMet	CAT	0	0	57.5	27.40	30.10	Inf	iMet	120.7	high confidence set
Ca2	24	34164788	34164717	Glu	TTC	0	0	72.0	47.50	24.50	Inf	Glu	101.6	high confidence set
Ca2	25	32888724	32888641	Leu	CAA	0	0	76.7	54.50	22.20	Inf	Leu	123.1	high confidence set
Ca2	26	31080032	31079960	Lys	CTT	0	0	86.2	67.30	18.90	Inf	Lys	105.7	high confidence set
Ca2	27	30510589	30510518	Asp	GTC	0	0	69.8	46.80	23.00	Inf	Asp	94.5	high confidence set
Ca2	28	30367882	30367810	Arg	CCT	0	0	74.8	55.90	18.90	Inf	Arg	87.5	high confidence set
Ca2	29	29927414	29927343	Lys	TTT	0	0	92.3	68.60	23.70	Inf	Lys	97.5	high confidence set
Ca2	30	28938552	28938471	Ser	AGA	0	0	79.4	43.10	36.30	Inf	Ser	115.0	high confidence set
Ca2	32	27852488	27852416	Phe	GAA	0	0	78.3	58.40	19.90	Inf	Phe	113.2	high confidence set
Ca2	33	27299634	27299564	Gly	GCC	0	0	64.1	42.30	21.80	Inf	Gly	91.2	high confidence set
Ca2	34	27293088	27293018	Gly	GCC	0	0	66.5	44.80	21.70	Inf	Gly	94.4	high confidence set
Ca2	36	22739435	22739363	Ala	AGC	0	0	60.7	35.50	25.20	Inf	Ala	99.6	high confidence set
Ca2	37	18743959	18743889	Gly	CCC	0	0	65.4	28.10	37.30	Inf	Gly	85.4	high confidence set
Ca2	38	15694549	15694478	Asp	GTC	0	0	69.8	46.80	23.00	Inf	Asp	94.5	high confidence set
Ca2	39	15157301	15157228	Asn	GTT	0	0	82.3	57.10	25.20	Inf	Asn	92.8	high confidence set
Ca2	40	12005542	12005471	Cys	GCA	0	0	82.1	59.90	22.20	Inf	Cys	106.6	high confidence set
Ca2	41	10091085	10091014	Pro	AGG	0	0	67.4	34.70	32.70	Inf	Pro	112.3	high confidence set
Ca2	42	9452041	9451968	Val	AAC	0	0	72.2	47.80	24.40	Inf	Val	98.2	high confidence set
Ca2	43	8750089	8750017	Val	TAC	0	0	78.2	43.80	34.40	Inf	Val	106.2	high confidence set
Ca2	44	8736756	8736684	Val	TAC	0	0	78.2	43.80	34.40	Inf	Val	106.2	high confidence set
Ca2	47	3659417	3659345	Ala	TGC	0	0	70.0	45.30	24.70	Inf	Ala	100.6	high confidence set
Ca2	48	1715180	1715109	Asp	GTC	0	0	69.8	46.80	23.00	Inf	Asp	94.5	high confidence set
Ca2	49	118187	118117	Gly	GCC	0	0	66.5	44.80	21.70	Inf	Gly	94.4	high confidence set
Ca3	1	538016	538087	Asp	GTC	0	0	69.8	46.80	23.00	Inf	Asp	94.5	high confidence set
Ca3	2	3358175	3358255	Leu	CAG	0	0	69.5	46.80	22.70	Inf	Leu	109.7	high confidence set
Ca3	3	7710824	7710904	Leu	CAG	0	0	69.5	46.80	22.70	Inf	Leu	109.7	high confidence set
Ca3	4	16412073	16412145	Lys	TTT	0	0	89.7	65.30	24.40	Inf	Lys	92.7	high confidence set
Ca3	5	18333338	18333409	Pro	AGG	0	0	67.4	34.70	32.70	Inf	Pro	112.3	high confidence set
Ca3	6	20102115	20102185	Gly	GCC	0	0	66.5	44.80	21.70	Inf	Gly	94.4	high confidence set
Ca3	7	20511827	20511898	Gln	TTG	0	0	73.5	53.70	19.80	Inf	Gln	104.8	high confidence set
Ca3	8	20980163	20980256	Tyr	GTA	20980200	20980220	74.2	42.70	31.50	Inf	Tyr	111.8	high confidence set
Ca3	9	22091771	22091854	Leu	CAA	0	0	79.5	54.50	25.00	Inf	Leu	126.8	high confidence set
Ca3	10	22362245	22362325	Leu	AAG	0	0	64.9	44.60	20.30	Inf	Leu	101.9	high confidence set
Ca3	11	22381873	22381953	Leu	AAG	0	0	74.0	52.20	21.80	Inf	Leu	110.4	high confidence set
Ca3	12	23540189	23540260	Pro	AGG	0	0	67.4	34.70	32.70	Inf	Pro	112.3	high confidence set
Ca3	13	23652905	23652977	Ala	AGC	0	0	63.4	38.20	25.20	Inf	Ala	98.3	high confidence set
Ca3	14	30109778	30109859	Ser	GCT	0	0	80.5	45.20	35.30	Inf	Ser	109.5	high confidence set
Ca3	15	31000134	31000205	Asp	GTC	0	0	69.8	46.80	23.00	Inf	Asp	94.5	high confidence set
Ca3	16	31565224	31565308	Met	CAT	31565262	31565272	64.3	40.80	23.50	Inf	Met	104.0	high confidence set
Ca3	18	32912712	32912783	Pro	AGG	0	0	67.4	34.70	32.70	Inf	Pro	112.3	high confidence set
Ca3	19	34327933	34328006	Ile	AAT	0	0	82.1	55.90	26.20	Inf	Ile	105.4	high confidence set
Ca3	20	36173208	36173279	Pro	AGG	0	0	67.4	34.70	32.70	Inf	Pro	112.3	high confidence set
Ca3	21	36386271	36386342	Asp	GTC	0	0	69.8	46.80	23.00	Inf	Asp	94.5	high confidence set
Ca3	22	37495331	37495404	Ile	TAT	0	0	85.9	70.60	15.30	Inf	Ile	103.9	high confidence set
Ca3	23	38388807	38388888	Ser	TGA	0	0	78.3	44.40	33.90	Inf	Ser	115.8	high confidence set
Ca3	24	39301153	39301233	Leu	AAG	0	0	74.0	52.20	21.80	Inf	Leu	110.4	high confidence set
Ca3	25	39512719	39512790	Gln	CTG	0	0	69.2	45.40	23.80	Inf	Gln	94.7	high confidence set
Ca3	26	39596568	39596640	Glu	CTC	0	0	78.9	53.10	25.80	Inf	Glu	99.2	high confidence set
Ca3	27	39719130	39719201	Cys	GCA	0	0	82.1	59.90	22.20	Inf	Cys	106.6	high confidence set
Ca3	28	39588147	39588074	Val	AAC	0	0	72.2	47.80	24.40	Inf	Val	98.2	high confidence set
Ca3	29	39261565	39261494	Gly	TCC	0	0	73.9	46.20	27.70	Inf	Gly	85.6	high confidence set
Ca3	30	39001481	39001409	Arg	CCG	0	0	65.7	49.40	16.30	Inf	Arg	91.4	high confidence set
Ca3	31	38366959	38366887	Ala	CGC	0	0	63.7	42.20	21.50	Inf	Ala	97.4	high confidence set
Ca3	32	37779322	37779249	Thr	AGT	0	0	72.7	47.30	25.40	Inf	Thr	88.4	high confidence set
Ca3	33	37637093	37637021	Ala	AGC	0	0	63.4	38.20	25.20	Inf	Ala	98.3	high confidence set
Ca3	34	37632683	37632612	Pro	CGG	0	0	65.2	35.80	29.40	Inf	Pro	103.5	high confidence set
Ca3	35	37553703	37553630	Ile	AAT	0	0	84.0	56.60	27.40	Inf	Ile	110.3	high confidence set
Ca3	36	37492479	37492407	Phe	GAA	0	0	78.3	58.40	19.90	Inf	Phe	113.2	high confidence set
Ca3	37	36804988	36804915	Ile	AAT	0	0	84.0	56.60	27.40	Inf	Ile	110.3	high confidence set
Ca3	38	36392147	36392077	Gly	CCC	0	0	65.4	28.10	37.30	Inf	Gly	85.4	high confidence set
Ca3	39	36007824	36007752	Arg	CCT	0	0	69.1	50.30	18.80	Inf	Arg	81.2	high confidence set
Ca3	40	35405921	35405850	Lys	TTT	0	0	92.3	68.60	23.70	Inf	Lys	97.5	high confidence set
Ca3	41	35357411	35357332	Leu	TAG	0	0	69.5	48.50	21.00	Inf	Leu	111.5	high confidence set
Ca3	42	34798323	34798250	Val	AAC	0	0	72.2	47.80	24.40	Inf	Val	98.2	high confidence set
Ca3	43	34767359	34767287	Arg	TCT	0	0	69.1	51.80	17.30	Inf	Arg	93.8	high confidence set
Ca3	44	33933263	33933192	Pro	CGG	0	0	59.6	30.20	29.40	Inf	Pro	97.4	high confidence set
Ca3	45	32588748	32588675	Arg	TCG	0	0	82.3	61.00	21.30	Inf	Arg	91.9	high confidence set
Ca3	46	32445563	32445492	Cys	GCA	0	0	82.1	59.90	22.20	Inf	Cys	106.6	high confidence set
Ca3	47	31845767	31845696	Asp	GTC	0	0	69.8	46.80	23.00	Inf	Asp	94.5	high confidence set
Ca3	48	30312527	30312446	Ser	TGA	0	0	78.3	44.40	33.90	Inf	Ser	115.8	high confidence set
Ca3	49	29993875	29993803	Ala	TGC	0	0	70.0	45.30	24.70	Inf	Ala	100.6	high confidence set
Ca3	50	28476629	28476557	Ala	AGC	0	0	63.4	38.20	25.20	Inf	Ala	98.3	high confidence set
Ca3	51	26326815	26326742	Val	CAC	0	0	75.5	51.90	23.60	Inf	Val	93.3	high confidence set
Ca3	52	25121616	25121543	Val	CAC	0	0	75.8	47.70	28.10	Inf	Val	97.8	high confidence set
Ca3	53	23653111	23653039	Phe	GAA	0	0	78.3	58.40	19.90	Inf	Phe	113.2	high confidence set
Ca3	54	22971091	22971018	Val	CAC	0	0	79.1	48.00	31.10	Inf	Val	101.8	high confidence set
Ca3	55	22968400	22968327	Val	CAC	0	0	79.1	48.00	31.10	Inf	Val	101.8	high confidence set
Ca3	56	21865324	21865252	Lys	CTT	0	0	87.7	67.60	20.10	Inf	Lys	106.7	high confidence set
Ca3	57	18631446	18631374	Lys	CTT	0	0	82.1	62.00	20.10	Inf	Lys	101.8	high confidence set
Ca3	58	18496957	18496884	Asn	GTT	0	0	83.3	58.10	25.20	Inf	Asn	93.9	high confidence set
Ca3	59	14443998	14443918	Leu	AAG	0	0	74.0	52.20	21.80	Inf	Leu	110.4	high confidence set
Ca3	60	10683981	10683911	Gly	GCC	0	0	57.0	38.90	18.10	Inf	Gly	74.4	high confidence set
Ca3	61	10633975	10633905	Gly	GCC	0	0	66.5	44.80	21.70	Inf	Gly	94.4	high confidence set
Ca3	62	10547917	10547847	Gly	GCC	0	0	66.5	44.80	21.70	Inf	Gly	94.4	high confidence set
Ca3	63	10542602	10542532	Gly	GCC	0	0	66.5	44.80	21.70	Inf	Gly	94.4	high confidence set
Ca3	65	4865171	4865099	Arg	TCT	0	0	68.8	51.30	17.50	Inf	Arg	97.8	high confidence set
Ca3	66	1304953	1304882	Gly	TCC	0	0	67.2	43.00	24.20	Inf	Gly	79.1	high confidence set
Ca3	67	1206360	1206274	Ser	GCT	0	0	57.3	41.50	15.80	Inf	Ser	83.5	high confidence set
Ca3	68	706943	706871	Lys	TTT	0	0	89.7	65.30	24.40	Inf	Lys	92.7	high confidence set
Ca4	1	23436	23519	Leu	CAA	0	0	79.5	54.50	25.00	Inf	Leu	126.8	high confidence set
Ca4	2	3751039	3751112	Ile	AAT	0	0	76.7	59.80	16.90	Inf	Ile	101.6	high confidence set
Ca4	3	6030585	6030666	Ser	TGA	0	0	78.3	44.40	33.90	Inf	Ser	115.8	high confidence set
Ca4	4	6050160	6050233	Thr	AGT	0	0	73.6	45.20	28.40	Inf	Thr	88.6	high confidence set
Ca4	5	6051618	6051691	Thr	AGT	0	0	73.6	45.20	28.40	Inf	Thr	88.6	high confidence set
Ca4	6	7930696	7930766	Gly	CCC	0	0	65.4	28.10	37.30	Inf	Gly	85.4	high confidence set
Ca4	7	8065586	8065666	Leu	AAG	0	0	74.0	52.20	21.80	Inf	Leu	110.4	high confidence set
Ca4	8	9503396	9503467	Asp	GTC	0	0	69.8	46.80	23.00	Inf	Asp	94.5	high confidence set
Ca4	9	9507553	9507624	Asp	GTC	0	0	69.8	46.80	23.00	Inf	Asp	94.5	high confidence set
Ca4	10	9589470	9589542	Ala	TGC	0	0	69.1	43.30	25.80	Inf	Ala	101.9	high confidence set
Ca4	11	9803724	9803796	Glu	CTC	0	0	79.2	53.50	25.70	Inf	Glu	94.2	high confidence set
Ca4	12	11907703	11907775	Arg	ACG	0	0	71.7	49.10	22.60	Inf	Arg	91.4	high confidence set
Ca4	13	11973414	11973486	Ala	TGC	0	0	70.0	45.30	24.70	Inf	Ala	100.6	high confidence set
Ca4	14	13248437	13248510	Thr	AGT	0	0	73.6	45.20	28.40	Inf	Thr	88.6	high confidence set
Ca4	15	13257874	13257947	Thr	AGT	0	0	73.6	45.20	28.40	Inf	Thr	88.6	high confidence set
Ca4	16	14513737	14513808	Pro	TGG	0	0	51.9	29.10	22.80	Inf	Pro	93.6	high confidence set
Ca4	17	14515263	14515334	Pro	TGG	0	0	68.5	35.70	32.80	Inf	Pro	111.2	high confidence set
Ca4	18	14517110	14517181	Pro	TGG	0	0	68.5	35.70	32.80	Inf	Pro	111.2	high confidence set
Ca4	19	14518070	14518141	Pro	TGG	0	0	68.5	35.70	32.80	Inf	Pro	111.2	high confidence set
Ca4	20	14519925	14519996	Pro	TGG	0	0	65.1	35.40	29.70	Inf	Pro	106.1	high confidence set
Ca4	23	14527596	14527667	Pro	TGG	0	0	68.5	35.70	32.80	Inf	Pro	111.2	high confidence set
Ca4	24	22023391	22023473	Leu	TAA	0	0	75.1	36.70	38.40	Inf	Leu	99.0	high confidence set
Ca4	25	22223856	22223927	Cys	GCA	0	0	82.1	59.90	22.20	Inf	Cys	106.6	high confidence set
Ca4	26	22651881	22651953	Arg	CCT	0	0	69.1	50.30	18.80	Inf	Arg	81.2	high confidence set
Ca4	27	36651518	36651589	Gln	CTG	0	0	75.3	51.20	24.10	Inf	Gln	103.1	high confidence set
Ca4	28	38294564	38294635	Gln	TTG	0	0	74.2	54.70	19.50	Inf	Gln	105.6	high confidence set
Ca4	29	40131349	40131422	Asn	GTT	0	0	73.7	52.00	21.70	Inf	Asn	82.7	high confidence set
Ca4	30	40884417	40884497	Leu	AAG	0	0	74.0	52.20	21.80	Inf	Leu	110.4	high confidence set
Ca4	31	41372776	41372859	Met	CAT	41372814	41372823	64.3	40.80	23.50	Inf	Met	104.0	high confidence set
Ca4	32	45677762	45677833	Asp	GTC	0	0	69.8	46.80	23.00	Inf	Asp	94.5	high confidence set
Ca4	33	45696038	45696109	Asp	GTC	0	0	60.1	39.30	20.80	Inf	Asp	85.7	high confidence set
Ca4	34	45839515	45839586	Pro	TGG	0	0	68.5	35.70	32.80	Inf	Pro	111.2	high confidence set
Ca4	35	45917668	45917741	Thr	AGT	0	0	75.0	47.40	27.60	Inf	Thr	89.8	high confidence set
Ca4	36	45982245	45982324	Leu	TAG	0	0	69.5	48.50	21.00	Inf	Leu	111.5	high confidence set
Ca4	37	46617985	46618057	Arg	CCT	0	0	69.1	50.30	18.80	Inf	Arg	81.2	high confidence set
Ca4	41	48650776	48650693	Leu	CAA	0	0	76.7	54.50	22.20	Inf	Leu	123.1	high confidence set
Ca4	42	48646298	48646215	Leu	CAA	0	0	70.4	52.20	18.20	Inf	Leu	116.9	high confidence set
Ca4	43	47453987	47453915	Lys	TTT	0	0	87.7	67.60	20.10	Inf	Lys	106.7	high confidence set
Ca4	44	44707429	44707358	Asp	GTC	0	0	69.8	46.80	23.00	Inf	Asp	94.5	high confidence set
Ca4	45	43849327	43849254	Ile	AAT	0	0	80.2	59.40	20.80	Inf	Ile	104.8	high confidence set
Ca4	46	43622460	43622388	Arg	CCT	0	0	69.1	50.30	18.80	Inf	Arg	81.2	high confidence set
Ca4	47	42632780	42632707	Asn	GTT	0	0	73.6	52.20	21.40	Inf	Asn	84.4	high confidence set
Ca4	48	41077537	41077465	Arg	ACG	0	0	71.4	48.60	22.80	Inf	Arg	89.4	high confidence set
Ca4	49	40355487	40355415	Lys	TTT	0	0	90.5	66.90	23.60	Inf	Lys	95.4	high confidence set
Ca4	50	38670281	38670209	Arg	CCT	0	0	69.1	50.30	18.80	Inf	Arg	81.2	high confidence set
Ca4	51	38292566	38292482	Met	CAT	38292528	38292518	64.3	40.80	23.50	Inf	Met	104.0	high confidence set
Ca4	52	26411724	26411653	Cys	GCA	0	0	82.1	59.90	22.20	Inf	Cys	106.6	high confidence set
Ca4	53	26363388	26363317	Cys	GCA	0	0	82.1	59.90	22.20	Inf	Cys	105.1	high confidence set
Ca4	56	26362333	26362262	Cys	GCA	0	0	82.1	59.90	22.20	Inf	Cys	105.1	high confidence set
Ca4	60	26361360	26361289	Cys	GCA	0	0	82.1	59.90	22.20	Inf	Cys	105.1	high confidence set
Ca4	62	26360878	26360807	Cys	GCA	0	0	82.1	59.90	22.20	Inf	Cys	105.1	high confidence set
Ca4	64	26360396	26360325	Cys	GCA	0	0	82.1	59.90	22.20	Inf	Cys	105.1	high confidence set
Ca4	65	25372016	25371933	Leu	CAA	0	0	79.5	54.50	25.00	Inf	Leu	126.8	high confidence set
Ca4	66	25351424	25351341	Leu	CAA	0	0	79.5	54.50	25.00	Inf	Leu	126.8	high confidence set
Ca4	67	22906122	22906050	Lys	TTT	0	0	64.4	47.20	17.20	Inf	Arg	94.8	IPD:-60.30,isotype mismatch
Ca4	68	22832160	22832089	Cys	GCA	0	0	82.1	59.90	22.20	Inf	Cys	106.6	high confidence set
Ca4	69	21854372	21854300	Arg	TCT	0	0	69.1	51.80	17.30	Inf	Arg	93.8	high confidence set
Ca4	70	19213375	19213304	Gln	TTG	0	0	73.5	53.70	19.80	Inf	Gln	104.8	high confidence set
Ca4	72	17860144	17860073	Cys	GCA	0	0	82.1	59.90	22.20	Inf	Cys	106.6	high confidence set
Ca4	73	17844353	17844281	Arg	CCG	0	0	82.8	60.80	22.00	Inf	Arg	84.0	high confidence set
Ca4	74	17001280	17001208	Ala	TGC	0	0	70.0	45.30	24.70	Inf	Ala	100.6	high confidence set
Ca4	75	15706120	15706047	Asn	GTT	0	0	82.3	57.10	25.20	Inf	Asn	92.8	high confidence set
Ca4	76	14070962	14070883	Leu	TAG	0	0	69.5	48.50	21.00	Inf	Leu	111.5	high confidence set
Ca4	77	9259531	9259458	Arg	TCG	0	0	82.3	61.00	21.30	Inf	Arg	91.9	high confidence set
Ca4	78	8233465	8233384	Ser	TGA	0	0	76.8	42.30	34.50	Inf	Ser	114.6	high confidence set
Ca4	79	8079135	8079064	Pro	AGG	0	0	60.8	35.00	25.80	Inf	Pro	103.0	high confidence set
Ca4	80	7984973	7984901	Arg	ACG	0	0	71.4	48.60	22.80	Inf	Arg	89.4	high confidence set
Ca4	81	6921920	6921848	Phe	GAA	0	0	78.3	58.40	19.90	Inf	Phe	113.2	high confidence set
Ca4	82	6357631	6357558	Ile	TAT	0	0	85.9	70.60	15.30	Inf	Ile	103.9	high confidence set
Ca4	84	6104185	6104113	Ala	AGC	0	0	63.4	38.20	25.20	Inf	Ala	98.3	high confidence set
Ca4	85	5826907	5826836	Glu	TTC	0	0	70.5	45.30	25.20	Inf	Glu	97.5	high confidence set
Ca4	86	5566096	5566024	Arg	TCT	0	0	70.4	50.20	20.20	Inf	Arg	95.3	high confidence set
Ca4	87	5428443	5428362	Ser	TGA	0	0	80.7	46.10	34.60	Inf	Ser	119.7	high confidence set
Ca4	88	3006698	3006626	Arg	TCT	0	0	70.4	50.20	20.20	Inf	Arg	95.3	high confidence set
Ca4	89	3005176	3005104	Arg	TCT	0	0	70.4	50.20	20.20	Inf	Arg	95.3	high confidence set
Ca4	90	1351924	1351854	Gly	GCC	0	0	66.5	44.80	21.70	Inf	Gly	94.4	high confidence set
Ca4	91	1350811	1350741	Gly	GCC	0	0	66.5	44.80	21.70	Inf	Gly	94.4	high confidence set
Ca4	92	919589	919505	Met	CAT	919551	919541	59.8	38.80	21.00	Inf	Met	91.8	high confidence set
Ca4	93	919371	919287	Met	CAT	919333	919323	64.2	40.80	23.40	Inf	Met	104.0	high confidence set
Ca4	94	730478	730407	Asp	GTC	0	0	70.0	47.20	22.80	Inf	Asp	93.4	high confidence set
Ca4	95	499994	499923	Trp	CCA	0	0	75.1	50.10	25.00	Inf	Trp	105.0	high confidence set
Ca5	1	277724	277797	Val	AAC	0	0	72.2	47.80	24.40	Inf	Val	98.2	high confidence set
Ca5	2	3057668	3057739	Ile	TAT	0	0	57.5	27.40	30.10	Inf	iMet	120.7	IPD:-86.70,isotype mismatch
Ca5	3	18539268	18539341	Ile	AAT	0	0	62.0	41.30	20.70	Inf	Val	83.9	IPD:-35.70,isotype mismatch
Ca5	4	19357762	19357834	Phe	GAA	0	0	73.7	53.80	19.90	Inf	Phe	106.9	high confidence set
Ca5	5	19429941	19430013	Phe	GAA	0	0	78.3	58.40	19.90	Inf	Phe	113.2	high confidence set
Ca5	6	19455072	19455144	Phe	GAA	0	0	78.3	58.40	19.90	Inf	Phe	113.2	high confidence set
Ca5	7	19862429	19862500	Glu	TTC	0	0	71.2	46.50	24.70	Inf	Glu	101.9	high confidence set
Ca5	8	22037672	22037743	iMet	CAT	0	0	56.4	29.30	27.10	Inf	iMet	102.3	high confidence set
Ca5	9	23865623	23865706	Leu	CAA	0	0	75.1	52.70	22.40	Inf	Leu	118.5	high confidence set
Ca5	10	25435150	25435221	His	GTG	0	0	63.0	33.70	29.30	Inf	His	87.1	high confidence set
Ca5	11	25791979	25792051	Glu	CTC	0	0	79.2	53.50	25.70	Inf	Glu	94.2	high confidence set
Ca5	12	27877238	27877319	Ser	AGA	0	0	79.4	43.10	36.30	Inf	Ser	115.0	high confidence set
Ca5	13	30875765	30875836	Glu	TTC	0	0	72.0	47.50	24.50	Inf	Glu	101.6	high confidence set
Ca5	14	31360254	31360326	Lys	CTT	0	0	88.3	68.20	20.10	Inf	Lys	101.1	high confidence set
Ca5	15	31791287	31791370	Leu	CAA	0	0	76.7	54.50	22.20	Inf	Leu	123.1	high confidence set
Ca5	16	32156044	32156116	Ala	AGC	0	0	63.4	38.20	25.20	Inf	Ala	98.3	high confidence set
Ca5	17	33772861	33772933	Phe	GAA	0	0	78.3	58.40	19.90	Inf	Phe	113.2	high confidence set
Ca5	18	34538529	34538600	Gly	TCC	0	0	73.9	46.20	27.70	Inf	Gly	85.6	high confidence set
Ca5	19	34854412	34854484	Arg	CCG	0	0	68.0	51.50	16.50	Inf	Arg	95.2	high confidence set
Ca5	20	35162862	35162935	Thr	AGT	0	0	73.6	45.20	28.40	Inf	Thr	88.6	high confidence set
Ca5	21	35686800	35686871	Asp	GTC	0	0	69.8	46.80	23.00	Inf	Asp	94.5	high confidence set
Ca5	22	36161694	36161767	Asn	GTT	0	0	82.3	57.10	25.20	Inf	Asn	92.8	high confidence set
Ca5	23	36185509	36185580	iMet	CAT	0	0	57.5	27.40	30.10	Inf	iMet	120.7	high confidence set
Ca5	24	36193079	36193150	Asp	GTC	0	0	69.8	46.80	23.00	Inf	Asp	94.5	high confidence set
Ca5	25	36286506	36286577	Pro	TGG	0	0	56.8	29.60	27.20	Inf	Pro	97.6	high confidence set
Ca5	26	37911275	37911356	Ser	TGA	0	0	80.7	46.10	34.60	Inf	Ser	119.7	high confidence set
Ca5	27	39762966	39763039	Thr	AGT	0	0	70.2	46.10	24.10	Inf	Thr	83.6	high confidence set
Ca5	28	42005835	42005928	Tyr	GTA	42005872	42005892	74.2	42.70	31.50	Inf	Tyr	111.8	high confidence set
Ca5	29	43377609	43377680	Gly	TCC	0	0	69.0	47.60	21.40	Inf	Gly	76.8	high confidence set
Ca5	30	43462308	43462399	Tyr	GTA	43462345	43462363	74.2	42.90	31.30	Inf	Tyr	111.8	high confidence set
Ca5	31	43528004	43528076	Arg	ACG	0	0	71.4	48.60	22.80	Inf	Arg	89.4	high confidence set
Ca5	32	45323729	45323801	Ala	CGC	0	0	68.3	43.90	24.40	Inf	Ala	97.7	high confidence set
Ca5	33	46990713	46990786	Ile	AAT	0	0	84.9	58.30	26.60	Inf	Ile	109.3	high confidence set
Ca5	35	48132408	48132327	Ser	AGA	0	0	79.4	43.10	36.30	Inf	Ser	115.0	high confidence set
Ca5	36	47868521	47868450	His	GTG	0	0	63.0	33.70	29.30	Inf	His	86.8	high confidence set
Ca5	38	46761521	46761441	Leu	AAG	0	0	70.5	52.60	17.90	Inf	Leu	103.4	high confidence set
Ca5	39	45993023	45992932	Tyr	GTA	45992986	45992968	74.2	42.70	31.50	Inf	Tyr	111.8	high confidence set
Ca5	40	45992491	45992400	Tyr	GTA	45992454	45992436	69.7	39.90	29.80	Inf	Tyr	103.3	high confidence set
Ca5	41	45991958	45991867	Tyr	GTA	45991921	45991903	74.2	42.70	31.50	Inf	Tyr	111.8	high confidence set
Ca5	42	45991425	45991334	Tyr	GTA	45991388	45991370	70.2	38.70	31.50	Inf	Tyr	104.1	high confidence set
Ca5	43	45990352	45990261	Tyr	GTA	45990315	45990297	74.2	42.70	31.50	Inf	Tyr	111.8	high confidence set
Ca5	44	45763692	45763613	Leu	TAG	0	0	69.5	48.50	21.00	Inf	Leu	111.5	high confidence set
Ca5	45	45581694	45581623	Trp	CCA	0	0	75.8	51.20	24.60	Inf	Trp	105.6	high confidence set
Ca5	46	45538500	45538430	Gly	CCC	0	0	59.7	28.80	30.90	Inf	Gly	77.9	high confidence set
Ca5	47	45408766	45408695	Asp	GTC	0	0	69.8	46.80	23.00	Inf	Asp	94.5	high confidence set
Ca5	48	44709539	44709468	Gln	TTG	0	0	73.5	53.70	19.80	Inf	Gln	104.8	high confidence set
Ca5	49	43882242	43882158	Met	CAT	43882204	43882194	64.3	40.80	23.50	Inf	Met	104.0	high confidence set
Ca5	50	43597759	43597675	Met	CAT	43597721	43597711	64.3	40.80	23.50	Inf	Met	104.0	high confidence set
Ca5	51	43286086	43286014	Arg	ACG	0	0	71.7	49.10	22.60	Inf	Arg	91.4	high confidence set
Ca5	52	42966544	42966473	Pro	AGG	0	0	67.4	34.70	32.70	Inf	Pro	112.3	high confidence set
Ca5	53	42536520	42536439	Ser	TGA	0	0	80.7	46.10	34.60	Inf	Ser	119.7	high confidence set
Ca5	54	41095385	41095292	Tyr	GTA	41095348	41095328	74.2	42.70	31.50	Inf	Tyr	111.8	high confidence set
Ca5	55	39524840	39524769	Pro	TGG	0	0	68.5	35.70	32.80	Inf	Pro	111.2	high confidence set
Ca5	57	36264638	36264567	Gln	TTG	0	0	73.5	53.70	19.80	Inf	Gln	104.8	high confidence set
Ca5	58	32710984	32710913	Asp	GTC	0	0	69.8	46.80	23.00	Inf	Asp	94.5	high confidence set
Ca5	59	32667463	32667381	Leu	TAA	0	0	75.1	36.70	38.40	Inf	Leu	99.0	high confidence set
Ca5	60	31759727	31759654	Arg	TCG	0	0	81.9	60.40	21.50	Inf	Arg	92.9	high confidence set
Ca5	61	31551349	31551278	Pro	TGG	0	0	68.5	35.70	32.80	Inf	Pro	111.2	high confidence set
Ca5	62	31362157	31362085	Lys	CTT	0	0	79.9	64.30	15.60	Inf	Lys	102.2	high confidence set
Ca5	63	31361426	31361354	Lys	CTT	0	0	79.7	59.60	20.10	Inf	Lys	99.2	high confidence set
Ca5	64	31360619	31360547	Lys	CTT	0	0	87.7	67.60	20.10	Inf	Lys	106.7	high confidence set
Ca5	65	30858477	30858406	Gln	CTG	0	0	75.3	51.20	24.10	Inf	Gln	103.1	high confidence set
Ca5	66	30407334	30407262	Glu	CTC	0	0	78.9	53.10	25.80	Inf	Glu	99.2	high confidence set
Ca5	67	29677133	29677049	Met	CAT	29677095	29677085	64.3	40.80	23.50	Inf	Met	104.0	high confidence set
Ca5	68	29645231	29645137	Tyr	GTA	29645194	29645173	71.9	38.60	33.30	Inf	Tyr	110.0	high confidence set
Ca5	69	27698697	27698626	His	GTG	0	0	63.0	33.70	29.30	Inf	His	86.8	high confidence set
Ca5	72	26293428	26293358	Gly	GCC	0	0	66.5	44.80	21.70	Inf	Gly	94.4	high confidence set
Ca5	73	26166617	26166536	Ser	CGA	0	0	76.5	44.60	31.90	Inf	Ser	118.0	high confidence set
Ca5	74	24516240	24516169	iMet	CAT	0	0	57.5	27.40	30.10	Inf	iMet	120.7	high confidence set
Ca5	75	24513270	24513199	Gly	TCC	0	0	73.9	46.20	27.70	Inf	Gly	85.6	high confidence set
Ca5	76	20976969	20976896	Ile	AAT	0	0	73.7	51.40	22.30	Inf	Ile	99.7	high confidence set
Ca5	77	20867338	20867265	Ile	AAT	0	0	84.0	56.60	27.40	Inf	Ile	110.3	high confidence set
Ca5	78	20657323	20657230	Tyr	GTA	20657286	20657266	74.2	42.70	31.50	Inf	Tyr	111.8	high confidence set
Ca5	79	20650755	20650662	Tyr	GTA	20650718	20650698	73.1	43.50	29.60	Inf	Tyr	104.6	high confidence set
Ca5	80	20612281	20612210	iMet	CAT	0	0	57.5	27.40	30.10	Inf	iMet	120.7	high confidence set
Ca5	81	10498364	10498291	Ile	TAT	0	0	85.9	70.60	15.30	Inf	Ile	103.9	high confidence set
Ca5	82	5136649	5136578	iMet	CAT	0	0	57.5	27.40	30.10	Inf	iMet	120.7	high confidence set
Ca5	83	3573870	3573789	Ser	TGA	0	0	78.3	44.40	33.90	Inf	Ser	115.8	high confidence set
Ca6	1	951204	951275	Lys	TTT	0	0	92.3	68.60	23.70	Inf	Lys	97.5	high confidence set
Ca6	2	964840	964912	Ala	TGC	0	0	70.0	45.30	24.70	Inf	Ala	100.6	high confidence set
Ca6	3	1684351	1684422	Pro	AGG	0	0	67.4	34.70	32.70	Inf	Pro	112.3	high confidence set
Ca6	4	1811918	1812011	Tyr	GTA	1811955	1811975	74.2	42.60	31.60	Inf	Tyr	111.8	high confidence set
Ca6	5	3294061	3294132	Asp	GTC	0	0	69.8	46.80	23.00	Inf	Asp	94.5	high confidence set
Ca6	6	3674809	3674880	Glu	TTC	0	0	72.0	47.50	24.50	Inf	Glu	101.6	high confidence set
Ca6	7	4554719	4554790	Cys	GCA	0	0	82.1	59.90	22.20	Inf	Cys	106.6	high confidence set
Ca6	8	5363384	5363455	Thr	TGT	0	0	84.3	58.00	26.30	Inf	Thr	93.3	high confidence set
Ca6	9	5529431	5529504	Val	CAC	0	0	81.5	53.50	28.00	Inf	Val	103.7	high confidence set
Ca6	10	5587848	5587919	Cys	GCA	0	0	82.1	59.90	22.20	Inf	Cys	106.6	high confidence set
Ca6	11	6643561	6643632	His	GTG	0	0	63.0	33.70	29.30	Inf	His	86.8	high confidence set
Ca6	12	6787808	6787879	Gln	TTG	0	0	73.5	53.70	19.80	Inf	Gln	104.8	high confidence set
Ca6	13	7701292	7701372	Leu	AAG	0	0	63.6	48.10	15.50	Inf	Leu	95.2	high confidence set
Ca6	14	8379444	8379515	Gln	TTG	0	0	73.5	53.70	19.80	Inf	Gln	104.8	high confidence set
Ca6	15	9742247	9742318	Gly	TCC	0	0	73.9	46.20	27.70	Inf	Gly	85.6	high confidence set
Ca6	16	10507095	10507176	Ser	AGA	0	0	75.9	41.00	34.90	Inf	Ser	111.1	high confidence set
Ca6	17	10977961	10978042	Ser	GCT	0	0	80.5	45.20	35.30	Inf	Ser	109.5	high confidence set
Ca6	18	13515025	13515096	Gly	TCC	0	0	73.9	46.20	27.70	Inf	Gly	85.6	high confidence set
Ca6	19	13542507	13542579	Glu	CTC	0	0	79.2	53.50	25.70	Inf	Glu	94.2	high confidence set
Ca6	20	13543448	13543520	Glu	CTC	0	0	79.2	53.50	25.70	Inf	Glu	94.2	high confidence set
Ca6	21	13896573	13896645	Phe	GAA	0	0	78.3	58.40	19.90	Inf	Phe	113.2	high confidence set
Ca6	22	14002630	14002701	Pro	AGG	0	0	67.4	34.70	32.70	Inf	Pro	112.3	high confidence set
Ca6	24	15005228	15005299	His	GTG	0	0	63.0	33.70	29.30	Inf	His	86.8	high confidence set
Ca6	25	16701001	16701073	Val	TAC	0	0	71.5	39.00	32.50	Inf	Val	101.2	high confidence set
Ca6	26	16843658	16843728	Gly	GCC	0	0	66.5	44.80	21.70	Inf	Gly	94.4	high confidence set
Ca6	28	19559019	19559090	Thr	CGT	0	0	80.2	53.70	26.50	Inf	Thr	86.8	high confidence set
Ca6	29	21539193	21539265	Arg	CCT	0	0	69.1	50.30	18.80	Inf	Arg	81.2	high confidence set
Ca6	30	24319938	24320010	Glu	CTC	0	0	78.9	53.10	25.80	Inf	Glu	94.8	high confidence set
Ca6	31	26734580	26734653	Val	AAC	0	0	72.2	47.80	24.40	Inf	Val	98.2	high confidence set
Ca6	32	29265238	29265310	Val	TAC	0	0	71.2	38.40	32.80	Inf	Val	101.5	high confidence set
Ca6	33	30067718	30067799	Ser	GCT	0	0	80.5	45.20	35.30	Inf	Ser	109.5	high confidence set
Ca6	34	30404271	30404351	Leu	AAG	0	0	74.0	52.20	21.80	Inf	Leu	110.4	high confidence set
Ca6	35	31037997	31038067	Gly	GCC	0	0	66.5	44.80	21.70	Inf	Gly	94.4	high confidence set
Ca6	36	32648826	32648896	Gly	GCC	0	0	57.4	36.00	21.40	Inf	Gly	87.1	high confidence set
Ca6	37	32736414	32736485	Asp	GTC	0	0	69.8	46.80	23.00	Inf	Asp	94.5	high confidence set
Ca6	38	40609537	40609609	Lys	TTT	0	0	86.9	63.30	23.60	Inf	Lys	90.1	high confidence set
Ca6	39	42566758	42566829	Lys	TTT	0	0	92.3	68.60	23.70	Inf	Lys	97.5	high confidence set
Ca6	40	42594742	42594813	Lys	TTT	0	0	92.3	68.60	23.70	Inf	Lys	97.5	high confidence set
Ca6	41	42596610	42596681	Lys	TTT	0	0	92.3	68.60	23.70	Inf	Lys	97.5	high confidence set
Ca6	43	42615263	42615334	Lys	TTT	0	0	85.4	64.20	21.20	Inf	Lys	87.8	high confidence set
Ca6	44	42639014	42639085	Lys	TTT	0	0	86.8	64.90	21.90	Inf	Lys	87.7	high confidence set
Ca6	45	44680060	44680133	Lys	CTT	0	0	68.4	43.10	25.30	Inf	Asn	76.0	IPD:-11.60,isotype mismatch
Ca6	46	45136409	45136482	Asn	GTT	0	0	82.3	57.10	25.20	Inf	Asn	92.8	high confidence set
Ca6	47	45141631	45141704	Asn	GTT	0	0	67.8	48.00	19.80	Inf	Asn	81.3	high confidence set
Ca6	48	45143291	45143364	Asn	GTT	0	0	82.3	57.10	25.20	Inf	Asn	92.8	high confidence set
Ca6	50	45650991	45651062	iMet	CAT	0	0	57.5	27.40	30.10	Inf	iMet	120.7	high confidence set
Ca6	51	47827984	47828056	Ala	AGC	0	0	63.4	38.20	25.20	Inf	Ala	98.3	high confidence set
Ca6	52	52154963	52155035	Lys	TTT	0	0	89.7	65.30	24.40	Inf	Lys	92.7	high confidence set
Ca6	53	53359300	53359381	Ser	GCT	0	0	80.5	45.20	35.30	Inf	Ser	109.5	high confidence set
Ca6	54	54150104	54150175	Asp	GTC	0	0	70.0	47.20	22.80	Inf	Asp	93.4	high confidence set
Ca6	55	56646747	56646820	Val	AAC	0	0	71.9	47.60	24.30	Inf	Val	91.0	high confidence set
Ca6	57	57512319	57512390	Thr	TGT	0	0	84.3	58.00	26.30	Inf	Thr	93.3	high confidence set
Ca6	58	57839038	57839111	Ile	AAT	0	0	74.9	57.50	17.40	Inf	Ile	101.7	high confidence set
Ca6	59	58246145	58246218	Gln	CTG	0	0	58.0	41.20	16.80	Inf	Gln	77.3	trunc_start:1,high confidence set
Ca6	60	58721350	58721279	Pro	CGG	0	0	65.2	35.80	29.40	Inf	Pro	103.5	high confidence set
Ca6	61	58166804	58166733	Glu	TTC	0	0	72.0	47.50	24.50	Inf	Glu	101.6	high confidence set
Ca6	62	56809618	56809547	Thr	TGT	0	0	79.3	49.30	30.00	Inf	Thr	92.3	high confidence set
Ca6	63	49867211	49867138	Arg	TCG	0	0	82.3	61.00	21.30	Inf	Arg	91.9	high confidence set
Ca6	64	40721549	40721477	Glu	CTC	0	0	79.2	53.50	25.70	Inf	Glu	94.2	high confidence set
Ca6	65	37541870	37541784	Tyr	GTA	37541833	37541820	74.4	43.00	31.40	Inf	Tyr	111.8	high confidence set
Ca6	66	34764976	34764894	Leu	TAA	0	0	75.1	36.70	38.40	Inf	Leu	99.0	high confidence set
Ca6	67	32722127	32722056	Asp	GTC	0	0	59.9	45.80	14.10	Inf	Asp	81.2	high confidence set
Ca6	69	32170970	32170899	Lys	TTT	0	0	92.3	68.60	23.70	Inf	Lys	97.5	high confidence set
Ca6	70	31338803	31338732	Gln	CTG	0	0	74.7	50.50	24.20	Inf	Gln	100.9	high confidence set
Ca6	71	30296981	30296899	Leu	TAA	0	0	70.7	33.10	37.60	Inf	Leu	93.7	high confidence set
Ca6	72	29289254	29289183	Asn	GTT	0	0	75.1	52.10	23.00	Inf	Asn	81.9	high confidence set
Ca6	73	28592731	28592658	Val	AAC	0	0	65.8	44.60	21.20	Inf	Val	91.4	high confidence set
Ca6	74	26414330	26414258	Lys	TTT	0	0	89.7	65.30	24.40	Inf	Lys	92.7	high confidence set
Ca6	75	24808005	24807922	Met	CAT	24807967	24807958	64.3	40.80	23.50	Inf	Met	104.0	high confidence set
Ca6	76	21980266	21980196	Gly	GCC	0	0	66.5	44.80	21.70	Inf	Gly	94.4	high confidence set
Ca6	77	21667338	21667267	Gly	TCC	0	0	73.9	46.20	27.70	Inf	Gly	85.6	high confidence set
Ca6	78	21664792	21664721	Gly	TCC	0	0	73.9	46.20	27.70	Inf	Gly	85.6	high confidence set
Ca6	79	21662092	21662021	Gly	TCC	0	0	73.9	46.20	27.70	Inf	Gly	85.6	high confidence set
Ca6	80	20775177	20775106	iMet	CAT	0	0	58.3	28.10	30.20	Inf	iMet	118.7	high confidence set
Ca6	81	20749602	20749530	Ala	AGC	0	0	63.4	38.20	25.20	Inf	Ala	98.3	high confidence set
Ca6	82	18974037	18973956	Ser	AGA	0	0	79.4	43.10	36.30	Inf	Ser	115.0	high confidence set
Ca6	83	18203973	18203902	Thr	TGT	0	0	79.3	49.30	30.00	Inf	Thr	92.3	high confidence set
Ca6	84	17746016	17745944	Thr	TGT	0	0	65.0	48.90	16.10	Inf	Thr	77.1	high confidence set
Ca6	85	17669519	17669447	Ala	TGC	0	0	69.1	43.30	25.80	Inf	Ala	101.9	high confidence set
Ca6	86	15826181	15826108	Thr	AGT	0	0	73.6	45.20	28.40	Inf	Thr	88.6	high confidence set
Ca6	87	15758760	15758688	Lys	CTT	0	0	87.7	67.60	20.10	Inf	Lys	106.7	high confidence set
Ca6	88	13910367	13910295	Arg	ACG	0	0	71.3	48.60	22.70	Inf	Arg	93.4	high confidence set
Ca6	89	13910206	13910123	Leu	CAA	0	0	79.5	54.50	25.00	Inf	Leu	126.8	high confidence set
Ca6	90	13241384	13241311	Val	AAC	0	0	72.2	47.80	24.40	Inf	Val	98.2	high confidence set
Ca6	91	10219702	10219631	Gly	TCC	0	0	73.9	46.20	27.70	Inf	Gly	85.6	high confidence set
Ca6	92	9858392	9858320	Glu	CTC	0	0	78.9	53.10	25.80	Inf	Glu	99.2	high confidence set
Ca6	93	9735867	9735794	Ile	AAT	0	0	84.0	56.60	27.40	Inf	Ile	110.3	high confidence set
Ca6	94	8181632	8181548	Met	CAT	8181594	8181584	60.4	39.50	20.90	Inf	Met	93.3	high confidence set
Ca6	95	8164139	8164055	Met	CAT	8164101	8164091	64.3	40.80	23.50	Inf	Met	104.0	high confidence set
Ca6	96	8163980	8163890	Tyr	GTA	8163943	8163926	74.3	42.80	31.50	Inf	Tyr	111.8	high confidence set
Ca6	97	8080247	8080176	Gln	TTG	0	0	73.5	53.70	19.80	Inf	Gln	104.8	high confidence set
Ca6	98	7891351	7891279	Ala	AGC	0	0	63.4	38.20	25.20	Inf	Ala	98.3	high confidence set
Ca6	99	7481467	7481380	Ser	GGA	0	0	52.8	26.80	26.00	Inf	Ser	72.3	unexpected anticodon
Ca6	100	6781686	6781603	Met	CAT	6781648	6781639	64.3	40.80	23.50	Inf	Met	104.0	high confidence set
Ca6	101	6232370	6232289	Ser	AGA	0	0	79.4	43.10	36.30	Inf	Ser	115.0	high confidence set
Ca6	102	4685228	4685156	Ala	CGC	0	0	52.7	42.10	10.60	Inf	Ala	85.7	high confidence set
Ca6	103	3497904	3497833	His	GTG	0	0	63.0	33.70	29.30	Inf	His	86.8	high confidence set
Ca6	104	2818573	2818501	Ala	TGC	0	0	69.1	43.30	25.80	Inf	Ala	101.9	high confidence set
Ca6	105	2329316	2329234	Leu	TAA	0	0	70.7	33.10	37.60	Inf	Leu	93.7	high confidence set
Ca6	106	1602898	1602825	Val	CAC	0	0	79.1	48.00	31.10	Inf	Val	101.8	high confidence set
Ca6	107	1320082	1320009	Val	CAC	0	0	79.1	48.00	31.10	Inf	Val	101.8	high confidence set
Ca6	108	1093464	1093391	Asn	GTT	0	0	82.3	57.10	25.20	Inf	Asn	92.8	high confidence set
Ca7	1	11043	11115	Lys	CTT	0	0	87.7	67.60	20.10	Inf	Lys	106.7	high confidence set
Ca7	2	63473	63544	Thr	CGT	0	0	80.2	51.20	29.00	Inf	Thr	85.8	high confidence set
Ca7	3	225236	225316	Leu	CAG	0	0	69.5	46.80	22.70	Inf	Leu	109.7	high confidence set
Ca7	4	974376	974448	Phe	GAA	0	0	78.3	58.40	19.90	Inf	Phe	113.2	high confidence set
Ca7	5	1114485	1114556	Trp	CCA	0	0	75.8	51.20	24.60	Inf	Trp	105.6	high confidence set
Ca7	6	1618142	1618214	Ala	AGC	0	0	63.4	38.20	25.20	Inf	Ala	98.3	high confidence set
Ca7	7	2470964	2471035	Lys	TTT	0	0	92.3	68.60	23.70	Inf	Lys	97.5	high confidence set
Ca7	8	3717445	3717515	Gly	GCC	0	0	66.5	44.80	21.70	Inf	Gly	94.4	high confidence set
Ca7	9	3964371	3964443	Ala	TGC	0	0	70.0	45.30	24.70	Inf	Ala	100.6	high confidence set
Ca7	10	4477579	4477650	His	GTG	0	0	63.0	33.70	29.30	Inf	His	87.1	high confidence set
Ca7	11	5525347	5525418	Pro	TGG	0	0	68.5	35.70	32.80	Inf	Pro	111.2	high confidence set
Ca7	12	6373429	6373501	Arg	ACG	0	0	72.0	49.70	22.30	Inf	Arg	93.9	high confidence set
Ca7	13	6373575	6373658	Leu	CAA	0	0	79.5	54.50	25.00	Inf	Leu	126.8	high confidence set
Ca7	14	8011107	8011178	Thr	CGT	0	0	82.2	57.60	24.60	Inf	Thr	90.2	high confidence set
Ca7	15	9525989	9526068	Leu	TAG	0	0	69.5	48.50	21.00	Inf	Leu	111.5	high confidence set
Ca7	16	10388998	10389069	Trp	CCA	0	0	75.8	51.20	24.60	Inf	Trp	105.6	high confidence set
Ca7	17	10674438	10674510	Lys	CTT	0	0	82.1	65.70	16.40	Inf	Lys	100.4	high confidence set
Ca7	18	11784882	11784952	Gly	GCC	0	0	66.5	44.80	21.70	Inf	Gly	94.4	high confidence set
Ca7	19	13454294	13454366	Lys	CTT	0	0	87.7	67.60	20.10	Inf	Lys	106.7	high confidence set
Ca7	20	13744967	13745040	Ile	TAT	0	0	80.1	68.10	12.00	Inf	Ile	97.6	high confidence set
Ca7	21	14176151	14176222	His	GTG	0	0	63.0	33.70	29.30	Inf	His	86.8	high confidence set
Ca7	22	18967467	18967548	Ser	GCT	0	0	71.3	37.90	33.40	Inf	Ser	93.0	high confidence set
Ca7	23	19397675	19397748	Asn	GTT	0	0	79.2	54.00	25.20	Inf	Asn	89.6	high confidence set
Ca7	24	19997510	19997583	Ile	AAT	0	0	82.1	55.90	26.20	Inf	Ile	105.4	high confidence set
Ca7	25	22017925	22017998	Val	AAC	0	0	72.8	48.40	24.40	Inf	Val	98.5	high confidence set
Ca7	26	22085515	22085588	Asn	GTT	0	0	79.2	53.80	25.40	Inf	Asn	94.6	high confidence set
Ca7	27	22554153	22554224	iMet	CAT	0	0	54.1	27.10	27.00	Inf	iMet	115.6	high confidence set
Ca7	28	30698524	30698596	Arg	TCT	0	0	70.4	50.20	20.20	Inf	Arg	95.3	high confidence set
Ca7	29	33129532	33129615	Leu	CAA	0	0	79.5	54.50	25.00	Inf	Leu	126.8	high confidence set
Ca7	30	36784353	36784426	Val	CAC	0	0	79.1	48.00	31.10	Inf	Val	101.8	high confidence set
Ca7	31	37814080	37814150	Gly	GCC	0	0	57.9	36.10	21.80	Inf	Gly	86.8	high confidence set
Ca7	32	37828261	37828331	Gly	GCC	0	0	66.5	44.80	21.70	Inf	Gly	94.4	high confidence set
Ca7	34	37833655	37833725	Gly	GCC	0	0	66.5	44.80	21.70	Inf	Gly	94.4	high confidence set
Ca7	36	37865556	37865626	Gly	GCC	0	0	62.7	40.90	21.80	Inf	Gly	85.9	high confidence set
Ca7	37	37934276	37934346	Gly	GCC	0	0	66.5	44.80	21.70	Inf	Gly	94.4	high confidence set
Ca7	38	39335395	39335468	Val	AAC	0	0	72.2	47.80	24.40	Inf	Val	98.2	high confidence set
Ca7	39	39338734	39338807	Val	AAC	0	0	72.2	47.80	24.40	Inf	Val	98.2	high confidence set
Ca7	40	39805738	39805819	Ser	GCT	0	0	80.5	45.20	35.30	Inf	Ser	109.5	high confidence set
Ca7	41	39809326	39809407	Ser	GCT	0	0	80.5	45.20	35.30	Inf	Ser	109.5	high confidence set
Ca7	42	39822849	39822930	Ser	GCT	0	0	80.5	45.20	35.30	Inf	Ser	109.5	high confidence set
Ca7	43	39835757	39835838	Ser	GCT	0	0	80.5	45.20	35.30	Inf	Ser	109.5	high confidence set
Ca7	44	39839466	39839547	Ser	GCT	0	0	80.5	45.20	35.30	Inf	Ser	109.5	high confidence set
Ca7	45	40767831	40767903	Arg	ACG	0	0	71.4	48.60	22.80	Inf	Arg	89.4	high confidence set
Ca7	46	41916282	41916355	Asn	GTT	0	0	82.3	57.10	25.20	Inf	Asn	92.8	high confidence set
Ca7	47	41917473	41917546	Asn	GTT	0	0	84.7	58.00	26.70	Inf	Ile	88.7	IPD:-0.70,isotype mismatch
Ca7	48	41918667	41918740	Asn	GTT	0	0	68.4	51.10	17.30	Inf	Asn	79.3	high confidence set
Ca7	49	46850793	46850710	Leu	CAA	0	0	76.7	54.50	22.20	Inf	Leu	123.1	high confidence set
Ca7	50	45190088	45190017	iMet	CAT	0	0	57.5	27.40	30.10	Inf	iMet	120.7	high confidence set
Ca7	51	40012081	40012000	Ser	GCT	0	0	80.5	45.20	35.30	Inf	Ser	109.5	high confidence set
Ca7	52	40009015	40008934	Ser	GCT	0	0	80.5	45.20	35.30	Inf	Ser	109.5	high confidence set
Ca7	53	35646219	35646148	Gly	TCC	0	0	73.9	46.20	27.70	Inf	Gly	85.6	high confidence set
Ca7	54	35264002	35263930	Ala	CGC	0	0	68.3	44.10	24.20	Inf	Ala	99.2	high confidence set
Ca7	55	34847428	34847356	Glu	CTC	0	0	78.9	53.10	25.80	Inf	Glu	99.2	high confidence set
Ca7	56	33484167	33484095	Ala	TGC	0	0	63.7	38.60	25.10	Inf	Ala	96.5	high confidence set
Ca7	57	28401500	28401428	Arg	TCT	0	0	70.4	50.20	20.20	Inf	Arg	95.3	high confidence set
Ca7	58	24534077	24533996	Ser	AGA	0	0	79.4	43.10	36.30	Inf	Ser	115.0	high confidence set
Ca7	61	22296058	22295986	Arg	ACG	0	0	71.7	49.10	22.60	Inf	Arg	91.4	high confidence set
Ca7	62	22055531	22055458	Val	AAC	0	0	72.2	47.80	24.40	Inf	Val	98.2	high confidence set
Ca7	63	20571369	20571297	Lys	TTT	0	0	90.5	66.90	23.60	Inf	Lys	95.4	high confidence set
Ca7	64	20151388	20151317	Asp	GTC	0	0	69.8	46.80	23.00	Inf	Asp	94.5	high confidence set
Ca7	65	16309275	16309204	His	GTG	0	0	63.0	33.70	29.30	Inf	His	86.8	high confidence set
Ca7	66	16143809	16143736	Asn	GTT	0	0	82.3	57.10	25.20	Inf	Asn	92.8	high confidence set
Ca7	67	15224810	15224738	Phe	GAA	0	0	78.3	58.40	19.90	Inf	Phe	113.2	high confidence set
Ca7	68	15221339	15221267	Phe	GAA	0	0	78.3	58.40	19.90	Inf	Phe	113.2	high confidence set
Ca7	69	13932651	13932580	Glu	TTC	0	0	70.5	45.30	25.20	Inf	Glu	97.5	high confidence set
Ca7	70	13930091	13930020	Glu	TTC	0	0	70.5	45.30	25.20	Inf	Glu	97.5	high confidence set
Ca7	71	13678068	13677997	Glu	TTC	0	0	70.5	45.30	25.20	Inf	Glu	97.5	high confidence set
Ca7	72	12788641	12788570	Trp	CCA	0	0	75.8	51.20	24.60	Inf	Trp	105.6	high confidence set
Ca7	73	11480594	11480523	iMet	CAT	0	0	58.3	28.10	30.20	Inf	iMet	118.7	high confidence set
Ca7	75	8070520	8070448	Glu	CTC	0	0	78.9	53.10	25.80	Inf	Glu	99.2	high confidence set
Ca7	76	7529489	7529417	Phe	GAA	0	0	78.6	51.00	27.60	Inf	Phe	96.7	high confidence set
Ca7	77	7022751	7022670	Ser	AGA	0	0	78.1	41.50	36.60	Inf	Ser	111.8	high confidence set
Ca7	78	6972840	6972759	Ser	GCT	0	0	80.5	45.20	35.30	Inf	Ser	109.5	high confidence set
Ca7	79	4647901	4647828	Thr	AGT	0	0	75.0	47.40	27.60	Inf	Thr	89.8	high confidence set
Ca7	80	3256510	3256429	Ser	GCT	0	0	80.5	45.20	35.30	Inf	Ser	109.5	high confidence set
Ca7	81	3053580	3053508	Glu	CTC	0	0	79.2	53.50	25.70	Inf	Glu	98.6	high confidence set
Ca7	82	2632405	2632333	Ala	TGC	0	0	69.1	43.30	25.80	Inf	Ala	101.9	high confidence set
Ca7	83	1719335	1719264	Glu	TTC	0	0	70.5	45.30	25.20	Inf	Glu	97.5	high confidence set
Ca8	1	1005932	1006005	Thr	AGT	0	0	75.0	47.40	27.60	Inf	Thr	89.8	high confidence set
Ca8	2	1694974	1695045	Thr	TGT	0	0	84.3	58.00	26.30	Inf	Thr	93.3	high confidence set
Ca8	3	2180264	2180336	Lys	CTT	0	0	87.7	67.60	20.10	Inf	Lys	106.7	high confidence set
Ca8	4	2736963	2737035	Glu	CTC	0	0	79.2	53.50	25.70	Inf	Glu	94.2	high confidence set
Ca8	5	2966023	2966095	Lys	CTT	0	0	87.7	67.60	20.10	Inf	Lys	106.7	high confidence set
Ca8	6	5101264	5101337	Ile	TAT	0	0	85.9	70.60	15.30	Inf	Ile	103.9	high confidence set
Ca8	7	5109153	5109224	Gln	CTG	0	0	75.3	51.20	24.10	Inf	Gln	103.1	high confidence set
Ca8	8	5110301	5110372	Gln	CTG	0	0	75.3	51.20	24.10	Inf	Gln	103.1	high confidence set
Ca8	9	5500798	5500868	Gly	GCC	0	0	66.5	44.80	21.70	Inf	Gly	94.4	high confidence set
Ca8	10	6712091	6712162	Thr	TGT	0	0	79.3	49.30	30.00	Inf	Thr	92.3	high confidence set
Ca8	11	6752654	6752725	Cys	GCA	0	0	82.1	59.90	22.20	Inf	Cys	106.6	high confidence set
Ca8	12	8860431	8860515	Met	CAT	8860469	8860479	64.3	40.80	23.50	Inf	Met	104.0	high confidence set
Ca8	14	12046042	12046113	Thr	TGT	0	0	79.3	49.30	30.00	Inf	Thr	92.3	high confidence set
Ca8	16	13927375	13927447	Ala	AGC	0	0	63.4	38.20	25.20	Inf	Ala	98.3	high confidence set
Ca8	17	14304411	14304331	Leu	CAG	0	0	69.5	46.80	22.70	Inf	Leu	109.7	high confidence set
Ca8	18	10625192	10625108	Met	CAT	10625154	10625144	64.3	40.80	23.50	Inf	Met	104.0	high confidence set
Ca8	19	10625033	10624943	Tyr	GTA	10624996	10624979	51.7	35.70	16.00	Inf	Tyr	88.0	high confidence set
Ca8	20	6925942	6925870	Lys	TTT	0	0	90.5	66.90	23.60	Inf	Lys	95.4	high confidence set
Ca8	21	6054701	6054630	Glu	TTC	0	0	60.0	41.30	18.70	Inf	Glu	91.1	high confidence set
Ca8	22	6052759	6052688	Glu	TTC	0	0	70.5	45.30	25.20	Inf	Glu	97.5	high confidence set
Ca8	23	5954454	5954381	Ile	AAT	0	0	75.8	57.50	18.30	Inf	Ile	99.8	high confidence set
Ca8	24	5947254	5947182	Lys	TTT	0	0	83.3	63.70	19.60	Inf	Lys	89.4	high confidence set
Ca8	25	5343922	5343851	Glu	TTC	0	0	70.5	45.30	25.20	Inf	Glu	97.5	high confidence set
Ca8	26	4487540	4487469	Trp	CCA	0	0	75.1	50.10	25.00	Inf	Trp	105.0	high confidence set
Ca8	27	4481114	4481043	Trp	CCA	0	0	75.1	50.10	25.00	Inf	Trp	105.0	high confidence set
Ca8	28	4454798	4454726	Lys	TTT	0	0	90.5	66.90	23.60	Inf	Lys	95.4	high confidence set
Ca8	30	288117	288044	Asn	GTT	0	0	81.7	56.30	25.40	Inf	Asn	94.2	high confidence set
scaffold87	1	517923	518004	Ser	TGA	0	0	80.7	46.10	34.60	Inf	Ser	119.7	high confidence set
scaffold87	2	518851	518932	Ser	TGA	0	0	80.7	46.10	34.60	Inf	Ser	119.7	high confidence set
scaffold98	1	658223	658152	Thr	TGT	0	0	84.3	58.00	26.30	Inf	Thr	93.3	high confidence set
scaffold98	2	441875	441804	Glu	TTC	0	0	72.0	47.50	24.50	Inf	Glu	101.6	high confidence set
scaffold100	1	48737	48809	Phe	GAA	0	0	78.3	58.40	19.90	Inf	Phe	113.2	high confidence set
scaffold134	1	202033	202114	Ser	CGA	0	0	76.5	44.60	31.90	Inf	Ser	118.0	high confidence set
scaffold134	2	206622	206710	Tyr	GTA	206659	206674	74.3	42.90	31.40	Inf	Tyr	111.8	high confidence set
scaffold134	3	248433	248505	Ala	AGC	0	0	53.8	33.00	20.80	Inf	Ala	89.5	high confidence set
scaffold174	1	469520	469447	Met	CAT	0	0	65.0	40.00	25.00	Inf	Thr	70.0	IPD:-38.40,isotype mismatch
scaffold202	1	5069	5141	Phe	GAA	0	0	73.9	56.80	17.10	Inf	Phe	105.8	high confidence set
scaffold202	2	8142	8214	Phe	GAA	0	0	63.7	49.20	14.50	Inf	Phe	99.7	high confidence set
scaffold227	1	331611	331540	Cys	GCA	0	0	82.1	59.90	22.20	Inf	Cys	106.6	high confidence set
scaffold242	1	648898	648970	Lys	CTT	0	0	87.7	67.60	20.10	Inf	Lys	106.7	high confidence set
scaffold296	1	30663	30583	Leu	AAG	0	0	74.0	52.20	21.80	Inf	Leu	110.4	high confidence set
scaffold296	2	30496	30416	Leu	AAG	0	0	74.0	52.20	21.80	Inf	Leu	110.4	high confidence set
scaffold296	3	30329	30249	Leu	AAG	0	0	74.0	52.20	21.80	Inf	Leu	110.4	high confidence set
scaffold296	4	24142	24062	Leu	AAG	0	0	74.0	52.20	21.80	Inf	Leu	110.4	high confidence set
scaffold308_2	2	264156	264070	Ser	GCT	0	0	57.3	41.50	15.80	Inf	Ser	83.5	high confidence set
scaffold362	1	407788	407718	Gly	GCC	0	0	66.5	44.80	21.70	Inf	Gly	94.4	high confidence set
scaffold362	2	405797	405727	Gly	GCC	0	0	66.5	44.80	21.70	Inf	Gly	94.4	high confidence set
scaffold362	3	385155	385085	Gly	GCC	0	0	59.3	41.60	17.70	Inf	Gly	88.3	high confidence set
scaffold362	4	363598	363528	Gly	GCC	0	0	66.5	44.80	21.70	Inf	Gly	94.4	high confidence set
scaffold388	1	8851	8924	Met	CAT	0	0	65.0	40.00	25.00	Inf	Thr	70.0	IPD:-38.40,isotype mismatch
scaffold388	2	9492	9419	Met	CAT	0	0	65.0	40.00	25.00	Inf	Thr	70.0	IPD:-38.40,isotype mismatch
scaffold395	1	52638	52710	Lys	CTT	0	0	80.9	67.10	13.80	Inf	Lys	99.4	high confidence set
scaffold398	1	270215	270286	Gly	TCC	0	0	73.9	46.20	27.70	Inf	Gly	85.6	high confidence set
scaffold420	1	284258	284330	Ala	AGC	0	0	53.8	33.00	20.80	Inf	Ala	89.5	high confidence set
scaffold421_1	1	62451	62380	Trp	CCA	0	0	75.1	50.10	25.00	Inf	Trp	105.0	high confidence set
scaffold528	1	242105	242033	Glu	CTC	0	0	71.4	48.00	23.40	Inf	Glu	84.4	high confidence set
scaffold531	1	26317	26390	Val	AAC	0	0	71.9	47.60	24.30	Inf	Val	91.0	high confidence set
scaffold537	1	216586	216658	Val	TAC	0	0	71.2	38.40	32.80	Inf	Val	101.5	high confidence set
scaffold575	1	85446	85519	Trp	CCA	0	0	72.0	42.50	29.50	Inf	Thr	75.4	IPD:-18.90,isotype mismatch
scaffold642	3	59661	59733	Glu	CTC	0	0	79.2	53.50	25.70	Inf	Glu	98.6	high confidence set
scaffold731	7	323121	323048	Met	CAT	0	0	65.0	40.00	25.00	Inf	Thr	70.0	IPD:-38.40,isotype mismatch
scaffold753	1	330227	330154	Ile	AAT	0	0	82.1	55.90	26.20	Inf	Ile	105.4	high confidence set
scaffold845	1	134235	134306	Cys	GCA	0	0	72.9	57.00	15.90	Inf	Cys	97.4	high confidence set
scaffold996	1	87243	87322	Leu	TAG	0	0	69.5	48.50	21.00	Inf	Leu	111.5	high confidence set
scaffold996	2	90657	90736	Leu	TAG	0	0	68.0	48.40	19.60	Inf	Leu	103.6	high confidence set
scaffold996	3	94088	94167	Leu	TAG	0	0	63.7	42.70	21.00	Inf	Leu	102.9	high confidence set
scaffold996	4	97346	97425	Leu	TAG	0	0	64.9	47.00	17.90	Inf	Leu	108.8	high confidence set
scaffold1006	2	123883	123812	Thr	TGT	0	0	84.3	58.00	26.30	Inf	Thr	93.3	high confidence set
scaffold1047	1	533315	533385	Gly	GCC	0	0	66.5	44.80	21.70	Inf	Gly	94.4	high confidence set
scaffold1131	1	149270	149199	iMet	CAT	0	0	57.5	27.40	30.10	Inf	iMet	120.7	high confidence set
scaffold1301_1	1	97992	97921	Trp	CCA	0	0	75.8	51.20	24.60	Inf	Trp	105.6	high confidence set
scaffold1348_1	1	242262	242334	Lys	CTT	0	0	87.7	67.60	20.10	Inf	Lys	106.7	high confidence set
scaffold1348_1	2	537151	537224	Val	AAC	0	0	72.2	47.80	24.40	Inf	Val	98.2	high confidence set
scaffold1348_1	3	577203	577123	Leu	AAG	0	0	68.1	47.60	20.50	Inf	Leu	105.1	high confidence set
scaffold1351	1	91031	91124	Tyr	GTA	91068	91088	74.2	42.70	31.50	Inf	Tyr	111.8	high confidence set
scaffold1369	1	11097	11024	Val	CAC	0	0	81.5	53.50	28.00	Inf	Val	103.7	high confidence set
scaffold1613	1	40925	40853	Ala	TGC	0	0	66.6	41.40	25.20	Inf	Ala	98.8	high confidence set
scaffold1750	1	20727	20800	Thr	AGT	0	0	73.6	45.20	28.40	Inf	Thr	88.6	high confidence set
scaffold1751	1	307001	307073	Arg	CCG	0	0	67.2	50.50	16.70	Inf	Arg	94.3	high confidence set
scaffold1956	2	80146	80217	Asn	GTT	0	0	78.8	57.90	20.90	Inf	Asn	74.9	high confidence set
scaffold2039	1	74295	74367	Lys	CTT	0	0	83.4	63.30	20.10	Inf	Lys	100.9	high confidence set
scaffold2039	2	89139	89210	Lys	TTT	0	0	92.3	68.60	23.70	Inf	Lys	97.5	high confidence set
scaffold2311	1	25371	25443	Phe	GAA	0	0	78.3	58.40	19.90	Inf	Phe	113.2	high confidence set
scaffold2617	1	252301	252229	Arg	ACG	0	0	71.7	49.10	22.60	Inf	Arg	91.4	high confidence set
scaffold3422	1	105383	105312	Pro	AGG	0	0	67.4	34.70	32.70	Inf	Pro	112.3	high confidence set
scaffold3542	1	30058	29985	Pro	TGG	0	0	63.6	30.20	33.40	Inf	Trp	70.3	IPD:-10.80,isotype mismatch
scaffold3542	2	29825	29752	Trp	CCA	0	0	72.0	42.50	29.50	Inf	Thr	75.4	IPD:-18.90,isotype mismatch
scaffold3945	1	800	873	Trp	CCA	0	0	72.0	42.50	29.50	Inf	Thr	75.4	IPD:-18.90,isotype mismatch
scaffold4287	1	4197	4124	Trp	CCA	0	0	72.0	42.50	29.50	Inf	Thr	75.4	IPD:-18.90,isotype mismatch
scaffold4759	1	10549	10630	Ser	AGA	0	0	79.4	43.10	36.30	Inf	Ser	115.0	high confidence set
scaffold4759	2	23511	23592	Ser	AGA	0	0	79.4	43.10	36.30	Inf	Ser	115.0	high confidence set
scaffold5195	3	5598	5669	Asn	GTT	0	0	75.1	52.10	23.00	Inf	Asn	81.9	high confidence set
scaffold5195	4	6038	6120	Tyr	GTA	0	0	63.3	45.30	18.00	Inf	Leu	70.0	IPD:-5.00,isotype mismatch
C11075740	1	580	652	Val	TAC	0	0	78.2	43.80	34.40	Inf	Val	106.2	high confidence set
C11162962	1	1630	1717	Tyr	GTA	1667	1681	74.4	42.90	31.50	Inf	Tyr	111.8	high confidence set
