Sequence    		tRNA  	Bounds	tRNA	Anti	Intron Bounds	Inf	HMM	2'Str	Hit	      
Name        	tRNA #	Begin 	End   	Type	Codon	Begin	End	Score	Score	Score	Origin	Note
--------    	------	----- 	------	----	-----	-----	----	------	-----	-----	------	------
NC_037304.1 	1	19928 	20000 	Lys	TTT	0	0	75.0	59.70	15.30	Inf	
NC_037304.1 	2	36693 	36761 	Tyr	GTA	0	0	29.1	19.00	10.10	Inf	
NC_037304.1 	3	41486 	41573 	Ser	GCT	0	0	63.2	43.90	19.30	Inf	
NC_037304.1 	4	41880 	41954 	Tyr	GTA	0	0	58.6	30.70	27.90	Inf	
NC_037304.1 	5	42116 	42190 	Pro	TGG	0	0	62.8	38.30	24.50	Inf	
NC_037304.1 	6	42546 	42616 	Cys	GCA	0	0	52.8	37.90	14.90	Inf	
NC_037304.1 	7	43544 	43615 	Asn	GTT	0	0	69.0	46.50	22.50	Inf	
NC_037304.1 	8	44462 	44544 	Tyr	GTA	0	0	68.9	54.80	14.10	Inf	
NC_037304.1 	9	50626 	50712 	Ser	TGA	0	0	76.1	46.70	29.40	Inf	
NC_037304.1 	10	102603	102675	Met	CAT	0	0	64.6	33.80	30.80	Inf	
NC_037304.1 	11	112200	112279	Thr	TGT	112236	112245	15.4	0.00	15.40	Inf	
NC_037304.1 	12	149673	149743	Met	CAT	0	0	41.5	28.40	13.10	Inf	
NC_037304.1 	13	189287	189358	Gly	GCC	0	0	66.7	48.10	18.60	Inf	
NC_037304.1 	14	250307	250383	Met	CAT	0	0	58.4	34.70	23.70	Inf	
NC_037304.1 	15	286848	286912	Tyr	GTA	0	0	41.9	17.10	24.80	Inf	
NC_037304.1 	16	294477	294548	Gln	TTG	0	0	68.3	39.90	28.40	Inf	
NC_037304.1 	17	298901	298974	Trp	CCA	0	0	71.9	42.80	29.10	Inf	
NC_037304.1 	18	309033	309104	Undet	NNN	0	0	40.4	32.60	7.80	Inf	
NC_037304.1 	19	317732	317805	Thr	GGT	317767	317771	24.7	0.00	24.70	Inf	
NC_037304.1 	20	346454	346526	Lys	TTT	0	0	75.0	59.70	15.30	Inf	
NC_037304.1 	21	358842	358913	Tyr	GTA	0	0	49.9	21.60	28.30	Inf	
NC_037304.1 	22	355972	355895	Met	CAT	0	0	32.5	21.70	10.80	Inf	
NC_037304.1 	23	321945	321858	Ser	GCT	0	0	63.2	43.90	19.30	Inf	
NC_037304.1 	24	321551	321477	Tyr	GTA	0	0	58.6	30.70	27.90	Inf	
NC_037304.1 	25	321438	321367	Glu	TTC	0	0	60.8	35.80	25.00	Inf	
NC_037304.1 	26	275010	274937	Asp	GTC	0	0	65.8	48.30	17.50	Inf	
NC_037304.1 	27	264421	264335	Ser	TGA	0	0	76.1	46.70	29.40	Inf	
NC_037304.1 	28	196137	196069	Phe	GAA	0	0	27.3	18.90	8.40	Inf	
NC_037304.1 	29	195985	195905	Ser	TGA	0	0	20.3	27.70	-7.40	Inf	
NC_037304.1 	30	180744	180658	Ser	GGA	0	0	73.6	47.00	26.60	Inf	
NC_037304.1 	31	171643	171570	Met	CAT	0	0	63.4	35.80	27.60	Inf	
NC_037304.1 	32	144078	144010	Tyr	GTA	0	0	29.1	19.00	10.10	Inf	
NC_037304.1 	33	124676	124603	His	GTG	0	0	62.8	44.70	18.10	Inf	
NC_037304.1 	34	98660 	98586 	Tyr	GTA	0	0	44.1	34.50	9.60	Inf	
NC_037304.1 	35	1940  	1872  	Phe	GAA	0	0	27.3	18.90	8.40	Inf	
NC_037304.1 	36	1788  	1708  	Ser	TGA	0	0	20.3	27.70	-7.40	Inf	
