Sequence    		tRNA  	Bounds	tRNA	Anti	Intron Bounds	Inf	HMM	2'Str	Hit	      
Name        	tRNA #	Begin 	End   	Type	Codon	Begin	End	Score	Score	Score	Origin	Note
--------    	------	----- 	------	----	-----	-----	----	------	-----	-----	------	------
NC_049892.1 	1	5500  	5571  	Ile	AAT	5538	5540	41.4	33.70	7.70	Inf	
NC_049892.1 	2	31666 	31746 	Leu	CAA	0	0	63.0	34.00	29.00	Inf	
NC_049892.1 	3	34059 	34132 	Pro	TGG	0	0	65.6	40.90	24.70	Inf	
NC_049892.1 	4	34315 	34388 	Trp	CCA	0	0	71.9	42.80	29.10	Inf	
NC_049892.1 	5	36998 	37085 	Ser	GCT	0	0	65.3	43.60	21.70	Inf	
NC_049892.1 	6	37166 	37239 	His	GTG	0	0	62.8	44.70	18.10	Inf	
NC_049892.1 	7	48720 	48791 	Gln	TTG	0	0	68.3	39.90	28.40	Inf	
NC_049892.1 	8	63200 	63271 	Asn	GTT	0	0	69.1	46.50	22.60	Inf	
NC_049892.1 	9	64120 	64202 	Tyr	GTA	0	0	68.9	54.80	14.10	Inf	
NC_049892.1 	10	71737 	71810 	Asp	GTC	0	0	62.8	48.60	14.20	Inf	
NC_049892.1 	11	73207 	73279 	Lys	TTT	0	0	75.0	59.70	15.30	Inf	
NC_049892.1 	12	81222 	81308 	Ser	GGA	0	0	73.0	45.10	27.90	Inf	
NC_049892.1 	13	119296	119363	Tyr	GTA	0	0	29.3	0.00	29.30	Inf	
NC_049892.1 	14	136181	136267	Ser	TGA	0	0	76.1	46.70	29.40	Inf	
NC_049892.1 	15	187979	187906	Met	CAT	0	0	58.4	34.70	23.70	Inf	
NC_049892.1 	16	185950	185883	Tyr	GTA	0	0	29.3	0.00	29.30	Inf	
NC_049892.1 	17	175737	175664	Met	CAT	0	0	62.2	34.70	27.50	Inf	
NC_049892.1 	18	120894	120821	His	GTG	0	0	62.8	44.70	18.10	Inf	
NC_049892.1 	19	105674	105601	Thr	GGT	105639	105635	24.7	0.00	24.70	Inf	
NC_049892.1 	20	94554 	94483 	Gly	GCC	0	0	66.7	48.10	18.60	Inf	
NC_049892.1 	21	52652 	52580 	Met	CAT	0	0	64.6	33.80	30.80	Inf	
NC_049892.1 	22	51761 	51624 	Undet	NNN	0	0	17.4	0.00	17.40	Inf	
NC_049892.1 	23	28681 	28610 	Glu	TTC	0	0	51.2	29.60	21.60	Inf	
NC_049892.1 	24	28538 	28464 	Pro	TGG	0	0	62.8	38.30	24.50	Inf	
NC_049892.1 	25	28361 	28291 	Cys	GCA	0	0	49.5	34.60	14.90	Inf	
