Sequence    		tRNA  	Bounds	tRNA	Anti	Intron Bounds	Inf	HMM	2'Str	Hit	      
Name        	tRNA #	Begin 	End   	Type	Codon	Begin	End	Score	Score	Score	Origin	Note
--------    	------	----- 	------	----	-----	-----	----	------	-----	-----	------	------
NC_042143.1 	1	116   	190   	Pro	TGG	0	0	62.8	38.30	24.50	Inf	
NC_042143.1 	2	545   	615   	Cys	GCA	0	0	52.8	37.90	14.90	Inf	
NC_042143.1 	3	1534  	1605  	Asn	GTT	0	0	69.0	46.50	22.50	Inf	
NC_042143.1 	4	2451  	2533  	Tyr	GTA	0	0	68.9	54.80	14.10	Inf	
NC_042143.1 	5	10276 	10347 	Gln	TTG	0	0	68.3	39.90	28.40	Inf	
NC_042143.1 	6	14745 	14818 	Trp	CCA	0	0	71.9	42.80	29.10	Inf	
NC_042143.1 	7	22383 	22455 	Lys	TTT	0	0	75.0	59.70	15.30	Inf	
NC_042143.1 	8	30323 	30409 	Ser	GGA	0	0	73.6	47.00	26.60	Inf	
NC_042143.1 	9	60158 	60244 	Ser	TGA	0	0	75.2	47.10	28.10	Inf	
NC_042143.1 	10	65469 	65542 	Met	CAT	0	0	63.4	35.80	27.60	Inf	
NC_042143.1 	11	150569	150633	Tyr	GTA	0	0	41.9	17.10	24.80	Inf	
NC_042143.1 	12	161762	161833	Undet	NNN	0	0	40.4	32.60	7.80	Inf	
NC_042143.1 	13	178308	178381	Thr	GGT	178343	178347	24.7	0.00	24.70	Inf	
NC_042143.1 	14	193672	193743	Gly	GCC	0	0	66.7	48.10	18.60	Inf	
NC_042143.1 	15	205323	205399	Met	CAT	0	0	58.4	34.70	23.70	Inf	
NC_042143.1 	16	206460	206545	Pro	GGG	206493	206504	15.0	19.30	-4.30	Inf	
NC_042143.1 	17	227115	227189	Tyr	GTA	0	0	44.1	34.50	9.60	Inf	
NC_042143.1 	18	246678	246750	Lys	TTT	0	0	75.0	59.70	15.30	Inf	
NC_042143.1 	19	253498	253571	His	GTG	0	0	62.8	44.70	18.10	Inf	
NC_042143.1 	20	271029	271116	Ser	GCT	0	0	63.2	43.90	19.30	Inf	
NC_042143.1 	21	271482	271556	Tyr	GTA	0	0	58.6	30.70	27.90	Inf	
NC_042143.1 	22	223176	223104	Met	CAT	0	0	64.6	33.80	30.80	Inf	
NC_042143.1 	23	182577	182490	Ser	GCT	0	0	63.2	43.90	19.30	Inf	
NC_042143.1 	24	182124	182050	Tyr	GTA	0	0	58.6	30.70	27.90	Inf	
NC_042143.1 	25	182011	181940	Glu	TTC	0	0	60.8	35.80	25.00	Inf	
NC_042143.1 	26	128934	128864	Met	CAT	0	0	41.5	28.40	13.10	Inf	
NC_042143.1 	27	58148 	58075 	Asp	GTC	0	0	65.8	48.30	17.50	Inf	
