Sequence    		tRNA  	Bounds	tRNA	Anti	Intron Bounds	Inf	HMM	2'Str	Hit	      
Name        	tRNA #	Begin 	End   	Type	Codon	Begin	End	Score	Score	Score	Origin	Note
--------    	------	----- 	------	----	-----	-----	----	------	-----	-----	------	------
NC_012116.1 	1	46416 	46501 	Ile	TAT	46453	46464	44.9	36.80	8.10	Inf	
NC_012116.1 	2	127922	128008	Ser	GGA	0	0	73.6	47.00	26.60	Inf	
NC_012116.1 	3	151430	151517	Ser	GCT	0	0	63.2	43.90	19.30	Inf	
NC_012116.1 	4	151864	151937	Phe	GAA	0	0	61.0	47.10	13.90	Inf	
NC_012116.1 	5	152156	152230	Pro	TGG	0	0	62.8	38.30	24.50	Inf	
NC_012116.1 	6	152788	152861	Met	CAT	0	0	60.3	36.40	23.90	Inf	
NC_012116.1 	7	202476	202548	Met	CAT	0	0	64.6	33.80	30.80	Inf	
NC_012116.1 	8	207717	207788	Gly	GCC	0	0	63.4	48.20	15.20	Inf	
NC_012116.1 	9	211947	212018	Gln	TTG	0	0	68.3	39.90	28.40	Inf	
NC_012116.1 	10	357638	357711	Asp	GTC	0	0	65.8	48.30	17.50	Inf	
NC_012116.1 	11	368258	368331	His	GTG	0	0	60.7	42.60	18.10	Inf	
NC_012116.1 	12	446776	446862	Ser	TGA	0	0	73.8	45.70	28.10	Inf	
NC_012116.1 	13	457419	457353	Undet	NNN	0	0	25.3	0.00	25.30	Inf	
NC_012116.1 	14	421714	421641	Met	CAT	0	0	60.3	36.40	23.90	Inf	
NC_012116.1 	15	388212	388139	Pro	TGG	0	0	38.7	29.30	9.40	Inf	
NC_012116.1 	16	387974	387901	Trp	CCA	0	0	71.9	42.80	29.10	Inf	
NC_012116.1 	17	378548	378468	Leu	CAA	0	0	62.3	34.40	27.90	Inf	
NC_012116.1 	18	370561	370488	Met	CAT	0	0	70.4	43.60	26.80	Inf	
NC_012116.1 	19	366246	366175	Glu	TTC	0	0	60.8	35.80	25.00	Inf	
NC_012116.1 	20	357463	357378	Sup	TTA	357427	357414	36.1	27.10	9.00	Inf	
NC_012116.1 	21	277400	277327	Met	CAT	0	0	58.4	34.70	23.70	Inf	
NC_012116.1 	22	251259	251189	Cys	GCA	0	0	49.0	34.00	15.00	Inf	
NC_012116.1 	23	249067	248996	Asn	GTT	0	0	68.2	44.70	23.50	Inf	
NC_012116.1 	24	248137	248055	Tyr	GTA	0	0	68.9	54.80	14.10	Inf	
NC_012116.1 	25	178465	178393	Lys	TTT	0	0	75.0	59.70	15.30	Inf	
