Sequence    		tRNA  	Bounds	tRNA	Anti	Intron Bounds	Inf	HMM	2'Str	Hit	      
Name        	tRNA #	Begin 	End   	Type	Codon	Begin	End	Score	Score	Score	Origin	Note
--------    	------	----- 	------	----	-----	-----	----	------	-----	-----	------	------
NC_041093.1 	1	17476 	17549 	His	GTG	0	0	58.5	40.50	18.00	Inf	
NC_041093.1 	2	37209 	37281 	Lys	TTT	0	0	75.0	59.70	15.30	Inf	
NC_041093.1 	3	158683	158754	Gly	GCC	0	0	63.4	48.20	15.20	Inf	
NC_041093.1 	4	160657	160728	Gln	TTG	0	0	64.9	39.90	25.00	Inf	
NC_041093.1 	5	183775	183848	Met	CAT	0	0	56.3	34.60	21.70	Inf	
NC_041093.1 	6	234540	234627	Ser	GCT	0	0	64.0	44.30	19.70	Inf	
NC_041093.1 	7	234996	235069	Phe	GAA	0	0	61.0	47.10	13.90	Inf	
NC_041093.1 	8	235151	235225	Pro	TGG	0	0	62.8	38.30	24.50	Inf	
NC_041093.1 	9	308838	308911	Met	CAT	0	0	56.3	34.60	21.70	Inf	
NC_041093.1 	10	311087	311159	Cys	GCA	0	0	62.0	39.60	22.40	Inf	
NC_041093.1 	11	288099	288013	Ser	GGA	0	0	73.6	47.00	26.60	Inf	
NC_041093.1 	12	282099	282026	Trp	CCA	0	0	69.2	40.70	28.50	Inf	
NC_041093.1 	13	205091	205018	Met	CAT	0	0	60.1	36.40	23.70	Inf	
NC_041093.1 	14	65336 	65263 	Asp	GTC	0	0	65.8	48.30	17.50	Inf	
NC_041093.1 	15	32699 	32613 	Ser	TGA	0	0	73.8	45.70	28.10	Inf	
NC_041093.1 	16	32043 	31970 	Met	CAT	0	0	59.1	33.30	25.80	Inf	
NC_041093.1 	17	16038 	15967 	Glu	TTC	0	0	58.1	36.80	21.30	Inf	
NC_041093.1 	18	14102 	14030 	Met	CAT	0	0	63.7	32.90	30.80	Inf	
NC_041093.1 	19	8431  	8361  	Cys	GCA	0	0	49.0	34.00	15.00	Inf	
NC_041093.1 	20	6454  	6383  	Asn	GTT	0	0	68.2	44.70	23.50	Inf	
NC_041093.1 	21	5568  	5486  	Tyr	GTA	0	0	72.8	54.50	18.30	Inf	
