Sequence    		tRNA   	Bounds 	tRNA	Anti	Intron Bounds	Inf	HMM	2'Str	Hit	      
Name        	tRNA #	Begin  	End    	Type	Codon	Begin	End	Score	Score	Score	Origin	Note
--------    	------	-----  	------ 	----	-----	-----	----	------	-----	-----	------	------
NC_016005.1 	1	146836 	146921 	Ser	TGA	0	0	19.1	23.00	-3.90	Inf	
NC_016005.1 	2	363208 	363274 	Thr	TGT	0	0	34.7	0.00	34.70	Inf	
NC_016005.1 	3	383634 	383710 	Met	CAT	0	0	60.1	35.30	24.80	Inf	
NC_016005.1 	4	396813 	396886 	Trp	CCA	0	0	63.9	42.60	21.30	Inf	
NC_016005.1 	5	462351 	462424 	Arg	ACG	0	0	53.8	36.90	16.90	Inf	
NC_016005.1 	6	660762 	660833 	Val	GAC	0	0	59.6	30.00	29.60	Inf	
NC_016005.1 	7	691032 	691105 	Gly	GCC	0	0	20.9	19.40	1.50	Inf	
NC_016005.1 	8	868957 	869030 	Asp	GTC	0	0	67.0	49.50	17.50	Inf	
NC_016005.1 	9	979595 	979669 	Phe	GAA	0	0	62.9	43.80	19.10	Inf	
NC_016005.1 	10	998083 	998165 	Tyr	GTA	0	0	67.9	53.40	14.50	Inf	
NC_016005.1 	11	1043015	1043083	Arg	ACG	0	0	32.6	16.20	16.40	Inf	
NC_016005.1 	12	1083209	1083289	Leu	CAA	0	0	42.7	31.00	11.70	Inf	
NC_016005.1 	13	1090266	1090339	Met	CAT	0	0	70.4	43.60	26.80	Inf	
NC_016005.1 	14	1248599	1248673	Phe	GAA	0	0	62.9	43.80	19.10	Inf	
NC_016005.1 	15	1299229	1299301	Cys	GCA	0	0	65.1	40.40	24.70	Inf	
NC_016005.1 	16	1380619	1380692	His	GTG	0	0	58.5	40.50	18.00	Inf	
NC_016005.1 	17	1504193	1504280	Ser	GCT	0	0	55.8	36.10	19.70	Inf	
NC_016005.1 	18	1501981	1501910	Glu	TTC	0	0	60.8	35.80	25.00	Inf	
NC_016005.1 	19	1444880	1444809	Glu	TTC	0	0	60.8	35.80	25.00	Inf	
NC_016005.1 	20	1348445	1348389	Undet	NNN	0	0	21.8	0.00	21.80	Inf	
NC_016005.1 	21	1339959	1339897	Phe	GAA	0	0	27.5	16.00	11.50	Inf	
NC_016005.1 	22	1108042	1107968	Pro	TGG	0	0	62.8	38.30	24.50	Inf	
NC_016005.1 	23	1092992	1092920	Phe	GAA	0	0	71.4	47.50	23.90	Inf	
NC_016005.1 	24	933927 	933854 	Pro	TGG	0	0	61.9	37.20	24.70	Inf	
NC_016005.1 	25	933670 	933597 	Trp	CCA	0	0	70.9	40.00	30.90	Inf	
NC_016005.1 	26	870749 	870678 	Cys	GCA	0	0	60.8	39.00	21.80	Inf	
NC_016005.1 	27	847929 	847858 	Gly	GCC	0	0	63.4	48.20	15.20	Inf	
NC_016005.1 	28	841056 	840985 	Gln	TTG	0	0	64.9	39.90	25.00	Inf	
NC_016005.1 	29	690024 	689952 	Met	CAT	0	0	65.2	34.40	30.80	Inf	
NC_016005.1 	30	571586 	571514 	Met	CAT	0	0	58.4	31.00	27.40	Inf	
NC_016005.1 	31	494406 	494333 	Asp	GTC	0	0	67.0	49.50	17.50	Inf	
NC_016005.1 	32	463049 	462978 	Asn	GTT	0	0	72.5	48.50	24.00	Inf	
NC_016005.1 	33	455819 	455746 	Met	CAT	0	0	54.4	30.50	23.90	Inf	
NC_016005.1 	34	367703 	367630 	His	GTG	0	0	58.5	40.50	18.00	Inf	
NC_016005.1 	35	121207 	121133 	Phe	GAA	0	0	62.9	43.80	19.10	Inf	
