Sequence    		tRNA  	Bounds	tRNA	Anti	Intron Bounds	Inf	HMM	2'Str	Hit	      
Name        	tRNA #	Begin 	End   	Type	Codon	Begin	End	Score	Score	Score	Origin	Note
--------    	------	----- 	------	----	-----	-----	----	------	-----	-----	------	------
NC_037463.1 	1	103175	103246	Gly	GCC	0	0	63.4	48.20	15.20	Inf	
NC_037463.1 	2	106763	106834	Gln	TTG	0	0	64.9	39.90	25.00	Inf	
NC_037463.1 	3	120961	121046	Ile	TAT	120998	121009	41.2	37.60	3.60	Inf	
NC_037463.1 	4	123659	123784	Pro	CGG	123698	123737	17.3	0.00	17.30	Inf	
NC_037463.1 	5	160851	160924	Asp	GTC	0	0	65.8	48.30	17.50	Inf	
NC_037463.1 	6	229226	229299	Met	CAT	0	0	68.4	40.00	28.40	Inf	
NC_037463.1 	7	230677	230769	Ser	TGA	0	0	72.0	49.90	22.10	Inf	
NC_037463.1 	8	235667	235739	Glu	TTC	0	0	52.4	27.50	24.90	Inf	
NC_037463.1 	9	235799	235882	Tyr	GTA	0	0	62.3	40.60	21.70	Inf	
NC_037463.1 	10	236342	236415	Asp	GTC	0	0	67.0	49.50	17.50	Inf	
NC_037463.1 	11	260400	260487	Ser	GCT	0	0	75.6	51.10	24.50	Inf	
NC_037463.1 	12	261674	261745	Gln	TTG	0	0	52.7	36.50	16.20	Inf	
NC_037463.1 	13	269137	269210	His	GTG	0	0	51.8	43.10	8.70	Inf	
NC_037463.1 	14	282120	282193	Met	CAT	0	0	70.4	43.60	26.80	Inf	
NC_037463.1 	15	301790	301866	Pro	TGG	0	0	65.6	40.90	24.70	Inf	
NC_037463.1 	16	302043	302116	Trp	CCA	0	0	71.9	42.80	29.10	Inf	
NC_037463.1 	17	318322	318391	Ser	CGA	0	0	15.8	0.00	15.80	Inf	
NC_037463.1 	18	322888	322960	Thr	TGT	0	0	69.3	47.60	21.70	Inf	
NC_037463.1 	19	365700	365774	Pro	TGG	0	0	62.8	38.30	24.50	Inf	
NC_037463.1 	20	417914	417987	Sup	TCA	0	0	57.5	37.10	20.40	Inf	
NC_037463.1 	21	419657	419728	Val	GAC	0	0	58.9	28.60	30.30	Inf	
NC_037463.1 	22	488997	489080	Undet	NNN	0	0	27.7	0.00	27.70	Inf	
NC_037463.1 	23	497112	497185	His	GTG	0	0	60.4	40.70	19.70	Inf	
NC_037463.1 	24	502619	502691	Met	CAT	0	0	64.6	33.80	30.80	Inf	
NC_037463.1 	25	506915	507001	Ser	GGA	0	0	73.6	47.00	26.60	Inf	
NC_037463.1 	26	551055	551131	Met	CAT	0	0	58.4	34.70	23.70	Inf	
NC_037463.1 	27	635132	635219	Ser	GCT	0	0	63.2	43.90	19.30	Inf	
NC_037463.1 	28	635590	635663	Phe	GAA	0	0	61.0	47.10	13.90	Inf	
NC_037463.1 	29	638912	638825	Ile	GAT	638876	638861	16.4	0.00	16.40	Inf	
NC_037463.1 	30	637807	637703	Ala	TGC	637770	637731	16.3	30.00	-13.70	Inf	
NC_037463.1 	31	579677	579604	Pro	TGG	0	0	39.6	29.50	10.10	Inf	
NC_037463.1 	32	579446	579373	Trp	CCA	0	0	69.2	40.70	28.50	Inf	
NC_037463.1 	33	494634	494563	Glu	TTC	0	0	60.8	35.80	25.00	Inf	
NC_037463.1 	34	426698	426627	Val	GAC	0	0	58.9	28.60	30.30	Inf	
NC_037463.1 	35	395219	395133	Ser	TGA	0	0	74.4	45.50	28.90	Inf	
NC_037463.1 	36	324269	324183	Ser	GGA	0	0	71.2	46.40	24.80	Inf	
NC_037463.1 	37	320817	320745	Phe	GAA	0	0	67.1	44.50	22.60	Inf	
NC_037463.1 	38	316876	316804	Met	CAT	0	0	59.5	35.70	23.80	Inf	
NC_037463.1 	39	271919	271846	Met	CAT	0	0	70.4	43.60	26.80	Inf	
NC_037463.1 	40	258557	258486	Arg	TCT	0	0	67.2	38.60	28.60	Inf	
NC_037463.1 	41	239882	239812	Cys	GCA	0	0	64.0	38.30	25.70	Inf	
NC_037463.1 	42	234790	234719	Thr	GGT	0	0	65.9	36.40	29.50	Inf	
NC_037463.1 	43	229561	229491	Gly	GCC	0	0	63.0	44.00	19.00	Inf	
NC_037463.1 	44	221262	221190	Lys	TTT	0	0	70.7	60.60	10.10	Inf	
NC_037463.1 	45	192360	192304	Undet	NNN	0	0	18.7	0.00	18.70	Inf	
NC_037463.1 	46	181917	181847	Cys	GCA	0	0	49.0	34.00	15.00	Inf	
NC_037463.1 	47	179922	179851	Asn	GTT	0	0	68.2	44.70	23.50	Inf	
NC_037463.1 	48	179291	179209	Tyr	GTA	0	0	64.9	50.40	14.50	Inf	
NC_037463.1 	49	36257 	36184 	Met	CAT	0	0	54.4	30.50	23.90	Inf	
