Sequence    		tRNA  	Bounds	tRNA	Anti	Intron Bounds	Inf	HMM	2'Str	Hit	      
Name        	tRNA #	Begin 	End   	Type	Codon	Begin	End	Score	Score	Score	Origin	Note
--------    	------	----- 	------	----	-----	-----	----	------	-----	-----	------	------
NC_017855.1 	1	3440  	3513  	Trp	CCA	0	0	66.2	45.60	20.60	Inf	
NC_017855.1 	2	18304 	18377 	Asp	GTC	0	0	65.8	48.30	17.50	Inf	
NC_017855.1 	3	45743 	45816 	Met	CAT	0	0	70.4	43.60	26.80	Inf	
NC_017855.1 	4	50093 	50164 	Glu	TTC	0	0	60.8	35.80	25.00	Inf	
NC_017855.1 	5	63049 	63115 	Undet	NNN	0	0	22.1	0.00	22.10	Inf	
NC_017855.1 	6	90228 	90314 	Ser	TGA	0	0	73.8	45.70	28.10	Inf	
NC_017855.1 	7	142284	142356	Met	CAT	0	0	60.8	36.00	24.80	Inf	
NC_017855.1 	8	146456	146528	Lys	TTT	0	0	75.0	59.70	15.30	Inf	
NC_017855.1 	9	163930	163999	Undet	NNN	0	0	41.9	24.70	17.20	Inf	
NC_017855.1 	10	166104	166180	Met	CAT	0	0	58.4	34.70	23.70	Inf	
NC_017855.1 	11	171338	171408	Cys	GCA	0	0	49.0	34.00	15.00	Inf	
NC_017855.1 	12	173062	173133	Asn	GTT	0	0	64.6	44.80	19.80	Inf	
NC_017855.1 	13	173808	173890	Tyr	GTA	0	0	69.3	54.80	14.50	Inf	
NC_017855.1 	14	228743	228815	Met	CAT	0	0	64.3	41.10	23.20	Inf	
NC_017855.1 	15	276125	276197	Met	CAT	0	0	64.3	41.10	23.20	Inf	
NC_017855.1 	16	261201	261114	Ser	GCT	0	0	64.0	44.30	19.70	Inf	
NC_017855.1 	17	260796	260723	Phe	GAA	0	0	61.0	47.10	13.90	Inf	
NC_017855.1 	18	260480	260406	Pro	TGG	0	0	62.8	38.30	24.50	Inf	
NC_017855.1 	19	213819	213732	Ser	GCT	0	0	64.0	44.30	19.70	Inf	
NC_017855.1 	20	213414	213341	Phe	GAA	0	0	61.0	47.10	13.90	Inf	
NC_017855.1 	21	213098	213024	Pro	TGG	0	0	62.8	38.30	24.50	Inf	
NC_017855.1 	22	197341	197275	Undet	NNN	0	0	22.4	0.00	22.40	Inf	
NC_017855.1 	23	118275	118188	Ser	GCT	0	0	64.0	44.30	19.70	Inf	
NC_017855.1 	24	117870	117797	Phe	GAA	0	0	61.0	47.10	13.90	Inf	
NC_017855.1 	25	117554	117480	Pro	TGG	0	0	62.8	38.30	24.50	Inf	
NC_017855.1 	26	94215 	94090 	Pro	CGG	94176	94137	15.2	0.00	15.20	Inf	
NC_017855.1 	27	47978 	47905 	His	GTG	0	0	62.8	44.70	18.10	Inf	
NC_017855.1 	28	13002 	12931 	Gly	GCC	0	0	61.3	47.80	13.50	Inf	
NC_017855.1 	29	11274 	11203 	Gln	TTG	0	0	64.9	39.90	25.00	Inf	
