Sequence    		tRNA  	Bounds	tRNA	Anti	Intron Bounds	Inf	HMM	2'Str	Hit	      
Name        	tRNA #	Begin 	End   	Type	Codon	Begin	End	Score	Score	Score	Origin	Note
--------    	------	----- 	------	----	-----	-----	----	------	-----	-----	------	------
NC_040010.1 	1	21956 	22029 	Met	CAT	0	0	70.4	43.60	26.80	Inf	
NC_040010.1 	2	81670 	81743 	Met	CAT	0	0	62.2	36.00	26.20	Inf	
NC_040010.1 	3	99626 	99683 	Undet	NNN	0	0	20.0	0.00	20.00	Inf	
NC_040010.1 	4	158338	158410	Glu	TTC	0	0	52.9	27.90	25.00	Inf	
NC_040010.1 	5	158470	158553	Tyr	GTA	0	0	62.3	40.60	21.70	Inf	
NC_040010.1 	6	158998	159071	Asp	GTC	0	0	67.1	49.60	17.50	Inf	
NC_040010.1 	7	189199	189286	Ser	GCT	0	0	64.0	44.30	19.70	Inf	
NC_040010.1 	8	189636	189709	Phe	GAA	0	0	61.0	47.10	13.90	Inf	
NC_040010.1 	9	189834	189908	Pro	TGG	0	0	62.8	38.30	24.50	Inf	
NC_040010.1 	10	203549	203621	Met	CAT	0	0	66.3	40.70	25.60	Inf	
NC_040010.1 	11	227551	227623	Met	CAT	0	0	64.6	33.80	30.80	Inf	
NC_040010.1 	12	313344	313431	Ile	GAT	313380	313395	16.4	0.00	16.40	Inf	
NC_040010.1 	13	319154	319227	Arg	ACG	0	0	57.7	41.30	16.40	Inf	
NC_040010.1 	14	326348	326421	His	GTG	0	0	58.5	40.50	18.00	Inf	
NC_040010.1 	15	477517	477588	Val	GAC	0	0	58.9	28.60	30.30	Inf	
NC_040010.1 	16	473438	473370	Undet	NNN	0	0	37.9	0.00	37.90	Inf	
NC_040010.1 	17	450160	450089	Gly	GCC	0	0	63.4	48.20	15.20	Inf	
NC_040010.1 	18	446194	446123	Gln	TTG	0	0	64.9	39.90	25.00	Inf	
NC_040010.1 	19	362148	362063	Ile	TAT	362111	362100	40.0	39.10	0.90	Inf	
NC_040010.1 	20	351241	351171	Cys	GCA	0	0	49.0	34.00	15.00	Inf	
NC_040010.1 	21	349026	348955	Asn	GTT	0	0	68.2	44.70	23.50	Inf	
NC_040010.1 	22	347939	347857	Tyr	GTA	0	0	69.3	54.80	14.50	Inf	
NC_040010.1 	23	319928	319857	Asn	GTT	0	0	68.2	44.80	23.40	Inf	
NC_040010.1 	24	261543	261469	Arg	CCT	261508	261504	21.4	16.20	5.20	Inf	
NC_040010.1 	25	208816	208738	Glu	TTC	208777	208774	25.4	0.00	25.40	Inf	
NC_040010.1 	26	178286	178213	Trp	CCA	0	0	68.7	42.90	25.80	Inf	
NC_040010.1 	27	162440	162370	Cys	GCA	0	0	59.3	40.40	18.90	Inf	
NC_040010.1 	28	104730	104654	Met	CAT	0	0	23.8	25.40	-1.60	Inf	
NC_040010.1 	29	71481 	71409 	Lys	TTT	0	0	75.0	59.70	15.30	Inf	
