Sequence    		tRNA  	Bounds	tRNA	Anti	Intron Bounds	Inf	HMM	2'Str	Hit	      
Name        	tRNA #	Begin 	End   	Type	Codon	Begin	End	Score	Score	Score	Origin	Note
--------    	------	----- 	------	----	-----	-----	----	------	-----	-----	------	------
NC_027406.1 	1	164277	164349	Lys	TTT	0	0	75.0	59.70	15.30	Inf	
NC_027406.1 	2	165185	165271	Ser	TGA	0	0	73.8	45.70	28.10	Inf	
NC_027406.1 	3	176048	176117	His	ATG	0	0	17.4	0.00	17.40	Inf	
NC_027406.1 	4	189667	189739	Met	CAT	0	0	58.4	43.00	15.40	Inf	
NC_027406.1 	5	252518	252591	His	GTG	0	0	58.5	40.50	18.00	Inf	
NC_027406.1 	6	266368	266455	Ser	GCT	0	0	66.2	45.40	20.80	Inf	
NC_027406.1 	7	266803	266876	Phe	GAA	0	0	61.0	47.10	13.90	Inf	
NC_027406.1 	8	267097	267171	Pro	TGG	0	0	62.8	38.30	24.50	Inf	
NC_027406.1 	9	423848	423935	Ser	GCT	0	0	66.2	45.40	20.80	Inf	
NC_027406.1 	10	424283	424356	Phe	GAA	0	0	61.0	47.10	13.90	Inf	
NC_027406.1 	11	424577	424651	Pro	TGG	0	0	62.8	38.30	24.50	Inf	
NC_027406.1 	12	543156	543228	Met	CAT	0	0	64.6	33.80	30.80	Inf	
NC_027406.1 	13	568459	568547	Sup	TTA	568494	568507	27.5	18.20	9.30	Inf	
NC_027406.1 	14	643955	644027	Met	CAT	0	0	58.4	43.00	15.40	Inf	
NC_027406.1 	15	657725	657652	Met	CAT	0	0	58.4	34.70	23.70	Inf	
NC_027406.1 	16	568261	568188	Asp	GTC	0	0	65.8	48.30	17.50	Inf	
NC_027406.1 	17	552883	552798	Ile	TAT	552846	552835	41.2	37.60	3.60	Inf	
NC_027406.1 	18	537542	537471	Gly	GCC	0	0	63.4	48.20	15.20	Inf	
NC_027406.1 	19	535282	535211	Gln	TTG	0	0	64.9	39.90	25.00	Inf	
NC_027406.1 	20	391996	391910	Ser	GGA	0	0	73.6	47.00	26.60	Inf	
NC_027406.1 	21	388372	388295	Undet	NNN	0	0	26.7	0.00	26.70	Inf	
NC_027406.1 	22	384281	384177	Ala	TGC	384244	384205	16.3	25.30	-9.00	Inf	
NC_027406.1 	23	379289	379216	Trp	CCA	0	0	71.9	42.90	29.00	Inf	
NC_027406.1 	24	250506	250435	Glu	TTC	0	0	60.8	35.80	25.00	Inf	
NC_027406.1 	25	222168	222098	Cys	GCA	0	0	49.0	34.00	15.00	Inf	
NC_027406.1 	26	219960	219889	Asn	GTT	0	0	68.2	44.70	23.50	Inf	
NC_027406.1 	27	218993	218911	Tyr	GTA	0	0	69.3	54.80	14.50	Inf	
NC_027406.1 	28	203437	203364	Met	CAT	0	0	58.4	34.70	23.70	Inf	
NC_027406.1 	29	90924 	90852 	Met	CAT	0	0	52.4	33.40	19.00	Inf	
NC_027406.1 	30	66825 	66747 	Pro	TGG	66787	66783	43.4	26.00	17.40	Inf	
NC_027406.1 	31	66602 	66529 	Trp	CCA	0	0	68.7	42.90	25.80	Inf	
NC_027406.1 	32	57371 	57300 	Val	GAC	0	0	38.6	25.40	13.20	Inf	
NC_027406.1 	33	46536 	46463 	Asp	GTC	0	0	53.7	39.50	14.20	Inf	
