Sequence    		tRNA  	Bounds	tRNA	Anti	Intron Bounds	Inf	HMM	2'Str	Hit	      
Name        	tRNA #	Begin 	End   	Type	Codon	Begin	End	Score	Score	Score	Origin	Note
--------    	------	----- 	------	----	-----	-----	----	------	-----	-----	------	------
NC_029998.1 	1	10831 	10907 	Met	CAT	0	0	58.4	34.70	23.70	Inf	
NC_029998.1 	2	100270	100343	Asp	GTC	0	0	65.8	48.30	17.50	Inf	
NC_029998.1 	3	156358	156430	Lys	TTT	0	0	75.0	59.70	15.30	Inf	
NC_029998.1 	4	157266	157352	Ser	TGA	0	0	73.8	45.70	28.10	Inf	
NC_029998.1 	5	168121	168190	Met	CAT	0	0	18.2	0.00	18.20	Inf	
NC_029998.1 	6	181741	181813	Met	CAT	0	0	58.4	43.00	15.40	Inf	
NC_029998.1 	7	191884	191955	Glu	TTC	0	0	60.8	35.80	25.00	Inf	
NC_029998.1 	8	220222	220292	Cys	GCA	0	0	49.0	34.00	15.00	Inf	
NC_029998.1 	9	222430	222501	Asn	GTT	0	0	68.2	44.70	23.50	Inf	
NC_029998.1 	10	223397	223479	Tyr	GTA	0	0	69.3	54.80	14.50	Inf	
NC_029998.1 	11	371428	371514	Ser	GGA	0	0	73.6	47.00	26.60	Inf	
NC_029998.1 	12	375063	375140	Undet	NNN	0	0	26.7	0.00	26.70	Inf	
NC_029998.1 	13	379103	379207	Ala	TGC	379140	379179	16.3	25.30	-9.00	Inf	
NC_029998.1 	14	384098	384171	Trp	CCA	0	0	71.9	42.90	29.00	Inf	
NC_029998.1 	15	551481	551554	Asp	GTC	0	0	65.8	48.30	17.50	Inf	
NC_029998.1 	16	566851	566936	Ile	TAT	566888	566899	41.2	37.60	3.60	Inf	
NC_029998.1 	17	582189	582260	Gly	GCC	0	0	63.4	48.20	15.20	Inf	
NC_029998.1 	18	584454	584525	Gln	TTG	0	0	64.9	39.90	25.00	Inf	
NC_029998.1 	19	576576	576504	Met	CAT	0	0	64.6	33.80	30.80	Inf	
NC_029998.1 	20	551283	551195	Sup	TTA	551248	551235	27.5	18.20	9.30	Inf	
NC_029998.1 	21	478750	478678	Met	CAT	0	0	52.4	33.40	19.00	Inf	
NC_029998.1 	22	454654	454575	Gln	TTG	454616	454610	32.6	25.30	7.30	Inf	
NC_029998.1 	23	454430	454357	Trp	CCA	0	0	68.7	42.90	25.80	Inf	
NC_029998.1 	24	445199	445128	Val	GAC	0	0	36.5	25.10	11.40	Inf	
NC_029998.1 	25	434364	434291	Asp	GTC	0	0	53.7	39.50	14.20	Inf	
NC_029998.1 	26	339577	339490	Ser	GCT	0	0	64.7	44.10	20.60	Inf	
NC_029998.1 	27	339142	339069	Phe	GAA	0	0	61.0	47.10	13.90	Inf	
NC_029998.1 	28	338849	338774	Pro	TGG	0	0	55.5	37.90	17.60	Inf	
NC_029998.1 	29	189873	189800	His	GTG	0	0	58.5	40.50	18.00	Inf	
NC_029998.1 	30	100072	99984 	Sup	TTA	100037	100024	27.5	18.20	9.30	Inf	
NC_029998.1 	31	24601 	24529 	Met	CAT	0	0	58.4	43.00	15.40	Inf	
