Sequence    		tRNA  	Bounds	tRNA	Anti	Intron Bounds	Inf	HMM	2'Str	Hit	      
Name        	tRNA #	Begin 	End   	Type	Codon	Begin	End	Score	Score	Score	Origin	Note
--------    	------	----- 	------	----	-----	-----	----	------	-----	-----	------	------
NC_023337.1 	1	51553 	51626 	Asp	GTC	0	0	65.8	48.30	17.50	Inf	
NC_023337.1 	2	75504 	75580 	Met	CAT	0	0	60.1	35.30	24.80	Inf	
NC_023337.1 	3	79517 	79589 	Gly	GCC	0	0	63.3	48.10	15.20	Inf	
NC_023337.1 	4	82782 	82853 	Gln	TTG	0	0	64.9	39.90	25.00	Inf	
NC_023337.1 	5	89834 	89905 	Glu	TTC	0	0	60.8	35.80	25.00	Inf	
NC_023337.1 	6	118555	118627	Met	CAT	0	0	64.6	33.80	30.80	Inf	
NC_023337.1 	7	172782	172854	Met	CAT	0	0	60.4	39.40	21.00	Inf	
NC_023337.1 	8	261533	261602	Undet	NNN	0	0	38.2	19.10	19.10	Inf	
NC_023337.1 	9	261753	261826	Trp	CCA	0	0	64.5	44.20	20.30	Inf	
NC_023337.1 	10	300889	300817	Lys	TTT	0	0	75.0	59.70	15.30	Inf	
NC_023337.1 	11	293516	293412	Ala	TGC	293479	293440	16.3	30.00	-13.70	Inf	
NC_023337.1 	12	276695	276628	Gln	TTG	0	0	16.6	0.00	16.60	Inf	
NC_023337.1 	13	245729	245657	Met	CAT	0	0	60.4	39.40	21.00	Inf	
NC_023337.1 	14	170923	170836	Ser	GCT	0	0	51.6	42.90	8.70	Inf	
NC_023337.1 	15	170454	170381	Phe	GAA	0	0	61.0	47.10	13.90	Inf	
NC_023337.1 	16	170075	170001	Pro	TGG	0	0	62.8	38.30	24.50	Inf	
NC_023337.1 	17	87906 	87833 	His	GTG	0	0	58.5	40.50	18.00	Inf	
NC_023337.1 	18	64558 	64486 	Lys	TTT	0	0	75.0	59.70	15.30	Inf	
NC_023337.1 	19	57186 	57082 	Ala	TGC	57149	57110	16.3	30.00	-13.70	Inf	
NC_023337.1 	20	42590 	42516 	Undet	NNN	0	0	34.0	17.10	16.90	Inf	
NC_023337.1 	21	39245 	39174 	Val	GAC	0	0	58.9	28.60	30.30	Inf	
NC_023337.1 	22	26910 	26837 	Thr	GGT	0	0	47.9	26.00	21.90	Inf	
NC_023337.1 	23	15297 	15230 	Undet	NNN	0	0	44.3	27.00	17.30	Inf	
NC_023337.1 	24	8761  	8691  	Cys	GCA	0	0	49.0	34.00	15.00	Inf	
NC_023337.1 	25	6659  	6588  	Asn	GTT	0	0	68.2	44.70	23.50	Inf	
NC_023337.1 	26	5785  	5703  	Tyr	GTA	0	0	69.3	54.80	14.50	Inf	
