Sequence    		tRNA  	Bounds	tRNA	Anti	Intron Bounds	Inf	HMM	2'Str	Hit	      
Name        	tRNA #	Begin 	End   	Type	Codon	Begin	End	Score	Score	Score	Origin	Note
--------    	------	----- 	------	----	-----	-----	----	------	-----	-----	------	------
NC_016743.2 	1	63644 	63726 	Undet	NNN	0	0	26.5	17.30	9.20	Inf	
NC_016743.2 	2	109753	109818	Undet	NNN	0	0	18.1	0.00	18.10	Inf	
NC_016743.2 	3	139274	139347	Asp	GTC	0	0	65.8	48.30	17.50	Inf	
NC_016743.2 	4	172671	172744	Trp	CCA	0	0	71.9	42.90	29.00	Inf	
NC_016743.2 	5	212553	212626	Met	CAT	0	0	69.3	44.00	25.30	Inf	
NC_016743.2 	6	266492	266568	Met	CAT	0	0	63.3	35.20	28.10	Inf	
NC_016743.2 	7	306115	306187	Lys	TTT	0	0	75.0	59.70	15.30	Inf	
NC_016743.2 	8	318983	318912	Gly	GCC	0	0	63.4	48.20	15.20	Inf	
NC_016743.2 	9	277883	277779	Ala	TGC	277846	277807	16.3	30.00	-13.70	Inf	
NC_016743.2 	10	263153	263066	Ser	GCT	0	0	64.0	44.30	19.70	Inf	
NC_016743.2 	11	262708	262635	Phe	GAA	0	0	61.0	47.10	13.90	Inf	
NC_016743.2 	12	262374	262300	Pro	TGG	0	0	62.8	38.30	24.50	Inf	
NC_016743.2 	13	241376	241305	Glu	TTC	0	0	59.7	34.70	25.00	Inf	
NC_016743.2 	14	240412	240340	Met	CAT	0	0	64.6	33.80	30.80	Inf	
NC_016743.2 	15	234517	234458	Undet	NNN	0	0	24.1	0.00	24.10	Inf	
NC_016743.2 	16	200313	200242	Asn	GTT	0	0	71.2	48.10	23.10	Inf	
NC_016743.2 	17	153957	153886	Gly	GCC	0	0	63.4	48.20	15.20	Inf	
NC_016743.2 	18	152351	152280	Gln	TTG	0	0	64.9	39.90	25.00	Inf	
NC_016743.2 	19	145322	145249	His	GTG	0	0	58.5	40.50	18.00	Inf	
NC_016743.2 	20	106256	106186	Cys	GCA	0	0	47.3	35.90	11.40	Inf	
NC_016743.2 	21	104553	104482	Asn	GTT	0	0	68.2	44.70	23.50	Inf	
NC_016743.2 	22	104108	104026	Tyr	GTA	0	0	69.3	54.80	14.50	Inf	
NC_016743.2 	23	78689 	78585 	Ala	TGC	78652	78613	16.3	30.00	-13.70	Inf	
