Sequence    		tRNA  	Bounds	tRNA	Anti	Intron Bounds	Inf	HMM	2'Str	Hit	      
Name        	tRNA #	Begin 	End   	Type	Codon	Begin	End	Score	Score	Score	Origin	Note
--------    	------	----- 	------	----	-----	-----	----	------	-----	-----	------	------
NC_045136.1 	1	57802 	57858 	Undet	NNN	0	0	23.6	0.00	23.60	Inf	
NC_045136.1 	2	229318	229391	Pro	TGG	0	0	56.5	37.20	19.30	Inf	
NC_045136.1 	3	229553	229626	Trp	CCA	0	0	69.7	40.40	29.30	Inf	
NC_045136.1 	4	274103	274177	Met	CAT	0	0	46.5	33.40	13.10	Inf	
NC_045136.1 	5	276515	276572	Undet	NNN	0	0	15.9	0.00	15.90	Inf	
NC_045136.1 	6	299234	299320	Ile	TAT	299271	299282	41.8	35.80	6.00	Inf	
NC_045136.1 	7	338711	338782	Glu	TTC	0	0	60.8	35.80	25.00	Inf	
NC_045136.1 	8	420446	420533	Ser	GCT	0	0	62.2	43.30	18.90	Inf	
NC_045136.1 	9	420938	421011	Phe	GAA	0	0	61.0	47.10	13.90	Inf	
NC_045136.1 	10	421281	421355	Pro	TGG	0	0	62.8	38.30	24.50	Inf	
NC_045136.1 	11	457373	457446	Met	CAT	0	0	61.9	39.10	22.80	Inf	
NC_045136.1 	12	589173	589227	Undet	NNN	0	0	15.9	0.00	15.90	Inf	
NC_045136.1 	13	618516	618602	Ser	TGA	0	0	73.8	45.70	28.10	Inf	
NC_045136.1 	14	628561	628637	Met	CAT	0	0	60.1	35.30	24.80	Inf	
NC_045136.1 	15	630981	631053	Met	CAT	0	0	65.2	34.40	30.80	Inf	
NC_045136.1 	16	627578	627505	Asp	GTC	0	0	63.2	48.70	14.50	Inf	
NC_045136.1 	17	336412	336339	His	GTG	0	0	58.5	40.50	18.00	Inf	
NC_045136.1 	18	316093	316021	Lys	TTT	0	0	68.3	54.80	13.50	Inf	
NC_045136.1 	19	314749	314676	Met	CAT	0	0	47.1	23.60	23.50	Inf	
NC_045136.1 	20	291433	291362	Gly	GCC	0	0	63.4	48.20	15.20	Inf	
NC_045136.1 	21	287186	287115	Gln	TTG	0	0	64.9	39.90	25.00	Inf	
NC_045136.1 	22	249313	249243	Cys	GCA	0	0	49.0	34.00	15.00	Inf	
NC_045136.1 	23	248609	248539	Asn	GTT	0	0	52.0	32.20	19.80	Inf	
NC_045136.1 	24	247700	247618	Tyr	GTA	0	0	69.3	54.80	14.50	Inf	
NC_045136.1 	25	123741	123668	Asp	GTC	0	0	65.8	48.30	17.50	Inf	
NC_045136.1 	26	43209 	43141 	Cys	GCA	0	0	23.0	0.00	23.00	Inf	
