Sequence    		tRNA  	Bounds	tRNA	Anti	Intron Bounds	Inf	HMM	2'Str	Hit	      
Name        	tRNA #	Begin 	End   	Type	Codon	Begin	End	Score	Score	Score	Origin	Note
--------    	------	----- 	------	----	-----	-----	----	------	-----	-----	------	------
NC_045135.1 	1	66009 	66082 	Asp	GTC	0	0	65.8	48.30	17.50	Inf	
NC_045135.1 	2	94666 	94737 	Asn	GTT	0	0	68.2	44.70	23.50	Inf	
NC_045135.1 	3	95116 	95198 	Tyr	GTA	0	0	69.3	54.80	14.50	Inf	
NC_045135.1 	4	103680	103753	Trp	CCA	0	0	71.9	42.90	29.00	Inf	
NC_045135.1 	5	135051	135122	Gly	GCC	0	0	63.4	48.20	15.20	Inf	
NC_045135.1 	6	138931	139002	Gln	TTG	0	0	64.9	39.90	25.00	Inf	
NC_045135.1 	7	168181	168252	Glu	TTC	0	0	59.7	34.70	25.00	Inf	
NC_045135.1 	8	169133	169205	Met	CAT	0	0	64.6	33.80	30.80	Inf	
NC_045135.1 	9	189703	189776	Met	CAT	0	0	66.4	46.40	20.00	Inf	
NC_045135.1 	10	193101	193175	Phe	GAA	0	0	47.0	42.90	4.10	Inf	
NC_045135.1 	11	193433	193507	Pro	TGG	0	0	62.8	38.30	24.50	Inf	
NC_045135.1 	12	224237	224306	Undet	NNN	0	0	31.9	18.50	13.40	Inf	
NC_045135.1 	13	231943	232016	His	GTG	0	0	58.5	40.50	18.00	Inf	
NC_045135.1 	14	254088	254161	Met	CAT	0	0	66.4	46.40	20.00	Inf	
NC_045135.1 	15	319313	319372	Undet	NNN	0	0	24.1	0.00	24.10	Inf	
NC_045135.1 	16	357214	357283	Undet	NNN	0	0	28.0	0.00	28.00	Inf	
NC_045135.1 	17	292737	292664	Met	CAT	0	0	64.2	40.20	24.00	Inf	
NC_045135.1 	18	236268	236196	Undet	NNN	0	0	18.2	18.80	-0.60	Inf	
NC_045135.1 	19	233814	233742	Cys	GCA	0	0	52.0	29.70	22.30	Inf	
NC_045135.1 	20	159259	159186	Met	CAT	0	0	63.3	35.20	28.10	Inf	
NC_045135.1 	21	83672 	83602 	Cys	GCA	0	0	45.6	34.10	11.50	Inf	
NC_045135.1 	22	9164  	9092  	Lys	TTT	0	0	75.0	59.70	15.30	Inf	
