Sequence    		tRNA  	Bounds	tRNA	Anti	Intron Bounds	Inf	HMM	2'Str	Hit	      
Name        	tRNA #	Begin 	End   	Type	Codon	Begin	End	Score	Score	Score	Origin	Note
--------    	------	----- 	------	----	-----	-----	----	------	-----	-----	------	------
NC_035963.1 	1	25379 	25451 	Met	CAT	0	0	64.6	33.80	30.80	Inf	
NC_035963.1 	2	73392 	73478 	Ser	TGA	0	0	77.9	46.80	31.10	Inf	
NC_035963.1 	3	137953	138025	Met	CAT	0	0	64.6	33.80	30.80	Inf	
NC_035963.1 	4	144731	144801	Cys	GCA	0	0	49.0	34.00	15.00	Inf	
NC_035963.1 	5	146946	147017	Asn	GTT	0	0	72.5	48.50	24.00	Inf	
NC_035963.1 	6	147553	147635	Tyr	GTA	0	0	68.9	54.80	14.10	Inf	
NC_035963.1 	7	165876	165949	Met	CAT	0	0	64.2	40.20	24.00	Inf	
NC_035963.1 	8	185333	185420	Ser	GCT	0	0	64.0	44.30	19.70	Inf	
NC_035963.1 	9	185783	185856	Phe	GAA	0	0	62.1	48.20	13.90	Inf	
NC_035963.1 	10	186107	186181	Pro	TGG	0	0	62.8	38.30	24.50	Inf	
NC_035963.1 	11	196301	196388	Ile	GAT	196337	196352	20.0	0.00	20.00	Inf	
NC_035963.1 	12	207716	207788	Lys	TTT	0	0	75.0	59.70	15.30	Inf	
NC_035963.1 	13	211050	211123	His	GTG	0	0	58.5	40.50	18.00	Inf	
NC_035963.1 	14	216309	216382	Pro	TGG	0	0	49.6	33.50	16.10	Inf	
NC_035963.1 	15	216540	216613	Trp	CCA	0	0	68.7	42.90	25.80	Inf	
NC_035963.1 	16	226904	226977	Met	CAT	0	0	60.1	35.30	24.80	Inf	
NC_035963.1 	17	341815	341891	Met	CAT	0	0	60.1	35.30	24.80	Inf	
NC_035963.1 	18	396746	396817	Glu	TTC	0	0	60.8	35.80	25.00	Inf	
NC_035963.1 	19	418419	418346	Met	CAT	0	0	60.1	35.30	24.80	Inf	
NC_035963.1 	20	248577	248506	Glu	TTC	0	0	60.8	35.80	25.00	Inf	
NC_035963.1 	21	126097	126026	Gly	GCC	0	0	66.7	48.10	18.60	Inf	
NC_035963.1 	22	122750	122679	Gln	TTG	0	0	64.9	39.90	25.00	Inf	
NC_035963.1 	23	111217	111144	Met	CAT	0	0	69.4	42.60	26.80	Inf	
NC_035963.1 	24	80758 	80687 	Asn	GTT	0	0	72.5	48.50	24.00	Inf	
NC_035963.1 	25	66948 	66875 	Asp	GTC	0	0	65.8	48.30	17.50	Inf	
NC_035963.1 	26	66187 	66101 	Ser	GGA	0	0	73.3	46.70	26.60	Inf	
NC_035963.1 	27	13523 	13452 	Gly	GCC	0	0	66.7	48.10	18.60	Inf	
NC_035963.1 	28	10176 	10105 	Gln	TTG	0	0	64.9	39.90	25.00	Inf	
