Sequence    		tRNA  	Bounds	tRNA	Anti	Intron Bounds	Inf	HMM	2'Str	Hit	      
Name        	tRNA #	Begin 	End   	Type	Codon	Begin	End	Score	Score	Score	Origin	Note
--------    	------	----- 	------	----	-----	-----	----	------	-----	-----	------	------
NC_035618.1 	1	24119 	24206 	Ser	GCT	0	0	58.8	39.10	19.70	Inf	
NC_035618.1 	2	24564 	24637 	Phe	GAA	0	0	61.0	47.10	13.90	Inf	
NC_035618.1 	3	24714 	24788 	Pro	TGG	0	0	64.0	39.60	24.40	Inf	
NC_035618.1 	4	46073 	46141 	His	ATG	0	0	26.3	0.00	26.30	Inf	
NC_035618.1 	5	207700	207774	Leu	CAA	0	0	37.1	0.00	37.10	Inf	
NC_035618.1 	6	245655	245727	Cys	GCA	0	0	62.0	39.60	22.40	Inf	
NC_035618.1 	7	313025	313123	Met	CAT	313062	313088	21.0	26.90	-5.90	Inf	
NC_035618.1 	8	325047	325120	His	GTG	0	0	58.5	40.50	18.00	Inf	
NC_035618.1 	9	328849	328905	Undet	NNN	0	0	25.9	0.00	25.90	Inf	
NC_035618.1 	10	323252	323181	Glu	TTC	0	0	54.9	33.60	21.30	Inf	
NC_035618.1 	11	321607	321535	Met	CAT	0	0	63.7	32.90	30.80	Inf	
NC_035618.1 	12	302950	302877	Trp	CCA	0	0	69.2	40.70	28.50	Inf	
NC_035618.1 	13	299713	299641	Phe	GAA	0	0	67.1	44.50	22.60	Inf	
NC_035618.1 	14	275158	275085	Met	CAT	0	0	58.4	34.70	23.70	Inf	
NC_035618.1 	15	231462	231389	Asp	GTC	0	0	65.8	48.30	17.50	Inf	
NC_035618.1 	16	221245	221175	Cys	GCA	0	0	49.0	34.00	15.00	Inf	
NC_035618.1 	17	218825	218754	Asn	GTT	0	0	69.0	46.50	22.50	Inf	
NC_035618.1 	18	218315	218233	Tyr	GTA	0	0	72.8	54.50	18.30	Inf	
NC_035618.1 	19	203059	202988	Gly	GCC	0	0	63.4	48.20	15.20	Inf	
NC_035618.1 	20	185614	185543	Gln	TTG	0	0	64.9	39.90	25.00	Inf	
NC_035618.1 	21	134410	134324	Ser	TGA	0	0	73.8	45.70	28.10	Inf	
NC_035618.1 	22	133766	133693	Met	CAT	0	0	56.3	34.60	21.70	Inf	
NC_035618.1 	23	83491 	83419 	Lys	TTT	0	0	75.0	59.70	15.30	Inf	
NC_035618.1 	24	63052 	62980 	Phe	GAA	0	0	67.1	44.50	22.60	Inf	
