Sequence    		tRNA  	Bounds	tRNA	Anti	Intron Bounds	Inf	HMM	2'Str	Hit	      
Name        	tRNA #	Begin 	End   	Type	Codon	Begin	End	Score	Score	Score	Origin	Note
--------    	------	----- 	------	----	-----	-----	----	------	-----	-----	------	------
NC_029693.1 	1	33191 	33262 	Val	GAC	0	0	58.9	28.60	30.30	Inf	
NC_029693.1 	2	71016 	71078 	Undet	NNN	0	0	37.0	27.00	10.00	Inf	
NC_029693.1 	3	254501	254578	Pro	TGG	0	0	62.8	38.30	24.50	Inf	
NC_029693.1 	4	257639	257718	Tyr	GTA	0	0	37.4	24.90	12.50	Inf	
NC_029693.1 	5	331569	331639	Cys	GCA	0	0	49.0	34.00	15.00	Inf	
NC_029693.1 	6	332440	332511	Asn	GTT	0	0	68.2	44.70	23.50	Inf	
NC_029693.1 	7	333372	333454	Tyr	GTA	0	0	69.3	54.80	14.50	Inf	
NC_029693.1 	8	381780	381852	Met	CAT	0	0	51.4	38.70	12.70	Inf	
NC_029693.1 	9	444810	444880	Cys	ACA	0	0	25.9	0.00	25.90	Inf	
NC_029693.1 	10	445041	445114	Trp	CCA	0	0	69.7	40.40	29.30	Inf	
NC_029693.1 	11	452452	452523	Glu	TTC	0	0	60.8	35.80	25.00	Inf	
NC_029693.1 	12	569229	569299	Met	CAT	0	0	60.1	28.10	32.00	Inf	
NC_029693.1 	13	594858	594937	Arg	CCT	594896	594902	22.8	0.00	22.80	Inf	
NC_029693.1 	14	499948	499876	Met	CAT	0	0	64.6	33.80	30.80	Inf	
NC_029693.1 	15	467628	467557	Gly	GCC	0	0	63.4	48.20	15.20	Inf	
NC_029693.1 	16	464652	464581	Gln	TTG	0	0	64.9	39.90	25.00	Inf	
NC_029693.1 	17	438258	438171	Ser	GCT	0	0	62.2	43.30	18.90	Inf	
NC_029693.1 	18	437997	437924	Phe	GAA	0	0	57.9	44.00	13.90	Inf	
NC_029693.1 	19	437671	437597	Pro	TGG	0	0	62.8	38.30	24.50	Inf	
NC_029693.1 	20	307886	307813	His	GTG	0	0	58.5	40.50	18.00	Inf	
NC_029693.1 	21	188335	188249	Ser	TGA	0	0	75.0	47.10	27.90	Inf	
NC_029693.1 	22	169189	169117	Lys	TTT	0	0	72.9	59.40	13.50	Inf	
NC_029693.1 	23	124965	124892	Asp	GTC	0	0	65.8	48.30	17.50	Inf	
NC_029693.1 	24	120002	119917	Ser	GGA	0	0	75.4	48.70	26.70	Inf	
NC_029693.1 	25	82334 	82261 	Met	CAT	0	0	59.5	36.10	23.40	Inf	
