Sequence    		tRNA  	Bounds	tRNA	Anti	Intron Bounds	Inf	HMM	2'Str	Hit	      
Name        	tRNA #	Begin 	End   	Type	Codon	Begin	End	Score	Score	Score	Origin	Note
--------    	------	----- 	------	----	-----	-----	----	------	-----	-----	------	------
NC_048499.1 	1	30156 	30227 	Gly	GCC	0	0	63.4	48.20	15.20	Inf	
NC_048499.1 	2	34074 	34145 	Gln	TTG	0	0	64.9	39.90	25.00	Inf	
NC_048499.1 	3	41556 	41629 	Trp	CCA	0	0	71.9	42.90	29.00	Inf	
NC_048499.1 	4	63394 	63467 	Met	CAT	0	0	64.8	44.80	20.00	Inf	
NC_048499.1 	5	78588 	78661 	Phe	GAA	0	0	61.0	47.10	13.90	Inf	
NC_048499.1 	6	78935 	79009 	Pro	TGG	0	0	62.8	38.30	24.50	Inf	
NC_048499.1 	7	120904	120977	His	GTG	0	0	58.5	40.50	18.00	Inf	
NC_048499.1 	8	215817	215911	Lys	TTT	215856	215867	17.1	0.00	17.10	Inf	
NC_048499.1 	9	224294	224363	Sup	TTA	0	0	26.6	0.00	26.60	Inf	
NC_048499.1 	10	226898	226970	Lys	TTT	0	0	75.0	59.70	15.30	Inf	
NC_048499.1 	11	229918	229977	Undet	NNN	0	0	17.1	0.00	17.10	Inf	
NC_048499.1 	12	273011	272954	Phe	GAA	0	0	28.3	0.00	28.30	Inf	
NC_048499.1 	13	266878	266808	Cys	GCA	0	0	45.6	34.10	11.50	Inf	
NC_048499.1 	14	264500	264429	Asn	GTT	0	0	63.8	45.60	18.20	Inf	
NC_048499.1 	15	264037	263955	Tyr	GTA	0	0	69.3	54.80	14.50	Inf	
NC_048499.1 	16	185956	185879	Thr	TGT	185918	185913	21.7	0.00	21.70	Inf	
NC_048499.1 	17	136761	136688	Asp	GTC	0	0	65.8	48.30	17.50	Inf	
NC_048499.1 	18	107529	107458	Glu	TTC	0	0	59.7	34.70	25.00	Inf	
NC_048499.1 	19	106582	106510	Met	CAT	0	0	64.6	33.80	30.80	Inf	
NC_048499.1 	20	76908 	76835 	Met	CAT	0	0	63.3	35.20	28.10	Inf	
