Sequence      		tRNA   	Bounds 	tRNA	Anti	Intron Bounds	Inf	HMM	2'Str	Hit	Isotype	Isotype	      
Name          	tRNA#	Begin  	End    	Type	Codon	Begin	End	Score	Score	Score	Origin	CM	Score	Note
--------      	------	-----  	------ 	----	-----	-----	----	------	-----	-----	------	-------	-------	------
scaffold00001	1	2086227	2086314	Tyr	GTA	2086264	2086278	69.9	38.40	31.50	Inf	Tyr	108.3	high confidence set
scaffold00001	2	2360573	2360645	Ala	AGC	0	0	63.4	38.20	25.20	Inf	Ala	98.3	high confidence set
scaffold00001	3	2391663	2391746	Leu	CAA	0	0	79.5	54.50	25.00	Inf	Leu	126.8	high confidence set
scaffold00001	4	2892725	2892796	Gln	CTG	0	0	74.3	49.60	24.70	Inf	Gln	106.1	high confidence set
scaffold00001	5	2939378	2939449	Trp	CCA	0	0	75.8	51.20	24.60	Inf	Trp	105.6	high confidence set
scaffold00001	6	5336856	5336926	Gly	CCC	0	0	66.3	29.50	36.80	Inf	Gly	89.7	high confidence set
scaffold00001	7	5508486	5508558	Arg	ACG	0	0	71.7	49.10	22.60	Inf	Arg	91.4	high confidence set
scaffold00001	8	5886165	5886084	Ser	TGA	0	0	80.7	46.10	34.60	Inf	Ser	119.7	high confidence set
scaffold00001	9	5754161	5754089	Ala	TGC	0	0	69.1	43.30	25.80	Inf	Ala	101.9	high confidence set
scaffold00001	10	5658343	5658272	Pro	AGG	0	0	67.4	34.70	32.70	Inf	Pro	112.3	high confidence set
scaffold00001	11	3966121	3966049	Phe	GAA	0	0	78.3	58.40	19.90	Inf	Phe	113.2	high confidence set
scaffold00001	12	3038854	3038781	Val	AAC	0	0	72.9	48.60	24.30	Inf	Val	93.8	high confidence set
scaffold00001	13	2839897	2839825	Ala	CGC	0	0	68.3	44.10	24.20	Inf	Ala	99.2	high confidence set
scaffold00001	14	1891879	1891806	Val	CAC	0	0	82.4	54.40	28.00	Inf	Val	103.7	high confidence set
scaffold00001	15	1544507	1544427	Leu	AAG	0	0	74.0	52.20	21.80	Inf	Leu	110.4	high confidence set
scaffold00001	16	1115361	1115289	Glu	CTC	0	0	79.9	54.20	25.70	Inf	Glu	102.7	high confidence set
scaffold00001	17	581758	581685	Val	AAC	0	0	72.9	48.60	24.30	Inf	Val	93.8	high confidence set
scaffold00002	1	361265	361337	Ala	TGC	0	0	70.0	45.30	24.70	Inf	Ala	100.6	high confidence set
scaffold00002	2	795898	795969	His	GTG	0	0	63.0	33.70	29.30	Inf	His	86.8	high confidence set
scaffold00002	3	1172323	1172395	Lys	CTT	0	0	86.8	66.60	20.20	Inf	Lys	107.7	high confidence set
scaffold00002	4	2149597	2149669	Arg	CCT	0	0	69.2	51.00	18.20	Inf	Arg	81.7	high confidence set
scaffold00002	5	2346329	2346401	Phe	GAA	0	0	78.3	58.40	19.90	Inf	Phe	113.2	high confidence set
scaffold00002	7	3031116	3031188	Ala	AGC	0	0	56.8	35.10	21.70	Inf	Ala	94.1	high confidence set
scaffold00002	8	3488686	3488758	Glu	CTC	0	0	79.9	54.20	25.70	Inf	Glu	102.7	high confidence set
scaffold00002	10	4467319	4467240	Leu	TAG	0	0	69.5	48.50	21.00	Inf	Leu	111.5	high confidence set
scaffold00002	11	4201981	4201910	Asp	GTC	0	0	69.8	46.80	23.00	Inf	Asp	95.8	high confidence set
scaffold00002	13	2898280	2898209	Glu	TTC	0	0	73.4	48.90	24.50	Inf	Glu	102.8	high confidence set
scaffold00002	14	1772041	1771970	Glu	TTC	0	0	72.0	47.50	24.50	Inf	Glu	101.6	high confidence set
scaffold00002	15	146923	146852	Gln	TTG	0	0	73.5	53.70	19.80	Inf	Gln	104.8	high confidence set
scaffold00003	1	21109	21181	Ala	TGC	0	0	69.1	43.30	25.80	Inf	Ala	101.9	high confidence set
scaffold00003	3	2656579	2656651	Ala	AGC	0	0	63.4	38.20	25.20	Inf	Ala	98.3	high confidence set
scaffold00003	4	3616520	3616592	Val	TAC	0	0	72.9	34.30	38.60	Inf	Val	101.7	high confidence set
scaffold00003	5	4004979	4005050	Gly	TCC	0	0	73.9	46.20	27.70	Inf	Gly	85.6	high confidence set
scaffold00003	6	4154807	4154879	Ala	TGC	0	0	70.0	45.30	24.70	Inf	Ala	100.6	high confidence set
scaffold00003	7	4389978	4389906	Val	TAC	0	0	78.2	43.80	34.40	Inf	Val	106.2	high confidence set
scaffold00003	8	4186531	4186450	Ser	GCT	0	0	79.0	43.10	35.90	Inf	Ser	108.6	high confidence set
scaffold00003	9	3710752	3710680	Arg	ACG	0	0	71.7	49.10	22.60	Inf	Arg	91.4	high confidence set
scaffold00003	11	2184271	2184198	Val	AAC	0	0	72.9	48.60	24.30	Inf	Val	93.8	high confidence set
scaffold00003	12	613270	613188	Leu	TAA	0	0	68.4	29.10	39.30	Inf	Leu	90.1	high confidence set
scaffold00003	13	275259	275178	Ser	TGA	0	0	80.7	46.00	34.70	Inf	Ser	111.5	high confidence set
scaffold00004	1	547353	547437	Met	CAT	547391	547401	64.2	40.80	23.40	Inf	Met	104.0	high confidence set
scaffold00004	2	1467400	1467472	Lys	CTT	0	0	86.8	66.60	20.20	Inf	Lys	107.7	high confidence set
scaffold00004	3	3514832	3514904	Arg	CCT	0	0	72.6	51.90	20.70	Inf	Arg	83.4	high confidence set
scaffold00004	4	3893035	3893107	Ala	AGC	0	0	63.4	38.20	25.20	Inf	Ala	98.3	high confidence set
scaffold00004	5	3935166	3935237	Pro	CGG	0	0	68.5	36.10	32.40	Inf	Pro	108.5	high confidence set
scaffold00004	7	1615484	1615391	Tyr	GTA	1615447	1615427	69.7	38.20	31.50	Inf	Tyr	108.3	high confidence set
scaffold00004	8	1288321	1288250	iMet	CAT	0	0	58.3	28.10	30.20	Inf	iMet	118.7	high confidence set
scaffold00004	9	1104418	1104346	Arg	TCT	0	0	67.3	50.10	17.20	Inf	Arg	95.7	high confidence set
scaffold00004	10	1592	1520	Arg	TCT	0	0	68.1	50.00	18.10	Inf	Arg	96.3	high confidence set
scaffold00005	1	351316	351399	Leu	CAA	0	0	79.5	54.50	25.00	Inf	Leu	126.8	high confidence set
scaffold00005	2	665828	665909	Ser	CGA	0	0	78.9	46.60	32.30	Inf	Ser	122.0	high confidence set
scaffold00005	3	2246359	2246431	Arg	CCT	0	0	69.1	50.30	18.80	Inf	Arg	81.2	high confidence set
scaffold00005	4	2804396	2804325	Gly	TCC	0	0	73.9	46.20	27.70	Inf	Gly	85.6	high confidence set
scaffold00005	5	2226952	2226871	Ser	GCT	0	0	80.5	45.20	35.30	Inf	Ser	109.5	high confidence set
scaffold00005	6	457262	457190	Phe	GAA	0	0	77.1	57.20	19.90	Inf	Phe	103.3	high confidence set
scaffold00005	7	60058	59987	Gly	TCC	0	0	74.1	46.70	27.40	Inf	Gly	84.2	high confidence set
scaffold00006	1	1996272	1996343	Glu	TTC	0	0	73.4	48.90	24.50	Inf	Glu	102.8	high confidence set
scaffold00006	2	2431448	2431519	Asp	GTC	0	0	69.8	46.80	23.00	Inf	Asp	95.8	high confidence set
scaffold00006	3	2784486	2784559	Ile	TAT	0	0	85.9	70.60	15.30	Inf	Ile	103.9	high confidence set
scaffold00006	4	2812548	2812619	Gln	CTG	0	0	72.2	51.10	21.10	Inf	Gln	100.4	high confidence set
scaffold00006	5	2461529	2461445	Met	CAT	2461491	2461481	68.7	45.30	23.40	Inf	Met	104.3	high confidence set
scaffold00006	6	1626815	1626743	Arg	TCT	0	0	68.4	50.50	17.90	Inf	Arg	92.3	high confidence set
scaffold00006	7	834541	834460	Ser	TGA	0	0	80.7	46.10	34.60	Inf	Ser	119.7	high confidence set
scaffold00006	8	759145	759072	Thr	AGT	0	0	74.7	46.20	28.50	Inf	Thr	89.4	high confidence set
scaffold00007	1	473950	474023	Ile	TAT	0	0	85.9	70.60	15.30	Inf	Ile	103.9	high confidence set
scaffold00007	2	835260	835332	Glu	CTC	0	0	74.7	49.00	25.70	Inf	Glu	96.2	high confidence set
scaffold00007	3	991425	991496	Glu	TTC	0	0	72.0	47.50	24.50	Inf	Glu	101.6	high confidence set
scaffold00007	4	2389847	2389774	Thr	AGT	0	0	74.7	46.20	28.50	Inf	Thr	89.4	high confidence set
scaffold00007	5	920653	920582	Gly	TCC	0	0	73.9	46.20	27.70	Inf	Gly	85.6	high confidence set
scaffold00007	6	891973	891889	Met	CAT	891935	891925	64.3	40.80	23.50	Inf	Met	104.0	high confidence set
scaffold00007	7	796868	796788	Leu	AAG	0	0	74.0	52.20	21.80	Inf	Leu	110.4	high confidence set
scaffold00008	1	109761	109834	Asn	GTT	0	0	84.5	59.40	25.10	Inf	Asn	95.9	high confidence set
scaffold00008	2	1999470	1999399	Lys	TTT	0	0	92.3	68.60	23.70	Inf	Lys	97.5	high confidence set
scaffold00008	3	1348153	1348070	Leu	CAA	0	0	81.0	54.60	26.40	Inf	Leu	125.6	high confidence set
scaffold00009	1	1660542	1660613	Gln	CTG	0	0	74.3	49.60	24.70	Inf	Gln	103.3	high confidence set
scaffold00009	2	1895275	1895202	Val	AAC	0	0	71.9	47.60	24.30	Inf	Val	91.0	high confidence set
scaffold00009	3	1669137	1669066	Cys	GCA	0	0	81.7	56.10	25.60	Inf	Cys	104.3	high confidence set
scaffold00009	4	1160641	1160570	Gly	TCC	0	0	73.9	46.20	27.70	Inf	Gly	85.6	high confidence set
scaffold00009	5	803108	803037	Thr	TGT	0	0	77.7	57.20	20.50	Inf	Met	84.6	IPD:-3.50,isotype mismatch
scaffold00009	6	638311	638240	Asp	GTC	0	0	69.8	46.80	23.00	Inf	Asp	95.8	high confidence set
scaffold00010	1	98863	98944	Ser	AGA	0	0	76.3	41.60	34.70	Inf	Ser	112.1	high confidence set
scaffold00010	2	264342	264413	Trp	CCA	0	0	72.9	51.10	21.80	Inf	Trp	101.6	high confidence set
scaffold00010	3	800685	800756	Glu	TTC	0	0	72.0	47.50	24.50	Inf	Glu	101.6	high confidence set
scaffold00010	4	881802	881873	Trp	CCA	0	0	75.8	51.20	24.60	Inf	Trp	105.6	high confidence set
scaffold00010	5	885678	885749	Trp	CCA	0	0	75.8	51.20	24.60	Inf	Trp	105.6	high confidence set
scaffold00010	6	1046244	1046315	Lys	TTT	0	0	92.3	68.60	23.70	Inf	Lys	97.5	high confidence set
scaffold00010	7	1633576	1633647	Asp	GTC	0	0	69.8	46.80	23.00	Inf	Asp	95.8	high confidence set
scaffold00010	8	2064574	2064646	Val	TAC	0	0	74.5	45.40	29.10	Inf	Val	100.4	high confidence set
scaffold00010	9	2229799	2229871	Phe	GAA	0	0	78.3	58.40	19.90	Inf	Phe	113.2	high confidence set
scaffold00010	10	1041703	1041624	Leu	TAG	0	0	71.1	47.90	23.20	Inf	Leu	112.2	high confidence set
scaffold00011	1	426926	426998	Arg	TCT	0	0	70.3	50.00	20.30	Inf	Arg	98.1	high confidence set
scaffold00012	1	1101747	1101666	Ser	AGA	0	0	78.7	42.50	36.20	Inf	Ser	114.6	high confidence set
scaffold00012	2	822397	822325	Phe	GAA	0	0	78.3	58.40	19.90	Inf	Phe	113.2	high confidence set
scaffold00012	3	591209	591137	Phe	GAA	0	0	78.3	58.40	19.90	Inf	Phe	113.2	high confidence set
scaffold00012	4	512512	512441	Gln	CTG	0	0	75.3	51.20	24.10	Inf	Gln	106.0	high confidence set
scaffold00013	1	1705376	1705457	Ser	GCT	0	0	80.5	45.20	35.30	Inf	Ser	109.5	high confidence set
scaffold00013	2	1894157	1894228	Trp	CCA	0	0	75.8	51.20	24.60	Inf	Trp	105.6	high confidence set
scaffold00013	3	1901016	1901087	Trp	CCA	0	0	75.8	51.20	24.60	Inf	Trp	105.6	high confidence set
scaffold00013	4	1750591	1750521	Gly	GCC	0	0	66.5	44.80	21.70	Inf	Gly	94.4	high confidence set
scaffold00013	5	1356513	1356442	Pro	TGG	0	0	69.2	36.90	32.30	Inf	Pro	112.8	high confidence set
scaffold00013	6	784532	784461	Asp	GTC	0	0	69.8	46.80	23.00	Inf	Asp	94.5	high confidence set
scaffold00014	1	711068	711139	His	GTG	0	0	63.3	34.30	29.00	Inf	His	91.7	high confidence set
scaffold00014	2	808059	808142	Leu	CAA	0	0	76.7	54.50	22.20	Inf	Leu	123.1	high confidence set
scaffold00014	3	1477661	1477734	Ile	AAT	0	0	81.8	58.30	23.50	Inf	Ile	106.8	high confidence set
scaffold00014	4	1922704	1922777	Thr	AGT	0	0	74.7	46.20	28.50	Inf	Thr	89.4	high confidence set
scaffold00014	5	731896	731823	Arg	TCG	0	0	82.3	61.00	21.30	Inf	Arg	91.9	high confidence set
scaffold00014	6	520431	520360	His	GTG	0	0	63.0	33.70	29.30	Inf	His	86.8	high confidence set
scaffold00014	7	514204	514123	Ser	AGA	0	0	77.8	43.40	34.40	Inf	Ser	110.9	high confidence set
scaffold00015	1	793511	793583	Ala	AGC	0	0	63.4	38.70	24.70	Inf	Ala	96.4	high confidence set
scaffold00015	2	1145071	1145151	Leu	CAG	0	0	69.5	46.80	22.70	Inf	Leu	109.7	high confidence set
scaffold00015	3	1779650	1779579	Thr	CGT	0	0	82.2	57.60	24.60	Inf	Thr	90.2	high confidence set
scaffold00015	4	1403600	1403528	Ala	TGC	0	0	70.0	45.30	24.70	Inf	Ala	100.6	high confidence set
scaffold00016	1	637153	637226	Thr	AGT	0	0	76.0	48.40	27.60	Inf	Thr	90.6	high confidence set
scaffold00016	2	1759034	1758961	Asn	GTT	0	0	80.0	54.90	25.10	Inf	Asn	93.1	high confidence set
scaffold00016	4	867637	867566	His	GTG	0	0	63.0	33.70	29.30	Inf	His	86.8	high confidence set
scaffold00016	5	15210	15140	Gly	CCC	0	0	66.3	29.50	36.80	Inf	Gly	89.7	high confidence set
scaffold00017	1	160624	160697	Ile	TAT	0	0	85.9	70.60	15.30	Inf	Ile	103.9	high confidence set
scaffold00017	2	177476	177547	His	GTG	0	0	63.0	33.70	29.30	Inf	His	86.8	high confidence set
scaffold00017	3	392785	392855	Gly	GCC	0	0	66.5	44.80	21.70	Inf	Gly	94.4	high confidence set
scaffold00017	4	465060	465131	Cys	GCA	0	0	82.1	59.90	22.20	Inf	Cys	106.6	high confidence set
scaffold00017	5	484582	484654	Glu	CTC	0	0	74.4	48.60	25.80	Inf	Glu	96.7	high confidence set
scaffold00017	6	1115561	1115490	Glu	TTC	0	0	72.0	47.50	24.50	Inf	Glu	101.6	high confidence set
scaffold00017	7	989347	989274	Ile	AAT	0	0	81.8	58.30	23.50	Inf	Ile	106.8	high confidence set
scaffold00017	8	393043	392972	Pro	CGG	0	0	68.5	36.10	32.40	Inf	Pro	105.9	high confidence set
scaffold00018	1	995226	995297	Cys	GCA	0	0	79.9	59.80	20.10	Inf	Cys	108.3	high confidence set
scaffold00018	2	1518880	1518799	Ser	GCT	0	0	80.5	45.20	35.30	Inf	Ser	109.5	high confidence set
scaffold00018	3	1140417	1140345	Asn	GTT	0	0	71.9	55.00	16.90	Inf	Asn	81.3	high confidence set
scaffold00018	4	1131515	1131442	Asn	GTT	0	0	83.9	58.50	25.40	Inf	Asn	97.4	high confidence set
scaffold00018	5	267502	267429	Asn	GTT	0	0	84.5	59.40	25.10	Inf	Asn	95.9	high confidence set
scaffold00018	6	259155	259076	Leu	TAG	0	0	69.5	48.50	21.00	Inf	Leu	111.5	high confidence set
scaffold00018	7	216226	216155	Pro	CGG	0	0	68.5	36.10	32.40	Inf	Pro	108.5	high confidence set
scaffold00018	8	212744	212673	Pro	CGG	0	0	68.5	36.10	32.40	Inf	Pro	108.5	high confidence set
scaffold00019	1	1465810	1465883	Ile	AAT	0	0	82.4	58.90	23.50	Inf	Ile	107.0	high confidence set
scaffold00019	2	1601064	1601145	Ser	GCT	0	0	79.0	43.10	35.90	Inf	Ser	108.6	high confidence set
scaffold00019	3	1640385	1640456	Thr	CGT	0	0	80.5	54.30	26.20	Inf	Thr	87.3	high confidence set
scaffold00019	4	1605433	1605361	Ala	TGC	0	0	69.1	43.30	25.80	Inf	Ala	101.9	high confidence set
scaffold00020	2	1123243	1123164	Leu	TAG	0	0	69.5	48.50	21.00	Inf	Leu	111.5	high confidence set
scaffold00020	4	579851	579779	Ala	TGC	0	0	70.0	45.30	24.70	Inf	Ala	100.6	high confidence set
scaffold00021	1	570285	570358	Arg	TCG	0	0	82.3	61.00	21.30	Inf	Arg	91.9	high confidence set
scaffold00021	3	1328843	1328772	Asp	GTC	0	0	69.8	46.80	23.00	Inf	Asp	95.8	high confidence set
scaffold00021	4	1192234	1192161	Val	CAC	0	0	82.4	54.40	28.00	Inf	Val	103.7	high confidence set
scaffold00021	5	259936	259863	Ile	AAT	0	0	81.8	58.30	23.50	Inf	Ile	106.8	high confidence set
scaffold00022	1	142920	142850	Gly	GCC	0	0	66.5	44.80	21.70	Inf	Gly	94.4	high confidence set
scaffold00023	1	426917	426990	Thr	AGT	0	0	76.0	48.40	27.60	Inf	Thr	90.6	high confidence set
scaffold00024	1	538573	538644	Pro	AGG	0	0	58.8	34.00	24.80	Inf	Pro	98.6	high confidence set
scaffold00024	2	907759	907688	iMet	CAT	0	0	58.3	28.10	30.20	Inf	iMet	118.7	high confidence set
scaffold00024	4	549326	549254	Arg	CCG	0	0	80.4	58.30	22.10	Inf	Arg	84.6	high confidence set
scaffold00024	5	300289	300217	Lys	CTT	0	0	86.8	66.60	20.20	Inf	Lys	107.7	high confidence set
scaffold00025	1	134732	134804	Arg	ACG	0	0	61.7	48.30	13.40	Inf	Arg	77.4	high confidence set
scaffold00026	1	126922	126995	Val	CAC	0	0	82.4	54.40	28.00	Inf	Val	100.3	high confidence set
scaffold00026	2	1037322	1037392	Gly	GCC	0	0	66.5	44.80	21.70	Inf	Gly	94.4	high confidence set
scaffold00028	1	87560	87631	Pro	TGG	0	0	68.5	35.70	32.80	Inf	Pro	111.2	high confidence set
scaffold00029	1	349118	349034	Met	CAT	349080	349070	64.3	40.80	23.50	Inf	Met	104.0	high confidence set
scaffold00029	2	67403	67330	Val	AAC	0	0	72.9	48.60	24.30	Inf	Val	93.8	high confidence set
scaffold00030	1	791162	791233	Asp	GTC	0	0	69.8	46.80	23.00	Inf	Asp	95.8	high confidence set
scaffold00032	1	209370	209451	Ser	GCT	0	0	79.0	43.10	35.90	Inf	Ser	108.6	high confidence set
scaffold00034	1	483078	483159	Ser	AGA	0	0	78.7	42.50	36.20	Inf	Ser	114.6	high confidence set
scaffold00035	1	529446	529517	Gln	TTG	0	0	73.5	53.70	19.80	Inf	Gln	104.8	high confidence set
scaffold00035	2	618050	618122	Phe	GAA	0	0	71.6	51.80	19.80	Inf	Phe	99.5	high confidence set
scaffold00036	1	282598	282690	Tyr	GTA	282635	282654	69.7	38.20	31.50	Inf	Tyr	108.3	high confidence set
scaffold00038	1	190530	190601	Gln	TTG	0	0	74.2	54.70	19.50	Inf	Gln	105.6	high confidence set
scaffold00038	2	719054	718974	Leu	AAG	0	0	72.6	49.90	22.70	Inf	Leu	108.7	high confidence set
scaffold00038	3	190727	190656	Glu	TTC	0	0	75.2	48.30	26.90	Inf	Glu	98.7	high confidence set
scaffold00040	1	275753	275843	Tyr	GTA	275790	275807	69.8	38.30	31.50	Inf	Tyr	108.3	high confidence set
scaffold00040	2	789489	789561	Lys	CTT	0	0	86.8	66.60	20.20	Inf	Lys	107.7	high confidence set
scaffold00040	3	108356	108283	Val	AAC	0	0	72.9	48.60	24.30	Inf	Val	93.8	high confidence set
scaffold00041	1	44047	44130	Leu	CAA	0	0	81.0	54.60	26.40	Inf	Leu	121.3	high confidence set
scaffold00042	1	28132	28213	Ser	AGA	0	0	77.8	43.40	34.40	Inf	Ser	110.9	high confidence set
scaffold00042	2	519637	519707	Gly	GCC	0	0	66.5	44.80	21.70	Inf	Gly	94.4	high confidence set
scaffold00042	3	477294	477213	Ser	CGA	0	0	78.9	46.60	32.30	Inf	Ser	122.0	high confidence set
scaffold00042	4	30275	30202	Asn	GTT	0	0	84.5	59.40	25.10	Inf	Asn	95.9	high confidence set
scaffold00043	1	540920	540991	Gly	TCC	0	0	73.9	46.20	27.70	Inf	Gly	85.6	high confidence set
scaffold00043	2	692543	692614	Lys	TTT	0	0	92.3	68.60	23.70	Inf	Lys	97.5	high confidence set
scaffold00043	3	92831	92759	Ala	AGC	0	0	63.4	38.70	24.70	Inf	Ala	96.4	high confidence set
scaffold00046	1	342849	342777	Ala	AGC	0	0	53.5	33.50	20.00	Inf	Ala	89.0	high confidence set
scaffold00046	2	190278	190207	iMet	CAT	0	0	58.3	28.10	30.20	Inf	iMet	118.7	high confidence set
scaffold00049	1	465240	465168	Lys	TTT	0	0	61.0	39.60	21.40	Inf	Thr	70.6	IPD:-49.40,isotype mismatch
scaffold00051	1	325263	325334	Gly	TCC	0	0	73.9	46.20	27.70	Inf	Gly	85.6	high confidence set
scaffold00051	2	515074	515146	Arg	CCG	0	0	56.1	39.20	16.90	Inf	Arg	77.3	high confidence set
scaffold00051	3	383589	383517	Arg	CCT	0	0	69.1	50.30	18.80	Inf	Arg	81.2	high confidence set
scaffold00052	1	454537	454465	Arg	CCG	0	0	65.5	47.30	18.20	Inf	Arg	91.7	high confidence set
scaffold00053	1	229280	229352	Glu	CTC	0	0	77.9	52.20	25.70	Inf	Glu	100.2	high confidence set
scaffold00053	2	712846	712776	Gly	GCC	0	0	66.5	44.80	21.70	Inf	Gly	94.4	high confidence set
scaffold00053	3	711293	711223	Gly	GCC	0	0	66.5	44.80	21.70	Inf	Gly	94.4	high confidence set
scaffold00054	1	363378	363462	Met	CAT	363416	363426	64.3	40.80	23.50	Inf	Met	104.0	high confidence set
scaffold00056	1	241179	241259	Leu	AAG	0	0	74.0	52.20	21.80	Inf	Leu	110.4	high confidence set
scaffold00056	2	619826	619755	Asp	GTC	0	0	69.8	46.80	23.00	Inf	Asp	95.8	high confidence set
scaffold00056	3	166224	166142	Leu	TAA	0	0	69.7	31.30	38.40	Inf	Leu	92.9	high confidence set
scaffold00057	1	546196	546124	Phe	GAA	0	0	76.1	54.40	21.70	Inf	Phe	115.3	high confidence set
scaffold00059	2	79970	79898	Arg	CCT	0	0	74.8	55.90	18.90	Inf	Arg	87.5	high confidence set
scaffold00061	1	512772	512844	Val	TAC	0	0	78.2	43.80	34.40	Inf	Val	106.2	high confidence set
scaffold00063	1	236490	236570	Leu	AAG	0	0	74.0	52.20	21.80	Inf	Leu	110.4	high confidence set
scaffold00064	1	577303	577231	Ala	AGC	0	0	63.4	38.20	25.20	Inf	Ala	98.3	high confidence set
scaffold00065	1	169281	169353	Arg	TCT	0	0	67.9	48.00	19.90	Inf	Arg	96.4	high confidence set
scaffold00065	3	631102	631031	Lys	TTT	0	0	92.3	68.60	23.70	Inf	Lys	97.5	high confidence set
scaffold00068	1	357993	357920	Thr	AGT	0	0	65.9	44.20	21.70	Inf	Thr	83.0	high confidence set
scaffold00070	1	415745	415816	iMet	CAT	0	0	58.3	28.10	30.20	Inf	iMet	118.7	high confidence set
scaffold00076	1	137208	137135	Ile	TAT	0	0	86.5	71.20	15.30	Inf	Ile	104.1	high confidence set
scaffold00077	1	460568	460641	Ile	AAT	0	0	79.3	55.80	23.50	Inf	Ile	104.3	high confidence set
scaffold00079	1	329273	329344	Gln	CTG	0	0	74.3	49.60	24.70	Inf	Gln	103.3	high confidence set
scaffold00083	1	222577	222647	Gly	GCC	0	0	66.5	44.80	21.70	Inf	Gly	94.4	high confidence set
scaffold00083	2	249656	249727	Asp	GTC	0	0	69.8	46.80	23.00	Inf	Asp	95.8	high confidence set
scaffold00083	3	249816	249887	Pro	AGG	0	0	67.4	34.70	32.70	Inf	Pro	112.3	high confidence set
scaffold00083	5	18730	18657	Val	CAC	0	0	82.4	54.40	28.00	Inf	Val	103.7	high confidence set
scaffold00084	1	415782	415711	Pro	TGG	0	0	68.5	35.70	32.80	Inf	Pro	111.2	high confidence set
scaffold00084	2	414645	414574	Pro	TGG	0	0	68.5	35.70	32.80	Inf	Pro	111.2	high confidence set
scaffold00084	3	413952	413881	Pro	TGG	0	0	68.5	35.70	32.80	Inf	Pro	111.2	high confidence set
scaffold00084	4	413360	413289	Pro	CGG	0	0	68.4	35.70	32.70	Inf	Pro	111.1	high confidence set
scaffold00084	5	412716	412645	Pro	TGG	0	0	61.9	36.00	25.90	Inf	Pro	101.9	high confidence set
scaffold00084	6	412275	412204	Pro	AGG	0	0	54.7	34.50	20.20	Inf	Pro	102.4	high confidence set
scaffold00084	7	411642	411571	Pro	TGG	0	0	68.5	35.70	32.80	Inf	Pro	111.2	high confidence set
scaffold00084	9	408938	408867	Pro	TGG	0	0	68.5	35.70	32.80	Inf	Pro	111.2	high confidence set
scaffold00084	10	408377	408306	Pro	AGG	0	0	67.4	34.70	32.70	Inf	Pro	112.3	high confidence set
scaffold00087	1	132168	132249	Ser	AGA	0	0	76.3	41.60	34.70	Inf	Ser	112.1	high confidence set
scaffold00087	2	138556	138486	Gly	CCC	0	0	66.3	29.50	36.80	Inf	Gly	89.7	high confidence set
scaffold00094	1	290813	290884	His	GTG	0	0	63.0	33.70	29.30	Inf	His	86.8	high confidence set
scaffold00096	1	408627	408703	Asn	GTT	0	0	62.4	47.00	15.40	Inf	Asn	70.9	trunc_start:3,high confidence set
scaffold00096	2	429218	429290	Arg	TCT	0	0	70.4	50.20	20.20	Inf	Arg	95.3	high confidence set
scaffold00098	1	178478	178550	Ala	AGC	0	0	63.4	38.20	25.20	Inf	Ala	98.3	high confidence set
scaffold00098	3	424518	424591	Ile	AAT	0	0	75.8	56.20	19.60	Inf	Ile	101.0	high confidence set
scaffold00099	1	132712	132784	Arg	ACG	0	0	71.7	49.10	22.60	Inf	Arg	91.4	high confidence set
scaffold00099	2	234885	234800	Met	CAT	234847	234836	64.2	40.80	23.40	Inf	Met	104.0	high confidence set
scaffold00103	1	74144	74215	Glu	TTC	0	0	73.4	48.90	24.50	Inf	Glu	102.8	high confidence set
scaffold00103	2	156935	157005	Gly	CCC	0	0	66.3	29.50	36.80	Inf	Gly	89.7	high confidence set
scaffold00106	1	437752	437681	Pro	TGG	0	0	69.2	36.90	32.30	Inf	Pro	112.8	high confidence set
scaffold00107	1	1142	1071	Lys	TTT	0	0	92.3	68.60	23.70	Inf	Lys	97.5	high confidence set
scaffold00109	1	366824	366752	Lys	CTT	0	0	87.7	67.60	20.10	Inf	Lys	106.7	high confidence set
scaffold00110	1	152494	152566	Lys	CTT	0	0	86.8	66.60	20.20	Inf	Lys	107.7	high confidence set
scaffold00111	1	207533	207460	Ile	AAT	0	0	81.8	58.30	23.50	Inf	Ile	106.8	high confidence set
scaffold00114	1	402977	402905	Arg	TCT	0	0	70.0	49.50	20.50	Inf	Arg	96.3	high confidence set
scaffold00121	1	155556	155629	Asn	GTT	0	0	84.5	59.40	25.10	Inf	Asn	95.9	high confidence set
scaffold00127	1	398061	398132	Ala	AGC	0	0	55.6	45.00	10.60	Inf	Ala	84.1	high confidence set
scaffold00141	1	93574	93490	Met	CAT	93536	93526	64.2	40.80	23.40	Inf	Met	104.0	high confidence set
scaffold00144	1	209396	209479	Leu	CAA	0	0	80.5	54.00	26.50	Inf	Leu	128.6	high confidence set
scaffold00145	1	331996	331916	Leu	AAG	0	0	73.5	53.40	20.10	Inf	Leu	107.4	high confidence set
scaffold00149	1	252266	252195	Asp	GTC	0	0	69.8	46.80	23.00	Inf	Asp	95.8	high confidence set
scaffold00151	1	86536	86607	Asp	GTC	0	0	69.8	46.80	23.00	Inf	Asp	98.0	high confidence set
scaffold00157	1	11897	11968	Thr	TGT	0	0	79.4	48.40	31.00	Inf	Thr	92.4	high confidence set
scaffold00157	2	230563	230635	Ala	AGC	0	0	55.4	40.10	15.30	Inf	Ala	90.9	high confidence set
scaffold00165	1	267171	267252	Ser	AGA	0	0	77.1	42.80	34.30	Inf	Ser	110.5	high confidence set
scaffold00167	1	43759	43832	Asn	GTT	0	0	84.5	59.40	25.10	Inf	Asn	95.9	high confidence set
scaffold00169	1	143113	143185	Glu	CTC	0	0	74.7	49.00	25.70	Inf	Glu	96.2	high confidence set
scaffold00171	1	266913	266984	Cys	GCA	0	0	79.6	60.40	19.20	Inf	Cys	104.1	high confidence set
scaffold00175	1	236004	236077	Ile	AAT	0	0	81.8	58.30	23.50	Inf	Ile	106.8	high confidence set
scaffold00180	1	241935	241862	Ile	AAT	0	0	79.3	55.80	23.50	Inf	Ile	104.3	high confidence set
scaffold00184	1	25192	25119	Ile	AAT	0	0	81.8	58.30	23.50	Inf	Ile	106.8	high confidence set
scaffold00185	1	215086	215014	Ala	TGC	0	0	60.2	43.60	16.60	Inf	Ala	94.1	high confidence set
scaffold00189	1	142573	142645	Lys	TTT	0	0	88.7	64.40	24.30	Inf	Lys	93.7	high confidence set
scaffold00190	1	265808	265737	Cys	GCA	0	0	82.1	59.90	22.20	Inf	Cys	106.6	high confidence set
scaffold00196	1	251067	251147	Leu	AAG	0	0	74.0	52.20	21.80	Inf	Leu	110.4	high confidence set
scaffold00197	1	30609	30681	Glu	CTC	0	0	79.9	54.20	25.70	Inf	Glu	102.7	high confidence set
scaffold00204	1	185820	185747	Thr	AGT	0	0	76.0	48.40	27.60	Inf	Thr	90.6	high confidence set
scaffold00207	1	112578	112508	Gly	GCC	0	0	66.5	44.80	21.70	Inf	Gly	94.4	high confidence set
scaffold00225	1	99387	99315	Glu	CTC	0	0	79.2	53.50	25.70	Inf	Glu	94.2	high confidence set
scaffold00228	1	189006	188926	Leu	CAG	0	0	69.5	46.80	22.70	Inf	Leu	109.7	high confidence set
scaffold00237	1	190954	190883	iMet	CAT	0	0	58.3	28.10	30.20	Inf	iMet	118.7	high confidence set
scaffold00248	1	138589	138516	Ile	AAT	0	0	81.8	58.30	23.50	Inf	Ile	106.8	high confidence set
scaffold00250	1	96610	96539	Gln	CTG	0	0	72.2	51.10	21.10	Inf	Gln	97.5	high confidence set
scaffold00266	1	204206	204276	Gly	GCC	0	0	62.5	40.70	21.80	Inf	Gly	86.5	high confidence set
scaffold00266	2	85321	85251	Gly	GCC	0	0	66.5	44.80	21.70	Inf	Gly	94.4	high confidence set
scaffold00269	1	126919	126991	Ala	TGC	0	0	69.1	43.30	25.80	Inf	Ala	101.9	high confidence set
scaffold00270	1	168734	168663	Pro	AGG	0	0	67.4	34.70	32.70	Inf	Pro	112.3	high confidence set
scaffold00282	1	196329	196400	Pro	AGG	0	0	67.4	34.70	32.70	Inf	Pro	112.3	high confidence set
scaffold00286	1	102472	102401	Lys	TTT	0	0	92.3	68.60	23.70	Inf	Lys	97.5	high confidence set
scaffold00293	1	16964	17035	Gln	TTG	0	0	74.2	54.70	19.50	Inf	Gln	105.6	high confidence set
scaffold00296	1	194679	194608	Thr	TGT	0	0	79.3	49.30	30.00	Inf	Thr	92.3	high confidence set
scaffold00307	1	77016	76944	Lys	CTT	0	0	87.7	67.60	20.10	Inf	Lys	106.7	high confidence set
scaffold00309	1	194042	194123	Ser	TGA	0	0	80.7	46.10	34.60	Inf	Ser	119.7	high confidence set
scaffold00321	1	180155	180084	Pro	TGG	0	0	68.5	35.70	32.80	Inf	Pro	111.2	high confidence set
scaffold00342	1	89660	89588	Ala	AGC	0	0	55.4	40.10	15.30	Inf	Ala	90.9	high confidence set
scaffold00344	1	63494	63565	Pro	AGG	0	0	67.4	34.70	32.70	Inf	Pro	112.3	high confidence set
scaffold00349	1	66144	66215	Cys	GCA	0	0	82.1	59.90	22.20	Inf	Cys	106.6	high confidence set
scaffold00356	1	56253	56172	Ser	GCT	0	0	79.0	43.10	35.90	Inf	Ser	108.6	high confidence set
scaffold00371	1	40952	41035	Leu	TAA	0	0	68.7	30.70	38.00	Inf	Leu	87.0	high confidence set
scaffold00371	2	141687	141606	Ser	GCT	0	0	80.5	45.20	35.30	Inf	Ser	109.5	high confidence set
scaffold00371	3	41559	41488	Gly	TCC	0	0	73.9	46.20	27.70	Inf	Gly	85.6	high confidence set
scaffold00396	1	156282	156355	Asn	GTT	0	0	81.1	58.40	22.70	Inf	Asn	93.7	high confidence set
scaffold00407	1	84982	85063	Ser	TGA	0	0	80.7	46.10	34.60	Inf	Ser	119.7	high confidence set
scaffold00408	1	102957	103029	Arg	ACG	0	0	71.7	49.10	22.60	Inf	Arg	91.4	high confidence set
scaffold00408	2	119089	119018	Glu	TTC	0	0	62.4	43.70	18.70	Inf	Glu	84.1	high confidence set
scaffold00420	1	100997	100926	Cys	GCA	0	0	78.8	59.70	19.10	Inf	Cys	103.4	high confidence set
scaffold00423	1	19216	19145	Pro	AGG	0	0	67.4	34.70	32.70	Inf	Pro	112.3	high confidence set
scaffold00444	1	115507	115586	Leu	TAG	0	0	69.5	48.50	21.00	Inf	Leu	111.5	high confidence set
scaffold00454	1	98491	98419	Lys	CTT	0	0	86.8	66.60	20.20	Inf	Lys	107.7	high confidence set
scaffold00473	1	95043	95116	Val	CAC	0	0	82.4	54.40	28.00	Inf	Val	100.3	high confidence set
scaffold00474	1	46646	46718	Arg	CCG	0	0	54.5	37.90	16.60	Inf	Pro	79.4	IPD:-61.20,isotype mismatch
scaffold00482	1	54627	54700	Asp	GTC	0	0	62.4	41.00	21.40	Inf	Asp	84.7	high confidence set
scaffold00489	1	109420	109491	His	GTG	0	0	58.5	35.10	23.40	Inf	His	81.3	high confidence set
scaffold00498	1	10777	10704	Arg	TCG	0	0	81.9	60.40	21.50	Inf	Arg	92.9	high confidence set
scaffold00500	1	73077	73005	Glu	CTC	0	0	79.6	53.80	25.80	Inf	Glu	103.3	high confidence set
scaffold00532	1	32068	31997	Trp	CCA	0	0	75.8	51.20	24.60	Inf	Trp	105.6	high confidence set
scaffold00538	1	57500	57429	iMet	CAT	0	0	58.3	28.10	30.20	Inf	iMet	118.7	high confidence set
scaffold00547	1	74429	74358	Thr	TGT	0	0	79.1	48.90	30.20	Inf	Thr	92.7	high confidence set
scaffold00623	1	45155	45238	Leu	CAA	0	0	79.5	54.50	25.00	Inf	Leu	126.8	high confidence set
scaffold00675	1	45208	45137	Cys	GCA	0	0	82.1	59.90	22.20	Inf	Cys	106.6	high confidence set
scaffold00730	1	22102	22174	Ala	AGC	0	0	63.4	38.20	25.20	Inf	Ala	98.3	high confidence set
scaffold00732	1	32656	32583	Val	AAC	0	0	72.9	48.60	24.30	Inf	Val	93.8	high confidence set
scaffold00951	1	39639	39711	Ala	CGC	0	0	68.3	44.10	24.20	Inf	Ala	99.2	high confidence set
scaffold01796	1	2248	2176	Ala	TGC	0	0	69.1	43.30	25.80	Inf	Ala	101.9	high confidence set
scaffold02956	1	575	647	Ala	TGC	0	0	69.1	43.30	25.80	Inf	Ala	101.9	high confidence set
scaffold03025	1	1426	1355	Cys	GCA	0	0	81.7	56.10	25.60	Inf	Cys	104.3	high confidence set
scaffold03458	1	1063	990	Val	CAC	0	0	82.4	54.40	28.00	Inf	Val	103.7	high confidence set
scaffold05233	1	2110	2180	Gly	GCC	0	0	66.5	44.80	21.70	Inf	Gly	94.4	high confidence set
scaffold05803	1	695	776	Ser	CGA	0	0	78.9	46.60	32.30	Inf	Ser	122.0	high confidence set
scaffold05970	1	2079	2009	Gly	GCC	0	0	66.5	44.80	21.70	Inf	Gly	94.4	high confidence set
scaffold06314	1	1495	1567	Glu	CTC	0	0	79.6	53.80	25.80	Inf	Glu	103.3	high confidence set
scaffold06423	1	616	544	Lys	CTT	0	0	86.8	66.60	20.20	Inf	Lys	107.7	high confidence set
scaffold06505	1	366	295	Gly	TCC	0	0	73.9	46.20	27.70	Inf	Gly	85.6	high confidence set
scaffold06951	1	2563	2483	Leu	CAG	0	0	69.5	46.80	22.70	Inf	Leu	109.7	high confidence set
scaffold07118	1	2862	2773	Tyr	GTA	2825	2809	69.8	38.30	31.50	Inf	Tyr	108.3	high confidence set
scaffold07199	1	409	480	Glu	TTC	0	0	72.0	47.50	24.50	Inf	Glu	101.6	high confidence set
scaffold07329	1	2911	2826	Met	CAT	2873	2862	66.8	40.30	26.50	Inf	Met	102.8	high confidence set
scaffold07418	1	2238	2167	Gln	CTG	0	0	74.3	49.60	24.70	Inf	Gln	103.3	high confidence set
scaffold08122	1	545	617	Ala	AGC	0	0	63.4	38.20	25.20	Inf	Ala	98.3	high confidence set
scaffold09677	1	1885	1958	Ile	AAT	0	0	81.8	58.30	23.50	Inf	Ile	106.8	high confidence set
scaffold09707	1	1047	976	Pro	AGG	0	0	67.4	34.70	32.70	Inf	Pro	112.3	high confidence set
scaffold10080	1	1116	1188	Arg	CCT	0	0	74.8	55.90	18.90	Inf	Arg	87.5	high confidence set
scaffold10293	1	1543	1615	Ala	AGC	0	0	63.4	38.20	25.20	Inf	Ala	98.3	high confidence set
scaffold10469	1	759	679	Leu	CAG	0	0	69.5	46.80	22.70	Inf	Leu	109.7	high confidence set
scaffold10553	1	2004	2075	Thr	TGT	0	0	81.4	58.50	22.90	Inf	Thr	92.5	high confidence set
scaffold10621	1	755	675	Leu	CAG	0	0	69.5	46.80	22.70	Inf	Leu	109.7	high confidence set
scaffold11123	1	1563	1481	Leu	TAA	0	0	70.7	33.10	37.60	Inf	Leu	93.7	high confidence set
scaffold11271	1	810	881	Pro	TGG	0	0	68.5	35.70	32.80	Inf	Pro	111.2	high confidence set
scaffold11271	2	1950	2021	Pro	TGG	0	0	68.5	35.70	32.80	Inf	Pro	111.2	high confidence set
scaffold11581	1	1883	1965	Leu	TAA	0	0	68.4	29.10	39.30	Inf	Leu	90.1	high confidence set
scaffold11632	1	801	891	Tyr	GTA	838	855	69.8	38.30	31.50	Inf	Tyr	108.3	high confidence set
scaffold11862	1	1292	1221	iMet	CAT	0	0	58.3	28.10	30.20	Inf	iMet	118.7	high confidence set
scaffold12517	1	1189	1117	Ala	TGC	0	0	69.1	43.30	25.80	Inf	Ala	101.9	high confidence set
scaffold12561	1	894	821	Ile	AAT	0	0	84.9	58.30	26.60	Inf	Ile	109.3	high confidence set
