EukHighConfidenceFilter v1.0 Summary
Completed Time: Tue Sep 20 00:25:14 2022

Inputs
------------------------------------------------------
tRNAscan-SE output file: Sparvula_574_v2.0_trnascan-se.output
tRNAscan-SE ss file: Sparvula_574_v2.0_trnascan-se.struct
Secondary filtering domain-specific model score cutoff: 50
Secondary filtering secondary structure score cutoff: 10
Secondary filtering isotype-specific model score cutoff: 70
Tertiary filtering isotype-specific model starting score cutoff: 70
Tertiary filtering maximum isotype-specific model score cutoff: 95
Remove filtered hits: Yes

Outputs
------------------------------------------------------
tRNAscan-SE output file: hi_conf_Sparvula/Sparvula_574_v2.0.out
tRNAscan-SE ss file: hi_conf_Sparvula/Sparvula_574_v2.0.ss
Summary file: hi_conf_Sparvula/Sparvula_574_v2.0.log

Summary statistics
------------------------------------------------------
Total tRNA predictions:                                612
Possible pseudogenes:                                  34
tRNAs with scores lower than secondary cutoffs:        49
tRNAs failed tertiary filter:                          0

tRNAs after filtering:                                 529

tRNAs with mismatched isotype:                         5
tRNAs with undetermined isotype:                       1
tRNAs with unexpected anticodon:                       1

High confidence set:                                   522

Isotype / Anticodon Counts After Filtering
------------------------------------------------------

Ala     : 37	  AGC: 18      GGC: 0       CGC: 7       TGC: 12    
Gly     : 45	  ACC: 0       GCC: 24      CCC: 7       TCC: 14    
Pro     : 43	  AGG: 17      GGG: 0       CGG: 6       TGG: 20    
Thr     : 22	  AGT: 10      GGT: 0       CGT: 4       TGT: 8     
Val     : 29	  AAC: 13      GAC: 0       CAC: 8       TAC: 8     
Ser     : 42	  AGA: 14      GGA: 1       CGA: 5       TGA: 9       ACT: 0       GCT: 13                              
Arg     : 32	  ACG: 9       GCG: 0       CCG: 5       TCG: 5                                 CCT: 7       TCT: 6     
Leu     : 41	  AAG: 11      GAG: 0       CAG: 5       TAG: 9                                 CAA: 11      TAA: 5     
Phe     : 18	  AAA: 0       GAA: 18                              
Asn     : 18	  ATT: 0       GTT: 18                              
Lys     : 30	                            CTT: 17      TTT: 13    
Asp     : 22	  ATC: 0       GTC: 22                              
Glu     : 27	                            CTC: 15      TTC: 12    
His     : 12	  ATG: 0       GTG: 12                              
Gln     : 17	                            CTG: 9       TTG: 8     
Ile     : 29	  AAT: 22      GAT: 0                    TAT: 7     
Met     : 22	                            CAT: 22                 
Tyr     : 18	  ATA: 0       GTA: 18                              
Supres  : 0	                            CTA: 0       TTA: 0     
Cys     : 15	  ACA: 0       GCA: 15                              
Trp     : 9	                            CCA: 9                  
SelCys  : 0	                                         TCA: 0     

