Sequence		tRNA    	Bounds  	tRNA	Anti	Intron Bounds	Inf	HMM	2'Str	Hit	Isotype	Isotype	      
Name    	tRNA#	Begin   	End     	Type	Codon	Begin	End	Score	Score	Score	Origin	CM	Score	Note
--------	------	-----   	------  	----	-----	-----	----	------	-----	-----	------	-------	-------	------
ch1-1	1	134913	134985	Lys	CTT	0	0	87.7	67.60	20.10	Inf	Lys	106.7	high confidence set
ch1-1	2	322189	322260	Gln	CTG	0	0	71.8	47.10	24.70	Inf	Gln	103.5	high confidence set
ch1-1	3	373653	373725	Ala	AGC	0	0	63.4	38.20	25.20	Inf	Ala	98.3	high confidence set
ch1-1	4	515772	515844	Phe	GAA	0	0	78.3	58.40	19.90	Inf	Phe	113.2	high confidence set
ch1-1	5	535575	535646	His	GTG	0	0	63.0	33.70	29.30	Inf	His	86.8	high confidence set
ch1-1	6	578197	578269	Lys	CTT	0	0	88.3	68.20	20.10	Inf	Lys	101.1	high confidence set
ch1-1	7	828080	828151	Gln	CTG	0	0	72.2	48.10	24.10	Inf	Gln	101.2	high confidence set
ch1-1	8	1073926	1073996	Gly	GCC	0	0	66.5	44.80	21.70	Inf	Gly	94.4	high confidence set
ch1-1	9	1235678	1235762	Met	CAT	1235716	1235726	64.2	40.80	23.40	Inf	Met	104.0	high confidence set
ch1-1	10	1686335	1686406	Thr	TGT	0	0	83.1	57.40	25.70	Inf	Thr	92.6	high confidence set
ch1-1	11	1865705	1865777	Ala	AGC	0	0	63.4	38.20	25.20	Inf	Ala	98.3	high confidence set
ch1-1	12	1925642	1925715	Asn	GTT	0	0	80.3	55.50	24.80	Inf	Ile	92.4	IPD:-2.50,isotype mismatch
ch1-1	13	2006761	2006834	Ile	TAT	0	0	85.9	70.60	15.30	Inf	Ile	103.9	high confidence set
ch1-1	14	2203335	2203406	His	GTG	0	0	63.0	33.70	29.30	Inf	His	86.8	high confidence set
ch1-1	15	2366972	2367043	Gly	TCC	0	0	74.1	46.70	27.40	Inf	Gly	84.2	high confidence set
ch1-1	16	2533413	2533485	Arg	CCG	0	0	67.0	47.10	19.90	Inf	Arg	89.0	high confidence set
ch1-1	17	2646295	2646366	Pro	AGG	0	0	67.4	34.70	32.70	Inf	Pro	112.3	high confidence set
ch1-1	19	3434795	3434879	Met	CAT	3434833	3434843	64.2	40.80	23.40	Inf	Met	104.0	high confidence set
ch1-1	20	3598678	3598757	Leu	TAG	0	0	69.5	48.50	21.00	Inf	Leu	111.5	high confidence set
ch1-1	21	4122170	4122242	Arg	ACG	0	0	72.9	50.30	22.60	Inf	Arg	88.9	high confidence set
ch1-1	22	5104417	5104497	Leu	CAG	0	0	62.4	41.50	20.90	Inf	Leu	102.9	high confidence set
ch1-1	23	5603793	5603874	Ser	AGA	0	0	77.8	43.40	34.40	Inf	Ser	110.9	high confidence set
ch1-1	25	5858157	5858228	Asp	GTC	0	0	55.9	32.90	23.00	Inf	Asp	80.3	high confidence set
ch1-1	26	6021051	6021131	Leu	CAG	0	0	68.4	45.70	22.70	Inf	Leu	107.6	high confidence set
ch1-1	27	6396088	6396160	Glu	CTC	0	0	76.9	51.10	25.80	Inf	Glu	90.4	high confidence set
ch1-1	28	6484619	6484690	Asp	GTC	0	0	57.2	34.60	22.60	Inf	Asp	80.6	high confidence set
ch1-1	29	6492980	6493052	Lys	CTT	0	0	87.7	67.60	20.10	Inf	Lys	106.7	high confidence set
ch1-1	30	6539991	6540062	Pro	TGG	0	0	69.2	36.90	32.30	Inf	Pro	112.8	high confidence set
ch1-1	32	8342365	8342447	Leu	TAA	0	0	72.9	35.60	37.30	Inf	Leu	100.3	high confidence set
ch1-1	33	8852869	8852940	Gln	TTG	0	0	73.5	53.70	19.80	Inf	Gln	104.8	high confidence set
ch1-1	35	9293910	9293981	Pro	TGG	0	0	68.5	35.70	32.80	Inf	Pro	111.2	high confidence set
ch1-1	36	9294898	9294969	Pro	TGG	0	0	68.5	35.70	32.80	Inf	Pro	111.2	high confidence set
ch1-1	37	9295917	9295988	Pro	AGG	0	0	67.4	34.70	32.70	Inf	Pro	112.3	high confidence set
ch1-1	39	9298735	9298806	Pro	TGG	0	0	55.8	31.00	24.80	Inf	Pro	94.1	high confidence set
ch1-1	40	9299596	9299667	Pro	TGG	0	0	68.5	35.70	32.80	Inf	Pro	111.2	high confidence set
ch1-1	41	9300012	9300083	Pro	TGG	0	0	68.5	35.70	32.80	Inf	Pro	111.2	high confidence set
ch1-1	42	9300496	9300567	Pro	TGG	0	0	68.5	35.70	32.80	Inf	Pro	111.2	high confidence set
ch1-1	43	9406371	9406443	Glu	CTC	0	0	66.6	42.90	23.70	Inf	Glu	82.6	high confidence set
ch1-1	45	9941160	9941232	Glu	CTC	0	0	71.6	50.50	21.10	Inf	Glu	87.5	high confidence set
ch1-1	46	10225743	10225826	Leu	CAA	0	0	72.0	48.40	23.60	Inf	Leu	118.9	high confidence set
ch1-1	47	10939543	10939630	Met	CAT	10939581	10939594	64.1	40.70	23.40	Inf	Met	104.0	high confidence set
ch1-1	49	11770350	11770278	Val	TAC	0	0	74.4	44.00	30.40	Inf	Val	103.3	high confidence set
ch1-1	51	10372181	10372111	Gly	GCC	0	0	57.8	42.60	15.20	Inf	Gly	85.0	high confidence set
ch1-1	52	10171208	10171135	Val	AAC	0	0	72.5	48.10	24.40	Inf	Val	100.2	high confidence set
ch1-1	53	10170819	10170746	Val	AAC	0	0	72.5	48.10	24.40	Inf	Val	100.2	high confidence set
ch1-1	54	8201190	8201117	Asn	GTT	0	0	83.3	58.10	25.20	Inf	Asn	93.9	high confidence set
ch1-1	55	8190914	8190842	Ala	TGC	0	0	70.0	45.30	24.70	Inf	Ala	100.6	high confidence set
ch1-1	56	8190309	8190237	Ala	TGC	0	0	60.6	35.90	24.70	Inf	Ala	86.2	high confidence set
ch1-1	57	7861460	7861387	Val	AAC	0	0	72.5	48.10	24.40	Inf	Val	100.2	high confidence set
ch1-1	58	7272050	7271966	Met	CAT	7272012	7272002	64.2	40.80	23.40	Inf	Met	104.0	high confidence set
ch1-1	59	7054508	7054437	Gln	TTG	0	0	73.5	53.70	19.80	Inf	Gln	104.8	high confidence set
ch1-1	60	6890732	6890661	Gln	TTG	0	0	65.4	52.10	13.30	Inf	Gln	95.7	high confidence set
ch1-1	61	6678364	6678293	Trp	CCA	0	0	75.8	51.20	24.60	Inf	Trp	105.6	high confidence set
ch1-1	62	6612682	6612599	Tyr	GTA	6612645	6612635	74.3	42.60	31.70	Inf	Tyr	108.6	high confidence set
ch1-1	63	6474770	6474699	Glu	TTC	0	0	69.9	45.30	24.60	Inf	Glu	99.4	high confidence set
ch1-1	64	6424094	6424011	Leu	CAA	0	0	79.5	54.50	25.00	Inf	Leu	126.8	high confidence set
ch1-1	65	6418124	6418052	Glu	CTC	0	0	76.3	50.40	25.90	Inf	Glu	91.1	high confidence set
ch1-1	66	5633882	5633809	Val	AAC	0	0	62.8	38.40	24.40	Inf	Val	91.7	high confidence set
ch1-1	67	5229040	5228968	Arg	CCG	0	0	69.5	52.30	17.20	Inf	Arg	96.0	high confidence set
ch1-1	69	4958927	4958856	Trp	CCA	0	0	75.8	51.20	24.60	Inf	Trp	105.6	high confidence set
ch1-1	70	4377270	4377199	Thr	CGT	0	0	82.3	55.00	27.30	Inf	Thr	83.7	high confidence set
ch1-1	71	4348040	4347968	Ala	TGC	0	0	70.0	45.30	24.70	Inf	Ala	100.6	high confidence set
ch1-1	72	4195709	4195636	Ile	AAT	0	0	85.5	59.00	26.50	Inf	Ile	109.4	high confidence set
ch1-1	73	3988397	3988326	Gly	TCC	0	0	74.1	46.70	27.40	Inf	Gly	84.2	high confidence set
ch1-1	74	3960686	3960613	Val	AAC	0	0	72.5	48.10	24.40	Inf	Val	100.2	high confidence set
ch1-1	75	3437044	3436971	Arg	TCG	0	0	81.9	60.40	21.50	Inf	Arg	92.9	high confidence set
ch1-1	76	3193493	3193422	Pro	AGG	0	0	67.4	34.70	32.70	Inf	Pro	112.3	high confidence set
ch1-1	77	3089958	3089877	Ser	AGA	0	0	77.0	42.20	34.80	Inf	Ser	112.5	high confidence set
ch1-1	78	2619316	2619244	Ala	TGC	0	0	69.1	43.70	25.40	Inf	Ala	100.1	high confidence set
ch1-1	79	1988222	1988152	Gly	GCC	0	0	66.5	44.80	21.70	Inf	Gly	94.4	high confidence set
ch1-1	80	1945069	1944999	Gly	GCC	0	0	56.8	35.00	21.80	Inf	Gly	82.4	high confidence set
ch1-1	81	1941523	1941453	Gly	GCC	0	0	66.5	44.80	21.70	Inf	Gly	94.4	high confidence set
ch1-1	82	1937987	1937915	Arg	CCT	0	0	74.8	55.90	18.90	Inf	Arg	84.6	high confidence set
ch1-1	84	1483099	1483026	Asn	GTT	0	0	83.7	58.60	25.10	Inf	Asn	90.4	high confidence set
ch1-1	85	1460044	1459972	Phe	GAA	0	0	78.3	58.40	19.90	Inf	Phe	113.2	high confidence set
ch1-1	86	843216	843144	Phe	GAA	0	0	78.3	58.40	19.90	Inf	Phe	113.2	high confidence set
ch1-2	1	1775251	1775322	Pro	TGG	0	0	68.5	35.70	32.80	Inf	Pro	111.2	high confidence set
ch1-2	2	1777599	1777670	Pro	AGG	0	0	59.5	33.20	26.30	Inf	Pro	101.7	high confidence set
ch1-2	3	1790688	1790759	Pro	AGG	0	0	67.4	34.70	32.70	Inf	Pro	112.3	high confidence set
ch1-2	5	2924140	2924224	Tyr	GTA	2924177	2924188	74.2	42.50	31.70	Inf	Tyr	108.6	high confidence set
ch1-2	6	3225189	3225268	Leu	TAG	0	0	69.5	48.50	21.00	Inf	Leu	111.5	high confidence set
ch1-2	7	3242811	3242890	Leu	TAG	0	0	69.5	48.50	21.00	Inf	Leu	111.5	high confidence set
ch1-2	8	3985069	3985142	Asn	GTT	0	0	85.4	62.40	23.00	Inf	Ile	96.6	IPD:-1.80,isotype mismatch
ch1-2	9	4416046	4416119	Ile	TAT	0	0	78.1	65.10	13.00	Inf	Ile	95.9	high confidence set
ch1-2	11	5047281	5047362	Ser	TGA	0	0	80.7	46.10	34.60	Inf	Ser	119.7	high confidence set
ch1-2	12	4490434	4490363	Cys	GCA	0	0	65.5	41.20	24.30	Inf	Cys	85.6	high confidence set
ch1-2	13	4490252	4490181	Cys	GCA	0	0	80.2	52.90	27.30	Inf	Cys	101.1	high confidence set
ch1-2	14	4258769	4258684	Tyr	GTA	4258732	4258720	74.2	42.50	31.70	Inf	Tyr	108.6	high confidence set
ch1-2	15	3011285	3011213	Arg	CCT	0	0	74.8	55.90	18.90	Inf	Arg	84.6	high confidence set
ch1-2	16	2855849	2855776	Thr	AGT	0	0	70.2	46.10	24.10	Inf	Thr	83.6	high confidence set
ch1-2	17	2762970	2762899	Asp	GTC	0	0	69.8	46.80	23.00	Inf	Asp	94.5	high confidence set
ch2-1	1	376862	376933	Thr	TGT	0	0	84.3	58.00	26.30	Inf	Thr	93.3	high confidence set
ch2-1	2	486847	486918	Cys	GCA	0	0	81.7	59.20	22.50	Inf	Cys	104.2	high confidence set
ch2-1	3	234620	234537	Leu	CAA	0	0	79.5	54.50	25.00	Inf	Leu	126.8	high confidence set
ch2-1	5	119636	119564	Ala	CGC	0	0	68.3	44.10	24.20	Inf	Ala	99.2	high confidence set
ch2-2	1	539025	539098	Arg	TCG	0	0	83.3	64.00	19.30	Inf	Arg	93.6	high confidence set
ch2-2	2	719381	719451	Gly	GCC	0	0	66.5	44.80	21.70	Inf	Gly	94.4	high confidence set
ch2-2	4	1198737	1198808	Pro	AGG	0	0	67.4	34.70	32.70	Inf	Pro	112.3	high confidence set
ch2-2	5	1434737	1434818	Ser	AGA	0	0	77.0	42.20	34.80	Inf	Ser	112.5	high confidence set
ch2-2	6	2087521	2087608	Tyr	GTA	2087558	2087572	64.9	37.40	27.50	Inf	Tyr	104.0	high confidence set
ch2-2	8	2089242	2089323	Ser	AGA	0	0	77.0	42.20	34.80	Inf	Ser	112.5	high confidence set
ch2-2	9	2089759	2089840	Ser	AGA	0	0	72.9	38.10	34.80	Inf	Ser	108.1	high confidence set
ch2-2	10	2111084	2111157	Ile	TAT	0	0	85.9	70.60	15.30	Inf	Ile	103.9	high confidence set
ch2-2	11	1133594	1133524	Gly	GCC	0	0	66.5	44.80	21.70	Inf	Gly	94.4	high confidence set
ch2-2	12	1067256	1067186	Gly	GCC	0	0	66.5	44.80	21.70	Inf	Gly	94.4	high confidence set
ch2-2	13	959603	959533	Gly	GCC	0	0	66.5	44.80	21.70	Inf	Gly	94.4	high confidence set
ch2-2	14	653739	653669	Gly	GCC	0	0	66.5	44.80	21.70	Inf	Gly	94.4	high confidence set
ch2-2	15	239911	239830	Ser	TGA	0	0	79.2	43.90	35.30	Inf	Ser	118.5	high confidence set
ch2-2	16	238283	238202	Ser	TGA	0	0	79.2	43.90	35.30	Inf	Ser	118.5	high confidence set
ch2-4	1	1453377	1453450	Thr	AGT	0	0	73.6	45.20	28.40	Inf	Thr	88.6	high confidence set
ch2-4	2	1944854	1944925	Gly	TCC	0	0	67.9	43.50	24.40	Inf	Gly	71.0	high confidence set
ch2-4	3	2182958	2183037	Leu	TAG	0	0	69.5	48.50	21.00	Inf	Leu	111.5	high confidence set
ch2-4	4	2277820	2277891	Cys	GCA	0	0	81.7	56.10	25.60	Inf	Cys	104.3	high confidence set
ch2-4	5	2714863	2714936	Asn	GTT	0	0	73.8	57.00	16.80	Inf	Asn	80.6	high confidence set
ch2-4	6	3233106	3233178	Ala	AGC	0	0	63.4	38.20	25.20	Inf	Ala	98.3	high confidence set
ch2-4	7	3233250	3233322	Ala	AGC	0	0	63.4	38.20	25.20	Inf	Ala	98.3	high confidence set
ch2-4	8	3508617	3508689	Val	TAC	0	0	66.1	35.70	30.40	Inf	Val	95.5	high confidence set
ch2-4	10	4363195	4363266	Pro	TGG	0	0	68.5	35.70	32.80	Inf	Pro	111.2	high confidence set
ch2-4	11	4365029	4365100	Pro	TGG	0	0	69.2	36.90	32.30	Inf	Pro	112.8	high confidence set
ch2-4	12	4531277	4531349	Ala	AGC	0	0	63.4	38.20	25.20	Inf	Ala	98.3	high confidence set
ch2-4	13	4699597	4699668	Pro	AGG	0	0	67.4	34.70	32.70	Inf	Pro	112.3	high confidence set
ch2-4	14	4855568	4855640	Lys	CTT	0	0	87.7	67.60	20.10	Inf	Lys	106.7	high confidence set
ch2-4	15	5108492	5108563	Lys	TTT	0	0	83.8	71.00	12.80	Inf	Lys	83.9	high confidence set
ch2-4	16	5223177	5223262	Met	CAT	5223215	5223226	64.2	40.80	23.40	Inf	Met	104.0	high confidence set
ch2-4	17	5421044	5421115	His	GTG	0	0	63.0	33.70	29.30	Inf	His	87.1	high confidence set
ch2-4	18	6244690	6244762	Phe	GAA	0	0	78.3	58.40	19.90	Inf	Phe	113.2	high confidence set
ch2-4	19	7226957	7227029	Ala	CGC	0	0	67.5	42.90	24.60	Inf	Ala	99.2	high confidence set
ch2-4	20	7229951	7230022	Thr	CGT	0	0	82.3	55.00	27.30	Inf	Thr	83.7	high confidence set
ch2-4	21	7387220	7387292	Ala	AGC	0	0	63.4	38.20	25.20	Inf	Ala	98.3	high confidence set
ch2-4	22	8014510	8014581	Thr	TGT	0	0	76.7	52.20	24.50	Inf	Thr	85.1	high confidence set
ch2-4	23	8465275	8465348	Val	AAC	0	0	73.9	43.40	30.50	Inf	Val	100.7	high confidence set
ch2-4	24	8599900	8599980	Leu	AAG	0	0	71.4	51.10	20.30	Inf	Leu	108.5	high confidence set
ch2-4	25	8654911	8654983	Arg	ACG	0	0	73.2	50.90	22.30	Inf	Arg	91.4	high confidence set
ch2-4	26	8874852	8874924	Arg	CCT	0	0	72.3	51.10	21.20	Inf	Arg	81.9	high confidence set
ch2-4	27	9317925	9317995	Gly	GCC	0	0	66.5	44.80	21.70	Inf	Gly	94.4	high confidence set
ch2-4	28	9348114	9348185	Glu	TTC	0	0	70.8	46.30	24.50	Inf	Glu	99.2	high confidence set
ch2-4	29	9440853	9440926	Asn	GTT	0	0	83.6	58.80	24.80	Inf	Asn	96.8	high confidence set
ch2-4	30	9424003	9423930	Ile	AAT	0	0	85.5	59.00	26.50	Inf	Ile	109.4	high confidence set
ch2-4	31	9090850	9090779	iMet	CAT	0	0	58.3	28.10	30.20	Inf	iMet	118.7	high confidence set
ch2-4	32	8896363	8896290	Asn	GTT	0	0	83.3	58.10	25.20	Inf	Asn	93.9	high confidence set
ch2-4	33	8831899	8831818	Ser	GCT	0	0	79.9	45.00	34.90	Inf	Ser	109.4	high confidence set
ch2-4	34	8773768	8773683	Met	CAT	8773730	8773719	64.2	40.80	23.40	Inf	Met	104.0	high confidence set
ch2-4	35	8753614	8753530	Met	CAT	8753576	8753566	64.2	40.80	23.40	Inf	Met	104.0	high confidence set
ch2-4	36	8552465	8552394	His	GTG	0	0	63.0	33.70	29.30	Inf	His	87.1	high confidence set
ch2-4	37	6920130	6920059	Gln	TTG	0	0	73.5	53.70	19.80	Inf	Gln	104.8	high confidence set
ch2-4	38	6278363	6278280	Leu	CAA	0	0	78.5	55.10	23.40	Inf	Leu	119.0	high confidence set
ch2-4	39	5849471	5849400	Glu	TTC	0	0	61.2	39.30	21.90	Inf	Glu	92.2	high confidence set
ch2-4	40	5180253	5180182	Lys	TTT	0	0	83.8	71.00	12.80	Inf	Lys	83.9	high confidence set
ch2-4	41	4537239	4537167	Ala	AGC	0	0	63.4	38.20	25.20	Inf	Ala	98.3	high confidence set
ch2-4	42	4195542	4195469	Val	AAC	0	0	72.5	48.10	24.40	Inf	Val	100.2	high confidence set
ch2-4	43	4105492	4105412	Leu	AAG	0	0	69.9	49.30	20.60	Inf	Leu	105.0	high confidence set
ch2-4	44	3667856	3667783	Ile	AAT	0	0	77.3	57.80	19.50	Inf	Ile	99.5	high confidence set
ch2-4	46	3468337	3468266	Thr	CGT	0	0	78.9	54.70	24.20	Inf	Thr	87.3	high confidence set
ch2-4	47	3437927	3437855	Ala	TGC	0	0	70.0	45.30	24.70	Inf	Ala	100.6	high confidence set
ch2-4	48	3296170	3296098	Ala	AGC	0	0	63.4	38.20	25.20	Inf	Ala	98.3	high confidence set
ch2-4	49	3296024	3295952	Ala	AGC	0	0	63.4	38.20	25.20	Inf	Ala	98.3	high confidence set
ch2-4	50	2099835	2099764	Pro	TGG	0	0	69.2	36.90	32.30	Inf	Pro	112.8	high confidence set
ch2-4	51	1937374	1937303	Glu	TTC	0	0	69.9	45.30	24.60	Inf	Glu	99.4	high confidence set
ch2-4	52	1504596	1504525	Lys	TTT	0	0	83.8	71.00	12.80	Inf	Lys	83.9	high confidence set
ch2-4	53	1310735	1310663	Val	TAC	0	0	74.4	44.00	30.40	Inf	Val	103.3	high confidence set
ch2-4	54	1165867	1165794	Asn	GTT	0	0	73.6	53.30	20.30	Inf	Asn	82.4	high confidence set
ch2-4	55	837008	836938	Gly	GCC	0	0	66.5	44.80	21.70	Inf	Gly	94.4	high confidence set
ch2-4	56	815905	815833	Ala	AGC	0	0	63.4	38.20	25.20	Inf	Ala	98.3	high confidence set
ch2-4	57	811389	811317	Ala	AGC	0	0	56.2	35.00	21.20	Inf	Ala	92.0	high confidence set
ch2-4	58	261387	261316	Glu	TTC	0	0	60.3	37.70	22.60	Inf	Glu	90.9	high confidence set
ch3-1	1	454791	454862	Asp	GTC	0	0	69.8	46.80	23.00	Inf	Asp	94.5	high confidence set
ch3-1	2	545442	545523	Ser	AGA	0	0	72.0	44.50	27.50	Inf	Ser	100.6	high confidence set
ch3-1	3	1093818	1093890	Arg	CCG	0	0	66.7	50.30	16.40	Inf	Arg	89.5	high confidence set
ch3-1	4	1561244	1561317	Ile	TAT	0	0	85.9	70.60	15.30	Inf	Ile	103.9	high confidence set
ch3-1	5	2025299	2025371	Val	TAC	0	0	74.4	44.00	30.40	Inf	Val	103.3	high confidence set
ch3-1	6	2086560	2086631	Lys	TTT	0	0	83.8	71.00	12.80	Inf	Lys	83.9	high confidence set
ch3-1	7	2183282	2183354	Lys	CTT	0	0	87.7	67.60	20.10	Inf	Lys	106.7	high confidence set
ch3-1	8	2672670	2672751	Ser	CGA	0	0	77.5	44.40	33.10	Inf	Ser	120.8	high confidence set
ch3-1	9	2799572	2799654	Leu	TAA	0	0	67.5	30.20	37.30	Inf	Leu	94.2	high confidence set
ch3-1	10	3223608	3223680	Arg	CCT	0	0	74.8	55.90	18.90	Inf	Arg	87.5	high confidence set
ch3-1	11	3242801	3242872	Asp	GTC	0	0	69.8	46.80	23.00	Inf	Asp	94.5	high confidence set
ch3-1	12	3247670	3247743	Val	CAC	0	0	81.5	53.50	28.00	Inf	Val	103.7	high confidence set
ch3-1	13	3891469	3891549	Leu	AAG	0	0	60.9	40.70	20.20	Inf	Leu	96.5	high confidence set
ch3-1	14	3944858	3944929	Asp	GTC	0	0	69.8	46.80	23.00	Inf	Asp	94.5	high confidence set
ch3-1	16	4567094	4567165	Cys	GCA	0	0	71.6	54.50	17.10	Inf	Cys	93.1	high confidence set
ch3-1	17	4745614	4745686	Undet	NNN	0	0	72.9	61.40	11.50	Inf	Lys	71.0	undetermined isotype
ch3-1	18	4853029	4853101	Phe	GAA	0	0	78.3	58.40	19.90	Inf	Phe	113.2	high confidence set
ch3-1	19	5201762	5201834	Lys	CTT	0	0	87.7	67.60	20.10	Inf	Lys	106.7	high confidence set
ch3-1	20	6016288	6016372	Tyr	GTA	6016325	6016336	61.6	38.50	23.10	Inf	Tyr	73.5	high confidence set
ch3-1	22	6307625	6307704	Leu	TAG	0	0	69.5	48.50	21.00	Inf	Leu	111.5	high confidence set
ch3-1	23	7415768	7415849	Ser	GCT	0	0	80.5	45.20	35.30	Inf	Ser	109.5	high confidence set
ch3-1	24	7006566	7006495	Pro	AGG	0	0	67.4	34.70	32.70	Inf	Pro	112.3	high confidence set
ch3-1	25	6762205	6762124	Ser	GCT	0	0	80.7	46.60	34.10	Inf	Ser	108.4	high confidence set
ch3-1	27	5961486	5961413	Thr	AGT	0	0	76.0	48.40	27.60	Inf	Thr	90.6	high confidence set
ch3-1	28	4641567	4641494	Ile	TAT	0	0	85.9	70.60	15.30	Inf	Ile	103.9	high confidence set
ch3-1	29	4156760	4156689	Trp	CCA	0	0	62.3	49.80	12.50	Inf	Trp	89.6	high confidence set
ch3-1	30	3644642	3644570	Arg	CCG	0	0	83.1	61.00	22.10	Inf	Arg	85.6	high confidence set
ch3-1	31	3432499	3432427	Arg	CCT	0	0	74.8	55.90	18.90	Inf	Arg	84.6	high confidence set
ch3-1	32	3296360	3296289	Pro	CGG	0	0	68.2	35.30	32.90	Inf	Pro	113.0	high confidence set
ch3-1	33	2929794	2929705	Tyr	GTA	2929757	2929741	74.0	42.30	31.70	Inf	Tyr	108.6	high confidence set
ch3-1	34	2761830	2761758	Phe	GAA	0	0	78.3	58.40	19.90	Inf	Phe	113.2	high confidence set
ch3-1	35	2673803	2673722	Ser	TGA	0	0	80.7	46.10	34.60	Inf	Ser	119.7	high confidence set
ch3-1	36	2646305	2646232	Arg	TCG	0	0	82.3	61.00	21.30	Inf	Arg	91.9	high confidence set
ch3-1	37	2559778	2559706	Glu	CTC	0	0	66.6	42.90	23.70	Inf	Glu	82.6	high confidence set
ch3-1	38	2055563	2055482	Ser	TGA	0	0	79.2	43.90	35.30	Inf	Ser	118.5	high confidence set
ch3-1	39	2034744	2034659	Met	CAT	2034706	2034695	64.2	40.80	23.40	Inf	Met	104.0	high confidence set
ch3-1	40	1919029	1918958	His	GTG	0	0	63.0	33.70	29.30	Inf	His	86.8	high confidence set
ch3-1	41	1745466	1745395	Pro	TGG	0	0	68.5	35.70	32.80	Inf	Pro	111.2	high confidence set
ch3-1	42	1682119	1682049	Gly	GCC	0	0	66.5	44.80	21.70	Inf	Gly	94.4	high confidence set
ch3-1	43	1545523	1545452	Pro	CGG	0	0	69.2	36.90	32.30	Inf	Pro	112.8	high confidence set
ch3-1	44	1448128	1448057	Glu	TTC	0	0	70.8	46.30	24.50	Inf	Glu	99.2	high confidence set
ch3-1	45	100398	100327	Pro	AGG	0	0	67.4	34.70	32.70	Inf	Pro	112.3	high confidence set
ch3-2	1	449069	448989	Leu	AAG	0	0	71.4	51.10	20.30	Inf	Leu	108.5	high confidence set
ch3-4	4	144184	144258	Pro	TGG	0	0	62.8	32.80	30.00	Inf	Trp	73.3	IPD:-42.40,isotype mismatch
ch3-4	13	100781	100699	Tyr	GTA	0	0	63.5	45.20	18.30	Inf	Leu	71.2	IPD:-4.50,isotype mismatch
ch3-4	14	82378	82306	Lys	TTT	0	0	80.3	61.50	18.80	Inf	Lys	78.3	high confidence set
ch3-4	17	62250	62164	Ser	GGA	0	0	61.6	35.50	26.10	Inf	Ser	87.5	unexpected anticodon
ch3-5	1	2483914	2483985	Gln	CTG	0	0	71.1	46.00	25.10	Inf	Gln	100.8	high confidence set
ch3-5	2	2685412	2685341	Lys	TTT	0	0	83.8	71.00	12.80	Inf	Lys	83.9	high confidence set
ch3-5	3	2620144	2620072	Glu	CTC	0	0	60.6	47.30	13.30	Inf	Glu	71.7	high confidence set
ch3-5	4	2395648	2395562	Tyr	GTA	2395611	2395598	74.2	42.50	31.70	Inf	Tyr	108.6	high confidence set
ch3-6	1	340329	340402	Ile	AAT	0	0	83.2	54.90	28.30	Inf	Ile	107.2	high confidence set
ch3-6	2	342427	342500	Ile	AAT	0	0	83.2	54.90	28.30	Inf	Ile	107.2	high confidence set
ch3-6	4	1243187	1243106	Ser	GCT	0	0	80.5	45.20	35.30	Inf	Ser	109.5	high confidence set
ch3-6	5	773822	773750	Phe	GAA	0	0	78.3	58.40	19.90	Inf	Phe	113.2	high confidence set
ch3-6	7	490037	489966	His	GTG	0	0	63.0	33.70	29.30	Inf	His	86.8	high confidence set
ch4-1	1	150686	150757	Pro	CGG	0	0	68.2	35.30	32.90	Inf	Pro	113.0	high confidence set
ch4-1	2	315608	315679	His	GTG	0	0	63.0	33.70	29.30	Inf	His	87.1	high confidence set
ch4-1	3	418766	418839	Val	CAC	0	0	81.5	53.50	28.00	Inf	Val	103.7	high confidence set
ch4-1	4	538872	538945	Ile	AAT	0	0	86.4	57.90	28.50	Inf	Ile	108.4	high confidence set
ch4-1	5	540963	541036	Ile	AAT	0	0	83.0	54.40	28.60	Inf	Ile	104.3	high confidence set
ch4-1	6	658768	658840	Ala	CGC	0	0	68.3	44.10	24.20	Inf	Ala	99.2	high confidence set
ch4-1	10	937357	937286	iMet	CAT	0	0	58.3	28.10	30.20	Inf	iMet	118.7	high confidence set
ch4-1	11	537104	537020	Met	CAT	537066	537056	64.2	40.80	23.40	Inf	Met	104.0	high confidence set
ch4-1	12	535618	535534	Met	CAT	535580	535570	64.2	40.80	23.40	Inf	Met	104.0	high confidence set
ch4-1	13	501452	501380	Arg	ACG	0	0	72.9	50.30	22.60	Inf	Arg	88.9	high confidence set
ch4-1	14	484623	484550	Ile	AAT	0	0	85.5	59.00	26.50	Inf	Ile	109.4	high confidence set
ch4-1	15	296729	296658	Gln	CTG	0	0	71.6	46.60	25.00	Inf	Gln	98.9	high confidence set
ch4-1	16	287815	287735	Leu	AAG	0	0	71.4	51.10	20.30	Inf	Leu	108.5	high confidence set
ch4-1	17	249895	249812	Tyr	GTA	249858	249848	68.0	43.60	24.40	Inf	Tyr	101.9	high confidence set
ch4-2	1	629788	629860	Arg	ACG	0	0	66.9	44.40	22.50	Inf	Arg	87.6	high confidence set
ch4-2	3	2633592	2633665	Asn	GTT	0	0	78.9	56.50	22.40	Inf	Asn	87.7	high confidence set
ch4-2	4	2315672	2315592	Leu	AAG	0	0	71.4	51.10	20.30	Inf	Leu	108.5	high confidence set
ch4-2	5	206970	206899	iMet	CAT	0	0	58.3	28.10	30.20	Inf	iMet	118.7	high confidence set
ch4-6	1	1040343	1040414	Cys	GCA	0	0	80.8	53.70	27.10	Inf	Cys	103.2	high confidence set
ch4-6	2	1045784	1045855	His	GTG	0	0	63.0	33.70	29.30	Inf	His	86.8	high confidence set
ch4-6	3	1605574	1605644	Gly	GCC	0	0	66.5	44.80	21.70	Inf	Gly	94.4	high confidence set
ch4-6	4	1608997	1609067	Gly	GCC	0	0	66.5	44.80	21.70	Inf	Gly	94.4	high confidence set
ch4-6	6	2328957	2329030	Asn	GTT	0	0	83.3	58.10	25.20	Inf	Asn	93.9	high confidence set
ch4-6	7	2918108	2918179	Asp	GTC	0	0	69.8	46.80	23.00	Inf	Asp	94.5	high confidence set
ch4-6	8	2985530	2985601	Lys	TTT	0	0	83.8	71.00	12.80	Inf	Lys	83.9	high confidence set
ch4-6	9	3029094	3029165	Pro	AGG	0	0	67.4	34.70	32.70	Inf	Pro	112.3	high confidence set
ch4-6	10	3032587	3032658	Pro	TGG	0	0	54.8	27.30	27.50	Inf	Pro	98.0	high confidence set
ch4-6	11	3033043	3033114	Pro	TGG	0	0	68.5	35.70	32.80	Inf	Pro	111.2	high confidence set
ch4-6	12	3033878	3033949	Pro	TGG	0	0	68.5	35.70	32.80	Inf	Pro	111.2	high confidence set
ch4-6	14	3413014	3413097	Leu	CAA	0	0	79.5	54.50	25.00	Inf	Leu	126.8	high confidence set
ch4-6	15	3487570	3487654	Met	CAT	3487608	3487618	64.2	40.80	23.40	Inf	Met	104.0	high confidence set
ch4-6	16	3841002	3841075	Asn	GTT	0	0	83.3	58.10	25.20	Inf	Asn	93.9	high confidence set
ch4-6	17	3841750	3841829	Leu	TAG	0	0	69.5	48.50	21.00	Inf	Leu	111.5	high confidence set
ch4-6	18	4035429	4035501	Arg	TCT	0	0	71.0	51.20	19.80	Inf	Arg	99.1	high confidence set
ch4-6	19	4580273	4580344	Cys	GCA	0	0	82.1	59.90	22.20	Inf	Cys	106.6	high confidence set
ch4-6	20	4629644	4629715	iMet	CAT	0	0	55.7	29.90	25.80	Inf	iMet	106.7	high confidence set
ch4-6	21	4655103	4655175	Glu	CTC	0	0	76.3	50.40	25.90	Inf	Glu	91.1	high confidence set
ch4-6	22	6373164	6373234	Gly	GCC	0	0	66.5	44.80	21.70	Inf	Gly	94.4	high confidence set
ch4-6	23	6581627	6581699	Arg	ACG	0	0	72.9	50.30	22.60	Inf	Arg	88.9	high confidence set
ch4-6	24	7279659	7279731	Arg	TCT	0	0	71.0	51.20	19.80	Inf	Arg	99.1	high confidence set
ch4-6	25	7399915	7399987	Lys	CTT	0	0	87.7	67.60	20.10	Inf	Lys	106.7	high confidence set
ch4-6	26	7661330	7661402	Glu	CTC	0	0	76.3	50.40	25.90	Inf	Glu	95.5	high confidence set
ch4-6	27	7772726	7772798	Ala	CGC	0	0	57.0	37.50	19.50	Inf	Ala	83.9	high confidence set
ch4-6	28	8013245	8013317	Ala	TGC	0	0	70.0	45.30	24.70	Inf	Ala	100.6	high confidence set
ch4-6	29	8013438	8013510	Ala	TGC	0	0	70.0	45.30	24.70	Inf	Ala	100.6	high confidence set
ch4-6	30	8215323	8215253	Gly	CCC	0	0	65.4	28.10	37.30	Inf	Gly	85.4	high confidence set
ch4-6	31	7011538	7011457	Ser	GCT	0	0	80.5	45.20	35.30	Inf	Ser	109.5	high confidence set
ch4-6	32	6715601	6715530	Thr	TGT	0	0	83.0	58.30	24.70	Inf	Thr	92.4	high confidence set
ch4-6	33	6276259	6276178	Ser	GCT	0	0	76.2	41.10	35.10	Inf	Ser	105.6	high confidence set
ch4-6	34	5426378	5426307	Asp	GTC	0	0	69.8	46.80	23.00	Inf	Asp	94.5	high confidence set
ch4-6	35	5303590	5303519	Cys	GCA	0	0	81.7	56.10	25.60	Inf	Cys	104.3	high confidence set
ch4-6	36	4014041	4013959	Leu	TAA	0	0	72.9	35.60	37.30	Inf	Leu	100.3	high confidence set
ch4-6	37	3881218	3881135	Tyr	GTA	3881181	3881171	74.3	42.60	31.70	Inf	Tyr	108.6	high confidence set
ch4-6	38	3406651	3406578	Thr	AGT	0	0	73.6	45.20	28.40	Inf	Thr	88.6	high confidence set
ch4-6	39	2711284	2711200	Met	CAT	2711246	2711236	64.2	40.80	23.40	Inf	Met	104.0	high confidence set
ch4-6	40	1826539	1826467	Ala	AGC	0	0	63.4	38.20	25.20	Inf	Ala	98.3	high confidence set
ch4-6	41	1692361	1692291	Gly	GCC	0	0	66.5	44.80	21.70	Inf	Gly	94.4	high confidence set
ch4-6	42	1382741	1382669	Val	TAC	0	0	74.4	44.00	30.40	Inf	Val	103.3	high confidence set
ch4-6	43	1192184	1192113	Gly	TCC	0	0	74.1	46.70	27.40	Inf	Gly	84.2	high confidence set
ch4-6	44	489943	489872	Gly	TCC	0	0	74.1	46.70	27.40	Inf	Gly	84.2	high confidence set
ch5-1	1	176652	176724	Ala	TGC	0	0	70.0	45.30	24.70	Inf	Ala	100.6	high confidence set
ch5-1	2	176948	177020	Ala	TGC	0	0	57.3	32.60	24.70	Inf	Ala	85.2	high confidence set
ch5-1	3	360121	360193	Phe	GAA	0	0	68.1	56.10	12.00	Inf	Phe	102.6	high confidence set
ch5-1	4	858880	858952	Lys	CTT	0	0	87.7	67.60	20.10	Inf	Lys	106.7	high confidence set
ch5-1	5	1114993	1115074	Ser	GCT	0	0	79.9	45.00	34.90	Inf	Ser	109.4	high confidence set
ch5-1	6	1149543	1149614	Asp	GTC	0	0	69.8	46.80	23.00	Inf	Asp	94.5	high confidence set
ch5-1	7	2356179	2356251	Lys	CTT	0	0	75.2	64.40	10.80	Inf	Lys	88.8	high confidence set
ch5-1	8	3713962	3714033	Cys	GCA	0	0	82.1	59.90	22.20	Inf	Cys	106.6	high confidence set
ch5-1	9	3733518	3733589	Pro	AGG	0	0	67.4	34.70	32.70	Inf	Pro	112.3	high confidence set
ch5-1	10	4077279	4077349	Asp	GTC	0	0	57.9	36.80	21.10	Inf	Asp	80.2	high confidence set
ch5-1	11	4111691	4111763	Glu	CTC	0	0	77.0	51.50	25.50	Inf	Glu	91.5	high confidence set
ch5-1	12	4373096	4373167	Glu	TTC	0	0	70.8	46.30	24.50	Inf	Glu	99.2	high confidence set
ch5-1	13	4474676	4474747	Lys	TTT	0	0	83.8	71.00	12.80	Inf	Lys	83.9	high confidence set
ch5-1	14	5087497	5087582	Tyr	GTA	5087534	5087546	74.2	42.50	31.70	Inf	Tyr	108.6	high confidence set
ch5-1	15	5732386	5732457	Gly	TCC	0	0	74.1	46.70	27.40	Inf	Gly	84.2	high confidence set
ch5-1	16	6498773	6498844	Gly	TCC	0	0	74.1	46.70	27.40	Inf	Gly	84.2	high confidence set
ch5-1	17	6102189	6102116	Val	AAC	0	0	72.5	48.10	24.40	Inf	Val	100.2	high confidence set
ch5-1	18	5846411	5846340	Gly	TCC	0	0	71.6	44.20	27.40	Inf	Gly	81.1	high confidence set
ch5-1	19	5746804	5746723	Ser	AGA	0	0	77.8	43.40	34.40	Inf	Ser	110.9	high confidence set
ch5-1	20	5185016	5184945	Thr	TGT	0	0	74.6	52.80	21.80	Inf	Thr	82.1	high confidence set
ch5-1	21	4996876	4996805	Gln	TTG	0	0	73.5	53.70	19.80	Inf	Gln	104.8	high confidence set
ch5-1	22	4580005	4579931	Val	AAC	0	0	65.6	44.10	21.50	Inf	Val	83.7	high confidence set
ch5-1	23	4394057	4393986	Asp	GTC	0	0	69.8	46.80	23.00	Inf	Asp	94.5	high confidence set
ch5-1	24	4297059	4296988	Glu	TTC	0	0	60.1	44.10	16.00	Inf	Glu	86.6	high confidence set
ch5-1	25	4230283	4230211	Val	TAC	0	0	74.4	44.00	30.40	Inf	Val	103.3	high confidence set
ch5-1	26	4207275	4207202	Asn	GTT	0	0	83.3	58.10	25.20	Inf	Asn	93.9	high confidence set
ch5-1	27	3624955	3624876	Leu	TAG	0	0	69.5	48.50	21.00	Inf	Leu	111.5	high confidence set
ch5-1	28	3488215	3488133	Leu	TAA	0	0	60.0	23.20	36.80	Inf	Leu	88.6	high confidence set
ch5-1	29	3207510	3207439	Lys	TTT	0	0	83.8	71.00	12.80	Inf	Lys	83.9	high confidence set
ch5-1	30	3206916	3206846	Lys	TTT	0	0	71.9	59.80	12.10	Inf	Lys	73.0	high confidence set
ch5-1	31	3153098	3153028	Gly	GCC	0	0	66.5	44.80	21.70	Inf	Gly	94.4	high confidence set
ch5-1	32	2464478	2464407	Ile	TAT	0	0	51.5	22.60	28.90	Inf	iMet	100.9	IPD:-68.80,isotype mismatch
ch5-1	33	2450145	2450074	iMet	CAT	0	0	58.3	28.10	30.20	Inf	iMet	118.7	high confidence set
ch5-1	34	1705563	1705482	Ser	GCT	0	0	80.5	45.20	35.30	Inf	Ser	109.5	high confidence set
ch5-1	35	1647545	1647475	Gly	GCC	0	0	66.5	44.80	21.70	Inf	Gly	94.4	high confidence set
ch5-1	36	1322055	1321984	Thr	TGT	0	0	83.0	58.30	24.70	Inf	Thr	92.4	high confidence set
ch5-1	37	1149736	1149663	Val	AAC	0	0	72.5	48.10	24.40	Inf	Val	100.2	high confidence set
ch5-1	38	791766	791686	Leu	AAG	0	0	71.4	51.10	20.30	Inf	Leu	108.5	high confidence set
ch5-1	39	652494	652422	Glu	CTC	0	0	76.3	50.40	25.90	Inf	Glu	91.1	high confidence set
ch5-1	40	652142	652070	Glu	CTC	0	0	76.9	51.10	25.80	Inf	Glu	90.4	high confidence set
ch5-1	42	555447	555375	Ala	CGC	0	0	67.5	42.90	24.60	Inf	Ala	99.2	high confidence set
ch5-1	43	533475	533404	Gln	CTG	0	0	73.7	48.90	24.80	Inf	Gln	101.0	high confidence set
ch5-1	44	373761	373689	Ala	TGC	0	0	66.6	41.40	25.20	Inf	Ala	98.8	high confidence set
ch5-1	45	373614	373542	Ala	TGC	0	0	58.0	33.20	24.80	Inf	Ala	90.9	high confidence set
ch5-1	46	252575	252505	Gly	CCC	0	0	65.4	28.10	37.30	Inf	Gly	85.4	high confidence set
ch5-1	47	246180	246110	Gly	CCC	0	0	52.1	20.20	31.90	Inf	Gly	72.9	high confidence set
ch5-1	48	201804	201732	Arg	ACG	0	0	72.6	49.80	22.80	Inf	Arg	89.8	high confidence set
ch5-2	6	68625	68553	Phe	GAA	0	0	78.3	58.40	19.90	Inf	Phe	113.2	high confidence set
ch5-5	1	728056	728137	Ser	AGA	0	0	77.0	42.20	34.80	Inf	Ser	112.5	high confidence set
ch5-6	1	970530	970601	Pro	AGG	0	0	57.7	27.10	30.60	Inf	Pro	103.3	high confidence set
ch5-6	4	1091896	1091967	iMet	CAT	0	0	58.3	28.10	30.20	Inf	iMet	118.7	high confidence set
ch5-6	5	1135613	1135686	Ile	AAT	0	0	83.0	54.40	28.60	Inf	Ile	104.3	high confidence set
ch5-6	6	1212362	1212435	Asn	GTT	0	0	83.3	58.10	25.20	Inf	Asn	93.9	high confidence set
ch5-6	7	2245092	2245162	Gly	GCC	0	0	66.5	44.80	21.70	Inf	Gly	94.4	high confidence set
ch5-6	8	2709821	2709902	Ser	AGA	0	0	73.6	41.90	31.70	Inf	Ser	110.8	high confidence set
ch5-6	9	1597878	1597807	Pro	AGG	0	0	67.4	34.70	32.70	Inf	Pro	112.3	high confidence set
ch5-7	1	188687	188758	Asp	GTC	0	0	69.8	46.80	23.00	Inf	Asp	94.5	high confidence set
ch5-7	2	188847	188918	Asp	GTC	0	0	69.8	46.80	23.00	Inf	Asp	94.5	high confidence set
ch5-7	3	416126	416206	Leu	CAG	0	0	68.4	45.70	22.70	Inf	Leu	107.6	high confidence set
ch5-7	4	610230	610301	Asp	GTC	0	0	69.8	46.80	23.00	Inf	Asp	94.5	high confidence set
ch5-7	5	848682	848754	Glu	CTC	0	0	76.3	50.40	25.90	Inf	Glu	91.1	high confidence set
ch5-7	6	881592	881663	Thr	CGT	0	0	82.3	55.00	27.30	Inf	Thr	83.7	high confidence set
ch5-7	7	965007	965078	Asp	GTC	0	0	69.8	46.80	23.00	Inf	Asp	94.5	high confidence set
ch5-7	8	1020066	1020137	Pro	TGG	0	0	60.6	27.80	32.80	Inf	Pro	100.3	high confidence set
ch5-7	9	1080174	1080255	Ser	TGA	0	0	74.3	42.80	31.50	Inf	Ser	111.7	high confidence set
ch5-7	10	2246650	2246722	Arg	CCG	0	0	69.5	52.30	17.20	Inf	Arg	96.0	high confidence set
ch5-7	11	2278710	2278781	Lys	TTT	0	0	83.8	71.00	12.80	Inf	Lys	83.9	high confidence set
ch5-7	13	2624034	2624105	Cys	GCA	0	0	81.7	56.10	25.60	Inf	Cys	104.3	high confidence set
ch5-7	14	2696436	2696507	Trp	CCA	0	0	75.8	51.20	24.60	Inf	Trp	105.6	high confidence set
ch5-7	15	2754510	2754437	Arg	TCG	0	0	82.3	61.00	21.30	Inf	Arg	91.9	high confidence set
ch5-7	16	2633809	2633728	Ser	AGA	0	0	68.8	43.70	25.10	Inf	Ser	102.3	high confidence set
ch5-7	17	2633249	2633168	Ser	AGA	0	0	77.0	42.20	34.80	Inf	Ser	112.5	high confidence set
ch5-7	18	1922086	1922002	Met	CAT	1922048	1922038	64.3	40.80	23.50	Inf	Met	93.0	high confidence set
ch5-7	19	1708962	1708892	Gly	CCC	0	0	65.4	28.10	37.30	Inf	Gly	85.4	high confidence set
ch5-7	20	1600714	1600643	Gln	TTG	0	0	73.5	53.70	19.80	Inf	Gln	104.8	high confidence set
ch5-7	21	1454451	1454370	Ser	GCT	0	0	79.9	45.00	34.90	Inf	Ser	109.4	high confidence set
ch5-7	22	1391398	1391327	Gln	TTG	0	0	73.5	53.70	19.80	Inf	Gln	104.8	high confidence set
ch5-7	23	958812	958741	Glu	TTC	0	0	70.8	46.30	24.50	Inf	Glu	99.2	high confidence set
ch5-7	24	815751	815679	Glu	CTC	0	0	76.3	50.40	25.90	Inf	Glu	91.1	high confidence set
ch5-7	25	408977	408897	Leu	AAG	0	0	71.4	51.10	20.30	Inf	Leu	108.5	high confidence set
ch6-1	1	39280	39352	Lys	CTT	0	0	88.3	68.20	20.10	Inf	Lys	101.1	high confidence set
ch6-1	2	415509	415580	Gln	CTG	0	0	58.6	41.30	17.30	Inf	Gln	84.6	high confidence set
ch6-1	3	744854	744925	His	GTG	0	0	63.0	33.70	29.30	Inf	His	87.1	high confidence set
ch6-1	4	1239466	1239537	Pro	AGG	0	0	68.2	35.90	32.30	Inf	Pro	113.9	high confidence set
ch6-1	5	1286197	1286268	Thr	TGT	0	0	83.0	58.30	24.70	Inf	Thr	92.4	high confidence set
ch6-1	6	1334850	1334921	Gln	CTG	0	0	74.0	49.50	24.50	Inf	Gln	100.1	high confidence set
ch6-1	7	2147676	2147749	Asn	GTT	0	0	82.0	58.30	23.70	Inf	Asn	90.3	high confidence set
ch6-1	9	2596175	2596247	Ala	AGC	0	0	63.4	38.20	25.20	Inf	Ala	98.3	high confidence set
ch6-1	10	2677497	2677580	Leu	CAA	0	0	82.0	55.00	27.00	Inf	Leu	127.3	high confidence set
ch6-1	11	2912691	2912621	Gly	CCC	0	0	65.4	28.10	37.30	Inf	Gly	85.4	high confidence set
ch6-1	12	2699303	2699220	Tyr	GTA	2699266	2699256	74.3	42.60	31.70	Inf	Tyr	108.6	high confidence set
ch6-1	13	2695615	2695532	Tyr	GTA	2695578	2695568	74.3	42.60	31.70	Inf	Tyr	108.6	high confidence set
ch6-1	14	2572728	2572657	Thr	TGT	0	0	83.0	58.30	24.70	Inf	Thr	92.4	high confidence set
ch6-1	15	2233997	2233925	Lys	CTT	0	0	87.7	67.60	20.10	Inf	Lys	106.7	high confidence set
ch6-1	16	1356101	1356029	Phe	GAA	0	0	78.3	58.40	19.90	Inf	Phe	113.2	high confidence set
ch6-1	17	671487	671415	Phe	GAA	0	0	70.6	50.70	19.90	Inf	Phe	100.7	high confidence set
ch6-2	1	665344	665416	Val	TAC	0	0	74.4	44.00	30.40	Inf	Val	103.3	high confidence set
ch6-2	2	670149	670221	Val	TAC	0	0	74.4	44.00	30.40	Inf	Val	103.3	high confidence set
ch6-6	1	160238	160309	Gln	TTG	0	0	73.5	53.70	19.80	Inf	Gln	104.8	high confidence set
ch6-6	2	297786	297867	Ser	AGA	0	0	77.0	42.20	34.80	Inf	Ser	112.5	high confidence set
ch6-6	3	1134670	1134741	Lys	TTT	0	0	83.8	71.00	12.80	Inf	Lys	83.9	high confidence set
ch6-6	6	1847014	1847086	Phe	GAA	0	0	66.7	51.10	15.60	Inf	Phe	96.7	high confidence set
ch6-6	7	1850641	1850713	Phe	GAA	0	0	78.3	58.40	19.90	Inf	Phe	113.2	high confidence set
ch6-6	8	2302314	2302385	Pro	CGG	0	0	68.2	35.30	32.90	Inf	Pro	113.0	high confidence set
ch6-6	9	2605185	2605258	Ile	AAT	0	0	85.5	59.00	26.50	Inf	Ile	109.4	high confidence set
ch6-6	10	2709496	2709577	Ser	CGA	0	0	83.5	48.90	34.60	Inf	Ser	128.4	high confidence set
ch6-6	11	2722854	2722925	Pro	TGG	0	0	69.2	36.90	32.30	Inf	Pro	112.8	high confidence set
ch6-6	12	3235297	3235368	iMet	CAT	0	0	58.3	28.10	30.20	Inf	iMet	118.7	high confidence set
ch6-6	13	3433313	3433394	Ser	CGA	0	0	81.0	46.40	34.60	Inf	Ser	125.2	high confidence set
ch6-6	14	3745703	3745774	Gly	TCC	0	0	74.1	46.70	27.40	Inf	Gly	84.2	high confidence set
ch6-6	15	3749614	3749685	Gly	TCC	0	0	74.1	46.70	27.40	Inf	Gly	84.2	high confidence set
ch6-6	16	4647593	4647664	Asp	GTC	0	0	69.8	46.80	23.00	Inf	Asp	94.5	high confidence set
ch6-6	17	4788297	4788368	Cys	GCA	0	0	81.7	56.10	25.60	Inf	Cys	104.3	high confidence set
ch6-6	18	4794269	4794340	Cys	GCA	0	0	81.7	56.10	25.60	Inf	Cys	104.3	high confidence set
ch6-6	19	5785195	5785266	Trp	CCA	0	0	75.8	51.20	24.60	Inf	Trp	105.6	high confidence set
ch6-6	20	5789612	5789683	Trp	CCA	0	0	75.8	51.20	24.60	Inf	Trp	105.6	high confidence set
ch6-6	21	6084845	6084916	Glu	TTC	0	0	69.9	45.30	24.60	Inf	Glu	99.4	high confidence set
ch6-6	22	7991672	7991744	Phe	GAA	0	0	78.3	58.40	19.90	Inf	Phe	113.2	high confidence set
ch6-6	23	8069574	8069645	Gly	TCC	0	0	74.1	46.70	27.40	Inf	Gly	84.2	high confidence set
ch6-6	24	8338673	8338754	Ser	GCT	0	0	80.5	45.20	35.30	Inf	Ser	109.5	high confidence set
ch6-6	25	8409259	8409331	Arg	ACG	0	0	72.5	49.90	22.60	Inf	Arg	90.9	high confidence set
ch6-6	26	9109816	9109888	Ala	AGC	0	0	63.4	38.20	25.20	Inf	Ala	98.3	high confidence set
ch6-6	27	9216267	9216352	Tyr	GTA	9216304	9216316	75.1	44.00	31.10	Inf	Tyr	103.8	high confidence set
ch6-6	28	9299472	9299542	Gly	GCC	0	0	67.8	46.00	21.80	Inf	Gly	94.2	high confidence set
ch6-6	29	9444081	9444162	Ser	GCT	0	0	80.5	45.20	35.30	Inf	Ser	109.5	high confidence set
ch6-6	30	9642392	9642471	Leu	TAG	0	0	69.5	48.50	21.00	Inf	Leu	111.5	high confidence set
ch6-6	31	9644354	9644425	Pro	CGG	0	0	68.2	35.30	32.90	Inf	Pro	113.0	high confidence set
ch6-6	32	10463263	10463343	Leu	AAG	0	0	71.4	51.10	20.30	Inf	Leu	108.5	high confidence set
ch6-6	33	10565134	10565206	Phe	GAA	0	0	78.3	58.40	19.90	Inf	Phe	113.2	high confidence set
ch6-6	34	10737775	10737856	Ser	TGA	0	0	81.1	46.70	34.40	Inf	Ser	122.5	high confidence set
ch6-6	35	10776849	10776922	Arg	TCG	0	0	82.3	61.00	21.30	Inf	Arg	91.9	high confidence set
ch6-6	36	10805586	10805657	His	GTG	0	0	63.0	33.70	29.30	Inf	His	86.8	high confidence set
ch6-6	37	10845520	10845592	Lys	CTT	0	0	87.7	67.60	20.10	Inf	Lys	106.7	high confidence set
ch6-6	38	10941355	10941425	Gly	GCC	0	0	66.5	44.80	21.70	Inf	Gly	94.4	high confidence set
ch6-6	39	11042829	11042757	Ala	AGC	0	0	63.4	38.20	25.20	Inf	Ala	98.3	high confidence set
ch6-6	40	10765967	10765886	Ser	CGA	0	0	78.9	46.60	32.30	Inf	Ser	122.0	high confidence set
ch6-6	41	10569481	10569388	Tyr	GTA	10569444	10569424	73.9	42.20	31.70	Inf	Tyr	108.6	high confidence set
ch6-6	42	10446868	10446786	Leu	TAA	0	0	72.9	35.60	37.30	Inf	Leu	100.3	high confidence set
ch6-6	43	10432592	10432520	Arg	TCT	0	0	71.0	51.20	19.80	Inf	Arg	96.2	high confidence set
ch6-6	44	9751286	9751214	Arg	CCT	0	0	71.3	54.20	17.10	Inf	Arg	82.9	high confidence set
ch6-6	45	9701397	9701326	Asp	GTC	0	0	69.8	46.80	23.00	Inf	Asp	94.5	high confidence set
ch6-6	46	9685168	9685095	Val	CAC	0	0	81.5	53.50	28.00	Inf	Val	103.7	high confidence set
ch6-6	47	9120445	9120362	Leu	CAA	0	0	76.7	54.50	22.20	Inf	Leu	123.1	high confidence set
ch6-6	48	8603859	8603786	Val	AAC	0	0	70.0	45.60	24.40	Inf	Val	96.7	high confidence set
ch6-6	49	8503147	8503067	Leu	AAG	0	0	71.4	51.10	20.30	Inf	Leu	108.5	high confidence set
ch6-6	50	8301225	8301153	Arg	CCT	0	0	74.8	55.90	18.90	Inf	Arg	84.6	high confidence set
ch6-6	51	8040732	8040661	Gly	TCC	0	0	67.8	49.10	18.70	Inf	Gly	70.8	high confidence set
ch6-6	52	8035472	8035401	Gly	TCC	0	0	74.1	46.70	27.40	Inf	Gly	84.2	high confidence set
ch6-6	53	7212547	7212476	Lys	TTT	0	0	83.8	71.00	12.80	Inf	Lys	83.9	high confidence set
ch6-6	54	7155597	7155525	Lys	CTT	0	0	87.7	67.60	20.10	Inf	Lys	106.7	high confidence set
ch6-6	55	7013113	7013042	Asp	GTC	0	0	69.8	46.80	23.00	Inf	Asp	94.5	high confidence set
ch6-6	56	6768307	6768234	Val	CAC	0	0	81.5	53.50	28.00	Inf	Val	103.7	high confidence set
ch6-6	57	6555926	6555853	Ile	AAT	0	0	83.0	54.40	28.60	Inf	Ile	104.3	high confidence set
ch6-6	58	6555783	6555710	Ile	AAT	0	0	83.0	54.40	28.60	Inf	Ile	104.3	high confidence set
ch6-6	59	6551753	6551682	Asp	GTC	0	0	69.8	46.80	23.00	Inf	Asp	94.5	high confidence set
ch6-6	60	6358362	6358281	Ser	AGA	0	0	77.0	42.20	34.80	Inf	Ser	112.5	high confidence set
ch6-6	61	5775862	5775791	Trp	CCA	0	0	75.8	51.20	24.60	Inf	Trp	105.6	high confidence set
ch6-6	63	5401300	5401230	Gly	GCC	0	0	66.5	44.80	21.70	Inf	Gly	94.4	high confidence set
ch6-6	64	4489984	4489913	Gln	CTG	0	0	75.3	51.20	24.10	Inf	Gln	106.0	high confidence set
ch6-6	65	3915621	3915548	Val	AAC	0	0	72.5	48.10	24.40	Inf	Val	100.2	high confidence set
ch6-6	66	3689200	3689129	Asp	GTC	0	0	69.8	46.80	23.00	Inf	Asp	94.5	high confidence set
ch6-6	67	2830061	2829988	Val	CAC	0	0	81.5	53.50	28.00	Inf	Val	103.7	high confidence set
ch6-6	68	2271766	2271694	Ala	AGC	0	0	63.4	38.20	25.20	Inf	Ala	98.3	high confidence set
ch6-6	69	2126669	2126597	Phe	GAA	0	0	78.3	58.40	19.90	Inf	Phe	113.2	high confidence set
ch6-6	70	2119009	2118937	Phe	GAA	0	0	78.3	58.40	19.90	Inf	Phe	113.2	high confidence set
ch6-6	71	1880016	1879935	Ser	AGA	0	0	77.0	42.20	34.80	Inf	Ser	112.5	high confidence set
ch6-6	72	1488378	1488308	Gly	CCC	0	0	65.4	28.10	37.30	Inf	Gly	85.4	high confidence set
ch6-6	74	998542	998459	Leu	CAA	0	0	78.5	55.10	23.40	Inf	Leu	119.0	high confidence set
ch6-6	75	953605	953524	Ser	TGA	0	0	79.6	44.60	35.00	Inf	Ser	121.3	high confidence set
ch6-6	77	269524	269436	Tyr	GTA	269487	269472	74.1	42.40	31.70	Inf	Tyr	108.6	high confidence set
ch7-1	1	130497	130568	iMet	CAT	0	0	59.0	29.50	29.50	Inf	iMet	122.5	high confidence set
ch7-1	2	261027	261098	Cys	GCA	0	0	81.7	59.20	22.50	Inf	Cys	104.2	high confidence set
ch7-1	3	505972	506043	Asp	GTC	0	0	69.8	46.80	23.00	Inf	Asp	94.5	high confidence set
ch7-1	4	507738	507809	Asp	GTC	0	0	69.8	46.80	23.00	Inf	Asp	94.5	high confidence set
ch7-1	5	982893	982964	Pro	AGG	0	0	59.0	35.60	23.40	Inf	Pro	99.8	high confidence set
ch7-1	6	1256120	1256193	Ile	AAT	0	0	83.0	54.40	28.60	Inf	Ile	104.3	high confidence set
ch7-1	7	1912688	1912761	Asn	GTT	0	0	83.7	58.60	25.10	Inf	Asn	90.4	high confidence set
ch7-1	8	1753639	1753566	Val	CAC	0	0	81.5	53.50	28.00	Inf	Val	103.7	high confidence set
ch7-1	9	1748505	1748432	Val	CAC	0	0	81.5	53.50	28.00	Inf	Val	103.7	high confidence set
ch7-1	10	1274013	1273940	Ile	AAT	0	0	83.0	54.40	28.60	Inf	Ile	104.3	high confidence set
ch7-1	11	1273050	1272977	Ile	AAT	0	0	83.0	54.40	28.60	Inf	Ile	104.3	high confidence set
ch7-1	12	841201	841129	Ala	AGC	0	0	63.4	38.20	25.20	Inf	Ala	98.3	high confidence set
ch7-1	13	355840	355760	Leu	AAG	0	0	71.4	51.10	20.30	Inf	Leu	108.5	high confidence set
ch7-1	14	150949	150866	Leu	CAA	0	0	80.2	53.70	26.50	Inf	Leu	122.5	high confidence set
ch7-2	1	606320	606247	Val	AAC	0	0	72.5	48.10	24.40	Inf	Val	100.2	high confidence set
ch7-4	2	3020894	3020965	Pro	AGG	0	0	67.4	34.70	32.70	Inf	Pro	112.3	high confidence set
ch7-4	3	3162780	3162852	Lys	CTT	0	0	87.7	67.60	20.10	Inf	Lys	106.7	high confidence set
ch7-4	4	3344052	3344125	Thr	AGT	0	0	76.0	48.40	27.60	Inf	Thr	90.6	high confidence set
ch7-4	5	3536119	3536192	Thr	AGT	0	0	73.6	45.20	28.40	Inf	Thr	88.6	high confidence set
ch7-4	6	3539849	3539929	Leu	CAG	0	0	72.4	51.00	21.40	Inf	Leu	105.7	high confidence set
ch7-4	7	3867019	3867098	Leu	TAG	0	0	53.4	36.60	16.80	Inf	Leu	96.8	high confidence set
ch7-4	8	4017623	4017694	Cys	GCA	0	0	81.7	56.10	25.60	Inf	Cys	104.3	high confidence set
ch7-4	9	4126270	4126341	Trp	CCA	0	0	75.8	51.20	24.60	Inf	Trp	105.6	high confidence set
ch7-4	10	4338779	4338859	Leu	CAG	0	0	72.4	51.00	21.40	Inf	Leu	105.7	high confidence set
ch7-4	12	5909094	5909167	Asn	GTT	0	0	83.6	58.80	24.80	Inf	Asn	96.8	high confidence set
ch7-4	13	5984641	5984713	Lys	CTT	0	0	87.7	67.60	20.10	Inf	Lys	106.7	high confidence set
ch7-4	15	6433810	6433882	Ala	CGC	0	0	68.3	44.10	24.20	Inf	Ala	99.2	high confidence set
ch7-4	16	6714411	6714492	Ser	GCT	0	0	76.2	41.10	35.10	Inf	Ser	105.6	high confidence set
ch7-4	17	7488796	7488868	Ala	AGC	0	0	63.4	38.20	25.20	Inf	Ala	98.3	high confidence set
ch7-4	19	7718191	7718263	Phe	GAA	0	0	78.3	58.40	19.90	Inf	Phe	113.2	high confidence set
ch7-4	20	7369404	7369331	Ile	AAT	0	0	86.4	57.90	28.50	Inf	Ile	108.4	high confidence set
ch7-4	21	7369227	7369154	Ile	AAT	0	0	86.4	57.90	28.50	Inf	Ile	108.4	high confidence set
ch7-4	22	7369069	7368996	Ile	AAT	0	0	83.0	54.40	28.60	Inf	Ile	104.3	high confidence set
ch7-4	23	7342777	7342706	Pro	TGG	0	0	69.2	36.90	32.30	Inf	Pro	112.8	high confidence set
ch7-4	24	7139029	7138946	Leu	CAA	0	0	76.7	54.50	22.20	Inf	Leu	123.1	high confidence set
ch7-4	25	7138171	7138088	Leu	CAA	0	0	79.5	54.50	25.00	Inf	Leu	126.8	high confidence set
ch7-4	26	7119334	7119253	Ser	TGA	0	0	80.7	46.10	34.60	Inf	Ser	119.7	high confidence set
ch7-4	27	7067062	7066990	Lys	CTT	0	0	87.7	67.60	20.10	Inf	Lys	106.7	high confidence set
ch7-4	28	6500192	6500122	Gly	CCC	0	0	65.4	28.10	37.30	Inf	Gly	85.4	high confidence set
ch7-4	30	5961935	5961863	Lys	CTT	0	0	87.7	67.60	20.10	Inf	Lys	106.7	high confidence set
ch7-4	31	5807947	5807862	Tyr	GTA	5807910	5807898	74.2	42.50	31.70	Inf	Tyr	108.6	high confidence set
ch7-4	32	5075670	5075597	Thr	AGT	0	0	73.6	45.20	28.40	Inf	Thr	88.6	high confidence set
ch7-4	33	5075465	5075392	Thr	AGT	0	0	73.6	45.20	28.40	Inf	Thr	88.6	high confidence set
ch7-4	34	4623775	4623704	Gly	TCC	0	0	74.1	46.70	27.40	Inf	Gly	84.2	high confidence set
ch7-4	35	3749700	3749628	Glu	CTC	0	0	76.3	50.40	25.90	Inf	Glu	91.1	high confidence set
ch7-4	36	2350497	2350424	Thr	AGT	0	0	76.0	48.40	27.60	Inf	Thr	90.6	high confidence set
ch7-5	1	151832	151902	Gly	GCC	0	0	58.5	43.20	15.30	Inf	Gly	86.0	high confidence set
ch7-5	2	399443	399524	Ser	GCT	0	0	80.5	45.20	35.30	Inf	Ser	109.5	high confidence set
ch7-5	3	600844	600915	Pro	TGG	0	0	69.2	36.90	32.30	Inf	Pro	112.8	high confidence set
ch7-5	4	1255457	1255529	Arg	TCT	0	0	63.0	49.80	13.20	Inf	Arg	82.3	high confidence set
ch7-5	5	1320030	1320102	Arg	ACG	0	0	72.6	49.80	22.80	Inf	Arg	89.8	high confidence set
ch7-5	6	1656738	1656810	Arg	TCT	0	0	70.7	50.70	20.00	Inf	Arg	91.3	high confidence set
ch7-5	7	1880959	1881040	Ser	CGA	0	0	77.5	44.40	33.10	Inf	Ser	120.8	high confidence set
ch7-5	8	2357410	2357482	Arg	TCT	0	0	71.0	52.50	18.50	Inf	Arg	96.8	high confidence set
ch7-5	9	2709250	2709323	Thr	AGT	0	0	76.0	48.40	27.60	Inf	Thr	90.6	high confidence set
ch7-5	11	1459649	1459565	Met	CAT	1459611	1459601	64.9	41.40	23.50	Inf	Met	103.3	high confidence set
ch7-5	12	13393	13321	Ala	CGC	0	0	68.3	44.10	24.20	Inf	Ala	99.2	high confidence set
ch7-5	13	10897	10826	Gln	CTG	0	0	71.1	46.00	25.10	Inf	Gln	100.8	high confidence set
ch7-6	1	451372	451444	Glu	CTC	0	0	76.9	51.10	25.80	Inf	Glu	90.4	high confidence set
ch7-6	2	472157	472228	Pro	CGG	0	0	68.2	35.30	32.90	Inf	Pro	113.0	high confidence set
ch7-6	3	737861	737932	Glu	TTC	0	0	70.8	46.30	24.50	Inf	Glu	99.2	high confidence set
ch7-6	4	761595	761668	Asn	GTT	0	0	83.7	58.60	25.10	Inf	Asn	90.4	high confidence set
ch7-6	5	1319370	1319442	Arg	ACG	0	0	72.6	49.80	22.80	Inf	Arg	89.8	high confidence set
ch7-6	6	1549358	1549441	Tyr	GTA	1549395	1549405	74.3	42.60	31.70	Inf	Tyr	108.6	high confidence set
ch7-6	7	1528252	1528181	His	GTG	0	0	63.0	33.70	29.30	Inf	His	86.8	high confidence set
ch7-6	8	1421068	1420997	Trp	CCA	0	0	75.8	51.20	24.60	Inf	Trp	105.6	high confidence set
ch7-6	9	1399345	1399272	Val	CAC	0	0	81.5	53.50	28.00	Inf	Val	103.7	high confidence set
ch7-6	11	1278332	1278259	Ile	AAT	0	0	85.5	59.00	26.50	Inf	Ile	109.4	high confidence set
ch7-6	13	610522	610449	Ile	TAT	0	0	85.9	70.60	15.30	Inf	Ile	103.9	high confidence set
un0002	2	382596	382523	Ile	AAT	0	0	83.0	54.40	28.60	Inf	Ile	104.3	high confidence set
un0002	3	73958	73886	Ala	TGC	0	0	69.1	43.70	25.40	Inf	Ala	100.1	high confidence set
un0010	1	65630	65701	Cys	GCA	0	0	81.7	59.20	22.50	Inf	Cys	104.2	high confidence set
un0021	1	39953	39882	His	GTG	0	0	63.0	33.70	29.30	Inf	His	87.1	high confidence set
un0030	1	40404	40477	Asn	GTT	0	0	81.4	54.70	26.70	Inf	Asn	91.8	high confidence set
un0082	1	7451	7378	Ile	AAT	0	0	83.2	54.90	28.30	Inf	Ile	107.2	high confidence set
un0082	2	5353	5280	Ile	AAT	0	0	83.2	54.90	28.30	Inf	Ile	107.2	high confidence set
un0300	1	1155	1084	Pro	AGG	0	0	56.8	30.60	26.20	Inf	Pro	99.1	high confidence set
un0301	1	4904	4833	Glu	TTC	0	0	70.8	46.30	24.50	Inf	Glu	99.2	high confidence set
