Sequence		tRNA    	Bounds  	tRNA	Anti	Intron Bounds	Inf	HMM	2'Str	Hit	Isotype	Isotype	      
Name    	tRNA#	Begin   	End     	Type	Codon	Begin	End	Score	Score	Score	Origin	CM	Score	Note
--------	------	-----   	------  	----	-----	-----	----	------	-----	-----	------	-------	-------	------
Chr01	1	695003	695075	Ala	AGC	0	0	63.4	38.20	25.20	Inf	Ala	98.3	high confidence set
Chr01	2	1886487	1886559	Arg	ACG	0	0	69.0	46.60	22.40	Inf	Arg	87.7	high confidence set
Chr01	3	2155751	2155824	Asn	GTT	0	0	80.0	54.90	25.10	Inf	Asn	93.1	high confidence set
Chr01	5	7546119	7546190	iMet	CAT	0	0	58.3	28.10	30.20	Inf	iMet	118.7	high confidence set
Chr01	6	7700901	7700972	Gly	TCC	0	0	73.9	46.20	27.70	Inf	Gly	85.6	high confidence set
Chr01	7	8108562	8108634	Phe	GAA	0	0	78.3	58.40	19.90	Inf	Phe	113.2	high confidence set
Chr01	8	8226309	8226380	Thr	TGT	0	0	79.3	49.30	30.00	Inf	Thr	92.3	high confidence set
Chr01	9	9013618	9013701	Leu	CAA	0	0	81.0	54.60	26.40	Inf	Leu	125.6	high confidence set
Chr01	11	9462552	9462624	Lys	CTT	0	0	87.7	67.60	20.10	Inf	Lys	106.7	high confidence set
Chr01	12	10879822	10879893	Pro	TGG	0	0	68.5	35.70	32.80	Inf	Pro	111.2	high confidence set
Chr01	13	11091458	11091530	Ala	AGC	0	0	63.4	38.20	25.20	Inf	Ala	98.3	high confidence set
Chr01	14	11663269	11663353	Met	CAT	11663307	11663317	64.3	40.80	23.50	Inf	Met	104.0	high confidence set
Chr01	15	14260343	14260424	Ser	GCT	0	0	79.0	43.10	35.90	Inf	Ser	108.6	high confidence set
Chr01	17	15557240	15557321	Ser	AGA	0	0	79.4	43.10	36.30	Inf	Ser	115.0	high confidence set
Chr01	18	16793884	16793956	Arg	TCT	0	0	70.4	50.20	20.20	Inf	Arg	95.3	high confidence set
Chr01	19	21903151	21903222	Cys	GCA	0	0	80.9	57.20	23.70	Inf	Cys	104.1	high confidence set
Chr01	21	25036176	25036257	Ser	GCT	0	0	80.5	45.20	35.30	Inf	Ser	109.5	high confidence set
Chr01	22	25882131	25882202	Gly	TCC	0	0	73.9	46.20	27.70	Inf	Gly	85.6	high confidence set
Chr01	23	27858338	27858409	Gly	TCC	0	0	71.0	46.70	24.30	Inf	Gly	82.3	high confidence set
Chr01	24	28209959	28210040	Ser	GCT	0	0	79.0	43.10	35.90	Inf	Ser	108.6	high confidence set
Chr01	25	28647644	28647716	Ala	TGC	0	0	70.0	45.30	24.70	Inf	Ala	100.6	high confidence set
Chr01	26	29096071	29096142	Glu	TTC	0	0	72.0	47.50	24.50	Inf	Glu	101.6	high confidence set
Chr01	27	29573095	29573165	Gly	GCC	0	0	66.5	44.80	21.70	Inf	Gly	94.4	high confidence set
Chr01	28	29913493	29913565	Glu	CTC	0	0	78.9	53.10	25.80	Inf	Glu	99.2	high confidence set
Chr01	29	30478718	30478789	Pro	TGG	0	0	68.5	35.70	32.80	Inf	Pro	111.2	high confidence set
Chr01	30	30479731	30479802	Pro	TGG	0	0	68.5	35.70	32.80	Inf	Pro	111.2	high confidence set
Chr01	31	30480726	30480797	Pro	AGG	0	0	67.4	34.70	32.70	Inf	Pro	112.3	high confidence set
Chr01	32	30481283	30481354	Pro	TGG	0	0	67.4	34.70	32.70	Inf	Pro	112.3	high confidence set
Chr01	35	32251262	32251342	Leu	AAG	0	0	74.0	52.20	21.80	Inf	Leu	110.4	high confidence set
Chr01	36	32374882	32374966	Met	CAT	32374920	32374930	64.3	40.80	23.50	Inf	Met	104.0	high confidence set
Chr01	37	32632710	32632791	Ser	GCT	0	0	80.5	45.20	35.30	Inf	Ser	109.5	high confidence set
Chr01	38	32794989	32795062	Val	AAC	0	0	73.2	49.00	24.20	Inf	Val	95.8	high confidence set
Chr01	42	39464118	39464191	Ile	TAT	0	0	85.9	70.60	15.30	Inf	Ile	103.9	high confidence set
Chr01	44	43413262	43413333	Gln	TTG	0	0	73.5	53.70	19.80	Inf	Gln	104.8	high confidence set
Chr01	45	44462269	44462341	Ala	AGC	0	0	59.6	37.50	22.10	Inf	Ala	96.4	high confidence set
Chr01	46	45066140	45066211	iMet	CAT	0	0	57.5	27.40	30.10	Inf	iMet	120.7	high confidence set
Chr01	47	48286773	48286845	Lys	TTT	0	0	89.7	65.30	24.40	Inf	Lys	92.7	high confidence set
Chr01	48	48954235	48954325	Tyr	GTA	48954272	48954289	74.3	42.80	31.50	Inf	Tyr	111.8	high confidence set
Chr01	49	49369731	49369660	Asp	GTC	0	0	69.8	46.80	23.00	Inf	Asp	95.8	high confidence set
Chr01	50	45061114	45061043	iMet	CAT	0	0	57.5	27.40	30.10	Inf	iMet	120.7	high confidence set
Chr01	52	43554974	43554902	Glu	CTC	0	0	78.9	53.10	25.80	Inf	Glu	99.2	high confidence set
Chr01	53	36367916	36367844	Ala	AGC	0	0	63.4	38.20	25.20	Inf	Ala	98.3	high confidence set
Chr01	54	35782489	35782418	Pro	TGG	0	0	68.5	35.70	32.80	Inf	Pro	111.2	high confidence set
Chr01	55	33842204	33842124	Leu	AAG	0	0	74.0	52.20	21.80	Inf	Leu	110.4	high confidence set
Chr01	56	33802911	33802830	Ser	TGA	0	0	80.7	46.10	34.60	Inf	Ser	119.7	high confidence set
Chr01	57	33086617	33086546	Pro	TGG	0	0	68.5	35.70	32.80	Inf	Pro	111.2	high confidence set
Chr01	58	31645695	31645624	His	GTG	0	0	63.0	33.70	29.30	Inf	His	87.1	high confidence set
Chr01	59	31645616	31645533	Tyr	GTA	31645579	31645569	74.5	43.00	31.50	Inf	Tyr	111.8	high confidence set
Chr01	61	29486600	29486519	Ser	CGA	0	0	76.5	44.60	31.90	Inf	Ser	118.0	high confidence set
Chr01	62	29291180	29291107	Ile	TAT	0	0	85.9	70.60	15.30	Inf	Ile	103.9	high confidence set
Chr01	63	28323724	28323652	Ala	TGC	0	0	70.0	45.30	24.70	Inf	Ala	100.6	high confidence set
Chr01	64	28295732	28295660	Ala	TGC	0	0	70.0	45.30	24.70	Inf	Ala	100.6	high confidence set
Chr01	66	27875573	27875500	Arg	TCG	0	0	82.3	61.00	21.30	Inf	Arg	91.9	high confidence set
Chr01	67	26236907	26236834	Val	CAC	0	0	82.4	54.40	28.00	Inf	Val	103.7	high confidence set
Chr01	68	25824302	25824230	Lys	TTT	0	0	89.7	65.30	24.40	Inf	Lys	92.7	high confidence set
Chr01	69	25477869	25477796	Val	AAC	0	0	72.9	48.60	24.30	Inf	Val	93.8	high confidence set
Chr01	71	16670543	16670470	Asn	GTT	0	0	83.9	58.50	25.40	Inf	Asn	97.4	high confidence set
Chr01	72	10623083	10623012	Gln	CTG	0	0	71.6	46.60	25.00	Inf	Gln	98.9	high confidence set
Chr01	73	8589550	8589467	Leu	CAA	0	0	81.0	54.60	26.40	Inf	Leu	125.6	high confidence set
Chr01	74	7470922	7470840	Leu	TAA	0	0	68.4	29.10	39.30	Inf	Leu	90.1	high confidence set
Chr01	75	7193575	7193503	Ala	CGC	0	0	65.5	44.30	21.20	Inf	Ala	93.8	high confidence set
Chr01	76	7098004	7097933	Gln	CTG	0	0	74.3	49.60	24.70	Inf	Gln	103.3	high confidence set
Chr01	77	5718180	5718107	Thr	AGT	0	0	76.0	48.40	27.60	Inf	Thr	90.6	high confidence set
Chr01	79	4091711	4091640	Thr	TGT	0	0	84.5	58.50	26.00	Inf	Thr	95.0	high confidence set
Chr01	80	523937	523866	Gly	TCC	0	0	71.0	46.70	24.30	Inf	Gly	82.3	high confidence set
Chr02	1	355733	355804	Trp	CCA	0	0	75.8	51.20	24.60	Inf	Trp	105.6	high confidence set
Chr02	2	377922	377993	Asp	GTC	0	0	69.8	46.80	23.00	Inf	Asp	95.8	high confidence set
Chr02	3	685188	685267	Leu	TAG	0	0	69.5	48.50	21.00	Inf	Leu	111.5	high confidence set
Chr02	4	2075684	2075767	Leu	CAA	0	0	81.0	54.60	26.40	Inf	Leu	125.6	high confidence set
Chr02	6	5212840	5212911	Gln	TTG	0	0	73.5	53.70	19.80	Inf	Gln	104.8	high confidence set
Chr02	7	6547599	6547670	Trp	CCA	0	0	75.8	51.20	24.60	Inf	Trp	105.6	high confidence set
Chr02	8	6960010	6960082	Lys	CTT	0	0	87.7	67.60	20.10	Inf	Lys	106.7	high confidence set
Chr02	9	8925171	8925244	Thr	AGT	0	0	73.6	45.20	28.40	Inf	Thr	88.6	high confidence set
Chr02	10	8996033	8996103	Gly	GCC	0	0	57.0	35.20	21.80	Inf	Gly	85.5	high confidence set
Chr02	11	9063790	9063863	Thr	AGT	0	0	76.0	48.40	27.60	Inf	Thr	90.6	high confidence set
Chr02	12	9618030	9618102	Arg	CCT	0	0	68.1	48.70	19.40	Inf	Arg	79.8	high confidence set
Chr02	13	12295841	12295928	Tyr	GTA	12295878	12295892	74.4	42.90	31.50	Inf	Tyr	111.8	high confidence set
Chr02	14	12659556	12659639	Leu	CAA	0	0	81.0	54.60	26.40	Inf	Leu	125.6	high confidence set
Chr02	15	13227638	13227709	Gln	CTG	0	0	74.3	49.60	24.70	Inf	Gln	102.0	high confidence set
Chr02	17	15160071	15160143	Ala	TGC	0	0	70.0	45.30	24.70	Inf	Ala	100.6	high confidence set
Chr02	19	19818421	19818492	Pro	AGG	0	0	67.4	34.70	32.70	Inf	Pro	112.3	high confidence set
Chr02	20	20810864	20810937	Ile	AAT	0	0	82.4	58.90	23.50	Inf	Ile	107.0	high confidence set
Chr02	21	24086338	24086410	Lys	TTT	0	0	86.1	63.50	22.60	Inf	Lys	89.1	high confidence set
Chr02	23	24690345	24690261	Met	CAT	24690307	24690297	64.3	40.80	23.50	Inf	Met	104.0	high confidence set
Chr02	27	15332763	15332691	Phe	GAA	0	0	78.3	58.40	19.90	Inf	Phe	113.2	high confidence set
Chr02	28	15144923	15144851	Phe	GAA	0	0	78.3	58.40	19.90	Inf	Phe	113.2	high confidence set
Chr02	29	14094922	14094851	Cys	GCA	0	0	82.1	59.90	22.20	Inf	Cys	106.6	high confidence set
Chr02	30	12098874	12098801	Val	CAC	0	0	81.5	53.50	28.00	Inf	Val	103.7	high confidence set
Chr02	31	11856932	11856862	Gly	GCC	0	0	66.5	44.80	21.70	Inf	Gly	94.4	high confidence set
Chr02	32	11672591	11672511	Leu	AAG	0	0	74.0	52.20	21.80	Inf	Leu	110.4	high confidence set
Chr02	33	11143857	11143785	Lys	CTT	0	0	87.7	67.60	20.10	Inf	Lys	106.7	high confidence set
Chr02	34	10998625	10998553	Glu	CTC	0	0	76.0	50.20	25.80	Inf	Glu	98.1	high confidence set
Chr02	35	10459204	10459133	Trp	CCA	0	0	75.8	51.20	24.60	Inf	Trp	105.6	high confidence set
Chr02	39	7153404	7153320	Met	CAT	7153366	7153356	64.3	40.80	23.50	Inf	Met	104.0	high confidence set
Chr02	40	7133276	7133183	Tyr	GTA	7133239	7133219	74.2	42.70	31.50	Inf	Tyr	111.8	high confidence set
Chr02	41	6543160	6543088	Arg	TCT	0	0	68.1	50.00	18.10	Inf	Arg	96.3	high confidence set
Chr02	42	5926291	5926220	Gln	TTG	0	0	73.5	53.70	19.80	Inf	Gln	104.8	high confidence set
Chr02	45	2719660	2719590	Gly	GCC	0	0	66.5	44.80	21.70	Inf	Gly	94.4	high confidence set
Chr02	46	2075890	2075819	Glu	TTC	0	0	72.0	47.50	24.50	Inf	Glu	101.6	high confidence set
Chr02	47	2034874	2034803	Glu	TTC	0	0	72.0	47.50	24.50	Inf	Glu	101.6	high confidence set
Chr02	48	1841062	1840990	Glu	CTC	0	0	79.2	53.50	25.70	Inf	Glu	94.2	high confidence set
Chr03	1	403000	403073	Val	AAC	0	0	72.6	48.30	24.30	Inf	Val	95.5	high confidence set
Chr03	3	6218720	6218792	Arg	TCT	0	0	70.3	50.00	20.30	Inf	Arg	98.1	high confidence set
Chr03	5	7539541	7539622	Ser	CGA	0	0	76.5	44.60	31.90	Inf	Ser	118.0	high confidence set
Chr03	6	8287013	8287085	Arg	CCT	0	0	69.1	50.30	18.80	Inf	Arg	81.2	high confidence set
Chr03	7	9437001	9437082	Ser	GCT	0	0	79.0	43.10	35.90	Inf	Ser	108.6	high confidence set
Chr03	8	9441989	9442070	Ser	GCT	0	0	79.0	43.10	35.90	Inf	Ser	108.6	high confidence set
Chr03	9	12104190	12104261	Trp	CCA	0	0	75.8	51.20	24.60	Inf	Trp	105.6	high confidence set
Chr03	10	12303537	12303608	Asp	GTC	0	0	69.8	46.80	23.00	Inf	Asp	95.8	high confidence set
Chr03	11	13585478	13585551	Asn	GTT	0	0	78.9	56.50	22.40	Inf	Asn	90.6	high confidence set
Chr03	12	14450053	14450136	Leu	CAA	0	0	81.0	54.60	26.40	Inf	Leu	125.6	high confidence set
Chr03	13	14931032	14931104	Ala	AGC	0	0	63.4	38.20	25.20	Inf	Ala	98.3	high confidence set
Chr03	14	15110186	15110258	Ala	AGC	0	0	63.4	38.20	25.20	Inf	Ala	98.3	high confidence set
Chr03	15	15190019	15190102	Leu	CAA	0	0	81.0	54.60	26.40	Inf	Leu	125.6	high confidence set
Chr03	16	15691868	15691940	Ala	CGC	0	0	65.5	44.30	21.20	Inf	Ala	93.8	high confidence set
Chr03	17	15741377	15741448	Gln	CTG	0	0	73.7	48.90	24.80	Inf	Gln	101.0	high confidence set
Chr03	19	18179920	18179991	Thr	TGT	0	0	84.5	58.50	26.00	Inf	Thr	95.0	high confidence set
Chr03	20	18573347	18573418	iMet	CAT	0	0	57.5	27.40	30.10	Inf	iMet	120.7	high confidence set
Chr03	21	18905433	18905504	His	GTG	0	0	63.0	33.70	29.30	Inf	His	87.1	high confidence set
Chr03	23	21137221	21137149	Ala	AGC	0	0	63.4	38.20	25.20	Inf	Ala	98.3	high confidence set
Chr03	24	20823666	20823595	Glu	TTC	0	0	72.0	47.50	24.50	Inf	Glu	101.6	high confidence set
Chr03	25	20100693	20100621	Arg	ACG	0	0	71.7	49.10	22.60	Inf	Arg	91.4	high confidence set
Chr03	28	18437176	18437092	Met	CAT	18437138	18437128	64.3	40.80	23.50	Inf	Met	104.0	high confidence set
Chr03	29	17930108	17930027	Ser	TGA	0	0	80.7	46.10	34.60	Inf	Ser	119.7	high confidence set
Chr03	30	17598867	17598796	Gln	TTG	0	0	73.5	53.70	19.80	Inf	Gln	104.8	high confidence set
Chr03	31	17379675	17379603	Lys	CTT	0	0	87.7	67.60	20.10	Inf	Lys	106.7	high confidence set
Chr03	32	17070319	17070247	Ala	TGC	0	0	69.1	43.30	25.80	Inf	Ala	101.9	high confidence set
Chr03	36	15216100	15216029	Gly	TCC	0	0	61.1	43.40	17.70	Inf	Gly	73.8	high confidence set
Chr03	37	14920321	14920249	Phe	GAA	0	0	78.3	58.40	19.90	Inf	Phe	113.2	high confidence set
Chr03	38	14672683	14672612	Asp	GTC	0	0	69.8	46.80	23.00	Inf	Asp	94.5	high confidence set
Chr03	39	14628350	14628279	Cys	GCA	0	0	82.1	59.90	22.20	Inf	Cys	106.6	high confidence set
Chr03	40	14168393	14168310	Leu	CAA	0	0	81.0	54.60	26.40	Inf	Leu	125.6	high confidence set
Chr03	42	12325259	12325187	Ala	AGC	0	0	63.4	38.20	25.20	Inf	Ala	98.3	high confidence set
Chr03	43	11831661	11831577	Met	CAT	11831623	11831613	64.3	40.80	23.50	Inf	Met	104.0	high confidence set
Chr03	44	10213966	10213883	Leu	CAA	0	0	77.7	54.90	22.80	Inf	Leu	123.7	high confidence set
Chr03	45	9262261	9262175	Ser	GGA	0	0	64.5	34.70	29.80	Inf	Ser	85.1	unexpected anticodon
Chr03	47	8296090	8296009	Ser	AGA	0	0	76.3	41.60	34.70	Inf	Ser	112.1	high confidence set
Chr03	49	7377891	7377819	Arg	TCT	0	0	70.4	50.20	20.20	Inf	Arg	95.3	high confidence set
Chr03	51	3359496	3359425	Pro	TGG	0	0	69.2	36.90	32.30	Inf	Pro	112.8	high confidence set
Chr04	2	2705385	2705456	Asp	GTC	0	0	69.8	46.80	23.00	Inf	Asp	94.5	high confidence set
Chr04	3	2730857	2730928	Asp	GTC	0	0	69.8	46.80	23.00	Inf	Asp	95.8	high confidence set
Chr04	4	2731996	2732067	Asp	GTC	0	0	69.8	46.80	23.00	Inf	Asp	95.8	high confidence set
Chr04	5	2747571	2747642	Asp	GTC	0	0	68.2	48.50	19.70	Inf	Asp	94.4	high confidence set
Chr04	6	2982321	2982392	Gln	CTG	0	0	75.3	51.20	24.10	Inf	Gln	103.1	high confidence set
Chr04	7	3316165	3316237	Val	TAC	0	0	78.2	43.80	34.40	Inf	Val	106.2	high confidence set
Chr04	8	3493241	3493311	Gly	GCC	0	0	66.5	44.80	21.70	Inf	Gly	94.4	high confidence set
Chr04	9	3888149	3888220	Asp	GTC	0	0	69.8	46.80	23.00	Inf	Asp	95.8	high confidence set
Chr04	10	4213553	4213625	Glu	CTC	0	0	76.0	50.20	25.80	Inf	Glu	98.1	high confidence set
Chr04	11	5383166	5383237	Lys	TTT	0	0	71.5	53.10	18.40	Inf	Thr	79.0	IPD:-31.80,isotype mismatch
Chr04	12	7565909	7565982	Asn	GTT	0	0	84.5	59.40	25.10	Inf	Asn	95.9	high confidence set
Chr04	14	14923008	14923080	Arg	ACG	0	0	72.0	49.70	22.30	Inf	Arg	93.9	high confidence set
Chr04	15	16823203	16823276	Val	CAC	0	0	82.4	54.40	28.00	Inf	Val	103.7	high confidence set
Chr04	16	17142717	17142790	Ile	AAT	0	0	82.4	58.90	23.50	Inf	Ile	107.0	high confidence set
Chr04	17	17208183	17208256	Asn	GTT	0	0	81.1	58.40	22.70	Inf	Asn	93.7	high confidence set
Chr04	18	17292550	17292623	Val	AAC	0	0	72.9	48.60	24.30	Inf	Val	93.8	high confidence set
Chr04	20	17561344	17561415	Gln	CTG	0	0	75.7	51.80	23.90	Inf	Gln	100.5	high confidence set
Chr04	21	17822933	17823016	Tyr	GTA	17822970	17822980	74.5	43.00	31.50	Inf	Tyr	111.8	high confidence set
Chr04	22	18207950	18208022	Glu	CTC	0	0	76.0	50.20	25.80	Inf	Glu	98.1	high confidence set
Chr04	24	20071480	20071553	Asn	GTT	0	0	80.0	54.90	25.10	Inf	Asn	93.1	high confidence set
Chr04	26	20144340	20144422	Leu	TAA	0	0	73.8	37.80	36.00	Inf	Leu	93.8	high confidence set
Chr04	27	22263684	22263756	Val	TAC	0	0	78.2	43.80	34.40	Inf	Val	106.2	high confidence set
Chr04	28	22475752	22475825	Arg	TCG	0	0	81.9	60.40	21.50	Inf	Arg	92.9	high confidence set
Chr04	30	23468542	23468471	Trp	CCA	0	0	75.1	50.10	25.00	Inf	Trp	105.0	high confidence set
Chr04	31	23464631	23464560	Trp	CCA	0	0	75.1	50.10	25.00	Inf	Trp	105.0	high confidence set
Chr04	32	23217602	23217529	Val	AAC	0	0	72.9	48.60	24.30	Inf	Val	93.8	high confidence set
Chr04	33	21020607	21020536	Gln	CTG	0	0	75.3	51.20	24.10	Inf	Gln	103.1	high confidence set
Chr04	34	20229060	20228979	Ser	GCT	0	0	80.5	45.20	35.30	Inf	Ser	109.5	high confidence set
Chr04	35	20144570	20144499	Gly	TCC	0	0	68.5	44.20	24.30	Inf	Gly	79.2	high confidence set
Chr04	36	20097754	20097674	Leu	AAG	0	0	74.0	52.20	21.80	Inf	Leu	110.4	high confidence set
Chr04	37	18709472	18709401	Gln	TTG	0	0	73.5	53.70	19.80	Inf	Gln	104.8	high confidence set
Chr04	38	17016682	17016603	Leu	TAG	0	0	69.5	48.50	21.00	Inf	Leu	111.5	high confidence set
Chr04	39	16823411	16823340	Trp	CCA	0	0	75.8	51.20	24.60	Inf	Trp	105.6	high confidence set
Chr04	41	16408256	16408184	Arg	CCT	0	0	69.1	50.30	18.80	Inf	Arg	81.2	high confidence set
Chr04	42	16293809	16293737	Arg	TCT	0	0	68.5	50.60	17.90	Inf	Arg	95.9	high confidence set
Chr04	45	8247850	8247770	Leu	CAG	0	0	69.5	46.80	22.70	Inf	Leu	109.7	high confidence set
Chr04	47	7566294	7566213	Ser	AGA	0	0	77.8	43.40	34.40	Inf	Ser	110.9	high confidence set
Chr04	48	4552788	4552718	Gly	GCC	0	0	66.5	44.80	21.70	Inf	Gly	94.4	high confidence set
Chr04	49	1284718	1284647	Trp	CCA	0	0	75.8	51.20	24.60	Inf	Trp	105.6	high confidence set
Chr05	3	1229782	1229854	Ala	AGC	0	0	63.4	38.20	25.20	Inf	Ala	98.3	high confidence set
Chr05	4	1243020	1243091	Pro	CGG	0	0	59.0	33.90	25.10	Inf	Pro	98.2	high confidence set
Chr05	5	1603015	1603086	Glu	TTC	0	0	72.0	47.50	24.50	Inf	Glu	101.6	high confidence set
Chr05	7	2677687	2677753	Ala	TGC	0	0	51.2	29.70	21.50	Inf	Ala	72.8	high confidence set
Chr05	8	2700658	2700730	Ala	TGC	0	0	69.1	43.30	25.80	Inf	Ala	101.9	high confidence set
Chr05	9	2717575	2717646	Pro	AGG	0	0	67.4	34.70	32.70	Inf	Pro	112.3	high confidence set
Chr05	10	4922802	4922886	Met	CAT	4922840	4922850	64.3	40.80	23.50	Inf	Met	104.0	high confidence set
Chr05	11	5102597	5102669	Arg	ACG	0	0	71.7	49.10	22.60	Inf	Arg	91.4	high confidence set
Chr05	12	5615253	5615324	Trp	CCA	0	0	75.8	51.20	24.60	Inf	Trp	105.6	high confidence set
Chr05	13	6228270	6228342	Lys	CTT	0	0	88.3	68.20	20.10	Inf	Lys	101.1	high confidence set
Chr05	14	6263378	6263449	Thr	TGT	0	0	63.3	34.00	29.30	Inf	Thr	81.9	high confidence set
Chr05	15	6372496	6372568	Glu	CTC	0	0	78.9	53.10	25.80	Inf	Glu	99.2	high confidence set
Chr05	16	8632695	8632767	Phe	GAA	0	0	78.3	58.40	19.90	Inf	Phe	113.2	high confidence set
Chr05	17	16190948	16191032	Met	CAT	16190986	16190996	64.3	40.80	23.50	Inf	Met	104.0	high confidence set
Chr05	18	18413059	18413130	Gln	TTG	0	0	73.5	53.70	19.80	Inf	Gln	104.8	high confidence set
Chr05	19	18599900	18599973	Trp	CCA	0	0	71.0	41.60	29.40	Inf	Thr	73.4	IPD:-17.40,isotype mismatch
Chr05	20	23108092	23108163	Glu	TTC	0	0	72.0	47.50	24.50	Inf	Glu	101.6	high confidence set
Chr05	21	23329875	23329947	Glu	CTC	0	0	79.2	53.50	25.70	Inf	Glu	94.2	high confidence set
Chr05	22	23331067	23331139	Glu	CTC	0	0	79.2	53.50	25.70	Inf	Glu	94.2	high confidence set
Chr05	23	24660261	24660190	Trp	CCA	0	0	75.8	51.20	24.60	Inf	Trp	105.6	high confidence set
Chr05	24	24630429	24630358	Asp	GTC	0	0	69.8	46.80	23.00	Inf	Asp	95.8	high confidence set
Chr05	25	24624711	24624640	Asp	GTC	0	0	69.8	46.80	23.00	Inf	Asp	95.8	high confidence set
Chr05	26	24621876	24621805	Asp	GTC	0	0	69.8	46.80	23.00	Inf	Asp	95.8	high confidence set
Chr05	27	24371848	24371769	Leu	TAG	0	0	69.5	48.50	21.00	Inf	Leu	111.5	high confidence set
Chr05	28	24370860	24370781	Leu	TAG	0	0	69.5	48.50	21.00	Inf	Leu	111.5	high confidence set
Chr05	29	24369439	24369360	Leu	TAG	0	0	69.5	48.50	21.00	Inf	Leu	111.5	high confidence set
Chr05	30	23077504	23077421	Leu	CAA	0	0	81.0	54.60	26.40	Inf	Leu	125.6	high confidence set
Chr05	32	19349597	19349526	Gln	TTG	0	0	73.5	53.70	19.80	Inf	Gln	104.8	high confidence set
Chr05	34	16545527	16545455	Lys	CTT	0	0	87.7	67.60	20.10	Inf	Lys	106.7	high confidence set
Chr05	39	10010794	10010721	Ile	AAT	0	0	79.9	56.50	23.40	Inf	Ile	104.5	high confidence set
Chr05	40	9568177	9568106	Asp	GTC	0	0	69.8	46.80	23.00	Inf	Asp	95.8	high confidence set
Chr05	42	9234015	9233944	Glu	TTC	0	0	72.0	47.50	24.50	Inf	Glu	101.6	high confidence set
Chr05	45	8784605	8784534	His	GTG	0	0	63.0	33.70	29.30	Inf	His	87.1	high confidence set
Chr05	46	8628938	8628868	Gly	GCC	0	0	66.5	44.80	21.70	Inf	Gly	94.4	high confidence set
Chr05	47	8553629	8553557	Glu	CTC	0	0	78.9	53.10	25.80	Inf	Glu	99.2	high confidence set
Chr05	48	8114797	8114724	Ile	AAT	0	0	79.3	55.80	23.50	Inf	Ile	104.3	high confidence set
Chr05	49	6686165	6686093	Arg	CCG	0	0	65.5	47.30	18.20	Inf	Arg	91.7	high confidence set
Chr05	51	5875397	5875317	Leu	AAG	0	0	74.0	52.20	21.80	Inf	Leu	110.4	high confidence set
Chr05	52	5805583	5805503	Leu	AAG	0	0	74.0	52.20	21.80	Inf	Leu	110.4	high confidence set
Chr05	53	5555865	5555792	Val	CAC	0	0	83.4	56.00	27.40	Inf	Val	102.5	high confidence set
Chr05	54	5345898	5345826	Ala	AGC	0	0	63.4	38.20	25.20	Inf	Ala	98.3	high confidence set
Chr05	55	5165875	5165791	Met	CAT	5165837	5165827	64.3	40.80	23.50	Inf	Met	104.0	high confidence set
Chr05	56	3303991	3303921	Gly	GCC	0	0	66.5	44.80	21.70	Inf	Gly	94.4	high confidence set
Chr05	57	2718997	2718926	Pro	TGG	0	0	68.5	35.70	32.80	Inf	Pro	111.2	high confidence set
Chr05	58	2423073	2422992	Ser	TGA	0	0	78.3	44.40	33.90	Inf	Ser	115.8	high confidence set
Chr05	59	1599826	1599755	Cys	GCA	0	0	82.1	59.90	22.20	Inf	Cys	106.6	high confidence set
Chr05	60	1317905	1317832	Thr	AGT	0	0	76.0	48.40	27.60	Inf	Thr	90.6	high confidence set
Chr05	61	359749	359677	Phe	GAA	0	0	78.3	58.40	19.90	Inf	Phe	113.2	high confidence set
Chr06	1	2330513	2330586	Val	AAC	0	0	73.2	49.00	24.20	Inf	Val	95.8	high confidence set
Chr06	2	4136886	4136957	Cys	GCA	0	0	80.9	57.20	23.70	Inf	Cys	104.1	high confidence set
Chr06	4	4517859	4517932	Arg	TCG	0	0	82.3	61.00	21.30	Inf	Arg	91.9	high confidence set
Chr06	6	6253906	6253978	Arg	TCT	0	0	68.5	50.60	17.90	Inf	Arg	95.9	high confidence set
Chr06	7	6342667	6342739	Lys	CTT	0	0	87.7	67.60	20.10	Inf	Lys	106.7	high confidence set
Chr06	9	7013115	7013196	Ser	AGA	0	0	77.8	43.40	34.40	Inf	Ser	110.9	high confidence set
Chr06	10	8000696	8000776	Leu	AAG	0	0	74.0	52.20	21.80	Inf	Leu	110.4	high confidence set
Chr06	11	8654284	8654367	Tyr	GTA	8654321	8654331	74.5	43.00	31.50	Inf	Tyr	111.8	high confidence set
Chr06	14	11854222	11854303	Ser	GCT	0	0	79.0	43.10	35.90	Inf	Ser	108.6	high confidence set
Chr06	15	18813207	18813279	Glu	CTC	0	0	78.9	53.10	25.80	Inf	Glu	94.8	high confidence set
Chr06	16	18828410	18828482	Glu	CTC	0	0	74.0	48.10	25.90	Inf	Glu	94.8	high confidence set
Chr06	17	20448985	20449056	Gly	TCC	0	0	60.0	46.00	14.00	Inf	Gly	71.8	high confidence set
Chr06	19	21821042	21821113	Pro	CGG	0	0	68.5	36.10	32.40	Inf	Pro	108.5	high confidence set
Chr06	21	22739786	22739857	Asp	GTC	0	0	69.8	46.80	23.00	Inf	Asp	94.5	high confidence set
Chr06	22	23065824	23065907	Leu	CAA	0	0	79.5	54.50	25.00	Inf	Leu	126.8	high confidence set
Chr06	23	23825771	23825843	Arg	CCT	0	0	69.1	50.30	18.80	Inf	Arg	81.2	high confidence set
Chr06	24	24422058	24422130	Phe	GAA	0	0	78.3	58.40	19.90	Inf	Phe	113.2	high confidence set
Chr06	25	25115481	25115552	Gly	TCC	0	0	71.0	46.70	24.30	Inf	Gly	82.3	high confidence set
Chr06	26	25277826	25277898	Arg	CCG	0	0	67.8	49.10	18.70	Inf	Arg	93.5	high confidence set
Chr06	27	25863416	25863489	Thr	AGT	0	0	71.2	47.10	24.10	Inf	Thr	84.4	high confidence set
Chr06	31	26138930	26138849	Ser	TGA	0	0	76.3	42.50	33.80	Inf	Ser	109.1	high confidence set
Chr06	33	25148278	25148206	Arg	CCT	0	0	72.6	51.90	20.70	Inf	Arg	83.4	high confidence set
Chr06	34	24202934	24202853	Ser	CGA	0	0	75.1	44.20	30.90	Inf	Ser	116.0	high confidence set
Chr06	35	22346498	22346417	Ser	AGA	0	0	75.9	41.00	34.90	Inf	Ser	111.1	high confidence set
Chr06	36	22038408	22038335	Arg	TCG	0	0	82.3	61.00	21.30	Inf	Arg	91.9	high confidence set
Chr06	37	20743074	20743003	Cys	GCA	0	0	82.1	59.90	22.20	Inf	Cys	106.6	high confidence set
Chr06	38	19933057	19932985	Ala	TGC	0	0	70.0	45.30	24.70	Inf	Ala	100.6	high confidence set
Chr06	39	19415684	19415611	Thr	AGT	0	0	74.7	46.20	28.50	Inf	Thr	89.4	high confidence set
Chr06	40	16875959	16875887	Arg	TCT	0	0	68.5	50.60	17.90	Inf	Arg	95.9	high confidence set
Chr06	41	9760603	9760515	Tyr	GTA	9760566	9760551	74.3	42.80	31.50	Inf	Tyr	111.8	high confidence set
Chr06	43	7031264	7031193	Asp	GTC	0	0	69.8	46.80	23.00	Inf	Asp	95.8	high confidence set
Chr06	44	6948506	6948433	Val	CAC	0	0	82.6	54.80	27.80	Inf	Val	106.4	high confidence set
Chr06	45	5954268	5954195	Ile	TAT	0	0	85.9	70.60	15.30	Inf	Ile	103.9	high confidence set
Chr06	46	4845608	4845536	Ala	TGC	0	0	61.7	36.10	25.60	Inf	Ala	94.0	high confidence set
Chr06	47	3381520	3381448	Ala	AGC	0	0	63.4	38.20	25.20	Inf	Ala	98.3	high confidence set
Chr06	48	980379	980299	Leu	CAG	0	0	69.5	46.80	22.70	Inf	Leu	109.7	high confidence set
Chr07	3	1290032	1290104	Phe	GAA	0	0	78.3	58.40	19.90	Inf	Phe	113.2	high confidence set
Chr07	4	1724346	1724429	Leu	CAA	0	0	76.7	54.50	22.20	Inf	Leu	123.1	high confidence set
Chr07	5	2057979	2058050	Glu	TTC	0	0	72.0	47.50	24.50	Inf	Glu	101.6	high confidence set
Chr07	6	3097622	3097693	Trp	CCA	0	0	75.8	51.20	24.60	Inf	Trp	105.6	high confidence set
Chr07	9	9009185	9009257	Arg	CCG	0	0	65.5	47.30	18.20	Inf	Arg	91.7	high confidence set
Chr07	10	10438652	10438732	Leu	AAG	0	0	74.0	52.20	21.80	Inf	Leu	110.4	high confidence set
Chr07	11	10592167	10592247	Leu	AAG	0	0	74.0	52.20	21.80	Inf	Leu	110.4	high confidence set
Chr07	12	11067745	11067818	Val	CAC	0	0	83.4	56.00	27.40	Inf	Val	102.5	high confidence set
Chr07	13	11429486	11429558	Ala	AGC	0	0	63.4	38.20	25.20	Inf	Ala	98.3	high confidence set
Chr07	14	11748398	11748482	Met	CAT	11748436	11748446	64.3	40.80	23.50	Inf	Met	104.0	high confidence set
Chr07	16	12747944	12748026	Leu	TAA	0	0	69.8	30.70	39.10	Inf	Leu	91.0	high confidence set
Chr07	19	13807486	13807558	Ala	AGC	0	0	63.4	38.20	25.20	Inf	Ala	98.3	high confidence set
Chr07	20	14350386	14350457	Thr	TGT	0	0	84.5	58.50	26.00	Inf	Thr	95.0	high confidence set
Chr07	21	15379882	15379955	Ile	AAT	0	0	82.4	58.90	23.50	Inf	Ile	107.0	high confidence set
Chr07	22	9810540	9810468	Lys	CTT	0	0	87.7	67.60	20.10	Inf	Lys	106.7	high confidence set
Chr07	23	9679394	9679323	Thr	TGT	0	0	79.3	49.30	30.00	Inf	Thr	92.3	high confidence set
Chr07	26	7183203	7183132	Asn	GTT	0	0	75.1	52.10	23.00	Inf	Asn	81.9	high confidence set
Chr07	27	7182274	7182192	Tyr	GTA	0	0	63.3	45.30	18.00	Inf	Leu	70.0	IPD:-5.00,isotype mismatch
Chr07	36	2379603	2379532	Asp	GTC	0	0	69.8	46.80	23.00	Inf	Asp	94.5	high confidence set
Chr07	38	1538666	1538595	His	GTG	0	0	63.0	33.70	29.30	Inf	His	86.8	high confidence set
Chr07	39	1154209	1154137	Glu	CTC	0	0	76.0	50.20	25.80	Inf	Glu	98.1	high confidence set
Chr08	1	1304511	1304584	Arg	TCG	0	0	82.3	61.00	21.30	Inf	Arg	91.9	high confidence set
Chr08	2	1364768	1364850	Leu	TAA	0	0	69.8	30.70	39.10	Inf	Leu	91.0	high confidence set
Chr08	3	1730845	1730918	Ile	AAT	0	0	82.4	58.90	23.50	Inf	Ile	107.0	high confidence set
Chr08	5	3137417	3137489	Arg	CCG	0	0	81.6	59.50	22.10	Inf	Arg	85.0	high confidence set
Chr08	6	3140059	3140130	His	GTG	0	0	63.0	33.70	29.30	Inf	His	87.1	high confidence set
Chr08	7	3282626	3282698	Lys	CTT	0	0	87.7	67.60	20.10	Inf	Lys	106.7	high confidence set
Chr08	8	3345033	3345105	Lys	TTT	0	0	89.7	65.30	24.40	Inf	Lys	92.7	high confidence set
Chr08	9	3706732	3706803	Pro	AGG	0	0	67.4	34.70	32.70	Inf	Pro	112.3	high confidence set
Chr08	10	5468040	5468112	Lys	TTT	0	0	89.7	65.30	24.40	Inf	Lys	92.7	high confidence set
Chr08	12	8562562	8562643	Ser	AGA	0	0	77.1	42.80	34.30	Inf	Ser	110.5	high confidence set
Chr08	13	11690674	11690746	Glu	CTC	0	0	78.9	53.10	25.80	Inf	Glu	94.8	high confidence set
Chr08	14	12250750	12250822	Lys	CTT	0	0	87.7	67.60	20.10	Inf	Lys	106.7	high confidence set
Chr08	15	16064915	16064985	Gly	CCC	0	0	66.0	29.20	36.80	Inf	Gly	87.4	high confidence set
Chr08	16	17291640	17291567	Thr	AGT	0	0	76.0	48.40	27.60	Inf	Thr	90.6	high confidence set
Chr08	17	13857113	13857042	Pro	AGG	0	0	67.4	34.70	32.70	Inf	Pro	112.3	high confidence set
Chr08	18	13416533	13416462	Asn	GTT	0	0	76.1	53.10	23.00	Inf	Asn	83.1	high confidence set
Chr08	19	12880950	12880878	Arg	ACG	0	0	71.7	49.10	22.60	Inf	Arg	91.4	high confidence set
Chr08	20	12880795	12880724	Lys	TTT	0	0	86.0	61.70	24.30	Inf	Lys	88.0	high confidence set
Chr08	21	12383743	12383670	Val	AAC	0	0	73.2	49.00	24.20	Inf	Val	95.8	high confidence set
Chr08	23	12048931	12048850	Ser	GCT	0	0	80.5	45.20	35.30	Inf	Ser	109.5	high confidence set
Chr08	24	11929835	11929754	Ser	AGA	0	0	77.1	42.80	34.30	Inf	Ser	110.5	high confidence set
Chr08	25	11744796	11744725	iMet	CAT	0	0	58.3	28.10	30.20	Inf	iMet	118.7	high confidence set
Chr08	27	10600287	10600215	Arg	TCT	0	0	70.3	50.00	20.30	Inf	Arg	98.1	high confidence set
Chr08	29	10147244	10147161	Tyr	GTA	10147207	10147197	70.1	38.60	31.50	Inf	Tyr	108.3	high confidence set
Chr08	30	8967779	8967706	Asn	GTT	0	0	81.7	56.30	25.40	Inf	Asn	94.2	high confidence set
Chr08	31	8764302	8764229	Val	AAC	0	0	72.9	48.60	24.30	Inf	Val	93.8	high confidence set
Chr08	32	8350113	8350040	Asn	GTT	0	0	80.0	54.90	25.10	Inf	Asn	93.1	high confidence set
Chr08	33	7414172	7414099	Ile	AAT	0	0	82.4	58.90	23.50	Inf	Ile	107.0	high confidence set
Chr08	34	6089078	6089007	Asp	GTC	0	0	69.8	46.80	23.00	Inf	Asp	95.8	high confidence set
Chr08	35	6026141	6026070	Thr	CGT	0	0	80.2	53.70	26.50	Inf	Thr	86.8	high confidence set
Chr08	36	5973110	5973037	Asn	GTT	0	0	80.0	54.90	25.10	Inf	Asn	93.1	high confidence set
Chr08	37	4891690	4891619	His	GTG	0	0	54.3	33.00	21.30	Inf	His	80.8	high confidence set
Chr08	38	4578538	4578466	Val	TAC	0	0	78.2	43.80	34.40	Inf	Val	106.2	high confidence set
Chr08	39	4471869	4471797	Lys	CTT	0	0	87.7	67.60	20.10	Inf	Lys	106.7	high confidence set
Chr08	40	3706011	3705940	Asp	GTC	0	0	69.8	46.80	23.00	Inf	Asp	94.5	high confidence set
Chr08	41	3637171	3637098	Val	CAC	0	0	81.5	53.50	28.00	Inf	Val	103.7	high confidence set
Chr08	42	3167130	3167059	Pro	AGG	0	0	67.4	34.70	32.70	Inf	Pro	112.3	high confidence set
Chr08	43	2925853	2925782	His	GTG	0	0	63.0	33.70	29.30	Inf	His	86.8	high confidence set
Chr08	44	2877705	2877634	Pro	AGG	0	0	67.4	34.70	32.70	Inf	Pro	112.3	high confidence set
Chr08	45	2353182	2353111	His	GTG	0	0	63.0	33.70	29.30	Inf	His	86.8	high confidence set
Chr08	46	1877213	1877130	Tyr	GTA	1877176	1877166	74.5	43.10	31.40	Inf	Tyr	111.8	high confidence set
Chr08	47	1773762	1773690	Lys	TTT	0	0	89.7	65.30	24.40	Inf	Lys	92.7	high confidence set
Chr08	48	1133027	1132954	Val	AAC	0	0	72.9	48.60	24.30	Inf	Val	93.8	high confidence set
Chr08	49	1108138	1108065	Val	AAC	0	0	72.9	48.60	24.30	Inf	Val	93.8	high confidence set
Chr09	5	3946784	3946855	Cys	GCA	0	0	81.7	56.10	25.60	Inf	Cys	104.3	high confidence set
Chr09	6	4248636	4248708	Lys	TTT	0	0	89.7	65.30	24.40	Inf	Lys	92.7	high confidence set
Chr09	7	5800305	5800386	Ser	GCT	0	0	73.0	43.10	29.90	Inf	Ser	101.5	high confidence set
Chr09	8	6024515	6024586	Gly	TCC	0	0	71.0	46.70	24.30	Inf	Gly	82.3	high confidence set
Chr09	9	6303549	6303622	Ile	AAT	0	0	82.4	58.90	23.50	Inf	Ile	107.0	high confidence set
Chr09	10	6341613	6341694	Ser	GCT	0	0	79.0	43.10	35.90	Inf	Ser	108.6	high confidence set
Chr09	11	6689612	6689684	Ala	TGC	0	0	70.0	45.30	24.70	Inf	Ala	100.6	high confidence set
Chr09	12	7070533	7070604	Glu	TTC	0	0	72.0	47.50	24.50	Inf	Glu	101.6	high confidence set
Chr09	13	7484181	7484251	Gly	GCC	0	0	66.5	44.80	21.70	Inf	Gly	94.4	high confidence set
Chr09	14	7725424	7725496	Glu	CTC	0	0	78.9	53.10	25.80	Inf	Glu	99.2	high confidence set
Chr09	15	8130694	8130765	Pro	TGG	0	0	69.2	36.90	32.30	Inf	Pro	112.8	high confidence set
Chr09	16	8133930	8134001	Pro	TGG	0	0	68.9	36.50	32.40	Inf	Pro	109.4	high confidence set
Chr09	17	8134459	8134530	Pro	AGG	0	0	59.0	32.70	26.30	Inf	Pro	104.7	high confidence set
Chr09	18	8135458	8135529	Pro	TGG	0	0	68.5	35.70	32.80	Inf	Pro	111.2	high confidence set
Chr09	19	8136680	8136751	Pro	TGG	0	0	68.5	35.70	32.80	Inf	Pro	111.2	high confidence set
Chr09	21	8208531	8208604	Asn	GTT	0	0	81.1	58.40	22.70	Inf	Asn	93.7	high confidence set
Chr09	22	9461910	9461983	Ile	AAT	0	0	82.4	58.90	23.50	Inf	Ile	107.0	high confidence set
Chr09	23	9522684	9522757	Asn	GTT	0	0	83.6	57.90	25.70	Inf	Asn	94.5	high confidence set
Chr09	24	9635647	9635720	Val	AAC	0	0	73.2	49.00	24.20	Inf	Val	95.8	high confidence set
Chr09	25	9980316	9980399	Tyr	GTA	9980353	9980363	70.1	38.60	31.50	Inf	Tyr	108.3	high confidence set
Chr09	26	11731759	11731832	Asn	GTT	0	0	80.0	54.90	25.10	Inf	Asn	93.1	high confidence set
Chr09	27	11812664	11812746	Leu	TAA	0	0	79.2	43.20	36.00	Inf	Leu	99.9	high confidence set
Chr09	29	11891838	11891757	Ser	GCT	0	0	80.5	45.20	35.30	Inf	Ser	109.5	high confidence set
Chr09	30	11812881	11812810	Gly	TCC	0	0	71.0	46.70	24.30	Inf	Gly	82.3	high confidence set
Chr09	32	10679298	10679227	Gln	TTG	0	0	73.5	53.70	19.80	Inf	Gln	104.8	high confidence set
Chr09	33	9755738	9755667	Glu	TTC	0	0	72.0	47.50	24.50	Inf	Glu	101.6	high confidence set
Chr09	34	9415100	9415021	Leu	TAG	0	0	69.5	48.50	21.00	Inf	Leu	111.5	high confidence set
Chr09	35	9318709	9318638	Trp	CCA	0	0	75.1	50.10	25.00	Inf	Trp	105.0	high confidence set
Chr09	36	9275478	9275405	Ile	AAT	0	0	82.4	58.90	23.50	Inf	Ile	107.0	high confidence set
Chr09	37	9025618	9025546	Arg	CCT	0	0	69.1	50.30	18.80	Inf	Arg	81.2	high confidence set
Chr09	38	8929745	8929673	Arg	TCT	0	0	69.1	51.30	17.80	Inf	Arg	93.2	high confidence set
Chr09	40	7337953	7337868	Met	CAT	7337915	7337904	64.2	40.70	23.50	Inf	Met	104.0	high confidence set
Chr09	41	7237044	7236971	Ile	TAT	0	0	85.9	70.60	15.30	Inf	Ile	103.9	high confidence set
Chr09	42	7079469	7079397	Arg	ACG	0	0	72.9	50.30	22.60	Inf	Arg	91.8	high confidence set
Chr09	43	6418917	6418845	Ala	TGC	0	0	69.1	43.30	25.80	Inf	Ala	101.9	high confidence set
Chr09	44	6051217	6051144	Arg	TCG	0	0	82.3	61.00	21.30	Inf	Arg	91.9	high confidence set
Chr09	45	4665019	4664946	Val	CAC	0	0	82.4	54.40	28.00	Inf	Val	103.7	high confidence set
Chr09	46	4317245	4317174	Gly	TCC	0	0	71.0	46.70	24.30	Inf	Gly	82.3	high confidence set
Chr09	47	3954440	3954367	Val	AAC	0	0	72.9	48.60	24.30	Inf	Val	93.8	high confidence set
Chr09	50	1080515	1080443	Val	TAC	0	0	68.7	36.50	32.20	Inf	Val	97.9	high confidence set
Chr09	51	805735	805664	Cys	GCA	0	0	80.9	57.20	23.70	Inf	Cys	104.1	high confidence set
Chr10	1	104793	104866	Thr	AGT	0	0	76.0	48.40	27.60	Inf	Thr	90.6	high confidence set
Chr10	4	8025357	8025429	Arg	ACG	0	0	67.1	47.60	19.50	Inf	Arg	83.6	high confidence set
Chr10	5	9346239	9346320	Ser	AGA	0	0	77.8	43.40	34.40	Inf	Ser	110.9	high confidence set
Chr10	7	11743196	11743279	Tyr	GTA	11743233	11743243	74.5	43.00	31.50	Inf	Tyr	111.8	high confidence set
Chr10	8	11900522	11900595	Val	AAC	0	0	73.2	49.00	24.20	Inf	Val	95.8	high confidence set
Chr10	9	13375443	13375516	Asn	GTT	0	0	80.0	54.90	25.10	Inf	Asn	93.1	high confidence set
Chr10	11	14645222	14645295	Ile	AAT	0	0	82.4	58.90	23.50	Inf	Ile	107.0	high confidence set
Chr10	12	16386924	16386995	Asp	GTC	0	0	69.8	46.80	23.00	Inf	Asp	95.8	high confidence set
Chr10	13	16452298	16452369	Thr	CGT	0	0	80.2	53.70	26.50	Inf	Thr	86.8	high confidence set
Chr10	14	18125710	18125782	Val	TAC	0	0	78.2	43.80	34.40	Inf	Val	106.2	high confidence set
Chr10	15	18218833	18218905	Lys	CTT	0	0	87.7	67.60	20.10	Inf	Lys	106.7	high confidence set
Chr10	16	19012463	19012534	Asp	GTC	0	0	69.8	46.80	23.00	Inf	Asp	95.8	high confidence set
Chr10	17	19977202	19977273	His	GTG	0	0	63.0	33.70	29.30	Inf	His	86.8	high confidence set
Chr10	18	20037308	20037379	Pro	AGG	0	0	67.4	34.70	32.70	Inf	Pro	112.3	high confidence set
Chr10	19	20502039	20502110	Pro	AGG	0	0	67.4	34.70	32.70	Inf	Pro	112.3	high confidence set
Chr10	20	20564639	20564710	His	GTG	0	0	63.0	33.70	29.30	Inf	His	86.8	high confidence set
Chr10	21	21106898	21106981	Tyr	GTA	21106935	21106945	74.5	43.10	31.40	Inf	Tyr	111.8	high confidence set
Chr10	22	21123632	21123704	Lys	CTT	0	0	87.7	67.60	20.10	Inf	Lys	106.7	high confidence set
Chr10	23	21180920	21180992	Lys	TTT	0	0	89.7	65.30	24.40	Inf	Lys	92.7	high confidence set
Chr10	25	21579234	21579161	Arg	TCG	0	0	82.3	61.00	21.30	Inf	Arg	91.9	high confidence set
Chr10	26	21227769	21227696	Ile	AAT	0	0	82.4	58.90	23.50	Inf	Ile	107.0	high confidence set
Chr10	27	20634465	20634384	Ser	AGA	0	0	72.5	39.80	32.70	Inf	Ser	106.8	high confidence set
Chr10	29	19735200	19735129	His	GTG	0	0	63.0	33.70	29.30	Inf	His	87.1	high confidence set
Chr10	30	19010631	19010560	Pro	AGG	0	0	67.4	34.70	32.70	Inf	Pro	112.3	high confidence set
Chr10	31	17067476	17067404	Lys	TTT	0	0	89.7	65.30	24.40	Inf	Lys	92.7	high confidence set
Chr10	32	13158689	13158608	Ser	AGA	0	0	77.1	42.80	34.30	Inf	Ser	110.5	high confidence set
Chr10	34	8856079	8856007	Lys	CTT	0	0	87.7	67.60	20.10	Inf	Lys	106.7	high confidence set
Chr10	35	8448925	8448853	Thr	TGT	0	0	70.4	49.30	21.10	Inf	Thr	82.7	high confidence set
Chr11	1	75739	75810	Trp	CCA	0	0	75.8	51.20	24.60	Inf	Trp	105.6	high confidence set
Chr11	2	77210	77281	Trp	CCA	0	0	75.8	51.20	24.60	Inf	Trp	105.6	high confidence set
Chr11	3	314379	314450	His	GTG	0	0	63.0	33.70	29.30	Inf	His	87.1	high confidence set
Chr11	5	1978752	1978825	Val	CAC	0	0	82.4	54.40	28.00	Inf	Val	103.7	high confidence set
Chr11	8	3369293	3369364	Asp	GTC	0	0	69.8	46.80	23.00	Inf	Asp	95.8	high confidence set
Chr11	9	3369898	3369969	Asp	GTC	0	0	69.8	46.80	23.00	Inf	Asp	94.5	high confidence set
Chr11	10	4081074	4081146	Val	TAC	0	0	78.2	43.80	34.40	Inf	Val	106.2	high confidence set
Chr11	11	4167452	4167534	Leu	TAA	0	0	71.0	33.00	38.00	Inf	Leu	93.8	high confidence set
Chr11	12	4258097	4258167	Gly	GCC	0	0	66.5	44.80	21.70	Inf	Gly	94.4	high confidence set
Chr11	13	4695922	4695993	Asp	GTC	0	0	69.8	46.80	23.00	Inf	Asp	95.8	high confidence set
Chr11	14	4698984	4699055	Asp	GTC	0	0	69.8	46.80	23.00	Inf	Asp	95.8	high confidence set
Chr11	15	5131910	5131982	Glu	CTC	0	0	78.9	53.10	25.80	Inf	Glu	99.2	high confidence set
Chr11	16	5340002	5340075	Ile	TAT	0	0	85.9	70.60	15.30	Inf	Ile	103.9	high confidence set
Chr11	17	6048009	6048081	Glu	CTC	0	0	78.9	53.10	25.80	Inf	Glu	94.8	high confidence set
Chr11	18	6061703	6061775	Glu	CTC	0	0	78.9	53.10	25.80	Inf	Glu	94.8	high confidence set
Chr11	19	6242110	6242183	Ile	AAT	0	0	82.4	58.90	23.50	Inf	Ile	107.0	high confidence set
Chr11	20	7848065	7848136	Asn	GTT	0	0	68.3	47.60	20.70	Inf	Asn	75.0	high confidence set
Chr11	23	12467131	12467204	Ile	TAT	0	0	85.9	70.60	15.30	Inf	Ile	103.9	high confidence set
Chr11	26	14777687	14777759	Phe	GAA	0	0	78.3	58.40	19.90	Inf	Phe	113.2	high confidence set
Chr11	27	16557181	16557253	Ala	AGC	0	0	63.4	38.20	25.20	Inf	Ala	98.3	high confidence set
Chr11	28	16805598	16805668	Gly	CCC	0	0	66.0	29.20	36.80	Inf	Gly	87.4	high confidence set
Chr11	31	17383057	17382985	Lys	TTT	0	0	89.7	65.30	24.40	Inf	Lys	92.7	high confidence set
Chr11	33	16941771	16941700	iMet	CAT	0	0	57.5	27.40	30.10	Inf	iMet	120.7	high confidence set
Chr11	34	16936675	16936604	iMet	CAT	0	0	57.5	27.40	30.10	Inf	iMet	120.7	high confidence set
Chr11	35	16929752	16929681	iMet	CAT	0	0	57.5	27.40	30.10	Inf	iMet	120.7	high confidence set
Chr11	36	15585645	15585573	Phe	GAA	0	0	78.3	58.40	19.90	Inf	Phe	113.2	high confidence set
Chr11	41	5590480	5590410	Gly	GCC	0	0	66.5	44.80	21.70	Inf	Gly	94.4	high confidence set
Chr12	1	310524	310608	Met	CAT	310562	310572	64.2	40.80	23.40	Inf	Met	104.0	high confidence set
Chr12	2	1701130	1701202	Ala	CGC	0	0	68.3	44.10	24.20	Inf	Ala	99.2	high confidence set
Chr12	3	2030026	2030099	Ile	AAT	0	0	82.4	58.90	23.50	Inf	Ile	107.0	high confidence set
Chr12	4	2377574	2377653	Leu	TAG	0	0	69.5	48.50	21.00	Inf	Leu	111.5	high confidence set
Chr12	6	3604269	3604340	Asp	GTC	0	0	69.8	46.80	23.00	Inf	Asp	94.5	high confidence set
Chr12	7	3955825	3955898	Asn	GTT	0	0	84.5	59.40	25.10	Inf	Asn	95.9	high confidence set
Chr12	9	11571437	11571508	Thr	TGT	0	0	84.5	58.50	26.00	Inf	Thr	95.0	high confidence set
Chr12	10	12175740	12175820	Leu	AAG	0	0	72.6	49.90	22.70	Inf	Leu	108.7	high confidence set
Chr12	11	12251989	12252070	Ser	TGA	0	0	80.7	46.10	34.60	Inf	Ser	119.7	high confidence set
Chr12	12	12335903	12335973	Gly	GCC	0	0	66.5	44.80	21.70	Inf	Gly	94.4	high confidence set
Chr12	13	12338009	12338079	Gly	GCC	0	0	66.5	44.80	21.70	Inf	Gly	94.4	high confidence set
Chr12	14	12565236	12565307	Gln	TTG	0	0	73.5	53.70	19.80	Inf	Gln	104.8	high confidence set
Chr12	15	12628122	12628193	iMet	CAT	0	0	60.5	31.70	28.80	Inf	iMet	119.7	high confidence set
Chr12	16	13089928	13090009	Ser	AGA	0	0	76.3	41.60	34.70	Inf	Ser	112.1	high confidence set
Chr12	17	13780296	13780368	Lys	TTT	0	0	89.7	65.30	24.40	Inf	Lys	92.7	high confidence set
Chr12	18	15312488	15312559	Asp	GTC	0	0	69.8	46.80	23.00	Inf	Asp	94.5	high confidence set
Chr12	19	15533337	15533254	Leu	CAA	0	0	72.5	51.90	20.60	Inf	Leu	116.6	high confidence set
Chr12	20	15223919	15223846	Val	AAC	0	0	72.9	48.60	24.30	Inf	Val	93.8	high confidence set
Chr12	21	13668513	13668442	Asp	GTC	0	0	69.8	46.80	23.00	Inf	Asp	95.8	high confidence set
Chr12	22	13664792	13664721	Asp	GTC	0	0	69.8	46.80	23.00	Inf	Asp	95.8	high confidence set
Chr12	23	13095826	13095756	Gly	CCC	0	0	66.0	29.20	36.80	Inf	Gly	87.4	high confidence set
Chr12	24	11909557	11909486	Lys	TTT	0	0	74.3	53.30	21.00	Inf	Thr	83.2	IPD:-33.20,isotype mismatch
Chr12	25	11908150	11908079	Lys	TTT	0	0	74.3	53.30	21.00	Inf	Thr	83.2	IPD:-33.20,isotype mismatch
Chr12	26	11695393	11695321	Arg	CCT	0	0	66.9	46.30	20.60	Inf	Thr	78.0	IPD:-0.80,isotype mismatch
Chr12	27	6422526	6422455	Thr	CGT	0	0	82.2	57.60	24.60	Inf	Thr	90.2	high confidence set
Chr12	28	5145731	5145651	Leu	CAG	0	0	67.0	44.30	22.70	Inf	Leu	108.9	high confidence set
Chr12	30	1966288	1966218	Gly	CCC	0	0	66.0	29.20	36.80	Inf	Gly	87.4	high confidence set
Chr12	31	1815034	1814964	Gly	GCC	0	0	66.5	44.80	21.70	Inf	Gly	94.4	high confidence set
Chr12	32	1814221	1814151	Gly	GCC	0	0	66.5	44.80	21.70	Inf	Gly	94.4	high confidence set
Chr12	33	1812690	1812620	Gly	GCC	0	0	66.5	44.80	21.70	Inf	Gly	94.4	high confidence set
Chr12	34	771902	771831	iMet	CAT	0	0	57.5	27.40	30.10	Inf	iMet	120.7	high confidence set
Chr13	1	647122	647194	Ala	AGC	0	0	63.4	38.20	25.20	Inf	Ala	98.3	high confidence set
Chr13	2	654565	654636	Pro	CGG	0	0	68.5	36.10	32.40	Inf	Pro	108.5	high confidence set
Chr13	3	1054600	1054671	Glu	TTC	0	0	72.0	47.50	24.50	Inf	Glu	101.6	high confidence set
Chr13	4	1885590	1885662	Ala	TGC	0	0	59.2	39.30	19.90	Inf	Ala	92.2	high confidence set
Chr13	5	1908588	1908659	Pro	AGG	0	0	67.4	34.70	32.70	Inf	Pro	112.3	high confidence set
Chr13	7	2405509	2405581	Glu	CTC	0	0	71.9	46.10	25.80	Inf	Glu	95.3	high confidence set
Chr13	8	3429808	3429880	Ala	TGC	0	0	69.1	43.30	25.80	Inf	Ala	101.9	high confidence set
Chr13	12	11896328	11896399	Glu	TTC	0	0	72.0	47.50	24.50	Inf	Glu	101.6	high confidence set
Chr13	14	13663402	13663474	Phe	GAA	0	0	78.3	58.40	19.90	Inf	Phe	113.2	high confidence set
Chr13	16	15585842	15585914	Thr	TGT	0	0	70.4	49.30	21.10	Inf	Thr	82.7	high confidence set
Chr13	17	15595385	15595458	Met	CAT	0	0	65.8	38.30	27.50	Inf	Met	74.0	high confidence set
Chr13	21	15632711	15632782	Arg	TCT	0	0	58.3	25.60	32.70	Inf	Gln	70.8	IPD:-24.50,isotype mismatch
Chr13	23	15655268	15655339	Thr	GGT	0	0	58.2	29.20	29.00	Inf	Thr	73.0	unexpected anticodon
Chr13	25	15654895	15654812	Tyr	GTA	0	0	61.3	31.50	29.80	Inf	Tyr	72.5	high confidence set
Chr13	27	15630969	15630882	Ser	GCT	0	0	60.5	38.60	21.90	Inf	Ser	78.3	high confidence set
Chr13	31	15587118	15587032	Ser	GGA	0	0	64.5	34.70	29.80	Inf	Ser	85.1	unexpected anticodon
Chr13	32	15584375	15584303	Phe	GAA	0	0	64.0	37.10	26.90	Inf	Thr	71.3	IPD:-11.10,isotype mismatch
Chr13	34	15031779	15031709	Gly	GCC	0	0	66.5	44.80	21.70	Inf	Gly	94.4	high confidence set
Chr13	35	14694864	14694783	Ser	TGA	0	0	81.1	46.70	34.40	Inf	Ser	122.5	high confidence set
Chr13	37	14277153	14277072	Ser	AGA	0	0	75.9	41.00	34.90	Inf	Ser	111.1	high confidence set
Chr13	38	14220491	14220420	Gln	CTG	0	0	75.3	51.20	24.10	Inf	Gln	103.1	high confidence set
Chr13	39	14169696	14169604	Tyr	GTA	14169659	14169640	74.2	42.70	31.50	Inf	Tyr	111.8	high confidence set
Chr13	40	13978123	13978051	Val	TAC	0	0	78.2	43.80	34.40	Inf	Val	106.2	high confidence set
Chr13	41	13663011	13662939	Phe	GAA	0	0	78.3	58.40	19.90	Inf	Phe	113.2	high confidence set
Chr13	45	2711447	2711377	Gly	GCC	0	0	57.7	44.30	13.40	Inf	Gly	84.6	high confidence set
Chr13	47	1052655	1052584	Cys	GCA	0	0	82.1	59.90	22.20	Inf	Cys	106.6	high confidence set
Chr13	48	706607	706534	Thr	AGT	0	0	76.0	48.40	27.60	Inf	Thr	90.6	high confidence set
Chr13	49	294738	294666	Phe	GAA	0	0	78.3	58.40	19.90	Inf	Phe	113.2	high confidence set
Chr14	2	925489	925560	Pro	TGG	0	0	68.5	35.70	32.80	Inf	Pro	111.2	high confidence set
Chr14	3	1075598	1075671	Thr	AGT	0	0	76.0	48.40	27.60	Inf	Thr	90.6	high confidence set
Chr14	4	1889033	1889105	Arg	CCT	0	0	68.1	48.70	19.40	Inf	Arg	79.8	high confidence set
Chr14	5	5060872	5060952	Leu	AAG	0	0	74.0	52.20	21.80	Inf	Leu	110.4	high confidence set
Chr14	7	6484877	6484949	Ala	CGC	0	0	67.5	42.90	24.60	Inf	Ala	99.2	high confidence set
Chr14	8	7736596	7736668	Ala	TGC	0	0	70.0	45.30	24.70	Inf	Ala	100.6	high confidence set
Chr14	9	8124473	8124544	His	GTG	0	0	63.3	34.30	29.00	Inf	His	87.4	high confidence set
Chr14	10	8830573	8830643	Gly	CCC	0	0	66.0	29.20	36.80	Inf	Gly	87.4	high confidence set
Chr14	11	9110435	9110506	Pro	TGG	0	0	68.5	35.70	32.80	Inf	Pro	111.2	high confidence set
Chr14	16	13555373	13555301	Arg	TCT	0	0	66.9	47.70	19.20	Inf	Arg	89.2	high confidence set
Chr14	17	11727742	11727669	Ile	AAT	0	0	82.4	58.90	23.50	Inf	Ile	107.0	high confidence set
Chr14	18	9110775	9110704	Pro	AGG	0	0	67.4	34.70	32.70	Inf	Pro	112.3	high confidence set
Chr14	19	7827480	7827408	Phe	GAA	0	0	78.3	58.40	19.90	Inf	Phe	113.2	high confidence set
Chr14	20	7725856	7725784	Phe	GAA	0	0	78.3	58.40	19.90	Inf	Phe	113.2	high confidence set
Chr14	21	7094488	7094417	Cys	GCA	0	0	82.1	59.90	22.20	Inf	Cys	106.6	high confidence set
Chr14	22	6707592	6707519	Val	AAC	0	0	72.9	48.60	24.30	Inf	Val	93.8	high confidence set
Chr14	23	6636586	6636516	Gly	CCC	0	0	66.0	29.20	36.80	Inf	Gly	87.4	high confidence set
Chr14	24	5328188	5328115	Val	CAC	0	0	82.4	54.40	28.00	Inf	Val	103.7	high confidence set
Chr14	25	4400550	4400478	Lys	CTT	0	0	87.7	67.60	20.10	Inf	Lys	106.7	high confidence set
Chr14	26	4249945	4249873	Glu	CTC	0	0	78.9	53.10	25.80	Inf	Glu	99.2	high confidence set
Chr14	29	521838	521765	Thr	AGT	0	0	73.6	45.20	28.40	Inf	Thr	88.6	high confidence set
Chr15	1	254932	255017	Met	CAT	254970	254981	64.2	40.70	23.50	Inf	Met	104.0	high confidence set
Chr15	2	418517	418596	Leu	TAG	0	0	69.0	47.70	21.30	Inf	Leu	102.2	high confidence set
Chr15	3	651486	651556	Gly	CCC	0	0	66.0	29.20	36.80	Inf	Gly	87.4	high confidence set
Chr15	4	1751661	1751732	iMet	CAT	0	0	57.5	27.40	30.10	Inf	iMet	120.7	high confidence set
Chr15	6	2882368	2882441	Asn	GTT	0	0	80.0	54.90	25.10	Inf	Asn	93.1	high confidence set
Chr15	7	10128163	10128242	Leu	TAG	0	0	69.5	48.50	21.00	Inf	Leu	111.5	high confidence set
Chr15	9	10753864	10753935	Gly	TCC	0	0	73.9	46.20	27.70	Inf	Gly	85.6	high confidence set
Chr15	10	11843139	11843220	Ser	TGA	0	0	80.7	46.10	34.60	Inf	Ser	119.7	high confidence set
Chr15	11	11865933	11866003	Gly	GCC	0	0	66.5	44.80	21.70	Inf	Gly	94.4	high confidence set
Chr15	12	11884696	11884766	Gly	GCC	0	0	66.5	44.80	21.70	Inf	Gly	94.4	high confidence set
Chr15	13	12113789	12113860	Gln	TTG	0	0	73.5	53.70	19.80	Inf	Gln	104.8	high confidence set
Chr15	14	12235365	12235436	iMet	CAT	0	0	60.5	31.70	28.80	Inf	iMet	119.7	high confidence set
Chr15	15	14925195	14925266	Asp	GTC	0	0	69.8	46.80	23.00	Inf	Asp	94.5	high confidence set
Chr15	16	13260298	13260226	Lys	TTT	0	0	89.7	65.30	24.40	Inf	Lys	92.7	high confidence set
Chr15	18	13148573	13148502	Pro	TGG	0	0	68.5	35.70	32.80	Inf	Pro	111.2	high confidence set
Chr15	19	11203708	11203636	Arg	CCT	0	0	66.9	46.30	20.60	Inf	Thr	78.0	IPD:-0.80,isotype mismatch
Chr15	20	10343876	10343805	Pro	TGG	0	0	68.5	35.70	32.80	Inf	Pro	111.2	high confidence set
Chr15	23	4310324	4310244	Leu	CAG	0	0	69.5	46.80	22.70	Inf	Leu	109.7	high confidence set
Chr15	27	907018	906946	Ala	CGC	0	0	68.3	44.10	24.20	Inf	Ala	99.2	high confidence set
Chr15	28	809962	809891	Gln	CTG	0	0	73.7	48.90	24.80	Inf	Gln	101.0	high confidence set
Chr16	1	279834	279905	Thr	CGT	0	0	80.2	53.70	26.50	Inf	Thr	86.8	high confidence set
Chr16	2	495818	495898	Leu	CAG	0	0	69.5	46.80	22.70	Inf	Leu	109.7	high confidence set
Chr16	3	495981	496061	Leu	CAG	0	0	69.5	46.80	22.70	Inf	Leu	109.7	high confidence set
Chr16	5	2936437	2936509	Ala	TGC	0	0	70.0	45.30	24.70	Inf	Ala	100.6	high confidence set
Chr16	7	3806865	3806937	Ala	AGC	0	0	63.4	38.20	25.20	Inf	Ala	98.3	high confidence set
Chr16	9	5907748	5907819	Pro	CGG	0	0	68.5	36.10	32.40	Inf	Pro	108.5	high confidence set
Chr16	11	10706362	10706433	Pro	AGG	0	0	67.4	34.70	32.70	Inf	Pro	112.3	high confidence set
Chr16	12	11294810	11294882	Glu	CTC	0	0	69.2	45.50	23.70	Inf	Glu	91.2	high confidence set
Chr16	13	12338066	12338138	Ala	AGC	0	0	63.4	38.20	25.20	Inf	Ala	98.3	high confidence set
Chr16	14	12355330	12355402	Ala	AGC	0	0	63.4	38.20	25.20	Inf	Ala	98.3	high confidence set
Chr16	15	12628329	12628402	Ile	AAT	0	0	82.4	58.90	23.50	Inf	Ile	107.0	high confidence set
Chr16	16	12883348	12883418	Gly	GCC	0	0	66.5	44.80	21.70	Inf	Gly	94.4	high confidence set
Chr16	17	12914836	12914916	Leu	AAG	0	0	74.0	52.20	21.80	Inf	Leu	110.4	high confidence set
Chr16	18	13259522	13259605	Tyr	GTA	13259559	13259569	74.5	43.00	31.50	Inf	Tyr	111.8	high confidence set
Chr16	21	12000962	12000891	Lys	TTT	0	0	86.0	61.70	24.30	Inf	Lys	88.0	high confidence set
Chr16	26	4113099	4113028	Gly	TCC	0	0	71.0	46.70	24.30	Inf	Gly	82.3	high confidence set
Chr16	27	3203947	3203876	Cys	GCA	0	0	80.9	57.20	23.70	Inf	Cys	104.1	high confidence set
Chr16	28	1382189	1382118	Thr	TGT	0	0	84.5	58.50	26.00	Inf	Thr	95.0	high confidence set
Chr16	29	296640	296567	Ile	AAT	0	0	82.4	58.90	23.50	Inf	Ile	107.0	high confidence set
Chr16	30	240112	240040	Phe	GAA	0	0	78.3	58.40	19.90	Inf	Phe	113.2	high confidence set
Chr17	1	2037000	2037071	Thr	TGT	0	0	84.3	58.00	26.30	Inf	Thr	93.3	high confidence set
Chr17	2	3733412	3733492	Leu	AAG	0	0	74.0	52.20	21.80	Inf	Leu	110.4	high confidence set
Chr17	3	4327934	4328015	Ser	GCT	0	0	80.5	45.20	35.30	Inf	Ser	109.5	high confidence set
Chr17	4	4646977	4647050	Val	AAC	0	0	73.2	49.00	24.20	Inf	Val	95.8	high confidence set
Chr17	6	8571131	8571203	Ala	AGC	0	0	63.4	38.20	25.20	Inf	Ala	98.3	high confidence set
Chr17	7	13070983	13071064	Ser	AGA	0	0	77.1	42.80	34.30	Inf	Ser	110.5	high confidence set
Chr17	8	13072870	13072797	Asn	GTT	0	0	80.0	54.90	25.10	Inf	Asn	93.1	high confidence set
Chr17	9	12603625	12603553	Arg	TCT	0	0	70.3	50.00	20.30	Inf	Arg	98.1	high confidence set
Chr17	10	11133238	11133165	Ile	AAT	0	0	82.4	58.90	23.50	Inf	Ile	107.0	high confidence set
Chr17	13	5104929	5104858	Asp	GTC	0	0	69.8	46.80	23.00	Inf	Asp	95.8	high confidence set
Chr17	14	548883	548810	Ile	AAT	0	0	82.4	58.90	23.50	Inf	Ile	107.0	high confidence set
Chr18	1	191693	191765	Arg	ACG	0	0	71.7	49.10	22.60	Inf	Arg	91.4	high confidence set
Chr18	2	352360	352433	Asn	GTT	0	0	84.5	59.40	25.10	Inf	Asn	95.9	high confidence set
Chr18	3	1160224	1160305	Ser	TGA	0	0	78.6	45.10	33.50	Inf	Ser	118.6	high confidence set
Chr18	4	1160603	1160684	Ser	TGA	0	0	80.7	46.10	34.60	Inf	Ser	119.7	high confidence set
Chr18	6	2106255	2106327	Arg	CCT	0	0	72.6	51.90	20.70	Inf	Arg	83.4	high confidence set
Chr18	7	3184042	3184123	Ser	CGA	0	0	78.9	46.60	32.30	Inf	Ser	122.0	high confidence set
Chr18	11	11170767	11170838	Glu	TTC	0	0	72.0	47.50	24.50	Inf	Glu	101.6	high confidence set
Chr18	13	16096559	16096486	Ile	TAT	0	0	85.9	70.60	15.30	Inf	Ile	103.9	high confidence set
Chr18	14	14911042	14910969	Asn	GTT	0	0	84.5	59.40	25.10	Inf	Asn	95.9	high confidence set
Chr18	15	13877891	13877819	Ala	TGC	0	0	69.1	43.30	25.80	Inf	Ala	101.9	high confidence set
Chr18	16	13428045	13427974	Glu	TTC	0	0	72.0	47.50	24.50	Inf	Glu	101.6	high confidence set
Chr18	17	12781960	12781887	Thr	AGT	0	0	74.7	46.20	28.50	Inf	Thr	89.4	high confidence set
Chr18	18	10238009	10237937	Lys	CTT	0	0	87.7	67.60	20.10	Inf	Lys	106.7	high confidence set
Chr18	20	9744198	9744118	Leu	AAG	0	0	74.0	52.20	21.80	Inf	Leu	110.4	high confidence set
Chr18	21	2923966	2923894	Phe	GAA	0	0	78.3	58.40	19.90	Inf	Phe	113.2	high confidence set
Chr18	22	2406329	2406258	Gly	TCC	0	0	71.0	46.70	24.30	Inf	Gly	82.3	high confidence set
Chr18	23	2130612	2130541	Gly	TCC	0	0	71.0	46.70	24.30	Inf	Gly	82.3	high confidence set
Chr19	3	15146657	15146727	Gly	GCC	0	0	66.5	44.80	21.70	Inf	Gly	94.4	high confidence set
Chr19	4	13903445	13903374	Gln	CTG	0	0	75.3	51.20	24.10	Inf	Gln	101.9	high confidence set
Chr19	5	13846908	13846816	Tyr	GTA	13846871	13846852	69.7	38.20	31.50	Inf	Tyr	108.3	high confidence set
Chr19	6	13844200	13844108	Tyr	GTA	13844163	13844144	69.7	38.20	31.50	Inf	Tyr	108.3	high confidence set
Chr19	7	13769353	13769281	Val	TAC	0	0	71.5	39.00	32.50	Inf	Val	101.2	high confidence set
Chr19	13	3291062	3290990	Ala	TGC	0	0	69.1	43.30	25.80	Inf	Ala	101.9	high confidence set
Chr19	14	3005045	3004974	Lys	CTT	0	0	78.8	54.80	24.00	Inf	Thr	86.7	IPD:-30.60,isotype mismatch
Chr19	17	235864	235793	Gly	TCC	0	0	71.0	46.70	24.30	Inf	Gly	82.3	high confidence set
scaffold_502	1	7606	7679	Asn	GTT	0	0	83.6	57.90	25.70	Inf	Asn	94.5	high confidence set
