Sequence		tRNA     	Bounds   	tRNA	Anti	Intron Bounds	Inf	HMM	2'Str	Hit	Isotype	Isotype	      
Name    	tRNA#	Begin    	End      	Type	Codon	Begin	End	Score	Score	Score	Origin	CM	Score	Note
--------	------	-----    	------   	----	-----	-----	----	------	-----	-----	------	-------	-------	------
gi|1	1	880637	880709	Lys	TTT	0	0	90.5	66.90	23.60	Inf	Lys	95.4	high confidence set
gi|1	2	1877252	1877325	Ile	AAT	0	0	81.8	58.30	23.50	Inf	Ile	106.8	high confidence set
gi|1	3	1935943	1936015	Ala	AGC	0	0	63.4	38.20	25.20	Inf	Ala	98.3	high confidence set
gi|1	4	1993452	1993523	iMet	CAT	0	0	58.3	28.10	30.20	Inf	iMet	118.7	high confidence set
gi|1	5	3236564	3236644	Leu	CAG	0	0	69.5	46.80	22.70	Inf	Leu	109.7	high confidence set
gi|1	7	4203631	4203702	Trp	CCA	0	0	75.8	51.20	24.60	Inf	Trp	105.6	high confidence set
gi|1	8	4678689	4678761	Lys	TTT	0	0	89.7	65.30	24.40	Inf	Lys	92.7	high confidence set
gi|1	9	11572710	11572782	Lys	CTT	0	0	82.7	62.60	20.10	Inf	Lys	100.8	high confidence set
gi|1	11	22134322	22134415	Tyr	GTA	22134359	22134379	74.2	42.60	31.60	Inf	Tyr	111.8	high confidence set
gi|1	13	24946602	24946674	Ala	TGC	0	0	69.1	43.70	25.40	Inf	Ala	100.1	high confidence set
gi|1	16	28881751	28881824	Pro	TGG	0	0	62.8	35.90	26.90	Inf	Pro	97.1	high confidence set
gi|1	17	28883957	28884028	Pro	AGG	0	0	67.4	34.70	32.70	Inf	Pro	112.3	high confidence set
gi|1	18	28884089	28884160	Pro	CGG	0	0	68.4	35.70	32.70	Inf	Pro	111.1	high confidence set
gi|1	19	32891496	32891568	Lys	TTT	0	0	82.6	66.30	16.30	Inf	Lys	86.5	high confidence set
gi|1	21	40345434	40345506	Arg	TCT	0	0	68.5	50.60	17.90	Inf	Arg	98.8	high confidence set
gi|1	26	43208237	43208309	Lys	CTT	0	0	86.8	66.60	20.20	Inf	Lys	107.7	high confidence set
gi|1	28	47980266	47980346	Leu	AAG	0	0	74.0	52.20	21.80	Inf	Leu	110.4	high confidence set
gi|1	30	49723959	49724030	Asp	GTC	0	0	69.8	46.80	23.00	Inf	Asp	95.8	high confidence set
gi|1	31	50385006	50385078	Glu	CTC	0	0	77.0	51.20	25.80	Inf	Glu	98.8	high confidence set
gi|1	33	54299716	54299788	Ala	TGC	0	0	69.1	43.30	25.80	Inf	Ala	101.9	high confidence set
gi|1	35	55490985	55491057	Ala	TGC	0	0	66.6	41.40	25.20	Inf	Ala	98.8	high confidence set
gi|1	36	55855088	55855160	Arg	CCT	0	0	69.1	50.30	18.80	Inf	Arg	81.2	high confidence set
gi|1	38	63339370	63339443	Glu	TTC	0	0	64.1	37.70	26.40	Inf	Glu	91.0	high confidence set
gi|1	39	63720231	63720304	Val	AAC	0	0	72.9	48.60	24.30	Inf	Val	93.8	high confidence set
gi|1	41	67804013	67804086	Thr	AGT	0	0	74.7	46.20	28.50	Inf	Thr	89.4	high confidence set
gi|1	44	70006108	70006180	Lys	TTT	0	0	80.3	61.50	18.80	Inf	Lys	78.3	high confidence set
gi|1	48	70201185	70201256	Asn	GTT	0	0	79.0	56.70	22.30	Inf	Asn	79.2	high confidence set
gi|1	57	77038532	77038604	Arg	ACG	0	0	72.0	49.70	22.30	Inf	Arg	93.9	high confidence set
gi|1	58	77711884	77711955	Gln	CTG	0	0	74.3	49.60	24.70	Inf	Gln	102.0	high confidence set
gi|1	59	78164091	78164163	Glu	CTC	0	0	80.0	54.10	25.90	Inf	Glu	99.8	high confidence set
gi|1	62	89595003	89595076	Arg	TCG	0	0	82.3	61.00	21.30	Inf	Arg	91.9	high confidence set
gi|1	66	94251720	94251802	Leu	TAA	0	0	72.7	34.20	38.50	Inf	Leu	95.9	high confidence set
gi|1	69	98335610	98335693	Leu	CAA	0	0	80.5	54.00	26.50	Inf	Leu	128.6	high confidence set
gi|1	71	99744557	99744630	Thr	AGT	0	0	76.5	48.00	28.50	Inf	Thr	90.4	high confidence set
gi|1	72	101831838	101831911	Ile	AAT	0	0	82.4	58.90	23.50	Inf	Ile	107.0	high confidence set
gi|1	76	109523001	109523074	Thr	AGT	0	0	77.5	49.10	28.40	Inf	Thr	91.2	high confidence set
gi|1	85	129925821	129925892	iMet	CAT	0	0	58.3	28.10	30.20	Inf	iMet	118.7	high confidence set
gi|1	87	123461790	123461719	Asp	GTC	0	0	69.8	46.80	23.00	Inf	Asp	95.8	high confidence set
gi|1	96	107749369	107749298	Cys	GCA	0	0	81.3	60.10	21.20	Inf	Cys	109.8	high confidence set
gi|1	97	104484154	104484082	Lys	CTT	0	0	86.8	66.60	20.20	Inf	Lys	107.7	high confidence set
gi|1	99	98729042	98728959	Leu	CAA	0	0	79.5	54.50	25.00	Inf	Leu	126.8	high confidence set
gi|1	100	98026889	98026818	Asp	GTC	0	0	69.8	46.80	23.00	Inf	Asp	95.8	high confidence set
gi|1	101	94424052	94423970	Leu	TAA	0	0	72.7	34.20	38.50	Inf	Leu	95.9	high confidence set
gi|1	105	84614153	84614082	His	GTG	0	0	63.0	33.70	29.30	Inf	His	87.1	high confidence set
gi|1	106	84338378	84338307	Thr	CGT	0	0	80.5	54.30	26.20	Inf	Thr	87.3	high confidence set
gi|1	107	84283060	84282987	Glu	TTC	0	0	64.1	37.70	26.40	Inf	Glu	91.0	high confidence set
gi|1	108	84149365	84149294	Gly	TCC	0	0	73.9	46.20	27.70	Inf	Gly	85.6	high confidence set
gi|1	109	83708581	83708509	Arg	TCT	0	0	68.5	50.60	17.90	Inf	Arg	98.8	high confidence set
gi|1	110	81068556	81068484	Phe	GAA	0	0	78.3	58.40	19.90	Inf	Phe	113.2	high confidence set
gi|1	112	78872003	78871932	Pro	TGG	0	0	68.5	35.70	32.80	Inf	Pro	111.2	high confidence set
gi|1	114	78539164	78539084	Leu	AAG	0	0	74.0	52.20	21.80	Inf	Leu	110.4	high confidence set
gi|1	116	77910050	77909969	Ser	GCT	0	0	80.5	45.20	35.30	Inf	Ser	109.5	high confidence set
gi|1	117	77890996	77890923	Ile	TAT	0	0	85.9	70.60	15.30	Inf	Ile	103.9	high confidence set
gi|1	119	77251280	77251197	Met	CAT	77251242	77251233	64.3	40.80	23.50	Inf	Met	104.0	high confidence set
gi|1	120	77244261	77244178	Met	CAT	77244223	77244214	64.3	40.80	23.50	Inf	Met	104.0	high confidence set
gi|1	121	77214330	77214260	Gly	GCC	0	0	66.5	44.80	21.70	Inf	Gly	94.4	high confidence set
gi|1	122	77146823	77146750	Glu	TTC	0	0	64.1	37.70	26.40	Inf	Glu	91.0	high confidence set
gi|1	123	76624381	76624311	Gly	GCC	0	0	66.5	44.80	21.70	Inf	Gly	94.4	high confidence set
gi|1	128	71044657	71044586	Trp	CCA	0	0	75.8	51.20	24.60	Inf	Trp	105.6	high confidence set
gi|1	130	70337316	70337243	Phe	GAA	0	0	61.5	43.60	17.90	Inf	Tyr	71.1	IPD:-23.60,isotype mismatch
gi|1	146	70168672	70168599	Phe	GAA	0	0	60.3	45.50	14.80	Inf	Tyr	70.1	IPD:-32.20,isotype mismatch
gi|1	147	70147590	70147516	Pro	TGG	0	0	62.8	32.80	30.00	Inf	Trp	73.3	IPD:-42.40,isotype mismatch
gi|1	150	69997169	69997096	Asp	GTC	0	0	72.0	53.20	18.80	Inf	Ala	72.8	IPD:-22.40,isotype mismatch
gi|1	151	69996174	69996103	Asn	GTT	0	0	75.1	52.10	23.00	Inf	Asn	81.9	high confidence set
gi|1	154	69890762	69890689	Asp	GTC	0	0	72.0	53.20	18.80	Inf	Ala	72.8	IPD:-22.40,isotype mismatch
gi|1	155	69889779	69889708	Asn	GTT	0	0	75.1	52.10	23.00	Inf	Asn	81.9	high confidence set
gi|1	159	69751713	69751640	Trp	CCA	0	0	68.6	41.70	26.90	Inf	Thr	72.1	IPD:-18.80,isotype mismatch
gi|1	166	67472484	67472413	iMet	CAT	0	0	58.3	28.10	30.20	Inf	iMet	118.7	high confidence set
gi|1	172	58900938	58900865	Ile	TAT	0	0	85.9	70.60	15.30	Inf	Ile	103.9	high confidence set
gi|1	176	48114521	48114449	Arg	ACG	0	0	71.3	48.60	22.70	Inf	Arg	93.4	high confidence set
gi|1	178	40875969	40875898	Gln	TTG	0	0	73.5	53.70	19.80	Inf	Gln	104.8	high confidence set
gi|1	182	30413326	30413253	Arg	TCG	0	0	82.3	61.00	21.30	Inf	Arg	91.9	high confidence set
gi|1	184	29093644	29093571	Glu	TTC	0	0	64.1	37.70	26.40	Inf	Glu	91.0	high confidence set
gi|1	185	28879076	28879005	Pro	TGG	0	0	68.5	35.70	32.80	Inf	Pro	111.2	high confidence set
gi|1	186	28878117	28878046	Pro	AGG	0	0	67.4	34.70	32.70	Inf	Pro	112.3	high confidence set
gi|1	190	25406099	25406013	Met	CAT	25406061	25406049	54.9	31.40	23.50	Inf	Met	90.7	high confidence set
gi|1	195	14874354	14874284	Gly	GCC	0	0	66.5	44.80	21.70	Inf	Gly	94.4	high confidence set
gi|1	196	13825607	13825521	Tyr	GTA	13825570	13825557	74.4	42.90	31.50	Inf	Tyr	111.8	high confidence set
gi|1	197	5327584	5327511	Val	CAC	0	0	82.4	54.40	28.00	Inf	Val	103.7	high confidence set
gi|1	198	1937995	1937923	Ala	AGC	0	0	63.4	38.20	25.20	Inf	Ala	98.3	high confidence set
gi|2	2	1519930	1520000	Gly	CCC	0	0	66.3	29.50	36.80	Inf	Gly	89.7	high confidence set
gi|2	3	2024958	2025029	Thr	TGT	0	0	79.3	49.30	30.00	Inf	Thr	92.3	high confidence set
gi|2	4	5530605	5530686	Ser	GCT	0	0	80.5	45.20	35.30	Inf	Ser	109.5	high confidence set
gi|2	5	7346905	7346978	Ile	AAT	0	0	81.8	58.30	23.50	Inf	Ile	106.8	high confidence set
gi|2	7	15365316	15365387	Gly	TCC	0	0	73.9	46.20	27.70	Inf	Gly	85.6	high confidence set
gi|2	9	22255915	22255988	Ile	AAT	0	0	81.8	58.30	23.50	Inf	Ile	106.8	high confidence set
gi|2	10	24592578	24592650	Arg	CCG	0	0	69.5	52.30	17.20	Inf	Arg	96.0	high confidence set
gi|2	14	29241623	29241694	Thr	TGT	0	0	83.5	55.70	27.80	Inf	Thr	91.8	high confidence set
gi|2	18	31627965	31628038	Val	AAC	0	0	71.9	47.60	24.30	Inf	Val	91.0	high confidence set
gi|2	19	31924132	31924202	Gly	GCC	0	0	66.5	44.80	21.70	Inf	Gly	94.4	high confidence set
gi|2	21	33328499	33328572	Asn	GTT	0	0	84.5	59.40	25.10	Inf	Asn	95.9	high confidence set
gi|2	23	42455356	42455437	Ser	GCT	0	0	80.5	45.20	35.30	Inf	Ser	109.5	high confidence set
gi|2	25	47243085	47243165	Leu	AAG	0	0	75.7	55.40	20.30	Inf	Leu	112.7	high confidence set
gi|2	26	47290972	47291052	Leu	AAG	0	0	75.7	55.40	20.30	Inf	Leu	112.7	high confidence set
gi|2	28	49873067	49873138	Asp	GTC	0	0	69.8	46.80	23.00	Inf	Asp	95.8	high confidence set
gi|2	34	64606911	64606981	Gly	GCC	0	0	66.5	44.80	21.70	Inf	Gly	94.4	high confidence set
gi|2	36	67471693	67471764	Gln	CTG	0	0	71.8	47.10	24.70	Inf	Gln	103.5	high confidence set
gi|2	37	70503837	70503910	Ile	AAT	0	0	81.8	58.30	23.50	Inf	Ile	106.8	high confidence set
gi|2	39	71561638	71561719	Ser	GCT	0	0	78.0	43.20	34.80	Inf	Ser	105.6	high confidence set
gi|2	50	98601909	98601981	Arg	ACG	0	0	72.0	49.70	22.30	Inf	Arg	93.9	high confidence set
gi|2	51	99136381	99136452	Gln	CTG	0	0	73.6	48.50	25.10	Inf	Gln	101.3	high confidence set
gi|2	52	99599963	99600035	Glu	CTC	0	0	80.0	54.10	25.90	Inf	Glu	99.8	high confidence set
gi|2	55	100294967	100294896	Pro	TGG	0	0	68.5	35.70	32.80	Inf	Pro	111.2	high confidence set
gi|2	56	99332163	99332082	Ser	GCT	0	0	80.5	45.20	35.30	Inf	Ser	109.5	high confidence set
gi|2	57	99315038	99314965	Ile	TAT	0	0	85.9	70.60	15.30	Inf	Ile	103.9	high confidence set
gi|2	58	98757135	98757052	Met	CAT	98757097	98757088	64.3	40.80	23.50	Inf	Met	104.0	high confidence set
gi|2	59	98728268	98728198	Gly	GCC	0	0	66.5	44.80	21.70	Inf	Gly	94.4	high confidence set
gi|2	63	92464805	92464734	Trp	CCA	0	0	75.8	51.20	24.60	Inf	Trp	105.6	high confidence set
gi|2	64	90497577	90497506	His	GTG	0	0	63.0	33.70	29.30	Inf	His	86.8	high confidence set
gi|2	66	90136325	90136254	Gly	TCC	0	0	73.9	46.20	27.70	Inf	Gly	85.6	high confidence set
gi|2	68	86877460	86877389	Gln	TTG	0	0	73.5	53.70	19.80	Inf	Gln	104.8	high confidence set
gi|2	69	86668856	86668785	Cys	GCA	0	0	79.8	59.80	20.00	Inf	Cys	106.8	high confidence set
gi|2	70	84436770	84436697	Asn	GTT	0	0	84.5	59.40	25.10	Inf	Asn	95.9	high confidence set
gi|2	71	84429564	84429483	Ser	AGA	0	0	76.3	41.60	34.70	Inf	Ser	112.1	high confidence set
gi|2	72	83010962	83010883	Leu	TAG	0	0	69.5	48.50	21.00	Inf	Leu	111.5	high confidence set
gi|2	74	82104994	82104913	Ser	TGA	0	0	80.7	46.10	34.60	Inf	Ser	119.7	high confidence set
gi|2	75	81636640	81636568	Ala	TGC	0	0	69.1	43.30	25.80	Inf	Ala	101.9	high confidence set
gi|2	76	80815343	80815273	Gly	GCC	0	0	66.5	44.80	21.70	Inf	Gly	94.4	high confidence set
gi|2	77	80114391	80114310	Ser	AGA	0	0	76.3	41.60	34.70	Inf	Ser	112.1	high confidence set
gi|2	79	79416536	79416465	Trp	CCA	0	0	75.8	51.20	24.60	Inf	Trp	105.6	high confidence set
gi|2	81	71139446	71139364	Leu	TAA	0	0	73.8	34.40	39.40	Inf	Leu	96.2	high confidence set
gi|2	83	67053836	67053765	Trp	CCA	0	0	75.8	51.20	24.60	Inf	Trp	105.6	high confidence set
gi|2	85	59825257	59825184	Asn	GTT	0	0	84.5	59.40	25.10	Inf	Asn	95.9	high confidence set
gi|2	87	54992570	54992497	Thr	AGT	0	0	74.7	46.20	28.50	Inf	Thr	89.4	high confidence set
gi|2	89	50406369	50406297	Lys	TTT	0	0	90.5	66.90	23.60	Inf	Lys	95.4	high confidence set
gi|2	93	46152334	46152261	Asn	GTT	0	0	84.5	59.40	25.10	Inf	Asn	95.9	high confidence set
gi|2	94	46082654	46082581	Asn	GTT	0	0	84.5	59.40	25.10	Inf	Asn	95.9	high confidence set
gi|2	95	45610380	45610310	Gly	GCC	0	0	66.5	44.80	21.70	Inf	Gly	94.4	high confidence set
gi|2	97	32691094	32691011	Leu	CAA	0	0	80.5	54.00	26.50	Inf	Leu	128.6	high confidence set
gi|2	98	31926487	31926417	Gly	GCC	0	0	66.5	44.80	21.70	Inf	Gly	94.4	high confidence set
gi|2	99	31774669	31774596	Asn	GTT	0	0	84.5	59.40	25.10	Inf	Asn	95.9	high confidence set
gi|2	100	29492335	29492264	Pro	AGG	0	0	67.4	34.70	32.70	Inf	Pro	112.3	high confidence set
gi|2	101	22566192	22566107	Tyr	GTA	22566155	22566143	74.5	42.90	31.60	Inf	Tyr	111.8	high confidence set
gi|2	103	21049830	21049758	Phe	GAA	0	0	78.3	58.40	19.90	Inf	Phe	113.2	high confidence set
gi|2	104	20973848	20973776	Ala	AGC	0	0	63.4	38.20	25.20	Inf	Ala	98.3	high confidence set
gi|2	107	19342173	19342101	Arg	TCT	0	0	68.5	50.60	17.90	Inf	Arg	98.8	high confidence set
gi|2	109	15945985	15945914	Cys	GCA	0	0	81.3	60.10	21.20	Inf	Cys	109.8	high confidence set
gi|2	111	14793128	14793047	Ser	AGA	0	0	76.3	41.60	34.70	Inf	Ser	112.1	high confidence set
gi|2	114	7670158	7670077	Leu	CAG	0	0	61.6	40.60	21.00	Inf	Leu	97.3	high confidence set
gi|2	116	7018919	7018847	Thr	TGT	0	0	70.7	45.90	24.80	Inf	Thr	78.4	high confidence set
gi|2	117	6997592	6997521	iMet	CAT	0	0	58.3	28.10	30.20	Inf	iMet	118.7	high confidence set
gi|2	120	1700907	1700835	Glu	CTC	0	0	78.9	53.10	25.80	Inf	Glu	99.2	high confidence set
gi|2	121	1380358	1380278	Leu	AAG	0	0	74.0	52.20	21.80	Inf	Leu	110.4	high confidence set
gi|2	122	700217	700146	Gln	CTG	0	0	75.0	50.90	24.10	Inf	Gln	102.9	high confidence set
gi|2	123	568743	568672	Gln	CTG	0	0	75.0	50.90	24.10	Inf	Gln	102.9	high confidence set
gi|3	2	1340858	1340930	Arg	CCT	0	0	74.8	55.90	18.90	Inf	Arg	87.5	high confidence set
gi|3	3	1451401	1451474	Val	CAC	0	0	82.4	54.40	28.00	Inf	Val	103.7	high confidence set
gi|3	4	6896152	6896233	Ser	CGA	0	0	78.9	46.60	32.30	Inf	Ser	122.0	high confidence set
gi|3	5	7903947	7904019	Arg	ACG	0	0	71.3	48.60	22.70	Inf	Arg	93.4	high confidence set
gi|3	7	24692741	24692812	His	GTG	0	0	63.0	33.70	29.30	Inf	His	86.8	high confidence set
gi|3	8	26054619	26054700	Ser	GCT	0	0	80.5	45.20	35.30	Inf	Ser	109.5	high confidence set
gi|3	9	26587970	26588042	Ala	AGC	0	0	63.4	38.20	25.20	Inf	Ala	98.3	high confidence set
gi|3	12	31861838	31861909	Trp	CCA	0	0	75.8	51.20	24.60	Inf	Trp	105.6	high confidence set
gi|3	13	32393598	32393670	Lys	TTT	0	0	90.5	66.90	23.60	Inf	Lys	95.4	high confidence set
gi|3	17	46111267	46111348	Ser	AGA	0	0	78.7	42.50	36.20	Inf	Ser	114.6	high confidence set
gi|3	18	46132116	46132197	Ser	AGA	0	0	78.7	42.50	36.20	Inf	Ser	114.6	high confidence set
gi|3	19	47562211	47562292	Ser	GCT	0	0	80.5	45.20	35.30	Inf	Ser	109.5	high confidence set
gi|3	20	49164985	49165066	Ser	GCT	0	0	65.5	44.80	20.70	Inf	Ser	96.3	high confidence set
gi|3	21	51630689	51630760	Thr	CGT	0	0	80.5	54.30	26.20	Inf	Thr	87.3	high confidence set
gi|3	27	58796308	58796381	Glu	TTC	0	0	64.1	37.70	26.40	Inf	Glu	91.0	high confidence set
gi|3	29	62200144	62200224	Leu	AAG	0	0	74.0	52.20	21.80	Inf	Leu	110.4	high confidence set
gi|3	30	63306033	63306105	Ala	CGC	0	0	68.3	44.10	24.20	Inf	Ala	99.2	high confidence set
gi|3	32	64443053	64443125	Arg	CCT	0	0	74.8	55.90	18.90	Inf	Arg	87.5	high confidence set
gi|3	33	64479676	64479749	Val	CAC	0	0	81.5	53.50	28.00	Inf	Val	103.7	high confidence set
gi|3	35	66369564	66369645	Ser	AGA	0	0	76.3	41.60	34.70	Inf	Ser	112.1	high confidence set
gi|3	38	72833077	72833149	Ala	TGC	0	0	70.0	45.30	24.70	Inf	Ala	100.6	high confidence set
gi|3	39	73007019	73007089	Asp	GTC	0	0	50.9	38.40	12.50	Inf	Asp	75.4	high confidence set
gi|3	40	74173018	74173090	Lys	TTT	0	0	90.5	66.90	23.60	Inf	Lys	95.4	high confidence set
gi|3	42	75190409	75190481	Ala	AGC	0	0	63.4	38.20	25.20	Inf	Ala	98.3	high confidence set
gi|3	44	76267009	76267089	Leu	CAG	0	0	69.5	46.80	22.70	Inf	Leu	109.7	high confidence set
gi|3	45	77768817	77768888	Trp	CCA	0	0	75.8	51.20	24.60	Inf	Trp	105.6	high confidence set
gi|3	47	78022736	78022808	Lys	TTT	0	0	89.7	65.30	24.40	Inf	Lys	92.7	high confidence set
gi|3	55	95459742	95459661	Ser	TGA	0	0	80.7	46.10	34.60	Inf	Ser	119.7	high confidence set
gi|3	56	95424551	95424480	iMet	CAT	0	0	58.3	28.10	30.20	Inf	iMet	118.7	high confidence set
gi|3	58	89106256	89106183	Val	AAC	0	0	72.9	48.60	24.30	Inf	Val	93.8	high confidence set
gi|3	63	75193704	75193632	Ala	AGC	0	0	63.4	38.20	25.20	Inf	Ala	98.3	high confidence set
gi|3	64	72891459	72891387	Ala	TGC	0	0	70.0	45.30	24.70	Inf	Ala	100.6	high confidence set
gi|3	65	72744733	72744661	Ala	TGC	0	0	70.0	45.30	24.70	Inf	Ala	100.6	high confidence set
gi|3	67	59733524	59733452	Phe	GAA	0	0	78.3	58.40	19.90	Inf	Phe	113.2	high confidence set
gi|3	68	59649318	59649237	Ser	CGA	0	0	52.8	31.00	21.80	Inf	Ser	99.2	high confidence set
gi|3	70	58861893	58861821	Arg	ACG	0	0	71.3	48.60	22.70	Inf	Arg	93.4	high confidence set
gi|3	78	39200468	39200387	Ser	AGA	0	0	76.3	41.60	34.70	Inf	Ser	112.1	high confidence set
gi|3	82	32197816	32197745	Asp	GTC	0	0	69.8	46.80	23.00	Inf	Asp	95.8	high confidence set
gi|3	86	27395638	27395567	His	GTG	0	0	63.0	33.70	29.30	Inf	His	86.8	high confidence set
gi|3	88	26055026	26054953	Ile	AAT	0	0	81.8	58.30	23.50	Inf	Ile	106.8	high confidence set
gi|3	90	25429372	25429300	Lys	CTT	0	0	87.7	67.60	20.10	Inf	Lys	106.7	high confidence set
gi|3	91	21820660	21820588	Arg	TCT	0	0	68.5	50.60	17.90	Inf	Arg	95.9	high confidence set
gi|3	92	20501316	20501235	Ser	AGA	0	0	79.4	43.10	36.30	Inf	Ser	115.0	high confidence set
gi|3	93	18961900	18961819	Ser	GCT	0	0	80.5	45.20	35.30	Inf	Ser	109.5	high confidence set
gi|3	96	17086546	17086465	Ser	GCT	0	0	80.5	45.20	35.30	Inf	Ser	109.5	high confidence set
gi|3	98	15550943	15550872	Thr	CGT	0	0	80.5	54.30	26.20	Inf	Thr	87.3	high confidence set
gi|3	100	7954749	7954676	Glu	TTC	0	0	64.1	37.70	26.40	Inf	Glu	91.0	high confidence set
gi|3	101	6524023	6523951	Phe	GAA	0	0	78.3	58.40	19.90	Inf	Phe	113.2	high confidence set
gi|3	102	4325731	4325651	Leu	AAG	0	0	74.0	52.20	21.80	Inf	Leu	110.4	high confidence set
gi|4	2	5548557	5548629	Ala	CGC	0	0	68.3	44.10	24.20	Inf	Ala	99.2	high confidence set
gi|4	5	8428205	8428276	Thr	TGT	0	0	84.3	58.00	26.30	Inf	Thr	93.3	high confidence set
gi|4	11	16656163	16656244	Ser	TGA	0	0	80.0	45.30	34.70	Inf	Ser	119.3	high confidence set
gi|4	21	31954980	31955066	Tyr	GTA	31955017	31955030	74.4	42.90	31.50	Inf	Tyr	111.8	high confidence set
gi|4	22	33962221	33962292	Asp	GTC	0	0	69.8	46.80	23.00	Inf	Asp	95.8	high confidence set
gi|4	28	42730330	42730412	Leu	TAA	0	0	73.7	35.00	38.70	Inf	Leu	97.4	high confidence set
gi|4	31	50482178	50482251	Ile	AAT	0	0	82.4	58.90	23.50	Inf	Ile	107.0	high confidence set
gi|4	32	50756906	50756979	Val	AAC	0	0	72.9	48.60	24.30	Inf	Val	93.8	high confidence set
gi|4	33	51760554	51760638	Met	CAT	51760592	51760602	64.2	40.80	23.40	Inf	Met	104.0	high confidence set
gi|4	36	55753539	55753622	Leu	CAA	0	0	79.5	54.50	25.00	Inf	Leu	126.8	high confidence set
gi|4	37	56269591	56269662	Asp	GTC	0	0	69.8	46.80	23.00	Inf	Asp	95.8	high confidence set
gi|4	39	63961423	63961496	Glu	TTC	0	0	64.3	38.20	26.10	Inf	Glu	90.4	high confidence set
gi|4	41	65979098	65979168	Gly	CCC	0	0	66.3	29.50	36.80	Inf	Gly	89.7	high confidence set
gi|4	44	74626223	74626309	Ser	GGA	0	0	64.5	34.70	29.80	Inf	Ser	85.1	unexpected anticodon
gi|4	45	74632207	74632294	Ser	GCT	0	0	70.6	38.80	31.80	Inf	Ser	83.0	high confidence set
gi|4	48	78355618	78355689	Gly	TCC	0	0	73.9	46.20	27.70	Inf	Gly	85.6	high confidence set
gi|4	50	79187745	79187674	Cys	GCA	0	0	81.3	60.10	21.20	Inf	Cys	109.8	high confidence set
gi|4	54	71562482	71562402	Leu	CAG	0	0	69.5	46.80	22.70	Inf	Leu	109.7	high confidence set
gi|4	58	66103908	66103836	Glu	CTC	0	0	80.0	54.10	25.90	Inf	Glu	99.8	high confidence set
gi|4	59	65837213	65837133	Leu	AAG	0	0	74.0	52.20	21.80	Inf	Leu	110.4	high confidence set
gi|4	60	65386543	65386472	Gln	CTG	0	0	75.3	51.20	24.10	Inf	Gln	106.0	high confidence set
gi|4	62	61861236	61861164	Phe	GAA	0	0	78.3	58.40	19.90	Inf	Phe	113.2	high confidence set
gi|4	66	55169493	55169412	Ser	AGA	0	0	76.3	41.60	34.70	Inf	Ser	112.1	high confidence set
gi|4	69	50228748	50228678	Asp	GTC	0	0	54.4	35.70	18.70	Inf	Asp	77.2	high confidence set
gi|4	73	39215168	39215095	Thr	AGT	0	0	77.5	49.10	28.40	Inf	Thr	91.2	high confidence set
gi|4	74	38849424	38849353	His	GTG	0	0	63.0	33.70	29.30	Inf	His	86.8	high confidence set
gi|4	75	37742102	37742031	Cys	GCA	0	0	81.3	60.10	21.20	Inf	Cys	109.8	high confidence set
gi|4	78	31687976	31687891	Tyr	GTA	31687939	31687927	74.5	43.50	31.00	Inf	Tyr	111.8	high confidence set
gi|4	80	29014102	29014031	Asp	GTC	0	0	69.8	46.80	23.00	Inf	Asp	95.8	high confidence set
gi|4	89	17820150	17820079	Gly	TCC	0	0	73.9	46.20	27.70	Inf	Gly	85.6	high confidence set
gi|4	90	17499128	17499056	Ala	AGC	0	0	63.4	38.20	25.20	Inf	Ala	98.3	high confidence set
gi|4	91	16331213	16331140	Asn	GTT	0	0	84.5	59.40	25.10	Inf	Asn	95.9	high confidence set
gi|4	93	15050341	15050268	Val	TAC	0	0	78.0	44.10	33.90	Inf	Val	103.9	high confidence set
gi|4	97	7485808	7485729	Leu	TAG	0	0	69.5	48.50	21.00	Inf	Leu	111.5	high confidence set
gi|4	99	3791536	3791463	Glu	TTC	0	0	64.1	37.70	26.40	Inf	Glu	91.0	high confidence set
gi|4	100	3104850	3104769	Ser	CGA	0	0	78.9	46.60	32.30	Inf	Ser	122.0	high confidence set
gi|5	5	10975397	10975468	Gly	TCC	0	0	73.9	46.20	27.70	Inf	Gly	85.6	high confidence set
gi|5	7	22506814	22506884	Gly	GCC	0	0	66.5	44.80	21.70	Inf	Gly	94.4	high confidence set
gi|5	11	25845290	25845361	Pro	AGG	0	0	67.4	34.70	32.70	Inf	Pro	112.3	high confidence set
gi|5	12	26202953	26203024	Pro	AGG	0	0	67.4	34.70	32.70	Inf	Pro	112.3	high confidence set
gi|5	13	27743007	27743078	Gln	TTG	0	0	73.5	53.70	19.80	Inf	Gln	104.8	high confidence set
gi|5	17	33323305	33323390	Tyr	GTA	33323342	33323354	74.5	43.00	31.50	Inf	Tyr	111.8	high confidence set
gi|5	18	37709820	37709892	Phe	GAA	0	0	78.3	58.40	19.90	Inf	Phe	113.2	high confidence set
gi|5	20	39405455	39405527	Arg	TCT	0	0	68.5	50.60	17.90	Inf	Arg	95.9	high confidence set
gi|5	24	45721737	45721810	Thr	AGT	0	0	74.7	46.20	28.50	Inf	Thr	89.4	high confidence set
gi|5	25	49577555	49577627	Lys	TTT	0	0	90.5	66.90	23.60	Inf	Lys	95.4	high confidence set
gi|5	30	56783258	56783331	Asn	GTT	0	0	84.5	59.40	25.10	Inf	Asn	95.9	high confidence set
gi|5	33	53263920	53263850	Gly	GCC	0	0	66.5	44.80	21.70	Inf	Gly	94.4	high confidence set
gi|5	34	49985224	49985153	Asp	GTC	0	0	52.5	31.70	20.80	Inf	Asp	71.3	high confidence set
gi|5	40	34738635	34738562	Ile	AAT	0	0	81.8	58.30	23.50	Inf	Ile	106.8	high confidence set
gi|5	41	34224482	34224409	Asn	GTT	0	0	84.5	59.40	25.10	Inf	Asn	95.9	high confidence set
gi|5	42	31290749	31290677	Arg	CCG	0	0	69.5	52.30	17.20	Inf	Arg	96.0	high confidence set
gi|5	43	31283059	31282988	Gly	TCC	0	0	72.8	45.20	27.60	Inf	Gly	82.2	high confidence set
gi|5	47	26505325	26505254	Thr	TGT	0	0	84.3	58.00	26.30	Inf	Thr	93.3	high confidence set
gi|5	48	23357353	23357270	Leu	CAA	0	0	80.5	54.00	26.50	Inf	Leu	128.6	high confidence set
gi|5	50	22199636	22199563	Val	AAC	0	0	72.9	48.60	24.30	Inf	Val	93.8	high confidence set
gi|5	53	17428968	17428895	Glu	TTC	0	0	62.2	38.20	24.00	Inf	Glu	89.8	high confidence set
gi|5	55	13302277	13302196	Ser	TGA	0	0	80.0	45.30	34.70	Inf	Ser	119.3	high confidence set
gi|5	56	10945795	10945712	Leu	CAA	0	0	80.5	54.00	26.50	Inf	Leu	128.6	high confidence set
gi|5	57	10197177	10197105	Ala	AGC	0	0	63.4	38.20	25.20	Inf	Ala	98.3	high confidence set
gi|5	58	8770652	8770579	Val	TAC	0	0	78.0	44.10	33.90	Inf	Val	103.9	high confidence set
gi|5	61	6105114	6105043	Pro	AGG	0	0	67.4	34.70	32.70	Inf	Pro	112.3	high confidence set
gi|6	4	8124145	8124216	Gly	TCC	0	0	73.9	46.20	27.70	Inf	Gly	85.6	high confidence set
gi|6	5	9014748	9014819	Asp	GTC	0	0	69.8	46.80	23.00	Inf	Asp	95.8	high confidence set
gi|6	6	9754010	9754080	Gly	GCC	0	0	66.5	44.80	21.70	Inf	Gly	94.4	high confidence set
gi|6	7	10768151	10768237	Tyr	GTA	10768188	10768201	74.4	42.90	31.50	Inf	Tyr	111.8	high confidence set
gi|6	12	20212055	20212128	Glu	TTC	0	0	64.1	37.70	26.40	Inf	Glu	91.0	high confidence set
gi|6	15	20886804	20886887	Tyr	GTA	0	0	53.8	32.50	21.30	Inf	Tyr	72.5	high confidence set
gi|6	17	21137528	21137609	Ser	CGA	0	0	78.9	46.60	32.30	Inf	Ser	122.0	high confidence set
gi|6	22	30767230	30767302	Ala	TGC	0	0	54.5	35.40	19.10	Inf	Ala	89.2	high confidence set
gi|6	23	31814062	31814135	Asn	GTT	0	0	84.5	59.40	25.10	Inf	Asn	95.9	high confidence set
gi|6	24	31903960	31904033	Asn	GTT	0	0	84.5	59.40	25.10	Inf	Asn	95.9	high confidence set
gi|6	29	40228780	40228852	Arg	ACG	0	0	72.5	49.90	22.60	Inf	Arg	93.8	high confidence set
gi|6	36	47716640	47716568	Arg	TCT	0	0	68.5	50.60	17.90	Inf	Arg	98.8	high confidence set
gi|6	37	47216701	47216630	Gln	TTG	0	0	73.5	53.70	19.80	Inf	Gln	104.8	high confidence set
gi|6	39	40344823	40344743	Leu	AAG	0	0	74.0	52.20	21.80	Inf	Leu	110.4	high confidence set
gi|6	41	38996457	38996385	Glu	CTC	0	0	78.9	53.10	25.80	Inf	Glu	99.2	high confidence set
gi|6	45	30812719	30812639	Leu	AAG	0	0	75.7	55.40	20.30	Inf	Leu	112.7	high confidence set
gi|6	49	29489205	29489134	Thr	TGT	0	0	84.3	58.00	26.30	Inf	Thr	93.3	high confidence set
gi|6	55	20885814	20885743	Thr	GGT	0	0	61.0	28.80	32.20	Inf	Thr	73.7	unexpected anticodon
gi|6	57	18469048	18468976	Ala	CGC	0	0	68.3	44.10	24.20	Inf	Ala	99.2	high confidence set
gi|6	61	10668156	10668083	Ile	AAT	0	0	81.8	58.30	23.50	Inf	Ile	106.8	high confidence set
gi|6	62	5135420	5135350	Gly	CCC	0	0	66.3	29.50	36.80	Inf	Gly	89.7	high confidence set
gi|7	2	5637399	5637472	Arg	TCG	0	0	72.7	53.40	19.30	Inf	Arg	81.5	high confidence set
gi|7	3	7344036	7344109	Glu	TTC	0	0	58.5	32.20	26.30	Inf	Glu	85.2	high confidence set
gi|7	5	8025110	8025181	Pro	TGG	0	0	68.5	35.70	32.80	Inf	Pro	111.2	high confidence set
gi|7	6	8025741	8025812	Pro	TGG	0	0	68.5	35.70	32.80	Inf	Pro	111.2	high confidence set
gi|7	7	8025892	8025963	Pro	AGG	0	0	67.4	34.70	32.70	Inf	Pro	112.3	high confidence set
gi|7	9	10946641	10946712	Gln	TTG	0	0	73.5	53.70	19.80	Inf	Gln	104.8	high confidence set
gi|7	12	19017235	19017307	Ala	TGC	0	0	66.6	41.40	25.20	Inf	Ala	98.8	high confidence set
gi|7	14	23342045	23342117	Arg	CCT	0	0	69.1	50.30	18.80	Inf	Arg	81.2	high confidence set
gi|7	16	27089629	27089701	Lys	TTT	0	0	89.7	65.30	24.40	Inf	Lys	92.7	high confidence set
gi|7	17	36813430	36813501	Gly	TCC	0	0	73.9	46.20	27.70	Inf	Gly	85.6	high confidence set
gi|7	19	29130468	29130397	Gly	TCC	0	0	73.9	46.20	27.70	Inf	Gly	85.6	high confidence set
gi|7	20	26051220	26051147	Thr	AGT	0	0	74.7	46.20	28.50	Inf	Thr	89.4	high confidence set
gi|7	24	15404151	15404059	Tyr	GTA	15404114	15404095	74.2	42.70	31.50	Inf	Tyr	111.8	high confidence set
gi|7	25	12706781	12706696	Met	CAT	12706743	12706732	64.2	40.80	23.40	Inf	Met	104.0	high confidence set
gi|7	27	11668885	11668812	Val	TAC	0	0	77.8	43.60	34.20	Inf	Val	101.9	high confidence set
gi|7	29	8019646	8019575	Pro	TGG	0	0	68.5	35.70	32.80	Inf	Pro	111.2	high confidence set
gi|7	30	8015124	8015053	Pro	TGG	0	0	68.5	35.70	32.80	Inf	Pro	111.2	high confidence set
gi|7	31	8014410	8014339	Pro	AGG	0	0	67.4	34.70	32.70	Inf	Pro	112.3	high confidence set
gi|7	32	8014272	8014201	Pro	CGG	0	0	68.4	35.70	32.70	Inf	Pro	111.1	high confidence set
gi|7	33	5156223	5156151	Lys	CTT	0	0	84.3	64.20	20.10	Inf	Lys	102.9	high confidence set
gi|8	1	2770164	2770236	Arg	CCT	0	0	69.1	50.30	18.80	Inf	Arg	81.2	high confidence set
gi|8	2	2985343	2985415	Arg	CCT	0	0	69.1	50.30	18.80	Inf	Arg	81.2	high confidence set
gi|8	4	5898356	5898428	Glu	CTC	0	0	80.0	54.10	25.90	Inf	Glu	99.8	high confidence set
gi|8	5	6855504	6855586	Leu	TAA	0	0	72.7	34.20	38.50	Inf	Leu	95.9	high confidence set
gi|8	7	14836839	14836911	Phe	GAA	0	0	78.3	58.40	19.90	Inf	Phe	113.2	high confidence set
gi|8	12	23357383	23357455	Glu	CTC	0	0	73.5	57.00	16.50	Inf	Glu	90.2	high confidence set
gi|8	13	24343749	24343831	Leu	TAA	0	0	73.8	34.40	39.40	Inf	Leu	96.2	high confidence set
gi|8	14	30454325	30454397	Phe	GAA	0	0	78.3	58.40	19.90	Inf	Phe	113.2	high confidence set
gi|8	26	23474620	23474547	Ile	TAT	0	0	85.9	70.60	15.30	Inf	Ile	103.9	high confidence set
gi|8	27	23095867	23095795	Glu	CTC	0	0	80.0	54.10	25.90	Inf	Glu	99.8	high confidence set
gi|8	36	5634919	5634847	Glu	CTC	0	0	80.0	54.10	25.90	Inf	Glu	99.8	high confidence set
gi|9	2	1588762	1588833	Pro	AGG	0	0	67.4	34.70	32.70	Inf	Pro	112.3	high confidence set
gi|9	4	6648640	6648711	iMet	CAT	0	0	58.3	28.10	30.20	Inf	iMet	118.7	high confidence set
gi|9	6	11729278	11729356	Arg	ACG	0	0	56.5	44.90	11.60	Inf	Ile	73.7	IPD:-23.30,isotype mismatch
gi|9	7	16891050	16891121	Asp	GTC	0	0	69.8	46.80	23.00	Inf	Asp	95.8	high confidence set
gi|9	14	20799352	20799433	Ser	GCT	0	0	80.5	45.20	35.30	Inf	Ser	109.5	high confidence set
gi|9	16	21261773	21261845	Ala	AGC	0	0	63.4	38.20	25.20	Inf	Ala	98.3	high confidence set
gi|9	20	31750096	31750024	Ala	TGC	0	0	69.1	43.30	25.80	Inf	Ala	101.9	high confidence set
gi|9	23	30048727	30048656	iMet	CAT	0	0	58.3	28.10	30.20	Inf	iMet	118.7	high confidence set
gi|9	26	21905825	21905754	His	GTG	0	0	63.0	33.70	29.30	Inf	His	86.8	high confidence set
gi|9	28	20799634	20799561	Ile	AAT	0	0	81.8	58.30	23.50	Inf	Ile	106.8	high confidence set
gi|9	29	20112917	20112845	Lys	CTT	0	0	86.8	66.60	20.20	Inf	Lys	107.7	high confidence set
gi|9	30	20029203	20029132	His	GTG	0	0	63.0	33.70	29.30	Inf	His	86.8	high confidence set
gi|9	34	11927236	11927165	Gly	TCC	0	0	73.9	46.20	27.70	Inf	Gly	85.6	high confidence set
gi|10	1	609387	609458	Gln	TTG	0	0	73.5	53.70	19.80	Inf	Gln	104.8	high confidence set
gi|10	3	2220457	2220530	Asn	GTT	0	0	84.5	59.40	25.10	Inf	Asn	95.9	high confidence set
gi|10	4	2364982	2365063	Ser	AGA	0	0	76.3	41.60	34.70	Inf	Ser	112.1	high confidence set
gi|10	5	2998557	2998636	Leu	TAG	0	0	69.5	48.50	21.00	Inf	Leu	111.5	high confidence set
gi|10	6	3299098	3299169	Gly	TCC	0	0	73.9	46.20	27.70	Inf	Gly	85.6	high confidence set
gi|10	8	3920997	3921078	Ser	TGA	0	0	78.3	44.40	33.90	Inf	Ser	115.8	high confidence set
gi|10	9	4641400	4641472	Ala	TGC	0	0	69.1	43.30	25.80	Inf	Ala	101.9	high confidence set
gi|10	10	5359866	5359936	Gly	GCC	0	0	66.5	44.80	21.70	Inf	Gly	94.4	high confidence set
gi|10	11	6249288	6249369	Ser	AGA	0	0	76.3	41.60	34.70	Inf	Ser	112.1	high confidence set
gi|10	12	6654524	6654595	Trp	CCA	0	0	75.8	51.20	24.60	Inf	Trp	105.6	high confidence set
gi|10	13	7357522	7357593	Asp	GTC	0	0	69.8	46.80	23.00	Inf	Asp	95.8	high confidence set
gi|10	14	7566243	7566316	Val	AAC	0	0	72.9	48.60	24.30	Inf	Val	93.8	high confidence set
gi|10	17	17576977	17577049	Arg	TCT	0	0	68.5	50.60	17.90	Inf	Arg	98.8	high confidence set
gi|10	18	18070139	18070210	Cys	GCA	0	0	82.1	59.90	22.20	Inf	Cys	105.1	high confidence set
gi|10	19	18288159	18288232	Arg	TCG	0	0	82.3	61.00	21.30	Inf	Arg	91.9	high confidence set
gi|10	21	19066471	19066543	Phe	GAA	0	0	78.3	58.40	19.90	Inf	Phe	113.2	high confidence set
gi|10	26	31118663	31118747	Met	CAT	31118701	31118711	66.2	40.30	25.90	Inf	Met	105.3	high confidence set
gi|10	27	28553123	28553038	Tyr	GTA	28553086	28553074	74.5	43.30	31.20	Inf	Tyr	111.8	high confidence set
gi|10	31	23087926	23087853	Val	CAC	0	0	82.4	54.40	28.00	Inf	Val	103.7	high confidence set
gi|10	33	10774503	10774422	Ser	TGA	0	0	80.0	45.30	34.70	Inf	Ser	119.3	high confidence set
gi|10	36	3448597	3448524	Val	AAC	0	0	71.9	47.60	24.30	Inf	Val	91.0	high confidence set
gi|10	38	2374663	2374590	Asn	GTT	0	0	84.5	59.40	25.10	Inf	Asn	95.9	high confidence set
gi|10	39	2222462	2222381	Ser	AGA	0	0	76.3	41.60	34.70	Inf	Ser	112.1	high confidence set
gi|11	1	1528663	1528735	Arg	TCT	0	0	68.5	50.60	17.90	Inf	Arg	98.8	high confidence set
gi|11	2	2212533	2212604	Cys	GCA	0	0	82.1	59.90	22.20	Inf	Cys	105.1	high confidence set
gi|11	3	2535193	2535266	Arg	TCG	0	0	82.3	61.00	21.30	Inf	Arg	91.9	high confidence set
gi|11	5	2822676	2822749	Val	AAC	0	0	72.9	48.60	24.30	Inf	Val	93.8	high confidence set
gi|11	6	3350148	3350220	Phe	GAA	0	0	78.3	58.40	19.90	Inf	Phe	113.2	high confidence set
gi|11	9	7979880	7979953	Thr	AGT	0	0	77.5	49.10	28.40	Inf	Thr	91.2	high confidence set
gi|11	12	10526404	10526477	Ile	AAT	0	0	81.8	58.30	23.50	Inf	Ile	106.8	high confidence set
gi|11	21	23192048	23192120	Lys	CTT	0	0	82.7	62.60	20.10	Inf	Lys	100.8	high confidence set
gi|11	26	19999078	19999005	Arg	TCG	0	0	82.3	61.00	21.30	Inf	Arg	91.9	high confidence set
gi|11	27	19860192	19860119	Arg	TCG	0	0	82.3	61.00	21.30	Inf	Arg	91.9	high confidence set
gi|11	30	10238473	10238400	Glu	TTC	0	0	64.1	37.70	26.40	Inf	Glu	91.0	high confidence set
gi|11	31	10032789	10032717	Arg	CCG	0	0	79.3	59.50	19.80	Inf	Arg	85.3	high confidence set
gi|11	34	6410551	6410478	Val	CAC	0	0	82.4	54.40	28.00	Inf	Val	103.7	high confidence set
gi|11	37	574280	574207	Val	TAC	0	0	78.0	44.10	33.90	Inf	Val	103.9	high confidence set
gi|11	38	327788	327717	Pro	CGG	0	0	68.5	36.10	32.40	Inf	Pro	108.5	high confidence set
gi|12	3	2990655	2990726	Trp	CCA	0	0	75.8	51.20	24.60	Inf	Trp	105.6	high confidence set
gi|12	4	3449941	3450022	Ser	AGA	0	0	76.3	41.60	34.70	Inf	Ser	112.1	high confidence set
gi|12	7	7659232	7659305	Val	AAC	0	0	72.9	48.60	24.30	Inf	Val	93.8	high confidence set
gi|12	8	8043596	8043667	Asp	GTC	0	0	69.8	46.80	23.00	Inf	Asp	95.8	high confidence set
gi|12	9	14954878	14954960	Leu	TAA	0	0	65.0	26.30	38.70	Inf	Leu	74.6	high confidence set
gi|12	10	15410615	15410696	Leu	TAA	0	0	61.9	23.30	38.60	Inf	Leu	80.8	high confidence set
gi|12	11	15695594	15695521	Ile	AAT	0	0	81.8	58.30	23.50	Inf	Ile	106.8	high confidence set
gi|12	17	6254582	6254498	Met	CAT	6254544	6254534	64.3	40.80	23.50	Inf	Met	104.0	high confidence set
gi|12	20	2633408	2633337	Gln	CTG	0	0	63.6	38.90	24.70	Inf	Gln	95.5	high confidence set
